
##########################
# Experiment information #
##########################
SIF_IMG: /project/rrg-glatard/mdugre/containers/ants-p2-vprec.sif
EXPERIMENT_NAME: vprec-space_search
CONFIG: 1111
VFC_BACKENDS: libinterflop_vprec.so --range-binary32=8 --precision-binary32=21 --range-binary64=8 --precision-binary64=21

FIXED_IMG: /templateflow/tpl-MNI152NLin2009cAsym/tpl-MNI152NLin2009cAsym_res-01_desc-brain_T1w.nii.gz
SUBJECT_ID: 0003006
INPUT_IMG: /project/rrg-glatard/mdugre/datasets/corr/RawDataBIDS/BMB_1/derivatives/antsBrainExtraction/sub-0003006/BrainExtractionBrain.nii.gz
OUTPUT_DIR: /project/rrg-glatard/mdugre/datasets/corr/RawDataBIDS/BMB_1/derivatives/vprec-space_search/1111/r8-p21/sub-0003006

ITK_GLOBAL_DEFAULT_NUMBER_OF_THREADS: 8
##########################

VFC_BACKENDS=libinterflop_vprec.so --range-binary32=8 --precision-binary32=21 --range-binary64=8 --precision-binary64=21
Info [verificarlo]: loaded backend libinterflop_vprec.so
Info [interflop-vprec]: load backend with: 
Info [interflop-vprec]: precision-binary32 = 21
Info [interflop-vprec]: range-binary32 = 8
Info [interflop-vprec]: precision-binary64 = 21
Info [interflop-vprec]: range-binary64 = 8
Info [interflop-vprec]: mode = ob
Info [interflop-vprec]: error-mode = rel
Info [interflop-vprec]: max-abs-error-exponent = -1022
Info [interflop-vprec]: daz = false
Info [interflop-vprec]: ftz = false
Info [interflop-vprec]: 	instrument = none
Info [interflop-vprec]: 	prec-input-file = (null)
Info [interflop-vprec]: 	prec-output-file = (null)
Info [interflop-vprec]: 	prec-log-file = (null)
All_Command_lines_OK
Using double precision for computations.
=============================================================================
The composite transform comprises the following transforms (in order): 
  1. Center of mass alignment using fixed image: /templateflow/tpl-MNI152NLin2009cAsym/tpl-MNI152NLin2009cAsym_res-01_desc-brain_T1w.nii.gz and moving image: /project/rrg-glatard/mdugre/datasets/corr/RawDataBIDS/BMB_1/derivatives/antsBrainExtraction/sub-0003006/BrainExtractionBrain.nii.gz (type = Euler3DTransform)
=============================================================================
  number of levels = 1
  fixed image: /templateflow/tpl-MNI152NLin2009cAsym/tpl-MNI152NLin2009cAsym_res-01_desc-brain_T1w.nii.gz
  moving image: /project/rrg-glatard/mdugre/datasets/corr/RawDataBIDS/BMB_1/derivatives/antsBrainExtraction/sub-0003006/BrainExtractionBrain.nii.gz
Dimension = 3
Number of stages = 1
Use histogram matching = false
Winsorize image intensities = true
  Lower quantile = 0.005
  Upper quantile = 0.995


Stage 1 State
   Image metric = MattesMI
     Fixed image = Image (0x38992f0)
  RTTI typeinfo:   itk::Image<double, 3u>
  Reference Count: 2
  Modified Time: 2330
  Debug: Off
  Object Name: 
  Observers: 
    none
  Source: (none)
  Source output name: (none)
  Release Data: Off
  Data Released: False
  Global Release Data: Off
  PipelineMTime: 0
  UpdateMTime: 1941
  RealTimeStamp: 0 seconds 
  LargestPossibleRegion: 
    Dimension: 3
    Index: [0, 0, 0]
    Size: [193, 229, 193]
  BufferedRegion: 
    Dimension: 3
    Index: [0, 0, 0]
    Size: [193, 229, 193]
  RequestedRegion: 
    Dimension: 3
    Index: [0, 0, 0]
    Size: [193, 229, 193]
  Spacing: [1, 1, 1]
  Origin: [96, 132, -78]
  Direction: 
-1 0 0
0 -1 0
0 0 1

  IndexToPointMatrix: 
-1 0 0
0 -1 0
0 0 1

  PointToIndexMatrix: 
-1 0 0
0 -1 0
0 0 1

  Inverse Direction: 
-1 0 0
0 -1 0
0 0 1

  PixelContainer: 
    ImportImageContainer (0x38a6340)
      RTTI typeinfo:   itk::ImportImageContainer<unsigned long, double>
      Reference Count: 1
      Modified Time: 1938
      Debug: Off
      Object Name: 
      Observers: 
        none
      Pointer: 0x1549b4340010
      Container manages memory: true
      Size: 8530021
      Capacity: 8530021

     Moving image = Image (0x389e2b0)
  RTTI typeinfo:   itk::Image<double, 3u>
  Reference Count: 2
  Modified Time: 2331
  Debug: Off
  Object Name: 
  Observers: 
    none
  Source: (none)
  Source output name: (none)
  Release Data: Off
  Data Released: False
  Global Release Data: Off
  PipelineMTime: 0
  UpdateMTime: 2328
  RealTimeStamp: 0 seconds 
  LargestPossibleRegion: 
    Dimension: 3
    Index: [0, 0, 0]
    Size: [176, 256, 256]
  BufferedRegion: 
    Dimension: 3
    Index: [0, 0, 0]
    Size: [176, 256, 256]
  RequestedRegion: 
    Dimension: 3
    Index: [0, 0, 0]
    Size: [176, 256, 256]
  Spacing: [1, 1, 1]
  Origin: [-93.9989, 109.297, -100.494]
  Direction: 
1 0 0
0 -1 0
0 0 1

  IndexToPointMatrix: 
1 0 0
0 -1 0
0 0 1

  PointToIndexMatrix: 
1 0 0
0 -1 0
0 0 1

  Inverse Direction: 
1 0 0
0 -1 0
0 0 1

  PixelContainer: 
    ImportImageContainer (0x38cb4d0)
      RTTI typeinfo:   itk::ImportImageContainer<unsigned long, double>
      Reference Count: 1
      Modified Time: 2325
      Debug: Off
      Object Name: 
      Observers: 
        none
      Pointer: 0x1549aeb3f010
      Container manages memory: true
      Size: 11534336
      Capacity: 11534336

     Weighting = 1
     Sampling strategy = regular
     Number of bins = 32
     Radius = 4
     Sampling percentage  = 0.25
   Transform = Rigid
     Gradient step = 0.1
     Update field sigma (voxel space) = 0
     Total field sigma (voxel space) = 0
     Update field time sigma = 0
     Total field time sigma  = 0
     Number of time indices = 0
     Number of time point samples = 0
Registration using 1 total stages.

Stage 0
  iterations = 0
  convergence threshold = 1e-06
  convergence window size = 10
  number of levels = 1
  using the Mattes MI metric (number of bins = 32, weight = 1, use gradient filter = 0)
  preprocessing:  winsorizing the image intensities
  Shrink factors (level 1 out of 1): [1, 1, 1]
  smoothing sigmas per level: [0]
  regular sampling (percentage = 0.25)

*** Running Euler3DTransform registration ***

  Elapsed time (stage 0): 0


Total elapsed time: 0
VFC_BACKENDS=libinterflop_vprec.so --range-binary32=8 --precision-binary32=21 --range-binary64=8 --precision-binary64=21
Info [verificarlo]: loaded backend libinterflop_vprec.so
Info [interflop-vprec]: load backend with: 
Info [interflop-vprec]: precision-binary32 = 21
Info [interflop-vprec]: range-binary32 = 8
Info [interflop-vprec]: precision-binary64 = 21
Info [interflop-vprec]: range-binary64 = 8
Info [interflop-vprec]: mode = ob
Info [interflop-vprec]: error-mode = rel
Info [interflop-vprec]: max-abs-error-exponent = -1022
Info [interflop-vprec]: daz = false
Info [interflop-vprec]: ftz = false
Info [interflop-vprec]: 	instrument = none
Info [interflop-vprec]: 	prec-input-file = (null)
Info [interflop-vprec]: 	prec-output-file = (null)
Info [interflop-vprec]: 	prec-log-file = (null)
All_Command_lines_OK
Using double precision for computations.
=============================================================================
The composite transform comprises the following transforms (in order): 
  1. /project/rrg-glatard/mdugre/datasets/corr/RawDataBIDS/BMB_1/derivatives/vprec-space_search/1111/r8-p21/sub-0003006/align_Composite.h5[0] (type = Euler3DTransform)
  2. /project/rrg-glatard/mdugre/datasets/corr/RawDataBIDS/BMB_1/derivatives/vprec-space_search/1111/r8-p21/sub-0003006/align_Composite.h5[1] (type = Euler3DTransform)
=============================================================================
  number of levels = 4
  fixed image: /templateflow/tpl-MNI152NLin2009cAsym/tpl-MNI152NLin2009cAsym_res-01_desc-brain_T1w.nii.gz
  moving image: /project/rrg-glatard/mdugre/datasets/corr/RawDataBIDS/BMB_1/derivatives/antsBrainExtraction/sub-0003006/BrainExtractionBrain.nii.gz
Dimension = 3
Number of stages = 1
Use histogram matching = false
Winsorize image intensities = true
  Lower quantile = 0.005
  Upper quantile = 0.995


Stage 1 State
   Image metric = MattesMI
     Fixed image = Image (0x4890300)
  RTTI typeinfo:   itk::Image<double, 3u>
  Reference Count: 2
  Modified Time: 1578
  Debug: Off
  Object Name: 
  Observers: 
    none
  Source: (none)
  Source output name: (none)
  Release Data: Off
  Data Released: False
  Global Release Data: Off
  PipelineMTime: 0
  UpdateMTime: 1189
  RealTimeStamp: 0 seconds 
  LargestPossibleRegion: 
    Dimension: 3
    Index: [0, 0, 0]
    Size: [193, 229, 193]
  BufferedRegion: 
    Dimension: 3
    Index: [0, 0, 0]
    Size: [193, 229, 193]
  RequestedRegion: 
    Dimension: 3
    Index: [0, 0, 0]
    Size: [193, 229, 193]
  Spacing: [1, 1, 1]
  Origin: [96, 132, -78]
  Direction: 
-1 0 0
0 -1 0
0 0 1

  IndexToPointMatrix: 
-1 0 0
0 -1 0
0 0 1

  PointToIndexMatrix: 
-1 0 0
0 -1 0
0 0 1

  Inverse Direction: 
-1 0 0
0 -1 0
0 0 1

  PixelContainer: 
    ImportImageContainer (0x4908c30)
      RTTI typeinfo:   itk::ImportImageContainer<unsigned long, double>
      Reference Count: 1
      Modified Time: 1186
      Debug: Off
      Object Name: 
      Observers: 
        none
      Pointer: 0x1553cb744010
      Container manages memory: true
      Size: 8530021
      Capacity: 8530021

     Moving image = Image (0x494b030)
  RTTI typeinfo:   itk::Image<double, 3u>
  Reference Count: 2
  Modified Time: 1579
  Debug: Off
  Object Name: 
  Observers: 
    none
  Source: (none)
  Source output name: (none)
  Release Data: Off
  Data Released: False
  Global Release Data: Off
  PipelineMTime: 0
  UpdateMTime: 1576
  RealTimeStamp: 0 seconds 
  LargestPossibleRegion: 
    Dimension: 3
    Index: [0, 0, 0]
    Size: [176, 256, 256]
  BufferedRegion: 
    Dimension: 3
    Index: [0, 0, 0]
    Size: [176, 256, 256]
  RequestedRegion: 
    Dimension: 3
    Index: [0, 0, 0]
    Size: [176, 256, 256]
  Spacing: [1, 1, 1]
  Origin: [-93.9989, 109.297, -100.494]
  Direction: 
1 0 0
0 -1 0
0 0 1

  IndexToPointMatrix: 
1 0 0
0 -1 0
0 0 1

  PointToIndexMatrix: 
1 0 0
0 -1 0
0 0 1

  Inverse Direction: 
1 0 0
0 -1 0
0 0 1

  PixelContainer: 
    ImportImageContainer (0x4900c10)
      RTTI typeinfo:   itk::ImportImageContainer<unsigned long, double>
      Reference Count: 1
      Modified Time: 1573
      Debug: Off
      Object Name: 
      Observers: 
        none
      Pointer: 0x1553c5f43010
      Container manages memory: true
      Size: 11534336
      Capacity: 11534336

     Weighting = 1
     Sampling strategy = regular
     Number of bins = 32
     Radius = 4
     Sampling percentage  = 0.25
   Transform = Rigid
     Gradient step = 0.1
     Update field sigma (voxel space) = 0
     Total field sigma (voxel space) = 0
     Update field time sigma = 0
     Total field time sigma  = 0
     Number of time indices = 0
     Number of time point samples = 0
Registration using 1 total stages.

Stage 0
  iterations = 1000x500x250x100
  convergence threshold = 1e-06
  convergence window size = 10
  number of levels = 4
  using the Mattes MI metric (number of bins = 32, weight = 1, use gradient filter = 0)
  preprocessing:  winsorizing the image intensities
  Shrink factors (level 1 out of 4): [8, 8, 8]
  Shrink factors (level 2 out of 4): [4, 4, 4]
  Shrink factors (level 3 out of 4): [2, 2, 2]
  Shrink factors (level 4 out of 4): [1, 1, 1]
  smoothing sigmas per level: [3, 2, 1, 0]
  regular sampling (percentage = 0.25)

*** Running Euler3DTransform registration ***

DIAGNOSTIC,Iteration,metricValue,convergenceValue,ITERATION_TIME_INDEX,SINCE_LAST
 2DIAGNOSTIC,     1, -5.122120242695e-01, 1.797693134862e+308, 0.0000e+00, 0.0000e+00, 
 2DIAGNOSTIC,     2, -5.140229633745e-01, 1.797693134862e+308, 0.0000e+00, 0.0000e+00, 
 2DIAGNOSTIC,     3, -5.173156739879e-01, 1.797693134862e+308, 0.0000e+00, 0.0000e+00, 
 2DIAGNOSTIC,     4, -5.193341823529e-01, 1.797693134862e+308, 0.0000e+00, 0.0000e+00, 
 2DIAGNOSTIC,     5, -5.194310764516e-01, 1.797693134862e+308, 0.0000e+00, 0.0000e+00, 
 2DIAGNOSTIC,     6, -5.194118123980e-01, 1.797693134862e+308, 0.0000e+00, 0.0000e+00, 
 2DIAGNOSTIC,     7, -5.193585963411e-01, 1.797693134862e+308, 0.0000e+00, 0.0000e+00, 
 2DIAGNOSTIC,     8, -5.193144476938e-01, 1.797693134862e+308, 0.0000e+00, 0.0000e+00, 
 2DIAGNOSTIC,     9, -5.192750810746e-01, 1.797693134862e+308, 0.0000e+00, 0.0000e+00, 
 2DIAGNOSTIC,    10, -5.193192562436e-01, 7.224702901649e-04, 0.0000e+00, 0.0000e+00, 
 2DIAGNOSTIC,    11, -5.193750790091e-01, 3.519092284905e-04, 0.0000e+00, 0.0000e+00, 
 2DIAGNOSTIC,    12, -5.194250472875e-01, 9.387087789625e-05, 0.0000e+00, 0.0000e+00, 
DIAGNOSTIC,Iteration,metricValue,convergenceValue,ITERATION_TIME_INDEX,SINCE_LAST
 2DIAGNOSTIC,     1, -4.137070317636e-01, 1.797693134862e+308, 0.0000e+00, 0.0000e+00, 
 2DIAGNOSTIC,     2, -4.141175517146e-01, 1.797693134862e+308, 0.0000e+00, 0.0000e+00, 
 2DIAGNOSTIC,     3, -4.146762726572e-01, 1.797693134862e+308, 0.0000e+00, 0.0000e+00, 
 2DIAGNOSTIC,     4, -4.148576425061e-01, 1.797693134862e+308, 0.0000e+00, 0.0000e+00, 
 2DIAGNOSTIC,     5, -4.148615321826e-01, 1.797693134862e+308, 0.0000e+00, 0.0000e+00, 
 2DIAGNOSTIC,     6, -4.148614043745e-01, 1.797693134862e+308, 0.0000e+00, 0.0000e+00, 
 2DIAGNOSTIC,     7, -4.148613098077e-01, 1.797693134862e+308, 0.0000e+00, 0.0000e+00, 
 2DIAGNOSTIC,     8, -4.148611911354e-01, 1.797693134862e+308, 0.0000e+00, 0.0000e+00, 
 2DIAGNOSTIC,     9, -4.148611931615e-01, 1.797693134862e+308, 0.0000e+00, 0.0000e+00, 
 2DIAGNOSTIC,    10, -4.148610937761e-01, 1.358284430108e-04, 0.0000e+00, 0.0000e+00, 
 2DIAGNOSTIC,    11, -4.148611507558e-01, 5.943247329195e-05, 0.0000e+00, 0.0000e+00, 
 2DIAGNOSTIC,    12, -4.148610408603e-01, 1.335870137624e-05, 0.0000e+00, 0.0000e+00, 
 2DIAGNOSTIC,    13, -4.148611265443e-01, 2.597300240409e-06, 0.0000e+00, 0.0000e+00, 
 2DIAGNOSTIC,    14, -4.148611767322e-01, 2.235557292563e-06, 0.0000e+00, 0.0000e+00, 
 2DIAGNOSTIC,    15, -4.148611670195e-01, 2.102994292805e-06, 0.0000e+00, 0.0000e+00, 
 2DIAGNOSTIC,    16, -4.148610936898e-01, 1.980468429197e-06, 0.0000e+00, 0.0000e+00, 
 2DIAGNOSTIC,    17, -4.148611809372e-01, 1.873297110822e-06, 0.0000e+00, 0.0000e+00, 
 2DIAGNOSTIC,    18, -4.148610565833e-01, 1.768663752524e-06, 0.0000e+00, 0.0000e+00, 
 2DIAGNOSTIC,    19, -4.148611209562e-01, 1.677704757237e-06, 0.0000e+00, 0.0000e+00, 
 2DIAGNOSTIC,    20, -4.148611111423e-01, 1.591903643315e-06, 0.0000e+00, 0.0000e+00, 
 2DIAGNOSTIC,    21, -4.148611420703e-01, 1.517399215938e-06, 0.0000e+00, 0.0000e+00, 
 2DIAGNOSTIC,    22, -4.148611311226e-01, 1.445786841289e-06, 0.0000e+00, 0.0000e+00, 
 2DIAGNOSTIC,    23, -4.148610794371e-01, 1.381607163189e-06, 0.0000e+00, 0.0000e+00, 
 2DIAGNOSTIC,    24, -4.148611317259e-01, 1.326087830746e-06, 0.0000e+00, 0.0000e+00, 
 2DIAGNOSTIC,    25, -4.148610695691e-01, 1.273123031977e-06, 0.0000e+00, 0.0000e+00, 
 2DIAGNOSTIC,    26, -4.148611118217e-01, 1.223472132050e-06, 0.0000e+00, 0.0000e+00, 
 2DIAGNOSTIC,    27, -4.148610223506e-01, 1.177694082477e-06, 0.0000e+00, 0.0000e+00, 
 2DIAGNOSTIC,    28, -4.148611046367e-01, 1.134391903010e-06, 0.0000e+00, 0.0000e+00, 
 2DIAGNOSTIC,    29, -4.148610876759e-01, 1.095445069793e-06, 0.0000e+00, 0.0000e+00, 
 2DIAGNOSTIC,    30, -4.148609553862e-01, 1.056108691888e-06, 0.0000e+00, 0.0000e+00, 
 2DIAGNOSTIC,    31, -4.148609467562e-01, 1.020463664493e-06, 0.0000e+00, 0.0000e+00, 
DIAGNOSTIC,Iteration,metricValue,convergenceValue,ITERATION_TIME_INDEX,SINCE_LAST
 2DIAGNOSTIC,     1, -3.645091603677e-01, 1.797693134862e+308, 0.0000e+00, 0.0000e+00, 
 2DIAGNOSTIC,     2, -3.646555760848e-01, 1.797693134862e+308, 0.0000e+00, 0.0000e+00, 
 2DIAGNOSTIC,     3, -3.647920145362e-01, 1.797693134862e+308, 0.0000e+00, 0.0000e+00, 
 2DIAGNOSTIC,     4, -3.648508635441e-01, 1.797693134862e+308, 0.0000e+00, 0.0000e+00, 
 2DIAGNOSTIC,     5, -3.648882254460e-01, 1.797693134862e+308, 0.0000e+00, 0.0000e+00, 
 2DIAGNOSTIC,     6, -3.649959362106e-01, 1.797693134862e+308, 0.0000e+00, 0.0000e+00, 
 2DIAGNOSTIC,     7, -3.650729096859e-01, 1.797693134862e+308, 0.0000e+00, 0.0000e+00, 
 2DIAGNOSTIC,     8, -3.650781856744e-01, 1.797693134862e+308, 0.0000e+00, 0.0000e+00, 
 2DIAGNOSTIC,     9, -3.651199497691e-01, 1.797693134862e+308, 0.0000e+00, 0.0000e+00, 
 2DIAGNOSTIC,    10, -3.651724912249e-01, 1.115518746665e-04, 0.0000e+00, 0.0000e+00, 
 2DIAGNOSTIC,    11, -3.651928259254e-01, 8.501995710235e-05, 0.0000e+00, 0.0000e+00, 
 2DIAGNOSTIC,    12, -3.652016979948e-01, 6.539445729600e-05, 0.0000e+00, 0.0000e+00, 
 2DIAGNOSTIC,    13, -3.652188198997e-01, 5.237351596467e-05, 0.0000e+00, 0.0000e+00, 
 2DIAGNOSTIC,    14, -3.652214063459e-01, 4.012497505891e-05, 0.0000e+00, 0.0000e+00, 
 2DIAGNOSTIC,    15, -3.652389521971e-01, 2.875388409687e-05, 0.0000e+00, 0.0000e+00, 
 2DIAGNOSTIC,    16, -3.652703428090e-01, 2.302352885226e-05, 0.0000e+00, 0.0000e+00, 
 2DIAGNOSTIC,    17, -3.652774714116e-01, 1.989585067579e-05, 0.0000e+00, 0.0000e+00, 
 2DIAGNOSTIC,    18, -3.652803381289e-01, 1.579880847534e-05, 0.0000e+00, 0.0000e+00, 
 2DIAGNOSTIC,    19, -3.652851361369e-01, 1.270941026767e-05, 0.0000e+00, 0.0000e+00, 
 2DIAGNOSTIC,    20, -3.652938786655e-01, 1.126577181812e-05, 0.0000e+00, 0.0000e+00, 
 2DIAGNOSTIC,    21, -3.653201304544e-01, 1.075686785659e-05, 0.0000e+00, 0.0000e+00, 
 2DIAGNOSTIC,    22, -3.653361380482e-01, 1.027687093035e-05, 0.0000e+00, 0.0000e+00, 
 2DIAGNOSTIC,    23, -3.653412251298e-01, 9.783150320547e-06, 0.0000e+00, 0.0000e+00, 
 2DIAGNOSTIC,    24, -3.653413881870e-01, 8.643705293701e-06, 0.0000e+00, 0.0000e+00, 
 2DIAGNOSTIC,    25, -3.653405614497e-01, 7.406814840807e-06, 0.0000e+00, 0.0000e+00, 
 2DIAGNOSTIC,    26, -3.653398576481e-01, 6.591525664727e-06, 0.0000e+00, 0.0000e+00, 
 2DIAGNOSTIC,    27, -3.653398013001e-01, 5.527720903259e-06, 0.0000e+00, 0.0000e+00, 
 2DIAGNOSTIC,    28, -3.653398753717e-01, 4.218000939735e-06, 0.0000e+00, 0.0000e+00, 
 2DIAGNOSTIC,    29, -3.653392606679e-01, 2.827942437347e-06, 0.0000e+00, 0.0000e+00, 
 2DIAGNOSTIC,    30, -3.653392688452e-01, 1.582624187944e-06, 0.0000e+00, 0.0000e+00, 
 2DIAGNOSTIC,    31, -3.653392125352e-01, 1.016389399283e-06, 0.0000e+00, 0.0000e+00, 
DIAGNOSTIC,Iteration,metricValue,convergenceValue,ITERATION_TIME_INDEX,SINCE_LAST
 2DIAGNOSTIC,     1, -3.371215886749e-01, 1.797693134862e+308, 0.0000e+00, 0.0000e+00, 
 2DIAGNOSTIC,     2, -3.372131303335e-01, 1.797693134862e+308, 0.0000e+00, 0.0000e+00, 
 2DIAGNOSTIC,     3, -3.372894292699e-01, 1.797693134862e+308, 0.0000e+00, 0.0000e+00, 
 2DIAGNOSTIC,     4, -3.373376542025e-01, 1.797693134862e+308, 0.0000e+00, 0.0000e+00, 
 2DIAGNOSTIC,     5, -3.374069011362e-01, 1.797693134862e+308, 5.1200e+02, 5.1200e+02, 
 2DIAGNOSTIC,     6, -3.374072002668e-01, 1.797693134862e+308, 5.1200e+02, 0.0000e+00, 
 2DIAGNOSTIC,     7, -3.374073104786e-01, 1.797693134862e+308, 5.1200e+02, 0.0000e+00, 
 2DIAGNOSTIC,     8, -3.374071081404e-01, 1.797693134862e+308, 5.1200e+02, 0.0000e+00, 
 2DIAGNOSTIC,     9, -3.374070621980e-01, 1.797693134862e+308, 5.1200e+02, 0.0000e+00, 
 2DIAGNOSTIC,    10, -3.374070217851e-01, 5.121130079534e-05, 5.1200e+02, 0.0000e+00, 
 2DIAGNOSTIC,    11, -3.374069946029e-01, 2.935333884466e-05, 5.1200e+02, 0.0000e+00, 
 2DIAGNOSTIC,    12, -3.374069009427e-01, 1.515326319217e-05, 5.1200e+02, 0.0000e+00, 
 2DIAGNOSTIC,    13, -3.374068910204e-01, 6.918663724320e-06, 5.1200e+02, 0.0000e+00, 
 2DIAGNOSTIC,    14, -3.374068599416e-01, 2.235681612270e-06, 5.1200e+02, 0.0000e+00, 
 2DIAGNOSTIC,    15, -3.374068575589e-01, 2.069212564459e-06, 5.1200e+02, 0.0000e+00, 
 2DIAGNOSTIC,    16, -3.374068775986e-01, 1.945039408091e-06, 5.1200e+02, 0.0000e+00, 
 2DIAGNOSTIC,    17, -3.374068816964e-01, 1.845617500697e-06, 5.1200e+02, 0.0000e+00, 
 2DIAGNOSTIC,    18, -3.374068861062e-01, 1.750630220558e-06, 5.1200e+02, 0.0000e+00, 
 2DIAGNOSTIC,    19, -3.374068860243e-01, 1.665368366877e-06, 5.1200e+02, 0.0000e+00, 
 2DIAGNOSTIC,    20, -3.374068880267e-01, 1.588035616479e-06, 5.1200e+02, 0.0000e+00, 
 2DIAGNOSTIC,    21, -3.374068785666e-01, 1.517098081029e-06, 5.1200e+02, 0.0000e+00, 
 2DIAGNOSTIC,    22, -3.374068786695e-01, 1.449000217153e-06, 5.1200e+02, 0.0000e+00, 
 2DIAGNOSTIC,    23, -3.374068785504e-01, 1.386386437742e-06, 5.1200e+02, 0.0000e+00, 
 2DIAGNOSTIC,    24, -3.374068784530e-01, 1.327764155214e-06, 5.1200e+02, 0.0000e+00, 
 2DIAGNOSTIC,    25, -3.374068786932e-01, 1.273690632832e-06, 5.1200e+02, 0.0000e+00, 
 2DIAGNOSTIC,    26, -3.374068786932e-01, 1.224466834059e-06, 5.1200e+02, 0.0000e+00, 
 2DIAGNOSTIC,    27, -3.374068786932e-01, 1.179074109840e-06, 5.1200e+02, 0.0000e+00, 
 2DIAGNOSTIC,    28, -3.374068786932e-01, 1.137113121913e-06, 5.1200e+02, 0.0000e+00, 
 2DIAGNOSTIC,    29, -3.374068786932e-01, 1.098082669425e-06, 5.1200e+02, 0.0000e+00, 
 2DIAGNOSTIC,    30, -3.374068786932e-01, 1.061743134738e-06, 5.1200e+02, 0.0000e+00, 
 2DIAGNOSTIC,    31, -3.374068786932e-01, 1.027490024993e-06, 5.1200e+02, 0.0000e+00, 
  Elapsed time (stage 0): 5.1200e+02


Total elapsed time: 5.1200e+02
VFC_BACKENDS=libinterflop_vprec.so --range-binary32=8 --precision-binary32=21 --range-binary64=8 --precision-binary64=21
Info [verificarlo]: loaded backend libinterflop_vprec.so
Info [interflop-vprec]: load backend with: 
Info [interflop-vprec]: precision-binary32 = 21
Info [interflop-vprec]: range-binary32 = 8
Info [interflop-vprec]: precision-binary64 = 21
Info [interflop-vprec]: range-binary64 = 8
Info [interflop-vprec]: mode = ob
Info [interflop-vprec]: error-mode = rel
Info [interflop-vprec]: max-abs-error-exponent = -1022
Info [interflop-vprec]: daz = false
Info [interflop-vprec]: ftz = false
Info [interflop-vprec]: 	instrument = none
Info [interflop-vprec]: 	prec-input-file = (null)
Info [interflop-vprec]: 	prec-output-file = (null)
Info [interflop-vprec]: 	prec-log-file = (null)
All_Command_lines_OK
Using double precision for computations.
=============================================================================
The composite transform comprises the following transforms (in order): 
  1. /project/rrg-glatard/mdugre/datasets/corr/RawDataBIDS/BMB_1/derivatives/vprec-space_search/1111/r8-p21/sub-0003006/rigid_Composite.h5[0] (type = Euler3DTransform)
  2. /project/rrg-glatard/mdugre/datasets/corr/RawDataBIDS/BMB_1/derivatives/vprec-space_search/1111/r8-p21/sub-0003006/rigid_Composite.h5[1] (type = Euler3DTransform)
  3. /project/rrg-glatard/mdugre/datasets/corr/RawDataBIDS/BMB_1/derivatives/vprec-space_search/1111/r8-p21/sub-0003006/rigid_Composite.h5[2] (type = Euler3DTransform)
=============================================================================
  number of levels = 4
  fixed image: /templateflow/tpl-MNI152NLin2009cAsym/tpl-MNI152NLin2009cAsym_res-01_desc-brain_T1w.nii.gz
  moving image: /project/rrg-glatard/mdugre/datasets/corr/RawDataBIDS/BMB_1/derivatives/antsBrainExtraction/sub-0003006/BrainExtractionBrain.nii.gz
Dimension = 3
Number of stages = 1
Use histogram matching = false
Winsorize image intensities = true
  Lower quantile = 0.005
  Upper quantile = 0.995


Stage 1 State
   Image metric = MattesMI
     Fixed image = Image (0x3f2b300)
  RTTI typeinfo:   itk::Image<double, 3u>
  Reference Count: 2
  Modified Time: 1592
  Debug: Off
  Object Name: 
  Observers: 
    none
  Source: (none)
  Source output name: (none)
  Release Data: Off
  Data Released: False
  Global Release Data: Off
  PipelineMTime: 0
  UpdateMTime: 1203
  RealTimeStamp: 0 seconds 
  LargestPossibleRegion: 
    Dimension: 3
    Index: [0, 0, 0]
    Size: [193, 229, 193]
  BufferedRegion: 
    Dimension: 3
    Index: [0, 0, 0]
    Size: [193, 229, 193]
  RequestedRegion: 
    Dimension: 3
    Index: [0, 0, 0]
    Size: [193, 229, 193]
  Spacing: [1, 1, 1]
  Origin: [96, 132, -78]
  Direction: 
-1 0 0
0 -1 0
0 0 1

  IndexToPointMatrix: 
-1 0 0
0 -1 0
0 0 1

  PointToIndexMatrix: 
-1 0 0
0 -1 0
0 0 1

  Inverse Direction: 
-1 0 0
0 -1 0
0 0 1

  PixelContainer: 
    ImportImageContainer (0x3fa3c30)
      RTTI typeinfo:   itk::ImportImageContainer<unsigned long, double>
      Reference Count: 1
      Modified Time: 1200
      Debug: Off
      Object Name: 
      Observers: 
        none
      Pointer: 0x151abad8f010
      Container manages memory: true
      Size: 8530021
      Capacity: 8530021

     Moving image = Image (0x3fe6030)
  RTTI typeinfo:   itk::Image<double, 3u>
  Reference Count: 2
  Modified Time: 1593
  Debug: Off
  Object Name: 
  Observers: 
    none
  Source: (none)
  Source output name: (none)
  Release Data: Off
  Data Released: False
  Global Release Data: Off
  PipelineMTime: 0
  UpdateMTime: 1590
  RealTimeStamp: 0 seconds 
  LargestPossibleRegion: 
    Dimension: 3
    Index: [0, 0, 0]
    Size: [176, 256, 256]
  BufferedRegion: 
    Dimension: 3
    Index: [0, 0, 0]
    Size: [176, 256, 256]
  RequestedRegion: 
    Dimension: 3
    Index: [0, 0, 0]
    Size: [176, 256, 256]
  Spacing: [1, 1, 1]
  Origin: [-93.9989, 109.297, -100.494]
  Direction: 
1 0 0
0 -1 0
0 0 1

  IndexToPointMatrix: 
1 0 0
0 -1 0
0 0 1

  PointToIndexMatrix: 
1 0 0
0 -1 0
0 0 1

  Inverse Direction: 
1 0 0
0 -1 0
0 0 1

  PixelContainer: 
    ImportImageContainer (0x3f9bc10)
      RTTI typeinfo:   itk::ImportImageContainer<unsigned long, double>
      Reference Count: 1
      Modified Time: 1587
      Debug: Off
      Object Name: 
      Observers: 
        none
      Pointer: 0x151ab558e010
      Container manages memory: true
      Size: 11534336
      Capacity: 11534336

     Weighting = 1
     Sampling strategy = regular
     Number of bins = 32
     Radius = 4
     Sampling percentage  = 0.25
   Transform = Affine
     Gradient step = 0.1
     Update field sigma (voxel space) = 0
     Total field sigma (voxel space) = 0
     Update field time sigma = 0
     Total field time sigma  = 0
     Number of time indices = 0
     Number of time point samples = 0
Registration using 1 total stages.

Stage 0
  iterations = 1000x500x250x100
  convergence threshold = 1e-06
  convergence window size = 10
  number of levels = 4
  using the Mattes MI metric (number of bins = 32, weight = 1, use gradient filter = 0)
  preprocessing:  winsorizing the image intensities
  Shrink factors (level 1 out of 4): [8, 8, 8]
  Shrink factors (level 2 out of 4): [4, 4, 4]
  Shrink factors (level 3 out of 4): [2, 2, 2]
  Shrink factors (level 4 out of 4): [1, 1, 1]
  smoothing sigmas per level: [3, 2, 1, 0]
  regular sampling (percentage = 0.25)

*** Running AffineTransform registration ***

DIAGNOSTIC,Iteration,metricValue,convergenceValue,ITERATION_TIME_INDEX,SINCE_LAST
 2DIAGNOSTIC,     1, -5.102839245175e-01, 1.797693134862e+308, 0.0000e+00, 0.0000e+00, 
 2DIAGNOSTIC,     2, -5.116272340530e-01, 1.797693134862e+308, 0.0000e+00, 0.0000e+00, 
 2DIAGNOSTIC,     3, -5.137104079881e-01, 1.797693134862e+308, 0.0000e+00, 0.0000e+00, 
 2DIAGNOSTIC,     4, -5.170467285938e-01, 1.797693134862e+308, 0.0000e+00, 0.0000e+00, 
 2DIAGNOSTIC,     5, -5.228971973525e-01, 1.797693134862e+308, 0.0000e+00, 0.0000e+00, 
 2DIAGNOSTIC,     6, -5.329384337300e-01, 1.797693134862e+308, 0.0000e+00, 0.0000e+00, 
 2DIAGNOSTIC,     7, -5.617533177101e-01, 1.797693134862e+308, 0.0000e+00, 0.0000e+00, 
 2DIAGNOSTIC,     8, -6.209344170963e-01, 1.797693134862e+308, 0.0000e+00, 0.0000e+00, 
 2DIAGNOSTIC,     9, -7.766557484868e-01, 1.797693134862e+308, 0.0000e+00, 0.0000e+00, 
 2DIAGNOSTIC,    10, -8.069083303556e-01, 3.028573463052e-02, 0.0000e+00, 0.0000e+00, 
 2DIAGNOSTIC,    11, -8.209579318888e-01, 3.388742386260e-02, 0.0000e+00, 0.0000e+00, 
 2DIAGNOSTIC,    12, -8.274404106160e-01, 3.408569608398e-02, 0.0000e+00, 0.0000e+00, 
 2DIAGNOSTIC,    13, -8.468817100391e-01, 3.186293777832e-02, 0.0000e+00, 0.0000e+00, 
 2DIAGNOSTIC,    14, -8.510777548533e-01, 2.735245135250e-02, 0.0000e+00, 0.0000e+00, 
 2DIAGNOSTIC,    15, -8.533226159005e-01, 2.138142756328e-02, 0.0000e+00, 0.0000e+00, 
 2DIAGNOSTIC,    16, -8.546229264112e-01, 1.476952638632e-02, 0.0000e+00, 0.0000e+00, 
 2DIAGNOSTIC,    17, -8.557785725623e-01, 8.511013429108e-03, 0.0000e+00, 0.0000e+00, 
 2DIAGNOSTIC,    18, -8.565946351142e-01, 3.577810138940e-03, 0.0000e+00, 0.0000e+00, 
 2DIAGNOSTIC,    19, -8.567069297768e-01, 2.208911957232e-03, 0.0000e+00, 0.0000e+00, 
 2DIAGNOSTIC,    20, -8.569050343649e-01, 1.402487190154e-03, 0.0000e+00, 0.0000e+00, 
 2DIAGNOSTIC,    21, -8.569420337343e-01, 8.225218010506e-04, 0.0000e+00, 0.0000e+00, 
 2DIAGNOSTIC,    22, -8.570125541579e-01, 3.355679704065e-04, 0.0000e+00, 0.0000e+00, 
 2DIAGNOSTIC,    23, -8.571378808524e-01, 1.939769651892e-04, 0.0000e+00, 0.0000e+00, 
 2DIAGNOSTIC,    24, -8.571939872738e-01, 1.154804524544e-04, 0.0000e+00, 0.0000e+00, 
 2DIAGNOSTIC,    25, -8.572479060212e-01, 6.842273379058e-05, 0.0000e+00, 0.0000e+00, 
 2DIAGNOSTIC,    26, -8.572561315265e-01, 3.799556681965e-05, 0.0000e+00, 0.0000e+00, 
 2DIAGNOSTIC,    27, -8.572821053171e-01, 2.293157055570e-05, 0.0000e+00, 0.0000e+00, 
 2DIAGNOSTIC,    28, -8.573023523890e-01, 1.822917247687e-05, 0.0000e+00, 0.0000e+00, 
 2DIAGNOSTIC,    29, -8.573200565784e-01, 1.389819605458e-05, 0.0000e+00, 0.0000e+00, 
 2DIAGNOSTIC,    30, -8.573400847070e-01, 1.141345817066e-05, 0.0000e+00, 0.0000e+00, 
 2DIAGNOSTIC,    31, -8.573883050365e-01, 9.161486511831e-06, 0.0000e+00, 0.0000e+00, 
 2DIAGNOSTIC,    32, -8.574489482083e-01, 7.782817164424e-06, 0.0000e+00, 0.0000e+00, 
 2DIAGNOSTIC,    33, -8.574503618750e-01, 7.254511777695e-06, 0.0000e+00, 0.0000e+00, 
 2DIAGNOSTIC,    34, -8.574527432189e-01, 6.806117653059e-06, 0.0000e+00, 0.0000e+00, 
 2DIAGNOSTIC,    35, -8.574559869340e-01, 6.444265210487e-06, 0.0000e+00, 0.0000e+00, 
 2DIAGNOSTIC,    36, -8.574604455511e-01, 5.703130588383e-06, 0.0000e+00, 0.0000e+00, 
 2DIAGNOSTIC,    37, -8.574618793227e-01, 4.813445988135e-06, 0.0000e+00, 0.0000e+00, 
 2DIAGNOSTIC,    38, -8.574620811425e-01, 3.805605385657e-06, 0.0000e+00, 0.0000e+00, 
 2DIAGNOSTIC,    39, -8.574646754547e-01, 2.777251792135e-06, 0.0000e+00, 0.0000e+00, 
 2DIAGNOSTIC,    40, -8.574660625129e-01, 1.811793251098e-06, 0.0000e+00, 0.0000e+00, 
 2DIAGNOSTIC,    41, -8.574658721386e-01, 1.213732789024e-06, 0.0000e+00, 0.0000e+00, 
 2DIAGNOSTIC,    42, -8.574663168979e-01, 1.134547481095e-06, 0.0000e+00, 0.0000e+00, 
 2DIAGNOSTIC,    43, -8.574663256869e-01, 1.041699123062e-06, 0.0000e+00, 0.0000e+00, 
DIAGNOSTIC,Iteration,metricValue,convergenceValue,ITERATION_TIME_INDEX,SINCE_LAST
 2DIAGNOSTIC,     1, -7.217730196802e-01, 1.797693134862e+308, 0.0000e+00, 0.0000e+00, 
 2DIAGNOSTIC,     2, -7.229184339321e-01, 1.797693134862e+308, 0.0000e+00, 0.0000e+00, 
 2DIAGNOSTIC,     3, -7.237890143315e-01, 1.797693134862e+308, 0.0000e+00, 0.0000e+00, 
 2DIAGNOSTIC,     4, -7.243594939449e-01, 1.797693134862e+308, 0.0000e+00, 0.0000e+00, 
 2DIAGNOSTIC,     5, -7.250201958533e-01, 1.797693134862e+308, 0.0000e+00, 0.0000e+00, 
 2DIAGNOSTIC,     6, -7.256452294079e-01, 1.797693134862e+308, 0.0000e+00, 0.0000e+00, 
 2DIAGNOSTIC,     7, -7.259916845066e-01, 1.797693134862e+308, 0.0000e+00, 0.0000e+00, 
 2DIAGNOSTIC,     8, -7.261043347954e-01, 1.797693134862e+308, 0.0000e+00, 0.0000e+00, 
 2DIAGNOSTIC,     9, -7.261696801452e-01, 1.797693134862e+308, 0.0000e+00, 0.0000e+00, 
 2DIAGNOSTIC,    10, -7.262409576922e-01, 3.874294866405e-04, 0.0000e+00, 0.0000e+00, 
 2DIAGNOSTIC,    11, -7.262749651901e-01, 2.642479548085e-04, 0.0000e+00, 0.0000e+00, 
 2DIAGNOSTIC,    12, -7.263042326198e-01, 1.760835403078e-04, 0.0000e+00, 0.0000e+00, 
 2DIAGNOSTIC,    13, -7.263805102274e-01, 1.143660620532e-04, 0.0000e+00, 0.0000e+00, 
 2DIAGNOSTIC,    14, -7.264538515925e-01, 6.908960820877e-05, 0.0000e+00, 0.0000e+00, 
 2DIAGNOSTIC,    15, -7.264636301152e-01, 4.090460655598e-05, 0.0000e+00, 0.0000e+00, 
 2DIAGNOSTIC,    16, -7.264758558893e-01, 2.813504344382e-05, 0.0000e+00, 0.0000e+00, 
 2DIAGNOSTIC,    17, -7.264841809410e-01, 2.261111290537e-05, 0.0000e+00, 0.0000e+00, 
 2DIAGNOSTIC,    18, -7.264846556730e-01, 1.820341766386e-05, 0.0000e+00, 0.0000e+00, 
 2DIAGNOSTIC,    19, -7.264867907098e-01, 1.407876658562e-05, 0.0000e+00, 0.0000e+00, 
 2DIAGNOSTIC,    20, -7.264894717803e-01, 1.066747848465e-05, 0.0000e+00, 0.0000e+00, 
 2DIAGNOSTIC,    21, -7.264918147664e-01, 7.432110450574e-06, 0.0000e+00, 0.0000e+00, 
 2DIAGNOSTIC,    22, -7.264930158344e-01, 4.457742721654e-06, 0.0000e+00, 0.0000e+00, 
 2DIAGNOSTIC,    23, -7.264941796569e-01, 2.748837254277e-06, 0.0000e+00, 0.0000e+00, 
 2DIAGNOSTIC,    24, -7.264963675590e-01, 2.286733214306e-06, 0.0000e+00, 0.0000e+00, 
 2DIAGNOSTIC,    25, -7.264988426066e-01, 1.958355782060e-06, 0.0000e+00, 0.0000e+00, 
 2DIAGNOSTIC,    26, -7.264989951036e-01, 1.773253280692e-06, 0.0000e+00, 0.0000e+00, 
 2DIAGNOSTIC,    27, -7.264993090147e-01, 1.676837250351e-06, 0.0000e+00, 0.0000e+00, 
 2DIAGNOSTIC,    28, -7.264997482884e-01, 1.553440618238e-06, 0.0000e+00, 0.0000e+00, 
 2DIAGNOSTIC,    29, -7.265002753132e-01, 1.434153508569e-06, 0.0000e+00, 0.0000e+00, 
 2DIAGNOSTIC,    30, -7.265009021456e-01, 1.333164074351e-06, 0.0000e+00, 0.0000e+00, 
 2DIAGNOSTIC,    31, -7.265014998910e-01, 1.250189056522e-06, 0.0000e+00, 0.0000e+00, 
 2DIAGNOSTIC,    32, -7.265027580699e-01, 1.181763075141e-06, 0.0000e+00, 0.0000e+00, 
 2DIAGNOSTIC,    33, -7.265027709144e-01, 1.113127268235e-06, 0.0000e+00, 0.0000e+00, 
 2DIAGNOSTIC,    34, -7.265028619122e-01, 1.060187748047e-06, 0.0000e+00, 0.0000e+00, 
 2DIAGNOSTIC,    35, -7.265032581594e-01, 1.030837278881e-06, 0.0000e+00, 0.0000e+00, 
DIAGNOSTIC,Iteration,metricValue,convergenceValue,ITERATION_TIME_INDEX,SINCE_LAST
 2DIAGNOSTIC,     1, -6.206671959742e-01, 1.797693134862e+308, 0.0000e+00, 0.0000e+00, 
 2DIAGNOSTIC,     2, -6.209810559956e-01, 1.797693134862e+308, 0.0000e+00, 0.0000e+00, 
 2DIAGNOSTIC,     3, -6.212728691244e-01, 1.797693134862e+308, 0.0000e+00, 0.0000e+00, 
 2DIAGNOSTIC,     4, -6.216838225965e-01, 1.797693134862e+308, 0.0000e+00, 0.0000e+00, 
 2DIAGNOSTIC,     5, -6.217373019407e-01, 1.797693134862e+308, 0.0000e+00, 0.0000e+00, 
 2DIAGNOSTIC,     6, -6.217440740238e-01, 1.797693134862e+308, 0.0000e+00, 0.0000e+00, 
 2DIAGNOSTIC,     7, -6.217898294472e-01, 1.797693134862e+308, 0.0000e+00, 0.0000e+00, 
 2DIAGNOSTIC,     8, -6.218174976928e-01, 1.797693134862e+308, 0.0000e+00, 0.0000e+00, 
 2DIAGNOSTIC,     9, -6.218253461137e-01, 1.797693134862e+308, 0.0000e+00, 0.0000e+00, 
 2DIAGNOSTIC,    10, -6.218453932950e-01, 1.105887891740e-04, 0.0000e+00, 0.0000e+00, 
 2DIAGNOSTIC,    11, -6.218494194180e-01, 6.578286577261e-05, 0.0000e+00, 0.0000e+00, 
 2DIAGNOSTIC,    12, -6.218511265235e-01, 3.471177254431e-05, 0.0000e+00, 0.0000e+00, 
 2DIAGNOSTIC,    13, -6.218524028846e-01, 1.543652226049e-05, 0.0000e+00, 0.0000e+00, 
 2DIAGNOSTIC,    14, -6.218537058206e-01, 1.116808922655e-05, 0.0000e+00, 0.0000e+00, 
 2DIAGNOSTIC,    15, -6.218538297853e-01, 8.304153545816e-06, 0.0000e+00, 0.0000e+00, 
 2DIAGNOSTIC,    16, -6.218541317775e-01, 5.406100752045e-06, 0.0000e+00, 0.0000e+00, 
 2DIAGNOSTIC,    17, -6.218543491246e-01, 3.760124755808e-06, 0.0000e+00, 0.0000e+00, 
 2DIAGNOSTIC,    18, -6.218544365961e-01, 2.829042714987e-06, 0.0000e+00, 0.0000e+00, 
 2DIAGNOSTIC,    19, -6.218544228480e-01, 2.073833980890e-06, 0.0000e+00, 0.0000e+00, 
 2DIAGNOSTIC,    20, -6.218544212860e-01, 1.813700798700e-06, 0.0000e+00, 0.0000e+00, 
 2DIAGNOSTIC,    21, -6.218544239641e-01, 1.645103997049e-06, 0.0000e+00, 0.0000e+00, 
 2DIAGNOSTIC,    22, -6.218544318660e-01, 1.515011132505e-06, 0.0000e+00, 0.0000e+00, 
 2DIAGNOSTIC,    23, -6.218544461181e-01, 1.414956937597e-06, 0.0000e+00, 0.0000e+00, 
 2DIAGNOSTIC,    24, -6.218544439045e-01, 1.345279987228e-06, 0.0000e+00, 0.0000e+00, 
 2DIAGNOSTIC,    25, -6.218544395379e-01, 1.281606322838e-06, 0.0000e+00, 0.0000e+00, 
 2DIAGNOSTIC,    26, -6.218544435421e-01, 1.227430014447e-06, 0.0000e+00, 0.0000e+00, 
 2DIAGNOSTIC,    27, -6.218544756336e-01, 1.181231679311e-06, 0.0000e+00, 0.0000e+00, 
 2DIAGNOSTIC,    28, -6.218544563902e-01, 1.139304639436e-06, 0.0000e+00, 0.0000e+00, 
 2DIAGNOSTIC,    29, -6.218544493778e-01, 1.099810375112e-06, 0.0000e+00, 0.0000e+00, 
 2DIAGNOSTIC,    30, -6.218544747613e-01, 1.063197772516e-06, 0.0000e+00, 0.0000e+00, 
 2DIAGNOSTIC,    31, -6.218544827723e-01, 1.028956781536e-06, 0.0000e+00, 0.0000e+00, 
DIAGNOSTIC,Iteration,metricValue,convergenceValue,ITERATION_TIME_INDEX,SINCE_LAST
 2DIAGNOSTIC,     1, -5.497985873385e-01, 1.797693134862e+308, 0.0000e+00, 0.0000e+00, 
 2DIAGNOSTIC,     2, -5.500951275654e-01, 1.797693134862e+308, 0.0000e+00, 0.0000e+00, 
 2DIAGNOSTIC,     3, -5.503367460623e-01, 1.797693134862e+308, 0.0000e+00, 0.0000e+00, 
 2DIAGNOSTIC,     4, -5.505682548563e-01, 1.797693134862e+308, 0.0000e+00, 0.0000e+00, 
 2DIAGNOSTIC,     5, -5.507549419419e-01, 1.797693134862e+308, 0.0000e+00, 0.0000e+00, 
 2DIAGNOSTIC,     6, -5.507563223262e-01, 1.797693134862e+308, 0.0000e+00, 0.0000e+00, 
 2DIAGNOSTIC,     7, -5.507594773834e-01, 1.797693134862e+308, 0.0000e+00, 0.0000e+00, 
 2DIAGNOSTIC,     8, -5.507648150624e-01, 1.797693134862e+308, 0.0000e+00, 0.0000e+00, 
 2DIAGNOSTIC,     9, -5.507723952769e-01, 1.797693134862e+308, 0.0000e+00, 0.0000e+00, 
 2DIAGNOSTIC,    10, -5.507826386496e-01, 1.046660982300e-04, 0.0000e+00, 0.0000e+00, 
 2DIAGNOSTIC,    11, -5.507949424783e-01, 6.098526997453e-05, 0.0000e+00, 0.0000e+00, 
 2DIAGNOSTIC,    12, -5.508102083845e-01, 3.273698288060e-05, 0.0000e+00, 0.0000e+00, 
 2DIAGNOSTIC,    13, -5.508205844817e-01, 1.594260037628e-05, 0.0000e+00, 0.0000e+00, 
 2DIAGNOSTIC,    14, -5.508311510328e-01, 9.049441376377e-06, 0.0000e+00, 0.0000e+00, 
 2DIAGNOSTIC,    15, -5.508746733590e-01, 1.037565335180e-05, 5.1200e+02, 5.1200e+02, 
 2DIAGNOSTIC,    16, -5.508765051815e-01, 1.084574529672e-05, 5.1200e+02, 0.0000e+00, 
 2DIAGNOSTIC,    17, -5.508762924742e-01, 1.054705982471e-05, 5.1200e+02, 0.0000e+00, 
 2DIAGNOSTIC,    18, -5.508755179449e-01, 9.627629830491e-06, 5.1200e+02, 0.0000e+00, 
 2DIAGNOSTIC,    19, -5.508754017330e-01, 8.273441660246e-06, 5.1200e+02, 0.0000e+00, 
 2DIAGNOSTIC,    20, -5.508754636526e-01, 6.687295255374e-06, 5.1200e+02, 0.0000e+00, 
 2DIAGNOSTIC,    21, -5.508755085542e-01, 5.072572214528e-06, 5.1200e+02, 0.0000e+00, 
 2DIAGNOSTIC,    22, -5.508754287312e-01, 3.641554789005e-06, 5.1200e+02, 0.0000e+00, 
 2DIAGNOSTIC,    23, -5.508754087555e-01, 2.368214544343e-06, 5.1200e+02, 0.0000e+00, 
 2DIAGNOSTIC,    24, -5.508752778065e-01, 1.306927168383e-06, 5.1200e+02, 0.0000e+00, 
 2DIAGNOSTIC,    25, -5.508752935621e-01, 1.229853824766e-06, 5.1200e+02, 0.0000e+00, 
 2DIAGNOSTIC,    26, -5.508752936898e-01, 1.199092511922e-06, 5.1200e+02, 0.0000e+00, 
 2DIAGNOSTIC,    27, -5.508752988672e-01, 1.169516609473e-06, 5.1200e+02, 0.0000e+00, 
 2DIAGNOSTIC,    28, -5.508753090016e-01, 1.129057854564e-06, 5.1200e+02, 0.0000e+00, 
 2DIAGNOSTIC,    29, -5.508753367712e-01, 1.090628674261e-06, 5.1200e+02, 0.0000e+00, 
 2DIAGNOSTIC,    30, -5.508753283105e-01, 1.056377233223e-06, 5.1200e+02, 0.0000e+00, 
 2DIAGNOSTIC,    31, -5.508751999408e-01, 1.023478553720e-06, 5.1200e+02, 0.0000e+00, 
  Elapsed time (stage 0): 5.1200e+02


Total elapsed time: 5.1200e+02
VFC_BACKENDS=libinterflop_vprec.so --range-binary32=8 --precision-binary32=21 --range-binary64=8 --precision-binary64=21
Info [verificarlo]: loaded backend libinterflop_vprec.so
Info [interflop-vprec]: load backend with: 
Info [interflop-vprec]: precision-binary32 = 21
Info [interflop-vprec]: range-binary32 = 8
Info [interflop-vprec]: precision-binary64 = 21
Info [interflop-vprec]: range-binary64 = 8
Info [interflop-vprec]: mode = ob
Info [interflop-vprec]: error-mode = rel
Info [interflop-vprec]: max-abs-error-exponent = -1022
Info [interflop-vprec]: daz = false
Info [interflop-vprec]: ftz = false
Info [interflop-vprec]: 	instrument = none
Info [interflop-vprec]: 	prec-input-file = (null)
Info [interflop-vprec]: 	prec-output-file = (null)
Info [interflop-vprec]: 	prec-log-file = (null)
All_Command_lines_OK
Using double precision for computations.
=============================================================================
The composite transform comprises the following transforms (in order): 
  1. /project/rrg-glatard/mdugre/datasets/corr/RawDataBIDS/BMB_1/derivatives/vprec-space_search/1111/r8-p21/sub-0003006/affine_Composite.h5[0] (type = Euler3DTransform)
  2. /project/rrg-glatard/mdugre/datasets/corr/RawDataBIDS/BMB_1/derivatives/vprec-space_search/1111/r8-p21/sub-0003006/affine_Composite.h5[1] (type = Euler3DTransform)
  3. /project/rrg-glatard/mdugre/datasets/corr/RawDataBIDS/BMB_1/derivatives/vprec-space_search/1111/r8-p21/sub-0003006/affine_Composite.h5[2] (type = Euler3DTransform)
  4. /project/rrg-glatard/mdugre/datasets/corr/RawDataBIDS/BMB_1/derivatives/vprec-space_search/1111/r8-p21/sub-0003006/affine_Composite.h5[3] (type = AffineTransform)
=============================================================================
  number of levels = 4
  fixed image: /templateflow/tpl-MNI152NLin2009cAsym/tpl-MNI152NLin2009cAsym_res-01_desc-brain_T1w.nii.gz
  moving image: /project/rrg-glatard/mdugre/datasets/corr/RawDataBIDS/BMB_1/derivatives/antsBrainExtraction/sub-0003006/BrainExtractionBrain.nii.gz
Dimension = 3
Number of stages = 1
Use histogram matching = false
Winsorize image intensities = true
  Lower quantile = 0.005
  Upper quantile = 0.995


Stage 1 State
   Image metric = CC
     Fixed image = Image (0x39534c0)
  RTTI typeinfo:   itk::Image<double, 3u>
  Reference Count: 2
  Modified Time: 1606
  Debug: Off
  Object Name: 
  Observers: 
    none
  Source: (none)
  Source output name: (none)
  Release Data: Off
  Data Released: False
  Global Release Data: Off
  PipelineMTime: 0
  UpdateMTime: 1217
  RealTimeStamp: 0 seconds 
  LargestPossibleRegion: 
    Dimension: 3
    Index: [0, 0, 0]
    Size: [193, 229, 193]
  BufferedRegion: 
    Dimension: 3
    Index: [0, 0, 0]
    Size: [193, 229, 193]
  RequestedRegion: 
    Dimension: 3
    Index: [0, 0, 0]
    Size: [193, 229, 193]
  Spacing: [1, 1, 1]
  Origin: [96, 132, -78]
  Direction: 
-1 0 0
0 -1 0
0 0 1

  IndexToPointMatrix: 
-1 0 0
0 -1 0
0 0 1

  PointToIndexMatrix: 
-1 0 0
0 -1 0
0 0 1

  Inverse Direction: 
-1 0 0
0 -1 0
0 0 1

  PixelContainer: 
    ImportImageContainer (0x3a20930)
      RTTI typeinfo:   itk::ImportImageContainer<unsigned long, double>
      Reference Count: 1
      Modified Time: 1214
      Debug: Off
      Object Name: 
      Observers: 
        none
      Pointer: 0x146cab174010
      Container manages memory: true
      Size: 8530021
      Capacity: 8530021

     Moving image = Image (0x3a0e0b0)
  RTTI typeinfo:   itk::Image<double, 3u>
  Reference Count: 2
  Modified Time: 1607
  Debug: Off
  Object Name: 
  Observers: 
    none
  Source: (none)
  Source output name: (none)
  Release Data: Off
  Data Released: False
  Global Release Data: Off
  PipelineMTime: 0
  UpdateMTime: 1604
  RealTimeStamp: 0 seconds 
  LargestPossibleRegion: 
    Dimension: 3
    Index: [0, 0, 0]
    Size: [176, 256, 256]
  BufferedRegion: 
    Dimension: 3
    Index: [0, 0, 0]
    Size: [176, 256, 256]
  RequestedRegion: 
    Dimension: 3
    Index: [0, 0, 0]
    Size: [176, 256, 256]
  Spacing: [1, 1, 1]
  Origin: [-93.9989, 109.297, -100.494]
  Direction: 
1 0 0
0 -1 0
0 0 1

  IndexToPointMatrix: 
1 0 0
0 -1 0
0 0 1

  PointToIndexMatrix: 
1 0 0
0 -1 0
0 0 1

  Inverse Direction: 
1 0 0
0 -1 0
0 0 1

  PixelContainer: 
    ImportImageContainer (0x3a23090)
      RTTI typeinfo:   itk::ImportImageContainer<unsigned long, double>
      Reference Count: 1
      Modified Time: 1601
      Debug: Off
      Object Name: 
      Observers: 
        none
      Pointer: 0x146ca5973010
      Container manages memory: true
      Size: 11534336
      Capacity: 11534336

     Weighting = 1
     Sampling strategy = none
     Number of bins = 32
     Radius = 4
     Sampling percentage  = 1
   Transform = SyN
     Gradient step = 0.1
     Update field sigma (voxel space) = 3
     Total field sigma (voxel space) = 0
     Update field time sigma = 0
     Total field time sigma  = 0
     Number of time indices = 0
     Number of time point samples = 0
Registration using 1 total stages.

Stage 0
  iterations = 100x70x50x20
  convergence threshold = 1e-06
  convergence window size = 10
  number of levels = 4
  using the CC metric (radius = 4, weight = 1, use gradient filter = 0)
  preprocessing:  winsorizing the image intensities
  Shrink factors (level 1 out of 4): [8, 8, 8]
  Shrink factors (level 2 out of 4): [4, 4, 4]
  Shrink factors (level 3 out of 4): [2, 2, 2]
  Shrink factors (level 4 out of 4): [1, 1, 1]
  smoothing sigmas per level: [3, 2, 1, 0]
  Using default NONE metricSamplingStrategy 

*** Running SyN registration (varianceForUpdateField = 3, varianceForTotalField = 0) ***

XXDIAGNOSTIC,Iteration,metricValue,convergenceValue,ITERATION_TIME_INDEX,SINCE_LAST
 1DIAGNOSTIC,     1, -9.329850673676e-01, 1.797693134862e+308, 0.0000e+00, 0.0000e+00, 
 1DIAGNOSTIC,     2, -9.392507076263e-01, 1.797693134862e+308, 0.0000e+00, 0.0000e+00, 
 1DIAGNOSTIC,     3, -9.443712234497e-01, 1.797693134862e+308, 0.0000e+00, 0.0000e+00, 
 1DIAGNOSTIC,     4, -9.476943016052e-01, 1.797693134862e+308, 0.0000e+00, 0.0000e+00, 
 1DIAGNOSTIC,     5, -9.511313438416e-01, 1.797693134862e+308, 0.0000e+00, 0.0000e+00, 
 1DIAGNOSTIC,     6, -9.557826519012e-01, 1.797693134862e+308, 0.0000e+00, 0.0000e+00, 
 1DIAGNOSTIC,     7, -9.605314731598e-01, 1.797693134862e+308, 0.0000e+00, 0.0000e+00, 
 1DIAGNOSTIC,     8, -9.632153511047e-01, 1.797693134862e+308, 0.0000e+00, 0.0000e+00, 
 1DIAGNOSTIC,     9, -9.638309478760e-01, 1.797693134862e+308, 0.0000e+00, 0.0000e+00, 
 1DIAGNOSTIC,    10, -9.663267135620e-01, 2.235282402103e-03, 0.0000e+00, 0.0000e+00, 
 1DIAGNOSTIC,    11, -9.670906066895e-01, 1.757535054482e-03, 0.0000e+00, 0.0000e+00, 
 1DIAGNOSTIC,    12, -9.682660102844e-01, 1.384213556799e-03, 0.0000e+00, 0.0000e+00, 
 1DIAGNOSTIC,    13, -9.686310291290e-01, 1.069238725259e-03, 0.0000e+00, 0.0000e+00, 
 1DIAGNOSTIC,    14, -9.693763256073e-01, 7.897168244244e-04, 0.0000e+00, 0.0000e+00, 
 1DIAGNOSTIC,    15, -9.696388244629e-01, 5.477273304851e-04, 0.0000e+00, 0.0000e+00, 
 1DIAGNOSTIC,    16, -9.701480865479e-01, 3.798600104660e-04, 0.0000e+00, 0.0000e+00, 
 1DIAGNOSTIC,    17, -9.703338146210e-01, 2.822872145997e-04, 0.0000e+00, 0.0000e+00, 
 1DIAGNOSTIC,    18, -9.706909656525e-01, 2.200751985081e-04, 0.0000e+00, 0.0000e+00, 
 1DIAGNOSTIC,    19, -9.708302021027e-01, 1.551187399668e-04, 0.0000e+00, 0.0000e+00, 
 1DIAGNOSTIC,    20, -9.710905551910e-01, 1.231141164749e-04, 0.0000e+00, 0.0000e+00, 
 1DIAGNOSTIC,    21, -9.712538719177e-01, 9.553879786130e-05, 0.0000e+00, 0.0000e+00, 
 1DIAGNOSTIC,    22, -9.714486598969e-01, 8.008238283483e-05, 0.0000e+00, 0.0000e+00, 
 1DIAGNOSTIC,    23, -9.715588092804e-01, 6.451846394190e-05, 0.0000e+00, 0.0000e+00, 
 1DIAGNOSTIC,    24, -9.717047214508e-01, 5.529555599776e-05, 0.0000e+00, 0.0000e+00, 
 1DIAGNOSTIC,    25, -9.718039035797e-01, 4.588245780279e-05, 0.0000e+00, 0.0000e+00, 
 1DIAGNOSTIC,    26, -9.719104766846e-01, 3.996492568022e-05, 0.0000e+00, 0.0000e+00, 
 1DIAGNOSTIC,    27, -9.720101356506e-01, 3.387074464558e-05, 0.0000e+00, 0.0000e+00, 
 1DIAGNOSTIC,    28, -9.720857143402e-01, 2.967613020028e-05, 0.0000e+00, 0.0000e+00, 
 1DIAGNOSTIC,    29, -9.721901416779e-01, 2.550684273325e-05, 0.0000e+00, 0.0000e+00, 
 1DIAGNOSTIC,    30, -9.722404479980e-01, 2.232659568086e-05, 0.0000e+00, 0.0000e+00, 
 1DIAGNOSTIC,    31, -9.723572731018e-01, 1.997108093064e-05, 0.0000e+00, 0.0000e+00, 
 1DIAGNOSTIC,    32, -9.723868370056e-01, 1.800528142001e-05, 0.0000e+00, 0.0000e+00, 
 1DIAGNOSTIC,    33, -9.725165367126e-01, 1.666980066419e-05, 0.0000e+00, 0.0000e+00, 
 1DIAGNOSTIC,    34, -9.725258350372e-01, 1.523583489125e-05, 0.0000e+00, 0.0000e+00, 
 1DIAGNOSTIC,    35, -9.726688861847e-01, 1.455879999147e-05, 0.0000e+00, 0.0000e+00, 
 1DIAGNOSTIC,    36, -9.726598262787e-01, 1.338371677095e-05, 0.0000e+00, 0.0000e+00, 
 1DIAGNOSTIC,    37, -9.728198051453e-01, 1.315290839361e-05, 0.0000e+00, 0.0000e+00, 
 1DIAGNOSTIC,    38, -9.727935791016e-01, 1.210638272896e-05, 0.0000e+00, 0.0000e+00, 
 1DIAGNOSTIC,    39, -9.729738235474e-01, 1.220052272755e-05, 0.0000e+00, 0.0000e+00, 
 1DIAGNOSTIC,    40, -9.729306697845e-01, 1.121230564938e-05, 0.0000e+00, 0.0000e+00, 
 1DIAGNOSTIC,    41, -9.731249809265e-01, 1.153045502733e-05, 0.0000e+00, 0.0000e+00, 
 1DIAGNOSTIC,    42, -9.730675220490e-01, 1.056315604430e-05, 0.0000e+00, 0.0000e+00, 
 1DIAGNOSTIC,    43, -9.732682704926e-01, 1.098890287817e-05, 0.0000e+00, 0.0000e+00, 
 1DIAGNOSTIC,    44, -9.731993675232e-01, 9.967040964308e-06, 0.0000e+00, 0.0000e+00, 
 1DIAGNOSTIC,    45, -9.733381271362e-01, 9.976769732450e-06, 0.0000e+00, 0.0000e+00, 
 1DIAGNOSTIC,    46, -9.732604026794e-01, 8.504701274854e-06, 0.0000e+00, 0.0000e+00, 
 1DIAGNOSTIC,    47, -9.734568595886e-01, 8.603576907986e-06, 0.0000e+00, 0.0000e+00, 
 1DIAGNOSTIC,    48, -9.733719825745e-01, 7.200447463607e-06, 0.0000e+00, 0.0000e+00, 
 1DIAGNOSTIC,    49, -9.735615253448e-01, 7.481249791073e-06, 0.0000e+00, 0.0000e+00, 
 1DIAGNOSTIC,    50, -9.734716415405e-01, 6.268072183829e-06, 0.0000e+00, 0.0000e+00, 
 1DIAGNOSTIC,    51, -9.735977649689e-01, 6.444852603094e-06, 0.0000e+00, 0.0000e+00, 
 1DIAGNOSTIC,    52, -9.735026359558e-01, 5.146788676708e-06, 0.0000e+00, 0.0000e+00, 
 1DIAGNOSTIC,    53, -9.736857414246e-01, 5.617348948175e-06, 0.0000e+00, 0.0000e+00, 
 1DIAGNOSTIC,    54, -9.735844135284e-01, 4.617386996034e-06, 0.0000e+00, 0.0000e+00, 
 1DIAGNOSTIC,    55, -9.737699031830e-01, 5.035367313718e-06, 0.0000e+00, 0.0000e+00, 
 1DIAGNOSTIC,    56, -9.736640453339e-01, 4.003943307188e-06, 0.0000e+00, 0.0000e+00, 
 1DIAGNOSTIC,    57, -9.738547801971e-01, 4.709648401765e-06, 0.0000e+00, 0.0000e+00, 
 1DIAGNOSTIC,    58, -9.737434387207e-01, 3.946525024064e-06, 0.0000e+00, 0.0000e+00, 
 1DIAGNOSTIC,    59, -9.739394187927e-01, 4.832707933531e-06, 0.0000e+00, 0.0000e+00, 
 1DIAGNOSTIC,    60, -9.738223552704e-01, 4.226001156318e-06, 0.0000e+00, 0.0000e+00, 
 1DIAGNOSTIC,    61, -9.740247726440e-01, 4.899947560782e-06, 0.0000e+00, 0.0000e+00, 
 1DIAGNOSTIC,    62, -9.739015102386e-01, 4.051427665044e-06, 0.0000e+00, 0.0000e+00, 
 1DIAGNOSTIC,    63, -9.741082191467e-01, 4.740867076192e-06, 0.0000e+00, 0.0000e+00, 
 1DIAGNOSTIC,    64, -9.739789962769e-01, 3.898917411458e-06, 0.0000e+00, 0.0000e+00, 
 1DIAGNOSTIC,    65, -9.741923809052e-01, 4.591727715150e-06, 0.0000e+00, 0.0000e+00, 
 1DIAGNOSTIC,    66, -9.740586280823e-01, 3.757960655094e-06, 0.0000e+00, 0.0000e+00, 
 1DIAGNOSTIC,    67, -9.742755889893e-01, 4.454749495120e-06, 0.0000e+00, 0.0000e+00, 
 1DIAGNOSTIC,    68, -9.741375446320e-01, 3.626934918372e-06, 0.0000e+00, 0.0000e+00, 
 1DIAGNOSTIC,    69, -9.743537902832e-01, 4.307341034742e-06, 0.0000e+00, 0.0000e+00, 
 1DIAGNOSTIC,    70, -9.742107391357e-01, 3.463178942491e-06, 0.0000e+00, 0.0000e+00, 
 1DIAGNOSTIC,    71, -9.744255542755e-01, 4.112407995398e-06, 0.0000e+00, 0.0000e+00, 
 1DIAGNOSTIC,    72, -9.742784500122e-01, 3.245217244596e-06, 0.0000e+00, 0.0000e+00, 
 1DIAGNOSTIC,    73, -9.744944572449e-01, 3.865695427508e-06, 0.0000e+00, 0.0000e+00, 
 1DIAGNOSTIC,    74, -9.743435382843e-01, 2.984908690867e-06, 0.0000e+00, 0.0000e+00, 
 1DIAGNOSTIC,    75, -9.745614528656e-01, 3.603443670277e-06, 0.0000e+00, 0.0000e+00, 
 1DIAGNOSTIC,    76, -9.744071960449e-01, 2.744713111645e-06, 0.0000e+00, 0.0000e+00, 
 1DIAGNOSTIC,    77, -9.746265411377e-01, 3.380835517179e-06, 0.0000e+00, 0.0000e+00, 
 1DIAGNOSTIC,    78, -9.744691848755e-01, 2.561558419916e-06, 0.0000e+00, 0.0000e+00, 
 1DIAGNOSTIC,    79, -9.746866226196e-01, 3.199866912404e-06, 0.0000e+00, 0.0000e+00, 
 1DIAGNOSTIC,    80, -9.745266437531e-01, 2.400682167836e-06, 0.0000e+00, 0.0000e+00, 
 1DIAGNOSTIC,    81, -9.747414588928e-01, 3.017521738110e-06, 0.0000e+00, 0.0000e+00, 
 1DIAGNOSTIC,    82, -9.745783805847e-01, 2.216883018475e-06, 0.0000e+00, 0.0000e+00, 
 1DIAGNOSTIC,    83, -9.747931957245e-01, 2.814837563271e-06, 0.0000e+00, 0.0000e+00, 
 1DIAGNOSTIC,    84, -9.746277332306e-01, 2.020240522673e-06, 0.0000e+00, 0.0000e+00, 
 1DIAGNOSTIC,    85, -9.748427867889e-01, 2.612809754535e-06, 0.0000e+00, 0.0000e+00, 
 1DIAGNOSTIC,    86, -9.746754169464e-01, 1.840449125240e-06, 0.0000e+00, 0.0000e+00, 
 1DIAGNOSTIC,    87, -9.748892784119e-01, 2.436692781204e-06, 0.0000e+00, 0.0000e+00, 
 1DIAGNOSTIC,    88, -9.747200012207e-01, 1.693668422184e-06, 0.0000e+00, 0.0000e+00, 
 1DIAGNOSTIC,    89, -9.749321937561e-01, 2.286209099527e-06, 0.0000e+00, 0.0000e+00, 
 1DIAGNOSTIC,    90, -9.747600555420e-01, 1.561030478756e-06, 0.0000e+00, 0.0000e+00, 
 1DIAGNOSTIC,    91, -9.749727249146e-01, 2.144196264434e-06, 0.0000e+00, 0.0000e+00, 
 1DIAGNOSTIC,    92, -9.747993946075e-01, 1.433606403877e-06, 0.0000e+00, 0.0000e+00, 
 1DIAGNOSTIC,    93, -9.750096797943e-01, 2.004564373378e-06, 0.0000e+00, 0.0000e+00, 
 1DIAGNOSTIC,    94, -9.748365879059e-01, 1.312198996208e-06, 0.0000e+00, 0.0000e+00, 
 1DIAGNOSTIC,    95, -9.750411510468e-01, 1.865821662662e-06, 0.0000e+00, 0.0000e+00, 
 1DIAGNOSTIC,    96, -9.748685359955e-01, 1.188238239223e-06, 0.0000e+00, 0.0000e+00, 
 1DIAGNOSTIC,    97, -9.750683307648e-01, 1.721712867156e-06, 0.0000e+00, 0.0000e+00, 
 1DIAGNOSTIC,    98, -9.748950004578e-01, 1.052341389175e-06, 0.0000e+00, 0.0000e+00, 
 1DIAGNOSTIC,    99, -9.750921726227e-01, 1.567609572825e-06, 0.0000e+00, 0.0000e+00, 
 1DIAGNOSTIC,   100, -9.749186038971e-01, 9.070650518663e-07, 0.0000e+00, 0.0000e+00, 
XXDIAGNOSTIC,Iteration,metricValue,convergenceValue,ITERATION_TIME_INDEX,SINCE_LAST
 1DIAGNOSTIC,     1, -9.140558242798e-01, 1.797693134862e+308, 0.0000e+00, 0.0000e+00, 
 1DIAGNOSTIC,     2, -9.160699844360e-01, 1.797693134862e+308, 0.0000e+00, 0.0000e+00, 
 1DIAGNOSTIC,     3, -9.187924861908e-01, 1.797693134862e+308, 0.0000e+00, 0.0000e+00, 
 1DIAGNOSTIC,     4, -9.218614101410e-01, 1.797693134862e+308, 0.0000e+00, 0.0000e+00, 
 1DIAGNOSTIC,     5, -9.245550632477e-01, 1.797693134862e+308, 0.0000e+00, 0.0000e+00, 
 1DIAGNOSTIC,     6, -9.268248081207e-01, 1.797693134862e+308, 0.0000e+00, 0.0000e+00, 
 1DIAGNOSTIC,     7, -9.291296005249e-01, 1.797693134862e+308, 0.0000e+00, 0.0000e+00, 
 1DIAGNOSTIC,     8, -9.311800003052e-01, 1.797693134862e+308, 0.0000e+00, 0.0000e+00, 
 1DIAGNOSTIC,     9, -9.331386089325e-01, 1.797693134862e+308, 0.0000e+00, 0.0000e+00, 
 1DIAGNOSTIC,    10, -9.349551200867e-01, 1.486398287543e-03, 0.0000e+00, 0.0000e+00, 
 1DIAGNOSTIC,    11, -9.365487098694e-01, 1.285972791768e-03, 0.0000e+00, 0.0000e+00, 
 1DIAGNOSTIC,    12, -9.378681182861e-01, 1.088278484251e-03, 0.0000e+00, 0.0000e+00, 
 1DIAGNOSTIC,    13, -9.390099048615e-01, 9.129829284489e-04, 0.0000e+00, 0.0000e+00, 
 1DIAGNOSTIC,    14, -9.398021697998e-01, 7.636158130059e-04, 0.0000e+00, 0.0000e+00, 
 1DIAGNOSTIC,    15, -9.405066967010e-01, 6.334475198767e-04, 0.0000e+00, 0.0000e+00, 
 1DIAGNOSTIC,    16, -9.411609172821e-01, 5.169208494561e-04, 5.1200e+02, 5.1200e+02, 
 1DIAGNOSTIC,    17, -9.417431354523e-01, 4.180747304861e-04, 5.1200e+02, 0.0000e+00, 
 1DIAGNOSTIC,    18, -9.422700405121e-01, 3.350238678698e-04, 5.1200e+02, 0.0000e+00, 
 1DIAGNOSTIC,    19, -9.427509307861e-01, 2.686195475676e-04, 5.1200e+02, 0.0000e+00, 
 1DIAGNOSTIC,    20, -9.431917667389e-01, 2.181200333661e-04, 5.1200e+02, 0.0000e+00, 
 1DIAGNOSTIC,    21, -9.434838294983e-01, 1.792981520743e-04, 5.1200e+02, 0.0000e+00, 
 1DIAGNOSTIC,    22, -9.437611103058e-01, 1.492483993514e-04, 5.1200e+02, 0.0000e+00, 
 1DIAGNOSTIC,    23, -9.440188407898e-01, 1.263472419461e-04, 5.1200e+02, 0.0000e+00, 
 1DIAGNOSTIC,    24, -9.442610740662e-01, 1.065972640112e-04, 5.1200e+02, 0.0000e+00, 
 1DIAGNOSTIC,    25, -9.444890022278e-01, 8.974390765238e-05, 5.1200e+02, 0.0000e+00, 
 1DIAGNOSTIC,    26, -9.446995258331e-01, 7.587669914883e-05, 5.1200e+02, 0.0000e+00, 
 1DIAGNOSTIC,    27, -9.449009895325e-01, 6.474164748074e-05, 5.1200e+02, 0.0000e+00, 
 1DIAGNOSTIC,    28, -9.450871944427e-01, 5.604625060614e-05, 5.1200e+02, 0.0000e+00, 
 1DIAGNOSTIC,    29, -9.452648162842e-01, 4.956037003218e-05, 5.1200e+02, 0.0000e+00, 
 1DIAGNOSTIC,    30, -9.454286098480e-01, 4.498585048119e-05, 5.1200e+02, 0.0000e+00, 
 1DIAGNOSTIC,    31, -9.455835819244e-01, 4.087277522009e-05, 5.1200e+02, 0.0000e+00, 
 1DIAGNOSTIC,    32, -9.457237720490e-01, 3.715178698711e-05, 5.1200e+02, 0.0000e+00, 
 1DIAGNOSTIC,    33, -9.458532333374e-01, 3.374318442118e-05, 5.1200e+02, 0.0000e+00, 
 1DIAGNOSTIC,    34, -9.459700584412e-01, 3.058677837807e-05, 5.1200e+02, 0.0000e+00, 
 1DIAGNOSTIC,    35, -9.460761547089e-01, 2.765258194589e-05, 5.1200e+02, 0.0000e+00, 
 1DIAGNOSTIC,    36, -9.461786746979e-01, 2.494203639350e-05, 5.1200e+02, 0.0000e+00, 
 1DIAGNOSTIC,    37, -9.462709426880e-01, 2.246465679439e-05, 5.1200e+02, 0.0000e+00, 
 1DIAGNOSTIC,    38, -9.463665485382e-01, 2.028044652606e-05, 5.1200e+02, 0.0000e+00, 
 1DIAGNOSTIC,    39, -9.464502334595e-01, 1.835939858623e-05, 5.1200e+02, 0.0000e+00, 
 1DIAGNOSTIC,    40, -9.465324878693e-01, 1.670206583907e-05, 5.1200e+02, 0.0000e+00, 
 1DIAGNOSTIC,    41, -9.466147422791e-01, 1.533922386555e-05, 5.1200e+02, 0.0000e+00, 
 1DIAGNOSTIC,    42, -9.466934204102e-01, 1.420795037966e-05, 5.1200e+02, 0.0000e+00, 
 1DIAGNOSTIC,    43, -9.467620849609e-01, 1.322095297225e-05, 5.1200e+02, 0.0000e+00, 
 1DIAGNOSTIC,    44, -9.468243122101e-01, 1.230341937769e-05, 5.1200e+02, 0.0000e+00, 
 1DIAGNOSTIC,    45, -9.468812942505e-01, 1.140286965046e-05, 5.1200e+02, 0.0000e+00, 
 1DIAGNOSTIC,    46, -9.469306468964e-01, 1.050480416345e-05, 5.1200e+02, 0.0000e+00, 
 1DIAGNOSTIC,    47, -9.469742774963e-01, 9.567657089305e-06, 5.1200e+02, 0.0000e+00, 
 1DIAGNOSTIC,    48, -9.470124244690e-01, 8.651830331302e-06, 5.1200e+02, 0.0000e+00, 
 1DIAGNOSTIC,    49, -9.470472335815e-01, 7.731111982209e-06, 5.1200e+02, 0.0000e+00, 
 1DIAGNOSTIC,    50, -9.470779895782e-01, 6.843092148569e-06, 5.1200e+02, 0.0000e+00, 
 1DIAGNOSTIC,    51, -9.471080303192e-01, 6.052017166150e-06, 5.1200e+02, 0.0000e+00, 
 1DIAGNOSTIC,    52, -9.471333026886e-01, 5.367797514352e-06, 5.1200e+02, 0.0000e+00, 
 1DIAGNOSTIC,    53, -9.471564292908e-01, 4.770524134494e-06, 5.1200e+02, 0.0000e+00, 
 1DIAGNOSTIC,    54, -9.471776485443e-01, 4.256495443476e-06, 5.1200e+02, 0.0000e+00, 
 1DIAGNOSTIC,    55, -9.471964836121e-01, 3.820600701296e-06, 5.1200e+02, 0.0000e+00, 
 1DIAGNOSTIC,    56, -9.472148418427e-01, 3.449848126755e-06, 5.1200e+02, 0.0000e+00, 
 1DIAGNOSTIC,    57, -9.472310543060e-01, 3.128655435870e-06, 5.1200e+02, 0.0000e+00, 
 1DIAGNOSTIC,    58, -9.472484588623e-01, 2.857717769440e-06, 5.1200e+02, 0.0000e+00, 
 1DIAGNOSTIC,    59, -9.472634792328e-01, 2.626083588916e-06, 5.1200e+02, 0.0000e+00, 
 1DIAGNOSTIC,    60, -9.472863674164e-01, 2.468678978951e-06, 5.1200e+02, 0.0000e+00, 
 1DIAGNOSTIC,    61, -9.473011493683e-01, 2.348461569403e-06, 1.0240e+03, 5.1200e+02, 
 1DIAGNOSTIC,    62, -9.473226070404e-01, 2.282116479894e-06, 1.0240e+03, 0.0000e+00, 
 1DIAGNOSTIC,    63, -9.473390579224e-01, 2.234835215376e-06, 1.0240e+03, 0.0000e+00, 
 1DIAGNOSTIC,    64, -9.473536014557e-01, 2.189373145368e-06, 1.0240e+03, 0.0000e+00, 
 1DIAGNOSTIC,    65, -9.473702907562e-01, 2.145615636228e-06, 1.0240e+03, 0.0000e+00, 
 1DIAGNOSTIC,    66, -9.473879337311e-01, 2.106402559446e-06, 1.0240e+03, 0.0000e+00, 
 1DIAGNOSTIC,    67, -9.474050998688e-01, 2.060216262451e-06, 1.0240e+03, 0.0000e+00, 
 1DIAGNOSTIC,    68, -9.474205970764e-01, 2.007356352449e-06, 1.0240e+03, 0.0000e+00, 
 1DIAGNOSTIC,    69, -9.474382400513e-01, 1.948733467694e-06, 1.0240e+03, 0.0000e+00, 
 1DIAGNOSTIC,    70, -9.474534988403e-01, 1.911523235438e-06, 1.0240e+03, 0.0000e+00, 
XXDIAGNOSTIC,Iteration,metricValue,convergenceValue,ITERATION_TIME_INDEX,SINCE_LAST
 1DIAGNOSTIC,     1, -9.055728912354e-01, 1.797693134862e+308, 1.0240e+03, 0.0000e+00, 
 1DIAGNOSTIC,     2, -9.082586765289e-01, 1.797693134862e+308, 1.0240e+03, 0.0000e+00, 
 1DIAGNOSTIC,     3, -9.111230373383e-01, 1.797693134862e+308, 1.0240e+03, 0.0000e+00, 
 1DIAGNOSTIC,     4, -9.137923717499e-01, 1.797693134862e+308, 1.5360e+03, 5.1200e+02, 
 1DIAGNOSTIC,     5, -9.161505699158e-01, 1.797693134862e+308, 1.5360e+03, 0.0000e+00, 
 1DIAGNOSTIC,     6, -9.182302951813e-01, 1.797693134862e+308, 1.5360e+03, 0.0000e+00, 
 1DIAGNOSTIC,     7, -9.200894832611e-01, 1.797693134862e+308, 1.5360e+03, 0.0000e+00, 
 1DIAGNOSTIC,     8, -9.217739105225e-01, 1.797693134862e+308, 1.5360e+03, 0.0000e+00, 
 1DIAGNOSTIC,     9, -9.232118129730e-01, 1.797693134862e+308, 1.5360e+03, 0.0000e+00, 
 1DIAGNOSTIC,    10, -9.246382713318e-01, 1.333534858026e-03, 2.0480e+03, 5.1200e+02, 
 1DIAGNOSTIC,    11, -9.256489276886e-01, 1.094360279584e-03, 2.0480e+03, 0.0000e+00, 
 1DIAGNOSTIC,    12, -9.267363548279e-01, 8.937056772614e-04, 2.0480e+03, 0.0000e+00, 
 1DIAGNOSTIC,    13, -9.275670051575e-01, 7.304820152346e-04, 2.0480e+03, 0.0000e+00, 
 1DIAGNOSTIC,    14, -9.283344745636e-01, 5.996281880249e-04, 2.0480e+03, 0.0000e+00, 
 1DIAGNOSTIC,    15, -9.290482997894e-01, 4.943600302666e-04, 2.5600e+03, 5.1200e+02, 
 1DIAGNOSTIC,    16, -9.297215938568e-01, 4.097138814321e-04, 2.5600e+03, 0.0000e+00, 
 1DIAGNOSTIC,    17, -9.303209781647e-01, 3.416495168856e-04, 2.5600e+03, 0.0000e+00, 
 1DIAGNOSTIC,    18, -9.308598041534e-01, 2.874807745165e-04, 2.5600e+03, 0.0000e+00, 
 1DIAGNOSTIC,    19, -9.313499927521e-01, 2.434364851602e-04, 2.5600e+03, 0.0000e+00, 
 1DIAGNOSTIC,    20, -9.317965507507e-01, 2.099561952405e-04, 3.0720e+03, 5.1200e+02, 
 1DIAGNOSTIC,    21, -9.322109222412e-01, 1.808441622697e-04, 3.0720e+03, 0.0000e+00, 
 1DIAGNOSTIC,    22, -9.325981140137e-01, 1.580668869841e-04, 3.0720e+03, 0.0000e+00, 
 1DIAGNOSTIC,    23, -9.329624176025e-01, 1.384279875993e-04, 3.0720e+03, 0.0000e+00, 
 1DIAGNOSTIC,    24, -9.332983493805e-01, 1.215608410542e-04, 3.0720e+03, 0.0000e+00, 
 1DIAGNOSTIC,    25, -9.336099624634e-01, 1.072139797484e-04, 3.5840e+03, 5.1200e+02, 
 1DIAGNOSTIC,    26, -9.339070320129e-01, 9.534753056203e-05, 3.5840e+03, 0.0000e+00, 
 1DIAGNOSTIC,    27, -9.341931343079e-01, 8.545251770745e-05, 3.5840e+03, 0.0000e+00, 
 1DIAGNOSTIC,    28, -9.344780445099e-01, 7.724345140168e-05, 3.5840e+03, 0.0000e+00, 
 1DIAGNOSTIC,    29, -9.347648620605e-01, 7.054212737439e-05, 3.5840e+03, 0.0000e+00, 
 1DIAGNOSTIC,    30, -9.350526332855e-01, 6.514509118180e-05, 4.0960e+03, 5.1200e+02, 
 1DIAGNOSTIC,    31, -9.353415966034e-01, 6.090855642638e-05, 4.0960e+03, 0.0000e+00, 
 1DIAGNOSTIC,    32, -9.356234073639e-01, 5.759597894378e-05, 4.0960e+03, 0.0000e+00, 
 1DIAGNOSTIC,    33, -9.358990192413e-01, 5.498980640343e-05, 4.0960e+03, 0.0000e+00, 
 1DIAGNOSTIC,    34, -9.361696243286e-01, 5.281037754953e-05, 4.0960e+03, 0.0000e+00, 
 1DIAGNOSTIC,    35, -9.364125728607e-01, 5.061960181347e-05, 4.6080e+03, 5.1200e+02, 
 1DIAGNOSTIC,    36, -9.366326332092e-01, 4.817179102467e-05, 4.6080e+03, 0.0000e+00, 
 1DIAGNOSTIC,    37, -9.368319511414e-01, 4.532727966372e-05, 4.6080e+03, 0.0000e+00, 
 1DIAGNOSTIC,    38, -9.370114803314e-01, 4.209443010071e-05, 4.6080e+03, 0.0000e+00, 
 1DIAGNOSTIC,    39, -9.371819496155e-01, 3.864086719106e-05, 4.6080e+03, 0.0000e+00, 
 1DIAGNOSTIC,    40, -9.373359680176e-01, 3.509051845316e-05, 5.1200e+03, 5.1200e+02, 
 1DIAGNOSTIC,    41, -9.374809265137e-01, 3.164251445944e-05, 5.1200e+03, 0.0000e+00, 
 1DIAGNOSTIC,    42, -9.376161098480e-01, 2.841365782251e-05, 5.1200e+03, 0.0000e+00, 
 1DIAGNOSTIC,    43, -9.377405643463e-01, 2.550249368484e-05, 5.1200e+03, 0.0000e+00, 
 1DIAGNOSTIC,    44, -9.378573894501e-01, 2.301747822567e-05, 5.1200e+03, 0.0000e+00, 
 1DIAGNOSTIC,    45, -9.379706382751e-01, 2.090200590181e-05, 5.6320e+03, 5.1200e+02, 
 1DIAGNOSTIC,    46, -9.380786418915e-01, 1.909989591349e-05, 5.6320e+03, 0.0000e+00, 
 1DIAGNOSTIC,    47, -9.381783008575e-01, 1.753322226777e-05, 5.6320e+03, 0.0000e+00, 
 1DIAGNOSTIC,    48, -9.382746219635e-01, 1.615253091052e-05, 5.6320e+03, 0.0000e+00, 
 1DIAGNOSTIC,    49, -9.383678436279e-01, 1.496939039546e-05, 5.6320e+03, 0.0000e+00, 
 1DIAGNOSTIC,    50, -9.384582042694e-01, 1.393538473145e-05, 6.1440e+03, 5.1200e+02, 
XXDIAGNOSTIC,Iteration,metricValue,convergenceValue,ITERATION_TIME_INDEX,SINCE_LAST
 1DIAGNOSTIC,     1, -8.943288326263e-01, 1.797693134862e+308, 6.6560e+03, 5.1200e+02, 
 1DIAGNOSTIC,     2, -8.954472541809e-01, 1.797693134862e+308, 7.6800e+03, 1.0240e+03, 
 1DIAGNOSTIC,     3, -8.969287872314e-01, 1.797693134862e+308, 8.1920e+03, 5.1200e+02, 
 1DIAGNOSTIC,     4, -8.985002040863e-01, 1.797693134862e+308, 9.2160e+03, 1.0240e+03, 
 1DIAGNOSTIC,     5, -9.000084400177e-01, 1.797693134862e+308, 9.7280e+03, 5.1200e+02, 
 1DIAGNOSTIC,     6, -9.015221595764e-01, 1.797693134862e+308, 1.0752e+04, 1.0240e+03, 
 1DIAGNOSTIC,     7, -9.030241966248e-01, 1.797693134862e+308, 1.1776e+04, 1.0240e+03, 
 1DIAGNOSTIC,     8, -9.044308662415e-01, 1.797693134862e+308, 1.2288e+04, 5.1200e+02, 
 1DIAGNOSTIC,     9, -9.056115150452e-01, 1.797693134862e+308, 1.3312e+04, 1.0240e+03, 
 1DIAGNOSTIC,    10, -9.066858291626e-01, 9.140837575813e-04, 1.3824e+04, 5.1200e+02, 
 1DIAGNOSTIC,    11, -9.075431823730e-01, 8.034488790296e-04, 1.4848e+04, 1.0240e+03, 
 1DIAGNOSTIC,    12, -9.083313941956e-01, 6.889314621700e-04, 1.5872e+04, 1.0240e+03, 
 1DIAGNOSTIC,    13, -9.090523719788e-01, 5.828011870047e-04, 1.6384e+04, 5.1200e+02, 
 1DIAGNOSTIC,    14, -9.097378253937e-01, 4.893643207560e-04, 1.7408e+04, 1.0240e+03, 
 1DIAGNOSTIC,    15, -9.103713035583e-01, 4.083783043700e-04, 1.7920e+04, 5.1200e+02, 
 1DIAGNOSTIC,    16, -9.109599590302e-01, 3.411359843016e-04, 1.8944e+04, 1.0240e+03, 
 1DIAGNOSTIC,    17, -9.115035533905e-01, 2.879853370947e-04, 1.9968e+04, 1.0240e+03, 
 1DIAGNOSTIC,    18, -9.120049476624e-01, 2.472598473845e-04, 2.0480e+04, 5.1200e+02, 
 1DIAGNOSTIC,    19, -9.124572277069e-01, 2.147236738942e-04, 2.1504e+04, 1.0240e+03, 
 1DIAGNOSTIC,    20, -9.128861427307e-01, 1.889985820783e-04, 2.2016e+04, 5.1200e+02, 
  Elapsed time (stage 0): 22016


Total elapsed time: 22016
