
##########################
# Experiment information #
##########################
SIF_IMG: /project/rrg-glatard/mdugre/containers/ants-p2-vprec.sif
EXPERIMENT_NAME: vprec-space_search
CONFIG: 1111
VFC_BACKENDS: libinterflop_vprec.so --range-binary32=8 --precision-binary32=12 --range-binary64=8 --precision-binary64=12

FIXED_IMG: /templateflow/tpl-MNI152NLin2009cAsym/tpl-MNI152NLin2009cAsym_res-01_desc-brain_T1w.nii.gz
SUBJECT_ID: 0003047
INPUT_IMG: /project/rrg-glatard/mdugre/datasets/corr/RawDataBIDS/BMB_1/derivatives/antsBrainExtraction/sub-0003047/BrainExtractionBrain.nii.gz
OUTPUT_DIR: /project/rrg-glatard/mdugre/datasets/corr/RawDataBIDS/BMB_1/derivatives/vprec-space_search/1111/r8-p12/sub-0003047

ITK_GLOBAL_DEFAULT_NUMBER_OF_THREADS: 8
##########################

VFC_BACKENDS=libinterflop_vprec.so --range-binary32=8 --precision-binary32=12 --range-binary64=8 --precision-binary64=12
Info [verificarlo]: loaded backend libinterflop_vprec.so
Info [interflop-vprec]: load backend with: 
Info [interflop-vprec]: precision-binary32 = 12
Info [interflop-vprec]: range-binary32 = 8
Info [interflop-vprec]: precision-binary64 = 12
Info [interflop-vprec]: range-binary64 = 8
Info [interflop-vprec]: mode = ob
Info [interflop-vprec]: error-mode = rel
Info [interflop-vprec]: max-abs-error-exponent = -1022
Info [interflop-vprec]: daz = false
Info [interflop-vprec]: ftz = false
Info [interflop-vprec]: 	instrument = none
Info [interflop-vprec]: 	prec-input-file = (null)
Info [interflop-vprec]: 	prec-output-file = (null)
Info [interflop-vprec]: 	prec-log-file = (null)
All_Command_lines_OK
Using double precision for computations.
=============================================================================
The composite transform comprises the following transforms (in order): 
  1. Center of mass alignment using fixed image: /templateflow/tpl-MNI152NLin2009cAsym/tpl-MNI152NLin2009cAsym_res-01_desc-brain_T1w.nii.gz and moving image: /project/rrg-glatard/mdugre/datasets/corr/RawDataBIDS/BMB_1/derivatives/antsBrainExtraction/sub-0003047/BrainExtractionBrain.nii.gz (type = Euler3DTransform)
=============================================================================
  number of levels = 1
  fixed image: /templateflow/tpl-MNI152NLin2009cAsym/tpl-MNI152NLin2009cAsym_res-01_desc-brain_T1w.nii.gz
  moving image: /project/rrg-glatard/mdugre/datasets/corr/RawDataBIDS/BMB_1/derivatives/antsBrainExtraction/sub-0003047/BrainExtractionBrain.nii.gz
Dimension = 3
Number of stages = 1
Use histogram matching = false
Winsorize image intensities = true
  Lower quantile = 0.005
  Upper quantile = 0.995


Stage 1 State
   Image metric = MattesMI
     Fixed image = Image (0x4afb2f0)
  RTTI typeinfo:   itk::Image<double, 3u>
  Reference Count: 2
  Modified Time: 2330
  Debug: Off
  Object Name: 
  Observers: 
    none
  Source: (none)
  Source output name: (none)
  Release Data: Off
  Data Released: False
  Global Release Data: Off
  PipelineMTime: 0
  UpdateMTime: 1941
  RealTimeStamp: 0 seconds 
  LargestPossibleRegion: 
    Dimension: 3
    Index: [0, 0, 0]
    Size: [193, 229, 193]
  BufferedRegion: 
    Dimension: 3
    Index: [0, 0, 0]
    Size: [193, 229, 193]
  RequestedRegion: 
    Dimension: 3
    Index: [0, 0, 0]
    Size: [193, 229, 193]
  Spacing: [1, 1, 1]
  Origin: [96, 132, -78]
  Direction: 
-1 0 0
0 -1 0
0 0 1

  IndexToPointMatrix: 
-1 0 0
0 -1 0
0 0 1

  PointToIndexMatrix: 
-1 0 0
0 -1 0
0 0 1

  Inverse Direction: 
-1 0 0
0 -1 0
0 0 1

  PixelContainer: 
    ImportImageContainer (0x4b0d470)
      RTTI typeinfo:   itk::ImportImageContainer<unsigned long, double>
      Reference Count: 1
      Modified Time: 1938
      Debug: Off
      Object Name: 
      Observers: 
        none
      Pointer: 0x14a721d5a010
      Container manages memory: true
      Size: 8530021
      Capacity: 8530021

     Moving image = Image (0x4b95390)
  RTTI typeinfo:   itk::Image<double, 3u>
  Reference Count: 2
  Modified Time: 2331
  Debug: Off
  Object Name: 
  Observers: 
    none
  Source: (none)
  Source output name: (none)
  Release Data: Off
  Data Released: False
  Global Release Data: Off
  PipelineMTime: 0
  UpdateMTime: 2328
  RealTimeStamp: 0 seconds 
  LargestPossibleRegion: 
    Dimension: 3
    Index: [0, 0, 0]
    Size: [176, 256, 256]
  BufferedRegion: 
    Dimension: 3
    Index: [0, 0, 0]
    Size: [176, 256, 256]
  RequestedRegion: 
    Dimension: 3
    Index: [0, 0, 0]
    Size: [176, 256, 256]
  Spacing: [1, 1, 1]
  Origin: [-107.266, 104.344, -139.25]
  Direction: 
1 0 0
0 -1 0
0 0 1

  IndexToPointMatrix: 
1 0 0
0 -1 0
0 0 1

  PointToIndexMatrix: 
1 0 0
0 -1 0
0 0 1

  Inverse Direction: 
1 0 0
0 -1 0
0 0 1

  PixelContainer: 
    ImportImageContainer (0x4c75890)
      RTTI typeinfo:   itk::ImportImageContainer<unsigned long, double>
      Reference Count: 1
      Modified Time: 2325
      Debug: Off
      Object Name: 
      Observers: 
        none
      Pointer: 0x14a71c559010
      Container manages memory: true
      Size: 11534336
      Capacity: 11534336

     Weighting = 1
     Sampling strategy = regular
     Number of bins = 32
     Radius = 4
     Sampling percentage  = 0.25
   Transform = Rigid
     Gradient step = 0.1
     Update field sigma (voxel space) = 0
     Total field sigma (voxel space) = 0
     Update field time sigma = 0
     Total field time sigma  = 0
     Number of time indices = 0
     Number of time point samples = 0
Registration using 1 total stages.

Stage 0
  iterations = 0
  convergence threshold = 1e-06
  convergence window size = 10
  number of levels = 1
  using the Mattes MI metric (number of bins = 32, weight = 1, use gradient filter = 0)
  preprocessing:  winsorizing the image intensities
  Shrink factors (level 1 out of 1): [1, 1, 1]
  smoothing sigmas per level: [0]
  regular sampling (percentage = 0.25)

*** Running Euler3DTransform registration ***

  Elapsed time (stage 0): 0


Total elapsed time: 0
VFC_BACKENDS=libinterflop_vprec.so --range-binary32=8 --precision-binary32=12 --range-binary64=8 --precision-binary64=12
Info [verificarlo]: loaded backend libinterflop_vprec.so
Info [interflop-vprec]: load backend with: 
Info [interflop-vprec]: precision-binary32 = 12
Info [interflop-vprec]: range-binary32 = 8
Info [interflop-vprec]: precision-binary64 = 12
Info [interflop-vprec]: range-binary64 = 8
Info [interflop-vprec]: mode = ob
Info [interflop-vprec]: error-mode = rel
Info [interflop-vprec]: max-abs-error-exponent = -1022
Info [interflop-vprec]: daz = false
Info [interflop-vprec]: ftz = false
Info [interflop-vprec]: 	instrument = none
Info [interflop-vprec]: 	prec-input-file = (null)
Info [interflop-vprec]: 	prec-output-file = (null)
Info [interflop-vprec]: 	prec-log-file = (null)
All_Command_lines_OK
Using double precision for computations.
=============================================================================
The composite transform comprises the following transforms (in order): 
  1. /project/rrg-glatard/mdugre/datasets/corr/RawDataBIDS/BMB_1/derivatives/vprec-space_search/1111/r8-p12/sub-0003047/align_Composite.h5[0] (type = Euler3DTransform)
  2. /project/rrg-glatard/mdugre/datasets/corr/RawDataBIDS/BMB_1/derivatives/vprec-space_search/1111/r8-p12/sub-0003047/align_Composite.h5[1] (type = Euler3DTransform)
=============================================================================
  number of levels = 4
  fixed image: /templateflow/tpl-MNI152NLin2009cAsym/tpl-MNI152NLin2009cAsym_res-01_desc-brain_T1w.nii.gz
  moving image: /project/rrg-glatard/mdugre/datasets/corr/RawDataBIDS/BMB_1/derivatives/antsBrainExtraction/sub-0003047/BrainExtractionBrain.nii.gz
Dimension = 3
Number of stages = 1
Use histogram matching = false
Winsorize image intensities = true
  Lower quantile = 0.005
  Upper quantile = 0.995


Stage 1 State
   Image metric = MattesMI
     Fixed image = Image (0x333c300)
  RTTI typeinfo:   itk::Image<double, 3u>
  Reference Count: 2
  Modified Time: 1578
  Debug: Off
  Object Name: 
  Observers: 
    none
  Source: (none)
  Source output name: (none)
  Release Data: Off
  Data Released: False
  Global Release Data: Off
  PipelineMTime: 0
  UpdateMTime: 1189
  RealTimeStamp: 0 seconds 
  LargestPossibleRegion: 
    Dimension: 3
    Index: [0, 0, 0]
    Size: [193, 229, 193]
  BufferedRegion: 
    Dimension: 3
    Index: [0, 0, 0]
    Size: [193, 229, 193]
  RequestedRegion: 
    Dimension: 3
    Index: [0, 0, 0]
    Size: [193, 229, 193]
  Spacing: [1, 1, 1]
  Origin: [96, 132, -78]
  Direction: 
-1 0 0
0 -1 0
0 0 1

  IndexToPointMatrix: 
-1 0 0
0 -1 0
0 0 1

  PointToIndexMatrix: 
-1 0 0
0 -1 0
0 0 1

  Inverse Direction: 
-1 0 0
0 -1 0
0 0 1

  PixelContainer: 
    ImportImageContainer (0x33b4c30)
      RTTI typeinfo:   itk::ImportImageContainer<unsigned long, double>
      Reference Count: 1
      Modified Time: 1186
      Debug: Off
      Object Name: 
      Observers: 
        none
      Pointer: 0x14df8d062010
      Container manages memory: true
      Size: 8530021
      Capacity: 8530021

     Moving image = Image (0x33f71a0)
  RTTI typeinfo:   itk::Image<double, 3u>
  Reference Count: 2
  Modified Time: 1579
  Debug: Off
  Object Name: 
  Observers: 
    none
  Source: (none)
  Source output name: (none)
  Release Data: Off
  Data Released: False
  Global Release Data: Off
  PipelineMTime: 0
  UpdateMTime: 1576
  RealTimeStamp: 0 seconds 
  LargestPossibleRegion: 
    Dimension: 3
    Index: [0, 0, 0]
    Size: [176, 256, 256]
  BufferedRegion: 
    Dimension: 3
    Index: [0, 0, 0]
    Size: [176, 256, 256]
  RequestedRegion: 
    Dimension: 3
    Index: [0, 0, 0]
    Size: [176, 256, 256]
  Spacing: [1, 1, 1]
  Origin: [-107.266, 104.344, -139.25]
  Direction: 
1 0 0
0 -1 0
0 0 1

  IndexToPointMatrix: 
1 0 0
0 -1 0
0 0 1

  PointToIndexMatrix: 
1 0 0
0 -1 0
0 0 1

  Inverse Direction: 
1 0 0
0 -1 0
0 0 1

  PixelContainer: 
    ImportImageContainer (0x33acc10)
      RTTI typeinfo:   itk::ImportImageContainer<unsigned long, double>
      Reference Count: 1
      Modified Time: 1573
      Debug: Off
      Object Name: 
      Observers: 
        none
      Pointer: 0x14df87861010
      Container manages memory: true
      Size: 11534336
      Capacity: 11534336

     Weighting = 1
     Sampling strategy = regular
     Number of bins = 32
     Radius = 4
     Sampling percentage  = 0.25
   Transform = Rigid
     Gradient step = 0.1
     Update field sigma (voxel space) = 0
     Total field sigma (voxel space) = 0
     Update field time sigma = 0
     Total field time sigma  = 0
     Number of time indices = 0
     Number of time point samples = 0
Registration using 1 total stages.

Stage 0
  iterations = 1000x500x250x100
  convergence threshold = 1e-06
  convergence window size = 10
  number of levels = 4
  using the Mattes MI metric (number of bins = 32, weight = 1, use gradient filter = 0)
  preprocessing:  winsorizing the image intensities
  Shrink factors (level 1 out of 4): [8, 8, 8]
  Shrink factors (level 2 out of 4): [4, 4, 4]
  Shrink factors (level 3 out of 4): [2, 2, 2]
  Shrink factors (level 4 out of 4): [1, 1, 1]
  smoothing sigmas per level: [3, 2, 1, 0]
  regular sampling (percentage = 0.25)

*** Running Euler3DTransform registration ***

DIAGNOSTIC,Iteration,metricValue,convergenceValue,ITERATION_TIME_INDEX,SINCE_LAST
 2DIAGNOSTIC,     1, -4.973997101020e-02, 1.797693134862e+308, 0.0000e+00, 0.0000e+00, 
 2DIAGNOSTIC,     2, -5.015197792630e-02, 1.797693134862e+308, 0.0000e+00, 0.0000e+00, 
 2DIAGNOSTIC,     3, -5.088053029979e-02, 1.797693134862e+308, 0.0000e+00, 0.0000e+00, 
 2DIAGNOSTIC,     4, -5.271152372203e-02, 1.797693134862e+308, 0.0000e+00, 0.0000e+00, 
 2DIAGNOSTIC,     5, -5.365558862527e-02, 1.797693134862e+308, 0.0000e+00, 0.0000e+00, 
 2DIAGNOSTIC,     6, -5.368255783493e-02, 1.797693134862e+308, 0.0000e+00, 0.0000e+00, 
 2DIAGNOSTIC,     7, -5.393241717707e-02, 1.797693134862e+308, 0.0000e+00, 0.0000e+00, 
 2DIAGNOSTIC,     8, -5.417949435709e-02, 1.797693134862e+308, 0.0000e+00, 0.0000e+00, 
 2DIAGNOSTIC,     9, -5.541679531659e-02, 1.797693134862e+308, 0.0000e+00, 0.0000e+00, 
 2DIAGNOSTIC,    10, -6.302505793615e-02, 1.099124008845e-02, 0.0000e+00, 0.0000e+00, 
 2DIAGNOSTIC,    11, -8.130713245274e-02, 2.019219870271e-02, 0.0000e+00, 0.0000e+00, 
 2DIAGNOSTIC,    12, -9.617415555227e-02, 3.089547245270e-02, 0.0000e+00, 0.0000e+00, 
 2DIAGNOSTIC,    13, -9.125324829795e-02, 3.509509834788e-02, 0.0000e+00, 0.0000e+00, 
 2DIAGNOSTIC,    14, -9.129808003787e-02, 3.612160193761e-02, 0.0000e+00, 0.0000e+00, 
 2DIAGNOSTIC,    15, -9.133526556680e-02, 3.402844743360e-02, 0.0000e+00, 0.0000e+00, 
 2DIAGNOSTIC,    16, -9.131910853136e-02, 2.912585216833e-02, 0.0000e+00, 0.0000e+00, 
 2DIAGNOSTIC,    17, -9.131850992830e-02, 2.238111244271e-02, 0.0000e+00, 0.0000e+00, 
 2DIAGNOSTIC,    18, -9.131840044980e-02, 1.472247034098e-02, 0.0000e+00, 0.0000e+00, 
 2DIAGNOSTIC,    19, -9.133120346287e-02, 7.071429703241e-03, 0.0000e+00, 0.0000e+00, 
 2DIAGNOSTIC,    20, -9.133159897423e-02, 1.152084015962e-03, 0.0000e+00, 0.0000e+00, 
DIAGNOSTIC,Iteration,metricValue,convergenceValue,ITERATION_TIME_INDEX,SINCE_LAST
 2DIAGNOSTIC,     1, -3.115056292380e-02, 1.797693134862e+308, 0.0000e+00, 0.0000e+00, 
 2DIAGNOSTIC,     2, -3.116906881275e-02, 1.797693134862e+308, 0.0000e+00, 0.0000e+00, 
 2DIAGNOSTIC,     3, -3.119607046126e-02, 1.797693134862e+308, 0.0000e+00, 0.0000e+00, 
 2DIAGNOSTIC,     4, -3.121093854861e-02, 1.797693134862e+308, 0.0000e+00, 0.0000e+00, 
 2DIAGNOSTIC,     5, -3.124073873984e-02, 1.797693134862e+308, 0.0000e+00, 0.0000e+00, 
 2DIAGNOSTIC,     6, -3.128492887026e-02, 1.797693134862e+308, 0.0000e+00, 0.0000e+00, 
 2DIAGNOSTIC,     7, -3.128356390058e-02, 1.797693134862e+308, 0.0000e+00, 0.0000e+00, 
 2DIAGNOSTIC,     8, -3.127181893398e-02, 1.797693134862e+308, 0.0000e+00, 0.0000e+00, 
 2DIAGNOSTIC,     9, -3.126081644749e-02, 1.797693134862e+308, 0.0000e+00, 0.0000e+00, 
 2DIAGNOSTIC,    10, -3.126009287167e-02, 2.623711247859e-04, 0.0000e+00, 0.0000e+00, 
 2DIAGNOSTIC,    11, -3.126287147120e-02, 1.681627202038e-04, 0.0000e+00, 0.0000e+00, 
 2DIAGNOSTIC,    12, -3.124836284323e-02, 7.758073016034e-05, 0.0000e+00, 0.0000e+00, 
 2DIAGNOSTIC,    13, -3.124830427029e-02, 1.401464922718e-05, 0.0000e+00, 0.0000e+00, 
DIAGNOSTIC,Iteration,metricValue,convergenceValue,ITERATION_TIME_INDEX,SINCE_LAST
 2DIAGNOSTIC,     1, -1.504122837101e-02, 1.797693134862e+308, 0.0000e+00, 0.0000e+00, 
 2DIAGNOSTIC,     2, -1.504463440138e-02, 1.797693134862e+308, 0.0000e+00, 0.0000e+00, 
 2DIAGNOSTIC,     3, -1.505897114471e-02, 1.797693134862e+308, 0.0000e+00, 0.0000e+00, 
 2DIAGNOSTIC,     4, -1.510431518886e-02, 1.797693134862e+308, 0.0000e+00, 0.0000e+00, 
 2DIAGNOSTIC,     5, -1.511575429681e-02, 1.797693134862e+308, 0.0000e+00, 0.0000e+00, 
 2DIAGNOSTIC,     6, -1.513911610209e-02, 1.797693134862e+308, 0.0000e+00, 0.0000e+00, 
 2DIAGNOSTIC,     7, -1.515055053033e-02, 1.797693134862e+308, 0.0000e+00, 0.0000e+00, 
 2DIAGNOSTIC,     8, -1.515631961889e-02, 1.797693134862e+308, 0.0000e+00, 0.0000e+00, 
 2DIAGNOSTIC,     9, -1.515881285495e-02, 1.797693134862e+308, 0.0000e+00, 0.0000e+00, 
 2DIAGNOSTIC,    10, -1.515761451563e-02, 5.867366123703e-04, 0.0000e+00, 0.0000e+00, 
 2DIAGNOSTIC,    11, -1.516115528939e-02, 4.509501036878e-04, 0.0000e+00, 0.0000e+00, 
 2DIAGNOSTIC,    12, -1.515644660373e-02, 2.956310001860e-04, 0.0000e+00, 0.0000e+00, 
 2DIAGNOSTIC,    13, -1.515638694845e-02, 1.573849939169e-04, 0.0000e+00, 0.0000e+00, 
 2DIAGNOSTIC,    14, -1.515805895311e-02, 8.811987264204e-05, 0.0000e+00, 0.0000e+00, 
 2DIAGNOSTIC,    15, -1.515533244949e-02, 3.052315166482e-05, 0.0000e+00, 0.0000e+00, 
 2DIAGNOSTIC,    16, -1.515538057655e-02, 4.876787819311e-06, 0.0000e+00, 0.0000e+00, 
DIAGNOSTIC,Iteration,metricValue,convergenceValue,ITERATION_TIME_INDEX,SINCE_LAST
 2DIAGNOSTIC,     1, -1.336222497889e-02, 1.797693134862e+308, 0.0000e+00, 0.0000e+00, 
 2DIAGNOSTIC,     2, -1.336068914646e-02, 1.797693134862e+308, 0.0000e+00, 0.0000e+00, 
 2DIAGNOSTIC,     3, -1.335825370699e-02, 1.797693134862e+308, 0.0000e+00, 0.0000e+00, 
 2DIAGNOSTIC,     4, -1.335897988770e-02, 1.797693134862e+308, 0.0000e+00, 0.0000e+00, 
 2DIAGNOSTIC,     5, -1.336089644439e-02, 1.797693134862e+308, 0.0000e+00, 0.0000e+00, 
 2DIAGNOSTIC,     6, -1.336112521301e-02, 1.797693134862e+308, 0.0000e+00, 0.0000e+00, 
 2DIAGNOSTIC,     7, -1.336061972904e-02, 1.797693134862e+308, 0.0000e+00, 0.0000e+00, 
 2DIAGNOSTIC,     8, -1.336031707522e-02, 1.797693134862e+308, 0.0000e+00, 0.0000e+00, 
 2DIAGNOSTIC,     9, -1.335830791478e-02, 1.797693134862e+308, 0.0000e+00, 0.0000e+00, 
  Elapsed time (stage 0): 0.0000e+00


Total elapsed time: 0.0000e+00
VFC_BACKENDS=libinterflop_vprec.so --range-binary32=8 --precision-binary32=12 --range-binary64=8 --precision-binary64=12
Info [verificarlo]: loaded backend libinterflop_vprec.so
Info [interflop-vprec]: load backend with: 
Info [interflop-vprec]: precision-binary32 = 12
Info [interflop-vprec]: range-binary32 = 8
Info [interflop-vprec]: precision-binary64 = 12
Info [interflop-vprec]: range-binary64 = 8
Info [interflop-vprec]: mode = ob
Info [interflop-vprec]: error-mode = rel
Info [interflop-vprec]: max-abs-error-exponent = -1022
Info [interflop-vprec]: daz = false
Info [interflop-vprec]: ftz = false
Info [interflop-vprec]: 	instrument = none
Info [interflop-vprec]: 	prec-input-file = (null)
Info [interflop-vprec]: 	prec-output-file = (null)
Info [interflop-vprec]: 	prec-log-file = (null)
All_Command_lines_OK
Using double precision for computations.
=============================================================================
The composite transform comprises the following transforms (in order): 
  1. /project/rrg-glatard/mdugre/datasets/corr/RawDataBIDS/BMB_1/derivatives/vprec-space_search/1111/r8-p12/sub-0003047/rigid_Composite.h5[0] (type = Euler3DTransform)
  2. /project/rrg-glatard/mdugre/datasets/corr/RawDataBIDS/BMB_1/derivatives/vprec-space_search/1111/r8-p12/sub-0003047/rigid_Composite.h5[1] (type = Euler3DTransform)
  3. /project/rrg-glatard/mdugre/datasets/corr/RawDataBIDS/BMB_1/derivatives/vprec-space_search/1111/r8-p12/sub-0003047/rigid_Composite.h5[2] (type = Euler3DTransform)
=============================================================================
  number of levels = 4
  fixed image: /templateflow/tpl-MNI152NLin2009cAsym/tpl-MNI152NLin2009cAsym_res-01_desc-brain_T1w.nii.gz
  moving image: /project/rrg-glatard/mdugre/datasets/corr/RawDataBIDS/BMB_1/derivatives/antsBrainExtraction/sub-0003047/BrainExtractionBrain.nii.gz
Dimension = 3
Number of stages = 1
Use histogram matching = false
Winsorize image intensities = true
  Lower quantile = 0.005
  Upper quantile = 0.995


Stage 1 State
   Image metric = MattesMI
     Fixed image = Image (0x3ba8300)
  RTTI typeinfo:   itk::Image<double, 3u>
  Reference Count: 2
  Modified Time: 1592
  Debug: Off
  Object Name: 
  Observers: 
    none
  Source: (none)
  Source output name: (none)
  Release Data: Off
  Data Released: False
  Global Release Data: Off
  PipelineMTime: 0
  UpdateMTime: 1203
  RealTimeStamp: 0 seconds 
  LargestPossibleRegion: 
    Dimension: 3
    Index: [0, 0, 0]
    Size: [193, 229, 193]
  BufferedRegion: 
    Dimension: 3
    Index: [0, 0, 0]
    Size: [193, 229, 193]
  RequestedRegion: 
    Dimension: 3
    Index: [0, 0, 0]
    Size: [193, 229, 193]
  Spacing: [1, 1, 1]
  Origin: [96, 132, -78]
  Direction: 
-1 0 0
0 -1 0
0 0 1

  IndexToPointMatrix: 
-1 0 0
0 -1 0
0 0 1

  PointToIndexMatrix: 
-1 0 0
0 -1 0
0 0 1

  Inverse Direction: 
-1 0 0
0 -1 0
0 0 1

  PixelContainer: 
    ImportImageContainer (0x3bb4170)
      RTTI typeinfo:   itk::ImportImageContainer<unsigned long, double>
      Reference Count: 1
      Modified Time: 1200
      Debug: Off
      Object Name: 
      Observers: 
        none
      Pointer: 0x1488528c1010
      Container manages memory: true
      Size: 8530021
      Capacity: 8530021

     Moving image = Image (0x3c1a760)
  RTTI typeinfo:   itk::Image<double, 3u>
  Reference Count: 2
  Modified Time: 1593
  Debug: Off
  Object Name: 
  Observers: 
    none
  Source: (none)
  Source output name: (none)
  Release Data: Off
  Data Released: False
  Global Release Data: Off
  PipelineMTime: 0
  UpdateMTime: 1590
  RealTimeStamp: 0 seconds 
  LargestPossibleRegion: 
    Dimension: 3
    Index: [0, 0, 0]
    Size: [176, 256, 256]
  BufferedRegion: 
    Dimension: 3
    Index: [0, 0, 0]
    Size: [176, 256, 256]
  RequestedRegion: 
    Dimension: 3
    Index: [0, 0, 0]
    Size: [176, 256, 256]
  Spacing: [1, 1, 1]
  Origin: [-107.266, 104.344, -139.25]
  Direction: 
1 0 0
0 -1 0
0 0 1

  IndexToPointMatrix: 
1 0 0
0 -1 0
0 0 1

  PointToIndexMatrix: 
1 0 0
0 -1 0
0 0 1

  Inverse Direction: 
1 0 0
0 -1 0
0 0 1

  PixelContainer: 
    ImportImageContainer (0x3d16950)
      RTTI typeinfo:   itk::ImportImageContainer<unsigned long, double>
      Reference Count: 1
      Modified Time: 1587
      Debug: Off
      Object Name: 
      Observers: 
        none
      Pointer: 0x14884d0c0010
      Container manages memory: true
      Size: 11534336
      Capacity: 11534336

     Weighting = 1
     Sampling strategy = regular
     Number of bins = 32
     Radius = 4
     Sampling percentage  = 0.25
   Transform = Affine
     Gradient step = 0.1
     Update field sigma (voxel space) = 0
     Total field sigma (voxel space) = 0
     Update field time sigma = 0
     Total field time sigma  = 0
     Number of time indices = 0
     Number of time point samples = 0
Registration using 1 total stages.

Stage 0
  iterations = 1000x500x250x100
  convergence threshold = 1e-06
  convergence window size = 10
  number of levels = 4
  using the Mattes MI metric (number of bins = 32, weight = 1, use gradient filter = 0)
  preprocessing:  winsorizing the image intensities
  Shrink factors (level 1 out of 4): [8, 8, 8]
  Shrink factors (level 2 out of 4): [4, 4, 4]
  Shrink factors (level 3 out of 4): [2, 2, 2]
  Shrink factors (level 4 out of 4): [1, 1, 1]
  smoothing sigmas per level: [3, 2, 1, 0]
  regular sampling (percentage = 0.25)

*** Running AffineTransform registration ***

DIAGNOSTIC,Iteration,metricValue,convergenceValue,ITERATION_TIME_INDEX,SINCE_LAST
 2DIAGNOSTIC,     1, -9.005498767124e-02, 1.797693134862e+308, 0.0000e+00, 0.0000e+00, 
 2DIAGNOSTIC,     2, -9.024040560567e-02, 1.797693134862e+308, 0.0000e+00, 0.0000e+00, 
 2DIAGNOSTIC,     3, -9.045515710908e-02, 1.797693134862e+308, 0.0000e+00, 0.0000e+00, 
 2DIAGNOSTIC,     4, -9.087044737093e-02, 1.797693134862e+308, 0.0000e+00, 0.0000e+00, 
 2DIAGNOSTIC,     5, -9.136262506931e-02, 1.797693134862e+308, 0.0000e+00, 0.0000e+00, 
 2DIAGNOSTIC,     6, -9.138712119363e-02, 1.797693134862e+308, 0.0000e+00, 0.0000e+00, 
 2DIAGNOSTIC,     7, -9.152261505928e-02, 1.797693134862e+308, 0.0000e+00, 0.0000e+00, 
 2DIAGNOSTIC,     8, -9.151206041514e-02, 1.797693134862e+308, 0.0000e+00, 0.0000e+00, 
 2DIAGNOSTIC,     9, -9.148492077422e-02, 1.797693134862e+308, 0.0000e+00, 0.0000e+00, 
 2DIAGNOSTIC,    10, -9.170612879371e-02, 1.186457762947e-03, 0.0000e+00, 0.0000e+00, 
 2DIAGNOSTIC,    11, -9.181430099664e-02, 9.080731417818e-04, 0.0000e+00, 0.0000e+00, 
 2DIAGNOSTIC,    12, -9.229858150316e-02, 7.699016705196e-04, 0.0000e+00, 0.0000e+00, 
 2DIAGNOSTIC,    13, -9.237214681712e-02, 6.495261929805e-04, 0.0000e+00, 0.0000e+00, 
 2DIAGNOSTIC,    14, -9.323197848557e-02, 7.691423588768e-04, 0.0000e+00, 0.0000e+00, 
 2DIAGNOSTIC,    15, -9.439510541438e-02, 1.140231453243e-03, 0.0000e+00, 0.0000e+00, 
 2DIAGNOSTIC,    16, -9.494982457711e-02, 1.465088383414e-03, 0.0000e+00, 0.0000e+00, 
 2DIAGNOSTIC,    17, -9.523341029438e-02, 1.693201603793e-03, 0.0000e+00, 0.0000e+00, 
 2DIAGNOSTIC,    18, -9.540178186258e-02, 1.768877677429e-03, 0.0000e+00, 0.0000e+00, 
 2DIAGNOSTIC,    19, -9.556403645693e-02, 1.693225849015e-03, 0.0000e+00, 0.0000e+00, 
 2DIAGNOSTIC,    20, -9.551967301128e-02, 1.492784727652e-03, 0.0000e+00, 0.0000e+00, 
 2DIAGNOSTIC,    21, -9.571643707610e-02, 1.216590245653e-03, 0.0000e+00, 0.0000e+00, 
 2DIAGNOSTIC,    22, -9.591436396850e-02, 9.500970806953e-04, 0.0000e+00, 0.0000e+00, 
 2DIAGNOSTIC,    23, -9.601908648814e-02, 6.412263314967e-04, 0.0000e+00, 0.0000e+00, 
 2DIAGNOSTIC,    24, -9.614148687071e-02, 4.210288796367e-04, 0.0000e+00, 0.0000e+00, 
 2DIAGNOSTIC,    25, -9.615353731669e-02, 3.217846297433e-04, 0.0000e+00, 0.0000e+00, 
 2DIAGNOSTIC,    26, -9.614978238656e-02, 2.643027383133e-04, 0.0000e+00, 0.0000e+00, 
 2DIAGNOSTIC,    27, -9.599506898858e-02, 2.003503337352e-04, 0.0000e+00, 0.0000e+00, 
 2DIAGNOSTIC,    28, -9.614956652425e-02, 1.573231867109e-04, 0.0000e+00, 0.0000e+00, 
 2DIAGNOSTIC,    29, -9.615412769621e-02, 1.198838748918e-04, 0.0000e+00, 0.0000e+00, 
 2DIAGNOSTIC,    30, -9.614702991200e-02, 6.830798272030e-05, 0.0000e+00, 0.0000e+00, 
 2DIAGNOSTIC,    31, -9.614565886907e-02, 3.299553860176e-05, 0.0000e+00, 0.0000e+00, 
 2DIAGNOSTIC,    32, -9.614694759698e-02, 1.585573695245e-05, 0.0000e+00, 0.0000e+00, 
 2DIAGNOSTIC,    33, -9.614737561980e-02, 7.517662668891e-06, 0.0000e+00, 0.0000e+00, 
 2DIAGNOSTIC,    34, -9.615132260190e-02, 9.999713620236e-06, 0.0000e+00, 0.0000e+00, 
 2DIAGNOSTIC,    35, -9.613921387847e-02, 1.155910851215e-05, 0.0000e+00, 0.0000e+00, 
 2DIAGNOSTIC,    36, -9.614107701758e-02, 1.245228553095e-05, 0.0000e+00, 0.0000e+00, 
DIAGNOSTIC,Iteration,metricValue,convergenceValue,ITERATION_TIME_INDEX,SINCE_LAST
 2DIAGNOSTIC,     1, -3.137212838870e-02, 1.797693134862e+308, 0.0000e+00, 0.0000e+00, 
 2DIAGNOSTIC,     2, -3.148830368462e-02, 1.797693134862e+308, 0.0000e+00, 0.0000e+00, 
 2DIAGNOSTIC,     3, -3.154847809982e-02, 1.797693134862e+308, 0.0000e+00, 0.0000e+00, 
 2DIAGNOSTIC,     4, -3.165983568733e-02, 1.797693134862e+308, 0.0000e+00, 0.0000e+00, 
 2DIAGNOSTIC,     5, -3.176861527792e-02, 1.797693134862e+308, 0.0000e+00, 0.0000e+00, 
 2DIAGNOSTIC,     6, -3.186187868805e-02, 1.797693134862e+308, 0.0000e+00, 0.0000e+00, 
 2DIAGNOSTIC,     7, -3.190903354210e-02, 1.797693134862e+308, 0.0000e+00, 0.0000e+00, 
 2DIAGNOSTIC,     8, -3.200853851023e-02, 1.797693134862e+308, 0.0000e+00, 0.0000e+00, 
 2DIAGNOSTIC,     9, -3.197567286984e-02, 1.797693134862e+308, 0.0000e+00, 0.0000e+00, 
 2DIAGNOSTIC,    10, -3.249233976527e-02, 1.791530375612e-03, 0.0000e+00, 0.0000e+00, 
 2DIAGNOSTIC,    11, -3.408450177661e-02, 3.039654645931e-03, 0.0000e+00, 0.0000e+00, 
 2DIAGNOSTIC,    12, -3.429332191326e-02, 4.004347656784e-03, 0.0000e+00, 0.0000e+00, 
 2DIAGNOSTIC,    13, -3.441720791578e-02, 4.588505365397e-03, 0.0000e+00, 0.0000e+00, 
 2DIAGNOSTIC,    14, -3.469815662466e-02, 4.925182864419e-03, 0.0000e+00, 0.0000e+00, 
 2DIAGNOSTIC,    15, -3.494106996136e-02, 4.957671920623e-03, 0.0000e+00, 0.0000e+00, 
 2DIAGNOSTIC,    16, -3.503839064762e-02, 4.618490643835e-03, 0.0000e+00, 0.0000e+00, 
 2DIAGNOSTIC,    17, -3.517900574777e-02, 3.992547389259e-03, 0.0000e+00, 0.0000e+00, 
 2DIAGNOSTIC,    18, -3.515976504989e-02, 3.126041146452e-03, 0.0000e+00, 0.0000e+00, 
 2DIAGNOSTIC,    19, -3.551628503115e-02, 2.214569960917e-03, 0.0000e+00, 0.0000e+00, 
 2DIAGNOSTIC,    20, -3.567880815904e-02, 1.461046432709e-03, 0.0000e+00, 0.0000e+00, 
 2DIAGNOSTIC,    21, -3.581746575548e-02, 1.346777631949e-03, 0.0000e+00, 0.0000e+00, 
 2DIAGNOSTIC,    22, -3.592208482661e-02, 1.240727292730e-03, 0.0000e+00, 0.0000e+00, 
 2DIAGNOSTIC,    23, -3.603106228598e-02, 1.112833735572e-03, 0.0000e+00, 0.0000e+00, 
 2DIAGNOSTIC,    24, -3.603808650810e-02, 9.900056498130e-04, 0.0000e+00, 0.0000e+00, 
 2DIAGNOSTIC,    25, -3.608506694257e-02, 8.812351049854e-04, 0.0000e+00, 0.0000e+00, 
 2DIAGNOSTIC,    26, -3.610099818742e-02, 7.348503282890e-04, 0.0000e+00, 0.0000e+00, 
 2DIAGNOSTIC,    27, -3.609512279988e-02, 5.742775290680e-04, 0.0000e+00, 0.0000e+00, 
 2DIAGNOSTIC,    28, -3.608067177266e-02, 3.597932254620e-04, 0.0000e+00, 0.0000e+00, 
 2DIAGNOSTIC,    29, -3.607497725470e-02, 2.273277556815e-04, 0.0000e+00, 0.0000e+00, 
 2DIAGNOSTIC,    30, -3.607508520832e-02, 1.272983083871e-04, 0.0000e+00, 0.0000e+00, 
 2DIAGNOSTIC,    31, -3.607780118200e-02, 5.932151228222e-05, 0.0000e+00, 0.0000e+00, 
 2DIAGNOSTIC,    32, -3.607842420272e-02, 1.691206751701e-05, 0.0000e+00, 0.0000e+00, 
 2DIAGNOSTIC,    33, -3.607842420272e-02, 3.220793203376e-06, 0.0000e+00, 0.0000e+00, 
DIAGNOSTIC,Iteration,metricValue,convergenceValue,ITERATION_TIME_INDEX,SINCE_LAST
 2DIAGNOSTIC,     1, -1.226788280547e-02, 1.797693134862e+308, 0.0000e+00, 0.0000e+00, 
 2DIAGNOSTIC,     2, -1.228763622080e-02, 1.797693134862e+308, 0.0000e+00, 0.0000e+00, 
 2DIAGNOSTIC,     3, -1.229650610258e-02, 1.797693134862e+308, 0.0000e+00, 0.0000e+00, 
 2DIAGNOSTIC,     4, -1.232714368450e-02, 1.797693134862e+308, 0.0000e+00, 0.0000e+00, 
 2DIAGNOSTIC,     5, -1.235720480943e-02, 1.797693134862e+308, 0.0000e+00, 0.0000e+00, 
 2DIAGNOSTIC,     6, -1.239443299210e-02, 1.797693134862e+308, 0.0000e+00, 0.0000e+00, 
 2DIAGNOSTIC,     7, -1.241823948238e-02, 1.797693134862e+308, 0.0000e+00, 0.0000e+00, 
 2DIAGNOSTIC,     8, -1.242266152363e-02, 1.797693134862e+308, 0.0000e+00, 0.0000e+00, 
 2DIAGNOSTIC,     9, -1.242724367756e-02, 1.797693134862e+308, 0.0000e+00, 0.0000e+00, 
 2DIAGNOSTIC,    10, -1.242636260679e-02, 9.641482829965e-04, 0.0000e+00, 0.0000e+00, 
 2DIAGNOSTIC,    11, -1.243386491634e-02, 7.648074516145e-04, 0.0000e+00, 0.0000e+00, 
 2DIAGNOSTIC,    12, -1.242896147974e-02, 5.588651503753e-04, 0.0000e+00, 0.0000e+00, 
 2DIAGNOSTIC,    13, -1.242994030916e-02, 3.521984441402e-04, 0.0000e+00, 0.0000e+00, 
 2DIAGNOSTIC,    14, -1.242994928729e-02, 1.935747528886e-04, 0.0000e+00, 0.0000e+00, 
 2DIAGNOSTIC,    15, -1.242910368549e-02, 8.222495713230e-05, 0.0000e+00, 0.0000e+00, 
 2DIAGNOSTIC,    16, -1.242697940685e-02, 2.698833074802e-05, 0.0000e+00, 0.0000e+00, 
 2DIAGNOSTIC,    17, -1.242813939106e-02, 9.716883033813e-06, 0.0000e+00, 0.0000e+00, 
DIAGNOSTIC,Iteration,metricValue,convergenceValue,ITERATION_TIME_INDEX,SINCE_LAST
 2DIAGNOSTIC,     1, -1.038438297110e-02, 1.797693134862e+308, 0.0000e+00, 0.0000e+00, 
 2DIAGNOSTIC,     2, -1.039204166503e-02, 1.797693134862e+308, 0.0000e+00, 0.0000e+00, 
 2DIAGNOSTIC,     3, -1.040423597363e-02, 1.797693134862e+308, 0.0000e+00, 0.0000e+00, 
 2DIAGNOSTIC,     4, -1.040448093861e-02, 1.797693134862e+308, 0.0000e+00, 0.0000e+00, 
 2DIAGNOSTIC,     5, -1.040749607815e-02, 1.797693134862e+308, 0.0000e+00, 0.0000e+00, 
 2DIAGNOSTIC,     6, -1.041331555476e-02, 1.797693134862e+308, 0.0000e+00, 0.0000e+00, 
 2DIAGNOSTIC,     7, -1.041691099690e-02, 1.797693134862e+308, 0.0000e+00, 0.0000e+00, 
 2DIAGNOSTIC,     8, -1.043649367194e-02, 1.797693134862e+308, 0.0000e+00, 0.0000e+00, 
 2DIAGNOSTIC,     9, -1.048401892727e-02, 1.797693134862e+308, 0.0000e+00, 0.0000e+00, 
 2DIAGNOSTIC,    10, -1.063469516128e-02, 9.842794218882e-04, 0.0000e+00, 0.0000e+00, 
 2DIAGNOSTIC,    11, -1.129878595893e-02, 2.897749796565e-03, 0.0000e+00, 0.0000e+00, 
 2DIAGNOSTIC,    12, -1.207896950521e-02, 5.902171282851e-03, 0.0000e+00, 0.0000e+00, 
 2DIAGNOSTIC,    13, -1.461248352382e-02, 1.277779128458e-02, 0.0000e+00, 0.0000e+00, 
 2DIAGNOSTIC,    14, -2.152186461570e-02, 2.840198828308e-02, 0.0000e+00, 0.0000e+00, 
 2DIAGNOSTIC,    15, -5.138608998812e-02, 7.189824982676e-02, 0.0000e+00, 0.0000e+00, 
 2DIAGNOSTIC,    16, -5.560369566542e-02, 9.515913387314e-02, 0.0000e+00, 0.0000e+00, 
 2DIAGNOSTIC,    17, -8.364202349150e-02, 1.173893151516e-01, 0.0000e+00, 0.0000e+00, 
 2DIAGNOSTIC,    18, -8.367319234714e-02, 1.216554517570e-01, 0.0000e+00, 0.0000e+00, 
 2DIAGNOSTIC,    19, -8.366771678268e-02, 1.146865984187e-01, 0.0000e+00, 0.0000e+00, 
 2DIAGNOSTIC,    20, -8.364957063026e-02, 1.000147162933e-01, 0.0000e+00, 0.0000e+00, 
 2DIAGNOSTIC,    21, -8.363654720910e-02, 8.051027481792e-02, 0.0000e+00, 0.0000e+00, 
 2DIAGNOSTIC,    22, -8.363851854426e-02, 5.849613075633e-02, 0.0000e+00, 0.0000e+00, 
 2DIAGNOSTIC,    23, -8.364299646449e-02, 3.650261045054e-02, 0.0000e+00, 0.0000e+00, 
 2DIAGNOSTIC,    24, -8.363954716486e-02, 1.715247078201e-02, 0.0000e+00, 0.0000e+00, 
 2DIAGNOSTIC,    25, -8.364556047172e-02, 7.777315481681e-03, 0.0000e+00, 0.0000e+00, 
  Elapsed time (stage 0): 0.0000e+00


Total elapsed time: 0.0000e+00
VFC_BACKENDS=libinterflop_vprec.so --range-binary32=8 --precision-binary32=12 --range-binary64=8 --precision-binary64=12
Info [verificarlo]: loaded backend libinterflop_vprec.so
Info [interflop-vprec]: load backend with: 
Info [interflop-vprec]: precision-binary32 = 12
Info [interflop-vprec]: range-binary32 = 8
Info [interflop-vprec]: precision-binary64 = 12
Info [interflop-vprec]: range-binary64 = 8
Info [interflop-vprec]: mode = ob
Info [interflop-vprec]: error-mode = rel
Info [interflop-vprec]: max-abs-error-exponent = -1022
Info [interflop-vprec]: daz = false
Info [interflop-vprec]: ftz = false
Info [interflop-vprec]: 	instrument = none
Info [interflop-vprec]: 	prec-input-file = (null)
Info [interflop-vprec]: 	prec-output-file = (null)
Info [interflop-vprec]: 	prec-log-file = (null)
All_Command_lines_OK
Using double precision for computations.
=============================================================================
The composite transform comprises the following transforms (in order): 
  1. /project/rrg-glatard/mdugre/datasets/corr/RawDataBIDS/BMB_1/derivatives/vprec-space_search/1111/r8-p12/sub-0003047/affine_Composite.h5[0] (type = Euler3DTransform)
  2. /project/rrg-glatard/mdugre/datasets/corr/RawDataBIDS/BMB_1/derivatives/vprec-space_search/1111/r8-p12/sub-0003047/affine_Composite.h5[1] (type = Euler3DTransform)
  3. /project/rrg-glatard/mdugre/datasets/corr/RawDataBIDS/BMB_1/derivatives/vprec-space_search/1111/r8-p12/sub-0003047/affine_Composite.h5[2] (type = Euler3DTransform)
  4. /project/rrg-glatard/mdugre/datasets/corr/RawDataBIDS/BMB_1/derivatives/vprec-space_search/1111/r8-p12/sub-0003047/affine_Composite.h5[3] (type = AffineTransform)
=============================================================================
  number of levels = 4
  fixed image: /templateflow/tpl-MNI152NLin2009cAsym/tpl-MNI152NLin2009cAsym_res-01_desc-brain_T1w.nii.gz
  moving image: /project/rrg-glatard/mdugre/datasets/corr/RawDataBIDS/BMB_1/derivatives/antsBrainExtraction/sub-0003047/BrainExtractionBrain.nii.gz
Dimension = 3
Number of stages = 1
Use histogram matching = false
Winsorize image intensities = true
  Lower quantile = 0.005
  Upper quantile = 0.995


Stage 1 State
   Image metric = CC
     Fixed image = Image (0x4cc64c0)
  RTTI typeinfo:   itk::Image<double, 3u>
  Reference Count: 2
  Modified Time: 1606
  Debug: Off
  Object Name: 
  Observers: 
    none
  Source: (none)
  Source output name: (none)
  Release Data: Off
  Data Released: False
  Global Release Data: Off
  PipelineMTime: 0
  UpdateMTime: 1217
  RealTimeStamp: 0 seconds 
  LargestPossibleRegion: 
    Dimension: 3
    Index: [0, 0, 0]
    Size: [193, 229, 193]
  BufferedRegion: 
    Dimension: 3
    Index: [0, 0, 0]
    Size: [193, 229, 193]
  RequestedRegion: 
    Dimension: 3
    Index: [0, 0, 0]
    Size: [193, 229, 193]
  Spacing: [1, 1, 1]
  Origin: [96, 132, -78]
  Direction: 
-1 0 0
0 -1 0
0 0 1

  IndexToPointMatrix: 
-1 0 0
0 -1 0
0 0 1

  PointToIndexMatrix: 
-1 0 0
0 -1 0
0 0 1

  Inverse Direction: 
-1 0 0
0 -1 0
0 0 1

  PixelContainer: 
    ImportImageContainer (0x4d938b0)
      RTTI typeinfo:   itk::ImportImageContainer<unsigned long, double>
      Reference Count: 1
      Modified Time: 1214
      Debug: Off
      Object Name: 
      Observers: 
        none
      Pointer: 0x1517c5303010
      Container manages memory: true
      Size: 8530021
      Capacity: 8530021

     Moving image = Image (0x4d810b0)
  RTTI typeinfo:   itk::Image<double, 3u>
  Reference Count: 2
  Modified Time: 1607
  Debug: Off
  Object Name: 
  Observers: 
    none
  Source: (none)
  Source output name: (none)
  Release Data: Off
  Data Released: False
  Global Release Data: Off
  PipelineMTime: 0
  UpdateMTime: 1604
  RealTimeStamp: 0 seconds 
  LargestPossibleRegion: 
    Dimension: 3
    Index: [0, 0, 0]
    Size: [176, 256, 256]
  BufferedRegion: 
    Dimension: 3
    Index: [0, 0, 0]
    Size: [176, 256, 256]
  RequestedRegion: 
    Dimension: 3
    Index: [0, 0, 0]
    Size: [176, 256, 256]
  Spacing: [1, 1, 1]
  Origin: [-107.266, 104.344, -139.25]
  Direction: 
1 0 0
0 -1 0
0 0 1

  IndexToPointMatrix: 
1 0 0
0 -1 0
0 0 1

  PointToIndexMatrix: 
1 0 0
0 -1 0
0 0 1

  Inverse Direction: 
1 0 0
0 -1 0
0 0 1

  PixelContainer: 
    ImportImageContainer (0x4e60f50)
      RTTI typeinfo:   itk::ImportImageContainer<unsigned long, double>
      Reference Count: 1
      Modified Time: 1601
      Debug: Off
      Object Name: 
      Observers: 
        none
      Pointer: 0x1517bfb02010
      Container manages memory: true
      Size: 11534336
      Capacity: 11534336

     Weighting = 1
     Sampling strategy = none
     Number of bins = 32
     Radius = 4
     Sampling percentage  = 1
   Transform = SyN
     Gradient step = 0.1
     Update field sigma (voxel space) = 3
     Total field sigma (voxel space) = 0
     Update field time sigma = 0
     Total field time sigma  = 0
     Number of time indices = 0
     Number of time point samples = 0
Registration using 1 total stages.

Stage 0
  iterations = 100x70x50x20
  convergence threshold = 1e-06
  convergence window size = 10
  number of levels = 4
  using the CC metric (radius = 4, weight = 1, use gradient filter = 0)
  preprocessing:  winsorizing the image intensities
  Shrink factors (level 1 out of 4): [8, 8, 8]
  Shrink factors (level 2 out of 4): [4, 4, 4]
  Shrink factors (level 3 out of 4): [2, 2, 2]
  Shrink factors (level 4 out of 4): [1, 1, 1]
  smoothing sigmas per level: [3, 2, 1, 0]
  Using default NONE metricSamplingStrategy 

*** Running SyN registration (varianceForUpdateField = 3, varianceForTotalField = 0) ***

XXDIAGNOSTIC,Iteration,metricValue,convergenceValue,ITERATION_TIME_INDEX,SINCE_LAST
 1DIAGNOSTIC,     1, -6.391601562500e-01, 1.797693134862e+308, 0.0000e+00, 0.0000e+00, 
 1DIAGNOSTIC,     2, -6.396484375000e-01, 1.797693134862e+308, 0.0000e+00, 0.0000e+00, 
 1DIAGNOSTIC,     3, -6.400146484375e-01, 1.797693134862e+308, 0.0000e+00, 0.0000e+00, 
 1DIAGNOSTIC,     4, -6.403808593750e-01, 1.797693134862e+308, 0.0000e+00, 0.0000e+00, 
 1DIAGNOSTIC,     5, -6.405029296875e-01, 1.797693134862e+308, 0.0000e+00, 0.0000e+00, 
 1DIAGNOSTIC,     6, -6.407470703125e-01, 1.797693134862e+308, 0.0000e+00, 0.0000e+00, 
 1DIAGNOSTIC,     7, -6.408691406250e-01, 1.797693134862e+308, 0.0000e+00, 0.0000e+00, 
 1DIAGNOSTIC,     8, -6.409912109375e-01, 1.797693134862e+308, 0.0000e+00, 0.0000e+00, 
 1DIAGNOSTIC,     9, -6.408691406250e-01, 1.797693134862e+308, 0.0000e+00, 0.0000e+00, 
 1DIAGNOSTIC,    10, -6.408691406250e-01, 1.693847274800e-04, 0.0000e+00, 0.0000e+00, 
 1DIAGNOSTIC,    11, -6.409912109375e-01, 1.116460228120e-04, 0.0000e+00, 0.0000e+00, 
 1DIAGNOSTIC,    12, -6.409912109375e-01, 7.141905271538e-05, 0.0000e+00, 0.0000e+00, 
 1DIAGNOSTIC,    13, -6.408691406250e-01, 3.937016038694e-05, 0.0000e+00, 0.0000e+00, 
 1DIAGNOSTIC,    14, -6.411132812500e-01, 2.820805759297e-05, 0.0000e+00, 0.0000e+00, 
 1DIAGNOSTIC,    15, -6.409912109375e-01, 1.585913202173e-05, 0.0000e+00, 0.0000e+00, 
 1DIAGNOSTIC,    16, -6.411132812500e-01, 1.394681234496e-05, 0.0000e+00, 0.0000e+00, 
 1DIAGNOSTIC,    17, -6.408691406250e-01, 7.858103568702e-06, 0.0000e+00, 0.0000e+00, 
 1DIAGNOSTIC,    18, -6.408691406250e-01, 5.261462529313e-06, 0.0000e+00, 0.0000e+00, 
 1DIAGNOSTIC,    19, -6.406250000000e-01, -5.962045482540e-06, 0.0000e+00, 0.0000e+00, 
XXDIAGNOSTIC,Iteration,metricValue,convergenceValue,ITERATION_TIME_INDEX,SINCE_LAST
 1DIAGNOSTIC,     1, -8.394775390625e-01, 1.797693134862e+308, 0.0000e+00, 0.0000e+00, 
 1DIAGNOSTIC,     2, -8.395996093750e-01, 1.797693134862e+308, 0.0000e+00, 0.0000e+00, 
 1DIAGNOSTIC,     3, -8.397216796875e-01, 1.797693134862e+308, 0.0000e+00, 0.0000e+00, 
 1DIAGNOSTIC,     4, -8.397216796875e-01, 1.797693134862e+308, 0.0000e+00, 0.0000e+00, 
 1DIAGNOSTIC,     5, -8.398437500000e-01, 1.797693134862e+308, 0.0000e+00, 0.0000e+00, 
 1DIAGNOSTIC,     6, -8.398437500000e-01, 1.797693134862e+308, 0.0000e+00, 0.0000e+00, 
 1DIAGNOSTIC,     7, -8.399658203125e-01, 1.797693134862e+308, 0.0000e+00, 0.0000e+00, 
 1DIAGNOSTIC,     8, -8.399658203125e-01, 1.797693134862e+308, 0.0000e+00, 0.0000e+00, 
 1DIAGNOSTIC,     9, -8.400878906250e-01, 1.797693134862e+308, 0.0000e+00, 0.0000e+00, 
 1DIAGNOSTIC,    10, -8.400878906250e-01, 4.862235052111e-05, 0.0000e+00, 0.0000e+00, 
 1DIAGNOSTIC,    11, -8.400878906250e-01, 3.867138204475e-05, 0.0000e+00, 0.0000e+00, 
 1DIAGNOSTIC,    12, -8.400878906250e-01, 3.062549854552e-05, 0.0000e+00, 0.0000e+00, 
 1DIAGNOSTIC,    13, -8.402099609375e-01, 2.771302669995e-05, 0.0000e+00, 0.0000e+00, 
 1DIAGNOSTIC,    14, -8.402099609375e-01, 2.280010544074e-05, 0.0000e+00, 0.0000e+00, 
 1DIAGNOSTIC,    15, -8.402099609375e-01, 1.952349081301e-05, 0.0000e+00, 0.0000e+00, 
 1DIAGNOSTIC,    16, -8.402099609375e-01, 1.511304269010e-05, 0.0000e+00, 0.0000e+00, 
 1DIAGNOSTIC,    17, -8.402099609375e-01, 1.250308805367e-05, 0.0000e+00, 0.0000e+00, 
 1DIAGNOSTIC,    18, -8.402099609375e-01, 9.134540081189e-06, 0.0000e+00, 0.0000e+00, 
 1DIAGNOSTIC,    19, -8.402099609375e-01, 7.639307153466e-06, 0.0000e+00, 0.0000e+00, 
 1DIAGNOSTIC,    20, -8.402099609375e-01, 5.806848838920e-06, 0.0000e+00, 0.0000e+00, 
 1DIAGNOSTIC,    21, -8.402099609375e-01, 3.812311634016e-06, 0.0000e+00, 0.0000e+00, 
 1DIAGNOSTIC,    22, -8.400878906250e-01, -1.154507950074e-07, 0.0000e+00, 0.0000e+00, 
XXDIAGNOSTIC,Iteration,metricValue,convergenceValue,ITERATION_TIME_INDEX,SINCE_LAST
 1DIAGNOSTIC,     1, -9.470214843750e-01, 1.797693134862e+308, 0.0000e+00, 0.0000e+00, 
 1DIAGNOSTIC,     2, -9.471435546875e-01, 1.797693134862e+308, 0.0000e+00, 0.0000e+00, 
 1DIAGNOSTIC,     3, -9.472656250000e-01, 1.797693134862e+308, 0.0000e+00, 0.0000e+00, 
 1DIAGNOSTIC,     4, -9.473876953125e-01, 1.797693134862e+308, 0.0000e+00, 0.0000e+00, 
 1DIAGNOSTIC,     5, -9.475097656250e-01, 1.797693134862e+308, 0.0000e+00, 0.0000e+00, 
 1DIAGNOSTIC,     6, -9.475097656250e-01, 1.797693134862e+308, 0.0000e+00, 0.0000e+00, 
 1DIAGNOSTIC,     7, -9.476318359375e-01, 1.797693134862e+308, 0.0000e+00, 0.0000e+00, 
 1DIAGNOSTIC,     8, -9.476318359375e-01, 1.797693134862e+308, 0.0000e+00, 0.0000e+00, 
 1DIAGNOSTIC,     9, -9.477539062500e-01, 1.797693134862e+308, 0.0000e+00, 0.0000e+00, 
 1DIAGNOSTIC,    10, -9.477539062500e-01, 5.297139371664e-05, 0.0000e+00, 0.0000e+00, 
 1DIAGNOSTIC,    11, -9.478759765625e-01, 4.424313748207e-05, 0.0000e+00, 0.0000e+00, 
 1DIAGNOSTIC,    12, -9.478759765625e-01, 3.628051432998e-05, 0.0000e+00, 0.0000e+00, 
 1DIAGNOSTIC,    13, -9.478759765625e-01, 2.934174231563e-05, 0.0000e+00, 0.0000e+00, 
 1DIAGNOSTIC,    14, -9.478759765625e-01, 2.358155186701e-05, 0.0000e+00, 0.0000e+00, 
 1DIAGNOSTIC,    15, -9.479980468750e-01, 2.158186118825e-05, 0.0000e+00, 0.0000e+00, 
 1DIAGNOSTIC,    16, -9.479980468750e-01, 1.795799828744e-05, 0.0000e+00, 0.0000e+00, 
 1DIAGNOSTIC,    17, -9.479980468750e-01, 1.552786327667e-05, 0.0000e+00, 0.0000e+00, 
 1DIAGNOSTIC,    18, -9.479980468750e-01, 1.215175418096e-05, 0.0000e+00, 0.0000e+00, 
 1DIAGNOSTIC,    19, -9.479980468750e-01, 1.014739691012e-05, 0.0000e+00, 0.0000e+00, 
 1DIAGNOSTIC,    20, -9.479980468750e-01, 7.507013262388e-06, 0.0000e+00, 0.0000e+00, 
 1DIAGNOSTIC,    21, -9.479980468750e-01, 6.336003071393e-06, 0.0000e+00, 0.0000e+00, 
 1DIAGNOSTIC,    22, -9.479980468750e-01, 4.879246852760e-06, 0.0000e+00, 0.0000e+00, 
 1DIAGNOSTIC,    23, -9.481201171875e-01, 4.868221007044e-06, 0.0000e+00, 0.0000e+00, 
 1DIAGNOSTIC,    24, -9.481201171875e-01, 4.472502564447e-06, 0.0000e+00, 0.0000e+00, 
 1DIAGNOSTIC,    25, -9.481201171875e-01, 5.321996265364e-06, 0.0000e+00, 0.0000e+00, 
 1DIAGNOSTIC,    26, -9.481201171875e-01, 5.774241160911e-06, 0.0000e+00, 0.0000e+00, 
 1DIAGNOSTIC,    27, -9.481201171875e-01, 5.784398141265e-06, 0.0000e+00, 0.0000e+00, 
 1DIAGNOSTIC,    28, -9.481201171875e-01, 5.361709026652e-06, 0.0000e+00, 0.0000e+00, 
 1DIAGNOSTIC,    29, -9.481201171875e-01, 4.587797018840e-06, 0.0000e+00, 0.0000e+00, 
 1DIAGNOSTIC,    30, -9.481201171875e-01, 3.577889708985e-06, 0.0000e+00, 0.0000e+00, 
 1DIAGNOSTIC,    31, -9.481201171875e-01, 2.431053512719e-06, 0.0000e+00, 0.0000e+00, 
 1DIAGNOSTIC,    32, -9.481201171875e-01, 1.211258972074e-06, 0.0000e+00, 0.0000e+00, 
 1DIAGNOSTIC,    33, -9.481201171875e-01, 1.174544127708e-06, 0.0000e+00, 0.0000e+00, 
 1DIAGNOSTIC,    34, -9.481201171875e-01, 1.139989552697e-06, 0.0000e+00, 0.0000e+00, 
 1DIAGNOSTIC,    35, -9.481201171875e-01, 1.107410033400e-06, 0.0000e+00, 0.0000e+00, 
 1DIAGNOSTIC,    36, -9.481201171875e-01, 1.076640940640e-06, 0.0000e+00, 0.0000e+00, 
 1DIAGNOSTIC,    37, -9.481201171875e-01, 1.047535447302e-06, 0.0000e+00, 0.0000e+00, 
 1DIAGNOSTIC,    38, -9.481201171875e-01, 1.019962185430e-06, 0.0000e+00, 0.0000e+00, 
 1DIAGNOSTIC,    39, -9.481201171875e-01, 9.938032638317e-07, 0.0000e+00, 0.0000e+00, 
XXDIAGNOSTIC,Iteration,metricValue,convergenceValue,ITERATION_TIME_INDEX,SINCE_LAST
 1DIAGNOSTIC,     1, -9.898681640625e-01, 1.797693134862e+308, 0.0000e+00, 0.0000e+00, 
 1DIAGNOSTIC,     2, -9.898681640625e-01, 1.797693134862e+308, 0.0000e+00, 0.0000e+00, 
 1DIAGNOSTIC,     3, -9.898681640625e-01, 1.797693134862e+308, 0.0000e+00, 0.0000e+00, 
 1DIAGNOSTIC,     4, -9.899902343750e-01, 1.797693134862e+308, 0.0000e+00, 0.0000e+00, 
 1DIAGNOSTIC,     5, -9.899902343750e-01, 1.797693134862e+308, 0.0000e+00, 0.0000e+00, 
 1DIAGNOSTIC,     6, -9.899902343750e-01, 1.797693134862e+308, 0.0000e+00, 0.0000e+00, 
 1DIAGNOSTIC,     7, -9.901123046875e-01, 1.797693134862e+308, 0.0000e+00, 0.0000e+00, 
 1DIAGNOSTIC,     8, -9.901123046875e-01, 1.797693134862e+308, 0.0000e+00, 0.0000e+00, 
 1DIAGNOSTIC,     9, -9.901123046875e-01, 1.797693134862e+308, 0.0000e+00, 0.0000e+00, 
 1DIAGNOSTIC,    10, -9.902343750000e-01, 2.706788114190e-05, 0.0000e+00, 0.0000e+00, 
 1DIAGNOSTIC,    11, -9.902343750000e-01, 2.567872825808e-05, 0.0000e+00, 0.0000e+00, 
 1DIAGNOSTIC,    12, -9.902343750000e-01, 2.255616387033e-05, 0.0000e+00, 0.0000e+00, 
 1DIAGNOSTIC,    13, -9.902343750000e-01, 1.812541778876e-05, 0.0000e+00, 0.0000e+00, 
 1DIAGNOSTIC,    14, -9.902343750000e-01, 1.548631652831e-05, 0.0000e+00, 0.0000e+00, 
 1DIAGNOSTIC,    15, -9.903564453125e-01, 1.436288540078e-05, 0.0000e+00, 0.0000e+00, 
 1DIAGNOSTIC,    16, -9.903564453125e-01, 1.216624122639e-05, 0.0000e+00, 0.0000e+00, 
 1DIAGNOSTIC,    17, -9.903564453125e-01, 1.145051914449e-05, 0.0000e+00, 0.0000e+00, 
 1DIAGNOSTIC,    18, -9.903564453125e-01, 1.002226085903e-05, 0.0000e+00, 0.0000e+00, 
 1DIAGNOSTIC,    19, -9.903564453125e-01, 7.955375688172e-06, 0.0000e+00, 0.0000e+00, 
 1DIAGNOSTIC,    20, -9.903564453125e-01, 7.268011655764e-06, 0.0000e+00, 0.0000e+00, 
  Elapsed time (stage 0): 0


Total elapsed time: 0
