
##########################
# Experiment information #
##########################
SIF_IMG: /project/rrg-glatard/mdugre/containers/ants-p2-vprec.sif
EXPERIMENT_NAME: vprec-space_search
CONFIG: 1111
VFC_BACKENDS: libinterflop_vprec.so --range-binary32=7 --precision-binary32=20 --range-binary64=7 --precision-binary64=20

FIXED_IMG: /templateflow/tpl-MNI152NLin2009cAsym/tpl-MNI152NLin2009cAsym_res-01_desc-brain_T1w.nii.gz
SUBJECT_ID: 0003011
INPUT_IMG: /project/rrg-glatard/mdugre/datasets/corr/RawDataBIDS/BMB_1/derivatives/antsBrainExtraction/sub-0003011/BrainExtractionBrain.nii.gz
OUTPUT_DIR: /project/rrg-glatard/mdugre/datasets/corr/RawDataBIDS/BMB_1/derivatives/vprec-space_search/1111/r7-p20/sub-0003011

ITK_GLOBAL_DEFAULT_NUMBER_OF_THREADS: 8
##########################

VFC_BACKENDS=libinterflop_vprec.so --range-binary32=7 --precision-binary32=20 --range-binary64=7 --precision-binary64=20
Info [verificarlo]: loaded backend libinterflop_vprec.so
Info [interflop-vprec]: load backend with: 
Info [interflop-vprec]: precision-binary32 = 20
Info [interflop-vprec]: range-binary32 = 7
Info [interflop-vprec]: precision-binary64 = 20
Info [interflop-vprec]: range-binary64 = 7
Info [interflop-vprec]: mode = ob
Info [interflop-vprec]: error-mode = rel
Info [interflop-vprec]: max-abs-error-exponent = -1022
Info [interflop-vprec]: daz = false
Info [interflop-vprec]: ftz = false
Info [interflop-vprec]: 	instrument = none
Info [interflop-vprec]: 	prec-input-file = (null)
Info [interflop-vprec]: 	prec-output-file = (null)
Info [interflop-vprec]: 	prec-log-file = (null)
All_Command_lines_OK
Using double precision for computations.
=============================================================================
The composite transform comprises the following transforms (in order): 
  1. Center of mass alignment using fixed image: /templateflow/tpl-MNI152NLin2009cAsym/tpl-MNI152NLin2009cAsym_res-01_desc-brain_T1w.nii.gz and moving image: /project/rrg-glatard/mdugre/datasets/corr/RawDataBIDS/BMB_1/derivatives/antsBrainExtraction/sub-0003011/BrainExtractionBrain.nii.gz (type = Euler3DTransform)
=============================================================================
  number of levels = 1
  fixed image: /templateflow/tpl-MNI152NLin2009cAsym/tpl-MNI152NLin2009cAsym_res-01_desc-brain_T1w.nii.gz
  moving image: /project/rrg-glatard/mdugre/datasets/corr/RawDataBIDS/BMB_1/derivatives/antsBrainExtraction/sub-0003011/BrainExtractionBrain.nii.gz
Dimension = 3
Number of stages = 1
Use histogram matching = false
Winsorize image intensities = true
  Lower quantile = 0.005
  Upper quantile = 0.995


Stage 1 State
   Image metric = MattesMI
     Fixed image = Image (0x3f7d2f0)
  RTTI typeinfo:   itk::Image<double, 3u>
  Reference Count: 2
  Modified Time: 2330
  Debug: Off
  Object Name: 
  Observers: 
    none
  Source: (none)
  Source output name: (none)
  Release Data: Off
  Data Released: False
  Global Release Data: Off
  PipelineMTime: 0
  UpdateMTime: 1941
  RealTimeStamp: 0 seconds 
  LargestPossibleRegion: 
    Dimension: 3
    Index: [0, 0, 0]
    Size: [193, 229, 193]
  BufferedRegion: 
    Dimension: 3
    Index: [0, 0, 0]
    Size: [193, 229, 193]
  RequestedRegion: 
    Dimension: 3
    Index: [0, 0, 0]
    Size: [193, 229, 193]
  Spacing: [1, 1, 1]
  Origin: [96, 132, -78]
  Direction: 
-1 0 0
0 -1 0
0 0 1

  IndexToPointMatrix: 
-1 0 0
0 -1 0
0 0 1

  PointToIndexMatrix: 
-1 0 0
0 -1 0
0 0 1

  Inverse Direction: 
-1 0 0
0 -1 0
0 0 1

  PixelContainer: 
    ImportImageContainer (0x3f8a340)
      RTTI typeinfo:   itk::ImportImageContainer<unsigned long, double>
      Reference Count: 1
      Modified Time: 1938
      Debug: Off
      Object Name: 
      Observers: 
        none
      Pointer: 0x14eb32bb6010
      Container manages memory: true
      Size: 8530021
      Capacity: 8530021

     Moving image = Image (0x3f822b0)
  RTTI typeinfo:   itk::Image<double, 3u>
  Reference Count: 2
  Modified Time: 2331
  Debug: Off
  Object Name: 
  Observers: 
    none
  Source: (none)
  Source output name: (none)
  Release Data: Off
  Data Released: False
  Global Release Data: Off
  PipelineMTime: 0
  UpdateMTime: 2328
  RealTimeStamp: 0 seconds 
  LargestPossibleRegion: 
    Dimension: 3
    Index: [0, 0, 0]
    Size: [176, 256, 256]
  BufferedRegion: 
    Dimension: 3
    Index: [0, 0, 0]
    Size: [176, 256, 256]
  RequestedRegion: 
    Dimension: 3
    Index: [0, 0, 0]
    Size: [176, 256, 256]
  Spacing: [1, 1, 1]
  Origin: [-121.697, 95.2371, -128.205]
  Direction: 
1 0 0
0 -1 0
0 0 1

  IndexToPointMatrix: 
1 0 0
0 -1 0
0 0 1

  PointToIndexMatrix: 
1 0 0
0 -1 0
0 0 1

  Inverse Direction: 
1 0 0
0 -1 0
0 0 1

  PixelContainer: 
    ImportImageContainer (0x3faf4d0)
      RTTI typeinfo:   itk::ImportImageContainer<unsigned long, double>
      Reference Count: 1
      Modified Time: 2325
      Debug: Off
      Object Name: 
      Observers: 
        none
      Pointer: 0x14eb2d3b5010
      Container manages memory: true
      Size: 11534336
      Capacity: 11534336

     Weighting = 1
     Sampling strategy = regular
     Number of bins = 32
     Radius = 4
     Sampling percentage  = 0.25
   Transform = Rigid
     Gradient step = 0.1
     Update field sigma (voxel space) = 0
     Total field sigma (voxel space) = 0
     Update field time sigma = 0
     Total field time sigma  = 0
     Number of time indices = 0
     Number of time point samples = 0
Registration using 1 total stages.

Stage 0
  iterations = 0
  convergence threshold = 1e-06
  convergence window size = 10
  number of levels = 1
  using the Mattes MI metric (number of bins = 32, weight = 1, use gradient filter = 0)
  preprocessing:  winsorizing the image intensities
  Shrink factors (level 1 out of 1): [1, 1, 1]
  smoothing sigmas per level: [0]
  regular sampling (percentage = 0.25)

*** Running Euler3DTransform registration ***

  Elapsed time (stage 0): 0


Total elapsed time: 0
VFC_BACKENDS=libinterflop_vprec.so --range-binary32=7 --precision-binary32=20 --range-binary64=7 --precision-binary64=20
Info [verificarlo]: loaded backend libinterflop_vprec.so
Info [interflop-vprec]: load backend with: 
Info [interflop-vprec]: precision-binary32 = 20
Info [interflop-vprec]: range-binary32 = 7
Info [interflop-vprec]: precision-binary64 = 20
Info [interflop-vprec]: range-binary64 = 7
Info [interflop-vprec]: mode = ob
Info [interflop-vprec]: error-mode = rel
Info [interflop-vprec]: max-abs-error-exponent = -1022
Info [interflop-vprec]: daz = false
Info [interflop-vprec]: ftz = false
Info [interflop-vprec]: 	instrument = none
Info [interflop-vprec]: 	prec-input-file = (null)
Info [interflop-vprec]: 	prec-output-file = (null)
Info [interflop-vprec]: 	prec-log-file = (null)
All_Command_lines_OK
Using double precision for computations.
=============================================================================
The composite transform comprises the following transforms (in order): 
  1. /project/rrg-glatard/mdugre/datasets/corr/RawDataBIDS/BMB_1/derivatives/vprec-space_search/1111/r7-p20/sub-0003011/align_Composite.h5[0] (type = Euler3DTransform)
  2. /project/rrg-glatard/mdugre/datasets/corr/RawDataBIDS/BMB_1/derivatives/vprec-space_search/1111/r7-p20/sub-0003011/align_Composite.h5[1] (type = Euler3DTransform)
=============================================================================
  number of levels = 4
  fixed image: /templateflow/tpl-MNI152NLin2009cAsym/tpl-MNI152NLin2009cAsym_res-01_desc-brain_T1w.nii.gz
  moving image: /project/rrg-glatard/mdugre/datasets/corr/RawDataBIDS/BMB_1/derivatives/antsBrainExtraction/sub-0003011/BrainExtractionBrain.nii.gz
Dimension = 3
Number of stages = 1
Use histogram matching = false
Winsorize image intensities = true
  Lower quantile = 0.005
  Upper quantile = 0.995


Stage 1 State
   Image metric = MattesMI
     Fixed image = Image (0x3ec8300)
  RTTI typeinfo:   itk::Image<double, 3u>
  Reference Count: 2
  Modified Time: 1578
  Debug: Off
  Object Name: 
  Observers: 
    none
  Source: (none)
  Source output name: (none)
  Release Data: Off
  Data Released: False
  Global Release Data: Off
  PipelineMTime: 0
  UpdateMTime: 1189
  RealTimeStamp: 0 seconds 
  LargestPossibleRegion: 
    Dimension: 3
    Index: [0, 0, 0]
    Size: [193, 229, 193]
  BufferedRegion: 
    Dimension: 3
    Index: [0, 0, 0]
    Size: [193, 229, 193]
  RequestedRegion: 
    Dimension: 3
    Index: [0, 0, 0]
    Size: [193, 229, 193]
  Spacing: [1, 1, 1]
  Origin: [96, 132, -78]
  Direction: 
-1 0 0
0 -1 0
0 0 1

  IndexToPointMatrix: 
-1 0 0
0 -1 0
0 0 1

  PointToIndexMatrix: 
-1 0 0
0 -1 0
0 0 1

  Inverse Direction: 
-1 0 0
0 -1 0
0 0 1

  PixelContainer: 
    ImportImageContainer (0x3f40c30)
      RTTI typeinfo:   itk::ImportImageContainer<unsigned long, double>
      Reference Count: 1
      Modified Time: 1186
      Debug: Off
      Object Name: 
      Observers: 
        none
      Pointer: 0x14ef8324e010
      Container manages memory: true
      Size: 8530021
      Capacity: 8530021

     Moving image = Image (0x3f83030)
  RTTI typeinfo:   itk::Image<double, 3u>
  Reference Count: 2
  Modified Time: 1579
  Debug: Off
  Object Name: 
  Observers: 
    none
  Source: (none)
  Source output name: (none)
  Release Data: Off
  Data Released: False
  Global Release Data: Off
  PipelineMTime: 0
  UpdateMTime: 1576
  RealTimeStamp: 0 seconds 
  LargestPossibleRegion: 
    Dimension: 3
    Index: [0, 0, 0]
    Size: [176, 256, 256]
  BufferedRegion: 
    Dimension: 3
    Index: [0, 0, 0]
    Size: [176, 256, 256]
  RequestedRegion: 
    Dimension: 3
    Index: [0, 0, 0]
    Size: [176, 256, 256]
  Spacing: [1, 1, 1]
  Origin: [-121.697, 95.2371, -128.205]
  Direction: 
1 0 0
0 -1 0
0 0 1

  IndexToPointMatrix: 
1 0 0
0 -1 0
0 0 1

  PointToIndexMatrix: 
1 0 0
0 -1 0
0 0 1

  Inverse Direction: 
1 0 0
0 -1 0
0 0 1

  PixelContainer: 
    ImportImageContainer (0x3f38c10)
      RTTI typeinfo:   itk::ImportImageContainer<unsigned long, double>
      Reference Count: 1
      Modified Time: 1573
      Debug: Off
      Object Name: 
      Observers: 
        none
      Pointer: 0x14ef7da4d010
      Container manages memory: true
      Size: 11534336
      Capacity: 11534336

     Weighting = 1
     Sampling strategy = regular
     Number of bins = 32
     Radius = 4
     Sampling percentage  = 0.25
   Transform = Rigid
     Gradient step = 0.1
     Update field sigma (voxel space) = 0
     Total field sigma (voxel space) = 0
     Update field time sigma = 0
     Total field time sigma  = 0
     Number of time indices = 0
     Number of time point samples = 0
Registration using 1 total stages.

Stage 0
  iterations = 1000x500x250x100
  convergence threshold = 1e-06
  convergence window size = 10
  number of levels = 4
  using the Mattes MI metric (number of bins = 32, weight = 1, use gradient filter = 0)
  preprocessing:  winsorizing the image intensities
  Shrink factors (level 1 out of 4): [8, 8, 8]
  Shrink factors (level 2 out of 4): [4, 4, 4]
  Shrink factors (level 3 out of 4): [2, 2, 2]
  Shrink factors (level 4 out of 4): [1, 1, 1]
  smoothing sigmas per level: [3, 2, 1, 0]
  regular sampling (percentage = 0.25)

*** Running Euler3DTransform registration ***

DIAGNOSTIC,Iteration,metricValue,convergenceValue,ITERATION_TIME_INDEX,SINCE_LAST
 2DIAGNOSTIC,     1, -4.292869973398e-01, 1.797693134862e+308, 0.0000e+00, 0.0000e+00, 
 2DIAGNOSTIC,     2, -4.302887177448e-01, 1.797693134862e+308, 0.0000e+00, 0.0000e+00, 
 2DIAGNOSTIC,     3, -4.319863800023e-01, 1.797693134862e+308, 0.0000e+00, 0.0000e+00, 
 2DIAGNOSTIC,     4, -4.355017100756e-01, 1.797693134862e+308, 0.0000e+00, 0.0000e+00, 
 2DIAGNOSTIC,     5, -4.382892764797e-01, 1.797693134862e+308, 0.0000e+00, 0.0000e+00, 
 2DIAGNOSTIC,     6, -4.424134675070e-01, 1.797693134862e+308, 0.0000e+00, 0.0000e+00, 
 2DIAGNOSTIC,     7, -4.434855141179e-01, 1.797693134862e+308, 0.0000e+00, 0.0000e+00, 
 2DIAGNOSTIC,     8, -4.454196865156e-01, 1.797693134862e+308, 0.0000e+00, 0.0000e+00, 
 2DIAGNOSTIC,     9, -4.634155763549e-01, 1.797693134862e+308, 0.0000e+00, 0.0000e+00, 
 2DIAGNOSTIC,    10, -4.646481352438e-01, 5.022260543842e-03, 0.0000e+00, 0.0000e+00, 
 2DIAGNOSTIC,    11, -4.649594691456e-01, 5.019644003995e-03, 0.0000e+00, 0.0000e+00, 
 2DIAGNOSTIC,    12, -4.649593823108e-01, 4.638343906622e-03, 0.0000e+00, 0.0000e+00, 
 2DIAGNOSTIC,    13, -4.649602243480e-01, 3.979782004955e-03, 0.0000e+00, 0.0000e+00, 
 2DIAGNOSTIC,    14, -4.649604623859e-01, 3.202790344771e-03, 0.0000e+00, 0.0000e+00, 
 2DIAGNOSTIC,    15, -4.649610497028e-01, 2.351884522623e-03, 0.0000e+00, 0.0000e+00, 
 2DIAGNOSTIC,    16, -4.649622480120e-01, 1.569032337464e-03, 0.0000e+00, 0.0000e+00, 
 2DIAGNOSTIC,    17, -4.649645227377e-01, 7.834202823335e-04, 0.0000e+00, 0.0000e+00, 
 2DIAGNOSTIC,    18, -4.649678835305e-01, 6.572682212622e-05, 0.0000e+00, 0.0000e+00, 
 2DIAGNOSTIC,    19, -4.649732662351e-01, 1.284746339741e-05, 0.0000e+00, 0.0000e+00, 
 2DIAGNOSTIC,    20, -4.649836074235e-01, 2.999998768745e-06, 0.0000e+00, 0.0000e+00, 
 2DIAGNOSTIC,    21, -4.649996407357e-01, 3.732764974604e-06, 0.0000e+00, 0.0000e+00, 
 2DIAGNOSTIC,    22, -4.650259544580e-01, 4.930018376356e-06, 0.0000e+00, 0.0000e+00, 
 2DIAGNOSTIC,    23, -4.650693252724e-01, 6.886078324990e-06, 0.0000e+00, 0.0000e+00, 
 2DIAGNOSTIC,    24, -4.651375352266e-01, 9.922132138435e-06, 0.0000e+00, 0.0000e+00, 
 2DIAGNOSTIC,    25, -4.652400835512e-01, 1.444743486395e-05, 0.0000e+00, 0.0000e+00, 
 2DIAGNOSTIC,    26, -4.653236113988e-01, 1.936944420307e-05, 0.0000e+00, 0.0000e+00, 
 2DIAGNOSTIC,    27, -4.654136702892e-01, 2.432902701557e-05, 0.0000e+00, 0.0000e+00, 
 2DIAGNOSTIC,    28, -4.658152785350e-01, 3.572427287118e-05, 0.0000e+00, 0.0000e+00, 
 2DIAGNOSTIC,    29, -4.662451534941e-01, 5.215900923126e-05, 0.0000e+00, 0.0000e+00, 
 2DIAGNOSTIC,    30, -4.660263370304e-01, 5.817983210728e-05, 0.0000e+00, 0.0000e+00, 
 2DIAGNOSTIC,    31, -4.660071282040e-01, 5.867486611352e-05, 0.0000e+00, 0.0000e+00, 
 2DIAGNOSTIC,    32, -4.659046631907e-01, 5.225944378168e-05, 0.0000e+00, 0.0000e+00, 
 2DIAGNOSTIC,    33, -4.659510698493e-01, 4.289913657531e-05, 0.0000e+00, 0.0000e+00, 
 2DIAGNOSTIC,    34, -4.660316904531e-01, 3.262752636154e-05, 0.0000e+00, 0.0000e+00, 
 2DIAGNOSTIC,    35, -4.660949872529e-01, 2.294884712975e-05, 0.0000e+00, 0.0000e+00, 
 2DIAGNOSTIC,    36, -4.660934529282e-01, 1.331710405591e-05, 0.0000e+00, 0.0000e+00, 
 2DIAGNOSTIC,    37, -4.660389400583e-01, 3.523898148703e-06, 0.0000e+00, 0.0000e+00, 
 2DIAGNOSTIC,    38, -4.661011576514e-01, 1.334238258870e-06, 0.0000e+00, 0.0000e+00, 
 2DIAGNOSTIC,    39, -4.661380133472e-01, 6.615539127799e-06, 0.0000e+00, 0.0000e+00, 
 2DIAGNOSTIC,    40, -4.660761912946e-01, 6.701564909672e-06, 0.0000e+00, 0.0000e+00, 
 2DIAGNOSTIC,    41, -4.659445463683e-01, 4.068272431042e-06, 0.0000e+00, 0.0000e+00, 
DIAGNOSTIC,Iteration,metricValue,convergenceValue,ITERATION_TIME_INDEX,SINCE_LAST
 2DIAGNOSTIC,     1, -3.678723685808e-01, 1.797693134862e+308, 0.0000e+00, 0.0000e+00, 
 2DIAGNOSTIC,     2, -3.681915043542e-01, 1.797693134862e+308, 0.0000e+00, 0.0000e+00, 
 2DIAGNOSTIC,     3, -3.685114739540e-01, 1.797693134862e+308, 0.0000e+00, 0.0000e+00, 
 2DIAGNOSTIC,     4, -3.687316893865e-01, 1.797693134862e+308, 0.0000e+00, 0.0000e+00, 
 2DIAGNOSTIC,     5, -3.690056076180e-01, 1.797693134862e+308, 0.0000e+00, 0.0000e+00, 
 2DIAGNOSTIC,     6, -3.690968401167e-01, 1.797693134862e+308, 0.0000e+00, 0.0000e+00, 
 2DIAGNOSTIC,     7, -3.693221400677e-01, 1.797693134862e+308, 0.0000e+00, 0.0000e+00, 
 2DIAGNOSTIC,     8, -3.695489624795e-01, 1.797693134862e+308, 0.0000e+00, 0.0000e+00, 
 2DIAGNOSTIC,     9, -3.705677389898e-01, 1.797693134862e+308, 0.0000e+00, 0.0000e+00, 
 2DIAGNOSTIC,    10, -3.710155939511e-01, 4.834117618044e-04, 0.0000e+00, 0.0000e+00, 
 2DIAGNOSTIC,    11, -3.710629918370e-01, 4.673176253827e-04, 0.0000e+00, 0.0000e+00, 
 2DIAGNOSTIC,    12, -3.712431434896e-01, 4.451480144620e-04, 0.0000e+00, 0.0000e+00, 
 2DIAGNOSTIC,    13, -3.713584473312e-01, 4.117664744609e-04, 0.0000e+00, 0.0000e+00, 
 2DIAGNOSTIC,    14, -3.713797543535e-01, 3.579961742463e-04, 0.0000e+00, 0.0000e+00, 
 2DIAGNOSTIC,    15, -3.713868666234e-01, 2.931469710904e-04, 0.0000e+00, 0.0000e+00, 
 2DIAGNOSTIC,    16, -3.714370307876e-01, 2.171011670816e-04, 0.0000e+00, 0.0000e+00, 
 2DIAGNOSTIC,    17, -3.715420141955e-01, 1.455358988325e-04, 0.0000e+00, 0.0000e+00, 
 2DIAGNOSTIC,    18, -3.716211010044e-01, 8.053596410195e-05, 0.0000e+00, 0.0000e+00, 
 2DIAGNOSTIC,    19, -3.723291611422e-01, 8.444746681877e-05, 0.0000e+00, 0.0000e+00, 
 2DIAGNOSTIC,    20, -3.729431585083e-01, 1.204204725449e-04, 0.0000e+00, 0.0000e+00, 
 2DIAGNOSTIC,    21, -3.731821473636e-01, 1.518807659280e-04, 0.0000e+00, 0.0000e+00, 
 2DIAGNOSTIC,    22, -3.734805192969e-01, 1.833391373557e-04, 0.0000e+00, 0.0000e+00, 
 2DIAGNOSTIC,    23, -3.737642669152e-01, 2.083299099375e-04, 0.0000e+00, 0.0000e+00, 
 2DIAGNOSTIC,    24, -3.740404971432e-01, 2.209051501231e-04, 0.0000e+00, 0.0000e+00, 
 2DIAGNOSTIC,    25, -3.741509790251e-01, 2.150745856012e-04, 0.0000e+00, 0.0000e+00, 
 2DIAGNOSTIC,    26, -3.744493037965e-01, 2.000516386388e-04, 0.0000e+00, 0.0000e+00, 
 2DIAGNOSTIC,    27, -3.764150552947e-01, 2.262714205097e-04, 0.0000e+00, 0.0000e+00, 
 2DIAGNOSTIC,    28, -3.771980528726e-01, 2.510800299004e-04, 0.0000e+00, 0.0000e+00, 
 2DIAGNOSTIC,    29, -3.774876112388e-01, 2.765903568970e-04, 0.0000e+00, 0.0000e+00, 
 2DIAGNOSTIC,    30, -3.777454645688e-01, 2.973144925080e-04, 0.0000e+00, 0.0000e+00, 
 2DIAGNOSTIC,    31, -3.778551841273e-01, 2.971268656203e-04, 0.0000e+00, 0.0000e+00, 
 2DIAGNOSTIC,    32, -3.778795009171e-01, 2.757562286863e-04, 0.0000e+00, 0.0000e+00, 
 2DIAGNOSTIC,    33, -3.779486248570e-01, 2.373777188901e-04, 0.0000e+00, 0.0000e+00, 
 2DIAGNOSTIC,    34, -3.780908566944e-01, 1.887718057839e-04, 0.0000e+00, 0.0000e+00, 
 2DIAGNOSTIC,    35, -3.780911303117e-01, 1.279736140455e-04, 0.0000e+00, 0.0000e+00, 
 2DIAGNOSTIC,    36, -3.780897297839e-01, 6.391085985981e-05, 0.0000e+00, 0.0000e+00, 
 2DIAGNOSTIC,    37, -3.780874495869e-01, 3.750404410063e-05, 0.0000e+00, 0.0000e+00, 
 2DIAGNOSTIC,    38, -3.781416910198e-01, 2.568985931972e-05, 0.0000e+00, 0.0000e+00, 
 2DIAGNOSTIC,    39, -3.782854622947e-01, 2.038534951981e-05, 0.0000e+00, 0.0000e+00, 
 2DIAGNOSTIC,    40, -3.783355973448e-01, 1.923379248642e-05, 0.0000e+00, 0.0000e+00, 
 2DIAGNOSTIC,    41, -3.785520546802e-01, 2.250004868762e-05, 0.0000e+00, 0.0000e+00, 
 2DIAGNOSTIC,    42, -3.786092469814e-01, 2.494520785683e-05, 0.0000e+00, 0.0000e+00, 
 2DIAGNOSTIC,    43, -3.786033921493e-01, 2.601797921643e-05, 0.0000e+00, 0.0000e+00, 
 2DIAGNOSTIC,    44, -3.786045522872e-01, 2.712919137616e-05, 0.0000e+00, 0.0000e+00, 
 2DIAGNOSTIC,    45, -3.786044413367e-01, 2.566114986403e-05, 0.0000e+00, 0.0000e+00, 
 2DIAGNOSTIC,    46, -3.786257549460e-01, 2.218242395960e-05, 0.0000e+00, 0.0000e+00, 
 2DIAGNOSTIC,    47, -3.786431138209e-01, 1.701908344254e-05, 0.0000e+00, 0.0000e+00, 
 2DIAGNOSTIC,    48, -3.786984537456e-01, 1.223678068775e-05, 0.0000e+00, 0.0000e+00, 
 2DIAGNOSTIC,    49, -3.789363150263e-01, 1.247162030412e-05, 0.0000e+00, 0.0000e+00, 
 2DIAGNOSTIC,    50, -3.789489136314e-01, 1.234141955354e-05, 0.0000e+00, 0.0000e+00, 
 2DIAGNOSTIC,    51, -3.789716551739e-01, 1.467207797129e-05, 0.0000e+00, 0.0000e+00, 
 2DIAGNOSTIC,    52, -3.789677089124e-01, 1.638540596535e-05, 0.0000e+00, 0.0000e+00, 
 2DIAGNOSTIC,    53, -3.789795618498e-01, 1.659219957755e-05, 0.0000e+00, 0.0000e+00, 
 2DIAGNOSTIC,    54, -3.790358475777e-01, 1.601085803404e-05, 0.0000e+00, 0.0000e+00, 
 2DIAGNOSTIC,    55, -3.791832688979e-01, 1.597006292578e-05, 0.0000e+00, 0.0000e+00, 
 2DIAGNOSTIC,    56, -3.792672269050e-01, 1.588137991042e-05, 0.0000e+00, 0.0000e+00, 
 2DIAGNOSTIC,    57, -3.793870280101e-01, 1.617096537452e-05, 0.0000e+00, 0.0000e+00, 
 2DIAGNOSTIC,    58, -3.794987478802e-01, 1.704463941235e-05, 0.0000e+00, 0.0000e+00, 
 2DIAGNOSTIC,    59, -3.795479246622e-01, 1.996082596728e-05, 0.0000e+00, 0.0000e+00, 
 2DIAGNOSTIC,    60, -3.795366447379e-01, 2.090768796124e-05, 0.0000e+00, 0.0000e+00, 
 2DIAGNOSTIC,    61, -3.795322325033e-01, 2.010950467797e-05, 0.0000e+00, 0.0000e+00, 
 2DIAGNOSTIC,    62, -3.795280454183e-01, 1.736334288594e-05, 0.0000e+00, 0.0000e+00, 
 2DIAGNOSTIC,    63, -3.795171949773e-01, 1.308284329011e-05, 0.0000e+00, 0.0000e+00, 
 2DIAGNOSTIC,    64, -3.795180195002e-01, 8.375406088910e-06, 0.0000e+00, 0.0000e+00, 
 2DIAGNOSTIC,    65, -3.795191181217e-01, 4.792524277167e-06, 0.0000e+00, 0.0000e+00, 
 2DIAGNOSTIC,    66, -3.795153580575e-01, 1.809015138961e-06, 0.0000e+00, 0.0000e+00, 
DIAGNOSTIC,Iteration,metricValue,convergenceValue,ITERATION_TIME_INDEX,SINCE_LAST
 2DIAGNOSTIC,     1, -3.321906466546e-01, 1.797693134862e+308, 1.0240e+03, 1.0240e+03, 
 2DIAGNOSTIC,     2, -3.324523077620e-01, 1.797693134862e+308, 1.0240e+03, 0.0000e+00, 
 2DIAGNOSTIC,     3, -3.328385523124e-01, 1.797693134862e+308, 1.0240e+03, 0.0000e+00, 
 2DIAGNOSTIC,     4, -3.333622323488e-01, 1.797693134862e+308, 1.0240e+03, 0.0000e+00, 
 2DIAGNOSTIC,     5, -3.340141489576e-01, 1.797693134862e+308, 1.0240e+03, 0.0000e+00, 
 2DIAGNOSTIC,     6, -3.347249663688e-01, 1.797693134862e+308, 1.0240e+03, 0.0000e+00, 
 2DIAGNOSTIC,     7, -3.354450842557e-01, 1.797693134862e+308, 1.0240e+03, 0.0000e+00, 
 2DIAGNOSTIC,     8, -3.360806464416e-01, 1.797693134862e+308, 1.0240e+03, 0.0000e+00, 
 2DIAGNOSTIC,     9, -3.366237434467e-01, 1.797693134862e+308, 1.0240e+03, 0.0000e+00, 
 2DIAGNOSTIC,    10, -3.366352315730e-01, 9.766405501397e-04, 1.0240e+03, 0.0000e+00, 
 2DIAGNOSTIC,    11, -3.366465156719e-01, 8.433031184899e-04, 1.0240e+03, 0.0000e+00, 
 2DIAGNOSTIC,    12, -3.366820053706e-01, 6.778206620155e-04, 1.0240e+03, 0.0000e+00, 
 2DIAGNOSTIC,    13, -3.367581997698e-01, 5.064031594801e-04, 1.0240e+03, 0.0000e+00, 
 2DIAGNOSTIC,    14, -3.369691859389e-01, 3.576341917895e-04, 1.0240e+03, 0.0000e+00, 
 2DIAGNOSTIC,    15, -3.369682408943e-01, 2.327077596263e-04, 1.0240e+03, 0.0000e+00, 
 2DIAGNOSTIC,    16, -3.369668145628e-01, 1.398767884100e-04, 1.0240e+03, 0.0000e+00, 
 2DIAGNOSTIC,    17, -3.369819534429e-01, 8.152705562862e-05, 1.0240e+03, 0.0000e+00, 
 2DIAGNOSTIC,    18, -3.370314841244e-01, 5.372894746394e-05, 1.0240e+03, 0.0000e+00, 
 2DIAGNOSTIC,    19, -3.373714667133e-01, 6.320293135383e-05, 1.0240e+03, 0.0000e+00, 
 2DIAGNOSTIC,    20, -3.373681781296e-01, 6.600513256023e-05, 1.0240e+03, 0.0000e+00, 
 2DIAGNOSTIC,    21, -3.374039340944e-01, 6.477106369481e-05, 1.0240e+03, 0.0000e+00, 
 2DIAGNOSTIC,    22, -3.375369841014e-01, 6.439558629828e-05, 1.0240e+03, 0.0000e+00, 
 2DIAGNOSTIC,    23, -3.376725339042e-01, 6.552254284781e-05, 1.0240e+03, 0.0000e+00, 
 2DIAGNOSTIC,    24, -3.376832553715e-01, 6.809936347708e-05, 1.0240e+03, 0.0000e+00, 
 2DIAGNOSTIC,    25, -3.377090457076e-01, 6.514799835586e-05, 1.0240e+03, 0.0000e+00, 
 2DIAGNOSTIC,    26, -3.377140827774e-01, 5.673827284886e-05, 1.0240e+03, 0.0000e+00, 
 2DIAGNOSTIC,    27, -3.377396644789e-01, 4.500385819591e-05, 1.0240e+03, 0.0000e+00, 
 2DIAGNOSTIC,    28, -3.378014079064e-01, 3.296657317565e-05, 1.0240e+03, 0.0000e+00, 
 2DIAGNOSTIC,    29, -3.379593417422e-01, 3.328214918932e-05, 1.0240e+03, 0.0000e+00, 
 2DIAGNOSTIC,    30, -3.379752905111e-01, 3.086092947816e-05, 1.0240e+03, 0.0000e+00, 
 2DIAGNOSTIC,    31, -3.379761901510e-01, 2.678008321442e-05, 1.0240e+03, 0.0000e+00, 
 2DIAGNOSTIC,    32, -3.379746832156e-01, 2.395422045206e-05, 1.0240e+03, 0.0000e+00, 
 2DIAGNOSTIC,    33, -3.379755398928e-01, 2.258015055625e-05, 1.0240e+03, 0.0000e+00, 
 2DIAGNOSTIC,    34, -3.379749195990e-01, 1.940598810469e-05, 1.0240e+03, 0.0000e+00, 
 2DIAGNOSTIC,    35, -3.379747550652e-01, 1.528510868653e-05, 1.0240e+03, 0.0000e+00, 
 2DIAGNOSTIC,    36, -3.379742906365e-01, 1.019396891892e-05, 1.0240e+03, 0.0000e+00, 
 2DIAGNOSTIC,    37, -3.379734606480e-01, 5.067593136145e-06, 1.0240e+03, 0.0000e+00, 
 2DIAGNOSTIC,    38, -3.379730070581e-01, 1.077222385903e-06, 1.0240e+03, 0.0000e+00, 
DIAGNOSTIC,Iteration,metricValue,convergenceValue,ITERATION_TIME_INDEX,SINCE_LAST
 2DIAGNOSTIC,     1, -3.137496114769e-01, 1.797693134862e+308, 1.0240e+03, 0.0000e+00, 
 2DIAGNOSTIC,     2, -3.138933867172e-01, 1.797693134862e+308, 1.0240e+03, 0.0000e+00, 
 2DIAGNOSTIC,     3, -3.140838635359e-01, 1.797693134862e+308, 1.0240e+03, 0.0000e+00, 
 2DIAGNOSTIC,     4, -3.142054501082e-01, 1.797693134862e+308, 1.0240e+03, 0.0000e+00, 
 2DIAGNOSTIC,     5, -3.142081462391e-01, 1.797693134862e+308, 1.0240e+03, 0.0000e+00, 
 2DIAGNOSTIC,     6, -3.142079226573e-01, 1.797693134862e+308, 1.0240e+03, 0.0000e+00, 
 2DIAGNOSTIC,     7, -3.142080703898e-01, 1.797693134862e+308, 1.0240e+03, 0.0000e+00, 
 2DIAGNOSTIC,     8, -3.142077258642e-01, 1.797693134862e+308, 1.0240e+03, 0.0000e+00, 
 2DIAGNOSTIC,     9, -3.142077156505e-01, 1.797693134862e+308, 1.0240e+03, 0.0000e+00, 
 2DIAGNOSTIC,    10, -3.142077432215e-01, 7.745416541295e-05, 1.0240e+03, 0.0000e+00, 
 2DIAGNOSTIC,    11, -3.142076861744e-01, 3.776165784752e-05, 1.0240e+03, 0.0000e+00, 
 2DIAGNOSTIC,    12, -3.142077116214e-01, 1.210374960109e-05, 1.0240e+03, 0.0000e+00, 
 2DIAGNOSTIC,    13, -3.142077095638e-01, 2.556305194648e-06, 1.0240e+03, 0.0000e+00, 
 2DIAGNOSTIC,    14, -3.142076587538e-01, 2.212188378467e-06, 1.0240e+03, 0.0000e+00, 
 2DIAGNOSTIC,    15, -3.142076606824e-01, 2.082488670702e-06, 1.0240e+03, 0.0000e+00, 
 2DIAGNOSTIC,    16, -3.142076587617e-01, 1.959336743310e-06, 1.0240e+03, 0.0000e+00, 
 2DIAGNOSTIC,    17, -3.142076214477e-01, 1.859751131039e-06, 1.0240e+03, 0.0000e+00, 
 2DIAGNOSTIC,    18, -3.142076178148e-01, 1.754886442322e-06, 1.0240e+03, 0.0000e+00, 
 2DIAGNOSTIC,    19, -3.142076159355e-01, 1.661648785740e-06, 1.0240e+03, 0.0000e+00, 
 2DIAGNOSTIC,    20, -3.142076751221e-01, 1.582938251352e-06, 1.0240e+03, 0.0000e+00, 
 2DIAGNOSTIC,    21, -3.142076773540e-01, 1.509971093536e-06, 1.0240e+03, 0.0000e+00, 
 2DIAGNOSTIC,    22, -3.142077056336e-01, 1.446363146751e-06, 1.0240e+03, 0.0000e+00, 
 2DIAGNOSTIC,    23, -3.142077523226e-01, 1.390107599031e-06, 1.0240e+03, 0.0000e+00, 
 2DIAGNOSTIC,    24, -3.142077547307e-01, 1.336018358312e-06, 1.0240e+03, 0.0000e+00, 
 2DIAGNOSTIC,    25, -3.142077546659e-01, 1.285341756863e-06, 1.0240e+03, 0.0000e+00, 
 2DIAGNOSTIC,    26, -3.142077556797e-01, 1.237393838088e-06, 1.0240e+03, 0.0000e+00, 
 2DIAGNOSTIC,    27, -3.142076635556e-01, 1.187390076110e-06, 1.0240e+03, 0.0000e+00, 
 2DIAGNOSTIC,    28, -3.142076621396e-01, 1.140032159661e-06, 1.0240e+03, 0.0000e+00, 
 2DIAGNOSTIC,    29, -3.142076633540e-01, 1.095493546800e-06, 1.0240e+03, 0.0000e+00, 
 2DIAGNOSTIC,    30, -3.142076633540e-01, 1.055849755224e-06, 1.0240e+03, 0.0000e+00, 
 2DIAGNOSTIC,    31, -3.142076633540e-01, 1.019279413858e-06, 1.0240e+03, 0.0000e+00, 
  Elapsed time (stage 0): 1.0240e+03


Total elapsed time: 1.0240e+03
VFC_BACKENDS=libinterflop_vprec.so --range-binary32=7 --precision-binary32=20 --range-binary64=7 --precision-binary64=20
Info [verificarlo]: loaded backend libinterflop_vprec.so
Info [interflop-vprec]: load backend with: 
Info [interflop-vprec]: precision-binary32 = 20
Info [interflop-vprec]: range-binary32 = 7
Info [interflop-vprec]: precision-binary64 = 20
Info [interflop-vprec]: range-binary64 = 7
Info [interflop-vprec]: mode = ob
Info [interflop-vprec]: error-mode = rel
Info [interflop-vprec]: max-abs-error-exponent = -1022
Info [interflop-vprec]: daz = false
Info [interflop-vprec]: ftz = false
Info [interflop-vprec]: 	instrument = none
Info [interflop-vprec]: 	prec-input-file = (null)
Info [interflop-vprec]: 	prec-output-file = (null)
Info [interflop-vprec]: 	prec-log-file = (null)
All_Command_lines_OK
Using double precision for computations.
=============================================================================
The composite transform comprises the following transforms (in order): 
  1. /project/rrg-glatard/mdugre/datasets/corr/RawDataBIDS/BMB_1/derivatives/vprec-space_search/1111/r7-p20/sub-0003011/rigid_Composite.h5[0] (type = Euler3DTransform)
  2. /project/rrg-glatard/mdugre/datasets/corr/RawDataBIDS/BMB_1/derivatives/vprec-space_search/1111/r7-p20/sub-0003011/rigid_Composite.h5[1] (type = Euler3DTransform)
  3. /project/rrg-glatard/mdugre/datasets/corr/RawDataBIDS/BMB_1/derivatives/vprec-space_search/1111/r7-p20/sub-0003011/rigid_Composite.h5[2] (type = Euler3DTransform)
=============================================================================
  number of levels = 4
  fixed image: /templateflow/tpl-MNI152NLin2009cAsym/tpl-MNI152NLin2009cAsym_res-01_desc-brain_T1w.nii.gz
  moving image: /project/rrg-glatard/mdugre/datasets/corr/RawDataBIDS/BMB_1/derivatives/antsBrainExtraction/sub-0003011/BrainExtractionBrain.nii.gz
Dimension = 3
Number of stages = 1
Use histogram matching = false
Winsorize image intensities = true
  Lower quantile = 0.005
  Upper quantile = 0.995


Stage 1 State
   Image metric = MattesMI
     Fixed image = Image (0x3e45300)
  RTTI typeinfo:   itk::Image<double, 3u>
  Reference Count: 2
  Modified Time: 1592
  Debug: Off
  Object Name: 
  Observers: 
    none
  Source: (none)
  Source output name: (none)
  Release Data: Off
  Data Released: False
  Global Release Data: Off
  PipelineMTime: 0
  UpdateMTime: 1203
  RealTimeStamp: 0 seconds 
  LargestPossibleRegion: 
    Dimension: 3
    Index: [0, 0, 0]
    Size: [193, 229, 193]
  BufferedRegion: 
    Dimension: 3
    Index: [0, 0, 0]
    Size: [193, 229, 193]
  RequestedRegion: 
    Dimension: 3
    Index: [0, 0, 0]
    Size: [193, 229, 193]
  Spacing: [1, 1, 1]
  Origin: [96, 132, -78]
  Direction: 
-1 0 0
0 -1 0
0 0 1

  IndexToPointMatrix: 
-1 0 0
0 -1 0
0 0 1

  PointToIndexMatrix: 
-1 0 0
0 -1 0
0 0 1

  Inverse Direction: 
-1 0 0
0 -1 0
0 0 1

  PixelContainer: 
    ImportImageContainer (0x3ebdc30)
      RTTI typeinfo:   itk::ImportImageContainer<unsigned long, double>
      Reference Count: 1
      Modified Time: 1200
      Debug: Off
      Object Name: 
      Observers: 
        none
      Pointer: 0x14d8f84c9010
      Container manages memory: true
      Size: 8530021
      Capacity: 8530021

     Moving image = Image (0x3f00030)
  RTTI typeinfo:   itk::Image<double, 3u>
  Reference Count: 2
  Modified Time: 1593
  Debug: Off
  Object Name: 
  Observers: 
    none
  Source: (none)
  Source output name: (none)
  Release Data: Off
  Data Released: False
  Global Release Data: Off
  PipelineMTime: 0
  UpdateMTime: 1590
  RealTimeStamp: 0 seconds 
  LargestPossibleRegion: 
    Dimension: 3
    Index: [0, 0, 0]
    Size: [176, 256, 256]
  BufferedRegion: 
    Dimension: 3
    Index: [0, 0, 0]
    Size: [176, 256, 256]
  RequestedRegion: 
    Dimension: 3
    Index: [0, 0, 0]
    Size: [176, 256, 256]
  Spacing: [1, 1, 1]
  Origin: [-121.697, 95.2371, -128.205]
  Direction: 
1 0 0
0 -1 0
0 0 1

  IndexToPointMatrix: 
1 0 0
0 -1 0
0 0 1

  PointToIndexMatrix: 
1 0 0
0 -1 0
0 0 1

  Inverse Direction: 
1 0 0
0 -1 0
0 0 1

  PixelContainer: 
    ImportImageContainer (0x3eb5c10)
      RTTI typeinfo:   itk::ImportImageContainer<unsigned long, double>
      Reference Count: 1
      Modified Time: 1587
      Debug: Off
      Object Name: 
      Observers: 
        none
      Pointer: 0x14d8f2cc8010
      Container manages memory: true
      Size: 11534336
      Capacity: 11534336

     Weighting = 1
     Sampling strategy = regular
     Number of bins = 32
     Radius = 4
     Sampling percentage  = 0.25
   Transform = Affine
     Gradient step = 0.1
     Update field sigma (voxel space) = 0
     Total field sigma (voxel space) = 0
     Update field time sigma = 0
     Total field time sigma  = 0
     Number of time indices = 0
     Number of time point samples = 0
Registration using 1 total stages.

Stage 0
  iterations = 1000x500x250x100
  convergence threshold = 1e-06
  convergence window size = 10
  number of levels = 4
  using the Mattes MI metric (number of bins = 32, weight = 1, use gradient filter = 0)
  preprocessing:  winsorizing the image intensities
  Shrink factors (level 1 out of 4): [8, 8, 8]
  Shrink factors (level 2 out of 4): [4, 4, 4]
  Shrink factors (level 3 out of 4): [2, 2, 2]
  Shrink factors (level 4 out of 4): [1, 1, 1]
  smoothing sigmas per level: [3, 2, 1, 0]
  regular sampling (percentage = 0.25)

*** Running AffineTransform registration ***

DIAGNOSTIC,Iteration,metricValue,convergenceValue,ITERATION_TIME_INDEX,SINCE_LAST
 2DIAGNOSTIC,     1, -4.665312903504e-01, 1.797693134862e+308, 0.0000e+00, 0.0000e+00, 
 2DIAGNOSTIC,     2, -4.678156607388e-01, 1.797693134862e+308, 0.0000e+00, 0.0000e+00, 
 2DIAGNOSTIC,     3, -4.700689429246e-01, 1.797693134862e+308, 0.0000e+00, 0.0000e+00, 
 2DIAGNOSTIC,     4, -4.736604180179e-01, 1.797693134862e+308, 0.0000e+00, 0.0000e+00, 
 2DIAGNOSTIC,     5, -4.779200765564e-01, 1.797693134862e+308, 0.0000e+00, 0.0000e+00, 
 2DIAGNOSTIC,     6, -4.942773425679e-01, 1.797693134862e+308, 0.0000e+00, 0.0000e+00, 
 2DIAGNOSTIC,     7, -6.258185123692e-01, 1.797693134862e+308, 0.0000e+00, 0.0000e+00, 
 2DIAGNOSTIC,     8, -6.957547232742e-01, 1.797693134862e+308, 0.0000e+00, 0.0000e+00, 
 2DIAGNOSTIC,     9, -6.957405779022e-01, 1.797693134862e+308, 0.0000e+00, 0.0000e+00, 
 2DIAGNOSTIC,    10, -6.960766629887e-01, 3.376195277441e-02, 0.0000e+00, 0.0000e+00, 
 2DIAGNOSTIC,    11, -6.965407405703e-01, 3.203333638106e-02, 0.0000e+00, 0.0000e+00, 
 2DIAGNOSTIC,    12, -6.974729139951e-01, 2.781606503328e-02, 0.0000e+00, 0.0000e+00, 
 2DIAGNOSTIC,    13, -6.989961392878e-01, 2.197571953973e-02, 0.0000e+00, 0.0000e+00, 
 2DIAGNOSTIC,    14, -7.014202021087e-01, 1.540889506855e-02, 0.0000e+00, 0.0000e+00, 
 2DIAGNOSTIC,    15, -7.052502859285e-01, 8.788176733388e-03, 0.0000e+00, 0.0000e+00, 
 2DIAGNOSTIC,    16, -7.111946081308e-01, 2.885968937662e-03, 0.0000e+00, 0.0000e+00, 
 2DIAGNOSTIC,    17, -7.201387246237e-01, 1.271010885432e-03, 0.0000e+00, 0.0000e+00, 
 2DIAGNOSTIC,    18, -7.317169816392e-01, 1.807455748235e-03, 0.0000e+00, 0.0000e+00, 
 2DIAGNOSTIC,    19, -7.489800622614e-01, 2.514578430700e-03, 0.0000e+00, 0.0000e+00, 
 2DIAGNOSTIC,    20, -7.773918610620e-01, 3.535046178096e-03, 0.0000e+00, 0.0000e+00, 
 2DIAGNOSTIC,    21, -8.234796725436e-01, 5.061883148291e-03, 0.0000e+00, 0.0000e+00, 
 2DIAGNOSTIC,    22, -8.351793829464e-01, 6.174698667542e-03, 0.0000e+00, 0.0000e+00, 
 2DIAGNOSTIC,    23, -8.379681864100e-01, 6.682659445736e-03, 0.0000e+00, 0.0000e+00, 
 2DIAGNOSTIC,    24, -8.389664499131e-01, 6.586746476002e-03, 0.0000e+00, 0.0000e+00, 
 2DIAGNOSTIC,    25, -8.416584366972e-01, 5.990048853360e-03, 0.0000e+00, 0.0000e+00, 
 2DIAGNOSTIC,    26, -8.441171257880e-01, 5.013014600362e-03, 0.0000e+00, 0.0000e+00, 
 2DIAGNOSTIC,    27, -8.452785108827e-01, 3.809655440218e-03, 0.0000e+00, 0.0000e+00, 
 2DIAGNOSTIC,    28, -8.460060065675e-01, 2.542024209951e-03, 0.0000e+00, 0.0000e+00, 
 2DIAGNOSTIC,    29, -8.476922412247e-01, 1.405847103261e-03, 0.0000e+00, 0.0000e+00, 
 2DIAGNOSTIC,    30, -8.481537838968e-01, 6.002956302261e-04, 0.0000e+00, 0.0000e+00, 
 2DIAGNOSTIC,    31, -8.481736470459e-01, 3.917219329671e-04, 0.0000e+00, 0.0000e+00, 
 2DIAGNOSTIC,    32, -8.481122997756e-01, 3.062721633315e-04, 0.0000e+00, 0.0000e+00, 
 2DIAGNOSTIC,    33, -8.479432553005e-01, 2.299372313973e-04, 0.0000e+00, 0.0000e+00, 
 2DIAGNOSTIC,    34, -8.480906336546e-01, 1.498665359959e-04, 0.0000e+00, 0.0000e+00, 
 2DIAGNOSTIC,    35, -8.478992850780e-01, 8.831661373102e-05, 0.0000e+00, 0.0000e+00, 
 2DIAGNOSTIC,    36, -8.480092362275e-01, 5.035596344227e-05, 0.0000e+00, 0.0000e+00, 
 2DIAGNOSTIC,    37, -8.484747642971e-01, 2.721847561058e-05, 0.0000e+00, 0.0000e+00, 
 2DIAGNOSTIC,    38, -8.481510386894e-01, 6.545431901366e-06, 0.0000e+00, 0.0000e+00, 
 2DIAGNOSTIC,    39, -8.480732178501e-01, 2.451340724640e-06, 0.0000e+00, 0.0000e+00, 
 2DIAGNOSTIC,    40, -8.481228647588e-01, 3.388271090334e-06, 0.0000e+00, 0.0000e+00, 
 2DIAGNOSTIC,    41, -8.482149211685e-01, 5.002347353494e-06, 0.0000e+00, 0.0000e+00, 
 2DIAGNOSTIC,    42, -8.482339954302e-01, 5.691773464989e-06, 0.0000e+00, 0.0000e+00, 
 2DIAGNOSTIC,    43, -8.482787313073e-01, 4.792720554567e-06, 0.0000e+00, 0.0000e+00, 
 2DIAGNOSTIC,    44, -8.485785932440e-01, 7.558490907819e-06, 0.0000e+00, 0.0000e+00, 
 2DIAGNOSTIC,    45, -8.483506985677e-01, 5.930532301725e-06, 0.0000e+00, 0.0000e+00, 
 2DIAGNOSTIC,    46, -8.491725341282e-01, 1.143876922765e-05, 0.0000e+00, 0.0000e+00, 
 2DIAGNOSTIC,    47, -8.488294953848e-01, 1.654064284282e-05, 0.0000e+00, 0.0000e+00, 
 2DIAGNOSTIC,    48, -8.488751988561e-01, 1.787135260896e-05, 0.0000e+00, 0.0000e+00, 
 2DIAGNOSTIC,    49, -8.486462180297e-01, 1.519258076966e-05, 0.0000e+00, 0.0000e+00, 
 2DIAGNOSTIC,    50, -8.486560570335e-01, 1.168861049550e-05, 0.0000e+00, 0.0000e+00, 
 2DIAGNOSTIC,    51, -8.485355927792e-01, 7.012976819053e-06, 0.0000e+00, 0.0000e+00, 
 2DIAGNOSTIC,    52, -8.484138243408e-01, 1.205617963660e-06, 0.0000e+00, 0.0000e+00, 
DIAGNOSTIC,Iteration,metricValue,convergenceValue,ITERATION_TIME_INDEX,SINCE_LAST
 2DIAGNOSTIC,     1, -7.063594260232e-01, 1.797693134862e+308, 0.0000e+00, 0.0000e+00, 
 2DIAGNOSTIC,     2, -7.068903651243e-01, 1.797693134862e+308, 0.0000e+00, 0.0000e+00, 
 2DIAGNOSTIC,     3, -7.076055741990e-01, 1.797693134862e+308, 0.0000e+00, 0.0000e+00, 
 2DIAGNOSTIC,     4, -7.081825436361e-01, 1.797693134862e+308, 0.0000e+00, 0.0000e+00, 
 2DIAGNOSTIC,     5, -7.104080642019e-01, 1.797693134862e+308, 0.0000e+00, 0.0000e+00, 
 2DIAGNOSTIC,     6, -7.104998717619e-01, 1.797693134862e+308, 0.0000e+00, 0.0000e+00, 
 2DIAGNOSTIC,     7, -7.104743089291e-01, 1.797693134862e+308, 0.0000e+00, 0.0000e+00, 
 2DIAGNOSTIC,     8, -7.104944621005e-01, 1.797693134862e+308, 0.0000e+00, 0.0000e+00, 
 2DIAGNOSTIC,     9, -7.104898625149e-01, 1.797693134862e+308, 0.0000e+00, 0.0000e+00, 
 2DIAGNOSTIC,    10, -7.104895253295e-01, 4.194831517302e-04, 0.0000e+00, 0.0000e+00, 
 2DIAGNOSTIC,    11, -7.104837302175e-01, 2.858933642426e-04, 0.0000e+00, 0.0000e+00, 
 2DIAGNOSTIC,    12, -7.104951834306e-01, 1.681019800561e-04, 0.0000e+00, 0.0000e+00, 
 2DIAGNOSTIC,    13, -7.105170253562e-01, 7.657662310888e-05, 0.0000e+00, 0.0000e+00, 
 2DIAGNOSTIC,    14, -7.105442040597e-01, 6.873578517114e-06, 0.0000e+00, 0.0000e+00, 
 2DIAGNOSTIC,    15, -7.105759152183e-01, 6.247848210988e-06, 0.0000e+00, 0.0000e+00, 
 2DIAGNOSTIC,    16, -7.105973422586e-01, 8.174777988770e-06, 0.0000e+00, 0.0000e+00, 
 2DIAGNOSTIC,    17, -7.106104904268e-01, 8.996996989231e-06, 0.0000e+00, 0.0000e+00, 
 2DIAGNOSTIC,    18, -7.106460261892e-01, 1.030666278930e-05, 0.0000e+00, 0.0000e+00, 
 2DIAGNOSTIC,    19, -7.106846381028e-01, 1.138196189976e-05, 0.0000e+00, 0.0000e+00, 
 2DIAGNOSTIC,    20, -7.107511290775e-01, 1.276153331370e-05, 0.0000e+00, 0.0000e+00, 
 2DIAGNOSTIC,    21, -7.107977327528e-01, 1.372778752165e-05, 0.0000e+00, 0.0000e+00, 
 2DIAGNOSTIC,    22, -7.108501606196e-01, 1.462612330819e-05, 0.0000e+00, 0.0000e+00, 
 2DIAGNOSTIC,    23, -7.110259180350e-01, 1.763987705408e-05, 0.0000e+00, 0.0000e+00, 
 2DIAGNOSTIC,    24, -7.111081521507e-01, 2.061790894928e-05, 0.0000e+00, 0.0000e+00, 
 2DIAGNOSTIC,    25, -7.111030176661e-01, 2.196033185781e-05, 0.0000e+00, 0.0000e+00, 
 2DIAGNOSTIC,    26, -7.110914974156e-01, 2.145948024074e-05, 0.0000e+00, 0.0000e+00, 
 2DIAGNOSTIC,    27, -7.110796860468e-01, 1.911597312759e-05, 0.0000e+00, 0.0000e+00, 
 2DIAGNOSTIC,    28, -7.110928746835e-01, 1.590325872881e-05, 0.0000e+00, 0.0000e+00, 
 2DIAGNOSTIC,    29, -7.110941251843e-01, 1.202347330291e-05, 0.0000e+00, 0.0000e+00, 
 2DIAGNOSTIC,    30, -7.110843621866e-01, 8.151837214983e-06, 0.0000e+00, 0.0000e+00, 
 2DIAGNOSTIC,    31, -7.111105500692e-01, 4.833824983098e-06, 0.0000e+00, 0.0000e+00, 
 2DIAGNOSTIC,    32, -7.111107413405e-01, 1.960823748773e-06, 0.0000e+00, 0.0000e+00, 
 2DIAGNOSTIC,    33, -7.111103659853e-01, 1.264920356861e-06, 0.0000e+00, 0.0000e+00, 
 2DIAGNOSTIC,    34, -7.111107684002e-01, 1.556548554452e-06, 0.0000e+00, 0.0000e+00, 
 2DIAGNOSTIC,    35, -7.111105522657e-01, 1.716596151131e-06, 0.0000e+00, 0.0000e+00, 
 2DIAGNOSTIC,    36, -7.111106198313e-01, 1.665062812895e-06, 0.0000e+00, 0.0000e+00, 
 2DIAGNOSTIC,    37, -7.110976603075e-01, 1.267507221906e-06, 0.0000e+00, 0.0000e+00, 
DIAGNOSTIC,Iteration,metricValue,convergenceValue,ITERATION_TIME_INDEX,SINCE_LAST
 2DIAGNOSTIC,     1, -6.057968247140e-01, 1.797693134862e+308, 0.0000e+00, 0.0000e+00, 
 2DIAGNOSTIC,     2, -6.063554442586e-01, 1.797693134862e+308, 0.0000e+00, 0.0000e+00, 
 2DIAGNOSTIC,     3, -6.070545850326e-01, 1.797693134862e+308, 0.0000e+00, 0.0000e+00, 
 2DIAGNOSTIC,     4, -6.079146828619e-01, 1.797693134862e+308, 0.0000e+00, 0.0000e+00, 
 2DIAGNOSTIC,     5, -6.094330449043e-01, 1.797693134862e+308, 0.0000e+00, 0.0000e+00, 
 2DIAGNOSTIC,     6, -6.095440992632e-01, 1.797693134862e+308, 0.0000e+00, 0.0000e+00, 
 2DIAGNOSTIC,     7, -6.097930462898e-01, 1.797693134862e+308, 0.0000e+00, 0.0000e+00, 
 2DIAGNOSTIC,     8, -6.098233171761e-01, 1.797693134862e+308, 0.0000e+00, 0.0000e+00, 
 2DIAGNOSTIC,     9, -6.099747601191e-01, 1.797693134862e+308, 0.0000e+00, 0.0000e+00, 
 2DIAGNOSTIC,    10, -6.099913490042e-01, 4.793294911811e-04, 0.0000e+00, 0.0000e+00, 
 2DIAGNOSTIC,    11, -6.100038484328e-01, 3.375383706292e-04, 0.0000e+00, 0.0000e+00, 
 2DIAGNOSTIC,    12, -6.100060962981e-01, 2.117376416973e-04, 0.0000e+00, 0.0000e+00, 
 2DIAGNOSTIC,    13, -6.100102414704e-01, 1.114790016362e-04, 0.0000e+00, 0.0000e+00, 
 2DIAGNOSTIC,    14, -6.100220517927e-01, 4.337241672746e-05, 0.0000e+00, 0.0000e+00, 
 2DIAGNOSTIC,    15, -6.100347107306e-01, 2.821335096426e-05, 0.0000e+00, 0.0000e+00, 
 2DIAGNOSTIC,    16, -6.100638055183e-01, 1.650867896630e-05, 0.0000e+00, 0.0000e+00, 
 2DIAGNOSTIC,    17, -6.101022808073e-01, 1.275230726108e-05, 0.0000e+00, 0.0000e+00, 
 2DIAGNOSTIC,    18, -6.101456127300e-01, 1.019719232090e-05, 0.0000e+00, 0.0000e+00, 
 2DIAGNOSTIC,    19, -6.101737494066e-01, 1.151847939027e-05, 0.0000e+00, 0.0000e+00, 
 2DIAGNOSTIC,    20, -6.102109991907e-01, 1.304183807510e-05, 0.0000e+00, 0.0000e+00, 
 2DIAGNOSTIC,    21, -6.102135883871e-01, 1.367688237673e-05, 0.0000e+00, 0.0000e+00, 
 2DIAGNOSTIC,    22, -6.102107511979e-01, 1.310935023408e-05, 0.0000e+00, 0.0000e+00, 
 2DIAGNOSTIC,    23, -6.102132117369e-01, 1.163470016605e-05, 0.0000e+00, 0.0000e+00, 
 2DIAGNOSTIC,    24, -6.102091098999e-01, 9.467747929717e-06, 0.0000e+00, 0.0000e+00, 
 2DIAGNOSTIC,    25, -6.102053939041e-01, 6.871058532101e-06, 0.0000e+00, 0.0000e+00, 
 2DIAGNOSTIC,    26, -6.102055090663e-01, 4.468236890362e-06, 0.0000e+00, 0.0000e+00, 
 2DIAGNOSTIC,    27, -6.102019545510e-01, 2.534566356634e-06, 0.0000e+00, 0.0000e+00, 
 2DIAGNOSTIC,    28, -6.102023486192e-01, 1.334657201986e-06, 0.0000e+00, 0.0000e+00, 
DIAGNOSTIC,Iteration,metricValue,convergenceValue,ITERATION_TIME_INDEX,SINCE_LAST
 2DIAGNOSTIC,     1, -5.416482986806e-01, 1.797693134862e+308, 0.0000e+00, 0.0000e+00, 
 2DIAGNOSTIC,     2, -5.418908685598e-01, 1.797693134862e+308, 0.0000e+00, 0.0000e+00, 
 2DIAGNOSTIC,     3, -5.420906479609e-01, 1.797693134862e+308, 0.0000e+00, 0.0000e+00, 
 2DIAGNOSTIC,     4, -5.423681408277e-01, 1.797693134862e+308, 0.0000e+00, 0.0000e+00, 
 2DIAGNOSTIC,     5, -5.426555624942e-01, 1.797693134862e+308, 0.0000e+00, 0.0000e+00, 
 2DIAGNOSTIC,     6, -5.426530257383e-01, 1.797693134862e+308, 0.0000e+00, 0.0000e+00, 
 2DIAGNOSTIC,     7, -5.426527922012e-01, 1.797693134862e+308, 0.0000e+00, 0.0000e+00, 
 2DIAGNOSTIC,     8, -5.426527325514e-01, 1.797693134862e+308, 0.0000e+00, 0.0000e+00, 
 2DIAGNOSTIC,     9, -5.426527071322e-01, 1.797693134862e+308, 0.0000e+00, 0.0000e+00, 
 2DIAGNOSTIC,    10, -5.426526904002e-01, 1.183063665833e-04, 0.0000e+00, 0.0000e+00, 
 2DIAGNOSTIC,    11, -5.426526869559e-01, 7.202243714720e-05, 0.0000e+00, 0.0000e+00, 
 2DIAGNOSTIC,    12, -5.426526781571e-01, 3.794951040030e-05, 0.0000e+00, 0.0000e+00, 
 2DIAGNOSTIC,    13, -5.426526785576e-01, 1.380261179883e-05, 0.0000e+00, 0.0000e+00, 
 2DIAGNOSTIC,    14, -5.426526788104e-01, 2.150058993983e-06, 0.0000e+00, 0.0000e+00, 
 2DIAGNOSTIC,    15, -5.426526794818e-01, 2.104254878191e-06, 0.0000e+00, 0.0000e+00, 
 2DIAGNOSTIC,    16, -5.426526803890e-01, 1.982924458438e-06, 0.0000e+00, 0.0000e+00, 
 2DIAGNOSTIC,    17, -5.426526792590e-01, 1.869237630889e-06, 0.0000e+00, 0.0000e+00, 
 2DIAGNOSTIC,    18, -5.426526798476e-01, 1.766733805357e-06, 0.0000e+00, 0.0000e+00, 
 2DIAGNOSTIC,    19, -5.426526785932e-01, 1.674405093174e-06, 0.0000e+00, 0.0000e+00, 
 2DIAGNOSTIC,    20, -5.426526756091e-01, 1.590836957430e-06, 0.0000e+00, 0.0000e+00, 
 2DIAGNOSTIC,    21, -5.426526758455e-01, 1.515181330437e-06, 0.0000e+00, 0.0000e+00, 
 2DIAGNOSTIC,    22, -5.426526759568e-01, 1.446208777837e-06, 0.0000e+00, 0.0000e+00, 
 2DIAGNOSTIC,    23, -5.426526756795e-01, 1.383256391478e-06, 0.0000e+00, 0.0000e+00, 
 2DIAGNOSTIC,    24, -5.426526754410e-01, 1.325575914618e-06, 0.0000e+00, 0.0000e+00, 
 2DIAGNOSTIC,    25, -5.426526752693e-01, 1.272548154414e-06, 0.0000e+00, 0.0000e+00, 
 2DIAGNOSTIC,    26, -5.426526751109e-01, 1.223640544834e-06, 0.0000e+00, 0.0000e+00, 
 2DIAGNOSTIC,    27, -5.426526748340e-01, 1.178347008378e-06, 0.0000e+00, 0.0000e+00, 
 2DIAGNOSTIC,    28, -5.426526753377e-01, 1.136325551779e-06, 0.0000e+00, 0.0000e+00, 
 2DIAGNOSTIC,    29, -5.426526753246e-01, 1.097189574029e-06, 0.0000e+00, 0.0000e+00, 
 2DIAGNOSTIC,    30, -5.426526750133e-01, 1.060608568512e-06, 0.0000e+00, 0.0000e+00, 
 2DIAGNOSTIC,    31, -5.426526745795e-01, 1.026388037534e-06, 0.0000e+00, 0.0000e+00, 
  Elapsed time (stage 0): 0.0000e+00


Total elapsed time: 0.0000e+00
VFC_BACKENDS=libinterflop_vprec.so --range-binary32=7 --precision-binary32=20 --range-binary64=7 --precision-binary64=20
Info [verificarlo]: loaded backend libinterflop_vprec.so
Info [interflop-vprec]: load backend with: 
Info [interflop-vprec]: precision-binary32 = 20
Info [interflop-vprec]: range-binary32 = 7
Info [interflop-vprec]: precision-binary64 = 20
Info [interflop-vprec]: range-binary64 = 7
Info [interflop-vprec]: mode = ob
Info [interflop-vprec]: error-mode = rel
Info [interflop-vprec]: max-abs-error-exponent = -1022
Info [interflop-vprec]: daz = false
Info [interflop-vprec]: ftz = false
Info [interflop-vprec]: 	instrument = none
Info [interflop-vprec]: 	prec-input-file = (null)
Info [interflop-vprec]: 	prec-output-file = (null)
Info [interflop-vprec]: 	prec-log-file = (null)
All_Command_lines_OK
Using double precision for computations.
=============================================================================
The composite transform comprises the following transforms (in order): 
  1. /project/rrg-glatard/mdugre/datasets/corr/RawDataBIDS/BMB_1/derivatives/vprec-space_search/1111/r7-p20/sub-0003011/affine_Composite.h5[0] (type = Euler3DTransform)
  2. /project/rrg-glatard/mdugre/datasets/corr/RawDataBIDS/BMB_1/derivatives/vprec-space_search/1111/r7-p20/sub-0003011/affine_Composite.h5[1] (type = Euler3DTransform)
  3. /project/rrg-glatard/mdugre/datasets/corr/RawDataBIDS/BMB_1/derivatives/vprec-space_search/1111/r7-p20/sub-0003011/affine_Composite.h5[2] (type = Euler3DTransform)
  4. /project/rrg-glatard/mdugre/datasets/corr/RawDataBIDS/BMB_1/derivatives/vprec-space_search/1111/r7-p20/sub-0003011/affine_Composite.h5[3] (type = AffineTransform)
=============================================================================
  number of levels = 4
  fixed image: /templateflow/tpl-MNI152NLin2009cAsym/tpl-MNI152NLin2009cAsym_res-01_desc-brain_T1w.nii.gz
  moving image: /project/rrg-glatard/mdugre/datasets/corr/RawDataBIDS/BMB_1/derivatives/antsBrainExtraction/sub-0003011/BrainExtractionBrain.nii.gz
Dimension = 3
Number of stages = 1
Use histogram matching = false
Winsorize image intensities = true
  Lower quantile = 0.005
  Upper quantile = 0.995


Stage 1 State
   Image metric = CC
     Fixed image = Image (0x34f14c0)
  RTTI typeinfo:   itk::Image<double, 3u>
  Reference Count: 2
  Modified Time: 1606
  Debug: Off
  Object Name: 
  Observers: 
    none
  Source: (none)
  Source output name: (none)
  Release Data: Off
  Data Released: False
  Global Release Data: Off
  PipelineMTime: 0
  UpdateMTime: 1217
  RealTimeStamp: 0 seconds 
  LargestPossibleRegion: 
    Dimension: 3
    Index: [0, 0, 0]
    Size: [193, 229, 193]
  BufferedRegion: 
    Dimension: 3
    Index: [0, 0, 0]
    Size: [193, 229, 193]
  RequestedRegion: 
    Dimension: 3
    Index: [0, 0, 0]
    Size: [193, 229, 193]
  Spacing: [1, 1, 1]
  Origin: [96, 132, -78]
  Direction: 
-1 0 0
0 -1 0
0 0 1

  IndexToPointMatrix: 
-1 0 0
0 -1 0
0 0 1

  PointToIndexMatrix: 
-1 0 0
0 -1 0
0 0 1

  Inverse Direction: 
-1 0 0
0 -1 0
0 0 1

  PixelContainer: 
    ImportImageContainer (0x35be930)
      RTTI typeinfo:   itk::ImportImageContainer<unsigned long, double>
      Reference Count: 1
      Modified Time: 1214
      Debug: Off
      Object Name: 
      Observers: 
        none
      Pointer: 0x1536aa49f010
      Container manages memory: true
      Size: 8530021
      Capacity: 8530021

     Moving image = Image (0x35ac0b0)
  RTTI typeinfo:   itk::Image<double, 3u>
  Reference Count: 2
  Modified Time: 1607
  Debug: Off
  Object Name: 
  Observers: 
    none
  Source: (none)
  Source output name: (none)
  Release Data: Off
  Data Released: False
  Global Release Data: Off
  PipelineMTime: 0
  UpdateMTime: 1604
  RealTimeStamp: 0 seconds 
  LargestPossibleRegion: 
    Dimension: 3
    Index: [0, 0, 0]
    Size: [176, 256, 256]
  BufferedRegion: 
    Dimension: 3
    Index: [0, 0, 0]
    Size: [176, 256, 256]
  RequestedRegion: 
    Dimension: 3
    Index: [0, 0, 0]
    Size: [176, 256, 256]
  Spacing: [1, 1, 1]
  Origin: [-121.697, 95.2371, -128.205]
  Direction: 
1 0 0
0 -1 0
0 0 1

  IndexToPointMatrix: 
1 0 0
0 -1 0
0 0 1

  PointToIndexMatrix: 
1 0 0
0 -1 0
0 0 1

  Inverse Direction: 
1 0 0
0 -1 0
0 0 1

  PixelContainer: 
    ImportImageContainer (0x35c1090)
      RTTI typeinfo:   itk::ImportImageContainer<unsigned long, double>
      Reference Count: 1
      Modified Time: 1601
      Debug: Off
      Object Name: 
      Observers: 
        none
      Pointer: 0x1536a4c9e010
      Container manages memory: true
      Size: 11534336
      Capacity: 11534336

     Weighting = 1
     Sampling strategy = none
     Number of bins = 32
     Radius = 4
     Sampling percentage  = 1
   Transform = SyN
     Gradient step = 0.1
     Update field sigma (voxel space) = 3
     Total field sigma (voxel space) = 0
     Update field time sigma = 0
     Total field time sigma  = 0
     Number of time indices = 0
     Number of time point samples = 0
Registration using 1 total stages.

Stage 0
  iterations = 100x70x50x20
  convergence threshold = 1e-06
  convergence window size = 10
  number of levels = 4
  using the CC metric (radius = 4, weight = 1, use gradient filter = 0)
  preprocessing:  winsorizing the image intensities
  Shrink factors (level 1 out of 4): [8, 8, 8]
  Shrink factors (level 2 out of 4): [4, 4, 4]
  Shrink factors (level 3 out of 4): [2, 2, 2]
  Shrink factors (level 4 out of 4): [1, 1, 1]
  smoothing sigmas per level: [3, 2, 1, 0]
  Using default NONE metricSamplingStrategy 

*** Running SyN registration (varianceForUpdateField = 3, varianceForTotalField = 0) ***

XXDIAGNOSTIC,Iteration,metricValue,convergenceValue,ITERATION_TIME_INDEX,SINCE_LAST
 1DIAGNOSTIC,     1, -9.178724288940e-01, 1.797693134862e+308, 0.0000e+00, 0.0000e+00, 
 1DIAGNOSTIC,     2, -9.241085052490e-01, 1.797693134862e+308, 0.0000e+00, 0.0000e+00, 
 1DIAGNOSTIC,     3, -9.296493530273e-01, 1.797693134862e+308, 0.0000e+00, 0.0000e+00, 
 1DIAGNOSTIC,     4, -9.335842132568e-01, 1.797693134862e+308, 0.0000e+00, 0.0000e+00, 
 1DIAGNOSTIC,     5, -9.367265701294e-01, 1.797693134862e+308, 0.0000e+00, 0.0000e+00, 
 1DIAGNOSTIC,     6, -9.402437210083e-01, 1.797693134862e+308, 0.0000e+00, 0.0000e+00, 
 1DIAGNOSTIC,     7, -9.443025588989e-01, 1.797693134862e+308, 0.0000e+00, 0.0000e+00, 
 1DIAGNOSTIC,     8, -9.482326507568e-01, 1.797693134862e+308, 0.0000e+00, 0.0000e+00, 
 1DIAGNOSTIC,     9, -9.518651962280e-01, 1.797693134862e+308, 0.0000e+00, 0.0000e+00, 
 1DIAGNOSTIC,    10, -9.552507400513e-01, 2.434521507814e-03, 0.0000e+00, 0.0000e+00, 
 1DIAGNOSTIC,    11, -9.583644866943e-01, 2.078056114097e-03, 0.0000e+00, 0.0000e+00, 
 1DIAGNOSTIC,    12, -9.612288475037e-01, 1.821087894140e-03, 0.0000e+00, 0.0000e+00, 
 1DIAGNOSTIC,    13, -9.632010459900e-01, 1.611984143034e-03, 0.0000e+00, 0.0000e+00, 
 1DIAGNOSTIC,    14, -9.640274047852e-01, 1.388683828505e-03, 0.0000e+00, 0.0000e+00, 
 1DIAGNOSTIC,    15, -9.642295837402e-01, 1.135809244066e-03, 0.0000e+00, 0.0000e+00, 
 1DIAGNOSTIC,    16, -9.643964767456e-01, 8.794158098900e-04, 0.0000e+00, 0.0000e+00, 
 1DIAGNOSTIC,    17, -9.646267890930e-01, 6.473789662009e-04, 0.0000e+00, 0.0000e+00, 
 1DIAGNOSTIC,    18, -9.648189544678e-01, 4.495168101955e-04, 0.0000e+00, 0.0000e+00, 
 1DIAGNOSTIC,    19, -9.649910926819e-01, 2.907013860246e-04, 0.0000e+00, 0.0000e+00, 
 1DIAGNOSTIC,    20, -9.651699066162e-01, 1.740109804691e-04, 0.0000e+00, 0.0000e+00, 
 1DIAGNOSTIC,    21, -9.652409553528e-01, 9.714226709857e-05, 0.0000e+00, 0.0000e+00, 
 1DIAGNOSTIC,    22, -9.654068946838e-01, 5.893213259699e-05, 0.0000e+00, 0.0000e+00, 
 1DIAGNOSTIC,    23, -9.654388427734e-01, 4.439426108580e-05, 0.0000e+00, 0.0000e+00, 
 1DIAGNOSTIC,    24, -9.656076431274e-01, 3.939168266633e-05, 0.0000e+00, 0.0000e+00, 
 1DIAGNOSTIC,    25, -9.656124114990e-01, 3.363575727528e-05, 0.0000e+00, 0.0000e+00, 
 1DIAGNOSTIC,    26, -9.657788276672e-01, 2.908705877713e-05, 0.0000e+00, 0.0000e+00, 
 1DIAGNOSTIC,    27, -9.657545089722e-01, 2.446627761989e-05, 0.0000e+00, 0.0000e+00, 
 1DIAGNOSTIC,    28, -9.659328460693e-01, 2.191554430715e-05, 0.0000e+00, 0.0000e+00, 
 1DIAGNOSTIC,    29, -9.658765792847e-01, 1.869663891368e-05, 0.0000e+00, 0.0000e+00, 
 1DIAGNOSTIC,    30, -9.660615921021e-01, 1.766306185176e-05, 0.0000e+00, 0.0000e+00, 
 1DIAGNOSTIC,    31, -9.659900665283e-01, 1.505126549698e-05, 0.0000e+00, 0.0000e+00, 
 1DIAGNOSTIC,    32, -9.661803245544e-01, 1.461838509722e-05, 0.0000e+00, 0.0000e+00, 
 1DIAGNOSTIC,    33, -9.660944938660e-01, 1.236353974643e-05, 0.0000e+00, 0.0000e+00, 
 1DIAGNOSTIC,    34, -9.662957191467e-01, 1.243395560437e-05, 0.0000e+00, 0.0000e+00, 
 1DIAGNOSTIC,    35, -9.661889076233e-01, 1.047140021412e-05, 0.0000e+00, 0.0000e+00, 
 1DIAGNOSTIC,    36, -9.663767814636e-01, 1.067938220552e-05, 0.0000e+00, 0.0000e+00, 
 1DIAGNOSTIC,    37, -9.662556648254e-01, 8.708073230296e-06, 0.0000e+00, 0.0000e+00, 
 1DIAGNOSTIC,    38, -9.664964675903e-01, 9.418858826840e-06, 0.0000e+00, 0.0000e+00, 
 1DIAGNOSTIC,    39, -9.663419723511e-01, 7.589260465599e-06, 0.0000e+00, 0.0000e+00, 
 1DIAGNOSTIC,    40, -9.666228294373e-01, 8.724299005988e-06, 0.0000e+00, 0.0000e+00, 
 1DIAGNOSTIC,    41, -9.664530754089e-01, 7.219914064525e-06, 0.0000e+00, 0.0000e+00, 
 1DIAGNOSTIC,    42, -9.667577743530e-01, 8.731862181959e-06, 0.0000e+00, 0.0000e+00, 
 1DIAGNOSTIC,    43, -9.665699005127e-01, 7.434471518002e-06, 0.0000e+00, 0.0000e+00, 
 1DIAGNOSTIC,    44, -9.668674468994e-01, 8.985173411906e-06, 0.0000e+00, 0.0000e+00, 
 1DIAGNOSTIC,    45, -9.666738510132e-01, 7.618653703412e-06, 0.0000e+00, 0.0000e+00, 
 1DIAGNOSTIC,    46, -9.668793678284e-01, 8.252425678971e-06, 0.0000e+00, 0.0000e+00, 
 1DIAGNOSTIC,    47, -9.666342735291e-01, 5.756865301181e-06, 0.0000e+00, 0.0000e+00, 
 1DIAGNOSTIC,    48, -9.670042991638e-01, 6.723897299787e-06, 0.0000e+00, 0.0000e+00, 
 1DIAGNOSTIC,    49, -9.667034149170e-01, 4.205368071449e-06, 0.0000e+00, 0.0000e+00, 
 1DIAGNOSTIC,    50, -9.669351577759e-01, 4.576928464534e-06, 0.0000e+00, 0.0000e+00, 
 1DIAGNOSTIC,    51, -9.667644500732e-01, 2.509811047463e-06, 0.0000e+00, 0.0000e+00, 
 1DIAGNOSTIC,    52, -9.670348167419e-01, 3.675094813707e-06, 0.0000e+00, 0.0000e+00, 
 1DIAGNOSTIC,    53, -9.667825698853e-01, 1.946478602296e-06, 0.0000e+00, 0.0000e+00, 
 1DIAGNOSTIC,    54, -9.670853614807e-01, 3.522312318028e-06, 0.0000e+00, 0.0000e+00, 
 1DIAGNOSTIC,    55, -9.668693542480e-01, 2.490231163357e-06, 0.0000e+00, 0.0000e+00, 
 1DIAGNOSTIC,    56, -9.670858383179e-01, 3.611159582369e-06, 0.0000e+00, 0.0000e+00, 
 1DIAGNOSTIC,    57, -9.668512344360e-01, 1.821715311524e-06, 0.0000e+00, 0.0000e+00, 
 1DIAGNOSTIC,    58, -9.670748710632e-01, 3.084503390819e-06, 0.0000e+00, 0.0000e+00, 
 1DIAGNOSTIC,    59, -9.668641090393e-01, 1.429612372653e-06, 0.0000e+00, 0.0000e+00, 
 1DIAGNOSTIC,    60, -9.670567512512e-01, 1.888554990094e-06, 0.0000e+00, 0.0000e+00, 
 1DIAGNOSTIC,    61, -9.668397903442e-01, 2.639461522611e-07, 0.0000e+00, 0.0000e+00, 
XXDIAGNOSTIC,Iteration,metricValue,convergenceValue,ITERATION_TIME_INDEX,SINCE_LAST
 1DIAGNOSTIC,     1, -9.040446281433e-01, 1.797693134862e+308, 0.0000e+00, 0.0000e+00, 
 1DIAGNOSTIC,     2, -9.071979522705e-01, 1.797693134862e+308, 0.0000e+00, 0.0000e+00, 
 1DIAGNOSTIC,     3, -9.109897613525e-01, 1.797693134862e+308, 0.0000e+00, 0.0000e+00, 
 1DIAGNOSTIC,     4, -9.148864746094e-01, 1.797693134862e+308, 0.0000e+00, 0.0000e+00, 
 1DIAGNOSTIC,     5, -9.180989265442e-01, 1.797693134862e+308, 0.0000e+00, 0.0000e+00, 
 1DIAGNOSTIC,     6, -9.210057258606e-01, 1.797693134862e+308, 0.0000e+00, 0.0000e+00, 
 1DIAGNOSTIC,     7, -9.232711791992e-01, 1.797693134862e+308, 0.0000e+00, 0.0000e+00, 
 1DIAGNOSTIC,     8, -9.250683784485e-01, 1.797693134862e+308, 0.0000e+00, 0.0000e+00, 
 1DIAGNOSTIC,     9, -9.265284538269e-01, 1.797693134862e+308, 0.0000e+00, 0.0000e+00, 
 1DIAGNOSTIC,    10, -9.277472496033e-01, 1.702136226016e-03, 0.0000e+00, 0.0000e+00, 
 1DIAGNOSTIC,    11, -9.285283088684e-01, 1.346196586303e-03, 0.0000e+00, 0.0000e+00, 
 1DIAGNOSTIC,    12, -9.293994903564e-01, 1.032110887771e-03, 0.0000e+00, 0.0000e+00, 
 1DIAGNOSTIC,    13, -9.299087524414e-01, 7.745054319209e-04, 1.0240e+03, 1.0240e+03, 
 1DIAGNOSTIC,    14, -9.303574562073e-01, 5.786742740760e-04, 1.0240e+03, 0.0000e+00, 
 1DIAGNOSTIC,    15, -9.307518005371e-01, 4.297410590750e-04, 1.0240e+03, 0.0000e+00, 
 1DIAGNOSTIC,    16, -9.311151504517e-01, 3.226373177387e-04, 1.0240e+03, 0.0000e+00, 
 1DIAGNOSTIC,    17, -9.314422607422e-01, 2.451223229425e-04, 1.0240e+03, 0.0000e+00, 
 1DIAGNOSTIC,    18, -9.317045211792e-01, 1.885929984641e-04, 1.0240e+03, 0.0000e+00, 
 1DIAGNOSTIC,    19, -9.319128990173e-01, 1.474505633448e-04, 1.0240e+03, 0.0000e+00, 
 1DIAGNOSTIC,    20, -9.320840835571e-01, 1.181207960312e-04, 1.0240e+03, 0.0000e+00, 
 1DIAGNOSTIC,    21, -9.321041107178e-01, 9.221104203746e-05, 1.0240e+03, 0.0000e+00, 
 1DIAGNOSTIC,    22, -9.322366714478e-01, 7.414814153642e-05, 1.0240e+03, 0.0000e+00, 
 1DIAGNOSTIC,    23, -9.322338104248e-01, 5.750603761695e-05, 1.0240e+03, 0.0000e+00, 
 1DIAGNOSTIC,    24, -9.322247505188e-01, 4.256648979895e-05, 1.0240e+03, 0.0000e+00, 
 1DIAGNOSTIC,    25, -9.322199821472e-01, 2.969935289141e-05, 1.0240e+03, 0.0000e+00, 
 1DIAGNOSTIC,    26, -9.322161674500e-01, 1.934904335352e-05, 1.0240e+03, 0.0000e+00, 
 1DIAGNOSTIC,    27, -9.322171211243e-01, 1.173961122366e-05, 1.0240e+03, 0.0000e+00, 
 1DIAGNOSTIC,    28, -9.322113990784e-01, 6.446657478960e-06, 1.0240e+03, 0.0000e+00, 
 1DIAGNOSTIC,    29, -9.322042465210e-01, 3.124671634200e-06, 1.0240e+03, 0.0000e+00, 
 1DIAGNOSTIC,    30, -9.322013854980e-01, 1.567525266997e-06, 1.0240e+03, 0.0000e+00, 
 1DIAGNOSTIC,    31, -9.322004318237e-01, 2.130038004311e-07, 1.0240e+03, 0.0000e+00, 
XXDIAGNOSTIC,Iteration,metricValue,convergenceValue,ITERATION_TIME_INDEX,SINCE_LAST
 1DIAGNOSTIC,     1, -8.848609924316e-01, 1.797693134862e+308, 1.0240e+03, 0.0000e+00, 
 1DIAGNOSTIC,     2, -8.866333961487e-01, 1.797693134862e+308, 1.0240e+03, 0.0000e+00, 
 1DIAGNOSTIC,     3, -8.892884254456e-01, 1.797693134862e+308, 1.0240e+03, 0.0000e+00, 
 1DIAGNOSTIC,     4, -8.918409347534e-01, 1.797693134862e+308, 1.0240e+03, 0.0000e+00, 
 1DIAGNOSTIC,     5, -8.943309783936e-01, 1.797693134862e+308, 1.0240e+03, 0.0000e+00, 
 1DIAGNOSTIC,     6, -8.966975212097e-01, 1.797693134862e+308, 1.0240e+03, 0.0000e+00, 
 1DIAGNOSTIC,     7, -8.988475799561e-01, 1.797693134862e+308, 1.0240e+03, 0.0000e+00, 
 1DIAGNOSTIC,     8, -9.008226394653e-01, 1.797693134862e+308, 1.0240e+03, 0.0000e+00, 
 1DIAGNOSTIC,     9, -9.026103019714e-01, 1.797693134862e+308, 1.0240e+03, 0.0000e+00, 
 1DIAGNOSTIC,    10, -9.042243957520e-01, 1.434725654896e-03, 2.0480e+03, 1.0240e+03, 
 1DIAGNOSTIC,    11, -9.056725502014e-01, 1.243869729821e-03, 2.0480e+03, 0.0000e+00, 
 1DIAGNOSTIC,    12, -9.070010185242e-01, 1.054406257999e-03, 2.0480e+03, 0.0000e+00, 
 1DIAGNOSTIC,    13, -9.082341194153e-01, 8.929677133376e-04, 2.0480e+03, 0.0000e+00, 
 1DIAGNOSTIC,    14, -9.093976020813e-01, 7.568474607170e-04, 2.0480e+03, 0.0000e+00, 
 1DIAGNOSTIC,    15, -9.105081558228e-01, 6.450867032504e-04, 2.0480e+03, 0.0000e+00, 
 1DIAGNOSTIC,    16, -9.113931655884e-01, 5.518527238347e-04, 2.0480e+03, 0.0000e+00, 
 1DIAGNOSTIC,    17, -9.121351242065e-01, 4.721490000801e-04, 2.0480e+03, 0.0000e+00, 
 1DIAGNOSTIC,    18, -9.129953384399e-01, 4.070913312906e-04, 2.0480e+03, 0.0000e+00, 
 1DIAGNOSTIC,    19, -9.136915206909e-01, 3.519906951872e-04, 2.0480e+03, 0.0000e+00, 
 1DIAGNOSTIC,    20, -9.145054817200e-01, 3.076822151228e-04, 2.0480e+03, 0.0000e+00, 
 1DIAGNOSTIC,    21, -9.151663780212e-01, 2.703334494951e-04, 2.0480e+03, 0.0000e+00, 
 1DIAGNOSTIC,    22, -9.159350395203e-01, 2.410153056808e-04, 3.0720e+03, 1.0240e+03, 
 1DIAGNOSTIC,    23, -9.165034294128e-01, 2.161266718836e-04, 3.0720e+03, 0.0000e+00, 
 1DIAGNOSTIC,    24, -9.170064926147e-01, 1.947182805361e-04, 3.0720e+03, 0.0000e+00, 
 1DIAGNOSTIC,    25, -9.174604415894e-01, 1.763298904229e-04, 3.0720e+03, 0.0000e+00, 
 1DIAGNOSTIC,    26, -9.178776741028e-01, 1.584558646228e-04, 3.0720e+03, 0.0000e+00, 
 1DIAGNOSTIC,    27, -9.182639122009e-01, 1.400014893820e-04, 3.0720e+03, 0.0000e+00, 
 1DIAGNOSTIC,    28, -9.186263084412e-01, 1.233394416601e-04, 3.0720e+03, 0.0000e+00, 
 1DIAGNOSTIC,    29, -9.189662933350e-01, 1.073451420213e-04, 3.0720e+03, 0.0000e+00, 
 1DIAGNOSTIC,    30, -9.192929267883e-01, 9.418248347969e-05, 3.0720e+03, 0.0000e+00, 
 1DIAGNOSTIC,    31, -9.196076393127e-01, 8.275158295711e-05, 3.0720e+03, 0.0000e+00, 
 1DIAGNOSTIC,    32, -9.199075698853e-01, 7.463506773643e-05, 3.0720e+03, 0.0000e+00, 
 1DIAGNOSTIC,    33, -9.201941490173e-01, 6.803786672277e-05, 4.0960e+03, 1.0240e+03, 
 1DIAGNOSTIC,    34, -9.204659461975e-01, 6.250582956986e-05, 4.0960e+03, 0.0000e+00, 
 1DIAGNOSTIC,    35, -9.207186698914e-01, 5.767691420295e-05, 4.0960e+03, 0.0000e+00, 
 1DIAGNOSTIC,    36, -9.209518432617e-01, 5.329694353250e-05, 4.0960e+03, 0.0000e+00, 
 1DIAGNOSTIC,    37, -9.211702346802e-01, 4.921058484002e-05, 4.0960e+03, 0.0000e+00, 
 1DIAGNOSTIC,    38, -9.213747978210e-01, 4.533939118582e-05, 4.0960e+03, 0.0000e+00, 
 1DIAGNOSTIC,    39, -9.215683937073e-01, 4.164572903938e-05, 4.0960e+03, 0.0000e+00, 
 1DIAGNOSTIC,    40, -9.217529296875e-01, 3.818377215888e-05, 4.0960e+03, 0.0000e+00, 
 1DIAGNOSTIC,    41, -9.219260215759e-01, 3.499137690207e-05, 4.0960e+03, 0.0000e+00, 
 1DIAGNOSTIC,    42, -9.220914840698e-01, 3.209983649493e-05, 4.0960e+03, 0.0000e+00, 
 1DIAGNOSTIC,    43, -9.222483634949e-01, 2.952565217834e-05, 4.0960e+03, 0.0000e+00, 
 1DIAGNOSTIC,    44, -9.223980903625e-01, 2.726766252107e-05, 4.0960e+03, 0.0000e+00, 
 1DIAGNOSTIC,    45, -9.225425720215e-01, 2.528979640388e-05, 5.1200e+03, 1.0240e+03, 
 1DIAGNOSTIC,    46, -9.226822853088e-01, 2.354128343418e-05, 5.1200e+03, 0.0000e+00, 
 1DIAGNOSTIC,    47, -9.228167533875e-01, 2.199063971766e-05, 5.1200e+03, 0.0000e+00, 
 1DIAGNOSTIC,    48, -9.229502677917e-01, 2.063096415042e-05, 5.1200e+03, 0.0000e+00, 
 1DIAGNOSTIC,    49, -9.230761528015e-01, 1.941857282768e-05, 5.1200e+03, 0.0000e+00, 
 1DIAGNOSTIC,    50, -9.232015609741e-01, 1.836278044850e-05, 5.1200e+03, 0.0000e+00, 
XXDIAGNOSTIC,Iteration,metricValue,convergenceValue,ITERATION_TIME_INDEX,SINCE_LAST
 1DIAGNOSTIC,     1, -8.842468261719e-01, 1.797693134862e+308, 6.1440e+03, 1.0240e+03, 
 1DIAGNOSTIC,     2, -8.853726387024e-01, 1.797693134862e+308, 7.1680e+03, 1.0240e+03, 
 1DIAGNOSTIC,     3, -8.869619369507e-01, 1.797693134862e+308, 7.1680e+03, 0.0000e+00, 
 1DIAGNOSTIC,     4, -8.885669708252e-01, 1.797693134862e+308, 8.1920e+03, 1.0240e+03, 
 1DIAGNOSTIC,     5, -8.900685310364e-01, 1.797693134862e+308, 9.2160e+03, 1.0240e+03, 
 1DIAGNOSTIC,     6, -8.915905952454e-01, 1.797693134862e+308, 1.0240e+04, 1.0240e+03, 
 1DIAGNOSTIC,     7, -8.931751251221e-01, 1.797693134862e+308, 1.0240e+04, 0.0000e+00, 
 1DIAGNOSTIC,     8, -8.944830894470e-01, 1.797693134862e+308, 1.1264e+04, 1.0240e+03, 
 1DIAGNOSTIC,     9, -8.956942558289e-01, 1.797693134862e+308, 1.2288e+04, 1.0240e+03, 
 1DIAGNOSTIC,    10, -8.967018127441e-01, 9.335066941876e-04, 1.3312e+04, 1.0240e+03, 
 1DIAGNOSTIC,    11, -8.977141380310e-01, 8.196806697199e-04, 1.3312e+04, 0.0000e+00, 
 1DIAGNOSTIC,    12, -8.986468315125e-01, 7.054013267360e-04, 1.4336e+04, 1.0240e+03, 
 1DIAGNOSTIC,    13, -8.994116783142e-01, 6.022140835221e-04, 1.5360e+04, 1.0240e+03, 
 1DIAGNOSTIC,    14, -9.002432823181e-01, 5.142832361155e-04, 1.6384e+04, 1.0240e+03, 
 1DIAGNOSTIC,    15, -9.009642601013e-01, 4.379590836550e-04, 1.7408e+04, 1.0240e+03, 
 1DIAGNOSTIC,    16, -9.017262458801e-01, 3.760190563719e-04, 1.7408e+04, 0.0000e+00, 
 1DIAGNOSTIC,    17, -9.023923873901e-01, 3.285259229947e-04, 1.8432e+04, 1.0240e+03, 
 1DIAGNOSTIC,    18, -9.028987884521e-01, 2.877724931295e-04, 1.9456e+04, 1.0240e+03, 
 1DIAGNOSTIC,    19, -9.035167694092e-01, 2.551477610206e-04, 2.0480e+04, 1.0240e+03, 
 1DIAGNOSTIC,    20, -9.039955139160e-01, 2.254566979392e-04, 2.0480e+04, 0.0000e+00, 
  Elapsed time (stage 0): 20480


Total elapsed time: 20480
