
##########################
# Experiment information #
##########################
SIF_IMG: /project/rrg-glatard/mdugre/containers/ants-p2-vprec.sif
EXPERIMENT_NAME: vprec-space_search
CONFIG: 1111
VFC_BACKENDS: libinterflop_vprec.so --range-binary32=8 --precision-binary32=16 --range-binary64=8 --precision-binary64=16

FIXED_IMG: /templateflow/tpl-MNI152NLin2009cAsym/tpl-MNI152NLin2009cAsym_res-01_desc-brain_T1w.nii.gz
SUBJECT_ID: 0003033
INPUT_IMG: /project/rrg-glatard/mdugre/datasets/corr/RawDataBIDS/BMB_1/derivatives/antsBrainExtraction/sub-0003033/BrainExtractionBrain.nii.gz
OUTPUT_DIR: /project/rrg-glatard/mdugre/datasets/corr/RawDataBIDS/BMB_1/derivatives/vprec-space_search/1111/r8-p16/sub-0003033

ITK_GLOBAL_DEFAULT_NUMBER_OF_THREADS: 8
##########################

VFC_BACKENDS=libinterflop_vprec.so --range-binary32=8 --precision-binary32=16 --range-binary64=8 --precision-binary64=16
Info [verificarlo]: loaded backend libinterflop_vprec.so
Info [interflop-vprec]: load backend with: 
Info [interflop-vprec]: precision-binary32 = 16
Info [interflop-vprec]: range-binary32 = 8
Info [interflop-vprec]: precision-binary64 = 16
Info [interflop-vprec]: range-binary64 = 8
Info [interflop-vprec]: mode = ob
Info [interflop-vprec]: error-mode = rel
Info [interflop-vprec]: max-abs-error-exponent = -1022
Info [interflop-vprec]: daz = false
Info [interflop-vprec]: ftz = false
Info [interflop-vprec]: 	instrument = none
Info [interflop-vprec]: 	prec-input-file = (null)
Info [interflop-vprec]: 	prec-output-file = (null)
Info [interflop-vprec]: 	prec-log-file = (null)
All_Command_lines_OK
Using double precision for computations.
=============================================================================
The composite transform comprises the following transforms (in order): 
  1. Center of mass alignment using fixed image: /templateflow/tpl-MNI152NLin2009cAsym/tpl-MNI152NLin2009cAsym_res-01_desc-brain_T1w.nii.gz and moving image: /project/rrg-glatard/mdugre/datasets/corr/RawDataBIDS/BMB_1/derivatives/antsBrainExtraction/sub-0003033/BrainExtractionBrain.nii.gz (type = Euler3DTransform)
=============================================================================
  number of levels = 1
  fixed image: /templateflow/tpl-MNI152NLin2009cAsym/tpl-MNI152NLin2009cAsym_res-01_desc-brain_T1w.nii.gz
  moving image: /project/rrg-glatard/mdugre/datasets/corr/RawDataBIDS/BMB_1/derivatives/antsBrainExtraction/sub-0003033/BrainExtractionBrain.nii.gz
Dimension = 3
Number of stages = 1
Use histogram matching = false
Winsorize image intensities = true
  Lower quantile = 0.005
  Upper quantile = 0.995


Stage 1 State
   Image metric = MattesMI
     Fixed image = Image (0x4f9c2f0)
  RTTI typeinfo:   itk::Image<double, 3u>
  Reference Count: 2
  Modified Time: 2330
  Debug: Off
  Object Name: 
  Observers: 
    none
  Source: (none)
  Source output name: (none)
  Release Data: Off
  Data Released: False
  Global Release Data: Off
  PipelineMTime: 0
  UpdateMTime: 1941
  RealTimeStamp: 0 seconds 
  LargestPossibleRegion: 
    Dimension: 3
    Index: [0, 0, 0]
    Size: [193, 229, 193]
  BufferedRegion: 
    Dimension: 3
    Index: [0, 0, 0]
    Size: [193, 229, 193]
  RequestedRegion: 
    Dimension: 3
    Index: [0, 0, 0]
    Size: [193, 229, 193]
  Spacing: [1, 1, 1]
  Origin: [96, 132, -78]
  Direction: 
-1 0 0
0 -1 0
0 0 1

  IndexToPointMatrix: 
-1 0 0
0 -1 0
0 0 1

  PointToIndexMatrix: 
-1 0 0
0 -1 0
0 0 1

  Inverse Direction: 
-1 0 0
0 -1 0
0 0 1

  PixelContainer: 
    ImportImageContainer (0x4fa9340)
      RTTI typeinfo:   itk::ImportImageContainer<unsigned long, double>
      Reference Count: 1
      Modified Time: 1938
      Debug: Off
      Object Name: 
      Observers: 
        none
      Pointer: 0x15281ddd2010
      Container manages memory: true
      Size: 8530021
      Capacity: 8530021

     Moving image = Image (0x4fa12b0)
  RTTI typeinfo:   itk::Image<double, 3u>
  Reference Count: 2
  Modified Time: 2331
  Debug: Off
  Object Name: 
  Observers: 
    none
  Source: (none)
  Source output name: (none)
  Release Data: Off
  Data Released: False
  Global Release Data: Off
  PipelineMTime: 0
  UpdateMTime: 2328
  RealTimeStamp: 0 seconds 
  LargestPossibleRegion: 
    Dimension: 3
    Index: [0, 0, 0]
    Size: [176, 256, 256]
  BufferedRegion: 
    Dimension: 3
    Index: [0, 0, 0]
    Size: [176, 256, 256]
  RequestedRegion: 
    Dimension: 3
    Index: [0, 0, 0]
    Size: [176, 256, 256]
  Spacing: [1, 1, 1]
  Origin: [-74.3633, 104.018, -126.791]
  Direction: 
1 0 0
0 -1 0
0 0 1

  IndexToPointMatrix: 
1 0 0
0 -1 0
0 0 1

  PointToIndexMatrix: 
1 0 0
0 -1 0
0 0 1

  Inverse Direction: 
1 0 0
0 -1 0
0 0 1

  PixelContainer: 
    ImportImageContainer (0x4fce4d0)
      RTTI typeinfo:   itk::ImportImageContainer<unsigned long, double>
      Reference Count: 1
      Modified Time: 2325
      Debug: Off
      Object Name: 
      Observers: 
        none
      Pointer: 0x1528185d1010
      Container manages memory: true
      Size: 11534336
      Capacity: 11534336

     Weighting = 1
     Sampling strategy = regular
     Number of bins = 32
     Radius = 4
     Sampling percentage  = 0.25
   Transform = Rigid
     Gradient step = 0.1
     Update field sigma (voxel space) = 0
     Total field sigma (voxel space) = 0
     Update field time sigma = 0
     Total field time sigma  = 0
     Number of time indices = 0
     Number of time point samples = 0
Registration using 1 total stages.

Stage 0
  iterations = 0
  convergence threshold = 1e-06
  convergence window size = 10
  number of levels = 1
  using the Mattes MI metric (number of bins = 32, weight = 1, use gradient filter = 0)
  preprocessing:  winsorizing the image intensities
  Shrink factors (level 1 out of 1): [1, 1, 1]
  smoothing sigmas per level: [0]
  regular sampling (percentage = 0.25)

*** Running Euler3DTransform registration ***

  Elapsed time (stage 0): 0


Total elapsed time: 0
VFC_BACKENDS=libinterflop_vprec.so --range-binary32=8 --precision-binary32=16 --range-binary64=8 --precision-binary64=16
Info [verificarlo]: loaded backend libinterflop_vprec.so
Info [interflop-vprec]: load backend with: 
Info [interflop-vprec]: precision-binary32 = 16
Info [interflop-vprec]: range-binary32 = 8
Info [interflop-vprec]: precision-binary64 = 16
Info [interflop-vprec]: range-binary64 = 8
Info [interflop-vprec]: mode = ob
Info [interflop-vprec]: error-mode = rel
Info [interflop-vprec]: max-abs-error-exponent = -1022
Info [interflop-vprec]: daz = false
Info [interflop-vprec]: ftz = false
Info [interflop-vprec]: 	instrument = none
Info [interflop-vprec]: 	prec-input-file = (null)
Info [interflop-vprec]: 	prec-output-file = (null)
Info [interflop-vprec]: 	prec-log-file = (null)
All_Command_lines_OK
Using double precision for computations.
=============================================================================
The composite transform comprises the following transforms (in order): 
  1. /project/rrg-glatard/mdugre/datasets/corr/RawDataBIDS/BMB_1/derivatives/vprec-space_search/1111/r8-p16/sub-0003033/align_Composite.h5[0] (type = Euler3DTransform)
  2. /project/rrg-glatard/mdugre/datasets/corr/RawDataBIDS/BMB_1/derivatives/vprec-space_search/1111/r8-p16/sub-0003033/align_Composite.h5[1] (type = Euler3DTransform)
=============================================================================
  number of levels = 4
  fixed image: /templateflow/tpl-MNI152NLin2009cAsym/tpl-MNI152NLin2009cAsym_res-01_desc-brain_T1w.nii.gz
  moving image: /project/rrg-glatard/mdugre/datasets/corr/RawDataBIDS/BMB_1/derivatives/antsBrainExtraction/sub-0003033/BrainExtractionBrain.nii.gz
Dimension = 3
Number of stages = 1
Use histogram matching = false
Winsorize image intensities = true
  Lower quantile = 0.005
  Upper quantile = 0.995


Stage 1 State
   Image metric = MattesMI
     Fixed image = Image (0x4998300)
  RTTI typeinfo:   itk::Image<double, 3u>
  Reference Count: 2
  Modified Time: 1578
  Debug: Off
  Object Name: 
  Observers: 
    none
  Source: (none)
  Source output name: (none)
  Release Data: Off
  Data Released: False
  Global Release Data: Off
  PipelineMTime: 0
  UpdateMTime: 1189
  RealTimeStamp: 0 seconds 
  LargestPossibleRegion: 
    Dimension: 3
    Index: [0, 0, 0]
    Size: [193, 229, 193]
  BufferedRegion: 
    Dimension: 3
    Index: [0, 0, 0]
    Size: [193, 229, 193]
  RequestedRegion: 
    Dimension: 3
    Index: [0, 0, 0]
    Size: [193, 229, 193]
  Spacing: [1, 1, 1]
  Origin: [96, 132, -78]
  Direction: 
-1 0 0
0 -1 0
0 0 1

  IndexToPointMatrix: 
-1 0 0
0 -1 0
0 0 1

  PointToIndexMatrix: 
-1 0 0
0 -1 0
0 0 1

  Inverse Direction: 
-1 0 0
0 -1 0
0 0 1

  PixelContainer: 
    ImportImageContainer (0x4a10c30)
      RTTI typeinfo:   itk::ImportImageContainer<unsigned long, double>
      Reference Count: 1
      Modified Time: 1186
      Debug: Off
      Object Name: 
      Observers: 
        none
      Pointer: 0x14e1b2883010
      Container manages memory: true
      Size: 8530021
      Capacity: 8530021

     Moving image = Image (0x4a53030)
  RTTI typeinfo:   itk::Image<double, 3u>
  Reference Count: 2
  Modified Time: 1579
  Debug: Off
  Object Name: 
  Observers: 
    none
  Source: (none)
  Source output name: (none)
  Release Data: Off
  Data Released: False
  Global Release Data: Off
  PipelineMTime: 0
  UpdateMTime: 1576
  RealTimeStamp: 0 seconds 
  LargestPossibleRegion: 
    Dimension: 3
    Index: [0, 0, 0]
    Size: [176, 256, 256]
  BufferedRegion: 
    Dimension: 3
    Index: [0, 0, 0]
    Size: [176, 256, 256]
  RequestedRegion: 
    Dimension: 3
    Index: [0, 0, 0]
    Size: [176, 256, 256]
  Spacing: [1, 1, 1]
  Origin: [-74.3633, 104.018, -126.791]
  Direction: 
1 0 0
0 -1 0
0 0 1

  IndexToPointMatrix: 
1 0 0
0 -1 0
0 0 1

  PointToIndexMatrix: 
1 0 0
0 -1 0
0 0 1

  Inverse Direction: 
1 0 0
0 -1 0
0 0 1

  PixelContainer: 
    ImportImageContainer (0x4a08c10)
      RTTI typeinfo:   itk::ImportImageContainer<unsigned long, double>
      Reference Count: 1
      Modified Time: 1573
      Debug: Off
      Object Name: 
      Observers: 
        none
      Pointer: 0x14e1ad082010
      Container manages memory: true
      Size: 11534336
      Capacity: 11534336

     Weighting = 1
     Sampling strategy = regular
     Number of bins = 32
     Radius = 4
     Sampling percentage  = 0.25
   Transform = Rigid
     Gradient step = 0.1
     Update field sigma (voxel space) = 0
     Total field sigma (voxel space) = 0
     Update field time sigma = 0
     Total field time sigma  = 0
     Number of time indices = 0
     Number of time point samples = 0
Registration using 1 total stages.

Stage 0
  iterations = 1000x500x250x100
  convergence threshold = 1e-06
  convergence window size = 10
  number of levels = 4
  using the Mattes MI metric (number of bins = 32, weight = 1, use gradient filter = 0)
  preprocessing:  winsorizing the image intensities
  Shrink factors (level 1 out of 4): [8, 8, 8]
  Shrink factors (level 2 out of 4): [4, 4, 4]
  Shrink factors (level 3 out of 4): [2, 2, 2]
  Shrink factors (level 4 out of 4): [1, 1, 1]
  smoothing sigmas per level: [3, 2, 1, 0]
  regular sampling (percentage = 0.25)

*** Running Euler3DTransform registration ***

DIAGNOSTIC,Iteration,metricValue,convergenceValue,ITERATION_TIME_INDEX,SINCE_LAST
 2DIAGNOSTIC,     1, -8.699056403613e-02, 1.797693134862e+308, 0.0000e+00, 0.0000e+00, 
 2DIAGNOSTIC,     2, -8.717981866786e-02, 1.797693134862e+308, 0.0000e+00, 0.0000e+00, 
 2DIAGNOSTIC,     3, -8.730317671188e-02, 1.797693134862e+308, 0.0000e+00, 0.0000e+00, 
 2DIAGNOSTIC,     4, -8.753999923332e-02, 1.797693134862e+308, 0.0000e+00, 0.0000e+00, 
 2DIAGNOSTIC,     5, -8.796270766511e-02, 1.797693134862e+308, 0.0000e+00, 0.0000e+00, 
 2DIAGNOSTIC,     6, -8.941761665502e-02, 1.797693134862e+308, 0.0000e+00, 0.0000e+00, 
 2DIAGNOSTIC,     7, -8.963410719173e-02, 1.797693134862e+308, 0.0000e+00, 0.0000e+00, 
 2DIAGNOSTIC,     8, -9.009541560035e-02, 1.797693134862e+308, 0.0000e+00, 0.0000e+00, 
 2DIAGNOSTIC,     9, -9.003371460769e-02, 1.797693134862e+308, 0.0000e+00, 0.0000e+00, 
 2DIAGNOSTIC,    10, -9.011032176183e-02, 2.822450004312e-03, 0.0000e+00, 0.0000e+00, 
 2DIAGNOSTIC,    11, -9.014314620743e-02, 2.389093241202e-03, 0.0000e+00, 0.0000e+00, 
 2DIAGNOSTIC,    12, -9.010095693428e-02, 1.853066507130e-03, 0.0000e+00, 0.0000e+00, 
 2DIAGNOSTIC,    13, -9.009583971797e-02, 1.266775731350e-03, 0.0000e+00, 0.0000e+00, 
 2DIAGNOSTIC,    14, -9.018608720762e-02, 7.268586900000e-04, 0.0000e+00, 0.0000e+00, 
 2DIAGNOSTIC,    15, -9.020998073900e-02, 2.809435565494e-04, 0.0000e+00, 0.0000e+00, 
 2DIAGNOSTIC,    16, -9.023129476831e-02, 1.594172480635e-04, 0.0000e+00, 0.0000e+00, 
 2DIAGNOSTIC,    17, -9.024556004794e-02, 7.902411014987e-05, 0.0000e+00, 0.0000e+00, 
 2DIAGNOSTIC,    18, -9.025812236908e-02, 8.489929047989e-05, 0.0000e+00, 0.0000e+00, 
 2DIAGNOSTIC,    19, -9.027177342958e-02, 7.375103920219e-05, 0.0000e+00, 0.0000e+00, 
 2DIAGNOSTIC,    20, -9.027063343630e-02, 6.865287409002e-05, 0.0000e+00, 0.0000e+00, 
 2DIAGNOSTIC,    21, -9.027707150447e-02, 6.412142111998e-05, 0.0000e+00, 0.0000e+00, 
 2DIAGNOSTIC,    22, -9.027464765517e-02, 4.790761818620e-05, 0.0000e+00, 0.0000e+00, 
 2DIAGNOSTIC,    23, -9.027685619990e-02, 2.807314050080e-05, 0.0000e+00, 0.0000e+00, 
 2DIAGNOSTIC,    24, -9.027928763350e-02, 1.959833343571e-05, 0.0000e+00, 0.0000e+00, 
 2DIAGNOSTIC,    25, -9.027832080017e-02, 1.295352065694e-05, 0.0000e+00, 0.0000e+00, 
 2DIAGNOSTIC,    26, -9.027777124932e-02, 8.253678024032e-06, 0.0000e+00, 0.0000e+00, 
 2DIAGNOSTIC,    27, -9.027732455447e-02, 4.846129062423e-06, 0.0000e+00, 0.0000e+00, 
 2DIAGNOSTIC,    28, -9.027740033105e-02, 2.729153358062e-06, 0.0000e+00, 0.0000e+00, 
 2DIAGNOSTIC,    29, -9.027301711435e-02, 1.622402935671e-06, 0.0000e+00, 0.0000e+00, 
DIAGNOSTIC,Iteration,metricValue,convergenceValue,ITERATION_TIME_INDEX,SINCE_LAST
 2DIAGNOSTIC,     1, -1.595683644881e-02, 1.797693134862e+308, 0.0000e+00, 0.0000e+00, 
 2DIAGNOSTIC,     2, -1.618444249984e-02, 1.797693134862e+308, 0.0000e+00, 0.0000e+00, 
 2DIAGNOSTIC,     3, -1.656160096584e-02, 1.797693134862e+308, 0.0000e+00, 0.0000e+00, 
 2DIAGNOSTIC,     4, -1.676809253626e-02, 1.797693134862e+308, 0.0000e+00, 0.0000e+00, 
 2DIAGNOSTIC,     5, -1.703179616674e-02, 1.797693134862e+308, 0.0000e+00, 0.0000e+00, 
 2DIAGNOSTIC,     6, -1.832095951317e-02, 1.797693134862e+308, 0.0000e+00, 0.0000e+00, 
 2DIAGNOSTIC,     7, -1.836016219717e-02, 1.797693134862e+308, 0.0000e+00, 0.0000e+00, 
 2DIAGNOSTIC,     8, -1.837062060364e-02, 1.797693134862e+308, 0.0000e+00, 0.0000e+00, 
 2DIAGNOSTIC,     9, -1.837702410618e-02, 1.797693134862e+308, 0.0000e+00, 0.0000e+00, 
 2DIAGNOSTIC,    10, -1.838996470782e-02, 1.072294672680e-02, 0.0000e+00, 0.0000e+00, 
 2DIAGNOSTIC,    11, -1.838974122076e-02, 8.208223077600e-03, 0.0000e+00, 0.0000e+00, 
 2DIAGNOSTIC,    12, -1.839294050227e-02, 5.697084551132e-03, 0.0000e+00, 0.0000e+00, 
 2DIAGNOSTIC,    13, -1.840435714799e-02, 3.579491036786e-03, 0.0000e+00, 0.0000e+00, 
 2DIAGNOSTIC,    14, -1.840883411676e-02, 1.703555712913e-03, 0.0000e+00, 0.0000e+00, 
 2DIAGNOSTIC,    15, -1.843052359311e-02, 1.976270393447e-04, 0.0000e+00, 0.0000e+00, 
 2DIAGNOSTIC,    16, -1.844002844915e-02, 1.634894553634e-04, 0.0000e+00, 0.0000e+00, 
 2DIAGNOSTIC,    17, -1.844190895113e-02, 1.571353470942e-04, 0.0000e+00, 0.0000e+00, 
 2DIAGNOSTIC,    18, -1.844102645823e-02, 1.458015915498e-04, 0.0000e+00, 0.0000e+00, 
 2DIAGNOSTIC,    19, -1.844145935806e-02, 1.278220352340e-04, 0.0000e+00, 0.0000e+00, 
 2DIAGNOSTIC,    20, -1.844165411603e-02, 1.102602492419e-04, 0.0000e+00, 0.0000e+00, 
 2DIAGNOSTIC,    21, -1.844188300355e-02, 8.420507730892e-05, 0.0000e+00, 0.0000e+00, 
 2DIAGNOSTIC,    22, -1.844201867184e-02, 5.528229713450e-05, 0.0000e+00, 0.0000e+00, 
 2DIAGNOSTIC,    23, -1.844179786839e-02, 3.179994158804e-05, 0.0000e+00, 0.0000e+00, 
 2DIAGNOSTIC,    24, -1.844179549323e-02, 1.010762466524e-05, 0.0000e+00, 0.0000e+00, 
 2DIAGNOSTIC,    25, -1.844178663457e-02, 2.867703652439e-06, 0.0000e+00, 0.0000e+00, 
 2DIAGNOSTIC,    26, -1.844176789236e-02, 1.754834594754e-06, 0.0000e+00, 0.0000e+00, 
 2DIAGNOSTIC,    27, -1.844176469510e-02, 1.790422645261e-06, 0.0000e+00, 0.0000e+00, 
 2DIAGNOSTIC,    28, -1.844163401666e-02, 1.196315595482e-06, 0.0000e+00, 0.0000e+00, 
DIAGNOSTIC,Iteration,metricValue,convergenceValue,ITERATION_TIME_INDEX,SINCE_LAST
 2DIAGNOSTIC,     1, -5.666915174376e-03, 1.797693134862e+308, 0.0000e+00, 0.0000e+00, 
 2DIAGNOSTIC,     2, -5.756044080555e-03, 1.797693134862e+308, 0.0000e+00, 0.0000e+00, 
 2DIAGNOSTIC,     3, -5.845703276015e-03, 1.797693134862e+308, 0.0000e+00, 0.0000e+00, 
 2DIAGNOSTIC,     4, -5.889925466693e-03, 1.797693134862e+308, 0.0000e+00, 0.0000e+00, 
 2DIAGNOSTIC,     5, -5.916913383607e-03, 1.797693134862e+308, 0.0000e+00, 0.0000e+00, 
 2DIAGNOSTIC,     6, -5.920031305352e-03, 1.797693134862e+308, 0.0000e+00, 0.0000e+00, 
 2DIAGNOSTIC,     7, -5.923344906356e-03, 1.797693134862e+308, 0.0000e+00, 0.0000e+00, 
 2DIAGNOSTIC,     8, -5.933458370097e-03, 1.797693134862e+308, 0.0000e+00, 0.0000e+00, 
 2DIAGNOSTIC,     9, -5.940307311996e-03, 1.797693134862e+308, 0.0000e+00, 0.0000e+00, 
 2DIAGNOSTIC,    10, -5.943962541022e-03, 2.498734032961e-03, 0.0000e+00, 0.0000e+00, 
 2DIAGNOSTIC,    11, -5.946395663085e-03, 1.408214317040e-03, 0.0000e+00, 0.0000e+00, 
 2DIAGNOSTIC,    12, -5.948355232072e-03, 7.354388314474e-04, 0.0000e+00, 0.0000e+00, 
 2DIAGNOSTIC,    13, -5.949104818032e-03, 4.326367187636e-04, 0.0000e+00, 0.0000e+00, 
 2DIAGNOSTIC,    14, -5.949319754523e-03, 2.846911567810e-04, 0.0000e+00, 0.0000e+00, 
 2DIAGNOSTIC,    15, -5.949355415594e-03, 2.178514338333e-04, 0.0000e+00, 0.0000e+00, 
 2DIAGNOSTIC,    16, -5.949413490867e-03, 1.494926838982e-04, 0.0000e+00, 0.0000e+00, 
 2DIAGNOSTIC,    17, -5.949350569405e-03, 8.432860157595e-05, 0.0000e+00, 0.0000e+00, 
 2DIAGNOSTIC,    18, -5.949396596634e-03, 4.565004649327e-05, 0.0000e+00, 0.0000e+00, 
 2DIAGNOSTIC,    19, -5.949416669698e-03, 2.426365178900e-05, 0.0000e+00, 0.0000e+00, 
 2DIAGNOSTIC,    20, -5.949408755349e-03, 1.161118154632e-05, 0.0000e+00, 0.0000e+00, 
 2DIAGNOSTIC,    21, -5.949356974511e-03, 4.588958464016e-06, 0.0000e+00, 0.0000e+00, 
 2DIAGNOSTIC,    22, -5.949344819745e-03, 2.140301900530e-06, 0.0000e+00, 0.0000e+00, 
 2DIAGNOSTIC,    23, -5.949325492577e-03, 1.353699123609e-06, 0.0000e+00, 0.0000e+00, 
 2DIAGNOSTIC,    24, -5.949305210248e-03, 1.020487301530e-06, 0.0000e+00, 0.0000e+00, 
DIAGNOSTIC,Iteration,metricValue,convergenceValue,ITERATION_TIME_INDEX,SINCE_LAST
 2DIAGNOSTIC,     1, -3.661711660267e-03, 1.797693134862e+308, 0.0000e+00, 0.0000e+00, 
 2DIAGNOSTIC,     2, -3.703701393067e-03, 1.797693134862e+308, 0.0000e+00, 0.0000e+00, 
 2DIAGNOSTIC,     3, -3.787390049386e-03, 1.797693134862e+308, 0.0000e+00, 0.0000e+00, 
 2DIAGNOSTIC,     4, -3.922580975121e-03, 1.797693134862e+308, 0.0000e+00, 0.0000e+00, 
 2DIAGNOSTIC,     5, -4.094939906121e-03, 1.797693134862e+308, 0.0000e+00, 0.0000e+00, 
 2DIAGNOSTIC,     6, -4.335590868264e-03, 1.797693134862e+308, 0.0000e+00, 0.0000e+00, 
 2DIAGNOSTIC,     7, -4.813228241714e-03, 1.797693134862e+308, 0.0000e+00, 0.0000e+00, 
 2DIAGNOSTIC,     8, -5.239394801409e-03, 1.797693134862e+308, 0.0000e+00, 0.0000e+00, 
 2DIAGNOSTIC,     9, -6.230696070304e-03, 1.797693134862e+308, 0.0000e+00, 0.0000e+00, 
 2DIAGNOSTIC,    10, -1.129987756188e-02, 6.297924516763e-02, 0.0000e+00, 0.0000e+00, 
 2DIAGNOSTIC,    11, -3.777833184814e-02, 1.371057230457e-01, 0.0000e+00, 0.0000e+00, 
 2DIAGNOSTIC,    12, -3.777751186034e-02, 1.561465376330e-01, 0.0000e+00, 0.0000e+00, 
 2DIAGNOSTIC,    13, -3.777900266301e-02, 1.554957947136e-01, 0.0000e+00, 0.0000e+00, 
 2DIAGNOSTIC,    14, -3.778062910089e-02, 1.434737099625e-01, 0.0000e+00, 0.0000e+00, 
 2DIAGNOSTIC,    15, -3.778352904716e-02, 1.234020021105e-01, 0.0000e+00, 0.0000e+00, 
 2DIAGNOSTIC,    16, -3.779111924171e-02, 9.814491259627e-02, 0.0000e+00, 0.0000e+00, 
 2DIAGNOSTIC,    17, -3.780175391679e-02, 7.090900986835e-02, 0.0000e+00, 0.0000e+00, 
 2DIAGNOSTIC,    18, -3.782455980853e-02, 4.403799983968e-02, 0.0000e+00, 0.0000e+00, 
 2DIAGNOSTIC,    19, -3.786400848199e-02, 1.934491414583e-02, 0.0000e+00, 0.0000e+00, 
 2DIAGNOSTIC,    20, -3.794210754851e-02, 1.898013639188e-04, 0.0000e+00, 0.0000e+00, 
 2DIAGNOSTIC,    21, -3.807486988279e-02, 3.183958749568e-04, 0.0000e+00, 0.0000e+00, 
 2DIAGNOSTIC,    22, -3.827581070544e-02, 5.099901712713e-04, 0.0000e+00, 0.0000e+00, 
 2DIAGNOSTIC,    23, -3.858464773524e-02, 7.884379869977e-04, 0.0000e+00, 0.0000e+00, 
 2DIAGNOSTIC,    24, -3.901612846562e-02, 1.166070643369e-03, 0.0000e+00, 0.0000e+00, 
 2DIAGNOSTIC,    25, -3.949438457595e-02, 1.604964743937e-03, 0.0000e+00, 0.0000e+00, 
 2DIAGNOSTIC,    26, -4.120983136153e-02, 2.574297761847e-03, 0.0000e+00, 0.0000e+00, 
 2DIAGNOSTIC,    27, -4.302867184038e-02, 3.904537582530e-03, 0.0000e+00, 0.0000e+00, 
 2DIAGNOSTIC,    28, -4.905131380915e-02, 6.946488947145e-03, 0.0000e+00, 0.0000e+00, 
 2DIAGNOSTIC,    29, -5.389682510942e-02, 1.059476560034e-02, 0.0000e+00, 0.0000e+00, 
 2DIAGNOSTIC,    30, -5.560255773411e-02, 1.336072697549e-02, 0.0000e+00, 0.0000e+00, 
 2DIAGNOSTIC,    31, -5.805502133094e-02, 1.534495055937e-02, 0.0000e+00, 0.0000e+00, 
 2DIAGNOSTIC,    32, -6.024633217217e-02, 1.633102356587e-02, 0.0000e+00, 0.0000e+00, 
 2DIAGNOSTIC,    33, -6.023934226726e-02, 1.575037869428e-02, 0.0000e+00, 0.0000e+00, 
 2DIAGNOSTIC,    34, -6.024159665944e-02, 1.388632649055e-02, 0.0000e+00, 0.0000e+00, 
 2DIAGNOSTIC,    35, -6.024198831387e-02, 1.105637191493e-02, 0.0000e+00, 0.0000e+00, 
 2DIAGNOSTIC,    36, -6.024207499470e-02, 7.884864374736e-03, 0.0000e+00, 0.0000e+00, 
 2DIAGNOSTIC,    37, -6.024159931526e-02, 4.648642474060e-03, 0.0000e+00, 0.0000e+00, 
 2DIAGNOSTIC,    38, -6.024161221417e-02, 2.522247248984e-03, 0.0000e+00, 0.0000e+00, 
 2DIAGNOSTIC,    39, -6.024137423069e-02, 1.325268415342e-03, 0.0000e+00, 0.0000e+00, 
 2DIAGNOSTIC,    40, -6.024171912151e-02, 4.247945466719e-04, 0.0000e+00, 0.0000e+00, 
  Elapsed time (stage 0): 0.0000e+00


Total elapsed time: 0.0000e+00
VFC_BACKENDS=libinterflop_vprec.so --range-binary32=8 --precision-binary32=16 --range-binary64=8 --precision-binary64=16
Info [verificarlo]: loaded backend libinterflop_vprec.so
Info [interflop-vprec]: load backend with: 
Info [interflop-vprec]: precision-binary32 = 16
Info [interflop-vprec]: range-binary32 = 8
Info [interflop-vprec]: precision-binary64 = 16
Info [interflop-vprec]: range-binary64 = 8
Info [interflop-vprec]: mode = ob
Info [interflop-vprec]: error-mode = rel
Info [interflop-vprec]: max-abs-error-exponent = -1022
Info [interflop-vprec]: daz = false
Info [interflop-vprec]: ftz = false
Info [interflop-vprec]: 	instrument = none
Info [interflop-vprec]: 	prec-input-file = (null)
Info [interflop-vprec]: 	prec-output-file = (null)
Info [interflop-vprec]: 	prec-log-file = (null)
All_Command_lines_OK
Using double precision for computations.
=============================================================================
The composite transform comprises the following transforms (in order): 
  1. /project/rrg-glatard/mdugre/datasets/corr/RawDataBIDS/BMB_1/derivatives/vprec-space_search/1111/r8-p16/sub-0003033/rigid_Composite.h5[0] (type = Euler3DTransform)
  2. /project/rrg-glatard/mdugre/datasets/corr/RawDataBIDS/BMB_1/derivatives/vprec-space_search/1111/r8-p16/sub-0003033/rigid_Composite.h5[1] (type = Euler3DTransform)
  3. /project/rrg-glatard/mdugre/datasets/corr/RawDataBIDS/BMB_1/derivatives/vprec-space_search/1111/r8-p16/sub-0003033/rigid_Composite.h5[2] (type = Euler3DTransform)
=============================================================================
  number of levels = 4
  fixed image: /templateflow/tpl-MNI152NLin2009cAsym/tpl-MNI152NLin2009cAsym_res-01_desc-brain_T1w.nii.gz
  moving image: /project/rrg-glatard/mdugre/datasets/corr/RawDataBIDS/BMB_1/derivatives/antsBrainExtraction/sub-0003033/BrainExtractionBrain.nii.gz
Dimension = 3
Number of stages = 1
Use histogram matching = false
Winsorize image intensities = true
  Lower quantile = 0.005
  Upper quantile = 0.995


Stage 1 State
   Image metric = MattesMI
     Fixed image = Image (0x4b5e300)
  RTTI typeinfo:   itk::Image<double, 3u>
  Reference Count: 2
  Modified Time: 1592
  Debug: Off
  Object Name: 
  Observers: 
    none
  Source: (none)
  Source output name: (none)
  Release Data: Off
  Data Released: False
  Global Release Data: Off
  PipelineMTime: 0
  UpdateMTime: 1203
  RealTimeStamp: 0 seconds 
  LargestPossibleRegion: 
    Dimension: 3
    Index: [0, 0, 0]
    Size: [193, 229, 193]
  BufferedRegion: 
    Dimension: 3
    Index: [0, 0, 0]
    Size: [193, 229, 193]
  RequestedRegion: 
    Dimension: 3
    Index: [0, 0, 0]
    Size: [193, 229, 193]
  Spacing: [1, 1, 1]
  Origin: [96, 132, -78]
  Direction: 
-1 0 0
0 -1 0
0 0 1

  IndexToPointMatrix: 
-1 0 0
0 -1 0
0 0 1

  PointToIndexMatrix: 
-1 0 0
0 -1 0
0 0 1

  Inverse Direction: 
-1 0 0
0 -1 0
0 0 1

  PixelContainer: 
    ImportImageContainer (0x4bd6c30)
      RTTI typeinfo:   itk::ImportImageContainer<unsigned long, double>
      Reference Count: 1
      Modified Time: 1200
      Debug: Off
      Object Name: 
      Observers: 
        none
      Pointer: 0x14e7ee8c0010
      Container manages memory: true
      Size: 8530021
      Capacity: 8530021

     Moving image = Image (0x4c19030)
  RTTI typeinfo:   itk::Image<double, 3u>
  Reference Count: 2
  Modified Time: 1593
  Debug: Off
  Object Name: 
  Observers: 
    none
  Source: (none)
  Source output name: (none)
  Release Data: Off
  Data Released: False
  Global Release Data: Off
  PipelineMTime: 0
  UpdateMTime: 1590
  RealTimeStamp: 0 seconds 
  LargestPossibleRegion: 
    Dimension: 3
    Index: [0, 0, 0]
    Size: [176, 256, 256]
  BufferedRegion: 
    Dimension: 3
    Index: [0, 0, 0]
    Size: [176, 256, 256]
  RequestedRegion: 
    Dimension: 3
    Index: [0, 0, 0]
    Size: [176, 256, 256]
  Spacing: [1, 1, 1]
  Origin: [-74.3633, 104.018, -126.791]
  Direction: 
1 0 0
0 -1 0
0 0 1

  IndexToPointMatrix: 
1 0 0
0 -1 0
0 0 1

  PointToIndexMatrix: 
1 0 0
0 -1 0
0 0 1

  Inverse Direction: 
1 0 0
0 -1 0
0 0 1

  PixelContainer: 
    ImportImageContainer (0x4bcec10)
      RTTI typeinfo:   itk::ImportImageContainer<unsigned long, double>
      Reference Count: 1
      Modified Time: 1587
      Debug: Off
      Object Name: 
      Observers: 
        none
      Pointer: 0x14e7e90bf010
      Container manages memory: true
      Size: 11534336
      Capacity: 11534336

     Weighting = 1
     Sampling strategy = regular
     Number of bins = 32
     Radius = 4
     Sampling percentage  = 0.25
   Transform = Affine
     Gradient step = 0.1
     Update field sigma (voxel space) = 0
     Total field sigma (voxel space) = 0
     Update field time sigma = 0
     Total field time sigma  = 0
     Number of time indices = 0
     Number of time point samples = 0
Registration using 1 total stages.

Stage 0
  iterations = 1000x500x250x100
  convergence threshold = 1e-06
  convergence window size = 10
  number of levels = 4
  using the Mattes MI metric (number of bins = 32, weight = 1, use gradient filter = 0)
  preprocessing:  winsorizing the image intensities
  Shrink factors (level 1 out of 4): [8, 8, 8]
  Shrink factors (level 2 out of 4): [4, 4, 4]
  Shrink factors (level 3 out of 4): [2, 2, 2]
  Shrink factors (level 4 out of 4): [1, 1, 1]
  smoothing sigmas per level: [3, 2, 1, 0]
  regular sampling (percentage = 0.25)

*** Running AffineTransform registration ***

DIAGNOSTIC,Iteration,metricValue,convergenceValue,ITERATION_TIME_INDEX,SINCE_LAST
 2DIAGNOSTIC,     1, -1.128018941986e-01, 1.797693134862e+308, 0.0000e+00, 0.0000e+00, 
 2DIAGNOSTIC,     2, -1.130115537474e-01, 1.797693134862e+308, 0.0000e+00, 0.0000e+00, 
 2DIAGNOSTIC,     3, -1.133547302502e-01, 1.797693134862e+308, 0.0000e+00, 0.0000e+00, 
 2DIAGNOSTIC,     4, -1.133023425671e-01, 1.797693134862e+308, 0.0000e+00, 0.0000e+00, 
 2DIAGNOSTIC,     5, -1.134270327358e-01, 1.797693134862e+308, 0.0000e+00, 0.0000e+00, 
 2DIAGNOSTIC,     6, -1.134401767778e-01, 1.797693134862e+308, 0.0000e+00, 0.0000e+00, 
 2DIAGNOSTIC,     7, -1.140544298547e-01, 1.797693134862e+308, 0.0000e+00, 0.0000e+00, 
 2DIAGNOSTIC,     8, -1.142164927603e-01, 1.797693134862e+308, 0.0000e+00, 0.0000e+00, 
 2DIAGNOSTIC,     9, -1.139048030417e-01, 1.797693134862e+308, 0.0000e+00, 0.0000e+00, 
 2DIAGNOSTIC,    10, -1.138725643118e-01, 7.063932645042e-04, 0.0000e+00, 0.0000e+00, 
 2DIAGNOSTIC,    11, -1.139620772988e-01, 5.251729459064e-04, 0.0000e+00, 0.0000e+00, 
 2DIAGNOSTIC,    12, -1.145843230501e-01, 4.948976751922e-04, 0.0000e+00, 0.0000e+00, 
 2DIAGNOSTIC,    13, -1.151631984134e-01, 5.984621018844e-04, 0.0000e+00, 0.0000e+00, 
 2DIAGNOSTIC,    14, -1.151155715918e-01, 6.158374084453e-04, 0.0000e+00, 0.0000e+00, 
 2DIAGNOSTIC,    15, -1.150562858239e-01, 5.907040349857e-04, 0.0000e+00, 0.0000e+00, 
 2DIAGNOSTIC,    16, -1.148001103358e-01, 4.748372783067e-04, 0.0000e+00, 0.0000e+00, 
 2DIAGNOSTIC,    17, -1.149136294607e-01, 4.334719124732e-04, 0.0000e+00, 0.0000e+00, 
 2DIAGNOSTIC,    18, -1.148431814918e-01, 3.682958025899e-04, 0.0000e+00, 0.0000e+00, 
 2DIAGNOSTIC,    19, -1.148485635240e-01, 2.372641441252e-04, 0.0000e+00, 0.0000e+00, 
 2DIAGNOSTIC,    20, -1.151004136690e-01, 1.270069608797e-04, 0.0000e+00, 0.0000e+00, 
 2DIAGNOSTIC,    21, -1.150422556290e-01, 1.749351672556e-05, 0.0000e+00, 0.0000e+00, 
DIAGNOSTIC,Iteration,metricValue,convergenceValue,ITERATION_TIME_INDEX,SINCE_LAST
 2DIAGNOSTIC,     1, -8.447612533076e-02, 1.797693134862e+308, 0.0000e+00, 0.0000e+00, 
 2DIAGNOSTIC,     2, -8.453571272814e-02, 1.797693134862e+308, 0.0000e+00, 0.0000e+00, 
 2DIAGNOSTIC,     3, -8.462558845957e-02, 1.797693134862e+308, 0.0000e+00, 0.0000e+00, 
 2DIAGNOSTIC,     4, -8.467403177090e-02, 1.797693134862e+308, 0.0000e+00, 0.0000e+00, 
 2DIAGNOSTIC,     5, -8.467105529401e-02, 1.797693134862e+308, 0.0000e+00, 0.0000e+00, 
 2DIAGNOSTIC,     6, -8.467415622011e-02, 1.797693134862e+308, 0.0000e+00, 0.0000e+00, 
 2DIAGNOSTIC,     7, -8.469148326192e-02, 1.797693134862e+308, 0.0000e+00, 0.0000e+00, 
 2DIAGNOSTIC,     8, -8.476754158249e-02, 1.797693134862e+308, 0.0000e+00, 0.0000e+00, 
 2DIAGNOSTIC,     9, -8.474859498123e-02, 1.797693134862e+308, 0.0000e+00, 0.0000e+00, 
 2DIAGNOSTIC,    10, -8.474501827157e-02, 1.922274348195e-04, 0.0000e+00, 0.0000e+00, 
 2DIAGNOSTIC,    11, -8.473631710521e-02, 1.265190927308e-04, 0.0000e+00, 0.0000e+00, 
 2DIAGNOSTIC,    12, -8.471831353799e-02, 7.155229878263e-05, 0.0000e+00, 0.0000e+00, 
 2DIAGNOSTIC,    13, -8.471307939845e-02, 4.008363960575e-05, 0.0000e+00, 0.0000e+00, 
 2DIAGNOSTIC,    14, -8.475385074886e-02, 3.113790153561e-05, 0.0000e+00, 0.0000e+00, 
 2DIAGNOSTIC,    15, -8.479633654014e-02, 2.958815015541e-05, 0.0000e+00, 0.0000e+00, 
 2DIAGNOSTIC,    16, -8.480015462895e-02, 2.706493513321e-05, 0.0000e+00, 0.0000e+00, 
 2DIAGNOSTIC,    17, -8.480434966538e-02, 2.657083879128e-05, 0.0000e+00, 0.0000e+00, 
 2DIAGNOSTIC,    18, -8.477431126217e-02, 3.261050886183e-05, 0.0000e+00, 0.0000e+00, 
 2DIAGNOSTIC,    19, -8.477174750715e-02, 3.132959502861e-05, 0.0000e+00, 0.0000e+00, 
 2DIAGNOSTIC,    20, -8.476401135381e-02, 2.532847675357e-05, 0.0000e+00, 0.0000e+00, 
 2DIAGNOSTIC,    21, -8.474922237117e-02, 1.402693296336e-05, 0.0000e+00, 0.0000e+00, 
DIAGNOSTIC,Iteration,metricValue,convergenceValue,ITERATION_TIME_INDEX,SINCE_LAST
 2DIAGNOSTIC,     1, -6.570801429154e-02, 1.797693134862e+308, 0.0000e+00, 0.0000e+00, 
 2DIAGNOSTIC,     2, -6.571190125499e-02, 1.797693134862e+308, 0.0000e+00, 0.0000e+00, 
 2DIAGNOSTIC,     3, -6.570196202055e-02, 1.797693134862e+308, 0.0000e+00, 0.0000e+00, 
 2DIAGNOSTIC,     4, -6.570094558631e-02, 1.797693134862e+308, 0.0000e+00, 0.0000e+00, 
 2DIAGNOSTIC,     5, -6.570506963515e-02, 1.797693134862e+308, 0.0000e+00, 0.0000e+00, 
 2DIAGNOSTIC,     6, -6.569977918156e-02, 1.797693134862e+308, 0.0000e+00, 0.0000e+00, 
 2DIAGNOSTIC,     7, -6.569645136242e-02, 1.797693134862e+308, 0.0000e+00, 0.0000e+00, 
 2DIAGNOSTIC,     8, -6.569645896467e-02, 1.797693134862e+308, 0.0000e+00, 0.0000e+00, 
 2DIAGNOSTIC,     9, -6.569507914664e-02, 1.797693134862e+308, 0.0000e+00, 0.0000e+00, 
DIAGNOSTIC,Iteration,metricValue,convergenceValue,ITERATION_TIME_INDEX,SINCE_LAST
 2DIAGNOSTIC,     1, -5.971577971067e-02, 1.797693134862e+308, 0.0000e+00, 0.0000e+00, 
 2DIAGNOSTIC,     2, -5.973943288050e-02, 1.797693134862e+308, 0.0000e+00, 0.0000e+00, 
 2DIAGNOSTIC,     3, -5.978084926480e-02, 1.797693134862e+308, 0.0000e+00, 0.0000e+00, 
 2DIAGNOSTIC,     4, -5.979628848544e-02, 1.797693134862e+308, 0.0000e+00, 0.0000e+00, 
 2DIAGNOSTIC,     5, -5.979524655912e-02, 1.797693134862e+308, 0.0000e+00, 0.0000e+00, 
 2DIAGNOSTIC,     6, -5.979008434557e-02, 1.797693134862e+308, 0.0000e+00, 0.0000e+00, 
 2DIAGNOSTIC,     7, -5.978907288958e-02, 1.797693134862e+308, 0.0000e+00, 0.0000e+00, 
 2DIAGNOSTIC,     8, -5.979390728773e-02, 1.797693134862e+308, 0.0000e+00, 0.0000e+00, 
 2DIAGNOSTIC,     9, -5.980004847123e-02, 1.797693134862e+308, 0.0000e+00, 0.0000e+00, 
 2DIAGNOSTIC,    10, -5.979838976255e-02, 6.995929785669e-05, 0.0000e+00, 0.0000e+00, 
 2DIAGNOSTIC,    11, -5.979783228105e-02, 3.553158485367e-05, 0.0000e+00, 0.0000e+00, 
 2DIAGNOSTIC,    12, -5.980375541066e-02, 1.527356937353e-05, 0.0000e+00, 0.0000e+00, 
 2DIAGNOSTIC,    13, -5.980880095478e-02, 1.367343830899e-05, 0.0000e+00, 0.0000e+00, 
 2DIAGNOSTIC,    14, -5.981765493851e-02, 1.944551013812e-05, 0.0000e+00, 0.0000e+00, 
 2DIAGNOSTIC,    15, -5.983538169829e-02, 2.820486803731e-05, 0.0000e+00, 0.0000e+00, 
 2DIAGNOSTIC,    16, -5.988980600497e-02, 4.806565975032e-05, 0.0000e+00, 0.0000e+00, 
 2DIAGNOSTIC,    17, -5.999409995527e-02, 8.981336587472e-05, 0.0000e+00, 0.0000e+00, 
 2DIAGNOSTIC,    18, -6.014292269479e-02, 1.586907177647e-04, 0.0000e+00, 0.0000e+00, 
 2DIAGNOSTIC,    19, -6.040321393280e-02, 2.717228551995e-04, 0.0000e+00, 0.0000e+00, 
 2DIAGNOSTIC,    20, -6.145465804360e-02, 5.958245772028e-04, 0.0000e+00, 0.0000e+00, 
 2DIAGNOSTIC,    21, -6.189457496234e-02, 9.259564539279e-04, 0.0000e+00, 0.0000e+00, 
 2DIAGNOSTIC,    22, -6.505714107415e-02, 1.815971226267e-03, 0.0000e+00, 0.0000e+00, 
 2DIAGNOSTIC,    23, -6.895959090146e-02, 3.228451052779e-03, 0.0000e+00, 0.0000e+00, 
 2DIAGNOSTIC,    24, -7.286706988775e-02, 4.940071481723e-03, 0.0000e+00, 0.0000e+00, 
 2DIAGNOSTIC,    25, -7.376742324785e-02, 6.189503061908e-03, 0.0000e+00, 0.0000e+00, 
 2DIAGNOSTIC,    26, -7.570095654605e-02, 7.099864408605e-03, 0.0000e+00, 0.0000e+00, 
 2DIAGNOSTIC,    27, -7.647027058102e-02, 7.403044225248e-03, 0.0000e+00, 0.0000e+00, 
 2DIAGNOSTIC,    28, -7.646834443938e-02, 7.000621405185e-03, 0.0000e+00, 0.0000e+00, 
 2DIAGNOSTIC,    29, -7.646783382645e-02, 6.012711938233e-03, 0.0000e+00, 0.0000e+00, 
 2DIAGNOSTIC,    30, -7.646804598643e-02, 4.703735516094e-03, 0.0000e+00, 0.0000e+00, 
 2DIAGNOSTIC,    31, -7.646804598643e-02, 3.112359625772e-03, 0.0000e+00, 0.0000e+00, 
 2DIAGNOSTIC,    32, -7.646804598643e-02, 1.768494822027e-03, 0.0000e+00, 0.0000e+00, 
 2DIAGNOSTIC,    33, -7.646804598643e-02, 8.591383270562e-04, 0.0000e+00, 0.0000e+00, 
 2DIAGNOSTIC,    34, -7.646804598643e-02, 4.307026342146e-04, 0.0000e+00, 0.0000e+00, 
 2DIAGNOSTIC,    35, -7.646804598643e-02, 9.536917353612e-05, 0.0000e+00, 0.0000e+00, 
  Elapsed time (stage 0): 0.0000e+00


Total elapsed time: 0.0000e+00
VFC_BACKENDS=libinterflop_vprec.so --range-binary32=8 --precision-binary32=16 --range-binary64=8 --precision-binary64=16
Info [verificarlo]: loaded backend libinterflop_vprec.so
Info [interflop-vprec]: load backend with: 
Info [interflop-vprec]: precision-binary32 = 16
Info [interflop-vprec]: range-binary32 = 8
Info [interflop-vprec]: precision-binary64 = 16
Info [interflop-vprec]: range-binary64 = 8
Info [interflop-vprec]: mode = ob
Info [interflop-vprec]: error-mode = rel
Info [interflop-vprec]: max-abs-error-exponent = -1022
Info [interflop-vprec]: daz = false
Info [interflop-vprec]: ftz = false
Info [interflop-vprec]: 	instrument = none
Info [interflop-vprec]: 	prec-input-file = (null)
Info [interflop-vprec]: 	prec-output-file = (null)
Info [interflop-vprec]: 	prec-log-file = (null)
All_Command_lines_OK
Using double precision for computations.
=============================================================================
The composite transform comprises the following transforms (in order): 
  1. /project/rrg-glatard/mdugre/datasets/corr/RawDataBIDS/BMB_1/derivatives/vprec-space_search/1111/r8-p16/sub-0003033/affine_Composite.h5[0] (type = Euler3DTransform)
  2. /project/rrg-glatard/mdugre/datasets/corr/RawDataBIDS/BMB_1/derivatives/vprec-space_search/1111/r8-p16/sub-0003033/affine_Composite.h5[1] (type = Euler3DTransform)
  3. /project/rrg-glatard/mdugre/datasets/corr/RawDataBIDS/BMB_1/derivatives/vprec-space_search/1111/r8-p16/sub-0003033/affine_Composite.h5[2] (type = Euler3DTransform)
  4. /project/rrg-glatard/mdugre/datasets/corr/RawDataBIDS/BMB_1/derivatives/vprec-space_search/1111/r8-p16/sub-0003033/affine_Composite.h5[3] (type = AffineTransform)
=============================================================================
  number of levels = 4
  fixed image: /templateflow/tpl-MNI152NLin2009cAsym/tpl-MNI152NLin2009cAsym_res-01_desc-brain_T1w.nii.gz
  moving image: /project/rrg-glatard/mdugre/datasets/corr/RawDataBIDS/BMB_1/derivatives/antsBrainExtraction/sub-0003033/BrainExtractionBrain.nii.gz
Dimension = 3
Number of stages = 1
Use histogram matching = false
Winsorize image intensities = true
  Lower quantile = 0.005
  Upper quantile = 0.995


Stage 1 State
   Image metric = CC
     Fixed image = Image (0x336c4c0)
  RTTI typeinfo:   itk::Image<double, 3u>
  Reference Count: 2
  Modified Time: 1606
  Debug: Off
  Object Name: 
  Observers: 
    none
  Source: (none)
  Source output name: (none)
  Release Data: Off
  Data Released: False
  Global Release Data: Off
  PipelineMTime: 0
  UpdateMTime: 1217
  RealTimeStamp: 0 seconds 
  LargestPossibleRegion: 
    Dimension: 3
    Index: [0, 0, 0]
    Size: [193, 229, 193]
  BufferedRegion: 
    Dimension: 3
    Index: [0, 0, 0]
    Size: [193, 229, 193]
  RequestedRegion: 
    Dimension: 3
    Index: [0, 0, 0]
    Size: [193, 229, 193]
  Spacing: [1, 1, 1]
  Origin: [96, 132, -78]
  Direction: 
-1 0 0
0 -1 0
0 0 1

  IndexToPointMatrix: 
-1 0 0
0 -1 0
0 0 1

  PointToIndexMatrix: 
-1 0 0
0 -1 0
0 0 1

  Inverse Direction: 
-1 0 0
0 -1 0
0 0 1

  PixelContainer: 
    ImportImageContainer (0x3439930)
      RTTI typeinfo:   itk::ImportImageContainer<unsigned long, double>
      Reference Count: 1
      Modified Time: 1214
      Debug: Off
      Object Name: 
      Observers: 
        none
      Pointer: 0x15278cb03010
      Container manages memory: true
      Size: 8530021
      Capacity: 8530021

     Moving image = Image (0x34270b0)
  RTTI typeinfo:   itk::Image<double, 3u>
  Reference Count: 2
  Modified Time: 1607
  Debug: Off
  Object Name: 
  Observers: 
    none
  Source: (none)
  Source output name: (none)
  Release Data: Off
  Data Released: False
  Global Release Data: Off
  PipelineMTime: 0
  UpdateMTime: 1604
  RealTimeStamp: 0 seconds 
  LargestPossibleRegion: 
    Dimension: 3
    Index: [0, 0, 0]
    Size: [176, 256, 256]
  BufferedRegion: 
    Dimension: 3
    Index: [0, 0, 0]
    Size: [176, 256, 256]
  RequestedRegion: 
    Dimension: 3
    Index: [0, 0, 0]
    Size: [176, 256, 256]
  Spacing: [1, 1, 1]
  Origin: [-74.3633, 104.018, -126.791]
  Direction: 
1 0 0
0 -1 0
0 0 1

  IndexToPointMatrix: 
1 0 0
0 -1 0
0 0 1

  PointToIndexMatrix: 
1 0 0
0 -1 0
0 0 1

  Inverse Direction: 
1 0 0
0 -1 0
0 0 1

  PixelContainer: 
    ImportImageContainer (0x343c090)
      RTTI typeinfo:   itk::ImportImageContainer<unsigned long, double>
      Reference Count: 1
      Modified Time: 1601
      Debug: Off
      Object Name: 
      Observers: 
        none
      Pointer: 0x152787302010
      Container manages memory: true
      Size: 11534336
      Capacity: 11534336

     Weighting = 1
     Sampling strategy = none
     Number of bins = 32
     Radius = 4
     Sampling percentage  = 1
   Transform = SyN
     Gradient step = 0.1
     Update field sigma (voxel space) = 3
     Total field sigma (voxel space) = 0
     Update field time sigma = 0
     Total field time sigma  = 0
     Number of time indices = 0
     Number of time point samples = 0
Registration using 1 total stages.

Stage 0
  iterations = 100x70x50x20
  convergence threshold = 1e-06
  convergence window size = 10
  number of levels = 4
  using the CC metric (radius = 4, weight = 1, use gradient filter = 0)
  preprocessing:  winsorizing the image intensities
  Shrink factors (level 1 out of 4): [8, 8, 8]
  Shrink factors (level 2 out of 4): [4, 4, 4]
  Shrink factors (level 3 out of 4): [2, 2, 2]
  Shrink factors (level 4 out of 4): [1, 1, 1]
  smoothing sigmas per level: [3, 2, 1, 0]
  Using default NONE metricSamplingStrategy 

*** Running SyN registration (varianceForUpdateField = 3, varianceForTotalField = 0) ***

XXDIAGNOSTIC,Iteration,metricValue,convergenceValue,ITERATION_TIME_INDEX,SINCE_LAST
 1DIAGNOSTIC,     1, -4.645118713379e-01, 1.797693134862e+308, 0.0000e+00, 0.0000e+00, 
 1DIAGNOSTIC,     2, -4.652938842773e-01, 1.797693134862e+308, 0.0000e+00, 0.0000e+00, 
 1DIAGNOSTIC,     3, -4.661941528320e-01, 1.797693134862e+308, 0.0000e+00, 0.0000e+00, 
 1DIAGNOSTIC,     4, -4.671592712402e-01, 1.797693134862e+308, 0.0000e+00, 0.0000e+00, 
 1DIAGNOSTIC,     5, -4.681015014648e-01, 1.797693134862e+308, 0.0000e+00, 0.0000e+00, 
 1DIAGNOSTIC,     6, -4.686355590820e-01, 1.797693134862e+308, 0.0000e+00, 0.0000e+00, 
 1DIAGNOSTIC,     7, -4.692382812500e-01, 1.797693134862e+308, 0.0000e+00, 0.0000e+00, 
 1DIAGNOSTIC,     8, -4.699363708496e-01, 1.797693134862e+308, 0.0000e+00, 0.0000e+00, 
 1DIAGNOSTIC,     9, -4.703140258789e-01, 1.797693134862e+308, 0.0000e+00, 0.0000e+00, 
 1DIAGNOSTIC,    10, -4.706954956055e-01, 8.688643203913e-04, 0.0000e+00, 0.0000e+00, 
 1DIAGNOSTIC,    11, -4.709587097168e-01, 7.073745934669e-04, 0.0000e+00, 0.0000e+00, 
 1DIAGNOSTIC,    12, -4.712867736816e-01, 5.653628217599e-04, 0.0000e+00, 0.0000e+00, 
 1DIAGNOSTIC,    13, -4.715766906738e-01, 4.489458481654e-04, 0.0000e+00, 0.0000e+00, 
 1DIAGNOSTIC,    14, -4.718437194824e-01, 3.611183648380e-04, 0.0000e+00, 0.0000e+00, 
 1DIAGNOSTIC,    15, -4.721908569336e-01, 3.042014077102e-04, 0.0000e+00, 0.0000e+00, 
 1DIAGNOSTIC,    16, -4.724311828613e-01, 2.556012718300e-04, 0.0000e+00, 0.0000e+00, 
 1DIAGNOSTIC,    17, -4.724960327148e-01, 2.126386141928e-04, 0.0000e+00, 0.0000e+00, 
 1DIAGNOSTIC,    18, -4.726181030273e-01, 1.824987692435e-04, 0.0000e+00, 0.0000e+00, 
 1DIAGNOSTIC,    19, -4.727020263672e-01, 1.532409534540e-04, 0.0000e+00, 0.0000e+00, 
 1DIAGNOSTIC,    20, -4.726676940918e-01, 1.231438360547e-04, 0.0000e+00, 0.0000e+00, 
 1DIAGNOSTIC,    21, -4.727668762207e-01, 9.494654930270e-05, 0.0000e+00, 0.0000e+00, 
 1DIAGNOSTIC,    22, -4.728240966797e-01, 7.108391801775e-05, 0.0000e+00, 0.0000e+00, 
 1DIAGNOSTIC,    23, -4.728431701660e-01, 5.082609985942e-05, 0.0000e+00, 0.0000e+00, 
 1DIAGNOSTIC,    24, -4.727478027344e-01, 3.180098178273e-05, 0.0000e+00, 0.0000e+00, 
 1DIAGNOSTIC,    25, -4.725265502930e-01, 1.447671993404e-05, 0.0000e+00, 0.0000e+00, 
 1DIAGNOSTIC,    26, -4.724845886230e-01, 1.964852088074e-06, 0.0000e+00, 0.0000e+00, 
 1DIAGNOSTIC,    27, -4.723091125488e-01, -1.232802525287e-05, 0.0000e+00, 0.0000e+00, 
XXDIAGNOSTIC,Iteration,metricValue,convergenceValue,ITERATION_TIME_INDEX,SINCE_LAST
 1DIAGNOSTIC,     1, -7.399597167969e-01, 1.797693134862e+308, 0.0000e+00, 0.0000e+00, 
 1DIAGNOSTIC,     2, -7.403869628906e-01, 1.797693134862e+308, 0.0000e+00, 0.0000e+00, 
 1DIAGNOSTIC,     3, -7.407913208008e-01, 1.797693134862e+308, 0.0000e+00, 0.0000e+00, 
 1DIAGNOSTIC,     4, -7.411804199219e-01, 1.797693134862e+308, 0.0000e+00, 0.0000e+00, 
 1DIAGNOSTIC,     5, -7.415313720703e-01, 1.797693134862e+308, 0.0000e+00, 0.0000e+00, 
 1DIAGNOSTIC,     6, -7.418594360352e-01, 1.797693134862e+308, 0.0000e+00, 0.0000e+00, 
 1DIAGNOSTIC,     7, -7.421493530273e-01, 1.797693134862e+308, 0.0000e+00, 0.0000e+00, 
 1DIAGNOSTIC,     8, -7.424087524414e-01, 1.797693134862e+308, 0.0000e+00, 0.0000e+00, 
 1DIAGNOSTIC,     9, -7.425994873047e-01, 1.797693134862e+308, 0.0000e+00, 0.0000e+00, 
 1DIAGNOSTIC,    10, -7.427902221680e-01, 2.486545737138e-04, 0.0000e+00, 0.0000e+00, 
 1DIAGNOSTIC,    11, -7.429428100586e-01, 2.033830811930e-04, 0.0000e+00, 0.0000e+00, 
 1DIAGNOSTIC,    12, -7.430725097656e-01, 1.652412340543e-04, 0.0000e+00, 0.0000e+00, 
 1DIAGNOSTIC,    13, -7.432250976562e-01, 1.345141624914e-04, 0.0000e+00, 0.0000e+00, 
 1DIAGNOSTIC,    14, -7.433547973633e-01, 1.102002665044e-04, 0.0000e+00, 0.0000e+00, 
 1DIAGNOSTIC,    15, -7.434692382812e-01, 9.100984110660e-05, 0.0000e+00, 0.0000e+00, 
 1DIAGNOSTIC,    16, -7.435379028320e-01, 7.544372391916e-05, 0.0000e+00, 0.0000e+00, 
 1DIAGNOSTIC,    17, -7.436370849609e-01, 6.362584567954e-05, 0.0000e+00, 0.0000e+00, 
 1DIAGNOSTIC,    18, -7.436981201172e-01, 5.413995038365e-05, 0.0000e+00, 0.0000e+00, 
 1DIAGNOSTIC,    19, -7.437286376953e-01, 4.517478097451e-05, 0.0000e+00, 0.0000e+00, 
 1DIAGNOSTIC,    20, -7.437438964844e-01, 3.697806670807e-05, 0.0000e+00, 0.0000e+00, 
 1DIAGNOSTIC,    21, -7.438049316406e-01, 3.014473103431e-05, 0.0000e+00, 0.0000e+00, 
 1DIAGNOSTIC,    22, -7.438583374023e-01, 2.437243349963e-05, 0.0000e+00, 0.0000e+00, 
 1DIAGNOSTIC,    23, -7.439193725586e-01, 2.045681873812e-05, 0.0000e+00, 0.0000e+00, 
 1DIAGNOSTIC,    24, -7.439575195312e-01, 1.772765859915e-05, 0.0000e+00, 0.0000e+00, 
 1DIAGNOSTIC,    25, -7.440109252930e-01, 1.624723813740e-05, 0.0000e+00, 0.0000e+00, 
 1DIAGNOSTIC,    26, -7.440261840820e-01, 1.466304182072e-05, 0.0000e+00, 0.0000e+00, 
 1DIAGNOSTIC,    27, -7.440872192383e-01, 1.417641187196e-05, 0.0000e+00, 0.0000e+00, 
 1DIAGNOSTIC,    28, -7.441177368164e-01, 1.372474552600e-05, 0.0000e+00, 0.0000e+00, 
 1DIAGNOSTIC,    29, -7.441482543945e-01, 1.292260074798e-05, 0.0000e+00, 0.0000e+00, 
 1DIAGNOSTIC,    30, -7.442092895508e-01, 1.201877245063e-05, 0.0000e+00, 0.0000e+00, 
 1DIAGNOSTIC,    31, -7.442703247070e-01, 1.162009023387e-05, 0.0000e+00, 0.0000e+00, 
 1DIAGNOSTIC,    32, -7.443237304688e-01, 1.149304646930e-05, 0.0000e+00, 0.0000e+00, 
 1DIAGNOSTIC,    33, -7.443618774414e-01, 1.151685996516e-05, 0.0000e+00, 0.0000e+00, 
 1DIAGNOSTIC,    34, -7.443923950195e-01, 1.130173892688e-05, 0.0000e+00, 0.0000e+00, 
 1DIAGNOSTIC,    35, -7.444229125977e-01, 1.102906593740e-05, 0.0000e+00, 0.0000e+00, 
 1DIAGNOSTIC,    36, -7.444610595703e-01, 1.035226551478e-05, 0.0000e+00, 0.0000e+00, 
 1DIAGNOSTIC,    37, -7.444839477539e-01, 9.667342126173e-06, 0.0000e+00, 0.0000e+00, 
 1DIAGNOSTIC,    38, -7.445373535156e-01, 9.025648123443e-06, 0.0000e+00, 0.0000e+00, 
 1DIAGNOSTIC,    39, -7.445449829102e-01, 7.994863559603e-06, 0.0000e+00, 0.0000e+00, 
 1DIAGNOSTIC,    40, -7.445526123047e-01, 6.982504247268e-06, 0.0000e+00, 0.0000e+00, 
 1DIAGNOSTIC,    41, -7.445602416992e-01, 6.062717658999e-06, 0.0000e+00, 0.0000e+00, 
 1DIAGNOSTIC,    42, -7.445983886719e-01, 5.506135162901e-06, 0.0000e+00, 0.0000e+00, 
 1DIAGNOSTIC,    43, -7.446136474609e-01, 4.980368517860e-06, 0.0000e+00, 0.0000e+00, 
 1DIAGNOSTIC,    44, -7.446289062500e-01, 4.468264121885e-06, 0.0000e+00, 0.0000e+00, 
 1DIAGNOSTIC,    45, -7.446594238281e-01, 4.140804618701e-06, 0.0000e+00, 0.0000e+00, 
 1DIAGNOSTIC,    46, -7.446670532227e-01, 3.873777626753e-06, 0.0000e+00, 0.0000e+00, 
 1DIAGNOSTIC,    47, -7.447128295898e-01, 3.858099257289e-06, 0.0000e+00, 0.0000e+00, 
 1DIAGNOSTIC,    48, -7.447357177734e-01, 4.136112105771e-06, 0.0000e+00, 0.0000e+00, 
 1DIAGNOSTIC,    49, -7.447128295898e-01, 3.951236546885e-06, 0.0000e+00, 0.0000e+00, 
 1DIAGNOSTIC,    50, -7.446899414062e-01, 3.352207252186e-06, 0.0000e+00, 0.0000e+00, 
 1DIAGNOSTIC,    51, -7.446899414062e-01, 2.570618428219e-06, 0.0000e+00, 0.0000e+00, 
 1DIAGNOSTIC,    52, -7.447128295898e-01, 2.071075707915e-06, 0.0000e+00, 0.0000e+00, 
 1DIAGNOSTIC,    53, -7.447128295898e-01, 1.549608771606e-06, 0.0000e+00, 0.0000e+00, 
 1DIAGNOSTIC,    54, -7.447357177734e-01, 1.230363240505e-06, 0.0000e+00, 0.0000e+00, 
 1DIAGNOSTIC,    55, -7.447433471680e-01, 1.132087615541e-06, 0.0000e+00, 0.0000e+00, 
 1DIAGNOSTIC,    56, -7.447662353516e-01, 1.182798016149e-06, 0.0000e+00, 0.0000e+00, 
 1DIAGNOSTIC,    57, -7.448043823242e-01, 1.722306050455e-06, 0.0000e+00, 0.0000e+00, 
 1DIAGNOSTIC,    58, -7.448272705078e-01, 2.429338293787e-06, 0.0000e+00, 0.0000e+00, 
 1DIAGNOSTIC,    59, -7.448425292969e-01, 2.886905609976e-06, 0.0000e+00, 0.0000e+00, 
 1DIAGNOSTIC,    60, -7.448577880859e-01, 3.057252995722e-06, 0.0000e+00, 0.0000e+00, 
 1DIAGNOSTIC,    61, -7.448501586914e-01, 2.926259194732e-06, 0.0000e+00, 0.0000e+00, 
 1DIAGNOSTIC,    62, -7.448196411133e-01, 2.522204930352e-06, 0.0000e+00, 0.0000e+00, 
 1DIAGNOSTIC,    63, -7.448120117188e-01, 1.892543755107e-06, 0.0000e+00, 0.0000e+00, 
 1DIAGNOSTIC,    64, -7.448196411133e-01, 1.330883264802e-06, 0.0000e+00, 0.0000e+00, 
 1DIAGNOSTIC,    65, -7.448272705078e-01, 7.902179285958e-07, 0.0000e+00, 0.0000e+00, 
XXDIAGNOSTIC,Iteration,metricValue,convergenceValue,ITERATION_TIME_INDEX,SINCE_LAST
 1DIAGNOSTIC,     1, -9.042739868164e-01, 1.797693134862e+308, 0.0000e+00, 0.0000e+00, 
 1DIAGNOSTIC,     2, -9.044418334961e-01, 1.797693134862e+308, 0.0000e+00, 0.0000e+00, 
 1DIAGNOSTIC,     3, -9.046249389648e-01, 1.797693134862e+308, 0.0000e+00, 0.0000e+00, 
 1DIAGNOSTIC,     4, -9.048004150391e-01, 1.797693134862e+308, 0.0000e+00, 0.0000e+00, 
 1DIAGNOSTIC,     5, -9.049682617188e-01, 1.797693134862e+308, 0.0000e+00, 0.0000e+00, 
 1DIAGNOSTIC,     6, -9.051284790039e-01, 1.797693134862e+308, 0.0000e+00, 0.0000e+00, 
 1DIAGNOSTIC,     7, -9.052505493164e-01, 1.797693134862e+308, 0.0000e+00, 0.0000e+00, 
 1DIAGNOSTIC,     8, -9.053802490234e-01, 1.797693134862e+308, 0.0000e+00, 0.0000e+00, 
 1DIAGNOSTIC,     9, -9.055099487305e-01, 1.797693134862e+308, 0.0000e+00, 0.0000e+00, 
 1DIAGNOSTIC,    10, -9.056320190430e-01, 9.919400275689e-05, 0.0000e+00, 0.0000e+00, 
 1DIAGNOSTIC,    11, -9.057388305664e-01, 8.529973623277e-05, 0.0000e+00, 0.0000e+00, 
 1DIAGNOSTIC,    12, -9.058380126953e-01, 7.323994703017e-05, 0.0000e+00, 0.0000e+00, 
 1DIAGNOSTIC,    13, -9.059371948242e-01, 6.340463759270e-05, 0.0000e+00, 0.0000e+00, 
 1DIAGNOSTIC,    14, -9.060287475586e-01, 5.533730897792e-05, 0.0000e+00, 0.0000e+00, 
 1DIAGNOSTIC,    15, -9.061126708984e-01, 4.869102789559e-05, 0.0000e+00, 0.0000e+00, 
 1DIAGNOSTIC,    16, -9.061965942383e-01, 4.335236112830e-05, 0.0000e+00, 0.0000e+00, 
 1DIAGNOSTIC,    17, -9.062728881836e-01, 3.844939781834e-05, 0.0000e+00, 0.0000e+00, 
 1DIAGNOSTIC,    18, -9.063415527344e-01, 3.412337760270e-05, 0.0000e+00, 0.0000e+00, 
 1DIAGNOSTIC,    19, -9.064102172852e-01, 3.048912717421e-05, 0.0000e+00, 0.0000e+00, 
 1DIAGNOSTIC,    20, -9.064865112305e-01, 2.761797029598e-05, 0.0000e+00, 0.0000e+00, 
 1DIAGNOSTIC,    21, -9.065399169922e-01, 2.495325093593e-05, 0.0000e+00, 0.0000e+00, 
 1DIAGNOSTIC,    22, -9.066009521484e-01, 2.260249355659e-05, 0.0000e+00, 0.0000e+00, 
 1DIAGNOSTIC,    23, -9.066467285156e-01, 2.042911454307e-05, 0.0000e+00, 0.0000e+00, 
 1DIAGNOSTIC,    24, -9.066772460938e-01, 1.822648724677e-05, 0.0000e+00, 0.0000e+00, 
 1DIAGNOSTIC,    25, -9.067306518555e-01, 1.631791602600e-05, 0.0000e+00, 0.0000e+00, 
 1DIAGNOSTIC,    26, -9.067611694336e-01, 1.449651423931e-05, 0.0000e+00, 0.0000e+00, 
 1DIAGNOSTIC,    27, -9.068069458008e-01, 1.296569929127e-05, 0.0000e+00, 0.0000e+00, 
 1DIAGNOSTIC,    28, -9.068527221680e-01, 1.169877822117e-05, 0.0000e+00, 0.0000e+00, 
 1DIAGNOSTIC,    29, -9.068756103516e-01, 1.049313750554e-05, 0.0000e+00, 0.0000e+00, 
 1DIAGNOSTIC,    30, -9.069137573242e-01, 9.669926339176e-06, 0.0000e+00, 0.0000e+00, 
 1DIAGNOSTIC,    31, -9.069366455078e-01, 8.839526264549e-06, 0.0000e+00, 0.0000e+00, 
 1DIAGNOSTIC,    32, -9.069747924805e-01, 8.282960406412e-06, 0.0000e+00, 0.0000e+00, 
 1DIAGNOSTIC,    33, -9.069824218750e-01, 7.566748112059e-06, 0.0000e+00, 0.0000e+00, 
 1DIAGNOSTIC,    34, -9.070205688477e-01, 6.894066023930e-06, 0.0000e+00, 0.0000e+00, 
 1DIAGNOSTIC,    35, -9.070281982422e-01, 6.233199278873e-06, 0.0000e+00, 0.0000e+00, 
 1DIAGNOSTIC,    36, -9.070587158203e-01, 5.627900967992e-06, 0.0000e+00, 0.0000e+00, 
 1DIAGNOSTIC,    37, -9.070816040039e-01, 5.174047892496e-06, 0.0000e+00, 0.0000e+00, 
 1DIAGNOSTIC,    38, -9.071121215820e-01, 4.959050316056e-06, 0.0000e+00, 0.0000e+00, 
 1DIAGNOSTIC,    39, -9.071273803711e-01, 4.660470091289e-06, 0.0000e+00, 0.0000e+00, 
 1DIAGNOSTIC,    40, -9.071578979492e-01, 4.546789894627e-06, 0.0000e+00, 0.0000e+00, 
 1DIAGNOSTIC,    41, -9.071731567383e-01, 4.362755960316e-06, 0.0000e+00, 0.0000e+00, 
 1DIAGNOSTIC,    42, -9.072036743164e-01, 4.356682124011e-06, 0.0000e+00, 0.0000e+00, 
 1DIAGNOSTIC,    43, -9.072113037109e-01, 4.107946211328e-06, 0.0000e+00, 0.0000e+00, 
 1DIAGNOSTIC,    44, -9.072494506836e-01, 4.094923557171e-06, 0.0000e+00, 0.0000e+00, 
 1DIAGNOSTIC,    45, -9.072570800781e-01, 3.857269186086e-06, 0.0000e+00, 0.0000e+00, 
 1DIAGNOSTIC,    46, -9.072799682617e-01, 3.691018504878e-06, 0.0000e+00, 0.0000e+00, 
 1DIAGNOSTIC,    47, -9.072875976562e-01, 3.442959178927e-06, 0.0000e+00, 0.0000e+00, 
 1DIAGNOSTIC,    48, -9.073104858398e-01, 3.288589115847e-06, 0.0000e+00, 0.0000e+00, 
 1DIAGNOSTIC,    49, -9.073181152344e-01, 3.028026536150e-06, 0.0000e+00, 0.0000e+00, 
 1DIAGNOSTIC,    50, -9.073486328125e-01, 2.931436577116e-06, 0.0000e+00, 0.0000e+00, 
XXDIAGNOSTIC,Iteration,metricValue,convergenceValue,ITERATION_TIME_INDEX,SINCE_LAST
 1DIAGNOSTIC,     1, -9.833145141602e-01, 1.797693134862e+308, 0.0000e+00, 0.0000e+00, 
 1DIAGNOSTIC,     2, -9.834060668945e-01, 1.797693134862e+308, 0.0000e+00, 0.0000e+00, 
 1DIAGNOSTIC,     3, -9.834747314453e-01, 1.797693134862e+308, 0.0000e+00, 0.0000e+00, 
 1DIAGNOSTIC,     4, -9.835433959961e-01, 1.797693134862e+308, 0.0000e+00, 0.0000e+00, 
 1DIAGNOSTIC,     5, -9.835968017578e-01, 1.797693134862e+308, 0.0000e+00, 0.0000e+00, 
 1DIAGNOSTIC,     6, -9.836654663086e-01, 1.797693134862e+308, 0.0000e+00, 0.0000e+00, 
 1DIAGNOSTIC,     7, -9.837265014648e-01, 1.797693134862e+308, 0.0000e+00, 0.0000e+00, 
 1DIAGNOSTIC,     8, -9.837799072266e-01, 1.797693134862e+308, 0.0000e+00, 0.0000e+00, 
 1DIAGNOSTIC,     9, -9.838333129883e-01, 1.797693134862e+308, 0.0000e+00, 0.0000e+00, 
 1DIAGNOSTIC,    10, -9.838714599609e-01, 3.902311696642e-05, 0.0000e+00, 0.0000e+00, 
 1DIAGNOSTIC,    11, -9.839019775391e-01, 3.285678691074e-05, 0.0000e+00, 0.0000e+00, 
 1DIAGNOSTIC,    12, -9.839324951172e-01, 2.793750383452e-05, 1.6384e+04, 1.6384e+04, 
 1DIAGNOSTIC,    13, -9.839706420898e-01, 2.383255807645e-05, 1.6384e+04, 0.0000e+00, 
 1DIAGNOSTIC,    14, -9.840087890625e-01, 2.055000895368e-05, 1.6384e+04, 0.0000e+00, 
 1DIAGNOSTIC,    15, -9.840393066406e-01, 1.762343846042e-05, 1.6384e+04, 0.0000e+00, 
 1DIAGNOSTIC,    16, -9.840621948242e-01, 1.527841062311e-05, 1.6384e+04, 0.0000e+00, 
 1DIAGNOSTIC,    17, -9.840774536133e-01, 1.326907530882e-05, 1.6384e+04, 0.0000e+00, 
 1DIAGNOSTIC,    18, -9.841003417969e-01, 1.163505268192e-05, 1.6384e+04, 0.0000e+00, 
 1DIAGNOSTIC,    19, -9.841232299805e-01, 1.039881182420e-05, 1.6384e+04, 0.0000e+00, 
 1DIAGNOSTIC,    20, -9.841384887695e-01, 9.234801261436e-06, 1.6384e+04, 0.0000e+00, 
  Elapsed time (stage 0): 16384


Total elapsed time: 16384
