
##########################
# Experiment information #
##########################
SIF_IMG: /project/rrg-glatard/mdugre/containers/ants-p2-vprec.sif
EXPERIMENT_NAME: vprec-space_search
CONFIG: 1111
VFC_BACKENDS: libinterflop_vprec.so --range-binary32=7 --precision-binary32=20 --range-binary64=7 --precision-binary64=20

FIXED_IMG: /templateflow/tpl-MNI152NLin2009cAsym/tpl-MNI152NLin2009cAsym_res-01_desc-brain_T1w.nii.gz
SUBJECT_ID: 0003016
INPUT_IMG: /project/rrg-glatard/mdugre/datasets/corr/RawDataBIDS/BMB_1/derivatives/antsBrainExtraction/sub-0003016/BrainExtractionBrain.nii.gz
OUTPUT_DIR: /project/rrg-glatard/mdugre/datasets/corr/RawDataBIDS/BMB_1/derivatives/vprec-space_search/1111/r7-p20/sub-0003016

ITK_GLOBAL_DEFAULT_NUMBER_OF_THREADS: 8
##########################

VFC_BACKENDS=libinterflop_vprec.so --range-binary32=7 --precision-binary32=20 --range-binary64=7 --precision-binary64=20
Info [verificarlo]: loaded backend libinterflop_vprec.so
Info [interflop-vprec]: load backend with: 
Info [interflop-vprec]: precision-binary32 = 20
Info [interflop-vprec]: range-binary32 = 7
Info [interflop-vprec]: precision-binary64 = 20
Info [interflop-vprec]: range-binary64 = 7
Info [interflop-vprec]: mode = ob
Info [interflop-vprec]: error-mode = rel
Info [interflop-vprec]: max-abs-error-exponent = -1022
Info [interflop-vprec]: daz = false
Info [interflop-vprec]: ftz = false
Info [interflop-vprec]: 	instrument = none
Info [interflop-vprec]: 	prec-input-file = (null)
Info [interflop-vprec]: 	prec-output-file = (null)
Info [interflop-vprec]: 	prec-log-file = (null)
All_Command_lines_OK
Using double precision for computations.
=============================================================================
The composite transform comprises the following transforms (in order): 
  1. Center of mass alignment using fixed image: /templateflow/tpl-MNI152NLin2009cAsym/tpl-MNI152NLin2009cAsym_res-01_desc-brain_T1w.nii.gz and moving image: /project/rrg-glatard/mdugre/datasets/corr/RawDataBIDS/BMB_1/derivatives/antsBrainExtraction/sub-0003016/BrainExtractionBrain.nii.gz (type = Euler3DTransform)
=============================================================================
  number of levels = 1
  fixed image: /templateflow/tpl-MNI152NLin2009cAsym/tpl-MNI152NLin2009cAsym_res-01_desc-brain_T1w.nii.gz
  moving image: /project/rrg-glatard/mdugre/datasets/corr/RawDataBIDS/BMB_1/derivatives/antsBrainExtraction/sub-0003016/BrainExtractionBrain.nii.gz
Dimension = 3
Number of stages = 1
Use histogram matching = false
Winsorize image intensities = true
  Lower quantile = 0.005
  Upper quantile = 0.995


Stage 1 State
   Image metric = MattesMI
     Fixed image = Image (0x416c2f0)
  RTTI typeinfo:   itk::Image<double, 3u>
  Reference Count: 2
  Modified Time: 2330
  Debug: Off
  Object Name: 
  Observers: 
    none
  Source: (none)
  Source output name: (none)
  Release Data: Off
  Data Released: False
  Global Release Data: Off
  PipelineMTime: 0
  UpdateMTime: 1941
  RealTimeStamp: 0 seconds 
  LargestPossibleRegion: 
    Dimension: 3
    Index: [0, 0, 0]
    Size: [193, 229, 193]
  BufferedRegion: 
    Dimension: 3
    Index: [0, 0, 0]
    Size: [193, 229, 193]
  RequestedRegion: 
    Dimension: 3
    Index: [0, 0, 0]
    Size: [193, 229, 193]
  Spacing: [1, 1, 1]
  Origin: [96, 132, -78]
  Direction: 
-1 0 0
0 -1 0
0 0 1

  IndexToPointMatrix: 
-1 0 0
0 -1 0
0 0 1

  PointToIndexMatrix: 
-1 0 0
0 -1 0
0 0 1

  Inverse Direction: 
-1 0 0
0 -1 0
0 0 1

  PixelContainer: 
    ImportImageContainer (0x4179340)
      RTTI typeinfo:   itk::ImportImageContainer<unsigned long, double>
      Reference Count: 1
      Modified Time: 1938
      Debug: Off
      Object Name: 
      Observers: 
        none
      Pointer: 0x1520e8153010
      Container manages memory: true
      Size: 8530021
      Capacity: 8530021

     Moving image = Image (0x41712b0)
  RTTI typeinfo:   itk::Image<double, 3u>
  Reference Count: 2
  Modified Time: 2331
  Debug: Off
  Object Name: 
  Observers: 
    none
  Source: (none)
  Source output name: (none)
  Release Data: Off
  Data Released: False
  Global Release Data: Off
  PipelineMTime: 0
  UpdateMTime: 2328
  RealTimeStamp: 0 seconds 
  LargestPossibleRegion: 
    Dimension: 3
    Index: [0, 0, 0]
    Size: [176, 256, 256]
  BufferedRegion: 
    Dimension: 3
    Index: [0, 0, 0]
    Size: [176, 256, 256]
  RequestedRegion: 
    Dimension: 3
    Index: [0, 0, 0]
    Size: [176, 256, 256]
  Spacing: [1, 1, 1]
  Origin: [-87.5, 93.2651, -125.795]
  Direction: 
1 0 0
0 -1 0
0 0 1

  IndexToPointMatrix: 
1 0 0
0 -1 0
0 0 1

  PointToIndexMatrix: 
1 0 0
0 -1 0
0 0 1

  Inverse Direction: 
1 0 0
0 -1 0
0 0 1

  PixelContainer: 
    ImportImageContainer (0x419e4d0)
      RTTI typeinfo:   itk::ImportImageContainer<unsigned long, double>
      Reference Count: 1
      Modified Time: 2325
      Debug: Off
      Object Name: 
      Observers: 
        none
      Pointer: 0x1520e2952010
      Container manages memory: true
      Size: 11534336
      Capacity: 11534336

     Weighting = 1
     Sampling strategy = regular
     Number of bins = 32
     Radius = 4
     Sampling percentage  = 0.25
   Transform = Rigid
     Gradient step = 0.1
     Update field sigma (voxel space) = 0
     Total field sigma (voxel space) = 0
     Update field time sigma = 0
     Total field time sigma  = 0
     Number of time indices = 0
     Number of time point samples = 0
Registration using 1 total stages.

Stage 0
  iterations = 0
  convergence threshold = 1e-06
  convergence window size = 10
  number of levels = 1
  using the Mattes MI metric (number of bins = 32, weight = 1, use gradient filter = 0)
  preprocessing:  winsorizing the image intensities
  Shrink factors (level 1 out of 1): [1, 1, 1]
  smoothing sigmas per level: [0]
  regular sampling (percentage = 0.25)

*** Running Euler3DTransform registration ***

  Elapsed time (stage 0): 0


Total elapsed time: 0
VFC_BACKENDS=libinterflop_vprec.so --range-binary32=7 --precision-binary32=20 --range-binary64=7 --precision-binary64=20
Info [verificarlo]: loaded backend libinterflop_vprec.so
Info [interflop-vprec]: load backend with: 
Info [interflop-vprec]: precision-binary32 = 20
Info [interflop-vprec]: range-binary32 = 7
Info [interflop-vprec]: precision-binary64 = 20
Info [interflop-vprec]: range-binary64 = 7
Info [interflop-vprec]: mode = ob
Info [interflop-vprec]: error-mode = rel
Info [interflop-vprec]: max-abs-error-exponent = -1022
Info [interflop-vprec]: daz = false
Info [interflop-vprec]: ftz = false
Info [interflop-vprec]: 	instrument = none
Info [interflop-vprec]: 	prec-input-file = (null)
Info [interflop-vprec]: 	prec-output-file = (null)
Info [interflop-vprec]: 	prec-log-file = (null)
All_Command_lines_OK
Using double precision for computations.
=============================================================================
The composite transform comprises the following transforms (in order): 
  1. /project/rrg-glatard/mdugre/datasets/corr/RawDataBIDS/BMB_1/derivatives/vprec-space_search/1111/r7-p20/sub-0003016/align_Composite.h5[0] (type = Euler3DTransform)
  2. /project/rrg-glatard/mdugre/datasets/corr/RawDataBIDS/BMB_1/derivatives/vprec-space_search/1111/r7-p20/sub-0003016/align_Composite.h5[1] (type = Euler3DTransform)
=============================================================================
  number of levels = 4
  fixed image: /templateflow/tpl-MNI152NLin2009cAsym/tpl-MNI152NLin2009cAsym_res-01_desc-brain_T1w.nii.gz
  moving image: /project/rrg-glatard/mdugre/datasets/corr/RawDataBIDS/BMB_1/derivatives/antsBrainExtraction/sub-0003016/BrainExtractionBrain.nii.gz
Dimension = 3
Number of stages = 1
Use histogram matching = false
Winsorize image intensities = true
  Lower quantile = 0.005
  Upper quantile = 0.995


Stage 1 State
   Image metric = MattesMI
     Fixed image = Image (0x476d300)
  RTTI typeinfo:   itk::Image<double, 3u>
  Reference Count: 2
  Modified Time: 1578
  Debug: Off
  Object Name: 
  Observers: 
    none
  Source: (none)
  Source output name: (none)
  Release Data: Off
  Data Released: False
  Global Release Data: Off
  PipelineMTime: 0
  UpdateMTime: 1189
  RealTimeStamp: 0 seconds 
  LargestPossibleRegion: 
    Dimension: 3
    Index: [0, 0, 0]
    Size: [193, 229, 193]
  BufferedRegion: 
    Dimension: 3
    Index: [0, 0, 0]
    Size: [193, 229, 193]
  RequestedRegion: 
    Dimension: 3
    Index: [0, 0, 0]
    Size: [193, 229, 193]
  Spacing: [1, 1, 1]
  Origin: [96, 132, -78]
  Direction: 
-1 0 0
0 -1 0
0 0 1

  IndexToPointMatrix: 
-1 0 0
0 -1 0
0 0 1

  PointToIndexMatrix: 
-1 0 0
0 -1 0
0 0 1

  Inverse Direction: 
-1 0 0
0 -1 0
0 0 1

  PixelContainer: 
    ImportImageContainer (0x47e5c30)
      RTTI typeinfo:   itk::ImportImageContainer<unsigned long, double>
      Reference Count: 1
      Modified Time: 1186
      Debug: Off
      Object Name: 
      Observers: 
        none
      Pointer: 0x149160c05010
      Container manages memory: true
      Size: 8530021
      Capacity: 8530021

     Moving image = Image (0x4828030)
  RTTI typeinfo:   itk::Image<double, 3u>
  Reference Count: 2
  Modified Time: 1579
  Debug: Off
  Object Name: 
  Observers: 
    none
  Source: (none)
  Source output name: (none)
  Release Data: Off
  Data Released: False
  Global Release Data: Off
  PipelineMTime: 0
  UpdateMTime: 1576
  RealTimeStamp: 0 seconds 
  LargestPossibleRegion: 
    Dimension: 3
    Index: [0, 0, 0]
    Size: [176, 256, 256]
  BufferedRegion: 
    Dimension: 3
    Index: [0, 0, 0]
    Size: [176, 256, 256]
  RequestedRegion: 
    Dimension: 3
    Index: [0, 0, 0]
    Size: [176, 256, 256]
  Spacing: [1, 1, 1]
  Origin: [-87.5, 93.2651, -125.795]
  Direction: 
1 0 0
0 -1 0
0 0 1

  IndexToPointMatrix: 
1 0 0
0 -1 0
0 0 1

  PointToIndexMatrix: 
1 0 0
0 -1 0
0 0 1

  Inverse Direction: 
1 0 0
0 -1 0
0 0 1

  PixelContainer: 
    ImportImageContainer (0x47ddc10)
      RTTI typeinfo:   itk::ImportImageContainer<unsigned long, double>
      Reference Count: 1
      Modified Time: 1573
      Debug: Off
      Object Name: 
      Observers: 
        none
      Pointer: 0x14915b404010
      Container manages memory: true
      Size: 11534336
      Capacity: 11534336

     Weighting = 1
     Sampling strategy = regular
     Number of bins = 32
     Radius = 4
     Sampling percentage  = 0.25
   Transform = Rigid
     Gradient step = 0.1
     Update field sigma (voxel space) = 0
     Total field sigma (voxel space) = 0
     Update field time sigma = 0
     Total field time sigma  = 0
     Number of time indices = 0
     Number of time point samples = 0
Registration using 1 total stages.

Stage 0
  iterations = 1000x500x250x100
  convergence threshold = 1e-06
  convergence window size = 10
  number of levels = 4
  using the Mattes MI metric (number of bins = 32, weight = 1, use gradient filter = 0)
  preprocessing:  winsorizing the image intensities
  Shrink factors (level 1 out of 4): [8, 8, 8]
  Shrink factors (level 2 out of 4): [4, 4, 4]
  Shrink factors (level 3 out of 4): [2, 2, 2]
  Shrink factors (level 4 out of 4): [1, 1, 1]
  smoothing sigmas per level: [3, 2, 1, 0]
  regular sampling (percentage = 0.25)

*** Running Euler3DTransform registration ***

DIAGNOSTIC,Iteration,metricValue,convergenceValue,ITERATION_TIME_INDEX,SINCE_LAST
 2DIAGNOSTIC,     1, -6.711562162298e-01, 1.797693134862e+308, 0.0000e+00, 0.0000e+00, 
 2DIAGNOSTIC,     2, -6.737846809538e-01, 1.797693134862e+308, 0.0000e+00, 0.0000e+00, 
 2DIAGNOSTIC,     3, -6.784924439977e-01, 1.797693134862e+308, 0.0000e+00, 0.0000e+00, 
 2DIAGNOSTIC,     4, -6.844536731580e-01, 1.797693134862e+308, 0.0000e+00, 0.0000e+00, 
 2DIAGNOSTIC,     5, -6.941037157008e-01, 1.797693134862e+308, 0.0000e+00, 0.0000e+00, 
 2DIAGNOSTIC,     6, -7.062621666834e-01, 1.797693134862e+308, 0.0000e+00, 0.0000e+00, 
 2DIAGNOSTIC,     7, -7.197096015847e-01, 1.797693134862e+308, 0.0000e+00, 0.0000e+00, 
 2DIAGNOSTIC,     8, -7.308620035525e-01, 1.797693134862e+308, 0.0000e+00, 0.0000e+00, 
 2DIAGNOSTIC,     9, -7.468710805200e-01, 1.797693134862e+308, 0.0000e+00, 0.0000e+00, 
 2DIAGNOSTIC,    10, -7.499600727824e-01, 7.974383426961e-03, 0.0000e+00, 0.0000e+00, 
 2DIAGNOSTIC,    11, -7.526711593046e-01, 7.447424391298e-03, 0.0000e+00, 0.0000e+00, 
 2DIAGNOSTIC,    12, -7.743634626505e-01, 7.138271745146e-03, 0.0000e+00, 0.0000e+00, 
 2DIAGNOSTIC,    13, -7.822097322647e-01, 6.594831459999e-03, 0.0000e+00, 0.0000e+00, 
 2DIAGNOSTIC,    14, -7.897006731347e-01, 5.908180958626e-03, 0.0000e+00, 0.0000e+00, 
 2DIAGNOSTIC,    15, -7.926891965684e-01, 5.114213088488e-03, 0.0000e+00, 0.0000e+00, 
 2DIAGNOSTIC,    16, -7.981341594111e-01, 4.385402605905e-03, 0.0000e+00, 0.0000e+00, 
 2DIAGNOSTIC,    17, -8.224269636376e-01, 4.183991064359e-03, 0.0000e+00, 0.0000e+00, 
 2DIAGNOSTIC,    18, -8.255078166316e-01, 3.899114937563e-03, 0.0000e+00, 0.0000e+00, 
 2DIAGNOSTIC,    19, -8.316021686854e-01, 3.736923332789e-03, 0.0000e+00, 0.0000e+00, 
 2DIAGNOSTIC,    20, -8.364486305271e-01, 3.405069767876e-03, 0.0000e+00, 0.0000e+00, 
 2DIAGNOSTIC,    21, -8.397650516670e-01, 2.888912044401e-03, 0.0000e+00, 0.0000e+00, 
 2DIAGNOSTIC,    22, -8.415602992002e-01, 2.546869830179e-03, 0.0000e+00, 0.0000e+00, 
 2DIAGNOSTIC,    23, -8.417490008784e-01, 2.127309974849e-03, 0.0000e+00, 0.0000e+00, 
 2DIAGNOSTIC,    24, -8.416321948619e-01, 1.666238889637e-03, 0.0000e+00, 0.0000e+00, 
 2DIAGNOSTIC,    25, -8.413787082977e-01, 1.131622813545e-03, 0.0000e+00, 0.0000e+00, 
 2DIAGNOSTIC,    26, -8.412398623391e-01, 6.018800943601e-04, 0.0000e+00, 0.0000e+00, 
 2DIAGNOSTIC,    27, -8.411240531890e-01, 3.865554047456e-04, 0.0000e+00, 0.0000e+00, 
 2DIAGNOSTIC,    28, -8.411399601238e-01, 1.910435224617e-04, 0.0000e+00, 0.0000e+00, 
 2DIAGNOSTIC,    29, -8.412757709905e-01, 6.952493024114e-05, 0.0000e+00, 0.0000e+00, 
 2DIAGNOSTIC,    30, -8.412283970386e-01, 7.520778990112e-06, 0.0000e+00, 0.0000e+00, 
DIAGNOSTIC,Iteration,metricValue,convergenceValue,ITERATION_TIME_INDEX,SINCE_LAST
 2DIAGNOSTIC,     1, -6.957887199466e-01, 1.797693134862e+308, 0.0000e+00, 0.0000e+00, 
 2DIAGNOSTIC,     2, -6.962962376908e-01, 1.797693134862e+308, 0.0000e+00, 0.0000e+00, 
 2DIAGNOSTIC,     3, -6.968986876854e-01, 1.797693134862e+308, 0.0000e+00, 0.0000e+00, 
 2DIAGNOSTIC,     4, -6.976334933080e-01, 1.797693134862e+308, 0.0000e+00, 0.0000e+00, 
 2DIAGNOSTIC,     5, -6.988742831767e-01, 1.797693134862e+308, 0.0000e+00, 0.0000e+00, 
 2DIAGNOSTIC,     6, -7.012632591965e-01, 1.797693134862e+308, 0.0000e+00, 0.0000e+00, 
 2DIAGNOSTIC,     7, -7.012767335845e-01, 1.797693134862e+308, 0.0000e+00, 0.0000e+00, 
 2DIAGNOSTIC,     8, -7.012794903879e-01, 1.797693134862e+308, 0.0000e+00, 0.0000e+00, 
 2DIAGNOSTIC,     9, -7.012835920636e-01, 1.797693134862e+308, 0.0000e+00, 0.0000e+00, 
 2DIAGNOSTIC,    10, -7.012774828549e-01, 6.136111205876e-04, 0.0000e+00, 0.0000e+00, 
 2DIAGNOSTIC,    11, -7.012868882036e-01, 4.648269861489e-04, 0.0000e+00, 0.0000e+00, 
 2DIAGNOSTIC,    12, -7.013142137221e-01, 3.176791754208e-04, 0.0000e+00, 0.0000e+00, 
 2DIAGNOSTIC,    13, -7.013300943954e-01, 1.851037539974e-04, 0.0000e+00, 0.0000e+00, 
 2DIAGNOSTIC,    14, -7.013150488590e-01, 7.561106767390e-05, 0.0000e+00, 0.0000e+00, 
 2DIAGNOSTIC,    15, -7.012898506829e-01, 5.142267490724e-06, 0.0000e+00, 0.0000e+00, 
 2DIAGNOSTIC,    16, -7.012851246580e-01, 3.733074550830e-06, 0.0000e+00, 0.0000e+00, 
 2DIAGNOSTIC,    17, -7.012396870169e-01, 1.540191525116e-06, 0.0000e+00, 0.0000e+00, 
DIAGNOSTIC,Iteration,metricValue,convergenceValue,ITERATION_TIME_INDEX,SINCE_LAST
 2DIAGNOSTIC,     1, -6.004181799263e-01, 1.797693134862e+308, 0.0000e+00, 0.0000e+00, 
 2DIAGNOSTIC,     2, -6.007271488673e-01, 1.797693134862e+308, 0.0000e+00, 0.0000e+00, 
 2DIAGNOSTIC,     3, -6.008332589584e-01, 1.797693134862e+308, 0.0000e+00, 0.0000e+00, 
 2DIAGNOSTIC,     4, -6.008887707259e-01, 1.797693134862e+308, 0.0000e+00, 0.0000e+00, 
 2DIAGNOSTIC,     5, -6.009877415956e-01, 1.797693134862e+308, 0.0000e+00, 0.0000e+00, 
 2DIAGNOSTIC,     6, -6.012576291847e-01, 1.797693134862e+308, 0.0000e+00, 0.0000e+00, 
 2DIAGNOSTIC,     7, -6.012577704579e-01, 1.797693134862e+308, 0.0000e+00, 0.0000e+00, 
 2DIAGNOSTIC,     8, -6.012609492200e-01, 1.797693134862e+308, 0.0000e+00, 0.0000e+00, 
 2DIAGNOSTIC,     9, -6.012663342515e-01, 1.797693134862e+308, 0.0000e+00, 0.0000e+00, 
 2DIAGNOSTIC,    10, -6.012804985819e-01, 9.068853791713e-05, 0.0000e+00, 0.0000e+00, 
 2DIAGNOSTIC,    11, -6.012954953822e-01, 6.099923604655e-05, 0.0000e+00, 0.0000e+00, 
 2DIAGNOSTIC,    12, -6.013081861894e-01, 4.364754261217e-05, 0.0000e+00, 0.0000e+00, 
 2DIAGNOSTIC,    13, -6.013256851206e-01, 2.990536682340e-05, 0.0000e+00, 0.0000e+00, 
 2DIAGNOSTIC,    14, -6.013247319544e-01, 1.748121414798e-05, 0.0000e+00, 0.0000e+00, 
 2DIAGNOSTIC,    15, -6.013238697487e-01, 8.180013254769e-06, 0.0000e+00, 0.0000e+00, 
 2DIAGNOSTIC,    16, -6.013232881752e-01, 7.446144504528e-06, 0.0000e+00, 0.0000e+00, 
 2DIAGNOSTIC,    17, -6.013207077932e-01, 6.224512744027e-06, 0.0000e+00, 0.0000e+00, 
 2DIAGNOSTIC,    18, -6.013179934184e-01, 4.748102854849e-06, 0.0000e+00, 0.0000e+00, 
 2DIAGNOSTIC,    19, -6.013200540630e-01, 3.335560457153e-06, 0.0000e+00, 0.0000e+00, 
 2DIAGNOSTIC,    20, -6.013213160980e-01, 2.272159311312e-06, 0.0000e+00, 0.0000e+00, 
 2DIAGNOSTIC,    21, -6.013214789432e-01, 1.583362693465e-06, 0.0000e+00, 0.0000e+00, 
 2DIAGNOSTIC,    22, -6.013256709126e-01, 1.304448174103e-06, 0.0000e+00, 0.0000e+00, 
 2DIAGNOSTIC,    23, -6.013272648495e-01, 1.454648601726e-06, 0.0000e+00, 0.0000e+00, 
 2DIAGNOSTIC,    24, -6.013199648105e-01, 1.422193834234e-06, 0.0000e+00, 0.0000e+00, 
 2DIAGNOSTIC,    25, -6.013175499312e-01, 1.325257031067e-06, 0.0000e+00, 0.0000e+00, 
 2DIAGNOSTIC,    26, -6.013190670799e-01, 1.248924017136e-06, 0.0000e+00, 0.0000e+00, 
 2DIAGNOSTIC,    27, -6.013192212326e-01, 1.130858288526e-06, 0.0000e+00, 0.0000e+00, 
 2DIAGNOSTIC,    28, -6.013218144792e-01, 1.022293877329e-06, 0.0000e+00, 0.0000e+00, 
DIAGNOSTIC,Iteration,metricValue,convergenceValue,ITERATION_TIME_INDEX,SINCE_LAST
 2DIAGNOSTIC,     1, -5.412097886588e-01, 1.797693134862e+308, 0.0000e+00, 0.0000e+00, 
 2DIAGNOSTIC,     2, -5.413692441786e-01, 1.797693134862e+308, 0.0000e+00, 0.0000e+00, 
 2DIAGNOSTIC,     3, -5.413985950162e-01, 1.797693134862e+308, 0.0000e+00, 0.0000e+00, 
 2DIAGNOSTIC,     4, -5.414659731227e-01, 1.797693134862e+308, 0.0000e+00, 0.0000e+00, 
 2DIAGNOSTIC,     5, -5.414771012124e-01, 1.797693134862e+308, 0.0000e+00, 0.0000e+00, 
 2DIAGNOSTIC,     6, -5.414994799880e-01, 1.797693134862e+308, 1.0240e+03, 1.0240e+03, 
 2DIAGNOSTIC,     7, -5.415138005559e-01, 1.797693134862e+308, 1.0240e+03, 0.0000e+00, 
 2DIAGNOSTIC,     8, -5.415127608537e-01, 1.797693134862e+308, 1.0240e+03, 0.0000e+00, 
 2DIAGNOSTIC,     9, -5.415126935056e-01, 1.797693134862e+308, 1.0240e+03, 0.0000e+00, 
 2DIAGNOSTIC,    10, -5.415125251717e-01, 3.122441868021e-05, 1.0240e+03, 0.0000e+00, 
 2DIAGNOSTIC,    11, -5.415124573937e-01, 1.694808817103e-05, 1.0240e+03, 0.0000e+00, 
 2DIAGNOSTIC,    12, -5.415126387225e-01, 1.076641165738e-05, 1.0240e+03, 0.0000e+00, 
 2DIAGNOSTIC,    13, -5.415121183885e-01, 5.907545654937e-06, 1.0240e+03, 0.0000e+00, 
 2DIAGNOSTIC,    14, -5.415120131200e-01, 3.958519877251e-06, 1.0240e+03, 0.0000e+00, 
 2DIAGNOSTIC,    15, -5.415117631618e-01, 2.479224416430e-06, 1.0240e+03, 0.0000e+00, 
 2DIAGNOSTIC,    16, -5.415121896342e-01, 1.886178097113e-06, 1.0240e+03, 0.0000e+00, 
 2DIAGNOSTIC,    17, -5.415118802727e-01, 1.805195487745e-06, 1.0240e+03, 0.0000e+00, 
 2DIAGNOSTIC,    18, -5.415118639711e-01, 1.709049978885e-06, 1.0240e+03, 0.0000e+00, 
 2DIAGNOSTIC,    19, -5.415115367329e-01, 1.617972140787e-06, 1.0240e+03, 0.0000e+00, 
 2DIAGNOSTIC,    20, -5.415115248304e-01, 1.536601159591e-06, 1.0240e+03, 0.0000e+00, 
 2DIAGNOSTIC,    21, -5.415113500620e-01, 1.461413998351e-06, 1.0240e+03, 0.0000e+00, 
 2DIAGNOSTIC,    22, -5.415113642653e-01, 1.403039611596e-06, 1.0240e+03, 0.0000e+00, 
 2DIAGNOSTIC,    23, -5.415113222380e-01, 1.341102168505e-06, 1.0240e+03, 0.0000e+00, 
 2DIAGNOSTIC,    24, -5.415113251561e-01, 1.286292848707e-06, 1.0240e+03, 0.0000e+00, 
 2DIAGNOSTIC,    25, -5.415113234566e-01, 1.233976846267e-06, 1.0240e+03, 0.0000e+00, 
 2DIAGNOSTIC,    26, -5.415113231596e-01, 1.198038364618e-06, 1.0240e+03, 0.0000e+00, 
 2DIAGNOSTIC,    27, -5.415113231596e-01, 1.161103706071e-06, 1.0240e+03, 0.0000e+00, 
 2DIAGNOSTIC,    28, -5.415112529479e-01, 1.126944039975e-06, 1.0240e+03, 0.0000e+00, 
 2DIAGNOSTIC,    29, -5.415112529479e-01, 1.090108784518e-06, 1.0240e+03, 0.0000e+00, 
 2DIAGNOSTIC,    30, -5.415112529479e-01, 1.056244895166e-06, 1.0240e+03, 0.0000e+00, 
 2DIAGNOSTIC,    31, -5.415112532651e-01, 1.021982414216e-06, 1.0240e+03, 0.0000e+00, 
  Elapsed time (stage 0): 1.0240e+03


Total elapsed time: 1.0240e+03
VFC_BACKENDS=libinterflop_vprec.so --range-binary32=7 --precision-binary32=20 --range-binary64=7 --precision-binary64=20
Info [verificarlo]: loaded backend libinterflop_vprec.so
Info [interflop-vprec]: load backend with: 
Info [interflop-vprec]: precision-binary32 = 20
Info [interflop-vprec]: range-binary32 = 7
Info [interflop-vprec]: precision-binary64 = 20
Info [interflop-vprec]: range-binary64 = 7
Info [interflop-vprec]: mode = ob
Info [interflop-vprec]: error-mode = rel
Info [interflop-vprec]: max-abs-error-exponent = -1022
Info [interflop-vprec]: daz = false
Info [interflop-vprec]: ftz = false
Info [interflop-vprec]: 	instrument = none
Info [interflop-vprec]: 	prec-input-file = (null)
Info [interflop-vprec]: 	prec-output-file = (null)
Info [interflop-vprec]: 	prec-log-file = (null)
All_Command_lines_OK
Using double precision for computations.
=============================================================================
The composite transform comprises the following transforms (in order): 
  1. /project/rrg-glatard/mdugre/datasets/corr/RawDataBIDS/BMB_1/derivatives/vprec-space_search/1111/r7-p20/sub-0003016/rigid_Composite.h5[0] (type = Euler3DTransform)
  2. /project/rrg-glatard/mdugre/datasets/corr/RawDataBIDS/BMB_1/derivatives/vprec-space_search/1111/r7-p20/sub-0003016/rigid_Composite.h5[1] (type = Euler3DTransform)
  3. /project/rrg-glatard/mdugre/datasets/corr/RawDataBIDS/BMB_1/derivatives/vprec-space_search/1111/r7-p20/sub-0003016/rigid_Composite.h5[2] (type = Euler3DTransform)
=============================================================================
  number of levels = 4
  fixed image: /templateflow/tpl-MNI152NLin2009cAsym/tpl-MNI152NLin2009cAsym_res-01_desc-brain_T1w.nii.gz
  moving image: /project/rrg-glatard/mdugre/datasets/corr/RawDataBIDS/BMB_1/derivatives/antsBrainExtraction/sub-0003016/BrainExtractionBrain.nii.gz
Dimension = 3
Number of stages = 1
Use histogram matching = false
Winsorize image intensities = true
  Lower quantile = 0.005
  Upper quantile = 0.995


Stage 1 State
   Image metric = MattesMI
     Fixed image = Image (0x328a300)
  RTTI typeinfo:   itk::Image<double, 3u>
  Reference Count: 2
  Modified Time: 1592
  Debug: Off
  Object Name: 
  Observers: 
    none
  Source: (none)
  Source output name: (none)
  Release Data: Off
  Data Released: False
  Global Release Data: Off
  PipelineMTime: 0
  UpdateMTime: 1203
  RealTimeStamp: 0 seconds 
  LargestPossibleRegion: 
    Dimension: 3
    Index: [0, 0, 0]
    Size: [193, 229, 193]
  BufferedRegion: 
    Dimension: 3
    Index: [0, 0, 0]
    Size: [193, 229, 193]
  RequestedRegion: 
    Dimension: 3
    Index: [0, 0, 0]
    Size: [193, 229, 193]
  Spacing: [1, 1, 1]
  Origin: [96, 132, -78]
  Direction: 
-1 0 0
0 -1 0
0 0 1

  IndexToPointMatrix: 
-1 0 0
0 -1 0
0 0 1

  PointToIndexMatrix: 
-1 0 0
0 -1 0
0 0 1

  Inverse Direction: 
-1 0 0
0 -1 0
0 0 1

  PixelContainer: 
    ImportImageContainer (0x3302c30)
      RTTI typeinfo:   itk::ImportImageContainer<unsigned long, double>
      Reference Count: 1
      Modified Time: 1200
      Debug: Off
      Object Name: 
      Observers: 
        none
      Pointer: 0x153d67ce1010
      Container manages memory: true
      Size: 8530021
      Capacity: 8530021

     Moving image = Image (0x3345030)
  RTTI typeinfo:   itk::Image<double, 3u>
  Reference Count: 2
  Modified Time: 1593
  Debug: Off
  Object Name: 
  Observers: 
    none
  Source: (none)
  Source output name: (none)
  Release Data: Off
  Data Released: False
  Global Release Data: Off
  PipelineMTime: 0
  UpdateMTime: 1590
  RealTimeStamp: 0 seconds 
  LargestPossibleRegion: 
    Dimension: 3
    Index: [0, 0, 0]
    Size: [176, 256, 256]
  BufferedRegion: 
    Dimension: 3
    Index: [0, 0, 0]
    Size: [176, 256, 256]
  RequestedRegion: 
    Dimension: 3
    Index: [0, 0, 0]
    Size: [176, 256, 256]
  Spacing: [1, 1, 1]
  Origin: [-87.5, 93.2651, -125.795]
  Direction: 
1 0 0
0 -1 0
0 0 1

  IndexToPointMatrix: 
1 0 0
0 -1 0
0 0 1

  PointToIndexMatrix: 
1 0 0
0 -1 0
0 0 1

  Inverse Direction: 
1 0 0
0 -1 0
0 0 1

  PixelContainer: 
    ImportImageContainer (0x3312d70)
      RTTI typeinfo:   itk::ImportImageContainer<unsigned long, double>
      Reference Count: 1
      Modified Time: 1587
      Debug: Off
      Object Name: 
      Observers: 
        none
      Pointer: 0x153d624e0010
      Container manages memory: true
      Size: 11534336
      Capacity: 11534336

     Weighting = 1
     Sampling strategy = regular
     Number of bins = 32
     Radius = 4
     Sampling percentage  = 0.25
   Transform = Affine
     Gradient step = 0.1
     Update field sigma (voxel space) = 0
     Total field sigma (voxel space) = 0
     Update field time sigma = 0
     Total field time sigma  = 0
     Number of time indices = 0
     Number of time point samples = 0
Registration using 1 total stages.

Stage 0
  iterations = 1000x500x250x100
  convergence threshold = 1e-06
  convergence window size = 10
  number of levels = 4
  using the Mattes MI metric (number of bins = 32, weight = 1, use gradient filter = 0)
  preprocessing:  winsorizing the image intensities
  Shrink factors (level 1 out of 4): [8, 8, 8]
  Shrink factors (level 2 out of 4): [4, 4, 4]
  Shrink factors (level 3 out of 4): [2, 2, 2]
  Shrink factors (level 4 out of 4): [1, 1, 1]
  smoothing sigmas per level: [3, 2, 1, 0]
  regular sampling (percentage = 0.25)

*** Running AffineTransform registration ***

DIAGNOSTIC,Iteration,metricValue,convergenceValue,ITERATION_TIME_INDEX,SINCE_LAST
 2DIAGNOSTIC,     1, -8.407490237127e-01, 1.797693134862e+308, 0.0000e+00, 0.0000e+00, 
 2DIAGNOSTIC,     2, -8.427127284415e-01, 1.797693134862e+308, 0.0000e+00, 0.0000e+00, 
 2DIAGNOSTIC,     3, -8.457706742023e-01, 1.797693134862e+308, 0.0000e+00, 0.0000e+00, 
 2DIAGNOSTIC,     4, -8.515797423187e-01, 1.797693134862e+308, 0.0000e+00, 0.0000e+00, 
 2DIAGNOSTIC,     5, -8.591078185721e-01, 1.797693134862e+308, 0.0000e+00, 0.0000e+00, 
 2DIAGNOSTIC,     6, -8.801843745175e-01, 1.797693134862e+308, 0.0000e+00, 0.0000e+00, 
 2DIAGNOSTIC,     7, -8.824683999405e-01, 1.797693134862e+308, 0.0000e+00, 0.0000e+00, 
 2DIAGNOSTIC,     8, -8.876453192348e-01, 1.797693134862e+308, 0.0000e+00, 0.0000e+00, 
 2DIAGNOSTIC,     9, -8.910245432383e-01, 1.797693134862e+308, 0.0000e+00, 0.0000e+00, 
 2DIAGNOSTIC,    10, -8.911797439328e-01, 4.589279855830e-03, 0.0000e+00, 0.0000e+00, 
 2DIAGNOSTIC,    11, -8.912035736959e-01, 3.852994639674e-03, 0.0000e+00, 0.0000e+00, 
 2DIAGNOSTIC,    12, -8.910504176470e-01, 2.947663902281e-03, 0.0000e+00, 0.0000e+00, 
 2DIAGNOSTIC,    13, -8.909296914153e-01, 1.996867644337e-03, 0.0000e+00, 0.0000e+00, 
 2DIAGNOSTIC,    14, -8.907209268787e-01, 1.133753044423e-03, 0.0000e+00, 0.0000e+00, 
 2DIAGNOSTIC,    15, -8.907718090618e-01, 4.377428147666e-04, 0.0000e+00, 0.0000e+00, 
 2DIAGNOSTIC,    16, -8.905621825030e-01, 2.142940165314e-04, 0.0000e+00, 0.0000e+00, 
 2DIAGNOSTIC,    17, -8.906198601535e-01, 4.077192875446e-05, 0.0000e+00, 0.0000e+00, 
DIAGNOSTIC,Iteration,metricValue,convergenceValue,ITERATION_TIME_INDEX,SINCE_LAST
 2DIAGNOSTIC,     1, -7.591292232206e-01, 1.797693134862e+308, 0.0000e+00, 0.0000e+00, 
 2DIAGNOSTIC,     2, -7.600154559132e-01, 1.797693134862e+308, 0.0000e+00, 0.0000e+00, 
 2DIAGNOSTIC,     3, -7.606257171779e-01, 1.797693134862e+308, 0.0000e+00, 0.0000e+00, 
 2DIAGNOSTIC,     4, -7.607124833947e-01, 1.797693134862e+308, 0.0000e+00, 0.0000e+00, 
 2DIAGNOSTIC,     5, -7.606522057871e-01, 1.797693134862e+308, 0.0000e+00, 0.0000e+00, 
 2DIAGNOSTIC,     6, -7.607832267357e-01, 1.797693134862e+308, 0.0000e+00, 0.0000e+00, 
 2DIAGNOSTIC,     7, -7.608260640145e-01, 1.797693134862e+308, 0.0000e+00, 0.0000e+00, 
 2DIAGNOSTIC,     8, -7.608501741369e-01, 1.797693134862e+308, 0.0000e+00, 0.0000e+00, 
 2DIAGNOSTIC,     9, -7.608448381666e-01, 1.797693134862e+308, 0.0000e+00, 0.0000e+00, 
 2DIAGNOSTIC,    10, -7.608285867805e-01, 1.024429265243e-04, 0.0000e+00, 0.0000e+00, 
 2DIAGNOSTIC,    11, -7.608073957310e-01, 4.235381150280e-05, 0.0000e+00, 0.0000e+00, 
 2DIAGNOSTIC,    12, -7.608144659160e-01, 1.598824329964e-05, 0.0000e+00, 0.0000e+00, 
 2DIAGNOSTIC,    13, -7.608117567588e-01, 9.871881969672e-06, 0.0000e+00, 0.0000e+00, 
 2DIAGNOSTIC,    14, -7.608140061269e-01, 6.434763495086e-06, 0.0000e+00, 0.0000e+00, 
 2DIAGNOSTIC,    15, -7.608079685619e-01, 1.363009471594e-06, 0.0000e+00, 0.0000e+00, 
DIAGNOSTIC,Iteration,metricValue,convergenceValue,ITERATION_TIME_INDEX,SINCE_LAST
 2DIAGNOSTIC,     1, -6.354689546446e-01, 1.797693134862e+308, 0.0000e+00, 0.0000e+00, 
 2DIAGNOSTIC,     2, -6.361390540441e-01, 1.797693134862e+308, 0.0000e+00, 0.0000e+00, 
 2DIAGNOSTIC,     3, -6.364438991739e-01, 1.797693134862e+308, 0.0000e+00, 0.0000e+00, 
 2DIAGNOSTIC,     4, -6.371253626685e-01, 1.797693134862e+308, 0.0000e+00, 0.0000e+00, 
 2DIAGNOSTIC,     5, -6.371090269333e-01, 1.797693134862e+308, 0.0000e+00, 0.0000e+00, 
 2DIAGNOSTIC,     6, -6.371121365078e-01, 1.797693134862e+308, 0.0000e+00, 0.0000e+00, 
 2DIAGNOSTIC,     7, -6.371141272808e-01, 1.797693134862e+308, 0.0000e+00, 0.0000e+00, 
 2DIAGNOSTIC,     8, -6.371121228201e-01, 1.797693134862e+308, 0.0000e+00, 0.0000e+00, 
 2DIAGNOSTIC,     9, -6.371121009854e-01, 1.797693134862e+308, 0.0000e+00, 0.0000e+00, 
 2DIAGNOSTIC,    10, -6.371083497944e-01, 1.350230058645e-04, 0.0000e+00, 0.0000e+00, 
 2DIAGNOSTIC,    11, -6.371040926462e-01, 6.529047395017e-05, 0.0000e+00, 0.0000e+00, 
 2DIAGNOSTIC,    12, -6.371011552868e-01, 2.637430912707e-05, 0.0000e+00, 0.0000e+00, 
 2DIAGNOSTIC,    13, -6.371028477891e-01, 1.152650822650e-06, 0.0000e+00, 0.0000e+00, 
 2DIAGNOSTIC,    14, -6.371030312243e-01, 1.393898864360e-06, 0.0000e+00, 0.0000e+00, 
 2DIAGNOSTIC,    15, -6.371010805063e-01, 1.137708016533e-06, 0.0000e+00, 0.0000e+00, 
 2DIAGNOSTIC,    16, -6.371208234880e-01, 1.643920794034e-06, 0.0000e+00, 0.0000e+00, 
 2DIAGNOSTIC,    17, -6.371237514109e-01, 2.237527371891e-06, 0.0000e+00, 0.0000e+00, 
 2DIAGNOSTIC,    18, -6.371227072602e-01, 2.655569598463e-06, 0.0000e+00, 0.0000e+00, 
 2DIAGNOSTIC,    19, -6.371225868493e-01, 2.953238350666e-06, 0.0000e+00, 0.0000e+00, 
 2DIAGNOSTIC,    20, -6.371247869734e-01, 3.070207535476e-06, 0.0000e+00, 0.0000e+00, 
 2DIAGNOSTIC,    21, -6.371379670103e-01, 3.221230765731e-06, 0.0000e+00, 0.0000e+00, 
 2DIAGNOSTIC,    22, -6.371450448712e-01, 3.272057256143e-06, 0.0000e+00, 0.0000e+00, 
 2DIAGNOSTIC,    23, -6.371530208970e-01, 3.340890233482e-06, 0.0000e+00, 0.0000e+00, 
 2DIAGNOSTIC,    24, -6.371552827418e-01, 3.273617849804e-06, 0.0000e+00, 0.0000e+00, 
 2DIAGNOSTIC,    25, -6.371924093373e-01, 3.647888726886e-06, 0.0000e+00, 0.0000e+00, 
 2DIAGNOSTIC,    26, -6.372436755262e-01, 4.966861736483e-06, 0.0000e+00, 0.0000e+00, 
 2DIAGNOSTIC,    27, -6.373148449664e-01, 7.041450858350e-06, 0.0000e+00, 0.0000e+00, 
 2DIAGNOSTIC,    28, -6.374058025578e-01, 9.835643360351e-06, 0.0000e+00, 0.0000e+00, 
 2DIAGNOSTIC,    29, -6.374118470713e-01, 1.169270030563e-05, 0.0000e+00, 0.0000e+00, 
 2DIAGNOSTIC,    30, -6.374076661577e-01, 1.241087779850e-05, 0.0000e+00, 0.0000e+00, 
 2DIAGNOSTIC,    31, -6.374075376613e-01, 1.220095435515e-05, 0.0000e+00, 0.0000e+00, 
 2DIAGNOSTIC,    32, -6.374067404226e-01, 1.101504946326e-05, 0.0000e+00, 0.0000e+00, 
 2DIAGNOSTIC,    33, -6.374032612202e-01, 9.002606723638e-06, 0.0000e+00, 0.0000e+00, 
 2DIAGNOSTIC,    34, -6.374010712340e-01, 6.351341053926e-06, 0.0000e+00, 0.0000e+00, 
 2DIAGNOSTIC,    35, -6.374005579987e-01, 3.815585405874e-06, 0.0000e+00, 0.0000e+00, 
 2DIAGNOSTIC,    36, -6.374015453158e-01, 1.780828914645e-06, 0.0000e+00, 0.0000e+00, 
DIAGNOSTIC,Iteration,metricValue,convergenceValue,ITERATION_TIME_INDEX,SINCE_LAST
 2DIAGNOSTIC,     1, -5.667689606158e-01, 1.797693134862e+308, 0.0000e+00, 0.0000e+00, 
 2DIAGNOSTIC,     2, -5.671969802181e-01, 1.797693134862e+308, 0.0000e+00, 0.0000e+00, 
 2DIAGNOSTIC,     3, -5.676730588909e-01, 1.797693134862e+308, 0.0000e+00, 0.0000e+00, 
 2DIAGNOSTIC,     4, -5.684036402522e-01, 1.797693134862e+308, 0.0000e+00, 0.0000e+00, 
 2DIAGNOSTIC,     5, -5.694803592656e-01, 1.797693134862e+308, 0.0000e+00, 0.0000e+00, 
 2DIAGNOSTIC,     6, -5.694793336001e-01, 1.797693134862e+308, 0.0000e+00, 0.0000e+00, 
 2DIAGNOSTIC,     7, -5.694793327368e-01, 1.797693134862e+308, 0.0000e+00, 0.0000e+00, 
 2DIAGNOSTIC,     8, -5.694793137379e-01, 1.797693134862e+308, 0.0000e+00, 0.0000e+00, 
 2DIAGNOSTIC,     9, -5.694793068177e-01, 1.797693134862e+308, 0.0000e+00, 0.0000e+00, 
 2DIAGNOSTIC,    10, -5.694793068177e-01, 3.267479755659e-04, 0.0000e+00, 0.0000e+00, 
 2DIAGNOSTIC,    11, -5.694792993011e-01, 2.125442150144e-04, 0.0000e+00, 0.0000e+00, 
 2DIAGNOSTIC,    12, -5.694792993011e-01, 1.169516676294e-04, 0.0000e+00, 0.0000e+00, 
 2DIAGNOSTIC,    13, -5.694792993011e-01, 4.375142780960e-05, 0.0000e+00, 0.0000e+00, 
 2DIAGNOSTIC,    14, -5.694792993011e-01, 2.234716807298e-06, 0.0000e+00, 0.0000e+00, 
 2DIAGNOSTIC,    15, -5.694792993106e-01, 2.120290989963e-06, 0.0000e+00, 0.0000e+00, 
 2DIAGNOSTIC,    16, -5.694792993106e-01, 1.988394016703e-06, 0.0000e+00, 0.0000e+00, 
 2DIAGNOSTIC,    17, -5.694792991031e-01, 1.872167429438e-06, 0.0000e+00, 0.0000e+00, 
 2DIAGNOSTIC,    18, -5.694792991031e-01, 1.768411764705e-06, 0.0000e+00, 0.0000e+00, 
 2DIAGNOSTIC,    19, -5.694792991031e-01, 1.675438482979e-06, 0.0000e+00, 0.0000e+00, 
 2DIAGNOSTIC,    20, -5.694792986851e-01, 1.591783410727e-06, 0.0000e+00, 0.0000e+00, 
 2DIAGNOSTIC,    21, -5.694792986851e-01, 1.515924661591e-06, 0.0000e+00, 0.0000e+00, 
 2DIAGNOSTIC,    22, -5.694792986851e-01, 1.446969630094e-06, 0.0000e+00, 0.0000e+00, 
 2DIAGNOSTIC,    23, -5.694792984601e-01, 1.384012871031e-06, 0.0000e+00, 0.0000e+00, 
 2DIAGNOSTIC,    24, -5.694792984601e-01, 1.326309737551e-06, 0.0000e+00, 0.0000e+00, 
 2DIAGNOSTIC,    25, -5.694792984601e-01, 1.273229836493e-06, 0.0000e+00, 0.0000e+00, 
 2DIAGNOSTIC,    26, -5.694792984601e-01, 1.224239118434e-06, 0.0000e+00, 0.0000e+00, 
 2DIAGNOSTIC,    27, -5.694792987419e-01, 1.178883651365e-06, 0.0000e+00, 0.0000e+00, 
 2DIAGNOSTIC,    28, -5.694792987419e-01, 1.136771428253e-06, 0.0000e+00, 0.0000e+00, 
 2DIAGNOSTIC,    29, -5.694792987930e-01, 1.097567008002e-06, 0.0000e+00, 0.0000e+00, 
 2DIAGNOSTIC,    30, -5.694792987930e-01, 1.060970134345e-06, 0.0000e+00, 0.0000e+00, 
 2DIAGNOSTIC,    31, -5.694792987930e-01, 1.026734514374e-06, 0.0000e+00, 0.0000e+00, 
  Elapsed time (stage 0): 0.0000e+00


Total elapsed time: 0.0000e+00
VFC_BACKENDS=libinterflop_vprec.so --range-binary32=7 --precision-binary32=20 --range-binary64=7 --precision-binary64=20
Info [verificarlo]: loaded backend libinterflop_vprec.so
Info [interflop-vprec]: load backend with: 
Info [interflop-vprec]: precision-binary32 = 20
Info [interflop-vprec]: range-binary32 = 7
Info [interflop-vprec]: precision-binary64 = 20
Info [interflop-vprec]: range-binary64 = 7
Info [interflop-vprec]: mode = ob
Info [interflop-vprec]: error-mode = rel
Info [interflop-vprec]: max-abs-error-exponent = -1022
Info [interflop-vprec]: daz = false
Info [interflop-vprec]: ftz = false
Info [interflop-vprec]: 	instrument = none
Info [interflop-vprec]: 	prec-input-file = (null)
Info [interflop-vprec]: 	prec-output-file = (null)
Info [interflop-vprec]: 	prec-log-file = (null)
All_Command_lines_OK
Using double precision for computations.
=============================================================================
The composite transform comprises the following transforms (in order): 
  1. /project/rrg-glatard/mdugre/datasets/corr/RawDataBIDS/BMB_1/derivatives/vprec-space_search/1111/r7-p20/sub-0003016/affine_Composite.h5[0] (type = Euler3DTransform)
  2. /project/rrg-glatard/mdugre/datasets/corr/RawDataBIDS/BMB_1/derivatives/vprec-space_search/1111/r7-p20/sub-0003016/affine_Composite.h5[1] (type = Euler3DTransform)
  3. /project/rrg-glatard/mdugre/datasets/corr/RawDataBIDS/BMB_1/derivatives/vprec-space_search/1111/r7-p20/sub-0003016/affine_Composite.h5[2] (type = Euler3DTransform)
  4. /project/rrg-glatard/mdugre/datasets/corr/RawDataBIDS/BMB_1/derivatives/vprec-space_search/1111/r7-p20/sub-0003016/affine_Composite.h5[3] (type = AffineTransform)
=============================================================================
  number of levels = 4
  fixed image: /templateflow/tpl-MNI152NLin2009cAsym/tpl-MNI152NLin2009cAsym_res-01_desc-brain_T1w.nii.gz
  moving image: /project/rrg-glatard/mdugre/datasets/corr/RawDataBIDS/BMB_1/derivatives/antsBrainExtraction/sub-0003016/BrainExtractionBrain.nii.gz
Dimension = 3
Number of stages = 1
Use histogram matching = false
Winsorize image intensities = true
  Lower quantile = 0.005
  Upper quantile = 0.995


Stage 1 State
   Image metric = CC
     Fixed image = Image (0x51c64c0)
  RTTI typeinfo:   itk::Image<double, 3u>
  Reference Count: 2
  Modified Time: 1606
  Debug: Off
  Object Name: 
  Observers: 
    none
  Source: (none)
  Source output name: (none)
  Release Data: Off
  Data Released: False
  Global Release Data: Off
  PipelineMTime: 0
  UpdateMTime: 1217
  RealTimeStamp: 0 seconds 
  LargestPossibleRegion: 
    Dimension: 3
    Index: [0, 0, 0]
    Size: [193, 229, 193]
  BufferedRegion: 
    Dimension: 3
    Index: [0, 0, 0]
    Size: [193, 229, 193]
  RequestedRegion: 
    Dimension: 3
    Index: [0, 0, 0]
    Size: [193, 229, 193]
  Spacing: [1, 1, 1]
  Origin: [96, 132, -78]
  Direction: 
-1 0 0
0 -1 0
0 0 1

  IndexToPointMatrix: 
-1 0 0
0 -1 0
0 0 1

  PointToIndexMatrix: 
-1 0 0
0 -1 0
0 0 1

  Inverse Direction: 
-1 0 0
0 -1 0
0 0 1

  PixelContainer: 
    ImportImageContainer (0x5292000)
      RTTI typeinfo:   itk::ImportImageContainer<unsigned long, double>
      Reference Count: 1
      Modified Time: 1214
      Debug: Off
      Object Name: 
      Observers: 
        none
      Pointer: 0x14f26fb52010
      Container manages memory: true
      Size: 8530021
      Capacity: 8530021

     Moving image = Image (0x52810b0)
  RTTI typeinfo:   itk::Image<double, 3u>
  Reference Count: 2
  Modified Time: 1607
  Debug: Off
  Object Name: 
  Observers: 
    none
  Source: (none)
  Source output name: (none)
  Release Data: Off
  Data Released: False
  Global Release Data: Off
  PipelineMTime: 0
  UpdateMTime: 1604
  RealTimeStamp: 0 seconds 
  LargestPossibleRegion: 
    Dimension: 3
    Index: [0, 0, 0]
    Size: [176, 256, 256]
  BufferedRegion: 
    Dimension: 3
    Index: [0, 0, 0]
    Size: [176, 256, 256]
  RequestedRegion: 
    Dimension: 3
    Index: [0, 0, 0]
    Size: [176, 256, 256]
  Spacing: [1, 1, 1]
  Origin: [-87.5, 93.2651, -125.795]
  Direction: 
1 0 0
0 -1 0
0 0 1

  IndexToPointMatrix: 
1 0 0
0 -1 0
0 0 1

  PointToIndexMatrix: 
1 0 0
0 -1 0
0 0 1

  Inverse Direction: 
1 0 0
0 -1 0
0 0 1

  PixelContainer: 
    ImportImageContainer (0x529cbc0)
      RTTI typeinfo:   itk::ImportImageContainer<unsigned long, double>
      Reference Count: 1
      Modified Time: 1601
      Debug: Off
      Object Name: 
      Observers: 
        none
      Pointer: 0x14f26a351010
      Container manages memory: true
      Size: 11534336
      Capacity: 11534336

     Weighting = 1
     Sampling strategy = none
     Number of bins = 32
     Radius = 4
     Sampling percentage  = 1
   Transform = SyN
     Gradient step = 0.1
     Update field sigma (voxel space) = 3
     Total field sigma (voxel space) = 0
     Update field time sigma = 0
     Total field time sigma  = 0
     Number of time indices = 0
     Number of time point samples = 0
Registration using 1 total stages.

Stage 0
  iterations = 100x70x50x20
  convergence threshold = 1e-06
  convergence window size = 10
  number of levels = 4
  using the CC metric (radius = 4, weight = 1, use gradient filter = 0)
  preprocessing:  winsorizing the image intensities
  Shrink factors (level 1 out of 4): [8, 8, 8]
  Shrink factors (level 2 out of 4): [4, 4, 4]
  Shrink factors (level 3 out of 4): [2, 2, 2]
  Shrink factors (level 4 out of 4): [1, 1, 1]
  smoothing sigmas per level: [3, 2, 1, 0]
  Using default NONE metricSamplingStrategy 

*** Running SyN registration (varianceForUpdateField = 3, varianceForTotalField = 0) ***

XXDIAGNOSTIC,Iteration,metricValue,convergenceValue,ITERATION_TIME_INDEX,SINCE_LAST
 1DIAGNOSTIC,     1, -9.382138252258e-01, 1.797693134862e+308, 0.0000e+00, 0.0000e+00, 
 1DIAGNOSTIC,     2, -9.461116790771e-01, 1.797693134862e+308, 0.0000e+00, 0.0000e+00, 
 1DIAGNOSTIC,     3, -9.526233673096e-01, 1.797693134862e+308, 0.0000e+00, 0.0000e+00, 
 1DIAGNOSTIC,     4, -9.559979438782e-01, 1.797693134862e+308, 0.0000e+00, 0.0000e+00, 
 1DIAGNOSTIC,     5, -9.587702751160e-01, 1.797693134862e+308, 0.0000e+00, 0.0000e+00, 
 1DIAGNOSTIC,     6, -9.616012573242e-01, 1.797693134862e+308, 0.0000e+00, 0.0000e+00, 
 1DIAGNOSTIC,     7, -9.649295806885e-01, 1.797693134862e+308, 0.0000e+00, 0.0000e+00, 
 1DIAGNOSTIC,     8, -9.686617851257e-01, 1.797693134862e+308, 0.0000e+00, 0.0000e+00, 
 1DIAGNOSTIC,     9, -9.713373184204e-01, 1.797693134862e+308, 0.0000e+00, 0.0000e+00, 
 1DIAGNOSTIC,    10, -9.717864990234e-01, 2.122395412239e-03, 0.0000e+00, 0.0000e+00, 
 1DIAGNOSTIC,    11, -9.722967147827e-01, 1.586805534905e-03, 0.0000e+00, 0.0000e+00, 
 1DIAGNOSTIC,    12, -9.727678298950e-01, 1.202172683912e-03, 0.0000e+00, 0.0000e+00, 
 1DIAGNOSTIC,    13, -9.729671478271e-01, 9.193061185265e-04, 0.0000e+00, 0.0000e+00, 
 1DIAGNOSTIC,    14, -9.735207557678e-01, 6.759291580973e-04, 0.0000e+00, 0.0000e+00, 
 1DIAGNOSTIC,    15, -9.735789299011e-01, 4.594224255055e-04, 0.0000e+00, 0.0000e+00, 
 1DIAGNOSTIC,    16, -9.743151664734e-01, 2.938338123460e-04, 0.0000e+00, 0.0000e+00, 
 1DIAGNOSTIC,    17, -9.742913246155e-01, 1.767706451338e-04, 0.0000e+00, 0.0000e+00, 
 1DIAGNOSTIC,    18, -9.749717712402e-01, 1.278713893137e-04, 0.0000e+00, 0.0000e+00, 
 1DIAGNOSTIC,    19, -9.748673439026e-01, 1.120392014388e-04, 0.0000e+00, 0.0000e+00, 
 1DIAGNOSTIC,    20, -9.753646850586e-01, 1.014585718099e-04, 0.0000e+00, 0.0000e+00, 
 1DIAGNOSTIC,    21, -9.751973152161e-01, 8.713013405481e-05, 0.0000e+00, 0.0000e+00, 
 1DIAGNOSTIC,    22, -9.756507873535e-01, 7.855332459177e-05, 0.0000e+00, 0.0000e+00, 
 1DIAGNOSTIC,    23, -9.754614830017e-01, 6.337790359786e-05, 0.0000e+00, 0.0000e+00, 
 1DIAGNOSTIC,    24, -9.757752418518e-01, 5.442965970300e-05, 0.0000e+00, 0.0000e+00, 
 1DIAGNOSTIC,    25, -9.755549430847e-01, 3.906300644044e-05, 0.0000e+00, 0.0000e+00, 
 1DIAGNOSTIC,    26, -9.759531021118e-01, 3.428832132645e-05, 0.0000e+00, 0.0000e+00, 
 1DIAGNOSTIC,    27, -9.757399559021e-01, 2.387959761595e-05, 0.0000e+00, 0.0000e+00, 
 1DIAGNOSTIC,    28, -9.758872985840e-01, 2.089516720988e-05, 0.0000e+00, 0.0000e+00, 
 1DIAGNOSTIC,    29, -9.756417274475e-01, 1.258390256812e-05, 0.0000e+00, 0.0000e+00, 
 1DIAGNOSTIC,    30, -9.761123657227e-01, 1.333555604455e-05, 0.0000e+00, 0.0000e+00, 
 1DIAGNOSTIC,    31, -9.761052131653e-01, 1.095070056089e-05, 0.0000e+00, 0.0000e+00, 
 1DIAGNOSTIC,    32, -9.759125709534e-01, 1.024744652033e-05, 0.0000e+00, 0.0000e+00, 
 1DIAGNOSTIC,    33, -9.757142066956e-01, 5.332327245151e-06, 0.0000e+00, 0.0000e+00, 
 1DIAGNOSTIC,    34, -9.757466316223e-01, 3.385625823894e-06, 0.0000e+00, 0.0000e+00, 
 1DIAGNOSTIC,    35, -9.755434989929e-01, -2.433992444567e-06, 0.0000e+00, 0.0000e+00, 
XXDIAGNOSTIC,Iteration,metricValue,convergenceValue,ITERATION_TIME_INDEX,SINCE_LAST
 1DIAGNOSTIC,     1, -9.202995300293e-01, 1.797693134862e+308, 0.0000e+00, 0.0000e+00, 
 1DIAGNOSTIC,     2, -9.221248626709e-01, 1.797693134862e+308, 0.0000e+00, 0.0000e+00, 
 1DIAGNOSTIC,     3, -9.248833656311e-01, 1.797693134862e+308, 0.0000e+00, 0.0000e+00, 
 1DIAGNOSTIC,     4, -9.275460243225e-01, 1.797693134862e+308, 0.0000e+00, 0.0000e+00, 
 1DIAGNOSTIC,     5, -9.295182228088e-01, 1.797693134862e+308, 0.0000e+00, 0.0000e+00, 
 1DIAGNOSTIC,     6, -9.311785697937e-01, 1.797693134862e+308, 0.0000e+00, 0.0000e+00, 
 1DIAGNOSTIC,     7, -9.325823783875e-01, 1.797693134862e+308, 0.0000e+00, 0.0000e+00, 
 1DIAGNOSTIC,     8, -9.338264465332e-01, 1.797693134862e+308, 0.0000e+00, 0.0000e+00, 
 1DIAGNOSTIC,     9, -9.348440170288e-01, 1.797693134862e+308, 0.0000e+00, 0.0000e+00, 
 1DIAGNOSTIC,    10, -9.357900619507e-01, 1.089138778262e-03, 0.0000e+00, 0.0000e+00, 
 1DIAGNOSTIC,    11, -9.366641044617e-01, 8.762755325168e-04, 0.0000e+00, 0.0000e+00, 
 1DIAGNOSTIC,    12, -9.374890327454e-01, 6.870864152281e-04, 0.0000e+00, 0.0000e+00, 
 1DIAGNOSTIC,    13, -9.381747245789e-01, 5.450306603356e-04, 0.0000e+00, 0.0000e+00, 
 1DIAGNOSTIC,    14, -9.388103485107e-01, 4.452531576589e-04, 0.0000e+00, 0.0000e+00, 
 1DIAGNOSTIC,    15, -9.393854141235e-01, 3.696060395297e-04, 0.0000e+00, 0.0000e+00, 
 1DIAGNOSTIC,    16, -9.399089813232e-01, 3.108573109114e-04, 0.0000e+00, 0.0000e+00, 
 1DIAGNOSTIC,    17, -9.403886795044e-01, 2.639316840954e-04, 0.0000e+00, 0.0000e+00, 
 1DIAGNOSTIC,    18, -9.408302307129e-01, 2.262489782713e-04, 0.0000e+00, 0.0000e+00, 
 1DIAGNOSTIC,    19, -9.412450790405e-01, 1.944359860371e-04, 0.0000e+00, 0.0000e+00, 
 1DIAGNOSTIC,    20, -9.416208267212e-01, 1.677690915989e-04, 0.0000e+00, 0.0000e+00, 
 1DIAGNOSTIC,    21, -9.419751167297e-01, 1.457322325008e-04, 0.0000e+00, 0.0000e+00, 
 1DIAGNOSTIC,    22, -9.423065185547e-01, 1.280453424706e-04, 1.0240e+03, 1.0240e+03, 
 1DIAGNOSTIC,    23, -9.426083564758e-01, 1.129448849178e-04, 1.0240e+03, 0.0000e+00, 
 1DIAGNOSTIC,    24, -9.428944587708e-01, 1.001796576133e-04, 1.0240e+03, 0.0000e+00, 
 1DIAGNOSTIC,    25, -9.431629180908e-01, 8.928206522868e-05, 1.0240e+03, 0.0000e+00, 
 1DIAGNOSTIC,    26, -9.434189796448e-01, 7.994370333014e-05, 1.0240e+03, 0.0000e+00, 
 1DIAGNOSTIC,    27, -9.436564445496e-01, 7.184861138730e-05, 1.0240e+03, 0.0000e+00, 
 1DIAGNOSTIC,    28, -9.438796043396e-01, 6.478400959379e-05, 1.0240e+03, 0.0000e+00, 
 1DIAGNOSTIC,    29, -9.440927505493e-01, 5.869124142582e-05, 1.0240e+03, 0.0000e+00, 
 1DIAGNOSTIC,    30, -9.442944526672e-01, 5.332566058648e-05, 1.0240e+03, 0.0000e+00, 
 1DIAGNOSTIC,    31, -9.444832801819e-01, 4.860561936899e-05, 1.0240e+03, 0.0000e+00, 
 1DIAGNOSTIC,    32, -9.446659088135e-01, 4.448585823399e-05, 1.0240e+03, 0.0000e+00, 
 1DIAGNOSTIC,    33, -9.448399543762e-01, 4.080886799437e-05, 1.0240e+03, 0.0000e+00, 
 1DIAGNOSTIC,    34, -9.450078010559e-01, 3.756257264761e-05, 1.0240e+03, 0.0000e+00, 
 1DIAGNOSTIC,    35, -9.451584815979e-01, 3.460350999254e-05, 1.0240e+03, 0.0000e+00, 
 1DIAGNOSTIC,    36, -9.453105926514e-01, 3.200031749812e-05, 1.0240e+03, 0.0000e+00, 
 1DIAGNOSTIC,    37, -9.454588890076e-01, 2.969570197070e-05, 1.0240e+03, 0.0000e+00, 
 1DIAGNOSTIC,    38, -9.456014633179e-01, 2.764277612822e-05, 1.0240e+03, 0.0000e+00, 
 1DIAGNOSTIC,    39, -9.457397460938e-01, 2.583492508121e-05, 1.0240e+03, 0.0000e+00, 
 1DIAGNOSTIC,    40, -9.458718299866e-01, 2.422797212863e-05, 1.0240e+03, 0.0000e+00, 
 1DIAGNOSTIC,    41, -9.460005760193e-01, 2.277923277427e-05, 1.0240e+03, 0.0000e+00, 
 1DIAGNOSTIC,    42, -9.461250305176e-01, 2.148275361997e-05, 1.0240e+03, 0.0000e+00, 
 1DIAGNOSTIC,    43, -9.462461471558e-01, 2.031642186292e-05, 1.0240e+03, 0.0000e+00, 
 1DIAGNOSTIC,    44, -9.463624954224e-01, 1.926315968498e-05, 1.0240e+03, 0.0000e+00, 
 1DIAGNOSTIC,    45, -9.464793205261e-01, 1.825939132049e-05, 1.0240e+03, 0.0000e+00, 
 1DIAGNOSTIC,    46, -9.465856552124e-01, 1.729676494586e-05, 1.0240e+03, 0.0000e+00, 
 1DIAGNOSTIC,    47, -9.466857910156e-01, 1.636431671396e-05, 1.0240e+03, 0.0000e+00, 
 1DIAGNOSTIC,    48, -9.467782974243e-01, 1.543082271589e-05, 1.0240e+03, 0.0000e+00, 
 1DIAGNOSTIC,    49, -9.468646049500e-01, 1.448903661006e-05, 1.0240e+03, 0.0000e+00, 
 1DIAGNOSTIC,    50, -9.469561576843e-01, 1.359372838151e-05, 1.0240e+03, 0.0000e+00, 
 1DIAGNOSTIC,    51, -9.470305442810e-01, 1.267773508308e-05, 1.0240e+03, 0.0000e+00, 
 1DIAGNOSTIC,    52, -9.470996856689e-01, 1.175290700450e-05, 1.0240e+03, 0.0000e+00, 
 1DIAGNOSTIC,    53, -9.471688270569e-01, 1.086693385787e-05, 1.0240e+03, 0.0000e+00, 
 1DIAGNOSTIC,    54, -9.472284317017e-01, 9.998652470901e-06, 1.0240e+03, 0.0000e+00, 
 1DIAGNOSTIC,    55, -9.472842216492e-01, 9.194289742949e-06, 1.0240e+03, 0.0000e+00, 
 1DIAGNOSTIC,    56, -9.473352432251e-01, 8.429287407949e-06, 1.0240e+03, 0.0000e+00, 
 1DIAGNOSTIC,    57, -9.473834037781e-01, 7.712902861178e-06, 1.0240e+03, 0.0000e+00, 
 1DIAGNOSTIC,    58, -9.474277496338e-01, 7.037503416303e-06, 1.0240e+03, 0.0000e+00, 
 1DIAGNOSTIC,    59, -9.474706649780e-01, 6.412659196663e-06, 1.0240e+03, 0.0000e+00, 
 1DIAGNOSTIC,    60, -9.475069046021e-01, 5.879684035943e-06, 1.0240e+03, 0.0000e+00, 
 1DIAGNOSTIC,    61, -9.475426673889e-01, 5.388743419123e-06, 1.0240e+03, 0.0000e+00, 
 1DIAGNOSTIC,    62, -9.475755691528e-01, 4.935351481727e-06, 1.0240e+03, 0.0000e+00, 
 1DIAGNOSTIC,    63, -9.476070404053e-01, 4.547033722602e-06, 1.0240e+03, 0.0000e+00, 
 1DIAGNOSTIC,    64, -9.476356506348e-01, 4.192409632012e-06, 1.0240e+03, 0.0000e+00, 
 1DIAGNOSTIC,    65, -9.476637840271e-01, 3.878097389876e-06, 1.0240e+03, 0.0000e+00, 
 1DIAGNOSTIC,    66, -9.476876258850e-01, 3.584941615533e-06, 1.0240e+03, 0.0000e+00, 
 1DIAGNOSTIC,    67, -9.477133750916e-01, 3.330740603363e-06, 1.0240e+03, 0.0000e+00, 
 1DIAGNOSTIC,    68, -9.477362632751e-01, 3.102964272431e-06, 1.0240e+03, 0.0000e+00, 
 1DIAGNOSTIC,    69, -9.477605819702e-01, 2.918668415328e-06, 1.0240e+03, 0.0000e+00, 
 1DIAGNOSTIC,    70, -9.477810859680e-01, 2.743976612707e-06, 1.0240e+03, 0.0000e+00, 
XXDIAGNOSTIC,Iteration,metricValue,convergenceValue,ITERATION_TIME_INDEX,SINCE_LAST
 1DIAGNOSTIC,     1, -8.942589759827e-01, 1.797693134862e+308, 1.0240e+03, 0.0000e+00, 
 1DIAGNOSTIC,     2, -8.965082168579e-01, 1.797693134862e+308, 1.0240e+03, 0.0000e+00, 
 1DIAGNOSTIC,     3, -8.993182182312e-01, 1.797693134862e+308, 1.0240e+03, 0.0000e+00, 
 1DIAGNOSTIC,     4, -9.018521308899e-01, 1.797693134862e+308, 1.0240e+03, 0.0000e+00, 
 1DIAGNOSTIC,     5, -9.041275978088e-01, 1.797693134862e+308, 2.0480e+03, 1.0240e+03, 
 1DIAGNOSTIC,     6, -9.062004089355e-01, 1.797693134862e+308, 2.0480e+03, 0.0000e+00, 
 1DIAGNOSTIC,     7, -9.081096649170e-01, 1.797693134862e+308, 2.0480e+03, 0.0000e+00, 
 1DIAGNOSTIC,     8, -9.097523689270e-01, 1.797693134862e+308, 2.0480e+03, 0.0000e+00, 
 1DIAGNOSTIC,     9, -9.112229347229e-01, 1.797693134862e+308, 2.0480e+03, 0.0000e+00, 
 1DIAGNOSTIC,    10, -9.126563072205e-01, 1.318073551246e-03, 2.0480e+03, 0.0000e+00, 
 1DIAGNOSTIC,    11, -9.138050079346e-01, 1.100876557871e-03, 2.0480e+03, 0.0000e+00, 
 1DIAGNOSTIC,    12, -9.148454666138e-01, 9.064088541640e-04, 2.0480e+03, 0.0000e+00, 
 1DIAGNOSTIC,    13, -9.158029556274e-01, 7.502946562392e-04, 2.0480e+03, 0.0000e+00, 
 1DIAGNOSTIC,    14, -9.164996147156e-01, 6.201180558395e-04, 2.0480e+03, 0.0000e+00, 
 1DIAGNOSTIC,    15, -9.172768592834e-01, 5.140245749043e-04, 2.0480e+03, 0.0000e+00, 
 1DIAGNOSTIC,    16, -9.178295135498e-01, 4.249705875979e-04, 3.0720e+03, 1.0240e+03, 
 1DIAGNOSTIC,    17, -9.184923171997e-01, 3.543622077124e-04, 3.0720e+03, 0.0000e+00, 
 1DIAGNOSTIC,    18, -9.189486503601e-01, 2.950546556834e-04, 3.0720e+03, 0.0000e+00, 
 1DIAGNOSTIC,    19, -9.195284843445e-01, 2.481650182501e-04, 3.0720e+03, 0.0000e+00, 
 1DIAGNOSTIC,    20, -9.199099540710e-01, 2.110702969416e-04, 3.0720e+03, 0.0000e+00, 
 1DIAGNOSTIC,    21, -9.202699661255e-01, 1.801712166679e-04, 3.0720e+03, 0.0000e+00, 
 1DIAGNOSTIC,    22, -9.206166267395e-01, 1.548381559487e-04, 3.0720e+03, 0.0000e+00, 
 1DIAGNOSTIC,    23, -9.209489822388e-01, 1.346757388480e-04, 3.0720e+03, 0.0000e+00, 
 1DIAGNOSTIC,    24, -9.212694168091e-01, 1.166949678042e-04, 3.0720e+03, 0.0000e+00, 
 1DIAGNOSTIC,    25, -9.215798377991e-01, 1.027584336915e-04, 3.0720e+03, 0.0000e+00, 
 1DIAGNOSTIC,    26, -9.218840599060e-01, 9.046979136007e-05, 3.0720e+03, 0.0000e+00, 
 1DIAGNOSTIC,    27, -9.221758842468e-01, 8.160323123063e-05, 4.0960e+03, 1.0240e+03, 
 1DIAGNOSTIC,    28, -9.224348068237e-01, 7.358281343034e-05, 4.0960e+03, 0.0000e+00, 
 1DIAGNOSTIC,    29, -9.226570129395e-01, 6.779687376963e-05, 4.0960e+03, 0.0000e+00, 
 1DIAGNOSTIC,    30, -9.228544235229e-01, 6.202254957525e-05, 4.0960e+03, 0.0000e+00, 
 1DIAGNOSTIC,    31, -9.230294227600e-01, 5.614918450664e-05, 4.0960e+03, 0.0000e+00, 
 1DIAGNOSTIC,    32, -9.231982231140e-01, 5.036363053226e-05, 4.0960e+03, 0.0000e+00, 
 1DIAGNOSTIC,    33, -9.233660697937e-01, 4.489852282340e-05, 4.0960e+03, 0.0000e+00, 
 1DIAGNOSTIC,    34, -9.235396385193e-01, 4.004537318410e-05, 4.0960e+03, 0.0000e+00, 
 1DIAGNOSTIC,    35, -9.237260818481e-01, 3.610993292953e-05, 4.0960e+03, 0.0000e+00, 
 1DIAGNOSTIC,    36, -9.239301681519e-01, 3.337423759940e-05, 4.0960e+03, 0.0000e+00, 
 1DIAGNOSTIC,    37, -9.241518974304e-01, 3.194850933920e-05, 4.0960e+03, 0.0000e+00, 
 1DIAGNOSTIC,    38, -9.243912696838e-01, 3.165570745208e-05, 5.1200e+03, 1.0240e+03, 
 1DIAGNOSTIC,    39, -9.246559143066e-01, 3.226558206527e-05, 5.1200e+03, 0.0000e+00, 
 1DIAGNOSTIC,    40, -9.249420166016e-01, 3.354793401922e-05, 5.1200e+03, 0.0000e+00, 
 1DIAGNOSTIC,    41, -9.252524375916e-01, 3.526620421057e-05, 5.1200e+03, 0.0000e+00, 
 1DIAGNOSTIC,    42, -9.255590438843e-01, 3.707114333372e-05, 5.1200e+03, 0.0000e+00, 
 1DIAGNOSTIC,    43, -9.258441925049e-01, 3.854597481690e-05, 5.1200e+03, 0.0000e+00, 
 1DIAGNOSTIC,    44, -9.260983467102e-01, 3.931511275922e-05, 5.1200e+03, 0.0000e+00, 
 1DIAGNOSTIC,    45, -9.263210296631e-01, 3.914009622658e-05, 5.1200e+03, 0.0000e+00, 
 1DIAGNOSTIC,    46, -9.265174865723e-01, 3.795651494684e-05, 5.1200e+03, 0.0000e+00, 
 1DIAGNOSTIC,    47, -9.266953468323e-01, 3.585464113668e-05, 5.1200e+03, 0.0000e+00, 
 1DIAGNOSTIC,    48, -9.268522262573e-01, 3.299496808501e-05, 5.1200e+03, 0.0000e+00, 
 1DIAGNOSTIC,    49, -9.269909858704e-01, 2.967307957636e-05, 6.1440e+03, 1.0240e+03, 
 1DIAGNOSTIC,    50, -9.271144866943e-01, 2.620622694352e-05, 6.1440e+03, 0.0000e+00, 
XXDIAGNOSTIC,Iteration,metricValue,convergenceValue,ITERATION_TIME_INDEX,SINCE_LAST
 1DIAGNOSTIC,     1, -8.767747879028e-01, 1.797693134862e+308, 6.1440e+03, 0.0000e+00, 
 1DIAGNOSTIC,     2, -8.779706954956e-01, 1.797693134862e+308, 7.1680e+03, 1.0240e+03, 
 1DIAGNOSTIC,     3, -8.795442581177e-01, 1.797693134862e+308, 8.1920e+03, 1.0240e+03, 
 1DIAGNOSTIC,     4, -8.810586929321e-01, 1.797693134862e+308, 9.2160e+03, 1.0240e+03, 
 1DIAGNOSTIC,     5, -8.826413154602e-01, 1.797693134862e+308, 1.0240e+04, 1.0240e+03, 
 1DIAGNOSTIC,     6, -8.840932846069e-01, 1.797693134862e+308, 1.1264e+04, 1.0240e+03, 
 1DIAGNOSTIC,     7, -8.853878974915e-01, 1.797693134862e+308, 1.1264e+04, 0.0000e+00, 
 1DIAGNOSTIC,     8, -8.865537643433e-01, 1.797693134862e+308, 1.2288e+04, 1.0240e+03, 
 1DIAGNOSTIC,     9, -8.875932693481e-01, 1.797693134862e+308, 1.3312e+04, 1.0240e+03, 
 1DIAGNOSTIC,    10, -8.885684013367e-01, 8.845157061822e-04, 1.4336e+04, 1.0240e+03, 
 1DIAGNOSTIC,    11, -8.893952369690e-01, 7.613035801881e-04, 1.5360e+04, 1.0240e+03, 
 1DIAGNOSTIC,    12, -8.901882171631e-01, 6.432771577708e-04, 1.5360e+04, 0.0000e+00, 
 1DIAGNOSTIC,    13, -8.909277915955e-01, 5.422023760316e-04, 1.6384e+04, 1.0240e+03, 
 1DIAGNOSTIC,    14, -8.915152549744e-01, 4.541500307941e-04, 1.7408e+04, 1.0240e+03, 
 1DIAGNOSTIC,    15, -8.920526504517e-01, 3.814820123338e-04, 1.8432e+04, 1.0240e+03, 
 1DIAGNOSTIC,    16, -8.925476074219e-01, 3.217489620327e-04, 1.9456e+04, 1.0240e+03, 
 1DIAGNOSTIC,    17, -8.930120468140e-01, 2.724133749867e-04, 1.9456e+04, 0.0000e+00, 
 1DIAGNOSTIC,    18, -8.934645652771e-01, 2.320535891699e-04, 2.0480e+04, 1.0240e+03, 
 1DIAGNOSTIC,    19, -8.938803672791e-01, 1.988522446287e-04, 2.1504e+04, 1.0240e+03, 
 1DIAGNOSTIC,    20, -8.942704200745e-01, 1.723081220502e-04, 2.2528e+04, 1.0240e+03, 
  Elapsed time (stage 0): 22528


Total elapsed time: 22528
