
##########################
# Experiment information #
##########################
SIF_IMG: /project/rrg-glatard/mdugre/containers/ants-p2-vprec.sif
EXPERIMENT_NAME: vprec-space_search
CONFIG: 1111
VFC_BACKENDS: libinterflop_vprec.so --range-binary32=7 --precision-binary32=20 --range-binary64=7 --precision-binary64=20

FIXED_IMG: /templateflow/tpl-MNI152NLin2009cAsym/tpl-MNI152NLin2009cAsym_res-01_desc-brain_T1w.nii.gz
SUBJECT_ID: 0003017
INPUT_IMG: /project/rrg-glatard/mdugre/datasets/corr/RawDataBIDS/BMB_1/derivatives/antsBrainExtraction/sub-0003017/BrainExtractionBrain.nii.gz
OUTPUT_DIR: /project/rrg-glatard/mdugre/datasets/corr/RawDataBIDS/BMB_1/derivatives/vprec-space_search/1111/r7-p20/sub-0003017

ITK_GLOBAL_DEFAULT_NUMBER_OF_THREADS: 8
##########################

VFC_BACKENDS=libinterflop_vprec.so --range-binary32=7 --precision-binary32=20 --range-binary64=7 --precision-binary64=20
Info [verificarlo]: loaded backend libinterflop_vprec.so
Info [interflop-vprec]: load backend with: 
Info [interflop-vprec]: precision-binary32 = 20
Info [interflop-vprec]: range-binary32 = 7
Info [interflop-vprec]: precision-binary64 = 20
Info [interflop-vprec]: range-binary64 = 7
Info [interflop-vprec]: mode = ob
Info [interflop-vprec]: error-mode = rel
Info [interflop-vprec]: max-abs-error-exponent = -1022
Info [interflop-vprec]: daz = false
Info [interflop-vprec]: ftz = false
Info [interflop-vprec]: 	instrument = none
Info [interflop-vprec]: 	prec-input-file = (null)
Info [interflop-vprec]: 	prec-output-file = (null)
Info [interflop-vprec]: 	prec-log-file = (null)
All_Command_lines_OK
Using double precision for computations.
=============================================================================
The composite transform comprises the following transforms (in order): 
  1. Center of mass alignment using fixed image: /templateflow/tpl-MNI152NLin2009cAsym/tpl-MNI152NLin2009cAsym_res-01_desc-brain_T1w.nii.gz and moving image: /project/rrg-glatard/mdugre/datasets/corr/RawDataBIDS/BMB_1/derivatives/antsBrainExtraction/sub-0003017/BrainExtractionBrain.nii.gz (type = Euler3DTransform)
=============================================================================
  number of levels = 1
  fixed image: /templateflow/tpl-MNI152NLin2009cAsym/tpl-MNI152NLin2009cAsym_res-01_desc-brain_T1w.nii.gz
  moving image: /project/rrg-glatard/mdugre/datasets/corr/RawDataBIDS/BMB_1/derivatives/antsBrainExtraction/sub-0003017/BrainExtractionBrain.nii.gz
Dimension = 3
Number of stages = 1
Use histogram matching = false
Winsorize image intensities = true
  Lower quantile = 0.005
  Upper quantile = 0.995


Stage 1 State
   Image metric = MattesMI
     Fixed image = Image (0x506d2f0)
  RTTI typeinfo:   itk::Image<double, 3u>
  Reference Count: 2
  Modified Time: 2330
  Debug: Off
  Object Name: 
  Observers: 
    none
  Source: (none)
  Source output name: (none)
  Release Data: Off
  Data Released: False
  Global Release Data: Off
  PipelineMTime: 0
  UpdateMTime: 1941
  RealTimeStamp: 0 seconds 
  LargestPossibleRegion: 
    Dimension: 3
    Index: [0, 0, 0]
    Size: [193, 229, 193]
  BufferedRegion: 
    Dimension: 3
    Index: [0, 0, 0]
    Size: [193, 229, 193]
  RequestedRegion: 
    Dimension: 3
    Index: [0, 0, 0]
    Size: [193, 229, 193]
  Spacing: [1, 1, 1]
  Origin: [96, 132, -78]
  Direction: 
-1 0 0
0 -1 0
0 0 1

  IndexToPointMatrix: 
-1 0 0
0 -1 0
0 0 1

  PointToIndexMatrix: 
-1 0 0
0 -1 0
0 0 1

  Inverse Direction: 
-1 0 0
0 -1 0
0 0 1

  PixelContainer: 
    ImportImageContainer (0x507a340)
      RTTI typeinfo:   itk::ImportImageContainer<unsigned long, double>
      Reference Count: 1
      Modified Time: 1938
      Debug: Off
      Object Name: 
      Observers: 
        none
      Pointer: 0x14fecf7ba010
      Container manages memory: true
      Size: 8530021
      Capacity: 8530021

     Moving image = Image (0x50722b0)
  RTTI typeinfo:   itk::Image<double, 3u>
  Reference Count: 2
  Modified Time: 2331
  Debug: Off
  Object Name: 
  Observers: 
    none
  Source: (none)
  Source output name: (none)
  Release Data: Off
  Data Released: False
  Global Release Data: Off
  PipelineMTime: 0
  UpdateMTime: 2328
  RealTimeStamp: 0 seconds 
  LargestPossibleRegion: 
    Dimension: 3
    Index: [0, 0, 0]
    Size: [176, 256, 256]
  BufferedRegion: 
    Dimension: 3
    Index: [0, 0, 0]
    Size: [176, 256, 256]
  RequestedRegion: 
    Dimension: 3
    Index: [0, 0, 0]
    Size: [176, 256, 256]
  Spacing: [1, 1, 1]
  Origin: [-73.5417, 105.951, -120.131]
  Direction: 
1 0 0
0 -1 0
0 0 1

  IndexToPointMatrix: 
1 0 0
0 -1 0
0 0 1

  PointToIndexMatrix: 
1 0 0
0 -1 0
0 0 1

  Inverse Direction: 
1 0 0
0 -1 0
0 0 1

  PixelContainer: 
    ImportImageContainer (0x509f4d0)
      RTTI typeinfo:   itk::ImportImageContainer<unsigned long, double>
      Reference Count: 1
      Modified Time: 2325
      Debug: Off
      Object Name: 
      Observers: 
        none
      Pointer: 0x14fec9fb9010
      Container manages memory: true
      Size: 11534336
      Capacity: 11534336

     Weighting = 1
     Sampling strategy = regular
     Number of bins = 32
     Radius = 4
     Sampling percentage  = 0.25
   Transform = Rigid
     Gradient step = 0.1
     Update field sigma (voxel space) = 0
     Total field sigma (voxel space) = 0
     Update field time sigma = 0
     Total field time sigma  = 0
     Number of time indices = 0
     Number of time point samples = 0
Registration using 1 total stages.

Stage 0
  iterations = 0
  convergence threshold = 1e-06
  convergence window size = 10
  number of levels = 1
  using the Mattes MI metric (number of bins = 32, weight = 1, use gradient filter = 0)
  preprocessing:  winsorizing the image intensities
  Shrink factors (level 1 out of 1): [1, 1, 1]
  smoothing sigmas per level: [0]
  regular sampling (percentage = 0.25)

*** Running Euler3DTransform registration ***

  Elapsed time (stage 0): 0


Total elapsed time: 0
VFC_BACKENDS=libinterflop_vprec.so --range-binary32=7 --precision-binary32=20 --range-binary64=7 --precision-binary64=20
Info [verificarlo]: loaded backend libinterflop_vprec.so
Info [interflop-vprec]: load backend with: 
Info [interflop-vprec]: precision-binary32 = 20
Info [interflop-vprec]: range-binary32 = 7
Info [interflop-vprec]: precision-binary64 = 20
Info [interflop-vprec]: range-binary64 = 7
Info [interflop-vprec]: mode = ob
Info [interflop-vprec]: error-mode = rel
Info [interflop-vprec]: max-abs-error-exponent = -1022
Info [interflop-vprec]: daz = false
Info [interflop-vprec]: ftz = false
Info [interflop-vprec]: 	instrument = none
Info [interflop-vprec]: 	prec-input-file = (null)
Info [interflop-vprec]: 	prec-output-file = (null)
Info [interflop-vprec]: 	prec-log-file = (null)
All_Command_lines_OK
Using double precision for computations.
=============================================================================
The composite transform comprises the following transforms (in order): 
  1. /project/rrg-glatard/mdugre/datasets/corr/RawDataBIDS/BMB_1/derivatives/vprec-space_search/1111/r7-p20/sub-0003017/align_Composite.h5[0] (type = Euler3DTransform)
  2. /project/rrg-glatard/mdugre/datasets/corr/RawDataBIDS/BMB_1/derivatives/vprec-space_search/1111/r7-p20/sub-0003017/align_Composite.h5[1] (type = Euler3DTransform)
=============================================================================
  number of levels = 4
  fixed image: /templateflow/tpl-MNI152NLin2009cAsym/tpl-MNI152NLin2009cAsym_res-01_desc-brain_T1w.nii.gz
  moving image: /project/rrg-glatard/mdugre/datasets/corr/RawDataBIDS/BMB_1/derivatives/antsBrainExtraction/sub-0003017/BrainExtractionBrain.nii.gz
Dimension = 3
Number of stages = 1
Use histogram matching = false
Winsorize image intensities = true
  Lower quantile = 0.005
  Upper quantile = 0.995


Stage 1 State
   Image metric = MattesMI
     Fixed image = Image (0x368d300)
  RTTI typeinfo:   itk::Image<double, 3u>
  Reference Count: 2
  Modified Time: 1578
  Debug: Off
  Object Name: 
  Observers: 
    none
  Source: (none)
  Source output name: (none)
  Release Data: Off
  Data Released: False
  Global Release Data: Off
  PipelineMTime: 0
  UpdateMTime: 1189
  RealTimeStamp: 0 seconds 
  LargestPossibleRegion: 
    Dimension: 3
    Index: [0, 0, 0]
    Size: [193, 229, 193]
  BufferedRegion: 
    Dimension: 3
    Index: [0, 0, 0]
    Size: [193, 229, 193]
  RequestedRegion: 
    Dimension: 3
    Index: [0, 0, 0]
    Size: [193, 229, 193]
  Spacing: [1, 1, 1]
  Origin: [96, 132, -78]
  Direction: 
-1 0 0
0 -1 0
0 0 1

  IndexToPointMatrix: 
-1 0 0
0 -1 0
0 0 1

  PointToIndexMatrix: 
-1 0 0
0 -1 0
0 0 1

  Inverse Direction: 
-1 0 0
0 -1 0
0 0 1

  PixelContainer: 
    ImportImageContainer (0x3705c30)
      RTTI typeinfo:   itk::ImportImageContainer<unsigned long, double>
      Reference Count: 1
      Modified Time: 1186
      Debug: Off
      Object Name: 
      Observers: 
        none
      Pointer: 0x154f9fc74010
      Container manages memory: true
      Size: 8530021
      Capacity: 8530021

     Moving image = Image (0x3748030)
  RTTI typeinfo:   itk::Image<double, 3u>
  Reference Count: 2
  Modified Time: 1579
  Debug: Off
  Object Name: 
  Observers: 
    none
  Source: (none)
  Source output name: (none)
  Release Data: Off
  Data Released: False
  Global Release Data: Off
  PipelineMTime: 0
  UpdateMTime: 1576
  RealTimeStamp: 0 seconds 
  LargestPossibleRegion: 
    Dimension: 3
    Index: [0, 0, 0]
    Size: [176, 256, 256]
  BufferedRegion: 
    Dimension: 3
    Index: [0, 0, 0]
    Size: [176, 256, 256]
  RequestedRegion: 
    Dimension: 3
    Index: [0, 0, 0]
    Size: [176, 256, 256]
  Spacing: [1, 1, 1]
  Origin: [-73.5417, 105.951, -120.131]
  Direction: 
1 0 0
0 -1 0
0 0 1

  IndexToPointMatrix: 
1 0 0
0 -1 0
0 0 1

  PointToIndexMatrix: 
1 0 0
0 -1 0
0 0 1

  Inverse Direction: 
1 0 0
0 -1 0
0 0 1

  PixelContainer: 
    ImportImageContainer (0x36fdc10)
      RTTI typeinfo:   itk::ImportImageContainer<unsigned long, double>
      Reference Count: 1
      Modified Time: 1573
      Debug: Off
      Object Name: 
      Observers: 
        none
      Pointer: 0x154f9a473010
      Container manages memory: true
      Size: 11534336
      Capacity: 11534336

     Weighting = 1
     Sampling strategy = regular
     Number of bins = 32
     Radius = 4
     Sampling percentage  = 0.25
   Transform = Rigid
     Gradient step = 0.1
     Update field sigma (voxel space) = 0
     Total field sigma (voxel space) = 0
     Update field time sigma = 0
     Total field time sigma  = 0
     Number of time indices = 0
     Number of time point samples = 0
Registration using 1 total stages.

Stage 0
  iterations = 1000x500x250x100
  convergence threshold = 1e-06
  convergence window size = 10
  number of levels = 4
  using the Mattes MI metric (number of bins = 32, weight = 1, use gradient filter = 0)
  preprocessing:  winsorizing the image intensities
  Shrink factors (level 1 out of 4): [8, 8, 8]
  Shrink factors (level 2 out of 4): [4, 4, 4]
  Shrink factors (level 3 out of 4): [2, 2, 2]
  Shrink factors (level 4 out of 4): [1, 1, 1]
  smoothing sigmas per level: [3, 2, 1, 0]
  regular sampling (percentage = 0.25)

*** Running Euler3DTransform registration ***

DIAGNOSTIC,Iteration,metricValue,convergenceValue,ITERATION_TIME_INDEX,SINCE_LAST
 2DIAGNOSTIC,     1, -5.699682472187e-01, 1.797693134862e+308, 0.0000e+00, 0.0000e+00, 
 2DIAGNOSTIC,     2, -5.715166494735e-01, 1.797693134862e+308, 0.0000e+00, 0.0000e+00, 
 2DIAGNOSTIC,     3, -5.732697302029e-01, 1.797693134862e+308, 0.0000e+00, 0.0000e+00, 
 2DIAGNOSTIC,     4, -5.749978636177e-01, 1.797693134862e+308, 0.0000e+00, 0.0000e+00, 
 2DIAGNOSTIC,     5, -5.762435662662e-01, 1.797693134862e+308, 0.0000e+00, 0.0000e+00, 
 2DIAGNOSTIC,     6, -5.773264692677e-01, 1.797693134862e+308, 0.0000e+00, 0.0000e+00, 
 2DIAGNOSTIC,     7, -5.788630210347e-01, 1.797693134862e+308, 0.0000e+00, 0.0000e+00, 
 2DIAGNOSTIC,     8, -5.852742772668e-01, 1.797693134862e+308, 0.0000e+00, 0.0000e+00, 
 2DIAGNOSTIC,     9, -5.950506302037e-01, 1.797693134862e+308, 0.0000e+00, 0.0000e+00, 
 2DIAGNOSTIC,    10, -5.960576220049e-01, 2.799924122162e-03, 0.0000e+00, 0.0000e+00, 
 2DIAGNOSTIC,    11, -6.016755750797e-01, 3.049874631164e-03, 0.0000e+00, 0.0000e+00, 
 2DIAGNOSTIC,    12, -6.191270407696e-01, 3.744164885315e-03, 0.0000e+00, 0.0000e+00, 
 2DIAGNOSTIC,    13, -6.283842739739e-01, 4.372278732405e-03, 0.0000e+00, 0.0000e+00, 
 2DIAGNOSTIC,    14, -6.282174324696e-01, 4.558481278478e-03, 0.0000e+00, 0.0000e+00, 
 2DIAGNOSTIC,    15, -6.284669389015e-01, 4.365135770443e-03, 0.0000e+00, 0.0000e+00, 
 2DIAGNOSTIC,    16, -6.287486019429e-01, 3.844301233019e-03, 0.0000e+00, 0.0000e+00, 
 2DIAGNOSTIC,    17, -6.288036800512e-01, 3.068442435125e-03, 0.0000e+00, 0.0000e+00, 
 2DIAGNOSTIC,    18, -6.288576002116e-01, 2.260486020102e-03, 0.0000e+00, 0.0000e+00, 
 2DIAGNOSTIC,    19, -6.287050801962e-01, 1.579612237559e-03, 0.0000e+00, 0.0000e+00, 
 2DIAGNOSTIC,    20, -6.286716445347e-01, 8.512351953141e-04, 0.0000e+00, 0.0000e+00, 
 2DIAGNOSTIC,    21, -6.287612050098e-01, 2.351673629022e-04, 0.0000e+00, 0.0000e+00, 
 2DIAGNOSTIC,    22, -6.293621105868e-01, 3.536086204713e-05, 0.0000e+00, 0.0000e+00, 
 2DIAGNOSTIC,    23, -6.296298425563e-01, 4.459641299833e-05, 0.0000e+00, 0.0000e+00, 
 2DIAGNOSTIC,    24, -6.301119123703e-01, 5.515611029976e-05, 0.0000e+00, 0.0000e+00, 
 2DIAGNOSTIC,    25, -6.303805555767e-01, 6.936540582299e-05, 0.0000e+00, 0.0000e+00, 
 2DIAGNOSTIC,    26, -6.323235768459e-01, 1.159037044351e-04, 0.0000e+00, 0.0000e+00, 
 2DIAGNOSTIC,    27, -6.375312890235e-01, 2.378363437276e-04, 0.0000e+00, 0.0000e+00, 
 2DIAGNOSTIC,    28, -6.406474000957e-01, 3.789364271662e-04, 0.0000e+00, 0.0000e+00, 
 2DIAGNOSTIC,    29, -6.440111797825e-01, 5.256684426491e-04, 0.0000e+00, 0.0000e+00, 
 2DIAGNOSTIC,    30, -6.437788614059e-01, 6.088518102875e-04, 0.0000e+00, 0.0000e+00, 
 2DIAGNOSTIC,    31, -6.437531590543e-01, 6.305007523621e-04, 0.0000e+00, 0.0000e+00, 
 2DIAGNOSTIC,    32, -6.436924486916e-01, 5.982371035647e-04, 0.0000e+00, 0.0000e+00, 
 2DIAGNOSTIC,    33, -6.436554103632e-01, 5.137548451158e-04, 0.0000e+00, 0.0000e+00, 
 2DIAGNOSTIC,    34, -6.436927263671e-01, 3.933300574925e-04, 0.0000e+00, 0.0000e+00, 
 2DIAGNOSTIC,    35, -6.436472336612e-01, 2.463929370806e-04, 0.0000e+00, 0.0000e+00, 
 2DIAGNOSTIC,    36, -6.433852886256e-01, 1.054158075689e-04, 0.0000e+00, 0.0000e+00, 
 2DIAGNOSTIC,    37, -6.433183009917e-01, 2.568414403374e-05, 0.0000e+00, 0.0000e+00, 
DIAGNOSTIC,Iteration,metricValue,convergenceValue,ITERATION_TIME_INDEX,SINCE_LAST
 2DIAGNOSTIC,     1, -5.293446405494e-01, 1.797693134862e+308, 0.0000e+00, 0.0000e+00, 
 2DIAGNOSTIC,     2, -5.294807118354e-01, 1.797693134862e+308, 0.0000e+00, 0.0000e+00, 
 2DIAGNOSTIC,     3, -5.295444990317e-01, 1.797693134862e+308, 0.0000e+00, 0.0000e+00, 
 2DIAGNOSTIC,     4, -5.296868580806e-01, 1.797693134862e+308, 0.0000e+00, 0.0000e+00, 
 2DIAGNOSTIC,     5, -5.299306573664e-01, 1.797693134862e+308, 0.0000e+00, 0.0000e+00, 
 2DIAGNOSTIC,     6, -5.301388124539e-01, 1.797693134862e+308, 0.0000e+00, 0.0000e+00, 
 2DIAGNOSTIC,     7, -5.302915320810e-01, 1.797693134862e+308, 0.0000e+00, 0.0000e+00, 
 2DIAGNOSTIC,     8, -5.309176920926e-01, 1.797693134862e+308, 0.0000e+00, 0.0000e+00, 
 2DIAGNOSTIC,     9, -5.316299052066e-01, 1.797693134862e+308, 0.0000e+00, 0.0000e+00, 
 2DIAGNOSTIC,    10, -5.321501391013e-01, 3.228013022054e-04, 0.0000e+00, 0.0000e+00, 
 2DIAGNOSTIC,    11, -5.323319578921e-01, 3.427406703547e-04, 0.0000e+00, 0.0000e+00, 
 2DIAGNOSTIC,    12, -5.325160257232e-01, 3.436448741232e-04, 0.0000e+00, 0.0000e+00, 
 2DIAGNOSTIC,    13, -5.329185421105e-01, 3.325616908726e-04, 0.0000e+00, 0.0000e+00, 
 2DIAGNOSTIC,    14, -5.329687595494e-01, 2.995111311839e-04, 0.0000e+00, 0.0000e+00, 
 2DIAGNOSTIC,    15, -5.330656160791e-01, 2.559161374499e-04, 0.0000e+00, 0.0000e+00, 
 2DIAGNOSTIC,    16, -5.331105887658e-01, 2.034345089443e-04, 0.0000e+00, 0.0000e+00, 
 2DIAGNOSTIC,    17, -5.332030725410e-01, 1.461470121786e-04, 0.0000e+00, 0.0000e+00, 
 2DIAGNOSTIC,    18, -5.332332652814e-01, 1.008438786109e-04, 0.0000e+00, 0.0000e+00, 
 2DIAGNOSTIC,    19, -5.332390584342e-01, 7.102778062811e-05, 0.0000e+00, 0.0000e+00, 
 2DIAGNOSTIC,    20, -5.332445564741e-01, 5.189926036193e-05, 0.0000e+00, 0.0000e+00, 
 2DIAGNOSTIC,    21, -5.332425423914e-01, 3.447162301206e-05, 0.0000e+00, 0.0000e+00, 
 2DIAGNOSTIC,    22, -5.332380233644e-01, 1.965122646763e-05, 0.0000e+00, 0.0000e+00, 
 2DIAGNOSTIC,    23, -5.332229545230e-01, 1.341687160587e-05, 0.0000e+00, 0.0000e+00, 
 2DIAGNOSTIC,    24, -5.332110040003e-01, 7.414020318966e-06, 0.0000e+00, 0.0000e+00, 
 2DIAGNOSTIC,    25, -5.332314538588e-01, 3.834420940124e-06, 0.0000e+00, 0.0000e+00, 
 2DIAGNOSTIC,    26, -5.332445636889e-01, 1.419086713784e-06, 0.0000e+00, 0.0000e+00, 
 2DIAGNOSTIC,    27, -5.332626430027e-01, 1.334704488300e-06, 0.0000e+00, 0.0000e+00, 
 2DIAGNOSTIC,    28, -5.332600920646e-01, 1.772163620850e-06, 0.0000e+00, 0.0000e+00, 
 2DIAGNOSTIC,    29, -5.332667504148e-01, 2.356792776444e-06, 0.0000e+00, 0.0000e+00, 
 2DIAGNOSTIC,    30, -5.332755654539e-01, 3.029039873842e-06, 0.0000e+00, 0.0000e+00, 
 2DIAGNOSTIC,    31, -5.333154273724e-01, 4.109400937473e-06, 0.0000e+00, 0.0000e+00, 
 2DIAGNOSTIC,    32, -5.333568031744e-01, 5.434329643464e-06, 0.0000e+00, 0.0000e+00, 
 2DIAGNOSTIC,    33, -5.334635960332e-01, 7.744977333780e-06, 0.0000e+00, 0.0000e+00, 
 2DIAGNOSTIC,    34, -5.334394996765e-01, 8.675695377078e-06, 0.0000e+00, 0.0000e+00, 
 2DIAGNOSTIC,    35, -5.334609703730e-01, 9.489732200465e-06, 0.0000e+00, 0.0000e+00, 
 2DIAGNOSTIC,    36, -5.334674044456e-01, 9.725567494054e-06, 0.0000e+00, 0.0000e+00, 
 2DIAGNOSTIC,    37, -5.334786264227e-01, 9.511744275669e-06, 0.0000e+00, 0.0000e+00, 
 2DIAGNOSTIC,    38, -5.334788394311e-01, 8.435776972952e-06, 0.0000e+00, 0.0000e+00, 
 2DIAGNOSTIC,    39, -5.334796987878e-01, 6.808485625977e-06, 0.0000e+00, 0.0000e+00, 
 2DIAGNOSTIC,    40, -5.334708839640e-01, 4.704212960800e-06, 0.0000e+00, 0.0000e+00, 
 2DIAGNOSTIC,    41, -5.334713427915e-01, 2.851420638755e-06, 0.0000e+00, 0.0000e+00, 
 2DIAGNOSTIC,    42, -5.334626820698e-01, 1.262461931599e-06, 0.0000e+00, 0.0000e+00, 
DIAGNOSTIC,Iteration,metricValue,convergenceValue,ITERATION_TIME_INDEX,SINCE_LAST
 2DIAGNOSTIC,     1, -4.628931766073e-01, 1.797693134862e+308, 0.0000e+00, 0.0000e+00, 
 2DIAGNOSTIC,     2, -4.631453624719e-01, 1.797693134862e+308, 0.0000e+00, 0.0000e+00, 
 2DIAGNOSTIC,     3, -4.633348648134e-01, 1.797693134862e+308, 0.0000e+00, 0.0000e+00, 
 2DIAGNOSTIC,     4, -4.634865511167e-01, 1.797693134862e+308, 0.0000e+00, 0.0000e+00, 
 2DIAGNOSTIC,     5, -4.635432099969e-01, 1.797693134862e+308, 0.0000e+00, 0.0000e+00, 
 2DIAGNOSTIC,     6, -4.636200912553e-01, 1.797693134862e+308, 0.0000e+00, 0.0000e+00, 
 2DIAGNOSTIC,     7, -4.636864284790e-01, 1.797693134862e+308, 0.0000e+00, 0.0000e+00, 
 2DIAGNOSTIC,     8, -4.637283724583e-01, 1.797693134862e+308, 0.0000e+00, 0.0000e+00, 
 2DIAGNOSTIC,     9, -4.637640039537e-01, 1.797693134862e+308, 0.0000e+00, 0.0000e+00, 
 2DIAGNOSTIC,    10, -4.637995584931e-01, 1.153408548734e-04, 0.0000e+00, 0.0000e+00, 
 2DIAGNOSTIC,    11, -4.638466319862e-01, 8.089679038528e-05, 0.0000e+00, 0.0000e+00, 
 2DIAGNOSTIC,    12, -4.638824173413e-01, 5.968170715126e-05, 0.0000e+00, 0.0000e+00, 
 2DIAGNOSTIC,    13, -4.638809473979e-01, 4.529167425665e-05, 0.0000e+00, 0.0000e+00, 
 2DIAGNOSTIC,    14, -4.638796586966e-01, 3.568516786392e-05, 0.0000e+00, 0.0000e+00, 
 2DIAGNOSTIC,    15, -4.638796815765e-01, 2.658447458281e-05, 0.0000e+00, 0.0000e+00, 
 2DIAGNOSTIC,    16, -4.638783433504e-01, 1.919953620139e-05, 0.0000e+00, 0.0000e+00, 
 2DIAGNOSTIC,    17, -4.638770389453e-01, 1.341014031792e-05, 0.0000e+00, 0.0000e+00, 
 2DIAGNOSTIC,    18, -4.638771435553e-01, 8.633462439830e-06, 0.0000e+00, 0.0000e+00, 
 2DIAGNOSTIC,    19, -4.638763862484e-01, 4.852518177702e-06, 0.0000e+00, 0.0000e+00, 
 2DIAGNOSTIC,    20, -4.638755455691e-01, 2.189897189864e-06, 0.0000e+00, 0.0000e+00, 
 2DIAGNOSTIC,    21, -4.638758735679e-01, 1.078896580242e-06, 0.0000e+00, 0.0000e+00, 
 2DIAGNOSTIC,    22, -4.638745987680e-01, 1.071763181093e-06, 0.0000e+00, 0.0000e+00, 
 2DIAGNOSTIC,    23, -4.638745078765e-01, 1.060012249518e-06, 0.0000e+00, 0.0000e+00, 
 2DIAGNOSTIC,    24, -4.638739167149e-01, 1.030813589535e-06, 0.0000e+00, 0.0000e+00, 
 2DIAGNOSTIC,    25, -4.638733777871e-01, 1.019885203533e-06, 0.0000e+00, 0.0000e+00, 
DIAGNOSTIC,Iteration,metricValue,convergenceValue,ITERATION_TIME_INDEX,SINCE_LAST
 2DIAGNOSTIC,     1, -4.235027736599e-01, 1.797693134862e+308, 0.0000e+00, 0.0000e+00, 
 2DIAGNOSTIC,     2, -4.236192577149e-01, 1.797693134862e+308, 0.0000e+00, 0.0000e+00, 
 2DIAGNOSTIC,     3, -4.236524962384e-01, 1.797693134862e+308, 0.0000e+00, 0.0000e+00, 
 2DIAGNOSTIC,     4, -4.237940774892e-01, 1.797693134862e+308, 0.0000e+00, 0.0000e+00, 
 2DIAGNOSTIC,     5, -4.238079824341e-01, 1.797693134862e+308, 0.0000e+00, 0.0000e+00, 
 2DIAGNOSTIC,     6, -4.238081774097e-01, 1.797693134862e+308, 0.0000e+00, 0.0000e+00, 
 2DIAGNOSTIC,     7, -4.238086334144e-01, 1.797693134862e+308, 0.0000e+00, 0.0000e+00, 
 2DIAGNOSTIC,     8, -4.238084452360e-01, 1.797693134862e+308, 0.0000e+00, 0.0000e+00, 
 2DIAGNOSTIC,     9, -4.238083961655e-01, 1.797693134862e+308, 0.0000e+00, 0.0000e+00, 
 2DIAGNOSTIC,    10, -4.238082201630e-01, 4.255353394582e-05, 0.0000e+00, 0.0000e+00, 
 2DIAGNOSTIC,    11, -4.238081920570e-01, 2.333741746460e-05, 0.0000e+00, 0.0000e+00, 
 2DIAGNOSTIC,    12, -4.238082170508e-01, 1.205740182537e-05, 1.0240e+03, 1.0240e+03, 
 2DIAGNOSTIC,    13, -4.238082512788e-01, 3.179524730751e-06, 1.0240e+03, 0.0000e+00, 
 2DIAGNOSTIC,    14, -4.238082590019e-01, 2.267973060868e-06, 1.0240e+03, 0.0000e+00, 
 2DIAGNOSTIC,    15, -4.238082589518e-01, 2.100153346243e-06, 1.0240e+03, 0.0000e+00, 
 2DIAGNOSTIC,    16, -4.238082587554e-01, 1.962798808930e-06, 1.0240e+03, 0.0000e+00, 
 2DIAGNOSTIC,    17, -4.238082580174e-01, 1.862003431864e-06, 1.0240e+03, 0.0000e+00, 
 2DIAGNOSTIC,    18, -4.238082577392e-01, 1.766203601580e-06, 1.0240e+03, 0.0000e+00, 
 2DIAGNOSTIC,    19, -4.238082577392e-01, 1.679058144181e-06, 1.0240e+03, 0.0000e+00, 
 2DIAGNOSTIC,    20, -4.238082490502e-01, 1.594071826413e-06, 1.0240e+03, 0.0000e+00, 
 2DIAGNOSTIC,    21, -4.238082490502e-01, 1.515983046506e-06, 1.0240e+03, 0.0000e+00, 
 2DIAGNOSTIC,    22, -4.238082490502e-01, 1.445640886562e-06, 1.0240e+03, 0.0000e+00, 
 2DIAGNOSTIC,    23, -4.238082490502e-01, 1.382455891749e-06, 1.0240e+03, 0.0000e+00, 
 2DIAGNOSTIC,    24, -4.238082490502e-01, 1.324833964179e-06, 1.0240e+03, 0.0000e+00, 
 2DIAGNOSTIC,    25, -4.238082490502e-01, 1.271903617081e-06, 1.0240e+03, 0.0000e+00, 
 2DIAGNOSTIC,    26, -4.238082490502e-01, 1.223111192626e-06, 1.0240e+03, 0.0000e+00, 
 2DIAGNOSTIC,    27, -4.238082490502e-01, 1.177966633827e-06, 1.0240e+03, 0.0000e+00, 
 2DIAGNOSTIC,    28, -4.238082490502e-01, 1.136075833318e-06, 1.0240e+03, 0.0000e+00, 
 2DIAGNOSTIC,    29, -4.238082490502e-01, 1.097099627700e-06, 1.0240e+03, 0.0000e+00, 
 2DIAGNOSTIC,    30, -4.238082490502e-01, 1.060527729961e-06, 1.0240e+03, 0.0000e+00, 
 2DIAGNOSTIC,    31, -4.238082490502e-01, 1.026315428761e-06, 1.0240e+03, 0.0000e+00, 
  Elapsed time (stage 0): 1.0240e+03


Total elapsed time: 1.0240e+03
VFC_BACKENDS=libinterflop_vprec.so --range-binary32=7 --precision-binary32=20 --range-binary64=7 --precision-binary64=20
Info [verificarlo]: loaded backend libinterflop_vprec.so
Info [interflop-vprec]: load backend with: 
Info [interflop-vprec]: precision-binary32 = 20
Info [interflop-vprec]: range-binary32 = 7
Info [interflop-vprec]: precision-binary64 = 20
Info [interflop-vprec]: range-binary64 = 7
Info [interflop-vprec]: mode = ob
Info [interflop-vprec]: error-mode = rel
Info [interflop-vprec]: max-abs-error-exponent = -1022
Info [interflop-vprec]: daz = false
Info [interflop-vprec]: ftz = false
Info [interflop-vprec]: 	instrument = none
Info [interflop-vprec]: 	prec-input-file = (null)
Info [interflop-vprec]: 	prec-output-file = (null)
Info [interflop-vprec]: 	prec-log-file = (null)
All_Command_lines_OK
Using double precision for computations.
=============================================================================
The composite transform comprises the following transforms (in order): 
  1. /project/rrg-glatard/mdugre/datasets/corr/RawDataBIDS/BMB_1/derivatives/vprec-space_search/1111/r7-p20/sub-0003017/rigid_Composite.h5[0] (type = Euler3DTransform)
  2. /project/rrg-glatard/mdugre/datasets/corr/RawDataBIDS/BMB_1/derivatives/vprec-space_search/1111/r7-p20/sub-0003017/rigid_Composite.h5[1] (type = Euler3DTransform)
  3. /project/rrg-glatard/mdugre/datasets/corr/RawDataBIDS/BMB_1/derivatives/vprec-space_search/1111/r7-p20/sub-0003017/rigid_Composite.h5[2] (type = Euler3DTransform)
=============================================================================
  number of levels = 4
  fixed image: /templateflow/tpl-MNI152NLin2009cAsym/tpl-MNI152NLin2009cAsym_res-01_desc-brain_T1w.nii.gz
  moving image: /project/rrg-glatard/mdugre/datasets/corr/RawDataBIDS/BMB_1/derivatives/antsBrainExtraction/sub-0003017/BrainExtractionBrain.nii.gz
Dimension = 3
Number of stages = 1
Use histogram matching = false
Winsorize image intensities = true
  Lower quantile = 0.005
  Upper quantile = 0.995


Stage 1 State
   Image metric = MattesMI
     Fixed image = Image (0x468e300)
  RTTI typeinfo:   itk::Image<double, 3u>
  Reference Count: 2
  Modified Time: 1592
  Debug: Off
  Object Name: 
  Observers: 
    none
  Source: (none)
  Source output name: (none)
  Release Data: Off
  Data Released: False
  Global Release Data: Off
  PipelineMTime: 0
  UpdateMTime: 1203
  RealTimeStamp: 0 seconds 
  LargestPossibleRegion: 
    Dimension: 3
    Index: [0, 0, 0]
    Size: [193, 229, 193]
  BufferedRegion: 
    Dimension: 3
    Index: [0, 0, 0]
    Size: [193, 229, 193]
  RequestedRegion: 
    Dimension: 3
    Index: [0, 0, 0]
    Size: [193, 229, 193]
  Spacing: [1, 1, 1]
  Origin: [96, 132, -78]
  Direction: 
-1 0 0
0 -1 0
0 0 1

  IndexToPointMatrix: 
-1 0 0
0 -1 0
0 0 1

  PointToIndexMatrix: 
-1 0 0
0 -1 0
0 0 1

  Inverse Direction: 
-1 0 0
0 -1 0
0 0 1

  PixelContainer: 
    ImportImageContainer (0x4706c30)
      RTTI typeinfo:   itk::ImportImageContainer<unsigned long, double>
      Reference Count: 1
      Modified Time: 1200
      Debug: Off
      Object Name: 
      Observers: 
        none
      Pointer: 0x14c50a8b9010
      Container manages memory: true
      Size: 8530021
      Capacity: 8530021

     Moving image = Image (0x4749030)
  RTTI typeinfo:   itk::Image<double, 3u>
  Reference Count: 2
  Modified Time: 1593
  Debug: Off
  Object Name: 
  Observers: 
    none
  Source: (none)
  Source output name: (none)
  Release Data: Off
  Data Released: False
  Global Release Data: Off
  PipelineMTime: 0
  UpdateMTime: 1590
  RealTimeStamp: 0 seconds 
  LargestPossibleRegion: 
    Dimension: 3
    Index: [0, 0, 0]
    Size: [176, 256, 256]
  BufferedRegion: 
    Dimension: 3
    Index: [0, 0, 0]
    Size: [176, 256, 256]
  RequestedRegion: 
    Dimension: 3
    Index: [0, 0, 0]
    Size: [176, 256, 256]
  Spacing: [1, 1, 1]
  Origin: [-73.5417, 105.951, -120.131]
  Direction: 
1 0 0
0 -1 0
0 0 1

  IndexToPointMatrix: 
1 0 0
0 -1 0
0 0 1

  PointToIndexMatrix: 
1 0 0
0 -1 0
0 0 1

  Inverse Direction: 
1 0 0
0 -1 0
0 0 1

  PixelContainer: 
    ImportImageContainer (0x46fec10)
      RTTI typeinfo:   itk::ImportImageContainer<unsigned long, double>
      Reference Count: 1
      Modified Time: 1587
      Debug: Off
      Object Name: 
      Observers: 
        none
      Pointer: 0x14c5050b8010
      Container manages memory: true
      Size: 11534336
      Capacity: 11534336

     Weighting = 1
     Sampling strategy = regular
     Number of bins = 32
     Radius = 4
     Sampling percentage  = 0.25
   Transform = Affine
     Gradient step = 0.1
     Update field sigma (voxel space) = 0
     Total field sigma (voxel space) = 0
     Update field time sigma = 0
     Total field time sigma  = 0
     Number of time indices = 0
     Number of time point samples = 0
Registration using 1 total stages.

Stage 0
  iterations = 1000x500x250x100
  convergence threshold = 1e-06
  convergence window size = 10
  number of levels = 4
  using the Mattes MI metric (number of bins = 32, weight = 1, use gradient filter = 0)
  preprocessing:  winsorizing the image intensities
  Shrink factors (level 1 out of 4): [8, 8, 8]
  Shrink factors (level 2 out of 4): [4, 4, 4]
  Shrink factors (level 3 out of 4): [2, 2, 2]
  Shrink factors (level 4 out of 4): [1, 1, 1]
  smoothing sigmas per level: [3, 2, 1, 0]
  regular sampling (percentage = 0.25)

*** Running AffineTransform registration ***

DIAGNOSTIC,Iteration,metricValue,convergenceValue,ITERATION_TIME_INDEX,SINCE_LAST
 2DIAGNOSTIC,     1, -6.426886790314e-01, 1.797693134862e+308, 0.0000e+00, 0.0000e+00, 
 2DIAGNOSTIC,     2, -6.447464887811e-01, 1.797693134862e+308, 0.0000e+00, 0.0000e+00, 
 2DIAGNOSTIC,     3, -6.479412035300e-01, 1.797693134862e+308, 0.0000e+00, 0.0000e+00, 
 2DIAGNOSTIC,     4, -6.553471641809e-01, 1.797693134862e+308, 0.0000e+00, 0.0000e+00, 
 2DIAGNOSTIC,     5, -6.664974376588e-01, 1.797693134862e+308, 0.0000e+00, 0.0000e+00, 
 2DIAGNOSTIC,     6, -6.819154604393e-01, 1.797693134862e+308, 0.0000e+00, 0.0000e+00, 
 2DIAGNOSTIC,     7, -7.020174844405e-01, 1.797693134862e+308, 0.0000e+00, 0.0000e+00, 
 2DIAGNOSTIC,     8, -7.699398334837e-01, 1.797693134862e+308, 0.0000e+00, 0.0000e+00, 
 2DIAGNOSTIC,     9, -7.973475500560e-01, 1.797693134862e+308, 0.0000e+00, 0.0000e+00, 
 2DIAGNOSTIC,    10, -8.199383149159e-01, 1.700949581040e-02, 0.0000e+00, 0.0000e+00, 
 2DIAGNOSTIC,    11, -8.247347434504e-01, 1.743083805857e-02, 0.0000e+00, 0.0000e+00, 
 2DIAGNOSTIC,    12, -8.310102590331e-01, 1.649395718139e-02, 0.0000e+00, 0.0000e+00, 
 2DIAGNOSTIC,    13, -8.342526071823e-01, 1.440888235718e-02, 0.0000e+00, 0.0000e+00, 
 2DIAGNOSTIC,    14, -8.355236715623e-01, 1.158601892973e-02, 0.0000e+00, 0.0000e+00, 
 2DIAGNOSTIC,    15, -8.371139622311e-01, 8.471674301572e-03, 0.0000e+00, 0.0000e+00, 
 2DIAGNOSTIC,    16, -8.375377411587e-01, 5.406535859100e-03, 0.0000e+00, 0.0000e+00, 
 2DIAGNOSTIC,    17, -8.384088974621e-01, 2.679371361569e-03, 0.0000e+00, 0.0000e+00, 
 2DIAGNOSTIC,    18, -8.386536165561e-01, 1.442948634132e-03, 0.0000e+00, 0.0000e+00, 
 2DIAGNOSTIC,    19, -8.388144258048e-01, 7.448995415166e-04, 0.0000e+00, 0.0000e+00, 
 2DIAGNOSTIC,    20, -8.389935434807e-01, 4.743844007318e-04, 0.0000e+00, 0.0000e+00, 
 2DIAGNOSTIC,    21, -8.391339213964e-01, 2.721190453077e-04, 0.0000e+00, 0.0000e+00, 
 2DIAGNOSTIC,    22, -8.391504663159e-01, 1.682704830531e-04, 0.0000e+00, 0.0000e+00, 
 2DIAGNOSTIC,    23, -8.391664994826e-01, 1.101232019880e-04, 0.0000e+00, 0.0000e+00, 
 2DIAGNOSTIC,    24, -8.390543899696e-01, 6.417730863129e-05, 0.0000e+00, 0.0000e+00, 
 2DIAGNOSTIC,    25, -8.391123537352e-01, 4.024732260891e-05, 0.0000e+00, 0.0000e+00, 
 2DIAGNOSTIC,    26, -8.389942323953e-01, 1.854024295907e-05, 0.0000e+00, 0.0000e+00, 
 2DIAGNOSTIC,    27, -8.390120205318e-01, 8.802526861064e-06, 0.0000e+00, 0.0000e+00, 
 2DIAGNOSTIC,    28, -8.390873715014e-01, 3.197378137920e-06, 0.0000e+00, 0.0000e+00, 
DIAGNOSTIC,Iteration,metricValue,convergenceValue,ITERATION_TIME_INDEX,SINCE_LAST
 2DIAGNOSTIC,     1, -7.179759387400e-01, 1.797693134862e+308, 0.0000e+00, 0.0000e+00, 
 2DIAGNOSTIC,     2, -7.187590130196e-01, 1.797693134862e+308, 0.0000e+00, 0.0000e+00, 
 2DIAGNOSTIC,     3, -7.195532363893e-01, 1.797693134862e+308, 0.0000e+00, 0.0000e+00, 
 2DIAGNOSTIC,     4, -7.204190150720e-01, 1.797693134862e+308, 0.0000e+00, 0.0000e+00, 
 2DIAGNOSTIC,     5, -7.214446525644e-01, 1.797693134862e+308, 0.0000e+00, 0.0000e+00, 
 2DIAGNOSTIC,     6, -7.239914265626e-01, 1.797693134862e+308, 0.0000e+00, 0.0000e+00, 
 2DIAGNOSTIC,     7, -7.240177401527e-01, 1.797693134862e+308, 0.0000e+00, 0.0000e+00, 
 2DIAGNOSTIC,     8, -7.240253930085e-01, 1.797693134862e+308, 0.0000e+00, 0.0000e+00, 
 2DIAGNOSTIC,     9, -7.240379037113e-01, 1.797693134862e+308, 0.0000e+00, 0.0000e+00, 
 2DIAGNOSTIC,    10, -7.240841977364e-01, 6.316162485905e-04, 0.0000e+00, 0.0000e+00, 
 2DIAGNOSTIC,    11, -7.241517951682e-01, 4.716966955011e-04, 0.0000e+00, 0.0000e+00, 
 2DIAGNOSTIC,    12, -7.241758573574e-01, 3.227219099880e-04, 0.0000e+00, 0.0000e+00, 
 2DIAGNOSTIC,    13, -7.242288116934e-01, 1.943675278895e-04, 0.0000e+00, 0.0000e+00, 
 2DIAGNOSTIC,    14, -7.242512317232e-01, 9.195452543767e-05, 0.0000e+00, 0.0000e+00, 
 2DIAGNOSTIC,    15, -7.242767179005e-01, 2.068049780736e-05, 0.0000e+00, 0.0000e+00, 
 2DIAGNOSTIC,    16, -7.242862875958e-01, 1.942718568160e-05, 0.0000e+00, 0.0000e+00, 
 2DIAGNOSTIC,    17, -7.242877655261e-01, 1.736478287861e-05, 0.0000e+00, 0.0000e+00, 
 2DIAGNOSTIC,    18, -7.242914047576e-01, 1.436360175979e-05, 0.0000e+00, 0.0000e+00, 
 2DIAGNOSTIC,    19, -7.243097918597e-01, 1.113636552758e-05, 0.0000e+00, 0.0000e+00, 
 2DIAGNOSTIC,    20, -7.243292647358e-01, 8.610838921702e-06, 0.0000e+00, 0.0000e+00, 
 2DIAGNOSTIC,    21, -7.243360834226e-01, 7.061158818725e-06, 0.0000e+00, 0.0000e+00, 
 2DIAGNOSTIC,    22, -7.243263040721e-01, 5.380034145019e-06, 0.0000e+00, 0.0000e+00, 
 2DIAGNOSTIC,    23, -7.243261898868e-01, 4.386542020292e-06, 0.0000e+00, 0.0000e+00, 
 2DIAGNOSTIC,    24, -7.243265402629e-01, 3.551235097522e-06, 0.0000e+00, 0.0000e+00, 
 2DIAGNOSTIC,    25, -7.243264758289e-01, 2.961176639497e-06, 0.0000e+00, 0.0000e+00, 
 2DIAGNOSTIC,    26, -7.243266110330e-01, 2.406920270488e-06, 0.0000e+00, 0.0000e+00, 
 2DIAGNOSTIC,    27, -7.243266585053e-01, 1.813053414387e-06, 0.0000e+00, 0.0000e+00, 
 2DIAGNOSTIC,    28, -7.243265782518e-01, 1.249843421730e-06, 0.0000e+00, 0.0000e+00, 
DIAGNOSTIC,Iteration,metricValue,convergenceValue,ITERATION_TIME_INDEX,SINCE_LAST
 2DIAGNOSTIC,     1, -6.142785172331e-01, 1.797693134862e+308, 0.0000e+00, 0.0000e+00, 
 2DIAGNOSTIC,     2, -6.148036086617e-01, 1.797693134862e+308, 0.0000e+00, 0.0000e+00, 
 2DIAGNOSTIC,     3, -6.150650809944e-01, 1.797693134862e+308, 0.0000e+00, 0.0000e+00, 
 2DIAGNOSTIC,     4, -6.151937663332e-01, 1.797693134862e+308, 0.0000e+00, 0.0000e+00, 
 2DIAGNOSTIC,     5, -6.153218876945e-01, 1.797693134862e+308, 0.0000e+00, 0.0000e+00, 
 2DIAGNOSTIC,     6, -6.153205051186e-01, 1.797693134862e+308, 0.0000e+00, 0.0000e+00, 
 2DIAGNOSTIC,     7, -6.153205615952e-01, 1.797693134862e+308, 0.0000e+00, 0.0000e+00, 
 2DIAGNOSTIC,     8, -6.153206560962e-01, 1.797693134862e+308, 0.0000e+00, 0.0000e+00, 
 2DIAGNOSTIC,     9, -6.153217608917e-01, 1.797693134862e+308, 0.0000e+00, 0.0000e+00, 
 2DIAGNOSTIC,    10, -6.153238392241e-01, 8.340860936276e-05, 0.0000e+00, 0.0000e+00, 
 2DIAGNOSTIC,    11, -6.153243144675e-01, 3.800914525673e-05, 0.0000e+00, 0.0000e+00, 
 2DIAGNOSTIC,    12, -6.153248663727e-01, 1.712021023871e-05, 0.0000e+00, 0.0000e+00, 
 2DIAGNOSTIC,    13, -6.153264794902e-01, 7.412668128925e-06, 0.0000e+00, 0.0000e+00, 
 2DIAGNOSTIC,    14, -6.153253248077e-01, 2.726039185760e-06, 0.0000e+00, 0.0000e+00, 
 2DIAGNOSTIC,    15, -6.153243058070e-01, 2.539621049527e-06, 0.0000e+00, 0.0000e+00, 
 2DIAGNOSTIC,    16, -6.153256753476e-01, 2.338968583607e-06, 0.0000e+00, 0.0000e+00, 
 2DIAGNOSTIC,    17, -6.153297151459e-01, 2.239833083693e-06, 0.0000e+00, 0.0000e+00, 
 2DIAGNOSTIC,    18, -6.153335418255e-01, 2.214767284146e-06, 0.0000e+00, 0.0000e+00, 
 2DIAGNOSTIC,    19, -6.153363521118e-01, 2.244500708043e-06, 0.0000e+00, 0.0000e+00, 
 2DIAGNOSTIC,    20, -6.153357277770e-01, 2.253454130907e-06, 0.0000e+00, 0.0000e+00, 
 2DIAGNOSTIC,    21, -6.153362523036e-01, 2.223249549772e-06, 0.0000e+00, 0.0000e+00, 
 2DIAGNOSTIC,    22, -6.153375201482e-01, 2.164927241290e-06, 0.0000e+00, 0.0000e+00, 
 2DIAGNOSTIC,    23, -6.153370067577e-01, 2.064779777232e-06, 0.0000e+00, 0.0000e+00, 
 2DIAGNOSTIC,    24, -6.153377282566e-01, 1.902518174730e-06, 0.0000e+00, 0.0000e+00, 
 2DIAGNOSTIC,    25, -6.153381029485e-01, 1.688354075220e-06, 0.0000e+00, 0.0000e+00, 
 2DIAGNOSTIC,    26, -6.153378121307e-01, 1.469934219261e-06, 0.0000e+00, 0.0000e+00, 
 2DIAGNOSTIC,    27, -6.153381750168e-01, 1.318417551410e-06, 0.0000e+00, 0.0000e+00, 
 2DIAGNOSTIC,    28, -6.153379554120e-01, 1.222610816011e-06, 0.0000e+00, 0.0000e+00, 
 2DIAGNOSTIC,    29, -6.153387266359e-01, 1.182939574851e-06, 0.0000e+00, 0.0000e+00, 
 2DIAGNOSTIC,    30, -6.153386390175e-01, 1.126305113675e-06, 0.0000e+00, 0.0000e+00, 
 2DIAGNOSTIC,    31, -6.153384944781e-01, 1.072462947990e-06, 0.0000e+00, 0.0000e+00, 
 2DIAGNOSTIC,    32, -6.153392052429e-01, 1.046772788671e-06, 0.0000e+00, 0.0000e+00, 
 2DIAGNOSTIC,    33, -6.153423897795e-01, 1.054421649917e-06, 0.0000e+00, 0.0000e+00, 
 2DIAGNOSTIC,    34, -6.153492207462e-01, 1.154229210612e-06, 0.0000e+00, 0.0000e+00, 
 2DIAGNOSTIC,    35, -6.153500313202e-01, 1.241411721333e-06, 0.0000e+00, 0.0000e+00, 
 2DIAGNOSTIC,    36, -6.153564697671e-01, 1.372442801153e-06, 0.0000e+00, 0.0000e+00, 
 2DIAGNOSTIC,    37, -6.153552784636e-01, 1.438644519625e-06, 0.0000e+00, 0.0000e+00, 
 2DIAGNOSTIC,    38, -6.153521641722e-01, 1.405930141821e-06, 0.0000e+00, 0.0000e+00, 
 2DIAGNOSTIC,    39, -6.153518381691e-01, 1.326705637707e-06, 0.0000e+00, 0.0000e+00, 
 2DIAGNOSTIC,    40, -6.153495665061e-01, 1.174940426750e-06, 0.0000e+00, 0.0000e+00, 
DIAGNOSTIC,Iteration,metricValue,convergenceValue,ITERATION_TIME_INDEX,SINCE_LAST
 2DIAGNOSTIC,     1, -5.455242740266e-01, 1.797693134862e+308, 0.0000e+00, 0.0000e+00, 
 2DIAGNOSTIC,     2, -5.458986872505e-01, 1.797693134862e+308, 0.0000e+00, 0.0000e+00, 
 2DIAGNOSTIC,     3, -5.469170876039e-01, 1.797693134862e+308, 0.0000e+00, 0.0000e+00, 
 2DIAGNOSTIC,     4, -5.469175314851e-01, 1.797693134862e+308, 0.0000e+00, 0.0000e+00, 
 2DIAGNOSTIC,     5, -5.469174185505e-01, 1.797693134862e+308, 0.0000e+00, 0.0000e+00, 
 2DIAGNOSTIC,     6, -5.469174030469e-01, 1.797693134862e+308, 0.0000e+00, 0.0000e+00, 
 2DIAGNOSTIC,     7, -5.469173423959e-01, 1.797693134862e+308, 0.0000e+00, 0.0000e+00, 
 2DIAGNOSTIC,     8, -5.469171196554e-01, 1.797693134862e+308, 0.0000e+00, 0.0000e+00, 
 2DIAGNOSTIC,     9, -5.469172101502e-01, 1.797693134862e+308, 0.0000e+00, 0.0000e+00, 
 2DIAGNOSTIC,    10, -5.469172145350e-01, 1.218502758401e-04, 0.0000e+00, 0.0000e+00, 
 2DIAGNOSTIC,    11, -5.469172145831e-01, 5.101716889247e-05, 0.0000e+00, 0.0000e+00, 
 2DIAGNOSTIC,    12, -5.469172145831e-01, 2.633962188969e-06, 0.0000e+00, 0.0000e+00, 
 2DIAGNOSTIC,    13, -5.469172145831e-01, 2.421196998684e-06, 0.0000e+00, 0.0000e+00, 
 2DIAGNOSTIC,    14, -5.469172145831e-01, 2.257809394515e-06, 0.0000e+00, 0.0000e+00, 
 2DIAGNOSTIC,    15, -5.469172145831e-01, 2.113550427951e-06, 0.0000e+00, 0.0000e+00, 
 2DIAGNOSTIC,    16, -5.469172145831e-01, 1.987576997334e-06, 0.0000e+00, 0.0000e+00, 
 2DIAGNOSTIC,    17, -5.469172145831e-01, 1.874929106700e-06, 0.0000e+00, 0.0000e+00, 
 2DIAGNOSTIC,    18, -5.469172145831e-01, 1.768016064538e-06, 0.0000e+00, 0.0000e+00, 
 2DIAGNOSTIC,    19, -5.469172145831e-01, 1.674819889136e-06, 0.0000e+00, 0.0000e+00, 
 2DIAGNOSTIC,    20, -5.469172145831e-01, 1.591059184500e-06, 0.0000e+00, 0.0000e+00, 
 2DIAGNOSTIC,    21, -5.469172145831e-01, 1.515278554416e-06, 0.0000e+00, 0.0000e+00, 
 2DIAGNOSTIC,    22, -5.469172145831e-01, 1.446388453147e-06, 0.0000e+00, 0.0000e+00, 
 2DIAGNOSTIC,    23, -5.469172145831e-01, 1.383489943801e-06, 0.0000e+00, 0.0000e+00, 
 2DIAGNOSTIC,    24, -5.469172145831e-01, 1.325833939775e-06, 0.0000e+00, 0.0000e+00, 
 2DIAGNOSTIC,    25, -5.469172145831e-01, 1.272791229523e-06, 0.0000e+00, 0.0000e+00, 
 2DIAGNOSTIC,    26, -5.469172145831e-01, 1.223829419625e-06, 0.0000e+00, 0.0000e+00, 
 2DIAGNOSTIC,    27, -5.469172145831e-01, 1.178495002675e-06, 0.0000e+00, 0.0000e+00, 
 2DIAGNOSTIC,    28, -5.469172145032e-01, 1.136397785671e-06, 0.0000e+00, 0.0000e+00, 
 2DIAGNOSTIC,    29, -5.469172145032e-01, 1.097204447326e-06, 0.0000e+00, 0.0000e+00, 
 2DIAGNOSTIC,    30, -5.469172145032e-01, 1.060624619097e-06, 0.0000e+00, 0.0000e+00, 
 2DIAGNOSTIC,    31, -5.469172145032e-01, 1.026405430996e-06, 0.0000e+00, 0.0000e+00, 
  Elapsed time (stage 0): 0.0000e+00


Total elapsed time: 0.0000e+00
VFC_BACKENDS=libinterflop_vprec.so --range-binary32=7 --precision-binary32=20 --range-binary64=7 --precision-binary64=20
Info [verificarlo]: loaded backend libinterflop_vprec.so
Info [interflop-vprec]: load backend with: 
Info [interflop-vprec]: precision-binary32 = 20
Info [interflop-vprec]: range-binary32 = 7
Info [interflop-vprec]: precision-binary64 = 20
Info [interflop-vprec]: range-binary64 = 7
Info [interflop-vprec]: mode = ob
Info [interflop-vprec]: error-mode = rel
Info [interflop-vprec]: max-abs-error-exponent = -1022
Info [interflop-vprec]: daz = false
Info [interflop-vprec]: ftz = false
Info [interflop-vprec]: 	instrument = none
Info [interflop-vprec]: 	prec-input-file = (null)
Info [interflop-vprec]: 	prec-output-file = (null)
Info [interflop-vprec]: 	prec-log-file = (null)
All_Command_lines_OK
Using double precision for computations.
=============================================================================
The composite transform comprises the following transforms (in order): 
  1. /project/rrg-glatard/mdugre/datasets/corr/RawDataBIDS/BMB_1/derivatives/vprec-space_search/1111/r7-p20/sub-0003017/affine_Composite.h5[0] (type = Euler3DTransform)
  2. /project/rrg-glatard/mdugre/datasets/corr/RawDataBIDS/BMB_1/derivatives/vprec-space_search/1111/r7-p20/sub-0003017/affine_Composite.h5[1] (type = Euler3DTransform)
  3. /project/rrg-glatard/mdugre/datasets/corr/RawDataBIDS/BMB_1/derivatives/vprec-space_search/1111/r7-p20/sub-0003017/affine_Composite.h5[2] (type = Euler3DTransform)
  4. /project/rrg-glatard/mdugre/datasets/corr/RawDataBIDS/BMB_1/derivatives/vprec-space_search/1111/r7-p20/sub-0003017/affine_Composite.h5[3] (type = AffineTransform)
=============================================================================
  number of levels = 4
  fixed image: /templateflow/tpl-MNI152NLin2009cAsym/tpl-MNI152NLin2009cAsym_res-01_desc-brain_T1w.nii.gz
  moving image: /project/rrg-glatard/mdugre/datasets/corr/RawDataBIDS/BMB_1/derivatives/antsBrainExtraction/sub-0003017/BrainExtractionBrain.nii.gz
Dimension = 3
Number of stages = 1
Use histogram matching = false
Winsorize image intensities = true
  Lower quantile = 0.005
  Upper quantile = 0.995


Stage 1 State
   Image metric = CC
     Fixed image = Image (0x40154c0)
  RTTI typeinfo:   itk::Image<double, 3u>
  Reference Count: 2
  Modified Time: 1606
  Debug: Off
  Object Name: 
  Observers: 
    none
  Source: (none)
  Source output name: (none)
  Release Data: Off
  Data Released: False
  Global Release Data: Off
  PipelineMTime: 0
  UpdateMTime: 1217
  RealTimeStamp: 0 seconds 
  LargestPossibleRegion: 
    Dimension: 3
    Index: [0, 0, 0]
    Size: [193, 229, 193]
  BufferedRegion: 
    Dimension: 3
    Index: [0, 0, 0]
    Size: [193, 229, 193]
  RequestedRegion: 
    Dimension: 3
    Index: [0, 0, 0]
    Size: [193, 229, 193]
  Spacing: [1, 1, 1]
  Origin: [96, 132, -78]
  Direction: 
-1 0 0
0 -1 0
0 0 1

  IndexToPointMatrix: 
-1 0 0
0 -1 0
0 0 1

  PointToIndexMatrix: 
-1 0 0
0 -1 0
0 0 1

  Inverse Direction: 
-1 0 0
0 -1 0
0 0 1

  PixelContainer: 
    ImportImageContainer (0x40e2930)
      RTTI typeinfo:   itk::ImportImageContainer<unsigned long, double>
      Reference Count: 1
      Modified Time: 1214
      Debug: Off
      Object Name: 
      Observers: 
        none
      Pointer: 0x153ec1320010
      Container manages memory: true
      Size: 8530021
      Capacity: 8530021

     Moving image = Image (0x40d00b0)
  RTTI typeinfo:   itk::Image<double, 3u>
  Reference Count: 2
  Modified Time: 1607
  Debug: Off
  Object Name: 
  Observers: 
    none
  Source: (none)
  Source output name: (none)
  Release Data: Off
  Data Released: False
  Global Release Data: Off
  PipelineMTime: 0
  UpdateMTime: 1604
  RealTimeStamp: 0 seconds 
  LargestPossibleRegion: 
    Dimension: 3
    Index: [0, 0, 0]
    Size: [176, 256, 256]
  BufferedRegion: 
    Dimension: 3
    Index: [0, 0, 0]
    Size: [176, 256, 256]
  RequestedRegion: 
    Dimension: 3
    Index: [0, 0, 0]
    Size: [176, 256, 256]
  Spacing: [1, 1, 1]
  Origin: [-73.5417, 105.951, -120.131]
  Direction: 
1 0 0
0 -1 0
0 0 1

  IndexToPointMatrix: 
1 0 0
0 -1 0
0 0 1

  PointToIndexMatrix: 
1 0 0
0 -1 0
0 0 1

  Inverse Direction: 
1 0 0
0 -1 0
0 0 1

  PixelContainer: 
    ImportImageContainer (0x40e5090)
      RTTI typeinfo:   itk::ImportImageContainer<unsigned long, double>
      Reference Count: 1
      Modified Time: 1601
      Debug: Off
      Object Name: 
      Observers: 
        none
      Pointer: 0x153ebbb1f010
      Container manages memory: true
      Size: 11534336
      Capacity: 11534336

     Weighting = 1
     Sampling strategy = none
     Number of bins = 32
     Radius = 4
     Sampling percentage  = 1
   Transform = SyN
     Gradient step = 0.1
     Update field sigma (voxel space) = 3
     Total field sigma (voxel space) = 0
     Update field time sigma = 0
     Total field time sigma  = 0
     Number of time indices = 0
     Number of time point samples = 0
Registration using 1 total stages.

Stage 0
  iterations = 100x70x50x20
  convergence threshold = 1e-06
  convergence window size = 10
  number of levels = 4
  using the CC metric (radius = 4, weight = 1, use gradient filter = 0)
  preprocessing:  winsorizing the image intensities
  Shrink factors (level 1 out of 4): [8, 8, 8]
  Shrink factors (level 2 out of 4): [4, 4, 4]
  Shrink factors (level 3 out of 4): [2, 2, 2]
  Shrink factors (level 4 out of 4): [1, 1, 1]
  smoothing sigmas per level: [3, 2, 1, 0]
  Using default NONE metricSamplingStrategy 

*** Running SyN registration (varianceForUpdateField = 3, varianceForTotalField = 0) ***

XXDIAGNOSTIC,Iteration,metricValue,convergenceValue,ITERATION_TIME_INDEX,SINCE_LAST
 1DIAGNOSTIC,     1, -9.334526062012e-01, 1.797693134862e+308, 0.0000e+00, 0.0000e+00, 
 1DIAGNOSTIC,     2, -9.406642913818e-01, 1.797693134862e+308, 0.0000e+00, 0.0000e+00, 
 1DIAGNOSTIC,     3, -9.465847015381e-01, 1.797693134862e+308, 0.0000e+00, 0.0000e+00, 
 1DIAGNOSTIC,     4, -9.508924484253e-01, 1.797693134862e+308, 0.0000e+00, 0.0000e+00, 
 1DIAGNOSTIC,     5, -9.543027877808e-01, 1.797693134862e+308, 0.0000e+00, 0.0000e+00, 
 1DIAGNOSTIC,     6, -9.579572677612e-01, 1.797693134862e+308, 0.0000e+00, 0.0000e+00, 
 1DIAGNOSTIC,     7, -9.621276855469e-01, 1.797693134862e+308, 0.0000e+00, 0.0000e+00, 
 1DIAGNOSTIC,     8, -9.656605720520e-01, 1.797693134862e+308, 0.0000e+00, 0.0000e+00, 
 1DIAGNOSTIC,     9, -9.684853553772e-01, 1.797693134862e+308, 0.0000e+00, 0.0000e+00, 
 1DIAGNOSTIC,    10, -9.695429801941e-01, 2.373289282334e-03, 0.0000e+00, 0.0000e+00, 
 1DIAGNOSTIC,    11, -9.696931838989e-01, 1.824688030445e-03, 0.0000e+00, 0.0000e+00, 
 1DIAGNOSTIC,    12, -9.706311225891e-01, 1.404421483085e-03, 0.0000e+00, 0.0000e+00, 
 1DIAGNOSTIC,    13, -9.707484245300e-01, 1.058243263060e-03, 0.0000e+00, 0.0000e+00, 
 1DIAGNOSTIC,    14, -9.713287353516e-01, 7.688443835873e-04, 0.0000e+00, 0.0000e+00, 
 1DIAGNOSTIC,    15, -9.713492393494e-01, 5.157426200970e-04, 0.0000e+00, 0.0000e+00, 
 1DIAGNOSTIC,    16, -9.718599319458e-01, 3.239384431088e-04, 0.0000e+00, 0.0000e+00, 
 1DIAGNOSTIC,    17, -9.717769622803e-01, 1.951409519576e-04, 0.0000e+00, 0.0000e+00, 
 1DIAGNOSTIC,    18, -9.721941947937e-01, 1.267143575736e-04, 0.0000e+00, 0.0000e+00, 
 1DIAGNOSTIC,    19, -9.721131324768e-01, 9.618604598211e-05, 0.0000e+00, 0.0000e+00, 
 1DIAGNOSTIC,    20, -9.725866317749e-01, 8.270412241070e-05, 0.0000e+00, 0.0000e+00, 
 1DIAGNOSTIC,    21, -9.723839759827e-01, 6.177976578630e-05, 0.0000e+00, 0.0000e+00, 
 1DIAGNOSTIC,    22, -9.728889465332e-01, 5.664658863083e-05, 0.0000e+00, 0.0000e+00, 
 1DIAGNOSTIC,    23, -9.726915359497e-01, 4.547336655775e-05, 0.0000e+00, 0.0000e+00, 
 1DIAGNOSTIC,    24, -9.732055664062e-01, 4.467043879078e-05, 0.0000e+00, 0.0000e+00, 
 1DIAGNOSTIC,    25, -9.730024337769e-01, 3.742394512411e-05, 0.0000e+00, 0.0000e+00, 
 1DIAGNOSTIC,    26, -9.734182357788e-01, 3.799600782856e-05, 0.0000e+00, 0.0000e+00, 
 1DIAGNOSTIC,    27, -9.731836318970e-01, 3.140432747064e-05, 0.0000e+00, 0.0000e+00, 
 1DIAGNOSTIC,    28, -9.735956192017e-01, 3.128284410278e-05, 0.0000e+00, 0.0000e+00, 
 1DIAGNOSTIC,    29, -9.733562469482e-01, 2.484358736970e-05, 0.0000e+00, 0.0000e+00, 
 1DIAGNOSTIC,    30, -9.737429618835e-01, 2.518659416932e-05, 0.0000e+00, 0.0000e+00, 
 1DIAGNOSTIC,    31, -9.734902381897e-01, 1.870670795582e-05, 0.0000e+00, 0.0000e+00, 
 1DIAGNOSTIC,    32, -9.738693237305e-01, 1.923957167001e-05, 0.0000e+00, 0.0000e+00, 
 1DIAGNOSTIC,    33, -9.736127853394e-01, 1.376206610242e-05, 0.0000e+00, 0.0000e+00, 
 1DIAGNOSTIC,    34, -9.739785194397e-01, 1.513339040628e-05, 0.0000e+00, 0.0000e+00, 
 1DIAGNOSTIC,    35, -9.737148284912e-01, 1.099146464907e-05, 0.0000e+00, 0.0000e+00, 
 1DIAGNOSTIC,    36, -9.740748405457e-01, 1.259004580627e-05, 0.0000e+00, 0.0000e+00, 
 1DIAGNOSTIC,    37, -9.738073348999e-01, 8.841905934517e-06, 0.0000e+00, 0.0000e+00, 
 1DIAGNOSTIC,    38, -9.741563796997e-01, 1.054058702250e-05, 0.0000e+00, 0.0000e+00, 
 1DIAGNOSTIC,    39, -9.738855361938e-01, 7.240588046457e-06, 0.0000e+00, 0.0000e+00, 
 1DIAGNOSTIC,    40, -9.742250442505e-01, 8.947119113513e-06, 0.0000e+00, 0.0000e+00, 
 1DIAGNOSTIC,    41, -9.739522933960e-01, 5.893116405659e-06, 0.0000e+00, 0.0000e+00, 
 1DIAGNOSTIC,    42, -9.742832183838e-01, 7.574518456788e-06, 0.0000e+00, 0.0000e+00, 
 1DIAGNOSTIC,    43, -9.740090370178e-01, 4.776901183005e-06, 0.0000e+00, 0.0000e+00, 
 1DIAGNOSTIC,    44, -9.743328094482e-01, 6.430980777287e-06, 0.0000e+00, 0.0000e+00, 
 1DIAGNOSTIC,    45, -9.740576744080e-01, 3.831897088927e-06, 0.0000e+00, 0.0000e+00, 
 1DIAGNOSTIC,    46, -9.743771553040e-01, 5.487055739727e-06, 0.0000e+00, 0.0000e+00, 
 1DIAGNOSTIC,    47, -9.741010665894e-01, 3.106311225343e-06, 0.0000e+00, 0.0000e+00, 
 1DIAGNOSTIC,    48, -9.744110107422e-01, 4.721020688315e-06, 0.0000e+00, 0.0000e+00, 
 1DIAGNOSTIC,    49, -9.741396903992e-01, 2.529552221259e-06, 0.0000e+00, 0.0000e+00, 
 1DIAGNOSTIC,    50, -9.744472503662e-01, 4.136873800322e-06, 0.0000e+00, 0.0000e+00, 
 1DIAGNOSTIC,    51, -9.741735458374e-01, 2.102372504063e-06, 0.0000e+00, 0.0000e+00, 
 1DIAGNOSTIC,    52, -9.744839668274e-01, 3.713665891188e-06, 0.0000e+00, 0.0000e+00, 
 1DIAGNOSTIC,    53, -9.742078781128e-01, 1.825900738606e-06, 0.0000e+00, 0.0000e+00, 
 1DIAGNOSTIC,    54, -9.745159149170e-01, 3.409897417733e-06, 0.0000e+00, 0.0000e+00, 
 1DIAGNOSTIC,    55, -9.742398262024e-01, 1.634860496612e-06, 0.0000e+00, 0.0000e+00, 
 1DIAGNOSTIC,    56, -9.745459556580e-01, 3.182307704581e-06, 0.0000e+00, 0.0000e+00, 
 1DIAGNOSTIC,    57, -9.742693901062e-01, 1.494579077190e-06, 0.0000e+00, 0.0000e+00, 
 1DIAGNOSTIC,    58, -9.745736122131e-01, 2.960507682448e-06, 0.0000e+00, 0.0000e+00, 
 1DIAGNOSTIC,    59, -9.742965698242e-01, 1.336969198323e-06, 0.0000e+00, 0.0000e+00, 
 1DIAGNOSTIC,    60, -9.745979309082e-01, 2.744343966844e-06, 0.0000e+00, 0.0000e+00, 
 1DIAGNOSTIC,    61, -9.743208885193e-01, 1.165371219573e-06, 0.0000e+00, 0.0000e+00, 
 1DIAGNOSTIC,    62, -9.746203422546e-01, 2.534573050026e-06, 0.0000e+00, 0.0000e+00, 
 1DIAGNOSTIC,    63, -9.743432998657e-01, 1.014763140780e-06, 0.0000e+00, 0.0000e+00, 
 1DIAGNOSTIC,    64, -9.746403694153e-01, 2.337755161268e-06, 0.0000e+00, 0.0000e+00, 
 1DIAGNOSTIC,    65, -9.743638038635e-01, 8.763240445485e-07, 0.0000e+00, 0.0000e+00, 
XXDIAGNOSTIC,Iteration,metricValue,convergenceValue,ITERATION_TIME_INDEX,SINCE_LAST
 1DIAGNOSTIC,     1, -9.201617240906e-01, 1.797693134862e+308, 0.0000e+00, 0.0000e+00, 
 1DIAGNOSTIC,     2, -9.226388931274e-01, 1.797693134862e+308, 0.0000e+00, 0.0000e+00, 
 1DIAGNOSTIC,     3, -9.259858131409e-01, 1.797693134862e+308, 0.0000e+00, 0.0000e+00, 
 1DIAGNOSTIC,     4, -9.285678863525e-01, 1.797693134862e+308, 0.0000e+00, 0.0000e+00, 
 1DIAGNOSTIC,     5, -9.310870170593e-01, 1.797693134862e+308, 0.0000e+00, 0.0000e+00, 
 1DIAGNOSTIC,     6, -9.331555366516e-01, 1.797693134862e+308, 0.0000e+00, 0.0000e+00, 
 1DIAGNOSTIC,     7, -9.351296424866e-01, 1.797693134862e+308, 0.0000e+00, 0.0000e+00, 
 1DIAGNOSTIC,     8, -9.369144439697e-01, 1.797693134862e+308, 0.0000e+00, 0.0000e+00, 
 1DIAGNOSTIC,     9, -9.385447502136e-01, 1.797693134862e+308, 0.0000e+00, 0.0000e+00, 
 1DIAGNOSTIC,    10, -9.399733543396e-01, 1.370041516251e-03, 0.0000e+00, 0.0000e+00, 
 1DIAGNOSTIC,    11, -9.412250518799e-01, 1.135407186973e-03, 0.0000e+00, 0.0000e+00, 
 1DIAGNOSTIC,    12, -9.419765472412e-01, 9.190602721132e-04, 0.0000e+00, 0.0000e+00, 
 1DIAGNOSTIC,    13, -9.426865577698e-01, 7.477080546441e-04, 0.0000e+00, 0.0000e+00, 
 1DIAGNOSTIC,    14, -9.432029724121e-01, 5.997193576636e-04, 0.0000e+00, 0.0000e+00, 
 1DIAGNOSTIC,    15, -9.436473846436e-01, 4.764551070679e-04, 0.0000e+00, 0.0000e+00, 
 1DIAGNOSTIC,    16, -9.440374374390e-01, 3.713118972859e-04, 0.0000e+00, 0.0000e+00, 
 1DIAGNOSTIC,    17, -9.443821907043e-01, 2.856137931418e-04, 0.0000e+00, 0.0000e+00, 
 1DIAGNOSTIC,    18, -9.446926116943e-01, 2.182384360510e-04, 1.0240e+03, 1.0240e+03, 
 1DIAGNOSTIC,    19, -9.449725151062e-01, 1.680571931160e-04, 1.0240e+03, 0.0000e+00, 
 1DIAGNOSTIC,    20, -9.452257156372e-01, 1.325987796342e-04, 1.0240e+03, 0.0000e+00, 
 1DIAGNOSTIC,    21, -9.454541206360e-01, 1.095183139190e-04, 1.0240e+03, 0.0000e+00, 
 1DIAGNOSTIC,    22, -9.456562995911e-01, 9.140830698242e-05, 1.0240e+03, 0.0000e+00, 
 1DIAGNOSTIC,    23, -9.458417892456e-01, 7.813620565620e-05, 1.0240e+03, 0.0000e+00, 
 1DIAGNOSTIC,    24, -9.460053443909e-01, 6.725759982500e-05, 1.0240e+03, 0.0000e+00, 
 1DIAGNOSTIC,    25, -9.461593627930e-01, 5.822302623331e-05, 1.0240e+03, 0.0000e+00, 
 1DIAGNOSTIC,    26, -9.463086128235e-01, 5.073357234559e-05, 1.0240e+03, 0.0000e+00, 
 1DIAGNOSTIC,    27, -9.464406967163e-01, 4.441454518325e-05, 1.0240e+03, 0.0000e+00, 
 1DIAGNOSTIC,    28, -9.465603828430e-01, 3.906213752203e-05, 1.0240e+03, 0.0000e+00, 
 1DIAGNOSTIC,    29, -9.466719627380e-01, 3.453368425087e-05, 1.0240e+03, 0.0000e+00, 
 1DIAGNOSTIC,    30, -9.467797279358e-01, 3.074059562776e-05, 1.0240e+03, 0.0000e+00, 
 1DIAGNOSTIC,    31, -9.468774795532e-01, 2.752307289793e-05, 1.0240e+03, 0.0000e+00, 
 1DIAGNOSTIC,    32, -9.469728469849e-01, 2.477190578086e-05, 1.0240e+03, 0.0000e+00, 
 1DIAGNOSTIC,    33, -9.470653533936e-01, 2.245004348701e-05, 1.0240e+03, 0.0000e+00, 
 1DIAGNOSTIC,    34, -9.471540451050e-01, 2.043957743983e-05, 1.0240e+03, 0.0000e+00, 
 1DIAGNOSTIC,    35, -9.472398757935e-01, 1.873369587328e-05, 1.0240e+03, 0.0000e+00, 
 1DIAGNOSTIC,    36, -9.473190307617e-01, 1.732053059991e-05, 1.0240e+03, 0.0000e+00, 
 1DIAGNOSTIC,    37, -9.473986625671e-01, 1.612781021419e-05, 1.0240e+03, 0.0000e+00, 
 1DIAGNOSTIC,    38, -9.474787712097e-01, 1.511173313998e-05, 1.0240e+03, 0.0000e+00, 
 1DIAGNOSTIC,    39, -9.475564956665e-01, 1.423299361254e-05, 1.0240e+03, 0.0000e+00, 
 1DIAGNOSTIC,    40, -9.476323127747e-01, 1.348758652315e-05, 1.0240e+03, 0.0000e+00, 
 1DIAGNOSTIC,    41, -9.477066993713e-01, 1.281941985647e-05, 1.0240e+03, 0.0000e+00, 
 1DIAGNOSTIC,    42, -9.477777481079e-01, 1.221395136549e-05, 1.0240e+03, 0.0000e+00, 
 1DIAGNOSTIC,    43, -9.478511810303e-01, 1.169204511158e-05, 1.0240e+03, 0.0000e+00, 
 1DIAGNOSTIC,    44, -9.479169845581e-01, 1.119161473165e-05, 1.0240e+03, 0.0000e+00, 
 1DIAGNOSTIC,    45, -9.479913711548e-01, 1.077483426102e-05, 1.0240e+03, 0.0000e+00, 
 1DIAGNOSTIC,    46, -9.480652809143e-01, 1.040332693074e-05, 1.0240e+03, 0.0000e+00, 
 1DIAGNOSTIC,    47, -9.481363296509e-01, 1.007174061468e-05, 1.0240e+03, 0.0000e+00, 
 1DIAGNOSTIC,    48, -9.482040405273e-01, 9.771553344553e-06, 1.0240e+03, 0.0000e+00, 
 1DIAGNOSTIC,    49, -9.482641220093e-01, 9.448567970610e-06, 1.0240e+03, 0.0000e+00, 
 1DIAGNOSTIC,    50, -9.483246803284e-01, 9.107626718130e-06, 1.0240e+03, 0.0000e+00, 
 1DIAGNOSTIC,    51, -9.483828544617e-01, 8.740713757786e-06, 1.0240e+03, 0.0000e+00, 
 1DIAGNOSTIC,    52, -9.484419822693e-01, 8.353455075008e-06, 1.0240e+03, 0.0000e+00, 
 1DIAGNOSTIC,    53, -9.484958648682e-01, 7.953759720139e-06, 1.0240e+03, 0.0000e+00, 
 1DIAGNOSTIC,    54, -9.485454559326e-01, 7.498795447088e-06, 1.0240e+03, 0.0000e+00, 
 1DIAGNOSTIC,    55, -9.485936164856e-01, 7.060394430755e-06, 1.0240e+03, 0.0000e+00, 
 1DIAGNOSTIC,    56, -9.486393928528e-01, 6.650458960245e-06, 1.0240e+03, 0.0000e+00, 
 1DIAGNOSTIC,    57, -9.486846923828e-01, 6.277096723954e-06, 1.0240e+03, 0.0000e+00, 
 1DIAGNOSTIC,    58, -9.487271308899e-01, 5.932138404417e-06, 1.0240e+03, 0.0000e+00, 
 1DIAGNOSTIC,    59, -9.487695693970e-01, 5.598466557021e-06, 1.0240e+03, 0.0000e+00, 
 1DIAGNOSTIC,    60, -9.488086700439e-01, 5.283544517273e-06, 1.0240e+03, 0.0000e+00, 
 1DIAGNOSTIC,    61, -9.488506317139e-01, 5.009758725368e-06, 1.0240e+03, 0.0000e+00, 
 1DIAGNOSTIC,    62, -9.488868713379e-01, 4.769844936907e-06, 1.0240e+03, 0.0000e+00, 
 1DIAGNOSTIC,    63, -9.487590789795e-01, 3.770116881328e-06, 1.0240e+03, 0.0000e+00, 
 1DIAGNOSTIC,    64, -9.487624168396e-01, 2.753724812909e-06, 1.0240e+03, 0.0000e+00, 
 1DIAGNOSTIC,    65, -9.484419822693e-01, 2.815585567265e-07, 1.0240e+03, 0.0000e+00, 
XXDIAGNOSTIC,Iteration,metricValue,convergenceValue,ITERATION_TIME_INDEX,SINCE_LAST
 1DIAGNOSTIC,     1, -8.997731208801e-01, 1.797693134862e+308, 1.0240e+03, 0.0000e+00, 
 1DIAGNOSTIC,     2, -9.010877609253e-01, 1.797693134862e+308, 1.0240e+03, 0.0000e+00, 
 1DIAGNOSTIC,     3, -9.028830528259e-01, 1.797693134862e+308, 1.0240e+03, 0.0000e+00, 
 1DIAGNOSTIC,     4, -9.047126770020e-01, 1.797693134862e+308, 1.0240e+03, 0.0000e+00, 
 1DIAGNOSTIC,     5, -9.063076972961e-01, 1.797693134862e+308, 2.0480e+03, 1.0240e+03, 
 1DIAGNOSTIC,     6, -9.080414772034e-01, 1.797693134862e+308, 2.0480e+03, 0.0000e+00, 
 1DIAGNOSTIC,     7, -9.096970558167e-01, 1.797693134862e+308, 2.0480e+03, 0.0000e+00, 
 1DIAGNOSTIC,     8, -9.116287231445e-01, 1.797693134862e+308, 2.0480e+03, 0.0000e+00, 
 1DIAGNOSTIC,     9, -9.133448600769e-01, 1.797693134862e+308, 2.0480e+03, 0.0000e+00, 
 1DIAGNOSTIC,    10, -9.148640632629e-01, 1.085615473137e-03, 2.0480e+03, 0.0000e+00, 
 1DIAGNOSTIC,    11, -9.161829948425e-01, 9.811393091717e-04, 2.0480e+03, 0.0000e+00, 
 1DIAGNOSTIC,    12, -9.172248840332e-01, 8.669536259361e-04, 2.0480e+03, 0.0000e+00, 
 1DIAGNOSTIC,    13, -9.182634353638e-01, 7.596115273441e-04, 2.0480e+03, 0.0000e+00, 
 1DIAGNOSTIC,    14, -9.190788269043e-01, 6.571803852834e-04, 2.0480e+03, 0.0000e+00, 
 1DIAGNOSTIC,    15, -9.199352264404e-01, 5.591364617874e-04, 2.0480e+03, 0.0000e+00, 
 1DIAGNOSTIC,    16, -9.206042289734e-01, 4.687195263201e-04, 3.0720e+03, 1.0240e+03, 
 1DIAGNOSTIC,    17, -9.213361740112e-01, 3.892614799700e-04, 3.0720e+03, 0.0000e+00, 
 1DIAGNOSTIC,    18, -9.217329025269e-01, 3.226617562664e-04, 3.0720e+03, 0.0000e+00, 
 1DIAGNOSTIC,    19, -9.222764968872e-01, 2.700512573207e-04, 3.0720e+03, 0.0000e+00, 
 1DIAGNOSTIC,    20, -9.226379394531e-01, 2.266530850670e-04, 3.0720e+03, 0.0000e+00, 
 1DIAGNOSTIC,    21, -9.229979515076e-01, 1.910525164813e-04, 3.0720e+03, 0.0000e+00, 
 1DIAGNOSTIC,    22, -9.233622550964e-01, 1.606193392673e-04, 3.0720e+03, 0.0000e+00, 
 1DIAGNOSTIC,    23, -9.237322807312e-01, 1.368086878163e-04, 3.0720e+03, 0.0000e+00, 
 1DIAGNOSTIC,    24, -9.241118431091e-01, 1.175528381573e-04, 3.0720e+03, 0.0000e+00, 
 1DIAGNOSTIC,    25, -9.245014190674e-01, 1.042397418810e-04, 3.0720e+03, 0.0000e+00, 
 1DIAGNOSTIC,    26, -9.249024391174e-01, 9.484956530536e-05, 3.0720e+03, 0.0000e+00, 
 1DIAGNOSTIC,    27, -9.253134727478e-01, 9.037892758767e-05, 4.0960e+03, 1.0240e+03, 
 1DIAGNOSTIC,    28, -9.257273674011e-01, 8.663006996773e-05, 4.0960e+03, 0.0000e+00, 
 1DIAGNOSTIC,    29, -9.260864257812e-01, 8.461424451650e-05, 4.0960e+03, 0.0000e+00, 
 1DIAGNOSTIC,    30, -9.263639450073e-01, 8.135649419200e-05, 4.0960e+03, 0.0000e+00, 
 1DIAGNOSTIC,    31, -9.265856742859e-01, 7.646098091370e-05, 4.0960e+03, 0.0000e+00, 
 1DIAGNOSTIC,    32, -9.267678260803e-01, 6.995045929194e-05, 4.0960e+03, 0.0000e+00, 
 1DIAGNOSTIC,    33, -9.269227981567e-01, 6.215393641573e-05, 4.0960e+03, 0.0000e+00, 
 1DIAGNOSTIC,    34, -9.270606040955e-01, 5.365923998030e-05, 4.0960e+03, 0.0000e+00, 
 1DIAGNOSTIC,    35, -9.271898269653e-01, 4.518136259288e-05, 4.0960e+03, 0.0000e+00, 
 1DIAGNOSTIC,    36, -9.273176193237e-01, 3.746261441898e-05, 4.0960e+03, 0.0000e+00, 
 1DIAGNOSTIC,    37, -9.274477958679e-01, 3.114651708642e-05, 4.0960e+03, 0.0000e+00, 
 1DIAGNOSTIC,    38, -9.275865554810e-01, 2.671968650976e-05, 5.1200e+03, 1.0240e+03, 
 1DIAGNOSTIC,    39, -9.277367591858e-01, 2.404425907205e-05, 5.1200e+03, 0.0000e+00, 
 1DIAGNOSTIC,    40, -9.278998374939e-01, 2.265201585022e-05, 5.1200e+03, 0.0000e+00, 
 1DIAGNOSTIC,    41, -9.280662536621e-01, 2.213168864626e-05, 5.1200e+03, 0.0000e+00, 
 1DIAGNOSTIC,    42, -9.282379150391e-01, 2.216896531752e-05, 5.1200e+03, 0.0000e+00, 
 1DIAGNOSTIC,    43, -9.284138679504e-01, 2.250784450568e-05, 5.1200e+03, 0.0000e+00, 
 1DIAGNOSTIC,    44, -9.285898208618e-01, 2.292497543948e-05, 5.1200e+03, 0.0000e+00, 
 1DIAGNOSTIC,    45, -9.287657737732e-01, 2.326750947710e-05, 5.1200e+03, 0.0000e+00, 
 1DIAGNOSTIC,    46, -9.289407730103e-01, 2.344355514640e-05, 5.1200e+03, 0.0000e+00, 
 1DIAGNOSTIC,    47, -9.291162490845e-01, 2.341701430046e-05, 5.1200e+03, 0.0000e+00, 
 1DIAGNOSTIC,    48, -9.292922019958e-01, 2.321174317627e-05, 5.1200e+03, 0.0000e+00, 
 1DIAGNOSTIC,    49, -9.294700622559e-01, 2.289357452697e-05, 6.1440e+03, 1.0240e+03, 
 1DIAGNOSTIC,    50, -9.296541213989e-01, 2.257168947521e-05, 6.1440e+03, 0.0000e+00, 
XXDIAGNOSTIC,Iteration,metricValue,convergenceValue,ITERATION_TIME_INDEX,SINCE_LAST
 1DIAGNOSTIC,     1, -8.843283653259e-01, 1.797693134862e+308, 6.1440e+03, 0.0000e+00, 
 1DIAGNOSTIC,     2, -8.852357864380e-01, 1.797693134862e+308, 7.1680e+03, 1.0240e+03, 
 1DIAGNOSTIC,     3, -8.864684104919e-01, 1.797693134862e+308, 8.1920e+03, 1.0240e+03, 
 1DIAGNOSTIC,     4, -8.877906799316e-01, 1.797693134862e+308, 9.2160e+03, 1.0240e+03, 
 1DIAGNOSTIC,     5, -8.890328407288e-01, 1.797693134862e+308, 1.0240e+04, 1.0240e+03, 
 1DIAGNOSTIC,     6, -8.901929855347e-01, 1.797693134862e+308, 1.1264e+04, 1.0240e+03, 
 1DIAGNOSTIC,     7, -8.912806510925e-01, 1.797693134862e+308, 1.1264e+04, 0.0000e+00, 
 1DIAGNOSTIC,     8, -8.922305107117e-01, 1.797693134862e+308, 1.2288e+04, 1.0240e+03, 
 1DIAGNOSTIC,     9, -8.932332992554e-01, 1.797693134862e+308, 1.3312e+04, 1.0240e+03, 
 1DIAGNOSTIC,    10, -8.941559791565e-01, 7.279586899728e-04, 1.4336e+04, 1.0240e+03, 
 1DIAGNOSTIC,    11, -8.950343132019e-01, 6.418750684371e-04, 1.5360e+04, 1.0240e+03, 
 1DIAGNOSTIC,    12, -8.958029747009e-01, 5.568804228073e-04, 1.5360e+04, 0.0000e+00, 
 1DIAGNOSTIC,    13, -8.964486122131e-01, 4.804908098011e-04, 1.6384e+04, 1.0240e+03, 
 1DIAGNOSTIC,    14, -8.970808982849e-01, 4.156583122057e-04, 1.7408e+04, 1.0240e+03, 
 1DIAGNOSTIC,    15, -8.977193832397e-01, 3.612106710416e-04, 1.8432e+04, 1.0240e+03, 
 1DIAGNOSTIC,    16, -8.983850479126e-01, 3.165451885342e-04, 1.9456e+04, 1.0240e+03, 
 1DIAGNOSTIC,    17, -8.990535736084e-01, 2.807351881960e-04, 2.0480e+04, 1.0240e+03, 
 1DIAGNOSTIC,    18, -8.997054100037e-01, 2.511367810896e-04, 2.0480e+04, 0.0000e+00, 
 1DIAGNOSTIC,    19, -9.003262519836e-01, 2.284461675921e-04, 2.1504e+04, 1.0240e+03, 
 1DIAGNOSTIC,    20, -9.009265899658e-01, 2.108692021176e-04, 2.2528e+04, 1.0240e+03, 
  Elapsed time (stage 0): 22528


Total elapsed time: 22528
