
##########################
# Experiment information #
##########################
SIF_IMG: /project/rrg-glatard/mdugre/containers/ants-p2-vprec.sif
EXPERIMENT_NAME: vprec-space_search
CONFIG: 0111
VFC_BACKENDS: libinterflop_vprec.so --range-binary32=7 --precision-binary32=11 --range-binary64=7 --precision-binary64=11

FIXED_IMG: /templateflow/tpl-MNI152NLin2009cAsym/tpl-MNI152NLin2009cAsym_res-01_desc-brain_T1w.nii.gz
SUBJECT_ID: 0003045
INPUT_IMG: /project/rrg-glatard/mdugre/datasets/corr/RawDataBIDS/BMB_1/derivatives/antsBrainExtraction/sub-0003045/BrainExtractionBrain.nii.gz
OUTPUT_DIR: /project/rrg-glatard/mdugre/datasets/corr/RawDataBIDS/BMB_1/derivatives/vprec-space_search/0111/r7-p11/sub-0003045

ITK_GLOBAL_DEFAULT_NUMBER_OF_THREADS: 8
##########################

VFC_BACKENDS=libinterflop_ieee.so
Info [verificarlo]: loaded backend libinterflop_ieee.so
Info [interflop-ieee]: load backend with:
Info [interflop-ieee]: debug = false
Info [interflop-ieee]: debug-binary = false
Info [interflop-ieee]: no-backend-name = false
Info [interflop-ieee]: print-new-line = false
Info [interflop-ieee]: print-subnormal-normalized = false
Info [interflop-ieee]: count-op = false
All_Command_lines_OK
Using double precision for computations.
=============================================================================
The composite transform comprises the following transforms (in order): 
  1. Center of mass alignment using fixed image: /templateflow/tpl-MNI152NLin2009cAsym/tpl-MNI152NLin2009cAsym_res-01_desc-brain_T1w.nii.gz and moving image: /project/rrg-glatard/mdugre/datasets/corr/RawDataBIDS/BMB_1/derivatives/antsBrainExtraction/sub-0003045/BrainExtractionBrain.nii.gz (type = Euler3DTransform)
=============================================================================
  number of levels = 1
  fixed image: /templateflow/tpl-MNI152NLin2009cAsym/tpl-MNI152NLin2009cAsym_res-01_desc-brain_T1w.nii.gz
  moving image: /project/rrg-glatard/mdugre/datasets/corr/RawDataBIDS/BMB_1/derivatives/antsBrainExtraction/sub-0003045/BrainExtractionBrain.nii.gz
Dimension = 3
Number of stages = 1
Use histogram matching = false
Winsorize image intensities = true
  Lower quantile = 0.005
  Upper quantile = 0.995


Stage 1 State
   Image metric = MattesMI
     Fixed image = Image (0x3abd390)
  RTTI typeinfo:   itk::Image<double, 3u>
  Reference Count: 2
  Modified Time: 2334
  Debug: Off
  Object Name: 
  Observers: 
    none
  Source: (none)
  Source output name: (none)
  Release Data: Off
  Data Released: False
  Global Release Data: Off
  PipelineMTime: 0
  UpdateMTime: 1943
  RealTimeStamp: 0 seconds 
  LargestPossibleRegion: 
    Dimension: 3
    Index: [0, 0, 0]
    Size: [193, 229, 193]
  BufferedRegion: 
    Dimension: 3
    Index: [0, 0, 0]
    Size: [193, 229, 193]
  RequestedRegion: 
    Dimension: 3
    Index: [0, 0, 0]
    Size: [193, 229, 193]
  Spacing: [1, 1, 1]
  Origin: [96, 132, -78]
  Direction: 
-1 0 0
0 -1 0
0 0 1

  IndexToPointMatrix: 
-1 0 0
0 -1 0
0 0 1

  PointToIndexMatrix: 
-1 0 0
0 -1 0
0 0 1

  Inverse Direction: 
-1 0 0
0 -1 0
0 0 1

  PixelContainer: 
    ImportImageContainer (0x3b88a90)
      RTTI typeinfo:   itk::ImportImageContainer<unsigned long, double>
      Reference Count: 1
      Modified Time: 1940
      Debug: Off
      Object Name: 
      Observers: 
        none
      Pointer: 0x14c42e81e010
      Container manages memory: true
      Size: 8530021
      Capacity: 8530021

     Moving image = Image (0x3abb290)
  RTTI typeinfo:   itk::Image<double, 3u>
  Reference Count: 2
  Modified Time: 2335
  Debug: Off
  Object Name: 
  Observers: 
    none
  Source: (none)
  Source output name: (none)
  Release Data: Off
  Data Released: False
  Global Release Data: Off
  PipelineMTime: 0
  UpdateMTime: 2332
  RealTimeStamp: 0 seconds 
  LargestPossibleRegion: 
    Dimension: 3
    Index: [0, 0, 0]
    Size: [176, 256, 256]
  BufferedRegion: 
    Dimension: 3
    Index: [0, 0, 0]
    Size: [176, 256, 256]
  RequestedRegion: 
    Dimension: 3
    Index: [0, 0, 0]
    Size: [176, 256, 256]
  Spacing: [1, 1, 1]
  Origin: [-81.7588, 129.867, -125.164]
  Direction: 
1 0 0
0 -1 0
0 0 1

  IndexToPointMatrix: 
1 0 0
0 -1 0
0 0 1

  PointToIndexMatrix: 
1 0 0
0 -1 0
0 0 1

  Inverse Direction: 
1 0 0
0 -1 0
0 0 1

  PixelContainer: 
    ImportImageContainer (0x3ae8850)
      RTTI typeinfo:   itk::ImportImageContainer<unsigned long, double>
      Reference Count: 1
      Modified Time: 2329
      Debug: Off
      Object Name: 
      Observers: 
        none
      Pointer: 0x14c42901d010
      Container manages memory: true
      Size: 11534336
      Capacity: 11534336

     Weighting = 1
     Sampling strategy = regular
     Number of bins = 32
     Radius = 4
     Sampling percentage  = 0.25
   Transform = Rigid
     Gradient step = 0.1
     Update field sigma (voxel space) = 0
     Total field sigma (voxel space) = 0
     Update field time sigma = 0
     Total field time sigma  = 0
     Number of time indices = 0
     Number of time point samples = 0
Registration using 1 total stages.

Stage 0
  iterations = 0
  convergence threshold = 1e-06
  convergence window size = 10
  number of levels = 1
  using the Mattes MI metric (number of bins = 32, weight = 1, use gradient filter = 0)
  preprocessing:  winsorizing the image intensities
  Shrink factors (level 1 out of 1): [1, 1, 1]
  smoothing sigmas per level: [0]
  regular sampling (percentage = 0.25)

*** Running Euler3DTransform registration ***

  Elapsed time (stage 0): 1.01312


Total elapsed time: 1.01471
VFC_BACKENDS=libinterflop_vprec.so --range-binary32=7 --precision-binary32=11 --range-binary64=7 --precision-binary64=11
Info [verificarlo]: loaded backend libinterflop_vprec.so
Info [interflop-vprec]: load backend with: 
Info [interflop-vprec]: precision-binary32 = 11
Info [interflop-vprec]: range-binary32 = 7
Info [interflop-vprec]: precision-binary64 = 11
Info [interflop-vprec]: range-binary64 = 7
Info [interflop-vprec]: mode = ob
Info [interflop-vprec]: error-mode = rel
Info [interflop-vprec]: max-abs-error-exponent = -1022
Info [interflop-vprec]: daz = false
Info [interflop-vprec]: ftz = false
Info [interflop-vprec]: 	instrument = none
Info [interflop-vprec]: 	prec-input-file = (null)
Info [interflop-vprec]: 	prec-output-file = (null)
Info [interflop-vprec]: 	prec-log-file = (null)
All_Command_lines_OK
Using double precision for computations.
=============================================================================
The composite transform comprises the following transforms (in order): 
  1. /project/rrg-glatard/mdugre/datasets/corr/RawDataBIDS/BMB_1/derivatives/vprec-space_search/0111/r7-p11/sub-0003045/align_Composite.h5[0] (type = Euler3DTransform)
  2. /project/rrg-glatard/mdugre/datasets/corr/RawDataBIDS/BMB_1/derivatives/vprec-space_search/0111/r7-p11/sub-0003045/align_Composite.h5[1] (type = Euler3DTransform)
=============================================================================
  number of levels = 4
  fixed image: /templateflow/tpl-MNI152NLin2009cAsym/tpl-MNI152NLin2009cAsym_res-01_desc-brain_T1w.nii.gz
  moving image: /project/rrg-glatard/mdugre/datasets/corr/RawDataBIDS/BMB_1/derivatives/antsBrainExtraction/sub-0003045/BrainExtractionBrain.nii.gz
Dimension = 3
Number of stages = 1
Use histogram matching = false
Winsorize image intensities = true
  Lower quantile = 0.005
  Upper quantile = 0.995


Stage 1 State
   Image metric = MattesMI
     Fixed image = Image (0x33ab300)
  RTTI typeinfo:   itk::Image<double, 3u>
  Reference Count: 2
  Modified Time: 1578
  Debug: Off
  Object Name: 
  Observers: 
    none
  Source: (none)
  Source output name: (none)
  Release Data: Off
  Data Released: False
  Global Release Data: Off
  PipelineMTime: 0
  UpdateMTime: 1189
  RealTimeStamp: 0 seconds 
  LargestPossibleRegion: 
    Dimension: 3
    Index: [0, 0, 0]
    Size: [193, 229, 193]
  BufferedRegion: 
    Dimension: 3
    Index: [0, 0, 0]
    Size: [193, 229, 193]
  RequestedRegion: 
    Dimension: 3
    Index: [0, 0, 0]
    Size: [193, 229, 193]
  Spacing: [1, 1, 1]
  Origin: [96, 132, -78]
  Direction: 
-1 0 0
0 -1 0
0 0 1

  IndexToPointMatrix: 
-1 0 0
0 -1 0
0 0 1

  PointToIndexMatrix: 
-1 0 0
0 -1 0
0 0 1

  Inverse Direction: 
-1 0 0
0 -1 0
0 0 1

  PixelContainer: 
    ImportImageContainer (0x346e4b0)
      RTTI typeinfo:   itk::ImportImageContainer<unsigned long, double>
      Reference Count: 1
      Modified Time: 1186
      Debug: Off
      Object Name: 
      Observers: 
        none
      Pointer: 0x14594e0d9010
      Container manages memory: true
      Size: 8530021
      Capacity: 8530021

     Moving image = Image (0x346e1c0)
  RTTI typeinfo:   itk::Image<double, 3u>
  Reference Count: 2
  Modified Time: 1579
  Debug: Off
  Object Name: 
  Observers: 
    none
  Source: (none)
  Source output name: (none)
  Release Data: Off
  Data Released: False
  Global Release Data: Off
  PipelineMTime: 0
  UpdateMTime: 1576
  RealTimeStamp: 0 seconds 
  LargestPossibleRegion: 
    Dimension: 3
    Index: [0, 0, 0]
    Size: [176, 256, 256]
  BufferedRegion: 
    Dimension: 3
    Index: [0, 0, 0]
    Size: [176, 256, 256]
  RequestedRegion: 
    Dimension: 3
    Index: [0, 0, 0]
    Size: [176, 256, 256]
  Spacing: [1, 1, 1]
  Origin: [-81.75, 129.875, -125.156]
  Direction: 
1 0 0
0 -1 0
0 0 1

  IndexToPointMatrix: 
1 0 0
0 -1 0
0 0 1

  PointToIndexMatrix: 
1 0 0
0 -1 0
0 0 1

  Inverse Direction: 
1 0 0
0 -1 0
0 0 1

  PixelContainer: 
    ImportImageContainer (0x3531010)
      RTTI typeinfo:   itk::ImportImageContainer<unsigned long, double>
      Reference Count: 1
      Modified Time: 1573
      Debug: Off
      Object Name: 
      Observers: 
        none
      Pointer: 0x1459488d8010
      Container manages memory: true
      Size: 11534336
      Capacity: 11534336

     Weighting = 1
     Sampling strategy = regular
     Number of bins = 32
     Radius = 4
     Sampling percentage  = 0.25
   Transform = Rigid
     Gradient step = 0.1
     Update field sigma (voxel space) = 0
     Total field sigma (voxel space) = 0
     Update field time sigma = 0
     Total field time sigma  = 0
     Number of time indices = 0
     Number of time point samples = 0
Registration using 1 total stages.

Stage 0
  iterations = 1000x500x250x100
  convergence threshold = 1e-06
  convergence window size = 10
  number of levels = 4
  using the Mattes MI metric (number of bins = 32, weight = 1, use gradient filter = 0)
  preprocessing:  winsorizing the image intensities
  Shrink factors (level 1 out of 4): [8, 8, 8]
  Shrink factors (level 2 out of 4): [4, 4, 4]
  Shrink factors (level 3 out of 4): [2, 2, 2]
  Shrink factors (level 4 out of 4): [1, 1, 1]
  smoothing sigmas per level: [3, 2, 1, 0]
  regular sampling (percentage = 0.25)

*** Running Euler3DTransform registration ***

DIAGNOSTIC,Iteration,metricValue,convergenceValue,ITERATION_TIME_INDEX,SINCE_LAST
 2DIAGNOSTIC,     1, -4.793934110288e-01, 1.797693134862e+308, 0.0000e+00, 0.0000e+00, 
 2DIAGNOSTIC,     2, -4.796516912090e-01, 1.797693134862e+308, 0.0000e+00, 0.0000e+00, 
 2DIAGNOSTIC,     3, -4.801260275028e-01, 1.797693134862e+308, 0.0000e+00, 0.0000e+00, 
 2DIAGNOSTIC,     4, -4.806676186106e-01, 1.797693134862e+308, 0.0000e+00, 0.0000e+00, 
 2DIAGNOSTIC,     5, -4.812183391340e-01, 1.797693134862e+308, 0.0000e+00, 0.0000e+00, 
 2DIAGNOSTIC,     6, -4.821170921497e-01, 1.797693134862e+308, 0.0000e+00, 0.0000e+00, 
 2DIAGNOSTIC,     7, -4.846706911144e-01, 1.797693134862e+308, 0.0000e+00, 0.0000e+00, 
 2DIAGNOSTIC,     8, -4.873254447391e-01, 1.797693134862e+308, 0.0000e+00, 0.0000e+00, 
 2DIAGNOSTIC,     9, -4.889986909618e-01, 1.797693134862e+308, 0.0000e+00, 0.0000e+00, 
 2DIAGNOSTIC,    10, -4.901923778898e-01, 1.530566065082e-03, 0.0000e+00, 0.0000e+00, 
 2DIAGNOSTIC,    11, -4.906764495634e-01, 1.544550137915e-03, 0.0000e+00, 0.0000e+00, 
 2DIAGNOSTIC,    12, -4.909788868182e-01, 1.443852758673e-03, 0.0000e+00, 0.0000e+00, 
 2DIAGNOSTIC,    13, -4.916757784499e-01, 1.279499016972e-03, 0.0000e+00, 0.0000e+00, 
 2DIAGNOSTIC,    14, -4.930195087272e-01, 1.100790643711e-03, 0.0000e+00, 0.0000e+00, 
 2DIAGNOSTIC,    15, -5.058652115238e-01, 1.365198007692e-03, 0.0000e+00, 0.0000e+00, 
 2DIAGNOSTIC,    16, -5.058435315973e-01, 1.488996709305e-03, 0.0000e+00, 0.0000e+00, 
 2DIAGNOSTIC,    17, -5.060282009881e-01, 1.558972731032e-03, 0.0000e+00, 0.0000e+00, 
 2DIAGNOSTIC,    18, -5.064420586681e-01, 1.581093764402e-03, 0.0000e+00, 0.0000e+00, 
 2DIAGNOSTIC,    19, -5.070213304226e-01, 1.519830961266e-03, 0.0000e+00, 0.0000e+00, 
 2DIAGNOSTIC,    20, -5.070516478618e-01, 1.352529580382e-03, 0.0000e+00, 0.0000e+00, 
 2DIAGNOSTIC,    21, -5.077392264410e-01, 1.107572318098e-03, 0.0000e+00, 0.0000e+00, 
 2DIAGNOSTIC,    22, -5.086486891269e-01, 8.189358545246e-04, 0.0000e+00, 0.0000e+00, 
 2DIAGNOSTIC,    23, -5.119648709903e-01, 5.820374569003e-04, 0.0000e+00, 0.0000e+00, 
 2DIAGNOSTIC,    24, -5.144611958012e-01, 3.921032962607e-04, 0.0000e+00, 0.0000e+00, 
 2DIAGNOSTIC,    25, -5.145127923493e-01, 4.765567932425e-04, 0.0000e+00, 0.0000e+00, 
 2DIAGNOSTIC,    26, -5.143600576962e-01, 5.073800673101e-04, 0.0000e+00, 0.0000e+00, 
 2DIAGNOSTIC,    27, -5.142987788460e-01, 4.909646314348e-04, 0.0000e+00, 0.0000e+00, 
 2DIAGNOSTIC,    28, -5.143389994827e-01, 4.372676597774e-04, 0.0000e+00, 0.0000e+00, 
 2DIAGNOSTIC,    29, -5.143122053987e-01, 3.562765918278e-04, 0.0000e+00, 0.0000e+00, 
 2DIAGNOSTIC,    30, -5.142793769888e-01, 2.478404211824e-04, 0.0000e+00, 0.0000e+00, 
 2DIAGNOSTIC,    31, -5.142791480739e-01, 1.368651195527e-04, 0.0000e+00, 0.0000e+00, 
 2DIAGNOSTIC,    32, -5.142472719518e-01, 3.453332554724e-05, 0.0000e+00, 0.0000e+00, 
DIAGNOSTIC,Iteration,metricValue,convergenceValue,ITERATION_TIME_INDEX,SINCE_LAST
 2DIAGNOSTIC,     1, -4.263256101690e-01, 1.797693134862e+308, 0.0000e+00, 0.0000e+00, 
 2DIAGNOSTIC,     2, -4.267332077657e-01, 1.797693134862e+308, 0.0000e+00, 0.0000e+00, 
 2DIAGNOSTIC,     3, -4.272132789261e-01, 1.797693134862e+308, 0.0000e+00, 0.0000e+00, 
 2DIAGNOSTIC,     4, -4.281307727537e-01, 1.797693134862e+308, 0.0000e+00, 0.0000e+00, 
 2DIAGNOSTIC,     5, -4.291270532491e-01, 1.797693134862e+308, 0.0000e+00, 0.0000e+00, 
 2DIAGNOSTIC,     6, -4.299017247703e-01, 1.797693134862e+308, 0.0000e+00, 0.0000e+00, 
 2DIAGNOSTIC,     7, -4.306954953773e-01, 1.797693134862e+308, 0.0000e+00, 0.0000e+00, 
 2DIAGNOSTIC,     8, -4.316113138095e-01, 1.797693134862e+308, 0.0000e+00, 0.0000e+00, 
 2DIAGNOSTIC,     9, -4.317390535732e-01, 1.797693134862e+308, 0.0000e+00, 0.0000e+00, 
 2DIAGNOSTIC,    10, -4.317715206334e-01, 9.421061585235e-04, 0.0000e+00, 0.0000e+00, 
 2DIAGNOSTIC,    11, -4.318952101281e-01, 7.799758402253e-04, 0.0000e+00, 0.0000e+00, 
 2DIAGNOSTIC,    12, -4.318971579838e-01, 5.972678855968e-04, 0.0000e+00, 0.0000e+00, 
 2DIAGNOSTIC,    13, -4.318972768757e-01, 4.123584644203e-04, 0.0000e+00, 0.0000e+00, 
 2DIAGNOSTIC,    14, -4.318969881711e-01, 2.593633364737e-04, 0.0000e+00, 0.0000e+00, 
 2DIAGNOSTIC,    15, -4.318969881711e-01, 1.470941496944e-04, 0.0000e+00, 0.0000e+00, 
 2DIAGNOSTIC,    16, -4.318969049383e-01, 6.691052750908e-05, 0.0000e+00, 0.0000e+00, 
 2DIAGNOSTIC,    17, -4.318969049797e-01, 1.990815660712e-05, 0.0000e+00, 0.0000e+00, 
 2DIAGNOSTIC,    18, -4.318969049797e-01, 9.849255790832e-06, 0.0000e+00, 0.0000e+00, 
 2DIAGNOSTIC,    19, -4.318967726319e-01, 4.394169923781e-06, 0.0000e+00, 0.0000e+00, 
DIAGNOSTIC,Iteration,metricValue,convergenceValue,ITERATION_TIME_INDEX,SINCE_LAST
 2DIAGNOSTIC,     1, -3.773288595919e-01, 1.797693134862e+308, 0.0000e+00, 0.0000e+00, 
 2DIAGNOSTIC,     2, -3.773301912771e-01, 1.797693134862e+308, 0.0000e+00, 0.0000e+00, 
 2DIAGNOSTIC,     3, -3.773299679004e-01, 1.797693134862e+308, 0.0000e+00, 0.0000e+00, 
 2DIAGNOSTIC,     4, -3.773295775226e-01, 1.797693134862e+308, 0.0000e+00, 0.0000e+00, 
 2DIAGNOSTIC,     5, -3.773294594603e-01, 1.797693134862e+308, 0.0000e+00, 0.0000e+00, 
 2DIAGNOSTIC,     6, -3.773294541093e-01, 1.797693134862e+308, 0.0000e+00, 0.0000e+00, 
 2DIAGNOSTIC,     7, -3.773293797783e-01, 1.797693134862e+308, 0.0000e+00, 0.0000e+00, 
 2DIAGNOSTIC,     8, -3.773280492010e-01, 1.797693134862e+308, 0.0000e+00, 0.0000e+00, 
 2DIAGNOSTIC,     9, -3.773281059884e-01, 1.797693134862e+308, 0.0000e+00, 0.0000e+00, 
DIAGNOSTIC,Iteration,metricValue,convergenceValue,ITERATION_TIME_INDEX,SINCE_LAST
 2DIAGNOSTIC,     1, -3.489286935393e-01, 1.797693134862e+308, 0.0000e+00, 0.0000e+00, 
 2DIAGNOSTIC,     2, -3.492255476553e-01, 1.797693134862e+308, 0.0000e+00, 0.0000e+00, 
 2DIAGNOSTIC,     3, -3.495659996399e-01, 1.797693134862e+308, 0.0000e+00, 0.0000e+00, 
 2DIAGNOSTIC,     4, -3.497975400611e-01, 1.797693134862e+308, 0.0000e+00, 0.0000e+00, 
 2DIAGNOSTIC,     5, -3.498558123694e-01, 1.797693134862e+308, 0.0000e+00, 0.0000e+00, 
 2DIAGNOSTIC,     6, -3.498996802634e-01, 1.797693134862e+308, 0.0000e+00, 0.0000e+00, 
 2DIAGNOSTIC,     7, -3.502041836148e-01, 1.797693134862e+308, 0.0000e+00, 0.0000e+00, 
 2DIAGNOSTIC,     8, -3.502318847400e-01, 1.797693134862e+308, 0.0000e+00, 0.0000e+00, 
 2DIAGNOSTIC,     9, -3.502799348792e-01, 1.797693134862e+308, 0.0000e+00, 0.0000e+00, 
 2DIAGNOSTIC,    10, -3.502941965237e-01, 2.397502333824e-04, 0.0000e+00, 0.0000e+00, 
 2DIAGNOSTIC,    11, -3.504302222649e-01, 1.776212685276e-04, 0.0000e+00, 0.0000e+00, 
 2DIAGNOSTIC,    12, -3.504257752119e-01, 1.287516634204e-04, 0.0000e+00, 0.0000e+00, 
 2DIAGNOSTIC,    13, -3.503676604631e-01, 9.311312778680e-05, 0.0000e+00, 0.0000e+00, 
 2DIAGNOSTIC,    14, -3.504298210923e-01, 7.153590989825e-05, 0.0000e+00, 0.0000e+00, 
 2DIAGNOSTIC,    15, -3.504712390535e-01, 5.167222577683e-05, 0.0000e+00, 0.0000e+00, 
 2DIAGNOSTIC,    16, -3.502389108874e-01, 1.941953211318e-05, 0.0000e+00, 0.0000e+00, 
 2DIAGNOSTIC,    17, -3.502557731250e-01, 4.903663982675e-06, 0.0000e+00, 0.0000e+00, 
  Elapsed time (stage 0): 0.0000e+00


Total elapsed time: 0.0000e+00
VFC_BACKENDS=libinterflop_vprec.so --range-binary32=7 --precision-binary32=11 --range-binary64=7 --precision-binary64=11
Info [verificarlo]: loaded backend libinterflop_vprec.so
Info [interflop-vprec]: load backend with: 
Info [interflop-vprec]: precision-binary32 = 11
Info [interflop-vprec]: range-binary32 = 7
Info [interflop-vprec]: precision-binary64 = 11
Info [interflop-vprec]: range-binary64 = 7
Info [interflop-vprec]: mode = ob
Info [interflop-vprec]: error-mode = rel
Info [interflop-vprec]: max-abs-error-exponent = -1022
Info [interflop-vprec]: daz = false
Info [interflop-vprec]: ftz = false
Info [interflop-vprec]: 	instrument = none
Info [interflop-vprec]: 	prec-input-file = (null)
Info [interflop-vprec]: 	prec-output-file = (null)
Info [interflop-vprec]: 	prec-log-file = (null)
All_Command_lines_OK
Using double precision for computations.
=============================================================================
The composite transform comprises the following transforms (in order): 
  1. /project/rrg-glatard/mdugre/datasets/corr/RawDataBIDS/BMB_1/derivatives/vprec-space_search/0111/r7-p11/sub-0003045/rigid_Composite.h5[0] (type = Euler3DTransform)
  2. /project/rrg-glatard/mdugre/datasets/corr/RawDataBIDS/BMB_1/derivatives/vprec-space_search/0111/r7-p11/sub-0003045/rigid_Composite.h5[1] (type = Euler3DTransform)
  3. /project/rrg-glatard/mdugre/datasets/corr/RawDataBIDS/BMB_1/derivatives/vprec-space_search/0111/r7-p11/sub-0003045/rigid_Composite.h5[2] (type = Euler3DTransform)
=============================================================================
  number of levels = 4
  fixed image: /templateflow/tpl-MNI152NLin2009cAsym/tpl-MNI152NLin2009cAsym_res-01_desc-brain_T1w.nii.gz
  moving image: /project/rrg-glatard/mdugre/datasets/corr/RawDataBIDS/BMB_1/derivatives/antsBrainExtraction/sub-0003045/BrainExtractionBrain.nii.gz
Dimension = 3
Number of stages = 1
Use histogram matching = false
Winsorize image intensities = true
  Lower quantile = 0.005
  Upper quantile = 0.995


Stage 1 State
   Image metric = MattesMI
     Fixed image = Image (0x4ab7300)
  RTTI typeinfo:   itk::Image<double, 3u>
  Reference Count: 2
  Modified Time: 1592
  Debug: Off
  Object Name: 
  Observers: 
    none
  Source: (none)
  Source output name: (none)
  Release Data: Off
  Data Released: False
  Global Release Data: Off
  PipelineMTime: 0
  UpdateMTime: 1203
  RealTimeStamp: 0 seconds 
  LargestPossibleRegion: 
    Dimension: 3
    Index: [0, 0, 0]
    Size: [193, 229, 193]
  BufferedRegion: 
    Dimension: 3
    Index: [0, 0, 0]
    Size: [193, 229, 193]
  RequestedRegion: 
    Dimension: 3
    Index: [0, 0, 0]
    Size: [193, 229, 193]
  Spacing: [1, 1, 1]
  Origin: [96, 132, -78]
  Direction: 
-1 0 0
0 -1 0
0 0 1

  IndexToPointMatrix: 
-1 0 0
0 -1 0
0 0 1

  PointToIndexMatrix: 
-1 0 0
0 -1 0
0 0 1

  Inverse Direction: 
-1 0 0
0 -1 0
0 0 1

  PixelContainer: 
    ImportImageContainer (0x4b2fc30)
      RTTI typeinfo:   itk::ImportImageContainer<unsigned long, double>
      Reference Count: 1
      Modified Time: 1200
      Debug: Off
      Object Name: 
      Observers: 
        none
      Pointer: 0x150ffc741010
      Container manages memory: true
      Size: 8530021
      Capacity: 8530021

     Moving image = Image (0x4b71e80)
  RTTI typeinfo:   itk::Image<double, 3u>
  Reference Count: 2
  Modified Time: 1593
  Debug: Off
  Object Name: 
  Observers: 
    none
  Source: (none)
  Source output name: (none)
  Release Data: Off
  Data Released: False
  Global Release Data: Off
  PipelineMTime: 0
  UpdateMTime: 1590
  RealTimeStamp: 0 seconds 
  LargestPossibleRegion: 
    Dimension: 3
    Index: [0, 0, 0]
    Size: [176, 256, 256]
  BufferedRegion: 
    Dimension: 3
    Index: [0, 0, 0]
    Size: [176, 256, 256]
  RequestedRegion: 
    Dimension: 3
    Index: [0, 0, 0]
    Size: [176, 256, 256]
  Spacing: [1, 1, 1]
  Origin: [-81.75, 129.875, -125.156]
  Direction: 
1 0 0
0 -1 0
0 0 1

  IndexToPointMatrix: 
1 0 0
0 -1 0
0 0 1

  PointToIndexMatrix: 
1 0 0
0 -1 0
0 0 1

  Inverse Direction: 
1 0 0
0 -1 0
0 0 1

  PixelContainer: 
    ImportImageContainer (0x4c47fd0)
      RTTI typeinfo:   itk::ImportImageContainer<unsigned long, double>
      Reference Count: 1
      Modified Time: 1587
      Debug: Off
      Object Name: 
      Observers: 
        none
      Pointer: 0x150ff6f40010
      Container manages memory: true
      Size: 11534336
      Capacity: 11534336

     Weighting = 1
     Sampling strategy = regular
     Number of bins = 32
     Radius = 4
     Sampling percentage  = 0.25
   Transform = Affine
     Gradient step = 0.1
     Update field sigma (voxel space) = 0
     Total field sigma (voxel space) = 0
     Update field time sigma = 0
     Total field time sigma  = 0
     Number of time indices = 0
     Number of time point samples = 0
Registration using 1 total stages.

Stage 0
  iterations = 1000x500x250x100
  convergence threshold = 1e-06
  convergence window size = 10
  number of levels = 4
  using the Mattes MI metric (number of bins = 32, weight = 1, use gradient filter = 0)
  preprocessing:  winsorizing the image intensities
  Shrink factors (level 1 out of 4): [8, 8, 8]
  Shrink factors (level 2 out of 4): [4, 4, 4]
  Shrink factors (level 3 out of 4): [2, 2, 2]
  Shrink factors (level 4 out of 4): [1, 1, 1]
  smoothing sigmas per level: [3, 2, 1, 0]
  regular sampling (percentage = 0.25)

*** Running AffineTransform registration ***

DIAGNOSTIC,Iteration,metricValue,convergenceValue,ITERATION_TIME_INDEX,SINCE_LAST
 2DIAGNOSTIC,     1, -5.228178363100e-01, 1.797693134862e+308, 0.0000e+00, 0.0000e+00, 
 2DIAGNOSTIC,     2, -5.241649662891e-01, 1.797693134862e+308, 0.0000e+00, 0.0000e+00, 
 2DIAGNOSTIC,     3, -5.266758805579e-01, 1.797693134862e+308, 0.0000e+00, 0.0000e+00, 
 2DIAGNOSTIC,     4, -5.310042979562e-01, 1.797693134862e+308, 0.0000e+00, 0.0000e+00, 
 2DIAGNOSTIC,     5, -5.364755455771e-01, 1.797693134862e+308, 0.0000e+00, 0.0000e+00, 
 2DIAGNOSTIC,     6, -5.447013426963e-01, 1.797693134862e+308, 0.0000e+00, 0.0000e+00, 
 2DIAGNOSTIC,     7, -5.604670654052e-01, 1.797693134862e+308, 0.0000e+00, 0.0000e+00, 
 2DIAGNOSTIC,     8, -5.974916707086e-01, 1.797693134862e+308, 0.0000e+00, 0.0000e+00, 
 2DIAGNOSTIC,     9, -6.782205271532e-01, 1.797693134862e+308, 0.0000e+00, 0.0000e+00, 
 2DIAGNOSTIC,    10, -8.022588873346e-01, 2.336469039616e-02, 0.0000e+00, 0.0000e+00, 
 2DIAGNOSTIC,    11, -8.140669944446e-01, 2.847270989018e-02, 0.0000e+00, 0.0000e+00, 
 2DIAGNOSTIC,    12, -8.157492574611e-01, 3.017324278329e-02, 0.0000e+00, 0.0000e+00, 
 2DIAGNOSTIC,    13, -8.166379953852e-01, 2.903328130487e-02, 0.0000e+00, 0.0000e+00, 
 2DIAGNOSTIC,    14, -8.170893125789e-01, 2.561223135824e-02, 0.0000e+00, 0.0000e+00, 
 2DIAGNOSTIC,    15, -8.169622999056e-01, 2.055679358261e-02, 0.0000e+00, 0.0000e+00, 
 2DIAGNOSTIC,    16, -8.170392955592e-01, 1.465207822980e-02, 0.0000e+00, 0.0000e+00, 
 2DIAGNOSTIC,    17, -8.171991750243e-01, 8.689952084067e-03, 0.0000e+00, 0.0000e+00, 
 2DIAGNOSTIC,    18, -8.170899709652e-01, 3.556765342881e-03, 0.0000e+00, 0.0000e+00, 
 2DIAGNOSTIC,    19, -8.172838781247e-01, 4.066450696744e-04, 0.0000e+00, 0.0000e+00, 
 2DIAGNOSTIC,    20, -8.172192031135e-01, 9.900933762125e-05, 0.0000e+00, 0.0000e+00, 
 2DIAGNOSTIC,    21, -8.172484455115e-01, 4.279195305994e-05, 0.0000e+00, 0.0000e+00, 
 2DIAGNOSTIC,    22, -8.172166060882e-01, 1.808449122912e-05, 0.0000e+00, 0.0000e+00, 
 2DIAGNOSTIC,    23, -8.173361338325e-01, 1.136372045889e-05, 0.0000e+00, 0.0000e+00, 
 2DIAGNOSTIC,    24, -8.173270290882e-01, 1.152104763701e-05, 0.0000e+00, 0.0000e+00, 
 2DIAGNOSTIC,    25, -8.173354605846e-01, 8.715227083872e-06, 0.0000e+00, 0.0000e+00, 
 2DIAGNOSTIC,    26, -8.174521436235e-01, 8.230483061471e-06, 0.0000e+00, 0.0000e+00, 
 2DIAGNOSTIC,    27, -8.174445694799e-01, 9.225086133970e-06, 0.0000e+00, 0.0000e+00, 
 2DIAGNOSTIC,    28, -8.174350570247e-01, 7.548095599538e-06, 0.0000e+00, 0.0000e+00, 
 2DIAGNOSTIC,    29, -8.174367340127e-01, 7.939520860270e-06, 0.0000e+00, 0.0000e+00, 
 2DIAGNOSTIC,    30, -8.174307527605e-01, 6.647222801553e-06, 0.0000e+00, 0.0000e+00, 
 2DIAGNOSTIC,    31, -8.174282949194e-01, 5.154279742618e-06, 0.0000e+00, 0.0000e+00, 
 2DIAGNOSTIC,    32, -8.174230299748e-01, 2.790835158729e-06, 0.0000e+00, 0.0000e+00, 
 2DIAGNOSTIC,    33, -8.174230299748e-01, 1.729089530049e-06, 0.0000e+00, 0.0000e+00, 
DIAGNOSTIC,Iteration,metricValue,convergenceValue,ITERATION_TIME_INDEX,SINCE_LAST
 2DIAGNOSTIC,     1, -6.977523954888e-01, 1.797693134862e+308, 0.0000e+00, 0.0000e+00, 
 2DIAGNOSTIC,     2, -6.982361451934e-01, 1.797693134862e+308, 0.0000e+00, 0.0000e+00, 
 2DIAGNOSTIC,     3, -6.989082971431e-01, 1.797693134862e+308, 0.0000e+00, 0.0000e+00, 
 2DIAGNOSTIC,     4, -6.998887969751e-01, 1.797693134862e+308, 0.0000e+00, 0.0000e+00, 
 2DIAGNOSTIC,     5, -7.012217785291e-01, 1.797693134862e+308, 0.0000e+00, 0.0000e+00, 
 2DIAGNOSTIC,     6, -7.025027627684e-01, 1.797693134862e+308, 0.0000e+00, 0.0000e+00, 
 2DIAGNOSTIC,     7, -7.033084958169e-01, 1.797693134862e+308, 0.0000e+00, 0.0000e+00, 
 2DIAGNOSTIC,     8, -7.035012832444e-01, 1.797693134862e+308, 0.0000e+00, 0.0000e+00, 
 2DIAGNOSTIC,     9, -7.035942725716e-01, 1.797693134862e+308, 0.0000e+00, 0.0000e+00, 
 2DIAGNOSTIC,    10, -7.036126577515e-01, 6.311604692619e-04, 0.0000e+00, 0.0000e+00, 
 2DIAGNOSTIC,    11, -7.036218280690e-01, 4.896432300081e-04, 0.0000e+00, 0.0000e+00, 
 2DIAGNOSTIC,    12, -7.036460611111e-01, 3.449183081174e-04, 0.0000e+00, 0.0000e+00, 
 2DIAGNOSTIC,    13, -7.036586465803e-01, 2.127737935650e-04, 0.0000e+00, 0.0000e+00, 
 2DIAGNOSTIC,    14, -7.036940896774e-01, 1.092677224426e-04, 0.0000e+00, 0.0000e+00, 
 2DIAGNOSTIC,    15, -7.036949395862e-01, 4.494121123673e-05, 0.0000e+00, 0.0000e+00, 
 2DIAGNOSTIC,    16, -7.036965917728e-01, 1.651813754674e-05, 0.0000e+00, 0.0000e+00, 
 2DIAGNOSTIC,    17, -7.036966891846e-01, 9.011305875668e-06, 0.0000e+00, 0.0000e+00, 
 2DIAGNOSTIC,    18, -7.036958154352e-01, 5.761645381477e-06, 0.0000e+00, 0.0000e+00, 
 2DIAGNOSTIC,    19, -7.036960717155e-01, 4.293482495060e-06, 0.0000e+00, 0.0000e+00, 
 2DIAGNOSTIC,    20, -7.036965721607e-01, 2.957211384449e-06, 0.0000e+00, 0.0000e+00, 
 2DIAGNOSTIC,    21, -7.036970793450e-01, 1.659297456935e-06, 0.0000e+00, 0.0000e+00, 
DIAGNOSTIC,Iteration,metricValue,convergenceValue,ITERATION_TIME_INDEX,SINCE_LAST
 2DIAGNOSTIC,     1, -5.987811617562e-01, 1.797693134862e+308, 0.0000e+00, 0.0000e+00, 
 2DIAGNOSTIC,     2, -5.991313602364e-01, 1.797693134862e+308, 0.0000e+00, 0.0000e+00, 
 2DIAGNOSTIC,     3, -5.996693277394e-01, 1.797693134862e+308, 0.0000e+00, 0.0000e+00, 
 2DIAGNOSTIC,     4, -6.001350371085e-01, 1.797693134862e+308, 0.0000e+00, 0.0000e+00, 
 2DIAGNOSTIC,     5, -6.006655759051e-01, 1.797693134862e+308, 0.0000e+00, 0.0000e+00, 
 2DIAGNOSTIC,     6, -6.011127574507e-01, 1.797693134862e+308, 0.0000e+00, 0.0000e+00, 
 2DIAGNOSTIC,     7, -6.012830669319e-01, 1.797693134862e+308, 0.0000e+00, 0.0000e+00, 
 2DIAGNOSTIC,     8, -6.017388606124e-01, 1.797693134862e+308, 0.0000e+00, 0.0000e+00, 
 2DIAGNOSTIC,     9, -6.017681877512e-01, 1.797693134862e+308, 0.0000e+00, 0.0000e+00, 
 2DIAGNOSTIC,    10, -6.016482686431e-01, 3.422837260348e-04, 0.0000e+00, 0.0000e+00, 
 2DIAGNOSTIC,    11, -6.016616317426e-01, 2.552620442455e-04, 0.0000e+00, 0.0000e+00, 
 2DIAGNOSTIC,    12, -6.016564633241e-01, 1.731392877887e-04, 0.0000e+00, 0.0000e+00, 
 2DIAGNOSTIC,    13, -6.016413113301e-01, 1.067020471483e-04, 0.0000e+00, 0.0000e+00, 
 2DIAGNOSTIC,    14, -6.016338691961e-01, 5.528240828961e-05, 0.0000e+00, 0.0000e+00, 
 2DIAGNOSTIC,    15, -6.016351323690e-01, 2.239949048746e-05, 0.0000e+00, 0.0000e+00, 
 2DIAGNOSTIC,    16, -6.016357527432e-01, 4.840387772889e-06, 0.0000e+00, 0.0000e+00, 
DIAGNOSTIC,Iteration,metricValue,convergenceValue,ITERATION_TIME_INDEX,SINCE_LAST
 2DIAGNOSTIC,     1, -5.385300720072e-01, 1.797693134862e+308, 0.0000e+00, 0.0000e+00, 
 2DIAGNOSTIC,     2, -5.389521903468e-01, 1.797693134862e+308, 0.0000e+00, 0.0000e+00, 
 2DIAGNOSTIC,     3, -5.394424689354e-01, 1.797693134862e+308, 0.0000e+00, 0.0000e+00, 
 2DIAGNOSTIC,     4, -5.398750995141e-01, 1.797693134862e+308, 0.0000e+00, 0.0000e+00, 
 2DIAGNOSTIC,     5, -5.402296890981e-01, 1.797693134862e+308, 0.0000e+00, 0.0000e+00, 
 2DIAGNOSTIC,     6, -5.402084637171e-01, 1.797693134862e+308, 0.0000e+00, 0.0000e+00, 
 2DIAGNOSTIC,     7, -5.401998068739e-01, 1.797693134862e+308, 0.0000e+00, 0.0000e+00, 
 2DIAGNOSTIC,     8, -5.402242895934e-01, 1.797693134862e+308, 0.0000e+00, 0.0000e+00, 
 2DIAGNOSTIC,     9, -5.402299082925e-01, 1.797693134862e+308, 0.0000e+00, 0.0000e+00, 
 2DIAGNOSTIC,    10, -5.402419799676e-01, 1.855863558523e-04, 0.0000e+00, 0.0000e+00, 
 2DIAGNOSTIC,    11, -5.401954647859e-01, 1.046614150660e-04, 0.0000e+00, 0.0000e+00, 
 2DIAGNOSTIC,    12, -5.401986532927e-01, 4.644651033688e-05, 0.0000e+00, 0.0000e+00, 
 2DIAGNOSTIC,    13, -5.401971501894e-01, 1.241212748063e-05, 0.0000e+00, 0.0000e+00, 
  Elapsed time (stage 0): 0.0000e+00


Total elapsed time: 0.0000e+00
VFC_BACKENDS=libinterflop_vprec.so --range-binary32=7 --precision-binary32=11 --range-binary64=7 --precision-binary64=11
Info [verificarlo]: loaded backend libinterflop_vprec.so
Info [interflop-vprec]: load backend with: 
Info [interflop-vprec]: precision-binary32 = 11
Info [interflop-vprec]: range-binary32 = 7
Info [interflop-vprec]: precision-binary64 = 11
Info [interflop-vprec]: range-binary64 = 7
Info [interflop-vprec]: mode = ob
Info [interflop-vprec]: error-mode = rel
Info [interflop-vprec]: max-abs-error-exponent = -1022
Info [interflop-vprec]: daz = false
Info [interflop-vprec]: ftz = false
Info [interflop-vprec]: 	instrument = none
Info [interflop-vprec]: 	prec-input-file = (null)
Info [interflop-vprec]: 	prec-output-file = (null)
Info [interflop-vprec]: 	prec-log-file = (null)
All_Command_lines_OK
Using double precision for computations.
=============================================================================
The composite transform comprises the following transforms (in order): 
  1. /project/rrg-glatard/mdugre/datasets/corr/RawDataBIDS/BMB_1/derivatives/vprec-space_search/0111/r7-p11/sub-0003045/affine_Composite.h5[0] (type = Euler3DTransform)
  2. /project/rrg-glatard/mdugre/datasets/corr/RawDataBIDS/BMB_1/derivatives/vprec-space_search/0111/r7-p11/sub-0003045/affine_Composite.h5[1] (type = Euler3DTransform)
  3. /project/rrg-glatard/mdugre/datasets/corr/RawDataBIDS/BMB_1/derivatives/vprec-space_search/0111/r7-p11/sub-0003045/affine_Composite.h5[2] (type = Euler3DTransform)
  4. /project/rrg-glatard/mdugre/datasets/corr/RawDataBIDS/BMB_1/derivatives/vprec-space_search/0111/r7-p11/sub-0003045/affine_Composite.h5[3] (type = AffineTransform)
=============================================================================
  number of levels = 4
  fixed image: /templateflow/tpl-MNI152NLin2009cAsym/tpl-MNI152NLin2009cAsym_res-01_desc-brain_T1w.nii.gz
  moving image: /project/rrg-glatard/mdugre/datasets/corr/RawDataBIDS/BMB_1/derivatives/antsBrainExtraction/sub-0003045/BrainExtractionBrain.nii.gz
Dimension = 3
Number of stages = 1
Use histogram matching = false
Winsorize image intensities = true
  Lower quantile = 0.005
  Upper quantile = 0.995


Stage 1 State
   Image metric = CC
     Fixed image = Image (0x3c0d4c0)
  RTTI typeinfo:   itk::Image<double, 3u>
  Reference Count: 2
  Modified Time: 1606
  Debug: Off
  Object Name: 
  Observers: 
    none
  Source: (none)
  Source output name: (none)
  Release Data: Off
  Data Released: False
  Global Release Data: Off
  PipelineMTime: 0
  UpdateMTime: 1217
  RealTimeStamp: 0 seconds 
  LargestPossibleRegion: 
    Dimension: 3
    Index: [0, 0, 0]
    Size: [193, 229, 193]
  BufferedRegion: 
    Dimension: 3
    Index: [0, 0, 0]
    Size: [193, 229, 193]
  RequestedRegion: 
    Dimension: 3
    Index: [0, 0, 0]
    Size: [193, 229, 193]
  Spacing: [1, 1, 1]
  Origin: [96, 132, -78]
  Direction: 
-1 0 0
0 -1 0
0 0 1

  IndexToPointMatrix: 
-1 0 0
0 -1 0
0 0 1

  PointToIndexMatrix: 
-1 0 0
0 -1 0
0 0 1

  Inverse Direction: 
-1 0 0
0 -1 0
0 0 1

  PixelContainer: 
    ImportImageContainer (0x3cda010)
      RTTI typeinfo:   itk::ImportImageContainer<unsigned long, double>
      Reference Count: 1
      Modified Time: 1214
      Debug: Off
      Object Name: 
      Observers: 
        none
      Pointer: 0x1545eb78a010
      Container manages memory: true
      Size: 8530021
      Capacity: 8530021

     Moving image = Image (0x3ce4f40)
  RTTI typeinfo:   itk::Image<double, 3u>
  Reference Count: 2
  Modified Time: 1607
  Debug: Off
  Object Name: 
  Observers: 
    none
  Source: (none)
  Source output name: (none)
  Release Data: Off
  Data Released: False
  Global Release Data: Off
  PipelineMTime: 0
  UpdateMTime: 1604
  RealTimeStamp: 0 seconds 
  LargestPossibleRegion: 
    Dimension: 3
    Index: [0, 0, 0]
    Size: [176, 256, 256]
  BufferedRegion: 
    Dimension: 3
    Index: [0, 0, 0]
    Size: [176, 256, 256]
  RequestedRegion: 
    Dimension: 3
    Index: [0, 0, 0]
    Size: [176, 256, 256]
  Spacing: [1, 1, 1]
  Origin: [-81.75, 129.875, -125.156]
  Direction: 
1 0 0
0 -1 0
0 0 1

  IndexToPointMatrix: 
1 0 0
0 -1 0
0 0 1

  PointToIndexMatrix: 
1 0 0
0 -1 0
0 0 1

  Inverse Direction: 
1 0 0
0 -1 0
0 0 1

  PixelContainer: 
    ImportImageContainer (0x3c50110)
      RTTI typeinfo:   itk::ImportImageContainer<unsigned long, double>
      Reference Count: 1
      Modified Time: 1601
      Debug: Off
      Object Name: 
      Observers: 
        none
      Pointer: 0x1545e5f89010
      Container manages memory: true
      Size: 11534336
      Capacity: 11534336

     Weighting = 1
     Sampling strategy = none
     Number of bins = 32
     Radius = 4
     Sampling percentage  = 1
   Transform = SyN
     Gradient step = 0.1
     Update field sigma (voxel space) = 3
     Total field sigma (voxel space) = 0
     Update field time sigma = 0
     Total field time sigma  = 0
     Number of time indices = 0
     Number of time point samples = 0
Registration using 1 total stages.

Stage 0
  iterations = 100x70x50x20
  convergence threshold = 1e-06
  convergence window size = 10
  number of levels = 4
  using the CC metric (radius = 4, weight = 1, use gradient filter = 0)
  preprocessing:  winsorizing the image intensities
  Shrink factors (level 1 out of 4): [8, 8, 8]
  Shrink factors (level 2 out of 4): [4, 4, 4]
  Shrink factors (level 3 out of 4): [2, 2, 2]
  Shrink factors (level 4 out of 4): [1, 1, 1]
  smoothing sigmas per level: [3, 2, 1, 0]
  Using default NONE metricSamplingStrategy 

*** Running SyN registration (varianceForUpdateField = 3, varianceForTotalField = 0) ***

XXDIAGNOSTIC,Iteration,metricValue,convergenceValue,ITERATION_TIME_INDEX,SINCE_LAST
 1DIAGNOSTIC,     1, -9.252929687500e-01, 1.797693134862e+308, 0.0000e+00, 0.0000e+00, 
 1DIAGNOSTIC,     2, -9.343261718750e-01, 1.797693134862e+308, 0.0000e+00, 0.0000e+00, 
 1DIAGNOSTIC,     3, -9.401855468750e-01, 1.797693134862e+308, 0.0000e+00, 0.0000e+00, 
 1DIAGNOSTIC,     4, -9.433593750000e-01, 1.797693134862e+308, 0.0000e+00, 0.0000e+00, 
 1DIAGNOSTIC,     5, -9.462890625000e-01, 1.797693134862e+308, 0.0000e+00, 0.0000e+00, 
 1DIAGNOSTIC,     6, -9.494628906250e-01, 1.797693134862e+308, 0.0000e+00, 0.0000e+00, 
 1DIAGNOSTIC,     7, -9.531250000000e-01, 1.797693134862e+308, 0.0000e+00, 0.0000e+00, 
 1DIAGNOSTIC,     8, -9.565429687500e-01, 1.797693134862e+308, 0.0000e+00, 0.0000e+00, 
 1DIAGNOSTIC,     9, -9.597167968750e-01, 1.797693134862e+308, 0.0000e+00, 0.0000e+00, 
 1DIAGNOSTIC,    10, -9.606933593750e-01, 2.225403048931e-03, 0.0000e+00, 0.0000e+00, 
 1DIAGNOSTIC,    11, -9.616699218750e-01, 1.692934340421e-03, 0.0000e+00, 0.0000e+00, 
 1DIAGNOSTIC,    12, -9.624023437500e-01, 1.338946304641e-03, 0.0000e+00, 0.0000e+00, 
 1DIAGNOSTIC,    13, -9.631347656250e-01, 1.069036626019e-03, 0.0000e+00, 0.0000e+00, 
 1DIAGNOSTIC,    14, -9.636230468750e-01, 8.181426196066e-04, 0.0000e+00, 0.0000e+00, 
 1DIAGNOSTIC,    15, -9.638671875000e-01, 5.892920412385e-04, 0.0000e+00, 0.0000e+00, 
 1DIAGNOSTIC,    16, -9.643554687500e-01, 4.031720341179e-04, 0.0000e+00, 0.0000e+00, 
 1DIAGNOSTIC,    17, -9.643554687500e-01, 2.651470063833e-04, 0.0000e+00, 0.0000e+00, 
 1DIAGNOSTIC,    18, -9.650878906250e-01, 1.856357807012e-04, 0.0000e+00, 0.0000e+00, 
 1DIAGNOSTIC,    19, -9.648437500000e-01, 1.428265563716e-04, 0.0000e+00, 0.0000e+00, 
 1DIAGNOSTIC,    20, -9.655761718750e-01, 1.165027782773e-04, 0.0000e+00, 0.0000e+00, 
 1DIAGNOSTIC,    21, -9.653320312500e-01, 9.187471155108e-05, 0.0000e+00, 0.0000e+00, 
 1DIAGNOSTIC,    22, -9.658203125000e-01, 7.736948242608e-05, 0.0000e+00, 0.0000e+00, 
 1DIAGNOSTIC,    23, -9.658203125000e-01, 6.610655688287e-05, 0.0000e+00, 0.0000e+00, 
 1DIAGNOSTIC,    24, -9.660644531250e-01, 5.865266759280e-05, 0.0000e+00, 0.0000e+00, 
 1DIAGNOSTIC,    25, -9.660644531250e-01, 4.905344934304e-05, 0.0000e+00, 0.0000e+00, 
 1DIAGNOSTIC,    26, -9.663085937500e-01, 4.403066418078e-05, 0.0000e+00, 0.0000e+00, 
 1DIAGNOSTIC,    27, -9.663085937500e-01, 3.499075402115e-05, 0.0000e+00, 0.0000e+00, 
 1DIAGNOSTIC,    28, -9.665527343750e-01, 3.377220926333e-05, 0.0000e+00, 0.0000e+00, 
 1DIAGNOSTIC,    29, -9.665527343750e-01, 2.671796515787e-05, 0.0000e+00, 0.0000e+00, 
 1DIAGNOSTIC,    30, -9.665527343750e-01, 2.498598870153e-05, 0.0000e+00, 0.0000e+00, 
 1DIAGNOSTIC,    31, -9.665527343750e-01, 1.857163348244e-05, 0.0000e+00, 0.0000e+00, 
 1DIAGNOSTIC,    32, -9.667968750000e-01, 1.759182338330e-05, 0.0000e+00, 0.0000e+00, 
 1DIAGNOSTIC,    33, -9.665527343750e-01, 1.268593953870e-05, 0.0000e+00, 0.0000e+00, 
 1DIAGNOSTIC,    34, -9.667968750000e-01, 1.122292222235e-05, 0.0000e+00, 0.0000e+00, 
 1DIAGNOSTIC,    35, -9.667968750000e-01, 8.702227211558e-06, 0.0000e+00, 0.0000e+00, 
 1DIAGNOSTIC,    36, -9.667968750000e-01, 7.510687228655e-06, 0.0000e+00, 0.0000e+00, 
 1DIAGNOSTIC,    37, -9.667968750000e-01, 5.619176563797e-06, 0.0000e+00, 0.0000e+00, 
 1DIAGNOSTIC,    38, -9.667968750000e-01, 5.212203000763e-06, 0.0000e+00, 0.0000e+00, 
 1DIAGNOSTIC,    39, -9.667968750000e-01, 4.335063278620e-06, 0.0000e+00, 0.0000e+00, 
 1DIAGNOSTIC,    40, -9.670410156250e-01, 4.879604626813e-06, 0.0000e+00, 0.0000e+00, 
 1DIAGNOSTIC,    41, -9.670410156250e-01, 4.838556364576e-06, 0.0000e+00, 0.0000e+00, 
 1DIAGNOSTIC,    42, -9.670410156250e-01, 6.147032856941e-06, 0.0000e+00, 0.0000e+00, 
 1DIAGNOSTIC,    43, -9.670410156250e-01, 5.108214828471e-06, 0.0000e+00, 0.0000e+00, 
 1DIAGNOSTIC,    44, -9.672851562500e-01, 6.902716338270e-06, 0.0000e+00, 0.0000e+00, 
 1DIAGNOSTIC,    45, -9.670410156250e-01, 6.280416818931e-06, 0.0000e+00, 0.0000e+00, 
 1DIAGNOSTIC,    46, -9.670410156250e-01, 5.142744560614e-06, 0.0000e+00, 0.0000e+00, 
 1DIAGNOSTIC,    47, -9.670410156250e-01, 3.593168238728e-06, 0.0000e+00, 0.0000e+00, 
 1DIAGNOSTIC,    48, -9.670410156250e-01, 1.752681713454e-06, 0.0000e+00, 0.0000e+00, 
 1DIAGNOSTIC,    49, -9.670410156250e-01, -2.420315439074e-07, 0.0000e+00, 0.0000e+00, 
XXDIAGNOSTIC,Iteration,metricValue,convergenceValue,ITERATION_TIME_INDEX,SINCE_LAST
 1DIAGNOSTIC,     1, -9.060058593750e-01, 1.797693134862e+308, 0.0000e+00, 0.0000e+00, 
 1DIAGNOSTIC,     2, -9.089355468750e-01, 1.797693134862e+308, 0.0000e+00, 0.0000e+00, 
 1DIAGNOSTIC,     3, -9.123535156250e-01, 1.797693134862e+308, 0.0000e+00, 0.0000e+00, 
 1DIAGNOSTIC,     4, -9.160156250000e-01, 1.797693134862e+308, 0.0000e+00, 0.0000e+00, 
 1DIAGNOSTIC,     5, -9.189453125000e-01, 1.797693134862e+308, 0.0000e+00, 0.0000e+00, 
 1DIAGNOSTIC,     6, -9.211425781250e-01, 1.797693134862e+308, 0.0000e+00, 0.0000e+00, 
 1DIAGNOSTIC,     7, -9.233398437500e-01, 1.797693134862e+308, 0.0000e+00, 0.0000e+00, 
 1DIAGNOSTIC,     8, -9.255371093750e-01, 1.797693134862e+308, 0.0000e+00, 0.0000e+00, 
 1DIAGNOSTIC,     9, -9.272460937500e-01, 1.797693134862e+308, 0.0000e+00, 0.0000e+00, 
 1DIAGNOSTIC,    10, -9.284667968750e-01, 1.592782613267e-03, 0.0000e+00, 0.0000e+00, 
 1DIAGNOSTIC,    11, -9.296875000000e-01, 1.296383668764e-03, 0.0000e+00, 0.0000e+00, 
 1DIAGNOSTIC,    12, -9.304199218750e-01, 1.026538827542e-03, 0.0000e+00, 0.0000e+00, 
 1DIAGNOSTIC,    13, -9.311523437500e-01, 8.027133870438e-04, 0.0000e+00, 0.0000e+00, 
 1DIAGNOSTIC,    14, -9.318847656250e-01, 6.337941694381e-04, 0.0000e+00, 0.0000e+00, 
 1DIAGNOSTIC,    15, -9.323730468750e-01, 4.992821288997e-04, 0.0000e+00, 0.0000e+00, 
 1DIAGNOSTIC,    16, -9.328613281250e-01, 3.870563922837e-04, 0.0000e+00, 0.0000e+00, 
 1DIAGNOSTIC,    17, -9.333496093750e-01, 3.004291468516e-04, 0.0000e+00, 0.0000e+00, 
 1DIAGNOSTIC,    18, -9.338378906250e-01, 2.410768639304e-04, 0.0000e+00, 0.0000e+00, 
 1DIAGNOSTIC,    19, -9.340820312500e-01, 1.968668697685e-04, 0.0000e+00, 0.0000e+00, 
 1DIAGNOSTIC,    20, -9.343261718750e-01, 1.610102922720e-04, 0.0000e+00, 0.0000e+00, 
 1DIAGNOSTIC,    21, -9.345703125000e-01, 1.348923785444e-04, 0.0000e+00, 0.0000e+00, 
 1DIAGNOSTIC,    22, -9.348144531250e-01, 1.119705181286e-04, 0.0000e+00, 0.0000e+00, 
 1DIAGNOSTIC,    23, -9.350585937500e-01, 9.336269460727e-05, 0.0000e+00, 0.0000e+00, 
 1DIAGNOSTIC,    24, -9.350585937500e-01, 7.683463011106e-05, 0.0000e+00, 0.0000e+00, 
 1DIAGNOSTIC,    25, -9.353027343750e-01, 6.341394233365e-05, 0.0000e+00, 0.0000e+00, 
 1DIAGNOSTIC,    26, -9.353027343750e-01, 5.067024726039e-05, 0.0000e+00, 0.0000e+00, 
 1DIAGNOSTIC,    27, -9.355468750000e-01, 4.229875167062e-05, 0.0000e+00, 0.0000e+00, 
 1DIAGNOSTIC,    28, -9.355468750000e-01, 3.579088465502e-05, 0.0000e+00, 0.0000e+00, 
 1DIAGNOSTIC,    29, -9.357910156250e-01, 3.152039235146e-05, 0.0000e+00, 0.0000e+00, 
 1DIAGNOSTIC,    30, -9.357910156250e-01, 2.697331681129e-05, 0.0000e+00, 0.0000e+00, 
 1DIAGNOSTIC,    31, -9.357910156250e-01, 2.254984063584e-05, 0.0000e+00, 0.0000e+00, 
 1DIAGNOSTIC,    32, -9.357910156250e-01, 1.857125433157e-05, 0.0000e+00, 0.0000e+00, 
 1DIAGNOSTIC,    33, -9.357910156250e-01, 1.534728640937e-05, 0.0000e+00, 0.0000e+00, 
 1DIAGNOSTIC,    34, -9.357910156250e-01, 1.079306409417e-05, 0.0000e+00, 0.0000e+00, 
 1DIAGNOSTIC,    35, -9.357910156250e-01, 7.625445006213e-06, 0.0000e+00, 0.0000e+00, 
 1DIAGNOSTIC,    36, -9.357910156250e-01, 3.884511890598e-06, 0.0000e+00, 0.0000e+00, 
 1DIAGNOSTIC,    37, -9.357910156250e-01, 2.017896326378e-06, 0.0000e+00, 0.0000e+00, 
 1DIAGNOSTIC,    38, -9.357910156250e-01, 1.898649463344e-09, 0.0000e+00, 0.0000e+00, 
XXDIAGNOSTIC,Iteration,metricValue,convergenceValue,ITERATION_TIME_INDEX,SINCE_LAST
 1DIAGNOSTIC,     1, -8.920898437500e-01, 1.797693134862e+308, 0.0000e+00, 0.0000e+00, 
 1DIAGNOSTIC,     2, -8.947753906250e-01, 1.797693134862e+308, 0.0000e+00, 0.0000e+00, 
 1DIAGNOSTIC,     3, -8.972167968750e-01, 1.797693134862e+308, 0.0000e+00, 0.0000e+00, 
 1DIAGNOSTIC,     4, -8.999023437500e-01, 1.797693134862e+308, 0.0000e+00, 0.0000e+00, 
 1DIAGNOSTIC,     5, -9.018554687500e-01, 1.797693134862e+308, 0.0000e+00, 0.0000e+00, 
 1DIAGNOSTIC,     6, -9.035644531250e-01, 1.797693134862e+308, 0.0000e+00, 0.0000e+00, 
 1DIAGNOSTIC,     7, -9.050292968750e-01, 1.797693134862e+308, 0.0000e+00, 0.0000e+00, 
 1DIAGNOSTIC,     8, -9.064941406250e-01, 1.797693134862e+308, 0.0000e+00, 0.0000e+00, 
 1DIAGNOSTIC,     9, -9.079589843750e-01, 1.797693134862e+308, 0.0000e+00, 0.0000e+00, 
 1DIAGNOSTIC,    10, -9.091796875000e-01, 1.191093374556e-03, 0.0000e+00, 0.0000e+00, 
 1DIAGNOSTIC,    11, -9.104003906250e-01, 9.772073160748e-04, 0.0000e+00, 0.0000e+00, 
 1DIAGNOSTIC,    12, -9.113769531250e-01, 8.066255757632e-04, 0.0000e+00, 0.0000e+00, 
 1DIAGNOSTIC,    13, -9.121093750000e-01, 6.651150328116e-04, 0.0000e+00, 0.0000e+00, 
 1DIAGNOSTIC,    14, -9.130859375000e-01, 5.649524386066e-04, 0.0000e+00, 0.0000e+00, 
 1DIAGNOSTIC,    15, -9.138183593750e-01, 4.820337280663e-04, 0.0000e+00, 0.0000e+00, 
 1DIAGNOSTIC,    16, -9.147949218750e-01, 4.175064963081e-04, 0.0000e+00, 0.0000e+00, 
 1DIAGNOSTIC,    17, -9.155273437500e-01, 3.621560331867e-04, 0.0000e+00, 0.0000e+00, 
 1DIAGNOSTIC,    18, -9.162597656250e-01, 3.173910207659e-04, 0.0000e+00, 0.0000e+00, 
 1DIAGNOSTIC,    19, -9.167480468750e-01, 2.798004950575e-04, 0.0000e+00, 0.0000e+00, 
 1DIAGNOSTIC,    20, -9.174804687500e-01, 2.501974055306e-04, 0.0000e+00, 0.0000e+00, 
 1DIAGNOSTIC,    21, -9.182128906250e-01, 2.288086885252e-04, 0.0000e+00, 0.0000e+00, 
 1DIAGNOSTIC,    22, -9.187011718750e-01, 2.085575726010e-04, 0.0000e+00, 0.0000e+00, 
 1DIAGNOSTIC,    23, -9.191894531250e-01, 1.869817085039e-04, 0.0000e+00, 0.0000e+00, 
 1DIAGNOSTIC,    24, -9.196777343750e-01, 1.686719071881e-04, 0.0000e+00, 0.0000e+00, 
 1DIAGNOSTIC,    25, -9.201660156250e-01, 1.509488441336e-04, 0.0000e+00, 0.0000e+00, 
 1DIAGNOSTIC,    26, -9.204101562500e-01, 1.348076888238e-04, 0.0000e+00, 0.0000e+00, 
 1DIAGNOSTIC,    27, -9.208984375000e-01, 1.211783880157e-04, 0.0000e+00, 0.0000e+00, 
 1DIAGNOSTIC,    28, -9.213867187500e-01, 1.106088848000e-04, 0.0000e+00, 0.0000e+00, 
 1DIAGNOSTIC,    29, -9.216308593750e-01, 9.798838636404e-05, 0.0000e+00, 0.0000e+00, 
 1DIAGNOSTIC,    30, -9.218750000000e-01, 8.698123629749e-05, 0.0000e+00, 0.0000e+00, 
 1DIAGNOSTIC,    31, -9.221191406250e-01, 7.823274050172e-05, 0.0000e+00, 0.0000e+00, 
 1DIAGNOSTIC,    32, -9.223632812500e-01, 6.964306199346e-05, 0.0000e+00, 0.0000e+00, 
 1DIAGNOSTIC,    33, -9.226074218750e-01, 6.174043797528e-05, 0.0000e+00, 0.0000e+00, 
 1DIAGNOSTIC,    34, -9.228515625000e-01, 5.505911107084e-05, 0.0000e+00, 0.0000e+00, 
 1DIAGNOSTIC,    35, -9.230957031250e-01, 5.005020033269e-05, 0.0000e+00, 0.0000e+00, 
 1DIAGNOSTIC,    36, -9.230957031250e-01, 4.258575837404e-05, 0.0000e+00, 0.0000e+00, 
 1DIAGNOSTIC,    37, -9.233398437500e-01, 3.757987347187e-05, 0.0000e+00, 0.0000e+00, 
 1DIAGNOSTIC,    38, -9.235839843750e-01, 3.517843948327e-05, 0.0000e+00, 0.0000e+00, 
 1DIAGNOSTIC,    39, -9.235839843750e-01, 3.141459368216e-05, 0.0000e+00, 0.0000e+00, 
 1DIAGNOSTIC,    40, -9.238281250000e-01, 2.865156413491e-05, 0.0000e+00, 0.0000e+00, 
 1DIAGNOSTIC,    41, -9.240722656250e-01, 2.695292943232e-05, 0.0000e+00, 0.0000e+00, 
 1DIAGNOSTIC,    42, -9.240722656250e-01, 2.450015250991e-05, 0.0000e+00, 0.0000e+00, 
 1DIAGNOSTIC,    43, -9.243164062500e-01, 2.333158383991e-05, 0.0000e+00, 0.0000e+00, 
 1DIAGNOSTIC,    44, -9.245605468750e-01, 2.337584072427e-05, 0.0000e+00, 0.0000e+00, 
 1DIAGNOSTIC,    45, -9.245605468750e-01, 2.285144513683e-05, 0.0000e+00, 0.0000e+00, 
 1DIAGNOSTIC,    46, -9.248046875000e-01, 2.179570138256e-05, 0.0000e+00, 0.0000e+00, 
 1DIAGNOSTIC,    47, -9.248046875000e-01, 2.025886344147e-05, 0.0000e+00, 0.0000e+00, 
 1DIAGNOSTIC,    48, -9.250488281250e-01, 2.003230242523e-05, 0.0000e+00, 0.0000e+00, 
 1DIAGNOSTIC,    49, -9.252929687500e-01, 1.936403112304e-05, 0.0000e+00, 0.0000e+00, 
 1DIAGNOSTIC,    50, -9.252929687500e-01, 1.832575096222e-05, 0.0000e+00, 0.0000e+00, 
XXDIAGNOSTIC,Iteration,metricValue,convergenceValue,ITERATION_TIME_INDEX,SINCE_LAST
 1DIAGNOSTIC,     1, -8.835449218750e-01, 1.797693134862e+308, 0.0000e+00, 0.0000e+00, 
 1DIAGNOSTIC,     2, -8.850097656250e-01, 1.797693134862e+308, 0.0000e+00, 0.0000e+00, 
 1DIAGNOSTIC,     3, -8.864746093750e-01, 1.797693134862e+308, 0.0000e+00, 0.0000e+00, 
 1DIAGNOSTIC,     4, -8.879394531250e-01, 1.797693134862e+308, 0.0000e+00, 0.0000e+00, 
 1DIAGNOSTIC,     5, -8.894042968750e-01, 1.797693134862e+308, 0.0000e+00, 0.0000e+00, 
 1DIAGNOSTIC,     6, -8.906250000000e-01, 1.797693134862e+308, 0.0000e+00, 0.0000e+00, 
 1DIAGNOSTIC,     7, -8.916015625000e-01, 1.797693134862e+308, 0.0000e+00, 0.0000e+00, 
 1DIAGNOSTIC,     8, -8.928222656250e-01, 1.797693134862e+308, 0.0000e+00, 0.0000e+00, 
 1DIAGNOSTIC,     9, -8.935546875000e-01, 1.797693134862e+308, 0.0000e+00, 0.0000e+00, 
 1DIAGNOSTIC,    10, -8.945312500000e-01, 7.929151634187e-04, 0.0000e+00, 0.0000e+00, 
 1DIAGNOSTIC,    11, -8.952636718750e-01, 6.673618176254e-04, 0.0000e+00, 0.0000e+00, 
 1DIAGNOSTIC,    12, -8.959960937500e-01, 5.608143111655e-04, 0.0000e+00, 0.0000e+00, 
 1DIAGNOSTIC,    13, -8.967285156250e-01, 4.733391909258e-04, 0.0000e+00, 0.0000e+00, 
 1DIAGNOSTIC,    14, -8.974609375000e-01, 4.047415731442e-04, 0.0000e+00, 0.0000e+00, 
 1DIAGNOSTIC,    15, -8.981933593750e-01, 3.545263167052e-04, 0.0000e+00, 0.0000e+00, 
 1DIAGNOSTIC,    16, -8.989257812500e-01, 3.165896122099e-04, 0.0000e+00, 0.0000e+00, 
 1DIAGNOSTIC,    17, -8.996582031250e-01, 2.854709715889e-04, 0.0000e+00, 0.0000e+00, 
 1DIAGNOSTIC,    18, -9.001464843750e-01, 2.614037444950e-04, 0.0000e+00, 0.0000e+00, 
 1DIAGNOSTIC,    19, -9.006347656250e-01, 2.357953234473e-04, 0.0000e+00, 0.0000e+00, 
 1DIAGNOSTIC,    20, -9.011230468750e-01, 2.139160060141e-04, 0.0000e+00, 0.0000e+00, 
  Elapsed time (stage 0): 0


Total elapsed time: 0
