
##########################
# Experiment information #
##########################
SIF_IMG: /project/rrg-glatard/mdugre/containers/ants-p2-vprec.sif
EXPERIMENT_NAME: vprec-space_search
CONFIG: 0111
VFC_BACKENDS: libinterflop_vprec.so --range-binary32=8 --precision-binary32=20 --range-binary64=8 --precision-binary64=20

FIXED_IMG: /templateflow/tpl-MNI152NLin2009cAsym/tpl-MNI152NLin2009cAsym_res-01_desc-brain_T1w.nii.gz
SUBJECT_ID: 0003022
INPUT_IMG: /project/rrg-glatard/mdugre/datasets/corr/RawDataBIDS/BMB_1/derivatives/antsBrainExtraction/sub-0003022/BrainExtractionBrain.nii.gz
OUTPUT_DIR: /project/rrg-glatard/mdugre/datasets/corr/RawDataBIDS/BMB_1/derivatives/vprec-space_search/0111/r8-p20/sub-0003022

ITK_GLOBAL_DEFAULT_NUMBER_OF_THREADS: 8
##########################

VFC_BACKENDS=libinterflop_ieee.so
Info [verificarlo]: loaded backend libinterflop_ieee.so
Info [interflop-ieee]: load backend with:
Info [interflop-ieee]: debug = false
Info [interflop-ieee]: debug-binary = false
Info [interflop-ieee]: no-backend-name = false
Info [interflop-ieee]: print-new-line = false
Info [interflop-ieee]: print-subnormal-normalized = false
Info [interflop-ieee]: count-op = false
All_Command_lines_OK
Using double precision for computations.
=============================================================================
The composite transform comprises the following transforms (in order): 
  1. Center of mass alignment using fixed image: /templateflow/tpl-MNI152NLin2009cAsym/tpl-MNI152NLin2009cAsym_res-01_desc-brain_T1w.nii.gz and moving image: /project/rrg-glatard/mdugre/datasets/corr/RawDataBIDS/BMB_1/derivatives/antsBrainExtraction/sub-0003022/BrainExtractionBrain.nii.gz (type = Euler3DTransform)
=============================================================================
  number of levels = 1
  fixed image: /templateflow/tpl-MNI152NLin2009cAsym/tpl-MNI152NLin2009cAsym_res-01_desc-brain_T1w.nii.gz
  moving image: /project/rrg-glatard/mdugre/datasets/corr/RawDataBIDS/BMB_1/derivatives/antsBrainExtraction/sub-0003022/BrainExtractionBrain.nii.gz
Dimension = 3
Number of stages = 1
Use histogram matching = false
Winsorize image intensities = true
  Lower quantile = 0.005
  Upper quantile = 0.995


Stage 1 State
   Image metric = MattesMI
     Fixed image = Image (0x36ed390)
  RTTI typeinfo:   itk::Image<double, 3u>
  Reference Count: 2
  Modified Time: 2330
  Debug: Off
  Object Name: 
  Observers: 
    none
  Source: (none)
  Source output name: (none)
  Release Data: Off
  Data Released: False
  Global Release Data: Off
  PipelineMTime: 0
  UpdateMTime: 1941
  RealTimeStamp: 0 seconds 
  LargestPossibleRegion: 
    Dimension: 3
    Index: [0, 0, 0]
    Size: [193, 229, 193]
  BufferedRegion: 
    Dimension: 3
    Index: [0, 0, 0]
    Size: [193, 229, 193]
  RequestedRegion: 
    Dimension: 3
    Index: [0, 0, 0]
    Size: [193, 229, 193]
  Spacing: [1, 1, 1]
  Origin: [96, 132, -78]
  Direction: 
-1 0 0
0 -1 0
0 0 1

  IndexToPointMatrix: 
-1 0 0
0 -1 0
0 0 1

  PointToIndexMatrix: 
-1 0 0
0 -1 0
0 0 1

  Inverse Direction: 
-1 0 0
0 -1 0
0 0 1

  PixelContainer: 
    ImportImageContainer (0x37b8a90)
      RTTI typeinfo:   itk::ImportImageContainer<unsigned long, double>
      Reference Count: 1
      Modified Time: 1938
      Debug: Off
      Object Name: 
      Observers: 
        none
      Pointer: 0x14e24957c010
      Container manages memory: true
      Size: 8530021
      Capacity: 8530021

     Moving image = Image (0x36f2390)
  RTTI typeinfo:   itk::Image<double, 3u>
  Reference Count: 2
  Modified Time: 2331
  Debug: Off
  Object Name: 
  Observers: 
    none
  Source: (none)
  Source output name: (none)
  Release Data: Off
  Data Released: False
  Global Release Data: Off
  PipelineMTime: 0
  UpdateMTime: 2328
  RealTimeStamp: 0 seconds 
  LargestPossibleRegion: 
    Dimension: 3
    Index: [0, 0, 0]
    Size: [176, 256, 256]
  BufferedRegion: 
    Dimension: 3
    Index: [0, 0, 0]
    Size: [176, 256, 256]
  RequestedRegion: 
    Dimension: 3
    Index: [0, 0, 0]
    Size: [176, 256, 256]
  Spacing: [1, 1, 1]
  Origin: [-89.8014, 108.928, -127.145]
  Direction: 
1 0 0
0 -1 0
0 0 1

  IndexToPointMatrix: 
1 0 0
0 -1 0
0 0 1

  PointToIndexMatrix: 
1 0 0
0 -1 0
0 0 1

  Inverse Direction: 
1 0 0
0 -1 0
0 0 1

  PixelContainer: 
    ImportImageContainer (0x3898b90)
      RTTI typeinfo:   itk::ImportImageContainer<unsigned long, double>
      Reference Count: 1
      Modified Time: 2325
      Debug: Off
      Object Name: 
      Observers: 
        none
      Pointer: 0x14e243d7b010
      Container manages memory: true
      Size: 11534336
      Capacity: 11534336

     Weighting = 1
     Sampling strategy = regular
     Number of bins = 32
     Radius = 4
     Sampling percentage  = 0.25
   Transform = Rigid
     Gradient step = 0.1
     Update field sigma (voxel space) = 0
     Total field sigma (voxel space) = 0
     Update field time sigma = 0
     Total field time sigma  = 0
     Number of time indices = 0
     Number of time point samples = 0
Registration using 1 total stages.

Stage 0
  iterations = 0
  convergence threshold = 1e-06
  convergence window size = 10
  number of levels = 1
  using the Mattes MI metric (number of bins = 32, weight = 1, use gradient filter = 0)
  preprocessing:  winsorizing the image intensities
  Shrink factors (level 1 out of 1): [1, 1, 1]
  smoothing sigmas per level: [0]
  regular sampling (percentage = 0.25)

*** Running Euler3DTransform registration ***

  Elapsed time (stage 0): 0.927223


Total elapsed time: 0.928653
VFC_BACKENDS=libinterflop_vprec.so --range-binary32=8 --precision-binary32=20 --range-binary64=8 --precision-binary64=20
Info [verificarlo]: loaded backend libinterflop_vprec.so
Info [interflop-vprec]: load backend with: 
Info [interflop-vprec]: precision-binary32 = 20
Info [interflop-vprec]: range-binary32 = 8
Info [interflop-vprec]: precision-binary64 = 20
Info [interflop-vprec]: range-binary64 = 8
Info [interflop-vprec]: mode = ob
Info [interflop-vprec]: error-mode = rel
Info [interflop-vprec]: max-abs-error-exponent = -1022
Info [interflop-vprec]: daz = false
Info [interflop-vprec]: ftz = false
Info [interflop-vprec]: 	instrument = none
Info [interflop-vprec]: 	prec-input-file = (null)
Info [interflop-vprec]: 	prec-output-file = (null)
Info [interflop-vprec]: 	prec-log-file = (null)
All_Command_lines_OK
Using double precision for computations.
=============================================================================
The composite transform comprises the following transforms (in order): 
  1. /project/rrg-glatard/mdugre/datasets/corr/RawDataBIDS/BMB_1/derivatives/vprec-space_search/0111/r8-p20/sub-0003022/align_Composite.h5[0] (type = Euler3DTransform)
  2. /project/rrg-glatard/mdugre/datasets/corr/RawDataBIDS/BMB_1/derivatives/vprec-space_search/0111/r8-p20/sub-0003022/align_Composite.h5[1] (type = Euler3DTransform)
=============================================================================
  number of levels = 4
  fixed image: /templateflow/tpl-MNI152NLin2009cAsym/tpl-MNI152NLin2009cAsym_res-01_desc-brain_T1w.nii.gz
  moving image: /project/rrg-glatard/mdugre/datasets/corr/RawDataBIDS/BMB_1/derivatives/antsBrainExtraction/sub-0003022/BrainExtractionBrain.nii.gz
Dimension = 3
Number of stages = 1
Use histogram matching = false
Winsorize image intensities = true
  Lower quantile = 0.005
  Upper quantile = 0.995


Stage 1 State
   Image metric = MattesMI
     Fixed image = Image (0x3ebf300)
  RTTI typeinfo:   itk::Image<double, 3u>
  Reference Count: 2
  Modified Time: 1578
  Debug: Off
  Object Name: 
  Observers: 
    none
  Source: (none)
  Source output name: (none)
  Release Data: Off
  Data Released: False
  Global Release Data: Off
  PipelineMTime: 0
  UpdateMTime: 1189
  RealTimeStamp: 0 seconds 
  LargestPossibleRegion: 
    Dimension: 3
    Index: [0, 0, 0]
    Size: [193, 229, 193]
  BufferedRegion: 
    Dimension: 3
    Index: [0, 0, 0]
    Size: [193, 229, 193]
  RequestedRegion: 
    Dimension: 3
    Index: [0, 0, 0]
    Size: [193, 229, 193]
  Spacing: [1, 1, 1]
  Origin: [96, 132, -78]
  Direction: 
-1 0 0
0 -1 0
0 0 1

  IndexToPointMatrix: 
-1 0 0
0 -1 0
0 0 1

  PointToIndexMatrix: 
-1 0 0
0 -1 0
0 0 1

  Inverse Direction: 
-1 0 0
0 -1 0
0 0 1

  PixelContainer: 
    ImportImageContainer (0x3f7dd00)
      RTTI typeinfo:   itk::ImportImageContainer<unsigned long, double>
      Reference Count: 1
      Modified Time: 1186
      Debug: Off
      Object Name: 
      Observers: 
        none
      Pointer: 0x154248049010
      Container manages memory: true
      Size: 8530021
      Capacity: 8530021

     Moving image = Image (0x3f7a030)
  RTTI typeinfo:   itk::Image<double, 3u>
  Reference Count: 2
  Modified Time: 1579
  Debug: Off
  Object Name: 
  Observers: 
    none
  Source: (none)
  Source output name: (none)
  Release Data: Off
  Data Released: False
  Global Release Data: Off
  PipelineMTime: 0
  UpdateMTime: 1576
  RealTimeStamp: 0 seconds 
  LargestPossibleRegion: 
    Dimension: 3
    Index: [0, 0, 0]
    Size: [176, 256, 256]
  BufferedRegion: 
    Dimension: 3
    Index: [0, 0, 0]
    Size: [176, 256, 256]
  RequestedRegion: 
    Dimension: 3
    Index: [0, 0, 0]
    Size: [176, 256, 256]
  Spacing: [1, 1, 1]
  Origin: [-89.8014, 108.928, -127.145]
  Direction: 
1 0 0
0 -1 0
0 0 1

  IndexToPointMatrix: 
1 0 0
0 -1 0
0 0 1

  PointToIndexMatrix: 
1 0 0
0 -1 0
0 0 1

  Inverse Direction: 
1 0 0
0 -1 0
0 0 1

  PixelContainer: 
    ImportImageContainer (0x3f7d680)
      RTTI typeinfo:   itk::ImportImageContainer<unsigned long, double>
      Reference Count: 1
      Modified Time: 1573
      Debug: Off
      Object Name: 
      Observers: 
        none
      Pointer: 0x154242848010
      Container manages memory: true
      Size: 11534336
      Capacity: 11534336

     Weighting = 1
     Sampling strategy = regular
     Number of bins = 32
     Radius = 4
     Sampling percentage  = 0.25
   Transform = Rigid
     Gradient step = 0.1
     Update field sigma (voxel space) = 0
     Total field sigma (voxel space) = 0
     Update field time sigma = 0
     Total field time sigma  = 0
     Number of time indices = 0
     Number of time point samples = 0
Registration using 1 total stages.

Stage 0
  iterations = 1000x500x250x100
  convergence threshold = 1e-06
  convergence window size = 10
  number of levels = 4
  using the Mattes MI metric (number of bins = 32, weight = 1, use gradient filter = 0)
  preprocessing:  winsorizing the image intensities
  Shrink factors (level 1 out of 4): [8, 8, 8]
  Shrink factors (level 2 out of 4): [4, 4, 4]
  Shrink factors (level 3 out of 4): [2, 2, 2]
  Shrink factors (level 4 out of 4): [1, 1, 1]
  smoothing sigmas per level: [3, 2, 1, 0]
  regular sampling (percentage = 0.25)

*** Running Euler3DTransform registration ***

DIAGNOSTIC,Iteration,metricValue,convergenceValue,ITERATION_TIME_INDEX,SINCE_LAST
 2DIAGNOSTIC,     1, -5.999576944207e-01, 1.797693134862e+308, 0.0000e+00, 0.0000e+00, 
 2DIAGNOSTIC,     2, -6.013706245781e-01, 1.797693134862e+308, 0.0000e+00, 0.0000e+00, 
 2DIAGNOSTIC,     3, -6.032484744625e-01, 1.797693134862e+308, 0.0000e+00, 0.0000e+00, 
 2DIAGNOSTIC,     4, -6.056526996599e-01, 1.797693134862e+308, 0.0000e+00, 0.0000e+00, 
 2DIAGNOSTIC,     5, -6.093369115057e-01, 1.797693134862e+308, 0.0000e+00, 0.0000e+00, 
 2DIAGNOSTIC,     6, -6.162054917245e-01, 1.797693134862e+308, 0.0000e+00, 0.0000e+00, 
 2DIAGNOSTIC,     7, -6.263642146581e-01, 1.797693134862e+308, 0.0000e+00, 0.0000e+00, 
 2DIAGNOSTIC,     8, -6.287484916264e-01, 1.797693134862e+308, 0.0000e+00, 0.0000e+00, 
 2DIAGNOSTIC,     9, -6.349953510362e-01, 1.797693134862e+308, 0.0000e+00, 0.0000e+00, 
 2DIAGNOSTIC,    10, -6.426799858998e-01, 4.647616443014e-03, 0.0000e+00, 0.0000e+00, 
 2DIAGNOSTIC,    11, -6.451649094358e-01, 4.573824391619e-03, 0.0000e+00, 0.0000e+00, 
 2DIAGNOSTIC,    12, -6.450391957794e-01, 4.151676927254e-03, 0.0000e+00, 0.0000e+00, 
 2DIAGNOSTIC,    13, -6.449236303735e-01, 3.490123661759e-03, 0.0000e+00, 0.0000e+00, 
 2DIAGNOSTIC,    14, -6.449216149648e-01, 2.689514385212e-03, 0.0000e+00, 0.0000e+00, 
 2DIAGNOSTIC,    15, -6.448462240039e-01, 1.857146858698e-03, 0.0000e+00, 0.0000e+00, 
 2DIAGNOSTIC,    16, -6.446498390451e-01, 1.144327014875e-03, 0.0000e+00, 0.0000e+00, 
 2DIAGNOSTIC,    17, -6.445280069619e-01, 6.830457269776e-04, 0.0000e+00, 0.0000e+00, 
 2DIAGNOSTIC,    18, -6.445580172678e-01, 2.709068493918e-04, 0.0000e+00, 0.0000e+00, 
 2DIAGNOSTIC,    19, -6.444771702685e-01, 1.994147706703e-05, 0.0000e+00, 0.0000e+00, 
DIAGNOSTIC,Iteration,metricValue,convergenceValue,ITERATION_TIME_INDEX,SINCE_LAST
 2DIAGNOSTIC,     1, -5.240646435097e-01, 1.797693134862e+308, 0.0000e+00, 0.0000e+00, 
 2DIAGNOSTIC,     2, -5.245056576065e-01, 1.797693134862e+308, 0.0000e+00, 0.0000e+00, 
 2DIAGNOSTIC,     3, -5.250053888699e-01, 1.797693134862e+308, 0.0000e+00, 0.0000e+00, 
 2DIAGNOSTIC,     4, -5.254546409446e-01, 1.797693134862e+308, 0.0000e+00, 0.0000e+00, 
 2DIAGNOSTIC,     5, -5.257073296498e-01, 1.797693134862e+308, 0.0000e+00, 0.0000e+00, 
 2DIAGNOSTIC,     6, -5.259034356148e-01, 1.797693134862e+308, 0.0000e+00, 0.0000e+00, 
 2DIAGNOSTIC,     7, -5.263721897498e-01, 1.797693134862e+308, 0.0000e+00, 0.0000e+00, 
 2DIAGNOSTIC,     8, -5.268460153315e-01, 1.797693134862e+308, 0.0000e+00, 0.0000e+00, 
 2DIAGNOSTIC,     9, -5.269898986038e-01, 1.797693134862e+308, 0.0000e+00, 0.0000e+00, 
 2DIAGNOSTIC,    10, -5.269971330699e-01, 3.737710575836e-04, 0.0000e+00, 0.0000e+00, 
 2DIAGNOSTIC,    11, -5.270061497748e-01, 2.941098604127e-04, 0.0000e+00, 0.0000e+00, 
 2DIAGNOSTIC,    12, -5.269916758262e-01, 2.202639153103e-04, 0.0000e+00, 0.0000e+00, 
 2DIAGNOSTIC,    13, -5.269761705824e-01, 1.576006402911e-04, 0.0000e+00, 0.0000e+00, 
 2DIAGNOSTIC,    14, -5.269704669574e-01, 1.068872147397e-04, 0.0000e+00, 0.0000e+00, 
 2DIAGNOSTIC,    15, -5.269659834898e-01, 6.257883675946e-05, 0.0000e+00, 0.0000e+00, 
 2DIAGNOSTIC,    16, -5.269746136229e-01, 2.499186837471e-05, 0.0000e+00, 0.0000e+00, 
 2DIAGNOSTIC,    17, -5.269685809001e-01, 4.037957530817e-06, 0.0000e+00, 0.0000e+00, 
DIAGNOSTIC,Iteration,metricValue,convergenceValue,ITERATION_TIME_INDEX,SINCE_LAST
 2DIAGNOSTIC,     1, -4.582500124459e-01, 1.797693134862e+308, 0.0000e+00, 0.0000e+00, 
 2DIAGNOSTIC,     2, -4.586684730840e-01, 1.797693134862e+308, 0.0000e+00, 0.0000e+00, 
 2DIAGNOSTIC,     3, -4.590459074432e-01, 1.797693134862e+308, 0.0000e+00, 0.0000e+00, 
 2DIAGNOSTIC,     4, -4.592880179732e-01, 1.797693134862e+308, 0.0000e+00, 0.0000e+00, 
 2DIAGNOSTIC,     5, -4.594196369393e-01, 1.797693134862e+308, 0.0000e+00, 0.0000e+00, 
 2DIAGNOSTIC,     6, -4.596500448176e-01, 1.797693134862e+308, 0.0000e+00, 0.0000e+00, 
 2DIAGNOSTIC,     7, -4.597744509837e-01, 1.797693134862e+308, 0.0000e+00, 0.0000e+00, 
 2DIAGNOSTIC,     8, -4.598481194366e-01, 1.797693134862e+308, 0.0000e+00, 0.0000e+00, 
 2DIAGNOSTIC,     9, -4.598640946889e-01, 1.797693134862e+308, 0.0000e+00, 0.0000e+00, 
 2DIAGNOSTIC,    10, -4.598631703930e-01, 2.188645551601e-04, 0.0000e+00, 0.0000e+00, 
 2DIAGNOSTIC,    11, -4.598671523204e-01, 1.456128886716e-04, 0.0000e+00, 0.0000e+00, 
 2DIAGNOSTIC,    12, -4.598646489227e-01, 9.277053026799e-05, 0.0000e+00, 0.0000e+00, 
 2DIAGNOSTIC,    13, -4.598644754607e-01, 5.772325205647e-05, 0.0000e+00, 0.0000e+00, 
 2DIAGNOSTIC,    14, -4.598649779994e-01, 3.340827518604e-05, 0.0000e+00, 0.0000e+00, 
 2DIAGNOSTIC,    15, -4.598648272653e-01, 1.475020350626e-05, 0.0000e+00, 0.0000e+00, 
 2DIAGNOSTIC,    16, -4.598639062420e-01, 6.043091990024e-06, 0.0000e+00, 0.0000e+00, 
 2DIAGNOSTIC,    17, -4.598640064157e-01, 2.448935645986e-06, 0.0000e+00, 0.0000e+00, 
 2DIAGNOSTIC,    18, -4.598640104242e-01, 1.718101067825e-06, 0.0000e+00, 0.0000e+00, 
 2DIAGNOSTIC,    19, -4.598640104242e-01, 1.589257234792e-06, 0.0000e+00, 0.0000e+00, 
 2DIAGNOSTIC,    20, -4.598640104242e-01, 1.448357604905e-06, 0.0000e+00, 0.0000e+00, 
 2DIAGNOSTIC,    21, -4.598640104242e-01, 1.454232010888e-06, 0.0000e+00, 0.0000e+00, 
 2DIAGNOSTIC,    22, -4.598640104242e-01, 1.395244514472e-06, 0.0000e+00, 0.0000e+00, 
 2DIAGNOSTIC,    23, -4.598640104242e-01, 1.340697678473e-06, 0.0000e+00, 0.0000e+00, 
 2DIAGNOSTIC,    24, -4.598640104242e-01, 1.307559534369e-06, 0.0000e+00, 0.0000e+00, 
 2DIAGNOSTIC,    25, -4.598640104242e-01, 1.275779544230e-06, 0.0000e+00, 0.0000e+00, 
 2DIAGNOSTIC,    26, -4.598640104242e-01, 1.224225299620e-06, 0.0000e+00, 0.0000e+00, 
 2DIAGNOSTIC,    27, -4.598640104242e-01, 1.178773702211e-06, 0.0000e+00, 0.0000e+00, 
 2DIAGNOSTIC,    28, -4.598640104242e-01, 1.136658410957e-06, 0.0000e+00, 0.0000e+00, 
 2DIAGNOSTIC,    29, -4.598640104242e-01, 1.097448703670e-06, 0.0000e+00, 0.0000e+00, 
 2DIAGNOSTIC,    30, -4.598640104242e-01, 1.060853917441e-06, 0.0000e+00, 0.0000e+00, 
 2DIAGNOSTIC,    31, -4.598640104242e-01, 1.026620907257e-06, 0.0000e+00, 0.0000e+00, 
DIAGNOSTIC,Iteration,metricValue,convergenceValue,ITERATION_TIME_INDEX,SINCE_LAST
 2DIAGNOSTIC,     1, -4.205964176830e-01, 1.797693134862e+308, 0.0000e+00, 0.0000e+00, 
 2DIAGNOSTIC,     2, -4.206872117156e-01, 1.797693134862e+308, 0.0000e+00, 0.0000e+00, 
 2DIAGNOSTIC,     3, -4.207725297447e-01, 1.797693134862e+308, 0.0000e+00, 0.0000e+00, 
 2DIAGNOSTIC,     4, -4.209234171543e-01, 1.797693134862e+308, 0.0000e+00, 0.0000e+00, 
 2DIAGNOSTIC,     5, -4.209608613725e-01, 1.797693134862e+308, 0.0000e+00, 0.0000e+00, 
 2DIAGNOSTIC,     6, -4.210325130982e-01, 1.797693134862e+308, 0.0000e+00, 0.0000e+00, 
 2DIAGNOSTIC,     7, -4.211533812236e-01, 1.797693134862e+308, 0.0000e+00, 0.0000e+00, 
 2DIAGNOSTIC,     8, -4.211555554366e-01, 1.797693134862e+308, 0.0000e+00, 0.0000e+00, 
 2DIAGNOSTIC,     9, -4.211561443105e-01, 1.797693134862e+308, 0.0000e+00, 0.0000e+00, 
 2DIAGNOSTIC,    10, -4.211577157982e-01, 9.494039683534e-05, 0.0000e+00, 0.0000e+00, 
 2DIAGNOSTIC,    11, -4.211608460574e-01, 6.944658878538e-05, 0.0000e+00, 0.0000e+00, 
 2DIAGNOSTIC,    12, -4.211687000195e-01, 4.765121752015e-05, 0.0000e+00, 0.0000e+00, 
 2DIAGNOSTIC,    13, -4.211818295886e-01, 3.008495970462e-05, 0.0000e+00, 0.0000e+00, 
 2DIAGNOSTIC,    14, -4.211881652063e-01, 2.017263181346e-05, 0.0000e+00, 0.0000e+00, 
 2DIAGNOSTIC,    15, -4.211905886101e-01, 1.172009966263e-05, 0.0000e+00, 0.0000e+00, 
 2DIAGNOSTIC,    16, -4.211900653466e-01, 6.306005960549e-06, 0.0000e+00, 0.0000e+00, 
 2DIAGNOSTIC,    17, -4.211912190887e-01, 5.973649919971e-06, 0.0000e+00, 0.0000e+00, 
 2DIAGNOSTIC,    18, -4.211920762603e-01, 5.404697127814e-06, 0.0000e+00, 0.0000e+00, 
 2DIAGNOSTIC,    19, -4.211921575166e-01, 4.580199284746e-06, 0.0000e+00, 0.0000e+00, 
 2DIAGNOSTIC,    20, -4.211924253356e-01, 3.636462874303e-06, 0.0000e+00, 0.0000e+00, 
 2DIAGNOSTIC,    21, -4.211921513878e-01, 2.685158459512e-06, 0.0000e+00, 0.0000e+00, 
 2DIAGNOSTIC,    22, -4.211920267203e-01, 1.940017945325e-06, 0.0000e+00, 0.0000e+00, 
 2DIAGNOSTIC,    23, -4.211919697430e-01, 1.591981972200e-06, 0.0000e+00, 0.0000e+00, 
 2DIAGNOSTIC,    24, -4.211916699660e-01, 1.421279483813e-06, 0.0000e+00, 0.0000e+00, 
 2DIAGNOSTIC,    25, -4.211918381027e-01, 1.326458518365e-06, 0.0000e+00, 0.0000e+00, 
 2DIAGNOSTIC,    26, -4.211918180764e-01, 1.219095663911e-06, 0.0000e+00, 0.0000e+00, 
 2DIAGNOSTIC,    27, -4.211918168419e-01, 1.148493664935e-06, 0.0000e+00, 0.0000e+00, 
 2DIAGNOSTIC,    28, -4.211917274202e-01, 1.104313429999e-06, 0.0000e+00, 0.0000e+00, 
 2DIAGNOSTIC,    29, -4.211917190631e-01, 1.067768870586e-06, 0.0000e+00, 0.0000e+00, 
 2DIAGNOSTIC,    30, -4.211916241549e-01, 1.040405167810e-06, 0.0000e+00, 0.0000e+00, 
 2DIAGNOSTIC,    31, -4.211915863970e-01, 1.009914895378e-06, 0.0000e+00, 0.0000e+00, 
  Elapsed time (stage 0): 0.0000e+00


Total elapsed time: 0.0000e+00
VFC_BACKENDS=libinterflop_vprec.so --range-binary32=8 --precision-binary32=20 --range-binary64=8 --precision-binary64=20
Info [verificarlo]: loaded backend libinterflop_vprec.so
Info [interflop-vprec]: load backend with: 
Info [interflop-vprec]: precision-binary32 = 20
Info [interflop-vprec]: range-binary32 = 8
Info [interflop-vprec]: precision-binary64 = 20
Info [interflop-vprec]: range-binary64 = 8
Info [interflop-vprec]: mode = ob
Info [interflop-vprec]: error-mode = rel
Info [interflop-vprec]: max-abs-error-exponent = -1022
Info [interflop-vprec]: daz = false
Info [interflop-vprec]: ftz = false
Info [interflop-vprec]: 	instrument = none
Info [interflop-vprec]: 	prec-input-file = (null)
Info [interflop-vprec]: 	prec-output-file = (null)
Info [interflop-vprec]: 	prec-log-file = (null)
All_Command_lines_OK
Using double precision for computations.
=============================================================================
The composite transform comprises the following transforms (in order): 
  1. /project/rrg-glatard/mdugre/datasets/corr/RawDataBIDS/BMB_1/derivatives/vprec-space_search/0111/r8-p20/sub-0003022/rigid_Composite.h5[0] (type = Euler3DTransform)
  2. /project/rrg-glatard/mdugre/datasets/corr/RawDataBIDS/BMB_1/derivatives/vprec-space_search/0111/r8-p20/sub-0003022/rigid_Composite.h5[1] (type = Euler3DTransform)
  3. /project/rrg-glatard/mdugre/datasets/corr/RawDataBIDS/BMB_1/derivatives/vprec-space_search/0111/r8-p20/sub-0003022/rigid_Composite.h5[2] (type = Euler3DTransform)
=============================================================================
  number of levels = 4
  fixed image: /templateflow/tpl-MNI152NLin2009cAsym/tpl-MNI152NLin2009cAsym_res-01_desc-brain_T1w.nii.gz
  moving image: /project/rrg-glatard/mdugre/datasets/corr/RawDataBIDS/BMB_1/derivatives/antsBrainExtraction/sub-0003022/BrainExtractionBrain.nii.gz
Dimension = 3
Number of stages = 1
Use histogram matching = false
Winsorize image intensities = true
  Lower quantile = 0.005
  Upper quantile = 0.995


Stage 1 State
   Image metric = MattesMI
     Fixed image = Image (0x33e5300)
  RTTI typeinfo:   itk::Image<double, 3u>
  Reference Count: 2
  Modified Time: 1592
  Debug: Off
  Object Name: 
  Observers: 
    none
  Source: (none)
  Source output name: (none)
  Release Data: Off
  Data Released: False
  Global Release Data: Off
  PipelineMTime: 0
  UpdateMTime: 1203
  RealTimeStamp: 0 seconds 
  LargestPossibleRegion: 
    Dimension: 3
    Index: [0, 0, 0]
    Size: [193, 229, 193]
  BufferedRegion: 
    Dimension: 3
    Index: [0, 0, 0]
    Size: [193, 229, 193]
  RequestedRegion: 
    Dimension: 3
    Index: [0, 0, 0]
    Size: [193, 229, 193]
  Spacing: [1, 1, 1]
  Origin: [96, 132, -78]
  Direction: 
-1 0 0
0 -1 0
0 0 1

  IndexToPointMatrix: 
-1 0 0
0 -1 0
0 0 1

  PointToIndexMatrix: 
-1 0 0
0 -1 0
0 0 1

  Inverse Direction: 
-1 0 0
0 -1 0
0 0 1

  PixelContainer: 
    ImportImageContainer (0x345dc30)
      RTTI typeinfo:   itk::ImportImageContainer<unsigned long, double>
      Reference Count: 1
      Modified Time: 1200
      Debug: Off
      Object Name: 
      Observers: 
        none
      Pointer: 0x14bdc2b92010
      Container manages memory: true
      Size: 8530021
      Capacity: 8530021

     Moving image = Image (0x34a01a0)
  RTTI typeinfo:   itk::Image<double, 3u>
  Reference Count: 2
  Modified Time: 1593
  Debug: Off
  Object Name: 
  Observers: 
    none
  Source: (none)
  Source output name: (none)
  Release Data: Off
  Data Released: False
  Global Release Data: Off
  PipelineMTime: 0
  UpdateMTime: 1590
  RealTimeStamp: 0 seconds 
  LargestPossibleRegion: 
    Dimension: 3
    Index: [0, 0, 0]
    Size: [176, 256, 256]
  BufferedRegion: 
    Dimension: 3
    Index: [0, 0, 0]
    Size: [176, 256, 256]
  RequestedRegion: 
    Dimension: 3
    Index: [0, 0, 0]
    Size: [176, 256, 256]
  Spacing: [1, 1, 1]
  Origin: [-89.8014, 108.928, -127.145]
  Direction: 
1 0 0
0 -1 0
0 0 1

  IndexToPointMatrix: 
1 0 0
0 -1 0
0 0 1

  PointToIndexMatrix: 
1 0 0
0 -1 0
0 0 1

  Inverse Direction: 
1 0 0
0 -1 0
0 0 1

  PixelContainer: 
    ImportImageContainer (0x3458050)
      RTTI typeinfo:   itk::ImportImageContainer<unsigned long, double>
      Reference Count: 1
      Modified Time: 1587
      Debug: Off
      Object Name: 
      Observers: 
        none
      Pointer: 0x14bdbd391010
      Container manages memory: true
      Size: 11534336
      Capacity: 11534336

     Weighting = 1
     Sampling strategy = regular
     Number of bins = 32
     Radius = 4
     Sampling percentage  = 0.25
   Transform = Affine
     Gradient step = 0.1
     Update field sigma (voxel space) = 0
     Total field sigma (voxel space) = 0
     Update field time sigma = 0
     Total field time sigma  = 0
     Number of time indices = 0
     Number of time point samples = 0
Registration using 1 total stages.

Stage 0
  iterations = 1000x500x250x100
  convergence threshold = 1e-06
  convergence window size = 10
  number of levels = 4
  using the Mattes MI metric (number of bins = 32, weight = 1, use gradient filter = 0)
  preprocessing:  winsorizing the image intensities
  Shrink factors (level 1 out of 4): [8, 8, 8]
  Shrink factors (level 2 out of 4): [4, 4, 4]
  Shrink factors (level 3 out of 4): [2, 2, 2]
  Shrink factors (level 4 out of 4): [1, 1, 1]
  smoothing sigmas per level: [3, 2, 1, 0]
  regular sampling (percentage = 0.25)

*** Running AffineTransform registration ***

DIAGNOSTIC,Iteration,metricValue,convergenceValue,ITERATION_TIME_INDEX,SINCE_LAST
 2DIAGNOSTIC,     1, -6.357928527706e-01, 1.797693134862e+308, 0.0000e+00, 0.0000e+00, 
 2DIAGNOSTIC,     2, -6.375842889414e-01, 1.797693134862e+308, 0.0000e+00, 0.0000e+00, 
 2DIAGNOSTIC,     3, -6.407355102785e-01, 1.797693134862e+308, 0.0000e+00, 0.0000e+00, 
 2DIAGNOSTIC,     4, -6.460861420047e-01, 1.797693134862e+308, 0.0000e+00, 0.0000e+00, 
 2DIAGNOSTIC,     5, -6.541641147288e-01, 1.797693134862e+308, 0.0000e+00, 0.0000e+00, 
 2DIAGNOSTIC,     6, -6.693798182706e-01, 1.797693134862e+308, 0.0000e+00, 0.0000e+00, 
 2DIAGNOSTIC,     7, -7.743767827053e-01, 1.797693134862e+308, 0.0000e+00, 0.0000e+00, 
 2DIAGNOSTIC,     8, -8.007743849991e-01, 1.797693134862e+308, 0.0000e+00, 0.0000e+00, 
 2DIAGNOSTIC,     9, -8.048875311907e-01, 1.797693134862e+308, 0.0000e+00, 0.0000e+00, 
 2DIAGNOSTIC,    10, -8.192450629048e-01, 2.024160576895e-02, 0.0000e+00, 0.0000e+00, 
 2DIAGNOSTIC,    11, -8.328930580907e-01, 1.969772020469e-02, 0.0000e+00, 0.0000e+00, 
 2DIAGNOSTIC,    12, -8.346409917272e-01, 1.756178730977e-02, 0.0000e+00, 0.0000e+00, 
 2DIAGNOSTIC,    13, -8.367711586049e-01, 1.437393049885e-02, 0.0000e+00, 0.0000e+00, 
 2DIAGNOSTIC,    14, -8.388212159576e-01, 1.064895633203e-02, 0.0000e+00, 0.0000e+00, 
 2DIAGNOSTIC,    15, -8.391544362205e-01, 6.750786275984e-03, 0.0000e+00, 0.0000e+00, 
 2DIAGNOSTIC,    16, -8.394214299837e-01, 3.074919541162e-03, 0.0000e+00, 0.0000e+00, 
 2DIAGNOSTIC,    17, -8.396712013805e-01, 1.893885107469e-03, 0.0000e+00, 0.0000e+00, 
 2DIAGNOSTIC,    18, -8.397991663942e-01, 1.234597737378e-03, 0.0000e+00, 0.0000e+00, 
 2DIAGNOSTIC,    19, -8.396048083841e-01, 6.085197283467e-04, 0.0000e+00, 0.0000e+00, 
 2DIAGNOSTIC,    20, -8.396713047419e-01, 2.531869247434e-04, 0.0000e+00, 0.0000e+00, 
 2DIAGNOSTIC,    21, -8.409471540140e-01, 1.712796854191e-04, 0.0000e+00, 0.0000e+00, 
 2DIAGNOSTIC,    22, -8.411812891670e-01, 1.132304483423e-04, 0.0000e+00, 0.0000e+00, 
 2DIAGNOSTIC,    23, -8.411992136618e-01, 8.346055982057e-05, 0.0000e+00, 0.0000e+00, 
 2DIAGNOSTIC,    24, -8.412168244331e-01, 8.025536537745e-05, 0.0000e+00, 0.0000e+00, 
 2DIAGNOSTIC,    25, -8.412539321513e-01, 7.523273283608e-05, 0.0000e+00, 0.0000e+00, 
 2DIAGNOSTIC,    26, -8.412789612481e-01, 6.729573264780e-05, 0.0000e+00, 0.0000e+00, 
 2DIAGNOSTIC,    27, -8.411993782648e-01, 5.586650930346e-05, 0.0000e+00, 0.0000e+00, 
 2DIAGNOSTIC,    28, -8.411243353768e-01, 4.121503100451e-05, 0.0000e+00, 0.0000e+00, 
 2DIAGNOSTIC,    29, -8.410753601211e-01, 2.108752252432e-05, 0.0000e+00, 0.0000e+00, 
 2DIAGNOSTIC,    30, -8.411204594073e-01, 1.408770765439e-06, 0.0000e+00, 0.0000e+00, 
DIAGNOSTIC,Iteration,metricValue,convergenceValue,ITERATION_TIME_INDEX,SINCE_LAST
 2DIAGNOSTIC,     1, -7.075877987122e-01, 1.797693134862e+308, 0.0000e+00, 0.0000e+00, 
 2DIAGNOSTIC,     2, -7.079707249223e-01, 1.797693134862e+308, 0.0000e+00, 0.0000e+00, 
 2DIAGNOSTIC,     3, -7.084602253481e-01, 1.797693134862e+308, 0.0000e+00, 0.0000e+00, 
 2DIAGNOSTIC,     4, -7.087878410184e-01, 1.797693134862e+308, 0.0000e+00, 0.0000e+00, 
 2DIAGNOSTIC,     5, -7.090537115314e-01, 1.797693134862e+308, 0.0000e+00, 0.0000e+00, 
 2DIAGNOSTIC,     6, -7.092284467254e-01, 1.797693134862e+308, 0.0000e+00, 0.0000e+00, 
 2DIAGNOSTIC,     7, -7.093450844311e-01, 1.797693134862e+308, 0.0000e+00, 0.0000e+00, 
 2DIAGNOSTIC,     8, -7.093083821265e-01, 1.797693134862e+308, 0.0000e+00, 0.0000e+00, 
 2DIAGNOSTIC,     9, -7.093175053942e-01, 1.797693134862e+308, 0.0000e+00, 0.0000e+00, 
 2DIAGNOSTIC,    10, -7.093119706188e-01, 1.549516840564e-04, 0.0000e+00, 0.0000e+00, 
 2DIAGNOSTIC,    11, -7.093112049862e-01, 9.746200109195e-05, 0.0000e+00, 0.0000e+00, 
 2DIAGNOSTIC,    12, -7.093163114148e-01, 5.377237067847e-05, 0.0000e+00, 0.0000e+00, 
 2DIAGNOSTIC,    13, -7.093081471198e-01, 2.692956167961e-05, 0.0000e+00, 0.0000e+00, 
 2DIAGNOSTIC,    14, -7.093030683483e-01, 1.084000576815e-05, 0.0000e+00, 0.0000e+00, 
 2DIAGNOSTIC,    15, -7.093282631045e-01, 3.785879425774e-06, 0.0000e+00, 0.0000e+00, 
 2DIAGNOSTIC,    16, -7.093358403810e-01, 1.915106874611e-06, 0.0000e+00, 0.0000e+00, 
 2DIAGNOSTIC,    17, -7.093332101447e-01, 2.983656998606e-06, 0.0000e+00, 0.0000e+00, 
 2DIAGNOSTIC,    18, -7.093363188562e-01, 3.091001276011e-06, 0.0000e+00, 0.0000e+00, 
 2DIAGNOSTIC,    19, -7.093491461777e-01, 3.532937860214e-06, 0.0000e+00, 0.0000e+00, 
 2DIAGNOSTIC,    20, -7.093440254681e-01, 3.527329732460e-06, 0.0000e+00, 0.0000e+00, 
 2DIAGNOSTIC,    21, -7.093665386585e-01, 3.753351608418e-06, 0.0000e+00, 0.0000e+00, 
 2DIAGNOSTIC,    22, -7.093679377724e-01, 3.870063800031e-06, 0.0000e+00, 0.0000e+00, 
 2DIAGNOSTIC,    23, -7.093633421584e-01, 3.538511510290e-06, 0.0000e+00, 0.0000e+00, 
 2DIAGNOSTIC,    24, -7.093757009512e-01, 3.148031737815e-06, 0.0000e+00, 0.0000e+00, 
 2DIAGNOSTIC,    25, -7.093864352494e-01, 3.183576868862e-06, 0.0000e+00, 0.0000e+00, 
 2DIAGNOSTIC,    26, -7.093777824789e-01, 3.015859195772e-06, 0.0000e+00, 0.0000e+00, 
 2DIAGNOSTIC,    27, -7.094042868887e-01, 3.053110297947e-06, 0.0000e+00, 0.0000e+00, 
 2DIAGNOSTIC,    28, -7.094172062878e-01, 3.129942632255e-06, 0.0000e+00, 0.0000e+00, 
 2DIAGNOSTIC,    29, -7.094035721830e-01, 3.002334250581e-06, 0.0000e+00, 0.0000e+00, 
 2DIAGNOSTIC,    30, -7.093876260850e-01, 2.422757485174e-06, 0.0000e+00, 0.0000e+00, 
 2DIAGNOSTIC,    31, -7.093837024587e-01, 1.999919579443e-06, 0.0000e+00, 0.0000e+00, 
 2DIAGNOSTIC,    32, -7.093856955400e-01, 1.549890569330e-06, 0.0000e+00, 0.0000e+00, 
DIAGNOSTIC,Iteration,metricValue,convergenceValue,ITERATION_TIME_INDEX,SINCE_LAST
 2DIAGNOSTIC,     1, -5.989813712844e-01, 1.797693134862e+308, 0.0000e+00, 0.0000e+00, 
 2DIAGNOSTIC,     2, -5.996249086133e-01, 1.797693134862e+308, 0.0000e+00, 0.0000e+00, 
 2DIAGNOSTIC,     3, -6.001582772756e-01, 1.797693134862e+308, 0.0000e+00, 0.0000e+00, 
 2DIAGNOSTIC,     4, -6.006046310053e-01, 1.797693134862e+308, 0.0000e+00, 0.0000e+00, 
 2DIAGNOSTIC,     5, -6.010571601708e-01, 1.797693134862e+308, 0.0000e+00, 0.0000e+00, 
 2DIAGNOSTIC,     6, -6.018566239588e-01, 1.797693134862e+308, 0.0000e+00, 0.0000e+00, 
 2DIAGNOSTIC,     7, -6.018535940853e-01, 1.797693134862e+308, 0.0000e+00, 0.0000e+00, 
 2DIAGNOSTIC,     8, -6.018552515594e-01, 1.797693134862e+308, 0.0000e+00, 0.0000e+00, 
 2DIAGNOSTIC,     9, -6.018539096592e-01, 1.797693134862e+308, 0.0000e+00, 0.0000e+00, 
 2DIAGNOSTIC,    10, -6.018533872702e-01, 3.212648040038e-04, 0.0000e+00, 0.0000e+00, 
 2DIAGNOSTIC,    11, -6.018499774372e-01, 2.158995167715e-04, 0.0000e+00, 0.0000e+00, 
 2DIAGNOSTIC,    12, -6.018492364327e-01, 1.341325407067e-04, 0.0000e+00, 0.0000e+00, 
 2DIAGNOSTIC,    13, -6.018486009351e-01, 7.266819562325e-05, 0.0000e+00, 0.0000e+00, 
 2DIAGNOSTIC,    14, -6.018485471277e-01, 2.857069768589e-05, 0.0000e+00, 0.0000e+00, 
 2DIAGNOSTIC,    15, -6.018481799223e-01, 1.484321157402e-06, 0.0000e+00, 0.0000e+00, 
 2DIAGNOSTIC,    16, -6.018481401193e-01, 1.465746655688e-06, 0.0000e+00, 0.0000e+00, 
 2DIAGNOSTIC,    17, -6.018470470246e-01, 1.381659470674e-06, 0.0000e+00, 0.0000e+00, 
 2DIAGNOSTIC,    18, -6.018468591540e-01, 1.391296064981e-06, 0.0000e+00, 0.0000e+00, 
 2DIAGNOSTIC,    19, -6.018512827610e-01, 1.510508791415e-06, 0.0000e+00, 0.0000e+00, 
 2DIAGNOSTIC,    20, -6.018534410662e-01, 1.670340955572e-06, 0.0000e+00, 0.0000e+00, 
 2DIAGNOSTIC,    21, -6.018480281449e-01, 1.609266775129e-06, 0.0000e+00, 0.0000e+00, 
 2DIAGNOSTIC,    22, -6.018485519173e-01, 1.546470537579e-06, 0.0000e+00, 0.0000e+00, 
 2DIAGNOSTIC,    23, -6.018491762309e-01, 1.478417291742e-06, 0.0000e+00, 0.0000e+00, 
 2DIAGNOSTIC,    24, -6.018474364947e-01, 1.368155743274e-06, 0.0000e+00, 0.0000e+00, 
 2DIAGNOSTIC,    25, -6.018466800923e-01, 1.241904805951e-06, 0.0000e+00, 0.0000e+00, 
 2DIAGNOSTIC,    26, -6.018452817388e-01, 1.105702607099e-06, 0.0000e+00, 0.0000e+00, 
DIAGNOSTIC,Iteration,metricValue,convergenceValue,ITERATION_TIME_INDEX,SINCE_LAST
 2DIAGNOSTIC,     1, -5.375991636961e-01, 1.797693134862e+308, 0.0000e+00, 0.0000e+00, 
 2DIAGNOSTIC,     2, -5.379834886328e-01, 1.797693134862e+308, 0.0000e+00, 0.0000e+00, 
 2DIAGNOSTIC,     3, -5.381643835254e-01, 1.797693134862e+308, 0.0000e+00, 0.0000e+00, 
 2DIAGNOSTIC,     4, -5.382498385784e-01, 1.797693134862e+308, 0.0000e+00, 0.0000e+00, 
 2DIAGNOSTIC,     5, -5.384629921568e-01, 1.797693134862e+308, 0.0000e+00, 0.0000e+00, 
 2DIAGNOSTIC,     6, -5.384819288374e-01, 1.797693134862e+308, 0.0000e+00, 0.0000e+00, 
 2DIAGNOSTIC,     7, -5.384866437641e-01, 1.797693134862e+308, 0.0000e+00, 0.0000e+00, 
 2DIAGNOSTIC,     8, -5.384881124551e-01, 1.797693134862e+308, 0.0000e+00, 0.0000e+00, 
 2DIAGNOSTIC,     9, -5.384936084542e-01, 1.797693134862e+308, 0.0000e+00, 0.0000e+00, 
 2DIAGNOSTIC,    10, -5.385245248769e-01, 9.357067177014e-05, 0.0000e+00, 0.0000e+00, 
 2DIAGNOSTIC,    11, -5.385927050943e-01, 5.604893411786e-05, 0.0000e+00, 0.0000e+00, 
 2DIAGNOSTIC,    12, -5.387531451023e-01, 4.388082527525e-05, 0.0000e+00, 0.0000e+00, 
 2DIAGNOSTIC,    13, -5.387532001880e-01, 3.709385283132e-05, 0.0000e+00, 0.0000e+00, 
 2DIAGNOSTIC,    14, -5.387528364744e-01, 3.122639776704e-05, 0.0000e+00, 0.0000e+00, 
 2DIAGNOSTIC,    15, -5.387529520775e-01, 3.105152646393e-05, 0.0000e+00, 0.0000e+00, 
 2DIAGNOSTIC,    16, -5.387524664682e-01, 2.879158233181e-05, 0.0000e+00, 0.0000e+00, 
 2DIAGNOSTIC,    17, -5.387525397264e-01, 2.440368358998e-05, 0.0000e+00, 0.0000e+00, 
 2DIAGNOSTIC,    18, -5.387524229487e-01, 1.848286425502e-05, 0.0000e+00, 0.0000e+00, 
 2DIAGNOSTIC,    19, -5.387523906820e-01, 1.185944949558e-05, 0.0000e+00, 0.0000e+00, 
 2DIAGNOSTIC,    20, -5.387527030959e-01, 5.775927395049e-06, 0.0000e+00, 0.0000e+00, 
 2DIAGNOSTIC,    21, -5.387524253418e-01, 1.472826612475e-06, 0.0000e+00, 0.0000e+00, 
 2DIAGNOSTIC,    22, -5.387521074225e-01, 1.406343861136e-06, 0.0000e+00, 0.0000e+00, 
 2DIAGNOSTIC,    23, -5.387520199356e-01, 1.349054682985e-06, 0.0000e+00, 0.0000e+00, 
 2DIAGNOSTIC,    24, -5.387519461047e-01, 1.289864705274e-06, 0.0000e+00, 0.0000e+00, 
 2DIAGNOSTIC,    25, -5.387516595281e-01, 1.235301990136e-06, 0.0000e+00, 0.0000e+00, 
 2DIAGNOSTIC,    26, -5.387516078086e-01, 1.177711768684e-06, 0.0000e+00, 0.0000e+00, 
 2DIAGNOSTIC,    27, -5.387514312627e-01, 1.126960616139e-06, 0.0000e+00, 0.0000e+00, 
 2DIAGNOSTIC,    28, -5.387514502666e-01, 1.082925739512e-06, 1.0240e+03, 1.0240e+03, 
 2DIAGNOSTIC,    29, -5.387510220779e-01, 1.038283282823e-06, 1.0240e+03, 0.0000e+00, 
 2DIAGNOSTIC,    30, -5.387511425037e-01, 1.010128008523e-06, 1.0240e+03, 0.0000e+00, 
  Elapsed time (stage 0): 1.0240e+03


Total elapsed time: 1.0240e+03
VFC_BACKENDS=libinterflop_vprec.so --range-binary32=8 --precision-binary32=20 --range-binary64=8 --precision-binary64=20
Info [verificarlo]: loaded backend libinterflop_vprec.so
Info [interflop-vprec]: load backend with: 
Info [interflop-vprec]: precision-binary32 = 20
Info [interflop-vprec]: range-binary32 = 8
Info [interflop-vprec]: precision-binary64 = 20
Info [interflop-vprec]: range-binary64 = 8
Info [interflop-vprec]: mode = ob
Info [interflop-vprec]: error-mode = rel
Info [interflop-vprec]: max-abs-error-exponent = -1022
Info [interflop-vprec]: daz = false
Info [interflop-vprec]: ftz = false
Info [interflop-vprec]: 	instrument = none
Info [interflop-vprec]: 	prec-input-file = (null)
Info [interflop-vprec]: 	prec-output-file = (null)
Info [interflop-vprec]: 	prec-log-file = (null)
All_Command_lines_OK
Using double precision for computations.
=============================================================================
The composite transform comprises the following transforms (in order): 
  1. /project/rrg-glatard/mdugre/datasets/corr/RawDataBIDS/BMB_1/derivatives/vprec-space_search/0111/r8-p20/sub-0003022/affine_Composite.h5[0] (type = Euler3DTransform)
  2. /project/rrg-glatard/mdugre/datasets/corr/RawDataBIDS/BMB_1/derivatives/vprec-space_search/0111/r8-p20/sub-0003022/affine_Composite.h5[1] (type = Euler3DTransform)
  3. /project/rrg-glatard/mdugre/datasets/corr/RawDataBIDS/BMB_1/derivatives/vprec-space_search/0111/r8-p20/sub-0003022/affine_Composite.h5[2] (type = Euler3DTransform)
  4. /project/rrg-glatard/mdugre/datasets/corr/RawDataBIDS/BMB_1/derivatives/vprec-space_search/0111/r8-p20/sub-0003022/affine_Composite.h5[3] (type = AffineTransform)
=============================================================================
  number of levels = 4
  fixed image: /templateflow/tpl-MNI152NLin2009cAsym/tpl-MNI152NLin2009cAsym_res-01_desc-brain_T1w.nii.gz
  moving image: /project/rrg-glatard/mdugre/datasets/corr/RawDataBIDS/BMB_1/derivatives/antsBrainExtraction/sub-0003022/BrainExtractionBrain.nii.gz
Dimension = 3
Number of stages = 1
Use histogram matching = false
Winsorize image intensities = true
  Lower quantile = 0.005
  Upper quantile = 0.995


Stage 1 State
   Image metric = CC
     Fixed image = Image (0x3b594c0)
  RTTI typeinfo:   itk::Image<double, 3u>
  Reference Count: 2
  Modified Time: 1606
  Debug: Off
  Object Name: 
  Observers: 
    none
  Source: (none)
  Source output name: (none)
  Release Data: Off
  Data Released: False
  Global Release Data: Off
  PipelineMTime: 0
  UpdateMTime: 1217
  RealTimeStamp: 0 seconds 
  LargestPossibleRegion: 
    Dimension: 3
    Index: [0, 0, 0]
    Size: [193, 229, 193]
  BufferedRegion: 
    Dimension: 3
    Index: [0, 0, 0]
    Size: [193, 229, 193]
  RequestedRegion: 
    Dimension: 3
    Index: [0, 0, 0]
    Size: [193, 229, 193]
  Spacing: [1, 1, 1]
  Origin: [96, 132, -78]
  Direction: 
-1 0 0
0 -1 0
0 0 1

  IndexToPointMatrix: 
-1 0 0
0 -1 0
0 0 1

  PointToIndexMatrix: 
-1 0 0
0 -1 0
0 0 1

  Inverse Direction: 
-1 0 0
0 -1 0
0 0 1

  PixelContainer: 
    ImportImageContainer (0x3c28be0)
      RTTI typeinfo:   itk::ImportImageContainer<unsigned long, double>
      Reference Count: 1
      Modified Time: 1214
      Debug: Off
      Object Name: 
      Observers: 
        none
      Pointer: 0x14f16941d010
      Container manages memory: true
      Size: 8530021
      Capacity: 8530021

     Moving image = Image (0x3c142c0)
  RTTI typeinfo:   itk::Image<double, 3u>
  Reference Count: 2
  Modified Time: 1607
  Debug: Off
  Object Name: 
  Observers: 
    none
  Source: (none)
  Source output name: (none)
  Release Data: Off
  Data Released: False
  Global Release Data: Off
  PipelineMTime: 0
  UpdateMTime: 1604
  RealTimeStamp: 0 seconds 
  LargestPossibleRegion: 
    Dimension: 3
    Index: [0, 0, 0]
    Size: [176, 256, 256]
  BufferedRegion: 
    Dimension: 3
    Index: [0, 0, 0]
    Size: [176, 256, 256]
  RequestedRegion: 
    Dimension: 3
    Index: [0, 0, 0]
    Size: [176, 256, 256]
  Spacing: [1, 1, 1]
  Origin: [-89.8014, 108.928, -127.145]
  Direction: 
1 0 0
0 -1 0
0 0 1

  IndexToPointMatrix: 
1 0 0
0 -1 0
0 0 1

  PointToIndexMatrix: 
1 0 0
0 -1 0
0 0 1

  Inverse Direction: 
1 0 0
0 -1 0
0 0 1

  PixelContainer: 
    ImportImageContainer (0x3cb0510)
      RTTI typeinfo:   itk::ImportImageContainer<unsigned long, double>
      Reference Count: 1
      Modified Time: 1601
      Debug: Off
      Object Name: 
      Observers: 
        none
      Pointer: 0x14f163c1c010
      Container manages memory: true
      Size: 11534336
      Capacity: 11534336

     Weighting = 1
     Sampling strategy = none
     Number of bins = 32
     Radius = 4
     Sampling percentage  = 1
   Transform = SyN
     Gradient step = 0.1
     Update field sigma (voxel space) = 3
     Total field sigma (voxel space) = 0
     Update field time sigma = 0
     Total field time sigma  = 0
     Number of time indices = 0
     Number of time point samples = 0
Registration using 1 total stages.

Stage 0
  iterations = 100x70x50x20
  convergence threshold = 1e-06
  convergence window size = 10
  number of levels = 4
  using the CC metric (radius = 4, weight = 1, use gradient filter = 0)
  preprocessing:  winsorizing the image intensities
  Shrink factors (level 1 out of 4): [8, 8, 8]
  Shrink factors (level 2 out of 4): [4, 4, 4]
  Shrink factors (level 3 out of 4): [2, 2, 2]
  Shrink factors (level 4 out of 4): [1, 1, 1]
  smoothing sigmas per level: [3, 2, 1, 0]
  Using default NONE metricSamplingStrategy 

*** Running SyN registration (varianceForUpdateField = 3, varianceForTotalField = 0) ***

XXDIAGNOSTIC,Iteration,metricValue,convergenceValue,ITERATION_TIME_INDEX,SINCE_LAST
 1DIAGNOSTIC,     1, -9.281539916992e-01, 1.797693134862e+308, 0.0000e+00, 0.0000e+00, 
 1DIAGNOSTIC,     2, -9.368867874146e-01, 1.797693134862e+308, 0.0000e+00, 0.0000e+00, 
 1DIAGNOSTIC,     3, -9.441995620728e-01, 1.797693134862e+308, 0.0000e+00, 0.0000e+00, 
 1DIAGNOSTIC,     4, -9.483666419983e-01, 1.797693134862e+308, 0.0000e+00, 0.0000e+00, 
 1DIAGNOSTIC,     5, -9.505138397217e-01, 1.797693134862e+308, 0.0000e+00, 0.0000e+00, 
 1DIAGNOSTIC,     6, -9.525856971741e-01, 1.797693134862e+308, 0.0000e+00, 0.0000e+00, 
 1DIAGNOSTIC,     7, -9.551835060120e-01, 1.797693134862e+308, 0.0000e+00, 0.0000e+00, 
 1DIAGNOSTIC,     8, -9.582366943359e-01, 1.797693134862e+308, 0.0000e+00, 0.0000e+00, 
 1DIAGNOSTIC,     9, -9.614672660828e-01, 1.797693134862e+308, 0.0000e+00, 0.0000e+00, 
 1DIAGNOSTIC,    10, -9.633574485779e-01, 2.099307816297e-03, 0.0000e+00, 0.0000e+00, 
 1DIAGNOSTIC,    11, -9.638724327087e-01, 1.550009654567e-03, 0.0000e+00, 0.0000e+00, 
 1DIAGNOSTIC,    12, -9.650688171387e-01, 1.198498715125e-03, 0.0000e+00, 0.0000e+00, 
 1DIAGNOSTIC,    13, -9.654660224915e-01, 9.676647733475e-04, 0.0000e+00, 0.0000e+00, 
 1DIAGNOSTIC,    14, -9.661488533020e-01, 7.845625601007e-04, 0.0000e+00, 0.0000e+00, 
 1DIAGNOSTIC,    15, -9.664855003357e-01, 6.036772569701e-04, 0.0000e+00, 0.0000e+00, 
 1DIAGNOSTIC,    16, -9.669642448425e-01, 4.379200733184e-04, 0.0000e+00, 0.0000e+00, 
 1DIAGNOSTIC,    17, -9.672598838806e-01, 3.016469727554e-04, 0.0000e+00, 0.0000e+00, 
 1DIAGNOSTIC,    18, -9.675898551941e-01, 2.076164805093e-04, 0.0000e+00, 0.0000e+00, 
 1DIAGNOSTIC,    19, -9.678339958191e-01, 1.581585005559e-04, 0.0000e+00, 0.0000e+00, 
 1DIAGNOSTIC,    20, -9.680604934692e-01, 1.305235795497e-04, 0.0000e+00, 0.0000e+00, 
 1DIAGNOSTIC,    21, -9.682884216309e-01, 1.036483317517e-04, 0.0000e+00, 0.0000e+00, 
 1DIAGNOSTIC,    22, -9.684143066406e-01, 8.744486717635e-05, 0.0000e+00, 0.0000e+00, 
 1DIAGNOSTIC,    23, -9.686198234558e-01, 7.222253041608e-05, 0.0000e+00, 0.0000e+00, 
 1DIAGNOSTIC,    24, -9.687228202820e-01, 6.126487295068e-05, 0.0000e+00, 0.0000e+00, 
 1DIAGNOSTIC,    25, -9.689445495605e-01, 5.207209717503e-05, 0.0000e+00, 0.0000e+00, 
 1DIAGNOSTIC,    26, -9.690313339233e-01, 4.516806000902e-05, 0.0000e+00, 0.0000e+00, 
 1DIAGNOSTIC,    27, -9.692568778992e-01, 4.030004786093e-05, 0.0000e+00, 0.0000e+00, 
 1DIAGNOSTIC,    28, -9.692792892456e-01, 3.574533113209e-05, 0.0000e+00, 0.0000e+00, 
 1DIAGNOSTIC,    29, -9.695601463318e-01, 3.357546444566e-05, 0.0000e+00, 0.0000e+00, 
 1DIAGNOSTIC,    30, -9.695577621460e-01, 3.058916806973e-05, 0.0000e+00, 0.0000e+00, 
 1DIAGNOSTIC,    31, -9.697761535645e-01, 2.926807243252e-05, 0.0000e+00, 0.0000e+00, 
 1DIAGNOSTIC,    32, -9.697489738464e-01, 2.620241991601e-05, 0.0000e+00, 0.0000e+00, 
 1DIAGNOSTIC,    33, -9.700002670288e-01, 2.504129547615e-05, 0.0000e+00, 0.0000e+00, 
 1DIAGNOSTIC,    34, -9.699535369873e-01, 2.206265833173e-05, 0.0000e+00, 0.0000e+00, 
 1DIAGNOSTIC,    35, -9.702157974243e-01, 2.135278910463e-05, 0.0000e+00, 0.0000e+00, 
 1DIAGNOSTIC,    36, -9.702010154724e-01, 1.925468041539e-05, 0.0000e+00, 0.0000e+00, 
 1DIAGNOSTIC,    37, -9.704718589783e-01, 1.951476474584e-05, 0.0000e+00, 0.0000e+00, 
 1DIAGNOSTIC,    38, -9.703865051270e-01, 1.740261796313e-05, 0.0000e+00, 0.0000e+00, 
 1DIAGNOSTIC,    39, -9.706611633301e-01, 1.807183807142e-05, 0.0000e+00, 0.0000e+00, 
 1DIAGNOSTIC,    40, -9.705595970154e-01, 1.621409960989e-05, 0.0000e+00, 0.0000e+00, 
 1DIAGNOSTIC,    41, -9.708299636841e-01, 1.653511475774e-05, 0.0000e+00, 0.0000e+00, 
 1DIAGNOSTIC,    42, -9.707226753235e-01, 1.430773249112e-05, 0.0000e+00, 0.0000e+00, 
 1DIAGNOSTIC,    43, -9.709954261780e-01, 1.453923459904e-05, 0.0000e+00, 0.0000e+00, 
 1DIAGNOSTIC,    44, -9.708666801453e-01, 1.218697191452e-05, 0.0000e+00, 0.0000e+00, 
 1DIAGNOSTIC,    45, -9.711503982544e-01, 1.246555592129e-05, 0.0000e+00, 0.0000e+00, 
 1DIAGNOSTIC,    46, -9.710121154785e-01, 1.054203069158e-05, 0.0000e+00, 0.0000e+00, 
 1DIAGNOSTIC,    47, -9.712977409363e-01, 1.130280917006e-05, 0.0000e+00, 0.0000e+00, 
 1DIAGNOSTIC,    48, -9.711484909058e-01, 9.491700078565e-06, 0.0000e+00, 0.0000e+00, 
 1DIAGNOSTIC,    49, -9.714365005493e-01, 1.035045944055e-05, 0.0000e+00, 0.0000e+00, 
 1DIAGNOSTIC,    50, -9.712786674500e-01, 8.636837719976e-06, 0.0000e+00, 0.0000e+00, 
 1DIAGNOSTIC,    51, -9.715685844421e-01, 9.515777802331e-06, 0.0000e+00, 0.0000e+00, 
 1DIAGNOSTIC,    52, -9.714016914368e-01, 7.877062875465e-06, 0.0000e+00, 0.0000e+00, 
 1DIAGNOSTIC,    53, -9.716944694519e-01, 8.804634409849e-06, 0.0000e+00, 0.0000e+00, 
 1DIAGNOSTIC,    54, -9.715194702148e-01, 7.176164873116e-06, 0.0000e+00, 0.0000e+00, 
 1DIAGNOSTIC,    55, -9.718108177185e-01, 8.111841826572e-06, 0.0000e+00, 0.0000e+00, 
 1DIAGNOSTIC,    56, -9.716281890869e-01, 6.527789034910e-06, 0.0000e+00, 0.0000e+00, 
 1DIAGNOSTIC,    57, -9.719152450562e-01, 7.443158623131e-06, 0.0000e+00, 0.0000e+00, 
 1DIAGNOSTIC,    58, -9.717297554016e-01, 5.892927565931e-06, 0.0000e+00, 0.0000e+00, 
 1DIAGNOSTIC,    59, -9.720158576965e-01, 6.802958719111e-06, 0.0000e+00, 0.0000e+00, 
 1DIAGNOSTIC,    60, -9.718275070190e-01, 5.310753663040e-06, 0.0000e+00, 0.0000e+00, 
 1DIAGNOSTIC,    61, -9.721102714539e-01, 6.227514182441e-06, 0.0000e+00, 0.0000e+00, 
 1DIAGNOSTIC,    62, -9.719185829163e-01, 4.794523636765e-06, 0.0000e+00, 0.0000e+00, 
 1DIAGNOSTIC,    63, -9.721999168396e-01, 5.732281702402e-06, 0.0000e+00, 0.0000e+00, 
 1DIAGNOSTIC,    64, -9.720077514648e-01, 4.381949872265e-06, 0.0000e+00, 0.0000e+00, 
 1DIAGNOSTIC,    65, -9.722905158997e-01, 5.352267988316e-06, 0.0000e+00, 0.0000e+00, 
 1DIAGNOSTIC,    66, -9.720959663391e-01, 4.078514059890e-06, 0.0000e+00, 0.0000e+00, 
 1DIAGNOSTIC,    67, -9.723796844482e-01, 5.055971853435e-06, 0.0000e+00, 0.0000e+00, 
 1DIAGNOSTIC,    68, -9.721822738647e-01, 3.843608250093e-06, 0.0000e+00, 0.0000e+00, 
 1DIAGNOSTIC,    69, -9.724669456482e-01, 4.826303297064e-06, 0.0000e+00, 0.0000e+00, 
 1DIAGNOSTIC,    70, -9.722647666931e-01, 3.657724519818e-06, 0.0000e+00, 0.0000e+00, 
 1DIAGNOSTIC,    71, -9.725484848022e-01, 4.611172228225e-06, 0.0000e+00, 0.0000e+00, 
 1DIAGNOSTIC,    72, -9.723424911499e-01, 3.452811819016e-06, 0.0000e+00, 0.0000e+00, 
 1DIAGNOSTIC,    73, -9.726257324219e-01, 4.360214213186e-06, 0.0000e+00, 0.0000e+00, 
 1DIAGNOSTIC,    74, -9.724168777466e-01, 3.212788550753e-06, 0.0000e+00, 0.0000e+00, 
 1DIAGNOSTIC,    75, -9.726972579956e-01, 4.084476519325e-06, 0.0000e+00, 0.0000e+00, 
 1DIAGNOSTIC,    76, -9.724860191345e-01, 2.953700501337e-06, 0.0000e+00, 0.0000e+00, 
 1DIAGNOSTIC,    77, -9.727625846863e-01, 3.795071254446e-06, 0.0000e+00, 0.0000e+00, 
 1DIAGNOSTIC,    78, -9.725484848022e-01, 2.682342945169e-06, 0.0000e+00, 0.0000e+00, 
 1DIAGNOSTIC,    79, -9.728212356567e-01, 3.499798737819e-06, 0.0000e+00, 0.0000e+00, 
 1DIAGNOSTIC,    80, -9.726028442383e-01, 2.398990513916e-06, 0.0000e+00, 0.0000e+00, 
 1DIAGNOSTIC,    81, -9.728741645813e-01, 3.192953201350e-06, 0.0000e+00, 0.0000e+00, 
 1DIAGNOSTIC,    82, -9.726533889771e-01, 2.115104129240e-06, 0.0000e+00, 0.0000e+00, 
 1DIAGNOSTIC,    83, -9.729208946228e-01, 2.892401352097e-06, 0.0000e+00, 0.0000e+00, 
 1DIAGNOSTIC,    84, -9.726986885071e-01, 1.850132535258e-06, 0.0000e+00, 0.0000e+00, 
 1DIAGNOSTIC,    85, -9.729599952698e-01, 2.607827718774e-06, 0.0000e+00, 0.0000e+00, 
 1DIAGNOSTIC,    86, -9.727358818054e-01, 1.595729865141e-06, 0.0000e+00, 0.0000e+00, 
 1DIAGNOSTIC,    87, -9.729909896851e-01, 2.327903926002e-06, 0.0000e+00, 0.0000e+00, 
 1DIAGNOSTIC,    88, -9.727668762207e-01, 1.343535012847e-06, 0.0000e+00, 0.0000e+00, 
 1DIAGNOSTIC,    89, -9.730176925659e-01, 2.057646752164e-06, 0.0000e+00, 0.0000e+00, 
 1DIAGNOSTIC,    90, -9.727931022644e-01, 1.099737933439e-06, 0.0000e+00, 0.0000e+00, 
 1DIAGNOSTIC,    91, -9.730410575867e-01, 1.809199661335e-06, 0.0000e+00, 0.0000e+00, 
 1DIAGNOSTIC,    92, -9.728159904480e-01, 8.941186357796e-07, 0.0000e+00, 0.0000e+00, 
XXDIAGNOSTIC,Iteration,metricValue,convergenceValue,ITERATION_TIME_INDEX,SINCE_LAST
 1DIAGNOSTIC,     1, -9.151687622070e-01, 1.797693134862e+308, 0.0000e+00, 0.0000e+00, 
 1DIAGNOSTIC,     2, -9.182624816895e-01, 1.797693134862e+308, 0.0000e+00, 0.0000e+00, 
 1DIAGNOSTIC,     3, -9.220886230469e-01, 1.797693134862e+308, 0.0000e+00, 0.0000e+00, 
 1DIAGNOSTIC,     4, -9.252195358276e-01, 1.797693134862e+308, 0.0000e+00, 0.0000e+00, 
 1DIAGNOSTIC,     5, -9.278311729431e-01, 1.797693134862e+308, 0.0000e+00, 0.0000e+00, 
 1DIAGNOSTIC,     6, -9.299263954163e-01, 1.797693134862e+308, 0.0000e+00, 0.0000e+00, 
 1DIAGNOSTIC,     7, -9.318094253540e-01, 1.797693134862e+308, 0.0000e+00, 0.0000e+00, 
 1DIAGNOSTIC,     8, -9.335613250732e-01, 1.797693134862e+308, 0.0000e+00, 0.0000e+00, 
 1DIAGNOSTIC,     9, -9.350290298462e-01, 1.797693134862e+308, 0.0000e+00, 0.0000e+00, 
 1DIAGNOSTIC,    10, -9.362301826477e-01, 1.449080283648e-03, 0.0000e+00, 0.0000e+00, 
 1DIAGNOSTIC,    11, -9.372334480286e-01, 1.149457579234e-03, 0.0000e+00, 0.0000e+00, 
 1DIAGNOSTIC,    12, -9.378919601440e-01, 8.913984682114e-04, 0.0000e+00, 0.0000e+00, 
 1DIAGNOSTIC,    13, -9.384531974792e-01, 6.950619573228e-04, 0.0000e+00, 0.0000e+00, 
 1DIAGNOSTIC,    14, -9.389581680298e-01, 5.424329910616e-04, 0.0000e+00, 0.0000e+00, 
 1DIAGNOSTIC,    15, -9.392948150635e-01, 4.203103897444e-04, 0.0000e+00, 0.0000e+00, 
 1DIAGNOSTIC,    16, -9.396009445190e-01, 3.205113420179e-04, 0.0000e+00, 0.0000e+00, 
 1DIAGNOSTIC,    17, -9.398803710938e-01, 2.415466906608e-04, 0.0000e+00, 0.0000e+00, 
 1DIAGNOSTIC,    18, -9.401335716248e-01, 1.828355563149e-04, 0.0000e+00, 0.0000e+00, 
 1DIAGNOSTIC,    19, -9.403648376465e-01, 1.404596966426e-04, 0.0000e+00, 0.0000e+00, 
 1DIAGNOSTIC,    20, -9.405794143677e-01, 1.107204103008e-04, 0.0000e+00, 0.0000e+00, 
 1DIAGNOSTIC,    21, -9.407739639282e-01, 9.088015008499e-05, 0.0000e+00, 0.0000e+00, 
 1DIAGNOSTIC,    22, -9.409527778625e-01, 7.595079741258e-05, 0.0000e+00, 0.0000e+00, 
 1DIAGNOSTIC,    23, -9.411268234253e-01, 6.494067133052e-05, 0.0000e+00, 0.0000e+00, 
 1DIAGNOSTIC,    24, -9.412899017334e-01, 5.727791517608e-05, 0.0000e+00, 0.0000e+00, 
 1DIAGNOSTIC,    25, -9.414443969727e-01, 5.087757336176e-05, 0.0000e+00, 0.0000e+00, 
 1DIAGNOSTIC,    26, -9.415884017944e-01, 4.550558085173e-05, 0.0000e+00, 0.0000e+00, 
 1DIAGNOSTIC,    27, -9.417185783386e-01, 4.091796446076e-05, 0.0000e+00, 0.0000e+00, 
 1DIAGNOSTIC,    28, -9.418406486511e-01, 3.693485605748e-05, 0.0000e+00, 0.0000e+00, 
 1DIAGNOSTIC,    29, -9.419550895691e-01, 3.342215605184e-05, 0.0000e+00, 0.0000e+00, 
 1DIAGNOSTIC,    30, -9.420638084412e-01, 3.032098978753e-05, 0.0000e+00, 0.0000e+00, 
 1DIAGNOSTIC,    31, -9.421629905701e-01, 2.749330857980e-05, 0.0000e+00, 0.0000e+00, 
 1DIAGNOSTIC,    32, -9.422621726990e-01, 2.494110623026e-05, 0.0000e+00, 0.0000e+00, 
 1DIAGNOSTIC,    33, -9.423575401306e-01, 2.272081035336e-05, 0.0000e+00, 0.0000e+00, 
 1DIAGNOSTIC,    34, -9.424495697021e-01, 2.081417863707e-05, 0.0000e+00, 0.0000e+00, 
 1DIAGNOSTIC,    35, -9.425435066223e-01, 1.925544635208e-05, 0.0000e+00, 0.0000e+00, 
 1DIAGNOSTIC,    36, -9.426279067993e-01, 1.793977880217e-05, 0.0000e+00, 0.0000e+00, 
 1DIAGNOSTIC,    37, -9.427089691162e-01, 1.678346767042e-05, 0.0000e+00, 0.0000e+00, 
 1DIAGNOSTIC,    38, -9.427871704102e-01, 1.575071063653e-05, 0.0000e+00, 0.0000e+00, 
 1DIAGNOSTIC,    39, -9.428625106812e-01, 1.480650294812e-05, 0.0000e+00, 0.0000e+00, 
 1DIAGNOSTIC,    40, -9.429349899292e-01, 1.393212316688e-05, 0.0000e+00, 0.0000e+00, 
 1DIAGNOSTIC,    41, -9.430065155029e-01, 1.309331078574e-05, 0.0000e+00, 0.0000e+00, 
 1DIAGNOSTIC,    42, -9.430742263794e-01, 1.230854340627e-05, 0.0000e+00, 0.0000e+00, 
 1DIAGNOSTIC,    43, -9.431409835815e-01, 1.158607137326e-05, 0.0000e+00, 0.0000e+00, 
 1DIAGNOSTIC,    44, -9.432082176208e-01, 1.094218412131e-05, 0.0000e+00, 0.0000e+00, 
 1DIAGNOSTIC,    45, -9.432663917542e-01, 1.036083268076e-05, 0.0000e+00, 0.0000e+00, 
 1DIAGNOSTIC,    46, -9.433345794678e-01, 9.875301704088e-06, 0.0000e+00, 0.0000e+00, 
 1DIAGNOSTIC,    47, -9.434003829956e-01, 9.465355338002e-06, 0.0000e+00, 0.0000e+00, 
 1DIAGNOSTIC,    48, -9.434666633606e-01, 9.130886171892e-06, 0.0000e+00, 0.0000e+00, 
 1DIAGNOSTIC,    49, -9.435358047485e-01, 8.881290656074e-06, 0.0000e+00, 0.0000e+00, 
 1DIAGNOSTIC,    50, -9.436054229736e-01, 8.702774450794e-06, 0.0000e+00, 0.0000e+00, 
 1DIAGNOSTIC,    51, -9.436740875244e-01, 8.579869341926e-06, 0.0000e+00, 0.0000e+00, 
 1DIAGNOSTIC,    52, -9.437456130981e-01, 8.498942076645e-06, 0.0000e+00, 0.0000e+00, 
 1DIAGNOSTIC,    53, -9.438214302063e-01, 8.468206431120e-06, 0.0000e+00, 0.0000e+00, 
 1DIAGNOSTIC,    54, -9.438996315002e-01, 8.489419083945e-06, 0.0000e+00, 0.0000e+00, 
 1DIAGNOSTIC,    55, -9.439849853516e-01, 8.530455945229e-06, 0.0000e+00, 0.0000e+00, 
 1DIAGNOSTIC,    56, -9.440717697144e-01, 8.633340077811e-06, 0.0000e+00, 0.0000e+00, 
 1DIAGNOSTIC,    57, -9.441714286804e-01, 8.826156208157e-06, 0.0000e+00, 0.0000e+00, 
 1DIAGNOSTIC,    58, -9.442696571350e-01, 9.063913200689e-06, 0.0000e+00, 0.0000e+00, 
 1DIAGNOSTIC,    59, -9.443736076355e-01, 9.351561358339e-06, 0.0000e+00, 0.0000e+00, 
 1DIAGNOSTIC,    60, -9.444799423218e-01, 9.658633839341e-06, 0.0000e+00, 0.0000e+00, 
 1DIAGNOSTIC,    61, -9.445886611938e-01, 9.946090694785e-06, 0.0000e+00, 0.0000e+00, 
 1DIAGNOSTIC,    62, -9.446983337402e-01, 1.018983110570e-05, 0.0000e+00, 0.0000e+00, 
 1DIAGNOSTIC,    63, -9.448070526123e-01, 1.036916146818e-05, 0.0000e+00, 0.0000e+00, 
 1DIAGNOSTIC,    64, -9.449162483215e-01, 1.046771616601e-05, 0.0000e+00, 0.0000e+00, 
 1DIAGNOSTIC,    65, -9.450216293335e-01, 1.047964777805e-05, 0.0000e+00, 0.0000e+00, 
 1DIAGNOSTIC,    66, -9.451212882996e-01, 1.037139207226e-05, 0.0000e+00, 0.0000e+00, 
 1DIAGNOSTIC,    67, -9.452247619629e-01, 1.021985006045e-05, 0.0000e+00, 0.0000e+00, 
 1DIAGNOSTIC,    68, -9.453320503235e-01, 1.003570164971e-05, 0.0000e+00, 0.0000e+00, 
 1DIAGNOSTIC,    69, -9.454350471497e-01, 9.829084179180e-06, 0.0000e+00, 0.0000e+00, 
 1DIAGNOSTIC,    70, -9.455342292786e-01, 9.601666355930e-06, 0.0000e+00, 0.0000e+00, 
XXDIAGNOSTIC,Iteration,metricValue,convergenceValue,ITERATION_TIME_INDEX,SINCE_LAST
 1DIAGNOSTIC,     1, -8.999719619751e-01, 1.797693134862e+308, 1.0240e+03, 1.0240e+03, 
 1DIAGNOSTIC,     2, -9.020533561707e-01, 1.797693134862e+308, 1.0240e+03, 0.0000e+00, 
 1DIAGNOSTIC,     3, -9.044637680054e-01, 1.797693134862e+308, 1.0240e+03, 0.0000e+00, 
 1DIAGNOSTIC,     4, -9.068689346313e-01, 1.797693134862e+308, 1.0240e+03, 0.0000e+00, 
 1DIAGNOSTIC,     5, -9.088306427002e-01, 1.797693134862e+308, 1.0240e+03, 0.0000e+00, 
 1DIAGNOSTIC,     6, -9.106526374817e-01, 1.797693134862e+308, 1.0240e+03, 0.0000e+00, 
 1DIAGNOSTIC,     7, -9.123673439026e-01, 1.797693134862e+308, 1.0240e+03, 0.0000e+00, 
 1DIAGNOSTIC,     8, -9.139566421509e-01, 1.797693134862e+308, 1.0240e+03, 0.0000e+00, 
 1DIAGNOSTIC,     9, -9.154534339905e-01, 1.797693134862e+308, 1.0240e+03, 0.0000e+00, 
 1DIAGNOSTIC,    10, -9.168829917908e-01, 1.195804748126e-03, 1.0240e+03, 0.0000e+00, 
 1DIAGNOSTIC,    11, -9.181942939758e-01, 1.016373628091e-03, 1.0240e+03, 0.0000e+00, 
 1DIAGNOSTIC,    12, -9.194207191467e-01, 8.610333379578e-04, 2.0480e+03, 1.0240e+03, 
 1DIAGNOSTIC,    13, -9.205179214478e-01, 7.352126060765e-04, 2.0480e+03, 0.0000e+00, 
 1DIAGNOSTIC,    14, -9.214849472046e-01, 6.351766104915e-04, 2.0480e+03, 0.0000e+00, 
 1DIAGNOSTIC,    15, -9.223489761353e-01, 5.487605012156e-04, 2.0480e+03, 0.0000e+00, 
 1DIAGNOSTIC,    16, -9.228377342224e-01, 4.674354957215e-04, 2.0480e+03, 0.0000e+00, 
 1DIAGNOSTIC,    17, -9.232869148254e-01, 3.921151559506e-04, 2.0480e+03, 0.0000e+00, 
 1DIAGNOSTIC,    18, -9.237203598022e-01, 3.237117996470e-04, 2.0480e+03, 0.0000e+00, 
 1DIAGNOSTIC,    19, -9.241399765015e-01, 2.636233092531e-04, 2.0480e+03, 0.0000e+00, 
 1DIAGNOSTIC,    20, -9.245462417603e-01, 2.133810567949e-04, 2.0480e+03, 0.0000e+00, 
 1DIAGNOSTIC,    21, -9.249424934387e-01, 1.731948858505e-04, 2.0480e+03, 0.0000e+00, 
 1DIAGNOSTIC,    22, -9.253330230713e-01, 1.432342959053e-04, 2.0480e+03, 0.0000e+00, 
 1DIAGNOSTIC,    23, -9.257130622864e-01, 1.222856303757e-04, 2.0480e+03, 0.0000e+00, 
 1DIAGNOSTIC,    24, -9.260892868042e-01, 1.088337149879e-04, 3.0720e+03, 1.0240e+03, 
 1DIAGNOSTIC,    25, -9.264593124390e-01, 1.015251308070e-04, 3.0720e+03, 0.0000e+00, 
 1DIAGNOSTIC,    26, -9.268264770508e-01, 9.542698507972e-05, 3.0720e+03, 0.0000e+00, 
 1DIAGNOSTIC,    27, -9.271917343140e-01, 9.013343841897e-05, 3.0720e+03, 0.0000e+00, 
 1DIAGNOSTIC,    28, -9.275550842285e-01, 8.552772480619e-05, 3.0720e+03, 0.0000e+00, 
 1DIAGNOSTIC,    29, -9.279170036316e-01, 8.150649505548e-05, 3.0720e+03, 0.0000e+00, 
 1DIAGNOSTIC,    30, -9.282770156860e-01, 7.795400536329e-05, 3.0720e+03, 0.0000e+00, 
 1DIAGNOSTIC,    31, -9.286441802979e-01, 7.487325014972e-05, 3.0720e+03, 0.0000e+00, 
 1DIAGNOSTIC,    32, -9.290204048157e-01, 7.230276313522e-05, 3.0720e+03, 0.0000e+00, 
 1DIAGNOSTIC,    33, -9.293956756592e-01, 7.010679824745e-05, 3.0720e+03, 0.0000e+00, 
 1DIAGNOSTIC,    34, -9.297771453857e-01, 6.827579125137e-05, 3.0720e+03, 0.0000e+00, 
 1DIAGNOSTIC,    35, -9.301648139954e-01, 6.675429120922e-05, 4.0960e+03, 1.0240e+03, 
 1DIAGNOSTIC,    36, -9.305591583252e-01, 6.550410661399e-05, 4.0960e+03, 0.0000e+00, 
 1DIAGNOSTIC,    37, -9.309496879578e-01, 6.439454441219e-05, 4.0960e+03, 0.0000e+00, 
 1DIAGNOSTIC,    38, -9.313268661499e-01, 6.322907255400e-05, 4.0960e+03, 0.0000e+00, 
 1DIAGNOSTIC,    39, -9.316973686218e-01, 6.190071818075e-05, 4.0960e+03, 0.0000e+00, 
 1DIAGNOSTIC,    40, -9.320487976074e-01, 6.022838466162e-05, 4.0960e+03, 0.0000e+00, 
 1DIAGNOSTIC,    41, -9.323773384094e-01, 5.812933162095e-05, 4.0960e+03, 0.0000e+00, 
 1DIAGNOSTIC,    42, -9.326763153076e-01, 5.554717895740e-05, 4.0960e+03, 0.0000e+00, 
 1DIAGNOSTIC,    43, -9.329466819763e-01, 5.242114839771e-05, 4.0960e+03, 0.0000e+00, 
 1DIAGNOSTIC,    44, -9.331936836243e-01, 4.884379667896e-05, 4.0960e+03, 0.0000e+00, 
 1DIAGNOSTIC,    45, -9.334163665771e-01, 4.494735013107e-05, 4.0960e+03, 0.0000e+00, 
 1DIAGNOSTIC,    46, -9.336204528809e-01, 4.094334955511e-05, 5.1200e+03, 1.0240e+03, 
 1DIAGNOSTIC,    47, -9.338045120239e-01, 3.697497526920e-05, 5.1200e+03, 0.0000e+00, 
 1DIAGNOSTIC,    48, -9.339704513550e-01, 3.313545915480e-05, 5.1200e+03, 0.0000e+00, 
 1DIAGNOSTIC,    49, -9.341263771057e-01, 2.960759518791e-05, 5.1200e+03, 0.0000e+00, 
 1DIAGNOSTIC,    50, -9.342737197876e-01, 2.647593669985e-05, 5.1200e+03, 0.0000e+00, 
XXDIAGNOSTIC,Iteration,metricValue,convergenceValue,ITERATION_TIME_INDEX,SINCE_LAST
 1DIAGNOSTIC,     1, -8.915629386902e-01, 1.797693134862e+308, 6.1440e+03, 1.0240e+03, 
 1DIAGNOSTIC,     2, -8.927030563354e-01, 1.797693134862e+308, 7.1680e+03, 1.0240e+03, 
 1DIAGNOSTIC,     3, -8.941679000854e-01, 1.797693134862e+308, 7.1680e+03, 0.0000e+00, 
 1DIAGNOSTIC,     4, -8.955583572388e-01, 1.797693134862e+308, 8.1920e+03, 1.0240e+03, 
 1DIAGNOSTIC,     5, -8.969149589539e-01, 1.797693134862e+308, 9.2160e+03, 1.0240e+03, 
 1DIAGNOSTIC,     6, -8.982715606689e-01, 1.797693134862e+308, 1.0240e+04, 1.0240e+03, 
 1DIAGNOSTIC,     7, -8.993606567383e-01, 1.797693134862e+308, 1.1264e+04, 1.0240e+03, 
 1DIAGNOSTIC,     8, -9.006066322327e-01, 1.797693134862e+308, 1.1264e+04, 0.0000e+00, 
 1DIAGNOSTIC,     9, -9.016556739807e-01, 1.797693134862e+308, 1.2288e+04, 1.0240e+03, 
 1DIAGNOSTIC,    10, -9.026398658752e-01, 8.082273801728e-04, 1.3312e+04, 1.0240e+03, 
 1DIAGNOSTIC,    11, -9.035615921021e-01, 7.062703788383e-04, 1.4336e+04, 1.0240e+03, 
 1DIAGNOSTIC,    12, -9.044375419617e-01, 6.107140409526e-04, 1.5360e+04, 1.0240e+03, 
 1DIAGNOSTIC,    13, -9.052553176880e-01, 5.298634203257e-04, 1.6384e+04, 1.0240e+03, 
 1DIAGNOSTIC,    14, -9.059972763062e-01, 4.602136775301e-04, 1.6384e+04, 0.0000e+00, 
 1DIAGNOSTIC,    15, -9.067058563232e-01, 4.010282973852e-04, 1.7408e+04, 1.0240e+03, 
 1DIAGNOSTIC,    16, -9.073734283447e-01, 3.522603676397e-04, 1.8432e+04, 1.0240e+03, 
 1DIAGNOSTIC,    17, -9.080224037170e-01, 3.087859356011e-04, 1.9456e+04, 1.0240e+03, 
 1DIAGNOSTIC,    18, -9.086532592773e-01, 2.743222086382e-04, 2.0480e+04, 1.0240e+03, 
 1DIAGNOSTIC,    19, -9.092459678650e-01, 2.451572677594e-04, 2.1504e+04, 1.0240e+03, 
 1DIAGNOSTIC,    20, -9.098043441772e-01, 2.203171331263e-04, 2.1504e+04, 0.0000e+00, 
  Elapsed time (stage 0): 21504


Total elapsed time: 21504
