
##########################
# Experiment information #
##########################
SIF_IMG: /project/rrg-glatard/mdugre/containers/ants-p2-vprec.sif
EXPERIMENT_NAME: vprec-space_search
CONFIG: 0111
VFC_BACKENDS: libinterflop_vprec.so --range-binary32=8 --precision-binary32=21 --range-binary64=8 --precision-binary64=21

FIXED_IMG: /templateflow/tpl-MNI152NLin2009cAsym/tpl-MNI152NLin2009cAsym_res-01_desc-brain_T1w.nii.gz
SUBJECT_ID: 0003050
INPUT_IMG: /project/rrg-glatard/mdugre/datasets/corr/RawDataBIDS/BMB_1/derivatives/antsBrainExtraction/sub-0003050/BrainExtractionBrain.nii.gz
OUTPUT_DIR: /project/rrg-glatard/mdugre/datasets/corr/RawDataBIDS/BMB_1/derivatives/vprec-space_search/0111/r8-p21/sub-0003050

ITK_GLOBAL_DEFAULT_NUMBER_OF_THREADS: 8
##########################

VFC_BACKENDS=libinterflop_ieee.so
Info [verificarlo]: loaded backend libinterflop_ieee.so
Info [interflop-ieee]: load backend with:
Info [interflop-ieee]: debug = false
Info [interflop-ieee]: debug-binary = false
Info [interflop-ieee]: no-backend-name = false
Info [interflop-ieee]: print-new-line = false
Info [interflop-ieee]: print-subnormal-normalized = false
Info [interflop-ieee]: count-op = false
All_Command_lines_OK
Using double precision for computations.
=============================================================================
The composite transform comprises the following transforms (in order): 
  1. Center of mass alignment using fixed image: /templateflow/tpl-MNI152NLin2009cAsym/tpl-MNI152NLin2009cAsym_res-01_desc-brain_T1w.nii.gz and moving image: /project/rrg-glatard/mdugre/datasets/corr/RawDataBIDS/BMB_1/derivatives/antsBrainExtraction/sub-0003050/BrainExtractionBrain.nii.gz (type = Euler3DTransform)
=============================================================================
  number of levels = 1
  fixed image: /templateflow/tpl-MNI152NLin2009cAsym/tpl-MNI152NLin2009cAsym_res-01_desc-brain_T1w.nii.gz
  moving image: /project/rrg-glatard/mdugre/datasets/corr/RawDataBIDS/BMB_1/derivatives/antsBrainExtraction/sub-0003050/BrainExtractionBrain.nii.gz
Dimension = 3
Number of stages = 1
Use histogram matching = false
Winsorize image intensities = true
  Lower quantile = 0.005
  Upper quantile = 0.995


Stage 1 State
   Image metric = MattesMI
     Fixed image = Image (0x37e1390)
  RTTI typeinfo:   itk::Image<double, 3u>
  Reference Count: 2
  Modified Time: 2334
  Debug: Off
  Object Name: 
  Observers: 
    none
  Source: (none)
  Source output name: (none)
  Release Data: Off
  Data Released: False
  Global Release Data: Off
  PipelineMTime: 0
  UpdateMTime: 1943
  RealTimeStamp: 0 seconds 
  LargestPossibleRegion: 
    Dimension: 3
    Index: [0, 0, 0]
    Size: [193, 229, 193]
  BufferedRegion: 
    Dimension: 3
    Index: [0, 0, 0]
    Size: [193, 229, 193]
  RequestedRegion: 
    Dimension: 3
    Index: [0, 0, 0]
    Size: [193, 229, 193]
  Spacing: [1, 1, 1]
  Origin: [96, 132, -78]
  Direction: 
-1 0 0
0 -1 0
0 0 1

  IndexToPointMatrix: 
-1 0 0
0 -1 0
0 0 1

  PointToIndexMatrix: 
-1 0 0
0 -1 0
0 0 1

  Inverse Direction: 
-1 0 0
0 -1 0
0 0 1

  PixelContainer: 
    ImportImageContainer (0x38aca90)
      RTTI typeinfo:   itk::ImportImageContainer<unsigned long, double>
      Reference Count: 1
      Modified Time: 1940
      Debug: Off
      Object Name: 
      Observers: 
        none
      Pointer: 0x155281c1f010
      Container manages memory: true
      Size: 8530021
      Capacity: 8530021

     Moving image = Image (0x37df290)
  RTTI typeinfo:   itk::Image<double, 3u>
  Reference Count: 2
  Modified Time: 2335
  Debug: Off
  Object Name: 
  Observers: 
    none
  Source: (none)
  Source output name: (none)
  Release Data: Off
  Data Released: False
  Global Release Data: Off
  PipelineMTime: 0
  UpdateMTime: 2332
  RealTimeStamp: 0 seconds 
  LargestPossibleRegion: 
    Dimension: 3
    Index: [0, 0, 0]
    Size: [176, 256, 256]
  BufferedRegion: 
    Dimension: 3
    Index: [0, 0, 0]
    Size: [176, 256, 256]
  RequestedRegion: 
    Dimension: 3
    Index: [0, 0, 0]
    Size: [176, 256, 256]
  Spacing: [1, 1, 1]
  Origin: [-97.5396, 112.198, -130.221]
  Direction: 
1 0 0
0 -1 0
0 0 1

  IndexToPointMatrix: 
1 0 0
0 -1 0
0 0 1

  PointToIndexMatrix: 
1 0 0
0 -1 0
0 0 1

  Inverse Direction: 
1 0 0
0 -1 0
0 0 1

  PixelContainer: 
    ImportImageContainer (0x380c850)
      RTTI typeinfo:   itk::ImportImageContainer<unsigned long, double>
      Reference Count: 1
      Modified Time: 2329
      Debug: Off
      Object Name: 
      Observers: 
        none
      Pointer: 0x15527c41e010
      Container manages memory: true
      Size: 11534336
      Capacity: 11534336

     Weighting = 1
     Sampling strategy = regular
     Number of bins = 32
     Radius = 4
     Sampling percentage  = 0.25
   Transform = Rigid
     Gradient step = 0.1
     Update field sigma (voxel space) = 0
     Total field sigma (voxel space) = 0
     Update field time sigma = 0
     Total field time sigma  = 0
     Number of time indices = 0
     Number of time point samples = 0
Registration using 1 total stages.

Stage 0
  iterations = 0
  convergence threshold = 1e-06
  convergence window size = 10
  number of levels = 1
  using the Mattes MI metric (number of bins = 32, weight = 1, use gradient filter = 0)
  preprocessing:  winsorizing the image intensities
  Shrink factors (level 1 out of 1): [1, 1, 1]
  smoothing sigmas per level: [0]
  regular sampling (percentage = 0.25)

*** Running Euler3DTransform registration ***

  Elapsed time (stage 0): 0.911054


Total elapsed time: 0.91249
VFC_BACKENDS=libinterflop_vprec.so --range-binary32=8 --precision-binary32=21 --range-binary64=8 --precision-binary64=21
Info [verificarlo]: loaded backend libinterflop_vprec.so
Info [interflop-vprec]: load backend with: 
Info [interflop-vprec]: precision-binary32 = 21
Info [interflop-vprec]: range-binary32 = 8
Info [interflop-vprec]: precision-binary64 = 21
Info [interflop-vprec]: range-binary64 = 8
Info [interflop-vprec]: mode = ob
Info [interflop-vprec]: error-mode = rel
Info [interflop-vprec]: max-abs-error-exponent = -1022
Info [interflop-vprec]: daz = false
Info [interflop-vprec]: ftz = false
Info [interflop-vprec]: 	instrument = none
Info [interflop-vprec]: 	prec-input-file = (null)
Info [interflop-vprec]: 	prec-output-file = (null)
Info [interflop-vprec]: 	prec-log-file = (null)
All_Command_lines_OK
Using double precision for computations.
=============================================================================
The composite transform comprises the following transforms (in order): 
  1. /project/rrg-glatard/mdugre/datasets/corr/RawDataBIDS/BMB_1/derivatives/vprec-space_search/0111/r8-p21/sub-0003050/align_Composite.h5[0] (type = Euler3DTransform)
  2. /project/rrg-glatard/mdugre/datasets/corr/RawDataBIDS/BMB_1/derivatives/vprec-space_search/0111/r8-p21/sub-0003050/align_Composite.h5[1] (type = Euler3DTransform)
=============================================================================
  number of levels = 4
  fixed image: /templateflow/tpl-MNI152NLin2009cAsym/tpl-MNI152NLin2009cAsym_res-01_desc-brain_T1w.nii.gz
  moving image: /project/rrg-glatard/mdugre/datasets/corr/RawDataBIDS/BMB_1/derivatives/antsBrainExtraction/sub-0003050/BrainExtractionBrain.nii.gz
Dimension = 3
Number of stages = 1
Use histogram matching = false
Winsorize image intensities = true
  Lower quantile = 0.005
  Upper quantile = 0.995


Stage 1 State
   Image metric = MattesMI
     Fixed image = Image (0x4afb300)
  RTTI typeinfo:   itk::Image<double, 3u>
  Reference Count: 2
  Modified Time: 1578
  Debug: Off
  Object Name: 
  Observers: 
    none
  Source: (none)
  Source output name: (none)
  Release Data: Off
  Data Released: False
  Global Release Data: Off
  PipelineMTime: 0
  UpdateMTime: 1189
  RealTimeStamp: 0 seconds 
  LargestPossibleRegion: 
    Dimension: 3
    Index: [0, 0, 0]
    Size: [193, 229, 193]
  BufferedRegion: 
    Dimension: 3
    Index: [0, 0, 0]
    Size: [193, 229, 193]
  RequestedRegion: 
    Dimension: 3
    Index: [0, 0, 0]
    Size: [193, 229, 193]
  Spacing: [1, 1, 1]
  Origin: [96, 132, -78]
  Direction: 
-1 0 0
0 -1 0
0 0 1

  IndexToPointMatrix: 
-1 0 0
0 -1 0
0 0 1

  PointToIndexMatrix: 
-1 0 0
0 -1 0
0 0 1

  Inverse Direction: 
-1 0 0
0 -1 0
0 0 1

  PixelContainer: 
    ImportImageContainer (0x4bb9d00)
      RTTI typeinfo:   itk::ImportImageContainer<unsigned long, double>
      Reference Count: 1
      Modified Time: 1186
      Debug: Off
      Object Name: 
      Observers: 
        none
      Pointer: 0x14a8eb405010
      Container manages memory: true
      Size: 8530021
      Capacity: 8530021

     Moving image = Image (0x4bb6030)
  RTTI typeinfo:   itk::Image<double, 3u>
  Reference Count: 2
  Modified Time: 1579
  Debug: Off
  Object Name: 
  Observers: 
    none
  Source: (none)
  Source output name: (none)
  Release Data: Off
  Data Released: False
  Global Release Data: Off
  PipelineMTime: 0
  UpdateMTime: 1576
  RealTimeStamp: 0 seconds 
  LargestPossibleRegion: 
    Dimension: 3
    Index: [0, 0, 0]
    Size: [176, 256, 256]
  BufferedRegion: 
    Dimension: 3
    Index: [0, 0, 0]
    Size: [176, 256, 256]
  RequestedRegion: 
    Dimension: 3
    Index: [0, 0, 0]
    Size: [176, 256, 256]
  Spacing: [1, 1, 1]
  Origin: [-97.5396, 112.198, -130.221]
  Direction: 
1 0 0
0 -1 0
0 0 1

  IndexToPointMatrix: 
1 0 0
0 -1 0
0 0 1

  PointToIndexMatrix: 
1 0 0
0 -1 0
0 0 1

  Inverse Direction: 
1 0 0
0 -1 0
0 0 1

  PixelContainer: 
    ImportImageContainer (0x4bb9680)
      RTTI typeinfo:   itk::ImportImageContainer<unsigned long, double>
      Reference Count: 1
      Modified Time: 1573
      Debug: Off
      Object Name: 
      Observers: 
        none
      Pointer: 0x14a8e5c04010
      Container manages memory: true
      Size: 11534336
      Capacity: 11534336

     Weighting = 1
     Sampling strategy = regular
     Number of bins = 32
     Radius = 4
     Sampling percentage  = 0.25
   Transform = Rigid
     Gradient step = 0.1
     Update field sigma (voxel space) = 0
     Total field sigma (voxel space) = 0
     Update field time sigma = 0
     Total field time sigma  = 0
     Number of time indices = 0
     Number of time point samples = 0
Registration using 1 total stages.

Stage 0
  iterations = 1000x500x250x100
  convergence threshold = 1e-06
  convergence window size = 10
  number of levels = 4
  using the Mattes MI metric (number of bins = 32, weight = 1, use gradient filter = 0)
  preprocessing:  winsorizing the image intensities
  Shrink factors (level 1 out of 4): [8, 8, 8]
  Shrink factors (level 2 out of 4): [4, 4, 4]
  Shrink factors (level 3 out of 4): [2, 2, 2]
  Shrink factors (level 4 out of 4): [1, 1, 1]
  smoothing sigmas per level: [3, 2, 1, 0]
  regular sampling (percentage = 0.25)

*** Running Euler3DTransform registration ***

DIAGNOSTIC,Iteration,metricValue,convergenceValue,ITERATION_TIME_INDEX,SINCE_LAST
 2DIAGNOSTIC,     1, -3.733581610762e-01, 1.797693134862e+308, 0.0000e+00, 0.0000e+00, 
 2DIAGNOSTIC,     2, -3.740959744710e-01, 1.797693134862e+308, 0.0000e+00, 0.0000e+00, 
 2DIAGNOSTIC,     3, -3.752880516414e-01, 1.797693134862e+308, 0.0000e+00, 0.0000e+00, 
 2DIAGNOSTIC,     4, -3.770996654378e-01, 1.797693134862e+308, 0.0000e+00, 0.0000e+00, 
 2DIAGNOSTIC,     5, -3.779142251158e-01, 1.797693134862e+308, 0.0000e+00, 0.0000e+00, 
 2DIAGNOSTIC,     6, -3.781016164939e-01, 1.797693134862e+308, 0.0000e+00, 0.0000e+00, 
 2DIAGNOSTIC,     7, -3.778332449211e-01, 1.797693134862e+308, 0.0000e+00, 0.0000e+00, 
 2DIAGNOSTIC,     8, -3.778139007868e-01, 1.797693134862e+308, 0.0000e+00, 0.0000e+00, 
 2DIAGNOSTIC,     9, -3.777787775888e-01, 1.797693134862e+308, 0.0000e+00, 0.0000e+00, 
 2DIAGNOSTIC,    10, -3.777550802437e-01, 7.396368900111e-04, 0.0000e+00, 0.0000e+00, 
 2DIAGNOSTIC,    11, -3.777273454063e-01, 4.261296306640e-04, 0.0000e+00, 0.0000e+00, 
 2DIAGNOSTIC,    12, -3.776476471847e-01, 1.687128864948e-04, 0.0000e+00, 0.0000e+00, 
 2DIAGNOSTIC,    13, -3.776343183862e-01, 2.261675700679e-06, 0.0000e+00, 0.0000e+00, 
DIAGNOSTIC,Iteration,metricValue,convergenceValue,ITERATION_TIME_INDEX,SINCE_LAST
 2DIAGNOSTIC,     1, -3.097422590369e-01, 1.797693134862e+308, 0.0000e+00, 0.0000e+00, 
 2DIAGNOSTIC,     2, -3.102504069150e-01, 1.797693134862e+308, 0.0000e+00, 0.0000e+00, 
 2DIAGNOSTIC,     3, -3.109703299701e-01, 1.797693134862e+308, 0.0000e+00, 0.0000e+00, 
 2DIAGNOSTIC,     4, -3.119087159945e-01, 1.797693134862e+308, 0.0000e+00, 0.0000e+00, 
 2DIAGNOSTIC,     5, -3.131049004668e-01, 1.797693134862e+308, 0.0000e+00, 0.0000e+00, 
 2DIAGNOSTIC,     6, -3.143533234143e-01, 1.797693134862e+308, 0.0000e+00, 0.0000e+00, 
 2DIAGNOSTIC,     7, -3.162840747257e-01, 1.797693134862e+308, 0.0000e+00, 0.0000e+00, 
 2DIAGNOSTIC,     8, -3.176341002723e-01, 1.797693134862e+308, 0.0000e+00, 0.0000e+00, 
 2DIAGNOSTIC,     9, -3.195494644857e-01, 1.797693134862e+308, 0.0000e+00, 0.0000e+00, 
 2DIAGNOSTIC,    10, -3.201184385062e-01, 2.301820651523e-03, 0.0000e+00, 0.0000e+00, 
 2DIAGNOSTIC,    11, -3.202469165204e-01, 2.118513543208e-03, 0.0000e+00, 0.0000e+00, 
 2DIAGNOSTIC,    12, -3.203055267306e-01, 1.819509395583e-03, 0.0000e+00, 0.0000e+00, 
 2DIAGNOSTIC,    13, -3.205963153735e-01, 1.471799398385e-03, 0.0000e+00, 0.0000e+00, 
 2DIAGNOSTIC,    14, -3.208132480083e-01, 1.113187535195e-03, 0.0000e+00, 0.0000e+00, 
 2DIAGNOSTIC,    15, -3.208603871646e-01, 7.755995079100e-04, 0.0000e+00, 0.0000e+00, 
 2DIAGNOSTIC,    16, -3.209831575453e-01, 4.864282521522e-04, 0.0000e+00, 0.0000e+00, 
 2DIAGNOSTIC,    17, -3.210375852346e-01, 2.914064063099e-04, 0.0000e+00, 0.0000e+00, 
 2DIAGNOSTIC,    18, -3.210528143280e-01, 1.569952859318e-04, 0.0000e+00, 0.0000e+00, 
 2DIAGNOSTIC,    19, -3.210558228833e-01, 1.121482686666e-04, 0.0000e+00, 0.0000e+00, 
 2DIAGNOSTIC,    20, -3.210605449965e-01, 8.727656001537e-05, 0.0000e+00, 0.0000e+00, 
 2DIAGNOSTIC,    21, -3.210621457630e-01, 6.249237628341e-05, 0.0000e+00, 0.0000e+00, 
 2DIAGNOSTIC,    22, -3.210722111339e-01, 3.682785810401e-05, 0.0000e+00, 0.0000e+00, 
 2DIAGNOSTIC,    23, -3.210963310519e-01, 2.217595190693e-05, 0.0000e+00, 0.0000e+00, 
 2DIAGNOSTIC,    24, -3.211065703254e-01, 1.527722381661e-05, 0.0000e+00, 0.0000e+00, 
 2DIAGNOSTIC,    25, -3.211098750172e-01, 9.337475238042e-06, 0.0000e+00, 0.0000e+00, 
 2DIAGNOSTIC,    26, -3.211194567085e-01, 7.611262974709e-06, 0.0000e+00, 0.0000e+00, 
 2DIAGNOSTIC,    27, -3.211137534846e-01, 7.002190879284e-06, 0.0000e+00, 0.0000e+00, 
 2DIAGNOSTIC,    28, -3.211121679563e-01, 6.318617153701e-06, 0.0000e+00, 0.0000e+00, 
 2DIAGNOSTIC,    29, -3.211057527887e-01, 5.086539514497e-06, 0.0000e+00, 0.0000e+00, 
 2DIAGNOSTIC,    30, -3.211079277510e-01, 3.778141120681e-06, 0.0000e+00, 0.0000e+00, 
 2DIAGNOSTIC,    31, -3.211152687098e-01, 2.551243985176e-06, 0.0000e+00, 0.0000e+00, 
 2DIAGNOSTIC,    32, -3.211068143959e-01, 1.282252849170e-06, 0.0000e+00, 0.0000e+00, 
DIAGNOSTIC,Iteration,metricValue,convergenceValue,ITERATION_TIME_INDEX,SINCE_LAST
 2DIAGNOSTIC,     1, -2.824844817282e-01, 1.797693134862e+308, 0.0000e+00, 0.0000e+00, 
 2DIAGNOSTIC,     2, -2.825179861333e-01, 1.797693134862e+308, 0.0000e+00, 0.0000e+00, 
 2DIAGNOSTIC,     3, -2.825835883172e-01, 1.797693134862e+308, 0.0000e+00, 0.0000e+00, 
 2DIAGNOSTIC,     4, -2.826658365113e-01, 1.797693134862e+308, 0.0000e+00, 0.0000e+00, 
 2DIAGNOSTIC,     5, -2.833224706656e-01, 1.797693134862e+308, 0.0000e+00, 0.0000e+00, 
 2DIAGNOSTIC,     6, -2.833563736752e-01, 1.797693134862e+308, 0.0000e+00, 0.0000e+00, 
 2DIAGNOSTIC,     7, -2.833613045436e-01, 1.797693134862e+308, 0.0000e+00, 0.0000e+00, 
 2DIAGNOSTIC,     8, -2.834019451993e-01, 1.797693134862e+308, 0.0000e+00, 0.0000e+00, 
 2DIAGNOSTIC,     9, -2.834423035572e-01, 1.797693134862e+308, 0.0000e+00, 0.0000e+00, 
 2DIAGNOSTIC,    10, -2.834654287399e-01, 2.736061919511e-04, 0.0000e+00, 0.0000e+00, 
 2DIAGNOSTIC,    11, -2.834991123995e-01, 2.159707394795e-04, 0.0000e+00, 0.0000e+00, 
 2DIAGNOSTIC,    12, -2.835291521883e-01, 1.549538496035e-04, 0.0000e+00, 0.0000e+00, 
 2DIAGNOSTIC,    13, -2.835792314962e-01, 9.891646729654e-05, 0.0000e+00, 0.0000e+00, 
 2DIAGNOSTIC,    14, -2.835956921270e-01, 4.779173920513e-05, 0.0000e+00, 0.0000e+00, 
 2DIAGNOSTIC,    15, -2.836570733331e-01, 4.735101700409e-05, 0.0000e+00, 0.0000e+00, 
 2DIAGNOSTIC,    16, -2.837308098794e-01, 4.953626978134e-05, 0.0000e+00, 0.0000e+00, 
 2DIAGNOSTIC,    17, -2.836920257133e-01, 4.495892148445e-05, 0.0000e+00, 0.0000e+00, 
 2DIAGNOSTIC,    18, -2.839515839450e-01, 5.373040544020e-05, 0.0000e+00, 0.0000e+00, 
 2DIAGNOSTIC,    19, -2.841560954351e-01, 6.930844703276e-05, 0.0000e+00, 0.0000e+00, 
 2DIAGNOSTIC,    20, -2.843362800112e-01, 8.700576656268e-05, 0.0000e+00, 0.0000e+00, 
 2DIAGNOSTIC,    21, -2.846056945334e-01, 1.095337569877e-04, 0.0000e+00, 0.0000e+00, 
 2DIAGNOSTIC,    22, -2.853372098073e-01, 1.544646203376e-04, 0.0000e+00, 0.0000e+00, 
 2DIAGNOSTIC,    23, -2.853769024643e-01, 1.842668386179e-04, 0.0000e+00, 0.0000e+00, 
 2DIAGNOSTIC,    24, -2.855121942273e-01, 2.009904565844e-04, 0.0000e+00, 0.0000e+00, 
 2DIAGNOSTIC,    25, -2.856461696976e-01, 2.056611349109e-04, 0.0000e+00, 0.0000e+00, 
 2DIAGNOSTIC,    26, -2.856533899995e-01, 1.937946331943e-04, 0.0000e+00, 0.0000e+00, 
 2DIAGNOSTIC,    27, -2.856633459749e-01, 1.631676639245e-04, 0.0000e+00, 0.0000e+00, 
 2DIAGNOSTIC,    28, -2.856762919544e-01, 1.291613124873e-04, 0.0000e+00, 0.0000e+00, 
 2DIAGNOSTIC,    29, -2.856907215995e-01, 9.321923456633e-05, 0.0000e+00, 0.0000e+00, 
 2DIAGNOSTIC,    30, -2.856951595635e-01, 5.709646789635e-05, 0.0000e+00, 0.0000e+00, 
 2DIAGNOSTIC,    31, -2.856929048401e-01, 2.603041375448e-05, 0.0000e+00, 0.0000e+00, 
 2DIAGNOSTIC,    32, -2.857030522436e-01, 1.781228752054e-05, 0.0000e+00, 0.0000e+00, 
 2DIAGNOSTIC,    33, -2.857042396748e-01, 9.657154643648e-06, 0.0000e+00, 0.0000e+00, 
 2DIAGNOSTIC,    34, -2.857061599799e-01, 5.080754786550e-06, 0.0000e+00, 0.0000e+00, 
 2DIAGNOSTIC,    35, -2.857048932543e-01, 4.167553002612e-06, 0.0000e+00, 0.0000e+00, 
 2DIAGNOSTIC,    36, -2.857047726834e-01, 3.197752403476e-06, 0.0000e+00, 0.0000e+00, 
 2DIAGNOSTIC,    37, -2.857069233960e-01, 2.380516253460e-06, 0.0000e+00, 0.0000e+00, 
 2DIAGNOSTIC,    38, -2.857102611512e-01, 1.875941433367e-06, 0.0000e+00, 0.0000e+00, 
 2DIAGNOSTIC,    39, -2.857125842330e-01, 1.725596704829e-06, 0.0000e+00, 0.0000e+00, 
 2DIAGNOSTIC,    40, -2.857144405446e-01, 1.659394139066e-06, 0.0000e+00, 0.0000e+00, 
 2DIAGNOSTIC,    41, -2.857170497873e-01, 1.517732629134e-06, 0.0000e+00, 0.0000e+00, 
 2DIAGNOSTIC,    42, -2.857198266680e-01, 1.617504280786e-06, 0.0000e+00, 0.0000e+00, 
 2DIAGNOSTIC,    43, -2.857222212143e-01, 1.710230559174e-06, 0.0000e+00, 0.0000e+00, 
 2DIAGNOSTIC,    44, -2.857247861258e-01, 1.808548315729e-06, 0.0000e+00, 0.0000e+00, 
 2DIAGNOSTIC,    45, -2.857264915137e-01, 1.809518088387e-06, 0.0000e+00, 0.0000e+00, 
 2DIAGNOSTIC,    46, -2.857270270155e-01, 1.713775311871e-06, 0.0000e+00, 0.0000e+00, 
 2DIAGNOSTIC,    47, -2.857326682898e-01, 1.688907184657e-06, 0.0000e+00, 0.0000e+00, 
 2DIAGNOSTIC,    48, -2.857375974375e-01, 1.736453431791e-06, 0.0000e+00, 0.0000e+00, 
 2DIAGNOSTIC,    49, -2.857482700351e-01, 1.942179461954e-06, 0.0000e+00, 0.0000e+00, 
 2DIAGNOSTIC,    50, -2.857611008321e-01, 2.305257040841e-06, 0.0000e+00, 0.0000e+00, 
 2DIAGNOSTIC,    51, -2.857931799608e-01, 3.169095926306e-06, 0.0000e+00, 0.0000e+00, 
 2DIAGNOSTIC,    52, -2.858253280513e-01, 4.412222344041e-06, 0.0000e+00, 0.0000e+00, 
 2DIAGNOSTIC,    53, -2.858284399236e-01, 5.337864094505e-06, 0.0000e+00, 0.0000e+00, 
 2DIAGNOSTIC,    54, -2.858290153719e-01, 5.844125504067e-06, 0.0000e+00, 0.0000e+00, 
 2DIAGNOSTIC,    55, -2.858298915462e-01, 5.879821867942e-06, 0.0000e+00, 0.0000e+00, 
 2DIAGNOSTIC,    56, -2.858308135585e-01, 5.420396484861e-06, 0.0000e+00, 0.0000e+00, 
 2DIAGNOSTIC,    57, -2.858308241983e-01, 4.601563335201e-06, 0.0000e+00, 0.0000e+00, 
 2DIAGNOSTIC,    58, -2.858308935006e-01, 3.512410024834e-06, 0.0000e+00, 0.0000e+00, 
 2DIAGNOSTIC,    59, -2.858308696048e-01, 2.364572710974e-06, 0.0000e+00, 0.0000e+00, 
 2DIAGNOSTIC,    60, -2.858308749635e-01, 1.284857939814e-06, 0.0000e+00, 0.0000e+00, 
DIAGNOSTIC,Iteration,metricValue,convergenceValue,ITERATION_TIME_INDEX,SINCE_LAST
 2DIAGNOSTIC,     1, -2.670081315625e-01, 1.797693134862e+308, 0.0000e+00, 0.0000e+00, 
 2DIAGNOSTIC,     2, -2.671408731219e-01, 1.797693134862e+308, 0.0000e+00, 0.0000e+00, 
 2DIAGNOSTIC,     3, -2.672854412449e-01, 1.797693134862e+308, 5.1200e+02, 5.1200e+02, 
 2DIAGNOSTIC,     4, -2.673305371961e-01, 1.797693134862e+308, 5.1200e+02, 0.0000e+00, 
 2DIAGNOSTIC,     5, -2.673476978339e-01, 1.797693134862e+308, 5.1200e+02, 0.0000e+00, 
 2DIAGNOSTIC,     6, -2.673866303072e-01, 1.797693134862e+308, 5.1200e+02, 0.0000e+00, 
 2DIAGNOSTIC,     7, -2.674706960479e-01, 1.797693134862e+308, 5.1200e+02, 0.0000e+00, 
 2DIAGNOSTIC,     8, -2.674712803524e-01, 1.797693134862e+308, 5.1200e+02, 0.0000e+00, 
 2DIAGNOSTIC,     9, -2.674713840312e-01, 1.797693134862e+308, 5.1200e+02, 0.0000e+00, 
 2DIAGNOSTIC,    10, -2.674714056379e-01, 1.046427620631e-04, 5.1200e+02, 0.0000e+00, 
 2DIAGNOSTIC,    11, -2.674720148083e-01, 6.707362351192e-05, 5.1200e+02, 0.0000e+00, 
 2DIAGNOSTIC,    12, -2.674721266720e-01, 4.134887783556e-05, 5.1200e+02, 0.0000e+00, 
 2DIAGNOSTIC,    13, -2.674719235602e-01, 2.783099504652e-05, 5.1200e+02, 0.0000e+00, 
 2DIAGNOSTIC,    14, -2.674719158713e-01, 1.746649312130e-05, 5.1200e+02, 0.0000e+00, 
 2DIAGNOSTIC,    15, -2.674719092668e-01, 8.306306742104e-06, 5.1200e+02, 0.0000e+00, 
 2DIAGNOSTIC,    16, -2.674718938984e-01, 2.149409027874e-06, 5.1200e+02, 0.0000e+00, 
 2DIAGNOSTIC,    17, -2.674718956530e-01, 1.957518802879e-06, 5.1200e+02, 0.0000e+00, 
 2DIAGNOSTIC,    18, -2.674718951139e-01, 1.814302945977e-06, 5.1200e+02, 0.0000e+00, 
 2DIAGNOSTIC,    19, -2.674718949112e-01, 1.688360687327e-06, 5.1200e+02, 0.0000e+00, 
 2DIAGNOSTIC,    20, -2.674718942278e-01, 1.574028055000e-06, 5.1200e+02, 0.0000e+00, 
 2DIAGNOSTIC,    21, -2.674718909138e-01, 1.502729024251e-06, 5.1200e+02, 0.0000e+00, 
 2DIAGNOSTIC,    22, -2.674718909138e-01, 1.444929103214e-06, 5.1200e+02, 0.0000e+00, 
 2DIAGNOSTIC,    23, -2.674718909138e-01, 1.383055538283e-06, 5.1200e+02, 0.0000e+00, 
 2DIAGNOSTIC,    24, -2.674718909138e-01, 1.326187751803e-06, 5.1200e+02, 0.0000e+00, 
 2DIAGNOSTIC,    25, -2.674718909138e-01, 1.273719461937e-06, 5.1200e+02, 0.0000e+00, 
 2DIAGNOSTIC,    26, -2.674718909138e-01, 1.224709624430e-06, 5.1200e+02, 0.0000e+00, 
 2DIAGNOSTIC,    27, -2.674718909138e-01, 1.179449581515e-06, 5.1200e+02, 0.0000e+00, 
 2DIAGNOSTIC,    28, -2.674718909138e-01, 1.137437566329e-06, 5.1200e+02, 0.0000e+00, 
 2DIAGNOSTIC,    29, -2.674718909138e-01, 1.098339963916e-06, 5.1200e+02, 0.0000e+00, 
 2DIAGNOSTIC,    30, -2.674718909138e-01, 1.061839942383e-06, 5.1200e+02, 0.0000e+00, 
 2DIAGNOSTIC,    31, -2.674718909138e-01, 1.027581527785e-06, 5.1200e+02, 0.0000e+00, 
  Elapsed time (stage 0): 5.1200e+02


Total elapsed time: 5.1200e+02
VFC_BACKENDS=libinterflop_vprec.so --range-binary32=8 --precision-binary32=21 --range-binary64=8 --precision-binary64=21
Info [verificarlo]: loaded backend libinterflop_vprec.so
Info [interflop-vprec]: load backend with: 
Info [interflop-vprec]: precision-binary32 = 21
Info [interflop-vprec]: range-binary32 = 8
Info [interflop-vprec]: precision-binary64 = 21
Info [interflop-vprec]: range-binary64 = 8
Info [interflop-vprec]: mode = ob
Info [interflop-vprec]: error-mode = rel
Info [interflop-vprec]: max-abs-error-exponent = -1022
Info [interflop-vprec]: daz = false
Info [interflop-vprec]: ftz = false
Info [interflop-vprec]: 	instrument = none
Info [interflop-vprec]: 	prec-input-file = (null)
Info [interflop-vprec]: 	prec-output-file = (null)
Info [interflop-vprec]: 	prec-log-file = (null)
All_Command_lines_OK
Using double precision for computations.
=============================================================================
The composite transform comprises the following transforms (in order): 
  1. /project/rrg-glatard/mdugre/datasets/corr/RawDataBIDS/BMB_1/derivatives/vprec-space_search/0111/r8-p21/sub-0003050/rigid_Composite.h5[0] (type = Euler3DTransform)
  2. /project/rrg-glatard/mdugre/datasets/corr/RawDataBIDS/BMB_1/derivatives/vprec-space_search/0111/r8-p21/sub-0003050/rigid_Composite.h5[1] (type = Euler3DTransform)
  3. /project/rrg-glatard/mdugre/datasets/corr/RawDataBIDS/BMB_1/derivatives/vprec-space_search/0111/r8-p21/sub-0003050/rigid_Composite.h5[2] (type = Euler3DTransform)
=============================================================================
  number of levels = 4
  fixed image: /templateflow/tpl-MNI152NLin2009cAsym/tpl-MNI152NLin2009cAsym_res-01_desc-brain_T1w.nii.gz
  moving image: /project/rrg-glatard/mdugre/datasets/corr/RawDataBIDS/BMB_1/derivatives/antsBrainExtraction/sub-0003050/BrainExtractionBrain.nii.gz
Dimension = 3
Number of stages = 1
Use histogram matching = false
Winsorize image intensities = true
  Lower quantile = 0.005
  Upper quantile = 0.995


Stage 1 State
   Image metric = MattesMI
     Fixed image = Image (0x4af0300)
  RTTI typeinfo:   itk::Image<double, 3u>
  Reference Count: 2
  Modified Time: 1592
  Debug: Off
  Object Name: 
  Observers: 
    none
  Source: (none)
  Source output name: (none)
  Release Data: Off
  Data Released: False
  Global Release Data: Off
  PipelineMTime: 0
  UpdateMTime: 1203
  RealTimeStamp: 0 seconds 
  LargestPossibleRegion: 
    Dimension: 3
    Index: [0, 0, 0]
    Size: [193, 229, 193]
  BufferedRegion: 
    Dimension: 3
    Index: [0, 0, 0]
    Size: [193, 229, 193]
  RequestedRegion: 
    Dimension: 3
    Index: [0, 0, 0]
    Size: [193, 229, 193]
  Spacing: [1, 1, 1]
  Origin: [96, 132, -78]
  Direction: 
-1 0 0
0 -1 0
0 0 1

  IndexToPointMatrix: 
-1 0 0
0 -1 0
0 0 1

  PointToIndexMatrix: 
-1 0 0
0 -1 0
0 0 1

  Inverse Direction: 
-1 0 0
0 -1 0
0 0 1

  PixelContainer: 
    ImportImageContainer (0x4b6b070)
      RTTI typeinfo:   itk::ImportImageContainer<unsigned long, double>
      Reference Count: 1
      Modified Time: 1200
      Debug: Off
      Object Name: 
      Observers: 
        none
      Pointer: 0x14ac57869010
      Container manages memory: true
      Size: 8530021
      Capacity: 8530021

     Moving image = Image (0x4ba00e0)
  RTTI typeinfo:   itk::Image<double, 3u>
  Reference Count: 2
  Modified Time: 1593
  Debug: Off
  Object Name: 
  Observers: 
    none
  Source: (none)
  Source output name: (none)
  Release Data: Off
  Data Released: False
  Global Release Data: Off
  PipelineMTime: 0
  UpdateMTime: 1590
  RealTimeStamp: 0 seconds 
  LargestPossibleRegion: 
    Dimension: 3
    Index: [0, 0, 0]
    Size: [176, 256, 256]
  BufferedRegion: 
    Dimension: 3
    Index: [0, 0, 0]
    Size: [176, 256, 256]
  RequestedRegion: 
    Dimension: 3
    Index: [0, 0, 0]
    Size: [176, 256, 256]
  Spacing: [1, 1, 1]
  Origin: [-97.5396, 112.198, -130.221]
  Direction: 
1 0 0
0 -1 0
0 0 1

  IndexToPointMatrix: 
1 0 0
0 -1 0
0 0 1

  PointToIndexMatrix: 
1 0 0
0 -1 0
0 0 1

  Inverse Direction: 
1 0 0
0 -1 0
0 0 1

  PixelContainer: 
    ImportImageContainer (0x4b69c90)
      RTTI typeinfo:   itk::ImportImageContainer<unsigned long, double>
      Reference Count: 1
      Modified Time: 1587
      Debug: Off
      Object Name: 
      Observers: 
        none
      Pointer: 0x14ac52068010
      Container manages memory: true
      Size: 11534336
      Capacity: 11534336

     Weighting = 1
     Sampling strategy = regular
     Number of bins = 32
     Radius = 4
     Sampling percentage  = 0.25
   Transform = Affine
     Gradient step = 0.1
     Update field sigma (voxel space) = 0
     Total field sigma (voxel space) = 0
     Update field time sigma = 0
     Total field time sigma  = 0
     Number of time indices = 0
     Number of time point samples = 0
Registration using 1 total stages.

Stage 0
  iterations = 1000x500x250x100
  convergence threshold = 1e-06
  convergence window size = 10
  number of levels = 4
  using the Mattes MI metric (number of bins = 32, weight = 1, use gradient filter = 0)
  preprocessing:  winsorizing the image intensities
  Shrink factors (level 1 out of 4): [8, 8, 8]
  Shrink factors (level 2 out of 4): [4, 4, 4]
  Shrink factors (level 3 out of 4): [2, 2, 2]
  Shrink factors (level 4 out of 4): [1, 1, 1]
  smoothing sigmas per level: [3, 2, 1, 0]
  regular sampling (percentage = 0.25)

*** Running AffineTransform registration ***

DIAGNOSTIC,Iteration,metricValue,convergenceValue,ITERATION_TIME_INDEX,SINCE_LAST
 2DIAGNOSTIC,     1, -3.925768805901e-01, 1.797693134862e+308, 0.0000e+00, 0.0000e+00, 
 2DIAGNOSTIC,     2, -3.933513234605e-01, 1.797693134862e+308, 0.0000e+00, 0.0000e+00, 
 2DIAGNOSTIC,     3, -3.954536358698e-01, 1.797693134862e+308, 0.0000e+00, 0.0000e+00, 
 2DIAGNOSTIC,     4, -3.980139277996e-01, 1.797693134862e+308, 0.0000e+00, 0.0000e+00, 
 2DIAGNOSTIC,     5, -4.025655826937e-01, 1.797693134862e+308, 0.0000e+00, 0.0000e+00, 
 2DIAGNOSTIC,     6, -4.107503576043e-01, 1.797693134862e+308, 0.0000e+00, 0.0000e+00, 
 2DIAGNOSTIC,     7, -4.248409093145e-01, 1.797693134862e+308, 0.0000e+00, 0.0000e+00, 
 2DIAGNOSTIC,     8, -4.745632997807e-01, 1.797693134862e+308, 0.0000e+00, 0.0000e+00, 
 2DIAGNOSTIC,     9, -6.301874853668e-01, 1.797693134862e+308, 0.0000e+00, 0.0000e+00, 
 2DIAGNOSTIC,    10, -7.116590671614e-01, 3.651944385388e-02, 0.0000e+00, 0.0000e+00, 
 2DIAGNOSTIC,    11, -7.521264875727e-01, 4.400940315690e-02, 0.0000e+00, 0.0000e+00, 
 2DIAGNOSTIC,    12, -7.830679988636e-01, 4.720762113158e-02, 0.0000e+00, 0.0000e+00, 
 2DIAGNOSTIC,    13, -8.090119488892e-01, 4.654331501593e-02, 0.0000e+00, 0.0000e+00, 
 2DIAGNOSTIC,    14, -8.199257738720e-01, 4.227418948126e-02, 0.0000e+00, 0.0000e+00, 
 2DIAGNOSTIC,    15, -8.273765926019e-01, 3.541285136108e-02, 0.0000e+00, 0.0000e+00, 
 2DIAGNOSTIC,    16, -8.288873950455e-01, 2.693857174961e-02, 0.0000e+00, 0.0000e+00, 
 2DIAGNOSTIC,    17, -8.324261756458e-01, 1.792320612503e-02, 0.0000e+00, 0.0000e+00, 
 2DIAGNOSTIC,    18, -8.328120912625e-01, 9.830119806419e-03, 0.0000e+00, 0.0000e+00, 
 2DIAGNOSTIC,    19, -8.331390077570e-01, 5.640666358070e-03, 0.0000e+00, 0.0000e+00, 
 2DIAGNOSTIC,    20, -8.334099122764e-01, 3.287789439263e-03, 0.0000e+00, 0.0000e+00, 
 2DIAGNOSTIC,    21, -8.335732348359e-01, 1.759377125231e-03, 0.0000e+00, 0.0000e+00, 
 2DIAGNOSTIC,    22, -8.336644626843e-01, 8.446074674676e-04, 0.0000e+00, 0.0000e+00, 
 2DIAGNOSTIC,    23, -8.338220225343e-01, 4.329215632574e-04, 0.0000e+00, 0.0000e+00, 
 2DIAGNOSTIC,    24, -8.340364907144e-01, 2.174317201684e-04, 0.0000e+00, 0.0000e+00, 
 2DIAGNOSTIC,    25, -8.341601288219e-01, 1.299788339069e-04, 0.0000e+00, 0.0000e+00, 
 2DIAGNOSTIC,    26, -8.343823475804e-01, 6.493995016590e-05, 0.0000e+00, 0.0000e+00, 
 2DIAGNOSTIC,    27, -8.344740220333e-01, 5.509808887730e-05, 0.0000e+00, 0.0000e+00, 
 2DIAGNOSTIC,    28, -8.346197473887e-01, 4.876448970278e-05, 0.0000e+00, 0.0000e+00, 
 2DIAGNOSTIC,    29, -8.346787599026e-01, 4.379296006915e-05, 0.0000e+00, 0.0000e+00, 
 2DIAGNOSTIC,    30, -8.346897131330e-01, 3.897154268944e-05, 0.0000e+00, 0.0000e+00, 
 2DIAGNOSTIC,    31, -8.347101314687e-01, 3.335839479783e-05, 0.0000e+00, 0.0000e+00, 
 2DIAGNOSTIC,    32, -8.347318544930e-01, 2.650580352184e-05, 0.0000e+00, 0.0000e+00, 
 2DIAGNOSTIC,    33, -8.347442179774e-01, 1.973857896909e-05, 0.0000e+00, 0.0000e+00, 
 2DIAGNOSTIC,    34, -8.347648640296e-01, 1.439729007071e-05, 0.0000e+00, 0.0000e+00, 
 2DIAGNOSTIC,    35, -8.347872487610e-01, 9.750740797398e-06, 0.0000e+00, 0.0000e+00, 
 2DIAGNOSTIC,    36, -8.347976138309e-01, 7.100136198882e-06, 0.0000e+00, 0.0000e+00, 
 2DIAGNOSTIC,    37, -8.348110862594e-01, 5.108436208823e-06, 0.0000e+00, 0.0000e+00, 
 2DIAGNOSTIC,    38, -8.348129946793e-01, 4.338906557315e-06, 0.0000e+00, 0.0000e+00, 
 2DIAGNOSTIC,    39, -8.348130596355e-01, 3.880066957788e-06, 0.0000e+00, 0.0000e+00, 
 2DIAGNOSTIC,    40, -8.348132009755e-01, 3.270024613398e-06, 0.0000e+00, 0.0000e+00, 
 2DIAGNOSTIC,    41, -8.348133972841e-01, 2.657704398119e-06, 0.0000e+00, 0.0000e+00, 
 2DIAGNOSTIC,    42, -8.348138700865e-01, 2.111105158339e-06, 0.0000e+00, 0.0000e+00, 
 2DIAGNOSTIC,    43, -8.348138891820e-01, 1.581124611929e-06, 0.0000e+00, 0.0000e+00, 
 2DIAGNOSTIC,    44, -8.348141542128e-01, 1.185171332851e-06, 0.0000e+00, 0.0000e+00, 
DIAGNOSTIC,Iteration,metricValue,convergenceValue,ITERATION_TIME_INDEX,SINCE_LAST
 2DIAGNOSTIC,     1, -7.082051645136e-01, 1.797693134862e+308, 0.0000e+00, 0.0000e+00, 
 2DIAGNOSTIC,     2, -7.092331886062e-01, 1.797693134862e+308, 0.0000e+00, 0.0000e+00, 
 2DIAGNOSTIC,     3, -7.100301582938e-01, 1.797693134862e+308, 0.0000e+00, 0.0000e+00, 
 2DIAGNOSTIC,     4, -7.105623218325e-01, 1.797693134862e+308, 0.0000e+00, 0.0000e+00, 
 2DIAGNOSTIC,     5, -7.109878859852e-01, 1.797693134862e+308, 0.0000e+00, 0.0000e+00, 
 2DIAGNOSTIC,     6, -7.114966713433e-01, 1.797693134862e+308, 0.0000e+00, 0.0000e+00, 
 2DIAGNOSTIC,     7, -7.118444466372e-01, 1.797693134862e+308, 0.0000e+00, 0.0000e+00, 
 2DIAGNOSTIC,     8, -7.118808301082e-01, 1.797693134862e+308, 0.0000e+00, 0.0000e+00, 
 2DIAGNOSTIC,     9, -7.119533409392e-01, 1.797693134862e+308, 0.0000e+00, 0.0000e+00, 
 2DIAGNOSTIC,    10, -7.120271119829e-01, 3.302598279112e-04, 0.0000e+00, 0.0000e+00, 
 2DIAGNOSTIC,    11, -7.120360193894e-01, 2.208944230805e-04, 0.0000e+00, 0.0000e+00, 
 2DIAGNOSTIC,    12, -7.120432998337e-01, 1.442050220942e-04, 0.0000e+00, 0.0000e+00, 
 2DIAGNOSTIC,    13, -7.120455641670e-01, 9.103245134690e-05, 0.0000e+00, 0.0000e+00, 
 2DIAGNOSTIC,    14, -7.120550303214e-01, 5.282829736843e-05, 0.0000e+00, 0.0000e+00, 
 2DIAGNOSTIC,    15, -7.120555586032e-01, 2.615472504769e-05, 0.0000e+00, 0.0000e+00, 
 2DIAGNOSTIC,    16, -7.120576754962e-01, 1.315804411006e-05, 0.0000e+00, 0.0000e+00, 
 2DIAGNOSTIC,    17, -7.120612160321e-01, 8.943849794767e-06, 0.0000e+00, 0.0000e+00, 
 2DIAGNOSTIC,    18, -7.120614503132e-01, 5.331241782647e-06, 0.0000e+00, 0.0000e+00, 
 2DIAGNOSTIC,    19, -7.120618174424e-01, 3.259921548447e-06, 0.0000e+00, 0.0000e+00, 
 2DIAGNOSTIC,    20, -7.120620267748e-01, 2.723959629615e-06, 0.0000e+00, 0.0000e+00, 
 2DIAGNOSTIC,    21, -7.120621207315e-01, 2.303598783254e-06, 0.0000e+00, 0.0000e+00, 
 2DIAGNOSTIC,    22, -7.120622069622e-01, 1.981796442889e-06, 0.0000e+00, 0.0000e+00, 
 2DIAGNOSTIC,    23, -7.120622435709e-01, 1.673806698251e-06, 0.0000e+00, 0.0000e+00, 
 2DIAGNOSTIC,    24, -7.120621686558e-01, 1.521833583838e-06, 0.0000e+00, 0.0000e+00, 
 2DIAGNOSTIC,    25, -7.120622476779e-01, 1.373285912369e-06, 0.0000e+00, 0.0000e+00, 
 2DIAGNOSTIC,    26, -7.120623070496e-01, 1.258844436920e-06, 0.0000e+00, 0.0000e+00, 
 2DIAGNOSTIC,    27, -7.120622200126e-01, 1.200819848793e-06, 0.0000e+00, 0.0000e+00, 
 2DIAGNOSTIC,    28, -7.120622630684e-01, 1.148933964468e-06, 0.0000e+00, 0.0000e+00, 
 2DIAGNOSTIC,    29, -7.120622927320e-01, 1.105025840928e-06, 0.0000e+00, 0.0000e+00, 
 2DIAGNOSTIC,    30, -7.120622756458e-01, 1.065975843519e-06, 0.0000e+00, 0.0000e+00, 
 2DIAGNOSTIC,    31, -7.120621800908e-01, 1.029042170912e-06, 0.0000e+00, 0.0000e+00, 
DIAGNOSTIC,Iteration,metricValue,convergenceValue,ITERATION_TIME_INDEX,SINCE_LAST
 2DIAGNOSTIC,     1, -6.060963773066e-01, 1.797693134862e+308, 0.0000e+00, 0.0000e+00, 
 2DIAGNOSTIC,     2, -6.065773533079e-01, 1.797693134862e+308, 0.0000e+00, 0.0000e+00, 
 2DIAGNOSTIC,     3, -6.069909467188e-01, 1.797693134862e+308, 0.0000e+00, 0.0000e+00, 
 2DIAGNOSTIC,     4, -6.074391152807e-01, 1.797693134862e+308, 0.0000e+00, 0.0000e+00, 
 2DIAGNOSTIC,     5, -6.076422175358e-01, 1.797693134862e+308, 0.0000e+00, 0.0000e+00, 
 2DIAGNOSTIC,     6, -6.077018989802e-01, 1.797693134862e+308, 0.0000e+00, 0.0000e+00, 
 2DIAGNOSTIC,     7, -6.077366208667e-01, 1.797693134862e+308, 0.0000e+00, 0.0000e+00, 
 2DIAGNOSTIC,     8, -6.077602413080e-01, 1.797693134862e+308, 0.0000e+00, 0.0000e+00, 
 2DIAGNOSTIC,     9, -6.078220262141e-01, 1.797693134862e+308, 0.0000e+00, 0.0000e+00, 
 2DIAGNOSTIC,    10, -6.078351726758e-01, 1.676693626460e-04, 0.0000e+00, 0.0000e+00, 
 2DIAGNOSTIC,    11, -6.078463365241e-01, 1.022708797121e-04, 0.0000e+00, 0.0000e+00, 
 2DIAGNOSTIC,    12, -6.078501432615e-01, 5.764674956533e-05, 0.0000e+00, 0.0000e+00, 
 2DIAGNOSTIC,    13, -6.078550115806e-01, 2.962900528836e-05, 0.0000e+00, 0.0000e+00, 
 2DIAGNOSTIC,    14, -6.078563148782e-01, 1.797951456758e-05, 0.0000e+00, 0.0000e+00, 
 2DIAGNOSTIC,    15, -6.078573703364e-01, 1.277663313755e-05, 0.0000e+00, 0.0000e+00, 
 2DIAGNOSTIC,    16, -6.078577297528e-01, 9.006311050899e-06, 0.0000e+00, 0.0000e+00, 
 2DIAGNOSTIC,    17, -6.078577825413e-01, 5.995885593066e-06, 0.0000e+00, 0.0000e+00, 
 2DIAGNOSTIC,    18, -6.078578082286e-01, 3.514562191775e-06, 0.0000e+00, 0.0000e+00, 
 2DIAGNOSTIC,    19, -6.078578483039e-01, 2.649596368094e-06, 0.0000e+00, 0.0000e+00, 
 2DIAGNOSTIC,    20, -6.078578362061e-01, 2.082852451415e-06, 0.0000e+00, 0.0000e+00, 
 2DIAGNOSTIC,    21, -6.078578351115e-01, 1.772269885257e-06, 0.0000e+00, 0.0000e+00, 
 2DIAGNOSTIC,    22, -6.078578318756e-01, 1.544681186294e-06, 0.0000e+00, 0.0000e+00, 
 2DIAGNOSTIC,    23, -6.078578519553e-01, 1.426879108722e-06, 0.0000e+00, 0.0000e+00, 
 2DIAGNOSTIC,    24, -6.078578867511e-01, 1.340559316144e-06, 0.0000e+00, 0.0000e+00, 
 2DIAGNOSTIC,    25, -6.078578458479e-01, 1.278718133733e-06, 0.0000e+00, 0.0000e+00, 
 2DIAGNOSTIC,    26, -6.078578237417e-01, 1.227324549775e-06, 0.0000e+00, 0.0000e+00, 
 2DIAGNOSTIC,    27, -6.078578156923e-01, 1.180335399399e-06, 0.0000e+00, 0.0000e+00, 
 2DIAGNOSTIC,    28, -6.078578093405e-01, 1.136952259125e-06, 0.0000e+00, 0.0000e+00, 
 2DIAGNOSTIC,    29, -6.078578092503e-01, 1.097281617443e-06, 0.0000e+00, 0.0000e+00, 
 2DIAGNOSTIC,    30, -6.078578386904e-01, 1.060661701364e-06, 0.0000e+00, 0.0000e+00, 
 2DIAGNOSTIC,    31, -6.078578050333e-01, 1.026010845076e-06, 0.0000e+00, 0.0000e+00, 
DIAGNOSTIC,Iteration,metricValue,convergenceValue,ITERATION_TIME_INDEX,SINCE_LAST
 2DIAGNOSTIC,     1, -5.396954683560e-01, 1.797693134862e+308, 0.0000e+00, 0.0000e+00, 
 2DIAGNOSTIC,     2, -5.399291045815e-01, 1.797693134862e+308, 0.0000e+00, 0.0000e+00, 
 2DIAGNOSTIC,     3, -5.401110633910e-01, 1.797693134862e+308, 0.0000e+00, 0.0000e+00, 
 2DIAGNOSTIC,     4, -5.402960402281e-01, 1.797693134862e+308, 0.0000e+00, 0.0000e+00, 
 2DIAGNOSTIC,     5, -5.403414010796e-01, 1.797693134862e+308, 0.0000e+00, 0.0000e+00, 
 2DIAGNOSTIC,     6, -5.403438977425e-01, 1.797693134862e+308, 0.0000e+00, 0.0000e+00, 
 2DIAGNOSTIC,     7, -5.403494270208e-01, 1.797693134862e+308, 0.0000e+00, 0.0000e+00, 
 2DIAGNOSTIC,     8, -5.403548435453e-01, 1.797693134862e+308, 0.0000e+00, 0.0000e+00, 
 2DIAGNOSTIC,     9, -5.403573481432e-01, 1.797693134862e+308, 0.0000e+00, 0.0000e+00, 
 2DIAGNOSTIC,    10, -5.403576057729e-01, 6.804142233964e-05, 0.0000e+00, 0.0000e+00, 
 2DIAGNOSTIC,    11, -5.403575319041e-01, 3.608923391514e-05, 0.0000e+00, 0.0000e+00, 
 2DIAGNOSTIC,    12, -5.403573135975e-01, 1.661861181509e-05, 0.0000e+00, 0.0000e+00, 
 2DIAGNOSTIC,    13, -5.403569942278e-01, 6.038318147050e-06, 0.0000e+00, 0.0000e+00, 
 2DIAGNOSTIC,    14, -5.403572229274e-01, 3.556686135331e-06, 0.0000e+00, 0.0000e+00, 
 2DIAGNOSTIC,    15, -5.403572188294e-01, 2.881685019468e-06, 5.1200e+02, 5.1200e+02, 
 2DIAGNOSTIC,    16, -5.403570409336e-01, 2.296039322391e-06, 5.1200e+02, 0.0000e+00, 
 2DIAGNOSTIC,    17, -5.403569796237e-01, 1.917107127568e-06, 5.1200e+02, 0.0000e+00, 
 2DIAGNOSTIC,    18, -5.403570192415e-01, 1.733838958566e-06, 5.1200e+02, 0.0000e+00, 
 2DIAGNOSTIC,    19, -5.403570724978e-01, 1.643472635190e-06, 5.1200e+02, 0.0000e+00, 
 2DIAGNOSTIC,    20, -5.403569327161e-01, 1.568109633379e-06, 5.1200e+02, 0.0000e+00, 
 2DIAGNOSTIC,    21, -5.403569496774e-01, 1.501158289618e-06, 5.1200e+02, 0.0000e+00, 
 2DIAGNOSTIC,    22, -5.403569321960e-01, 1.436411206077e-06, 5.1200e+02, 0.0000e+00, 
 2DIAGNOSTIC,    23, -5.403568075303e-01, 1.367946176105e-06, 5.1200e+02, 0.0000e+00, 
 2DIAGNOSTIC,    24, -5.403568402450e-01, 1.312511361207e-06, 5.1200e+02, 0.0000e+00, 
 2DIAGNOSTIC,    25, -5.403568346798e-01, 1.262782341430e-06, 5.1200e+02, 0.0000e+00, 
 2DIAGNOSTIC,    26, -5.403568192310e-01, 1.214073799306e-06, 5.1200e+02, 0.0000e+00, 
 2DIAGNOSTIC,    27, -5.403567015649e-01, 1.166504745589e-06, 5.1200e+02, 0.0000e+00, 
 2DIAGNOSTIC,    28, -5.403567088585e-01, 1.124504855732e-06, 5.1200e+02, 0.0000e+00, 
 2DIAGNOSTIC,    29, -5.403566862739e-01, 1.087231294376e-06, 5.1200e+02, 0.0000e+00, 
 2DIAGNOSTIC,    30, -5.403567219146e-01, 1.051602143129e-06, 5.1200e+02, 0.0000e+00, 
 2DIAGNOSTIC,    31, -5.403567160547e-01, 1.019405911164e-06, 5.1200e+02, 0.0000e+00, 
  Elapsed time (stage 0): 5.1200e+02


Total elapsed time: 5.1200e+02
VFC_BACKENDS=libinterflop_vprec.so --range-binary32=8 --precision-binary32=21 --range-binary64=8 --precision-binary64=21
Info [verificarlo]: loaded backend libinterflop_vprec.so
Info [interflop-vprec]: load backend with: 
Info [interflop-vprec]: precision-binary32 = 21
Info [interflop-vprec]: range-binary32 = 8
Info [interflop-vprec]: precision-binary64 = 21
Info [interflop-vprec]: range-binary64 = 8
Info [interflop-vprec]: mode = ob
Info [interflop-vprec]: error-mode = rel
Info [interflop-vprec]: max-abs-error-exponent = -1022
Info [interflop-vprec]: daz = false
Info [interflop-vprec]: ftz = false
Info [interflop-vprec]: 	instrument = none
Info [interflop-vprec]: 	prec-input-file = (null)
Info [interflop-vprec]: 	prec-output-file = (null)
Info [interflop-vprec]: 	prec-log-file = (null)
All_Command_lines_OK
Using double precision for computations.
=============================================================================
The composite transform comprises the following transforms (in order): 
  1. /project/rrg-glatard/mdugre/datasets/corr/RawDataBIDS/BMB_1/derivatives/vprec-space_search/0111/r8-p21/sub-0003050/affine_Composite.h5[0] (type = Euler3DTransform)
  2. /project/rrg-glatard/mdugre/datasets/corr/RawDataBIDS/BMB_1/derivatives/vprec-space_search/0111/r8-p21/sub-0003050/affine_Composite.h5[1] (type = Euler3DTransform)
  3. /project/rrg-glatard/mdugre/datasets/corr/RawDataBIDS/BMB_1/derivatives/vprec-space_search/0111/r8-p21/sub-0003050/affine_Composite.h5[2] (type = Euler3DTransform)
  4. /project/rrg-glatard/mdugre/datasets/corr/RawDataBIDS/BMB_1/derivatives/vprec-space_search/0111/r8-p21/sub-0003050/affine_Composite.h5[3] (type = AffineTransform)
=============================================================================
  number of levels = 4
  fixed image: /templateflow/tpl-MNI152NLin2009cAsym/tpl-MNI152NLin2009cAsym_res-01_desc-brain_T1w.nii.gz
  moving image: /project/rrg-glatard/mdugre/datasets/corr/RawDataBIDS/BMB_1/derivatives/antsBrainExtraction/sub-0003050/BrainExtractionBrain.nii.gz
Dimension = 3
Number of stages = 1
Use histogram matching = false
Winsorize image intensities = true
  Lower quantile = 0.005
  Upper quantile = 0.995


Stage 1 State
   Image metric = CC
     Fixed image = Image (0x427f4c0)
  RTTI typeinfo:   itk::Image<double, 3u>
  Reference Count: 2
  Modified Time: 1606
  Debug: Off
  Object Name: 
  Observers: 
    none
  Source: (none)
  Source output name: (none)
  Release Data: Off
  Data Released: False
  Global Release Data: Off
  PipelineMTime: 0
  UpdateMTime: 1217
  RealTimeStamp: 0 seconds 
  LargestPossibleRegion: 
    Dimension: 3
    Index: [0, 0, 0]
    Size: [193, 229, 193]
  BufferedRegion: 
    Dimension: 3
    Index: [0, 0, 0]
    Size: [193, 229, 193]
  RequestedRegion: 
    Dimension: 3
    Index: [0, 0, 0]
    Size: [193, 229, 193]
  Spacing: [1, 1, 1]
  Origin: [96, 132, -78]
  Direction: 
-1 0 0
0 -1 0
0 0 1

  IndexToPointMatrix: 
-1 0 0
0 -1 0
0 0 1

  PointToIndexMatrix: 
-1 0 0
0 -1 0
0 0 1

  Inverse Direction: 
-1 0 0
0 -1 0
0 0 1

  PixelContainer: 
    ImportImageContainer (0x428b750)
      RTTI typeinfo:   itk::ImportImageContainer<unsigned long, double>
      Reference Count: 1
      Modified Time: 1214
      Debug: Off
      Object Name: 
      Observers: 
        none
      Pointer: 0x14cff9a1e010
      Container manages memory: true
      Size: 8530021
      Capacity: 8530021

     Moving image = Image (0x4339f40)
  RTTI typeinfo:   itk::Image<double, 3u>
  Reference Count: 2
  Modified Time: 1607
  Debug: Off
  Object Name: 
  Observers: 
    none
  Source: (none)
  Source output name: (none)
  Release Data: Off
  Data Released: False
  Global Release Data: Off
  PipelineMTime: 0
  UpdateMTime: 1604
  RealTimeStamp: 0 seconds 
  LargestPossibleRegion: 
    Dimension: 3
    Index: [0, 0, 0]
    Size: [176, 256, 256]
  BufferedRegion: 
    Dimension: 3
    Index: [0, 0, 0]
    Size: [176, 256, 256]
  RequestedRegion: 
    Dimension: 3
    Index: [0, 0, 0]
    Size: [176, 256, 256]
  Spacing: [1, 1, 1]
  Origin: [-97.5396, 112.198, -130.221]
  Direction: 
1 0 0
0 -1 0
0 0 1

  IndexToPointMatrix: 
1 0 0
0 -1 0
0 0 1

  PointToIndexMatrix: 
1 0 0
0 -1 0
0 0 1

  Inverse Direction: 
1 0 0
0 -1 0
0 0 1

  PixelContainer: 
    ImportImageContainer (0x42efc10)
      RTTI typeinfo:   itk::ImportImageContainer<unsigned long, double>
      Reference Count: 1
      Modified Time: 1601
      Debug: Off
      Object Name: 
      Observers: 
        none
      Pointer: 0x14cff421d010
      Container manages memory: true
      Size: 11534336
      Capacity: 11534336

     Weighting = 1
     Sampling strategy = none
     Number of bins = 32
     Radius = 4
     Sampling percentage  = 1
   Transform = SyN
     Gradient step = 0.1
     Update field sigma (voxel space) = 3
     Total field sigma (voxel space) = 0
     Update field time sigma = 0
     Total field time sigma  = 0
     Number of time indices = 0
     Number of time point samples = 0
Registration using 1 total stages.

Stage 0
  iterations = 100x70x50x20
  convergence threshold = 1e-06
  convergence window size = 10
  number of levels = 4
  using the CC metric (radius = 4, weight = 1, use gradient filter = 0)
  preprocessing:  winsorizing the image intensities
  Shrink factors (level 1 out of 4): [8, 8, 8]
  Shrink factors (level 2 out of 4): [4, 4, 4]
  Shrink factors (level 3 out of 4): [2, 2, 2]
  Shrink factors (level 4 out of 4): [1, 1, 1]
  smoothing sigmas per level: [3, 2, 1, 0]
  Using default NONE metricSamplingStrategy 

*** Running SyN registration (varianceForUpdateField = 3, varianceForTotalField = 0) ***

XXDIAGNOSTIC,Iteration,metricValue,convergenceValue,ITERATION_TIME_INDEX,SINCE_LAST
 1DIAGNOSTIC,     1, -9.256341457367e-01, 1.797693134862e+308, 0.0000e+00, 0.0000e+00, 
 1DIAGNOSTIC,     2, -9.329714775085e-01, 1.797693134862e+308, 0.0000e+00, 0.0000e+00, 
 1DIAGNOSTIC,     3, -9.387366771698e-01, 1.797693134862e+308, 0.0000e+00, 0.0000e+00, 
 1DIAGNOSTIC,     4, -9.427464008331e-01, 1.797693134862e+308, 0.0000e+00, 0.0000e+00, 
 1DIAGNOSTIC,     5, -9.455451965332e-01, 1.797693134862e+308, 0.0000e+00, 0.0000e+00, 
 1DIAGNOSTIC,     6, -9.482645988464e-01, 1.797693134862e+308, 0.0000e+00, 0.0000e+00, 
 1DIAGNOSTIC,     7, -9.507462978363e-01, 1.797693134862e+308, 0.0000e+00, 0.0000e+00, 
 1DIAGNOSTIC,     8, -9.530456066132e-01, 1.797693134862e+308, 0.0000e+00, 0.0000e+00, 
 1DIAGNOSTIC,     9, -9.552421569824e-01, 1.797693134862e+308, 0.0000e+00, 0.0000e+00, 
 1DIAGNOSTIC,    10, -9.573023319244e-01, 1.968680097694e-03, 0.0000e+00, 0.0000e+00, 
 1DIAGNOSTIC,    11, -9.592788219452e-01, 1.510331949374e-03, 0.0000e+00, 0.0000e+00, 
 1DIAGNOSTIC,    12, -9.610919952393e-01, 1.219686141825e-03, 0.0000e+00, 0.0000e+00, 
 1DIAGNOSTIC,    13, -9.627816677094e-01, 1.034228648232e-03, 0.0000e+00, 0.0000e+00, 
 1DIAGNOSTIC,    14, -9.642333984375e-01, 8.974879778846e-04, 0.0000e+00, 0.0000e+00, 
 1DIAGNOSTIC,    15, -9.655158519745e-01, 7.778061127288e-04, 0.0000e+00, 0.0000e+00, 
 1DIAGNOSTIC,    16, -9.666140079498e-01, 6.725564353359e-04, 0.0000e+00, 0.0000e+00, 
 1DIAGNOSTIC,    17, -9.675083160400e-01, 5.766578223699e-04, 0.0000e+00, 0.0000e+00, 
 1DIAGNOSTIC,    18, -9.682936668396e-01, 4.889394568733e-04, 0.0000e+00, 0.0000e+00, 
 1DIAGNOSTIC,    19, -9.689083099365e-01, 4.089777694694e-04, 0.0000e+00, 0.0000e+00, 
 1DIAGNOSTIC,    20, -9.695198535919e-01, 3.385706453809e-04, 0.0000e+00, 0.0000e+00, 
 1DIAGNOSTIC,    21, -9.699060916901e-01, 2.765919482665e-04, 0.0000e+00, 0.0000e+00, 
 1DIAGNOSTIC,    22, -9.704208374023e-01, 2.257468849236e-04, 0.0000e+00, 0.0000e+00, 
 1DIAGNOSTIC,    23, -9.705131053925e-01, 1.810653368403e-04, 0.0000e+00, 0.0000e+00, 
 1DIAGNOSTIC,    24, -9.707164764404e-01, 1.436070647952e-04, 0.0000e+00, 0.0000e+00, 
 1DIAGNOSTIC,    25, -9.706695079803e-01, 1.102735105534e-04, 0.0000e+00, 0.0000e+00, 
 1DIAGNOSTIC,    26, -9.707882404327e-01, 8.303277333587e-05, 0.0000e+00, 0.0000e+00, 
 1DIAGNOSTIC,    27, -9.707541465759e-01, 5.939551128281e-05, 0.0000e+00, 0.0000e+00, 
 1DIAGNOSTIC,    28, -9.709327220917e-01, 4.210530641660e-05, 0.0000e+00, 0.0000e+00, 
 1DIAGNOSTIC,    29, -9.709105491638e-01, 2.808422453664e-05, 0.0000e+00, 0.0000e+00, 
 1DIAGNOSTIC,    30, -9.710683822632e-01, 2.003288563227e-05, 0.0000e+00, 0.0000e+00, 
 1DIAGNOSTIC,    31, -9.711024761200e-01, 1.459112780066e-05, 0.0000e+00, 0.0000e+00, 
 1DIAGNOSTIC,    32, -9.711995124817e-01, 1.385441921681e-05, 0.0000e+00, 0.0000e+00, 
 1DIAGNOSTIC,    33, -9.712240695953e-01, 1.292789652428e-05, 0.0000e+00, 0.0000e+00, 
 1DIAGNOSTIC,    34, -9.713177680969e-01, 1.352467786756e-05, 0.0000e+00, 0.0000e+00, 
 1DIAGNOSTIC,    35, -9.713304042816e-01, 1.256505984512e-05, 0.0000e+00, 0.0000e+00, 
 1DIAGNOSTIC,    36, -9.714710712433e-01, 1.270004836308e-05, 0.0000e+00, 0.0000e+00, 
 1DIAGNOSTIC,    37, -9.714863300323e-01, 1.149796091664e-05, 0.0000e+00, 0.0000e+00, 
 1DIAGNOSTIC,    38, -9.715797901154e-01, 1.148772964495e-05, 0.0000e+00, 0.0000e+00, 
 1DIAGNOSTIC,    39, -9.716045856476e-01, 1.045018278063e-05, 0.0000e+00, 0.0000e+00, 
 1DIAGNOSTIC,    40, -9.716670513153e-01, 1.017352084752e-05, 0.0000e+00, 0.0000e+00, 
 1DIAGNOSTIC,    41, -9.716963768005e-01, 9.448341068193e-06, 0.0000e+00, 0.0000e+00, 
 1DIAGNOSTIC,    42, -9.717206954956e-01, 8.781734430044e-06, 0.0000e+00, 0.0000e+00, 
 1DIAGNOSTIC,    43, -9.717738628387e-01, 7.904777306434e-06, 0.0000e+00, 0.0000e+00, 
 1DIAGNOSTIC,    44, -9.717721939087e-01, 6.999457300091e-06, 0.0000e+00, 0.0000e+00, 
 1DIAGNOSTIC,    45, -9.718525409698e-01, 6.127902395445e-06, 0.0000e+00, 0.0000e+00, 
 1DIAGNOSTIC,    46, -9.718444347382e-01, 5.618374246622e-06, 0.0000e+00, 0.0000e+00, 
 1DIAGNOSTIC,    47, -9.719164371490e-01, 5.201115551849e-06, 0.0000e+00, 0.0000e+00, 
 1DIAGNOSTIC,    48, -9.719116687775e-01, 4.905112345428e-06, 0.0000e+00, 0.0000e+00, 
 1DIAGNOSTIC,    49, -9.719860553741e-01, 4.807820451227e-06, 0.0000e+00, 0.0000e+00, 
 1DIAGNOSTIC,    50, -9.719853401184e-01, 4.668355955549e-06, 0.0000e+00, 0.0000e+00, 
 1DIAGNOSTIC,    51, -9.720554351807e-01, 4.724262730967e-06, 0.0000e+00, 0.0000e+00, 
 1DIAGNOSTIC,    52, -9.720494747162e-01, 4.476688465989e-06, 0.0000e+00, 0.0000e+00, 
 1DIAGNOSTIC,    53, -9.721148014069e-01, 4.534278552588e-06, 0.0000e+00, 0.0000e+00, 
 1DIAGNOSTIC,    54, -9.721081256866e-01, 4.149302972704e-06, 0.0000e+00, 0.0000e+00, 
 1DIAGNOSTIC,    55, -9.721686840057e-01, 4.198464439154e-06, 0.0000e+00, 0.0000e+00, 
 1DIAGNOSTIC,    56, -9.721574783325e-01, 3.782290418506e-06, 0.0000e+00, 0.0000e+00, 
 1DIAGNOSTIC,    57, -9.722123146057e-01, 3.735271481543e-06, 0.0000e+00, 0.0000e+00, 
 1DIAGNOSTIC,    58, -9.722235202789e-01, 3.403532007448e-06, 0.0000e+00, 0.0000e+00, 
 1DIAGNOSTIC,    59, -9.722723960876e-01, 3.426504613546e-06, 0.0000e+00, 0.0000e+00, 
 1DIAGNOSTIC,    60, -9.722456932068e-01, 3.025518700885e-06, 0.0000e+00, 0.0000e+00, 
 1DIAGNOSTIC,    61, -9.722919464111e-01, 2.969463103998e-06, 0.0000e+00, 0.0000e+00, 
 1DIAGNOSTIC,    62, -9.722630977631e-01, 2.501921436415e-06, 0.0000e+00, 0.0000e+00, 
 1DIAGNOSTIC,    63, -9.723072052002e-01, 2.374267750030e-06, 0.0000e+00, 0.0000e+00, 
 1DIAGNOSTIC,    64, -9.722771644592e-01, 1.890371215969e-06, 0.0000e+00, 0.0000e+00, 
 1DIAGNOSTIC,    65, -9.723196029663e-01, 1.763394522888e-06, 0.0000e+00, 0.0000e+00, 
 1DIAGNOSTIC,    66, -9.722905158997e-01, 1.329207596372e-06, 0.0000e+00, 0.0000e+00, 
 1DIAGNOSTIC,    67, -9.723336696625e-01, 1.260374060112e-06, 0.0000e+00, 0.0000e+00, 
 1DIAGNOSTIC,    68, -9.723069667816e-01, 1.040895525994e-06, 0.0000e+00, 0.0000e+00, 
 1DIAGNOSTIC,    69, -9.723513126373e-01, 1.177857499977e-06, 0.0000e+00, 0.0000e+00, 
 1DIAGNOSTIC,    70, -9.723224639893e-01, 9.990312696967e-07, 0.0000e+00, 0.0000e+00, 
XXDIAGNOSTIC,Iteration,metricValue,convergenceValue,ITERATION_TIME_INDEX,SINCE_LAST
 1DIAGNOSTIC,     1, -9.100584983826e-01, 1.797693134862e+308, 0.0000e+00, 0.0000e+00, 
 1DIAGNOSTIC,     2, -9.116976261139e-01, 1.797693134862e+308, 0.0000e+00, 0.0000e+00, 
 1DIAGNOSTIC,     3, -9.141461849213e-01, 1.797693134862e+308, 0.0000e+00, 0.0000e+00, 
 1DIAGNOSTIC,     4, -9.172735214233e-01, 1.797693134862e+308, 0.0000e+00, 0.0000e+00, 
 1DIAGNOSTIC,     5, -9.202353954315e-01, 1.797693134862e+308, 0.0000e+00, 0.0000e+00, 
 1DIAGNOSTIC,     6, -9.224371910095e-01, 1.797693134862e+308, 0.0000e+00, 0.0000e+00, 
 1DIAGNOSTIC,     7, -9.240958690643e-01, 1.797693134862e+308, 0.0000e+00, 0.0000e+00, 
 1DIAGNOSTIC,     8, -9.253652095795e-01, 1.797693134862e+308, 0.0000e+00, 0.0000e+00, 
 1DIAGNOSTIC,     9, -9.263753890991e-01, 1.797693134862e+308, 0.0000e+00, 0.0000e+00, 
 1DIAGNOSTIC,    10, -9.272019863129e-01, 1.282037088854e-03, 0.0000e+00, 0.0000e+00, 
 1DIAGNOSTIC,    11, -9.279055595398e-01, 1.032134009609e-03, 0.0000e+00, 0.0000e+00, 
 1DIAGNOSTIC,    12, -9.285447597504e-01, 7.900018353964e-04, 0.0000e+00, 0.0000e+00, 
 1DIAGNOSTIC,    13, -9.291594028473e-01, 5.858752915461e-04, 0.0000e+00, 0.0000e+00, 
 1DIAGNOSTIC,    14, -9.297838211060e-01, 4.395084302425e-04, 0.0000e+00, 0.0000e+00, 
 1DIAGNOSTIC,    15, -9.302752017975e-01, 3.429082869676e-04, 0.0000e+00, 0.0000e+00, 
 1DIAGNOSTIC,    16, -9.309937953949e-01, 2.828305960392e-04, 0.0000e+00, 0.0000e+00, 
 1DIAGNOSTIC,    17, -9.316365718842e-01, 2.451088124777e-04, 0.0000e+00, 0.0000e+00, 
 1DIAGNOSTIC,    18, -9.322772026062e-01, 2.213518895685e-04, 0.0000e+00, 0.0000e+00, 
 1DIAGNOSTIC,    19, -9.328627586365e-01, 2.052838897958e-04, 0.0000e+00, 0.0000e+00, 
 1DIAGNOSTIC,    20, -9.335923194885e-01, 1.955968630292e-04, 0.0000e+00, 0.0000e+00, 
 1DIAGNOSTIC,    21, -9.341044425964e-01, 1.862452080980e-04, 5.1200e+02, 5.1200e+02, 
 1DIAGNOSTIC,    22, -9.344897270203e-01, 1.745987585483e-04, 5.1200e+02, 0.0000e+00, 
 1DIAGNOSTIC,    23, -9.349908828735e-01, 1.625434837777e-04, 5.1200e+02, 0.0000e+00, 
 1DIAGNOSTIC,    24, -9.353682994843e-01, 1.490542948222e-04, 5.1200e+02, 0.0000e+00, 
 1DIAGNOSTIC,    25, -9.358379840851e-01, 1.343560961471e-04, 5.1200e+02, 0.0000e+00, 
 1DIAGNOSTIC,    26, -9.361639022827e-01, 1.204216592091e-04, 5.1200e+02, 0.0000e+00, 
 1DIAGNOSTIC,    27, -9.364900588989e-01, 1.072143153196e-04, 5.1200e+02, 0.0000e+00, 
 1DIAGNOSTIC,    28, -9.368076324463e-01, 9.534346825588e-05, 5.1200e+02, 0.0000e+00, 
 1DIAGNOSTIC,    29, -9.371063709259e-01, 8.454448376307e-05, 5.1200e+02, 0.0000e+00, 
 1DIAGNOSTIC,    30, -9.373946189880e-01, 7.684473430100e-05, 5.1200e+02, 0.0000e+00, 
 1DIAGNOSTIC,    31, -9.376468658447e-01, 6.995023510466e-05, 5.1200e+02, 0.0000e+00, 
 1DIAGNOSTIC,    32, -9.378542900085e-01, 6.254030611285e-05, 5.1200e+02, 0.0000e+00, 
 1DIAGNOSTIC,    33, -9.380362033844e-01, 5.602276850498e-05, 5.1200e+02, 0.0000e+00, 
 1DIAGNOSTIC,    34, -9.381897449493e-01, 4.934869692848e-05, 5.1200e+02, 0.0000e+00, 
 1DIAGNOSTIC,    35, -9.383215904236e-01, 4.366013928250e-05, 5.1200e+02, 0.0000e+00, 
 1DIAGNOSTIC,    36, -9.384365081787e-01, 3.791860341543e-05, 5.1200e+02, 0.0000e+00, 
 1DIAGNOSTIC,    37, -9.385325908661e-01, 3.240983483261e-05, 5.1200e+02, 0.0000e+00, 
 1DIAGNOSTIC,    38, -9.386272430420e-01, 2.746514919520e-05, 5.1200e+02, 0.0000e+00, 
 1DIAGNOSTIC,    39, -9.387116432190e-01, 2.319714152180e-05, 5.1200e+02, 0.0000e+00, 
 1DIAGNOSTIC,    40, -9.388039112091e-01, 1.987835472619e-05, 5.1200e+02, 0.0000e+00, 
 1DIAGNOSTIC,    41, -9.388806819916e-01, 1.732072945846e-05, 5.1200e+02, 0.0000e+00, 
 1DIAGNOSTIC,    42, -9.389495849609e-01, 1.529002475261e-05, 5.1200e+02, 0.0000e+00, 
 1DIAGNOSTIC,    43, -9.390187263489e-01, 1.372829347265e-05, 5.1200e+02, 0.0000e+00, 
 1DIAGNOSTIC,    44, -9.390900135040e-01, 1.253590317617e-05, 5.1200e+02, 0.0000e+00, 
 1DIAGNOSTIC,    45, -9.391639232635e-01, 1.164285314133e-05, 5.1200e+02, 0.0000e+00, 
 1DIAGNOSTIC,    46, -9.392359256744e-01, 1.096702896526e-05, 5.1200e+02, 0.0000e+00, 
 1DIAGNOSTIC,    47, -9.393146038055e-01, 1.045820137920e-05, 5.1200e+02, 0.0000e+00, 
 1DIAGNOSTIC,    48, -9.394040107727e-01, 1.019100317588e-05, 5.1200e+02, 0.0000e+00, 
 1DIAGNOSTIC,    49, -9.394564628601e-01, 9.856293190256e-06, 5.1200e+02, 0.0000e+00, 
 1DIAGNOSTIC,    50, -9.393801689148e-01, 8.743386495418e-06, 5.1200e+02, 0.0000e+00, 
 1DIAGNOSTIC,    51, -9.392216205597e-01, 6.424101015725e-06, 5.1200e+02, 0.0000e+00, 
 1DIAGNOSTIC,    52, -9.391846656799e-01, 3.841205730909e-06, 5.1200e+02, 0.0000e+00, 
 1DIAGNOSTIC,    53, -9.390854835510e-01, 8.509498567663e-07, 5.1200e+02, 0.0000e+00, 
XXDIAGNOSTIC,Iteration,metricValue,convergenceValue,ITERATION_TIME_INDEX,SINCE_LAST
 1DIAGNOSTIC,     1, -9.022569656372e-01, 1.797693134862e+308, 5.1200e+02, 0.0000e+00, 
 1DIAGNOSTIC,     2, -9.041645526886e-01, 1.797693134862e+308, 5.1200e+02, 0.0000e+00, 
 1DIAGNOSTIC,     3, -9.068181514740e-01, 1.797693134862e+308, 1.0240e+03, 5.1200e+02, 
 1DIAGNOSTIC,     4, -9.093375205994e-01, 1.797693134862e+308, 1.0240e+03, 0.0000e+00, 
 1DIAGNOSTIC,     5, -9.114687442780e-01, 1.797693134862e+308, 1.0240e+03, 0.0000e+00, 
 1DIAGNOSTIC,     6, -9.133744239807e-01, 1.797693134862e+308, 1.0240e+03, 0.0000e+00, 
 1DIAGNOSTIC,     7, -9.150712490082e-01, 1.797693134862e+308, 1.0240e+03, 0.0000e+00, 
 1DIAGNOSTIC,     8, -9.166002273560e-01, 1.797693134862e+308, 1.0240e+03, 0.0000e+00, 
 1DIAGNOSTIC,     9, -9.179899692535e-01, 1.797693134862e+308, 1.5360e+03, 5.1200e+02, 
 1DIAGNOSTIC,    10, -9.192664623260e-01, 1.217398240178e-03, 1.5360e+03, 0.0000e+00, 
 1DIAGNOSTIC,    11, -9.204561710358e-01, 1.019966384137e-03, 1.5360e+03, 0.0000e+00, 
 1DIAGNOSTIC,    12, -9.215855598450e-01, 8.420059665684e-04, 1.5360e+03, 0.0000e+00, 
 1DIAGNOSTIC,    13, -9.224987030029e-01, 7.000025096275e-04, 1.5360e+03, 0.0000e+00, 
 1DIAGNOSTIC,    14, -9.235374927521e-01, 5.932495909130e-04, 1.5360e+03, 0.0000e+00, 
 1DIAGNOSTIC,    15, -9.243185520172e-01, 5.063634896235e-04, 2.0480e+03, 5.1200e+02, 
 1DIAGNOSTIC,    16, -9.250454902649e-01, 4.346562875697e-04, 2.0480e+03, 0.0000e+00, 
 1DIAGNOSTIC,    17, -9.256129264832e-01, 3.724468320922e-04, 2.0480e+03, 0.0000e+00, 
 1DIAGNOSTIC,    18, -9.262609481812e-01, 3.200733678609e-04, 2.0480e+03, 0.0000e+00, 
 1DIAGNOSTIC,    19, -9.267647266388e-01, 2.742006065262e-04, 2.0480e+03, 0.0000e+00, 
 1DIAGNOSTIC,    20, -9.272468090057e-01, 2.345138023016e-04, 2.0480e+03, 0.0000e+00, 
 1DIAGNOSTIC,    21, -9.276576042175e-01, 2.002579392194e-04, 2.5600e+03, 5.1200e+02, 
 1DIAGNOSTIC,    22, -9.280114173889e-01, 1.712608892986e-04, 2.5600e+03, 0.0000e+00, 
 1DIAGNOSTIC,    23, -9.283077716827e-01, 1.449057711557e-04, 2.5600e+03, 0.0000e+00, 
 1DIAGNOSTIC,    24, -9.285633563995e-01, 1.237975528678e-04, 2.5600e+03, 0.0000e+00, 
 1DIAGNOSTIC,    25, -9.287600517273e-01, 1.048192279107e-04, 2.5600e+03, 0.0000e+00, 
 1DIAGNOSTIC,    26, -9.289157390594e-01, 8.796674550157e-05, 2.5600e+03, 0.0000e+00, 
 1DIAGNOSTIC,    27, -9.290318489075e-01, 7.189377943728e-05, 3.0720e+03, 5.1200e+02, 
 1DIAGNOSTIC,    28, -9.291183948517e-01, 5.832534309147e-05, 3.0720e+03, 0.0000e+00, 
 1DIAGNOSTIC,    29, -9.291791915894e-01, 4.622487475877e-05, 3.0720e+03, 0.0000e+00, 
 1DIAGNOSTIC,    30, -9.292216300964e-01, 3.599977339329e-05, 3.0720e+03, 0.0000e+00, 
 1DIAGNOSTIC,    31, -9.292607307434e-01, 2.755621054870e-05, 3.0720e+03, 0.0000e+00, 
 1DIAGNOSTIC,    32, -9.292986392975e-01, 2.086014097114e-05, 3.0720e+03, 0.0000e+00, 
 1DIAGNOSTIC,    33, -9.293429851532e-01, 1.582986380037e-05, 3.5840e+03, 5.1200e+02, 
 1DIAGNOSTIC,    34, -9.293920993805e-01, 1.241633806297e-05, 3.5840e+03, 0.0000e+00, 
 1DIAGNOSTIC,    35, -9.294509887695e-01, 1.033236363195e-05, 3.5840e+03, 0.0000e+00, 
 1DIAGNOSTIC,    36, -9.295239448547e-01, 9.403223815690e-06, 3.5840e+03, 0.0000e+00, 
 1DIAGNOSTIC,    37, -9.296135902405e-01, 9.405386204468e-06, 3.5840e+03, 0.0000e+00, 
 1DIAGNOSTIC,    38, -9.297187328339e-01, 1.012783304294e-05, 3.5840e+03, 0.0000e+00, 
 1DIAGNOSTIC,    39, -9.298446178436e-01, 1.138512399332e-05, 4.0960e+03, 5.1200e+02, 
 1DIAGNOSTIC,    40, -9.299821853638e-01, 1.293926431152e-05, 4.0960e+03, 0.0000e+00, 
 1DIAGNOSTIC,    41, -9.301414489746e-01, 1.473065908760e-05, 4.0960e+03, 0.0000e+00, 
 1DIAGNOSTIC,    42, -9.303197860718e-01, 1.666815341291e-05, 4.0960e+03, 0.0000e+00, 
 1DIAGNOSTIC,    43, -9.305255413055e-01, 1.876276158700e-05, 4.0960e+03, 0.0000e+00, 
 1DIAGNOSTIC,    44, -9.307465553284e-01, 2.090270481915e-05, 4.0960e+03, 0.0000e+00, 
 1DIAGNOSTIC,    45, -9.309701919556e-01, 2.292323594734e-05, 4.6080e+03, 5.1200e+02, 
 1DIAGNOSTIC,    46, -9.311997890472e-01, 2.472875669940e-05, 4.6080e+03, 0.0000e+00, 
 1DIAGNOSTIC,    47, -9.314422607422e-01, 2.630292454665e-05, 4.6080e+03, 0.0000e+00, 
 1DIAGNOSTIC,    48, -9.316959381104e-01, 2.762370021206e-05, 4.6080e+03, 0.0000e+00, 
 1DIAGNOSTIC,    49, -9.319629669189e-01, 2.873981198773e-05, 4.6080e+03, 0.0000e+00, 
 1DIAGNOSTIC,    50, -9.322381019592e-01, 2.962314924219e-05, 4.6080e+03, 0.0000e+00, 
XXDIAGNOSTIC,Iteration,metricValue,convergenceValue,ITERATION_TIME_INDEX,SINCE_LAST
 1DIAGNOSTIC,     1, -8.911619186401e-01, 1.797693134862e+308, 5.6320e+03, 1.0240e+03, 
 1DIAGNOSTIC,     2, -8.924608230591e-01, 1.797693134862e+308, 6.6560e+03, 1.0240e+03, 
 1DIAGNOSTIC,     3, -8.940992355347e-01, 1.797693134862e+308, 7.1680e+03, 5.1200e+02, 
 1DIAGNOSTIC,     4, -8.957939147949e-01, 1.797693134862e+308, 8.1920e+03, 1.0240e+03, 
 1DIAGNOSTIC,     5, -8.975181579590e-01, 1.797693134862e+308, 8.7040e+03, 5.1200e+02, 
 1DIAGNOSTIC,     6, -8.990397453308e-01, 1.797693134862e+308, 9.7280e+03, 1.0240e+03, 
 1DIAGNOSTIC,     7, -9.004266262054e-01, 1.797693134862e+308, 1.0240e+04, 5.1200e+02, 
 1DIAGNOSTIC,     8, -9.016866683960e-01, 1.797693134862e+308, 1.1264e+04, 1.0240e+03, 
 1DIAGNOSTIC,     9, -9.028468132019e-01, 1.797693134862e+308, 1.1776e+04, 5.1200e+02, 
 1DIAGNOSTIC,    10, -9.038112163544e-01, 9.358162620220e-04, 1.2800e+04, 1.0240e+03, 
 1DIAGNOSTIC,    11, -9.048202037811e-01, 8.072178982945e-04, 1.3312e+04, 5.1200e+02, 
 1DIAGNOSTIC,    12, -9.056630134583e-01, 6.836753289959e-04, 1.4336e+04, 1.0240e+03, 
 1DIAGNOSTIC,    13, -9.065482616425e-01, 5.783674314616e-04, 1.5360e+04, 1.0240e+03, 
 1DIAGNOSTIC,    14, -9.072480201721e-01, 4.891095086259e-04, 1.5872e+04, 5.1200e+02, 
 1DIAGNOSTIC,    15, -9.080047607422e-01, 4.190301381845e-04, 1.6896e+04, 1.0240e+03, 
 1DIAGNOSTIC,    16, -9.086589813232e-01, 3.618789834216e-04, 1.7408e+04, 5.1200e+02, 
 1DIAGNOSTIC,    17, -9.092795848846e-01, 3.151162448643e-04, 1.8432e+04, 1.0240e+03, 
 1DIAGNOSTIC,    18, -9.097726345062e-01, 2.749317620337e-04, 1.8944e+04, 5.1200e+02, 
 1DIAGNOSTIC,    19, -9.103147983551e-01, 2.416553511413e-04, 1.9968e+04, 1.0240e+03, 
 1DIAGNOSTIC,    20, -9.107294082642e-01, 2.108009061361e-04, 2.0480e+04, 5.1200e+02, 
  Elapsed time (stage 0): 20480


Total elapsed time: 20480
