
##########################
# Experiment information #
##########################
SIF_IMG: /project/rrg-glatard/mdugre/containers/ants-p2-vprec.sif
EXPERIMENT_NAME: vprec-space_search
CONFIG: 0111
VFC_BACKENDS: libinterflop_vprec.so --range-binary32=7 --precision-binary32=8 --range-binary64=7 --precision-binary64=8

FIXED_IMG: /templateflow/tpl-MNI152NLin2009cAsym/tpl-MNI152NLin2009cAsym_res-01_desc-brain_T1w.nii.gz
SUBJECT_ID: 0003021
INPUT_IMG: /project/rrg-glatard/mdugre/datasets/corr/RawDataBIDS/BMB_1/derivatives/antsBrainExtraction/sub-0003021/BrainExtractionBrain.nii.gz
OUTPUT_DIR: /project/rrg-glatard/mdugre/datasets/corr/RawDataBIDS/BMB_1/derivatives/vprec-space_search/0111/r7-p8/sub-0003021

ITK_GLOBAL_DEFAULT_NUMBER_OF_THREADS: 8
##########################

VFC_BACKENDS=libinterflop_ieee.so
Info [verificarlo]: loaded backend libinterflop_ieee.so
Info [interflop-ieee]: load backend with:
Info [interflop-ieee]: debug = false
Info [interflop-ieee]: debug-binary = false
Info [interflop-ieee]: no-backend-name = false
Info [interflop-ieee]: print-new-line = false
Info [interflop-ieee]: print-subnormal-normalized = false
Info [interflop-ieee]: count-op = false
All_Command_lines_OK
Using double precision for computations.
=============================================================================
The composite transform comprises the following transforms (in order): 
  1. Center of mass alignment using fixed image: /templateflow/tpl-MNI152NLin2009cAsym/tpl-MNI152NLin2009cAsym_res-01_desc-brain_T1w.nii.gz and moving image: /project/rrg-glatard/mdugre/datasets/corr/RawDataBIDS/BMB_1/derivatives/antsBrainExtraction/sub-0003021/BrainExtractionBrain.nii.gz (type = Euler3DTransform)
=============================================================================
  number of levels = 1
  fixed image: /templateflow/tpl-MNI152NLin2009cAsym/tpl-MNI152NLin2009cAsym_res-01_desc-brain_T1w.nii.gz
  moving image: /project/rrg-glatard/mdugre/datasets/corr/RawDataBIDS/BMB_1/derivatives/antsBrainExtraction/sub-0003021/BrainExtractionBrain.nii.gz
Dimension = 3
Number of stages = 1
Use histogram matching = false
Winsorize image intensities = true
  Lower quantile = 0.005
  Upper quantile = 0.995


Stage 1 State
   Image metric = MattesMI
     Fixed image = Image (0x3d95390)
  RTTI typeinfo:   itk::Image<double, 3u>
  Reference Count: 2
  Modified Time: 2330
  Debug: Off
  Object Name: 
  Observers: 
    none
  Source: (none)
  Source output name: (none)
  Release Data: Off
  Data Released: False
  Global Release Data: Off
  PipelineMTime: 0
  UpdateMTime: 1941
  RealTimeStamp: 0 seconds 
  LargestPossibleRegion: 
    Dimension: 3
    Index: [0, 0, 0]
    Size: [193, 229, 193]
  BufferedRegion: 
    Dimension: 3
    Index: [0, 0, 0]
    Size: [193, 229, 193]
  RequestedRegion: 
    Dimension: 3
    Index: [0, 0, 0]
    Size: [193, 229, 193]
  Spacing: [1, 1, 1]
  Origin: [96, 132, -78]
  Direction: 
-1 0 0
0 -1 0
0 0 1

  IndexToPointMatrix: 
-1 0 0
0 -1 0
0 0 1

  PointToIndexMatrix: 
-1 0 0
0 -1 0
0 0 1

  Inverse Direction: 
-1 0 0
0 -1 0
0 0 1

  PixelContainer: 
    ImportImageContainer (0x3e60a90)
      RTTI typeinfo:   itk::ImportImageContainer<unsigned long, double>
      Reference Count: 1
      Modified Time: 1938
      Debug: Off
      Object Name: 
      Observers: 
        none
      Pointer: 0x14dd1a6d3010
      Container manages memory: true
      Size: 8530021
      Capacity: 8530021

     Moving image = Image (0x3d9a390)
  RTTI typeinfo:   itk::Image<double, 3u>
  Reference Count: 2
  Modified Time: 2331
  Debug: Off
  Object Name: 
  Observers: 
    none
  Source: (none)
  Source output name: (none)
  Release Data: Off
  Data Released: False
  Global Release Data: Off
  PipelineMTime: 0
  UpdateMTime: 2328
  RealTimeStamp: 0 seconds 
  LargestPossibleRegion: 
    Dimension: 3
    Index: [0, 0, 0]
    Size: [176, 256, 256]
  BufferedRegion: 
    Dimension: 3
    Index: [0, 0, 0]
    Size: [176, 256, 256]
  RequestedRegion: 
    Dimension: 3
    Index: [0, 0, 0]
    Size: [176, 256, 256]
  Spacing: [1, 1, 1]
  Origin: [-92.1464, 106.518, -129.634]
  Direction: 
1 0 0
0 -1 0
0 0 1

  IndexToPointMatrix: 
1 0 0
0 -1 0
0 0 1

  PointToIndexMatrix: 
1 0 0
0 -1 0
0 0 1

  Inverse Direction: 
1 0 0
0 -1 0
0 0 1

  PixelContainer: 
    ImportImageContainer (0x3f40b90)
      RTTI typeinfo:   itk::ImportImageContainer<unsigned long, double>
      Reference Count: 1
      Modified Time: 2325
      Debug: Off
      Object Name: 
      Observers: 
        none
      Pointer: 0x14dd14ed2010
      Container manages memory: true
      Size: 11534336
      Capacity: 11534336

     Weighting = 1
     Sampling strategy = regular
     Number of bins = 32
     Radius = 4
     Sampling percentage  = 0.25
   Transform = Rigid
     Gradient step = 0.1
     Update field sigma (voxel space) = 0
     Total field sigma (voxel space) = 0
     Update field time sigma = 0
     Total field time sigma  = 0
     Number of time indices = 0
     Number of time point samples = 0
Registration using 1 total stages.

Stage 0
  iterations = 0
  convergence threshold = 1e-06
  convergence window size = 10
  number of levels = 1
  using the Mattes MI metric (number of bins = 32, weight = 1, use gradient filter = 0)
  preprocessing:  winsorizing the image intensities
  Shrink factors (level 1 out of 1): [1, 1, 1]
  smoothing sigmas per level: [0]
  regular sampling (percentage = 0.25)

*** Running Euler3DTransform registration ***

  Elapsed time (stage 0): 0.918647


Total elapsed time: 0.920084
VFC_BACKENDS=libinterflop_vprec.so --range-binary32=7 --precision-binary32=8 --range-binary64=7 --precision-binary64=8
Info [verificarlo]: loaded backend libinterflop_vprec.so
Info [interflop-vprec]: load backend with: 
Info [interflop-vprec]: precision-binary32 = 8
Info [interflop-vprec]: range-binary32 = 7
Info [interflop-vprec]: precision-binary64 = 8
Info [interflop-vprec]: range-binary64 = 7
Info [interflop-vprec]: mode = ob
Info [interflop-vprec]: error-mode = rel
Info [interflop-vprec]: max-abs-error-exponent = -1022
Info [interflop-vprec]: daz = false
Info [interflop-vprec]: ftz = false
Info [interflop-vprec]: 	instrument = none
Info [interflop-vprec]: 	prec-input-file = (null)
Info [interflop-vprec]: 	prec-output-file = (null)
Info [interflop-vprec]: 	prec-log-file = (null)
All_Command_lines_OK
Using double precision for computations.
=============================================================================
The composite transform comprises the following transforms (in order): 
  1. /project/rrg-glatard/mdugre/datasets/corr/RawDataBIDS/BMB_1/derivatives/vprec-space_search/0111/r7-p8/sub-0003021/align_Composite.h5[0] (type = Euler3DTransform)
  2. /project/rrg-glatard/mdugre/datasets/corr/RawDataBIDS/BMB_1/derivatives/vprec-space_search/0111/r7-p8/sub-0003021/align_Composite.h5[1] (type = Euler3DTransform)
=============================================================================
  number of levels = 4
  fixed image: /templateflow/tpl-MNI152NLin2009cAsym/tpl-MNI152NLin2009cAsym_res-01_desc-brain_T1w.nii.gz
  moving image: /project/rrg-glatard/mdugre/datasets/corr/RawDataBIDS/BMB_1/derivatives/antsBrainExtraction/sub-0003021/BrainExtractionBrain.nii.gz
Dimension = 3
Number of stages = 1
Use histogram matching = false
Winsorize image intensities = true
  Lower quantile = 0.005
  Upper quantile = 0.995


Stage 1 State
   Image metric = MattesMI
     Fixed image = Image (0x4801300)
  RTTI typeinfo:   itk::Image<double, 3u>
  Reference Count: 2
  Modified Time: 1578
  Debug: Off
  Object Name: 
  Observers: 
    none
  Source: (none)
  Source output name: (none)
  Release Data: Off
  Data Released: False
  Global Release Data: Off
  PipelineMTime: 0
  UpdateMTime: 1189
  RealTimeStamp: 0 seconds 
  LargestPossibleRegion: 
    Dimension: 3
    Index: [0, 0, 0]
    Size: [193, 229, 193]
  BufferedRegion: 
    Dimension: 3
    Index: [0, 0, 0]
    Size: [193, 229, 193]
  RequestedRegion: 
    Dimension: 3
    Index: [0, 0, 0]
    Size: [193, 229, 193]
  Spacing: [1, 1, 1]
  Origin: [96, 132, -78]
  Direction: 
-1 0 0
0 -1 0
0 0 1

  IndexToPointMatrix: 
-1 0 0
0 -1 0
0 0 1

  PointToIndexMatrix: 
-1 0 0
0 -1 0
0 0 1

  Inverse Direction: 
-1 0 0
0 -1 0
0 0 1

  PixelContainer: 
    ImportImageContainer (0x48bfd00)
      RTTI typeinfo:   itk::ImportImageContainer<unsigned long, double>
      Reference Count: 1
      Modified Time: 1186
      Debug: Off
      Object Name: 
      Observers: 
        none
      Pointer: 0x14ed77365010
      Container manages memory: true
      Size: 8530021
      Capacity: 8530021

     Moving image = Image (0x48bc030)
  RTTI typeinfo:   itk::Image<double, 3u>
  Reference Count: 2
  Modified Time: 1579
  Debug: Off
  Object Name: 
  Observers: 
    none
  Source: (none)
  Source output name: (none)
  Release Data: Off
  Data Released: False
  Global Release Data: Off
  PipelineMTime: 0
  UpdateMTime: 1576
  RealTimeStamp: 0 seconds 
  LargestPossibleRegion: 
    Dimension: 3
    Index: [0, 0, 0]
    Size: [176, 256, 256]
  BufferedRegion: 
    Dimension: 3
    Index: [0, 0, 0]
    Size: [176, 256, 256]
  RequestedRegion: 
    Dimension: 3
    Index: [0, 0, 0]
    Size: [176, 256, 256]
  Spacing: [1, 1, 1]
  Origin: [-92.25, 106.5, -129.5]
  Direction: 
1 0 0
0 -1 0
0 0 1

  IndexToPointMatrix: 
1 0 0
0 -1 0
0 0 1

  PointToIndexMatrix: 
1 0 0
0 -1 0
0 0 1

  Inverse Direction: 
1 0 0
0 -1 0
0 0 1

  PixelContainer: 
    ImportImageContainer (0x4889d70)
      RTTI typeinfo:   itk::ImportImageContainer<unsigned long, double>
      Reference Count: 1
      Modified Time: 1573
      Debug: Off
      Object Name: 
      Observers: 
        none
      Pointer: 0x14ed71b64010
      Container manages memory: true
      Size: 11534336
      Capacity: 11534336

     Weighting = 1
     Sampling strategy = regular
     Number of bins = 32
     Radius = 4
     Sampling percentage  = 0.25
   Transform = Rigid
     Gradient step = 0.1
     Update field sigma (voxel space) = 0
     Total field sigma (voxel space) = 0
     Update field time sigma = 0
     Total field time sigma  = 0
     Number of time indices = 0
     Number of time point samples = 0
Registration using 1 total stages.

Stage 0
  iterations = 1000x500x250x100
  convergence threshold = 1e-06
  convergence window size = 10
  number of levels = 4
  using the Mattes MI metric (number of bins = 32, weight = 1, use gradient filter = 0)
  preprocessing:  winsorizing the image intensities
  Shrink factors (level 1 out of 4): [8, 8, 8]
  Shrink factors (level 2 out of 4): [4, 4, 4]
  Shrink factors (level 3 out of 4): [2, 2, 2]
  Shrink factors (level 4 out of 4): [1, 1, 1]
  smoothing sigmas per level: [3, 2, 1, 0]
  regular sampling (percentage = 0.25)

*** Running Euler3DTransform registration ***

DIAGNOSTIC,Iteration,metricValue,convergenceValue,ITERATION_TIME_INDEX,SINCE_LAST
 2DIAGNOSTIC,     1, -5.827738180697e-01, 1.797693134862e+308, 0.0000e+00, 0.0000e+00, 
 2DIAGNOSTIC,     2, -5.827779769857e-01, 1.797693134862e+308, 0.0000e+00, 0.0000e+00, 
 2DIAGNOSTIC,     3, -5.827779769854e-01, 1.797693134862e+308, 0.0000e+00, 0.0000e+00, 
 2DIAGNOSTIC,     4, -5.827779782288e-01, 1.797693134862e+308, 0.0000e+00, 0.0000e+00, 
 2DIAGNOSTIC,     5, -5.827730590478e-01, 1.797693134862e+308, 0.0000e+00, 0.0000e+00, 
 2DIAGNOSTIC,     6, -5.827730588201e-01, 1.797693134862e+308, 0.0000e+00, 0.0000e+00, 
 2DIAGNOSTIC,     7, -5.827710963726e-01, 1.797693134862e+308, 0.0000e+00, 0.0000e+00, 
 2DIAGNOSTIC,     8, -5.827689241437e-01, 1.797693134862e+308, 0.0000e+00, 0.0000e+00, 
 2DIAGNOSTIC,     9, -5.827541745081e-01, 1.797693134862e+308, 0.0000e+00, 0.0000e+00, 
DIAGNOSTIC,Iteration,metricValue,convergenceValue,ITERATION_TIME_INDEX,SINCE_LAST
 2DIAGNOSTIC,     1, -4.526697247486e-01, 1.797693134862e+308, 0.0000e+00, 0.0000e+00, 
 2DIAGNOSTIC,     2, -4.529980802000e-01, 1.797693134862e+308, 0.0000e+00, 0.0000e+00, 
 2DIAGNOSTIC,     3, -4.532644966240e-01, 1.797693134862e+308, 0.0000e+00, 0.0000e+00, 
 2DIAGNOSTIC,     4, -4.535921406438e-01, 1.797693134862e+308, 0.0000e+00, 0.0000e+00, 
 2DIAGNOSTIC,     5, -4.541597831290e-01, 1.797693134862e+308, 0.0000e+00, 0.0000e+00, 
 2DIAGNOSTIC,     6, -4.548359376601e-01, 1.797693134862e+308, 0.0000e+00, 0.0000e+00, 
 2DIAGNOSTIC,     7, -4.557818205916e-01, 1.797693134862e+308, 0.0000e+00, 0.0000e+00, 
 2DIAGNOSTIC,     8, -4.580593124793e-01, 1.797693134862e+308, 0.0000e+00, 0.0000e+00, 
 2DIAGNOSTIC,     9, -4.611927101645e-01, 1.797693134862e+308, 0.0000e+00, 0.0000e+00, 
 2DIAGNOSTIC,    10, -4.621391436995e-01, 1.318114102623e-03, 0.0000e+00, 0.0000e+00, 
 2DIAGNOSTIC,    11, -4.630037124094e-01, 1.419822014958e-03, 0.0000e+00, 0.0000e+00, 
 2DIAGNOSTIC,    12, -4.705679769939e-01, 1.784883847827e-03, 0.0000e+00, 0.0000e+00, 
 2DIAGNOSTIC,    13, -4.729687429796e-01, 2.046629106682e-03, 0.0000e+00, 0.0000e+00, 
 2DIAGNOSTIC,    14, -4.783303004724e-01, 2.332977471015e-03, 0.0000e+00, 0.0000e+00, 
 2DIAGNOSTIC,    15, -4.784211423195e-01, 2.394051021777e-03, 0.0000e+00, 0.0000e+00, 
 2DIAGNOSTIC,    16, -4.782357321251e-01, 2.250910804017e-03, 0.0000e+00, 0.0000e+00, 
 2DIAGNOSTIC,    17, -4.782229174338e-01, 1.950337350689e-03, 0.0000e+00, 0.0000e+00, 
 2DIAGNOSTIC,    18, -4.782078499688e-01, 1.575890912797e-03, 0.0000e+00, 0.0000e+00, 
 2DIAGNOSTIC,    19, -4.782029055995e-01, 1.197300547958e-03, 0.0000e+00, 0.0000e+00, 
 2DIAGNOSTIC,    20, -4.782087019811e-01, 7.779676101242e-04, 0.0000e+00, 0.0000e+00, 
 2DIAGNOSTIC,    21, -4.782087019811e-01, 3.493926387814e-04, 0.0000e+00, 0.0000e+00, 
 2DIAGNOSTIC,    22, -4.782087019811e-01, 1.375863657094e-04, 0.0000e+00, 0.0000e+00, 
DIAGNOSTIC,Iteration,metricValue,convergenceValue,ITERATION_TIME_INDEX,SINCE_LAST
 2DIAGNOSTIC,     1, -4.121168218127e-01, 1.797693134862e+308, 0.0000e+00, 0.0000e+00, 
 2DIAGNOSTIC,     2, -4.121283662512e-01, 1.797693134862e+308, 0.0000e+00, 0.0000e+00, 
 2DIAGNOSTIC,     3, -4.121117847230e-01, 1.797693134862e+308, 0.0000e+00, 0.0000e+00, 
 2DIAGNOSTIC,     4, -4.121175858600e-01, 1.797693134862e+308, 0.0000e+00, 0.0000e+00, 
 2DIAGNOSTIC,     5, -4.120240001887e-01, 1.797693134862e+308, 0.0000e+00, 0.0000e+00, 
 2DIAGNOSTIC,     6, -4.120224319889e-01, 1.797693134862e+308, 0.0000e+00, 0.0000e+00, 
 2DIAGNOSTIC,     7, -4.120308317366e-01, 1.797693134862e+308, 0.0000e+00, 0.0000e+00, 
 2DIAGNOSTIC,     8, -4.120288983079e-01, 1.797693134862e+308, 0.0000e+00, 0.0000e+00, 
 2DIAGNOSTIC,     9, -4.120307556234e-01, 1.797693134862e+308, 0.0000e+00, 0.0000e+00, 
DIAGNOSTIC,Iteration,metricValue,convergenceValue,ITERATION_TIME_INDEX,SINCE_LAST
 2DIAGNOSTIC,     1, -3.800970731811e-01, 1.797693134862e+308, 0.0000e+00, 0.0000e+00, 
 2DIAGNOSTIC,     2, -3.800579230387e-01, 1.797693134862e+308, 0.0000e+00, 0.0000e+00, 
 2DIAGNOSTIC,     3, -3.800510438453e-01, 1.797693134862e+308, 0.0000e+00, 0.0000e+00, 
 2DIAGNOSTIC,     4, -3.800319807979e-01, 1.797693134862e+308, 0.0000e+00, 0.0000e+00, 
 2DIAGNOSTIC,     5, -3.800360384792e-01, 1.797693134862e+308, 0.0000e+00, 0.0000e+00, 
 2DIAGNOSTIC,     6, -3.800407059756e-01, 1.797693134862e+308, 0.0000e+00, 0.0000e+00, 
 2DIAGNOSTIC,     7, -3.800389387546e-01, 1.797693134862e+308, 0.0000e+00, 0.0000e+00, 
 2DIAGNOSTIC,     8, -3.800387517226e-01, 1.797693134862e+308, 0.0000e+00, 0.0000e+00, 
 2DIAGNOSTIC,     9, -3.800379877041e-01, 1.797693134862e+308, 0.0000e+00, 0.0000e+00, 
  Elapsed time (stage 0): 0.0000e+00


Total elapsed time: 0.0000e+00
VFC_BACKENDS=libinterflop_vprec.so --range-binary32=7 --precision-binary32=8 --range-binary64=7 --precision-binary64=8
Info [verificarlo]: loaded backend libinterflop_vprec.so
Info [interflop-vprec]: load backend with: 
Info [interflop-vprec]: precision-binary32 = 8
Info [interflop-vprec]: range-binary32 = 7
Info [interflop-vprec]: precision-binary64 = 8
Info [interflop-vprec]: range-binary64 = 7
Info [interflop-vprec]: mode = ob
Info [interflop-vprec]: error-mode = rel
Info [interflop-vprec]: max-abs-error-exponent = -1022
Info [interflop-vprec]: daz = false
Info [interflop-vprec]: ftz = false
Info [interflop-vprec]: 	instrument = none
Info [interflop-vprec]: 	prec-input-file = (null)
Info [interflop-vprec]: 	prec-output-file = (null)
Info [interflop-vprec]: 	prec-log-file = (null)
All_Command_lines_OK
Using double precision for computations.
=============================================================================
The composite transform comprises the following transforms (in order): 
  1. /project/rrg-glatard/mdugre/datasets/corr/RawDataBIDS/BMB_1/derivatives/vprec-space_search/0111/r7-p8/sub-0003021/rigid_Composite.h5[0] (type = Euler3DTransform)
  2. /project/rrg-glatard/mdugre/datasets/corr/RawDataBIDS/BMB_1/derivatives/vprec-space_search/0111/r7-p8/sub-0003021/rigid_Composite.h5[1] (type = Euler3DTransform)
  3. /project/rrg-glatard/mdugre/datasets/corr/RawDataBIDS/BMB_1/derivatives/vprec-space_search/0111/r7-p8/sub-0003021/rigid_Composite.h5[2] (type = Euler3DTransform)
=============================================================================
  number of levels = 4
  fixed image: /templateflow/tpl-MNI152NLin2009cAsym/tpl-MNI152NLin2009cAsym_res-01_desc-brain_T1w.nii.gz
  moving image: /project/rrg-glatard/mdugre/datasets/corr/RawDataBIDS/BMB_1/derivatives/antsBrainExtraction/sub-0003021/BrainExtractionBrain.nii.gz
Dimension = 3
Number of stages = 1
Use histogram matching = false
Winsorize image intensities = true
  Lower quantile = 0.005
  Upper quantile = 0.995


Stage 1 State
   Image metric = MattesMI
     Fixed image = Image (0x4c74300)
  RTTI typeinfo:   itk::Image<double, 3u>
  Reference Count: 2
  Modified Time: 1592
  Debug: Off
  Object Name: 
  Observers: 
    none
  Source: (none)
  Source output name: (none)
  Release Data: Off
  Data Released: False
  Global Release Data: Off
  PipelineMTime: 0
  UpdateMTime: 1203
  RealTimeStamp: 0 seconds 
  LargestPossibleRegion: 
    Dimension: 3
    Index: [0, 0, 0]
    Size: [193, 229, 193]
  BufferedRegion: 
    Dimension: 3
    Index: [0, 0, 0]
    Size: [193, 229, 193]
  RequestedRegion: 
    Dimension: 3
    Index: [0, 0, 0]
    Size: [193, 229, 193]
  Spacing: [1, 1, 1]
  Origin: [96, 132, -78]
  Direction: 
-1 0 0
0 -1 0
0 0 1

  IndexToPointMatrix: 
-1 0 0
0 -1 0
0 0 1

  PointToIndexMatrix: 
-1 0 0
0 -1 0
0 0 1

  Inverse Direction: 
-1 0 0
0 -1 0
0 0 1

  PixelContainer: 
    ImportImageContainer (0x4cecc30)
      RTTI typeinfo:   itk::ImportImageContainer<unsigned long, double>
      Reference Count: 1
      Modified Time: 1200
      Debug: Off
      Object Name: 
      Observers: 
        none
      Pointer: 0x14e67b9b4010
      Container manages memory: true
      Size: 8530021
      Capacity: 8530021

     Moving image = Image (0x4d2f1a0)
  RTTI typeinfo:   itk::Image<double, 3u>
  Reference Count: 2
  Modified Time: 1593
  Debug: Off
  Object Name: 
  Observers: 
    none
  Source: (none)
  Source output name: (none)
  Release Data: Off
  Data Released: False
  Global Release Data: Off
  PipelineMTime: 0
  UpdateMTime: 1590
  RealTimeStamp: 0 seconds 
  LargestPossibleRegion: 
    Dimension: 3
    Index: [0, 0, 0]
    Size: [176, 256, 256]
  BufferedRegion: 
    Dimension: 3
    Index: [0, 0, 0]
    Size: [176, 256, 256]
  RequestedRegion: 
    Dimension: 3
    Index: [0, 0, 0]
    Size: [176, 256, 256]
  Spacing: [1, 1, 1]
  Origin: [-92.25, 106.5, -129.5]
  Direction: 
1 0 0
0 -1 0
0 0 1

  IndexToPointMatrix: 
1 0 0
0 -1 0
0 0 1

  PointToIndexMatrix: 
1 0 0
0 -1 0
0 0 1

  Inverse Direction: 
1 0 0
0 -1 0
0 0 1

  PixelContainer: 
    ImportImageContainer (0x4cfcd70)
      RTTI typeinfo:   itk::ImportImageContainer<unsigned long, double>
      Reference Count: 1
      Modified Time: 1587
      Debug: Off
      Object Name: 
      Observers: 
        none
      Pointer: 0x14e6761b3010
      Container manages memory: true
      Size: 11534336
      Capacity: 11534336

     Weighting = 1
     Sampling strategy = regular
     Number of bins = 32
     Radius = 4
     Sampling percentage  = 0.25
   Transform = Affine
     Gradient step = 0.1
     Update field sigma (voxel space) = 0
     Total field sigma (voxel space) = 0
     Update field time sigma = 0
     Total field time sigma  = 0
     Number of time indices = 0
     Number of time point samples = 0
Registration using 1 total stages.

Stage 0
  iterations = 1000x500x250x100
  convergence threshold = 1e-06
  convergence window size = 10
  number of levels = 4
  using the Mattes MI metric (number of bins = 32, weight = 1, use gradient filter = 0)
  preprocessing:  winsorizing the image intensities
  Shrink factors (level 1 out of 4): [8, 8, 8]
  Shrink factors (level 2 out of 4): [4, 4, 4]
  Shrink factors (level 3 out of 4): [2, 2, 2]
  Shrink factors (level 4 out of 4): [1, 1, 1]
  smoothing sigmas per level: [3, 2, 1, 0]
  regular sampling (percentage = 0.25)

*** Running AffineTransform registration ***

DIAGNOSTIC,Iteration,metricValue,convergenceValue,ITERATION_TIME_INDEX,SINCE_LAST
 2DIAGNOSTIC,     1, -6.220455062126e-01, 1.797693134862e+308, 0.0000e+00, 0.0000e+00, 
 2DIAGNOSTIC,     2, -6.220455062386e-01, 1.797693134862e+308, 0.0000e+00, 0.0000e+00, 
 2DIAGNOSTIC,     3, -6.220489509602e-01, 1.797693134862e+308, 0.0000e+00, 0.0000e+00, 
 2DIAGNOSTIC,     4, -6.220489505044e-01, 1.797693134862e+308, 0.0000e+00, 0.0000e+00, 
 2DIAGNOSTIC,     5, -6.220328860134e-01, 1.797693134862e+308, 0.0000e+00, 0.0000e+00, 
 2DIAGNOSTIC,     6, -6.220328860126e-01, 1.797693134862e+308, 0.0000e+00, 0.0000e+00, 
 2DIAGNOSTIC,     7, -6.220328860126e-01, 1.797693134862e+308, 0.0000e+00, 0.0000e+00, 
 2DIAGNOSTIC,     8, -6.220328860126e-01, 1.797693134862e+308, 0.0000e+00, 0.0000e+00, 
 2DIAGNOSTIC,     9, -6.220241134725e-01, 1.797693134862e+308, 0.0000e+00, 0.0000e+00, 
DIAGNOSTIC,Iteration,metricValue,convergenceValue,ITERATION_TIME_INDEX,SINCE_LAST
 2DIAGNOSTIC,     1, -4.775000943516e-01, 1.797693134862e+308, 0.0000e+00, 0.0000e+00, 
 2DIAGNOSTIC,     2, -4.774990582701e-01, 1.797693134862e+308, 0.0000e+00, 0.0000e+00, 
 2DIAGNOSTIC,     3, -4.775064994636e-01, 1.797693134862e+308, 0.0000e+00, 0.0000e+00, 
 2DIAGNOSTIC,     4, -4.775104762541e-01, 1.797693134862e+308, 0.0000e+00, 0.0000e+00, 
 2DIAGNOSTIC,     5, -4.787841537454e-01, 1.797693134862e+308, 0.0000e+00, 0.0000e+00, 
 2DIAGNOSTIC,     6, -4.812519797002e-01, 1.797693134862e+308, 0.0000e+00, 0.0000e+00, 
 2DIAGNOSTIC,     7, -4.855728640554e-01, 1.797693134862e+308, 0.0000e+00, 0.0000e+00, 
 2DIAGNOSTIC,     8, -4.919941177901e-01, 1.797693134862e+308, 0.0000e+00, 0.0000e+00, 
 2DIAGNOSTIC,     9, -4.989264463227e-01, 1.797693134862e+308, 0.0000e+00, 0.0000e+00, 
 2DIAGNOSTIC,    10, -5.080798385557e-01, 3.728274397374e-03, 0.0000e+00, 0.0000e+00, 
 2DIAGNOSTIC,    11, -5.248733262147e-01, 5.075123390106e-03, 0.0000e+00, 0.0000e+00, 
 2DIAGNOSTIC,    12, -5.507293891231e-01, 6.928785525957e-03, 0.0000e+00, 0.0000e+00, 
 2DIAGNOSTIC,    13, -5.893189671365e-01, 9.463508476859e-03, 0.0000e+00, 0.0000e+00, 
 2DIAGNOSTIC,    14, -6.491502623596e-01, 1.298820410406e-02, 0.0000e+00, 0.0000e+00, 
 2DIAGNOSTIC,    15, -7.033211042674e-01, 1.662803795287e-02, 0.0000e+00, 0.0000e+00, 
 2DIAGNOSTIC,    16, -7.112603698787e-01, 1.848675259311e-02, 0.0000e+00, 0.0000e+00, 
 2DIAGNOSTIC,    17, -7.140504790151e-01, 1.862739201872e-02, 0.0000e+00, 0.0000e+00, 
 2DIAGNOSTIC,    18, -7.132366024833e-01, 1.721982308834e-02, 0.0000e+00, 0.0000e+00, 
 2DIAGNOSTIC,    19, -7.153668852719e-01, 1.464426612961e-02, 0.0000e+00, 0.0000e+00, 
 2DIAGNOSTIC,    20, -7.148560900202e-01, 1.124615492635e-02, 0.0000e+00, 0.0000e+00, 
 2DIAGNOSTIC,    21, -7.146038492515e-01, 7.607385589504e-03, 0.0000e+00, 0.0000e+00, 
 2DIAGNOSTIC,    22, -7.144756314840e-01, 4.248195094436e-03, 0.0000e+00, 0.0000e+00, 
 2DIAGNOSTIC,    23, -7.150284866089e-01, 1.647823639325e-03, 0.0000e+00, 0.0000e+00, 
 2DIAGNOSTIC,    24, -7.146137402223e-01, 3.070663871543e-04, 0.0000e+00, 0.0000e+00, 
 2DIAGNOSTIC,    25, -7.146973651867e-01, 8.961141447424e-05, 0.0000e+00, 0.0000e+00, 
 2DIAGNOSTIC,    26, -7.147257628495e-01, 2.679733167170e-05, 0.0000e+00, 0.0000e+00, 
 2DIAGNOSTIC,    27, -7.146996093582e-01, 1.534677824246e-05, 0.0000e+00, 0.0000e+00, 
DIAGNOSTIC,Iteration,metricValue,convergenceValue,ITERATION_TIME_INDEX,SINCE_LAST
 2DIAGNOSTIC,     1, -5.949924211714e-01, 1.797693134862e+308, 0.0000e+00, 0.0000e+00, 
 2DIAGNOSTIC,     2, -5.949969022009e-01, 1.797693134862e+308, 0.0000e+00, 0.0000e+00, 
 2DIAGNOSTIC,     3, -5.950198730268e-01, 1.797693134862e+308, 0.0000e+00, 0.0000e+00, 
 2DIAGNOSTIC,     4, -5.951130156117e-01, 1.797693134862e+308, 0.0000e+00, 0.0000e+00, 
 2DIAGNOSTIC,     5, -5.951389998914e-01, 1.797693134862e+308, 0.0000e+00, 0.0000e+00, 
 2DIAGNOSTIC,     6, -5.951447523075e-01, 1.797693134862e+308, 0.0000e+00, 0.0000e+00, 
 2DIAGNOSTIC,     7, -5.951369208801e-01, 1.797693134862e+308, 0.0000e+00, 0.0000e+00, 
 2DIAGNOSTIC,     8, -5.951365887237e-01, 1.797693134862e+308, 0.0000e+00, 0.0000e+00, 
 2DIAGNOSTIC,     9, -5.951341095185e-01, 1.797693134862e+308, 0.0000e+00, 0.0000e+00, 
 2DIAGNOSTIC,    10, -5.951324707489e-01, 1.691645012654e-05, 0.0000e+00, 0.0000e+00, 
 2DIAGNOSTIC,    11, -5.951319205133e-01, 1.067926578635e-05, 0.0000e+00, 0.0000e+00, 
 2DIAGNOSTIC,    12, -5.951323700232e-01, 4.756634460479e-06, 0.0000e+00, 0.0000e+00, 
DIAGNOSTIC,Iteration,metricValue,convergenceValue,ITERATION_TIME_INDEX,SINCE_LAST
 2DIAGNOSTIC,     1, -5.200447972666e-01, 1.797693134862e+308, 0.0000e+00, 0.0000e+00, 
 2DIAGNOSTIC,     2, -5.200834547054e-01, 1.797693134862e+308, 0.0000e+00, 0.0000e+00, 
 2DIAGNOSTIC,     3, -5.200907886909e-01, 1.797693134862e+308, 0.0000e+00, 0.0000e+00, 
 2DIAGNOSTIC,     4, -5.200892677705e-01, 1.797693134862e+308, 0.0000e+00, 0.0000e+00, 
 2DIAGNOSTIC,     5, -5.200872548435e-01, 1.797693134862e+308, 0.0000e+00, 0.0000e+00, 
 2DIAGNOSTIC,     6, -5.200836421386e-01, 1.797693134862e+308, 0.0000e+00, 0.0000e+00, 
 2DIAGNOSTIC,     7, -5.200820691464e-01, 1.797693134862e+308, 0.0000e+00, 0.0000e+00, 
 2DIAGNOSTIC,     8, -5.200785722049e-01, 1.797693134862e+308, 0.0000e+00, 0.0000e+00, 
 2DIAGNOSTIC,     9, -5.200793197007e-01, 1.797693134862e+308, 0.0000e+00, 0.0000e+00, 
  Elapsed time (stage 0): 0.0000e+00


Total elapsed time: 0.0000e+00
VFC_BACKENDS=libinterflop_vprec.so --range-binary32=7 --precision-binary32=8 --range-binary64=7 --precision-binary64=8
Info [verificarlo]: loaded backend libinterflop_vprec.so
Info [interflop-vprec]: load backend with: 
Info [interflop-vprec]: precision-binary32 = 8
Info [interflop-vprec]: range-binary32 = 7
Info [interflop-vprec]: precision-binary64 = 8
Info [interflop-vprec]: range-binary64 = 7
Info [interflop-vprec]: mode = ob
Info [interflop-vprec]: error-mode = rel
Info [interflop-vprec]: max-abs-error-exponent = -1022
Info [interflop-vprec]: daz = false
Info [interflop-vprec]: ftz = false
Info [interflop-vprec]: 	instrument = none
Info [interflop-vprec]: 	prec-input-file = (null)
Info [interflop-vprec]: 	prec-output-file = (null)
Info [interflop-vprec]: 	prec-log-file = (null)
All_Command_lines_OK
Using double precision for computations.
=============================================================================
The composite transform comprises the following transforms (in order): 
  1. /project/rrg-glatard/mdugre/datasets/corr/RawDataBIDS/BMB_1/derivatives/vprec-space_search/0111/r7-p8/sub-0003021/affine_Composite.h5[0] (type = Euler3DTransform)
  2. /project/rrg-glatard/mdugre/datasets/corr/RawDataBIDS/BMB_1/derivatives/vprec-space_search/0111/r7-p8/sub-0003021/affine_Composite.h5[1] (type = Euler3DTransform)
  3. /project/rrg-glatard/mdugre/datasets/corr/RawDataBIDS/BMB_1/derivatives/vprec-space_search/0111/r7-p8/sub-0003021/affine_Composite.h5[2] (type = Euler3DTransform)
  4. /project/rrg-glatard/mdugre/datasets/corr/RawDataBIDS/BMB_1/derivatives/vprec-space_search/0111/r7-p8/sub-0003021/affine_Composite.h5[3] (type = AffineTransform)
=============================================================================
  number of levels = 4
  fixed image: /templateflow/tpl-MNI152NLin2009cAsym/tpl-MNI152NLin2009cAsym_res-01_desc-brain_T1w.nii.gz
  moving image: /project/rrg-glatard/mdugre/datasets/corr/RawDataBIDS/BMB_1/derivatives/antsBrainExtraction/sub-0003021/BrainExtractionBrain.nii.gz
Dimension = 3
Number of stages = 1
Use histogram matching = false
Winsorize image intensities = true
  Lower quantile = 0.005
  Upper quantile = 0.995


Stage 1 State
   Image metric = CC
     Fixed image = Image (0x52684c0)
  RTTI typeinfo:   itk::Image<double, 3u>
  Reference Count: 2
  Modified Time: 1606
  Debug: Off
  Object Name: 
  Observers: 
    none
  Source: (none)
  Source output name: (none)
  Release Data: Off
  Data Released: False
  Global Release Data: Off
  PipelineMTime: 0
  UpdateMTime: 1217
  RealTimeStamp: 0 seconds 
  LargestPossibleRegion: 
    Dimension: 3
    Index: [0, 0, 0]
    Size: [193, 229, 193]
  BufferedRegion: 
    Dimension: 3
    Index: [0, 0, 0]
    Size: [193, 229, 193]
  RequestedRegion: 
    Dimension: 3
    Index: [0, 0, 0]
    Size: [193, 229, 193]
  Spacing: [1, 1, 1]
  Origin: [96, 132, -78]
  Direction: 
-1 0 0
0 -1 0
0 0 1

  IndexToPointMatrix: 
-1 0 0
0 -1 0
0 0 1

  PointToIndexMatrix: 
-1 0 0
0 -1 0
0 0 1

  Inverse Direction: 
-1 0 0
0 -1 0
0 0 1

  PixelContainer: 
    ImportImageContainer (0x5335530)
      RTTI typeinfo:   itk::ImportImageContainer<unsigned long, double>
      Reference Count: 1
      Modified Time: 1214
      Debug: Off
      Object Name: 
      Observers: 
        none
      Pointer: 0x1496bbbe7010
      Container manages memory: true
      Size: 8530021
      Capacity: 8530021

     Moving image = Image (0x533e770)
  RTTI typeinfo:   itk::Image<double, 3u>
  Reference Count: 2
  Modified Time: 1607
  Debug: Off
  Object Name: 
  Observers: 
    none
  Source: (none)
  Source output name: (none)
  Release Data: Off
  Data Released: False
  Global Release Data: Off
  PipelineMTime: 0
  UpdateMTime: 1604
  RealTimeStamp: 0 seconds 
  LargestPossibleRegion: 
    Dimension: 3
    Index: [0, 0, 0]
    Size: [176, 256, 256]
  BufferedRegion: 
    Dimension: 3
    Index: [0, 0, 0]
    Size: [176, 256, 256]
  RequestedRegion: 
    Dimension: 3
    Index: [0, 0, 0]
    Size: [176, 256, 256]
  Spacing: [1, 1, 1]
  Origin: [-92.25, 106.5, -129.5]
  Direction: 
1 0 0
0 -1 0
0 0 1

  IndexToPointMatrix: 
1 0 0
0 -1 0
0 0 1

  PointToIndexMatrix: 
1 0 0
0 -1 0
0 0 1

  Inverse Direction: 
1 0 0
0 -1 0
0 0 1

  PixelContainer: 
    ImportImageContainer (0x527af50)
      RTTI typeinfo:   itk::ImportImageContainer<unsigned long, double>
      Reference Count: 1
      Modified Time: 1601
      Debug: Off
      Object Name: 
      Observers: 
        none
      Pointer: 0x1496b63e6010
      Container manages memory: true
      Size: 11534336
      Capacity: 11534336

     Weighting = 1
     Sampling strategy = none
     Number of bins = 32
     Radius = 4
     Sampling percentage  = 1
   Transform = SyN
     Gradient step = 0.1
     Update field sigma (voxel space) = 3
     Total field sigma (voxel space) = 0
     Update field time sigma = 0
     Total field time sigma  = 0
     Number of time indices = 0
     Number of time point samples = 0
Registration using 1 total stages.

Stage 0
  iterations = 100x70x50x20
  convergence threshold = 1e-06
  convergence window size = 10
  number of levels = 4
  using the CC metric (radius = 4, weight = 1, use gradient filter = 0)
  preprocessing:  winsorizing the image intensities
  Shrink factors (level 1 out of 4): [8, 8, 8]
  Shrink factors (level 2 out of 4): [4, 4, 4]
  Shrink factors (level 3 out of 4): [2, 2, 2]
  Shrink factors (level 4 out of 4): [1, 1, 1]
  smoothing sigmas per level: [3, 2, 1, 0]
  Using default NONE metricSamplingStrategy 

*** Running SyN registration (varianceForUpdateField = 3, varianceForTotalField = 0) ***

XXDIAGNOSTIC,Iteration,metricValue,convergenceValue,ITERATION_TIME_INDEX,SINCE_LAST
 1DIAGNOSTIC,     1, -9.355468750000e-01, 1.797693134862e+308, 0.0000e+00, 0.0000e+00, 
 1DIAGNOSTIC,     2, -9.433593750000e-01, 1.797693134862e+308, 0.0000e+00, 0.0000e+00, 
 1DIAGNOSTIC,     3, -9.531250000000e-01, 1.797693134862e+308, 0.0000e+00, 0.0000e+00, 
 1DIAGNOSTIC,     4, -9.570312500000e-01, 1.797693134862e+308, 0.0000e+00, 0.0000e+00, 
 1DIAGNOSTIC,     5, -9.648437500000e-01, 1.797693134862e+308, 0.0000e+00, 0.0000e+00, 
 1DIAGNOSTIC,     6, -9.667968750000e-01, 1.797693134862e+308, 0.0000e+00, 0.0000e+00, 
 1DIAGNOSTIC,     7, -9.707031250000e-01, 1.797693134862e+308, 0.0000e+00, 0.0000e+00, 
 1DIAGNOSTIC,     8, -9.707031250000e-01, 1.797693134862e+308, 0.0000e+00, 0.0000e+00, 
 1DIAGNOSTIC,     9, -9.746093750000e-01, 1.797693134862e+308, 0.0000e+00, 0.0000e+00, 
 1DIAGNOSTIC,    10, -9.726562500000e-01, 2.469883910756e-03, 0.0000e+00, 0.0000e+00, 
 1DIAGNOSTIC,    11, -9.765625000000e-01, 1.772792680646e-03, 0.0000e+00, 0.0000e+00, 
 1DIAGNOSTIC,    12, -9.746093750000e-01, 1.172935164555e-03, 0.0000e+00, 0.0000e+00, 
 1DIAGNOSTIC,    13, -9.765625000000e-01, 8.274192860700e-04, 0.0000e+00, 0.0000e+00, 
 1DIAGNOSTIC,    14, -9.746093750000e-01, 4.936368966268e-04, 0.0000e+00, 0.0000e+00, 
 1DIAGNOSTIC,    15, -9.765625000000e-01, 3.520648101487e-04, 0.0000e+00, 0.0000e+00, 
 1DIAGNOSTIC,    16, -9.765625000000e-01, 2.295069152116e-04, 0.0000e+00, 0.0000e+00, 
 1DIAGNOSTIC,    17, -9.765625000000e-01, 1.681219960940e-04, 0.0000e+00, 0.0000e+00, 
 1DIAGNOSTIC,    18, -9.765625000000e-01, 9.724607893691e-05, 0.0000e+00, 0.0000e+00, 
 1DIAGNOSTIC,    19, -9.765625000000e-01, 8.656984844613e-05, 0.0000e+00, 0.0000e+00, 
 1DIAGNOSTIC,    20, -9.765625000000e-01, 3.842014172334e-05, 0.0000e+00, 0.0000e+00, 
 1DIAGNOSTIC,    21, -9.765625000000e-01, 4.647083779001e-05, 0.0000e+00, 0.0000e+00, 
 1DIAGNOSTIC,    22, -9.765625000000e-01, 2.275388842664e-05, 0.0000e+00, 0.0000e+00, 
 1DIAGNOSTIC,    23, -9.765625000000e-01, 2.491435700849e-05, 0.0000e+00, 0.0000e+00, 
 1DIAGNOSTIC,    24, -9.765625000000e-01, -1.197653087814e-14, 0.0000e+00, 0.0000e+00, 
XXDIAGNOSTIC,Iteration,metricValue,convergenceValue,ITERATION_TIME_INDEX,SINCE_LAST
 1DIAGNOSTIC,     1, -8.808593750000e-01, 1.797693134862e+308, 0.0000e+00, 0.0000e+00, 
 1DIAGNOSTIC,     2, -8.828125000000e-01, 1.797693134862e+308, 0.0000e+00, 0.0000e+00, 
 1DIAGNOSTIC,     3, -8.867187500000e-01, 1.797693134862e+308, 0.0000e+00, 0.0000e+00, 
 1DIAGNOSTIC,     4, -8.886718750000e-01, 1.797693134862e+308, 0.0000e+00, 0.0000e+00, 
 1DIAGNOSTIC,     5, -8.906250000000e-01, 1.797693134862e+308, 0.0000e+00, 0.0000e+00, 
 1DIAGNOSTIC,     6, -8.925781250000e-01, 1.797693134862e+308, 0.0000e+00, 0.0000e+00, 
 1DIAGNOSTIC,     7, -8.945312500000e-01, 1.797693134862e+308, 0.0000e+00, 0.0000e+00, 
 1DIAGNOSTIC,     8, -8.964843750000e-01, 1.797693134862e+308, 0.0000e+00, 0.0000e+00, 
 1DIAGNOSTIC,     9, -8.964843750000e-01, 1.797693134862e+308, 0.0000e+00, 0.0000e+00, 
 1DIAGNOSTIC,    10, -8.984375000000e-01, 1.258961781240e-03, 0.0000e+00, 0.0000e+00, 
 1DIAGNOSTIC,    11, -8.984375000000e-01, 9.977224740114e-04, 0.0000e+00, 0.0000e+00, 
 1DIAGNOSTIC,    12, -9.003906250000e-01, 7.924190893452e-04, 0.0000e+00, 0.0000e+00, 
 1DIAGNOSTIC,    13, -9.003906250000e-01, 6.416285955658e-04, 0.0000e+00, 0.0000e+00, 
 1DIAGNOSTIC,    14, -9.003906250000e-01, 4.988109252546e-04, 0.0000e+00, 0.0000e+00, 
 1DIAGNOSTIC,    15, -9.023437500000e-01, 4.124980552342e-04, 0.0000e+00, 0.0000e+00, 
 1DIAGNOSTIC,    16, -9.023437500000e-01, 3.359477378693e-04, 0.0000e+00, 0.0000e+00, 
 1DIAGNOSTIC,    17, -9.023437500000e-01, 2.735100614296e-04, 0.0000e+00, 0.0000e+00, 
 1DIAGNOSTIC,    18, -9.023437500000e-01, 2.280921503335e-04, 0.0000e+00, 0.0000e+00, 
 1DIAGNOSTIC,    19, -9.023437500000e-01, 1.658013257306e-04, 0.0000e+00, 0.0000e+00, 
 1DIAGNOSTIC,    20, -9.042968750000e-01, 1.562742084334e-04, 0.0000e+00, 0.0000e+00, 
 1DIAGNOSTIC,    21, -9.042968750000e-01, 1.312717037907e-04, 0.0000e+00, 0.0000e+00, 
 1DIAGNOSTIC,    22, -9.042968750000e-01, 1.252557878395e-04, 0.0000e+00, 0.0000e+00, 
 1DIAGNOSTIC,    23, -9.042968750000e-01, 1.088071438887e-04, 0.0000e+00, 0.0000e+00, 
 1DIAGNOSTIC,    24, -9.042968750000e-01, 8.268144618418e-05, 0.0000e+00, 0.0000e+00, 
 1DIAGNOSTIC,    25, -9.042968750000e-01, 7.528577739836e-05, 0.0000e+00, 0.0000e+00, 
 1DIAGNOSTIC,    26, -9.042968750000e-01, 6.127646525236e-05, 0.0000e+00, 0.0000e+00, 
 1DIAGNOSTIC,    27, -9.062500000000e-01, 6.581618574633e-05, 0.0000e+00, 0.0000e+00, 
 1DIAGNOSTIC,    28, -9.042968750000e-01, 4.136772879355e-05, 0.0000e+00, 0.0000e+00, 
 1DIAGNOSTIC,    29, -9.062500000000e-01, 3.627552735701e-05, 0.0000e+00, 0.0000e+00, 
 1DIAGNOSTIC,    30, -9.042968750000e-01, 2.759439247032e-05, 0.0000e+00, 0.0000e+00, 
 1DIAGNOSTIC,    31, -9.062500000000e-01, 3.719209025504e-05, 0.0000e+00, 0.0000e+00, 
 1DIAGNOSTIC,    32, -9.042968750000e-01, 2.268875200321e-05, 0.0000e+00, 0.0000e+00, 
 1DIAGNOSTIC,    33, -9.062500000000e-01, 2.619859818685e-05, 0.0000e+00, 0.0000e+00, 
 1DIAGNOSTIC,    34, -9.042968750000e-01, 8.598633068103e-06, 0.0000e+00, 0.0000e+00, 
 1DIAGNOSTIC,    35, -9.062500000000e-01, 9.288258104749e-06, 0.0000e+00, 0.0000e+00, 
 1DIAGNOSTIC,    36, -9.062500000000e-01, 8.117677641209e-06, 0.0000e+00, 0.0000e+00, 
 1DIAGNOSTIC,    37, -9.062500000000e-01, 2.334908780065e-05, 0.0000e+00, 0.0000e+00, 
 1DIAGNOSTIC,    38, -9.042968750000e-01, 2.846747405732e-06, 0.0000e+00, 0.0000e+00, 
 1DIAGNOSTIC,    39, -9.062500000000e-01, 1.570546937078e-05, 0.0000e+00, 0.0000e+00, 
 1DIAGNOSTIC,    40, -9.062500000000e-01, 9.833563149132e-06, 0.0000e+00, 0.0000e+00, 
 1DIAGNOSTIC,    41, -9.062500000000e-01, 1.858853391521e-05, 0.0000e+00, 0.0000e+00, 
 1DIAGNOSTIC,    42, -9.062500000000e-01, 1.041175997464e-05, 0.0000e+00, 0.0000e+00, 
 1DIAGNOSTIC,    43, -9.062500000000e-01, 1.669430610126e-05, 0.0000e+00, 0.0000e+00, 
 1DIAGNOSTIC,    44, -9.062500000000e-01, 6.532558941851e-06, 0.0000e+00, 0.0000e+00, 
 1DIAGNOSTIC,    45, -9.062500000000e-01, 9.614805915482e-06, 0.0000e+00, 0.0000e+00, 
 1DIAGNOSTIC,    46, -9.062500000000e-01, 1.170169353991e-05, 0.0000e+00, 0.0000e+00, 
 1DIAGNOSTIC,    47, -9.082031250000e-01, 2.622467189669e-05, 0.0000e+00, 0.0000e+00, 
 1DIAGNOSTIC,    48, -9.082031250000e-01, 2.404779252337e-05, 0.0000e+00, 0.0000e+00, 
 1DIAGNOSTIC,    49, -9.082031250000e-01, 3.237834882171e-05, 0.0000e+00, 0.0000e+00, 
 1DIAGNOSTIC,    50, -9.062500000000e-01, 2.515102539719e-05, 0.0000e+00, 0.0000e+00, 
 1DIAGNOSTIC,    51, -9.082031250000e-01, 2.816789997368e-05, 0.0000e+00, 0.0000e+00, 
 1DIAGNOSTIC,    52, -9.062500000000e-01, 1.586522464912e-05, 0.0000e+00, 0.0000e+00, 
 1DIAGNOSTIC,    53, -9.082031250000e-01, 1.435727551102e-05, 0.0000e+00, 0.0000e+00, 
 1DIAGNOSTIC,    54, -9.062500000000e-01, 8.242987034265e-08, 0.0000e+00, 0.0000e+00, 
XXDIAGNOSTIC,Iteration,metricValue,convergenceValue,ITERATION_TIME_INDEX,SINCE_LAST
 1DIAGNOSTIC,     1, -8.632812500000e-01, 1.797693134862e+308, 0.0000e+00, 0.0000e+00, 
 1DIAGNOSTIC,     2, -8.652343750000e-01, 1.797693134862e+308, 0.0000e+00, 0.0000e+00, 
 1DIAGNOSTIC,     3, -8.671875000000e-01, 1.797693134862e+308, 0.0000e+00, 0.0000e+00, 
 1DIAGNOSTIC,     4, -8.671875000000e-01, 1.797693134862e+308, 0.0000e+00, 0.0000e+00, 
 1DIAGNOSTIC,     5, -8.691406250000e-01, 1.797693134862e+308, 0.0000e+00, 0.0000e+00, 
 1DIAGNOSTIC,     6, -8.691406250000e-01, 1.797693134862e+308, 0.0000e+00, 0.0000e+00, 
 1DIAGNOSTIC,     7, -8.710937500000e-01, 1.797693134862e+308, 0.0000e+00, 0.0000e+00, 
 1DIAGNOSTIC,     8, -8.710937500000e-01, 1.797693134862e+308, 0.0000e+00, 0.0000e+00, 
 1DIAGNOSTIC,     9, -8.710937500000e-01, 1.797693134862e+308, 0.0000e+00, 0.0000e+00, 
 1DIAGNOSTIC,    10, -8.730468750000e-01, 6.367382300456e-04, 0.0000e+00, 0.0000e+00, 
 1DIAGNOSTIC,    11, -8.730468750000e-01, 5.029264602881e-04, 0.0000e+00, 0.0000e+00, 
 1DIAGNOSTIC,    12, -8.730468750000e-01, 3.988475062787e-04, 0.0000e+00, 0.0000e+00, 
 1DIAGNOSTIC,    13, -8.730468750000e-01, 3.251367117907e-04, 0.0000e+00, 0.0000e+00, 
 1DIAGNOSTIC,    14, -8.750000000000e-01, 2.772590798278e-04, 0.0000e+00, 0.0000e+00, 
 1DIAGNOSTIC,    15, -8.750000000000e-01, 2.516911540437e-04, 0.0000e+00, 0.0000e+00, 
 1DIAGNOSTIC,    16, -8.750000000000e-01, 2.054002922081e-04, 0.0000e+00, 0.0000e+00, 
 1DIAGNOSTIC,    17, -8.750000000000e-01, 1.844193689905e-04, 0.0000e+00, 0.0000e+00, 
 1DIAGNOSTIC,    18, -8.750000000000e-01, 1.490055795784e-04, 0.0000e+00, 0.0000e+00, 
 1DIAGNOSTIC,    19, -8.750000000000e-01, 1.020625402697e-04, 0.0000e+00, 0.0000e+00, 
 1DIAGNOSTIC,    20, -8.750000000000e-01, 8.207956774187e-05, 0.0000e+00, 0.0000e+00, 
 1DIAGNOSTIC,    21, -8.750000000000e-01, 5.685469778327e-05, 0.0000e+00, 0.0000e+00, 
 1DIAGNOSTIC,    22, -8.750000000000e-01, 2.896569884307e-05, 0.0000e+00, 0.0000e+00, 
 1DIAGNOSTIC,    23, -8.750000000000e-01, -1.246225345142e-14, 0.0000e+00, 0.0000e+00, 
XXDIAGNOSTIC,Iteration,metricValue,convergenceValue,ITERATION_TIME_INDEX,SINCE_LAST
 1DIAGNOSTIC,     1, -8.378906250000e-01, 1.797693134862e+308, 0.0000e+00, 0.0000e+00, 
 1DIAGNOSTIC,     2, -8.398437500000e-01, 1.797693134862e+308, 0.0000e+00, 0.0000e+00, 
 1DIAGNOSTIC,     3, -8.398437500000e-01, 1.797693134862e+308, 0.0000e+00, 0.0000e+00, 
 1DIAGNOSTIC,     4, -8.398437500000e-01, 1.797693134862e+308, 0.0000e+00, 0.0000e+00, 
 1DIAGNOSTIC,     5, -8.398437500000e-01, 1.797693134862e+308, 0.0000e+00, 0.0000e+00, 
 1DIAGNOSTIC,     6, -8.398437500000e-01, 1.797693134862e+308, 0.0000e+00, 0.0000e+00, 
 1DIAGNOSTIC,     7, -8.417968750000e-01, 1.797693134862e+308, 0.0000e+00, 0.0000e+00, 
 1DIAGNOSTIC,     8, -8.417968750000e-01, 1.797693134862e+308, 0.0000e+00, 0.0000e+00, 
 1DIAGNOSTIC,     9, -8.417968750000e-01, 1.797693134862e+308, 0.0000e+00, 0.0000e+00, 
 1DIAGNOSTIC,    10, -8.417968750000e-01, 2.671755245960e-04, 0.0000e+00, 0.0000e+00, 
 1DIAGNOSTIC,    11, -8.417968750000e-01, 1.926264617606e-04, 0.0000e+00, 0.0000e+00, 
 1DIAGNOSTIC,    12, -8.417968750000e-01, 1.675090326952e-04, 0.0000e+00, 0.0000e+00, 
 1DIAGNOSTIC,    13, -8.417968750000e-01, 1.309078166728e-04, 0.0000e+00, 0.0000e+00, 
 1DIAGNOSTIC,    14, -8.417968750000e-01, 8.841862988676e-05, 0.0000e+00, 0.0000e+00, 
 1DIAGNOSTIC,    15, -8.417968750000e-01, 4.404957081799e-05, 0.0000e+00, 0.0000e+00, 
 1DIAGNOSTIC,    16, -8.417968750000e-01, -1.786071290866e-14, 0.0000e+00, 0.0000e+00, 
  Elapsed time (stage 0): 0


Total elapsed time: 0
