
##########################
# Experiment information #
##########################
SIF_IMG: /project/rrg-glatard/mdugre/containers/ants-p2-vprec.sif
EXPERIMENT_NAME: vprec-space_search
CONFIG: 0111
VFC_BACKENDS: libinterflop_vprec.so --range-binary32=7 --precision-binary32=14 --range-binary64=7 --precision-binary64=14

FIXED_IMG: /templateflow/tpl-MNI152NLin2009cAsym/tpl-MNI152NLin2009cAsym_res-01_desc-brain_T1w.nii.gz
SUBJECT_ID: 0003054
INPUT_IMG: /project/rrg-glatard/mdugre/datasets/corr/RawDataBIDS/BMB_1/derivatives/antsBrainExtraction/sub-0003054/BrainExtractionBrain.nii.gz
OUTPUT_DIR: /project/rrg-glatard/mdugre/datasets/corr/RawDataBIDS/BMB_1/derivatives/vprec-space_search/0111/r7-p14/sub-0003054

ITK_GLOBAL_DEFAULT_NUMBER_OF_THREADS: 8
##########################

VFC_BACKENDS=libinterflop_ieee.so
Info [verificarlo]: loaded backend libinterflop_ieee.so
Info [interflop-ieee]: load backend with:
Info [interflop-ieee]: debug = false
Info [interflop-ieee]: debug-binary = false
Info [interflop-ieee]: no-backend-name = false
Info [interflop-ieee]: print-new-line = false
Info [interflop-ieee]: print-subnormal-normalized = false
Info [interflop-ieee]: count-op = false
All_Command_lines_OK
Using double precision for computations.
=============================================================================
The composite transform comprises the following transforms (in order): 
  1. Center of mass alignment using fixed image: /templateflow/tpl-MNI152NLin2009cAsym/tpl-MNI152NLin2009cAsym_res-01_desc-brain_T1w.nii.gz and moving image: /project/rrg-glatard/mdugre/datasets/corr/RawDataBIDS/BMB_1/derivatives/antsBrainExtraction/sub-0003054/BrainExtractionBrain.nii.gz (type = Euler3DTransform)
=============================================================================
  number of levels = 1
  fixed image: /templateflow/tpl-MNI152NLin2009cAsym/tpl-MNI152NLin2009cAsym_res-01_desc-brain_T1w.nii.gz
  moving image: /project/rrg-glatard/mdugre/datasets/corr/RawDataBIDS/BMB_1/derivatives/antsBrainExtraction/sub-0003054/BrainExtractionBrain.nii.gz
Dimension = 3
Number of stages = 1
Use histogram matching = false
Winsorize image intensities = true
  Lower quantile = 0.005
  Upper quantile = 0.995


Stage 1 State
   Image metric = MattesMI
     Fixed image = Image (0x3df3390)
  RTTI typeinfo:   itk::Image<double, 3u>
  Reference Count: 2
  Modified Time: 2330
  Debug: Off
  Object Name: 
  Observers: 
    none
  Source: (none)
  Source output name: (none)
  Release Data: Off
  Data Released: False
  Global Release Data: Off
  PipelineMTime: 0
  UpdateMTime: 1941
  RealTimeStamp: 0 seconds 
  LargestPossibleRegion: 
    Dimension: 3
    Index: [0, 0, 0]
    Size: [193, 229, 193]
  BufferedRegion: 
    Dimension: 3
    Index: [0, 0, 0]
    Size: [193, 229, 193]
  RequestedRegion: 
    Dimension: 3
    Index: [0, 0, 0]
    Size: [193, 229, 193]
  Spacing: [1, 1, 1]
  Origin: [96, 132, -78]
  Direction: 
-1 0 0
0 -1 0
0 0 1

  IndexToPointMatrix: 
-1 0 0
0 -1 0
0 0 1

  PointToIndexMatrix: 
-1 0 0
0 -1 0
0 0 1

  Inverse Direction: 
-1 0 0
0 -1 0
0 0 1

  PixelContainer: 
    ImportImageContainer (0x3ebea90)
      RTTI typeinfo:   itk::ImportImageContainer<unsigned long, double>
      Reference Count: 1
      Modified Time: 1938
      Debug: Off
      Object Name: 
      Observers: 
        none
      Pointer: 0x1504c8df4010
      Container manages memory: true
      Size: 8530021
      Capacity: 8530021

     Moving image = Image (0x3df8390)
  RTTI typeinfo:   itk::Image<double, 3u>
  Reference Count: 2
  Modified Time: 2331
  Debug: Off
  Object Name: 
  Observers: 
    none
  Source: (none)
  Source output name: (none)
  Release Data: Off
  Data Released: False
  Global Release Data: Off
  PipelineMTime: 0
  UpdateMTime: 2328
  RealTimeStamp: 0 seconds 
  LargestPossibleRegion: 
    Dimension: 3
    Index: [0, 0, 0]
    Size: [176, 256, 256]
  BufferedRegion: 
    Dimension: 3
    Index: [0, 0, 0]
    Size: [176, 256, 256]
  RequestedRegion: 
    Dimension: 3
    Index: [0, 0, 0]
    Size: [176, 256, 256]
  Spacing: [1, 1, 1]
  Origin: [-92.285, 99.2892, -131.201]
  Direction: 
1 0 0
0 -1 0
0 0 1

  IndexToPointMatrix: 
1 0 0
0 -1 0
0 0 1

  PointToIndexMatrix: 
1 0 0
0 -1 0
0 0 1

  Inverse Direction: 
1 0 0
0 -1 0
0 0 1

  PixelContainer: 
    ImportImageContainer (0x3f9eb90)
      RTTI typeinfo:   itk::ImportImageContainer<unsigned long, double>
      Reference Count: 1
      Modified Time: 2325
      Debug: Off
      Object Name: 
      Observers: 
        none
      Pointer: 0x1504c35f3010
      Container manages memory: true
      Size: 11534336
      Capacity: 11534336

     Weighting = 1
     Sampling strategy = regular
     Number of bins = 32
     Radius = 4
     Sampling percentage  = 0.25
   Transform = Rigid
     Gradient step = 0.1
     Update field sigma (voxel space) = 0
     Total field sigma (voxel space) = 0
     Update field time sigma = 0
     Total field time sigma  = 0
     Number of time indices = 0
     Number of time point samples = 0
Registration using 1 total stages.

Stage 0
  iterations = 0
  convergence threshold = 1e-06
  convergence window size = 10
  number of levels = 1
  using the Mattes MI metric (number of bins = 32, weight = 1, use gradient filter = 0)
  preprocessing:  winsorizing the image intensities
  Shrink factors (level 1 out of 1): [1, 1, 1]
  smoothing sigmas per level: [0]
  regular sampling (percentage = 0.25)

*** Running Euler3DTransform registration ***

  Elapsed time (stage 0): 0.945545


Total elapsed time: 0.947041
VFC_BACKENDS=libinterflop_vprec.so --range-binary32=7 --precision-binary32=14 --range-binary64=7 --precision-binary64=14
Info [verificarlo]: loaded backend libinterflop_vprec.so
Info [interflop-vprec]: load backend with: 
Info [interflop-vprec]: precision-binary32 = 14
Info [interflop-vprec]: range-binary32 = 7
Info [interflop-vprec]: precision-binary64 = 14
Info [interflop-vprec]: range-binary64 = 7
Info [interflop-vprec]: mode = ob
Info [interflop-vprec]: error-mode = rel
Info [interflop-vprec]: max-abs-error-exponent = -1022
Info [interflop-vprec]: daz = false
Info [interflop-vprec]: ftz = false
Info [interflop-vprec]: 	instrument = none
Info [interflop-vprec]: 	prec-input-file = (null)
Info [interflop-vprec]: 	prec-output-file = (null)
Info [interflop-vprec]: 	prec-log-file = (null)
All_Command_lines_OK
Using double precision for computations.
=============================================================================
The composite transform comprises the following transforms (in order): 
  1. /project/rrg-glatard/mdugre/datasets/corr/RawDataBIDS/BMB_1/derivatives/vprec-space_search/0111/r7-p14/sub-0003054/align_Composite.h5[0] (type = Euler3DTransform)
  2. /project/rrg-glatard/mdugre/datasets/corr/RawDataBIDS/BMB_1/derivatives/vprec-space_search/0111/r7-p14/sub-0003054/align_Composite.h5[1] (type = Euler3DTransform)
=============================================================================
  number of levels = 4
  fixed image: /templateflow/tpl-MNI152NLin2009cAsym/tpl-MNI152NLin2009cAsym_res-01_desc-brain_T1w.nii.gz
  moving image: /project/rrg-glatard/mdugre/datasets/corr/RawDataBIDS/BMB_1/derivatives/antsBrainExtraction/sub-0003054/BrainExtractionBrain.nii.gz
Dimension = 3
Number of stages = 1
Use histogram matching = false
Winsorize image intensities = true
  Lower quantile = 0.005
  Upper quantile = 0.995


Stage 1 State
   Image metric = MattesMI
     Fixed image = Image (0x51a3300)
  RTTI typeinfo:   itk::Image<double, 3u>
  Reference Count: 2
  Modified Time: 1578
  Debug: Off
  Object Name: 
  Observers: 
    none
  Source: (none)
  Source output name: (none)
  Release Data: Off
  Data Released: False
  Global Release Data: Off
  PipelineMTime: 0
  UpdateMTime: 1189
  RealTimeStamp: 0 seconds 
  LargestPossibleRegion: 
    Dimension: 3
    Index: [0, 0, 0]
    Size: [193, 229, 193]
  BufferedRegion: 
    Dimension: 3
    Index: [0, 0, 0]
    Size: [193, 229, 193]
  RequestedRegion: 
    Dimension: 3
    Index: [0, 0, 0]
    Size: [193, 229, 193]
  Spacing: [1, 1, 1]
  Origin: [96, 132, -78]
  Direction: 
-1 0 0
0 -1 0
0 0 1

  IndexToPointMatrix: 
-1 0 0
0 -1 0
0 0 1

  PointToIndexMatrix: 
-1 0 0
0 -1 0
0 0 1

  Inverse Direction: 
-1 0 0
0 -1 0
0 0 1

  PixelContainer: 
    ImportImageContainer (0x52664b0)
      RTTI typeinfo:   itk::ImportImageContainer<unsigned long, double>
      Reference Count: 1
      Modified Time: 1186
      Debug: Off
      Object Name: 
      Observers: 
        none
      Pointer: 0x14addb636010
      Container manages memory: true
      Size: 8530021
      Capacity: 8530021

     Moving image = Image (0x52661c0)
  RTTI typeinfo:   itk::Image<double, 3u>
  Reference Count: 2
  Modified Time: 1579
  Debug: Off
  Object Name: 
  Observers: 
    none
  Source: (none)
  Source output name: (none)
  Release Data: Off
  Data Released: False
  Global Release Data: Off
  PipelineMTime: 0
  UpdateMTime: 1576
  RealTimeStamp: 0 seconds 
  LargestPossibleRegion: 
    Dimension: 3
    Index: [0, 0, 0]
    Size: [176, 256, 256]
  BufferedRegion: 
    Dimension: 3
    Index: [0, 0, 0]
    Size: [176, 256, 256]
  RequestedRegion: 
    Dimension: 3
    Index: [0, 0, 0]
    Size: [176, 256, 256]
  Spacing: [1, 1, 1]
  Origin: [-92.2852, 99.2891, -131.203]
  Direction: 
1 0 0
0 -1 0
0 0 1

  IndexToPointMatrix: 
1 0 0
0 -1 0
0 0 1

  PointToIndexMatrix: 
1 0 0
0 -1 0
0 0 1

  Inverse Direction: 
1 0 0
0 -1 0
0 0 1

  PixelContainer: 
    ImportImageContainer (0x5329010)
      RTTI typeinfo:   itk::ImportImageContainer<unsigned long, double>
      Reference Count: 1
      Modified Time: 1573
      Debug: Off
      Object Name: 
      Observers: 
        none
      Pointer: 0x14add5e35010
      Container manages memory: true
      Size: 11534336
      Capacity: 11534336

     Weighting = 1
     Sampling strategy = regular
     Number of bins = 32
     Radius = 4
     Sampling percentage  = 0.25
   Transform = Rigid
     Gradient step = 0.1
     Update field sigma (voxel space) = 0
     Total field sigma (voxel space) = 0
     Update field time sigma = 0
     Total field time sigma  = 0
     Number of time indices = 0
     Number of time point samples = 0
Registration using 1 total stages.

Stage 0
  iterations = 1000x500x250x100
  convergence threshold = 1e-06
  convergence window size = 10
  number of levels = 4
  using the Mattes MI metric (number of bins = 32, weight = 1, use gradient filter = 0)
  preprocessing:  winsorizing the image intensities
  Shrink factors (level 1 out of 4): [8, 8, 8]
  Shrink factors (level 2 out of 4): [4, 4, 4]
  Shrink factors (level 3 out of 4): [2, 2, 2]
  Shrink factors (level 4 out of 4): [1, 1, 1]
  smoothing sigmas per level: [3, 2, 1, 0]
  regular sampling (percentage = 0.25)

*** Running Euler3DTransform registration ***

DIAGNOSTIC,Iteration,metricValue,convergenceValue,ITERATION_TIME_INDEX,SINCE_LAST
 2DIAGNOSTIC,     1, -5.511440044651e-01, 1.797693134862e+308, 0.0000e+00, 0.0000e+00, 
 2DIAGNOSTIC,     2, -5.531691820706e-01, 1.797693134862e+308, 0.0000e+00, 0.0000e+00, 
 2DIAGNOSTIC,     3, -5.556503400872e-01, 1.797693134862e+308, 0.0000e+00, 0.0000e+00, 
 2DIAGNOSTIC,     4, -5.594816935514e-01, 1.797693134862e+308, 0.0000e+00, 0.0000e+00, 
 2DIAGNOSTIC,     5, -5.662162211457e-01, 1.797693134862e+308, 0.0000e+00, 0.0000e+00, 
 2DIAGNOSTIC,     6, -5.701424394016e-01, 1.797693134862e+308, 0.0000e+00, 0.0000e+00, 
 2DIAGNOSTIC,     7, -5.705942841277e-01, 1.797693134862e+308, 0.0000e+00, 0.0000e+00, 
 2DIAGNOSTIC,     8, -5.709644746523e-01, 1.797693134862e+308, 0.0000e+00, 0.0000e+00, 
 2DIAGNOSTIC,     9, -5.707190407577e-01, 1.797693134862e+308, 0.0000e+00, 0.0000e+00, 
 2DIAGNOSTIC,    10, -5.706141197639e-01, 2.593206485815e-03, 0.0000e+00, 0.0000e+00, 
 2DIAGNOSTIC,    11, -5.707187575440e-01, 1.870284975287e-03, 0.0000e+00, 0.0000e+00, 
 2DIAGNOSTIC,    12, -5.707083147037e-01, 1.188433380887e-03, 0.0000e+00, 0.0000e+00, 
 2DIAGNOSTIC,    13, -5.707560784269e-01, 6.043207152329e-04, 0.0000e+00, 0.0000e+00, 
 2DIAGNOSTIC,    14, -5.707497853549e-01, 1.821196337266e-04, 0.0000e+00, 0.0000e+00, 
 2DIAGNOSTIC,    15, -5.708692661438e-01, 2.633728308871e-05, 0.0000e+00, 0.0000e+00, 
 2DIAGNOSTIC,    16, -5.709558892174e-01, 1.326261777776e-05, 0.0000e+00, 0.0000e+00, 
 2DIAGNOSTIC,    17, -5.714845525760e-01, 2.911197857916e-05, 0.0000e+00, 0.0000e+00, 
 2DIAGNOSTIC,    18, -5.716872135760e-01, 5.645794588151e-05, 0.0000e+00, 0.0000e+00, 
 2DIAGNOSTIC,    19, -5.717141882598e-01, 7.020995414255e-05, 0.0000e+00, 0.0000e+00, 
 2DIAGNOSTIC,    20, -5.717692578186e-01, 7.509014742498e-05, 0.0000e+00, 0.0000e+00, 
 2DIAGNOSTIC,    21, -5.717762748954e-01, 7.528190984351e-05, 0.0000e+00, 0.0000e+00, 
 2DIAGNOSTIC,    22, -5.718402558454e-01, 6.958174925677e-05, 0.0000e+00, 0.0000e+00, 
 2DIAGNOSTIC,    23, -5.718771606382e-01, 5.976606995819e-05, 0.0000e+00, 0.0000e+00, 
 2DIAGNOSTIC,    24, -5.719170389026e-01, 4.608850112255e-05, 0.0000e+00, 0.0000e+00, 
 2DIAGNOSTIC,    25, -5.719342840818e-01, 3.216412746293e-05, 0.0000e+00, 0.0000e+00, 
 2DIAGNOSTIC,    26, -5.719678176847e-01, 1.847747808419e-05, 0.0000e+00, 0.0000e+00, 
 2DIAGNOSTIC,    27, -5.719399426256e-01, 1.333702436179e-05, 0.0000e+00, 0.0000e+00, 
 2DIAGNOSTIC,    28, -5.719601072138e-01, 1.139536020768e-05, 0.0000e+00, 0.0000e+00, 
 2DIAGNOSTIC,    29, -5.719891104267e-01, 9.546119900020e-06, 0.0000e+00, 0.0000e+00, 
 2DIAGNOSTIC,    30, -5.720556820685e-01, 9.031701462228e-06, 0.0000e+00, 0.0000e+00, 
 2DIAGNOSTIC,    31, -5.720595235890e-01, 7.922880353159e-06, 0.0000e+00, 0.0000e+00, 
 2DIAGNOSTIC,    32, -5.722419117540e-01, 1.008438252187e-05, 0.0000e+00, 0.0000e+00, 
 2DIAGNOSTIC,    33, -5.722744239371e-01, 1.222172652449e-05, 0.0000e+00, 0.0000e+00, 
 2DIAGNOSTIC,    34, -5.722231717618e-01, 1.298923692467e-05, 0.0000e+00, 0.0000e+00, 
 2DIAGNOSTIC,    35, -5.722474849246e-01, 1.319019013919e-05, 0.0000e+00, 0.0000e+00, 
 2DIAGNOSTIC,    36, -5.723570365550e-01, 1.418470066782e-05, 0.0000e+00, 0.0000e+00, 
 2DIAGNOSTIC,    37, -5.724473325722e-01, 1.461303532270e-05, 0.0000e+00, 0.0000e+00, 
 2DIAGNOSTIC,    38, -5.726372620936e-01, 1.643580867397e-05, 0.0000e+00, 0.0000e+00, 
 2DIAGNOSTIC,    39, -5.727621840277e-01, 1.863005812294e-05, 0.0000e+00, 0.0000e+00, 
 2DIAGNOSTIC,    40, -5.728351541988e-01, 2.077594194459e-05, 0.0000e+00, 0.0000e+00, 
 2DIAGNOSTIC,    41, -5.729377850219e-01, 2.213269144534e-05, 0.0000e+00, 0.0000e+00, 
 2DIAGNOSTIC,    42, -5.729442122578e-01, 2.357569055039e-05, 0.0000e+00, 0.0000e+00, 
 2DIAGNOSTIC,    43, -5.729279609362e-01, 2.297476638356e-05, 0.0000e+00, 0.0000e+00, 
 2DIAGNOSTIC,    44, -5.727460966341e-01, 1.764307540774e-05, 0.0000e+00, 0.0000e+00, 
 2DIAGNOSTIC,    45, -5.727453521012e-01, 1.123181674057e-05, 0.0000e+00, 0.0000e+00, 
 2DIAGNOSTIC,    46, -5.727400624035e-01, 5.188193249066e-06, 0.0000e+00, 0.0000e+00, 
DIAGNOSTIC,Iteration,metricValue,convergenceValue,ITERATION_TIME_INDEX,SINCE_LAST
 2DIAGNOSTIC,     1, -4.547761146789e-01, 1.797693134862e+308, 0.0000e+00, 0.0000e+00, 
 2DIAGNOSTIC,     2, -4.549919509546e-01, 1.797693134862e+308, 0.0000e+00, 0.0000e+00, 
 2DIAGNOSTIC,     3, -4.553042994432e-01, 1.797693134862e+308, 0.0000e+00, 0.0000e+00, 
 2DIAGNOSTIC,     4, -4.556344192741e-01, 1.797693134862e+308, 0.0000e+00, 0.0000e+00, 
 2DIAGNOSTIC,     5, -4.559823096530e-01, 1.797693134862e+308, 0.0000e+00, 0.0000e+00, 
 2DIAGNOSTIC,     6, -4.563866261511e-01, 1.797693134862e+308, 0.0000e+00, 0.0000e+00, 
 2DIAGNOSTIC,     7, -4.572646419471e-01, 1.797693134862e+308, 0.0000e+00, 0.0000e+00, 
 2DIAGNOSTIC,     8, -4.579675620390e-01, 1.797693134862e+308, 0.0000e+00, 0.0000e+00, 
 2DIAGNOSTIC,     9, -4.579556206758e-01, 1.797693134862e+308, 0.0000e+00, 0.0000e+00, 
 2DIAGNOSTIC,    10, -4.579457786261e-01, 5.294969682885e-04, 0.0000e+00, 0.0000e+00, 
 2DIAGNOSTIC,    11, -4.579337576844e-01, 4.526083210950e-04, 0.0000e+00, 0.0000e+00, 
 2DIAGNOSTIC,    12, -4.579454549629e-01, 3.590891254020e-04, 0.0000e+00, 0.0000e+00, 
 2DIAGNOSTIC,    13, -4.579360006185e-01, 2.616060769464e-04, 0.0000e+00, 0.0000e+00, 
 2DIAGNOSTIC,    14, -4.579372760072e-01, 1.695667009482e-04, 0.0000e+00, 0.0000e+00, 
 2DIAGNOSTIC,    15, -4.579370303368e-01, 8.940006881626e-05, 0.0000e+00, 0.0000e+00, 
 2DIAGNOSTIC,    16, -4.579368416763e-01, 2.631010144666e-05, 0.0000e+00, 0.0000e+00, 
DIAGNOSTIC,Iteration,metricValue,convergenceValue,ITERATION_TIME_INDEX,SINCE_LAST
 2DIAGNOSTIC,     1, -3.962407520876e-01, 1.797693134862e+308, 0.0000e+00, 0.0000e+00, 
 2DIAGNOSTIC,     2, -3.963646996621e-01, 1.797693134862e+308, 0.0000e+00, 0.0000e+00, 
 2DIAGNOSTIC,     3, -3.966101368758e-01, 1.797693134862e+308, 0.0000e+00, 0.0000e+00, 
 2DIAGNOSTIC,     4, -3.969652015937e-01, 1.797693134862e+308, 0.0000e+00, 0.0000e+00, 
 2DIAGNOSTIC,     5, -3.970444992528e-01, 1.797693134862e+308, 0.0000e+00, 0.0000e+00, 
 2DIAGNOSTIC,     6, -3.972703965911e-01, 1.797693134862e+308, 0.0000e+00, 0.0000e+00, 
 2DIAGNOSTIC,     7, -3.974464316716e-01, 1.797693134862e+308, 0.0000e+00, 0.0000e+00, 
 2DIAGNOSTIC,     8, -3.975263573527e-01, 1.797693134862e+308, 0.0000e+00, 0.0000e+00, 
 2DIAGNOSTIC,     9, -3.977192600586e-01, 1.797693134862e+308, 0.0000e+00, 0.0000e+00, 
 2DIAGNOSTIC,    10, -3.976922911072e-01, 2.562930246258e-04, 0.0000e+00, 0.0000e+00, 
 2DIAGNOSTIC,    11, -3.976971330930e-01, 2.018061831294e-04, 0.0000e+00, 0.0000e+00, 
 2DIAGNOSTIC,    12, -3.976908076092e-01, 1.453976939741e-04, 0.0000e+00, 0.0000e+00, 
 2DIAGNOSTIC,    13, -3.976778243881e-01, 9.709697307034e-05, 0.0000e+00, 0.0000e+00, 
 2DIAGNOSTIC,    14, -3.976572565025e-01, 6.419520217529e-05, 0.0000e+00, 0.0000e+00, 
 2DIAGNOSTIC,    15, -3.976664017428e-01, 3.408812340855e-05, 0.0000e+00, 0.0000e+00, 
 2DIAGNOSTIC,    16, -3.976701492225e-01, 1.499497420372e-05, 0.0000e+00, 0.0000e+00, 
 2DIAGNOSTIC,    17, -3.976729580860e-01, 4.436952988018e-06, 0.0000e+00, 0.0000e+00, 
DIAGNOSTIC,Iteration,metricValue,convergenceValue,ITERATION_TIME_INDEX,SINCE_LAST
 2DIAGNOSTIC,     1, -3.664520489330e-01, 1.797693134862e+308, 0.0000e+00, 0.0000e+00, 
 2DIAGNOSTIC,     2, -3.665932037255e-01, 1.797693134862e+308, 0.0000e+00, 0.0000e+00, 
 2DIAGNOSTIC,     3, -3.666912463057e-01, 1.797693134862e+308, 0.0000e+00, 0.0000e+00, 
 2DIAGNOSTIC,     4, -3.667794989855e-01, 1.797693134862e+308, 0.0000e+00, 0.0000e+00, 
 2DIAGNOSTIC,     5, -3.669033320802e-01, 1.797693134862e+308, 0.0000e+00, 0.0000e+00, 
 2DIAGNOSTIC,     6, -3.669114152343e-01, 1.797693134862e+308, 0.0000e+00, 0.0000e+00, 
 2DIAGNOSTIC,     7, -3.669227119840e-01, 1.797693134862e+308, 0.0000e+00, 0.0000e+00, 
 2DIAGNOSTIC,     8, -3.669247664734e-01, 1.797693134862e+308, 0.0000e+00, 0.0000e+00, 
 2DIAGNOSTIC,     9, -3.669382549151e-01, 1.797693134862e+308, 0.0000e+00, 0.0000e+00, 
 2DIAGNOSTIC,    10, -3.669410598671e-01, 8.214188514574e-05, 0.0000e+00, 0.0000e+00, 
 2DIAGNOSTIC,    11, -3.669398528427e-01, 5.112085443049e-05, 0.0000e+00, 0.0000e+00, 
 2DIAGNOSTIC,    12, -3.669503843487e-01, 3.074009912900e-05, 0.0000e+00, 0.0000e+00, 
 2DIAGNOSTIC,    13, -3.669479412093e-01, 1.655888067857e-05, 0.0000e+00, 0.0000e+00, 
 2DIAGNOSTIC,    14, -3.669572953249e-01, 8.320039045259e-06, 0.0000e+00, 0.0000e+00, 
 2DIAGNOSTIC,    15, -3.669670118880e-01, 7.493273284587e-06, 0.0000e+00, 0.0000e+00, 
 2DIAGNOSTIC,    16, -3.669778204114e-01, 7.160023293831e-06, 0.0000e+00, 0.0000e+00, 
 2DIAGNOSTIC,    17, -3.669781271705e-01, 6.900512731646e-06, 0.0000e+00, 0.0000e+00, 
 2DIAGNOSTIC,    18, -3.669781964392e-01, 6.276361912541e-06, 0.0000e+00, 0.0000e+00, 
 2DIAGNOSTIC,    19, -3.669755773520e-01, 5.732071909709e-06, 0.0000e+00, 0.0000e+00, 
 2DIAGNOSTIC,    20, -3.669759061321e-01, 4.971759550033e-06, 0.0000e+00, 0.0000e+00, 
 2DIAGNOSTIC,    21, -3.669766064567e-01, 3.921319647056e-06, 0.0000e+00, 0.0000e+00, 
 2DIAGNOSTIC,    22, -3.669764439153e-01, 3.103003833944e-06, 0.0000e+00, 0.0000e+00, 
 2DIAGNOSTIC,    23, -3.669762247960e-01, 2.101278592258e-06, 0.0000e+00, 0.0000e+00, 
 2DIAGNOSTIC,    24, -3.669763123412e-01, 1.406600957085e-06, 0.0000e+00, 0.0000e+00, 
 2DIAGNOSTIC,    25, -3.669762344419e-01, 1.038222368695e-06, 0.0000e+00, 0.0000e+00, 
 2DIAGNOSTIC,    26, -3.669757998681e-01, 1.017132921402e-06, 0.0000e+00, 0.0000e+00, 
 2DIAGNOSTIC,    27, -3.669757953117e-01, 1.015414121362e-06, 0.0000e+00, 0.0000e+00, 
 2DIAGNOSTIC,    28, -3.669756675659e-01, 1.020455023024e-06, 0.0000e+00, 0.0000e+00, 
  Elapsed time (stage 0): 0.0000e+00


Total elapsed time: 0.0000e+00
VFC_BACKENDS=libinterflop_vprec.so --range-binary32=7 --precision-binary32=14 --range-binary64=7 --precision-binary64=14
Info [verificarlo]: loaded backend libinterflop_vprec.so
Info [interflop-vprec]: load backend with: 
Info [interflop-vprec]: precision-binary32 = 14
Info [interflop-vprec]: range-binary32 = 7
Info [interflop-vprec]: precision-binary64 = 14
Info [interflop-vprec]: range-binary64 = 7
Info [interflop-vprec]: mode = ob
Info [interflop-vprec]: error-mode = rel
Info [interflop-vprec]: max-abs-error-exponent = -1022
Info [interflop-vprec]: daz = false
Info [interflop-vprec]: ftz = false
Info [interflop-vprec]: 	instrument = none
Info [interflop-vprec]: 	prec-input-file = (null)
Info [interflop-vprec]: 	prec-output-file = (null)
Info [interflop-vprec]: 	prec-log-file = (null)
All_Command_lines_OK
Using double precision for computations.
=============================================================================
The composite transform comprises the following transforms (in order): 
  1. /project/rrg-glatard/mdugre/datasets/corr/RawDataBIDS/BMB_1/derivatives/vprec-space_search/0111/r7-p14/sub-0003054/rigid_Composite.h5[0] (type = Euler3DTransform)
  2. /project/rrg-glatard/mdugre/datasets/corr/RawDataBIDS/BMB_1/derivatives/vprec-space_search/0111/r7-p14/sub-0003054/rigid_Composite.h5[1] (type = Euler3DTransform)
  3. /project/rrg-glatard/mdugre/datasets/corr/RawDataBIDS/BMB_1/derivatives/vprec-space_search/0111/r7-p14/sub-0003054/rigid_Composite.h5[2] (type = Euler3DTransform)
=============================================================================
  number of levels = 4
  fixed image: /templateflow/tpl-MNI152NLin2009cAsym/tpl-MNI152NLin2009cAsym_res-01_desc-brain_T1w.nii.gz
  moving image: /project/rrg-glatard/mdugre/datasets/corr/RawDataBIDS/BMB_1/derivatives/antsBrainExtraction/sub-0003054/BrainExtractionBrain.nii.gz
Dimension = 3
Number of stages = 1
Use histogram matching = false
Winsorize image intensities = true
  Lower quantile = 0.005
  Upper quantile = 0.995


Stage 1 State
   Image metric = MattesMI
     Fixed image = Image (0x45af300)
  RTTI typeinfo:   itk::Image<double, 3u>
  Reference Count: 2
  Modified Time: 1592
  Debug: Off
  Object Name: 
  Observers: 
    none
  Source: (none)
  Source output name: (none)
  Release Data: Off
  Data Released: False
  Global Release Data: Off
  PipelineMTime: 0
  UpdateMTime: 1203
  RealTimeStamp: 0 seconds 
  LargestPossibleRegion: 
    Dimension: 3
    Index: [0, 0, 0]
    Size: [193, 229, 193]
  BufferedRegion: 
    Dimension: 3
    Index: [0, 0, 0]
    Size: [193, 229, 193]
  RequestedRegion: 
    Dimension: 3
    Index: [0, 0, 0]
    Size: [193, 229, 193]
  Spacing: [1, 1, 1]
  Origin: [96, 132, -78]
  Direction: 
-1 0 0
0 -1 0
0 0 1

  IndexToPointMatrix: 
-1 0 0
0 -1 0
0 0 1

  PointToIndexMatrix: 
-1 0 0
0 -1 0
0 0 1

  Inverse Direction: 
-1 0 0
0 -1 0
0 0 1

  PixelContainer: 
    ImportImageContainer (0x4627c30)
      RTTI typeinfo:   itk::ImportImageContainer<unsigned long, double>
      Reference Count: 1
      Modified Time: 1200
      Debug: Off
      Object Name: 
      Observers: 
        none
      Pointer: 0x1475a3973010
      Container manages memory: true
      Size: 8530021
      Capacity: 8530021

     Moving image = Image (0x4669e80)
  RTTI typeinfo:   itk::Image<double, 3u>
  Reference Count: 2
  Modified Time: 1593
  Debug: Off
  Object Name: 
  Observers: 
    none
  Source: (none)
  Source output name: (none)
  Release Data: Off
  Data Released: False
  Global Release Data: Off
  PipelineMTime: 0
  UpdateMTime: 1590
  RealTimeStamp: 0 seconds 
  LargestPossibleRegion: 
    Dimension: 3
    Index: [0, 0, 0]
    Size: [176, 256, 256]
  BufferedRegion: 
    Dimension: 3
    Index: [0, 0, 0]
    Size: [176, 256, 256]
  RequestedRegion: 
    Dimension: 3
    Index: [0, 0, 0]
    Size: [176, 256, 256]
  Spacing: [1, 1, 1]
  Origin: [-92.2852, 99.2891, -131.203]
  Direction: 
1 0 0
0 -1 0
0 0 1

  IndexToPointMatrix: 
1 0 0
0 -1 0
0 0 1

  PointToIndexMatrix: 
1 0 0
0 -1 0
0 0 1

  Inverse Direction: 
1 0 0
0 -1 0
0 0 1

  PixelContainer: 
    ImportImageContainer (0x461fc10)
      RTTI typeinfo:   itk::ImportImageContainer<unsigned long, double>
      Reference Count: 1
      Modified Time: 1587
      Debug: Off
      Object Name: 
      Observers: 
        none
      Pointer: 0x14759e172010
      Container manages memory: true
      Size: 11534336
      Capacity: 11534336

     Weighting = 1
     Sampling strategy = regular
     Number of bins = 32
     Radius = 4
     Sampling percentage  = 0.25
   Transform = Affine
     Gradient step = 0.1
     Update field sigma (voxel space) = 0
     Total field sigma (voxel space) = 0
     Update field time sigma = 0
     Total field time sigma  = 0
     Number of time indices = 0
     Number of time point samples = 0
Registration using 1 total stages.

Stage 0
  iterations = 1000x500x250x100
  convergence threshold = 1e-06
  convergence window size = 10
  number of levels = 4
  using the Mattes MI metric (number of bins = 32, weight = 1, use gradient filter = 0)
  preprocessing:  winsorizing the image intensities
  Shrink factors (level 1 out of 4): [8, 8, 8]
  Shrink factors (level 2 out of 4): [4, 4, 4]
  Shrink factors (level 3 out of 4): [2, 2, 2]
  Shrink factors (level 4 out of 4): [1, 1, 1]
  smoothing sigmas per level: [3, 2, 1, 0]
  regular sampling (percentage = 0.25)

*** Running AffineTransform registration ***

DIAGNOSTIC,Iteration,metricValue,convergenceValue,ITERATION_TIME_INDEX,SINCE_LAST
 2DIAGNOSTIC,     1, -5.662359113388e-01, 1.797693134862e+308, 0.0000e+00, 0.0000e+00, 
 2DIAGNOSTIC,     2, -5.675967136804e-01, 1.797693134862e+308, 0.0000e+00, 0.0000e+00, 
 2DIAGNOSTIC,     3, -5.699507874754e-01, 1.797693134862e+308, 0.0000e+00, 0.0000e+00, 
 2DIAGNOSTIC,     4, -5.737215537634e-01, 1.797693134862e+308, 0.0000e+00, 0.0000e+00, 
 2DIAGNOSTIC,     5, -5.792728569545e-01, 1.797693134862e+308, 0.0000e+00, 0.0000e+00, 
 2DIAGNOSTIC,     6, -5.988666513737e-01, 1.797693134862e+308, 0.0000e+00, 0.0000e+00, 
 2DIAGNOSTIC,     7, -6.610429389015e-01, 1.797693134862e+308, 0.0000e+00, 0.0000e+00, 
 2DIAGNOSTIC,     8, -7.219505113826e-01, 1.797693134862e+308, 0.0000e+00, 0.0000e+00, 
 2DIAGNOSTIC,     9, -7.979559333243e-01, 1.797693134862e+308, 0.0000e+00, 0.0000e+00, 
 2DIAGNOSTIC,    10, -8.006614399368e-01, 2.589267072566e-02, 0.0000e+00, 0.0000e+00, 
 2DIAGNOSTIC,    11, -8.022567304661e-01, 2.632692187562e-02, 0.0000e+00, 0.0000e+00, 
 2DIAGNOSTIC,    12, -8.062978130781e-01, 2.453312563373e-02, 0.0000e+00, 0.0000e+00, 
 2DIAGNOSTIC,    13, -8.083539680471e-01, 2.097954249309e-02, 0.0000e+00, 0.0000e+00, 
 2DIAGNOSTIC,    14, -8.092540264543e-01, 1.626407505882e-02, 0.0000e+00, 0.0000e+00, 
 2DIAGNOSTIC,    15, -8.113016216574e-01, 1.103833136466e-02, 0.0000e+00, 0.0000e+00, 
 2DIAGNOSTIC,    16, -8.136086806608e-01, 6.115394663779e-03, 0.0000e+00, 0.0000e+00, 
 2DIAGNOSTIC,    17, -8.139584008940e-01, 2.743942107523e-03, 0.0000e+00, 0.0000e+00, 
 2DIAGNOSTIC,    18, -8.142172401831e-01, 8.452948753966e-04, 0.0000e+00, 0.0000e+00, 
 2DIAGNOSTIC,    19, -8.148596254084e-01, 6.809598914402e-04, 0.0000e+00, 0.0000e+00, 
 2DIAGNOSTIC,    20, -8.151610690332e-01, 5.306756489412e-04, 0.0000e+00, 0.0000e+00, 
 2DIAGNOSTIC,    21, -8.152417072626e-01, 3.761047178393e-04, 0.0000e+00, 0.0000e+00, 
 2DIAGNOSTIC,    22, -8.152670431653e-01, 2.734390028226e-04, 0.0000e+00, 0.0000e+00, 
 2DIAGNOSTIC,    23, -8.158833615742e-01, 2.005514819652e-04, 0.0000e+00, 0.0000e+00, 
 2DIAGNOSTIC,    24, -8.171771330333e-01, 1.498901822830e-04, 0.0000e+00, 0.0000e+00, 
 2DIAGNOSTIC,    25, -8.177050825678e-01, 1.276286766902e-04, 0.0000e+00, 0.0000e+00, 
 2DIAGNOSTIC,    26, -8.181343273108e-01, 1.355583121185e-04, 0.0000e+00, 0.0000e+00, 
 2DIAGNOSTIC,    27, -8.183286890594e-01, 1.381108851542e-04, 0.0000e+00, 0.0000e+00, 
 2DIAGNOSTIC,    28, -8.183793194978e-01, 1.314842785627e-04, 0.0000e+00, 0.0000e+00, 
 2DIAGNOSTIC,    29, -8.184748510562e-01, 1.223235944649e-04, 0.0000e+00, 0.0000e+00, 
 2DIAGNOSTIC,    30, -8.184091583438e-01, 1.052620131776e-04, 0.0000e+00, 0.0000e+00, 
 2DIAGNOSTIC,    31, -8.180960128101e-01, 7.700337118813e-05, 0.0000e+00, 0.0000e+00, 
 2DIAGNOSTIC,    32, -8.180249996167e-01, 4.305705109631e-05, 0.0000e+00, 0.0000e+00, 
 2DIAGNOSTIC,    33, -8.180816356751e-01, 1.461049240091e-05, 0.0000e+00, 0.0000e+00, 
DIAGNOSTIC,Iteration,metricValue,convergenceValue,ITERATION_TIME_INDEX,SINCE_LAST
 2DIAGNOSTIC,     1, -6.949224526660e-01, 1.797693134862e+308, 0.0000e+00, 0.0000e+00, 
 2DIAGNOSTIC,     2, -6.954396888591e-01, 1.797693134862e+308, 0.0000e+00, 0.0000e+00, 
 2DIAGNOSTIC,     3, -6.961687033387e-01, 1.797693134862e+308, 0.0000e+00, 0.0000e+00, 
 2DIAGNOSTIC,     4, -6.969356551184e-01, 1.797693134862e+308, 0.0000e+00, 0.0000e+00, 
 2DIAGNOSTIC,     5, -6.977012861007e-01, 1.797693134862e+308, 0.0000e+00, 0.0000e+00, 
 2DIAGNOSTIC,     6, -6.983954518731e-01, 1.797693134862e+308, 0.0000e+00, 0.0000e+00, 
 2DIAGNOSTIC,     7, -6.992035199760e-01, 1.797693134862e+308, 0.0000e+00, 0.0000e+00, 
 2DIAGNOSTIC,     8, -6.992248397380e-01, 1.797693134862e+308, 0.0000e+00, 0.0000e+00, 
 2DIAGNOSTIC,     9, -6.994095576006e-01, 1.797693134862e+308, 0.0000e+00, 0.0000e+00, 
 2DIAGNOSTIC,    10, -6.996322468778e-01, 4.712451654367e-04, 0.0000e+00, 0.0000e+00, 
 2DIAGNOSTIC,    11, -6.996943957616e-01, 3.677708456233e-04, 0.0000e+00, 0.0000e+00, 
 2DIAGNOSTIC,    12, -6.996987742922e-01, 2.661581259535e-04, 0.0000e+00, 0.0000e+00, 
 2DIAGNOSTIC,    13, -6.996987227252e-01, 1.791908730945e-04, 0.0000e+00, 0.0000e+00, 
 2DIAGNOSTIC,    14, -6.996985151112e-01, 1.107968818272e-04, 0.0000e+00, 0.0000e+00, 
 2DIAGNOSTIC,    15, -6.996984375865e-01, 6.199475535634e-05, 0.0000e+00, 0.0000e+00, 
 2DIAGNOSTIC,    16, -6.996984710514e-01, 3.089802743518e-05, 0.0000e+00, 0.0000e+00, 
 2DIAGNOSTIC,    17, -6.996985271549e-01, 2.024900295055e-05, 0.0000e+00, 0.0000e+00, 
 2DIAGNOSTIC,    18, -6.996983366026e-01, 9.513890200014e-06, 0.0000e+00, 0.0000e+00, 
 2DIAGNOSTIC,    19, -6.996978589470e-01, 3.004626460419e-06, 0.0000e+00, 0.0000e+00, 
 2DIAGNOSTIC,    20, -6.996980389299e-01, 1.508423317448e-06, 0.0000e+00, 0.0000e+00, 
 2DIAGNOSTIC,    21, -6.996979757354e-01, 1.349759235471e-06, 0.0000e+00, 0.0000e+00, 
 2DIAGNOSTIC,    22, -6.996981133428e-01, 1.292336196959e-06, 0.0000e+00, 0.0000e+00, 
 2DIAGNOSTIC,    23, -6.996974622733e-01, 1.230542548983e-06, 0.0000e+00, 0.0000e+00, 
 2DIAGNOSTIC,    24, -6.996978958463e-01, 1.181555646400e-06, 0.0000e+00, 0.0000e+00, 
 2DIAGNOSTIC,    25, -6.996978300200e-01, 1.136743376387e-06, 0.0000e+00, 0.0000e+00, 
 2DIAGNOSTIC,    26, -6.996978760921e-01, 1.098984038009e-06, 0.0000e+00, 0.0000e+00, 
 2DIAGNOSTIC,    27, -6.996978657515e-01, 1.066769756697e-06, 0.0000e+00, 0.0000e+00, 
 2DIAGNOSTIC,    28, -6.996977088219e-01, 1.033214732563e-06, 0.0000e+00, 0.0000e+00, 
DIAGNOSTIC,Iteration,metricValue,convergenceValue,ITERATION_TIME_INDEX,SINCE_LAST
 2DIAGNOSTIC,     1, -5.978584407178e-01, 1.797693134862e+308, 0.0000e+00, 0.0000e+00, 
 2DIAGNOSTIC,     2, -5.983509741196e-01, 1.797693134862e+308, 0.0000e+00, 0.0000e+00, 
 2DIAGNOSTIC,     3, -5.987919296202e-01, 1.797693134862e+308, 0.0000e+00, 0.0000e+00, 
 2DIAGNOSTIC,     4, -5.991410961956e-01, 1.797693134862e+308, 0.0000e+00, 0.0000e+00, 
 2DIAGNOSTIC,     5, -5.994217697275e-01, 1.797693134862e+308, 0.0000e+00, 0.0000e+00, 
 2DIAGNOSTIC,     6, -5.996273070025e-01, 1.797693134862e+308, 0.0000e+00, 0.0000e+00, 
 2DIAGNOSTIC,     7, -5.998683852257e-01, 1.797693134862e+308, 0.0000e+00, 0.0000e+00, 
 2DIAGNOSTIC,     8, -5.998711036834e-01, 1.797693134862e+308, 0.0000e+00, 0.0000e+00, 
 2DIAGNOSTIC,     9, -5.998738671733e-01, 1.797693134862e+308, 0.0000e+00, 0.0000e+00, 
 2DIAGNOSTIC,    10, -5.998724117390e-01, 2.151690844179e-04, 0.0000e+00, 0.0000e+00, 
 2DIAGNOSTIC,    11, -5.998691036324e-01, 1.417271399108e-04, 0.0000e+00, 0.0000e+00, 
 2DIAGNOSTIC,    12, -5.998670156040e-01, 8.710736396890e-05, 0.0000e+00, 0.0000e+00, 
 2DIAGNOSTIC,    13, -5.998689874164e-01, 4.925179908183e-05, 0.0000e+00, 0.0000e+00, 
 2DIAGNOSTIC,    14, -5.998654141140e-01, 2.418034329403e-05, 0.0000e+00, 0.0000e+00, 
 2DIAGNOSTIC,    15, -5.998678550592e-01, 9.295452634089e-06, 0.0000e+00, 0.0000e+00, 
 2DIAGNOSTIC,    16, -5.998679007404e-01, 1.486466575093e-06, 0.0000e+00, 0.0000e+00, 
 2DIAGNOSTIC,    17, -5.998679007404e-01, 1.348536243215e-06, 0.0000e+00, 0.0000e+00, 
 2DIAGNOSTIC,    18, -5.998679007404e-01, 1.327832529520e-06, 0.0000e+00, 0.0000e+00, 
 2DIAGNOSTIC,    19, -5.998679007404e-01, 1.405282345643e-06, 0.0000e+00, 0.0000e+00, 
 2DIAGNOSTIC,    20, -5.998679007404e-01, 1.453936847987e-06, 0.0000e+00, 0.0000e+00, 
 2DIAGNOSTIC,    21, -5.998679007404e-01, 1.423686125081e-06, 0.0000e+00, 0.0000e+00, 
 2DIAGNOSTIC,    22, -5.998679007404e-01, 1.346315180145e-06, 0.0000e+00, 0.0000e+00, 
 2DIAGNOSTIC,    23, -5.998679007404e-01, 1.316793096250e-06, 0.0000e+00, 0.0000e+00, 
 2DIAGNOSTIC,    24, -5.998679007404e-01, 1.212907815809e-06, 0.0000e+00, 0.0000e+00, 
 2DIAGNOSTIC,    25, -5.998679007404e-01, 1.163505987015e-06, 0.0000e+00, 0.0000e+00, 
 2DIAGNOSTIC,    26, -5.998679007404e-01, 1.118738526519e-06, 0.0000e+00, 0.0000e+00, 
 2DIAGNOSTIC,    27, -5.998679007404e-01, 1.077288403713e-06, 0.0000e+00, 0.0000e+00, 
 2DIAGNOSTIC,    28, -5.998679007404e-01, 1.038800062463e-06, 0.0000e+00, 0.0000e+00, 
 2DIAGNOSTIC,    29, -5.998679007404e-01, 1.002967005836e-06, 0.0000e+00, 0.0000e+00, 
DIAGNOSTIC,Iteration,metricValue,convergenceValue,ITERATION_TIME_INDEX,SINCE_LAST
 2DIAGNOSTIC,     1, -5.361859534718e-01, 1.797693134862e+308, 0.0000e+00, 0.0000e+00, 
 2DIAGNOSTIC,     2, -5.366062548391e-01, 1.797693134862e+308, 0.0000e+00, 0.0000e+00, 
 2DIAGNOSTIC,     3, -5.369148164819e-01, 1.797693134862e+308, 0.0000e+00, 0.0000e+00, 
 2DIAGNOSTIC,     4, -5.371130482386e-01, 1.797693134862e+308, 0.0000e+00, 0.0000e+00, 
 2DIAGNOSTIC,     5, -5.372575136784e-01, 1.797693134862e+308, 0.0000e+00, 0.0000e+00, 
 2DIAGNOSTIC,     6, -5.374538318675e-01, 1.797693134862e+308, 0.0000e+00, 0.0000e+00, 
 2DIAGNOSTIC,     7, -5.374559508182e-01, 1.797693134862e+308, 0.0000e+00, 0.0000e+00, 
 2DIAGNOSTIC,     8, -5.374531559573e-01, 1.797693134862e+308, 0.0000e+00, 0.0000e+00, 
 2DIAGNOSTIC,     9, -5.374540206266e-01, 1.797693134862e+308, 0.0000e+00, 0.0000e+00, 
 2DIAGNOSTIC,    10, -5.374536487719e-01, 1.393594921297e-04, 0.0000e+00, 0.0000e+00, 
 2DIAGNOSTIC,    11, -5.374566197996e-01, 8.211329862200e-05, 0.0000e+00, 0.0000e+00, 
 2DIAGNOSTIC,    12, -5.374545417365e-01, 4.550909961051e-05, 0.0000e+00, 0.0000e+00, 
 2DIAGNOSTIC,    13, -5.374558274728e-01, 2.323350534424e-05, 0.0000e+00, 0.0000e+00, 
 2DIAGNOSTIC,    14, -5.374538237161e-01, 9.583266043070e-06, 0.0000e+00, 0.0000e+00, 
 2DIAGNOSTIC,    15, -5.374526552388e-01, 1.924213358692e-06, 0.0000e+00, 0.0000e+00, 
 2DIAGNOSTIC,    16, -5.374509744889e-01, 1.656620986765e-06, 0.0000e+00, 0.0000e+00, 
 2DIAGNOSTIC,    17, -5.374529518150e-01, 1.566094868989e-06, 0.0000e+00, 0.0000e+00, 
 2DIAGNOSTIC,    18, -5.374531746478e-01, 1.420987344951e-06, 0.0000e+00, 0.0000e+00, 
 2DIAGNOSTIC,    19, -5.374531448494e-01, 1.333461108380e-06, 0.0000e+00, 0.0000e+00, 
 2DIAGNOSTIC,    20, -5.374530358794e-01, 1.259781706849e-06, 0.0000e+00, 0.0000e+00, 
 2DIAGNOSTIC,    21, -5.374509792935e-01, 1.236136381685e-06, 0.0000e+00, 0.0000e+00, 
 2DIAGNOSTIC,    22, -5.374511084546e-01, 1.180455326280e-06, 0.0000e+00, 0.0000e+00, 
 2DIAGNOSTIC,    23, -5.374510623230e-01, 1.170784762583e-06, 0.0000e+00, 0.0000e+00, 
 2DIAGNOSTIC,    24, -5.374510623230e-01, 1.126871946873e-06, 0.0000e+00, 0.0000e+00, 
 2DIAGNOSTIC,    25, -5.374510623230e-01, 1.071564732488e-06, 0.0000e+00, 0.0000e+00, 
  Elapsed time (stage 0): 0.0000e+00


Total elapsed time: 0.0000e+00
VFC_BACKENDS=libinterflop_vprec.so --range-binary32=7 --precision-binary32=14 --range-binary64=7 --precision-binary64=14
Info [verificarlo]: loaded backend libinterflop_vprec.so
Info [interflop-vprec]: load backend with: 
Info [interflop-vprec]: precision-binary32 = 14
Info [interflop-vprec]: range-binary32 = 7
Info [interflop-vprec]: precision-binary64 = 14
Info [interflop-vprec]: range-binary64 = 7
Info [interflop-vprec]: mode = ob
Info [interflop-vprec]: error-mode = rel
Info [interflop-vprec]: max-abs-error-exponent = -1022
Info [interflop-vprec]: daz = false
Info [interflop-vprec]: ftz = false
Info [interflop-vprec]: 	instrument = none
Info [interflop-vprec]: 	prec-input-file = (null)
Info [interflop-vprec]: 	prec-output-file = (null)
Info [interflop-vprec]: 	prec-log-file = (null)
All_Command_lines_OK
Using double precision for computations.
=============================================================================
The composite transform comprises the following transforms (in order): 
  1. /project/rrg-glatard/mdugre/datasets/corr/RawDataBIDS/BMB_1/derivatives/vprec-space_search/0111/r7-p14/sub-0003054/affine_Composite.h5[0] (type = Euler3DTransform)
  2. /project/rrg-glatard/mdugre/datasets/corr/RawDataBIDS/BMB_1/derivatives/vprec-space_search/0111/r7-p14/sub-0003054/affine_Composite.h5[1] (type = Euler3DTransform)
  3. /project/rrg-glatard/mdugre/datasets/corr/RawDataBIDS/BMB_1/derivatives/vprec-space_search/0111/r7-p14/sub-0003054/affine_Composite.h5[2] (type = Euler3DTransform)
  4. /project/rrg-glatard/mdugre/datasets/corr/RawDataBIDS/BMB_1/derivatives/vprec-space_search/0111/r7-p14/sub-0003054/affine_Composite.h5[3] (type = AffineTransform)
=============================================================================
  number of levels = 4
  fixed image: /templateflow/tpl-MNI152NLin2009cAsym/tpl-MNI152NLin2009cAsym_res-01_desc-brain_T1w.nii.gz
  moving image: /project/rrg-glatard/mdugre/datasets/corr/RawDataBIDS/BMB_1/derivatives/antsBrainExtraction/sub-0003054/BrainExtractionBrain.nii.gz
Dimension = 3
Number of stages = 1
Use histogram matching = false
Winsorize image intensities = true
  Lower quantile = 0.005
  Upper quantile = 0.995


Stage 1 State
   Image metric = CC
     Fixed image = Image (0x42974c0)
  RTTI typeinfo:   itk::Image<double, 3u>
  Reference Count: 2
  Modified Time: 1606
  Debug: Off
  Object Name: 
  Observers: 
    none
  Source: (none)
  Source output name: (none)
  Release Data: Off
  Data Released: False
  Global Release Data: Off
  PipelineMTime: 0
  UpdateMTime: 1217
  RealTimeStamp: 0 seconds 
  LargestPossibleRegion: 
    Dimension: 3
    Index: [0, 0, 0]
    Size: [193, 229, 193]
  BufferedRegion: 
    Dimension: 3
    Index: [0, 0, 0]
    Size: [193, 229, 193]
  RequestedRegion: 
    Dimension: 3
    Index: [0, 0, 0]
    Size: [193, 229, 193]
  Spacing: [1, 1, 1]
  Origin: [96, 132, -78]
  Direction: 
-1 0 0
0 -1 0
0 0 1

  IndexToPointMatrix: 
-1 0 0
0 -1 0
0 0 1

  PointToIndexMatrix: 
-1 0 0
0 -1 0
0 0 1

  Inverse Direction: 
-1 0 0
0 -1 0
0 0 1

  PixelContainer: 
    ImportImageContainer (0x4363fa0)
      RTTI typeinfo:   itk::ImportImageContainer<unsigned long, double>
      Reference Count: 1
      Modified Time: 1214
      Debug: Off
      Object Name: 
      Observers: 
        none
      Pointer: 0x14c378314010
      Container manages memory: true
      Size: 8530021
      Capacity: 8530021

     Moving image = Image (0x4352270)
  RTTI typeinfo:   itk::Image<double, 3u>
  Reference Count: 2
  Modified Time: 1607
  Debug: Off
  Object Name: 
  Observers: 
    none
  Source: (none)
  Source output name: (none)
  Release Data: Off
  Data Released: False
  Global Release Data: Off
  PipelineMTime: 0
  UpdateMTime: 1604
  RealTimeStamp: 0 seconds 
  LargestPossibleRegion: 
    Dimension: 3
    Index: [0, 0, 0]
    Size: [176, 256, 256]
  BufferedRegion: 
    Dimension: 3
    Index: [0, 0, 0]
    Size: [176, 256, 256]
  RequestedRegion: 
    Dimension: 3
    Index: [0, 0, 0]
    Size: [176, 256, 256]
  Spacing: [1, 1, 1]
  Origin: [-92.2852, 99.2891, -131.203]
  Direction: 
1 0 0
0 -1 0
0 0 1

  IndexToPointMatrix: 
1 0 0
0 -1 0
0 0 1

  PointToIndexMatrix: 
1 0 0
0 -1 0
0 0 1

  Inverse Direction: 
1 0 0
0 -1 0
0 0 1

  PixelContainer: 
    ImportImageContainer (0x4431f50)
      RTTI typeinfo:   itk::ImportImageContainer<unsigned long, double>
      Reference Count: 1
      Modified Time: 1601
      Debug: Off
      Object Name: 
      Observers: 
        none
      Pointer: 0x14c372b13010
      Container manages memory: true
      Size: 11534336
      Capacity: 11534336

     Weighting = 1
     Sampling strategy = none
     Number of bins = 32
     Radius = 4
     Sampling percentage  = 1
   Transform = SyN
     Gradient step = 0.1
     Update field sigma (voxel space) = 3
     Total field sigma (voxel space) = 0
     Update field time sigma = 0
     Total field time sigma  = 0
     Number of time indices = 0
     Number of time point samples = 0
Registration using 1 total stages.

Stage 0
  iterations = 100x70x50x20
  convergence threshold = 1e-06
  convergence window size = 10
  number of levels = 4
  using the CC metric (radius = 4, weight = 1, use gradient filter = 0)
  preprocessing:  winsorizing the image intensities
  Shrink factors (level 1 out of 4): [8, 8, 8]
  Shrink factors (level 2 out of 4): [4, 4, 4]
  Shrink factors (level 3 out of 4): [2, 2, 2]
  Shrink factors (level 4 out of 4): [1, 1, 1]
  smoothing sigmas per level: [3, 2, 1, 0]
  Using default NONE metricSamplingStrategy 

*** Running SyN registration (varianceForUpdateField = 3, varianceForTotalField = 0) ***

XXDIAGNOSTIC,Iteration,metricValue,convergenceValue,ITERATION_TIME_INDEX,SINCE_LAST
 1DIAGNOSTIC,     1, -9.223327636719e-01, 1.797693134862e+308, 0.0000e+00, 0.0000e+00, 
 1DIAGNOSTIC,     2, -9.296875000000e-01, 1.797693134862e+308, 0.0000e+00, 0.0000e+00, 
 1DIAGNOSTIC,     3, -9.354248046875e-01, 1.797693134862e+308, 0.0000e+00, 0.0000e+00, 
 1DIAGNOSTIC,     4, -9.392089843750e-01, 1.797693134862e+308, 0.0000e+00, 0.0000e+00, 
 1DIAGNOSTIC,     5, -9.420166015625e-01, 1.797693134862e+308, 0.0000e+00, 0.0000e+00, 
 1DIAGNOSTIC,     6, -9.443359375000e-01, 1.797693134862e+308, 0.0000e+00, 0.0000e+00, 
 1DIAGNOSTIC,     7, -9.470214843750e-01, 1.797693134862e+308, 0.0000e+00, 0.0000e+00, 
 1DIAGNOSTIC,     8, -9.498291015625e-01, 1.797693134862e+308, 0.0000e+00, 0.0000e+00, 
 1DIAGNOSTIC,     9, -9.523620605469e-01, 1.797693134862e+308, 0.0000e+00, 0.0000e+00, 
 1DIAGNOSTIC,    10, -9.546813964844e-01, 2.003948486776e-03, 0.0000e+00, 0.0000e+00, 
 1DIAGNOSTIC,    11, -9.567871093750e-01, 1.571101722224e-03, 0.0000e+00, 0.0000e+00, 
 1DIAGNOSTIC,    12, -9.586486816406e-01, 1.298634242159e-03, 0.0000e+00, 0.0000e+00, 
 1DIAGNOSTIC,    13, -9.602355957031e-01, 1.118818288713e-03, 0.0000e+00, 0.0000e+00, 
 1DIAGNOSTIC,    14, -9.617004394531e-01, 9.749422074886e-04, 0.0000e+00, 0.0000e+00, 
 1DIAGNOSTIC,    15, -9.629211425781e-01, 8.415279151563e-04, 0.0000e+00, 0.0000e+00, 
 1DIAGNOSTIC,    16, -9.640808105469e-01, 7.123746768449e-04, 0.0000e+00, 0.0000e+00, 
 1DIAGNOSTIC,    17, -9.649963378906e-01, 5.957357879576e-04, 0.0000e+00, 0.0000e+00, 
 1DIAGNOSTIC,    18, -9.658813476562e-01, 4.980377490078e-04, 0.0000e+00, 0.0000e+00, 
 1DIAGNOSTIC,    19, -9.664916992188e-01, 4.135703595983e-04, 0.0000e+00, 0.0000e+00, 
 1DIAGNOSTIC,    20, -9.669799804688e-01, 3.407956930999e-04, 0.0000e+00, 0.0000e+00, 
 1DIAGNOSTIC,    21, -9.673461914062e-01, 2.781389610408e-04, 0.0000e+00, 0.0000e+00, 
 1DIAGNOSTIC,    22, -9.675903320312e-01, 2.236135834855e-04, 0.0000e+00, 0.0000e+00, 
 1DIAGNOSTIC,    23, -9.677734375000e-01, 1.757252072445e-04, 0.0000e+00, 0.0000e+00, 
 1DIAGNOSTIC,    24, -9.678955078125e-01, 1.349978435757e-04, 0.0000e+00, 0.0000e+00, 
 1DIAGNOSTIC,    25, -9.680175781250e-01, 1.007926129805e-04, 0.0000e+00, 0.0000e+00, 
 1DIAGNOSTIC,    26, -9.681091308594e-01, 7.404103348040e-05, 0.0000e+00, 0.0000e+00, 
 1DIAGNOSTIC,    27, -9.682006835938e-01, 5.334677726427e-05, 0.0000e+00, 0.0000e+00, 
 1DIAGNOSTIC,    28, -9.682617187500e-01, 3.915628430380e-05, 0.0000e+00, 0.0000e+00, 
 1DIAGNOSTIC,    29, -9.683532714844e-01, 2.946387560759e-05, 0.0000e+00, 0.0000e+00, 
 1DIAGNOSTIC,    30, -9.684143066406e-01, 2.309343901485e-05, 0.0000e+00, 0.0000e+00, 
 1DIAGNOSTIC,    31, -9.685058593750e-01, 1.938146301163e-05, 0.0000e+00, 0.0000e+00, 
 1DIAGNOSTIC,    32, -9.685668945312e-01, 1.694668569666e-05, 0.0000e+00, 0.0000e+00, 
 1DIAGNOSTIC,    33, -9.686279296875e-01, 1.531771559402e-05, 0.0000e+00, 0.0000e+00, 
 1DIAGNOSTIC,    34, -9.687194824219e-01, 1.425746384874e-05, 0.0000e+00, 0.0000e+00, 
 1DIAGNOSTIC,    35, -9.687500000000e-01, 1.325146265874e-05, 0.0000e+00, 0.0000e+00, 
 1DIAGNOSTIC,    36, -9.688415527344e-01, 1.261890121796e-05, 0.0000e+00, 0.0000e+00, 
 1DIAGNOSTIC,    37, -9.688415527344e-01, 1.161453645188e-05, 0.0000e+00, 0.0000e+00, 
 1DIAGNOSTIC,    38, -9.689025878906e-01, 1.058117360709e-05, 0.0000e+00, 0.0000e+00, 
 1DIAGNOSTIC,    39, -9.689331054688e-01, 9.579596611062e-06, 0.0000e+00, 0.0000e+00, 
 1DIAGNOSTIC,    40, -9.689636230469e-01, 8.447701342233e-06, 0.0000e+00, 0.0000e+00, 
 1DIAGNOSTIC,    41, -9.689636230469e-01, 7.291245889697e-06, 0.0000e+00, 0.0000e+00, 
 1DIAGNOSTIC,    42, -9.690246582031e-01, 6.423317934229e-06, 0.0000e+00, 0.0000e+00, 
 1DIAGNOSTIC,    43, -9.690246582031e-01, 5.447340707586e-06, 0.0000e+00, 0.0000e+00, 
 1DIAGNOSTIC,    44, -9.690551757812e-01, 4.881723689121e-06, 0.0000e+00, 0.0000e+00, 
 1DIAGNOSTIC,    45, -9.690551757812e-01, 4.124809363862e-06, 0.0000e+00, 0.0000e+00, 
 1DIAGNOSTIC,    46, -9.690856933594e-01, 3.861255025439e-06, 0.0000e+00, 0.0000e+00, 
 1DIAGNOSTIC,    47, -9.690856933594e-01, 3.286003582313e-06, 0.0000e+00, 0.0000e+00, 
 1DIAGNOSTIC,    48, -9.691467285156e-01, 3.228436012692e-06, 0.0000e+00, 0.0000e+00, 
 1DIAGNOSTIC,    49, -9.691467285156e-01, 3.096527392277e-06, 0.0000e+00, 0.0000e+00, 
 1DIAGNOSTIC,    50, -9.691467285156e-01, 2.918082451165e-06, 0.0000e+00, 0.0000e+00, 
 1DIAGNOSTIC,    51, -9.691467285156e-01, 2.518586957701e-06, 0.0000e+00, 0.0000e+00, 
 1DIAGNOSTIC,    52, -9.691772460938e-01, 2.468149902013e-06, 0.0000e+00, 0.0000e+00, 
 1DIAGNOSTIC,    53, -9.691772460938e-01, 2.224136098697e-06, 0.0000e+00, 0.0000e+00, 
 1DIAGNOSTIC,    54, -9.691772460938e-01, 1.998373186079e-06, 0.0000e+00, 0.0000e+00, 
 1DIAGNOSTIC,    55, -9.691772460938e-01, 1.644352902608e-06, 0.0000e+00, 0.0000e+00, 
 1DIAGNOSTIC,    56, -9.692077636719e-01, 1.521216945164e-06, 0.0000e+00, 0.0000e+00, 
 1DIAGNOSTIC,    57, -9.691772460938e-01, 1.132217651065e-06, 0.0000e+00, 0.0000e+00, 
 1DIAGNOSTIC,    58, -9.692077636719e-01, 1.168798068805e-06, 0.0000e+00, 0.0000e+00, 
 1DIAGNOSTIC,    59, -9.692077636719e-01, 1.139033961213e-06, 0.0000e+00, 0.0000e+00, 
 1DIAGNOSTIC,    60, -9.692077636719e-01, 1.049017914829e-06, 0.0000e+00, 0.0000e+00, 
 1DIAGNOSTIC,    61, -9.692077636719e-01, 9.042060948386e-07, 0.0000e+00, 0.0000e+00, 
XXDIAGNOSTIC,Iteration,metricValue,convergenceValue,ITERATION_TIME_INDEX,SINCE_LAST
 1DIAGNOSTIC,     1, -9.075317382812e-01, 1.797693134862e+308, 0.0000e+00, 0.0000e+00, 
 1DIAGNOSTIC,     2, -9.096984863281e-01, 1.797693134862e+308, 0.0000e+00, 0.0000e+00, 
 1DIAGNOSTIC,     3, -9.122619628906e-01, 1.797693134862e+308, 0.0000e+00, 0.0000e+00, 
 1DIAGNOSTIC,     4, -9.149475097656e-01, 1.797693134862e+308, 0.0000e+00, 0.0000e+00, 
 1DIAGNOSTIC,     5, -9.174499511719e-01, 1.797693134862e+308, 0.0000e+00, 0.0000e+00, 
 1DIAGNOSTIC,     6, -9.200744628906e-01, 1.797693134862e+308, 0.0000e+00, 0.0000e+00, 
 1DIAGNOSTIC,     7, -9.223022460938e-01, 1.797693134862e+308, 0.0000e+00, 0.0000e+00, 
 1DIAGNOSTIC,     8, -9.242553710938e-01, 1.797693134862e+308, 0.0000e+00, 0.0000e+00, 
 1DIAGNOSTIC,     9, -9.260559082031e-01, 1.797693134862e+308, 0.0000e+00, 0.0000e+00, 
 1DIAGNOSTIC,    10, -9.275817871094e-01, 1.446165903868e-03, 0.0000e+00, 0.0000e+00, 
 1DIAGNOSTIC,    11, -9.290771484375e-01, 1.242422228758e-03, 0.0000e+00, 0.0000e+00, 
 1DIAGNOSTIC,    12, -9.304809570312e-01, 1.052398978047e-03, 0.0000e+00, 0.0000e+00, 
 1DIAGNOSTIC,    13, -9.318542480469e-01, 8.893740127476e-04, 0.0000e+00, 0.0000e+00, 
 1DIAGNOSTIC,    14, -9.330444335938e-01, 7.536717234622e-04, 0.0000e+00, 0.0000e+00, 
 1DIAGNOSTIC,    15, -9.340820312500e-01, 6.393453156914e-04, 0.0000e+00, 0.0000e+00, 
 1DIAGNOSTIC,    16, -9.348144531250e-01, 5.448451100861e-04, 0.0000e+00, 0.0000e+00, 
 1DIAGNOSTIC,    17, -9.356689453125e-01, 4.667762610250e-04, 0.0000e+00, 0.0000e+00, 
 1DIAGNOSTIC,    18, -9.362487792969e-01, 3.970918205043e-04, 0.0000e+00, 0.0000e+00, 
 1DIAGNOSTIC,    19, -9.367980957031e-01, 3.357512979427e-04, 0.0000e+00, 0.0000e+00, 
 1DIAGNOSTIC,    20, -9.372558593750e-01, 2.796576571509e-04, 0.0000e+00, 0.0000e+00, 
 1DIAGNOSTIC,    21, -9.376525878906e-01, 2.303945007495e-04, 0.0000e+00, 0.0000e+00, 
 1DIAGNOSTIC,    22, -9.380187988281e-01, 1.886124202903e-04, 0.0000e+00, 0.0000e+00, 
 1DIAGNOSTIC,    23, -9.382324218750e-01, 1.538233769957e-04, 0.0000e+00, 0.0000e+00, 
 1DIAGNOSTIC,    24, -9.384155273438e-01, 1.249982881396e-04, 0.0000e+00, 0.0000e+00, 
 1DIAGNOSTIC,    25, -9.385986328125e-01, 1.017190435292e-04, 0.0000e+00, 0.0000e+00, 
 1DIAGNOSTIC,    26, -9.387512207031e-01, 8.100050797548e-05, 0.0000e+00, 0.0000e+00, 
 1DIAGNOSTIC,    27, -9.388732910156e-01, 6.525868926376e-05, 0.0000e+00, 0.0000e+00, 
 1DIAGNOSTIC,    28, -9.390258789062e-01, 5.251058175992e-05, 0.0000e+00, 0.0000e+00, 
 1DIAGNOSTIC,    29, -9.391174316406e-01, 4.246806645459e-05, 0.0000e+00, 0.0000e+00, 
 1DIAGNOSTIC,    30, -9.392395019531e-01, 3.502042072657e-05, 0.0000e+00, 0.0000e+00, 
 1DIAGNOSTIC,    31, -9.393310546875e-01, 2.956267238633e-05, 0.0000e+00, 0.0000e+00, 
 1DIAGNOSTIC,    32, -9.394226074219e-01, 2.606991219644e-05, 0.0000e+00, 0.0000e+00, 
 1DIAGNOSTIC,    33, -9.395141601562e-01, 2.319642569020e-05, 0.0000e+00, 0.0000e+00, 
 1DIAGNOSTIC,    34, -9.395751953125e-01, 2.053131727508e-05, 0.0000e+00, 0.0000e+00, 
 1DIAGNOSTIC,    35, -9.396667480469e-01, 1.852528451364e-05, 0.0000e+00, 0.0000e+00, 
 1DIAGNOSTIC,    36, -9.396972656250e-01, 1.647674623774e-05, 0.0000e+00, 0.0000e+00, 
 1DIAGNOSTIC,    37, -9.397583007812e-01, 1.453979641065e-05, 0.0000e+00, 0.0000e+00, 
 1DIAGNOSTIC,    38, -9.398193359375e-01, 1.309711761786e-05, 0.0000e+00, 0.0000e+00, 
 1DIAGNOSTIC,    39, -9.398498535156e-01, 1.148406432570e-05, 0.0000e+00, 0.0000e+00, 
 1DIAGNOSTIC,    40, -9.398803710938e-01, 1.008339245354e-05, 0.0000e+00, 0.0000e+00, 
 1DIAGNOSTIC,    41, -9.399108886719e-01, 8.758179158699e-06, 0.0000e+00, 0.0000e+00, 
 1DIAGNOSTIC,    42, -9.399414062500e-01, 7.601136275546e-06, 0.0000e+00, 0.0000e+00, 
 1DIAGNOSTIC,    43, -9.400024414062e-01, 6.908818616109e-06, 0.0000e+00, 0.0000e+00, 
 1DIAGNOSTIC,    44, -9.400329589844e-01, 6.265845072850e-06, 0.0000e+00, 0.0000e+00, 
 1DIAGNOSTIC,    45, -9.400634765625e-01, 5.945269471262e-06, 0.0000e+00, 0.0000e+00, 
 1DIAGNOSTIC,    46, -9.400634765625e-01, 5.329040569390e-06, 0.0000e+00, 0.0000e+00, 
 1DIAGNOSTIC,    47, -9.400939941406e-01, 4.877273647785e-06, 0.0000e+00, 0.0000e+00, 
 1DIAGNOSTIC,    48, -9.401245117188e-01, 4.607113292292e-06, 0.0000e+00, 0.0000e+00, 
 1DIAGNOSTIC,    49, -9.401550292969e-01, 4.335593742737e-06, 0.0000e+00, 0.0000e+00, 
 1DIAGNOSTIC,    50, -9.401550292969e-01, 3.901509070578e-06, 0.0000e+00, 0.0000e+00, 
 1DIAGNOSTIC,    51, -9.401855468750e-01, 3.536583900999e-06, 0.0000e+00, 0.0000e+00, 
 1DIAGNOSTIC,    52, -9.401855468750e-01, 3.069049535818e-06, 0.0000e+00, 0.0000e+00, 
 1DIAGNOSTIC,    53, -9.402160644531e-01, 2.899078158689e-06, 0.0000e+00, 0.0000e+00, 
 1DIAGNOSTIC,    54, -9.402160644531e-01, 2.674224313784e-06, 0.0000e+00, 0.0000e+00, 
 1DIAGNOSTIC,    55, -9.402160644531e-01, 2.427089546574e-06, 0.0000e+00, 0.0000e+00, 
 1DIAGNOSTIC,    56, -9.402465820312e-01, 2.172323033619e-06, 0.0000e+00, 0.0000e+00, 
 1DIAGNOSTIC,    57, -9.402770996094e-01, 2.084940738122e-06, 0.0000e+00, 0.0000e+00, 
 1DIAGNOSTIC,    58, -9.402770996094e-01, 2.002130385235e-06, 0.0000e+00, 0.0000e+00, 
 1DIAGNOSTIC,    59, -9.403076171875e-01, 2.098316325708e-06, 0.0000e+00, 0.0000e+00, 
 1DIAGNOSTIC,    60, -9.403381347656e-01, 2.187316539237e-06, 0.0000e+00, 0.0000e+00, 
 1DIAGNOSTIC,    61, -9.403686523438e-01, 2.410091083243e-06, 0.0000e+00, 0.0000e+00, 
 1DIAGNOSTIC,    62, -9.403991699219e-01, 2.581995786798e-06, 0.0000e+00, 0.0000e+00, 
 1DIAGNOSTIC,    63, -9.403991699219e-01, 2.693709492498e-06, 0.0000e+00, 0.0000e+00, 
 1DIAGNOSTIC,    64, -9.404296875000e-01, 2.737338487033e-06, 0.0000e+00, 0.0000e+00, 
 1DIAGNOSTIC,    65, -9.404602050781e-01, 2.695012463718e-06, 0.0000e+00, 0.0000e+00, 
 1DIAGNOSTIC,    66, -9.404907226562e-01, 2.711122181625e-06, 0.0000e+00, 0.0000e+00, 
 1DIAGNOSTIC,    67, -9.405212402344e-01, 2.785946253487e-06, 0.0000e+00, 0.0000e+00, 
 1DIAGNOSTIC,    68, -9.405517578125e-01, 2.767310060166e-06, 0.0000e+00, 0.0000e+00, 
 1DIAGNOSTIC,    69, -9.406127929688e-01, 2.924015903174e-06, 0.0000e+00, 0.0000e+00, 
 1DIAGNOSTIC,    70, -9.406433105469e-01, 3.090681810938e-06, 0.0000e+00, 0.0000e+00, 
XXDIAGNOSTIC,Iteration,metricValue,convergenceValue,ITERATION_TIME_INDEX,SINCE_LAST
 1DIAGNOSTIC,     1, -8.951110839844e-01, 1.797693134862e+308, 0.0000e+00, 0.0000e+00, 
 1DIAGNOSTIC,     2, -8.971252441406e-01, 1.797693134862e+308, 0.0000e+00, 0.0000e+00, 
 1DIAGNOSTIC,     3, -8.997192382812e-01, 1.797693134862e+308, 0.0000e+00, 0.0000e+00, 
 1DIAGNOSTIC,     4, -9.024047851562e-01, 1.797693134862e+308, 0.0000e+00, 0.0000e+00, 
 1DIAGNOSTIC,     5, -9.049377441406e-01, 1.797693134862e+308, 0.0000e+00, 0.0000e+00, 
 1DIAGNOSTIC,     6, -9.071044921875e-01, 1.797693134862e+308, 0.0000e+00, 0.0000e+00, 
 1DIAGNOSTIC,     7, -9.090576171875e-01, 1.797693134862e+308, 0.0000e+00, 0.0000e+00, 
 1DIAGNOSTIC,     8, -9.108276367188e-01, 1.797693134862e+308, 0.0000e+00, 0.0000e+00, 
 1DIAGNOSTIC,     9, -9.122314453125e-01, 1.797693134862e+308, 0.0000e+00, 0.0000e+00, 
 1DIAGNOSTIC,    10, -9.136657714844e-01, 1.353447609652e-03, 0.0000e+00, 0.0000e+00, 
 1DIAGNOSTIC,    11, -9.147338867188e-01, 1.136546426905e-03, 0.0000e+00, 0.0000e+00, 
 1DIAGNOSTIC,    12, -9.158020019531e-01, 9.339212703680e-04, 0.0000e+00, 0.0000e+00, 
 1DIAGNOSTIC,    13, -9.166870117188e-01, 7.613040688578e-04, 0.0000e+00, 0.0000e+00, 
 1DIAGNOSTIC,    14, -9.174804687500e-01, 6.213833100668e-04, 0.0000e+00, 0.0000e+00, 
 1DIAGNOSTIC,    15, -9.182434082031e-01, 5.116803995143e-04, 0.0000e+00, 0.0000e+00, 
 1DIAGNOSTIC,    16, -9.189758300781e-01, 4.249804051115e-04, 0.0000e+00, 0.0000e+00, 
 1DIAGNOSTIC,    17, -9.196777343750e-01, 3.577624856654e-04, 0.0000e+00, 0.0000e+00, 
 1DIAGNOSTIC,    18, -9.203186035156e-01, 3.065437307581e-04, 0.0000e+00, 0.0000e+00, 
 1DIAGNOSTIC,    19, -9.209594726562e-01, 2.656173670306e-04, 0.0000e+00, 0.0000e+00, 
 1DIAGNOSTIC,    20, -9.215698242188e-01, 2.358287392588e-04, 0.0000e+00, 0.0000e+00, 
 1DIAGNOSTIC,    21, -9.221496582031e-01, 2.111666985455e-04, 0.0000e+00, 0.0000e+00, 
 1DIAGNOSTIC,    22, -9.227294921875e-01, 1.922404181548e-04, 0.0000e+00, 0.0000e+00, 
 1DIAGNOSTIC,    23, -9.232788085938e-01, 1.762954981700e-04, 0.0000e+00, 0.0000e+00, 
 1DIAGNOSTIC,    24, -9.237976074219e-01, 1.620864324402e-04, 0.0000e+00, 0.0000e+00, 
 1DIAGNOSTIC,    25, -9.242553710938e-01, 1.489101706301e-04, 0.0000e+00, 0.0000e+00, 
 1DIAGNOSTIC,    26, -9.247131347656e-01, 1.369244713494e-04, 0.0000e+00, 0.0000e+00, 
 1DIAGNOSTIC,    27, -9.251098632812e-01, 1.255294612534e-04, 0.0000e+00, 0.0000e+00, 
 1DIAGNOSTIC,    28, -9.254760742188e-01, 1.142431854789e-04, 0.0000e+00, 0.0000e+00, 
 1DIAGNOSTIC,    29, -9.258117675781e-01, 1.033819213889e-04, 0.0000e+00, 0.0000e+00, 
 1DIAGNOSTIC,    30, -9.261474609375e-01, 9.324829269523e-05, 0.0000e+00, 0.0000e+00, 
 1DIAGNOSTIC,    31, -9.264526367188e-01, 8.377745222895e-05, 0.0000e+00, 0.0000e+00, 
 1DIAGNOSTIC,    32, -9.267272949219e-01, 7.523035698595e-05, 0.0000e+00, 0.0000e+00, 
 1DIAGNOSTIC,    33, -9.270019531250e-01, 6.780935734289e-05, 0.0000e+00, 0.0000e+00, 
 1DIAGNOSTIC,    34, -9.272460937500e-01, 6.134842476722e-05, 0.0000e+00, 0.0000e+00, 
 1DIAGNOSTIC,    35, -9.274597167969e-01, 5.537106940881e-05, 0.0000e+00, 0.0000e+00, 
 1DIAGNOSTIC,    36, -9.276733398438e-01, 5.025390753800e-05, 0.0000e+00, 0.0000e+00, 
 1DIAGNOSTIC,    37, -9.278869628906e-01, 4.575716379175e-05, 0.0000e+00, 0.0000e+00, 
 1DIAGNOSTIC,    38, -9.280700683594e-01, 4.163278520690e-05, 0.0000e+00, 0.0000e+00, 
 1DIAGNOSTIC,    39, -9.282531738281e-01, 3.789189926802e-05, 0.0000e+00, 0.0000e+00, 
 1DIAGNOSTIC,    40, -9.284362792969e-01, 3.476529286980e-05, 0.0000e+00, 0.0000e+00, 
 1DIAGNOSTIC,    41, -9.285888671875e-01, 3.195426864857e-05, 0.0000e+00, 0.0000e+00, 
 1DIAGNOSTIC,    42, -9.287414550781e-01, 2.939894573577e-05, 0.0000e+00, 0.0000e+00, 
 1DIAGNOSTIC,    43, -9.289245605469e-01, 2.747603332374e-05, 0.0000e+00, 0.0000e+00, 
 1DIAGNOSTIC,    44, -9.290466308594e-01, 2.561422639565e-05, 0.0000e+00, 0.0000e+00, 
 1DIAGNOSTIC,    45, -9.291992187500e-01, 2.393901022530e-05, 0.0000e+00, 0.0000e+00, 
 1DIAGNOSTIC,    46, -9.293518066406e-01, 2.253691207638e-05, 0.0000e+00, 0.0000e+00, 
 1DIAGNOSTIC,    47, -9.294738769531e-01, 2.127539463553e-05, 0.0000e+00, 0.0000e+00, 
 1DIAGNOSTIC,    48, -9.295959472656e-01, 2.002754302894e-05, 0.0000e+00, 0.0000e+00, 
 1DIAGNOSTIC,    49, -9.297180175781e-01, 1.886958463756e-05, 0.0000e+00, 0.0000e+00, 
 1DIAGNOSTIC,    50, -9.298400878906e-01, 1.787117347583e-05, 0.0000e+00, 0.0000e+00, 
XXDIAGNOSTIC,Iteration,metricValue,convergenceValue,ITERATION_TIME_INDEX,SINCE_LAST
 1DIAGNOSTIC,     1, -8.858337402344e-01, 1.797693134862e+308, 0.0000e+00, 0.0000e+00, 
 1DIAGNOSTIC,     2, -8.869934082031e-01, 1.797693134862e+308, 0.0000e+00, 0.0000e+00, 
 1DIAGNOSTIC,     3, -8.885803222656e-01, 1.797693134862e+308, 0.0000e+00, 0.0000e+00, 
 1DIAGNOSTIC,     4, -8.902282714844e-01, 1.797693134862e+308, 0.0000e+00, 0.0000e+00, 
 1DIAGNOSTIC,     5, -8.917541503906e-01, 1.797693134862e+308, 0.0000e+00, 0.0000e+00, 
 1DIAGNOSTIC,     6, -8.932189941406e-01, 1.797693134862e+308, 0.0000e+00, 0.0000e+00, 
 1DIAGNOSTIC,     7, -8.945312500000e-01, 1.797693134862e+308, 0.0000e+00, 0.0000e+00, 
 1DIAGNOSTIC,     8, -8.957519531250e-01, 1.797693134862e+308, 0.0000e+00, 0.0000e+00, 
 1DIAGNOSTIC,     9, -8.968505859375e-01, 1.797693134862e+308, 0.0000e+00, 0.0000e+00, 
 1DIAGNOSTIC,    10, -8.977661132812e-01, 8.894820417918e-04, 0.0000e+00, 0.0000e+00, 
 1DIAGNOSTIC,    11, -8.986511230469e-01, 7.671490124820e-04, 0.0000e+00, 0.0000e+00, 
 1DIAGNOSTIC,    12, -8.995666503906e-01, 6.510081907245e-04, 0.0000e+00, 0.0000e+00, 
 1DIAGNOSTIC,    13, -9.003601074219e-01, 5.516467647844e-04, 0.0000e+00, 0.0000e+00, 
 1DIAGNOSTIC,    14, -9.010009765625e-01, 4.679853510637e-04, 0.0000e+00, 0.0000e+00, 
 1DIAGNOSTIC,    15, -9.016418457031e-01, 3.984171941606e-04, 0.0000e+00, 0.0000e+00, 
 1DIAGNOSTIC,    16, -9.023437500000e-01, 3.437551984878e-04, 0.0000e+00, 0.0000e+00, 
 1DIAGNOSTIC,    17, -9.029235839844e-01, 2.988420098722e-04, 0.0000e+00, 0.0000e+00, 
 1DIAGNOSTIC,    18, -9.034729003906e-01, 2.622933113610e-04, 0.0000e+00, 0.0000e+00, 
 1DIAGNOSTIC,    19, -9.039916992188e-01, 2.322186145166e-04, 0.0000e+00, 0.0000e+00, 
 1DIAGNOSTIC,    20, -9.044799804688e-01, 2.057287214002e-04, 0.0000e+00, 0.0000e+00, 
  Elapsed time (stage 0): 0


Total elapsed time: 0
