
##########################
# Experiment information #
##########################
SIF_IMG: /project/rrg-glatard/mdugre/containers/ants-p2-vprec.sif
EXPERIMENT_NAME: vprec-space_search
CONFIG: 0111
VFC_BACKENDS: libinterflop_vprec.so --range-binary32=7 --precision-binary32=14 --range-binary64=7 --precision-binary64=14

FIXED_IMG: /templateflow/tpl-MNI152NLin2009cAsym/tpl-MNI152NLin2009cAsym_res-01_desc-brain_T1w.nii.gz
SUBJECT_ID: 0003056
INPUT_IMG: /project/rrg-glatard/mdugre/datasets/corr/RawDataBIDS/BMB_1/derivatives/antsBrainExtraction/sub-0003056/BrainExtractionBrain.nii.gz
OUTPUT_DIR: /project/rrg-glatard/mdugre/datasets/corr/RawDataBIDS/BMB_1/derivatives/vprec-space_search/0111/r7-p14/sub-0003056

ITK_GLOBAL_DEFAULT_NUMBER_OF_THREADS: 8
##########################

VFC_BACKENDS=libinterflop_ieee.so
Info [verificarlo]: loaded backend libinterflop_ieee.so
Info [interflop-ieee]: load backend with:
Info [interflop-ieee]: debug = false
Info [interflop-ieee]: debug-binary = false
Info [interflop-ieee]: no-backend-name = false
Info [interflop-ieee]: print-new-line = false
Info [interflop-ieee]: print-subnormal-normalized = false
Info [interflop-ieee]: count-op = false
All_Command_lines_OK
Using double precision for computations.
=============================================================================
The composite transform comprises the following transforms (in order): 
  1. Center of mass alignment using fixed image: /templateflow/tpl-MNI152NLin2009cAsym/tpl-MNI152NLin2009cAsym_res-01_desc-brain_T1w.nii.gz and moving image: /project/rrg-glatard/mdugre/datasets/corr/RawDataBIDS/BMB_1/derivatives/antsBrainExtraction/sub-0003056/BrainExtractionBrain.nii.gz (type = Euler3DTransform)
=============================================================================
  number of levels = 1
  fixed image: /templateflow/tpl-MNI152NLin2009cAsym/tpl-MNI152NLin2009cAsym_res-01_desc-brain_T1w.nii.gz
  moving image: /project/rrg-glatard/mdugre/datasets/corr/RawDataBIDS/BMB_1/derivatives/antsBrainExtraction/sub-0003056/BrainExtractionBrain.nii.gz
Dimension = 3
Number of stages = 1
Use histogram matching = false
Winsorize image intensities = true
  Lower quantile = 0.005
  Upper quantile = 0.995


Stage 1 State
   Image metric = MattesMI
     Fixed image = Image (0x4907390)
  RTTI typeinfo:   itk::Image<double, 3u>
  Reference Count: 2
  Modified Time: 2334
  Debug: Off
  Object Name: 
  Observers: 
    none
  Source: (none)
  Source output name: (none)
  Release Data: Off
  Data Released: False
  Global Release Data: Off
  PipelineMTime: 0
  UpdateMTime: 1943
  RealTimeStamp: 0 seconds 
  LargestPossibleRegion: 
    Dimension: 3
    Index: [0, 0, 0]
    Size: [193, 229, 193]
  BufferedRegion: 
    Dimension: 3
    Index: [0, 0, 0]
    Size: [193, 229, 193]
  RequestedRegion: 
    Dimension: 3
    Index: [0, 0, 0]
    Size: [193, 229, 193]
  Spacing: [1, 1, 1]
  Origin: [96, 132, -78]
  Direction: 
-1 0 0
0 -1 0
0 0 1

  IndexToPointMatrix: 
-1 0 0
0 -1 0
0 0 1

  PointToIndexMatrix: 
-1 0 0
0 -1 0
0 0 1

  Inverse Direction: 
-1 0 0
0 -1 0
0 0 1

  PixelContainer: 
    ImportImageContainer (0x49d2a90)
      RTTI typeinfo:   itk::ImportImageContainer<unsigned long, double>
      Reference Count: 1
      Modified Time: 1940
      Debug: Off
      Object Name: 
      Observers: 
        none
      Pointer: 0x1553627da010
      Container manages memory: true
      Size: 8530021
      Capacity: 8530021

     Moving image = Image (0x4905290)
  RTTI typeinfo:   itk::Image<double, 3u>
  Reference Count: 2
  Modified Time: 2335
  Debug: Off
  Object Name: 
  Observers: 
    none
  Source: (none)
  Source output name: (none)
  Release Data: Off
  Data Released: False
  Global Release Data: Off
  PipelineMTime: 0
  UpdateMTime: 2332
  RealTimeStamp: 0 seconds 
  LargestPossibleRegion: 
    Dimension: 3
    Index: [0, 0, 0]
    Size: [175, 256, 256]
  BufferedRegion: 
    Dimension: 3
    Index: [0, 0, 0]
    Size: [175, 256, 256]
  RequestedRegion: 
    Dimension: 3
    Index: [0, 0, 0]
    Size: [175, 256, 256]
  Spacing: [1, 1, 1]
  Origin: [-72.7989, 101.252, -148.073]
  Direction: 
1 0 0
0 -1 0
0 0 1

  IndexToPointMatrix: 
1 0 0
0 -1 0
0 0 1

  PointToIndexMatrix: 
1 0 0
0 -1 0
0 0 1

  Inverse Direction: 
1 0 0
0 -1 0
0 0 1

  PixelContainer: 
    ImportImageContainer (0x4932850)
      RTTI typeinfo:   itk::ImportImageContainer<unsigned long, double>
      Reference Count: 1
      Modified Time: 2329
      Debug: Off
      Object Name: 
      Observers: 
        none
      Pointer: 0x15535d059010
      Container manages memory: true
      Size: 11468800
      Capacity: 11468800

     Weighting = 1
     Sampling strategy = regular
     Number of bins = 32
     Radius = 4
     Sampling percentage  = 0.25
   Transform = Rigid
     Gradient step = 0.1
     Update field sigma (voxel space) = 0
     Total field sigma (voxel space) = 0
     Update field time sigma = 0
     Total field time sigma  = 0
     Number of time indices = 0
     Number of time point samples = 0
Registration using 1 total stages.

Stage 0
  iterations = 0
  convergence threshold = 1e-06
  convergence window size = 10
  number of levels = 1
  using the Mattes MI metric (number of bins = 32, weight = 1, use gradient filter = 0)
  preprocessing:  winsorizing the image intensities
  Shrink factors (level 1 out of 1): [1, 1, 1]
  smoothing sigmas per level: [0]
  regular sampling (percentage = 0.25)

*** Running Euler3DTransform registration ***

  Elapsed time (stage 0): 1.00412


Total elapsed time: 1.00553
VFC_BACKENDS=libinterflop_vprec.so --range-binary32=7 --precision-binary32=14 --range-binary64=7 --precision-binary64=14
Info [verificarlo]: loaded backend libinterflop_vprec.so
Info [interflop-vprec]: load backend with: 
Info [interflop-vprec]: precision-binary32 = 14
Info [interflop-vprec]: range-binary32 = 7
Info [interflop-vprec]: precision-binary64 = 14
Info [interflop-vprec]: range-binary64 = 7
Info [interflop-vprec]: mode = ob
Info [interflop-vprec]: error-mode = rel
Info [interflop-vprec]: max-abs-error-exponent = -1022
Info [interflop-vprec]: daz = false
Info [interflop-vprec]: ftz = false
Info [interflop-vprec]: 	instrument = none
Info [interflop-vprec]: 	prec-input-file = (null)
Info [interflop-vprec]: 	prec-output-file = (null)
Info [interflop-vprec]: 	prec-log-file = (null)
All_Command_lines_OK
Using double precision for computations.
=============================================================================
The composite transform comprises the following transforms (in order): 
  1. /project/rrg-glatard/mdugre/datasets/corr/RawDataBIDS/BMB_1/derivatives/vprec-space_search/0111/r7-p14/sub-0003056/align_Composite.h5[0] (type = Euler3DTransform)
  2. /project/rrg-glatard/mdugre/datasets/corr/RawDataBIDS/BMB_1/derivatives/vprec-space_search/0111/r7-p14/sub-0003056/align_Composite.h5[1] (type = Euler3DTransform)
=============================================================================
  number of levels = 4
  fixed image: /templateflow/tpl-MNI152NLin2009cAsym/tpl-MNI152NLin2009cAsym_res-01_desc-brain_T1w.nii.gz
  moving image: /project/rrg-glatard/mdugre/datasets/corr/RawDataBIDS/BMB_1/derivatives/antsBrainExtraction/sub-0003056/BrainExtractionBrain.nii.gz
Dimension = 3
Number of stages = 1
Use histogram matching = false
Winsorize image intensities = true
  Lower quantile = 0.005
  Upper quantile = 0.995


Stage 1 State
   Image metric = MattesMI
     Fixed image = Image (0x348c300)
  RTTI typeinfo:   itk::Image<double, 3u>
  Reference Count: 2
  Modified Time: 1578
  Debug: Off
  Object Name: 
  Observers: 
    none
  Source: (none)
  Source output name: (none)
  Release Data: Off
  Data Released: False
  Global Release Data: Off
  PipelineMTime: 0
  UpdateMTime: 1189
  RealTimeStamp: 0 seconds 
  LargestPossibleRegion: 
    Dimension: 3
    Index: [0, 0, 0]
    Size: [193, 229, 193]
  BufferedRegion: 
    Dimension: 3
    Index: [0, 0, 0]
    Size: [193, 229, 193]
  RequestedRegion: 
    Dimension: 3
    Index: [0, 0, 0]
    Size: [193, 229, 193]
  Spacing: [1, 1, 1]
  Origin: [96, 132, -78]
  Direction: 
-1 0 0
0 -1 0
0 0 1

  IndexToPointMatrix: 
-1 0 0
0 -1 0
0 0 1

  PointToIndexMatrix: 
-1 0 0
0 -1 0
0 0 1

  Inverse Direction: 
-1 0 0
0 -1 0
0 0 1

  PixelContainer: 
    ImportImageContainer (0x354ad00)
      RTTI typeinfo:   itk::ImportImageContainer<unsigned long, double>
      Reference Count: 1
      Modified Time: 1186
      Debug: Off
      Object Name: 
      Observers: 
        none
      Pointer: 0x14b56c5f8010
      Container manages memory: true
      Size: 8530021
      Capacity: 8530021

     Moving image = Image (0x3547030)
  RTTI typeinfo:   itk::Image<double, 3u>
  Reference Count: 2
  Modified Time: 1579
  Debug: Off
  Object Name: 
  Observers: 
    none
  Source: (none)
  Source output name: (none)
  Release Data: Off
  Data Released: False
  Global Release Data: Off
  PipelineMTime: 0
  UpdateMTime: 1576
  RealTimeStamp: 0 seconds 
  LargestPossibleRegion: 
    Dimension: 3
    Index: [0, 0, 0]
    Size: [175, 256, 256]
  BufferedRegion: 
    Dimension: 3
    Index: [0, 0, 0]
    Size: [175, 256, 256]
  RequestedRegion: 
    Dimension: 3
    Index: [0, 0, 0]
    Size: [175, 256, 256]
  Spacing: [1, 1, 1]
  Origin: [-72.8008, 101.254, -148.07]
  Direction: 
1 0 0
0 -1 0
0 0 1

  IndexToPointMatrix: 
1 0 0
0 -1 0
0 0 1

  PointToIndexMatrix: 
1 0 0
0 -1 0
0 0 1

  Inverse Direction: 
1 0 0
0 -1 0
0 0 1

  PixelContainer: 
    ImportImageContainer (0x3514d70)
      RTTI typeinfo:   itk::ImportImageContainer<unsigned long, double>
      Reference Count: 1
      Modified Time: 1573
      Debug: Off
      Object Name: 
      Observers: 
        none
      Pointer: 0x14b566e77010
      Container manages memory: true
      Size: 11468800
      Capacity: 11468800

     Weighting = 1
     Sampling strategy = regular
     Number of bins = 32
     Radius = 4
     Sampling percentage  = 0.25
   Transform = Rigid
     Gradient step = 0.1
     Update field sigma (voxel space) = 0
     Total field sigma (voxel space) = 0
     Update field time sigma = 0
     Total field time sigma  = 0
     Number of time indices = 0
     Number of time point samples = 0
Registration using 1 total stages.

Stage 0
  iterations = 1000x500x250x100
  convergence threshold = 1e-06
  convergence window size = 10
  number of levels = 4
  using the Mattes MI metric (number of bins = 32, weight = 1, use gradient filter = 0)
  preprocessing:  winsorizing the image intensities
  Shrink factors (level 1 out of 4): [8, 8, 8]
  Shrink factors (level 2 out of 4): [4, 4, 4]
  Shrink factors (level 3 out of 4): [2, 2, 2]
  Shrink factors (level 4 out of 4): [1, 1, 1]
  smoothing sigmas per level: [3, 2, 1, 0]
  regular sampling (percentage = 0.25)

*** Running Euler3DTransform registration ***

DIAGNOSTIC,Iteration,metricValue,convergenceValue,ITERATION_TIME_INDEX,SINCE_LAST
 2DIAGNOSTIC,     1, -5.851672398951e-01, 1.797693134862e+308, 0.0000e+00, 0.0000e+00, 
 2DIAGNOSTIC,     2, -5.871825693731e-01, 1.797693134862e+308, 0.0000e+00, 0.0000e+00, 
 2DIAGNOSTIC,     3, -5.898291282189e-01, 1.797693134862e+308, 0.0000e+00, 0.0000e+00, 
 2DIAGNOSTIC,     4, -5.943255456603e-01, 1.797693134862e+308, 0.0000e+00, 0.0000e+00, 
 2DIAGNOSTIC,     5, -6.084191052465e-01, 1.797693134862e+308, 0.0000e+00, 0.0000e+00, 
 2DIAGNOSTIC,     6, -6.175803122897e-01, 1.797693134862e+308, 0.0000e+00, 0.0000e+00, 
 2DIAGNOSTIC,     7, -6.502246927322e-01, 1.797693134862e+308, 0.0000e+00, 0.0000e+00, 
 2DIAGNOSTIC,     8, -6.584366495200e-01, 1.797693134862e+308, 0.0000e+00, 0.0000e+00, 
 2DIAGNOSTIC,     9, -6.689513140562e-01, 1.797693134862e+308, 0.0000e+00, 0.0000e+00, 
 2DIAGNOSTIC,    10, -6.714833590080e-01, 1.065371443233e-02, 0.0000e+00, 0.0000e+00, 
 2DIAGNOSTIC,    11, -6.744946282048e-01, 9.870859701434e-03, 0.0000e+00, 0.0000e+00, 
 2DIAGNOSTIC,    12, -6.767489527119e-01, 8.494589916844e-03, 0.0000e+00, 0.0000e+00, 
 2DIAGNOSTIC,    13, -6.779039203338e-01, 6.707769697922e-03, 0.0000e+00, 0.0000e+00, 
 2DIAGNOSTIC,    14, -6.815314956585e-01, 4.844210781266e-03, 0.0000e+00, 0.0000e+00, 
 2DIAGNOSTIC,    15, -6.840523560791e-01, 3.297793660682e-03, 0.0000e+00, 0.0000e+00, 
 2DIAGNOSTIC,    16, -6.884203971184e-01, 2.007162972997e-03, 0.0000e+00, 0.0000e+00, 
 2DIAGNOSTIC,    17, -6.894736493844e-01, 1.560381178031e-03, 0.0000e+00, 0.0000e+00, 
 2DIAGNOSTIC,    18, -6.924576504138e-01, 1.289744543748e-03, 0.0000e+00, 0.0000e+00, 
 2DIAGNOSTIC,    19, -6.967090994105e-01, 1.266975745643e-03, 0.0000e+00, 0.0000e+00, 
 2DIAGNOSTIC,    20, -7.031159906196e-01, 1.318939497439e-03, 0.0000e+00, 0.0000e+00, 
 2DIAGNOSTIC,    21, -7.076620212221e-01, 1.395160949258e-03, 0.0000e+00, 0.0000e+00, 
 2DIAGNOSTIC,    22, -7.134771858063e-01, 1.492154806877e-03, 0.0000e+00, 0.0000e+00, 
 2DIAGNOSTIC,    23, -7.160244171414e-01, 1.508414132959e-03, 0.0000e+00, 0.0000e+00, 
 2DIAGNOSTIC,    24, -7.194979063941e-01, 1.507942810746e-03, 0.0000e+00, 0.0000e+00, 
 2DIAGNOSTIC,    25, -7.314062777881e-01, 1.608264763948e-03, 0.0000e+00, 0.0000e+00, 
 2DIAGNOSTIC,    26, -7.364294778011e-01, 1.697361384064e-03, 0.0000e+00, 0.0000e+00, 
 2DIAGNOSTIC,    27, -7.417361149678e-01, 1.719123572728e-03, 0.0000e+00, 0.0000e+00, 
 2DIAGNOSTIC,    28, -7.463973304195e-01, 1.693065614525e-03, 0.0000e+00, 0.0000e+00, 
 2DIAGNOSTIC,    29, -7.478580995691e-01, 1.590304531955e-03, 0.0000e+00, 0.0000e+00, 
 2DIAGNOSTIC,    30, -7.505494902545e-01, 1.469762152885e-03, 0.0000e+00, 0.0000e+00, 
 2DIAGNOSTIC,    31, -7.507354582869e-01, 1.279907063944e-03, 0.0000e+00, 0.0000e+00, 
 2DIAGNOSTIC,    32, -7.510872240797e-01, 1.063381335725e-03, 0.0000e+00, 0.0000e+00, 
 2DIAGNOSTIC,    33, -7.511569190239e-01, 7.942820707884e-04, 0.0000e+00, 0.0000e+00, 
 2DIAGNOSTIC,    34, -7.512251145257e-01, 5.074035679935e-04, 0.0000e+00, 0.0000e+00, 
 2DIAGNOSTIC,    35, -7.519326445408e-01, 3.381461573732e-04, 0.0000e+00, 0.0000e+00, 
 2DIAGNOSTIC,    36, -7.520710954729e-01, 2.047923228904e-04, 0.0000e+00, 0.0000e+00, 
 2DIAGNOSTIC,    37, -7.521851220277e-01, 1.190999345902e-04, 0.0000e+00, 0.0000e+00, 
 2DIAGNOSTIC,    38, -7.521847407497e-01, 7.719679302254e-05, 0.0000e+00, 0.0000e+00, 
 2DIAGNOSTIC,    39, -7.521859527951e-01, 4.491353527806e-05, 0.0000e+00, 0.0000e+00, 
 2DIAGNOSTIC,    40, -7.520559835028e-01, 3.613126963535e-05, 0.0000e+00, 0.0000e+00, 
 2DIAGNOSTIC,    41, -7.521134420629e-01, 2.675774248577e-05, 0.0000e+00, 0.0000e+00, 
 2DIAGNOSTIC,    42, -7.521270195401e-01, 1.895970874914e-05, 0.0000e+00, 0.0000e+00, 
 2DIAGNOSTIC,    43, -7.514550910994e-01, 4.203980253092e-06, 0.0000e+00, 0.0000e+00, 
DIAGNOSTIC,Iteration,metricValue,convergenceValue,ITERATION_TIME_INDEX,SINCE_LAST
 2DIAGNOSTIC,     1, -6.083867890846e-01, 1.797693134862e+308, 0.0000e+00, 0.0000e+00, 
 2DIAGNOSTIC,     2, -6.088689464862e-01, 1.797693134862e+308, 0.0000e+00, 0.0000e+00, 
 2DIAGNOSTIC,     3, -6.093824958505e-01, 1.797693134862e+308, 0.0000e+00, 0.0000e+00, 
 2DIAGNOSTIC,     4, -6.096996410378e-01, 1.797693134862e+308, 0.0000e+00, 0.0000e+00, 
 2DIAGNOSTIC,     5, -6.101795201579e-01, 1.797693134862e+308, 0.0000e+00, 0.0000e+00, 
 2DIAGNOSTIC,     6, -6.107946097466e-01, 1.797693134862e+308, 0.0000e+00, 0.0000e+00, 
 2DIAGNOSTIC,     7, -6.110822094819e-01, 1.797693134862e+308, 0.0000e+00, 0.0000e+00, 
 2DIAGNOSTIC,     8, -6.115372915405e-01, 1.797693134862e+308, 0.0000e+00, 0.0000e+00, 
 2DIAGNOSTIC,     9, -6.120974691666e-01, 1.797693134862e+308, 0.0000e+00, 0.0000e+00, 
 2DIAGNOSTIC,    10, -6.122550081273e-01, 4.195518108936e-04, 0.0000e+00, 0.0000e+00, 
 2DIAGNOSTIC,    11, -6.125325104472e-01, 3.639167284955e-04, 0.0000e+00, 0.0000e+00, 
 2DIAGNOSTIC,    12, -6.127020847272e-01, 3.101177347839e-04, 0.0000e+00, 0.0000e+00, 
 2DIAGNOSTIC,    13, -6.140561370697e-01, 3.035132432502e-04, 0.0000e+00, 0.0000e+00, 
 2DIAGNOSTIC,    14, -6.142551222702e-01, 2.861236636094e-04, 0.0000e+00, 0.0000e+00, 
 2DIAGNOSTIC,    15, -6.142647592479e-01, 2.603339348412e-04, 0.0000e+00, 0.0000e+00, 
 2DIAGNOSTIC,    16, -6.142657789185e-01, 2.327029251188e-04, 0.0000e+00, 0.0000e+00, 
 2DIAGNOSTIC,    17, -6.142795034286e-01, 1.950626153024e-04, 0.0000e+00, 0.0000e+00, 
 2DIAGNOSTIC,    18, -6.142780866507e-01, 1.545903891300e-04, 0.0000e+00, 0.0000e+00, 
 2DIAGNOSTIC,    19, -6.142684446980e-01, 1.175133095642e-04, 0.0000e+00, 0.0000e+00, 
 2DIAGNOSTIC,    20, -6.142791527297e-01, 7.765222969117e-05, 0.0000e+00, 0.0000e+00, 
 2DIAGNOSTIC,    21, -6.142639946366e-01, 4.061496356636e-05, 0.0000e+00, 0.0000e+00, 
 2DIAGNOSTIC,    22, -6.142621118823e-01, 6.069213194036e-06, 0.0000e+00, 0.0000e+00, 
 2DIAGNOSTIC,    23, -6.142584968588e-01, 1.228631483371e-06, 0.0000e+00, 0.0000e+00, 
DIAGNOSTIC,Iteration,metricValue,convergenceValue,ITERATION_TIME_INDEX,SINCE_LAST
 2DIAGNOSTIC,     1, -5.303742857786e-01, 1.797693134862e+308, 0.0000e+00, 0.0000e+00, 
 2DIAGNOSTIC,     2, -5.306943346056e-01, 1.797693134862e+308, 0.0000e+00, 0.0000e+00, 
 2DIAGNOSTIC,     3, -5.308376394183e-01, 1.797693134862e+308, 0.0000e+00, 0.0000e+00, 
 2DIAGNOSTIC,     4, -5.308588336919e-01, 1.797693134862e+308, 0.0000e+00, 0.0000e+00, 
 2DIAGNOSTIC,     5, -5.308521897219e-01, 1.797693134862e+308, 0.0000e+00, 0.0000e+00, 
 2DIAGNOSTIC,     6, -5.308698540272e-01, 1.797693134862e+308, 0.0000e+00, 0.0000e+00, 
 2DIAGNOSTIC,     7, -5.308666141226e-01, 1.797693134862e+308, 0.0000e+00, 0.0000e+00, 
 2DIAGNOSTIC,     8, -5.308705355091e-01, 1.797693134862e+308, 0.0000e+00, 0.0000e+00, 
 2DIAGNOSTIC,     9, -5.308881087120e-01, 1.797693134862e+308, 0.0000e+00, 0.0000e+00, 
 2DIAGNOSTIC,    10, -5.308865458743e-01, 4.098757128551e-05, 0.0000e+00, 0.0000e+00, 
 2DIAGNOSTIC,    11, -5.308849148139e-01, 1.539120934306e-05, 0.0000e+00, 0.0000e+00, 
 2DIAGNOSTIC,    12, -5.308851135894e-01, 7.043691795022e-06, 0.0000e+00, 0.0000e+00, 
 2DIAGNOSTIC,    13, -5.308840940648e-01, 5.400131506628e-06, 0.0000e+00, 0.0000e+00, 
 2DIAGNOSTIC,    14, -5.308839264876e-01, 4.510185458911e-06, 0.0000e+00, 0.0000e+00, 
 2DIAGNOSTIC,    15, -5.308838853793e-01, 3.259609760456e-06, 0.0000e+00, 0.0000e+00, 
 2DIAGNOSTIC,    16, -5.308840149027e-01, 2.654464596727e-06, 0.0000e+00, 0.0000e+00, 
 2DIAGNOSTIC,    17, -5.308852289525e-01, 1.981973671704e-06, 0.0000e+00, 0.0000e+00, 
 2DIAGNOSTIC,    18, -5.308850685781e-01, 1.454159348699e-06, 0.0000e+00, 0.0000e+00, 
 2DIAGNOSTIC,    19, -5.308853013920e-01, 1.500210982074e-06, 0.0000e+00, 0.0000e+00, 
 2DIAGNOSTIC,    20, -5.308853013920e-01, 1.503822741847e-06, 0.0000e+00, 0.0000e+00, 
 2DIAGNOSTIC,    21, -5.308853013920e-01, 1.460164999745e-06, 0.0000e+00, 0.0000e+00, 
 2DIAGNOSTIC,    22, -5.308853013920e-01, 1.418509954255e-06, 0.0000e+00, 0.0000e+00, 
 2DIAGNOSTIC,    23, -5.308853013920e-01, 1.347775411185e-06, 0.0000e+00, 0.0000e+00, 
 2DIAGNOSTIC,    24, -5.308853013920e-01, 1.271798048451e-06, 0.0000e+00, 0.0000e+00, 
 2DIAGNOSTIC,    25, -5.308853013920e-01, 1.195523499330e-06, 0.0000e+00, 0.0000e+00, 
 2DIAGNOSTIC,    26, -5.308853013920e-01, 1.124056981154e-06, 0.0000e+00, 0.0000e+00, 
 2DIAGNOSTIC,    27, -5.308853013920e-01, 1.081570306045e-06, 0.0000e+00, 0.0000e+00, 
 2DIAGNOSTIC,    28, -5.308878996570e-01, 1.088168424056e-06, 0.0000e+00, 0.0000e+00, 
 2DIAGNOSTIC,    29, -5.308878996570e-01, 1.092545733675e-06, 0.0000e+00, 0.0000e+00, 
 2DIAGNOSTIC,    30, -5.308878996570e-01, 1.088692313675e-06, 0.0000e+00, 0.0000e+00, 
 2DIAGNOSTIC,    31, -5.308878996570e-01, 1.074513109781e-06, 0.0000e+00, 0.0000e+00, 
 2DIAGNOSTIC,    32, -5.308878996570e-01, 1.048119027319e-06, 0.0000e+00, 0.0000e+00, 
 2DIAGNOSTIC,    33, -5.308878996570e-01, 1.009388768194e-06, 0.0000e+00, 0.0000e+00, 
DIAGNOSTIC,Iteration,metricValue,convergenceValue,ITERATION_TIME_INDEX,SINCE_LAST
 2DIAGNOSTIC,     1, -4.806159106853e-01, 1.797693134862e+308, 0.0000e+00, 0.0000e+00, 
 2DIAGNOSTIC,     2, -4.807099136846e-01, 1.797693134862e+308, 0.0000e+00, 0.0000e+00, 
 2DIAGNOSTIC,     3, -4.807801467124e-01, 1.797693134862e+308, 0.0000e+00, 0.0000e+00, 
 2DIAGNOSTIC,     4, -4.808803379966e-01, 1.797693134862e+308, 0.0000e+00, 0.0000e+00, 
 2DIAGNOSTIC,     5, -4.816179133484e-01, 1.797693134862e+308, 0.0000e+00, 0.0000e+00, 
 2DIAGNOSTIC,     6, -4.817656229492e-01, 1.797693134862e+308, 0.0000e+00, 0.0000e+00, 
 2DIAGNOSTIC,     7, -4.818503761433e-01, 1.797693134862e+308, 0.0000e+00, 0.0000e+00, 
 2DIAGNOSTIC,     8, -4.822152991400e-01, 1.797693134862e+308, 0.0000e+00, 0.0000e+00, 
 2DIAGNOSTIC,     9, -4.825840769789e-01, 1.797693134862e+308, 0.0000e+00, 0.0000e+00, 
 2DIAGNOSTIC,    10, -4.827756653798e-01, 3.146284697569e-04, 0.0000e+00, 0.0000e+00, 
 2DIAGNOSTIC,    11, -4.830072405720e-01, 2.992469063638e-04, 0.0000e+00, 0.0000e+00, 
 2DIAGNOSTIC,    12, -4.830522244974e-01, 2.671466655765e-04, 0.0000e+00, 0.0000e+00, 
 2DIAGNOSTIC,    13, -4.830431538882e-01, 2.191103116137e-04, 0.0000e+00, 0.0000e+00, 
 2DIAGNOSTIC,    14, -4.830307268909e-01, 1.610384280073e-04, 0.0000e+00, 0.0000e+00, 
 2DIAGNOSTIC,    15, -4.830345569825e-01, 1.252864892037e-04, 0.0000e+00, 0.0000e+00, 
 2DIAGNOSTIC,    16, -4.830325445473e-01, 8.817322905255e-05, 0.0000e+00, 0.0000e+00, 
 2DIAGNOSTIC,    17, -4.830307429164e-01, 5.020206364995e-05, 0.0000e+00, 0.0000e+00, 
 2DIAGNOSTIC,    18, -4.830330283518e-01, 2.385846270890e-05, 0.0000e+00, 0.0000e+00, 
 2DIAGNOSTIC,    19, -4.830336793157e-01, 9.632456439215e-06, 0.0000e+00, 0.0000e+00, 
 2DIAGNOSTIC,    20, -4.830337301764e-01, 1.540081238142e-06, 0.0000e+00, 0.0000e+00, 
  Elapsed time (stage 0): 0.0000e+00


Total elapsed time: 0.0000e+00
VFC_BACKENDS=libinterflop_vprec.so --range-binary32=7 --precision-binary32=14 --range-binary64=7 --precision-binary64=14
Info [verificarlo]: loaded backend libinterflop_vprec.so
Info [interflop-vprec]: load backend with: 
Info [interflop-vprec]: precision-binary32 = 14
Info [interflop-vprec]: range-binary32 = 7
Info [interflop-vprec]: precision-binary64 = 14
Info [interflop-vprec]: range-binary64 = 7
Info [interflop-vprec]: mode = ob
Info [interflop-vprec]: error-mode = rel
Info [interflop-vprec]: max-abs-error-exponent = -1022
Info [interflop-vprec]: daz = false
Info [interflop-vprec]: ftz = false
Info [interflop-vprec]: 	instrument = none
Info [interflop-vprec]: 	prec-input-file = (null)
Info [interflop-vprec]: 	prec-output-file = (null)
Info [interflop-vprec]: 	prec-log-file = (null)
All_Command_lines_OK
Using double precision for computations.
=============================================================================
The composite transform comprises the following transforms (in order): 
  1. /project/rrg-glatard/mdugre/datasets/corr/RawDataBIDS/BMB_1/derivatives/vprec-space_search/0111/r7-p14/sub-0003056/rigid_Composite.h5[0] (type = Euler3DTransform)
  2. /project/rrg-glatard/mdugre/datasets/corr/RawDataBIDS/BMB_1/derivatives/vprec-space_search/0111/r7-p14/sub-0003056/rigid_Composite.h5[1] (type = Euler3DTransform)
  3. /project/rrg-glatard/mdugre/datasets/corr/RawDataBIDS/BMB_1/derivatives/vprec-space_search/0111/r7-p14/sub-0003056/rigid_Composite.h5[2] (type = Euler3DTransform)
=============================================================================
  number of levels = 4
  fixed image: /templateflow/tpl-MNI152NLin2009cAsym/tpl-MNI152NLin2009cAsym_res-01_desc-brain_T1w.nii.gz
  moving image: /project/rrg-glatard/mdugre/datasets/corr/RawDataBIDS/BMB_1/derivatives/antsBrainExtraction/sub-0003056/BrainExtractionBrain.nii.gz
Dimension = 3
Number of stages = 1
Use histogram matching = false
Winsorize image intensities = true
  Lower quantile = 0.005
  Upper quantile = 0.995


Stage 1 State
   Image metric = MattesMI
     Fixed image = Image (0x3517300)
  RTTI typeinfo:   itk::Image<double, 3u>
  Reference Count: 2
  Modified Time: 1592
  Debug: Off
  Object Name: 
  Observers: 
    none
  Source: (none)
  Source output name: (none)
  Release Data: Off
  Data Released: False
  Global Release Data: Off
  PipelineMTime: 0
  UpdateMTime: 1203
  RealTimeStamp: 0 seconds 
  LargestPossibleRegion: 
    Dimension: 3
    Index: [0, 0, 0]
    Size: [193, 229, 193]
  BufferedRegion: 
    Dimension: 3
    Index: [0, 0, 0]
    Size: [193, 229, 193]
  RequestedRegion: 
    Dimension: 3
    Index: [0, 0, 0]
    Size: [193, 229, 193]
  Spacing: [1, 1, 1]
  Origin: [96, 132, -78]
  Direction: 
-1 0 0
0 -1 0
0 0 1

  IndexToPointMatrix: 
-1 0 0
0 -1 0
0 0 1

  PointToIndexMatrix: 
-1 0 0
0 -1 0
0 0 1

  Inverse Direction: 
-1 0 0
0 -1 0
0 0 1

  PixelContainer: 
    ImportImageContainer (0x3523170)
      RTTI typeinfo:   itk::ImportImageContainer<unsigned long, double>
      Reference Count: 1
      Modified Time: 1200
      Debug: Off
      Object Name: 
      Observers: 
        none
      Pointer: 0x14b8cb847010
      Container manages memory: true
      Size: 8530021
      Capacity: 8530021

     Moving image = Image (0x35d2030)
  RTTI typeinfo:   itk::Image<double, 3u>
  Reference Count: 2
  Modified Time: 1593
  Debug: Off
  Object Name: 
  Observers: 
    none
  Source: (none)
  Source output name: (none)
  Release Data: Off
  Data Released: False
  Global Release Data: Off
  PipelineMTime: 0
  UpdateMTime: 1590
  RealTimeStamp: 0 seconds 
  LargestPossibleRegion: 
    Dimension: 3
    Index: [0, 0, 0]
    Size: [175, 256, 256]
  BufferedRegion: 
    Dimension: 3
    Index: [0, 0, 0]
    Size: [175, 256, 256]
  RequestedRegion: 
    Dimension: 3
    Index: [0, 0, 0]
    Size: [175, 256, 256]
  Spacing: [1, 1, 1]
  Origin: [-72.8008, 101.254, -148.07]
  Direction: 
1 0 0
0 -1 0
0 0 1

  IndexToPointMatrix: 
1 0 0
0 -1 0
0 0 1

  PointToIndexMatrix: 
1 0 0
0 -1 0
0 0 1

  Inverse Direction: 
1 0 0
0 -1 0
0 0 1

  PixelContainer: 
    ImportImageContainer (0x3607650)
      RTTI typeinfo:   itk::ImportImageContainer<unsigned long, double>
      Reference Count: 1
      Modified Time: 1587
      Debug: Off
      Object Name: 
      Observers: 
        none
      Pointer: 0x14b8c60c6010
      Container manages memory: true
      Size: 11468800
      Capacity: 11468800

     Weighting = 1
     Sampling strategy = regular
     Number of bins = 32
     Radius = 4
     Sampling percentage  = 0.25
   Transform = Affine
     Gradient step = 0.1
     Update field sigma (voxel space) = 0
     Total field sigma (voxel space) = 0
     Update field time sigma = 0
     Total field time sigma  = 0
     Number of time indices = 0
     Number of time point samples = 0
Registration using 1 total stages.

Stage 0
  iterations = 1000x500x250x100
  convergence threshold = 1e-06
  convergence window size = 10
  number of levels = 4
  using the Mattes MI metric (number of bins = 32, weight = 1, use gradient filter = 0)
  preprocessing:  winsorizing the image intensities
  Shrink factors (level 1 out of 4): [8, 8, 8]
  Shrink factors (level 2 out of 4): [4, 4, 4]
  Shrink factors (level 3 out of 4): [2, 2, 2]
  Shrink factors (level 4 out of 4): [1, 1, 1]
  smoothing sigmas per level: [3, 2, 1, 0]
  regular sampling (percentage = 0.25)

*** Running AffineTransform registration ***

DIAGNOSTIC,Iteration,metricValue,convergenceValue,ITERATION_TIME_INDEX,SINCE_LAST
 2DIAGNOSTIC,     1, -7.446642989783e-01, 1.797693134862e+308, 0.0000e+00, 0.0000e+00, 
 2DIAGNOSTIC,     2, -7.468795206627e-01, 1.797693134862e+308, 0.0000e+00, 0.0000e+00, 
 2DIAGNOSTIC,     3, -7.505312434434e-01, 1.797693134862e+308, 0.0000e+00, 0.0000e+00, 
 2DIAGNOSTIC,     4, -7.562954166729e-01, 1.797693134862e+308, 0.0000e+00, 0.0000e+00, 
 2DIAGNOSTIC,     5, -7.651757155545e-01, 1.797693134862e+308, 0.0000e+00, 0.0000e+00, 
 2DIAGNOSTIC,     6, -7.836839695859e-01, 1.797693134862e+308, 0.0000e+00, 0.0000e+00, 
 2DIAGNOSTIC,     7, -8.079671478790e-01, 1.797693134862e+308, 0.0000e+00, 0.0000e+00, 
 2DIAGNOSTIC,     8, -8.910770766014e-01, 1.797693134862e+308, 0.0000e+00, 0.0000e+00, 
 2DIAGNOSTIC,     9, -8.911118798251e-01, 1.797693134862e+308, 0.0000e+00, 0.0000e+00, 
 2DIAGNOSTIC,    10, -8.911524979274e-01, 1.410492491891e-02, 0.0000e+00, 0.0000e+00, 
 2DIAGNOSTIC,    11, -8.912662551431e-01, 1.353413957528e-02, 0.0000e+00, 0.0000e+00, 
 2DIAGNOSTIC,    12, -8.913677161993e-01, 1.191086957667e-02, 0.0000e+00, 0.0000e+00, 
 2DIAGNOSTIC,    13, -8.916063091012e-01, 9.560154126313e-03, 0.0000e+00, 0.0000e+00, 
 2DIAGNOSTIC,    14, -8.919605243137e-01, 6.858888270941e-03, 0.0000e+00, 0.0000e+00, 
 2DIAGNOSTIC,    15, -8.921196651174e-01, 4.151738525457e-03, 0.0000e+00, 0.0000e+00, 
 2DIAGNOSTIC,    16, -8.921841000893e-01, 1.827843408233e-03, 0.0000e+00, 0.0000e+00, 
 2DIAGNOSTIC,    17, -8.928620300194e-01, 7.677789606475e-05, 0.0000e+00, 0.0000e+00, 
 2DIAGNOSTIC,    18, -8.934309311703e-01, 9.291118254318e-05, 0.0000e+00, 0.0000e+00, 
 2DIAGNOSTIC,    19, -8.947260218106e-01, 1.221270558483e-04, 0.0000e+00, 0.0000e+00, 
 2DIAGNOSTIC,    20, -8.968426131755e-01, 1.728710039342e-04, 0.0000e+00, 0.0000e+00, 
 2DIAGNOSTIC,    21, -9.007240833645e-01, 2.655953163229e-04, 0.0000e+00, 0.0000e+00, 
 2DIAGNOSTIC,    22, -9.013470275136e-01, 3.345982081568e-04, 0.0000e+00, 0.0000e+00, 
 2DIAGNOSTIC,    23, -9.021766240442e-01, 3.821679155347e-04, 0.0000e+00, 0.0000e+00, 
 2DIAGNOSTIC,    24, -9.030004840529e-01, 4.065213416531e-04, 0.0000e+00, 0.0000e+00, 
 2DIAGNOSTIC,    25, -9.030167622997e-01, 3.926069431248e-04, 0.0000e+00, 0.0000e+00, 
 2DIAGNOSTIC,    26, -9.029256059837e-01, 3.421788518425e-04, 0.0000e+00, 0.0000e+00, 
 2DIAGNOSTIC,    27, -9.029454952502e-01, 2.723899563934e-04, 0.0000e+00, 0.0000e+00, 
 2DIAGNOSTIC,    28, -9.029670991829e-01, 1.895760464727e-04, 0.0000e+00, 0.0000e+00, 
 2DIAGNOSTIC,    29, -9.029650443374e-01, 1.093488067288e-04, 0.0000e+00, 0.0000e+00, 
 2DIAGNOSTIC,    30, -9.029649058678e-01, 4.661031630462e-05, 0.0000e+00, 0.0000e+00, 
 2DIAGNOSTIC,    31, -9.029561076356e-01, 2.479282239657e-05, 0.0000e+00, 0.0000e+00, 
 2DIAGNOSTIC,    32, -9.029580243622e-01, 8.392800095833e-06, 0.0000e+00, 0.0000e+00, 
DIAGNOSTIC,Iteration,metricValue,convergenceValue,ITERATION_TIME_INDEX,SINCE_LAST
 2DIAGNOSTIC,     1, -7.384130850793e-01, 1.797693134862e+308, 0.0000e+00, 0.0000e+00, 
 2DIAGNOSTIC,     2, -7.392474818912e-01, 1.797693134862e+308, 0.0000e+00, 0.0000e+00, 
 2DIAGNOSTIC,     3, -7.400411265526e-01, 1.797693134862e+308, 0.0000e+00, 0.0000e+00, 
 2DIAGNOSTIC,     4, -7.406649167775e-01, 1.797693134862e+308, 0.0000e+00, 0.0000e+00, 
 2DIAGNOSTIC,     5, -7.415021710776e-01, 1.797693134862e+308, 0.0000e+00, 0.0000e+00, 
 2DIAGNOSTIC,     6, -7.424651460889e-01, 1.797693134862e+308, 0.0000e+00, 0.0000e+00, 
 2DIAGNOSTIC,     7, -7.439353503894e-01, 1.797693134862e+308, 0.0000e+00, 0.0000e+00, 
 2DIAGNOSTIC,     8, -7.440340817780e-01, 1.797693134862e+308, 0.0000e+00, 0.0000e+00, 
 2DIAGNOSTIC,     9, -7.440608767692e-01, 1.797693134862e+308, 0.0000e+00, 0.0000e+00, 
 2DIAGNOSTIC,    10, -7.440400319114e-01, 5.515831498856e-04, 0.0000e+00, 0.0000e+00, 
 2DIAGNOSTIC,    11, -7.439772477905e-01, 4.216166552121e-04, 0.0000e+00, 0.0000e+00, 
 2DIAGNOSTIC,    12, -7.439751992797e-01, 3.014617379492e-04, 0.0000e+00, 0.0000e+00, 
 2DIAGNOSTIC,    13, -7.439710955906e-01, 1.960781984274e-04, 0.0000e+00, 0.0000e+00, 
 2DIAGNOSTIC,    14, -7.439747724306e-01, 1.056047830937e-04, 0.0000e+00, 0.0000e+00, 
 2DIAGNOSTIC,    15, -7.439758571594e-01, 3.895573501095e-05, 0.0000e+00, 0.0000e+00, 
DIAGNOSTIC,Iteration,metricValue,convergenceValue,ITERATION_TIME_INDEX,SINCE_LAST
 2DIAGNOSTIC,     1, -6.268561935037e-01, 1.797693134862e+308, 0.0000e+00, 0.0000e+00, 
 2DIAGNOSTIC,     2, -6.274763565326e-01, 1.797693134862e+308, 0.0000e+00, 0.0000e+00, 
 2DIAGNOSTIC,     3, -6.282287804599e-01, 1.797693134862e+308, 0.0000e+00, 0.0000e+00, 
 2DIAGNOSTIC,     4, -6.291407078247e-01, 1.797693134862e+308, 0.0000e+00, 0.0000e+00, 
 2DIAGNOSTIC,     5, -6.298534025018e-01, 1.797693134862e+308, 0.0000e+00, 0.0000e+00, 
 2DIAGNOSTIC,     6, -6.301272863996e-01, 1.797693134862e+308, 0.0000e+00, 0.0000e+00, 
 2DIAGNOSTIC,     7, -6.302372671573e-01, 1.797693134862e+308, 0.0000e+00, 0.0000e+00, 
 2DIAGNOSTIC,     8, -6.301766782878e-01, 1.797693134862e+308, 0.0000e+00, 0.0000e+00, 
 2DIAGNOSTIC,     9, -6.301681906654e-01, 1.797693134862e+308, 0.0000e+00, 0.0000e+00, 
 2DIAGNOSTIC,    10, -6.301564802725e-01, 3.451298723346e-04, 0.0000e+00, 0.0000e+00, 
 2DIAGNOSTIC,    11, -6.301633589170e-01, 2.186631789037e-04, 0.0000e+00, 0.0000e+00, 
 2DIAGNOSTIC,    12, -6.301636754812e-01, 1.172033539627e-04, 0.0000e+00, 0.0000e+00, 
 2DIAGNOSTIC,    13, -6.301653128761e-01, 4.676156729443e-05, 0.0000e+00, 0.0000e+00, 
 2DIAGNOSTIC,    14, -6.301653330001e-01, 1.128010854570e-05, 0.0000e+00, 0.0000e+00, 
DIAGNOSTIC,Iteration,metricValue,convergenceValue,ITERATION_TIME_INDEX,SINCE_LAST
 2DIAGNOSTIC,     1, -5.562399465036e-01, 1.797693134862e+308, 0.0000e+00, 0.0000e+00, 
 2DIAGNOSTIC,     2, -5.566187424410e-01, 1.797693134862e+308, 0.0000e+00, 0.0000e+00, 
 2DIAGNOSTIC,     3, -5.568996493668e-01, 1.797693134862e+308, 0.0000e+00, 0.0000e+00, 
 2DIAGNOSTIC,     4, -5.572075927388e-01, 1.797693134862e+308, 0.0000e+00, 0.0000e+00, 
 2DIAGNOSTIC,     5, -5.574645263977e-01, 1.797693134862e+308, 0.0000e+00, 0.0000e+00, 
 2DIAGNOSTIC,     6, -5.575956249151e-01, 1.797693134862e+308, 0.0000e+00, 0.0000e+00, 
 2DIAGNOSTIC,     7, -5.575995057328e-01, 1.797693134862e+308, 0.0000e+00, 0.0000e+00, 
 2DIAGNOSTIC,     8, -5.576037833091e-01, 1.797693134862e+308, 0.0000e+00, 0.0000e+00, 
 2DIAGNOSTIC,     9, -5.576003510287e-01, 1.797693134862e+308, 0.0000e+00, 0.0000e+00, 
 2DIAGNOSTIC,    10, -5.575999009395e-01, 1.516597311182e-04, 0.0000e+00, 0.0000e+00, 
 2DIAGNOSTIC,    11, -5.576039043760e-01, 9.251233506538e-05, 0.0000e+00, 0.0000e+00, 
 2DIAGNOSTIC,    12, -5.576058556855e-01, 5.131331191242e-05, 0.0000e+00, 0.0000e+00, 
 2DIAGNOSTIC,    13, -5.576058440933e-01, 2.291601084994e-05, 0.0000e+00, 0.0000e+00, 
 2DIAGNOSTIC,    14, -5.576058644288e-01, 7.712903349361e-06, 0.0000e+00, 0.0000e+00, 
 2DIAGNOSTIC,    15, -5.576055212888e-01, 2.623510644437e-06, 0.0000e+00, 0.0000e+00, 
 2DIAGNOSTIC,    16, -5.576053484860e-01, 2.274644968173e-06, 0.0000e+00, 0.0000e+00, 
 2DIAGNOSTIC,    17, -5.576053361856e-01, 2.034287709618e-06, 0.0000e+00, 0.0000e+00, 
 2DIAGNOSTIC,    18, -5.576052568935e-01, 1.913780179517e-06, 0.0000e+00, 0.0000e+00, 
 2DIAGNOSTIC,    19, -5.576052991957e-01, 1.689891331189e-06, 0.0000e+00, 0.0000e+00, 
 2DIAGNOSTIC,    20, -5.576052394168e-01, 1.458389738654e-06, 0.0000e+00, 0.0000e+00, 
 2DIAGNOSTIC,    21, -5.576052823603e-01, 1.345573484225e-06, 0.0000e+00, 0.0000e+00, 
 2DIAGNOSTIC,    22, -5.576053317846e-01, 1.292946350859e-06, 0.0000e+00, 0.0000e+00, 
 2DIAGNOSTIC,    23, -5.576053408196e-01, 1.247379407168e-06, 0.0000e+00, 0.0000e+00, 
 2DIAGNOSTIC,    24, -5.576053401496e-01, 1.207814935546e-06, 0.0000e+00, 0.0000e+00, 
 2DIAGNOSTIC,    25, -5.576053546678e-01, 1.165196223056e-06, 0.0000e+00, 0.0000e+00, 
 2DIAGNOSTIC,    26, -5.576053665041e-01, 1.122508842683e-06, 0.0000e+00, 0.0000e+00, 
 2DIAGNOSTIC,    27, -5.576053665041e-01, 1.082394093244e-06, 0.0000e+00, 0.0000e+00, 
 2DIAGNOSTIC,    28, -5.576053665041e-01, 1.043185145613e-06, 0.0000e+00, 0.0000e+00, 
 2DIAGNOSTIC,    29, -5.576053665041e-01, 1.007053560494e-06, 0.0000e+00, 0.0000e+00, 
  Elapsed time (stage 0): 0.0000e+00


Total elapsed time: 0.0000e+00
VFC_BACKENDS=libinterflop_vprec.so --range-binary32=7 --precision-binary32=14 --range-binary64=7 --precision-binary64=14
Info [verificarlo]: loaded backend libinterflop_vprec.so
Info [interflop-vprec]: load backend with: 
Info [interflop-vprec]: precision-binary32 = 14
Info [interflop-vprec]: range-binary32 = 7
Info [interflop-vprec]: precision-binary64 = 14
Info [interflop-vprec]: range-binary64 = 7
Info [interflop-vprec]: mode = ob
Info [interflop-vprec]: error-mode = rel
Info [interflop-vprec]: max-abs-error-exponent = -1022
Info [interflop-vprec]: daz = false
Info [interflop-vprec]: ftz = false
Info [interflop-vprec]: 	instrument = none
Info [interflop-vprec]: 	prec-input-file = (null)
Info [interflop-vprec]: 	prec-output-file = (null)
Info [interflop-vprec]: 	prec-log-file = (null)
All_Command_lines_OK
Using double precision for computations.
=============================================================================
The composite transform comprises the following transforms (in order): 
  1. /project/rrg-glatard/mdugre/datasets/corr/RawDataBIDS/BMB_1/derivatives/vprec-space_search/0111/r7-p14/sub-0003056/affine_Composite.h5[0] (type = Euler3DTransform)
  2. /project/rrg-glatard/mdugre/datasets/corr/RawDataBIDS/BMB_1/derivatives/vprec-space_search/0111/r7-p14/sub-0003056/affine_Composite.h5[1] (type = Euler3DTransform)
  3. /project/rrg-glatard/mdugre/datasets/corr/RawDataBIDS/BMB_1/derivatives/vprec-space_search/0111/r7-p14/sub-0003056/affine_Composite.h5[2] (type = Euler3DTransform)
  4. /project/rrg-glatard/mdugre/datasets/corr/RawDataBIDS/BMB_1/derivatives/vprec-space_search/0111/r7-p14/sub-0003056/affine_Composite.h5[3] (type = AffineTransform)
=============================================================================
  number of levels = 4
  fixed image: /templateflow/tpl-MNI152NLin2009cAsym/tpl-MNI152NLin2009cAsym_res-01_desc-brain_T1w.nii.gz
  moving image: /project/rrg-glatard/mdugre/datasets/corr/RawDataBIDS/BMB_1/derivatives/antsBrainExtraction/sub-0003056/BrainExtractionBrain.nii.gz
Dimension = 3
Number of stages = 1
Use histogram matching = false
Winsorize image intensities = true
  Lower quantile = 0.005
  Upper quantile = 0.995


Stage 1 State
   Image metric = CC
     Fixed image = Image (0x49364c0)
  RTTI typeinfo:   itk::Image<double, 3u>
  Reference Count: 2
  Modified Time: 1606
  Debug: Off
  Object Name: 
  Observers: 
    none
  Source: (none)
  Source output name: (none)
  Release Data: Off
  Data Released: False
  Global Release Data: Off
  PipelineMTime: 0
  UpdateMTime: 1217
  RealTimeStamp: 0 seconds 
  LargestPossibleRegion: 
    Dimension: 3
    Index: [0, 0, 0]
    Size: [193, 229, 193]
  BufferedRegion: 
    Dimension: 3
    Index: [0, 0, 0]
    Size: [193, 229, 193]
  RequestedRegion: 
    Dimension: 3
    Index: [0, 0, 0]
    Size: [193, 229, 193]
  Spacing: [1, 1, 1]
  Origin: [96, 132, -78]
  Direction: 
-1 0 0
0 -1 0
0 0 1

  IndexToPointMatrix: 
-1 0 0
0 -1 0
0 0 1

  PointToIndexMatrix: 
-1 0 0
0 -1 0
0 0 1

  Inverse Direction: 
-1 0 0
0 -1 0
0 0 1

  PixelContainer: 
    ImportImageContainer (0x4a05ba0)
      RTTI typeinfo:   itk::ImportImageContainer<unsigned long, double>
      Reference Count: 1
      Modified Time: 1214
      Debug: Off
      Object Name: 
      Observers: 
        none
      Pointer: 0x153849fc2010
      Container manages memory: true
      Size: 8530021
      Capacity: 8530021

     Moving image = Image (0x49f1220)
  RTTI typeinfo:   itk::Image<double, 3u>
  Reference Count: 2
  Modified Time: 1607
  Debug: Off
  Object Name: 
  Observers: 
    none
  Source: (none)
  Source output name: (none)
  Release Data: Off
  Data Released: False
  Global Release Data: Off
  PipelineMTime: 0
  UpdateMTime: 1604
  RealTimeStamp: 0 seconds 
  LargestPossibleRegion: 
    Dimension: 3
    Index: [0, 0, 0]
    Size: [175, 256, 256]
  BufferedRegion: 
    Dimension: 3
    Index: [0, 0, 0]
    Size: [175, 256, 256]
  RequestedRegion: 
    Dimension: 3
    Index: [0, 0, 0]
    Size: [175, 256, 256]
  Spacing: [1, 1, 1]
  Origin: [-72.8008, 101.254, -148.07]
  Direction: 
1 0 0
0 -1 0
0 0 1

  IndexToPointMatrix: 
1 0 0
0 -1 0
0 0 1

  PointToIndexMatrix: 
1 0 0
0 -1 0
0 0 1

  Inverse Direction: 
1 0 0
0 -1 0
0 0 1

  PixelContainer: 
    ImportImageContainer (0x4a0ac80)
      RTTI typeinfo:   itk::ImportImageContainer<unsigned long, double>
      Reference Count: 1
      Modified Time: 1601
      Debug: Off
      Object Name: 
      Observers: 
        none
      Pointer: 0x153844841010
      Container manages memory: true
      Size: 11468800
      Capacity: 11468800

     Weighting = 1
     Sampling strategy = none
     Number of bins = 32
     Radius = 4
     Sampling percentage  = 1
   Transform = SyN
     Gradient step = 0.1
     Update field sigma (voxel space) = 3
     Total field sigma (voxel space) = 0
     Update field time sigma = 0
     Total field time sigma  = 0
     Number of time indices = 0
     Number of time point samples = 0
Registration using 1 total stages.

Stage 0
  iterations = 100x70x50x20
  convergence threshold = 1e-06
  convergence window size = 10
  number of levels = 4
  using the CC metric (radius = 4, weight = 1, use gradient filter = 0)
  preprocessing:  winsorizing the image intensities
  Shrink factors (level 1 out of 4): [8, 8, 8]
  Shrink factors (level 2 out of 4): [4, 4, 4]
  Shrink factors (level 3 out of 4): [2, 2, 2]
  Shrink factors (level 4 out of 4): [1, 1, 1]
  smoothing sigmas per level: [3, 2, 1, 0]
  Using default NONE metricSamplingStrategy 

*** Running SyN registration (varianceForUpdateField = 3, varianceForTotalField = 0) ***

XXDIAGNOSTIC,Iteration,metricValue,convergenceValue,ITERATION_TIME_INDEX,SINCE_LAST
 1DIAGNOSTIC,     1, -9.293518066406e-01, 1.797693134862e+308, 0.0000e+00, 0.0000e+00, 
 1DIAGNOSTIC,     2, -9.368896484375e-01, 1.797693134862e+308, 0.0000e+00, 0.0000e+00, 
 1DIAGNOSTIC,     3, -9.432373046875e-01, 1.797693134862e+308, 0.0000e+00, 0.0000e+00, 
 1DIAGNOSTIC,     4, -9.479675292969e-01, 1.797693134862e+308, 0.0000e+00, 0.0000e+00, 
 1DIAGNOSTIC,     5, -9.520568847656e-01, 1.797693134862e+308, 0.0000e+00, 0.0000e+00, 
 1DIAGNOSTIC,     6, -9.566040039062e-01, 1.797693134862e+308, 0.0000e+00, 0.0000e+00, 
 1DIAGNOSTIC,     7, -9.609375000000e-01, 1.797693134862e+308, 0.0000e+00, 0.0000e+00, 
 1DIAGNOSTIC,     8, -9.642944335938e-01, 1.797693134862e+308, 0.0000e+00, 0.0000e+00, 
 1DIAGNOSTIC,     9, -9.655761718750e-01, 1.797693134862e+308, 0.0000e+00, 0.0000e+00, 
 1DIAGNOSTIC,    10, -9.657287597656e-01, 2.480978129091e-03, 0.0000e+00, 0.0000e+00, 
 1DIAGNOSTIC,    11, -9.673461914062e-01, 1.869340211889e-03, 0.0000e+00, 0.0000e+00, 
 1DIAGNOSTIC,    12, -9.692993164062e-01, 1.424422007592e-03, 0.0000e+00, 0.0000e+00, 
 1DIAGNOSTIC,    13, -9.694824218750e-01, 1.067155919345e-03, 0.0000e+00, 0.0000e+00, 
 1DIAGNOSTIC,    14, -9.694519042969e-01, 7.650452094316e-04, 0.0000e+00, 0.0000e+00, 
 1DIAGNOSTIC,    15, -9.696960449219e-01, 5.197858414906e-04, 0.0000e+00, 0.0000e+00, 
 1DIAGNOSTIC,    16, -9.695129394531e-01, 3.370627865816e-04, 0.0000e+00, 0.0000e+00, 
 1DIAGNOSTIC,    17, -9.700317382812e-01, 2.278665832356e-04, 0.0000e+00, 0.0000e+00, 
 1DIAGNOSTIC,    18, -9.699707031250e-01, 1.637466358078e-04, 0.0000e+00, 0.0000e+00, 
 1DIAGNOSTIC,    19, -9.701843261719e-01, 1.155113960951e-04, 0.0000e+00, 0.0000e+00, 
 1DIAGNOSTIC,    20, -9.699401855469e-01, 5.988963689154e-05, 0.0000e+00, 0.0000e+00, 
 1DIAGNOSTIC,    21, -9.704284667969e-01, 3.317614462146e-05, 0.0000e+00, 0.0000e+00, 
 1DIAGNOSTIC,    22, -9.702758789062e-01, 2.982628820904e-05, 0.0000e+00, 0.0000e+00, 
 1DIAGNOSTIC,    23, -9.703674316406e-01, 2.770168870296e-05, 0.0000e+00, 0.0000e+00, 
 1DIAGNOSTIC,    24, -9.700927734375e-01, 1.952849619762e-05, 0.0000e+00, 0.0000e+00, 
 1DIAGNOSTIC,    25, -9.704895019531e-01, 1.808052038622e-05, 0.0000e+00, 0.0000e+00, 
 1DIAGNOSTIC,    26, -9.703369140625e-01, 1.098140712544e-05, 0.0000e+00, 0.0000e+00, 
 1DIAGNOSTIC,    27, -9.704589843750e-01, 1.054568430541e-05, 0.0000e+00, 0.0000e+00, 
 1DIAGNOSTIC,    28, -9.701843261719e-01, 5.714206653851e-06, 0.0000e+00, 0.0000e+00, 
 1DIAGNOSTIC,    29, -9.706115722656e-01, 7.497311931719e-06, 0.0000e+00, 0.0000e+00, 
 1DIAGNOSTIC,    30, -9.704589843750e-01, 4.324938258721e-06, 0.0000e+00, 0.0000e+00, 
 1DIAGNOSTIC,    31, -9.704895019531e-01, 6.037538699502e-06, 0.0000e+00, 0.0000e+00, 
 1DIAGNOSTIC,    32, -9.702148437500e-01, 3.265456739232e-06, 0.0000e+00, 0.0000e+00, 
 1DIAGNOSTIC,    33, -9.706420898438e-01, 5.236062723235e-06, 0.0000e+00, 0.0000e+00, 
 1DIAGNOSTIC,    34, -9.706115722656e-01, 3.757229164784e-06, 0.0000e+00, 0.0000e+00, 
 1DIAGNOSTIC,    35, -9.705200195312e-01, 4.687899464652e-06, 0.0000e+00, 0.0000e+00, 
 1DIAGNOSTIC,    36, -9.702758789062e-01, 2.040719539749e-06, 0.0000e+00, 0.0000e+00, 
 1DIAGNOSTIC,    37, -9.705810546875e-01, 2.970117314514e-06, 0.0000e+00, 0.0000e+00, 
 1DIAGNOSTIC,    38, -9.704589843750e-01, 3.150640235754e-07, 0.0000e+00, 0.0000e+00, 
XXDIAGNOSTIC,Iteration,metricValue,convergenceValue,ITERATION_TIME_INDEX,SINCE_LAST
 1DIAGNOSTIC,     1, -9.108276367188e-01, 1.797693134862e+308, 0.0000e+00, 0.0000e+00, 
 1DIAGNOSTIC,     2, -9.130859375000e-01, 1.797693134862e+308, 0.0000e+00, 0.0000e+00, 
 1DIAGNOSTIC,     3, -9.170227050781e-01, 1.797693134862e+308, 0.0000e+00, 0.0000e+00, 
 1DIAGNOSTIC,     4, -9.201965332031e-01, 1.797693134862e+308, 0.0000e+00, 0.0000e+00, 
 1DIAGNOSTIC,     5, -9.230346679688e-01, 1.797693134862e+308, 0.0000e+00, 0.0000e+00, 
 1DIAGNOSTIC,     6, -9.253540039062e-01, 1.797693134862e+308, 0.0000e+00, 0.0000e+00, 
 1DIAGNOSTIC,     7, -9.274902343750e-01, 1.797693134862e+308, 0.0000e+00, 0.0000e+00, 
 1DIAGNOSTIC,     8, -9.293212890625e-01, 1.797693134862e+308, 0.0000e+00, 0.0000e+00, 
 1DIAGNOSTIC,     9, -9.307861328125e-01, 1.797693134862e+308, 0.0000e+00, 0.0000e+00, 
 1DIAGNOSTIC,    10, -9.320373535156e-01, 1.514820457011e-03, 0.0000e+00, 0.0000e+00, 
 1DIAGNOSTIC,    11, -9.331359863281e-01, 1.230132289419e-03, 0.0000e+00, 0.0000e+00, 
 1DIAGNOSTIC,    12, -9.338378906250e-01, 9.572709164595e-04, 0.0000e+00, 0.0000e+00, 
 1DIAGNOSTIC,    13, -9.344787597656e-01, 7.475558145151e-04, 0.0000e+00, 0.0000e+00, 
 1DIAGNOSTIC,    14, -9.350585937500e-01, 5.816566094912e-04, 0.0000e+00, 0.0000e+00, 
 1DIAGNOSTIC,    15, -9.355163574219e-01, 4.517736348699e-04, 0.0000e+00, 0.0000e+00, 
 1DIAGNOSTIC,    16, -9.359741210938e-01, 3.495269859686e-04, 0.0000e+00, 0.0000e+00, 
 1DIAGNOSTIC,    17, -9.364013671875e-01, 2.730486117607e-04, 0.0000e+00, 0.0000e+00, 
 1DIAGNOSTIC,    18, -9.368591308594e-01, 2.186065410377e-04, 0.0000e+00, 0.0000e+00, 
 1DIAGNOSTIC,    19, -9.372863769531e-01, 1.799037759687e-04, 0.0000e+00, 0.0000e+00, 
 1DIAGNOSTIC,    20, -9.377441406250e-01, 1.543026288438e-04, 0.0000e+00, 0.0000e+00, 
 1DIAGNOSTIC,    21, -9.382019042969e-01, 1.393724631320e-04, 0.0000e+00, 0.0000e+00, 
 1DIAGNOSTIC,    22, -9.385986328125e-01, 1.279803266984e-04, 0.0000e+00, 0.0000e+00, 
 1DIAGNOSTIC,    23, -9.390258789062e-01, 1.197532165387e-04, 0.0000e+00, 0.0000e+00, 
 1DIAGNOSTIC,    24, -9.393920898438e-01, 1.130060269829e-04, 0.0000e+00, 0.0000e+00, 
 1DIAGNOSTIC,    25, -9.397277832031e-01, 1.058683427381e-04, 0.0000e+00, 0.0000e+00, 
 1DIAGNOSTIC,    26, -9.400329589844e-01, 9.828775145947e-05, 0.0000e+00, 0.0000e+00, 
 1DIAGNOSTIC,    27, -9.403076171875e-01, 8.994812819138e-05, 0.0000e+00, 0.0000e+00, 
 1DIAGNOSTIC,    28, -9.405517578125e-01, 8.138496091335e-05, 0.0000e+00, 0.0000e+00, 
 1DIAGNOSTIC,    29, -9.408264160156e-01, 7.311541656364e-05, 0.0000e+00, 0.0000e+00, 
 1DIAGNOSTIC,    30, -9.410400390625e-01, 6.530305776334e-05, 0.0000e+00, 0.0000e+00, 
 1DIAGNOSTIC,    31, -9.412231445312e-01, 5.814451023538e-05, 0.0000e+00, 0.0000e+00, 
 1DIAGNOSTIC,    32, -9.414367675781e-01, 5.175752645779e-05, 0.0000e+00, 0.0000e+00, 
 1DIAGNOSTIC,    33, -9.416198730469e-01, 4.649571128992e-05, 0.0000e+00, 0.0000e+00, 
 1DIAGNOSTIC,    34, -9.417724609375e-01, 4.179405234155e-05, 0.0000e+00, 0.0000e+00, 
 1DIAGNOSTIC,    35, -9.418945312500e-01, 3.740699033164e-05, 0.0000e+00, 0.0000e+00, 
 1DIAGNOSTIC,    36, -9.420166015625e-01, 3.336675887384e-05, 0.0000e+00, 0.0000e+00, 
 1DIAGNOSTIC,    37, -9.421386718750e-01, 2.967154030662e-05, 0.0000e+00, 0.0000e+00, 
 1DIAGNOSTIC,    38, -9.422302246094e-01, 2.605409128497e-05, 0.0000e+00, 0.0000e+00, 
 1DIAGNOSTIC,    39, -9.423217773438e-01, 2.304326882861e-05, 0.0000e+00, 0.0000e+00, 
 1DIAGNOSTIC,    40, -9.424133300781e-01, 2.035998107683e-05, 0.0000e+00, 0.0000e+00, 
 1DIAGNOSTIC,    41, -9.425048828125e-01, 1.793878569172e-05, 0.0000e+00, 0.0000e+00, 
 1DIAGNOSTIC,    42, -9.425964355469e-01, 1.616589144796e-05, 0.0000e+00, 0.0000e+00, 
 1DIAGNOSTIC,    43, -9.426574707031e-01, 1.470002357653e-05, 0.0000e+00, 0.0000e+00, 
 1DIAGNOSTIC,    44, -9.427185058594e-01, 1.342620470542e-05, 0.0000e+00, 0.0000e+00, 
 1DIAGNOSTIC,    45, -9.427795410156e-01, 1.220938699978e-05, 0.0000e+00, 0.0000e+00, 
 1DIAGNOSTIC,    46, -9.428710937500e-01, 1.132920754024e-05, 0.0000e+00, 0.0000e+00, 
 1DIAGNOSTIC,    47, -9.429321289062e-01, 1.062635014846e-05, 0.0000e+00, 0.0000e+00, 
 1DIAGNOSTIC,    48, -9.429931640625e-01, 9.951827849224e-06, 0.0000e+00, 0.0000e+00, 
 1DIAGNOSTIC,    49, -9.430541992188e-01, 9.348680821482e-06, 0.0000e+00, 0.0000e+00, 
 1DIAGNOSTIC,    50, -9.431152343750e-01, 8.844069857034e-06, 0.0000e+00, 0.0000e+00, 
 1DIAGNOSTIC,    51, -9.429931640625e-01, 7.368679640206e-06, 0.0000e+00, 0.0000e+00, 
 1DIAGNOSTIC,    52, -9.429626464844e-01, 5.675734011282e-06, 0.0000e+00, 0.0000e+00, 
 1DIAGNOSTIC,    53, -9.427795410156e-01, 2.854364699805e-06, 0.0000e+00, 0.0000e+00, 
 1DIAGNOSTIC,    54, -9.429016113281e-01, 9.553180863250e-07, 0.0000e+00, 0.0000e+00, 
XXDIAGNOSTIC,Iteration,metricValue,convergenceValue,ITERATION_TIME_INDEX,SINCE_LAST
 1DIAGNOSTIC,     1, -8.913269042969e-01, 1.797693134862e+308, 0.0000e+00, 0.0000e+00, 
 1DIAGNOSTIC,     2, -8.933105468750e-01, 1.797693134862e+308, 0.0000e+00, 0.0000e+00, 
 1DIAGNOSTIC,     3, -8.965454101562e-01, 1.797693134862e+308, 0.0000e+00, 0.0000e+00, 
 1DIAGNOSTIC,     4, -8.992614746094e-01, 1.797693134862e+308, 0.0000e+00, 0.0000e+00, 
 1DIAGNOSTIC,     5, -9.017028808594e-01, 1.797693134862e+308, 0.0000e+00, 0.0000e+00, 
 1DIAGNOSTIC,     6, -9.038391113281e-01, 1.797693134862e+308, 0.0000e+00, 0.0000e+00, 
 1DIAGNOSTIC,     7, -9.057006835938e-01, 1.797693134862e+308, 0.0000e+00, 0.0000e+00, 
 1DIAGNOSTIC,     8, -9.073791503906e-01, 1.797693134862e+308, 0.0000e+00, 0.0000e+00, 
 1DIAGNOSTIC,     9, -9.088745117188e-01, 1.797693134862e+308, 0.0000e+00, 0.0000e+00, 
 1DIAGNOSTIC,    10, -9.102783203125e-01, 1.374259444442e-03, 0.0000e+00, 0.0000e+00, 
 1DIAGNOSTIC,    11, -9.114685058594e-01, 1.143599126986e-03, 0.0000e+00, 0.0000e+00, 
 1DIAGNOSTIC,    12, -9.126892089844e-01, 9.318663045602e-04, 0.0000e+00, 0.0000e+00, 
 1DIAGNOSTIC,    13, -9.135742187500e-01, 7.674473187352e-04, 0.0000e+00, 0.0000e+00, 
 1DIAGNOSTIC,    14, -9.143981933594e-01, 6.357204804848e-04, 0.0000e+00, 0.0000e+00, 
 1DIAGNOSTIC,    15, -9.151916503906e-01, 5.307672493925e-04, 0.0000e+00, 0.0000e+00, 
 1DIAGNOSTIC,    16, -9.159545898438e-01, 4.466739629943e-04, 0.0000e+00, 0.0000e+00, 
 1DIAGNOSTIC,    17, -9.166564941406e-01, 3.782496662778e-04, 0.0000e+00, 0.0000e+00, 
 1DIAGNOSTIC,    18, -9.173583984375e-01, 3.236723351180e-04, 0.0000e+00, 0.0000e+00, 
 1DIAGNOSTIC,    19, -9.179992675781e-01, 2.798350764605e-04, 0.0000e+00, 0.0000e+00, 
 1DIAGNOSTIC,    20, -9.186401367188e-01, 2.461960405655e-04, 0.0000e+00, 0.0000e+00, 
 1DIAGNOSTIC,    21, -9.192504882812e-01, 2.193810450400e-04, 0.0000e+00, 0.0000e+00, 
 1DIAGNOSTIC,    22, -9.197998046875e-01, 1.995492712935e-04, 0.0000e+00, 0.0000e+00, 
 1DIAGNOSTIC,    23, -9.203491210938e-01, 1.821722063448e-04, 0.0000e+00, 0.0000e+00, 
 1DIAGNOSTIC,    24, -9.208374023438e-01, 1.661509510320e-04, 0.0000e+00, 0.0000e+00, 
 1DIAGNOSTIC,    25, -9.212646484375e-01, 1.509786492557e-04, 0.0000e+00, 0.0000e+00, 
 1DIAGNOSTIC,    26, -9.216613769531e-01, 1.366498560613e-04, 0.0000e+00, 0.0000e+00, 
 1DIAGNOSTIC,    27, -9.219970703125e-01, 1.224525436809e-04, 0.0000e+00, 0.0000e+00, 
 1DIAGNOSTIC,    28, -9.223022460938e-01, 1.089129771479e-04, 0.0000e+00, 0.0000e+00, 
 1DIAGNOSTIC,    29, -9.225769042969e-01, 9.583544335905e-05, 0.0000e+00, 0.0000e+00, 
 1DIAGNOSTIC,    30, -9.228515625000e-01, 8.406146476302e-05, 0.0000e+00, 0.0000e+00, 
 1DIAGNOSTIC,    31, -9.230651855469e-01, 7.336211875172e-05, 0.0000e+00, 0.0000e+00, 
 1DIAGNOSTIC,    32, -9.232788085938e-01, 6.380381147594e-05, 0.0000e+00, 0.0000e+00, 
 1DIAGNOSTIC,    33, -9.234924316406e-01, 5.597460967090e-05, 0.0000e+00, 0.0000e+00, 
 1DIAGNOSTIC,    34, -9.236450195312e-01, 4.916213682717e-05, 0.0000e+00, 0.0000e+00, 
 1DIAGNOSTIC,    35, -9.238281250000e-01, 4.351189432156e-05, 0.0000e+00, 0.0000e+00, 
 1DIAGNOSTIC,    36, -9.239807128906e-01, 3.880424203805e-05, 0.0000e+00, 0.0000e+00, 
 1DIAGNOSTIC,    37, -9.241027832031e-01, 3.453340980608e-05, 0.0000e+00, 0.0000e+00, 
 1DIAGNOSTIC,    38, -9.242553710938e-01, 3.097947804507e-05, 0.0000e+00, 0.0000e+00, 
 1DIAGNOSTIC,    39, -9.243774414062e-01, 2.783967040857e-05, 0.0000e+00, 0.0000e+00, 
 1DIAGNOSTIC,    40, -9.244995117188e-01, 2.532360456925e-05, 0.0000e+00, 0.0000e+00, 
 1DIAGNOSTIC,    41, -9.245910644531e-01, 2.286261566237e-05, 0.0000e+00, 0.0000e+00, 
 1DIAGNOSTIC,    42, -9.247131347656e-01, 2.085839635324e-05, 0.0000e+00, 0.0000e+00, 
 1DIAGNOSTIC,    43, -9.248046875000e-01, 1.919833417579e-05, 0.0000e+00, 0.0000e+00, 
 1DIAGNOSTIC,    44, -9.249267578125e-01, 1.775127812583e-05, 0.0000e+00, 0.0000e+00, 
 1DIAGNOSTIC,    45, -9.250183105469e-01, 1.660259499250e-05, 0.0000e+00, 0.0000e+00, 
 1DIAGNOSTIC,    46, -9.251098632812e-01, 1.561152366360e-05, 0.0000e+00, 0.0000e+00, 
 1DIAGNOSTIC,    47, -9.252014160156e-01, 1.461746761924e-05, 0.0000e+00, 0.0000e+00, 
 1DIAGNOSTIC,    48, -9.252929687500e-01, 1.388180169394e-05, 0.0000e+00, 0.0000e+00, 
 1DIAGNOSTIC,    49, -9.253540039062e-01, 1.304273889951e-05, 0.0000e+00, 0.0000e+00, 
 1DIAGNOSTIC,    50, -9.254455566406e-01, 1.236112592577e-05, 0.0000e+00, 0.0000e+00, 
XXDIAGNOSTIC,Iteration,metricValue,convergenceValue,ITERATION_TIME_INDEX,SINCE_LAST
 1DIAGNOSTIC,     1, -8.802490234375e-01, 1.797693134862e+308, 0.0000e+00, 0.0000e+00, 
 1DIAGNOSTIC,     2, -8.814392089844e-01, 1.797693134862e+308, 0.0000e+00, 0.0000e+00, 
 1DIAGNOSTIC,     3, -8.830566406250e-01, 1.797693134862e+308, 0.0000e+00, 0.0000e+00, 
 1DIAGNOSTIC,     4, -8.847045898438e-01, 1.797693134862e+308, 0.0000e+00, 0.0000e+00, 
 1DIAGNOSTIC,     5, -8.864135742188e-01, 1.797693134862e+308, 0.0000e+00, 0.0000e+00, 
 1DIAGNOSTIC,     6, -8.880615234375e-01, 1.797693134862e+308, 0.0000e+00, 0.0000e+00, 
 1DIAGNOSTIC,     7, -8.895263671875e-01, 1.797693134862e+308, 0.0000e+00, 0.0000e+00, 
 1DIAGNOSTIC,     8, -8.909301757812e-01, 1.797693134862e+308, 0.0000e+00, 0.0000e+00, 
 1DIAGNOSTIC,     9, -8.921508789062e-01, 1.797693134862e+308, 0.0000e+00, 0.0000e+00, 
 1DIAGNOSTIC,    10, -8.932189941406e-01, 9.763438398611e-04, 0.0000e+00, 0.0000e+00, 
 1DIAGNOSTIC,    11, -8.942260742188e-01, 8.538727175599e-04, 0.0000e+00, 0.0000e+00, 
 1DIAGNOSTIC,    12, -8.952026367188e-01, 7.325637326296e-04, 0.0000e+00, 0.0000e+00, 
 1DIAGNOSTIC,    13, -8.961181640625e-01, 6.256371532235e-04, 0.0000e+00, 0.0000e+00, 
 1DIAGNOSTIC,    14, -8.970642089844e-01, 5.359250543547e-04, 0.0000e+00, 0.0000e+00, 
 1DIAGNOSTIC,    15, -8.978576660156e-01, 4.621043873342e-04, 0.0000e+00, 0.0000e+00, 
 1DIAGNOSTIC,    16, -8.984680175781e-01, 3.999206302715e-04, 0.0000e+00, 0.0000e+00, 
 1DIAGNOSTIC,    17, -8.991699218750e-01, 3.486674419108e-04, 0.0000e+00, 0.0000e+00, 
 1DIAGNOSTIC,    18, -8.997192382812e-01, 3.052058530824e-04, 0.0000e+00, 0.0000e+00, 
 1DIAGNOSTIC,    19, -9.003295898438e-01, 2.685652697808e-04, 0.0000e+00, 0.0000e+00, 
 1DIAGNOSTIC,    20, -9.007873535156e-01, 2.347801890954e-04, 0.0000e+00, 0.0000e+00, 
  Elapsed time (stage 0): 0


Total elapsed time: 0
