
##########################
# Experiment information #
##########################
SIF_IMG: /project/rrg-glatard/mdugre/containers/ants-p2-vprec.sif
EXPERIMENT_NAME: vprec-space_search
CONFIG: 0111
VFC_BACKENDS: libinterflop_vprec.so --range-binary32=7 --precision-binary32=15 --range-binary64=7 --precision-binary64=15

FIXED_IMG: /templateflow/tpl-MNI152NLin2009cAsym/tpl-MNI152NLin2009cAsym_res-01_desc-brain_T1w.nii.gz
SUBJECT_ID: 0003060
INPUT_IMG: /project/rrg-glatard/mdugre/datasets/corr/RawDataBIDS/BMB_1/derivatives/antsBrainExtraction/sub-0003060/BrainExtractionBrain.nii.gz
OUTPUT_DIR: /project/rrg-glatard/mdugre/datasets/corr/RawDataBIDS/BMB_1/derivatives/vprec-space_search/0111/r7-p15/sub-0003060

ITK_GLOBAL_DEFAULT_NUMBER_OF_THREADS: 8
##########################

VFC_BACKENDS=libinterflop_ieee.so
Info [verificarlo]: loaded backend libinterflop_ieee.so
Info [interflop-ieee]: load backend with:
Info [interflop-ieee]: debug = false
Info [interflop-ieee]: debug-binary = false
Info [interflop-ieee]: no-backend-name = false
Info [interflop-ieee]: print-new-line = false
Info [interflop-ieee]: print-subnormal-normalized = false
Info [interflop-ieee]: count-op = false
All_Command_lines_OK
Using double precision for computations.
=============================================================================
The composite transform comprises the following transforms (in order): 
  1. Center of mass alignment using fixed image: /templateflow/tpl-MNI152NLin2009cAsym/tpl-MNI152NLin2009cAsym_res-01_desc-brain_T1w.nii.gz and moving image: /project/rrg-glatard/mdugre/datasets/corr/RawDataBIDS/BMB_1/derivatives/antsBrainExtraction/sub-0003060/BrainExtractionBrain.nii.gz (type = Euler3DTransform)
=============================================================================
  number of levels = 1
  fixed image: /templateflow/tpl-MNI152NLin2009cAsym/tpl-MNI152NLin2009cAsym_res-01_desc-brain_T1w.nii.gz
  moving image: /project/rrg-glatard/mdugre/datasets/corr/RawDataBIDS/BMB_1/derivatives/antsBrainExtraction/sub-0003060/BrainExtractionBrain.nii.gz
Dimension = 3
Number of stages = 1
Use histogram matching = false
Winsorize image intensities = true
  Lower quantile = 0.005
  Upper quantile = 0.995


Stage 1 State
   Image metric = MattesMI
     Fixed image = Image (0x4aae390)
  RTTI typeinfo:   itk::Image<double, 3u>
  Reference Count: 2
  Modified Time: 2330
  Debug: Off
  Object Name: 
  Observers: 
    none
  Source: (none)
  Source output name: (none)
  Release Data: Off
  Data Released: False
  Global Release Data: Off
  PipelineMTime: 0
  UpdateMTime: 1941
  RealTimeStamp: 0 seconds 
  LargestPossibleRegion: 
    Dimension: 3
    Index: [0, 0, 0]
    Size: [193, 229, 193]
  BufferedRegion: 
    Dimension: 3
    Index: [0, 0, 0]
    Size: [193, 229, 193]
  RequestedRegion: 
    Dimension: 3
    Index: [0, 0, 0]
    Size: [193, 229, 193]
  Spacing: [1, 1, 1]
  Origin: [96, 132, -78]
  Direction: 
-1 0 0
0 -1 0
0 0 1

  IndexToPointMatrix: 
-1 0 0
0 -1 0
0 0 1

  PointToIndexMatrix: 
-1 0 0
0 -1 0
0 0 1

  Inverse Direction: 
-1 0 0
0 -1 0
0 0 1

  PixelContainer: 
    ImportImageContainer (0x4b79a90)
      RTTI typeinfo:   itk::ImportImageContainer<unsigned long, double>
      Reference Count: 1
      Modified Time: 1938
      Debug: Off
      Object Name: 
      Observers: 
        none
      Pointer: 0x153b3ad7d010
      Container manages memory: true
      Size: 8530021
      Capacity: 8530021

     Moving image = Image (0x4ab3390)
  RTTI typeinfo:   itk::Image<double, 3u>
  Reference Count: 2
  Modified Time: 2331
  Debug: Off
  Object Name: 
  Observers: 
    none
  Source: (none)
  Source output name: (none)
  Release Data: Off
  Data Released: False
  Global Release Data: Off
  PipelineMTime: 0
  UpdateMTime: 2328
  RealTimeStamp: 0 seconds 
  LargestPossibleRegion: 
    Dimension: 3
    Index: [0, 0, 0]
    Size: [176, 256, 256]
  BufferedRegion: 
    Dimension: 3
    Index: [0, 0, 0]
    Size: [176, 256, 256]
  RequestedRegion: 
    Dimension: 3
    Index: [0, 0, 0]
    Size: [176, 256, 256]
  Spacing: [1, 1, 1]
  Origin: [-84.6529, 101.382, -128.883]
  Direction: 
1 0 0
0 -1 0
0 0 1

  IndexToPointMatrix: 
1 0 0
0 -1 0
0 0 1

  PointToIndexMatrix: 
1 0 0
0 -1 0
0 0 1

  Inverse Direction: 
1 0 0
0 -1 0
0 0 1

  PixelContainer: 
    ImportImageContainer (0x4c59b90)
      RTTI typeinfo:   itk::ImportImageContainer<unsigned long, double>
      Reference Count: 1
      Modified Time: 2325
      Debug: Off
      Object Name: 
      Observers: 
        none
      Pointer: 0x153b3557c010
      Container manages memory: true
      Size: 11534336
      Capacity: 11534336

     Weighting = 1
     Sampling strategy = regular
     Number of bins = 32
     Radius = 4
     Sampling percentage  = 0.25
   Transform = Rigid
     Gradient step = 0.1
     Update field sigma (voxel space) = 0
     Total field sigma (voxel space) = 0
     Update field time sigma = 0
     Total field time sigma  = 0
     Number of time indices = 0
     Number of time point samples = 0
Registration using 1 total stages.

Stage 0
  iterations = 0
  convergence threshold = 1e-06
  convergence window size = 10
  number of levels = 1
  using the Mattes MI metric (number of bins = 32, weight = 1, use gradient filter = 0)
  preprocessing:  winsorizing the image intensities
  Shrink factors (level 1 out of 1): [1, 1, 1]
  smoothing sigmas per level: [0]
  regular sampling (percentage = 0.25)

*** Running Euler3DTransform registration ***

  Elapsed time (stage 0): 0.916655


Total elapsed time: 0.9181
VFC_BACKENDS=libinterflop_vprec.so --range-binary32=7 --precision-binary32=15 --range-binary64=7 --precision-binary64=15
Info [verificarlo]: loaded backend libinterflop_vprec.so
Info [interflop-vprec]: load backend with: 
Info [interflop-vprec]: precision-binary32 = 15
Info [interflop-vprec]: range-binary32 = 7
Info [interflop-vprec]: precision-binary64 = 15
Info [interflop-vprec]: range-binary64 = 7
Info [interflop-vprec]: mode = ob
Info [interflop-vprec]: error-mode = rel
Info [interflop-vprec]: max-abs-error-exponent = -1022
Info [interflop-vprec]: daz = false
Info [interflop-vprec]: ftz = false
Info [interflop-vprec]: 	instrument = none
Info [interflop-vprec]: 	prec-input-file = (null)
Info [interflop-vprec]: 	prec-output-file = (null)
Info [interflop-vprec]: 	prec-log-file = (null)
All_Command_lines_OK
Using double precision for computations.
=============================================================================
The composite transform comprises the following transforms (in order): 
  1. /project/rrg-glatard/mdugre/datasets/corr/RawDataBIDS/BMB_1/derivatives/vprec-space_search/0111/r7-p15/sub-0003060/align_Composite.h5[0] (type = Euler3DTransform)
  2. /project/rrg-glatard/mdugre/datasets/corr/RawDataBIDS/BMB_1/derivatives/vprec-space_search/0111/r7-p15/sub-0003060/align_Composite.h5[1] (type = Euler3DTransform)
=============================================================================
  number of levels = 4
  fixed image: /templateflow/tpl-MNI152NLin2009cAsym/tpl-MNI152NLin2009cAsym_res-01_desc-brain_T1w.nii.gz
  moving image: /project/rrg-glatard/mdugre/datasets/corr/RawDataBIDS/BMB_1/derivatives/antsBrainExtraction/sub-0003060/BrainExtractionBrain.nii.gz
Dimension = 3
Number of stages = 1
Use histogram matching = false
Winsorize image intensities = true
  Lower quantile = 0.005
  Upper quantile = 0.995


Stage 1 State
   Image metric = MattesMI
     Fixed image = Image (0x4fea300)
  RTTI typeinfo:   itk::Image<double, 3u>
  Reference Count: 2
  Modified Time: 1578
  Debug: Off
  Object Name: 
  Observers: 
    none
  Source: (none)
  Source output name: (none)
  Release Data: Off
  Data Released: False
  Global Release Data: Off
  PipelineMTime: 0
  UpdateMTime: 1189
  RealTimeStamp: 0 seconds 
  LargestPossibleRegion: 
    Dimension: 3
    Index: [0, 0, 0]
    Size: [193, 229, 193]
  BufferedRegion: 
    Dimension: 3
    Index: [0, 0, 0]
    Size: [193, 229, 193]
  RequestedRegion: 
    Dimension: 3
    Index: [0, 0, 0]
    Size: [193, 229, 193]
  Spacing: [1, 1, 1]
  Origin: [96, 132, -78]
  Direction: 
-1 0 0
0 -1 0
0 0 1

  IndexToPointMatrix: 
-1 0 0
0 -1 0
0 0 1

  PointToIndexMatrix: 
-1 0 0
0 -1 0
0 0 1

  Inverse Direction: 
-1 0 0
0 -1 0
0 0 1

  PixelContainer: 
    ImportImageContainer (0x50a8d00)
      RTTI typeinfo:   itk::ImportImageContainer<unsigned long, double>
      Reference Count: 1
      Modified Time: 1186
      Debug: Off
      Object Name: 
      Observers: 
        none
      Pointer: 0x14a5c8175010
      Container manages memory: true
      Size: 8530021
      Capacity: 8530021

     Moving image = Image (0x50a5030)
  RTTI typeinfo:   itk::Image<double, 3u>
  Reference Count: 2
  Modified Time: 1579
  Debug: Off
  Object Name: 
  Observers: 
    none
  Source: (none)
  Source output name: (none)
  Release Data: Off
  Data Released: False
  Global Release Data: Off
  PipelineMTime: 0
  UpdateMTime: 1576
  RealTimeStamp: 0 seconds 
  LargestPossibleRegion: 
    Dimension: 3
    Index: [0, 0, 0]
    Size: [176, 256, 256]
  BufferedRegion: 
    Dimension: 3
    Index: [0, 0, 0]
    Size: [176, 256, 256]
  RequestedRegion: 
    Dimension: 3
    Index: [0, 0, 0]
    Size: [176, 256, 256]
  Spacing: [1, 1, 1]
  Origin: [-84.6523, 101.383, -128.883]
  Direction: 
1 0 0
0 -1 0
0 0 1

  IndexToPointMatrix: 
1 0 0
0 -1 0
0 0 1

  PointToIndexMatrix: 
1 0 0
0 -1 0
0 0 1

  Inverse Direction: 
1 0 0
0 -1 0
0 0 1

  PixelContainer: 
    ImportImageContainer (0x50a8680)
      RTTI typeinfo:   itk::ImportImageContainer<unsigned long, double>
      Reference Count: 1
      Modified Time: 1573
      Debug: Off
      Object Name: 
      Observers: 
        none
      Pointer: 0x14a5c2974010
      Container manages memory: true
      Size: 11534336
      Capacity: 11534336

     Weighting = 1
     Sampling strategy = regular
     Number of bins = 32
     Radius = 4
     Sampling percentage  = 0.25
   Transform = Rigid
     Gradient step = 0.1
     Update field sigma (voxel space) = 0
     Total field sigma (voxel space) = 0
     Update field time sigma = 0
     Total field time sigma  = 0
     Number of time indices = 0
     Number of time point samples = 0
Registration using 1 total stages.

Stage 0
  iterations = 1000x500x250x100
  convergence threshold = 1e-06
  convergence window size = 10
  number of levels = 4
  using the Mattes MI metric (number of bins = 32, weight = 1, use gradient filter = 0)
  preprocessing:  winsorizing the image intensities
  Shrink factors (level 1 out of 4): [8, 8, 8]
  Shrink factors (level 2 out of 4): [4, 4, 4]
  Shrink factors (level 3 out of 4): [2, 2, 2]
  Shrink factors (level 4 out of 4): [1, 1, 1]
  smoothing sigmas per level: [3, 2, 1, 0]
  regular sampling (percentage = 0.25)

*** Running Euler3DTransform registration ***

DIAGNOSTIC,Iteration,metricValue,convergenceValue,ITERATION_TIME_INDEX,SINCE_LAST
 2DIAGNOSTIC,     1, -5.369729584786e-01, 1.797693134862e+308, 0.0000e+00, 0.0000e+00, 
 2DIAGNOSTIC,     2, -5.383844986992e-01, 1.797693134862e+308, 0.0000e+00, 0.0000e+00, 
 2DIAGNOSTIC,     3, -5.405685001359e-01, 1.797693134862e+308, 0.0000e+00, 0.0000e+00, 
 2DIAGNOSTIC,     4, -5.436351273099e-01, 1.797693134862e+308, 0.0000e+00, 0.0000e+00, 
 2DIAGNOSTIC,     5, -5.457251424071e-01, 1.797693134862e+308, 0.0000e+00, 0.0000e+00, 
 2DIAGNOSTIC,     6, -5.464906746184e-01, 1.797693134862e+308, 0.0000e+00, 0.0000e+00, 
 2DIAGNOSTIC,     7, -5.471436452165e-01, 1.797693134862e+308, 0.0000e+00, 0.0000e+00, 
 2DIAGNOSTIC,     8, -5.500314022030e-01, 1.797693134862e+308, 0.0000e+00, 0.0000e+00, 
 2DIAGNOSTIC,     9, -5.568463240532e-01, 1.797693134862e+308, 0.0000e+00, 0.0000e+00, 
 2DIAGNOSTIC,    10, -5.567701407148e-01, 2.310021628356e-03, 0.0000e+00, 0.0000e+00, 
 2DIAGNOSTIC,    11, -5.579312372402e-01, 2.131907540068e-03, 0.0000e+00, 0.0000e+00, 
 2DIAGNOSTIC,    12, -5.611793896967e-01, 1.996383894678e-03, 0.0000e+00, 0.0000e+00, 
 2DIAGNOSTIC,    13, -5.643291856189e-01, 1.905615902979e-03, 0.0000e+00, 0.0000e+00, 
 2DIAGNOSTIC,    14, -5.647877671751e-01, 1.778171534592e-03, 0.0000e+00, 0.0000e+00, 
 2DIAGNOSTIC,    15, -5.648433540572e-01, 1.582782980133e-03, 0.0000e+00, 0.0000e+00, 
 2DIAGNOSTIC,    16, -5.647832605065e-01, 1.295190067747e-03, 0.0000e+00, 0.0000e+00, 
 2DIAGNOSTIC,    17, -5.646974215182e-01, 9.384946043789e-04, 0.0000e+00, 0.0000e+00, 
 2DIAGNOSTIC,    18, -5.647028762708e-01, 6.113758362873e-04, 0.0000e+00, 0.0000e+00, 
 2DIAGNOSTIC,    19, -5.646309234458e-01, 4.461055511297e-04, 0.0000e+00, 0.0000e+00, 
 2DIAGNOSTIC,    20, -5.646276196813e-01, 2.557904956233e-04, 0.0000e+00, 0.0000e+00, 
 2DIAGNOSTIC,    21, -5.646359103836e-01, 8.759597193819e-05, 0.0000e+00, 0.0000e+00, 
DIAGNOSTIC,Iteration,metricValue,convergenceValue,ITERATION_TIME_INDEX,SINCE_LAST
 2DIAGNOSTIC,     1, -4.476242084227e-01, 1.797693134862e+308, 0.0000e+00, 0.0000e+00, 
 2DIAGNOSTIC,     2, -4.478433767351e-01, 1.797693134862e+308, 0.0000e+00, 0.0000e+00, 
 2DIAGNOSTIC,     3, -4.481674507813e-01, 1.797693134862e+308, 0.0000e+00, 0.0000e+00, 
 2DIAGNOSTIC,     4, -4.484525186187e-01, 1.797693134862e+308, 0.0000e+00, 0.0000e+00, 
 2DIAGNOSTIC,     5, -4.487644856777e-01, 1.797693134862e+308, 0.0000e+00, 0.0000e+00, 
 2DIAGNOSTIC,     6, -4.492317829882e-01, 1.797693134862e+308, 0.0000e+00, 0.0000e+00, 
 2DIAGNOSTIC,     7, -4.497872370341e-01, 1.797693134862e+308, 0.0000e+00, 0.0000e+00, 
 2DIAGNOSTIC,     8, -4.502618470596e-01, 1.797693134862e+308, 0.0000e+00, 0.0000e+00, 
 2DIAGNOSTIC,     9, -4.514138587814e-01, 1.797693134862e+308, 0.0000e+00, 0.0000e+00, 
 2DIAGNOSTIC,    10, -4.553869869274e-01, 8.283283613827e-04, 0.0000e+00, 0.0000e+00, 
 2DIAGNOSTIC,    11, -4.583712506140e-01, 1.133233968109e-03, 0.0000e+00, 0.0000e+00, 
 2DIAGNOSTIC,    12, -4.608171355302e-01, 1.422886841022e-03, 0.0000e+00, 0.0000e+00, 
 2DIAGNOSTIC,    13, -4.627769930676e-01, 1.649950700045e-03, 0.0000e+00, 0.0000e+00, 
 2DIAGNOSTIC,    14, -4.636167184822e-01, 1.744304387931e-03, 0.0000e+00, 0.0000e+00, 
 2DIAGNOSTIC,    15, -4.641617987516e-01, 1.700924816941e-03, 0.0000e+00, 0.0000e+00, 
 2DIAGNOSTIC,    16, -4.643415698116e-01, 1.531253935585e-03, 0.0000e+00, 0.0000e+00, 
 2DIAGNOSTIC,    17, -4.643424199008e-01, 1.262550858073e-03, 0.0000e+00, 0.0000e+00, 
 2DIAGNOSTIC,    18, -4.643619762929e-01, 9.261021084309e-04, 0.0000e+00, 0.0000e+00, 
 2DIAGNOSTIC,    19, -4.643624208886e-01, 5.760241425550e-04, 0.0000e+00, 0.0000e+00, 
 2DIAGNOSTIC,    20, -4.643767455666e-01, 3.312520935667e-04, 0.0000e+00, 0.0000e+00, 
 2DIAGNOSTIC,    21, -4.643711390483e-01, 1.666304061705e-04, 0.0000e+00, 0.0000e+00, 
 2DIAGNOSTIC,    22, -4.643849493801e-01, 7.026432697516e-05, 0.0000e+00, 0.0000e+00, 
 2DIAGNOSTIC,    23, -4.644088420550e-01, 2.915805986323e-05, 0.0000e+00, 0.0000e+00, 
 2DIAGNOSTIC,    24, -4.644113695654e-01, 1.035811874102e-05, 0.0000e+00, 0.0000e+00, 
 2DIAGNOSTIC,    25, -4.644037800641e-01, 5.472587063515e-06, 0.0000e+00, 0.0000e+00, 
 2DIAGNOSTIC,    26, -4.644065886254e-01, 4.958369211334e-06, 0.0000e+00, 0.0000e+00, 
 2DIAGNOSTIC,    27, -4.644350769947e-01, 4.796876736900e-06, 0.0000e+00, 0.0000e+00, 
 2DIAGNOSTIC,    28, -4.644218364140e-01, 4.426047328532e-06, 0.0000e+00, 0.0000e+00, 
 2DIAGNOSTIC,    29, -4.644178556310e-01, 3.712559394173e-06, 0.0000e+00, 0.0000e+00, 
 2DIAGNOSTIC,    30, -4.644215656618e-01, 3.206250574407e-06, 0.0000e+00, 0.0000e+00, 
 2DIAGNOSTIC,    31, -4.644147029397e-01, 2.277896608824e-06, 0.0000e+00, 0.0000e+00, 
 2DIAGNOSTIC,    32, -4.644188783138e-01, 1.624975620923e-06, 0.0000e+00, 0.0000e+00, 
 2DIAGNOSTIC,    33, -4.644130486727e-01, 1.295891801423e-06, 0.0000e+00, 0.0000e+00, 
 2DIAGNOSTIC,    34, -4.644133352923e-01, 1.030150161195e-06, 0.0000e+00, 0.0000e+00, 
DIAGNOSTIC,Iteration,metricValue,convergenceValue,ITERATION_TIME_INDEX,SINCE_LAST
 2DIAGNOSTIC,     1, -4.029760717011e-01, 1.797693134862e+308, 0.0000e+00, 0.0000e+00, 
 2DIAGNOSTIC,     2, -4.030464870575e-01, 1.797693134862e+308, 0.0000e+00, 0.0000e+00, 
 2DIAGNOSTIC,     3, -4.030972216208e-01, 1.797693134862e+308, 0.0000e+00, 0.0000e+00, 
 2DIAGNOSTIC,     4, -4.031793909666e-01, 1.797693134862e+308, 0.0000e+00, 0.0000e+00, 
 2DIAGNOSTIC,     5, -4.032856468265e-01, 1.797693134862e+308, 0.0000e+00, 0.0000e+00, 
 2DIAGNOSTIC,     6, -4.034234904943e-01, 1.797693134862e+308, 0.0000e+00, 0.0000e+00, 
 2DIAGNOSTIC,     7, -4.034553994436e-01, 1.797693134862e+308, 0.0000e+00, 0.0000e+00, 
 2DIAGNOSTIC,     8, -4.035391210387e-01, 1.797693134862e+308, 0.0000e+00, 0.0000e+00, 
 2DIAGNOSTIC,     9, -4.038208305862e-01, 1.797693134862e+308, 0.0000e+00, 0.0000e+00, 
 2DIAGNOSTIC,    10, -4.038867214490e-01, 1.477689035621e-04, 0.0000e+00, 0.0000e+00, 
 2DIAGNOSTIC,    11, -4.039018875196e-01, 1.388100911060e-04, 0.0000e+00, 0.0000e+00, 
 2DIAGNOSTIC,    12, -4.039148545486e-01, 1.243575316970e-04, 0.0000e+00, 0.0000e+00, 
 2DIAGNOSTIC,    13, -4.039170214778e-01, 1.039967047122e-04, 0.0000e+00, 0.0000e+00, 
 2DIAGNOSTIC,    14, -4.039181895878e-01, 8.123868520629e-05, 0.0000e+00, 0.0000e+00, 
 2DIAGNOSTIC,    15, -4.039162373280e-01, 5.902232005556e-05, 0.0000e+00, 0.0000e+00, 
 2DIAGNOSTIC,    16, -4.039097743697e-01, 4.035073183728e-05, 0.0000e+00, 0.0000e+00, 
 2DIAGNOSTIC,    17, -4.039048329144e-01, 2.155725841212e-05, 0.0000e+00, 0.0000e+00, 
 2DIAGNOSTIC,    18, -4.039008122909e-01, 5.887262757923e-06, 0.0000e+00, 0.0000e+00, 
 2DIAGNOSTIC,    19, -4.039059118623e-01, 2.068625014291e-06, 0.0000e+00, 0.0000e+00, 
DIAGNOSTIC,Iteration,metricValue,convergenceValue,ITERATION_TIME_INDEX,SINCE_LAST
 2DIAGNOSTIC,     1, -3.733819539897e-01, 1.797693134862e+308, 0.0000e+00, 0.0000e+00, 
 2DIAGNOSTIC,     2, -3.734294253355e-01, 1.797693134862e+308, 0.0000e+00, 0.0000e+00, 
 2DIAGNOSTIC,     3, -3.734341049217e-01, 1.797693134862e+308, 0.0000e+00, 0.0000e+00, 
 2DIAGNOSTIC,     4, -3.734410538611e-01, 1.797693134862e+308, 0.0000e+00, 0.0000e+00, 
 2DIAGNOSTIC,     5, -3.734358744570e-01, 1.797693134862e+308, 0.0000e+00, 0.0000e+00, 
 2DIAGNOSTIC,     6, -3.734394243476e-01, 1.797693134862e+308, 0.0000e+00, 0.0000e+00, 
 2DIAGNOSTIC,     7, -3.734408002758e-01, 1.797693134862e+308, 0.0000e+00, 0.0000e+00, 
 2DIAGNOSTIC,     8, -3.734424220754e-01, 1.797693134862e+308, 0.0000e+00, 0.0000e+00, 
 2DIAGNOSTIC,     9, -3.734343758223e-01, 1.797693134862e+308, 0.0000e+00, 0.0000e+00, 
 2DIAGNOSTIC,    10, -3.734349660562e-01, 8.243373319422e-06, 0.0000e+00, 0.0000e+00, 
 2DIAGNOSTIC,    11, -3.734370374773e-01, 3.571719786211e-06, 0.0000e+00, 0.0000e+00, 
 2DIAGNOSTIC,    12, -3.734345398812e-01, 2.465012240327e-06, 0.0000e+00, 0.0000e+00, 
 2DIAGNOSTIC,    13, -3.734342372621e-01, 1.812166288584e-06, 0.0000e+00, 0.0000e+00, 
 2DIAGNOSTIC,    14, -3.734332311435e-01, 1.667789156293e-06, 0.0000e+00, 0.0000e+00, 
 2DIAGNOSTIC,    15, -3.734323937688e-01, 1.303654563231e-06, 0.0000e+00, 0.0000e+00, 
 2DIAGNOSTIC,    16, -3.734324111279e-01, 1.234804515762e-06, 0.0000e+00, 0.0000e+00, 
 2DIAGNOSTIC,    17, -3.734322893388e-01, 1.306503320329e-06, 0.0000e+00, 0.0000e+00, 
 2DIAGNOSTIC,    18, -3.734322187044e-01, 1.511692762739e-06, 0.0000e+00, 0.0000e+00, 
 2DIAGNOSTIC,    19, -3.734308712388e-01, 1.353498208782e-06, 0.0000e+00, 0.0000e+00, 
 2DIAGNOSTIC,    20, -3.734308821180e-01, 1.272920229639e-06, 0.0000e+00, 0.0000e+00, 
 2DIAGNOSTIC,    21, -3.734310353635e-01, 1.321744322054e-06, 0.0000e+00, 0.0000e+00, 
 2DIAGNOSTIC,    22, -3.734309502928e-01, 1.303091449689e-06, 0.0000e+00, 0.0000e+00, 
 2DIAGNOSTIC,    23, -3.734309638760e-01, 1.300143683929e-06, 0.0000e+00, 0.0000e+00, 
 2DIAGNOSTIC,    24, -3.734309638760e-01, 1.283672690207e-06, 0.0000e+00, 0.0000e+00, 
 2DIAGNOSTIC,    25, -3.734309549985e-01, 1.255217524671e-06, 0.0000e+00, 0.0000e+00, 
 2DIAGNOSTIC,    26, -3.734309549985e-01, 1.238668865068e-06, 0.0000e+00, 0.0000e+00, 
 2DIAGNOSTIC,    27, -3.734309199622e-01, 1.225026327552e-06, 0.0000e+00, 0.0000e+00, 
 2DIAGNOSTIC,    28, -3.734284500279e-01, 1.147658444216e-06, 0.0000e+00, 0.0000e+00, 
 2DIAGNOSTIC,    29, -3.734284500279e-01, 1.048378205415e-06, 0.0000e+00, 0.0000e+00, 
  Elapsed time (stage 0): 0.0000e+00


Total elapsed time: 0.0000e+00
VFC_BACKENDS=libinterflop_vprec.so --range-binary32=7 --precision-binary32=15 --range-binary64=7 --precision-binary64=15
Info [verificarlo]: loaded backend libinterflop_vprec.so
Info [interflop-vprec]: load backend with: 
Info [interflop-vprec]: precision-binary32 = 15
Info [interflop-vprec]: range-binary32 = 7
Info [interflop-vprec]: precision-binary64 = 15
Info [interflop-vprec]: range-binary64 = 7
Info [interflop-vprec]: mode = ob
Info [interflop-vprec]: error-mode = rel
Info [interflop-vprec]: max-abs-error-exponent = -1022
Info [interflop-vprec]: daz = false
Info [interflop-vprec]: ftz = false
Info [interflop-vprec]: 	instrument = none
Info [interflop-vprec]: 	prec-input-file = (null)
Info [interflop-vprec]: 	prec-output-file = (null)
Info [interflop-vprec]: 	prec-log-file = (null)
All_Command_lines_OK
Using double precision for computations.
=============================================================================
The composite transform comprises the following transforms (in order): 
  1. /project/rrg-glatard/mdugre/datasets/corr/RawDataBIDS/BMB_1/derivatives/vprec-space_search/0111/r7-p15/sub-0003060/rigid_Composite.h5[0] (type = Euler3DTransform)
  2. /project/rrg-glatard/mdugre/datasets/corr/RawDataBIDS/BMB_1/derivatives/vprec-space_search/0111/r7-p15/sub-0003060/rigid_Composite.h5[1] (type = Euler3DTransform)
  3. /project/rrg-glatard/mdugre/datasets/corr/RawDataBIDS/BMB_1/derivatives/vprec-space_search/0111/r7-p15/sub-0003060/rigid_Composite.h5[2] (type = Euler3DTransform)
=============================================================================
  number of levels = 4
  fixed image: /templateflow/tpl-MNI152NLin2009cAsym/tpl-MNI152NLin2009cAsym_res-01_desc-brain_T1w.nii.gz
  moving image: /project/rrg-glatard/mdugre/datasets/corr/RawDataBIDS/BMB_1/derivatives/antsBrainExtraction/sub-0003060/BrainExtractionBrain.nii.gz
Dimension = 3
Number of stages = 1
Use histogram matching = false
Winsorize image intensities = true
  Lower quantile = 0.005
  Upper quantile = 0.995


Stage 1 State
   Image metric = MattesMI
     Fixed image = Image (0x329b300)
  RTTI typeinfo:   itk::Image<double, 3u>
  Reference Count: 2
  Modified Time: 1592
  Debug: Off
  Object Name: 
  Observers: 
    none
  Source: (none)
  Source output name: (none)
  Release Data: Off
  Data Released: False
  Global Release Data: Off
  PipelineMTime: 0
  UpdateMTime: 1203
  RealTimeStamp: 0 seconds 
  LargestPossibleRegion: 
    Dimension: 3
    Index: [0, 0, 0]
    Size: [193, 229, 193]
  BufferedRegion: 
    Dimension: 3
    Index: [0, 0, 0]
    Size: [193, 229, 193]
  RequestedRegion: 
    Dimension: 3
    Index: [0, 0, 0]
    Size: [193, 229, 193]
  Spacing: [1, 1, 1]
  Origin: [96, 132, -78]
  Direction: 
-1 0 0
0 -1 0
0 0 1

  IndexToPointMatrix: 
-1 0 0
0 -1 0
0 0 1

  PointToIndexMatrix: 
-1 0 0
0 -1 0
0 0 1

  Inverse Direction: 
-1 0 0
0 -1 0
0 0 1

  PixelContainer: 
    ImportImageContainer (0x3313c30)
      RTTI typeinfo:   itk::ImportImageContainer<unsigned long, double>
      Reference Count: 1
      Modified Time: 1200
      Debug: Off
      Object Name: 
      Observers: 
        none
      Pointer: 0x14aa3f439010
      Container manages memory: true
      Size: 8530021
      Capacity: 8530021

     Moving image = Image (0x33561a0)
  RTTI typeinfo:   itk::Image<double, 3u>
  Reference Count: 2
  Modified Time: 1593
  Debug: Off
  Object Name: 
  Observers: 
    none
  Source: (none)
  Source output name: (none)
  Release Data: Off
  Data Released: False
  Global Release Data: Off
  PipelineMTime: 0
  UpdateMTime: 1590
  RealTimeStamp: 0 seconds 
  LargestPossibleRegion: 
    Dimension: 3
    Index: [0, 0, 0]
    Size: [176, 256, 256]
  BufferedRegion: 
    Dimension: 3
    Index: [0, 0, 0]
    Size: [176, 256, 256]
  RequestedRegion: 
    Dimension: 3
    Index: [0, 0, 0]
    Size: [176, 256, 256]
  Spacing: [1, 1, 1]
  Origin: [-84.6523, 101.383, -128.883]
  Direction: 
1 0 0
0 -1 0
0 0 1

  IndexToPointMatrix: 
1 0 0
0 -1 0
0 0 1

  PointToIndexMatrix: 
1 0 0
0 -1 0
0 0 1

  Inverse Direction: 
1 0 0
0 -1 0
0 0 1

  PixelContainer: 
    ImportImageContainer (0x330e050)
      RTTI typeinfo:   itk::ImportImageContainer<unsigned long, double>
      Reference Count: 1
      Modified Time: 1587
      Debug: Off
      Object Name: 
      Observers: 
        none
      Pointer: 0x14aa39c38010
      Container manages memory: true
      Size: 11534336
      Capacity: 11534336

     Weighting = 1
     Sampling strategy = regular
     Number of bins = 32
     Radius = 4
     Sampling percentage  = 0.25
   Transform = Affine
     Gradient step = 0.1
     Update field sigma (voxel space) = 0
     Total field sigma (voxel space) = 0
     Update field time sigma = 0
     Total field time sigma  = 0
     Number of time indices = 0
     Number of time point samples = 0
Registration using 1 total stages.

Stage 0
  iterations = 1000x500x250x100
  convergence threshold = 1e-06
  convergence window size = 10
  number of levels = 4
  using the Mattes MI metric (number of bins = 32, weight = 1, use gradient filter = 0)
  preprocessing:  winsorizing the image intensities
  Shrink factors (level 1 out of 4): [8, 8, 8]
  Shrink factors (level 2 out of 4): [4, 4, 4]
  Shrink factors (level 3 out of 4): [2, 2, 2]
  Shrink factors (level 4 out of 4): [1, 1, 1]
  smoothing sigmas per level: [3, 2, 1, 0]
  regular sampling (percentage = 0.25)

*** Running AffineTransform registration ***

DIAGNOSTIC,Iteration,metricValue,convergenceValue,ITERATION_TIME_INDEX,SINCE_LAST
 2DIAGNOSTIC,     1, -5.691293892851e-01, 1.797693134862e+308, 0.0000e+00, 0.0000e+00, 
 2DIAGNOSTIC,     2, -5.714001009632e-01, 1.797693134862e+308, 0.0000e+00, 0.0000e+00, 
 2DIAGNOSTIC,     3, -5.742066855260e-01, 1.797693134862e+308, 0.0000e+00, 0.0000e+00, 
 2DIAGNOSTIC,     4, -5.792584489626e-01, 1.797693134862e+308, 0.0000e+00, 0.0000e+00, 
 2DIAGNOSTIC,     5, -5.890242348876e-01, 1.797693134862e+308, 0.0000e+00, 0.0000e+00, 
 2DIAGNOSTIC,     6, -6.033329699619e-01, 1.797693134862e+308, 0.0000e+00, 0.0000e+00, 
 2DIAGNOSTIC,     7, -6.469239317755e-01, 1.797693134862e+308, 0.0000e+00, 0.0000e+00, 
 2DIAGNOSTIC,     8, -7.040099174668e-01, 1.797693134862e+308, 0.0000e+00, 0.0000e+00, 
 2DIAGNOSTIC,     9, -7.089668043285e-01, 1.797693134862e+308, 0.0000e+00, 0.0000e+00, 
 2DIAGNOSTIC,    10, -7.206685330079e-01, 1.799914864053e-02, 0.0000e+00, 0.0000e+00, 
 2DIAGNOSTIC,    11, -7.757293956025e-01, 1.954442352448e-02, 0.0000e+00, 0.0000e+00, 
 2DIAGNOSTIC,    12, -8.216925487524e-01, 2.061282653902e-02, 0.0000e+00, 0.0000e+00, 
 2DIAGNOSTIC,    13, -8.318479964758e-01, 2.000877408226e-02, 0.0000e+00, 0.0000e+00, 
 2DIAGNOSTIC,    14, -8.357003525818e-01, 1.802491293835e-02, 0.0000e+00, 0.0000e+00, 
 2DIAGNOSTIC,    15, -8.384891644511e-01, 1.511820359912e-02, 0.0000e+00, 0.0000e+00, 
 2DIAGNOSTIC,    16, -8.402542212014e-01, 1.164626221194e-02, 0.0000e+00, 0.0000e+00, 
 2DIAGNOSTIC,    17, -8.409246119282e-01, 8.586658299415e-03, 0.0000e+00, 0.0000e+00, 
 2DIAGNOSTIC,    18, -8.414763311436e-01, 6.424536183833e-03, 0.0000e+00, 0.0000e+00, 
 2DIAGNOSTIC,    19, -8.423028642431e-01, 4.077462257761e-03, 0.0000e+00, 0.0000e+00, 
 2DIAGNOSTIC,    20, -8.429543357931e-01, 1.848570543963e-03, 0.0000e+00, 0.0000e+00, 
 2DIAGNOSTIC,    21, -8.434381642066e-01, 6.945884207432e-04, 0.0000e+00, 0.0000e+00, 
 2DIAGNOSTIC,    22, -8.436352592366e-01, 3.989195359562e-04, 0.0000e+00, 0.0000e+00, 
 2DIAGNOSTIC,    23, -8.440128195865e-01, 2.695753130771e-04, 0.0000e+00, 0.0000e+00, 
 2DIAGNOSTIC,    24, -8.443254315617e-01, 1.922923473402e-04, 0.0000e+00, 0.0000e+00, 
 2DIAGNOSTIC,    25, -8.443479733761e-01, 1.458762682133e-04, 0.0000e+00, 0.0000e+00, 
 2DIAGNOSTIC,    26, -8.444283921896e-01, 1.166232240191e-04, 0.0000e+00, 0.0000e+00, 
 2DIAGNOSTIC,    27, -8.445248507554e-01, 8.963689770333e-05, 0.0000e+00, 0.0000e+00, 
 2DIAGNOSTIC,    28, -8.446025233597e-01, 6.464825087563e-05, 0.0000e+00, 0.0000e+00, 
 2DIAGNOSTIC,    29, -8.447020520197e-01, 4.726790369364e-05, 0.0000e+00, 0.0000e+00, 
 2DIAGNOSTIC,    30, -8.446464430481e-01, 3.409455554380e-05, 0.0000e+00, 0.0000e+00, 
 2DIAGNOSTIC,    31, -8.446355706505e-01, 2.446119197331e-05, 0.0000e+00, 0.0000e+00, 
 2DIAGNOSTIC,    32, -8.446560738226e-01, 1.570388804277e-05, 0.0000e+00, 0.0000e+00, 
 2DIAGNOSTIC,    33, -8.446648943215e-01, 1.032429007536e-05, 0.0000e+00, 0.0000e+00, 
 2DIAGNOSTIC,    34, -8.446658362762e-01, 7.792889144521e-06, 0.0000e+00, 0.0000e+00, 
 2DIAGNOSTIC,    35, -8.446834123086e-01, 5.213322634250e-06, 0.0000e+00, 0.0000e+00, 
 2DIAGNOSTIC,    36, -8.446849369129e-01, 3.220994504352e-06, 0.0000e+00, 0.0000e+00, 
 2DIAGNOSTIC,    37, -8.446812876202e-01, 2.027317830347e-06, 0.0000e+00, 0.0000e+00, 
 2DIAGNOSTIC,    38, -8.446807553946e-01, 1.505623304299e-06, 0.0000e+00, 0.0000e+00, 
 2DIAGNOSTIC,    39, -8.446723598243e-01, 1.822609369023e-06, 0.0000e+00, 0.0000e+00, 
 2DIAGNOSTIC,    40, -8.446736037453e-01, 1.552479978760e-06, 0.0000e+00, 0.0000e+00, 
 2DIAGNOSTIC,    41, -8.446698158757e-01, 1.100493522692e-06, 0.0000e+00, 0.0000e+00, 
DIAGNOSTIC,Iteration,metricValue,convergenceValue,ITERATION_TIME_INDEX,SINCE_LAST
 2DIAGNOSTIC,     1, -7.144987072940e-01, 1.797693134862e+308, 0.0000e+00, 0.0000e+00, 
 2DIAGNOSTIC,     2, -7.152033385993e-01, 1.797693134862e+308, 0.0000e+00, 0.0000e+00, 
 2DIAGNOSTIC,     3, -7.158189935404e-01, 1.797693134862e+308, 0.0000e+00, 0.0000e+00, 
 2DIAGNOSTIC,     4, -7.163179954407e-01, 1.797693134862e+308, 0.0000e+00, 0.0000e+00, 
 2DIAGNOSTIC,     5, -7.170852954392e-01, 1.797693134862e+308, 0.0000e+00, 0.0000e+00, 
 2DIAGNOSTIC,     6, -7.177366957602e-01, 1.797693134862e+308, 0.0000e+00, 0.0000e+00, 
 2DIAGNOSTIC,     7, -7.177849778926e-01, 1.797693134862e+308, 0.0000e+00, 0.0000e+00, 
 2DIAGNOSTIC,     8, -7.178434209364e-01, 1.797693134862e+308, 0.0000e+00, 0.0000e+00, 
 2DIAGNOSTIC,     9, -7.179096506201e-01, 1.797693134862e+308, 0.0000e+00, 0.0000e+00, 
 2DIAGNOSTIC,    10, -7.179329284002e-01, 3.210822072411e-04, 0.0000e+00, 0.0000e+00, 
 2DIAGNOSTIC,    11, -7.179411590730e-01, 2.216362754298e-04, 0.0000e+00, 0.0000e+00, 
 2DIAGNOSTIC,    12, -7.179464379220e-01, 1.425944157622e-04, 0.0000e+00, 0.0000e+00, 
 2DIAGNOSTIC,    13, -7.179584117282e-01, 8.238176364145e-05, 0.0000e+00, 0.0000e+00, 
 2DIAGNOSTIC,    14, -7.179606083486e-01, 3.730164087003e-05, 0.0000e+00, 0.0000e+00, 
 2DIAGNOSTIC,    15, -7.179663328299e-01, 1.501135685324e-05, 0.0000e+00, 0.0000e+00, 
 2DIAGNOSTIC,    16, -7.179684004553e-01, 1.053074357919e-05, 0.0000e+00, 0.0000e+00, 
 2DIAGNOSTIC,    17, -7.179732289987e-01, 7.027610211367e-06, 0.0000e+00, 0.0000e+00, 
 2DIAGNOSTIC,    18, -7.179727733031e-01, 4.687989761248e-06, 0.0000e+00, 0.0000e+00, 
 2DIAGNOSTIC,    19, -7.179737399466e-01, 3.726765332605e-06, 0.0000e+00, 0.0000e+00, 
 2DIAGNOSTIC,    20, -7.179735841543e-01, 3.138981921197e-06, 0.0000e+00, 0.0000e+00, 
 2DIAGNOSTIC,    21, -7.179728054622e-01, 2.613151534728e-06, 0.0000e+00, 0.0000e+00, 
 2DIAGNOSTIC,    22, -7.179725872680e-01, 2.128606291715e-06, 0.0000e+00, 0.0000e+00, 
 2DIAGNOSTIC,    23, -7.179723041569e-01, 1.833439103927e-06, 0.0000e+00, 0.0000e+00, 
 2DIAGNOSTIC,    24, -7.179719790050e-01, 1.559203571033e-06, 0.0000e+00, 0.0000e+00, 
 2DIAGNOSTIC,    25, -7.179726019849e-01, 1.394104312491e-06, 0.0000e+00, 0.0000e+00, 
 2DIAGNOSTIC,    26, -7.179726244201e-01, 1.268271621092e-06, 0.0000e+00, 0.0000e+00, 
 2DIAGNOSTIC,    27, -7.179726244621e-01, 1.226827719088e-06, 0.0000e+00, 0.0000e+00, 
 2DIAGNOSTIC,    28, -7.179726244621e-01, 1.184652195195e-06, 0.0000e+00, 0.0000e+00, 
 2DIAGNOSTIC,    29, -7.179726244621e-01, 1.161378382436e-06, 0.0000e+00, 0.0000e+00, 
 2DIAGNOSTIC,    30, -7.179726244621e-01, 1.138759375262e-06, 0.0000e+00, 0.0000e+00, 
 2DIAGNOSTIC,    31, -7.179726244621e-01, 1.107108951480e-06, 0.0000e+00, 0.0000e+00, 
 2DIAGNOSTIC,    32, -7.179726244621e-01, 1.073968713128e-06, 0.0000e+00, 0.0000e+00, 
 2DIAGNOSTIC,    33, -7.179726244621e-01, 1.038590238651e-06, 0.0000e+00, 0.0000e+00, 
 2DIAGNOSTIC,    34, -7.179726244621e-01, 1.000543566086e-06, 0.0000e+00, 0.0000e+00, 
DIAGNOSTIC,Iteration,metricValue,convergenceValue,ITERATION_TIME_INDEX,SINCE_LAST
 2DIAGNOSTIC,     1, -6.112860168748e-01, 1.797693134862e+308, 0.0000e+00, 0.0000e+00, 
 2DIAGNOSTIC,     2, -6.117393110857e-01, 1.797693134862e+308, 0.0000e+00, 0.0000e+00, 
 2DIAGNOSTIC,     3, -6.122153346090e-01, 1.797693134862e+308, 0.0000e+00, 0.0000e+00, 
 2DIAGNOSTIC,     4, -6.127254962896e-01, 1.797693134862e+308, 0.0000e+00, 0.0000e+00, 
 2DIAGNOSTIC,     5, -6.132495513554e-01, 1.797693134862e+308, 0.0000e+00, 0.0000e+00, 
 2DIAGNOSTIC,     6, -6.137945804845e-01, 1.797693134862e+308, 0.0000e+00, 0.0000e+00, 
 2DIAGNOSTIC,     7, -6.137983630321e-01, 1.797693134862e+308, 0.0000e+00, 0.0000e+00, 
 2DIAGNOSTIC,     8, -6.138019238565e-01, 1.797693134862e+308, 0.0000e+00, 0.0000e+00, 
 2DIAGNOSTIC,     9, -6.138086263558e-01, 1.797693134862e+308, 0.0000e+00, 0.0000e+00, 
 2DIAGNOSTIC,    10, -6.138247389197e-01, 2.839545836592e-04, 0.0000e+00, 0.0000e+00, 
 2DIAGNOSTIC,    11, -6.138439865575e-01, 1.939801957105e-04, 0.0000e+00, 0.0000e+00, 
 2DIAGNOSTIC,    12, -6.138560108805e-01, 1.198265565533e-04, 0.0000e+00, 0.0000e+00, 
 2DIAGNOSTIC,    13, -6.138564147849e-01, 6.353887935856e-05, 0.0000e+00, 0.0000e+00, 
 2DIAGNOSTIC,    14, -6.138556421388e-01, 2.635997466867e-05, 0.0000e+00, 0.0000e+00, 
 2DIAGNOSTIC,    15, -6.138523558654e-01, 7.562663795674e-06, 0.0000e+00, 0.0000e+00, 
 2DIAGNOSTIC,    16, -6.138527403271e-01, 6.419037392874e-06, 0.0000e+00, 0.0000e+00, 
 2DIAGNOSTIC,    17, -6.138531353282e-01, 5.126078252538e-06, 0.0000e+00, 0.0000e+00, 
 2DIAGNOSTIC,    18, -6.138529624077e-01, 3.780752303388e-06, 0.0000e+00, 0.0000e+00, 
 2DIAGNOSTIC,    19, -6.138534061338e-01, 2.576339592358e-06, 0.0000e+00, 0.0000e+00, 
 2DIAGNOSTIC,    20, -6.138538103131e-01, 1.793881318483e-06, 0.0000e+00, 0.0000e+00, 
 2DIAGNOSTIC,    21, -6.138540022562e-01, 1.498306316308e-06, 0.0000e+00, 0.0000e+00, 
 2DIAGNOSTIC,    22, -6.138539887135e-01, 1.492296662374e-06, 0.0000e+00, 0.0000e+00, 
 2DIAGNOSTIC,    23, -6.138526759035e-01, 1.473494984132e-06, 0.0000e+00, 0.0000e+00, 
 2DIAGNOSTIC,    24, -6.138518598634e-01, 1.428751106196e-06, 0.0000e+00, 0.0000e+00, 
 2DIAGNOSTIC,    25, -6.138521570470e-01, 1.330911161314e-06, 0.0000e+00, 0.0000e+00, 
 2DIAGNOSTIC,    26, -6.138522014347e-01, 1.250119758558e-06, 0.0000e+00, 0.0000e+00, 
 2DIAGNOSTIC,    27, -6.138522277790e-01, 1.188184738071e-06, 0.0000e+00, 0.0000e+00, 
 2DIAGNOSTIC,    28, -6.138521435190e-01, 1.133577337713e-06, 0.0000e+00, 0.0000e+00, 
 2DIAGNOSTIC,    29, -6.138521371167e-01, 1.097561940881e-06, 0.0000e+00, 0.0000e+00, 
 2DIAGNOSTIC,    30, -6.138521132820e-01, 1.076471132073e-06, 0.0000e+00, 0.0000e+00, 
 2DIAGNOSTIC,    31, -6.138520351093e-01, 1.063380544737e-06, 0.0000e+00, 0.0000e+00, 
 2DIAGNOSTIC,    32, -6.138519947941e-01, 1.054013134230e-06, 0.0000e+00, 0.0000e+00, 
 2DIAGNOSTIC,    33, -6.138519630308e-01, 1.027574261653e-06, 0.0000e+00, 0.0000e+00, 
DIAGNOSTIC,Iteration,metricValue,convergenceValue,ITERATION_TIME_INDEX,SINCE_LAST
 2DIAGNOSTIC,     1, -5.416993742874e-01, 1.797693134862e+308, 0.0000e+00, 0.0000e+00, 
 2DIAGNOSTIC,     2, -5.419473435971e-01, 1.797693134862e+308, 0.0000e+00, 0.0000e+00, 
 2DIAGNOSTIC,     3, -5.421802408881e-01, 1.797693134862e+308, 0.0000e+00, 0.0000e+00, 
 2DIAGNOSTIC,     4, -5.423907665462e-01, 1.797693134862e+308, 0.0000e+00, 0.0000e+00, 
 2DIAGNOSTIC,     5, -5.425897561943e-01, 1.797693134862e+308, 0.0000e+00, 0.0000e+00, 
 2DIAGNOSTIC,     6, -5.426033086168e-01, 1.797693134862e+308, 0.0000e+00, 0.0000e+00, 
 2DIAGNOSTIC,     7, -5.426075781240e-01, 1.797693134862e+308, 0.0000e+00, 0.0000e+00, 
 2DIAGNOSTIC,     8, -5.426284571829e-01, 1.797693134862e+308, 0.0000e+00, 0.0000e+00, 
 2DIAGNOSTIC,     9, -5.426305844821e-01, 1.797693134862e+308, 0.0000e+00, 0.0000e+00, 
 2DIAGNOSTIC,    10, -5.426431177989e-01, 1.060386607196e-04, 0.0000e+00, 0.0000e+00, 
 2DIAGNOSTIC,    11, -5.426563161368e-01, 6.503863399106e-05, 0.0000e+00, 0.0000e+00, 
 2DIAGNOSTIC,    12, -5.426620343392e-01, 3.634089908684e-05, 0.0000e+00, 0.0000e+00, 
 2DIAGNOSTIC,    13, -5.426642484755e-01, 1.836533575345e-05, 0.0000e+00, 0.0000e+00, 
 2DIAGNOSTIC,    14, -5.426667525750e-01, 9.297698655111e-06, 0.0000e+00, 0.0000e+00, 
 2DIAGNOSTIC,    15, -5.426659912032e-01, 7.728402147411e-06, 0.0000e+00, 0.0000e+00, 
 2DIAGNOSTIC,    16, -5.426661081761e-01, 6.300812014387e-06, 0.0000e+00, 0.0000e+00, 
 2DIAGNOSTIC,    17, -5.426660740557e-01, 4.772095247213e-06, 0.0000e+00, 0.0000e+00, 
 2DIAGNOSTIC,    18, -5.426659225624e-01, 3.767091455838e-06, 0.0000e+00, 0.0000e+00, 
 2DIAGNOSTIC,    19, -5.426659405509e-01, 2.748918423917e-06, 0.0000e+00, 0.0000e+00, 
 2DIAGNOSTIC,    20, -5.426661610118e-01, 2.070345697144e-06, 0.0000e+00, 0.0000e+00, 
 2DIAGNOSTIC,    21, -5.426662013676e-01, 1.749576348999e-06, 0.0000e+00, 0.0000e+00, 
 2DIAGNOSTIC,    22, -5.426662191663e-01, 1.581346743482e-06, 0.0000e+00, 0.0000e+00, 
 2DIAGNOSTIC,    23, -5.426661858527e-01, 1.472405546925e-06, 0.0000e+00, 0.0000e+00, 
 2DIAGNOSTIC,    24, -5.426661942847e-01, 1.428460015419e-06, 0.0000e+00, 0.0000e+00, 
 2DIAGNOSTIC,    25, -5.426661368519e-01, 1.369547892212e-06, 0.0000e+00, 0.0000e+00, 
 2DIAGNOSTIC,    26, -5.426661185089e-01, 1.316239493718e-06, 0.0000e+00, 0.0000e+00, 
 2DIAGNOSTIC,    27, -5.426661204185e-01, 1.265601748436e-06, 0.0000e+00, 0.0000e+00, 
 2DIAGNOSTIC,    28, -5.426659707852e-01, 1.212387311038e-06, 0.0000e+00, 0.0000e+00, 
 2DIAGNOSTIC,    29, -5.426661462706e-01, 1.166491138301e-06, 0.0000e+00, 0.0000e+00, 
 2DIAGNOSTIC,    30, -5.426662793263e-01, 1.130258359905e-06, 0.0000e+00, 0.0000e+00, 
 2DIAGNOSTIC,    31, -5.426661872290e-01, 1.095703247342e-06, 0.0000e+00, 0.0000e+00, 
 2DIAGNOSTIC,    32, -5.426661678233e-01, 1.063507833271e-06, 0.0000e+00, 0.0000e+00, 
 2DIAGNOSTIC,    33, -5.426661678233e-01, 1.032671205443e-06, 0.0000e+00, 0.0000e+00, 
 2DIAGNOSTIC,    34, -5.426661575598e-01, 1.003342509246e-06, 0.0000e+00, 0.0000e+00, 
  Elapsed time (stage 0): 0.0000e+00


Total elapsed time: 0.0000e+00
VFC_BACKENDS=libinterflop_vprec.so --range-binary32=7 --precision-binary32=15 --range-binary64=7 --precision-binary64=15
Info [verificarlo]: loaded backend libinterflop_vprec.so
Info [interflop-vprec]: load backend with: 
Info [interflop-vprec]: precision-binary32 = 15
Info [interflop-vprec]: range-binary32 = 7
Info [interflop-vprec]: precision-binary64 = 15
Info [interflop-vprec]: range-binary64 = 7
Info [interflop-vprec]: mode = ob
Info [interflop-vprec]: error-mode = rel
Info [interflop-vprec]: max-abs-error-exponent = -1022
Info [interflop-vprec]: daz = false
Info [interflop-vprec]: ftz = false
Info [interflop-vprec]: 	instrument = none
Info [interflop-vprec]: 	prec-input-file = (null)
Info [interflop-vprec]: 	prec-output-file = (null)
Info [interflop-vprec]: 	prec-log-file = (null)
All_Command_lines_OK
Using double precision for computations.
=============================================================================
The composite transform comprises the following transforms (in order): 
  1. /project/rrg-glatard/mdugre/datasets/corr/RawDataBIDS/BMB_1/derivatives/vprec-space_search/0111/r7-p15/sub-0003060/affine_Composite.h5[0] (type = Euler3DTransform)
  2. /project/rrg-glatard/mdugre/datasets/corr/RawDataBIDS/BMB_1/derivatives/vprec-space_search/0111/r7-p15/sub-0003060/affine_Composite.h5[1] (type = Euler3DTransform)
  3. /project/rrg-glatard/mdugre/datasets/corr/RawDataBIDS/BMB_1/derivatives/vprec-space_search/0111/r7-p15/sub-0003060/affine_Composite.h5[2] (type = Euler3DTransform)
  4. /project/rrg-glatard/mdugre/datasets/corr/RawDataBIDS/BMB_1/derivatives/vprec-space_search/0111/r7-p15/sub-0003060/affine_Composite.h5[3] (type = AffineTransform)
=============================================================================
  number of levels = 4
  fixed image: /templateflow/tpl-MNI152NLin2009cAsym/tpl-MNI152NLin2009cAsym_res-01_desc-brain_T1w.nii.gz
  moving image: /project/rrg-glatard/mdugre/datasets/corr/RawDataBIDS/BMB_1/derivatives/antsBrainExtraction/sub-0003060/BrainExtractionBrain.nii.gz
Dimension = 3
Number of stages = 1
Use histogram matching = false
Winsorize image intensities = true
  Lower quantile = 0.005
  Upper quantile = 0.995


Stage 1 State
   Image metric = CC
     Fixed image = Image (0x417e4c0)
  RTTI typeinfo:   itk::Image<double, 3u>
  Reference Count: 2
  Modified Time: 1606
  Debug: Off
  Object Name: 
  Observers: 
    none
  Source: (none)
  Source output name: (none)
  Release Data: Off
  Data Released: False
  Global Release Data: Off
  PipelineMTime: 0
  UpdateMTime: 1217
  RealTimeStamp: 0 seconds 
  LargestPossibleRegion: 
    Dimension: 3
    Index: [0, 0, 0]
    Size: [193, 229, 193]
  BufferedRegion: 
    Dimension: 3
    Index: [0, 0, 0]
    Size: [193, 229, 193]
  RequestedRegion: 
    Dimension: 3
    Index: [0, 0, 0]
    Size: [193, 229, 193]
  Spacing: [1, 1, 1]
  Origin: [96, 132, -78]
  Direction: 
-1 0 0
0 -1 0
0 0 1

  IndexToPointMatrix: 
-1 0 0
0 -1 0
0 0 1

  PointToIndexMatrix: 
-1 0 0
0 -1 0
0 0 1

  Inverse Direction: 
-1 0 0
0 -1 0
0 0 1

  PixelContainer: 
    ImportImageContainer (0x424dbe0)
      RTTI typeinfo:   itk::ImportImageContainer<unsigned long, double>
      Reference Count: 1
      Modified Time: 1214
      Debug: Off
      Object Name: 
      Observers: 
        none
      Pointer: 0x1502dbddf010
      Container manages memory: true
      Size: 8530021
      Capacity: 8530021

     Moving image = Image (0x4238f40)
  RTTI typeinfo:   itk::Image<double, 3u>
  Reference Count: 2
  Modified Time: 1607
  Debug: Off
  Object Name: 
  Observers: 
    none
  Source: (none)
  Source output name: (none)
  Release Data: Off
  Data Released: False
  Global Release Data: Off
  PipelineMTime: 0
  UpdateMTime: 1604
  RealTimeStamp: 0 seconds 
  LargestPossibleRegion: 
    Dimension: 3
    Index: [0, 0, 0]
    Size: [176, 256, 256]
  BufferedRegion: 
    Dimension: 3
    Index: [0, 0, 0]
    Size: [176, 256, 256]
  RequestedRegion: 
    Dimension: 3
    Index: [0, 0, 0]
    Size: [176, 256, 256]
  Spacing: [1, 1, 1]
  Origin: [-84.6523, 101.383, -128.883]
  Direction: 
1 0 0
0 -1 0
0 0 1

  IndexToPointMatrix: 
1 0 0
0 -1 0
0 0 1

  PointToIndexMatrix: 
1 0 0
0 -1 0
0 0 1

  Inverse Direction: 
1 0 0
0 -1 0
0 0 1

  PixelContainer: 
    ImportImageContainer (0x4205b30)
      RTTI typeinfo:   itk::ImportImageContainer<unsigned long, double>
      Reference Count: 1
      Modified Time: 1601
      Debug: Off
      Object Name: 
      Observers: 
        none
      Pointer: 0x1502d65de010
      Container manages memory: true
      Size: 11534336
      Capacity: 11534336

     Weighting = 1
     Sampling strategy = none
     Number of bins = 32
     Radius = 4
     Sampling percentage  = 1
   Transform = SyN
     Gradient step = 0.1
     Update field sigma (voxel space) = 3
     Total field sigma (voxel space) = 0
     Update field time sigma = 0
     Total field time sigma  = 0
     Number of time indices = 0
     Number of time point samples = 0
Registration using 1 total stages.

Stage 0
  iterations = 100x70x50x20
  convergence threshold = 1e-06
  convergence window size = 10
  number of levels = 4
  using the CC metric (radius = 4, weight = 1, use gradient filter = 0)
  preprocessing:  winsorizing the image intensities
  Shrink factors (level 1 out of 4): [8, 8, 8]
  Shrink factors (level 2 out of 4): [4, 4, 4]
  Shrink factors (level 3 out of 4): [2, 2, 2]
  Shrink factors (level 4 out of 4): [1, 1, 1]
  smoothing sigmas per level: [3, 2, 1, 0]
  Using default NONE metricSamplingStrategy 

*** Running SyN registration (varianceForUpdateField = 3, varianceForTotalField = 0) ***

XXDIAGNOSTIC,Iteration,metricValue,convergenceValue,ITERATION_TIME_INDEX,SINCE_LAST
 1DIAGNOSTIC,     1, -9.325103759766e-01, 1.797693134862e+308, 0.0000e+00, 0.0000e+00, 
 1DIAGNOSTIC,     2, -9.400634765625e-01, 1.797693134862e+308, 0.0000e+00, 0.0000e+00, 
 1DIAGNOSTIC,     3, -9.462432861328e-01, 1.797693134862e+308, 0.0000e+00, 0.0000e+00, 
 1DIAGNOSTIC,     4, -9.492492675781e-01, 1.797693134862e+308, 0.0000e+00, 0.0000e+00, 
 1DIAGNOSTIC,     5, -9.518585205078e-01, 1.797693134862e+308, 0.0000e+00, 0.0000e+00, 
 1DIAGNOSTIC,     6, -9.541931152344e-01, 1.797693134862e+308, 0.0000e+00, 0.0000e+00, 
 1DIAGNOSTIC,     7, -9.563751220703e-01, 1.797693134862e+308, 0.0000e+00, 0.0000e+00, 
 1DIAGNOSTIC,     8, -9.585571289062e-01, 1.797693134862e+308, 0.0000e+00, 0.0000e+00, 
 1DIAGNOSTIC,     9, -9.607238769531e-01, 1.797693134862e+308, 0.0000e+00, 0.0000e+00, 
 1DIAGNOSTIC,    10, -9.628753662109e-01, 1.819087886635e-03, 0.0000e+00, 0.0000e+00, 
 1DIAGNOSTIC,    11, -9.647216796875e-01, 1.379265657388e-03, 0.0000e+00, 0.0000e+00, 
 1DIAGNOSTIC,    12, -9.663848876953e-01, 1.115538936827e-03, 0.0000e+00, 0.0000e+00, 
 1DIAGNOSTIC,    13, -9.678039550781e-01, 9.650614893810e-04, 0.0000e+00, 0.0000e+00, 
 1DIAGNOSTIC,    14, -9.689788818359e-01, 8.366069394281e-04, 0.0000e+00, 0.0000e+00, 
 1DIAGNOSTIC,    15, -9.699859619141e-01, 7.200845004799e-04, 0.0000e+00, 0.0000e+00, 
 1DIAGNOSTIC,    16, -9.708251953125e-01, 6.106908766777e-04, 0.0000e+00, 0.0000e+00, 
 1DIAGNOSTIC,    17, -9.715576171875e-01, 5.085741435781e-04, 0.0000e+00, 0.0000e+00, 
 1DIAGNOSTIC,    18, -9.721679687500e-01, 4.165656474362e-04, 0.0000e+00, 0.0000e+00, 
 1DIAGNOSTIC,    19, -9.726715087891e-01, 3.370091249774e-04, 0.0000e+00, 0.0000e+00, 
 1DIAGNOSTIC,    20, -9.731597900391e-01, 2.729933202802e-04, 0.0000e+00, 0.0000e+00, 
 1DIAGNOSTIC,    21, -9.735412597656e-01, 2.208365740154e-04, 0.0000e+00, 0.0000e+00, 
 1DIAGNOSTIC,    22, -9.738159179688e-01, 1.787214438908e-04, 0.0000e+00, 0.0000e+00, 
 1DIAGNOSTIC,    23, -9.741668701172e-01, 1.462409399142e-04, 0.0000e+00, 0.0000e+00, 
 1DIAGNOSTIC,    24, -9.742889404297e-01, 1.186446772279e-04, 0.0000e+00, 0.0000e+00, 
 1DIAGNOSTIC,    25, -9.745941162109e-01, 9.762906144899e-05, 0.0000e+00, 0.0000e+00, 
 1DIAGNOSTIC,    26, -9.743957519531e-01, 7.628498527754e-05, 0.0000e+00, 0.0000e+00, 
 1DIAGNOSTIC,    27, -9.745635986328e-01, 5.931519136837e-05, 0.0000e+00, 0.0000e+00, 
 1DIAGNOSTIC,    28, -9.743041992188e-01, 4.166592168073e-05, 0.0000e+00, 0.0000e+00, 
 1DIAGNOSTIC,    29, -9.745178222656e-01, 2.867964690729e-05, 0.0000e+00, 0.0000e+00, 
 1DIAGNOSTIC,    30, -9.743347167969e-01, 1.683424767418e-05, 0.0000e+00, 0.0000e+00, 
 1DIAGNOSTIC,    31, -9.745635986328e-01, 1.010455494758e-05, 0.0000e+00, 0.0000e+00, 
 1DIAGNOSTIC,    32, -9.743804931641e-01, 3.697212089739e-06, 0.0000e+00, 0.0000e+00, 
 1DIAGNOSTIC,    33, -9.745788574219e-01, 2.373768460989e-06, 0.0000e+00, 0.0000e+00, 
 1DIAGNOSTIC,    34, -9.743957519531e-01, 3.488686834904e-07, 0.0000e+00, 0.0000e+00, 
XXDIAGNOSTIC,Iteration,metricValue,convergenceValue,ITERATION_TIME_INDEX,SINCE_LAST
 1DIAGNOSTIC,     1, -9.137420654297e-01, 1.797693134862e+308, 0.0000e+00, 0.0000e+00, 
 1DIAGNOSTIC,     2, -9.164733886719e-01, 1.797693134862e+308, 0.0000e+00, 0.0000e+00, 
 1DIAGNOSTIC,     3, -9.193115234375e-01, 1.797693134862e+308, 0.0000e+00, 0.0000e+00, 
 1DIAGNOSTIC,     4, -9.224243164062e-01, 1.797693134862e+308, 0.0000e+00, 0.0000e+00, 
 1DIAGNOSTIC,     5, -9.252319335938e-01, 1.797693134862e+308, 0.0000e+00, 0.0000e+00, 
 1DIAGNOSTIC,     6, -9.278106689453e-01, 1.797693134862e+308, 0.0000e+00, 0.0000e+00, 
 1DIAGNOSTIC,     7, -9.300384521484e-01, 1.797693134862e+308, 0.0000e+00, 0.0000e+00, 
 1DIAGNOSTIC,     8, -9.320983886719e-01, 1.797693134862e+308, 0.0000e+00, 0.0000e+00, 
 1DIAGNOSTIC,     9, -9.338531494141e-01, 1.797693134862e+308, 0.0000e+00, 0.0000e+00, 
 1DIAGNOSTIC,    10, -9.353942871094e-01, 1.532282826505e-03, 0.0000e+00, 0.0000e+00, 
 1DIAGNOSTIC,    11, -9.367980957031e-01, 1.284923653517e-03, 0.0000e+00, 0.0000e+00, 
 1DIAGNOSTIC,    12, -9.380187988281e-01, 1.063999932612e-03, 0.0000e+00, 0.0000e+00, 
 1DIAGNOSTIC,    13, -9.389648437500e-01, 8.694119997328e-04, 0.0000e+00, 0.0000e+00, 
 1DIAGNOSTIC,    14, -9.397430419922e-01, 7.082145589073e-04, 0.0000e+00, 0.0000e+00, 
 1DIAGNOSTIC,    15, -9.404296875000e-01, 5.746528689679e-04, 0.0000e+00, 0.0000e+00, 
 1DIAGNOSTIC,    16, -9.410247802734e-01, 4.653180830694e-04, 0.0000e+00, 0.0000e+00, 
 1DIAGNOSTIC,    17, -9.415283203125e-01, 3.746989325289e-04, 0.0000e+00, 0.0000e+00, 
 1DIAGNOSTIC,    18, -9.420013427734e-01, 3.022716171020e-04, 0.0000e+00, 0.0000e+00, 
 1DIAGNOSTIC,    19, -9.424438476562e-01, 2.445784684496e-04, 0.0000e+00, 0.0000e+00, 
 1DIAGNOSTIC,    20, -9.428100585938e-01, 1.988226840701e-04, 0.0000e+00, 0.0000e+00, 
 1DIAGNOSTIC,    21, -9.431610107422e-01, 1.642220411797e-04, 0.0000e+00, 0.0000e+00, 
 1DIAGNOSTIC,    22, -9.434814453125e-01, 1.386983519936e-04, 0.0000e+00, 0.0000e+00, 
 1DIAGNOSTIC,    23, -9.437713623047e-01, 1.187381879464e-04, 0.0000e+00, 0.0000e+00, 
 1DIAGNOSTIC,    24, -9.440307617188e-01, 1.024421858131e-04, 0.0000e+00, 0.0000e+00, 
 1DIAGNOSTIC,    25, -9.442749023438e-01, 8.915956248792e-05, 0.0000e+00, 0.0000e+00, 
 1DIAGNOSTIC,    26, -9.445037841797e-01, 7.817484307224e-05, 0.0000e+00, 0.0000e+00, 
 1DIAGNOSTIC,    27, -9.447174072266e-01, 6.873431587084e-05, 0.0000e+00, 0.0000e+00, 
 1DIAGNOSTIC,    28, -9.449005126953e-01, 6.062909100854e-05, 0.0000e+00, 0.0000e+00, 
 1DIAGNOSTIC,    29, -9.450836181641e-01, 5.395948069442e-05, 0.0000e+00, 0.0000e+00, 
 1DIAGNOSTIC,    30, -9.452514648438e-01, 4.807975268785e-05, 0.0000e+00, 0.0000e+00, 
 1DIAGNOSTIC,    31, -9.454040527344e-01, 4.300216342207e-05, 0.0000e+00, 0.0000e+00, 
 1DIAGNOSTIC,    32, -9.455566406250e-01, 3.870348078546e-05, 0.0000e+00, 0.0000e+00, 
 1DIAGNOSTIC,    33, -9.456939697266e-01, 3.497632534129e-05, 0.0000e+00, 0.0000e+00, 
 1DIAGNOSTIC,    34, -9.458160400391e-01, 3.160663135888e-05, 0.0000e+00, 0.0000e+00, 
 1DIAGNOSTIC,    35, -9.459381103516e-01, 2.865581884360e-05, 0.0000e+00, 0.0000e+00, 
 1DIAGNOSTIC,    36, -9.460601806641e-01, 2.615391883316e-05, 0.0000e+00, 0.0000e+00, 
 1DIAGNOSTIC,    37, -9.461669921875e-01, 2.398022965631e-05, 0.0000e+00, 0.0000e+00, 
 1DIAGNOSTIC,    38, -9.462738037109e-01, 2.200716492916e-05, 0.0000e+00, 0.0000e+00, 
 1DIAGNOSTIC,    39, -9.463653564453e-01, 2.023115385927e-05, 0.0000e+00, 0.0000e+00, 
 1DIAGNOSTIC,    40, -9.464569091797e-01, 1.864026333925e-05, 0.0000e+00, 0.0000e+00, 
 1DIAGNOSTIC,    41, -9.465484619141e-01, 1.720727552522e-05, 0.0000e+00, 0.0000e+00, 
 1DIAGNOSTIC,    42, -9.466400146484e-01, 1.601579867063e-05, 0.0000e+00, 0.0000e+00, 
 1DIAGNOSTIC,    43, -9.464569091797e-01, 1.308791970004e-05, 0.0000e+00, 0.0000e+00, 
 1DIAGNOSTIC,    44, -9.464874267578e-01, 1.020418391913e-05, 0.0000e+00, 0.0000e+00, 
 1DIAGNOSTIC,    45, -9.462738037109e-01, 5.904208691076e-06, 0.0000e+00, 0.0000e+00, 
 1DIAGNOSTIC,    46, -9.463958740234e-01, 2.911315012191e-06, 0.0000e+00, 0.0000e+00, 
 1DIAGNOSTIC,    47, -9.462280273438e-01, -5.998568703910e-07, 0.0000e+00, 0.0000e+00, 
XXDIAGNOSTIC,Iteration,metricValue,convergenceValue,ITERATION_TIME_INDEX,SINCE_LAST
 1DIAGNOSTIC,     1, -9.000396728516e-01, 1.797693134862e+308, 0.0000e+00, 0.0000e+00, 
 1DIAGNOSTIC,     2, -9.021301269531e-01, 1.797693134862e+308, 0.0000e+00, 0.0000e+00, 
 1DIAGNOSTIC,     3, -9.046783447266e-01, 1.797693134862e+308, 0.0000e+00, 0.0000e+00, 
 1DIAGNOSTIC,     4, -9.069824218750e-01, 1.797693134862e+308, 0.0000e+00, 0.0000e+00, 
 1DIAGNOSTIC,     5, -9.090118408203e-01, 1.797693134862e+308, 0.0000e+00, 0.0000e+00, 
 1DIAGNOSTIC,     6, -9.108581542969e-01, 1.797693134862e+308, 0.0000e+00, 0.0000e+00, 
 1DIAGNOSTIC,     7, -9.125366210938e-01, 1.797693134862e+308, 0.0000e+00, 0.0000e+00, 
 1DIAGNOSTIC,     8, -9.141235351562e-01, 1.797693134862e+308, 0.0000e+00, 0.0000e+00, 
 1DIAGNOSTIC,     9, -9.156036376953e-01, 1.797693134862e+308, 0.0000e+00, 0.0000e+00, 
 1DIAGNOSTIC,    10, -9.170074462891e-01, 1.199501740015e-03, 0.0000e+00, 0.0000e+00, 
 1DIAGNOSTIC,    11, -9.181823730469e-01, 1.012044831543e-03, 0.0000e+00, 0.0000e+00, 
 1DIAGNOSTIC,    12, -9.192810058594e-01, 8.473343272084e-04, 0.0000e+00, 0.0000e+00, 
 1DIAGNOSTIC,    13, -9.200897216797e-01, 7.113821116004e-04, 0.0000e+00, 0.0000e+00, 
 1DIAGNOSTIC,    14, -9.209289550781e-01, 5.998120701174e-04, 0.0000e+00, 0.0000e+00, 
 1DIAGNOSTIC,    15, -9.214630126953e-01, 5.011735547041e-04, 0.0000e+00, 0.0000e+00, 
 1DIAGNOSTIC,    16, -9.220733642578e-01, 4.165021570444e-04, 0.0000e+00, 0.0000e+00, 
 1DIAGNOSTIC,    17, -9.224548339844e-01, 3.409138569708e-04, 0.0000e+00, 0.0000e+00, 
 1DIAGNOSTIC,    18, -9.229736328125e-01, 2.784738229307e-04, 0.0000e+00, 0.0000e+00, 
 1DIAGNOSTIC,    19, -9.234466552734e-01, 2.285217002755e-04, 0.0000e+00, 0.0000e+00, 
 1DIAGNOSTIC,    20, -9.237365722656e-01, 1.884883490934e-04, 0.0000e+00, 0.0000e+00, 
 1DIAGNOSTIC,    21, -9.240264892578e-01, 1.563190301932e-04, 0.0000e+00, 0.0000e+00, 
 1DIAGNOSTIC,    22, -9.243469238281e-01, 1.324987929694e-04, 0.0000e+00, 0.0000e+00, 
 1DIAGNOSTIC,    23, -9.247894287109e-01, 1.151102161185e-04, 0.0000e+00, 0.0000e+00, 
 1DIAGNOSTIC,    24, -9.251098632812e-01, 1.032950442478e-04, 0.0000e+00, 0.0000e+00, 
 1DIAGNOSTIC,    25, -9.254455566406e-01, 9.351533073721e-05, 0.0000e+00, 0.0000e+00, 
 1DIAGNOSTIC,    26, -9.257812500000e-01, 8.706797788123e-05, 0.0000e+00, 0.0000e+00, 
 1DIAGNOSTIC,    27, -9.261016845703e-01, 8.092784387301e-05, 0.0000e+00, 0.0000e+00, 
 1DIAGNOSTIC,    28, -9.264068603516e-01, 7.666241190360e-05, 0.0000e+00, 0.0000e+00, 
 1DIAGNOSTIC,    29, -9.267120361328e-01, 7.379573641626e-05, 0.0000e+00, 0.0000e+00, 
 1DIAGNOSTIC,    30, -9.270172119141e-01, 7.033964041324e-05, 0.0000e+00, 0.0000e+00, 
 1DIAGNOSTIC,    31, -9.273071289062e-01, 6.627541274445e-05, 0.0000e+00, 0.0000e+00, 
 1DIAGNOSTIC,    32, -9.275970458984e-01, 6.208529872753e-05, 0.0000e+00, 0.0000e+00, 
 1DIAGNOSTIC,    33, -9.278411865234e-01, 5.873055527529e-05, 0.0000e+00, 0.0000e+00, 
 1DIAGNOSTIC,    34, -9.280700683594e-01, 5.503111390388e-05, 0.0000e+00, 0.0000e+00, 
 1DIAGNOSTIC,    35, -9.282836914062e-01, 5.119845358669e-05, 0.0000e+00, 0.0000e+00, 
 1DIAGNOSTIC,    36, -9.284667968750e-01, 4.719584677022e-05, 0.0000e+00, 0.0000e+00, 
 1DIAGNOSTIC,    37, -9.286193847656e-01, 4.290891024982e-05, 0.0000e+00, 0.0000e+00, 
 1DIAGNOSTIC,    38, -9.287872314453e-01, 3.865280707469e-05, 0.0000e+00, 0.0000e+00, 
 1DIAGNOSTIC,    39, -9.289245605469e-01, 3.447288944854e-05, 0.0000e+00, 0.0000e+00, 
 1DIAGNOSTIC,    40, -9.290618896484e-01, 3.067192704920e-05, 0.0000e+00, 0.0000e+00, 
 1DIAGNOSTIC,    41, -9.291839599609e-01, 2.727039490194e-05, 0.0000e+00, 0.0000e+00, 
 1DIAGNOSTIC,    42, -9.293060302734e-01, 2.450249116731e-05, 0.0000e+00, 0.0000e+00, 
 1DIAGNOSTIC,    43, -9.294128417969e-01, 2.208460359279e-05, 0.0000e+00, 0.0000e+00, 
 1DIAGNOSTIC,    44, -9.295349121094e-01, 2.017038057433e-05, 0.0000e+00, 0.0000e+00, 
 1DIAGNOSTIC,    45, -9.296417236328e-01, 1.865374629434e-05, 0.0000e+00, 0.0000e+00, 
 1DIAGNOSTIC,    46, -9.297485351562e-01, 1.741396817530e-05, 0.0000e+00, 0.0000e+00, 
 1DIAGNOSTIC,    47, -9.298553466797e-01, 1.630862244337e-05, 0.0000e+00, 0.0000e+00, 
 1DIAGNOSTIC,    48, -9.299621582031e-01, 1.550097720169e-05, 0.0000e+00, 0.0000e+00, 
 1DIAGNOSTIC,    49, -9.300689697266e-01, 1.482335225475e-05, 0.0000e+00, 0.0000e+00, 
 1DIAGNOSTIC,    50, -9.301910400391e-01, 1.439865169295e-05, 0.0000e+00, 0.0000e+00, 
XXDIAGNOSTIC,Iteration,metricValue,convergenceValue,ITERATION_TIME_INDEX,SINCE_LAST
 1DIAGNOSTIC,     1, -8.846435546875e-01, 1.797693134862e+308, 0.0000e+00, 0.0000e+00, 
 1DIAGNOSTIC,     2, -8.856201171875e-01, 1.797693134862e+308, 0.0000e+00, 0.0000e+00, 
 1DIAGNOSTIC,     3, -8.869476318359e-01, 1.797693134862e+308, 0.0000e+00, 0.0000e+00, 
 1DIAGNOSTIC,     4, -8.882141113281e-01, 1.797693134862e+308, 0.0000e+00, 0.0000e+00, 
 1DIAGNOSTIC,     5, -8.894653320312e-01, 1.797693134862e+308, 0.0000e+00, 0.0000e+00, 
 1DIAGNOSTIC,     6, -8.906860351562e-01, 1.797693134862e+308, 0.0000e+00, 0.0000e+00, 
 1DIAGNOSTIC,     7, -8.918304443359e-01, 1.797693134862e+308, 0.0000e+00, 0.0000e+00, 
 1DIAGNOSTIC,     8, -8.929595947266e-01, 1.797693134862e+308, 0.0000e+00, 0.0000e+00, 
 1DIAGNOSTIC,     9, -8.941650390625e-01, 1.797693134862e+308, 0.0000e+00, 0.0000e+00, 
 1DIAGNOSTIC,    10, -8.954162597656e-01, 7.809447801376e-04, 0.0000e+00, 0.0000e+00, 
 1DIAGNOSTIC,    11, -8.966369628906e-01, 7.113598733382e-04, 0.0000e+00, 0.0000e+00, 
 1DIAGNOSTIC,    12, -8.977661132812e-01, 6.450561709838e-04, 0.0000e+00, 0.0000e+00, 
 1DIAGNOSTIC,    13, -8.987426757812e-01, 5.868622438271e-04, 0.0000e+00, 0.0000e+00, 
 1DIAGNOSTIC,    14, -8.996124267578e-01, 5.319752356945e-04, 0.0000e+00, 0.0000e+00, 
 1DIAGNOSTIC,    15, -9.004974365234e-01, 4.808590594363e-04, 0.0000e+00, 0.0000e+00, 
 1DIAGNOSTIC,    16, -9.012756347656e-01, 4.314849036117e-04, 0.0000e+00, 0.0000e+00, 
 1DIAGNOSTIC,    17, -9.020996093750e-01, 3.848410721135e-04, 0.0000e+00, 0.0000e+00, 
 1DIAGNOSTIC,    18, -9.028015136719e-01, 3.399755139632e-04, 0.0000e+00, 0.0000e+00, 
 1DIAGNOSTIC,    19, -9.034271240234e-01, 2.987927901205e-04, 0.0000e+00, 0.0000e+00, 
 1DIAGNOSTIC,    20, -9.039459228516e-01, 2.619086976921e-04, 0.0000e+00, 0.0000e+00, 
  Elapsed time (stage 0): 0


Total elapsed time: 0
