
##########################
# Experiment information #
##########################
SIF_IMG: /project/rrg-glatard/mdugre/containers/ants-p2-vprec.sif
EXPERIMENT_NAME: vprec-space_search
CONFIG: 0111
VFC_BACKENDS: libinterflop_vprec.so --range-binary32=8 --precision-binary32=20 --range-binary64=8 --precision-binary64=20

FIXED_IMG: /templateflow/tpl-MNI152NLin2009cAsym/tpl-MNI152NLin2009cAsym_res-01_desc-brain_T1w.nii.gz
SUBJECT_ID: 0003021
INPUT_IMG: /project/rrg-glatard/mdugre/datasets/corr/RawDataBIDS/BMB_1/derivatives/antsBrainExtraction/sub-0003021/BrainExtractionBrain.nii.gz
OUTPUT_DIR: /project/rrg-glatard/mdugre/datasets/corr/RawDataBIDS/BMB_1/derivatives/vprec-space_search/0111/r8-p20/sub-0003021

ITK_GLOBAL_DEFAULT_NUMBER_OF_THREADS: 8
##########################

VFC_BACKENDS=libinterflop_ieee.so
Info [verificarlo]: loaded backend libinterflop_ieee.so
Info [interflop-ieee]: load backend with:
Info [interflop-ieee]: debug = false
Info [interflop-ieee]: debug-binary = false
Info [interflop-ieee]: no-backend-name = false
Info [interflop-ieee]: print-new-line = false
Info [interflop-ieee]: print-subnormal-normalized = false
Info [interflop-ieee]: count-op = false
All_Command_lines_OK
Using double precision for computations.
=============================================================================
The composite transform comprises the following transforms (in order): 
  1. Center of mass alignment using fixed image: /templateflow/tpl-MNI152NLin2009cAsym/tpl-MNI152NLin2009cAsym_res-01_desc-brain_T1w.nii.gz and moving image: /project/rrg-glatard/mdugre/datasets/corr/RawDataBIDS/BMB_1/derivatives/antsBrainExtraction/sub-0003021/BrainExtractionBrain.nii.gz (type = Euler3DTransform)
=============================================================================
  number of levels = 1
  fixed image: /templateflow/tpl-MNI152NLin2009cAsym/tpl-MNI152NLin2009cAsym_res-01_desc-brain_T1w.nii.gz
  moving image: /project/rrg-glatard/mdugre/datasets/corr/RawDataBIDS/BMB_1/derivatives/antsBrainExtraction/sub-0003021/BrainExtractionBrain.nii.gz
Dimension = 3
Number of stages = 1
Use histogram matching = false
Winsorize image intensities = true
  Lower quantile = 0.005
  Upper quantile = 0.995


Stage 1 State
   Image metric = MattesMI
     Fixed image = Image (0x4b17390)
  RTTI typeinfo:   itk::Image<double, 3u>
  Reference Count: 2
  Modified Time: 2330
  Debug: Off
  Object Name: 
  Observers: 
    none
  Source: (none)
  Source output name: (none)
  Release Data: Off
  Data Released: False
  Global Release Data: Off
  PipelineMTime: 0
  UpdateMTime: 1941
  RealTimeStamp: 0 seconds 
  LargestPossibleRegion: 
    Dimension: 3
    Index: [0, 0, 0]
    Size: [193, 229, 193]
  BufferedRegion: 
    Dimension: 3
    Index: [0, 0, 0]
    Size: [193, 229, 193]
  RequestedRegion: 
    Dimension: 3
    Index: [0, 0, 0]
    Size: [193, 229, 193]
  Spacing: [1, 1, 1]
  Origin: [96, 132, -78]
  Direction: 
-1 0 0
0 -1 0
0 0 1

  IndexToPointMatrix: 
-1 0 0
0 -1 0
0 0 1

  PointToIndexMatrix: 
-1 0 0
0 -1 0
0 0 1

  Inverse Direction: 
-1 0 0
0 -1 0
0 0 1

  PixelContainer: 
    ImportImageContainer (0x4be2a90)
      RTTI typeinfo:   itk::ImportImageContainer<unsigned long, double>
      Reference Count: 1
      Modified Time: 1938
      Debug: Off
      Object Name: 
      Observers: 
        none
      Pointer: 0x1505c0f63010
      Container manages memory: true
      Size: 8530021
      Capacity: 8530021

     Moving image = Image (0x4b1c390)
  RTTI typeinfo:   itk::Image<double, 3u>
  Reference Count: 2
  Modified Time: 2331
  Debug: Off
  Object Name: 
  Observers: 
    none
  Source: (none)
  Source output name: (none)
  Release Data: Off
  Data Released: False
  Global Release Data: Off
  PipelineMTime: 0
  UpdateMTime: 2328
  RealTimeStamp: 0 seconds 
  LargestPossibleRegion: 
    Dimension: 3
    Index: [0, 0, 0]
    Size: [176, 256, 256]
  BufferedRegion: 
    Dimension: 3
    Index: [0, 0, 0]
    Size: [176, 256, 256]
  RequestedRegion: 
    Dimension: 3
    Index: [0, 0, 0]
    Size: [176, 256, 256]
  Spacing: [1, 1, 1]
  Origin: [-92.1464, 106.518, -129.634]
  Direction: 
1 0 0
0 -1 0
0 0 1

  IndexToPointMatrix: 
1 0 0
0 -1 0
0 0 1

  PointToIndexMatrix: 
1 0 0
0 -1 0
0 0 1

  Inverse Direction: 
1 0 0
0 -1 0
0 0 1

  PixelContainer: 
    ImportImageContainer (0x4cc2b90)
      RTTI typeinfo:   itk::ImportImageContainer<unsigned long, double>
      Reference Count: 1
      Modified Time: 2325
      Debug: Off
      Object Name: 
      Observers: 
        none
      Pointer: 0x1505bb762010
      Container manages memory: true
      Size: 11534336
      Capacity: 11534336

     Weighting = 1
     Sampling strategy = regular
     Number of bins = 32
     Radius = 4
     Sampling percentage  = 0.25
   Transform = Rigid
     Gradient step = 0.1
     Update field sigma (voxel space) = 0
     Total field sigma (voxel space) = 0
     Update field time sigma = 0
     Total field time sigma  = 0
     Number of time indices = 0
     Number of time point samples = 0
Registration using 1 total stages.

Stage 0
  iterations = 0
  convergence threshold = 1e-06
  convergence window size = 10
  number of levels = 1
  using the Mattes MI metric (number of bins = 32, weight = 1, use gradient filter = 0)
  preprocessing:  winsorizing the image intensities
  Shrink factors (level 1 out of 1): [1, 1, 1]
  smoothing sigmas per level: [0]
  regular sampling (percentage = 0.25)

*** Running Euler3DTransform registration ***

  Elapsed time (stage 0): 0.931736


Total elapsed time: 0.933214
VFC_BACKENDS=libinterflop_vprec.so --range-binary32=8 --precision-binary32=20 --range-binary64=8 --precision-binary64=20
Info [verificarlo]: loaded backend libinterflop_vprec.so
Info [interflop-vprec]: load backend with: 
Info [interflop-vprec]: precision-binary32 = 20
Info [interflop-vprec]: range-binary32 = 8
Info [interflop-vprec]: precision-binary64 = 20
Info [interflop-vprec]: range-binary64 = 8
Info [interflop-vprec]: mode = ob
Info [interflop-vprec]: error-mode = rel
Info [interflop-vprec]: max-abs-error-exponent = -1022
Info [interflop-vprec]: daz = false
Info [interflop-vprec]: ftz = false
Info [interflop-vprec]: 	instrument = none
Info [interflop-vprec]: 	prec-input-file = (null)
Info [interflop-vprec]: 	prec-output-file = (null)
Info [interflop-vprec]: 	prec-log-file = (null)
All_Command_lines_OK
Using double precision for computations.
=============================================================================
The composite transform comprises the following transforms (in order): 
  1. /project/rrg-glatard/mdugre/datasets/corr/RawDataBIDS/BMB_1/derivatives/vprec-space_search/0111/r8-p20/sub-0003021/align_Composite.h5[0] (type = Euler3DTransform)
  2. /project/rrg-glatard/mdugre/datasets/corr/RawDataBIDS/BMB_1/derivatives/vprec-space_search/0111/r8-p20/sub-0003021/align_Composite.h5[1] (type = Euler3DTransform)
=============================================================================
  number of levels = 4
  fixed image: /templateflow/tpl-MNI152NLin2009cAsym/tpl-MNI152NLin2009cAsym_res-01_desc-brain_T1w.nii.gz
  moving image: /project/rrg-glatard/mdugre/datasets/corr/RawDataBIDS/BMB_1/derivatives/antsBrainExtraction/sub-0003021/BrainExtractionBrain.nii.gz
Dimension = 3
Number of stages = 1
Use histogram matching = false
Winsorize image intensities = true
  Lower quantile = 0.005
  Upper quantile = 0.995


Stage 1 State
   Image metric = MattesMI
     Fixed image = Image (0x3ffc300)
  RTTI typeinfo:   itk::Image<double, 3u>
  Reference Count: 2
  Modified Time: 1578
  Debug: Off
  Object Name: 
  Observers: 
    none
  Source: (none)
  Source output name: (none)
  Release Data: Off
  Data Released: False
  Global Release Data: Off
  PipelineMTime: 0
  UpdateMTime: 1189
  RealTimeStamp: 0 seconds 
  LargestPossibleRegion: 
    Dimension: 3
    Index: [0, 0, 0]
    Size: [193, 229, 193]
  BufferedRegion: 
    Dimension: 3
    Index: [0, 0, 0]
    Size: [193, 229, 193]
  RequestedRegion: 
    Dimension: 3
    Index: [0, 0, 0]
    Size: [193, 229, 193]
  Spacing: [1, 1, 1]
  Origin: [96, 132, -78]
  Direction: 
-1 0 0
0 -1 0
0 0 1

  IndexToPointMatrix: 
-1 0 0
0 -1 0
0 0 1

  PointToIndexMatrix: 
-1 0 0
0 -1 0
0 0 1

  Inverse Direction: 
-1 0 0
0 -1 0
0 0 1

  PixelContainer: 
    ImportImageContainer (0x40bad00)
      RTTI typeinfo:   itk::ImportImageContainer<unsigned long, double>
      Reference Count: 1
      Modified Time: 1186
      Debug: Off
      Object Name: 
      Observers: 
        none
      Pointer: 0x14a23b1ec010
      Container manages memory: true
      Size: 8530021
      Capacity: 8530021

     Moving image = Image (0x40b7030)
  RTTI typeinfo:   itk::Image<double, 3u>
  Reference Count: 2
  Modified Time: 1579
  Debug: Off
  Object Name: 
  Observers: 
    none
  Source: (none)
  Source output name: (none)
  Release Data: Off
  Data Released: False
  Global Release Data: Off
  PipelineMTime: 0
  UpdateMTime: 1576
  RealTimeStamp: 0 seconds 
  LargestPossibleRegion: 
    Dimension: 3
    Index: [0, 0, 0]
    Size: [176, 256, 256]
  BufferedRegion: 
    Dimension: 3
    Index: [0, 0, 0]
    Size: [176, 256, 256]
  RequestedRegion: 
    Dimension: 3
    Index: [0, 0, 0]
    Size: [176, 256, 256]
  Spacing: [1, 1, 1]
  Origin: [-92.1464, 106.518, -129.634]
  Direction: 
1 0 0
0 -1 0
0 0 1

  IndexToPointMatrix: 
1 0 0
0 -1 0
0 0 1

  PointToIndexMatrix: 
1 0 0
0 -1 0
0 0 1

  Inverse Direction: 
1 0 0
0 -1 0
0 0 1

  PixelContainer: 
    ImportImageContainer (0x40ba680)
      RTTI typeinfo:   itk::ImportImageContainer<unsigned long, double>
      Reference Count: 1
      Modified Time: 1573
      Debug: Off
      Object Name: 
      Observers: 
        none
      Pointer: 0x14a2359eb010
      Container manages memory: true
      Size: 11534336
      Capacity: 11534336

     Weighting = 1
     Sampling strategy = regular
     Number of bins = 32
     Radius = 4
     Sampling percentage  = 0.25
   Transform = Rigid
     Gradient step = 0.1
     Update field sigma (voxel space) = 0
     Total field sigma (voxel space) = 0
     Update field time sigma = 0
     Total field time sigma  = 0
     Number of time indices = 0
     Number of time point samples = 0
Registration using 1 total stages.

Stage 0
  iterations = 1000x500x250x100
  convergence threshold = 1e-06
  convergence window size = 10
  number of levels = 4
  using the Mattes MI metric (number of bins = 32, weight = 1, use gradient filter = 0)
  preprocessing:  winsorizing the image intensities
  Shrink factors (level 1 out of 4): [8, 8, 8]
  Shrink factors (level 2 out of 4): [4, 4, 4]
  Shrink factors (level 3 out of 4): [2, 2, 2]
  Shrink factors (level 4 out of 4): [1, 1, 1]
  smoothing sigmas per level: [3, 2, 1, 0]
  regular sampling (percentage = 0.25)

*** Running Euler3DTransform registration ***

DIAGNOSTIC,Iteration,metricValue,convergenceValue,ITERATION_TIME_INDEX,SINCE_LAST
 2DIAGNOSTIC,     1, -5.495227063868e-01, 1.797693134862e+308, 0.0000e+00, 0.0000e+00, 
 2DIAGNOSTIC,     2, -5.522362110101e-01, 1.797693134862e+308, 0.0000e+00, 0.0000e+00, 
 2DIAGNOSTIC,     3, -5.561457406254e-01, 1.797693134862e+308, 0.0000e+00, 0.0000e+00, 
 2DIAGNOSTIC,     4, -5.614125436769e-01, 1.797693134862e+308, 0.0000e+00, 0.0000e+00, 
 2DIAGNOSTIC,     5, -5.686179314917e-01, 1.797693134862e+308, 0.0000e+00, 0.0000e+00, 
 2DIAGNOSTIC,     6, -5.834208038354e-01, 1.797693134862e+308, 0.0000e+00, 0.0000e+00, 
 2DIAGNOSTIC,     7, -5.861311630553e-01, 1.797693134862e+308, 0.0000e+00, 0.0000e+00, 
 2DIAGNOSTIC,     8, -5.877611084866e-01, 1.797693134862e+308, 0.0000e+00, 0.0000e+00, 
 2DIAGNOSTIC,     9, -5.905332527043e-01, 1.797693134862e+308, 0.0000e+00, 0.0000e+00, 
 2DIAGNOSTIC,    10, -5.905484991716e-01, 5.495771652673e-03, 0.0000e+00, 0.0000e+00, 
 2DIAGNOSTIC,    11, -5.906476869898e-01, 4.425429486859e-03, 0.0000e+00, 0.0000e+00, 
 2DIAGNOSTIC,    12, -5.907974734219e-01, 3.260433813481e-03, 0.0000e+00, 0.0000e+00, 
 2DIAGNOSTIC,    13, -5.909893851143e-01, 2.145650321780e-03, 0.0000e+00, 0.0000e+00, 
 2DIAGNOSTIC,    14, -5.911923719842e-01, 1.190195023071e-03, 0.0000e+00, 0.0000e+00, 
 2DIAGNOSTIC,    15, -5.913918896302e-01, 4.866558584774e-04, 0.0000e+00, 0.0000e+00, 
 2DIAGNOSTIC,    16, -5.914958524995e-01, 2.849127965992e-04, 0.0000e+00, 0.0000e+00, 
 2DIAGNOSTIC,    17, -5.914316767238e-01, 1.571934558517e-04, 0.0000e+00, 0.0000e+00, 
 2DIAGNOSTIC,    18, -5.914399540037e-01, 7.205965326485e-05, 0.0000e+00, 0.0000e+00, 
 2DIAGNOSTIC,    19, -5.918409748486e-01, 7.114415212543e-05, 0.0000e+00, 0.0000e+00, 
 2DIAGNOSTIC,    20, -5.923926261916e-01, 7.735063282345e-05, 0.0000e+00, 0.0000e+00, 
 2DIAGNOSTIC,    21, -5.933771964560e-01, 1.008053763124e-04, 0.0000e+00, 0.0000e+00, 
 2DIAGNOSTIC,    22, -5.959217191517e-01, 1.721800035308e-04, 0.0000e+00, 0.0000e+00, 
 2DIAGNOSTIC,    23, -5.968048308576e-01, 2.428378119502e-04, 0.0000e+00, 0.0000e+00, 
 2DIAGNOSTIC,    24, -5.970912443482e-01, 2.949267221751e-04, 0.0000e+00, 0.0000e+00, 
 2DIAGNOSTIC,    25, -5.973408757355e-01, 3.244443268016e-04, 0.0000e+00, 0.0000e+00, 
 2DIAGNOSTIC,    26, -5.977191734523e-01, 3.301054721818e-04, 0.0000e+00, 0.0000e+00, 
 2DIAGNOSTIC,    27, -5.986890968868e-01, 3.199334467802e-04, 0.0000e+00, 0.0000e+00, 
 2DIAGNOSTIC,    28, -5.989499968337e-01, 2.845403617955e-04, 0.0000e+00, 0.0000e+00, 
 2DIAGNOSTIC,    29, -5.997887570333e-01, 2.462410176954e-04, 0.0000e+00, 0.0000e+00, 
 2DIAGNOSTIC,    30, -5.999972030261e-01, 1.997329572639e-04, 0.0000e+00, 0.0000e+00, 
 2DIAGNOSTIC,    31, -6.000047417284e-01, 1.520372403398e-04, 0.0000e+00, 0.0000e+00, 
 2DIAGNOSTIC,    32, -6.000124270834e-01, 1.313252422428e-04, 0.0000e+00, 0.0000e+00, 
 2DIAGNOSTIC,    33, -6.001305848705e-01, 1.140948573600e-04, 0.0000e+00, 0.0000e+00, 
 2DIAGNOSTIC,    34, -6.006811015743e-01, 9.896300144167e-05, 0.0000e+00, 0.0000e+00, 
 2DIAGNOSTIC,    35, -6.007649514302e-01, 7.978446556294e-05, 0.0000e+00, 0.0000e+00, 
 2DIAGNOSTIC,    36, -6.004331622453e-01, 5.474356551739e-05, 0.0000e+00, 0.0000e+00, 
 2DIAGNOSTIC,    37, -6.003993079740e-01, 3.847717434807e-05, 0.0000e+00, 0.0000e+00, 
 2DIAGNOSTIC,    38, -6.004684356541e-01, 2.334184472579e-05, 0.0000e+00, 0.0000e+00, 
 2DIAGNOSTIC,    39, -6.004706699641e-01, 1.694591399753e-05, 0.0000e+00, 0.0000e+00, 
 2DIAGNOSTIC,    40, -6.004699956843e-01, 1.183639839693e-05, 0.0000e+00, 0.0000e+00, 
 2DIAGNOSTIC,    41, -6.004703191586e-01, 6.217286776741e-06, 0.0000e+00, 0.0000e+00, 
DIAGNOSTIC,Iteration,metricValue,convergenceValue,ITERATION_TIME_INDEX,SINCE_LAST
 2DIAGNOSTIC,     1, -4.727934987697e-01, 1.797693134862e+308, 0.0000e+00, 0.0000e+00, 
 2DIAGNOSTIC,     2, -4.729474912669e-01, 1.797693134862e+308, 0.0000e+00, 0.0000e+00, 
 2DIAGNOSTIC,     3, -4.731800547371e-01, 1.797693134862e+308, 0.0000e+00, 0.0000e+00, 
 2DIAGNOSTIC,     4, -4.734977293517e-01, 1.797693134862e+308, 0.0000e+00, 0.0000e+00, 
 2DIAGNOSTIC,     5, -4.738878389288e-01, 1.797693134862e+308, 0.0000e+00, 0.0000e+00, 
 2DIAGNOSTIC,     6, -4.760361716301e-01, 1.797693134862e+308, 0.0000e+00, 0.0000e+00, 
 2DIAGNOSTIC,     7, -4.763583850623e-01, 1.797693134862e+308, 0.0000e+00, 0.0000e+00, 
 2DIAGNOSTIC,     8, -4.765121572282e-01, 1.797693134862e+308, 0.0000e+00, 0.0000e+00, 
 2DIAGNOSTIC,     9, -4.768173700556e-01, 1.797693134862e+308, 0.0000e+00, 0.0000e+00, 
 2DIAGNOSTIC,    10, -4.782798231650e-01, 7.748076581824e-04, 0.0000e+00, 0.0000e+00, 
 2DIAGNOSTIC,    11, -4.786237663181e-01, 7.497309299717e-04, 0.0000e+00, 0.0000e+00, 
 2DIAGNOSTIC,    12, -4.786346159683e-01, 6.702509397810e-04, 0.0000e+00, 0.0000e+00, 
 2DIAGNOSTIC,    13, -4.786774186567e-01, 5.579202658412e-04, 0.0000e+00, 0.0000e+00, 
 2DIAGNOSTIC,    14, -4.787219471531e-01, 4.273019732810e-04, 0.0000e+00, 0.0000e+00, 
 2DIAGNOSTIC,    15, -4.787261583803e-01, 2.877921091787e-04, 0.0000e+00, 0.0000e+00, 
 2DIAGNOSTIC,    16, -4.787658300425e-01, 2.207289029877e-04, 0.0000e+00, 0.0000e+00, 
 2DIAGNOSTIC,    17, -4.788458879988e-01, 1.563137096433e-04, 0.0000e+00, 0.0000e+00, 
 2DIAGNOSTIC,    18, -4.788618800068e-01, 9.083999780117e-05, 0.0000e+00, 0.0000e+00, 
 2DIAGNOSTIC,    19, -4.788768088308e-01, 3.290744544295e-05, 0.0000e+00, 0.0000e+00, 
 2DIAGNOSTIC,    20, -4.789615925417e-01, 2.374648034303e-05, 0.0000e+00, 0.0000e+00, 
 2DIAGNOSTIC,    21, -4.792256044874e-01, 3.058911832755e-05, 0.0000e+00, 0.0000e+00, 
 2DIAGNOSTIC,    22, -4.792673327153e-01, 3.528768679727e-05, 0.0000e+00, 0.0000e+00, 
 2DIAGNOSTIC,    23, -4.792976795709e-01, 3.836082034144e-05, 0.0000e+00, 0.0000e+00, 
 2DIAGNOSTIC,    24, -4.793184897299e-01, 3.945601827879e-05, 0.0000e+00, 0.0000e+00, 
 2DIAGNOSTIC,    25, -4.793795874028e-01, 3.839260350831e-05, 0.0000e+00, 0.0000e+00, 
 2DIAGNOSTIC,    26, -4.795968793517e-01, 3.962493814728e-05, 0.0000e+00, 0.0000e+00, 
 2DIAGNOSTIC,    27, -4.796355821876e-01, 3.963835206345e-05, 0.0000e+00, 0.0000e+00, 
 2DIAGNOSTIC,    28, -4.796406000448e-01, 3.661221736044e-05, 0.0000e+00, 0.0000e+00, 
 2DIAGNOSTIC,    29, -4.796251301124e-01, 3.052947946238e-05, 0.0000e+00, 0.0000e+00, 
 2DIAGNOSTIC,    30, -4.796267955673e-01, 2.363981667556e-05, 0.0000e+00, 0.0000e+00, 
 2DIAGNOSTIC,    31, -4.796269211977e-01, 2.003792648055e-05, 0.0000e+00, 0.0000e+00, 
 2DIAGNOSTIC,    32, -4.796364429507e-01, 1.578850703169e-05, 0.0000e+00, 0.0000e+00, 
 2DIAGNOSTIC,    33, -4.796309423068e-01, 1.090144783599e-05, 0.0000e+00, 0.0000e+00, 
 2DIAGNOSTIC,    34, -4.796316792539e-01, 5.771807058536e-06, 0.0000e+00, 0.0000e+00, 
 2DIAGNOSTIC,    35, -4.796328791376e-01, 1.440474987371e-06, 0.0000e+00, 0.0000e+00, 
DIAGNOSTIC,Iteration,metricValue,convergenceValue,ITERATION_TIME_INDEX,SINCE_LAST
 2DIAGNOSTIC,     1, -4.173933099111e-01, 1.797693134862e+308, 0.0000e+00, 0.0000e+00, 
 2DIAGNOSTIC,     2, -4.176498070579e-01, 1.797693134862e+308, 0.0000e+00, 0.0000e+00, 
 2DIAGNOSTIC,     3, -4.178961394465e-01, 1.797693134862e+308, 0.0000e+00, 0.0000e+00, 
 2DIAGNOSTIC,     4, -4.180689914520e-01, 1.797693134862e+308, 0.0000e+00, 0.0000e+00, 
 2DIAGNOSTIC,     5, -4.182399263996e-01, 1.797693134862e+308, 0.0000e+00, 0.0000e+00, 
 2DIAGNOSTIC,     6, -4.182708414586e-01, 1.797693134862e+308, 0.0000e+00, 0.0000e+00, 
 2DIAGNOSTIC,     7, -4.182715495478e-01, 1.797693134862e+308, 0.0000e+00, 0.0000e+00, 
 2DIAGNOSTIC,     8, -4.182726624008e-01, 1.797693134862e+308, 0.0000e+00, 0.0000e+00, 
 2DIAGNOSTIC,     9, -4.182728342449e-01, 1.797693134862e+308, 0.0000e+00, 0.0000e+00, 
 2DIAGNOSTIC,    10, -4.182722836943e-01, 1.246865274542e-04, 0.0000e+00, 0.0000e+00, 
 2DIAGNOSTIC,    11, -4.182718190576e-01, 7.143765957263e-05, 0.0000e+00, 0.0000e+00, 
 2DIAGNOSTIC,    12, -4.182725079706e-01, 3.535947738395e-05, 0.0000e+00, 0.0000e+00, 
 2DIAGNOSTIC,    13, -4.182753526473e-01, 1.478195170768e-05, 0.0000e+00, 0.0000e+00, 
 2DIAGNOSTIC,    14, -4.182744929579e-01, 4.152023656931e-06, 0.0000e+00, 0.0000e+00, 
 2DIAGNOSTIC,    15, -4.182718191526e-01, 2.357715994925e-06, 0.0000e+00, 0.0000e+00, 
 2DIAGNOSTIC,    16, -4.182720335679e-01, 2.093457303967e-06, 0.0000e+00, 0.0000e+00, 
 2DIAGNOSTIC,    17, -4.182715936781e-01, 1.856937749699e-06, 0.0000e+00, 0.0000e+00, 
 2DIAGNOSTIC,    18, -4.182707669975e-01, 1.655319323689e-06, 0.0000e+00, 0.0000e+00, 
 2DIAGNOSTIC,    19, -4.182699892725e-01, 1.465737786012e-06, 0.0000e+00, 0.0000e+00, 
 2DIAGNOSTIC,    20, -4.182700787354e-01, 1.302983426162e-06, 0.0000e+00, 0.0000e+00, 
 2DIAGNOSTIC,    21, -4.182693086570e-01, 1.142070764265e-06, 0.0000e+00, 0.0000e+00, 
 2DIAGNOSTIC,    22, -4.182692817164e-01, 1.047523897069e-06, 0.0000e+00, 0.0000e+00, 
 2DIAGNOSTIC,    23, -4.182693910415e-01, 1.086029242724e-06, 0.0000e+00, 0.0000e+00, 
 2DIAGNOSTIC,    24, -4.182691361355e-01, 1.119687309724e-06, 0.0000e+00, 0.0000e+00, 
 2DIAGNOSTIC,    25, -4.182690534408e-01, 1.094738466885e-06, 0.0000e+00, 0.0000e+00, 
 2DIAGNOSTIC,    26, -4.182690654019e-01, 1.094474200491e-06, 0.0000e+00, 0.0000e+00, 
 2DIAGNOSTIC,    27, -4.182692169434e-01, 1.099490933805e-06, 0.0000e+00, 0.0000e+00, 
 2DIAGNOSTIC,    28, -4.182692299508e-01, 1.091963080027e-06, 0.0000e+00, 0.0000e+00, 
 2DIAGNOSTIC,    29, -4.182691685795e-01, 1.069338098313e-06, 0.0000e+00, 0.0000e+00, 
 2DIAGNOSTIC,    30, -4.182691770204e-01, 1.053761390250e-06, 0.0000e+00, 0.0000e+00, 
 2DIAGNOSTIC,    31, -4.182691795371e-01, 1.022942275365e-06, 0.0000e+00, 0.0000e+00, 
DIAGNOSTIC,Iteration,metricValue,convergenceValue,ITERATION_TIME_INDEX,SINCE_LAST
 2DIAGNOSTIC,     1, -3.859632236380e-01, 1.797693134862e+308, 0.0000e+00, 0.0000e+00, 
 2DIAGNOSTIC,     2, -3.860106662801e-01, 1.797693134862e+308, 0.0000e+00, 0.0000e+00, 
 2DIAGNOSTIC,     3, -3.860356940017e-01, 1.797693134862e+308, 0.0000e+00, 0.0000e+00, 
 2DIAGNOSTIC,     4, -3.860366018388e-01, 1.797693134862e+308, 0.0000e+00, 0.0000e+00, 
 2DIAGNOSTIC,     5, -3.860365204401e-01, 1.797693134862e+308, 0.0000e+00, 0.0000e+00, 
 2DIAGNOSTIC,     6, -3.860364805464e-01, 1.797693134862e+308, 0.0000e+00, 0.0000e+00, 
 2DIAGNOSTIC,     7, -3.860362399222e-01, 1.797693134862e+308, 0.0000e+00, 0.0000e+00, 
 2DIAGNOSTIC,     8, -3.860362054655e-01, 1.797693134862e+308, 0.0000e+00, 0.0000e+00, 
 2DIAGNOSTIC,     9, -3.860361581305e-01, 1.797693134862e+308, 0.0000e+00, 0.0000e+00, 
 2DIAGNOSTIC,    10, -3.860362299684e-01, 1.020950746800e-05, 0.0000e+00, 0.0000e+00, 
 2DIAGNOSTIC,    11, -3.860361915925e-01, 4.598685536358e-06, 0.0000e+00, 0.0000e+00, 
 2DIAGNOSTIC,    12, -3.860361638040e-01, 2.635978101184e-06, 0.0000e+00, 0.0000e+00, 
 2DIAGNOSTIC,    13, -3.860361659683e-01, 2.392764569883e-06, 0.0000e+00, 0.0000e+00, 
 2DIAGNOSTIC,    14, -3.860361459825e-01, 2.235811890780e-06, 0.0000e+00, 0.0000e+00, 
 2DIAGNOSTIC,    15, -3.860361457383e-01, 2.098976712120e-06, 0.0000e+00, 0.0000e+00, 
 2DIAGNOSTIC,    16, -3.860361456037e-01, 1.979698023735e-06, 0.0000e+00, 0.0000e+00, 
 2DIAGNOSTIC,    17, -3.860361455775e-01, 1.864913833076e-06, 0.0000e+00, 0.0000e+00, 
 2DIAGNOSTIC,    18, -3.860361446269e-01, 1.762110183337e-06, 0.0000e+00, 0.0000e+00, 
 2DIAGNOSTIC,    19, -3.860361465064e-01, 1.668762624689e-06, 0.0000e+00, 0.0000e+00, 
 2DIAGNOSTIC,    20, -3.860361432255e-01, 1.587832359609e-06, 0.0000e+00, 0.0000e+00, 
 2DIAGNOSTIC,    21, -3.860361429568e-01, 1.513545883056e-06, 0.0000e+00, 0.0000e+00, 
 2DIAGNOSTIC,    22, -3.860361425815e-01, 1.445193902314e-06, 0.0000e+00, 0.0000e+00, 
 2DIAGNOSTIC,    23, -3.860361426799e-01, 1.382961269877e-06, 0.0000e+00, 0.0000e+00, 
 2DIAGNOSTIC,    24, -3.860361429345e-01, 1.325334893360e-06, 0.0000e+00, 0.0000e+00, 
 2DIAGNOSTIC,    25, -3.860361437614e-01, 1.272361872896e-06, 0.0000e+00, 0.0000e+00, 
 2DIAGNOSTIC,    26, -3.860361430523e-01, 1.223460876124e-06, 0.0000e+00, 0.0000e+00, 
 2DIAGNOSTIC,    27, -3.860361433120e-01, 1.178205893258e-06, 0.0000e+00, 0.0000e+00, 
 2DIAGNOSTIC,    28, -3.860361435048e-01, 1.136171001503e-06, 0.0000e+00, 0.0000e+00, 
 2DIAGNOSTIC,    29, -3.860361436004e-01, 1.097092463910e-06, 0.0000e+00, 0.0000e+00, 
 2DIAGNOSTIC,    30, -3.860361725464e-01, 1.061244885470e-06, 0.0000e+00, 0.0000e+00, 
 2DIAGNOSTIC,    31, -3.860361718942e-01, 1.027596932594e-06, 0.0000e+00, 0.0000e+00, 
  Elapsed time (stage 0): 0.0000e+00


Total elapsed time: 0.0000e+00
VFC_BACKENDS=libinterflop_vprec.so --range-binary32=8 --precision-binary32=20 --range-binary64=8 --precision-binary64=20
Info [verificarlo]: loaded backend libinterflop_vprec.so
Info [interflop-vprec]: load backend with: 
Info [interflop-vprec]: precision-binary32 = 20
Info [interflop-vprec]: range-binary32 = 8
Info [interflop-vprec]: precision-binary64 = 20
Info [interflop-vprec]: range-binary64 = 8
Info [interflop-vprec]: mode = ob
Info [interflop-vprec]: error-mode = rel
Info [interflop-vprec]: max-abs-error-exponent = -1022
Info [interflop-vprec]: daz = false
Info [interflop-vprec]: ftz = false
Info [interflop-vprec]: 	instrument = none
Info [interflop-vprec]: 	prec-input-file = (null)
Info [interflop-vprec]: 	prec-output-file = (null)
Info [interflop-vprec]: 	prec-log-file = (null)
All_Command_lines_OK
Using double precision for computations.
=============================================================================
The composite transform comprises the following transforms (in order): 
  1. /project/rrg-glatard/mdugre/datasets/corr/RawDataBIDS/BMB_1/derivatives/vprec-space_search/0111/r8-p20/sub-0003021/rigid_Composite.h5[0] (type = Euler3DTransform)
  2. /project/rrg-glatard/mdugre/datasets/corr/RawDataBIDS/BMB_1/derivatives/vprec-space_search/0111/r8-p20/sub-0003021/rigid_Composite.h5[1] (type = Euler3DTransform)
  3. /project/rrg-glatard/mdugre/datasets/corr/RawDataBIDS/BMB_1/derivatives/vprec-space_search/0111/r8-p20/sub-0003021/rigid_Composite.h5[2] (type = Euler3DTransform)
=============================================================================
  number of levels = 4
  fixed image: /templateflow/tpl-MNI152NLin2009cAsym/tpl-MNI152NLin2009cAsym_res-01_desc-brain_T1w.nii.gz
  moving image: /project/rrg-glatard/mdugre/datasets/corr/RawDataBIDS/BMB_1/derivatives/antsBrainExtraction/sub-0003021/BrainExtractionBrain.nii.gz
Dimension = 3
Number of stages = 1
Use histogram matching = false
Winsorize image intensities = true
  Lower quantile = 0.005
  Upper quantile = 0.995


Stage 1 State
   Image metric = MattesMI
     Fixed image = Image (0x46fd300)
  RTTI typeinfo:   itk::Image<double, 3u>
  Reference Count: 2
  Modified Time: 1592
  Debug: Off
  Object Name: 
  Observers: 
    none
  Source: (none)
  Source output name: (none)
  Release Data: Off
  Data Released: False
  Global Release Data: Off
  PipelineMTime: 0
  UpdateMTime: 1203
  RealTimeStamp: 0 seconds 
  LargestPossibleRegion: 
    Dimension: 3
    Index: [0, 0, 0]
    Size: [193, 229, 193]
  BufferedRegion: 
    Dimension: 3
    Index: [0, 0, 0]
    Size: [193, 229, 193]
  RequestedRegion: 
    Dimension: 3
    Index: [0, 0, 0]
    Size: [193, 229, 193]
  Spacing: [1, 1, 1]
  Origin: [96, 132, -78]
  Direction: 
-1 0 0
0 -1 0
0 0 1

  IndexToPointMatrix: 
-1 0 0
0 -1 0
0 0 1

  PointToIndexMatrix: 
-1 0 0
0 -1 0
0 0 1

  Inverse Direction: 
-1 0 0
0 -1 0
0 0 1

  PixelContainer: 
    ImportImageContainer (0x4775c30)
      RTTI typeinfo:   itk::ImportImageContainer<unsigned long, double>
      Reference Count: 1
      Modified Time: 1200
      Debug: Off
      Object Name: 
      Observers: 
        none
      Pointer: 0x14ef6be09010
      Container manages memory: true
      Size: 8530021
      Capacity: 8530021

     Moving image = Image (0x47b81a0)
  RTTI typeinfo:   itk::Image<double, 3u>
  Reference Count: 2
  Modified Time: 1593
  Debug: Off
  Object Name: 
  Observers: 
    none
  Source: (none)
  Source output name: (none)
  Release Data: Off
  Data Released: False
  Global Release Data: Off
  PipelineMTime: 0
  UpdateMTime: 1590
  RealTimeStamp: 0 seconds 
  LargestPossibleRegion: 
    Dimension: 3
    Index: [0, 0, 0]
    Size: [176, 256, 256]
  BufferedRegion: 
    Dimension: 3
    Index: [0, 0, 0]
    Size: [176, 256, 256]
  RequestedRegion: 
    Dimension: 3
    Index: [0, 0, 0]
    Size: [176, 256, 256]
  Spacing: [1, 1, 1]
  Origin: [-92.1464, 106.518, -129.634]
  Direction: 
1 0 0
0 -1 0
0 0 1

  IndexToPointMatrix: 
1 0 0
0 -1 0
0 0 1

  PointToIndexMatrix: 
1 0 0
0 -1 0
0 0 1

  Inverse Direction: 
1 0 0
0 -1 0
0 0 1

  PixelContainer: 
    ImportImageContainer (0x4770050)
      RTTI typeinfo:   itk::ImportImageContainer<unsigned long, double>
      Reference Count: 1
      Modified Time: 1587
      Debug: Off
      Object Name: 
      Observers: 
        none
      Pointer: 0x14ef66608010
      Container manages memory: true
      Size: 11534336
      Capacity: 11534336

     Weighting = 1
     Sampling strategy = regular
     Number of bins = 32
     Radius = 4
     Sampling percentage  = 0.25
   Transform = Affine
     Gradient step = 0.1
     Update field sigma (voxel space) = 0
     Total field sigma (voxel space) = 0
     Update field time sigma = 0
     Total field time sigma  = 0
     Number of time indices = 0
     Number of time point samples = 0
Registration using 1 total stages.

Stage 0
  iterations = 1000x500x250x100
  convergence threshold = 1e-06
  convergence window size = 10
  number of levels = 4
  using the Mattes MI metric (number of bins = 32, weight = 1, use gradient filter = 0)
  preprocessing:  winsorizing the image intensities
  Shrink factors (level 1 out of 4): [8, 8, 8]
  Shrink factors (level 2 out of 4): [4, 4, 4]
  Shrink factors (level 3 out of 4): [2, 2, 2]
  Shrink factors (level 4 out of 4): [1, 1, 1]
  smoothing sigmas per level: [3, 2, 1, 0]
  regular sampling (percentage = 0.25)

*** Running AffineTransform registration ***

DIAGNOSTIC,Iteration,metricValue,convergenceValue,ITERATION_TIME_INDEX,SINCE_LAST
 2DIAGNOSTIC,     1, -5.966709402843e-01, 1.797693134862e+308, 0.0000e+00, 0.0000e+00, 
 2DIAGNOSTIC,     2, -5.988894228442e-01, 1.797693134862e+308, 0.0000e+00, 0.0000e+00, 
 2DIAGNOSTIC,     3, -6.020499035545e-01, 1.797693134862e+308, 0.0000e+00, 0.0000e+00, 
 2DIAGNOSTIC,     4, -6.086864104640e-01, 1.797693134862e+308, 0.0000e+00, 0.0000e+00, 
 2DIAGNOSTIC,     5, -6.201434638829e-01, 1.797693134862e+308, 0.0000e+00, 0.0000e+00, 
 2DIAGNOSTIC,     6, -6.537771056231e-01, 1.797693134862e+308, 0.0000e+00, 0.0000e+00, 
 2DIAGNOSTIC,     7, -7.243643844448e-01, 1.797693134862e+308, 0.0000e+00, 0.0000e+00, 
 2DIAGNOSTIC,     8, -7.556533041506e-01, 1.797693134862e+308, 0.0000e+00, 0.0000e+00, 
 2DIAGNOSTIC,     9, -7.996067721726e-01, 1.797693134862e+308, 0.0000e+00, 0.0000e+00, 
 2DIAGNOSTIC,    10, -8.016593035136e-01, 2.302667693818e-02, 0.0000e+00, 0.0000e+00, 
 2DIAGNOSTIC,    11, -8.268359485952e-01, 2.289841558224e-02, 0.0000e+00, 0.0000e+00, 
 2DIAGNOSTIC,    12, -8.390271049071e-01, 2.119007632924e-02, 0.0000e+00, 0.0000e+00, 
 2DIAGNOSTIC,    13, -8.473349278999e-01, 1.822718458038e-02, 0.0000e+00, 0.0000e+00, 
 2DIAGNOSTIC,    14, -8.576888694920e-01, 1.460820059063e-02, 0.0000e+00, 0.0000e+00, 
 2DIAGNOSTIC,    15, -8.580459293653e-01, 1.054481913631e-02, 0.0000e+00, 0.0000e+00, 
 2DIAGNOSTIC,    16, -8.591127740507e-01, 6.917387084460e-03, 0.0000e+00, 0.0000e+00, 
 2DIAGNOSTIC,    17, -8.595289172002e-01, 4.725750185783e-03, 0.0000e+00, 0.0000e+00, 
 2DIAGNOSTIC,    18, -8.595720658297e-01, 3.013431199299e-03, 0.0000e+00, 0.0000e+00, 
 2DIAGNOSTIC,    19, -8.598018869323e-01, 2.103496557890e-03, 0.0000e+00, 0.0000e+00, 
 2DIAGNOSTIC,    20, -8.594941598325e-01, 1.125293039875e-03, 0.0000e+00, 0.0000e+00, 
 2DIAGNOSTIC,    21, -8.592864764740e-01, 5.850939187677e-04, 0.0000e+00, 0.0000e+00, 
 2DIAGNOSTIC,    22, -8.593624427089e-01, 2.484218394262e-04, 0.0000e+00, 0.0000e+00, 
 2DIAGNOSTIC,    23, -8.592577255896e-01, 4.706889658767e-05, 0.0000e+00, 0.0000e+00, 
 2DIAGNOSTIC,    24, -8.591619723207e-01, 1.575188715160e-05, 0.0000e+00, 0.0000e+00, 
DIAGNOSTIC,Iteration,metricValue,convergenceValue,ITERATION_TIME_INDEX,SINCE_LAST
 2DIAGNOSTIC,     1, -7.239822180520e-01, 1.797693134862e+308, 0.0000e+00, 0.0000e+00, 
 2DIAGNOSTIC,     2, -7.248789117743e-01, 1.797693134862e+308, 0.0000e+00, 0.0000e+00, 
 2DIAGNOSTIC,     3, -7.253975178372e-01, 1.797693134862e+308, 0.0000e+00, 0.0000e+00, 
 2DIAGNOSTIC,     4, -7.256480033953e-01, 1.797693134862e+308, 0.0000e+00, 0.0000e+00, 
 2DIAGNOSTIC,     5, -7.262643296815e-01, 1.797693134862e+308, 0.0000e+00, 0.0000e+00, 
 2DIAGNOSTIC,     6, -7.282046340871e-01, 1.797693134862e+308, 0.0000e+00, 0.0000e+00, 
 2DIAGNOSTIC,     7, -7.286033417656e-01, 1.797693134862e+308, 0.0000e+00, 0.0000e+00, 
 2DIAGNOSTIC,     8, -7.286380658873e-01, 1.797693134862e+308, 0.0000e+00, 0.0000e+00, 
 2DIAGNOSTIC,     9, -7.285453334852e-01, 1.797693134862e+308, 0.0000e+00, 0.0000e+00, 
 2DIAGNOSTIC,    10, -7.284986767561e-01, 4.604660104739e-04, 0.0000e+00, 0.0000e+00, 
 2DIAGNOSTIC,    11, -7.284959800198e-01, 3.417408323437e-04, 0.0000e+00, 0.0000e+00, 
 2DIAGNOSTIC,    12, -7.284573995610e-01, 2.398301588438e-04, 0.0000e+00, 0.0000e+00, 
 2DIAGNOSTIC,    13, -7.284506659550e-01, 1.485168510692e-04, 0.0000e+00, 0.0000e+00, 
 2DIAGNOSTIC,    14, -7.284408855681e-01, 6.409902347145e-05, 0.0000e+00, 0.0000e+00, 
DIAGNOSTIC,Iteration,metricValue,convergenceValue,ITERATION_TIME_INDEX,SINCE_LAST
 2DIAGNOSTIC,     1, -6.145844265505e-01, 1.797693134862e+308, 0.0000e+00, 0.0000e+00, 
 2DIAGNOSTIC,     2, -6.151286624871e-01, 1.797693134862e+308, 0.0000e+00, 0.0000e+00, 
 2DIAGNOSTIC,     3, -6.156843772637e-01, 1.797693134862e+308, 0.0000e+00, 0.0000e+00, 
 2DIAGNOSTIC,     4, -6.163307588550e-01, 1.797693134862e+308, 0.0000e+00, 0.0000e+00, 
 2DIAGNOSTIC,     5, -6.171246440983e-01, 1.797693134862e+308, 0.0000e+00, 0.0000e+00, 
 2DIAGNOSTIC,     6, -6.186314694375e-01, 1.797693134862e+308, 0.0000e+00, 0.0000e+00, 
 2DIAGNOSTIC,     7, -6.186442715974e-01, 1.797693134862e+308, 0.0000e+00, 0.0000e+00, 
 2DIAGNOSTIC,     8, -6.186439321300e-01, 1.797693134862e+308, 0.0000e+00, 0.0000e+00, 
 2DIAGNOSTIC,     9, -6.186444653529e-01, 1.797693134862e+308, 0.0000e+00, 0.0000e+00, 
 2DIAGNOSTIC,    10, -6.186419767013e-01, 4.883424912061e-04, 0.0000e+00, 0.0000e+00, 
 2DIAGNOSTIC,    11, -6.186418762645e-01, 3.558325295785e-04, 0.0000e+00, 0.0000e+00, 
 2DIAGNOSTIC,    12, -6.186353352601e-01, 2.343937887186e-04, 0.0000e+00, 0.0000e+00, 
 2DIAGNOSTIC,    13, -6.186351031625e-01, 1.309722470510e-04, 0.0000e+00, 0.0000e+00, 
 2DIAGNOSTIC,    14, -6.186361138703e-01, 5.181060864481e-05, 0.0000e+00, 0.0000e+00, 
 2DIAGNOSTIC,    15, -6.186343874896e-01, 1.673741952521e-06, 0.0000e+00, 0.0000e+00, 
 2DIAGNOSTIC,    16, -6.186339871022e-01, 1.163810309263e-06, 0.0000e+00, 0.0000e+00, 
 2DIAGNOSTIC,    17, -6.186340441790e-01, 1.140658812633e-06, 0.0000e+00, 0.0000e+00, 
 2DIAGNOSTIC,    18, -6.186363536088e-01, 1.236710557503e-06, 0.0000e+00, 0.0000e+00, 
 2DIAGNOSTIC,    19, -6.186379631765e-01, 1.421043744759e-06, 0.0000e+00, 0.0000e+00, 
 2DIAGNOSTIC,    20, -6.186358381240e-01, 1.502940334880e-06, 0.0000e+00, 0.0000e+00, 
 2DIAGNOSTIC,    21, -6.186336722867e-01, 1.543018135743e-06, 0.0000e+00, 0.0000e+00, 
 2DIAGNOSTIC,    22, -6.186331108735e-01, 1.429455955139e-06, 0.0000e+00, 0.0000e+00, 
 2DIAGNOSTIC,    23, -6.186335870616e-01, 1.329434030028e-06, 0.0000e+00, 0.0000e+00, 
 2DIAGNOSTIC,    24, -6.186330962204e-01, 1.252163098923e-06, 0.0000e+00, 0.0000e+00, 
 2DIAGNOSTIC,    25, -6.186334261718e-01, 1.164218198395e-06, 0.0000e+00, 0.0000e+00, 
 2DIAGNOSTIC,    26, -6.186338370068e-01, 1.095147616502e-06, 0.0000e+00, 0.0000e+00, 
 2DIAGNOSTIC,    27, -6.186355814490e-01, 1.072692258540e-06, 0.0000e+00, 0.0000e+00, 
 2DIAGNOSTIC,    28, -6.186350104027e-01, 1.087969781169e-06, 0.0000e+00, 0.0000e+00, 
 2DIAGNOSTIC,    29, -6.186344259950e-01, 1.124280362877e-06, 0.0000e+00, 0.0000e+00, 
 2DIAGNOSTIC,    30, -6.186325866808e-01, 1.096393248426e-06, 0.0000e+00, 0.0000e+00, 
 2DIAGNOSTIC,    31, -6.186310662759e-01, 1.012838564525e-06, 0.0000e+00, 0.0000e+00, 
DIAGNOSTIC,Iteration,metricValue,convergenceValue,ITERATION_TIME_INDEX,SINCE_LAST
 2DIAGNOSTIC,     1, -5.440757915891e-01, 1.797693134862e+308, 0.0000e+00, 0.0000e+00, 
 2DIAGNOSTIC,     2, -5.443708641383e-01, 1.797693134862e+308, 0.0000e+00, 0.0000e+00, 
 2DIAGNOSTIC,     3, -5.446136313759e-01, 1.797693134862e+308, 0.0000e+00, 0.0000e+00, 
 2DIAGNOSTIC,     4, -5.449297186632e-01, 1.797693134862e+308, 0.0000e+00, 0.0000e+00, 
 2DIAGNOSTIC,     5, -5.453021552359e-01, 1.797693134862e+308, 0.0000e+00, 0.0000e+00, 
 2DIAGNOSTIC,     6, -5.454426850044e-01, 1.797693134862e+308, 0.0000e+00, 0.0000e+00, 
 2DIAGNOSTIC,     7, -5.454939992397e-01, 1.797693134862e+308, 0.0000e+00, 0.0000e+00, 
 2DIAGNOSTIC,     8, -5.455052931934e-01, 1.797693134862e+308, 0.0000e+00, 0.0000e+00, 
 2DIAGNOSTIC,     9, -5.455449653113e-01, 1.797693134862e+308, 0.0000e+00, 0.0000e+00, 
 2DIAGNOSTIC,    10, -5.455462232549e-01, 1.809209898480e-04, 0.0000e+00, 0.0000e+00, 
 2DIAGNOSTIC,    11, -5.455459156269e-01, 1.225740692710e-04, 0.0000e+00, 0.0000e+00, 
 2DIAGNOSTIC,    12, -5.455454594665e-01, 7.612147760586e-05, 0.0000e+00, 0.0000e+00, 
 2DIAGNOSTIC,    13, -5.455456970941e-01, 3.981983390199e-05, 0.0000e+00, 0.0000e+00, 
 2DIAGNOSTIC,    14, -5.455457100262e-01, 1.675212315065e-05, 0.0000e+00, 0.0000e+00, 
 2DIAGNOSTIC,    15, -5.455456311884e-01, 8.261602977302e-06, 0.0000e+00, 0.0000e+00, 
 2DIAGNOSTIC,    16, -5.455456966126e-01, 4.828089067821e-06, 0.0000e+00, 0.0000e+00, 
 2DIAGNOSTIC,    17, -5.455457943480e-01, 3.119235666191e-06, 0.0000e+00, 0.0000e+00, 
 2DIAGNOSTIC,    18, -5.455457569308e-01, 1.778290167315e-06, 0.0000e+00, 0.0000e+00, 
 2DIAGNOSTIC,    19, -5.455457569011e-01, 1.664671137089e-06, 0.0000e+00, 0.0000e+00, 
 2DIAGNOSTIC,    20, -5.455457570617e-01, 1.596424922541e-06, 0.0000e+00, 0.0000e+00, 
 2DIAGNOSTIC,    21, -5.455457569898e-01, 1.526931552108e-06, 0.0000e+00, 0.0000e+00, 
 2DIAGNOSTIC,    22, -5.455457574644e-01, 1.451673122328e-06, 0.0000e+00, 0.0000e+00, 
 2DIAGNOSTIC,    23, -5.455457570936e-01, 1.387867962298e-06, 0.0000e+00, 0.0000e+00, 
 2DIAGNOSTIC,    24, -5.455457573271e-01, 1.329384541844e-06, 0.0000e+00, 0.0000e+00, 
 2DIAGNOSTIC,    25, -5.455457575071e-01, 1.273602102100e-06, 0.0000e+00, 0.0000e+00, 
 2DIAGNOSTIC,    26, -5.455457560401e-01, 1.223271828651e-06, 1.0240e+03, 1.0240e+03, 
 2DIAGNOSTIC,    27, -5.455457551087e-01, 1.178631510917e-06, 1.0240e+03, 0.0000e+00, 
 2DIAGNOSTIC,    28, -5.455457551087e-01, 1.136488622551e-06, 1.0240e+03, 0.0000e+00, 
 2DIAGNOSTIC,    29, -5.455457551087e-01, 1.097259027673e-06, 1.0240e+03, 0.0000e+00, 
 2DIAGNOSTIC,    30, -5.455457551087e-01, 1.060657769385e-06, 1.0240e+03, 0.0000e+00, 
 2DIAGNOSTIC,    31, -5.455457551087e-01, 1.026428414243e-06, 1.0240e+03, 0.0000e+00, 
  Elapsed time (stage 0): 1.0240e+03


Total elapsed time: 1.0240e+03
VFC_BACKENDS=libinterflop_vprec.so --range-binary32=8 --precision-binary32=20 --range-binary64=8 --precision-binary64=20
Info [verificarlo]: loaded backend libinterflop_vprec.so
Info [interflop-vprec]: load backend with: 
Info [interflop-vprec]: precision-binary32 = 20
Info [interflop-vprec]: range-binary32 = 8
Info [interflop-vprec]: precision-binary64 = 20
Info [interflop-vprec]: range-binary64 = 8
Info [interflop-vprec]: mode = ob
Info [interflop-vprec]: error-mode = rel
Info [interflop-vprec]: max-abs-error-exponent = -1022
Info [interflop-vprec]: daz = false
Info [interflop-vprec]: ftz = false
Info [interflop-vprec]: 	instrument = none
Info [interflop-vprec]: 	prec-input-file = (null)
Info [interflop-vprec]: 	prec-output-file = (null)
Info [interflop-vprec]: 	prec-log-file = (null)
All_Command_lines_OK
Using double precision for computations.
=============================================================================
The composite transform comprises the following transforms (in order): 
  1. /project/rrg-glatard/mdugre/datasets/corr/RawDataBIDS/BMB_1/derivatives/vprec-space_search/0111/r8-p20/sub-0003021/affine_Composite.h5[0] (type = Euler3DTransform)
  2. /project/rrg-glatard/mdugre/datasets/corr/RawDataBIDS/BMB_1/derivatives/vprec-space_search/0111/r8-p20/sub-0003021/affine_Composite.h5[1] (type = Euler3DTransform)
  3. /project/rrg-glatard/mdugre/datasets/corr/RawDataBIDS/BMB_1/derivatives/vprec-space_search/0111/r8-p20/sub-0003021/affine_Composite.h5[2] (type = Euler3DTransform)
  4. /project/rrg-glatard/mdugre/datasets/corr/RawDataBIDS/BMB_1/derivatives/vprec-space_search/0111/r8-p20/sub-0003021/affine_Composite.h5[3] (type = AffineTransform)
=============================================================================
  number of levels = 4
  fixed image: /templateflow/tpl-MNI152NLin2009cAsym/tpl-MNI152NLin2009cAsym_res-01_desc-brain_T1w.nii.gz
  moving image: /project/rrg-glatard/mdugre/datasets/corr/RawDataBIDS/BMB_1/derivatives/antsBrainExtraction/sub-0003021/BrainExtractionBrain.nii.gz
Dimension = 3
Number of stages = 1
Use histogram matching = false
Winsorize image intensities = true
  Lower quantile = 0.005
  Upper quantile = 0.995


Stage 1 State
   Image metric = CC
     Fixed image = Image (0x4db24c0)
  RTTI typeinfo:   itk::Image<double, 3u>
  Reference Count: 2
  Modified Time: 1606
  Debug: Off
  Object Name: 
  Observers: 
    none
  Source: (none)
  Source output name: (none)
  Release Data: Off
  Data Released: False
  Global Release Data: Off
  PipelineMTime: 0
  UpdateMTime: 1217
  RealTimeStamp: 0 seconds 
  LargestPossibleRegion: 
    Dimension: 3
    Index: [0, 0, 0]
    Size: [193, 229, 193]
  BufferedRegion: 
    Dimension: 3
    Index: [0, 0, 0]
    Size: [193, 229, 193]
  RequestedRegion: 
    Dimension: 3
    Index: [0, 0, 0]
    Size: [193, 229, 193]
  Spacing: [1, 1, 1]
  Origin: [96, 132, -78]
  Direction: 
-1 0 0
0 -1 0
0 0 1

  IndexToPointMatrix: 
-1 0 0
0 -1 0
0 0 1

  PointToIndexMatrix: 
-1 0 0
0 -1 0
0 0 1

  Inverse Direction: 
-1 0 0
0 -1 0
0 0 1

  PixelContainer: 
    ImportImageContainer (0x4e81be0)
      RTTI typeinfo:   itk::ImportImageContainer<unsigned long, double>
      Reference Count: 1
      Modified Time: 1214
      Debug: Off
      Object Name: 
      Observers: 
        none
      Pointer: 0x14ff4223c010
      Container manages memory: true
      Size: 8530021
      Capacity: 8530021

     Moving image = Image (0x4e6d2c0)
  RTTI typeinfo:   itk::Image<double, 3u>
  Reference Count: 2
  Modified Time: 1607
  Debug: Off
  Object Name: 
  Observers: 
    none
  Source: (none)
  Source output name: (none)
  Release Data: Off
  Data Released: False
  Global Release Data: Off
  PipelineMTime: 0
  UpdateMTime: 1604
  RealTimeStamp: 0 seconds 
  LargestPossibleRegion: 
    Dimension: 3
    Index: [0, 0, 0]
    Size: [176, 256, 256]
  BufferedRegion: 
    Dimension: 3
    Index: [0, 0, 0]
    Size: [176, 256, 256]
  RequestedRegion: 
    Dimension: 3
    Index: [0, 0, 0]
    Size: [176, 256, 256]
  Spacing: [1, 1, 1]
  Origin: [-92.1464, 106.518, -129.634]
  Direction: 
1 0 0
0 -1 0
0 0 1

  IndexToPointMatrix: 
1 0 0
0 -1 0
0 0 1

  PointToIndexMatrix: 
1 0 0
0 -1 0
0 0 1

  Inverse Direction: 
1 0 0
0 -1 0
0 0 1

  PixelContainer: 
    ImportImageContainer (0x4f09510)
      RTTI typeinfo:   itk::ImportImageContainer<unsigned long, double>
      Reference Count: 1
      Modified Time: 1601
      Debug: Off
      Object Name: 
      Observers: 
        none
      Pointer: 0x14ff3ca3b010
      Container manages memory: true
      Size: 11534336
      Capacity: 11534336

     Weighting = 1
     Sampling strategy = none
     Number of bins = 32
     Radius = 4
     Sampling percentage  = 1
   Transform = SyN
     Gradient step = 0.1
     Update field sigma (voxel space) = 3
     Total field sigma (voxel space) = 0
     Update field time sigma = 0
     Total field time sigma  = 0
     Number of time indices = 0
     Number of time point samples = 0
Registration using 1 total stages.

Stage 0
  iterations = 100x70x50x20
  convergence threshold = 1e-06
  convergence window size = 10
  number of levels = 4
  using the CC metric (radius = 4, weight = 1, use gradient filter = 0)
  preprocessing:  winsorizing the image intensities
  Shrink factors (level 1 out of 4): [8, 8, 8]
  Shrink factors (level 2 out of 4): [4, 4, 4]
  Shrink factors (level 3 out of 4): [2, 2, 2]
  Shrink factors (level 4 out of 4): [1, 1, 1]
  smoothing sigmas per level: [3, 2, 1, 0]
  Using default NONE metricSamplingStrategy 

*** Running SyN registration (varianceForUpdateField = 3, varianceForTotalField = 0) ***

XXDIAGNOSTIC,Iteration,metricValue,convergenceValue,ITERATION_TIME_INDEX,SINCE_LAST
 1DIAGNOSTIC,     1, -9.277658462524e-01, 1.797693134862e+308, 0.0000e+00, 0.0000e+00, 
 1DIAGNOSTIC,     2, -9.334955215454e-01, 1.797693134862e+308, 0.0000e+00, 0.0000e+00, 
 1DIAGNOSTIC,     3, -9.380159378052e-01, 1.797693134862e+308, 0.0000e+00, 0.0000e+00, 
 1DIAGNOSTIC,     4, -9.411864280701e-01, 1.797693134862e+308, 0.0000e+00, 0.0000e+00, 
 1DIAGNOSTIC,     5, -9.450721740723e-01, 1.797693134862e+308, 0.0000e+00, 0.0000e+00, 
 1DIAGNOSTIC,     6, -9.506397247314e-01, 1.797693134862e+308, 0.0000e+00, 0.0000e+00, 
 1DIAGNOSTIC,     7, -9.561157226562e-01, 1.797693134862e+308, 0.0000e+00, 0.0000e+00, 
 1DIAGNOSTIC,     8, -9.601798057556e-01, 1.797693134862e+308, 0.0000e+00, 0.0000e+00, 
 1DIAGNOSTIC,     9, -9.637970924377e-01, 1.797693134862e+308, 0.0000e+00, 0.0000e+00, 
 1DIAGNOSTIC,    10, -9.664444923401e-01, 2.658683780198e-03, 0.0000e+00, 0.0000e+00, 
 1DIAGNOSTIC,    11, -9.684052467346e-01, 2.275742062622e-03, 0.0000e+00, 0.0000e+00, 
 1DIAGNOSTIC,    12, -9.683942794800e-01, 1.893584226253e-03, 0.0000e+00, 0.0000e+00, 
 1DIAGNOSTIC,    13, -9.683513641357e-01, 1.503659972435e-03, 0.0000e+00, 0.0000e+00, 
 1DIAGNOSTIC,    14, -9.689531326294e-01, 1.114130257780e-03, 0.0000e+00, 0.0000e+00, 
 1DIAGNOSTIC,    15, -9.688744544983e-01, 7.492291670041e-04, 0.0000e+00, 0.0000e+00, 
 1DIAGNOSTIC,    16, -9.691820144653e-01, 4.697305493660e-04, 0.0000e+00, 0.0000e+00, 
 1DIAGNOSTIC,    17, -9.689154624939e-01, 2.709161655191e-04, 0.0000e+00, 0.0000e+00, 
 1DIAGNOSTIC,    18, -9.695196151733e-01, 1.460929792397e-04, 0.0000e+00, 0.0000e+00, 
 1DIAGNOSTIC,    19, -9.691939353943e-01, 7.138624313720e-05, 0.0000e+00, 0.0000e+00, 
 1DIAGNOSTIC,    20, -9.699096679688e-01, 4.691948298446e-05, 0.0000e+00, 0.0000e+00, 
 1DIAGNOSTIC,    21, -9.695501327515e-01, 4.306033817059e-05, 0.0000e+00, 0.0000e+00, 
 1DIAGNOSTIC,    22, -9.702687263489e-01, 4.549865910539e-05, 0.0000e+00, 0.0000e+00, 
 1DIAGNOSTIC,    23, -9.699010848999e-01, 3.787901157008e-05, 0.0000e+00, 0.0000e+00, 
 1DIAGNOSTIC,    24, -9.705395698547e-01, 4.296234726364e-05, 0.0000e+00, 0.0000e+00, 
 1DIAGNOSTIC,    25, -9.701361656189e-01, 3.775761768875e-05, 0.0000e+00, 0.0000e+00, 
 1DIAGNOSTIC,    26, -9.707880020142e-01, 4.070374830439e-05, 0.0000e+00, 0.0000e+00, 
 1DIAGNOSTIC,    27, -9.704070091248e-01, 3.227496815952e-05, 0.0000e+00, 0.0000e+00, 
 1DIAGNOSTIC,    28, -9.708523750305e-01, 3.286382492294e-05, 0.0000e+00, 0.0000e+00, 
 1DIAGNOSTIC,    29, -9.704170227051e-01, 2.238470130778e-05, 0.0000e+00, 0.0000e+00, 
 1DIAGNOSTIC,    30, -9.710559844971e-01, 2.419248540086e-05, 0.0000e+00, 0.0000e+00, 
 1DIAGNOSTIC,    31, -9.707231521606e-01, 1.673132468868e-05, 0.0000e+00, 0.0000e+00, 
 1DIAGNOSTIC,    32, -9.707856178284e-01, 1.567832812934e-05, 0.0000e+00, 0.0000e+00, 
 1DIAGNOSTIC,    33, -9.703330993652e-01, 5.854918439616e-06, 0.0000e+00, 0.0000e+00, 
 1DIAGNOSTIC,    34, -9.709296226501e-01, 7.079083965189e-06, 0.0000e+00, 0.0000e+00, 
 1DIAGNOSTIC,    35, -9.706306457520e-01, 1.349125249326e-06, 0.0000e+00, 0.0000e+00, 
 1DIAGNOSTIC,    36, -9.707770347595e-01, 2.604376182026e-06, 0.0000e+00, 0.0000e+00, 
 1DIAGNOSTIC,    37, -9.703063964844e-01, -3.187037270057e-06, 0.0000e+00, 0.0000e+00, 
XXDIAGNOSTIC,Iteration,metricValue,convergenceValue,ITERATION_TIME_INDEX,SINCE_LAST
 1DIAGNOSTIC,     1, -9.127640724182e-01, 1.797693134862e+308, 0.0000e+00, 0.0000e+00, 
 1DIAGNOSTIC,     2, -9.161543846130e-01, 1.797693134862e+308, 0.0000e+00, 0.0000e+00, 
 1DIAGNOSTIC,     3, -9.192576408386e-01, 1.797693134862e+308, 0.0000e+00, 0.0000e+00, 
 1DIAGNOSTIC,     4, -9.223899841309e-01, 1.797693134862e+308, 0.0000e+00, 0.0000e+00, 
 1DIAGNOSTIC,     5, -9.251432418823e-01, 1.797693134862e+308, 0.0000e+00, 0.0000e+00, 
 1DIAGNOSTIC,     6, -9.277968406677e-01, 1.797693134862e+308, 0.0000e+00, 0.0000e+00, 
 1DIAGNOSTIC,     7, -9.300003051758e-01, 1.797693134862e+308, 0.0000e+00, 0.0000e+00, 
 1DIAGNOSTIC,     8, -9.318675994873e-01, 1.797693134862e+308, 0.0000e+00, 0.0000e+00, 
 1DIAGNOSTIC,     9, -9.334197044373e-01, 1.797693134862e+308, 0.0000e+00, 0.0000e+00, 
 1DIAGNOSTIC,    10, -9.347605705261e-01, 1.536544640245e-03, 0.0000e+00, 0.0000e+00, 
 1DIAGNOSTIC,    11, -9.359474182129e-01, 1.246450392781e-03, 0.0000e+00, 0.0000e+00, 
 1DIAGNOSTIC,    12, -9.370098114014e-01, 1.006059696976e-03, 0.0000e+00, 0.0000e+00, 
 1DIAGNOSTIC,    13, -9.377584457397e-01, 8.019342302950e-04, 0.0000e+00, 0.0000e+00, 
 1DIAGNOSTIC,    14, -9.387016296387e-01, 6.428904033033e-04, 0.0000e+00, 0.0000e+00, 
 1DIAGNOSTIC,    15, -9.393591880798e-01, 5.152563279035e-04, 0.0000e+00, 0.0000e+00, 
 1DIAGNOSTIC,    16, -9.400110244751e-01, 4.190636583388e-04, 0.0000e+00, 0.0000e+00, 
 1DIAGNOSTIC,    17, -9.404697418213e-01, 3.431372061037e-04, 0.0000e+00, 0.0000e+00, 
 1DIAGNOSTIC,    18, -9.408793449402e-01, 2.824177103541e-04, 0.0000e+00, 0.0000e+00, 
 1DIAGNOSTIC,    19, -9.412560462952e-01, 2.327397741960e-04, 0.0000e+00, 0.0000e+00, 
 1DIAGNOSTIC,    20, -9.415588378906e-01, 1.912947697970e-04, 0.0000e+00, 0.0000e+00, 
 1DIAGNOSTIC,    21, -9.418144226074e-01, 1.568268125006e-04, 0.0000e+00, 0.0000e+00, 
 1DIAGNOSTIC,    22, -9.420347213745e-01, 1.286637772242e-04, 0.0000e+00, 0.0000e+00, 
 1DIAGNOSTIC,    23, -9.421887397766e-01, 1.027992496561e-04, 0.0000e+00, 0.0000e+00, 
 1DIAGNOSTIC,    24, -9.422698020935e-01, 8.246542972312e-05, 0.0000e+00, 0.0000e+00, 
 1DIAGNOSTIC,    25, -9.423074722290e-01, 6.448432783537e-05, 0.0000e+00, 0.0000e+00, 
 1DIAGNOSTIC,    26, -9.423236846924e-01, 4.969959809591e-05, 0.0000e+00, 0.0000e+00, 
 1DIAGNOSTIC,    27, -9.423346519470e-01, 3.667349510063e-05, 0.0000e+00, 0.0000e+00, 
 1DIAGNOSTIC,    28, -9.423546791077e-01, 2.583464614306e-05, 0.0000e+00, 0.0000e+00, 
 1DIAGNOSTIC,    29, -9.423909187317e-01, 1.769939649790e-05, 0.0000e+00, 0.0000e+00, 
 1DIAGNOSTIC,    30, -9.424505233765e-01, 1.217285551758e-05, 0.0000e+00, 0.0000e+00, 
 1DIAGNOSTIC,    31, -9.425439834595e-01, 9.329358960683e-06, 0.0000e+00, 0.0000e+00, 
 1DIAGNOSTIC,    32, -9.426760673523e-01, 9.179471335288e-06, 0.0000e+00, 0.0000e+00, 
 1DIAGNOSTIC,    33, -9.428553581238e-01, 1.129406406238e-05, 0.0000e+00, 0.0000e+00, 
 1DIAGNOSTIC,    34, -9.430956840515e-01, 1.513971560992e-05, 0.0000e+00, 0.0000e+00, 
 1DIAGNOSTIC,    35, -9.433054924011e-01, 1.952539967641e-05, 0.0000e+00, 0.0000e+00, 
 1DIAGNOSTIC,    36, -9.434871673584e-01, 2.354714203143e-05, 0.0000e+00, 0.0000e+00, 
 1DIAGNOSTIC,    37, -9.436488151550e-01, 2.659930075339e-05, 0.0000e+00, 0.0000e+00, 
 1DIAGNOSTIC,    38, -9.437885284424e-01, 2.829603446456e-05, 0.0000e+00, 0.0000e+00, 
 1DIAGNOSTIC,    39, -9.439144134521e-01, 2.852582393862e-05, 0.0000e+00, 0.0000e+00, 
 1DIAGNOSTIC,    40, -9.440236091614e-01, 2.736197144333e-05, 0.0000e+00, 0.0000e+00, 
 1DIAGNOSTIC,    41, -9.441304206848e-01, 2.519028636470e-05, 0.0000e+00, 0.0000e+00, 
 1DIAGNOSTIC,    42, -9.442176818848e-01, 2.235724405527e-05, 0.0000e+00, 0.0000e+00, 
 1DIAGNOSTIC,    43, -9.443120956421e-01, 1.949245168521e-05, 0.0000e+00, 0.0000e+00, 
 1DIAGNOSTIC,    44, -9.443831443787e-01, 1.708202576296e-05, 0.0000e+00, 0.0000e+00, 
 1DIAGNOSTIC,    45, -9.442725181580e-01, 1.386182425779e-05, 0.0000e+00, 0.0000e+00, 
 1DIAGNOSTIC,    46, -9.442114830017e-01, 1.033259471384e-05, 0.0000e+00, 0.0000e+00, 
 1DIAGNOSTIC,    47, -9.438629150391e-01, 4.819034754643e-06, 0.0000e+00, 0.0000e+00, 
 1DIAGNOSTIC,    48, -9.439539909363e-01, 6.255642722441e-07, 0.0000e+00, 0.0000e+00, 
XXDIAGNOSTIC,Iteration,metricValue,convergenceValue,ITERATION_TIME_INDEX,SINCE_LAST
 1DIAGNOSTIC,     1, -8.948874473572e-01, 1.797693134862e+308, 0.0000e+00, 0.0000e+00, 
 1DIAGNOSTIC,     2, -8.973064422607e-01, 1.797693134862e+308, 0.0000e+00, 0.0000e+00, 
 1DIAGNOSTIC,     3, -9.001264572144e-01, 1.797693134862e+308, 0.0000e+00, 0.0000e+00, 
 1DIAGNOSTIC,     4, -9.027180671692e-01, 1.797693134862e+308, 1.0240e+03, 1.0240e+03, 
 1DIAGNOSTIC,     5, -9.050498008728e-01, 1.797693134862e+308, 1.0240e+03, 0.0000e+00, 
 1DIAGNOSTIC,     6, -9.071149826050e-01, 1.797693134862e+308, 1.0240e+03, 0.0000e+00, 
 1DIAGNOSTIC,     7, -9.089751243591e-01, 1.797693134862e+308, 1.0240e+03, 0.0000e+00, 
 1DIAGNOSTIC,     8, -9.107694625854e-01, 1.797693134862e+308, 1.0240e+03, 0.0000e+00, 
 1DIAGNOSTIC,     9, -9.123535156250e-01, 1.797693134862e+308, 1.0240e+03, 0.0000e+00, 
 1DIAGNOSTIC,    10, -9.136729240417e-01, 1.342629407462e-03, 1.0240e+03, 0.0000e+00, 
 1DIAGNOSTIC,    11, -9.150300025940e-01, 1.123442266188e-03, 1.0240e+03, 0.0000e+00, 
 1DIAGNOSTIC,    12, -9.160189628601e-01, 9.282114580394e-04, 1.0240e+03, 0.0000e+00, 
 1DIAGNOSTIC,    13, -9.167714118958e-01, 7.646706243798e-04, 1.0240e+03, 0.0000e+00, 
 1DIAGNOSTIC,    14, -9.174480438232e-01, 6.276926026563e-04, 1.0240e+03, 0.0000e+00, 
 1DIAGNOSTIC,    15, -9.179868698120e-01, 5.111702361985e-04, 2.0480e+03, 1.0240e+03, 
 1DIAGNOSTIC,    16, -9.184966087341e-01, 4.123302910898e-04, 2.0480e+03, 0.0000e+00, 
 1DIAGNOSTIC,    17, -9.189982414246e-01, 3.302437201407e-04, 2.0480e+03, 0.0000e+00, 
 1DIAGNOSTIC,    18, -9.194107055664e-01, 2.648502809199e-04, 2.0480e+03, 0.0000e+00, 
 1DIAGNOSTIC,    19, -9.198966026306e-01, 2.156989665234e-04, 2.0480e+03, 0.0000e+00, 
 1DIAGNOSTIC,    20, -9.201941490173e-01, 1.763791788673e-04, 2.0480e+03, 0.0000e+00, 
 1DIAGNOSTIC,    21, -9.207334518433e-01, 1.524504846157e-04, 2.0480e+03, 0.0000e+00, 
 1DIAGNOSTIC,    22, -9.211831092834e-01, 1.367055334913e-04, 2.0480e+03, 0.0000e+00, 
 1DIAGNOSTIC,    23, -9.214682579041e-01, 1.235095311909e-04, 2.0480e+03, 0.0000e+00, 
 1DIAGNOSTIC,    24, -9.217367172241e-01, 1.121570495698e-04, 2.0480e+03, 0.0000e+00, 
 1DIAGNOSTIC,    25, -9.219884872437e-01, 1.010599877804e-04, 2.0480e+03, 0.0000e+00, 
 1DIAGNOSTIC,    26, -9.222211837769e-01, 9.016997414851e-05, 3.0720e+03, 1.0240e+03, 
 1DIAGNOSTIC,    27, -9.224410057068e-01, 7.989790213522e-05, 3.0720e+03, 0.0000e+00, 
 1DIAGNOSTIC,    28, -9.226465225220e-01, 6.970869146158e-05, 3.0720e+03, 0.0000e+00, 
 1DIAGNOSTIC,    29, -9.228415489197e-01, 6.104161128296e-05, 3.0720e+03, 0.0000e+00, 
 1DIAGNOSTIC,    30, -9.230294227600e-01, 5.220222809649e-05, 3.0720e+03, 0.0000e+00, 
 1DIAGNOSTIC,    31, -9.232115745544e-01, 4.621981665431e-05, 3.0720e+03, 0.0000e+00, 
 1DIAGNOSTIC,    32, -9.233832359314e-01, 4.230258542042e-05, 3.0720e+03, 0.0000e+00, 
 1DIAGNOSTIC,    33, -9.235515594482e-01, 3.892016968702e-05, 3.0720e+03, 0.0000e+00, 
 1DIAGNOSTIC,    34, -9.237136840820e-01, 3.601614991494e-05, 3.0720e+03, 0.0000e+00, 
 1DIAGNOSTIC,    35, -9.238715171814e-01, 3.353226686144e-05, 3.0720e+03, 0.0000e+00, 
 1DIAGNOSTIC,    36, -9.240326881409e-01, 3.143681879144e-05, 3.0720e+03, 0.0000e+00, 
 1DIAGNOSTIC,    37, -9.241914749146e-01, 2.968137332511e-05, 3.0720e+03, 0.0000e+00, 
 1DIAGNOSTIC,    38, -9.243531227112e-01, 2.823343256405e-05, 4.0960e+03, 1.0240e+03, 
 1DIAGNOSTIC,    39, -9.245190620422e-01, 2.708320540535e-05, 4.0960e+03, 0.0000e+00, 
 1DIAGNOSTIC,    40, -9.246902465820e-01, 2.623305874339e-05, 4.0960e+03, 0.0000e+00, 
 1DIAGNOSTIC,    41, -9.248638153076e-01, 2.565224142320e-05, 4.0960e+03, 0.0000e+00, 
 1DIAGNOSTIC,    42, -9.250407218933e-01, 2.526275984222e-05, 4.0960e+03, 0.0000e+00, 
 1DIAGNOSTIC,    43, -9.252233505249e-01, 2.504777291992e-05, 4.0960e+03, 0.0000e+00, 
 1DIAGNOSTIC,    44, -9.254078865051e-01, 2.492861271796e-05, 4.0960e+03, 0.0000e+00, 
 1DIAGNOSTIC,    45, -9.255957603455e-01, 2.484797146100e-05, 4.0960e+03, 0.0000e+00, 
 1DIAGNOSTIC,    46, -9.257855415344e-01, 2.479372267082e-05, 4.0960e+03, 0.0000e+00, 
 1DIAGNOSTIC,    47, -9.259781837463e-01, 2.472029283858e-05, 4.0960e+03, 0.0000e+00, 
 1DIAGNOSTIC,    48, -9.261736869812e-01, 2.462097446326e-05, 4.0960e+03, 0.0000e+00, 
 1DIAGNOSTIC,    49, -9.263763427734e-01, 2.452844336045e-05, 5.1200e+03, 1.0240e+03, 
 1DIAGNOSTIC,    50, -9.265789985657e-01, 2.443426480880e-05, 5.1200e+03, 0.0000e+00, 
XXDIAGNOSTIC,Iteration,metricValue,convergenceValue,ITERATION_TIME_INDEX,SINCE_LAST
 1DIAGNOSTIC,     1, -8.840928077698e-01, 1.797693134862e+308, 5.1200e+03, 0.0000e+00, 
 1DIAGNOSTIC,     2, -8.851761817932e-01, 1.797693134862e+308, 6.1440e+03, 1.0240e+03, 
 1DIAGNOSTIC,     3, -8.866648674011e-01, 1.797693134862e+308, 7.1680e+03, 1.0240e+03, 
 1DIAGNOSTIC,     4, -8.880958557129e-01, 1.797693134862e+308, 8.1920e+03, 1.0240e+03, 
 1DIAGNOSTIC,     5, -8.893704414368e-01, 1.797693134862e+308, 9.2160e+03, 1.0240e+03, 
 1DIAGNOSTIC,     6, -8.906025886536e-01, 1.797693134862e+308, 1.0240e+04, 1.0240e+03, 
 1DIAGNOSTIC,     7, -8.916983604431e-01, 1.797693134862e+308, 1.0240e+04, 0.0000e+00, 
 1DIAGNOSTIC,     8, -8.926858901978e-01, 1.797693134862e+308, 1.1264e+04, 1.0240e+03, 
 1DIAGNOSTIC,     9, -8.935475349426e-01, 1.797693134862e+308, 1.2288e+04, 1.0240e+03, 
 1DIAGNOSTIC,    10, -8.945055007935e-01, 7.647469683905e-04, 1.3312e+04, 1.0240e+03, 
 1DIAGNOSTIC,    11, -8.953299522400e-01, 6.577045451043e-04, 1.4336e+04, 1.0240e+03, 
 1DIAGNOSTIC,    12, -8.961238861084e-01, 5.590122983417e-04, 1.4336e+04, 0.0000e+00, 
 1DIAGNOSTIC,    13, -8.968887329102e-01, 4.799807866840e-04, 1.5360e+04, 1.0240e+03, 
 1DIAGNOSTIC,    14, -8.976421356201e-01, 4.181087644097e-04, 1.6384e+04, 1.0240e+03, 
 1DIAGNOSTIC,    15, -8.984003067017e-01, 3.691573379646e-04, 1.7408e+04, 1.0240e+03, 
 1DIAGNOSTIC,    16, -8.990731239319e-01, 3.301041817864e-04, 1.8432e+04, 1.0240e+03, 
 1DIAGNOSTIC,    17, -8.997621536255e-01, 2.985240413361e-04, 1.9456e+04, 1.0240e+03, 
 1DIAGNOSTIC,    18, -9.004583358765e-01, 2.725214271609e-04, 1.9456e+04, 0.0000e+00, 
 1DIAGNOSTIC,    19, -9.011397361755e-01, 2.496182213063e-04, 2.0480e+04, 1.0240e+03, 
 1DIAGNOSTIC,    20, -9.017529487610e-01, 2.306449917076e-04, 2.1504e+04, 1.0240e+03, 
  Elapsed time (stage 0): 21504


Total elapsed time: 21504
