
##########################
# Experiment information #
##########################
SIF_IMG: /project/rrg-glatard/mdugre/containers/ants-p2-vprec.sif
EXPERIMENT_NAME: vprec-space_search
CONFIG: 0111
VFC_BACKENDS: libinterflop_vprec.so --range-binary32=8 --precision-binary32=23 --range-binary64=8 --precision-binary64=23

FIXED_IMG: /templateflow/tpl-MNI152NLin2009cAsym/tpl-MNI152NLin2009cAsym_res-01_desc-brain_T1w.nii.gz
SUBJECT_ID: 0003021
INPUT_IMG: /project/rrg-glatard/mdugre/datasets/corr/RawDataBIDS/BMB_1/derivatives/antsBrainExtraction/sub-0003021/BrainExtractionBrain.nii.gz
OUTPUT_DIR: /project/rrg-glatard/mdugre/datasets/corr/RawDataBIDS/BMB_1/derivatives/vprec-space_search/0111/r8-p23/sub-0003021

ITK_GLOBAL_DEFAULT_NUMBER_OF_THREADS: 8
##########################

VFC_BACKENDS=libinterflop_ieee.so
Info [verificarlo]: loaded backend libinterflop_ieee.so
Info [interflop-ieee]: load backend with:
Info [interflop-ieee]: debug = false
Info [interflop-ieee]: debug-binary = false
Info [interflop-ieee]: no-backend-name = false
Info [interflop-ieee]: print-new-line = false
Info [interflop-ieee]: print-subnormal-normalized = false
Info [interflop-ieee]: count-op = false
All_Command_lines_OK
Using double precision for computations.
=============================================================================
The composite transform comprises the following transforms (in order): 
  1. Center of mass alignment using fixed image: /templateflow/tpl-MNI152NLin2009cAsym/tpl-MNI152NLin2009cAsym_res-01_desc-brain_T1w.nii.gz and moving image: /project/rrg-glatard/mdugre/datasets/corr/RawDataBIDS/BMB_1/derivatives/antsBrainExtraction/sub-0003021/BrainExtractionBrain.nii.gz (type = Euler3DTransform)
=============================================================================
  number of levels = 1
  fixed image: /templateflow/tpl-MNI152NLin2009cAsym/tpl-MNI152NLin2009cAsym_res-01_desc-brain_T1w.nii.gz
  moving image: /project/rrg-glatard/mdugre/datasets/corr/RawDataBIDS/BMB_1/derivatives/antsBrainExtraction/sub-0003021/BrainExtractionBrain.nii.gz
Dimension = 3
Number of stages = 1
Use histogram matching = false
Winsorize image intensities = true
  Lower quantile = 0.005
  Upper quantile = 0.995


Stage 1 State
   Image metric = MattesMI
     Fixed image = Image (0x482a390)
  RTTI typeinfo:   itk::Image<double, 3u>
  Reference Count: 2
  Modified Time: 2330
  Debug: Off
  Object Name: 
  Observers: 
    none
  Source: (none)
  Source output name: (none)
  Release Data: Off
  Data Released: False
  Global Release Data: Off
  PipelineMTime: 0
  UpdateMTime: 1941
  RealTimeStamp: 0 seconds 
  LargestPossibleRegion: 
    Dimension: 3
    Index: [0, 0, 0]
    Size: [193, 229, 193]
  BufferedRegion: 
    Dimension: 3
    Index: [0, 0, 0]
    Size: [193, 229, 193]
  RequestedRegion: 
    Dimension: 3
    Index: [0, 0, 0]
    Size: [193, 229, 193]
  Spacing: [1, 1, 1]
  Origin: [96, 132, -78]
  Direction: 
-1 0 0
0 -1 0
0 0 1

  IndexToPointMatrix: 
-1 0 0
0 -1 0
0 0 1

  PointToIndexMatrix: 
-1 0 0
0 -1 0
0 0 1

  Inverse Direction: 
-1 0 0
0 -1 0
0 0 1

  PixelContainer: 
    ImportImageContainer (0x48f5a90)
      RTTI typeinfo:   itk::ImportImageContainer<unsigned long, double>
      Reference Count: 1
      Modified Time: 1938
      Debug: Off
      Object Name: 
      Observers: 
        none
      Pointer: 0x1466d1b0a010
      Container manages memory: true
      Size: 8530021
      Capacity: 8530021

     Moving image = Image (0x482f390)
  RTTI typeinfo:   itk::Image<double, 3u>
  Reference Count: 2
  Modified Time: 2331
  Debug: Off
  Object Name: 
  Observers: 
    none
  Source: (none)
  Source output name: (none)
  Release Data: Off
  Data Released: False
  Global Release Data: Off
  PipelineMTime: 0
  UpdateMTime: 2328
  RealTimeStamp: 0 seconds 
  LargestPossibleRegion: 
    Dimension: 3
    Index: [0, 0, 0]
    Size: [176, 256, 256]
  BufferedRegion: 
    Dimension: 3
    Index: [0, 0, 0]
    Size: [176, 256, 256]
  RequestedRegion: 
    Dimension: 3
    Index: [0, 0, 0]
    Size: [176, 256, 256]
  Spacing: [1, 1, 1]
  Origin: [-92.1464, 106.518, -129.634]
  Direction: 
1 0 0
0 -1 0
0 0 1

  IndexToPointMatrix: 
1 0 0
0 -1 0
0 0 1

  PointToIndexMatrix: 
1 0 0
0 -1 0
0 0 1

  Inverse Direction: 
1 0 0
0 -1 0
0 0 1

  PixelContainer: 
    ImportImageContainer (0x49d5b90)
      RTTI typeinfo:   itk::ImportImageContainer<unsigned long, double>
      Reference Count: 1
      Modified Time: 2325
      Debug: Off
      Object Name: 
      Observers: 
        none
      Pointer: 0x1466cc309010
      Container manages memory: true
      Size: 11534336
      Capacity: 11534336

     Weighting = 1
     Sampling strategy = regular
     Number of bins = 32
     Radius = 4
     Sampling percentage  = 0.25
   Transform = Rigid
     Gradient step = 0.1
     Update field sigma (voxel space) = 0
     Total field sigma (voxel space) = 0
     Update field time sigma = 0
     Total field time sigma  = 0
     Number of time indices = 0
     Number of time point samples = 0
Registration using 1 total stages.

Stage 0
  iterations = 0
  convergence threshold = 1e-06
  convergence window size = 10
  number of levels = 1
  using the Mattes MI metric (number of bins = 32, weight = 1, use gradient filter = 0)
  preprocessing:  winsorizing the image intensities
  Shrink factors (level 1 out of 1): [1, 1, 1]
  smoothing sigmas per level: [0]
  regular sampling (percentage = 0.25)

*** Running Euler3DTransform registration ***

  Elapsed time (stage 0): 0.937418


Total elapsed time: 0.93894
VFC_BACKENDS=libinterflop_vprec.so --range-binary32=8 --precision-binary32=23 --range-binary64=8 --precision-binary64=23
Info [verificarlo]: loaded backend libinterflop_vprec.so
Info [interflop-vprec]: load backend with: 
Info [interflop-vprec]: precision-binary32 = 23
Info [interflop-vprec]: range-binary32 = 8
Info [interflop-vprec]: precision-binary64 = 23
Info [interflop-vprec]: range-binary64 = 8
Info [interflop-vprec]: mode = ob
Info [interflop-vprec]: error-mode = rel
Info [interflop-vprec]: max-abs-error-exponent = -1022
Info [interflop-vprec]: daz = false
Info [interflop-vprec]: ftz = false
Info [interflop-vprec]: 	instrument = none
Info [interflop-vprec]: 	prec-input-file = (null)
Info [interflop-vprec]: 	prec-output-file = (null)
Info [interflop-vprec]: 	prec-log-file = (null)
All_Command_lines_OK
Using double precision for computations.
=============================================================================
The composite transform comprises the following transforms (in order): 
  1. /project/rrg-glatard/mdugre/datasets/corr/RawDataBIDS/BMB_1/derivatives/vprec-space_search/0111/r8-p23/sub-0003021/align_Composite.h5[0] (type = Euler3DTransform)
  2. /project/rrg-glatard/mdugre/datasets/corr/RawDataBIDS/BMB_1/derivatives/vprec-space_search/0111/r8-p23/sub-0003021/align_Composite.h5[1] (type = Euler3DTransform)
=============================================================================
  number of levels = 4
  fixed image: /templateflow/tpl-MNI152NLin2009cAsym/tpl-MNI152NLin2009cAsym_res-01_desc-brain_T1w.nii.gz
  moving image: /project/rrg-glatard/mdugre/datasets/corr/RawDataBIDS/BMB_1/derivatives/antsBrainExtraction/sub-0003021/BrainExtractionBrain.nii.gz
Dimension = 3
Number of stages = 1
Use histogram matching = false
Winsorize image intensities = true
  Lower quantile = 0.005
  Upper quantile = 0.995


Stage 1 State
   Image metric = MattesMI
     Fixed image = Image (0x391b300)
  RTTI typeinfo:   itk::Image<double, 3u>
  Reference Count: 2
  Modified Time: 1578
  Debug: Off
  Object Name: 
  Observers: 
    none
  Source: (none)
  Source output name: (none)
  Release Data: Off
  Data Released: False
  Global Release Data: Off
  PipelineMTime: 0
  UpdateMTime: 1189
  RealTimeStamp: 0 seconds 
  LargestPossibleRegion: 
    Dimension: 3
    Index: [0, 0, 0]
    Size: [193, 229, 193]
  BufferedRegion: 
    Dimension: 3
    Index: [0, 0, 0]
    Size: [193, 229, 193]
  RequestedRegion: 
    Dimension: 3
    Index: [0, 0, 0]
    Size: [193, 229, 193]
  Spacing: [1, 1, 1]
  Origin: [96, 132, -78]
  Direction: 
-1 0 0
0 -1 0
0 0 1

  IndexToPointMatrix: 
-1 0 0
0 -1 0
0 0 1

  PointToIndexMatrix: 
-1 0 0
0 -1 0
0 0 1

  Inverse Direction: 
-1 0 0
0 -1 0
0 0 1

  PixelContainer: 
    ImportImageContainer (0x39d9d00)
      RTTI typeinfo:   itk::ImportImageContainer<unsigned long, double>
      Reference Count: 1
      Modified Time: 1186
      Debug: Off
      Object Name: 
      Observers: 
        none
      Pointer: 0x152123f94010
      Container manages memory: true
      Size: 8530021
      Capacity: 8530021

     Moving image = Image (0x39d6030)
  RTTI typeinfo:   itk::Image<double, 3u>
  Reference Count: 2
  Modified Time: 1579
  Debug: Off
  Object Name: 
  Observers: 
    none
  Source: (none)
  Source output name: (none)
  Release Data: Off
  Data Released: False
  Global Release Data: Off
  PipelineMTime: 0
  UpdateMTime: 1576
  RealTimeStamp: 0 seconds 
  LargestPossibleRegion: 
    Dimension: 3
    Index: [0, 0, 0]
    Size: [176, 256, 256]
  BufferedRegion: 
    Dimension: 3
    Index: [0, 0, 0]
    Size: [176, 256, 256]
  RequestedRegion: 
    Dimension: 3
    Index: [0, 0, 0]
    Size: [176, 256, 256]
  Spacing: [1, 1, 1]
  Origin: [-92.1464, 106.518, -129.634]
  Direction: 
1 0 0
0 -1 0
0 0 1

  IndexToPointMatrix: 
1 0 0
0 -1 0
0 0 1

  PointToIndexMatrix: 
1 0 0
0 -1 0
0 0 1

  Inverse Direction: 
1 0 0
0 -1 0
0 0 1

  PixelContainer: 
    ImportImageContainer (0x39d9680)
      RTTI typeinfo:   itk::ImportImageContainer<unsigned long, double>
      Reference Count: 1
      Modified Time: 1573
      Debug: Off
      Object Name: 
      Observers: 
        none
      Pointer: 0x15211e793010
      Container manages memory: true
      Size: 11534336
      Capacity: 11534336

     Weighting = 1
     Sampling strategy = regular
     Number of bins = 32
     Radius = 4
     Sampling percentage  = 0.25
   Transform = Rigid
     Gradient step = 0.1
     Update field sigma (voxel space) = 0
     Total field sigma (voxel space) = 0
     Update field time sigma = 0
     Total field time sigma  = 0
     Number of time indices = 0
     Number of time point samples = 0
Registration using 1 total stages.

Stage 0
  iterations = 1000x500x250x100
  convergence threshold = 1e-06
  convergence window size = 10
  number of levels = 4
  using the Mattes MI metric (number of bins = 32, weight = 1, use gradient filter = 0)
  preprocessing:  winsorizing the image intensities
  Shrink factors (level 1 out of 4): [8, 8, 8]
  Shrink factors (level 2 out of 4): [4, 4, 4]
  Shrink factors (level 3 out of 4): [2, 2, 2]
  Shrink factors (level 4 out of 4): [1, 1, 1]
  smoothing sigmas per level: [3, 2, 1, 0]
  regular sampling (percentage = 0.25)

*** Running Euler3DTransform registration ***

DIAGNOSTIC,Iteration,metricValue,convergenceValue,ITERATION_TIME_INDEX,SINCE_LAST
 2DIAGNOSTIC,     1, -5.495238165407e-01, 1.797693134862e+308, 0.0000e+00, 0.0000e+00, 
 2DIAGNOSTIC,     2, -5.522436992421e-01, 1.797693134862e+308, 0.0000e+00, 0.0000e+00, 
 2DIAGNOSTIC,     3, -5.561613762588e-01, 1.797693134862e+308, 0.0000e+00, 0.0000e+00, 
 2DIAGNOSTIC,     4, -5.614355699405e-01, 1.797693134862e+308, 0.0000e+00, 0.0000e+00, 
 2DIAGNOSTIC,     5, -5.686536038753e-01, 1.797693134862e+308, 0.0000e+00, 0.0000e+00, 
 2DIAGNOSTIC,     6, -5.834504881738e-01, 1.797693134862e+308, 0.0000e+00, 0.0000e+00, 
 2DIAGNOSTIC,     7, -5.861471021969e-01, 1.797693134862e+308, 0.0000e+00, 0.0000e+00, 
 2DIAGNOSTIC,     8, -5.878803756501e-01, 1.797693134862e+308, 0.0000e+00, 0.0000e+00, 
 2DIAGNOSTIC,     9, -5.904298208608e-01, 1.797693134862e+308, 0.0000e+00, 0.0000e+00, 
 2DIAGNOSTIC,    10, -5.887529238071e-01, 5.406750507670e-03, 0.0000e+00, 0.0000e+00, 
 2DIAGNOSTIC,    11, -5.892063471308e-01, 4.288818036540e-03, 0.0000e+00, 0.0000e+00, 
 2DIAGNOSTIC,    12, -5.897456881209e-01, 3.110982125885e-03, 0.0000e+00, 0.0000e+00, 
 2DIAGNOSTIC,    13, -5.912634111092e-01, 2.047619109065e-03, 0.0000e+00, 0.0000e+00, 
 2DIAGNOSTIC,    14, -5.944547645927e-01, 1.249379940595e-03, 0.0000e+00, 0.0000e+00, 
 2DIAGNOSTIC,    15, -5.949901446844e-01, 6.870699007175e-04, 0.0000e+00, 0.0000e+00, 
 2DIAGNOSTIC,    16, -5.959137145015e-01, 6.165093513370e-04, 0.0000e+00, 0.0000e+00, 
 2DIAGNOSTIC,    17, -5.964725352835e-01, 5.907487071178e-04, 0.0000e+00, 0.0000e+00, 
 2DIAGNOSTIC,    18, -5.970828040048e-01, 5.738651807456e-04, 0.0000e+00, 0.0000e+00, 
 2DIAGNOSTIC,    19, -5.974699612328e-01, 5.813645304390e-04, 0.0000e+00, 0.0000e+00, 
 2DIAGNOSTIC,    20, -5.978713371280e-01, 5.031942592765e-04, 0.0000e+00, 0.0000e+00, 
 2DIAGNOSTIC,    21, -5.986418912124e-01, 4.151930769319e-04, 0.0000e+00, 0.0000e+00, 
 2DIAGNOSTIC,    22, -5.988286776512e-01, 3.123429024393e-04, 0.0000e+00, 0.0000e+00, 
 2DIAGNOSTIC,    23, -5.988520902853e-01, 2.205645777137e-04, 0.0000e+00, 0.0000e+00, 
 2DIAGNOSTIC,    24, -5.988382117389e-01, 1.804646013756e-04, 0.0000e+00, 0.0000e+00, 
 2DIAGNOSTIC,    25, -5.990116898433e-01, 1.402400819676e-04, 0.0000e+00, 0.0000e+00, 
 2DIAGNOSTIC,    26, -5.991386935574e-01, 1.092629102923e-04, 0.0000e+00, 0.0000e+00, 
 2DIAGNOSTIC,    27, -5.997601403695e-01, 9.134941497398e-05, 0.0000e+00, 0.0000e+00, 
 2DIAGNOSTIC,    28, -5.999269581220e-01, 7.951908367282e-05, 0.0000e+00, 0.0000e+00, 
 2DIAGNOSTIC,    29, -6.002461192548e-01, 7.297421765383e-05, 0.0000e+00, 0.0000e+00, 
 2DIAGNOSTIC,    30, -6.002684663974e-01, 6.658380387337e-05, 0.0000e+00, 0.0000e+00, 
 2DIAGNOSTIC,    31, -6.003239371199e-01, 6.720111358464e-05, 0.0000e+00, 0.0000e+00, 
 2DIAGNOSTIC,    32, -6.003271283331e-01, 6.429035178460e-05, 0.0000e+00, 0.0000e+00, 
 2DIAGNOSTIC,    33, -6.004214994740e-01, 5.726763308963e-05, 0.0000e+00, 0.0000e+00, 
 2DIAGNOSTIC,    34, -6.004255251888e-01, 4.516833506053e-05, 0.0000e+00, 0.0000e+00, 
 2DIAGNOSTIC,    35, -6.004296571120e-01, 3.209610635687e-05, 0.0000e+00, 0.0000e+00, 
 2DIAGNOSTIC,    36, -6.004329396066e-01, 1.840446998074e-05, 0.0000e+00, 0.0000e+00, 
 2DIAGNOSTIC,    37, -6.004361380986e-01, 1.190347730431e-05, 0.0000e+00, 0.0000e+00, 
 2DIAGNOSTIC,    38, -6.004465389378e-01, 6.820631400974e-06, 0.0000e+00, 0.0000e+00, 
 2DIAGNOSTIC,    39, -6.003601134010e-01, 4.294363816260e-06, 0.0000e+00, 0.0000e+00, 
 2DIAGNOSTIC,    40, -6.003600854927e-01, 1.864318153993e-06, 0.0000e+00, 0.0000e+00, 
DIAGNOSTIC,Iteration,metricValue,convergenceValue,ITERATION_TIME_INDEX,SINCE_LAST
 2DIAGNOSTIC,     1, -4.727675039468e-01, 1.797693134862e+308, 0.0000e+00, 0.0000e+00, 
 2DIAGNOSTIC,     2, -4.728914277747e-01, 1.797693134862e+308, 0.0000e+00, 0.0000e+00, 
 2DIAGNOSTIC,     3, -4.730376469430e-01, 1.797693134862e+308, 0.0000e+00, 0.0000e+00, 
 2DIAGNOSTIC,     4, -4.733073528157e-01, 1.797693134862e+308, 0.0000e+00, 0.0000e+00, 
 2DIAGNOSTIC,     5, -4.737690186712e-01, 1.797693134862e+308, 0.0000e+00, 0.0000e+00, 
 2DIAGNOSTIC,     6, -4.744104943595e-01, 1.797693134862e+308, 0.0000e+00, 0.0000e+00, 
 2DIAGNOSTIC,     7, -4.751045688673e-01, 1.797693134862e+308, 0.0000e+00, 0.0000e+00, 
 2DIAGNOSTIC,     8, -4.756586803937e-01, 1.797693134862e+308, 0.0000e+00, 0.0000e+00, 
 2DIAGNOSTIC,     9, -4.757549644658e-01, 1.797693134862e+308, 0.0000e+00, 0.0000e+00, 
 2DIAGNOSTIC,    10, -4.762552145215e-01, 5.289779230670e-04, 0.0000e+00, 0.0000e+00, 
 2DIAGNOSTIC,    11, -4.778786402006e-01, 5.752147014344e-04, 0.0000e+00, 0.0000e+00, 
 2DIAGNOSTIC,    12, -4.782281546361e-01, 5.835696129864e-04, 0.0000e+00, 0.0000e+00, 
 2DIAGNOSTIC,    13, -4.788464242018e-01, 5.739528795423e-04, 0.0000e+00, 0.0000e+00, 
 2DIAGNOSTIC,    14, -4.792332375431e-01, 5.424022500811e-04, 0.0000e+00, 0.0000e+00, 
 2DIAGNOSTIC,    15, -4.794133730885e-01, 4.908022989549e-04, 0.0000e+00, 0.0000e+00, 
 2DIAGNOSTIC,    16, -4.796087485266e-01, 4.309081781522e-04, 0.0000e+00, 0.0000e+00, 
 2DIAGNOSTIC,    17, -4.797571999215e-01, 3.675807743704e-04, 0.0000e+00, 0.0000e+00, 
 2DIAGNOSTIC,    18, -4.799009148704e-01, 3.012742820878e-04, 0.0000e+00, 0.0000e+00, 
 2DIAGNOSTIC,    19, -4.799982046581e-01, 2.203966440869e-04, 0.0000e+00, 0.0000e+00, 
 2DIAGNOSTIC,    20, -4.799940212044e-01, 1.410532518571e-04, 0.0000e+00, 0.0000e+00, 
 2DIAGNOSTIC,    21, -4.800161894147e-01, 1.031039443793e-04, 0.0000e+00, 0.0000e+00, 
 2DIAGNOSTIC,    22, -4.800586880866e-01, 6.940667163059e-05, 0.0000e+00, 0.0000e+00, 
 2DIAGNOSTIC,    23, -4.801081967139e-01, 4.933063468837e-05, 0.0000e+00, 0.0000e+00, 
 2DIAGNOSTIC,    24, -4.801530439866e-01, 3.707651732077e-05, 0.0000e+00, 0.0000e+00, 
 2DIAGNOSTIC,    25, -4.801770824484e-01, 2.727023747247e-05, 0.0000e+00, 0.0000e+00, 
 2DIAGNOSTIC,    26, -4.802259823926e-01, 2.135149170798e-05, 0.0000e+00, 0.0000e+00, 
 2DIAGNOSTIC,    27, -4.804026863803e-01, 2.104718655937e-05, 0.0000e+00, 0.0000e+00, 
 2DIAGNOSTIC,    28, -4.804010084962e-01, 2.174540069887e-05, 0.0000e+00, 0.0000e+00, 
 2DIAGNOSTIC,    29, -4.803938280007e-01, 2.235979083677e-05, 0.0000e+00, 0.0000e+00, 
 2DIAGNOSTIC,    30, -4.803786368041e-01, 2.059868611276e-05, 0.0000e+00, 0.0000e+00, 
 2DIAGNOSTIC,    31, -4.803664484106e-01, 1.727244298288e-05, 0.0000e+00, 0.0000e+00, 
 2DIAGNOSTIC,    32, -4.803372634864e-01, 1.279689789271e-05, 0.0000e+00, 0.0000e+00, 
 2DIAGNOSTIC,    33, -4.803300048063e-01, 8.229310641678e-06, 0.0000e+00, 0.0000e+00, 
 2DIAGNOSTIC,    34, -4.803164147678e-01, 3.834593843753e-06, 0.0000e+00, 0.0000e+00, 
DIAGNOSTIC,Iteration,metricValue,convergenceValue,ITERATION_TIME_INDEX,SINCE_LAST
 2DIAGNOSTIC,     1, -4.175980653871e-01, 1.797693134862e+308, 0.0000e+00, 0.0000e+00, 
 2DIAGNOSTIC,     2, -4.178123231110e-01, 1.797693134862e+308, 0.0000e+00, 0.0000e+00, 
 2DIAGNOSTIC,     3, -4.180391813795e-01, 1.797693134862e+308, 0.0000e+00, 0.0000e+00, 
 2DIAGNOSTIC,     4, -4.182295386255e-01, 1.797693134862e+308, 0.0000e+00, 0.0000e+00, 
 2DIAGNOSTIC,     5, -4.182396421312e-01, 1.797693134862e+308, 0.0000e+00, 0.0000e+00, 
 2DIAGNOSTIC,     6, -4.182296938486e-01, 1.797693134862e+308, 0.0000e+00, 0.0000e+00, 
 2DIAGNOSTIC,     7, -4.182361104587e-01, 1.797693134862e+308, 0.0000e+00, 0.0000e+00, 
 2DIAGNOSTIC,     8, -4.182593475850e-01, 1.797693134862e+308, 0.0000e+00, 0.0000e+00, 
 2DIAGNOSTIC,     9, -4.182740108639e-01, 1.797693134862e+308, 0.0000e+00, 0.0000e+00, 
 2DIAGNOSTIC,    10, -4.182752169879e-01, 8.723015368177e-05, 0.0000e+00, 0.0000e+00, 
 2DIAGNOSTIC,    11, -4.182761869935e-01, 4.685965704747e-05, 0.0000e+00, 0.0000e+00, 
 2DIAGNOSTIC,    12, -4.182788579052e-01, 2.133923618251e-05, 0.0000e+00, 0.0000e+00, 
 2DIAGNOSTIC,    13, -4.182790969218e-01, 9.617634919995e-06, 0.0000e+00, 0.0000e+00, 
 2DIAGNOSTIC,    14, -4.182784744570e-01, 8.101604519181e-06, 0.0000e+00, 0.0000e+00, 
 2DIAGNOSTIC,    15, -4.182768830930e-01, 6.674252471930e-06, 0.0000e+00, 0.0000e+00, 
 2DIAGNOSTIC,    16, -4.182750718385e-01, 4.523043588445e-06, 0.0000e+00, 0.0000e+00, 
 2DIAGNOSTIC,    17, -4.182752949270e-01, 2.637221374717e-06, 0.0000e+00, 0.0000e+00, 
 2DIAGNOSTIC,    18, -4.182749229379e-01, 1.736343649195e-06, 0.0000e+00, 0.0000e+00, 
 2DIAGNOSTIC,    19, -4.182743470210e-01, 1.437820372825e-06, 0.0000e+00, 0.0000e+00, 
 2DIAGNOSTIC,    20, -4.182728681484e-01, 1.183921006245e-06, 0.0000e+00, 0.0000e+00, 
DIAGNOSTIC,Iteration,metricValue,convergenceValue,ITERATION_TIME_INDEX,SINCE_LAST
 2DIAGNOSTIC,     1, -3.858958056330e-01, 1.797693134862e+308, 0.0000e+00, 0.0000e+00, 
 2DIAGNOSTIC,     2, -3.859704121417e-01, 1.797693134862e+308, 0.0000e+00, 0.0000e+00, 
 2DIAGNOSTIC,     3, -3.860120824820e-01, 1.797693134862e+308, 0.0000e+00, 0.0000e+00, 
 2DIAGNOSTIC,     4, -3.860590573276e-01, 1.797693134862e+308, 0.0000e+00, 0.0000e+00, 
 2DIAGNOSTIC,     5, -3.860646049475e-01, 1.797693134862e+308, 1.2800e+02, 1.2800e+02, 
 2DIAGNOSTIC,     6, -3.860658115798e-01, 1.797693134862e+308, 1.2800e+02, 0.0000e+00, 
 2DIAGNOSTIC,     7, -3.860654335003e-01, 1.797693134862e+308, 1.2800e+02, 0.0000e+00, 
 2DIAGNOSTIC,     8, -3.860648011524e-01, 1.797693134862e+308, 1.2800e+02, 0.0000e+00, 
 2DIAGNOSTIC,     9, -3.860644542970e-01, 1.797693134862e+308, 1.2800e+02, 0.0000e+00, 
 2DIAGNOSTIC,    10, -3.860641116962e-01, 2.458005214794e-05, 1.2800e+02, 0.0000e+00, 
 2DIAGNOSTIC,    11, -3.860641075562e-01, 1.246049961647e-05, 1.2800e+02, 0.0000e+00, 
 2DIAGNOSTIC,    12, -3.860640598709e-01, 6.044049644105e-06, 1.2800e+02, 0.0000e+00, 
 2DIAGNOSTIC,    13, -3.860640994670e-01, 2.599700583736e-06, 1.2800e+02, 0.0000e+00, 
 2DIAGNOSTIC,    14, -3.860639898321e-01, 2.090546735500e-06, 1.2800e+02, 0.0000e+00, 
 2DIAGNOSTIC,    15, -3.860640252739e-01, 1.937954820494e-06, 1.2800e+02, 0.0000e+00, 
 2DIAGNOSTIC,    16, -3.860640107501e-01, 1.875936533086e-06, 1.2800e+02, 0.0000e+00, 
 2DIAGNOSTIC,    17, -3.860638932320e-01, 1.810439981195e-06, 1.2800e+02, 0.0000e+00, 
 2DIAGNOSTIC,    18, -3.860638513658e-01, 1.730650280751e-06, 2.5600e+02, 1.2800e+02, 
 2DIAGNOSTIC,    19, -3.860638809657e-01, 1.650754569510e-06, 2.5600e+02, 0.0000e+00, 
 2DIAGNOSTIC,    20, -3.860638506447e-01, 1.567189270670e-06, 2.5600e+02, 0.0000e+00, 
 2DIAGNOSTIC,    21, -3.860637631949e-01, 1.490589711543e-06, 2.5600e+02, 0.0000e+00, 
 2DIAGNOSTIC,    22, -3.860637316299e-01, 1.420662183518e-06, 2.5600e+02, 0.0000e+00, 
 2DIAGNOSTIC,    23, -3.860637406932e-01, 1.360859069446e-06, 2.5600e+02, 0.0000e+00, 
 2DIAGNOSTIC,    24, -3.860637548128e-01, 1.305027849209e-06, 2.5600e+02, 0.0000e+00, 
 2DIAGNOSTIC,    25, -3.860636723261e-01, 1.254144502791e-06, 2.5600e+02, 0.0000e+00, 
 2DIAGNOSTIC,    26, -3.860636912815e-01, 1.209240304209e-06, 2.5600e+02, 0.0000e+00, 
 2DIAGNOSTIC,    27, -3.860636903185e-01, 1.165790597307e-06, 2.5600e+02, 0.0000e+00, 
 2DIAGNOSTIC,    28, -3.860636912297e-01, 1.125435948345e-06, 2.5600e+02, 0.0000e+00, 
 2DIAGNOSTIC,    29, -3.860636872754e-01, 1.089512832224e-06, 2.5600e+02, 0.0000e+00, 
 2DIAGNOSTIC,    30, -3.860636872296e-01, 1.056029792453e-06, 3.8400e+02, 1.2800e+02, 
 2DIAGNOSTIC,    31, -3.860636872282e-01, 1.023068666020e-06, 3.8400e+02, 0.0000e+00, 
  Elapsed time (stage 0): 3.8400e+02


Total elapsed time: 3.8400e+02
VFC_BACKENDS=libinterflop_vprec.so --range-binary32=8 --precision-binary32=23 --range-binary64=8 --precision-binary64=23
Info [verificarlo]: loaded backend libinterflop_vprec.so
Info [interflop-vprec]: load backend with: 
Info [interflop-vprec]: precision-binary32 = 23
Info [interflop-vprec]: range-binary32 = 8
Info [interflop-vprec]: precision-binary64 = 23
Info [interflop-vprec]: range-binary64 = 8
Info [interflop-vprec]: mode = ob
Info [interflop-vprec]: error-mode = rel
Info [interflop-vprec]: max-abs-error-exponent = -1022
Info [interflop-vprec]: daz = false
Info [interflop-vprec]: ftz = false
Info [interflop-vprec]: 	instrument = none
Info [interflop-vprec]: 	prec-input-file = (null)
Info [interflop-vprec]: 	prec-output-file = (null)
Info [interflop-vprec]: 	prec-log-file = (null)
All_Command_lines_OK
Using double precision for computations.
=============================================================================
The composite transform comprises the following transforms (in order): 
  1. /project/rrg-glatard/mdugre/datasets/corr/RawDataBIDS/BMB_1/derivatives/vprec-space_search/0111/r8-p23/sub-0003021/rigid_Composite.h5[0] (type = Euler3DTransform)
  2. /project/rrg-glatard/mdugre/datasets/corr/RawDataBIDS/BMB_1/derivatives/vprec-space_search/0111/r8-p23/sub-0003021/rigid_Composite.h5[1] (type = Euler3DTransform)
  3. /project/rrg-glatard/mdugre/datasets/corr/RawDataBIDS/BMB_1/derivatives/vprec-space_search/0111/r8-p23/sub-0003021/rigid_Composite.h5[2] (type = Euler3DTransform)
=============================================================================
  number of levels = 4
  fixed image: /templateflow/tpl-MNI152NLin2009cAsym/tpl-MNI152NLin2009cAsym_res-01_desc-brain_T1w.nii.gz
  moving image: /project/rrg-glatard/mdugre/datasets/corr/RawDataBIDS/BMB_1/derivatives/antsBrainExtraction/sub-0003021/BrainExtractionBrain.nii.gz
Dimension = 3
Number of stages = 1
Use histogram matching = false
Winsorize image intensities = true
  Lower quantile = 0.005
  Upper quantile = 0.995


Stage 1 State
   Image metric = MattesMI
     Fixed image = Image (0x3e21300)
  RTTI typeinfo:   itk::Image<double, 3u>
  Reference Count: 2
  Modified Time: 1592
  Debug: Off
  Object Name: 
  Observers: 
    none
  Source: (none)
  Source output name: (none)
  Release Data: Off
  Data Released: False
  Global Release Data: Off
  PipelineMTime: 0
  UpdateMTime: 1203
  RealTimeStamp: 0 seconds 
  LargestPossibleRegion: 
    Dimension: 3
    Index: [0, 0, 0]
    Size: [193, 229, 193]
  BufferedRegion: 
    Dimension: 3
    Index: [0, 0, 0]
    Size: [193, 229, 193]
  RequestedRegion: 
    Dimension: 3
    Index: [0, 0, 0]
    Size: [193, 229, 193]
  Spacing: [1, 1, 1]
  Origin: [96, 132, -78]
  Direction: 
-1 0 0
0 -1 0
0 0 1

  IndexToPointMatrix: 
-1 0 0
0 -1 0
0 0 1

  PointToIndexMatrix: 
-1 0 0
0 -1 0
0 0 1

  Inverse Direction: 
-1 0 0
0 -1 0
0 0 1

  PixelContainer: 
    ImportImageContainer (0x3e9c070)
      RTTI typeinfo:   itk::ImportImageContainer<unsigned long, double>
      Reference Count: 1
      Modified Time: 1200
      Debug: Off
      Object Name: 
      Observers: 
        none
      Pointer: 0x14d50fffa010
      Container manages memory: true
      Size: 8530021
      Capacity: 8530021

     Moving image = Image (0x3ed10e0)
  RTTI typeinfo:   itk::Image<double, 3u>
  Reference Count: 2
  Modified Time: 1593
  Debug: Off
  Object Name: 
  Observers: 
    none
  Source: (none)
  Source output name: (none)
  Release Data: Off
  Data Released: False
  Global Release Data: Off
  PipelineMTime: 0
  UpdateMTime: 1590
  RealTimeStamp: 0 seconds 
  LargestPossibleRegion: 
    Dimension: 3
    Index: [0, 0, 0]
    Size: [176, 256, 256]
  BufferedRegion: 
    Dimension: 3
    Index: [0, 0, 0]
    Size: [176, 256, 256]
  RequestedRegion: 
    Dimension: 3
    Index: [0, 0, 0]
    Size: [176, 256, 256]
  Spacing: [1, 1, 1]
  Origin: [-92.1464, 106.518, -129.634]
  Direction: 
1 0 0
0 -1 0
0 0 1

  IndexToPointMatrix: 
1 0 0
0 -1 0
0 0 1

  PointToIndexMatrix: 
1 0 0
0 -1 0
0 0 1

  Inverse Direction: 
1 0 0
0 -1 0
0 0 1

  PixelContainer: 
    ImportImageContainer (0x3e9ac90)
      RTTI typeinfo:   itk::ImportImageContainer<unsigned long, double>
      Reference Count: 1
      Modified Time: 1587
      Debug: Off
      Object Name: 
      Observers: 
        none
      Pointer: 0x14d50a7f9010
      Container manages memory: true
      Size: 11534336
      Capacity: 11534336

     Weighting = 1
     Sampling strategy = regular
     Number of bins = 32
     Radius = 4
     Sampling percentage  = 0.25
   Transform = Affine
     Gradient step = 0.1
     Update field sigma (voxel space) = 0
     Total field sigma (voxel space) = 0
     Update field time sigma = 0
     Total field time sigma  = 0
     Number of time indices = 0
     Number of time point samples = 0
Registration using 1 total stages.

Stage 0
  iterations = 1000x500x250x100
  convergence threshold = 1e-06
  convergence window size = 10
  number of levels = 4
  using the Mattes MI metric (number of bins = 32, weight = 1, use gradient filter = 0)
  preprocessing:  winsorizing the image intensities
  Shrink factors (level 1 out of 4): [8, 8, 8]
  Shrink factors (level 2 out of 4): [4, 4, 4]
  Shrink factors (level 3 out of 4): [2, 2, 2]
  Shrink factors (level 4 out of 4): [1, 1, 1]
  smoothing sigmas per level: [3, 2, 1, 0]
  regular sampling (percentage = 0.25)

*** Running AffineTransform registration ***

DIAGNOSTIC,Iteration,metricValue,convergenceValue,ITERATION_TIME_INDEX,SINCE_LAST
 2DIAGNOSTIC,     1, -5.965626692862e-01, 1.797693134862e+308, 0.0000e+00, 0.0000e+00, 
 2DIAGNOSTIC,     2, -5.986592526703e-01, 1.797693134862e+308, 0.0000e+00, 0.0000e+00, 
 2DIAGNOSTIC,     3, -6.022124277558e-01, 1.797693134862e+308, 0.0000e+00, 0.0000e+00, 
 2DIAGNOSTIC,     4, -6.089960465738e-01, 1.797693134862e+308, 0.0000e+00, 0.0000e+00, 
 2DIAGNOSTIC,     5, -6.212022987458e-01, 1.797693134862e+308, 0.0000e+00, 0.0000e+00, 
 2DIAGNOSTIC,     6, -6.504703952682e-01, 1.797693134862e+308, 0.0000e+00, 0.0000e+00, 
 2DIAGNOSTIC,     7, -7.013074278879e-01, 1.797693134862e+308, 0.0000e+00, 0.0000e+00, 
 2DIAGNOSTIC,     8, -7.911706277967e-01, 1.797693134862e+308, 0.0000e+00, 0.0000e+00, 
 2DIAGNOSTIC,     9, -8.203718149678e-01, 1.797693134862e+308, 0.0000e+00, 0.0000e+00, 
 2DIAGNOSTIC,    10, -8.390409547188e-01, 2.566837770669e-02, 0.0000e+00, 0.0000e+00, 
 2DIAGNOSTIC,    11, -8.669890348969e-01, 2.627054968233e-02, 0.0000e+00, 0.0000e+00, 
 2DIAGNOSTIC,    12, -8.713291205902e-01, 2.460205545566e-02, 0.0000e+00, 0.0000e+00, 
 2DIAGNOSTIC,    13, -8.712053194044e-01, 2.113487751538e-02, 0.0000e+00, 0.0000e+00, 
 2DIAGNOSTIC,    14, -8.711486668820e-01, 1.655896201045e-02, 0.0000e+00, 0.0000e+00, 
 2DIAGNOSTIC,    15, -8.710778101596e-01, 1.153110803750e-02, 0.0000e+00, 0.0000e+00, 
 2DIAGNOSTIC,    16, -8.707683263252e-01, 6.856084005441e-03, 0.0000e+00, 0.0000e+00, 
 2DIAGNOSTIC,    17, -8.707240092504e-01, 3.256887526517e-03, 0.0000e+00, 0.0000e+00, 
 2DIAGNOSTIC,    18, -8.705040511088e-01, 1.657258028233e-03, 0.0000e+00, 0.0000e+00, 
 2DIAGNOSTIC,    19, -8.704050763997e-01, 6.568593526067e-04, 0.0000e+00, 0.0000e+00, 
 2DIAGNOSTIC,    20, -8.701919031434e-01, 3.204171178710e-05, 0.0000e+00, 0.0000e+00, 
DIAGNOSTIC,Iteration,metricValue,convergenceValue,ITERATION_TIME_INDEX,SINCE_LAST
 2DIAGNOSTIC,     1, -7.297586701321e-01, 1.797693134862e+308, 0.0000e+00, 0.0000e+00, 
 2DIAGNOSTIC,     2, -7.302195806218e-01, 1.797693134862e+308, 0.0000e+00, 0.0000e+00, 
 2DIAGNOSTIC,     3, -7.302608313178e-01, 1.797693134862e+308, 0.0000e+00, 0.0000e+00, 
 2DIAGNOSTIC,     4, -7.302339669187e-01, 1.797693134862e+308, 0.0000e+00, 0.0000e+00, 
 2DIAGNOSTIC,     5, -7.302173912771e-01, 1.797693134862e+308, 0.0000e+00, 0.0000e+00, 
 2DIAGNOSTIC,     6, -7.302265803638e-01, 1.797693134862e+308, 0.0000e+00, 0.0000e+00, 
 2DIAGNOSTIC,     7, -7.302118156492e-01, 1.797693134862e+308, 0.0000e+00, 0.0000e+00, 
 2DIAGNOSTIC,     8, -7.302010288119e-01, 1.797693134862e+308, 0.0000e+00, 0.0000e+00, 
 2DIAGNOSTIC,     9, -7.302064407733e-01, 1.797693134862e+308, 0.0000e+00, 0.0000e+00, 
 2DIAGNOSTIC,    10, -7.301930834058e-01, 1.766539214879e-05, 0.0000e+00, 0.0000e+00, 
DIAGNOSTIC,Iteration,metricValue,convergenceValue,ITERATION_TIME_INDEX,SINCE_LAST
 2DIAGNOSTIC,     1, -6.143181767235e-01, 1.797693134862e+308, 0.0000e+00, 0.0000e+00, 
 2DIAGNOSTIC,     2, -6.147304302456e-01, 1.797693134862e+308, 0.0000e+00, 0.0000e+00, 
 2DIAGNOSTIC,     3, -6.151816128961e-01, 1.797693134862e+308, 0.0000e+00, 0.0000e+00, 
 2DIAGNOSTIC,     4, -6.158076876054e-01, 1.797693134862e+308, 0.0000e+00, 0.0000e+00, 
 2DIAGNOSTIC,     5, -6.169393874569e-01, 1.797693134862e+308, 0.0000e+00, 0.0000e+00, 
 2DIAGNOSTIC,     6, -6.178509842328e-01, 1.797693134862e+308, 0.0000e+00, 0.0000e+00, 
 2DIAGNOSTIC,     7, -6.180655254824e-01, 1.797693134862e+308, 0.0000e+00, 0.0000e+00, 
 2DIAGNOSTIC,     8, -6.183838225533e-01, 1.797693134862e+308, 0.0000e+00, 0.0000e+00, 
 2DIAGNOSTIC,     9, -6.183857605027e-01, 1.797693134862e+308, 0.0000e+00, 0.0000e+00, 
 2DIAGNOSTIC,    10, -6.183861658907e-01, 4.968754059299e-04, 0.0000e+00, 0.0000e+00, 
 2DIAGNOSTIC,    11, -6.183872143567e-01, 3.788098869878e-04, 0.0000e+00, 0.0000e+00, 
 2DIAGNOSTIC,    12, -6.183867745205e-01, 2.627563614061e-04, 0.0000e+00, 0.0000e+00, 
 2DIAGNOSTIC,    13, -6.183881460089e-01, 1.572988393313e-04, 0.0000e+00, 0.0000e+00, 
 2DIAGNOSTIC,    14, -6.183870748703e-01, 7.279499959076e-05, 0.0000e+00, 0.0000e+00, 
 2DIAGNOSTIC,    15, -6.183877890306e-01, 2.733380886352e-05, 0.0000e+00, 0.0000e+00, 
 2DIAGNOSTIC,    16, -6.183844960187e-01, 1.131914417830e-05, 0.0000e+00, 0.0000e+00, 
 2DIAGNOSTIC,    17, -6.183841600145e-01, 1.888466264928e-06, 0.0000e+00, 0.0000e+00, 
 2DIAGNOSTIC,    18, -6.183831943057e-01, 1.618077531913e-06, 0.0000e+00, 0.0000e+00, 
 2DIAGNOSTIC,    19, -6.183848507298e-01, 1.476671255836e-06, 0.0000e+00, 0.0000e+00, 
 2DIAGNOSTIC,    20, -6.183862618717e-01, 1.408101660119e-06, 0.0000e+00, 0.0000e+00, 
 2DIAGNOSTIC,    21, -6.183881019823e-01, 1.427193685503e-06, 0.0000e+00, 0.0000e+00, 
 2DIAGNOSTIC,    22, -6.183906044073e-01, 1.495456843560e-06, 0.0000e+00, 0.0000e+00, 
 2DIAGNOSTIC,    23, -6.183899449791e-01, 1.566955084215e-06, 0.0000e+00, 0.0000e+00, 
 2DIAGNOSTIC,    24, -6.183909283533e-01, 1.613398336195e-06, 0.0000e+00, 0.0000e+00, 
 2DIAGNOSTIC,    25, -6.183888937227e-01, 1.605696180122e-06, 0.0000e+00, 0.0000e+00, 
 2DIAGNOSTIC,    26, -6.183907832517e-01, 1.543209873646e-06, 0.0000e+00, 0.0000e+00, 
 2DIAGNOSTIC,    27, -6.183909408977e-01, 1.451659284092e-06, 0.0000e+00, 0.0000e+00, 
 2DIAGNOSTIC,    28, -6.183897456505e-01, 1.305174860897e-06, 0.0000e+00, 0.0000e+00, 
 2DIAGNOSTIC,    29, -6.183888205130e-01, 1.165846753200e-06, 0.0000e+00, 0.0000e+00, 
 2DIAGNOSTIC,    30, -6.183899273659e-01, 1.068068271902e-06, 0.0000e+00, 0.0000e+00, 
 2DIAGNOSTIC,    31, -6.183925491903e-01, 1.039924360756e-06, 0.0000e+00, 0.0000e+00, 
 2DIAGNOSTIC,    32, -6.183975811651e-01, 1.119396855001e-06, 0.0000e+00, 0.0000e+00, 
 2DIAGNOSTIC,    33, -6.183974117212e-01, 1.169386234172e-06, 0.0000e+00, 0.0000e+00, 
 2DIAGNOSTIC,    34, -6.183975460855e-01, 1.214932040410e-06, 0.0000e+00, 0.0000e+00, 
 2DIAGNOSTIC,    35, -6.183958249426e-01, 1.181772556265e-06, 0.0000e+00, 0.0000e+00, 
 2DIAGNOSTIC,    36, -6.183955812837e-01, 1.144913982499e-06, 0.0000e+00, 0.0000e+00, 
 2DIAGNOSTIC,    37, -6.183960401724e-01, 1.092103594395e-06, 0.0000e+00, 0.0000e+00, 
 2DIAGNOSTIC,    38, -6.183964863450e-01, 1.011200452893e-06, 0.0000e+00, 0.0000e+00, 
DIAGNOSTIC,Iteration,metricValue,convergenceValue,ITERATION_TIME_INDEX,SINCE_LAST
 2DIAGNOSTIC,     1, -5.431157008901e-01, 1.797693134862e+308, 0.0000e+00, 0.0000e+00, 
 2DIAGNOSTIC,     2, -5.435350295455e-01, 1.797693134862e+308, 0.0000e+00, 0.0000e+00, 
 2DIAGNOSTIC,     3, -5.439752981986e-01, 1.797693134862e+308, 1.2800e+02, 1.2800e+02, 
 2DIAGNOSTIC,     4, -5.444913142003e-01, 1.797693134862e+308, 1.2800e+02, 0.0000e+00, 
 2DIAGNOSTIC,     5, -5.451510602658e-01, 1.797693134862e+308, 1.2800e+02, 0.0000e+00, 
 2DIAGNOSTIC,     6, -5.455567072832e-01, 1.797693134862e+308, 1.2800e+02, 0.0000e+00, 
 2DIAGNOSTIC,     7, -5.455706513033e-01, 1.797693134862e+308, 1.2800e+02, 0.0000e+00, 
 2DIAGNOSTIC,     8, -5.455757941636e-01, 1.797693134862e+308, 1.2800e+02, 0.0000e+00, 
 2DIAGNOSTIC,     9, -5.456000886882e-01, 1.797693134862e+308, 1.2800e+02, 0.0000e+00, 
 2DIAGNOSTIC,    10, -5.456032395677e-01, 3.154602242134e-04, 1.2800e+02, 0.0000e+00, 
 2DIAGNOSTIC,    11, -5.456037347451e-01, 2.148487789355e-04, 1.2800e+02, 0.0000e+00, 
 2DIAGNOSTIC,    12, -5.456036343784e-01, 1.303740257602e-04, 2.5600e+02, 1.2800e+02, 
 2DIAGNOSTIC,    13, -5.456032724804e-01, 6.500956688291e-05, 2.5600e+02, 0.0000e+00, 
 2DIAGNOSTIC,    14, -5.456033149135e-01, 2.200206103953e-05, 2.5600e+02, 0.0000e+00, 
 2DIAGNOSTIC,    15, -5.456029693356e-01, 5.453771556765e-06, 2.5600e+02, 0.0000e+00, 
 2DIAGNOSTIC,    16, -5.456029420308e-01, 3.889458908210e-06, 2.5600e+02, 0.0000e+00, 
 2DIAGNOSTIC,    17, -5.456028653563e-01, 2.765744916242e-06, 2.5600e+02, 0.0000e+00, 
 2DIAGNOSTIC,    18, -5.456024838102e-01, 1.803625145423e-06, 2.5600e+02, 0.0000e+00, 
 2DIAGNOSTIC,    19, -5.456023620278e-01, 1.600801228456e-06, 2.5600e+02, 0.0000e+00, 
 2DIAGNOSTIC,    20, -5.456024009415e-01, 1.507885993964e-06, 2.5600e+02, 0.0000e+00, 
 2DIAGNOSTIC,    21, -5.456022949888e-01, 1.441102318769e-06, 2.5600e+02, 0.0000e+00, 
 2DIAGNOSTIC,    22, -5.456021749190e-01, 1.382372467426e-06, 3.8400e+02, 1.2800e+02, 
 2DIAGNOSTIC,    23, -5.456019137864e-01, 1.320760085868e-06, 3.8400e+02, 0.0000e+00, 
 2DIAGNOSTIC,    24, -5.456019198053e-01, 1.271603160088e-06, 3.8400e+02, 0.0000e+00, 
 2DIAGNOSTIC,    25, -5.456019219522e-01, 1.224109907091e-06, 3.8400e+02, 0.0000e+00, 
 2DIAGNOSTIC,    26, -5.456019220798e-01, 1.184206306744e-06, 3.8400e+02, 0.0000e+00, 
 2DIAGNOSTIC,    27, -5.456019174337e-01, 1.149714444960e-06, 3.8400e+02, 0.0000e+00, 
 2DIAGNOSTIC,    28, -5.456017791576e-01, 1.110887339784e-06, 3.8400e+02, 0.0000e+00, 
 2DIAGNOSTIC,    29, -5.456017805003e-01, 1.075015554401e-06, 3.8400e+02, 0.0000e+00, 
 2DIAGNOSTIC,    30, -5.456016421338e-01, 1.041850500323e-06, 3.8400e+02, 0.0000e+00, 
 2DIAGNOSTIC,    31, -5.456016387029e-01, 1.010820199682e-06, 3.8400e+02, 0.0000e+00, 
  Elapsed time (stage 0): 3.8400e+02


Total elapsed time: 3.8400e+02
VFC_BACKENDS=libinterflop_vprec.so --range-binary32=8 --precision-binary32=23 --range-binary64=8 --precision-binary64=23
Info [verificarlo]: loaded backend libinterflop_vprec.so
Info [interflop-vprec]: load backend with: 
Info [interflop-vprec]: precision-binary32 = 23
Info [interflop-vprec]: range-binary32 = 8
Info [interflop-vprec]: precision-binary64 = 23
Info [interflop-vprec]: range-binary64 = 8
Info [interflop-vprec]: mode = ob
Info [interflop-vprec]: error-mode = rel
Info [interflop-vprec]: max-abs-error-exponent = -1022
Info [interflop-vprec]: daz = false
Info [interflop-vprec]: ftz = false
Info [interflop-vprec]: 	instrument = none
Info [interflop-vprec]: 	prec-input-file = (null)
Info [interflop-vprec]: 	prec-output-file = (null)
Info [interflop-vprec]: 	prec-log-file = (null)
All_Command_lines_OK
Using double precision for computations.
=============================================================================
The composite transform comprises the following transforms (in order): 
  1. /project/rrg-glatard/mdugre/datasets/corr/RawDataBIDS/BMB_1/derivatives/vprec-space_search/0111/r8-p23/sub-0003021/affine_Composite.h5[0] (type = Euler3DTransform)
  2. /project/rrg-glatard/mdugre/datasets/corr/RawDataBIDS/BMB_1/derivatives/vprec-space_search/0111/r8-p23/sub-0003021/affine_Composite.h5[1] (type = Euler3DTransform)
  3. /project/rrg-glatard/mdugre/datasets/corr/RawDataBIDS/BMB_1/derivatives/vprec-space_search/0111/r8-p23/sub-0003021/affine_Composite.h5[2] (type = Euler3DTransform)
  4. /project/rrg-glatard/mdugre/datasets/corr/RawDataBIDS/BMB_1/derivatives/vprec-space_search/0111/r8-p23/sub-0003021/affine_Composite.h5[3] (type = AffineTransform)
=============================================================================
  number of levels = 4
  fixed image: /templateflow/tpl-MNI152NLin2009cAsym/tpl-MNI152NLin2009cAsym_res-01_desc-brain_T1w.nii.gz
  moving image: /project/rrg-glatard/mdugre/datasets/corr/RawDataBIDS/BMB_1/derivatives/antsBrainExtraction/sub-0003021/BrainExtractionBrain.nii.gz
Dimension = 3
Number of stages = 1
Use histogram matching = false
Winsorize image intensities = true
  Lower quantile = 0.005
  Upper quantile = 0.995


Stage 1 State
   Image metric = CC
     Fixed image = Image (0x3eb44c0)
  RTTI typeinfo:   itk::Image<double, 3u>
  Reference Count: 2
  Modified Time: 1606
  Debug: Off
  Object Name: 
  Observers: 
    none
  Source: (none)
  Source output name: (none)
  Release Data: Off
  Data Released: False
  Global Release Data: Off
  PipelineMTime: 0
  UpdateMTime: 1217
  RealTimeStamp: 0 seconds 
  LargestPossibleRegion: 
    Dimension: 3
    Index: [0, 0, 0]
    Size: [193, 229, 193]
  BufferedRegion: 
    Dimension: 3
    Index: [0, 0, 0]
    Size: [193, 229, 193]
  RequestedRegion: 
    Dimension: 3
    Index: [0, 0, 0]
    Size: [193, 229, 193]
  Spacing: [1, 1, 1]
  Origin: [96, 132, -78]
  Direction: 
-1 0 0
0 -1 0
0 0 1

  IndexToPointMatrix: 
-1 0 0
0 -1 0
0 0 1

  PointToIndexMatrix: 
-1 0 0
0 -1 0
0 0 1

  Inverse Direction: 
-1 0 0
0 -1 0
0 0 1

  PixelContainer: 
    ImportImageContainer (0x3f83b10)
      RTTI typeinfo:   itk::ImportImageContainer<unsigned long, double>
      Reference Count: 1
      Modified Time: 1214
      Debug: Off
      Object Name: 
      Observers: 
        none
      Pointer: 0x1469ab5d4010
      Container manages memory: true
      Size: 8530021
      Capacity: 8530021

     Moving image = Image (0x3f6f220)
  RTTI typeinfo:   itk::Image<double, 3u>
  Reference Count: 2
  Modified Time: 1607
  Debug: Off
  Object Name: 
  Observers: 
    none
  Source: (none)
  Source output name: (none)
  Release Data: Off
  Data Released: False
  Global Release Data: Off
  PipelineMTime: 0
  UpdateMTime: 1604
  RealTimeStamp: 0 seconds 
  LargestPossibleRegion: 
    Dimension: 3
    Index: [0, 0, 0]
    Size: [176, 256, 256]
  BufferedRegion: 
    Dimension: 3
    Index: [0, 0, 0]
    Size: [176, 256, 256]
  RequestedRegion: 
    Dimension: 3
    Index: [0, 0, 0]
    Size: [176, 256, 256]
  Spacing: [1, 1, 1]
  Origin: [-92.1464, 106.518, -129.634]
  Direction: 
1 0 0
0 -1 0
0 0 1

  IndexToPointMatrix: 
1 0 0
0 -1 0
0 0 1

  PointToIndexMatrix: 
1 0 0
0 -1 0
0 0 1

  Inverse Direction: 
1 0 0
0 -1 0
0 0 1

  PixelContainer: 
    ImportImageContainer (0x3f24c10)
      RTTI typeinfo:   itk::ImportImageContainer<unsigned long, double>
      Reference Count: 1
      Modified Time: 1601
      Debug: Off
      Object Name: 
      Observers: 
        none
      Pointer: 0x1469a5dd3010
      Container manages memory: true
      Size: 11534336
      Capacity: 11534336

     Weighting = 1
     Sampling strategy = none
     Number of bins = 32
     Radius = 4
     Sampling percentage  = 1
   Transform = SyN
     Gradient step = 0.1
     Update field sigma (voxel space) = 3
     Total field sigma (voxel space) = 0
     Update field time sigma = 0
     Total field time sigma  = 0
     Number of time indices = 0
     Number of time point samples = 0
Registration using 1 total stages.

Stage 0
  iterations = 100x70x50x20
  convergence threshold = 1e-06
  convergence window size = 10
  number of levels = 4
  using the CC metric (radius = 4, weight = 1, use gradient filter = 0)
  preprocessing:  winsorizing the image intensities
  Shrink factors (level 1 out of 4): [8, 8, 8]
  Shrink factors (level 2 out of 4): [4, 4, 4]
  Shrink factors (level 3 out of 4): [2, 2, 2]
  Shrink factors (level 4 out of 4): [1, 1, 1]
  smoothing sigmas per level: [3, 2, 1, 0]
  Using default NONE metricSamplingStrategy 

*** Running SyN registration (varianceForUpdateField = 3, varianceForTotalField = 0) ***

XXDIAGNOSTIC,Iteration,metricValue,convergenceValue,ITERATION_TIME_INDEX,SINCE_LAST
 1DIAGNOSTIC,     1, -9.277477264404e-01, 1.797693134862e+308, 1.2800e+02, 1.2800e+02, 
 1DIAGNOSTIC,     2, -9.341984987259e-01, 1.797693134862e+308, 1.2800e+02, 0.0000e+00, 
 1DIAGNOSTIC,     3, -9.383904337883e-01, 1.797693134862e+308, 1.2800e+02, 0.0000e+00, 
 1DIAGNOSTIC,     4, -9.414917826653e-01, 1.797693134862e+308, 1.2800e+02, 0.0000e+00, 
 1DIAGNOSTIC,     5, -9.457495212555e-01, 1.797693134862e+308, 1.2800e+02, 0.0000e+00, 
 1DIAGNOSTIC,     6, -9.513341188431e-01, 1.797693134862e+308, 1.2800e+02, 0.0000e+00, 
 1DIAGNOSTIC,     7, -9.566774368286e-01, 1.797693134862e+308, 1.2800e+02, 0.0000e+00, 
 1DIAGNOSTIC,     8, -9.606359601021e-01, 1.797693134862e+308, 1.2800e+02, 0.0000e+00, 
 1DIAGNOSTIC,     9, -9.644142985344e-01, 1.797693134862e+308, 1.2800e+02, 0.0000e+00, 
 1DIAGNOSTIC,    10, -9.656659364700e-01, 2.638039260728e-03, 1.2800e+02, 0.0000e+00, 
 1DIAGNOSTIC,    11, -9.662617444992e-01, 2.173197682750e-03, 1.2800e+02, 0.0000e+00, 
 1DIAGNOSTIC,    12, -9.665890336037e-01, 1.759371560670e-03, 1.2800e+02, 0.0000e+00, 
 1DIAGNOSTIC,    13, -9.674537777901e-01, 1.366978155265e-03, 1.2800e+02, 0.0000e+00, 
 1DIAGNOSTIC,    14, -9.674001932144e-01, 9.711893200822e-04, 1.2800e+02, 0.0000e+00, 
 1DIAGNOSTIC,    15, -9.686397910118e-01, 6.485181239847e-04, 1.2800e+02, 0.0000e+00, 
 1DIAGNOSTIC,    16, -9.684048891068e-01, 4.054234151682e-04, 1.2800e+02, 0.0000e+00, 
 1DIAGNOSTIC,    17, -9.695182442665e-01, 2.663573653570e-04, 1.2800e+02, 0.0000e+00, 
 1DIAGNOSTIC,    18, -9.691502451897e-01, 1.758840992254e-04, 1.2800e+02, 0.0000e+00, 
 1DIAGNOSTIC,    19, -9.697719216347e-01, 1.474730884429e-04, 1.2800e+02, 0.0000e+00, 
 1DIAGNOSTIC,    20, -9.693301916122e-01, 1.200699511050e-04, 1.2800e+02, 0.0000e+00, 
 1DIAGNOSTIC,    21, -9.701618552208e-01, 1.045489641277e-04, 1.2800e+02, 0.0000e+00, 
 1DIAGNOSTIC,    22, -9.697610139847e-01, 7.930452294749e-05, 1.2800e+02, 0.0000e+00, 
 1DIAGNOSTIC,    23, -9.702855944633e-01, 6.722293739673e-05, 1.2800e+02, 0.0000e+00, 
 1DIAGNOSTIC,    24, -9.698119163513e-01, 4.307212543732e-05, 1.2800e+02, 0.0000e+00, 
 1DIAGNOSTIC,    25, -9.706317782402e-01, 4.167049906244e-05, 1.2800e+02, 0.0000e+00, 
 1DIAGNOSTIC,    26, -9.702538251877e-01, 2.895552351452e-05, 1.2800e+02, 0.0000e+00, 
 1DIAGNOSTIC,    27, -9.705464839935e-01, 3.025220951732e-05, 1.2800e+02, 0.0000e+00, 
 1DIAGNOSTIC,    28, -9.700713157654e-01, 1.966221701435e-05, 1.2800e+02, 0.0000e+00, 
 1DIAGNOSTIC,    29, -9.708265066147e-01, 2.239108893205e-05, 1.2800e+02, 0.0000e+00, 
 1DIAGNOSTIC,    30, -9.704499244690e-01, 1.434486854295e-05, 1.2800e+02, 0.0000e+00, 
 1DIAGNOSTIC,    31, -9.707867503166e-01, 1.692619623171e-05, 1.2800e+02, 0.0000e+00, 
 1DIAGNOSTIC,    32, -9.703053236008e-01, 9.600857593987e-06, 1.2800e+02, 0.0000e+00, 
 1DIAGNOSTIC,    33, -9.710400104523e-01, 1.346302269625e-05, 1.2800e+02, 0.0000e+00, 
 1DIAGNOSTIC,    34, -9.706790447235e-01, 8.198842963367e-06, 1.2800e+02, 0.0000e+00, 
 1DIAGNOSTIC,    35, -9.708411097527e-01, 1.099329907720e-05, 1.2800e+02, 0.0000e+00, 
 1DIAGNOSTIC,    36, -9.703728556633e-01, 5.731467248873e-06, 1.2800e+02, 0.0000e+00, 
 1DIAGNOSTIC,    37, -9.709689617157e-01, 7.617324404987e-06, 1.2800e+02, 0.0000e+00, 
 1DIAGNOSTIC,    38, -9.705857634544e-01, 1.714191157555e-06, 1.2800e+02, 0.0000e+00, 
 1DIAGNOSTIC,    39, -9.710654020309e-01, 5.517245306980e-06, 1.2800e+02, 0.0000e+00, 
 1DIAGNOSTIC,    40, -9.706065654755e-01, 2.440528956406e-06, 1.2800e+02, 0.0000e+00, 
 1DIAGNOSTIC,    41, -9.712777733803e-01, 6.849665331557e-06, 1.2800e+02, 0.0000e+00, 
 1DIAGNOSTIC,    42, -9.709312915802e-01, 4.335021631965e-06, 1.2800e+02, 0.0000e+00, 
 1DIAGNOSTIC,    43, -9.709168672562e-01, 6.650929278672e-06, 1.2800e+02, 0.0000e+00, 
 1DIAGNOSTIC,    44, -9.704824090004e-01, 2.983967865411e-06, 1.2800e+02, 0.0000e+00, 
 1DIAGNOSTIC,    45, -9.708920121193e-01, 3.165224569893e-06, 1.2800e+02, 0.0000e+00, 
 1DIAGNOSTIC,    46, -9.705001711845e-01, -2.653169207875e-06, 1.2800e+02, 0.0000e+00, 
XXDIAGNOSTIC,Iteration,metricValue,convergenceValue,ITERATION_TIME_INDEX,SINCE_LAST
 1DIAGNOSTIC,     1, -9.130755066872e-01, 1.797693134862e+308, 1.2800e+02, 0.0000e+00, 
 1DIAGNOSTIC,     2, -9.160147905350e-01, 1.797693134862e+308, 1.2800e+02, 0.0000e+00, 
 1DIAGNOSTIC,     3, -9.191450476646e-01, 1.797693134862e+308, 1.2800e+02, 0.0000e+00, 
 1DIAGNOSTIC,     4, -9.222720265388e-01, 1.797693134862e+308, 1.2800e+02, 0.0000e+00, 
 1DIAGNOSTIC,     5, -9.250146746635e-01, 1.797693134862e+308, 2.5600e+02, 1.2800e+02, 
 1DIAGNOSTIC,     6, -9.274915456772e-01, 1.797693134862e+308, 2.5600e+02, 0.0000e+00, 
 1DIAGNOSTIC,     7, -9.297755360603e-01, 1.797693134862e+308, 2.5600e+02, 0.0000e+00, 
 1DIAGNOSTIC,     8, -9.317182302475e-01, 1.797693134862e+308, 2.5600e+02, 0.0000e+00, 
 1DIAGNOSTIC,     9, -9.333419203758e-01, 1.797693134862e+308, 2.5600e+02, 0.0000e+00, 
 1DIAGNOSTIC,    10, -9.347311258316e-01, 1.524670931038e-03, 2.5600e+02, 0.0000e+00, 
 1DIAGNOSTIC,    11, -9.359492063522e-01, 1.253425820889e-03, 2.5600e+02, 0.0000e+00, 
 1DIAGNOSTIC,    12, -9.370369911194e-01, 1.017196036231e-03, 2.5600e+02, 0.0000e+00, 
 1DIAGNOSTIC,    13, -9.377958774567e-01, 8.163675436886e-04, 2.5600e+02, 0.0000e+00, 
 1DIAGNOSTIC,    14, -9.387478232384e-01, 6.588810009647e-04, 2.5600e+02, 0.0000e+00, 
 1DIAGNOSTIC,    15, -9.396503567696e-01, 5.360393359508e-04, 2.5600e+02, 0.0000e+00, 
 1DIAGNOSTIC,    16, -9.402547478676e-01, 4.377077386624e-04, 3.8400e+02, 1.2800e+02, 
 1DIAGNOSTIC,    17, -9.406810998917e-01, 3.591108454210e-04, 3.8400e+02, 0.0000e+00, 
 1DIAGNOSTIC,    18, -9.410764575005e-01, 2.956369627975e-04, 3.8400e+02, 0.0000e+00, 
 1DIAGNOSTIC,    19, -9.414434432983e-01, 2.432277852613e-04, 3.8400e+02, 0.0000e+00, 
 1DIAGNOSTIC,    20, -9.417420625687e-01, 1.989532294673e-04, 3.8400e+02, 0.0000e+00, 
 1DIAGNOSTIC,    21, -9.419907927513e-01, 1.615584893195e-04, 3.8400e+02, 0.0000e+00, 
 1DIAGNOSTIC,    22, -9.421994090080e-01, 1.305486658665e-04, 3.8400e+02, 0.0000e+00, 
 1DIAGNOSTIC,    23, -9.423853158951e-01, 1.025015750666e-04, 3.8400e+02, 0.0000e+00, 
 1DIAGNOSTIC,    24, -9.424870014191e-01, 8.045397975888e-05, 3.8400e+02, 0.0000e+00, 
 1DIAGNOSTIC,    25, -9.425317645073e-01, 6.415878526166e-05, 3.8400e+02, 0.0000e+00, 
 1DIAGNOSTIC,    26, -9.425439834595e-01, 5.037361399603e-05, 3.8400e+02, 0.0000e+00, 
 1DIAGNOSTIC,    27, -9.425377249718e-01, 3.766018410652e-05, 5.1200e+02, 1.2800e+02, 
 1DIAGNOSTIC,    28, -9.425323009491e-01, 2.658857755184e-05, 5.1200e+02, 0.0000e+00, 
 1DIAGNOSTIC,    29, -9.425405263901e-01, 1.776804102356e-05, 5.1200e+02, 0.0000e+00, 
 1DIAGNOSTIC,    30, -9.425722956657e-01, 1.127759525883e-05, 5.1200e+02, 0.0000e+00, 
 1DIAGNOSTIC,    31, -9.426241517067e-01, 7.154434700139e-06, 5.1200e+02, 0.0000e+00, 
 1DIAGNOSTIC,    32, -9.427163004875e-01, 5.523866771370e-06, 5.1200e+02, 0.0000e+00, 
 1DIAGNOSTIC,    33, -9.428499341011e-01, 6.469933421849e-06, 5.1200e+02, 0.0000e+00, 
 1DIAGNOSTIC,    34, -9.430304765701e-01, 9.327056575845e-06, 5.1200e+02, 0.0000e+00, 
 1DIAGNOSTIC,    35, -9.432548284531e-01, 1.352708532744e-05, 5.1200e+02, 0.0000e+00, 
 1DIAGNOSTIC,    36, -9.434469938278e-01, 1.798847926318e-05, 5.1200e+02, 0.0000e+00, 
 1DIAGNOSTIC,    37, -9.436194300652e-01, 2.193113728841e-05, 5.1200e+02, 0.0000e+00, 
 1DIAGNOSTIC,    38, -9.437676072121e-01, 2.478796208114e-05, 6.4000e+02, 1.2800e+02, 
 1DIAGNOSTIC,    39, -9.439026117325e-01, 2.631170522141e-05, 6.4000e+02, 0.0000e+00, 
 1DIAGNOSTIC,    40, -9.440176486969e-01, 2.642045171887e-05, 6.4000e+02, 0.0000e+00, 
 1DIAGNOSTIC,    41, -9.441279768944e-01, 2.526282923677e-05, 6.4000e+02, 0.0000e+00, 
 1DIAGNOSTIC,    42, -9.442144036293e-01, 2.309904457046e-05, 6.4000e+02, 0.0000e+00, 
 1DIAGNOSTIC,    43, -9.443107247353e-01, 2.050705486351e-05, 6.4000e+02, 0.0000e+00, 
 1DIAGNOSTIC,    44, -9.443835020065e-01, 1.785787999053e-05, 6.4000e+02, 0.0000e+00, 
 1DIAGNOSTIC,    45, -9.444385766983e-01, 1.554695727989e-05, 6.4000e+02, 0.0000e+00, 
 1DIAGNOSTIC,    46, -9.443349838257e-01, 1.248312105454e-05, 6.4000e+02, 0.0000e+00, 
 1DIAGNOSTIC,    47, -9.439702033997e-01, 7.194933979344e-06, 6.4000e+02, 0.0000e+00, 
 1DIAGNOSTIC,    48, -9.440380334854e-01, 2.912204674556e-06, 6.4000e+02, 0.0000e+00, 
 1DIAGNOSTIC,    49, -9.437556266785e-01, -2.384633187753e-06, 7.6800e+02, 1.2800e+02, 
XXDIAGNOSTIC,Iteration,metricValue,convergenceValue,ITERATION_TIME_INDEX,SINCE_LAST
 1DIAGNOSTIC,     1, -8.950821161270e-01, 1.797693134862e+308, 7.6800e+02, 0.0000e+00, 
 1DIAGNOSTIC,     2, -8.974740505219e-01, 1.797693134862e+308, 8.9600e+02, 1.2800e+02, 
 1DIAGNOSTIC,     3, -9.002962112427e-01, 1.797693134862e+308, 1.0240e+03, 1.2800e+02, 
 1DIAGNOSTIC,     4, -9.028894901276e-01, 1.797693134862e+308, 1.1520e+03, 1.2800e+02, 
 1DIAGNOSTIC,     5, -9.052101969719e-01, 1.797693134862e+308, 1.1520e+03, 0.0000e+00, 
 1DIAGNOSTIC,     6, -9.072661995888e-01, 1.797693134862e+308, 1.2800e+03, 1.2800e+02, 
 1DIAGNOSTIC,     7, -9.091153144836e-01, 1.797693134862e+308, 1.4080e+03, 1.2800e+02, 
 1DIAGNOSTIC,     8, -9.109120965004e-01, 1.797693134862e+308, 1.5360e+03, 1.2800e+02, 
 1DIAGNOSTIC,     9, -9.124936461449e-01, 1.797693134862e+308, 1.5360e+03, 0.0000e+00, 
 1DIAGNOSTIC,    10, -9.139505028725e-01, 1.343120838984e-03, 1.6640e+03, 1.2800e+02, 
 1DIAGNOSTIC,    11, -9.151622056961e-01, 1.123995097246e-03, 1.7920e+03, 1.2800e+02, 
 1DIAGNOSTIC,    12, -9.163214564323e-01, 9.326231843525e-04, 1.9200e+03, 1.2800e+02, 
 1DIAGNOSTIC,    13, -9.169185757637e-01, 7.681390117227e-04, 1.9200e+03, 0.0000e+00, 
 1DIAGNOSTIC,    14, -9.177244901657e-01, 6.330249754549e-04, 2.0480e+03, 1.2800e+02, 
 1DIAGNOSTIC,    15, -9.180999994278e-01, 5.139007193770e-04, 2.1760e+03, 1.2800e+02, 
 1DIAGNOSTIC,    16, -9.187215566635e-01, 4.146299429091e-04, 2.3040e+03, 1.2800e+02, 
 1DIAGNOSTIC,    17, -9.189981222153e-01, 3.275645977273e-04, 2.3040e+03, 0.0000e+00, 
 1DIAGNOSTIC,    18, -9.195809364319e-01, 2.610852351835e-04, 2.4320e+03, 1.2800e+02, 
 1DIAGNOSTIC,    19, -9.200158119202e-01, 2.102694504645e-04, 2.5600e+03, 1.2800e+02, 
 1DIAGNOSTIC,    20, -9.203839898109e-01, 1.732786372770e-04, 2.6880e+03, 1.2800e+02, 
 1DIAGNOSTIC,    21, -9.206621050835e-01, 1.456361860857e-04, 2.6880e+03, 0.0000e+00, 
 1DIAGNOSTIC,    22, -9.210938215256e-01, 1.294990215579e-04, 2.8160e+03, 1.2800e+02, 
 1DIAGNOSTIC,    23, -9.213711023331e-01, 1.143110135989e-04, 2.9440e+03, 1.2800e+02, 
 1DIAGNOSTIC,    24, -9.216339588165e-01, 1.035723858197e-04, 3.0720e+03, 1.2800e+02, 
 1DIAGNOSTIC,    25, -9.218890666962e-01, 9.181139573929e-05, 3.0720e+03, 0.0000e+00, 
 1DIAGNOSTIC,    26, -9.221411943436e-01, 8.288541300351e-05, 3.2000e+03, 1.2800e+02, 
 1DIAGNOSTIC,    27, -9.223856925964e-01, 7.276648783536e-05, 3.3280e+03, 1.2800e+02, 
 1DIAGNOSTIC,    28, -9.226135611534e-01, 6.550562325951e-05, 3.4560e+03, 1.2800e+02, 
 1DIAGNOSTIC,    29, -9.228286147118e-01, 5.956946514803e-05, 3.4560e+03, 0.0000e+00, 
 1DIAGNOSTIC,    30, -9.230378866196e-01, 5.444242426998e-05, 3.5840e+03, 1.2800e+02, 
 1DIAGNOSTIC,    31, -9.232384562492e-01, 4.928564071811e-05, 3.7120e+03, 1.2800e+02, 
 1DIAGNOSTIC,    32, -9.234375953674e-01, 4.594042407489e-05, 3.8400e+03, 1.2800e+02, 
 1DIAGNOSTIC,    33, -9.236359596252e-01, 4.295579944818e-05, 3.8400e+03, 0.0000e+00, 
 1DIAGNOSTIC,    34, -9.238321185112e-01, 4.030014465549e-05, 3.9680e+03, 1.2800e+02, 
 1DIAGNOSTIC,    35, -9.240278601646e-01, 3.800339381980e-05, 4.0960e+03, 1.2800e+02, 
 1DIAGNOSTIC,    36, -9.242281913757e-01, 3.615691263916e-05, 4.2240e+03, 1.2800e+02, 
 1DIAGNOSTIC,    37, -9.244309067726e-01, 3.475538525338e-05, 4.2240e+03, 0.0000e+00, 
 1DIAGNOSTIC,    38, -9.246353507042e-01, 3.368287186435e-05, 4.3520e+03, 1.2800e+02, 
 1DIAGNOSTIC,    39, -9.248435497284e-01, 3.285729421236e-05, 4.4800e+03, 1.2800e+02, 
 1DIAGNOSTIC,    40, -9.250581860542e-01, 3.226208731155e-05, 4.6080e+03, 1.2800e+02, 
 1DIAGNOSTIC,    41, -9.252769947052e-01, 3.182231685152e-05, 4.6080e+03, 0.0000e+00, 
 1DIAGNOSTIC,    42, -9.254983067513e-01, 3.150054785129e-05, 4.7360e+03, 1.2800e+02, 
 1DIAGNOSTIC,    43, -9.257267713547e-01, 3.129335385820e-05, 4.8640e+03, 1.2800e+02, 
 1DIAGNOSTIC,    44, -9.259536862373e-01, 3.111500014766e-05, 4.9920e+03, 1.2800e+02, 
 1DIAGNOSTIC,    45, -9.261822104454e-01, 3.091994789199e-05, 4.9920e+03, 0.0000e+00, 
 1DIAGNOSTIC,    46, -9.264166355133e-01, 3.073156057996e-05, 5.1200e+03, 1.2800e+02, 
 1DIAGNOSTIC,    47, -9.266518950462e-01, 3.052271046924e-05, 5.2480e+03, 1.2800e+02, 
 1DIAGNOSTIC,    48, -9.268856048584e-01, 3.025262285554e-05, 5.3760e+03, 1.2800e+02, 
 1DIAGNOSTIC,    49, -9.271164536476e-01, 2.989548640402e-05, 5.3760e+03, 0.0000e+00, 
 1DIAGNOSTIC,    50, -9.273474812508e-01, 2.947241230699e-05, 5.5040e+03, 1.2800e+02, 
XXDIAGNOSTIC,Iteration,metricValue,convergenceValue,ITERATION_TIME_INDEX,SINCE_LAST
 1DIAGNOSTIC,     1, -8.848272562027e-01, 1.797693134862e+308, 6.4000e+03, 8.9600e+02, 
 1DIAGNOSTIC,     2, -8.858505487442e-01, 1.797693134862e+308, 7.2960e+03, 8.9600e+02, 
 1DIAGNOSTIC,     3, -8.873013257980e-01, 1.797693134862e+308, 8.0640e+03, 7.6800e+02, 
 1DIAGNOSTIC,     4, -8.885973691940e-01, 1.797693134862e+308, 8.9600e+03, 8.9600e+02, 
 1DIAGNOSTIC,     5, -8.899192810059e-01, 1.797693134862e+308, 9.7280e+03, 7.6800e+02, 
 1DIAGNOSTIC,     6, -8.911155462265e-01, 1.797693134862e+308, 1.0624e+04, 8.9600e+02, 
 1DIAGNOSTIC,     7, -8.922860622406e-01, 1.797693134862e+308, 1.1392e+04, 7.6800e+02, 
 1DIAGNOSTIC,     8, -8.932794928551e-01, 1.797693134862e+308, 1.2288e+04, 8.9600e+02, 
 1DIAGNOSTIC,     9, -8.942792415619e-01, 1.797693134862e+308, 1.3184e+04, 8.9600e+02, 
 1DIAGNOSTIC,    10, -8.951289057732e-01, 7.624086152853e-04, 1.3952e+04, 7.6800e+02, 
 1DIAGNOSTIC,    11, -8.959292769432e-01, 6.603996247310e-04, 1.4848e+04, 8.9600e+02, 
 1DIAGNOSTIC,    12, -8.967056870461e-01, 5.635790817457e-04, 1.5616e+04, 7.6800e+02, 
 1DIAGNOSTIC,    13, -8.974657654762e-01, 4.846674984775e-04, 1.6512e+04, 8.9600e+02, 
 1DIAGNOSTIC,    14, -8.981250524521e-01, 4.171619747281e-04, 1.7280e+04, 7.6800e+02, 
 1DIAGNOSTIC,    15, -8.987827301025e-01, 3.623867496241e-04, 1.8176e+04, 8.9600e+02, 
 1DIAGNOSTIC,    16, -8.994259238243e-01, 3.175897117213e-04, 1.8944e+04, 7.6800e+02, 
 1DIAGNOSTIC,    17, -9.000299572945e-01, 2.818529696526e-04, 1.9840e+04, 8.9600e+02, 
 1DIAGNOSTIC,    18, -9.006201624870e-01, 2.518303471347e-04, 2.0608e+04, 7.6800e+02, 
 1DIAGNOSTIC,    19, -9.011855721474e-01, 2.277071232428e-04, 2.1504e+04, 8.9600e+02, 
 1DIAGNOSTIC,    20, -9.017289280891e-01, 2.068797441486e-04, 2.2272e+04, 7.6800e+02, 
  Elapsed time (stage 0): 22272


Total elapsed time: 22272
