
##########################
# Experiment information #
##########################
SIF_IMG: /project/rrg-glatard/mdugre/containers/ants-p2-vprec.sif
EXPERIMENT_NAME: vprec-space_search
CONFIG: 0011
VFC_BACKENDS: libinterflop_vprec.so --range-binary32=7 --precision-binary32=9 --range-binary64=7 --precision-binary64=9

FIXED_IMG: /templateflow/tpl-MNI152NLin2009cAsym/tpl-MNI152NLin2009cAsym_res-01_desc-brain_T1w.nii.gz
SUBJECT_ID: 0003011
INPUT_IMG: /project/rrg-glatard/mdugre/datasets/corr/RawDataBIDS/BMB_1/derivatives/antsBrainExtraction/sub-0003011/BrainExtractionBrain.nii.gz
OUTPUT_DIR: /project/rrg-glatard/mdugre/datasets/corr/RawDataBIDS/BMB_1/derivatives/vprec-space_search/0011/r7-p9/sub-0003011

ITK_GLOBAL_DEFAULT_NUMBER_OF_THREADS: 8
##########################

VFC_BACKENDS=libinterflop_ieee.so
Info [verificarlo]: loaded backend libinterflop_ieee.so
Info [interflop-ieee]: load backend with:
Info [interflop-ieee]: debug = false
Info [interflop-ieee]: debug-binary = false
Info [interflop-ieee]: no-backend-name = false
Info [interflop-ieee]: print-new-line = false
Info [interflop-ieee]: print-subnormal-normalized = false
Info [interflop-ieee]: count-op = false
All_Command_lines_OK
Using double precision for computations.
=============================================================================
The composite transform comprises the following transforms (in order): 
  1. Center of mass alignment using fixed image: /templateflow/tpl-MNI152NLin2009cAsym/tpl-MNI152NLin2009cAsym_res-01_desc-brain_T1w.nii.gz and moving image: /project/rrg-glatard/mdugre/datasets/corr/RawDataBIDS/BMB_1/derivatives/antsBrainExtraction/sub-0003011/BrainExtractionBrain.nii.gz (type = Euler3DTransform)
=============================================================================
  number of levels = 1
  fixed image: /templateflow/tpl-MNI152NLin2009cAsym/tpl-MNI152NLin2009cAsym_res-01_desc-brain_T1w.nii.gz
  moving image: /project/rrg-glatard/mdugre/datasets/corr/RawDataBIDS/BMB_1/derivatives/antsBrainExtraction/sub-0003011/BrainExtractionBrain.nii.gz
Dimension = 3
Number of stages = 1
Use histogram matching = false
Winsorize image intensities = true
  Lower quantile = 0.005
  Upper quantile = 0.995


Stage 1 State
   Image metric = MattesMI
     Fixed image = Image (0x425d390)
  RTTI typeinfo:   itk::Image<double, 3u>
  Reference Count: 2
  Modified Time: 2330
  Debug: Off
  Object Name: 
  Observers: 
    none
  Source: (none)
  Source output name: (none)
  Release Data: Off
  Data Released: False
  Global Release Data: Off
  PipelineMTime: 0
  UpdateMTime: 1941
  RealTimeStamp: 0 seconds 
  LargestPossibleRegion: 
    Dimension: 3
    Index: [0, 0, 0]
    Size: [193, 229, 193]
  BufferedRegion: 
    Dimension: 3
    Index: [0, 0, 0]
    Size: [193, 229, 193]
  RequestedRegion: 
    Dimension: 3
    Index: [0, 0, 0]
    Size: [193, 229, 193]
  Spacing: [1, 1, 1]
  Origin: [96, 132, -78]
  Direction: 
-1 0 0
0 -1 0
0 0 1

  IndexToPointMatrix: 
-1 0 0
0 -1 0
0 0 1

  PointToIndexMatrix: 
-1 0 0
0 -1 0
0 0 1

  Inverse Direction: 
-1 0 0
0 -1 0
0 0 1

  PixelContainer: 
    ImportImageContainer (0x4328a90)
      RTTI typeinfo:   itk::ImportImageContainer<unsigned long, double>
      Reference Count: 1
      Modified Time: 1938
      Debug: Off
      Object Name: 
      Observers: 
        none
      Pointer: 0x14e642582010
      Container manages memory: true
      Size: 8530021
      Capacity: 8530021

     Moving image = Image (0x4262390)
  RTTI typeinfo:   itk::Image<double, 3u>
  Reference Count: 2
  Modified Time: 2331
  Debug: Off
  Object Name: 
  Observers: 
    none
  Source: (none)
  Source output name: (none)
  Release Data: Off
  Data Released: False
  Global Release Data: Off
  PipelineMTime: 0
  UpdateMTime: 2328
  RealTimeStamp: 0 seconds 
  LargestPossibleRegion: 
    Dimension: 3
    Index: [0, 0, 0]
    Size: [176, 256, 256]
  BufferedRegion: 
    Dimension: 3
    Index: [0, 0, 0]
    Size: [176, 256, 256]
  RequestedRegion: 
    Dimension: 3
    Index: [0, 0, 0]
    Size: [176, 256, 256]
  Spacing: [1, 1, 1]
  Origin: [-121.697, 95.2371, -128.205]
  Direction: 
1 0 0
0 -1 0
0 0 1

  IndexToPointMatrix: 
1 0 0
0 -1 0
0 0 1

  PointToIndexMatrix: 
1 0 0
0 -1 0
0 0 1

  Inverse Direction: 
1 0 0
0 -1 0
0 0 1

  PixelContainer: 
    ImportImageContainer (0x4408b90)
      RTTI typeinfo:   itk::ImportImageContainer<unsigned long, double>
      Reference Count: 1
      Modified Time: 2325
      Debug: Off
      Object Name: 
      Observers: 
        none
      Pointer: 0x14e63cd81010
      Container manages memory: true
      Size: 11534336
      Capacity: 11534336

     Weighting = 1
     Sampling strategy = regular
     Number of bins = 32
     Radius = 4
     Sampling percentage  = 0.25
   Transform = Rigid
     Gradient step = 0.1
     Update field sigma (voxel space) = 0
     Total field sigma (voxel space) = 0
     Update field time sigma = 0
     Total field time sigma  = 0
     Number of time indices = 0
     Number of time point samples = 0
Registration using 1 total stages.

Stage 0
  iterations = 0
  convergence threshold = 1e-06
  convergence window size = 10
  number of levels = 1
  using the Mattes MI metric (number of bins = 32, weight = 1, use gradient filter = 0)
  preprocessing:  winsorizing the image intensities
  Shrink factors (level 1 out of 1): [1, 1, 1]
  smoothing sigmas per level: [0]
  regular sampling (percentage = 0.25)

*** Running Euler3DTransform registration ***

  Elapsed time (stage 0): 1.0471


Total elapsed time: 1.04913
VFC_BACKENDS=libinterflop_ieee.so
Info [verificarlo]: loaded backend libinterflop_ieee.so
Info [interflop-ieee]: load backend with:
Info [interflop-ieee]: debug = false
Info [interflop-ieee]: debug-binary = false
Info [interflop-ieee]: no-backend-name = false
Info [interflop-ieee]: print-new-line = false
Info [interflop-ieee]: print-subnormal-normalized = false
Info [interflop-ieee]: count-op = false
All_Command_lines_OK
Using double precision for computations.
=============================================================================
The composite transform comprises the following transforms (in order): 
  1. /project/rrg-glatard/mdugre/datasets/corr/RawDataBIDS/BMB_1/derivatives/vprec-space_search/0011/r7-p9/sub-0003011/align_Composite.h5[0] (type = Euler3DTransform)
  2. /project/rrg-glatard/mdugre/datasets/corr/RawDataBIDS/BMB_1/derivatives/vprec-space_search/0011/r7-p9/sub-0003011/align_Composite.h5[1] (type = Euler3DTransform)
=============================================================================
  number of levels = 4
  fixed image: /templateflow/tpl-MNI152NLin2009cAsym/tpl-MNI152NLin2009cAsym_res-01_desc-brain_T1w.nii.gz
  moving image: /project/rrg-glatard/mdugre/datasets/corr/RawDataBIDS/BMB_1/derivatives/antsBrainExtraction/sub-0003011/BrainExtractionBrain.nii.gz
Dimension = 3
Number of stages = 1
Use histogram matching = false
Winsorize image intensities = true
  Lower quantile = 0.005
  Upper quantile = 0.995


Stage 1 State
   Image metric = MattesMI
     Fixed image = Image (0x3e12650)
  RTTI typeinfo:   itk::Image<double, 3u>
  Reference Count: 2
  Modified Time: 1578
  Debug: Off
  Object Name: 
  Observers: 
    none
  Source: (none)
  Source output name: (none)
  Release Data: Off
  Data Released: False
  Global Release Data: Off
  PipelineMTime: 0
  UpdateMTime: 1189
  RealTimeStamp: 0 seconds 
  LargestPossibleRegion: 
    Dimension: 3
    Index: [0, 0, 0]
    Size: [193, 229, 193]
  BufferedRegion: 
    Dimension: 3
    Index: [0, 0, 0]
    Size: [193, 229, 193]
  RequestedRegion: 
    Dimension: 3
    Index: [0, 0, 0]
    Size: [193, 229, 193]
  Spacing: [1, 1, 1]
  Origin: [96, 132, -78]
  Direction: 
-1 0 0
0 -1 0
0 0 1

  IndexToPointMatrix: 
-1 0 0
0 -1 0
0 0 1

  PointToIndexMatrix: 
-1 0 0
0 -1 0
0 0 1

  Inverse Direction: 
-1 0 0
0 -1 0
0 0 1

  PixelContainer: 
    ImportImageContainer (0x3ed0210)
      RTTI typeinfo:   itk::ImportImageContainer<unsigned long, double>
      Reference Count: 1
      Modified Time: 1186
      Debug: Off
      Object Name: 
      Observers: 
        none
      Pointer: 0x14a9c44b1010
      Container manages memory: true
      Size: 8530021
      Capacity: 8530021

     Moving image = Image (0x3ecd6e0)
  RTTI typeinfo:   itk::Image<double, 3u>
  Reference Count: 2
  Modified Time: 1579
  Debug: Off
  Object Name: 
  Observers: 
    none
  Source: (none)
  Source output name: (none)
  Release Data: Off
  Data Released: False
  Global Release Data: Off
  PipelineMTime: 0
  UpdateMTime: 1576
  RealTimeStamp: 0 seconds 
  LargestPossibleRegion: 
    Dimension: 3
    Index: [0, 0, 0]
    Size: [176, 256, 256]
  BufferedRegion: 
    Dimension: 3
    Index: [0, 0, 0]
    Size: [176, 256, 256]
  RequestedRegion: 
    Dimension: 3
    Index: [0, 0, 0]
    Size: [176, 256, 256]
  Spacing: [1, 1, 1]
  Origin: [-121.697, 95.2371, -128.205]
  Direction: 
1 0 0
0 -1 0
0 0 1

  IndexToPointMatrix: 
1 0 0
0 -1 0
0 0 1

  PointToIndexMatrix: 
1 0 0
0 -1 0
0 0 1

  Inverse Direction: 
1 0 0
0 -1 0
0 0 1

  PixelContainer: 
    ImportImageContainer (0x3e9f970)
      RTTI typeinfo:   itk::ImportImageContainer<unsigned long, double>
      Reference Count: 1
      Modified Time: 1573
      Debug: Off
      Object Name: 
      Observers: 
        none
      Pointer: 0x14a9becb0010
      Container manages memory: true
      Size: 11534336
      Capacity: 11534336

     Weighting = 1
     Sampling strategy = regular
     Number of bins = 32
     Radius = 4
     Sampling percentage  = 0.25
   Transform = Rigid
     Gradient step = 0.1
     Update field sigma (voxel space) = 0
     Total field sigma (voxel space) = 0
     Update field time sigma = 0
     Total field time sigma  = 0
     Number of time indices = 0
     Number of time point samples = 0
Registration using 1 total stages.

Stage 0
  iterations = 1000x500x250x100
  convergence threshold = 1e-06
  convergence window size = 10
  number of levels = 4
  using the Mattes MI metric (number of bins = 32, weight = 1, use gradient filter = 0)
  preprocessing:  winsorizing the image intensities
  Shrink factors (level 1 out of 4): [8, 8, 8]
  Shrink factors (level 2 out of 4): [4, 4, 4]
  Shrink factors (level 3 out of 4): [2, 2, 2]
  Shrink factors (level 4 out of 4): [1, 1, 1]
  smoothing sigmas per level: [3, 2, 1, 0]
  regular sampling (percentage = 0.25)

*** Running Euler3DTransform registration ***

DIAGNOSTIC,Iteration,metricValue,convergenceValue,ITERATION_TIME_INDEX,SINCE_LAST
 2DIAGNOSTIC,     1, -4.331234319977e-01, 1.797693134862e+308, 1.4041e+00, 1.4041e+00, 
 2DIAGNOSTIC,     2, -4.341502568020e-01, 1.797693134862e+308, 1.4104e+00, 6.3522e-03, 
 2DIAGNOSTIC,     3, -4.361427389120e-01, 1.797693134862e+308, 1.4167e+00, 6.2251e-03, 
 2DIAGNOSTIC,     4, -4.396164188680e-01, 1.797693134862e+308, 1.4229e+00, 6.2819e-03, 
 2DIAGNOSTIC,     5, -4.405526020978e-01, 1.797693134862e+308, 1.4292e+00, 6.2220e-03, 
 2DIAGNOSTIC,     6, -4.422378416798e-01, 1.797693134862e+308, 1.4371e+00, 7.9281e-03, 
 2DIAGNOSTIC,     7, -4.429308438683e-01, 1.797693134862e+308, 1.4441e+00, 6.9830e-03, 
 2DIAGNOSTIC,     8, -4.434219258205e-01, 1.797693134862e+308, 1.4502e+00, 6.1510e-03, 
 2DIAGNOSTIC,     9, -4.445609618229e-01, 1.797693134862e+308, 1.4582e+00, 7.9422e-03, 
 2DIAGNOSTIC,    10, -4.452091572117e-01, 1.818568066576e-03, 1.4662e+00, 7.9980e-03, 
 2DIAGNOSTIC,    11, -4.449825875267e-01, 1.391327396600e-03, 1.4728e+00, 6.5911e-03, 
 2DIAGNOSTIC,    12, -4.504670729534e-01, 1.260628469030e-03, 1.4792e+00, 6.4270e-03, 
 2DIAGNOSTIC,    13, -4.566086512266e-01, 1.426547735981e-03, 1.4871e+00, 7.8750e-03, 
 2DIAGNOSTIC,    14, -4.607427461294e-01, 1.779931327231e-03, 1.4989e+00, 1.1858e-02, 
 2DIAGNOSTIC,    15, -4.607705372045e-01, 1.963640912256e-03, 1.5062e+00, 7.2501e-03, 
 2DIAGNOSTIC,    16, -4.606351377533e-01, 2.011271267852e-03, 1.5127e+00, 6.5269e-03, 
 2DIAGNOSTIC,    17, -4.606819551083e-01, 1.894942688642e-03, 1.5191e+00, 6.4449e-03, 
 2DIAGNOSTIC,    18, -4.607621242458e-01, 1.631444438694e-03, 1.5270e+00, 7.8211e-03, 
 2DIAGNOSTIC,    19, -4.607526213746e-01, 1.282401141240e-03, 1.5333e+00, 6.3488e-03, 
 2DIAGNOSTIC,    20, -4.608841536370e-01, 8.800468797149e-04, 1.5399e+00, 6.5479e-03, 
 2DIAGNOSTIC,    21, -4.609265859090e-01, 4.292137505777e-04, 1.5465e+00, 6.6111e-03, 
 2DIAGNOSTIC,    22, -4.609431438070e-01, 1.347559935522e-04, 1.5553e+00, 8.8830e-03, 
 2DIAGNOSTIC,    23, -4.609585709340e-01, 1.962890152991e-05, 1.5618e+00, 6.4180e-03, 
 2DIAGNOSTIC,    24, -4.609664225095e-01, 2.132081174437e-05, 1.5690e+00, 7.2560e-03, 
 2DIAGNOSTIC,    25, -4.609316555750e-01, 2.091748052938e-05, 1.5753e+00, 6.2501e-03, 
 2DIAGNOSTIC,    26, -4.609376298951e-01, 1.555902917560e-05, 1.5825e+00, 7.1781e-03, 
 2DIAGNOSTIC,    27, -4.609532705094e-01, 1.068407584913e-05, 1.5905e+00, 8.0712e-03, 
 2DIAGNOSTIC,    28, -4.609018924471e-01, 5.944390242228e-06, 1.5986e+00, 8.0709e-03, 
 2DIAGNOSTIC,    29, -4.610319556239e-01, 3.667632838357e-06, 1.6058e+00, 7.1950e-03, 
 2DIAGNOSTIC,    30, -4.609724966603e-01, 2.721576115888e-06, 1.6123e+00, 6.4650e-03, 
 2DIAGNOSTIC,    31, -4.609764822725e-01, 2.666493528147e-06, 1.6187e+00, 6.4089e-03, 
 2DIAGNOSTIC,    32, -4.609775468023e-01, 2.811904839937e-06, 1.6250e+00, 6.3591e-03, 
 2DIAGNOSTIC,    33, -4.610453803731e-01, 4.335645550385e-06, 1.6322e+00, 7.1502e-03, 
 2DIAGNOSTIC,    34, -4.610461342636e-01, 5.565735033616e-06, 1.6388e+00, 6.6278e-03, 
 2DIAGNOSTIC,    35, -4.610479344954e-01, 5.705357357038e-06, 1.6458e+00, 6.9551e-03, 
 2DIAGNOSTIC,    36, -4.610493576541e-01, 5.550458996393e-06, 1.6564e+00, 1.0694e-02, 
 2DIAGNOSTIC,    37, -4.610494337054e-01, 5.256989500085e-06, 1.6627e+00, 6.2289e-03, 
 2DIAGNOSTIC,    38, -4.610503780334e-01, 3.641786075977e-06, 1.6690e+00, 6.3519e-03, 
 2DIAGNOSTIC,    39, -4.610513005260e-01, 3.967121219622e-06, 1.6754e+00, 6.3710e-03, 
 2DIAGNOSTIC,    40, -4.610517195990e-01, 3.069450266707e-06, 1.6820e+00, 6.6152e-03, 
 2DIAGNOSTIC,    41, -4.610523057015e-01, 2.081755017883e-06, 1.6883e+00, 6.3338e-03, 
 2DIAGNOSTIC,    42, -4.610548229683e-01, 1.042786538175e-06, 1.6954e+00, 7.0372e-03, 
 2DIAGNOSTIC,    43, -4.611258124865e-01, 2.040391417261e-06, 1.7057e+00, 1.0294e-02, 
 2DIAGNOSTIC,    44, -4.611258386643e-01, 2.850758114809e-06, 1.7127e+00, 7.0319e-03, 
 2DIAGNOSTIC,    45, -4.611259398667e-01, 3.460318237582e-06, 1.7203e+00, 7.6032e-03, 
 2DIAGNOSTIC,    46, -4.611262122910e-01, 3.819150608105e-06, 1.7272e+00, 6.8738e-03, 
 2DIAGNOSTIC,    47, -4.611276914074e-01, 3.880252360901e-06, 1.7494e+00, 2.2164e-02, 
 2DIAGNOSTIC,    48, -4.611276913960e-01, 3.628733531012e-06, 1.7703e+00, 2.0903e-02, 
 2DIAGNOSTIC,    49, -4.611276913960e-01, 3.113239070245e-06, 1.7793e+00, 9.0652e-03, 
 2DIAGNOSTIC,    50, -4.611276913960e-01, 2.403204983459e-06, 1.7865e+00, 7.2231e-03, 
 2DIAGNOSTIC,    51, -4.611276913960e-01, 1.569159898369e-06, 1.7943e+00, 7.7119e-03, 
DIAGNOSTIC,Iteration,metricValue,convergenceValue,ITERATION_TIME_INDEX,SINCE_LAST
 2DIAGNOSTIC,     1, -3.676631029151e-01, 1.797693134862e+308, 3.1413e+00, 1.3471e+00, 
 2DIAGNOSTIC,     2, -3.678342045618e-01, 1.797693134862e+308, 3.1912e+00, 4.9869e-02, 
 2DIAGNOSTIC,     3, -3.681357434674e-01, 1.797693134862e+308, 3.2407e+00, 4.9523e-02, 
 2DIAGNOSTIC,     4, -3.684917089885e-01, 1.797693134862e+308, 3.2906e+00, 4.9860e-02, 
 2DIAGNOSTIC,     5, -3.687727134978e-01, 1.797693134862e+308, 3.3416e+00, 5.1024e-02, 
 2DIAGNOSTIC,     6, -3.701048847241e-01, 1.797693134862e+308, 3.3980e+00, 5.6433e-02, 
 2DIAGNOSTIC,     7, -3.706756642191e-01, 1.797693134862e+308, 3.4735e+00, 7.5469e-02, 
 2DIAGNOSTIC,     8, -3.709304544542e-01, 1.797693134862e+308, 3.5235e+00, 4.9995e-02, 
 2DIAGNOSTIC,     9, -3.716182924738e-01, 1.797693134862e+308, 3.5733e+00, 4.9844e-02, 
 2DIAGNOSTIC,    10, -3.721587515281e-01, 8.492095964549e-04, 3.6247e+00, 5.1395e-02, 
 2DIAGNOSTIC,    11, -3.724744386703e-01, 8.027868424149e-04, 3.6753e+00, 5.0549e-02, 
 2DIAGNOSTIC,    12, -3.728283652288e-01, 7.255836621072e-04, 3.7340e+00, 5.8738e-02, 
 2DIAGNOSTIC,    13, -3.733021463603e-01, 6.412990868050e-04, 3.7995e+00, 6.5501e-02, 
 2DIAGNOSTIC,    14, -3.743941041625e-01, 5.902628321937e-04, 3.8481e+00, 4.8573e-02, 
 2DIAGNOSTIC,    15, -3.755155279851e-01, 5.609209883166e-04, 3.8948e+00, 4.6690e-02, 
 2DIAGNOSTIC,    16, -3.763489910894e-01, 5.865633362064e-04, 3.9420e+00, 4.7219e-02, 
 2DIAGNOSTIC,    17, -3.766141267128e-01, 5.933332591202e-04, 3.9854e+00, 4.3434e-02, 
 2DIAGNOSTIC,    18, -3.767731459488e-01, 5.622662117440e-04, 4.0371e+00, 5.1674e-02, 
 2DIAGNOSTIC,    19, -3.783829382102e-01, 5.740912701468e-04, 4.0873e+00, 5.0130e-02, 
 2DIAGNOSTIC,    20, -3.818574797169e-01, 6.819820712627e-04, 4.1461e+00, 5.8827e-02, 
 2DIAGNOSTIC,    21, -3.830112302200e-01, 7.662078432148e-04, 4.1893e+00, 4.3229e-02, 
 2DIAGNOSTIC,    22, -3.837821485693e-01, 8.116324571122e-04, 4.2370e+00, 4.7666e-02, 
 2DIAGNOSTIC,    23, -3.839458600681e-01, 7.994737245391e-04, 4.2848e+00, 4.7845e-02, 
 2DIAGNOSTIC,    24, -3.846592259795e-01, 7.695264331436e-04, 4.3513e+00, 6.6448e-02, 
 2DIAGNOSTIC,    25, -3.855344602701e-01, 7.276242202124e-04, 4.3944e+00, 4.3107e-02, 
 2DIAGNOSTIC,    26, -3.856955791043e-01, 6.489066572968e-04, 4.4377e+00, 4.3374e-02, 
 2DIAGNOSTIC,    27, -3.860565915564e-01, 5.347413517891e-04, 4.4912e+00, 5.3495e-02, 
 2DIAGNOSTIC,    28, -3.860774326054e-01, 3.838474260258e-04, 4.5397e+00, 4.8472e-02, 
 2DIAGNOSTIC,    29, -3.862099988130e-01, 2.507072145621e-04, 4.5834e+00, 4.3686e-02, 
 2DIAGNOSTIC,    30, -3.863627671228e-01, 1.933383220120e-04, 4.6420e+00, 5.8633e-02, 
 2DIAGNOSTIC,    31, -3.863815889150e-01, 1.496334987425e-04, 4.6907e+00, 4.8666e-02, 
 2DIAGNOSTIC,    32, -3.863808536983e-01, 1.131278529682e-04, 4.7604e+00, 6.9684e-02, 
 2DIAGNOSTIC,    33, -3.863825149569e-01, 7.187571264274e-05, 4.8073e+00, 4.6887e-02, 
 2DIAGNOSTIC,    34, -3.863778080772e-01, 4.160980168905e-05, 4.8549e+00, 4.7583e-02, 
 2DIAGNOSTIC,    35, -3.863727084255e-01, 2.786826324314e-05, 4.9034e+00, 4.8579e-02, 
 2DIAGNOSTIC,    36, -3.863676044128e-01, 1.541847181475e-05, 4.9520e+00, 4.8605e-02, 
 2DIAGNOSTIC,    37, -3.863621227277e-01, 9.556211899821e-06, 4.9952e+00, 4.3123e-02, 
 2DIAGNOSTIC,    38, -3.863571083224e-01, 3.462328662242e-06, 5.0370e+00, 4.1880e-02, 
DIAGNOSTIC,Iteration,metricValue,convergenceValue,ITERATION_TIME_INDEX,SINCE_LAST
 2DIAGNOSTIC,     1, -3.377092291074e-01, 1.797693134862e+308, 6.8279e+00, 1.7909e+00, 
 2DIAGNOSTIC,     2, -3.377661184755e-01, 1.797693134862e+308, 7.3092e+00, 4.8128e-01, 
 2DIAGNOSTIC,     3, -3.378065111618e-01, 1.797693134862e+308, 7.6923e+00, 3.8306e-01, 
 2DIAGNOSTIC,     4, -3.378641412718e-01, 1.797693134862e+308, 8.0831e+00, 3.9080e-01, 
 2DIAGNOSTIC,     5, -3.380518585848e-01, 1.797693134862e+308, 8.5686e+00, 4.8553e-01, 
 2DIAGNOSTIC,     6, -3.382243097306e-01, 1.797693134862e+308, 8.9471e+00, 3.7849e-01, 
 2DIAGNOSTIC,     7, -3.383473261152e-01, 1.797693134862e+308, 9.3779e+00, 4.3081e-01, 
 2DIAGNOSTIC,     8, -3.384779777462e-01, 1.797693134862e+308, 9.7039e+00, 3.2602e-01, 
 2DIAGNOSTIC,     9, -3.387382216553e-01, 1.797693134862e+308, 1.0409e+01, 7.0550e-01, 
 2DIAGNOSTIC,    10, -3.387439536617e-01, 2.224868537582e-04, 1.0784e+01, 3.7421e-01, 
 2DIAGNOSTIC,    11, -3.387438676887e-01, 2.037775949381e-04, 1.1147e+01, 3.6365e-01, 
 2DIAGNOSTIC,    12, -3.387429960626e-01, 1.743623473906e-04, 1.1583e+01, 4.3583e-01, 
 2DIAGNOSTIC,    13, -3.387441839227e-01, 1.366565842464e-04, 1.2032e+01, 4.4854e-01, 
 2DIAGNOSTIC,    14, -3.387432947961e-01, 9.518506793389e-05, 1.2427e+01, 3.9552e-01, 
 2DIAGNOSTIC,    15, -3.387458034776e-01, 6.128655637129e-05, 1.3068e+01, 6.4067e-01, 
 2DIAGNOSTIC,    16, -3.387468317760e-01, 3.542750663556e-05, 1.3468e+01, 4.0009e-01, 
 2DIAGNOSTIC,    17, -3.387462537561e-01, 1.555880363568e-05, 1.3853e+01, 3.8509e-01, 
 2DIAGNOSTIC,    18, -3.387457731391e-01, 2.366326317581e-06, 1.4258e+01, 4.0474e-01, 
 2DIAGNOSTIC,    19, -3.387445485871e-01, 1.949623983678e-06, 1.4667e+01, 4.0928e-01, 
 2DIAGNOSTIC,    20, -3.387439252086e-01, 1.763174671911e-06, 1.5072e+01, 4.0459e-01, 
 2DIAGNOSTIC,    21, -3.387443157898e-01, 1.590533988946e-06, 1.5491e+01, 4.1891e-01, 
 2DIAGNOSTIC,    22, -3.387439354645e-01, 1.377528547432e-06, 1.5859e+01, 3.6895e-01, 
 2DIAGNOSTIC,    23, -3.387449641344e-01, 1.273862713605e-06, 1.6287e+01, 4.2776e-01, 
 2DIAGNOSTIC,    24, -3.387435667642e-01, 1.106671822730e-06, 1.6688e+01, 4.0115e-01, 
 2DIAGNOSTIC,    25, -3.387439710444e-01, 1.071838475190e-06, 1.7086e+01, 3.9736e-01, 
 2DIAGNOSTIC,    26, -3.387429746604e-01, 1.058898859707e-06, 1.7438e+01, 3.5188e-01, 
 2DIAGNOSTIC,    27, -3.387427753571e-01, 1.038338736929e-06, 1.7834e+01, 3.9592e-01, 
 2DIAGNOSTIC,    28, -3.387432647839e-01, 1.033475100214e-06, 1.8198e+01, 3.6425e-01, 
DIAGNOSTIC,Iteration,metricValue,convergenceValue,ITERATION_TIME_INDEX,SINCE_LAST
 2DIAGNOSTIC,     1, -3.142987347164e-01, 1.797693134862e+308, 2.1759e+01, 3.5610e+00, 
 2DIAGNOSTIC,     2, -3.144139975826e-01, 1.797693134862e+308, 2.4304e+01, 2.5455e+00, 
 2DIAGNOSTIC,     3, -3.145698729937e-01, 1.797693134862e+308, 2.6915e+01, 2.6112e+00, 
 2DIAGNOSTIC,     4, -3.146758866984e-01, 1.797693134862e+308, 2.9474e+01, 2.5582e+00, 
 2DIAGNOSTIC,     5, -3.146949563956e-01, 1.797693134862e+308, 3.2356e+01, 2.8823e+00, 
 2DIAGNOSTIC,     6, -3.147662103757e-01, 1.797693134862e+308, 3.6823e+01, 4.4671e+00, 
 2DIAGNOSTIC,     7, -3.147676639472e-01, 1.797693134862e+308, 3.9389e+01, 2.5659e+00, 
 2DIAGNOSTIC,     8, -3.147747305450e-01, 1.797693134862e+308, 4.1956e+01, 2.5665e+00, 
 2DIAGNOSTIC,     9, -3.147784373747e-01, 1.797693134862e+308, 4.6465e+01, 4.5090e+00, 
 2DIAGNOSTIC,    10, -3.147784090113e-01, 9.319089158753e-05, 4.9406e+01, 2.9412e+00, 
 2DIAGNOSTIC,    11, -3.147782015801e-01, 5.674539648828e-05, 5.2293e+01, 2.8870e+00, 
 2DIAGNOSTIC,    12, -3.147779686995e-01, 2.996965278819e-05, 5.4822e+01, 2.5291e+00, 
 2DIAGNOSTIC,    13, -3.147781877066e-01, 1.556873264208e-05, 5.7653e+01, 2.8311e+00, 
 2DIAGNOSTIC,    14, -3.147784117772e-01, 8.902544808093e-06, 6.1001e+01, 3.3477e+00, 
 2DIAGNOSTIC,    15, -3.147782991977e-01, 3.545293560420e-06, 6.3907e+01, 2.9067e+00, 
 2DIAGNOSTIC,    16, -3.147781102314e-01, 2.745193542014e-06, 6.6780e+01, 2.8727e+00, 
 2DIAGNOSTIC,    17, -3.147779855113e-01, 2.032387225466e-06, 6.9621e+01, 2.8406e+00, 
 2DIAGNOSTIC,    18, -3.147777953182e-01, 1.723217283638e-06, 7.2500e+01, 2.8792e+00, 
 2DIAGNOSTIC,    19, -3.147777395827e-01, 1.623832540765e-06, 7.5046e+01, 2.5464e+00, 
 2DIAGNOSTIC,    20, -3.147776928130e-01, 1.535969176646e-06, 7.8237e+01, 3.1909e+00, 
 2DIAGNOSTIC,    21, -3.147777708255e-01, 1.456647643484e-06, 8.1156e+01, 2.9187e+00, 
 2DIAGNOSTIC,    22, -3.147777089668e-01, 1.377663324809e-06, 8.3679e+01, 2.5230e+00, 
 2DIAGNOSTIC,    23, -3.147775826735e-01, 1.315400608153e-06, 8.6579e+01, 2.9005e+00, 
 2DIAGNOSTIC,    24, -3.147775934359e-01, 1.273710038371e-06, 9.0094e+01, 3.5144e+00, 
 2DIAGNOSTIC,    25, -3.147775961445e-01, 1.236214598098e-06, 9.2630e+01, 2.5361e+00, 
 2DIAGNOSTIC,    26, -3.147773233993e-01, 1.188902092046e-06, 9.5105e+01, 2.4751e+00, 
 2DIAGNOSTIC,    27, -3.147772621509e-01, 1.142590829180e-06, 9.7526e+01, 2.4208e+00, 
 2DIAGNOSTIC,    28, -3.147772072472e-01, 1.095154616645e-06, 1.0038e+02, 2.8506e+00, 
 2DIAGNOSTIC,    29, -3.147772214799e-01, 1.053513074639e-06, 1.0290e+02, 2.5188e+00, 
 2DIAGNOSTIC,    30, -3.147771757759e-01, 1.015794874264e-06, 1.0568e+02, 2.7839e+00, 
  Elapsed time (stage 0): 1.0708e+02


Total elapsed time: 1.0708e+02
VFC_BACKENDS=libinterflop_vprec.so --range-binary32=7 --precision-binary32=9 --range-binary64=7 --precision-binary64=9
Info [verificarlo]: loaded backend libinterflop_vprec.so
Info [interflop-vprec]: load backend with: 
Info [interflop-vprec]: precision-binary32 = 9
Info [interflop-vprec]: range-binary32 = 7
Info [interflop-vprec]: precision-binary64 = 9
Info [interflop-vprec]: range-binary64 = 7
Info [interflop-vprec]: mode = ob
Info [interflop-vprec]: error-mode = rel
Info [interflop-vprec]: max-abs-error-exponent = -1022
Info [interflop-vprec]: daz = false
Info [interflop-vprec]: ftz = false
Info [interflop-vprec]: 	instrument = none
Info [interflop-vprec]: 	prec-input-file = (null)
Info [interflop-vprec]: 	prec-output-file = (null)
Info [interflop-vprec]: 	prec-log-file = (null)
All_Command_lines_OK
Using double precision for computations.
=============================================================================
The composite transform comprises the following transforms (in order): 
  1. /project/rrg-glatard/mdugre/datasets/corr/RawDataBIDS/BMB_1/derivatives/vprec-space_search/0011/r7-p9/sub-0003011/rigid_Composite.h5[0] (type = Euler3DTransform)
  2. /project/rrg-glatard/mdugre/datasets/corr/RawDataBIDS/BMB_1/derivatives/vprec-space_search/0011/r7-p9/sub-0003011/rigid_Composite.h5[1] (type = Euler3DTransform)
  3. /project/rrg-glatard/mdugre/datasets/corr/RawDataBIDS/BMB_1/derivatives/vprec-space_search/0011/r7-p9/sub-0003011/rigid_Composite.h5[2] (type = Euler3DTransform)
=============================================================================
  number of levels = 4
  fixed image: /templateflow/tpl-MNI152NLin2009cAsym/tpl-MNI152NLin2009cAsym_res-01_desc-brain_T1w.nii.gz
  moving image: /project/rrg-glatard/mdugre/datasets/corr/RawDataBIDS/BMB_1/derivatives/antsBrainExtraction/sub-0003011/BrainExtractionBrain.nii.gz
Dimension = 3
Number of stages = 1
Use histogram matching = false
Winsorize image intensities = true
  Lower quantile = 0.005
  Upper quantile = 0.995


Stage 1 State
   Image metric = MattesMI
     Fixed image = Image (0x5229300)
  RTTI typeinfo:   itk::Image<double, 3u>
  Reference Count: 2
  Modified Time: 1592
  Debug: Off
  Object Name: 
  Observers: 
    none
  Source: (none)
  Source output name: (none)
  Release Data: Off
  Data Released: False
  Global Release Data: Off
  PipelineMTime: 0
  UpdateMTime: 1203
  RealTimeStamp: 0 seconds 
  LargestPossibleRegion: 
    Dimension: 3
    Index: [0, 0, 0]
    Size: [193, 229, 193]
  BufferedRegion: 
    Dimension: 3
    Index: [0, 0, 0]
    Size: [193, 229, 193]
  RequestedRegion: 
    Dimension: 3
    Index: [0, 0, 0]
    Size: [193, 229, 193]
  Spacing: [1, 1, 1]
  Origin: [96, 132, -78]
  Direction: 
-1 0 0
0 -1 0
0 0 1

  IndexToPointMatrix: 
-1 0 0
0 -1 0
0 0 1

  PointToIndexMatrix: 
-1 0 0
0 -1 0
0 0 1

  Inverse Direction: 
-1 0 0
0 -1 0
0 0 1

  PixelContainer: 
    ImportImageContainer (0x52351b0)
      RTTI typeinfo:   itk::ImportImageContainer<unsigned long, double>
      Reference Count: 1
      Modified Time: 1200
      Debug: Off
      Object Name: 
      Observers: 
        none
      Pointer: 0x1551e2c1d010
      Container manages memory: true
      Size: 8530021
      Capacity: 8530021

     Moving image = Image (0x52f6f60)
  RTTI typeinfo:   itk::Image<double, 3u>
  Reference Count: 2
  Modified Time: 1593
  Debug: Off
  Object Name: 
  Observers: 
    none
  Source: (none)
  Source output name: (none)
  Release Data: Off
  Data Released: False
  Global Release Data: Off
  PipelineMTime: 0
  UpdateMTime: 1590
  RealTimeStamp: 0 seconds 
  LargestPossibleRegion: 
    Dimension: 3
    Index: [0, 0, 0]
    Size: [176, 256, 256]
  BufferedRegion: 
    Dimension: 3
    Index: [0, 0, 0]
    Size: [176, 256, 256]
  RequestedRegion: 
    Dimension: 3
    Index: [0, 0, 0]
    Size: [176, 256, 256]
  Spacing: [1, 1, 1]
  Origin: [-121.75, 95.25, -128.25]
  Direction: 
1 0 0
0 -1 0
0 0 1

  IndexToPointMatrix: 
1 0 0
0 -1 0
0 0 1

  PointToIndexMatrix: 
1 0 0
0 -1 0
0 0 1

  Inverse Direction: 
1 0 0
0 -1 0
0 0 1

  PixelContainer: 
    ImportImageContainer (0x52aad30)
      RTTI typeinfo:   itk::ImportImageContainer<unsigned long, double>
      Reference Count: 1
      Modified Time: 1587
      Debug: Off
      Object Name: 
      Observers: 
        none
      Pointer: 0x1551dd41c010
      Container manages memory: true
      Size: 11534336
      Capacity: 11534336

     Weighting = 1
     Sampling strategy = regular
     Number of bins = 32
     Radius = 4
     Sampling percentage  = 0.25
   Transform = Affine
     Gradient step = 0.1
     Update field sigma (voxel space) = 0
     Total field sigma (voxel space) = 0
     Update field time sigma = 0
     Total field time sigma  = 0
     Number of time indices = 0
     Number of time point samples = 0
Registration using 1 total stages.

Stage 0
  iterations = 1000x500x250x100
  convergence threshold = 1e-06
  convergence window size = 10
  number of levels = 4
  using the Mattes MI metric (number of bins = 32, weight = 1, use gradient filter = 0)
  preprocessing:  winsorizing the image intensities
  Shrink factors (level 1 out of 4): [8, 8, 8]
  Shrink factors (level 2 out of 4): [4, 4, 4]
  Shrink factors (level 3 out of 4): [2, 2, 2]
  Shrink factors (level 4 out of 4): [1, 1, 1]
  smoothing sigmas per level: [3, 2, 1, 0]
  regular sampling (percentage = 0.25)

*** Running AffineTransform registration ***

DIAGNOSTIC,Iteration,metricValue,convergenceValue,ITERATION_TIME_INDEX,SINCE_LAST
 2DIAGNOSTIC,     1, -4.571869173737e-01, 1.797693134862e+308, 0.0000e+00, 0.0000e+00, 
 2DIAGNOSTIC,     2, -4.595913538506e-01, 1.797693134862e+308, 0.0000e+00, 0.0000e+00, 
 2DIAGNOSTIC,     3, -4.614053195079e-01, 1.797693134862e+308, 0.0000e+00, 0.0000e+00, 
 2DIAGNOSTIC,     4, -4.644505916599e-01, 1.797693134862e+308, 0.0000e+00, 0.0000e+00, 
 2DIAGNOSTIC,     5, -4.674817092290e-01, 1.797693134862e+308, 0.0000e+00, 0.0000e+00, 
 2DIAGNOSTIC,     6, -4.722930712157e-01, 1.797693134862e+308, 0.0000e+00, 0.0000e+00, 
 2DIAGNOSTIC,     7, -4.793472034861e-01, 1.797693134862e+308, 0.0000e+00, 0.0000e+00, 
 2DIAGNOSTIC,     8, -4.913267035745e-01, 1.797693134862e+308, 0.0000e+00, 0.0000e+00, 
 2DIAGNOSTIC,     9, -5.113361074439e-01, 1.797693134862e+308, 0.0000e+00, 0.0000e+00, 
 2DIAGNOSTIC,    10, -5.749799105940e-01, 1.126192609746e-02, 0.0000e+00, 0.0000e+00, 
 2DIAGNOSTIC,    11, -7.025290151872e-01, 1.986667744562e-02, 0.0000e+00, 0.0000e+00, 
 2DIAGNOSTIC,    12, -7.991066183824e-01, 2.874678840163e-02, 0.0000e+00, 0.0000e+00, 
 2DIAGNOSTIC,    13, -8.099688129218e-01, 3.357618210344e-02, 0.0000e+00, 0.0000e+00, 
 2DIAGNOSTIC,    14, -8.144921779325e-01, 3.481044634356e-02, 0.0000e+00, 0.0000e+00, 
 2DIAGNOSTIC,    15, -8.185558891977e-01, 3.294485841157e-02, 0.0000e+00, 0.0000e+00, 
 2DIAGNOSTIC,    16, -8.204173094465e-01, 2.856957654502e-02, 0.0000e+00, 0.0000e+00, 
 2DIAGNOSTIC,    17, -8.201618871443e-01, 2.246248726325e-02, 0.0000e+00, 0.0000e+00, 
 2DIAGNOSTIC,    18, -8.192696724328e-01, 1.553799071534e-02, 0.0000e+00, 0.0000e+00, 
 2DIAGNOSTIC,    19, -8.207805084985e-01, 8.672204630777e-03, 0.0000e+00, 0.0000e+00, 
 2DIAGNOSTIC,    20, -8.209703361791e-01, 3.239510366597e-03, 0.0000e+00, 0.0000e+00, 
 2DIAGNOSTIC,    21, -8.209637101570e-01, 7.500890375500e-04, 0.0000e+00, 0.0000e+00, 
 2DIAGNOSTIC,    22, -8.209586080429e-01, 3.591956037096e-04, 0.0000e+00, 0.0000e+00, 
 2DIAGNOSTIC,    23, -8.209646153175e-01, 1.774556694809e-04, 0.0000e+00, 0.0000e+00, 
 2DIAGNOSTIC,    24, -8.209780349249e-01, 7.526987426550e-05, 0.0000e+00, 0.0000e+00, 
 2DIAGNOSTIC,    25, -8.209926741354e-01, 4.282531411194e-05, 0.0000e+00, 0.0000e+00, 
 2DIAGNOSTIC,    26, -8.209926741353e-01, 3.942801860156e-05, 0.0000e+00, 0.0000e+00, 
 2DIAGNOSTIC,    27, -8.209926745599e-01, 2.946872637188e-05, 0.0000e+00, 0.0000e+00, 
 2DIAGNOSTIC,    28, -8.210141654108e-01, 4.261147589633e-06, 0.0000e+00, 0.0000e+00, 
 2DIAGNOSTIC,    29, -8.210081552696e-01, 1.700882154718e-06, 0.0000e+00, 0.0000e+00, 
 2DIAGNOSTIC,    30, -8.210167101022e-01, 1.857894733684e-06, 0.0000e+00, 0.0000e+00, 
 2DIAGNOSTIC,    31, -8.210195796666e-01, 1.785162846192e-06, 0.0000e+00, 0.0000e+00, 
 2DIAGNOSTIC,    32, -8.210068778926e-01, 1.327665902544e-06, 0.0000e+00, 0.0000e+00, 
DIAGNOSTIC,Iteration,metricValue,convergenceValue,ITERATION_TIME_INDEX,SINCE_LAST
 2DIAGNOSTIC,     1, -6.843430227496e-01, 1.797693134862e+308, 0.0000e+00, 0.0000e+00, 
 2DIAGNOSTIC,     2, -6.845541127604e-01, 1.797693134862e+308, 0.0000e+00, 0.0000e+00, 
 2DIAGNOSTIC,     3, -6.846250613274e-01, 1.797693134862e+308, 0.0000e+00, 0.0000e+00, 
 2DIAGNOSTIC,     4, -6.850112284445e-01, 1.797693134862e+308, 0.0000e+00, 0.0000e+00, 
 2DIAGNOSTIC,     5, -6.850297268018e-01, 1.797693134862e+308, 0.0000e+00, 0.0000e+00, 
 2DIAGNOSTIC,     6, -6.850923483985e-01, 1.797693134862e+308, 0.0000e+00, 0.0000e+00, 
 2DIAGNOSTIC,     7, -6.857278294860e-01, 1.797693134862e+308, 0.0000e+00, 0.0000e+00, 
 2DIAGNOSTIC,     8, -6.865157933926e-01, 1.797693134862e+308, 0.0000e+00, 0.0000e+00, 
 2DIAGNOSTIC,     9, -6.865270627286e-01, 1.797693134862e+308, 0.0000e+00, 0.0000e+00, 
 2DIAGNOSTIC,    10, -6.864297845561e-01, 2.273452463010e-04, 0.0000e+00, 0.0000e+00, 
 2DIAGNOSTIC,    11, -6.869246143755e-01, 2.189934873401e-04, 0.0000e+00, 0.0000e+00, 
 2DIAGNOSTIC,    12, -6.868163874794e-01, 1.950375187415e-04, 0.0000e+00, 0.0000e+00, 
 2DIAGNOSTIC,    13, -6.869628713383e-01, 1.634981641831e-04, 0.0000e+00, 0.0000e+00, 
 2DIAGNOSTIC,    14, -6.872020077275e-01, 1.404595946131e-04, 0.0000e+00, 0.0000e+00, 
 2DIAGNOSTIC,    15, -6.872813676054e-01, 1.107069432916e-04, 0.0000e+00, 0.0000e+00, 
 2DIAGNOSTIC,    16, -6.872698549381e-01, 7.549693749291e-05, 0.0000e+00, 0.0000e+00, 
 2DIAGNOSTIC,    17, -6.872700568951e-01, 5.250504706895e-05, 0.0000e+00, 0.0000e+00, 
 2DIAGNOSTIC,    18, -6.872680767590e-01, 4.542745813980e-05, 0.0000e+00, 0.0000e+00, 
 2DIAGNOSTIC,    19, -6.872679074179e-01, 3.516509198811e-05, 0.0000e+00, 0.0000e+00, 
 2DIAGNOSTIC,    20, -6.872720865166e-01, 2.041712928777e-05, 0.0000e+00, 0.0000e+00, 
 2DIAGNOSTIC,    21, -6.872734071059e-01, 1.512977522304e-05, 0.0000e+00, 0.0000e+00, 
 2DIAGNOSTIC,    22, -6.872769490109e-01, 6.940291810767e-06, 0.0000e+00, 0.0000e+00, 
 2DIAGNOSTIC,    23, -6.872750798413e-01, 1.307651630707e-06, 0.0000e+00, 0.0000e+00, 
DIAGNOSTIC,Iteration,metricValue,convergenceValue,ITERATION_TIME_INDEX,SINCE_LAST
 2DIAGNOSTIC,     1, -5.834991894428e-01, 1.797693134862e+308, 0.0000e+00, 0.0000e+00, 
 2DIAGNOSTIC,     2, -5.835460101261e-01, 1.797693134862e+308, 0.0000e+00, 0.0000e+00, 
 2DIAGNOSTIC,     3, -5.836471148889e-01, 1.797693134862e+308, 0.0000e+00, 0.0000e+00, 
 2DIAGNOSTIC,     4, -5.837621154879e-01, 1.797693134862e+308, 0.0000e+00, 0.0000e+00, 
 2DIAGNOSTIC,     5, -5.836498419145e-01, 1.797693134862e+308, 0.0000e+00, 0.0000e+00, 
 2DIAGNOSTIC,     6, -5.842584446149e-01, 1.797693134862e+308, 0.0000e+00, 0.0000e+00, 
 2DIAGNOSTIC,     7, -5.851672921386e-01, 1.797693134862e+308, 0.0000e+00, 0.0000e+00, 
 2DIAGNOSTIC,     8, -5.868069056220e-01, 1.797693134862e+308, 0.0000e+00, 0.0000e+00, 
 2DIAGNOSTIC,     9, -5.874387504634e-01, 1.797693134862e+308, 0.0000e+00, 0.0000e+00, 
 2DIAGNOSTIC,    10, -5.881480667457e-01, 5.356166976078e-04, 0.0000e+00, 0.0000e+00, 
 2DIAGNOSTIC,    11, -5.888132328377e-01, 5.917024515116e-04, 0.0000e+00, 0.0000e+00, 
 2DIAGNOSTIC,    12, -5.903730742051e-01, 6.490778566616e-04, 0.0000e+00, 0.0000e+00, 
 2DIAGNOSTIC,    13, -5.905206841016e-01, 6.462445264812e-04, 0.0000e+00, 0.0000e+00, 
 2DIAGNOSTIC,    14, -5.905976370081e-01, 5.928822323418e-04, 0.0000e+00, 0.0000e+00, 
 2DIAGNOSTIC,    15, -5.906317891785e-01, 4.910110538006e-04, 0.0000e+00, 0.0000e+00, 
 2DIAGNOSTIC,    16, -5.904582186950e-01, 3.697006156535e-04, 0.0000e+00, 0.0000e+00, 
 2DIAGNOSTIC,    17, -5.904833563427e-01, 2.538489593391e-04, 0.0000e+00, 0.0000e+00, 
 2DIAGNOSTIC,    18, -5.904961322516e-01, 1.716671624988e-04, 0.0000e+00, 0.0000e+00, 
 2DIAGNOSTIC,    19, -5.905368842096e-01, 9.962553370570e-05, 0.0000e+00, 0.0000e+00, 
 2DIAGNOSTIC,    20, -5.905422018166e-01, 4.287200939348e-05, 0.0000e+00, 0.0000e+00, 
 2DIAGNOSTIC,    21, -5.906071935126e-01, 3.479392121815e-06, 0.0000e+00, 0.0000e+00, 
 2DIAGNOSTIC,    22, -5.906207434389e-01, 1.854155983805e-06, 0.0000e+00, 0.0000e+00, 
 2DIAGNOSTIC,    23, -5.906433654498e-01, 3.675082985086e-06, 0.0000e+00, 0.0000e+00, 
 2DIAGNOSTIC,    24, -5.906307496588e-01, 6.238661590503e-06, 0.0000e+00, 0.0000e+00, 
 2DIAGNOSTIC,    25, -5.906307496588e-01, 8.784821914659e-06, 0.0000e+00, 0.0000e+00, 
 2DIAGNOSTIC,    26, -5.906307496588e-01, 7.066981053273e-06, 0.0000e+00, 0.0000e+00, 
 2DIAGNOSTIC,    27, -5.906307496588e-01, 5.250792234110e-06, 0.0000e+00, 0.0000e+00, 
 2DIAGNOSTIC,    28, -5.906307496588e-01, 3.282835702861e-06, 0.0000e+00, 0.0000e+00, 
 2DIAGNOSTIC,    29, -5.906307496588e-01, 1.836040940673e-06, 0.0000e+00, 0.0000e+00, 
DIAGNOSTIC,Iteration,metricValue,convergenceValue,ITERATION_TIME_INDEX,SINCE_LAST
 2DIAGNOSTIC,     1, -5.262576892963e-01, 1.797693134862e+308, 0.0000e+00, 0.0000e+00, 
 2DIAGNOSTIC,     2, -5.262729819743e-01, 1.797693134862e+308, 0.0000e+00, 0.0000e+00, 
 2DIAGNOSTIC,     3, -5.262739754842e-01, 1.797693134862e+308, 0.0000e+00, 0.0000e+00, 
 2DIAGNOSTIC,     4, -5.262594182265e-01, 1.797693134862e+308, 0.0000e+00, 0.0000e+00, 
 2DIAGNOSTIC,     5, -5.262665068751e-01, 1.797693134862e+308, 0.0000e+00, 0.0000e+00, 
 2DIAGNOSTIC,     6, -5.262624116615e-01, 1.797693134862e+308, 0.0000e+00, 0.0000e+00, 
 2DIAGNOSTIC,     7, -5.262625956835e-01, 1.797693134862e+308, 0.0000e+00, 0.0000e+00, 
 2DIAGNOSTIC,     8, -5.262660101665e-01, 1.797693134862e+308, 0.0000e+00, 0.0000e+00, 
 2DIAGNOSTIC,     9, -5.262724875532e-01, 1.797693134862e+308, 0.0000e+00, 0.0000e+00, 
  Elapsed time (stage 0): 0.0000e+00


Total elapsed time: 0.0000e+00
VFC_BACKENDS=libinterflop_vprec.so --range-binary32=7 --precision-binary32=9 --range-binary64=7 --precision-binary64=9
Info [verificarlo]: loaded backend libinterflop_vprec.so
Info [interflop-vprec]: load backend with: 
Info [interflop-vprec]: precision-binary32 = 9
Info [interflop-vprec]: range-binary32 = 7
Info [interflop-vprec]: precision-binary64 = 9
Info [interflop-vprec]: range-binary64 = 7
Info [interflop-vprec]: mode = ob
Info [interflop-vprec]: error-mode = rel
Info [interflop-vprec]: max-abs-error-exponent = -1022
Info [interflop-vprec]: daz = false
Info [interflop-vprec]: ftz = false
Info [interflop-vprec]: 	instrument = none
Info [interflop-vprec]: 	prec-input-file = (null)
Info [interflop-vprec]: 	prec-output-file = (null)
Info [interflop-vprec]: 	prec-log-file = (null)
All_Command_lines_OK
Using double precision for computations.
=============================================================================
The composite transform comprises the following transforms (in order): 
  1. /project/rrg-glatard/mdugre/datasets/corr/RawDataBIDS/BMB_1/derivatives/vprec-space_search/0011/r7-p9/sub-0003011/affine_Composite.h5[0] (type = Euler3DTransform)
  2. /project/rrg-glatard/mdugre/datasets/corr/RawDataBIDS/BMB_1/derivatives/vprec-space_search/0011/r7-p9/sub-0003011/affine_Composite.h5[1] (type = Euler3DTransform)
  3. /project/rrg-glatard/mdugre/datasets/corr/RawDataBIDS/BMB_1/derivatives/vprec-space_search/0011/r7-p9/sub-0003011/affine_Composite.h5[2] (type = Euler3DTransform)
  4. /project/rrg-glatard/mdugre/datasets/corr/RawDataBIDS/BMB_1/derivatives/vprec-space_search/0011/r7-p9/sub-0003011/affine_Composite.h5[3] (type = AffineTransform)
=============================================================================
  number of levels = 4
  fixed image: /templateflow/tpl-MNI152NLin2009cAsym/tpl-MNI152NLin2009cAsym_res-01_desc-brain_T1w.nii.gz
  moving image: /project/rrg-glatard/mdugre/datasets/corr/RawDataBIDS/BMB_1/derivatives/antsBrainExtraction/sub-0003011/BrainExtractionBrain.nii.gz
Dimension = 3
Number of stages = 1
Use histogram matching = false
Winsorize image intensities = true
  Lower quantile = 0.005
  Upper quantile = 0.995


Stage 1 State
   Image metric = CC
     Fixed image = Image (0x4bb04c0)
  RTTI typeinfo:   itk::Image<double, 3u>
  Reference Count: 2
  Modified Time: 1606
  Debug: Off
  Object Name: 
  Observers: 
    none
  Source: (none)
  Source output name: (none)
  Release Data: Off
  Data Released: False
  Global Release Data: Off
  PipelineMTime: 0
  UpdateMTime: 1217
  RealTimeStamp: 0 seconds 
  LargestPossibleRegion: 
    Dimension: 3
    Index: [0, 0, 0]
    Size: [193, 229, 193]
  BufferedRegion: 
    Dimension: 3
    Index: [0, 0, 0]
    Size: [193, 229, 193]
  RequestedRegion: 
    Dimension: 3
    Index: [0, 0, 0]
    Size: [193, 229, 193]
  Spacing: [1, 1, 1]
  Origin: [96, 132, -78]
  Direction: 
-1 0 0
0 -1 0
0 0 1

  IndexToPointMatrix: 
-1 0 0
0 -1 0
0 0 1

  PointToIndexMatrix: 
-1 0 0
0 -1 0
0 0 1

  Inverse Direction: 
-1 0 0
0 -1 0
0 0 1

  PixelContainer: 
    ImportImageContainer (0x4c7fb10)
      RTTI typeinfo:   itk::ImportImageContainer<unsigned long, double>
      Reference Count: 1
      Modified Time: 1214
      Debug: Off
      Object Name: 
      Observers: 
        none
      Pointer: 0x14a7fa3a5010
      Container manages memory: true
      Size: 8530021
      Capacity: 8530021

     Moving image = Image (0x4c866f0)
  RTTI typeinfo:   itk::Image<double, 3u>
  Reference Count: 2
  Modified Time: 1607
  Debug: Off
  Object Name: 
  Observers: 
    none
  Source: (none)
  Source output name: (none)
  Release Data: Off
  Data Released: False
  Global Release Data: Off
  PipelineMTime: 0
  UpdateMTime: 1604
  RealTimeStamp: 0 seconds 
  LargestPossibleRegion: 
    Dimension: 3
    Index: [0, 0, 0]
    Size: [176, 256, 256]
  BufferedRegion: 
    Dimension: 3
    Index: [0, 0, 0]
    Size: [176, 256, 256]
  RequestedRegion: 
    Dimension: 3
    Index: [0, 0, 0]
    Size: [176, 256, 256]
  Spacing: [1, 1, 1]
  Origin: [-121.75, 95.25, -128.25]
  Direction: 
1 0 0
0 -1 0
0 0 1

  IndexToPointMatrix: 
1 0 0
0 -1 0
0 0 1

  PointToIndexMatrix: 
1 0 0
0 -1 0
0 0 1

  Inverse Direction: 
1 0 0
0 -1 0
0 0 1

  PixelContainer: 
    ImportImageContainer (0x4c869b0)
      RTTI typeinfo:   itk::ImportImageContainer<unsigned long, double>
      Reference Count: 1
      Modified Time: 1601
      Debug: Off
      Object Name: 
      Observers: 
        none
      Pointer: 0x14a7f4ba4010
      Container manages memory: true
      Size: 11534336
      Capacity: 11534336

     Weighting = 1
     Sampling strategy = none
     Number of bins = 32
     Radius = 4
     Sampling percentage  = 1
   Transform = SyN
     Gradient step = 0.1
     Update field sigma (voxel space) = 3
     Total field sigma (voxel space) = 0
     Update field time sigma = 0
     Total field time sigma  = 0
     Number of time indices = 0
     Number of time point samples = 0
Registration using 1 total stages.

Stage 0
  iterations = 100x70x50x20
  convergence threshold = 1e-06
  convergence window size = 10
  number of levels = 4
  using the CC metric (radius = 4, weight = 1, use gradient filter = 0)
  preprocessing:  winsorizing the image intensities
  Shrink factors (level 1 out of 4): [8, 8, 8]
  Shrink factors (level 2 out of 4): [4, 4, 4]
  Shrink factors (level 3 out of 4): [2, 2, 2]
  Shrink factors (level 4 out of 4): [1, 1, 1]
  smoothing sigmas per level: [3, 2, 1, 0]
  Using default NONE metricSamplingStrategy 

*** Running SyN registration (varianceForUpdateField = 3, varianceForTotalField = 0) ***

XXDIAGNOSTIC,Iteration,metricValue,convergenceValue,ITERATION_TIME_INDEX,SINCE_LAST
 1DIAGNOSTIC,     1, -9.101562500000e-01, 1.797693134862e+308, 0.0000e+00, 0.0000e+00, 
 1DIAGNOSTIC,     2, -9.179687500000e-01, 1.797693134862e+308, 0.0000e+00, 0.0000e+00, 
 1DIAGNOSTIC,     3, -9.248046875000e-01, 1.797693134862e+308, 0.0000e+00, 0.0000e+00, 
 1DIAGNOSTIC,     4, -9.296875000000e-01, 1.797693134862e+308, 0.0000e+00, 0.0000e+00, 
 1DIAGNOSTIC,     5, -9.335937500000e-01, 1.797693134862e+308, 0.0000e+00, 0.0000e+00, 
 1DIAGNOSTIC,     6, -9.365234375000e-01, 1.797693134862e+308, 0.0000e+00, 0.0000e+00, 
 1DIAGNOSTIC,     7, -9.414062500000e-01, 1.797693134862e+308, 0.0000e+00, 0.0000e+00, 
 1DIAGNOSTIC,     8, -9.453125000000e-01, 1.797693134862e+308, 0.0000e+00, 0.0000e+00, 
 1DIAGNOSTIC,     9, -9.492187500000e-01, 1.797693134862e+308, 0.0000e+00, 0.0000e+00, 
 1DIAGNOSTIC,    10, -9.501953125000e-01, 2.668763837090e-03, 0.0000e+00, 0.0000e+00, 
 1DIAGNOSTIC,    11, -9.521484375000e-01, 2.108665073533e-03, 0.0000e+00, 0.0000e+00, 
 1DIAGNOSTIC,    12, -9.541015625000e-01, 1.697112964109e-03, 0.0000e+00, 0.0000e+00, 
 1DIAGNOSTIC,    13, -9.541015625000e-01, 1.352397442903e-03, 0.0000e+00, 0.0000e+00, 
 1DIAGNOSTIC,    14, -9.550781250000e-01, 1.060986509095e-03, 0.0000e+00, 0.0000e+00, 
 1DIAGNOSTIC,    15, -9.560546875000e-01, 8.106900362202e-04, 0.0000e+00, 0.0000e+00, 
 1DIAGNOSTIC,    16, -9.560546875000e-01, 5.714578650364e-04, 0.0000e+00, 0.0000e+00, 
 1DIAGNOSTIC,    17, -9.560546875000e-01, 3.937112965722e-04, 0.0000e+00, 0.0000e+00, 
 1DIAGNOSTIC,    18, -9.560546875000e-01, 2.639896723428e-04, 0.0000e+00, 0.0000e+00, 
 1DIAGNOSTIC,    19, -9.570312500000e-01, 2.011455490459e-04, 0.0000e+00, 0.0000e+00, 
 1DIAGNOSTIC,    20, -9.570312500000e-01, 1.394449096744e-04, 0.0000e+00, 0.0000e+00, 
 1DIAGNOSTIC,    21, -9.570312500000e-01, 9.822293467959e-05, 0.0000e+00, 0.0000e+00, 
 1DIAGNOSTIC,    22, -9.570312500000e-01, 7.891921717580e-05, 0.0000e+00, 0.0000e+00, 
 1DIAGNOSTIC,    23, -9.570312500000e-01, 5.366800231810e-05, 0.0000e+00, 0.0000e+00, 
 1DIAGNOSTIC,    24, -9.570312500000e-01, 3.716632117504e-05, 0.0000e+00, 0.0000e+00, 
 1DIAGNOSTIC,    25, -9.570312500000e-01, 3.019036182550e-05, 0.0000e+00, 0.0000e+00, 
 1DIAGNOSTIC,    26, -9.570312500000e-01, 2.110871101631e-05, 0.0000e+00, 0.0000e+00, 
 1DIAGNOSTIC,    27, -9.570312500000e-01, 1.084686209396e-05, 0.0000e+00, 0.0000e+00, 
 1DIAGNOSTIC,    28, -9.570312500000e-01, -1.024180740217e-14, 0.0000e+00, 0.0000e+00, 
XXDIAGNOSTIC,Iteration,metricValue,convergenceValue,ITERATION_TIME_INDEX,SINCE_LAST
 1DIAGNOSTIC,     1, -8.876953125000e-01, 1.797693134862e+308, 0.0000e+00, 0.0000e+00, 
 1DIAGNOSTIC,     2, -8.906250000000e-01, 1.797693134862e+308, 0.0000e+00, 0.0000e+00, 
 1DIAGNOSTIC,     3, -8.935546875000e-01, 1.797693134862e+308, 0.0000e+00, 0.0000e+00, 
 1DIAGNOSTIC,     4, -8.955078125000e-01, 1.797693134862e+308, 0.0000e+00, 0.0000e+00, 
 1DIAGNOSTIC,     5, -8.984375000000e-01, 1.797693134862e+308, 0.0000e+00, 0.0000e+00, 
 1DIAGNOSTIC,     6, -9.003906250000e-01, 1.797693134862e+308, 0.0000e+00, 0.0000e+00, 
 1DIAGNOSTIC,     7, -9.013671875000e-01, 1.797693134862e+308, 0.0000e+00, 0.0000e+00, 
 1DIAGNOSTIC,     8, -9.033203125000e-01, 1.797693134862e+308, 0.0000e+00, 0.0000e+00, 
 1DIAGNOSTIC,     9, -9.042968750000e-01, 1.797693134862e+308, 0.0000e+00, 0.0000e+00, 
 1DIAGNOSTIC,    10, -9.062500000000e-01, 1.278855142917e-03, 0.0000e+00, 0.0000e+00, 
 1DIAGNOSTIC,    11, -9.072265625000e-01, 1.043411579051e-03, 0.0000e+00, 0.0000e+00, 
 1DIAGNOSTIC,    12, -9.082031250000e-01, 8.559788128896e-04, 0.0000e+00, 0.0000e+00, 
 1DIAGNOSTIC,    13, -9.082031250000e-01, 6.912108635557e-04, 0.0000e+00, 0.0000e+00, 
 1DIAGNOSTIC,    14, -9.091796875000e-01, 5.523140984035e-04, 0.0000e+00, 0.0000e+00, 
 1DIAGNOSTIC,    15, -9.091796875000e-01, 4.419151164150e-04, 0.0000e+00, 0.0000e+00, 
 1DIAGNOSTIC,    16, -9.101562500000e-01, 3.624991440266e-04, 0.0000e+00, 0.0000e+00, 
 1DIAGNOSTIC,    17, -9.101562500000e-01, 2.764216313487e-04, 0.0000e+00, 0.0000e+00, 
 1DIAGNOSTIC,    18, -9.111328125000e-01, 2.259555546336e-04, 0.0000e+00, 0.0000e+00, 
 1DIAGNOSTIC,    19, -9.111328125000e-01, 1.751423833357e-04, 0.0000e+00, 0.0000e+00, 
 1DIAGNOSTIC,    20, -9.111328125000e-01, 1.437002931162e-04, 0.0000e+00, 0.0000e+00, 
 1DIAGNOSTIC,    21, -9.121093750000e-01, 1.309418601130e-04, 0.0000e+00, 0.0000e+00, 
 1DIAGNOSTIC,    22, -9.121093750000e-01, 1.207384541513e-04, 0.0000e+00, 0.0000e+00, 
 1DIAGNOSTIC,    23, -9.121093750000e-01, 9.990125678917e-05, 0.0000e+00, 0.0000e+00, 
 1DIAGNOSTIC,    24, -9.121093750000e-01, 8.454892838965e-05, 0.0000e+00, 0.0000e+00, 
 1DIAGNOSTIC,    25, -9.121093750000e-01, 6.230449832782e-05, 0.0000e+00, 0.0000e+00, 
 1DIAGNOSTIC,    26, -9.121093750000e-01, 4.764522068359e-05, 0.0000e+00, 0.0000e+00, 
 1DIAGNOSTIC,    27, -9.130859375000e-01, 4.056879765059e-05, 0.0000e+00, 0.0000e+00, 
 1DIAGNOSTIC,    28, -9.130859375000e-01, 4.098428664562e-05, 0.0000e+00, 0.0000e+00, 
 1DIAGNOSTIC,    29, -9.130859375000e-01, 3.775068280633e-05, 0.0000e+00, 0.0000e+00, 
 1DIAGNOSTIC,    30, -9.130859375000e-01, 3.104331820038e-05, 0.0000e+00, 0.0000e+00, 
 1DIAGNOSTIC,    31, -9.130859375000e-01, 3.167044916154e-05, 0.0000e+00, 0.0000e+00, 
 1DIAGNOSTIC,    32, -9.130859375000e-01, 2.909038279129e-05, 0.0000e+00, 0.0000e+00, 
 1DIAGNOSTIC,    33, -9.130859375000e-01, 2.387460902915e-05, 0.0000e+00, 0.0000e+00, 
 1DIAGNOSTIC,    34, -9.130859375000e-01, 1.685356366862e-05, 0.0000e+00, 0.0000e+00, 
 1DIAGNOSTIC,    35, -9.130859375000e-01, 8.738176085057e-06, 0.0000e+00, 0.0000e+00, 
 1DIAGNOSTIC,    36, -9.130859375000e-01, -7.941564073022e-15, 0.0000e+00, 0.0000e+00, 
XXDIAGNOSTIC,Iteration,metricValue,convergenceValue,ITERATION_TIME_INDEX,SINCE_LAST
 1DIAGNOSTIC,     1, -8.710937500000e-01, 1.797693134862e+308, 0.0000e+00, 0.0000e+00, 
 1DIAGNOSTIC,     2, -8.730468750000e-01, 1.797693134862e+308, 0.0000e+00, 0.0000e+00, 
 1DIAGNOSTIC,     3, -8.750000000000e-01, 1.797693134862e+308, 0.0000e+00, 0.0000e+00, 
 1DIAGNOSTIC,     4, -8.769531250000e-01, 1.797693134862e+308, 0.0000e+00, 0.0000e+00, 
 1DIAGNOSTIC,     5, -8.789062500000e-01, 1.797693134862e+308, 0.0000e+00, 0.0000e+00, 
 1DIAGNOSTIC,     6, -8.808593750000e-01, 1.797693134862e+308, 0.0000e+00, 0.0000e+00, 
 1DIAGNOSTIC,     7, -8.828125000000e-01, 1.797693134862e+308, 0.0000e+00, 0.0000e+00, 
 1DIAGNOSTIC,     8, -8.837890625000e-01, 1.797693134862e+308, 0.0000e+00, 0.0000e+00, 
 1DIAGNOSTIC,     9, -8.847656250000e-01, 1.797693134862e+308, 0.0000e+00, 0.0000e+00, 
 1DIAGNOSTIC,    10, -8.857421875000e-01, 1.102692265139e-03, 0.0000e+00, 0.0000e+00, 
 1DIAGNOSTIC,    11, -8.867187500000e-01, 9.144400248763e-04, 0.0000e+00, 0.0000e+00, 
 1DIAGNOSTIC,    12, -8.876953125000e-01, 7.533626554798e-04, 0.0000e+00, 0.0000e+00, 
 1DIAGNOSTIC,    13, -8.886718750000e-01, 6.212109510025e-04, 0.0000e+00, 0.0000e+00, 
 1DIAGNOSTIC,    14, -8.886718750000e-01, 4.960981951425e-04, 0.0000e+00, 0.0000e+00, 
 1DIAGNOSTIC,    15, -8.896484375000e-01, 4.051397184443e-04, 0.0000e+00, 0.0000e+00, 
 1DIAGNOSTIC,    16, -8.896484375000e-01, 3.265187415479e-04, 0.0000e+00, 0.0000e+00, 
 1DIAGNOSTIC,    17, -8.906250000000e-01, 2.823732661663e-04, 0.0000e+00, 0.0000e+00, 
 1DIAGNOSTIC,    18, -8.906250000000e-01, 2.339687067833e-04, 0.0000e+00, 0.0000e+00, 
 1DIAGNOSTIC,    19, -8.916015625000e-01, 2.021382173587e-04, 0.0000e+00, 0.0000e+00, 
 1DIAGNOSTIC,    20, -8.925781250000e-01, 1.856522956052e-04, 0.0000e+00, 0.0000e+00, 
 1DIAGNOSTIC,    21, -8.925781250000e-01, 1.677803484473e-04, 0.0000e+00, 0.0000e+00, 
 1DIAGNOSTIC,    22, -8.935546875000e-01, 1.643764720956e-04, 0.0000e+00, 0.0000e+00, 
 1DIAGNOSTIC,    23, -8.935546875000e-01, 1.594227915377e-04, 0.0000e+00, 0.0000e+00, 
 1DIAGNOSTIC,    24, -8.945312500000e-01, 1.527161103101e-04, 0.0000e+00, 0.0000e+00, 
 1DIAGNOSTIC,    25, -8.945312500000e-01, 1.444759798591e-04, 0.0000e+00, 0.0000e+00, 
 1DIAGNOSTIC,    26, -8.945312500000e-01, 1.232005253725e-04, 0.0000e+00, 0.0000e+00, 
 1DIAGNOSTIC,    27, -8.955078125000e-01, 1.154188858710e-04, 0.0000e+00, 0.0000e+00, 
 1DIAGNOSTIC,    28, -8.955078125000e-01, 9.671890554856e-05, 0.0000e+00, 0.0000e+00, 
 1DIAGNOSTIC,    29, -8.955078125000e-01, 8.078292240970e-05, 0.0000e+00, 0.0000e+00, 
 1DIAGNOSTIC,    30, -8.955078125000e-01, 6.896531531456e-05, 0.0000e+00, 0.0000e+00, 
 1DIAGNOSTIC,    31, -8.955078125000e-01, 5.123197388324e-05, 0.0000e+00, 0.0000e+00, 
 1DIAGNOSTIC,    32, -8.964843750000e-01, 4.923622814601e-05, 0.0000e+00, 0.0000e+00, 
 1DIAGNOSTIC,    33, -8.964843750000e-01, 4.211156150181e-05, 0.0000e+00, 0.0000e+00, 
 1DIAGNOSTIC,    34, -8.964843750000e-01, 4.086229947374e-05, 0.0000e+00, 0.0000e+00, 
 1DIAGNOSTIC,    35, -8.964843750000e-01, 3.605952034615e-05, 0.0000e+00, 0.0000e+00, 
 1DIAGNOSTIC,    36, -8.964843750000e-01, 2.781465578737e-05, 0.0000e+00, 0.0000e+00, 
 1DIAGNOSTIC,    37, -8.964843750000e-01, 2.565986018803e-05, 0.0000e+00, 0.0000e+00, 
 1DIAGNOSTIC,    38, -8.964843750000e-01, 2.114555024522e-05, 0.0000e+00, 0.0000e+00, 
 1DIAGNOSTIC,    39, -8.974609375000e-01, 2.298348751767e-05, 0.0000e+00, 0.0000e+00, 
 1DIAGNOSTIC,    40, -8.974609375000e-01, 2.240409305796e-05, 0.0000e+00, 0.0000e+00, 
 1DIAGNOSTIC,    41, -8.974609375000e-01, 1.958568825490e-05, 0.0000e+00, 0.0000e+00, 
 1DIAGNOSTIC,    42, -8.974609375000e-01, 2.258145427300e-05, 0.0000e+00, 0.0000e+00, 
 1DIAGNOSTIC,    43, -8.974609375000e-01, 2.325288767125e-05, 0.0000e+00, 0.0000e+00, 
 1DIAGNOSTIC,    44, -8.974609375000e-01, 2.154722355476e-05, 0.0000e+00, 0.0000e+00, 
 1DIAGNOSTIC,    45, -8.974609375000e-01, 1.783180299241e-05, 0.0000e+00, 0.0000e+00, 
 1DIAGNOSTIC,    46, -8.974609375000e-01, 1.268765860790e-05, 0.0000e+00, 0.0000e+00, 
 1DIAGNOSTIC,    47, -8.974609375000e-01, 6.627794908873e-06, 0.0000e+00, 0.0000e+00, 
 1DIAGNOSTIC,    48, -8.974609375000e-01, -5.963979310408e-15, 0.0000e+00, 0.0000e+00, 
XXDIAGNOSTIC,Iteration,metricValue,convergenceValue,ITERATION_TIME_INDEX,SINCE_LAST
 1DIAGNOSTIC,     1, -8.623046875000e-01, 1.797693134862e+308, 0.0000e+00, 0.0000e+00, 
 1DIAGNOSTIC,     2, -8.623046875000e-01, 1.797693134862e+308, 0.0000e+00, 0.0000e+00, 
 1DIAGNOSTIC,     3, -8.632812500000e-01, 1.797693134862e+308, 0.0000e+00, 0.0000e+00, 
 1DIAGNOSTIC,     4, -8.632812500000e-01, 1.797693134862e+308, 0.0000e+00, 0.0000e+00, 
 1DIAGNOSTIC,     5, -8.642578125000e-01, 1.797693134862e+308, 0.0000e+00, 0.0000e+00, 
 1DIAGNOSTIC,     6, -8.652343750000e-01, 1.797693134862e+308, 0.0000e+00, 0.0000e+00, 
 1DIAGNOSTIC,     7, -8.652343750000e-01, 1.797693134862e+308, 0.0000e+00, 0.0000e+00, 
 1DIAGNOSTIC,     8, -8.662109375000e-01, 1.797693134862e+308, 0.0000e+00, 0.0000e+00, 
 1DIAGNOSTIC,     9, -8.662109375000e-01, 1.797693134862e+308, 0.0000e+00, 0.0000e+00, 
 1DIAGNOSTIC,    10, -8.662109375000e-01, 3.435367959318e-04, 0.0000e+00, 0.0000e+00, 
 1DIAGNOSTIC,    11, -8.671875000000e-01, 3.110805448612e-04, 0.0000e+00, 0.0000e+00, 
 1DIAGNOSTIC,    12, -8.671875000000e-01, 2.548705714365e-04, 0.0000e+00, 0.0000e+00, 
 1DIAGNOSTIC,    13, -8.681640625000e-01, 2.342364524257e-04, 0.0000e+00, 0.0000e+00, 
 1DIAGNOSTIC,    14, -8.681640625000e-01, 1.945388001187e-04, 0.0000e+00, 0.0000e+00, 
 1DIAGNOSTIC,    15, -8.681640625000e-01, 1.636913192065e-04, 0.0000e+00, 0.0000e+00, 
 1DIAGNOSTIC,    16, -8.691406250000e-01, 1.619971091891e-04, 0.0000e+00, 0.0000e+00, 
 1DIAGNOSTIC,    17, -8.691406250000e-01, 1.443632563084e-04, 0.0000e+00, 0.0000e+00, 
 1DIAGNOSTIC,    18, -8.701171875000e-01, 1.511617408413e-04, 0.0000e+00, 0.0000e+00, 
 1DIAGNOSTIC,    19, -8.701171875000e-01, 1.431718784050e-04, 0.0000e+00, 0.0000e+00, 
 1DIAGNOSTIC,    20, -8.701171875000e-01, 1.226209200389e-04, 0.0000e+00, 0.0000e+00, 
  Elapsed time (stage 0): 0


Total elapsed time: 0
