
##########################
# Experiment information #
##########################
SIF_IMG: /project/rrg-glatard/mdugre/containers/ants-p2-vprec.sif
EXPERIMENT_NAME: vprec-space_search
CONFIG: 0011
VFC_BACKENDS: libinterflop_vprec.so --range-binary32=7 --precision-binary32=12 --range-binary64=7 --precision-binary64=12

FIXED_IMG: /templateflow/tpl-MNI152NLin2009cAsym/tpl-MNI152NLin2009cAsym_res-01_desc-brain_T1w.nii.gz
SUBJECT_ID: 0003009
INPUT_IMG: /project/rrg-glatard/mdugre/datasets/corr/RawDataBIDS/BMB_1/derivatives/antsBrainExtraction/sub-0003009/BrainExtractionBrain.nii.gz
OUTPUT_DIR: /project/rrg-glatard/mdugre/datasets/corr/RawDataBIDS/BMB_1/derivatives/vprec-space_search/0011/r7-p12/sub-0003009

ITK_GLOBAL_DEFAULT_NUMBER_OF_THREADS: 8
##########################

VFC_BACKENDS=libinterflop_ieee.so
Info [verificarlo]: loaded backend libinterflop_ieee.so
Info [interflop-ieee]: load backend with:
Info [interflop-ieee]: debug = false
Info [interflop-ieee]: debug-binary = false
Info [interflop-ieee]: no-backend-name = false
Info [interflop-ieee]: print-new-line = false
Info [interflop-ieee]: print-subnormal-normalized = false
Info [interflop-ieee]: count-op = false
All_Command_lines_OK
Using double precision for computations.
=============================================================================
The composite transform comprises the following transforms (in order): 
  1. Center of mass alignment using fixed image: /templateflow/tpl-MNI152NLin2009cAsym/tpl-MNI152NLin2009cAsym_res-01_desc-brain_T1w.nii.gz and moving image: /project/rrg-glatard/mdugre/datasets/corr/RawDataBIDS/BMB_1/derivatives/antsBrainExtraction/sub-0003009/BrainExtractionBrain.nii.gz (type = Euler3DTransform)
=============================================================================
  number of levels = 1
  fixed image: /templateflow/tpl-MNI152NLin2009cAsym/tpl-MNI152NLin2009cAsym_res-01_desc-brain_T1w.nii.gz
  moving image: /project/rrg-glatard/mdugre/datasets/corr/RawDataBIDS/BMB_1/derivatives/antsBrainExtraction/sub-0003009/BrainExtractionBrain.nii.gz
Dimension = 3
Number of stages = 1
Use histogram matching = false
Winsorize image intensities = true
  Lower quantile = 0.005
  Upper quantile = 0.995


Stage 1 State
   Image metric = MattesMI
     Fixed image = Image (0x3eb1390)
  RTTI typeinfo:   itk::Image<double, 3u>
  Reference Count: 2
  Modified Time: 2330
  Debug: Off
  Object Name: 
  Observers: 
    none
  Source: (none)
  Source output name: (none)
  Release Data: Off
  Data Released: False
  Global Release Data: Off
  PipelineMTime: 0
  UpdateMTime: 1941
  RealTimeStamp: 0 seconds 
  LargestPossibleRegion: 
    Dimension: 3
    Index: [0, 0, 0]
    Size: [193, 229, 193]
  BufferedRegion: 
    Dimension: 3
    Index: [0, 0, 0]
    Size: [193, 229, 193]
  RequestedRegion: 
    Dimension: 3
    Index: [0, 0, 0]
    Size: [193, 229, 193]
  Spacing: [1, 1, 1]
  Origin: [96, 132, -78]
  Direction: 
-1 0 0
0 -1 0
0 0 1

  IndexToPointMatrix: 
-1 0 0
0 -1 0
0 0 1

  PointToIndexMatrix: 
-1 0 0
0 -1 0
0 0 1

  Inverse Direction: 
-1 0 0
0 -1 0
0 0 1

  PixelContainer: 
    ImportImageContainer (0x3f7ca90)
      RTTI typeinfo:   itk::ImportImageContainer<unsigned long, double>
      Reference Count: 1
      Modified Time: 1938
      Debug: Off
      Object Name: 
      Observers: 
        none
      Pointer: 0x14607a489010
      Container manages memory: true
      Size: 8530021
      Capacity: 8530021

     Moving image = Image (0x3eb6390)
  RTTI typeinfo:   itk::Image<double, 3u>
  Reference Count: 2
  Modified Time: 2331
  Debug: Off
  Object Name: 
  Observers: 
    none
  Source: (none)
  Source output name: (none)
  Release Data: Off
  Data Released: False
  Global Release Data: Off
  PipelineMTime: 0
  UpdateMTime: 2328
  RealTimeStamp: 0 seconds 
  LargestPossibleRegion: 
    Dimension: 3
    Index: [0, 0, 0]
    Size: [176, 256, 256]
  BufferedRegion: 
    Dimension: 3
    Index: [0, 0, 0]
    Size: [176, 256, 256]
  RequestedRegion: 
    Dimension: 3
    Index: [0, 0, 0]
    Size: [176, 256, 256]
  Spacing: [1, 1, 1]
  Origin: [-89.9847, 87.4223, -110.133]
  Direction: 
1 0 0
0 -1 0
0 0 1

  IndexToPointMatrix: 
1 0 0
0 -1 0
0 0 1

  PointToIndexMatrix: 
1 0 0
0 -1 0
0 0 1

  Inverse Direction: 
1 0 0
0 -1 0
0 0 1

  PixelContainer: 
    ImportImageContainer (0x405cb90)
      RTTI typeinfo:   itk::ImportImageContainer<unsigned long, double>
      Reference Count: 1
      Modified Time: 2325
      Debug: Off
      Object Name: 
      Observers: 
        none
      Pointer: 0x146074c88010
      Container manages memory: true
      Size: 11534336
      Capacity: 11534336

     Weighting = 1
     Sampling strategy = regular
     Number of bins = 32
     Radius = 4
     Sampling percentage  = 0.25
   Transform = Rigid
     Gradient step = 0.1
     Update field sigma (voxel space) = 0
     Total field sigma (voxel space) = 0
     Update field time sigma = 0
     Total field time sigma  = 0
     Number of time indices = 0
     Number of time point samples = 0
Registration using 1 total stages.

Stage 0
  iterations = 0
  convergence threshold = 1e-06
  convergence window size = 10
  number of levels = 1
  using the Mattes MI metric (number of bins = 32, weight = 1, use gradient filter = 0)
  preprocessing:  winsorizing the image intensities
  Shrink factors (level 1 out of 1): [1, 1, 1]
  smoothing sigmas per level: [0]
  regular sampling (percentage = 0.25)

*** Running Euler3DTransform registration ***

  Elapsed time (stage 0): 0.950426


Total elapsed time: 0.951886
VFC_BACKENDS=libinterflop_ieee.so
Info [verificarlo]: loaded backend libinterflop_ieee.so
Info [interflop-ieee]: load backend with:
Info [interflop-ieee]: debug = false
Info [interflop-ieee]: debug-binary = false
Info [interflop-ieee]: no-backend-name = false
Info [interflop-ieee]: print-new-line = false
Info [interflop-ieee]: print-subnormal-normalized = false
Info [interflop-ieee]: count-op = false
All_Command_lines_OK
Using double precision for computations.
=============================================================================
The composite transform comprises the following transforms (in order): 
  1. /project/rrg-glatard/mdugre/datasets/corr/RawDataBIDS/BMB_1/derivatives/vprec-space_search/0011/r7-p12/sub-0003009/align_Composite.h5[0] (type = Euler3DTransform)
  2. /project/rrg-glatard/mdugre/datasets/corr/RawDataBIDS/BMB_1/derivatives/vprec-space_search/0011/r7-p12/sub-0003009/align_Composite.h5[1] (type = Euler3DTransform)
=============================================================================
  number of levels = 4
  fixed image: /templateflow/tpl-MNI152NLin2009cAsym/tpl-MNI152NLin2009cAsym_res-01_desc-brain_T1w.nii.gz
  moving image: /project/rrg-glatard/mdugre/datasets/corr/RawDataBIDS/BMB_1/derivatives/antsBrainExtraction/sub-0003009/BrainExtractionBrain.nii.gz
Dimension = 3
Number of stages = 1
Use histogram matching = false
Winsorize image intensities = true
  Lower quantile = 0.005
  Upper quantile = 0.995


Stage 1 State
   Image metric = MattesMI
     Fixed image = Image (0x386d650)
  RTTI typeinfo:   itk::Image<double, 3u>
  Reference Count: 2
  Modified Time: 1578
  Debug: Off
  Object Name: 
  Observers: 
    none
  Source: (none)
  Source output name: (none)
  Release Data: Off
  Data Released: False
  Global Release Data: Off
  PipelineMTime: 0
  UpdateMTime: 1189
  RealTimeStamp: 0 seconds 
  LargestPossibleRegion: 
    Dimension: 3
    Index: [0, 0, 0]
    Size: [193, 229, 193]
  BufferedRegion: 
    Dimension: 3
    Index: [0, 0, 0]
    Size: [193, 229, 193]
  RequestedRegion: 
    Dimension: 3
    Index: [0, 0, 0]
    Size: [193, 229, 193]
  Spacing: [1, 1, 1]
  Origin: [96, 132, -78]
  Direction: 
-1 0 0
0 -1 0
0 0 1

  IndexToPointMatrix: 
-1 0 0
0 -1 0
0 0 1

  PointToIndexMatrix: 
-1 0 0
0 -1 0
0 0 1

  Inverse Direction: 
-1 0 0
0 -1 0
0 0 1

  PixelContainer: 
    ImportImageContainer (0x392b210)
      RTTI typeinfo:   itk::ImportImageContainer<unsigned long, double>
      Reference Count: 1
      Modified Time: 1186
      Debug: Off
      Object Name: 
      Observers: 
        none
      Pointer: 0x14dda365b010
      Container manages memory: true
      Size: 8530021
      Capacity: 8530021

     Moving image = Image (0x39286e0)
  RTTI typeinfo:   itk::Image<double, 3u>
  Reference Count: 2
  Modified Time: 1579
  Debug: Off
  Object Name: 
  Observers: 
    none
  Source: (none)
  Source output name: (none)
  Release Data: Off
  Data Released: False
  Global Release Data: Off
  PipelineMTime: 0
  UpdateMTime: 1576
  RealTimeStamp: 0 seconds 
  LargestPossibleRegion: 
    Dimension: 3
    Index: [0, 0, 0]
    Size: [176, 256, 256]
  BufferedRegion: 
    Dimension: 3
    Index: [0, 0, 0]
    Size: [176, 256, 256]
  RequestedRegion: 
    Dimension: 3
    Index: [0, 0, 0]
    Size: [176, 256, 256]
  Spacing: [1, 1, 1]
  Origin: [-89.9847, 87.4223, -110.133]
  Direction: 
1 0 0
0 -1 0
0 0 1

  IndexToPointMatrix: 
1 0 0
0 -1 0
0 0 1

  PointToIndexMatrix: 
1 0 0
0 -1 0
0 0 1

  Inverse Direction: 
1 0 0
0 -1 0
0 0 1

  PixelContainer: 
    ImportImageContainer (0x38fa970)
      RTTI typeinfo:   itk::ImportImageContainer<unsigned long, double>
      Reference Count: 1
      Modified Time: 1573
      Debug: Off
      Object Name: 
      Observers: 
        none
      Pointer: 0x14dd9de5a010
      Container manages memory: true
      Size: 11534336
      Capacity: 11534336

     Weighting = 1
     Sampling strategy = regular
     Number of bins = 32
     Radius = 4
     Sampling percentage  = 0.25
   Transform = Rigid
     Gradient step = 0.1
     Update field sigma (voxel space) = 0
     Total field sigma (voxel space) = 0
     Update field time sigma = 0
     Total field time sigma  = 0
     Number of time indices = 0
     Number of time point samples = 0
Registration using 1 total stages.

Stage 0
  iterations = 1000x500x250x100
  convergence threshold = 1e-06
  convergence window size = 10
  number of levels = 4
  using the Mattes MI metric (number of bins = 32, weight = 1, use gradient filter = 0)
  preprocessing:  winsorizing the image intensities
  Shrink factors (level 1 out of 4): [8, 8, 8]
  Shrink factors (level 2 out of 4): [4, 4, 4]
  Shrink factors (level 3 out of 4): [2, 2, 2]
  Shrink factors (level 4 out of 4): [1, 1, 1]
  smoothing sigmas per level: [3, 2, 1, 0]
  regular sampling (percentage = 0.25)

*** Running Euler3DTransform registration ***

DIAGNOSTIC,Iteration,metricValue,convergenceValue,ITERATION_TIME_INDEX,SINCE_LAST
 2DIAGNOSTIC,     1, -6.275088126351e-01, 1.797693134862e+308, 1.2702e+00, 1.2702e+00, 
 2DIAGNOSTIC,     2, -6.290597433060e-01, 1.797693134862e+308, 1.2768e+00, 6.5961e-03, 
 2DIAGNOSTIC,     3, -6.321160934616e-01, 1.797693134862e+308, 1.2828e+00, 6.0570e-03, 
 2DIAGNOSTIC,     4, -6.392781764929e-01, 1.797693134862e+308, 1.2887e+00, 5.8379e-03, 
 2DIAGNOSTIC,     5, -6.532749083951e-01, 1.797693134862e+308, 1.2946e+00, 5.9471e-03, 
 2DIAGNOSTIC,     6, -6.612469548110e-01, 1.797693134862e+308, 1.3015e+00, 6.8951e-03, 
 2DIAGNOSTIC,     7, -6.714393449582e-01, 1.797693134862e+308, 1.3086e+00, 7.1101e-03, 
 2DIAGNOSTIC,     8, -6.723563477412e-01, 1.797693134862e+308, 1.3177e+00, 9.0611e-03, 
 2DIAGNOSTIC,     9, -6.724985402676e-01, 1.797693134862e+308, 1.3253e+00, 7.6671e-03, 
 2DIAGNOSTIC,    10, -6.724551143697e-01, 5.550515343340e-03, 1.3326e+00, 7.2629e-03, 
 2DIAGNOSTIC,    11, -6.723504556663e-01, 4.439467773236e-03, 1.3401e+00, 7.5250e-03, 
 2DIAGNOSTIC,    12, -6.724245736167e-01, 3.180770824297e-03, 1.3472e+00, 7.0770e-03, 
 2DIAGNOSTIC,    13, -6.724233613526e-01, 1.936421468264e-03, 1.3532e+00, 5.9800e-03, 
 2DIAGNOSTIC,    14, -6.724862329472e-01, 9.163866007568e-04, 1.3593e+00, 6.1550e-03, 
 2DIAGNOSTIC,    15, -6.728652555168e-01, 3.620431232904e-04, 1.3652e+00, 5.8510e-03, 
 2DIAGNOSTIC,    16, -6.728114982822e-01, 5.058654081327e-05, 1.3709e+00, 5.6970e-03, 
 2DIAGNOSTIC,    17, -6.734551973388e-01, 4.548059665702e-05, 1.3763e+00, 5.4359e-03, 
 2DIAGNOSTIC,    18, -6.746624712060e-01, 8.712797639659e-05, 1.3820e+00, 5.6989e-03, 
 2DIAGNOSTIC,    19, -6.764777442097e-01, 1.599248767898e-04, 1.3883e+00, 6.2971e-03, 
 2DIAGNOSTIC,    20, -6.832224966215e-01, 3.533459534533e-04, 1.3977e+00, 9.3961e-03, 
 2DIAGNOSTIC,    21, -6.826565772888e-01, 4.783127954901e-04, 1.4044e+00, 6.6769e-03, 
 2DIAGNOSTIC,    22, -6.859049459348e-01, 6.138336302130e-04, 1.4135e+00, 9.0652e-03, 
 2DIAGNOSTIC,    23, -6.857027267894e-01, 6.759221974448e-04, 1.4194e+00, 5.9130e-03, 
 2DIAGNOSTIC,    24, -6.872354765763e-01, 6.973323238185e-04, 1.4261e+00, 6.7642e-03, 
 2DIAGNOSTIC,    25, -6.875383302181e-01, 6.618870674198e-04, 1.4332e+00, 7.1158e-03, 
 2DIAGNOSTIC,    26, -6.874908717840e-01, 5.655993995759e-04, 1.4408e+00, 7.5941e-03, 
 2DIAGNOSTIC,    27, -6.874898671837e-01, 4.348217180389e-04, 1.4476e+00, 6.7520e-03, 
 2DIAGNOSTIC,    28, -6.874355379543e-01, 2.903774784493e-04, 1.4555e+00, 7.9360e-03, 
 2DIAGNOSTIC,    29, -6.874521331762e-01, 1.530917011126e-04, 1.4614e+00, 5.9009e-03, 
 2DIAGNOSTIC,    30, -6.875286986963e-01, 1.076450523845e-04, 1.4697e+00, 8.2631e-03, 
 2DIAGNOSTIC,    31, -6.875683756869e-01, 4.693158465902e-05, 1.4760e+00, 6.2749e-03, 
 2DIAGNOSTIC,    32, -6.874838114137e-01, 2.793772226794e-05, 1.4828e+00, 6.8250e-03, 
 2DIAGNOSTIC,    33, -6.874145964955e-01, 3.632056041418e-06, 1.4892e+00, 6.3939e-03, 
DIAGNOSTIC,Iteration,metricValue,convergenceValue,ITERATION_TIME_INDEX,SINCE_LAST
 2DIAGNOSTIC,     1, -5.609647152682e-01, 1.797693134862e+308, 2.8094e+00, 1.3203e+00, 
 2DIAGNOSTIC,     2, -5.620736623116e-01, 1.797693134862e+308, 2.8542e+00, 4.4800e-02, 
 2DIAGNOSTIC,     3, -5.637061205251e-01, 1.797693134862e+308, 2.8981e+00, 4.3891e-02, 
 2DIAGNOSTIC,     4, -5.659153298339e-01, 1.797693134862e+308, 2.9424e+00, 4.4225e-02, 
 2DIAGNOSTIC,     5, -5.685164397828e-01, 1.797693134862e+308, 2.9902e+00, 4.7876e-02, 
 2DIAGNOSTIC,     6, -5.709039011217e-01, 1.797693134862e+308, 3.0365e+00, 4.6289e-02, 
 2DIAGNOSTIC,     7, -5.744246380678e-01, 1.797693134862e+308, 3.0879e+00, 5.1398e-02, 
 2DIAGNOSTIC,     8, -5.832556502185e-01, 1.797693134862e+308, 3.1454e+00, 5.7456e-02, 
 2DIAGNOSTIC,     9, -5.940079437931e-01, 1.797693134862e+308, 3.1990e+00, 5.3638e-02, 
 2DIAGNOSTIC,    10, -5.946692473949e-01, 3.950278958332e-03, 3.2440e+00, 4.4983e-02, 
 2DIAGNOSTIC,    11, -5.953778822706e-01, 3.931049178720e-03, 3.2913e+00, 4.7329e-02, 
 2DIAGNOSTIC,    12, -5.971183233259e-01, 3.683283494385e-03, 3.3496e+00, 5.8276e-02, 
 2DIAGNOSTIC,    13, -5.979024061504e-01, 3.225720988447e-03, 3.3995e+00, 4.9930e-02, 
 2DIAGNOSTIC,    14, -5.986710314972e-01, 2.640463804040e-03, 3.4585e+00, 5.8935e-02, 
 2DIAGNOSTIC,    15, -5.995122592398e-01, 2.009680251030e-03, 3.5058e+00, 4.7352e-02, 
 2DIAGNOSTIC,    16, -6.020181602047e-01, 1.429789599607e-03, 3.5561e+00, 5.0324e-02, 
 2DIAGNOSTIC,    17, -6.023308261912e-01, 8.930602830651e-04, 3.6035e+00, 4.7388e-02, 
 2DIAGNOSTIC,    18, -6.025936396590e-01, 5.734150797648e-04, 3.6455e+00, 4.1956e-02, 
 2DIAGNOSTIC,    19, -6.029004813289e-01, 5.186142529279e-04, 3.6922e+00, 4.6747e-02, 
 2DIAGNOSTIC,    20, -6.036330529079e-01, 4.548652404643e-04, 3.7736e+00, 8.1394e-02, 
 2DIAGNOSTIC,    21, -6.037503610164e-01, 3.721842232338e-04, 3.8299e+00, 5.6314e-02, 
 2DIAGNOSTIC,    22, -6.037444152128e-01, 3.006201583968e-04, 3.8900e+00, 6.0047e-02, 
 2DIAGNOSTIC,    23, -6.037519680771e-01, 2.248276234054e-04, 3.9410e+00, 5.1018e-02, 
 2DIAGNOSTIC,    24, -6.037637268154e-01, 1.503258534682e-04, 3.9979e+00, 5.6904e-02, 
 2DIAGNOSTIC,    25, -6.037446149956e-01, 8.227115077817e-05, 4.0476e+00, 4.9644e-02, 
 2DIAGNOSTIC,    26, -6.037399612916e-01, 5.814199784911e-05, 4.1043e+00, 5.6696e-02, 
 2DIAGNOSTIC,    27, -6.037358626542e-01, 3.611518710962e-05, 4.1691e+00, 6.4873e-02, 
 2DIAGNOSTIC,    28, -6.037520977994e-01, 1.721554960633e-05, 4.2268e+00, 5.7651e-02, 
 2DIAGNOSTIC,    29, -6.037303151352e-01, 2.508520872135e-06, 4.2832e+00, 5.6471e-02, 
DIAGNOSTIC,Iteration,metricValue,convergenceValue,ITERATION_TIME_INDEX,SINCE_LAST
 2DIAGNOSTIC,     1, -5.188554648160e-01, 1.797693134862e+308, 6.1707e+00, 1.8875e+00, 
 2DIAGNOSTIC,     2, -5.190704549050e-01, 1.797693134862e+308, 6.5335e+00, 3.6274e-01, 
 2DIAGNOSTIC,     3, -5.192385918206e-01, 1.797693134862e+308, 6.8933e+00, 3.5985e-01, 
 2DIAGNOSTIC,     4, -5.193091817748e-01, 1.797693134862e+308, 7.2516e+00, 3.5829e-01, 
 2DIAGNOSTIC,     5, -5.194289637527e-01, 1.797693134862e+308, 7.6680e+00, 4.1640e-01, 
 2DIAGNOSTIC,     6, -5.195489392395e-01, 1.797693134862e+308, 8.4723e+00, 8.0430e-01, 
 2DIAGNOSTIC,     7, -5.195495792271e-01, 1.797693134862e+308, 8.9062e+00, 4.3388e-01, 
 2DIAGNOSTIC,     8, -5.195490064180e-01, 1.797693134862e+308, 9.3213e+00, 4.1509e-01, 
 2DIAGNOSTIC,     9, -5.195474189788e-01, 1.797693134862e+308, 9.7242e+00, 4.0286e-01, 
 2DIAGNOSTIC,    10, -5.195459648612e-01, 8.292154827411e-05, 1.0134e+01, 4.1010e-01, 
 2DIAGNOSTIC,    11, -5.195455254697e-01, 5.099763652833e-05, 1.0497e+01, 3.6294e-01, 
 2DIAGNOSTIC,    12, -5.195454867723e-01, 2.977010746825e-05, 1.0904e+01, 4.0723e-01, 
 2DIAGNOSTIC,    13, -5.195463238736e-01, 1.653034644256e-05, 1.1316e+01, 4.1152e-01, 
 2DIAGNOSTIC,    14, -5.195450659401e-01, 6.535915486966e-06, 1.1902e+01, 5.8630e-01, 
 2DIAGNOSTIC,    15, -5.195440960566e-01, 1.696417969654e-06, 1.2324e+01, 4.2207e-01, 
 2DIAGNOSTIC,    16, -5.195420329233e-01, 1.532812785532e-06, 1.2770e+01, 4.4543e-01, 
 2DIAGNOSTIC,    17, -5.195421567132e-01, 1.454981357889e-06, 1.3123e+01, 3.5322e-01, 
 2DIAGNOSTIC,    18, -5.195401236634e-01, 1.344084101677e-06, 1.3472e+01, 3.4890e-01, 
 2DIAGNOSTIC,    19, -5.195403633246e-01, 1.247695707182e-06, 1.3874e+01, 4.0178e-01, 
 2DIAGNOSTIC,    20, -5.195383639558e-01, 1.106827788935e-06, 1.4280e+01, 4.0584e-01, 
DIAGNOSTIC,Iteration,metricValue,convergenceValue,ITERATION_TIME_INDEX,SINCE_LAST
 2DIAGNOSTIC,     1, -4.714908538228e-01, 1.797693134862e+308, 1.7681e+01, 3.4015e+00, 
 2DIAGNOSTIC,     2, -4.715276221859e-01, 1.797693134862e+308, 2.0276e+01, 2.5952e+00, 
 2DIAGNOSTIC,     3, -4.715238770029e-01, 1.797693134862e+308, 2.4428e+01, 4.1516e+00, 
 2DIAGNOSTIC,     4, -4.715230626125e-01, 1.797693134862e+308, 2.7263e+01, 2.8348e+00, 
 2DIAGNOSTIC,     5, -4.715229266179e-01, 1.797693134862e+308, 3.0738e+01, 3.4752e+00, 
 2DIAGNOSTIC,     6, -4.715226680621e-01, 1.797693134862e+308, 3.3368e+01, 2.6297e+00, 
 2DIAGNOSTIC,     7, -4.715222321884e-01, 1.797693134862e+308, 3.5994e+01, 2.6263e+00, 
 2DIAGNOSTIC,     8, -4.715221532893e-01, 1.797693134862e+308, 3.8589e+01, 2.5950e+00, 
 2DIAGNOSTIC,     9, -4.715220753195e-01, 1.797693134862e+308, 4.1247e+01, 2.6584e+00, 
 2DIAGNOSTIC,    10, -4.715219395502e-01, 4.663763893312e-06, 4.3836e+01, 2.5889e+00, 
 2DIAGNOSTIC,    11, -4.715217027506e-01, 2.413011706309e-06, 4.6492e+01, 2.6554e+00, 
 2DIAGNOSTIC,    12, -4.715217259855e-01, 2.433758282031e-06, 4.9671e+01, 3.1792e+00, 
 2DIAGNOSTIC,    13, -4.715216465048e-01, 2.294277443346e-06, 5.2327e+01, 2.6566e+00, 
 2DIAGNOSTIC,    14, -4.715214552582e-01, 2.145053821692e-06, 5.4856e+01, 2.5285e+00, 
 2DIAGNOSTIC,    15, -4.715213775827e-01, 2.019114594479e-06, 5.7502e+01, 2.6458e+00, 
 2DIAGNOSTIC,    16, -4.715211757401e-01, 1.901388130013e-06, 5.9807e+01, 2.3055e+00, 
 2DIAGNOSTIC,    17, -4.715213382164e-01, 1.795860611734e-06, 6.2104e+01, 2.2966e+00, 
 2DIAGNOSTIC,    18, -4.715214113038e-01, 1.708498704962e-06, 6.4698e+01, 2.5938e+00, 
 2DIAGNOSTIC,    19, -4.715217531137e-01, 1.644201341071e-06, 6.7236e+01, 2.5388e+00, 
 2DIAGNOSTIC,    20, -4.715218556225e-01, 1.588189556763e-06, 6.9868e+01, 2.6319e+00, 
 2DIAGNOSTIC,    21, -4.715220026877e-01, 1.535172146627e-06, 7.2921e+01, 3.0529e+00, 
 2DIAGNOSTIC,    22, -4.715219248075e-01, 1.483545715317e-06, 7.5469e+01, 2.5481e+00, 
 2DIAGNOSTIC,    23, -4.715218419683e-01, 1.428732808978e-06, 7.8066e+01, 2.5963e+00, 
 2DIAGNOSTIC,    24, -4.715217462001e-01, 1.366992686484e-06, 8.0654e+01, 2.5883e+00, 
 2DIAGNOSTIC,    25, -4.715216442110e-01, 1.302096893648e-06, 8.2983e+01, 2.3297e+00, 
 2DIAGNOSTIC,    26, -4.715215540170e-01, 1.232621387737e-06, 8.5267e+01, 2.2840e+00, 
 2DIAGNOSTIC,    27, -4.715213646564e-01, 1.166931144859e-06, 8.7907e+01, 2.6400e+00, 
 2DIAGNOSTIC,    28, -4.715211845162e-01, 1.104655357839e-06, 9.0406e+01, 2.4981e+00, 
 2DIAGNOSTIC,    29, -4.715212219109e-01, 1.057549345040e-06, 9.2985e+01, 2.5798e+00, 
 2DIAGNOSTIC,    30, -4.715210076431e-01, 1.014849551041e-06, 9.5209e+01, 2.2234e+00, 
  Elapsed time (stage 0): 9.6468e+01


Total elapsed time: 9.6470e+01
VFC_BACKENDS=libinterflop_vprec.so --range-binary32=7 --precision-binary32=12 --range-binary64=7 --precision-binary64=12
Info [verificarlo]: loaded backend libinterflop_vprec.so
Info [interflop-vprec]: load backend with: 
Info [interflop-vprec]: precision-binary32 = 12
Info [interflop-vprec]: range-binary32 = 7
Info [interflop-vprec]: precision-binary64 = 12
Info [interflop-vprec]: range-binary64 = 7
Info [interflop-vprec]: mode = ob
Info [interflop-vprec]: error-mode = rel
Info [interflop-vprec]: max-abs-error-exponent = -1022
Info [interflop-vprec]: daz = false
Info [interflop-vprec]: ftz = false
Info [interflop-vprec]: 	instrument = none
Info [interflop-vprec]: 	prec-input-file = (null)
Info [interflop-vprec]: 	prec-output-file = (null)
Info [interflop-vprec]: 	prec-log-file = (null)
All_Command_lines_OK
Using double precision for computations.
=============================================================================
The composite transform comprises the following transforms (in order): 
  1. /project/rrg-glatard/mdugre/datasets/corr/RawDataBIDS/BMB_1/derivatives/vprec-space_search/0011/r7-p12/sub-0003009/rigid_Composite.h5[0] (type = Euler3DTransform)
  2. /project/rrg-glatard/mdugre/datasets/corr/RawDataBIDS/BMB_1/derivatives/vprec-space_search/0011/r7-p12/sub-0003009/rigid_Composite.h5[1] (type = Euler3DTransform)
  3. /project/rrg-glatard/mdugre/datasets/corr/RawDataBIDS/BMB_1/derivatives/vprec-space_search/0011/r7-p12/sub-0003009/rigid_Composite.h5[2] (type = Euler3DTransform)
=============================================================================
  number of levels = 4
  fixed image: /templateflow/tpl-MNI152NLin2009cAsym/tpl-MNI152NLin2009cAsym_res-01_desc-brain_T1w.nii.gz
  moving image: /project/rrg-glatard/mdugre/datasets/corr/RawDataBIDS/BMB_1/derivatives/antsBrainExtraction/sub-0003009/BrainExtractionBrain.nii.gz
Dimension = 3
Number of stages = 1
Use histogram matching = false
Winsorize image intensities = true
  Lower quantile = 0.005
  Upper quantile = 0.995


Stage 1 State
   Image metric = MattesMI
     Fixed image = Image (0x5167300)
  RTTI typeinfo:   itk::Image<double, 3u>
  Reference Count: 2
  Modified Time: 1592
  Debug: Off
  Object Name: 
  Observers: 
    none
  Source: (none)
  Source output name: (none)
  Release Data: Off
  Data Released: False
  Global Release Data: Off
  PipelineMTime: 0
  UpdateMTime: 1203
  RealTimeStamp: 0 seconds 
  LargestPossibleRegion: 
    Dimension: 3
    Index: [0, 0, 0]
    Size: [193, 229, 193]
  BufferedRegion: 
    Dimension: 3
    Index: [0, 0, 0]
    Size: [193, 229, 193]
  RequestedRegion: 
    Dimension: 3
    Index: [0, 0, 0]
    Size: [193, 229, 193]
  Spacing: [1, 1, 1]
  Origin: [96, 132, -78]
  Direction: 
-1 0 0
0 -1 0
0 0 1

  IndexToPointMatrix: 
-1 0 0
0 -1 0
0 0 1

  PointToIndexMatrix: 
-1 0 0
0 -1 0
0 0 1

  Inverse Direction: 
-1 0 0
0 -1 0
0 0 1

  PixelContainer: 
    ImportImageContainer (0x51731b0)
      RTTI typeinfo:   itk::ImportImageContainer<unsigned long, double>
      Reference Count: 1
      Modified Time: 1200
      Debug: Off
      Object Name: 
      Observers: 
        none
      Pointer: 0x14bbed1d5010
      Container manages memory: true
      Size: 8530021
      Capacity: 8530021

     Moving image = Image (0x5234f60)
  RTTI typeinfo:   itk::Image<double, 3u>
  Reference Count: 2
  Modified Time: 1593
  Debug: Off
  Object Name: 
  Observers: 
    none
  Source: (none)
  Source output name: (none)
  Release Data: Off
  Data Released: False
  Global Release Data: Off
  PipelineMTime: 0
  UpdateMTime: 1590
  RealTimeStamp: 0 seconds 
  LargestPossibleRegion: 
    Dimension: 3
    Index: [0, 0, 0]
    Size: [176, 256, 256]
  BufferedRegion: 
    Dimension: 3
    Index: [0, 0, 0]
    Size: [176, 256, 256]
  RequestedRegion: 
    Dimension: 3
    Index: [0, 0, 0]
    Size: [176, 256, 256]
  Spacing: [1, 1, 1]
  Origin: [-89.9844, 87.4219, -110.125]
  Direction: 
1 0 0
0 -1 0
0 0 1

  IndexToPointMatrix: 
1 0 0
0 -1 0
0 0 1

  PointToIndexMatrix: 
1 0 0
0 -1 0
0 0 1

  Inverse Direction: 
1 0 0
0 -1 0
0 0 1

  PixelContainer: 
    ImportImageContainer (0x51e8d30)
      RTTI typeinfo:   itk::ImportImageContainer<unsigned long, double>
      Reference Count: 1
      Modified Time: 1587
      Debug: Off
      Object Name: 
      Observers: 
        none
      Pointer: 0x14bbe79d4010
      Container manages memory: true
      Size: 11534336
      Capacity: 11534336

     Weighting = 1
     Sampling strategy = regular
     Number of bins = 32
     Radius = 4
     Sampling percentage  = 0.25
   Transform = Affine
     Gradient step = 0.1
     Update field sigma (voxel space) = 0
     Total field sigma (voxel space) = 0
     Update field time sigma = 0
     Total field time sigma  = 0
     Number of time indices = 0
     Number of time point samples = 0
Registration using 1 total stages.

Stage 0
  iterations = 1000x500x250x100
  convergence threshold = 1e-06
  convergence window size = 10
  number of levels = 4
  using the Mattes MI metric (number of bins = 32, weight = 1, use gradient filter = 0)
  preprocessing:  winsorizing the image intensities
  Shrink factors (level 1 out of 4): [8, 8, 8]
  Shrink factors (level 2 out of 4): [4, 4, 4]
  Shrink factors (level 3 out of 4): [2, 2, 2]
  Shrink factors (level 4 out of 4): [1, 1, 1]
  smoothing sigmas per level: [3, 2, 1, 0]
  regular sampling (percentage = 0.25)

*** Running AffineTransform registration ***

DIAGNOSTIC,Iteration,metricValue,convergenceValue,ITERATION_TIME_INDEX,SINCE_LAST
 2DIAGNOSTIC,     1, -7.232505708805e-01, 1.797693134862e+308, 0.0000e+00, 0.0000e+00, 
 2DIAGNOSTIC,     2, -7.253685963895e-01, 1.797693134862e+308, 0.0000e+00, 0.0000e+00, 
 2DIAGNOSTIC,     3, -7.283099213641e-01, 1.797693134862e+308, 0.0000e+00, 0.0000e+00, 
 2DIAGNOSTIC,     4, -7.362042191256e-01, 1.797693134862e+308, 0.0000e+00, 0.0000e+00, 
 2DIAGNOSTIC,     5, -7.832092302185e-01, 1.797693134862e+308, 0.0000e+00, 0.0000e+00, 
 2DIAGNOSTIC,     6, -8.271510468749e-01, 1.797693134862e+308, 0.0000e+00, 0.0000e+00, 
 2DIAGNOSTIC,     7, -8.353130044591e-01, 1.797693134862e+308, 0.0000e+00, 0.0000e+00, 
 2DIAGNOSTIC,     8, -8.440206855999e-01, 1.797693134862e+308, 0.0000e+00, 0.0000e+00, 
 2DIAGNOSTIC,     9, -8.542925886896e-01, 1.797693134862e+308, 0.0000e+00, 0.0000e+00, 
 2DIAGNOSTIC,    10, -8.662394413167e-01, 1.400700734338e-02, 0.0000e+00, 0.0000e+00, 
 2DIAGNOSTIC,    11, -8.693924497453e-01, 1.219505023093e-02, 0.0000e+00, 0.0000e+00, 
 2DIAGNOSTIC,    12, -8.699544087050e-01, 9.721644347213e-03, 0.0000e+00, 0.0000e+00, 
 2DIAGNOSTIC,    13, -8.716595114270e-01, 6.937485225676e-03, 0.0000e+00, 0.0000e+00, 
 2DIAGNOSTIC,    14, -8.720897555578e-01, 4.136654999418e-03, 0.0000e+00, 0.0000e+00, 
 2DIAGNOSTIC,    15, -8.729358569723e-01, 2.436483799682e-03, 0.0000e+00, 0.0000e+00, 
 2DIAGNOSTIC,    16, -8.727438260311e-01, 1.683994129534e-03, 0.0000e+00, 0.0000e+00, 
 2DIAGNOSTIC,    17, -8.728005045696e-01, 1.038751293664e-03, 0.0000e+00, 0.0000e+00, 
 2DIAGNOSTIC,    18, -8.726363643315e-01, 5.343599476261e-04, 0.0000e+00, 0.0000e+00, 
 2DIAGNOSTIC,    19, -8.726382202395e-01, 2.161918348835e-04, 0.0000e+00, 0.0000e+00, 
 2DIAGNOSTIC,    20, -8.726289239300e-01, 1.141729865959e-04, 0.0000e+00, 0.0000e+00, 
 2DIAGNOSTIC,    21, -8.726259248878e-01, 6.315378471356e-05, 0.0000e+00, 0.0000e+00, 
 2DIAGNOSTIC,    22, -8.726252801111e-01, 1.949185873929e-05, 0.0000e+00, 0.0000e+00, 
 2DIAGNOSTIC,    23, -8.726028466129e-01, 2.924627505112e-06, 0.0000e+00, 0.0000e+00, 
DIAGNOSTIC,Iteration,metricValue,convergenceValue,ITERATION_TIME_INDEX,SINCE_LAST
 2DIAGNOSTIC,     1, -7.434219575996e-01, 1.797693134862e+308, 0.0000e+00, 0.0000e+00, 
 2DIAGNOSTIC,     2, -7.440380697698e-01, 1.797693134862e+308, 0.0000e+00, 0.0000e+00, 
 2DIAGNOSTIC,     3, -7.451169285780e-01, 1.797693134862e+308, 0.0000e+00, 0.0000e+00, 
 2DIAGNOSTIC,     4, -7.462175146696e-01, 1.797693134862e+308, 0.0000e+00, 0.0000e+00, 
 2DIAGNOSTIC,     5, -7.475796176055e-01, 1.797693134862e+308, 0.0000e+00, 0.0000e+00, 
 2DIAGNOSTIC,     6, -7.485095109582e-01, 1.797693134862e+308, 0.0000e+00, 0.0000e+00, 
 2DIAGNOSTIC,     7, -7.488920808374e-01, 1.797693134862e+308, 0.0000e+00, 0.0000e+00, 
 2DIAGNOSTIC,     8, -7.489651686477e-01, 1.797693134862e+308, 0.0000e+00, 0.0000e+00, 
 2DIAGNOSTIC,     9, -7.489605681382e-01, 1.797693134862e+308, 0.0000e+00, 0.0000e+00, 
 2DIAGNOSTIC,    10, -7.489583124530e-01, 5.342347702161e-04, 0.0000e+00, 0.0000e+00, 
 2DIAGNOSTIC,    11, -7.489639610195e-01, 3.810305345732e-04, 0.0000e+00, 0.0000e+00, 
 2DIAGNOSTIC,    12, -7.489726917587e-01, 2.391842767253e-04, 0.0000e+00, 0.0000e+00, 
 2DIAGNOSTIC,    13, -7.489698484200e-01, 1.292894957727e-04, 0.0000e+00, 0.0000e+00, 
 2DIAGNOSTIC,    14, -7.489653017669e-01, 5.283030383803e-05, 0.0000e+00, 0.0000e+00, 
 2DIAGNOSTIC,    15, -7.489652599752e-01, 1.600763591668e-05, 0.0000e+00, 0.0000e+00, 
 2DIAGNOSTIC,    16, -7.489548166499e-01, 4.158953537586e-06, 0.0000e+00, 0.0000e+00, 
 2DIAGNOSTIC,    17, -7.489538280320e-01, 2.029520840968e-06, 0.0000e+00, 0.0000e+00, 
 2DIAGNOSTIC,    18, -7.489534373135e-01, 1.697870136132e-06, 0.0000e+00, 0.0000e+00, 
 2DIAGNOSTIC,    19, -7.489537368488e-01, 1.361423929327e-06, 0.0000e+00, 0.0000e+00, 
 2DIAGNOSTIC,    20, -7.489555215373e-01, 1.111551057420e-06, 0.0000e+00, 0.0000e+00, 
 2DIAGNOSTIC,    21, -7.489555031456e-01, 1.060313244615e-06, 0.0000e+00, 0.0000e+00, 
 2DIAGNOSTIC,    22, -7.489537655581e-01, 1.209890553792e-06, 0.0000e+00, 0.0000e+00, 
 2DIAGNOSTIC,    23, -7.489526510058e-01, 1.333645098085e-06, 0.0000e+00, 0.0000e+00, 
 2DIAGNOSTIC,    24, -7.489538185930e-01, 1.424446423814e-06, 0.0000e+00, 0.0000e+00, 
 2DIAGNOSTIC,    25, -7.489537770468e-01, 1.527378400097e-06, 0.0000e+00, 0.0000e+00, 
 2DIAGNOSTIC,    26, -7.489536926955e-01, 1.471233986708e-06, 0.0000e+00, 0.0000e+00, 
 2DIAGNOSTIC,    27, -7.489535893528e-01, 1.407208137176e-06, 0.0000e+00, 0.0000e+00, 
 2DIAGNOSTIC,    28, -7.489522428968e-01, 1.327431107631e-06, 0.0000e+00, 0.0000e+00, 
 2DIAGNOSTIC,    29, -7.489522352387e-01, 1.261661453027e-06, 0.0000e+00, 0.0000e+00, 
 2DIAGNOSTIC,    30, -7.489535036354e-01, 1.245330313926e-06, 0.0000e+00, 0.0000e+00, 
 2DIAGNOSTIC,    31, -7.489547433766e-01, 1.249490613864e-06, 0.0000e+00, 0.0000e+00, 
 2DIAGNOSTIC,    32, -7.489547228049e-01, 1.233051088706e-06, 0.0000e+00, 0.0000e+00, 
 2DIAGNOSTIC,    33, -7.489538410652e-01, 1.192901258981e-06, 0.0000e+00, 0.0000e+00, 
 2DIAGNOSTIC,    34, -7.489539283128e-01, 1.167932778802e-06, 0.0000e+00, 0.0000e+00, 
 2DIAGNOSTIC,    35, -7.489545560963e-01, 1.147496385433e-06, 0.0000e+00, 0.0000e+00, 
 2DIAGNOSTIC,    36, -7.489681946304e-01, 1.266656692762e-06, 0.0000e+00, 0.0000e+00, 
 2DIAGNOSTIC,    37, -7.489682033155e-01, 1.357054955731e-06, 0.0000e+00, 0.0000e+00, 
 2DIAGNOSTIC,    38, -7.489681238080e-01, 1.401255589624e-06, 0.0000e+00, 0.0000e+00, 
 2DIAGNOSTIC,    39, -7.489674005577e-01, 1.401736184514e-06, 0.0000e+00, 0.0000e+00, 
 2DIAGNOSTIC,    40, -7.489674040279e-01, 1.374523557633e-06, 0.0000e+00, 0.0000e+00, 
 2DIAGNOSTIC,    41, -7.489670086781e-01, 1.315479097617e-06, 0.0000e+00, 0.0000e+00, 
 2DIAGNOSTIC,    42, -7.489675486721e-01, 1.228498434723e-06, 0.0000e+00, 0.0000e+00, 
 2DIAGNOSTIC,    43, -7.489662510864e-01, 1.099010120461e-06, 0.0000e+00, 0.0000e+00, 
DIAGNOSTIC,Iteration,metricValue,convergenceValue,ITERATION_TIME_INDEX,SINCE_LAST
 2DIAGNOSTIC,     1, -6.350841873802e-01, 1.797693134862e+308, 0.0000e+00, 0.0000e+00, 
 2DIAGNOSTIC,     2, -6.356069472632e-01, 1.797693134862e+308, 0.0000e+00, 0.0000e+00, 
 2DIAGNOSTIC,     3, -6.361930525778e-01, 1.797693134862e+308, 0.0000e+00, 0.0000e+00, 
 2DIAGNOSTIC,     4, -6.367753465549e-01, 1.797693134862e+308, 0.0000e+00, 0.0000e+00, 
 2DIAGNOSTIC,     5, -6.372291947975e-01, 1.797693134862e+308, 0.0000e+00, 0.0000e+00, 
 2DIAGNOSTIC,     6, -6.372687846046e-01, 1.797693134862e+308, 0.0000e+00, 0.0000e+00, 
 2DIAGNOSTIC,     7, -6.372933457207e-01, 1.797693134862e+308, 0.0000e+00, 0.0000e+00, 
 2DIAGNOSTIC,     8, -6.372874627663e-01, 1.797693134862e+308, 0.0000e+00, 0.0000e+00, 
 2DIAGNOSTIC,     9, -6.372881627375e-01, 1.797693134862e+308, 0.0000e+00, 0.0000e+00, 
 2DIAGNOSTIC,    10, -6.372882514381e-01, 2.131980741519e-04, 0.0000e+00, 0.0000e+00, 
 2DIAGNOSTIC,    11, -6.372870320756e-01, 1.263920991292e-04, 0.0000e+00, 0.0000e+00, 
 2DIAGNOSTIC,    12, -6.372875522736e-01, 6.240227754602e-05, 0.0000e+00, 0.0000e+00, 
 2DIAGNOSTIC,    13, -6.372871730441e-01, 2.266480847056e-05, 0.0000e+00, 0.0000e+00, 
 2DIAGNOSTIC,    14, -6.372871784810e-01, 4.994076523018e-06, 0.0000e+00, 0.0000e+00, 
 2DIAGNOSTIC,    15, -6.372871437215e-01, 2.950158922960e-06, 0.0000e+00, 0.0000e+00, 
 2DIAGNOSTIC,    16, -6.372871336013e-01, 2.211227343729e-06, 0.0000e+00, 0.0000e+00, 
 2DIAGNOSTIC,    17, -6.372871149277e-01, 2.227547850356e-06, 0.0000e+00, 0.0000e+00, 
 2DIAGNOSTIC,    18, -6.372870857015e-01, 2.099544589081e-06, 0.0000e+00, 0.0000e+00, 
 2DIAGNOSTIC,    19, -6.372859808597e-01, 1.980379440734e-06, 0.0000e+00, 0.0000e+00, 
 2DIAGNOSTIC,    20, -6.372857624835e-01, 1.877303305545e-06, 0.0000e+00, 0.0000e+00, 
 2DIAGNOSTIC,    21, -6.372857373365e-01, 1.762726311312e-06, 0.0000e+00, 0.0000e+00, 
 2DIAGNOSTIC,    22, -6.372856945532e-01, 1.675840781049e-06, 0.0000e+00, 0.0000e+00, 
 2DIAGNOSTIC,    23, -6.372858900429e-01, 1.601039684690e-06, 0.0000e+00, 0.0000e+00, 
 2DIAGNOSTIC,    24, -6.372862099883e-01, 1.546681027191e-06, 0.0000e+00, 0.0000e+00, 
 2DIAGNOSTIC,    25, -6.372864415796e-01, 1.506614076649e-06, 0.0000e+00, 0.0000e+00, 
 2DIAGNOSTIC,    26, -6.372864371566e-01, 1.473236281600e-06, 0.0000e+00, 0.0000e+00, 
 2DIAGNOSTIC,    27, -6.372860725344e-01, 1.437528839805e-06, 0.0000e+00, 0.0000e+00, 
 2DIAGNOSTIC,    28, -6.372861302612e-01, 1.405258811885e-06, 0.0000e+00, 0.0000e+00, 
 2DIAGNOSTIC,    29, -6.372860287077e-01, 1.354560915677e-06, 0.0000e+00, 0.0000e+00, 
 2DIAGNOSTIC,    30, -6.372861722306e-01, 1.304371341271e-06, 0.0000e+00, 0.0000e+00, 
 2DIAGNOSTIC,    31, -6.372862420756e-01, 1.256966281359e-06, 0.0000e+00, 0.0000e+00, 
 2DIAGNOSTIC,    32, -6.372863280409e-01, 1.212582072536e-06, 0.0000e+00, 0.0000e+00, 
 2DIAGNOSTIC,    33, -6.372863952726e-01, 1.174246491709e-06, 0.0000e+00, 0.0000e+00, 
 2DIAGNOSTIC,    34, -6.372865131170e-01, 1.143787646197e-06, 0.0000e+00, 0.0000e+00, 
 2DIAGNOSTIC,    35, -6.372863648085e-01, 1.115682830840e-06, 0.0000e+00, 0.0000e+00, 
 2DIAGNOSTIC,    36, -6.372863548958e-01, 1.088350528821e-06, 0.0000e+00, 0.0000e+00, 
 2DIAGNOSTIC,    37, -6.372865483849e-01, 1.059292010320e-06, 0.0000e+00, 0.0000e+00, 
 2DIAGNOSTIC,    38, -6.372863908837e-01, 1.029422686035e-06, 0.0000e+00, 0.0000e+00, 
 2DIAGNOSTIC,    39, -6.372864832625e-01, 1.000113814032e-06, 0.0000e+00, 0.0000e+00, 
DIAGNOSTIC,Iteration,metricValue,convergenceValue,ITERATION_TIME_INDEX,SINCE_LAST
 2DIAGNOSTIC,     1, -5.687416632795e-01, 1.797693134862e+308, 0.0000e+00, 0.0000e+00, 
 2DIAGNOSTIC,     2, -5.692903702316e-01, 1.797693134862e+308, 0.0000e+00, 0.0000e+00, 
 2DIAGNOSTIC,     3, -5.699662529948e-01, 1.797693134862e+308, 0.0000e+00, 0.0000e+00, 
 2DIAGNOSTIC,     4, -5.706711930882e-01, 1.797693134862e+308, 0.0000e+00, 0.0000e+00, 
 2DIAGNOSTIC,     5, -5.709810169192e-01, 1.797693134862e+308, 0.0000e+00, 0.0000e+00, 
 2DIAGNOSTIC,     6, -5.709992508102e-01, 1.797693134862e+308, 0.0000e+00, 0.0000e+00, 
 2DIAGNOSTIC,     7, -5.710048548032e-01, 1.797693134862e+308, 0.0000e+00, 0.0000e+00, 
 2DIAGNOSTIC,     8, -5.709967144845e-01, 1.797693134862e+308, 0.0000e+00, 0.0000e+00, 
 2DIAGNOSTIC,     9, -5.709972417267e-01, 1.797693134862e+308, 0.0000e+00, 0.0000e+00, 
 2DIAGNOSTIC,    10, -5.709970146882e-01, 2.344863315856e-04, 0.0000e+00, 0.0000e+00, 
 2DIAGNOSTIC,    11, -5.709971778720e-01, 1.323430216098e-04, 0.0000e+00, 0.0000e+00, 
 2DIAGNOSTIC,    12, -5.709971365435e-01, 5.821578723493e-05, 0.0000e+00, 0.0000e+00, 
 2DIAGNOSTIC,    13, -5.709971031145e-01, 1.581692776252e-05, 0.0000e+00, 0.0000e+00, 
 2DIAGNOSTIC,    14, -5.709970683620e-01, 3.087462403670e-06, 0.0000e+00, 0.0000e+00, 
 2DIAGNOSTIC,    15, -5.709970417672e-01, 2.294044157566e-06, 0.0000e+00, 0.0000e+00, 
 2DIAGNOSTIC,    16, -5.709971091879e-01, 2.188334026557e-06, 0.0000e+00, 0.0000e+00, 
 2DIAGNOSTIC,    17, -5.709970998443e-01, 2.287421492941e-06, 0.0000e+00, 0.0000e+00, 
 2DIAGNOSTIC,    18, -5.709970800386e-01, 2.148726340190e-06, 0.0000e+00, 0.0000e+00, 
 2DIAGNOSTIC,    19, -5.709970381524e-01, 2.038100792273e-06, 0.0000e+00, 0.0000e+00, 
 2DIAGNOSTIC,    20, -5.709970355801e-01, 1.932929295616e-06, 0.0000e+00, 0.0000e+00, 
 2DIAGNOSTIC,    21, -5.709970241829e-01, 1.841848471240e-06, 0.0000e+00, 0.0000e+00, 
 2DIAGNOSTIC,    22, -5.709969474348e-01, 1.756762188200e-06, 0.0000e+00, 0.0000e+00, 
 2DIAGNOSTIC,    23, -5.709969939769e-01, 1.679952483825e-06, 0.0000e+00, 0.0000e+00, 
 2DIAGNOSTIC,    24, -5.709969483267e-01, 1.608387543386e-06, 0.0000e+00, 0.0000e+00, 
 2DIAGNOSTIC,    25, -5.709969399659e-01, 1.542462064116e-06, 0.0000e+00, 0.0000e+00, 
 2DIAGNOSTIC,    26, -5.709963847909e-01, 1.473035819780e-06, 0.0000e+00, 0.0000e+00, 
 2DIAGNOSTIC,    27, -5.709963534115e-01, 1.409983662055e-06, 0.0000e+00, 0.0000e+00, 
 2DIAGNOSTIC,    28, -5.709964062579e-01, 1.354351865740e-06, 0.0000e+00, 0.0000e+00, 
 2DIAGNOSTIC,    29, -5.709964238284e-01, 1.304776235174e-06, 0.0000e+00, 0.0000e+00, 
 2DIAGNOSTIC,    30, -5.709965712481e-01, 1.263957190571e-06, 0.0000e+00, 0.0000e+00, 
 2DIAGNOSTIC,    31, -5.709967620566e-01, 1.231446721137e-06, 0.0000e+00, 0.0000e+00, 
 2DIAGNOSTIC,    32, -5.709967998255e-01, 1.202107510812e-06, 0.0000e+00, 0.0000e+00, 
 2DIAGNOSTIC,    33, -5.709968777347e-01, 1.177217761335e-06, 0.0000e+00, 0.0000e+00, 
 2DIAGNOSTIC,    34, -5.709969099756e-01, 1.153245138916e-06, 0.0000e+00, 0.0000e+00, 
 2DIAGNOSTIC,    35, -5.709969841475e-01, 1.130515975119e-06, 0.0000e+00, 0.0000e+00, 
 2DIAGNOSTIC,    36, -5.709971246142e-01, 1.101082988848e-06, 0.0000e+00, 0.0000e+00, 
 2DIAGNOSTIC,    37, -5.709970526432e-01, 1.069483154065e-06, 0.0000e+00, 0.0000e+00, 
 2DIAGNOSTIC,    38, -5.709970290354e-01, 1.037942156629e-06, 0.0000e+00, 0.0000e+00, 
 2DIAGNOSTIC,    39, -5.709970378392e-01, 1.006638632197e-06, 0.0000e+00, 0.0000e+00, 
  Elapsed time (stage 0): 0.0000e+00


Total elapsed time: 0.0000e+00
VFC_BACKENDS=libinterflop_vprec.so --range-binary32=7 --precision-binary32=12 --range-binary64=7 --precision-binary64=12
Info [verificarlo]: loaded backend libinterflop_vprec.so
Info [interflop-vprec]: load backend with: 
Info [interflop-vprec]: precision-binary32 = 12
Info [interflop-vprec]: range-binary32 = 7
Info [interflop-vprec]: precision-binary64 = 12
Info [interflop-vprec]: range-binary64 = 7
Info [interflop-vprec]: mode = ob
Info [interflop-vprec]: error-mode = rel
Info [interflop-vprec]: max-abs-error-exponent = -1022
Info [interflop-vprec]: daz = false
Info [interflop-vprec]: ftz = false
Info [interflop-vprec]: 	instrument = none
Info [interflop-vprec]: 	prec-input-file = (null)
Info [interflop-vprec]: 	prec-output-file = (null)
Info [interflop-vprec]: 	prec-log-file = (null)
All_Command_lines_OK
Using double precision for computations.
=============================================================================
The composite transform comprises the following transforms (in order): 
  1. /project/rrg-glatard/mdugre/datasets/corr/RawDataBIDS/BMB_1/derivatives/vprec-space_search/0011/r7-p12/sub-0003009/affine_Composite.h5[0] (type = Euler3DTransform)
  2. /project/rrg-glatard/mdugre/datasets/corr/RawDataBIDS/BMB_1/derivatives/vprec-space_search/0011/r7-p12/sub-0003009/affine_Composite.h5[1] (type = Euler3DTransform)
  3. /project/rrg-glatard/mdugre/datasets/corr/RawDataBIDS/BMB_1/derivatives/vprec-space_search/0011/r7-p12/sub-0003009/affine_Composite.h5[2] (type = Euler3DTransform)
  4. /project/rrg-glatard/mdugre/datasets/corr/RawDataBIDS/BMB_1/derivatives/vprec-space_search/0011/r7-p12/sub-0003009/affine_Composite.h5[3] (type = AffineTransform)
=============================================================================
  number of levels = 4
  fixed image: /templateflow/tpl-MNI152NLin2009cAsym/tpl-MNI152NLin2009cAsym_res-01_desc-brain_T1w.nii.gz
  moving image: /project/rrg-glatard/mdugre/datasets/corr/RawDataBIDS/BMB_1/derivatives/antsBrainExtraction/sub-0003009/BrainExtractionBrain.nii.gz
Dimension = 3
Number of stages = 1
Use histogram matching = false
Winsorize image intensities = true
  Lower quantile = 0.005
  Upper quantile = 0.995


Stage 1 State
   Image metric = CC
     Fixed image = Image (0x4b134c0)
  RTTI typeinfo:   itk::Image<double, 3u>
  Reference Count: 2
  Modified Time: 1606
  Debug: Off
  Object Name: 
  Observers: 
    none
  Source: (none)
  Source output name: (none)
  Release Data: Off
  Data Released: False
  Global Release Data: Off
  PipelineMTime: 0
  UpdateMTime: 1217
  RealTimeStamp: 0 seconds 
  LargestPossibleRegion: 
    Dimension: 3
    Index: [0, 0, 0]
    Size: [193, 229, 193]
  BufferedRegion: 
    Dimension: 3
    Index: [0, 0, 0]
    Size: [193, 229, 193]
  RequestedRegion: 
    Dimension: 3
    Index: [0, 0, 0]
    Size: [193, 229, 193]
  Spacing: [1, 1, 1]
  Origin: [96, 132, -78]
  Direction: 
-1 0 0
0 -1 0
0 0 1

  IndexToPointMatrix: 
-1 0 0
0 -1 0
0 0 1

  PointToIndexMatrix: 
-1 0 0
0 -1 0
0 0 1

  Inverse Direction: 
-1 0 0
0 -1 0
0 0 1

  PixelContainer: 
    ImportImageContainer (0x4be2b10)
      RTTI typeinfo:   itk::ImportImageContainer<unsigned long, double>
      Reference Count: 1
      Modified Time: 1214
      Debug: Off
      Object Name: 
      Observers: 
        none
      Pointer: 0x14f408c89010
      Container manages memory: true
      Size: 8530021
      Capacity: 8530021

     Moving image = Image (0x4bce0b0)
  RTTI typeinfo:   itk::Image<double, 3u>
  Reference Count: 2
  Modified Time: 1607
  Debug: Off
  Object Name: 
  Observers: 
    none
  Source: (none)
  Source output name: (none)
  Release Data: Off
  Data Released: False
  Global Release Data: Off
  PipelineMTime: 0
  UpdateMTime: 1604
  RealTimeStamp: 0 seconds 
  LargestPossibleRegion: 
    Dimension: 3
    Index: [0, 0, 0]
    Size: [176, 256, 256]
  BufferedRegion: 
    Dimension: 3
    Index: [0, 0, 0]
    Size: [176, 256, 256]
  RequestedRegion: 
    Dimension: 3
    Index: [0, 0, 0]
    Size: [176, 256, 256]
  Spacing: [1, 1, 1]
  Origin: [-89.9844, 87.4219, -110.125]
  Direction: 
1 0 0
0 -1 0
0 0 1

  IndexToPointMatrix: 
1 0 0
0 -1 0
0 0 1

  PointToIndexMatrix: 
1 0 0
0 -1 0
0 0 1

  Inverse Direction: 
1 0 0
0 -1 0
0 0 1

  PixelContainer: 
    ImportImageContainer (0x4bce370)
      RTTI typeinfo:   itk::ImportImageContainer<unsigned long, double>
      Reference Count: 1
      Modified Time: 1601
      Debug: Off
      Object Name: 
      Observers: 
        none
      Pointer: 0x14f403488010
      Container manages memory: true
      Size: 11534336
      Capacity: 11534336

     Weighting = 1
     Sampling strategy = none
     Number of bins = 32
     Radius = 4
     Sampling percentage  = 1
   Transform = SyN
     Gradient step = 0.1
     Update field sigma (voxel space) = 3
     Total field sigma (voxel space) = 0
     Update field time sigma = 0
     Total field time sigma  = 0
     Number of time indices = 0
     Number of time point samples = 0
Registration using 1 total stages.

Stage 0
  iterations = 100x70x50x20
  convergence threshold = 1e-06
  convergence window size = 10
  number of levels = 4
  using the CC metric (radius = 4, weight = 1, use gradient filter = 0)
  preprocessing:  winsorizing the image intensities
  Shrink factors (level 1 out of 4): [8, 8, 8]
  Shrink factors (level 2 out of 4): [4, 4, 4]
  Shrink factors (level 3 out of 4): [2, 2, 2]
  Shrink factors (level 4 out of 4): [1, 1, 1]
  smoothing sigmas per level: [3, 2, 1, 0]
  Using default NONE metricSamplingStrategy 

*** Running SyN registration (varianceForUpdateField = 3, varianceForTotalField = 0) ***

XXDIAGNOSTIC,Iteration,metricValue,convergenceValue,ITERATION_TIME_INDEX,SINCE_LAST
 1DIAGNOSTIC,     1, -9.400634765625e-01, 1.797693134862e+308, 0.0000e+00, 0.0000e+00, 
 1DIAGNOSTIC,     2, -9.462890625000e-01, 1.797693134862e+308, 0.0000e+00, 0.0000e+00, 
 1DIAGNOSTIC,     3, -9.495849609375e-01, 1.797693134862e+308, 0.0000e+00, 0.0000e+00, 
 1DIAGNOSTIC,     4, -9.517822265625e-01, 1.797693134862e+308, 0.0000e+00, 0.0000e+00, 
 1DIAGNOSTIC,     5, -9.544677734375e-01, 1.797693134862e+308, 0.0000e+00, 0.0000e+00, 
 1DIAGNOSTIC,     6, -9.580078125000e-01, 1.797693134862e+308, 0.0000e+00, 0.0000e+00, 
 1DIAGNOSTIC,     7, -9.621582031250e-01, 1.797693134862e+308, 0.0000e+00, 0.0000e+00, 
 1DIAGNOSTIC,     8, -9.658203125000e-01, 1.797693134862e+308, 0.0000e+00, 0.0000e+00, 
 1DIAGNOSTIC,     9, -9.682617187500e-01, 1.797693134862e+308, 0.0000e+00, 0.0000e+00, 
 1DIAGNOSTIC,    10, -9.693603515625e-01, 1.944608666416e-03, 0.0000e+00, 0.0000e+00, 
 1DIAGNOSTIC,    11, -9.698486328125e-01, 1.578707832369e-03, 0.0000e+00, 0.0000e+00, 
 1DIAGNOSTIC,    12, -9.709472656250e-01, 1.312171630458e-03, 0.0000e+00, 0.0000e+00, 
 1DIAGNOSTIC,    13, -9.710693359375e-01, 1.045364319499e-03, 0.0000e+00, 0.0000e+00, 
 1DIAGNOSTIC,    14, -9.720458984375e-01, 7.893342156645e-04, 0.0000e+00, 0.0000e+00, 
 1DIAGNOSTIC,    15, -9.721679687500e-01, 5.508032287912e-04, 0.0000e+00, 0.0000e+00, 
 1DIAGNOSTIC,    16, -9.726562500000e-01, 3.657623800811e-04, 0.0000e+00, 0.0000e+00, 
 1DIAGNOSTIC,    17, -9.725341796875e-01, 2.379380494553e-04, 0.0000e+00, 0.0000e+00, 
 1DIAGNOSTIC,    18, -9.730224609375e-01, 1.699435524698e-04, 0.0000e+00, 0.0000e+00, 
 1DIAGNOSTIC,    19, -9.729003906250e-01, 1.291260994442e-04, 0.0000e+00, 0.0000e+00, 
 1DIAGNOSTIC,    20, -9.732666015625e-01, 1.022251957632e-04, 0.0000e+00, 0.0000e+00, 
 1DIAGNOSTIC,    21, -9.731445312500e-01, 7.334026799431e-05, 0.0000e+00, 0.0000e+00, 
 1DIAGNOSTIC,    22, -9.735107421875e-01, 6.023311812582e-05, 0.0000e+00, 0.0000e+00, 
 1DIAGNOSTIC,    23, -9.733886718750e-01, 4.240064781214e-05, 0.0000e+00, 0.0000e+00, 
 1DIAGNOSTIC,    24, -9.735107421875e-01, 3.578522725057e-05, 0.0000e+00, 0.0000e+00, 
 1DIAGNOSTIC,    25, -9.733886718750e-01, 2.635812648705e-05, 0.0000e+00, 0.0000e+00, 
 1DIAGNOSTIC,    26, -9.736328125000e-01, 2.372344482578e-05, 0.0000e+00, 0.0000e+00, 
 1DIAGNOSTIC,    27, -9.736328125000e-01, 1.763257035210e-05, 0.0000e+00, 0.0000e+00, 
 1DIAGNOSTIC,    28, -9.735107421875e-01, 1.437244272260e-05, 0.0000e+00, 0.0000e+00, 
 1DIAGNOSTIC,    29, -9.733886718750e-01, 7.642341027667e-06, 0.0000e+00, 0.0000e+00, 
 1DIAGNOSTIC,    30, -9.735107421875e-01, 5.634557599242e-06, 0.0000e+00, 0.0000e+00, 
 1DIAGNOSTIC,    31, -9.732666015625e-01, -3.178165279699e-07, 0.0000e+00, 0.0000e+00, 
XXDIAGNOSTIC,Iteration,metricValue,convergenceValue,ITERATION_TIME_INDEX,SINCE_LAST
 1DIAGNOSTIC,     1, -9.184570312500e-01, 1.797693134862e+308, 0.0000e+00, 0.0000e+00, 
 1DIAGNOSTIC,     2, -9.210205078125e-01, 1.797693134862e+308, 0.0000e+00, 0.0000e+00, 
 1DIAGNOSTIC,     3, -9.245605468750e-01, 1.797693134862e+308, 0.0000e+00, 0.0000e+00, 
 1DIAGNOSTIC,     4, -9.268798828125e-01, 1.797693134862e+308, 0.0000e+00, 0.0000e+00, 
 1DIAGNOSTIC,     5, -9.289550781250e-01, 1.797693134862e+308, 0.0000e+00, 0.0000e+00, 
 1DIAGNOSTIC,     6, -9.310302734375e-01, 1.797693134862e+308, 0.0000e+00, 0.0000e+00, 
 1DIAGNOSTIC,     7, -9.327392578125e-01, 1.797693134862e+308, 0.0000e+00, 0.0000e+00, 
 1DIAGNOSTIC,     8, -9.343261718750e-01, 1.797693134862e+308, 0.0000e+00, 0.0000e+00, 
 1DIAGNOSTIC,     9, -9.356689453125e-01, 1.797693134862e+308, 0.0000e+00, 0.0000e+00, 
 1DIAGNOSTIC,    10, -9.368896484375e-01, 1.263149981625e-03, 0.0000e+00, 0.0000e+00, 
 1DIAGNOSTIC,    11, -9.379882812500e-01, 1.023254883505e-03, 0.0000e+00, 0.0000e+00, 
 1DIAGNOSTIC,    12, -9.389648437500e-01, 8.203631085985e-04, 0.0000e+00, 0.0000e+00, 
 1DIAGNOSTIC,    13, -9.396972656250e-01, 6.745190799336e-04, 0.0000e+00, 0.0000e+00, 
 1DIAGNOSTIC,    14, -9.405517578125e-01, 5.571529397684e-04, 0.0000e+00, 0.0000e+00, 
 1DIAGNOSTIC,    15, -9.410400390625e-01, 4.561948950211e-04, 0.0000e+00, 0.0000e+00, 
 1DIAGNOSTIC,    16, -9.415283203125e-01, 3.746744564229e-04, 0.0000e+00, 0.0000e+00, 
 1DIAGNOSTIC,    17, -9.420166015625e-01, 3.074287162699e-04, 0.0000e+00, 0.0000e+00, 
 1DIAGNOSTIC,    18, -9.425048828125e-01, 2.541857153251e-04, 0.0000e+00, 0.0000e+00, 
 1DIAGNOSTIC,    19, -9.427490234375e-01, 2.082487972185e-04, 0.0000e+00, 0.0000e+00, 
 1DIAGNOSTIC,    20, -9.431152343750e-01, 1.716898382908e-04, 0.0000e+00, 0.0000e+00, 
 1DIAGNOSTIC,    21, -9.436035156250e-01, 1.455490483845e-04, 0.0000e+00, 0.0000e+00, 
 1DIAGNOSTIC,    22, -9.439697265625e-01, 1.266490515932e-04, 0.0000e+00, 0.0000e+00, 
 1DIAGNOSTIC,    23, -9.442138671875e-01, 1.103483943870e-04, 0.0000e+00, 0.0000e+00, 
 1DIAGNOSTIC,    24, -9.444580078125e-01, 9.909976735164e-05, 0.0000e+00, 0.0000e+00, 
 1DIAGNOSTIC,    25, -9.447021484375e-01, 8.840815607563e-05, 0.0000e+00, 0.0000e+00, 
 1DIAGNOSTIC,    26, -9.450683593750e-01, 8.016867118781e-05, 0.0000e+00, 0.0000e+00, 
 1DIAGNOSTIC,    27, -9.451904296875e-01, 7.179264253403e-05, 0.0000e+00, 0.0000e+00, 
 1DIAGNOSTIC,    28, -9.454345703125e-01, 6.535509048851e-05, 0.0000e+00, 0.0000e+00, 
 1DIAGNOSTIC,    29, -9.455566406250e-01, 5.710861381843e-05, 0.0000e+00, 0.0000e+00, 
 1DIAGNOSTIC,    30, -9.458007812500e-01, 5.020034402009e-05, 0.0000e+00, 0.0000e+00, 
 1DIAGNOSTIC,    31, -9.458007812500e-01, 4.375987211638e-05, 0.0000e+00, 0.0000e+00, 
 1DIAGNOSTIC,    32, -9.460449218750e-01, 3.947731253349e-05, 0.0000e+00, 0.0000e+00, 
 1DIAGNOSTIC,    33, -9.460449218750e-01, 3.401138296778e-05, 0.0000e+00, 0.0000e+00, 
 1DIAGNOSTIC,    34, -9.461669921875e-01, 2.899887654782e-05, 0.0000e+00, 0.0000e+00, 
 1DIAGNOSTIC,    35, -9.462890625000e-01, 2.471541727314e-05, 0.0000e+00, 0.0000e+00, 
 1DIAGNOSTIC,    36, -9.464111328125e-01, 2.250988864011e-05, 0.0000e+00, 0.0000e+00, 
 1DIAGNOSTIC,    37, -9.465332031250e-01, 2.033455401870e-05, 0.0000e+00, 0.0000e+00, 
 1DIAGNOSTIC,    38, -9.465332031250e-01, 1.836560863047e-05, 0.0000e+00, 0.0000e+00, 
 1DIAGNOSTIC,    39, -9.466552734375e-01, 1.672224024725e-05, 0.0000e+00, 0.0000e+00, 
 1DIAGNOSTIC,    40, -9.466552734375e-01, 1.549574186202e-05, 0.0000e+00, 0.0000e+00, 
 1DIAGNOSTIC,    41, -9.467773437500e-01, 1.379568525156e-05, 0.0000e+00, 0.0000e+00, 
 1DIAGNOSTIC,    42, -9.467773437500e-01, 1.270322005434e-05, 0.0000e+00, 0.0000e+00, 
 1DIAGNOSTIC,    43, -9.467773437500e-01, 1.054071132420e-05, 0.0000e+00, 0.0000e+00, 
 1DIAGNOSTIC,    44, -9.468994140625e-01, 9.231545190211e-06, 0.0000e+00, 0.0000e+00, 
 1DIAGNOSTIC,    45, -9.468994140625e-01, 7.959012913349e-06, 0.0000e+00, 0.0000e+00, 
 1DIAGNOSTIC,    46, -9.468994140625e-01, 6.851185544221e-06, 0.0000e+00, 0.0000e+00, 
 1DIAGNOSTIC,    47, -9.470214843750e-01, 6.803694280331e-06, 0.0000e+00, 0.0000e+00, 
 1DIAGNOSTIC,    48, -9.470214843750e-01, 6.151710386846e-06, 0.0000e+00, 0.0000e+00, 
 1DIAGNOSTIC,    49, -9.470214843750e-01, 5.772470299013e-06, 0.0000e+00, 0.0000e+00, 
 1DIAGNOSTIC,    50, -9.471435546875e-01, 5.656335609439e-06, 0.0000e+00, 0.0000e+00, 
 1DIAGNOSTIC,    51, -9.471435546875e-01, 5.787878761255e-06, 0.0000e+00, 0.0000e+00, 
 1DIAGNOSTIC,    52, -9.471435546875e-01, 5.437662141155e-06, 0.0000e+00, 0.0000e+00, 
 1DIAGNOSTIC,    53, -9.472656250000e-01, 5.334476503926e-06, 0.0000e+00, 0.0000e+00, 
 1DIAGNOSTIC,    54, -9.472656250000e-01, 5.464651316092e-06, 0.0000e+00, 0.0000e+00, 
 1DIAGNOSTIC,    55, -9.472656250000e-01, 5.139536819534e-06, 0.0000e+00, 0.0000e+00, 
 1DIAGNOSTIC,    56, -9.472656250000e-01, 4.389787348732e-06, 0.0000e+00, 0.0000e+00, 
 1DIAGNOSTIC,    57, -9.473876953125e-01, 4.611339611087e-06, 0.0000e+00, 0.0000e+00, 
 1DIAGNOSTIC,    58, -9.473876953125e-01, 4.426558560484e-06, 0.0000e+00, 0.0000e+00, 
 1DIAGNOSTIC,    59, -9.473876953125e-01, 3.874342237621e-06, 0.0000e+00, 0.0000e+00, 
 1DIAGNOSTIC,    60, -9.473876953125e-01, 3.664858689797e-06, 0.0000e+00, 0.0000e+00, 
 1DIAGNOSTIC,    61, -9.473876953125e-01, 3.177168038646e-06, 0.0000e+00, 0.0000e+00, 
 1DIAGNOSTIC,    62, -9.475097656250e-01, 3.027539898365e-06, 0.0000e+00, 0.0000e+00, 
 1DIAGNOSTIC,    63, -9.475097656250e-01, 3.216945162202e-06, 0.0000e+00, 0.0000e+00, 
 1DIAGNOSTIC,    64, -9.475097656250e-01, 3.166462565450e-06, 0.0000e+00, 0.0000e+00, 
 1DIAGNOSTIC,    65, -9.475097656250e-01, 2.887217661941e-06, 0.0000e+00, 0.0000e+00, 
 1DIAGNOSTIC,    66, -9.475097656250e-01, 2.377984774444e-06, 0.0000e+00, 0.0000e+00, 
 1DIAGNOSTIC,    67, -9.475097656250e-01, 2.251588445249e-06, 0.0000e+00, 0.0000e+00, 
 1DIAGNOSTIC,    68, -9.476318359375e-01, 2.506813116841e-06, 0.0000e+00, 0.0000e+00, 
 1DIAGNOSTIC,    69, -9.476318359375e-01, 2.561590572903e-06, 0.0000e+00, 0.0000e+00, 
 1DIAGNOSTIC,    70, -9.476318359375e-01, 2.434917923181e-06, 0.0000e+00, 0.0000e+00, 
XXDIAGNOSTIC,Iteration,metricValue,convergenceValue,ITERATION_TIME_INDEX,SINCE_LAST
 1DIAGNOSTIC,     1, -8.974609375000e-01, 1.797693134862e+308, 0.0000e+00, 0.0000e+00, 
 1DIAGNOSTIC,     2, -9.001464843750e-01, 1.797693134862e+308, 0.0000e+00, 0.0000e+00, 
 1DIAGNOSTIC,     3, -9.031982421875e-01, 1.797693134862e+308, 0.0000e+00, 0.0000e+00, 
 1DIAGNOSTIC,     4, -9.060058593750e-01, 1.797693134862e+308, 0.0000e+00, 0.0000e+00, 
 1DIAGNOSTIC,     5, -9.080810546875e-01, 1.797693134862e+308, 0.0000e+00, 0.0000e+00, 
 1DIAGNOSTIC,     6, -9.101562500000e-01, 1.797693134862e+308, 0.0000e+00, 0.0000e+00, 
 1DIAGNOSTIC,     7, -9.119873046875e-01, 1.797693134862e+308, 0.0000e+00, 0.0000e+00, 
 1DIAGNOSTIC,     8, -9.134521484375e-01, 1.797693134862e+308, 0.0000e+00, 0.0000e+00, 
 1DIAGNOSTIC,     9, -9.147949218750e-01, 1.797693134862e+308, 0.0000e+00, 0.0000e+00, 
 1DIAGNOSTIC,    10, -9.161376953125e-01, 1.312301595859e-03, 0.0000e+00, 0.0000e+00, 
 1DIAGNOSTIC,    11, -9.171142578125e-01, 1.062438984418e-03, 0.0000e+00, 0.0000e+00, 
 1DIAGNOSTIC,    12, -9.179687500000e-01, 8.503909777351e-04, 0.0000e+00, 0.0000e+00, 
 1DIAGNOSTIC,    13, -9.188232421875e-01, 6.873834020954e-04, 0.0000e+00, 0.0000e+00, 
 1DIAGNOSTIC,    14, -9.195556640625e-01, 5.637903340523e-04, 0.0000e+00, 0.0000e+00, 
 1DIAGNOSTIC,    15, -9.202880859375e-01, 4.630984823316e-04, 0.0000e+00, 0.0000e+00, 
 1DIAGNOSTIC,    16, -9.208984375000e-01, 3.844800168976e-04, 0.0000e+00, 0.0000e+00, 
 1DIAGNOSTIC,    17, -9.215087890625e-01, 3.243437714027e-04, 0.0000e+00, 0.0000e+00, 
 1DIAGNOSTIC,    18, -9.221191406250e-01, 2.766499970815e-04, 0.0000e+00, 0.0000e+00, 
 1DIAGNOSTIC,    19, -9.226074218750e-01, 2.380553576768e-04, 0.0000e+00, 0.0000e+00, 
 1DIAGNOSTIC,    20, -9.232177734375e-01, 2.115093833707e-04, 0.0000e+00, 0.0000e+00, 
 1DIAGNOSTIC,    21, -9.235839843750e-01, 1.875818266214e-04, 0.0000e+00, 0.0000e+00, 
 1DIAGNOSTIC,    22, -9.240722656250e-01, 1.672735280272e-04, 0.0000e+00, 0.0000e+00, 
 1DIAGNOSTIC,    23, -9.244384765625e-01, 1.495236126746e-04, 0.0000e+00, 0.0000e+00, 
 1DIAGNOSTIC,    24, -9.248046875000e-01, 1.334215150199e-04, 0.0000e+00, 0.0000e+00, 
 1DIAGNOSTIC,    25, -9.252929687500e-01, 1.212446231412e-04, 0.0000e+00, 0.0000e+00, 
 1DIAGNOSTIC,    26, -9.255371093750e-01, 1.087581607712e-04, 0.0000e+00, 0.0000e+00, 
 1DIAGNOSTIC,    27, -9.259033203125e-01, 9.822537255505e-05, 0.0000e+00, 0.0000e+00, 
 1DIAGNOSTIC,    28, -9.262695312500e-01, 9.002460622685e-05, 0.0000e+00, 0.0000e+00, 
 1DIAGNOSTIC,    29, -9.265136718750e-01, 8.167140645728e-05, 0.0000e+00, 0.0000e+00, 
 1DIAGNOSTIC,    30, -9.267578125000e-01, 7.504627300862e-05, 0.0000e+00, 0.0000e+00, 
 1DIAGNOSTIC,    31, -9.271240234375e-01, 6.909570170092e-05, 0.0000e+00, 0.0000e+00, 
 1DIAGNOSTIC,    32, -9.273681640625e-01, 6.407782643993e-05, 0.0000e+00, 0.0000e+00, 
 1DIAGNOSTIC,    33, -9.276123046875e-01, 5.905529023105e-05, 0.0000e+00, 0.0000e+00, 
 1DIAGNOSTIC,    34, -9.278564453125e-01, 5.430190320381e-05, 0.0000e+00, 0.0000e+00, 
 1DIAGNOSTIC,    35, -9.279785156250e-01, 5.013706296159e-05, 0.0000e+00, 0.0000e+00, 
 1DIAGNOSTIC,    36, -9.282226562500e-01, 4.567946215866e-05, 0.0000e+00, 0.0000e+00, 
 1DIAGNOSTIC,    37, -9.283447265625e-01, 4.120328250039e-05, 0.0000e+00, 0.0000e+00, 
 1DIAGNOSTIC,    38, -9.284667968750e-01, 3.709013489098e-05, 0.0000e+00, 0.0000e+00, 
 1DIAGNOSTIC,    39, -9.287109375000e-01, 3.360304809773e-05, 0.0000e+00, 0.0000e+00, 
 1DIAGNOSTIC,    40, -9.288330078125e-01, 2.992529051718e-05, 0.0000e+00, 0.0000e+00, 
 1DIAGNOSTIC,    41, -9.289550781250e-01, 2.731524180047e-05, 0.0000e+00, 0.0000e+00, 
 1DIAGNOSTIC,    42, -9.290771484375e-01, 2.497871975515e-05, 0.0000e+00, 0.0000e+00, 
 1DIAGNOSTIC,    43, -9.293212890625e-01, 2.392225990293e-05, 0.0000e+00, 0.0000e+00, 
 1DIAGNOSTIC,    44, -9.294433593750e-01, 2.323248039110e-05, 0.0000e+00, 0.0000e+00, 
 1DIAGNOSTIC,    45, -9.295654296875e-01, 2.207237188749e-05, 0.0000e+00, 0.0000e+00, 
 1DIAGNOSTIC,    46, -9.296875000000e-01, 2.139559116727e-05, 0.0000e+00, 0.0000e+00, 
 1DIAGNOSTIC,    47, -9.298095703125e-01, 2.036939739018e-05, 0.0000e+00, 0.0000e+00, 
 1DIAGNOSTIC,    48, -9.299316406250e-01, 1.902799420845e-05, 0.0000e+00, 0.0000e+00, 
 1DIAGNOSTIC,    49, -9.301757812500e-01, 1.904586766191e-05, 0.0000e+00, 0.0000e+00, 
 1DIAGNOSTIC,    50, -9.302978515625e-01, 1.879057256285e-05, 0.0000e+00, 0.0000e+00, 
XXDIAGNOSTIC,Iteration,metricValue,convergenceValue,ITERATION_TIME_INDEX,SINCE_LAST
 1DIAGNOSTIC,     1, -8.874511718750e-01, 1.797693134862e+308, 0.0000e+00, 0.0000e+00, 
 1DIAGNOSTIC,     2, -8.887939453125e-01, 1.797693134862e+308, 0.0000e+00, 0.0000e+00, 
 1DIAGNOSTIC,     3, -8.902587890625e-01, 1.797693134862e+308, 0.0000e+00, 0.0000e+00, 
 1DIAGNOSTIC,     4, -8.918457031250e-01, 1.797693134862e+308, 0.0000e+00, 0.0000e+00, 
 1DIAGNOSTIC,     5, -8.933105468750e-01, 1.797693134862e+308, 0.0000e+00, 0.0000e+00, 
 1DIAGNOSTIC,     6, -8.947753906250e-01, 1.797693134862e+308, 0.0000e+00, 0.0000e+00, 
 1DIAGNOSTIC,     7, -8.959960937500e-01, 1.797693134862e+308, 0.0000e+00, 0.0000e+00, 
 1DIAGNOSTIC,     8, -8.972167968750e-01, 1.797693134862e+308, 0.0000e+00, 0.0000e+00, 
 1DIAGNOSTIC,     9, -8.984375000000e-01, 1.797693134862e+308, 0.0000e+00, 0.0000e+00, 
 1DIAGNOSTIC,    10, -8.995361328125e-01, 8.807257469821e-04, 0.0000e+00, 0.0000e+00, 
 1DIAGNOSTIC,    11, -9.006347656250e-01, 7.719246557059e-04, 0.0000e+00, 0.0000e+00, 
 1DIAGNOSTIC,    12, -9.017333984375e-01, 6.763189279071e-04, 0.0000e+00, 0.0000e+00, 
 1DIAGNOSTIC,    13, -9.025878906250e-01, 5.905343102157e-04, 0.0000e+00, 0.0000e+00, 
 1DIAGNOSTIC,    14, -9.033203125000e-01, 5.156594546944e-04, 0.0000e+00, 0.0000e+00, 
 1DIAGNOSTIC,    15, -9.040527343750e-01, 4.498737227624e-04, 0.0000e+00, 0.0000e+00, 
 1DIAGNOSTIC,    16, -9.046630859375e-01, 3.919493923407e-04, 0.0000e+00, 0.0000e+00, 
 1DIAGNOSTIC,    17, -9.052734375000e-01, 3.386777843382e-04, 0.0000e+00, 0.0000e+00, 
 1DIAGNOSTIC,    18, -9.057617187500e-01, 2.899398009740e-04, 0.0000e+00, 0.0000e+00, 
 1DIAGNOSTIC,    19, -9.063720703125e-01, 2.499377666091e-04, 0.0000e+00, 0.0000e+00, 
 1DIAGNOSTIC,    20, -9.067382812500e-01, 2.137280556737e-04, 0.0000e+00, 0.0000e+00, 
  Elapsed time (stage 0): 0


Total elapsed time: 0
