
##########################
# Experiment information #
##########################
SIF_IMG: /project/rrg-glatard/mdugre/containers/ants-p2-vprec.sif
EXPERIMENT_NAME: vprec-space_search
CONFIG: 0011
VFC_BACKENDS: libinterflop_vprec.so --range-binary32=8 --precision-binary32=14 --range-binary64=8 --precision-binary64=14

FIXED_IMG: /templateflow/tpl-MNI152NLin2009cAsym/tpl-MNI152NLin2009cAsym_res-01_desc-brain_T1w.nii.gz
SUBJECT_ID: 0003051
INPUT_IMG: /project/rrg-glatard/mdugre/datasets/corr/RawDataBIDS/BMB_1/derivatives/antsBrainExtraction/sub-0003051/BrainExtractionBrain.nii.gz
OUTPUT_DIR: /project/rrg-glatard/mdugre/datasets/corr/RawDataBIDS/BMB_1/derivatives/vprec-space_search/0011/r8-p14/sub-0003051

ITK_GLOBAL_DEFAULT_NUMBER_OF_THREADS: 8
##########################

VFC_BACKENDS=libinterflop_ieee.so
Info [verificarlo]: loaded backend libinterflop_ieee.so
Info [interflop-ieee]: load backend with:
Info [interflop-ieee]: debug = false
Info [interflop-ieee]: debug-binary = false
Info [interflop-ieee]: no-backend-name = false
Info [interflop-ieee]: print-new-line = false
Info [interflop-ieee]: print-subnormal-normalized = false
Info [interflop-ieee]: count-op = false
All_Command_lines_OK
Using double precision for computations.
=============================================================================
The composite transform comprises the following transforms (in order): 
  1. Center of mass alignment using fixed image: /templateflow/tpl-MNI152NLin2009cAsym/tpl-MNI152NLin2009cAsym_res-01_desc-brain_T1w.nii.gz and moving image: /project/rrg-glatard/mdugre/datasets/corr/RawDataBIDS/BMB_1/derivatives/antsBrainExtraction/sub-0003051/BrainExtractionBrain.nii.gz (type = Euler3DTransform)
=============================================================================
  number of levels = 1
  fixed image: /templateflow/tpl-MNI152NLin2009cAsym/tpl-MNI152NLin2009cAsym_res-01_desc-brain_T1w.nii.gz
  moving image: /project/rrg-glatard/mdugre/datasets/corr/RawDataBIDS/BMB_1/derivatives/antsBrainExtraction/sub-0003051/BrainExtractionBrain.nii.gz
Dimension = 3
Number of stages = 1
Use histogram matching = false
Winsorize image intensities = true
  Lower quantile = 0.005
  Upper quantile = 0.995


Stage 1 State
   Image metric = MattesMI
     Fixed image = Image (0x41a5390)
  RTTI typeinfo:   itk::Image<double, 3u>
  Reference Count: 2
  Modified Time: 2330
  Debug: Off
  Object Name: 
  Observers: 
    none
  Source: (none)
  Source output name: (none)
  Release Data: Off
  Data Released: False
  Global Release Data: Off
  PipelineMTime: 0
  UpdateMTime: 1941
  RealTimeStamp: 0 seconds 
  LargestPossibleRegion: 
    Dimension: 3
    Index: [0, 0, 0]
    Size: [193, 229, 193]
  BufferedRegion: 
    Dimension: 3
    Index: [0, 0, 0]
    Size: [193, 229, 193]
  RequestedRegion: 
    Dimension: 3
    Index: [0, 0, 0]
    Size: [193, 229, 193]
  Spacing: [1, 1, 1]
  Origin: [96, 132, -78]
  Direction: 
-1 0 0
0 -1 0
0 0 1

  IndexToPointMatrix: 
-1 0 0
0 -1 0
0 0 1

  PointToIndexMatrix: 
-1 0 0
0 -1 0
0 0 1

  Inverse Direction: 
-1 0 0
0 -1 0
0 0 1

  PixelContainer: 
    ImportImageContainer (0x4270a90)
      RTTI typeinfo:   itk::ImportImageContainer<unsigned long, double>
      Reference Count: 1
      Modified Time: 1938
      Debug: Off
      Object Name: 
      Observers: 
        none
      Pointer: 0x14602e871010
      Container manages memory: true
      Size: 8530021
      Capacity: 8530021

     Moving image = Image (0x41aa390)
  RTTI typeinfo:   itk::Image<double, 3u>
  Reference Count: 2
  Modified Time: 2331
  Debug: Off
  Object Name: 
  Observers: 
    none
  Source: (none)
  Source output name: (none)
  Release Data: Off
  Data Released: False
  Global Release Data: Off
  PipelineMTime: 0
  UpdateMTime: 2328
  RealTimeStamp: 0 seconds 
  LargestPossibleRegion: 
    Dimension: 3
    Index: [0, 0, 0]
    Size: [176, 256, 256]
  BufferedRegion: 
    Dimension: 3
    Index: [0, 0, 0]
    Size: [176, 256, 256]
  RequestedRegion: 
    Dimension: 3
    Index: [0, 0, 0]
    Size: [176, 256, 256]
  Spacing: [1, 1, 1]
  Origin: [-88.8452, 91.7534, -119.169]
  Direction: 
1 0 0
0 -1 0
0 0 1

  IndexToPointMatrix: 
1 0 0
0 -1 0
0 0 1

  PointToIndexMatrix: 
1 0 0
0 -1 0
0 0 1

  Inverse Direction: 
1 0 0
0 -1 0
0 0 1

  PixelContainer: 
    ImportImageContainer (0x4350b90)
      RTTI typeinfo:   itk::ImportImageContainer<unsigned long, double>
      Reference Count: 1
      Modified Time: 2325
      Debug: Off
      Object Name: 
      Observers: 
        none
      Pointer: 0x146029070010
      Container manages memory: true
      Size: 11534336
      Capacity: 11534336

     Weighting = 1
     Sampling strategy = regular
     Number of bins = 32
     Radius = 4
     Sampling percentage  = 0.25
   Transform = Rigid
     Gradient step = 0.1
     Update field sigma (voxel space) = 0
     Total field sigma (voxel space) = 0
     Update field time sigma = 0
     Total field time sigma  = 0
     Number of time indices = 0
     Number of time point samples = 0
Registration using 1 total stages.

Stage 0
  iterations = 0
  convergence threshold = 1e-06
  convergence window size = 10
  number of levels = 1
  using the Mattes MI metric (number of bins = 32, weight = 1, use gradient filter = 0)
  preprocessing:  winsorizing the image intensities
  Shrink factors (level 1 out of 1): [1, 1, 1]
  smoothing sigmas per level: [0]
  regular sampling (percentage = 0.25)

*** Running Euler3DTransform registration ***

  Elapsed time (stage 0): 0.917649


Total elapsed time: 0.919089
VFC_BACKENDS=libinterflop_ieee.so
Info [verificarlo]: loaded backend libinterflop_ieee.so
Info [interflop-ieee]: load backend with:
Info [interflop-ieee]: debug = false
Info [interflop-ieee]: debug-binary = false
Info [interflop-ieee]: no-backend-name = false
Info [interflop-ieee]: print-new-line = false
Info [interflop-ieee]: print-subnormal-normalized = false
Info [interflop-ieee]: count-op = false
All_Command_lines_OK
Using double precision for computations.
=============================================================================
The composite transform comprises the following transforms (in order): 
  1. /project/rrg-glatard/mdugre/datasets/corr/RawDataBIDS/BMB_1/derivatives/vprec-space_search/0011/r8-p14/sub-0003051/align_Composite.h5[0] (type = Euler3DTransform)
  2. /project/rrg-glatard/mdugre/datasets/corr/RawDataBIDS/BMB_1/derivatives/vprec-space_search/0011/r8-p14/sub-0003051/align_Composite.h5[1] (type = Euler3DTransform)
=============================================================================
  number of levels = 4
  fixed image: /templateflow/tpl-MNI152NLin2009cAsym/tpl-MNI152NLin2009cAsym_res-01_desc-brain_T1w.nii.gz
  moving image: /project/rrg-glatard/mdugre/datasets/corr/RawDataBIDS/BMB_1/derivatives/antsBrainExtraction/sub-0003051/BrainExtractionBrain.nii.gz
Dimension = 3
Number of stages = 1
Use histogram matching = false
Winsorize image intensities = true
  Lower quantile = 0.005
  Upper quantile = 0.995


Stage 1 State
   Image metric = MattesMI
     Fixed image = Image (0x3403650)
  RTTI typeinfo:   itk::Image<double, 3u>
  Reference Count: 2
  Modified Time: 1578
  Debug: Off
  Object Name: 
  Observers: 
    none
  Source: (none)
  Source output name: (none)
  Release Data: Off
  Data Released: False
  Global Release Data: Off
  PipelineMTime: 0
  UpdateMTime: 1189
  RealTimeStamp: 0 seconds 
  LargestPossibleRegion: 
    Dimension: 3
    Index: [0, 0, 0]
    Size: [193, 229, 193]
  BufferedRegion: 
    Dimension: 3
    Index: [0, 0, 0]
    Size: [193, 229, 193]
  RequestedRegion: 
    Dimension: 3
    Index: [0, 0, 0]
    Size: [193, 229, 193]
  Spacing: [1, 1, 1]
  Origin: [96, 132, -78]
  Direction: 
-1 0 0
0 -1 0
0 0 1

  IndexToPointMatrix: 
-1 0 0
0 -1 0
0 0 1

  PointToIndexMatrix: 
-1 0 0
0 -1 0
0 0 1

  Inverse Direction: 
-1 0 0
0 -1 0
0 0 1

  PixelContainer: 
    ImportImageContainer (0x34c1210)
      RTTI typeinfo:   itk::ImportImageContainer<unsigned long, double>
      Reference Count: 1
      Modified Time: 1186
      Debug: Off
      Object Name: 
      Observers: 
        none
      Pointer: 0x14aa9513c010
      Container manages memory: true
      Size: 8530021
      Capacity: 8530021

     Moving image = Image (0x34be6e0)
  RTTI typeinfo:   itk::Image<double, 3u>
  Reference Count: 2
  Modified Time: 1579
  Debug: Off
  Object Name: 
  Observers: 
    none
  Source: (none)
  Source output name: (none)
  Release Data: Off
  Data Released: False
  Global Release Data: Off
  PipelineMTime: 0
  UpdateMTime: 1576
  RealTimeStamp: 0 seconds 
  LargestPossibleRegion: 
    Dimension: 3
    Index: [0, 0, 0]
    Size: [176, 256, 256]
  BufferedRegion: 
    Dimension: 3
    Index: [0, 0, 0]
    Size: [176, 256, 256]
  RequestedRegion: 
    Dimension: 3
    Index: [0, 0, 0]
    Size: [176, 256, 256]
  Spacing: [1, 1, 1]
  Origin: [-88.8452, 91.7534, -119.169]
  Direction: 
1 0 0
0 -1 0
0 0 1

  IndexToPointMatrix: 
1 0 0
0 -1 0
0 0 1

  PointToIndexMatrix: 
1 0 0
0 -1 0
0 0 1

  Inverse Direction: 
1 0 0
0 -1 0
0 0 1

  PixelContainer: 
    ImportImageContainer (0x3490970)
      RTTI typeinfo:   itk::ImportImageContainer<unsigned long, double>
      Reference Count: 1
      Modified Time: 1573
      Debug: Off
      Object Name: 
      Observers: 
        none
      Pointer: 0x14aa8f93b010
      Container manages memory: true
      Size: 11534336
      Capacity: 11534336

     Weighting = 1
     Sampling strategy = regular
     Number of bins = 32
     Radius = 4
     Sampling percentage  = 0.25
   Transform = Rigid
     Gradient step = 0.1
     Update field sigma (voxel space) = 0
     Total field sigma (voxel space) = 0
     Update field time sigma = 0
     Total field time sigma  = 0
     Number of time indices = 0
     Number of time point samples = 0
Registration using 1 total stages.

Stage 0
  iterations = 1000x500x250x100
  convergence threshold = 1e-06
  convergence window size = 10
  number of levels = 4
  using the Mattes MI metric (number of bins = 32, weight = 1, use gradient filter = 0)
  preprocessing:  winsorizing the image intensities
  Shrink factors (level 1 out of 4): [8, 8, 8]
  Shrink factors (level 2 out of 4): [4, 4, 4]
  Shrink factors (level 3 out of 4): [2, 2, 2]
  Shrink factors (level 4 out of 4): [1, 1, 1]
  smoothing sigmas per level: [3, 2, 1, 0]
  regular sampling (percentage = 0.25)

*** Running Euler3DTransform registration ***

DIAGNOSTIC,Iteration,metricValue,convergenceValue,ITERATION_TIME_INDEX,SINCE_LAST
 2DIAGNOSTIC,     1, -6.803976520348e-01, 1.797693134862e+308, 1.1435e+00, 1.1435e+00, 
 2DIAGNOSTIC,     2, -6.825010842879e-01, 1.797693134862e+308, 1.1479e+00, 4.3550e-03, 
 2DIAGNOSTIC,     3, -6.860044934418e-01, 1.797693134862e+308, 1.1520e+00, 4.1869e-03, 
 2DIAGNOSTIC,     4, -6.905879921980e-01, 1.797693134862e+308, 1.1562e+00, 4.1189e-03, 
 2DIAGNOSTIC,     5, -6.928249521133e-01, 1.797693134862e+308, 1.1603e+00, 4.1192e-03, 
 2DIAGNOSTIC,     6, -6.980916269994e-01, 1.797693134862e+308, 1.1656e+00, 5.3110e-03, 
 2DIAGNOSTIC,     7, -6.983727182044e-01, 1.797693134862e+308, 1.1698e+00, 4.1800e-03, 
 2DIAGNOSTIC,     8, -6.999908810489e-01, 1.797693134862e+308, 1.1740e+00, 4.2059e-03, 
 2DIAGNOSTIC,     9, -7.074386603381e-01, 1.797693134862e+308, 1.1802e+00, 6.2530e-03, 
 2DIAGNOSTIC,    10, -7.079051210691e-01, 2.606923554063e-03, 1.1856e+00, 5.3430e-03, 
 2DIAGNOSTIC,    11, -7.078589487450e-01, 2.220789250088e-03, 1.1909e+00, 5.2938e-03, 
 2DIAGNOSTIC,    12, -7.078303087545e-01, 1.775042802758e-03, 1.1958e+00, 4.8878e-03, 
 2DIAGNOSTIC,    13, -7.077128769376e-01, 1.343099058080e-03, 1.2006e+00, 4.8859e-03, 
 2DIAGNOSTIC,    14, -7.076979374564e-01, 9.811914744156e-04, 1.2055e+00, 4.9040e-03, 
 2DIAGNOSTIC,    15, -7.074783364785e-01, 6.292747817831e-04, 1.2104e+00, 4.8461e-03, 
 2DIAGNOSTIC,    16, -7.073956305437e-01, 3.995194823848e-04, 1.2152e+00, 4.7829e-03, 
 2DIAGNOSTIC,    17, -7.074513456777e-01, 1.697921385127e-04, 1.2200e+00, 4.8149e-03, 
DIAGNOSTIC,Iteration,metricValue,convergenceValue,ITERATION_TIME_INDEX,SINCE_LAST
 2DIAGNOSTIC,     1, -5.871584282040e-01, 1.797693134862e+308, 2.3811e+00, 1.1611e+00, 
 2DIAGNOSTIC,     2, -5.874783714127e-01, 1.797693134862e+308, 2.4146e+00, 3.3457e-02, 
 2DIAGNOSTIC,     3, -5.880215533186e-01, 1.797693134862e+308, 2.4480e+00, 3.3432e-02, 
 2DIAGNOSTIC,     4, -5.885941602452e-01, 1.797693134862e+308, 2.4814e+00, 3.3449e-02, 
 2DIAGNOSTIC,     5, -5.896809693045e-01, 1.797693134862e+308, 2.5150e+00, 3.3557e-02, 
 2DIAGNOSTIC,     6, -5.914654165631e-01, 1.797693134862e+308, 2.5490e+00, 3.4051e-02, 
 2DIAGNOSTIC,     7, -5.937425443263e-01, 1.797693134862e+308, 2.5911e+00, 4.2018e-02, 
 2DIAGNOSTIC,     8, -5.959979195792e-01, 1.797693134862e+308, 2.6286e+00, 3.7524e-02, 
 2DIAGNOSTIC,     9, -5.969497743911e-01, 1.797693134862e+308, 2.6660e+00, 3.7439e-02, 
 2DIAGNOSTIC,    10, -5.985888271612e-01, 1.348105182070e-03, 2.7120e+00, 4.5955e-02, 
 2DIAGNOSTIC,    11, -5.994070131686e-01, 1.326546477715e-03, 2.7571e+00, 4.5162e-02, 
 2DIAGNOSTIC,    12, -5.994680207459e-01, 1.203951236839e-03, 2.7945e+00, 3.7352e-02, 
 2DIAGNOSTIC,    13, -5.994512493998e-01, 1.011807233215e-03, 2.8436e+00, 4.9094e-02, 
 2DIAGNOSTIC,    14, -5.994482194548e-01, 7.756096268312e-04, 2.8812e+00, 3.7621e-02, 
 2DIAGNOSTIC,    15, -5.994421067093e-01, 5.344249209829e-04, 2.9146e+00, 3.3382e-02, 
 2DIAGNOSTIC,    16, -5.994388076036e-01, 3.267704507397e-04, 2.9519e+00, 3.7347e-02, 
 2DIAGNOSTIC,    17, -5.994433749797e-01, 1.771071477832e-04, 2.9893e+00, 3.7310e-02, 
 2DIAGNOSTIC,    18, -5.994154266508e-01, 8.725215246603e-05, 3.0227e+00, 3.3426e-02, 
 2DIAGNOSTIC,    19, -5.994125835104e-01, 2.195961357537e-05, 3.0600e+00, 3.7299e-02, 
DIAGNOSTIC,Iteration,metricValue,convergenceValue,ITERATION_TIME_INDEX,SINCE_LAST
 2DIAGNOSTIC,     1, -5.170670736499e-01, 1.797693134862e+308, 4.6776e+00, 1.6176e+00, 
 2DIAGNOSTIC,     2, -5.174097765583e-01, 1.797693134862e+308, 4.9757e+00, 2.9808e-01, 
 2DIAGNOSTIC,     3, -5.176460036164e-01, 1.797693134862e+308, 5.3512e+00, 3.7554e-01, 
 2DIAGNOSTIC,     4, -5.176553423428e-01, 1.797693134862e+308, 5.8043e+00, 4.5310e-01, 
 2DIAGNOSTIC,     5, -5.176572627176e-01, 1.797693134862e+308, 6.1800e+00, 3.7569e-01, 
 2DIAGNOSTIC,     6, -5.176528622975e-01, 1.797693134862e+308, 6.6324e+00, 4.5239e-01, 
 2DIAGNOSTIC,     7, -5.176516524803e-01, 1.797693134862e+308, 6.9690e+00, 3.3660e-01, 
 2DIAGNOSTIC,     8, -5.176504425265e-01, 1.797693134862e+308, 7.2673e+00, 2.9833e-01, 
 2DIAGNOSTIC,     9, -5.176498931312e-01, 1.797693134862e+308, 7.6041e+00, 3.3679e-01, 
 2DIAGNOSTIC,    10, -5.176454484951e-01, 4.649581847470e-05, 7.9797e+00, 3.7567e-01, 
 2DIAGNOSTIC,    11, -5.176447674487e-01, 1.423883880433e-05, 8.3169e+00, 3.3716e-01, 
 2DIAGNOSTIC,    12, -5.176440842404e-01, 1.688420701501e-06, 8.6926e+00, 3.7570e-01, 
 2DIAGNOSTIC,    13, -5.176420509371e-01, 1.033299752762e-06, 9.0296e+00, 3.3701e-01, 
DIAGNOSTIC,Iteration,metricValue,convergenceValue,ITERATION_TIME_INDEX,SINCE_LAST
 2DIAGNOSTIC,     1, -4.689104260928e-01, 1.797693134862e+308, 1.2115e+01, 3.0854e+00, 
 2DIAGNOSTIC,     2, -4.690500690626e-01, 1.797693134862e+308, 1.4173e+01, 2.0581e+00, 
 2DIAGNOSTIC,     3, -4.691497125486e-01, 1.797693134862e+308, 1.6245e+01, 2.0719e+00, 
 2DIAGNOSTIC,     4, -4.692813448708e-01, 1.797693134862e+308, 1.8303e+01, 2.0578e+00, 
 2DIAGNOSTIC,     5, -4.694521434537e-01, 1.797693134862e+308, 2.1600e+01, 3.2973e+00, 
 2DIAGNOSTIC,     6, -4.694586901797e-01, 1.797693134862e+308, 2.3923e+01, 2.3230e+00, 
 2DIAGNOSTIC,     7, -4.694669594926e-01, 1.797693134862e+308, 2.5994e+01, 2.0710e+00, 
 2DIAGNOSTIC,     8, -4.694779209710e-01, 1.797693134862e+308, 2.8061e+01, 2.0664e+00, 
 2DIAGNOSTIC,     9, -4.694885709572e-01, 1.797693134862e+308, 3.1346e+01, 3.2858e+00, 
 2DIAGNOSTIC,    10, -4.694878492096e-01, 8.061465081574e-05, 3.3905e+01, 2.5587e+00, 
 2DIAGNOSTIC,    11, -4.694871470400e-01, 5.196340175717e-05, 3.6217e+01, 2.3116e+00, 
 2DIAGNOSTIC,    12, -4.694865915974e-01, 3.078304245331e-05, 3.8531e+01, 2.3146e+00, 
 2DIAGNOSTIC,    13, -4.694871352106e-01, 1.490165923466e-05, 4.0846e+01, 2.3151e+00, 
 2DIAGNOSTIC,    14, -4.694871072202e-01, 5.636974223580e-06, 4.3153e+01, 2.3063e+00, 
 2DIAGNOSTIC,    15, -4.694874972263e-01, 4.213687276142e-06, 4.5719e+01, 2.5661e+00, 
 2DIAGNOSTIC,    16, -4.694876822579e-01, 3.034348799461e-06, 4.8268e+01, 2.5495e+00, 
 2DIAGNOSTIC,    17, -4.694874942145e-01, 2.178614496695e-06, 5.1079e+01, 2.8106e+00, 
 2DIAGNOSTIC,    18, -4.694874316928e-01, 1.745515020427e-06, 5.3631e+01, 2.5522e+00, 
 2DIAGNOSTIC,    19, -4.694873362608e-01, 1.696485228277e-06, 5.5942e+01, 2.3111e+00, 
 2DIAGNOSTIC,    20, -4.694872408003e-01, 1.626003611262e-06, 5.8003e+01, 2.0606e+00, 
 2DIAGNOSTIC,    21, -4.694871604348e-01, 1.536931763878e-06, 6.0317e+01, 2.3136e+00, 
 2DIAGNOSTIC,    22, -4.694871931315e-01, 1.439325608782e-06, 6.2387e+01, 2.0702e+00, 
 2DIAGNOSTIC,    23, -4.694870142843e-01, 1.360637021455e-06, 6.5193e+01, 2.8061e+00, 
 2DIAGNOSTIC,    24, -4.694870329294e-01, 1.290249052710e-06, 6.7522e+01, 2.3288e+00, 
 2DIAGNOSTIC,    25, -4.694869294498e-01, 1.235547009433e-06, 6.9827e+01, 2.3049e+00, 
 2DIAGNOSTIC,    26, -4.694868285714e-01, 1.190610795114e-06, 7.1887e+01, 2.0601e+00, 
 2DIAGNOSTIC,    27, -4.694867389216e-01, 1.145918850247e-06, 7.4191e+01, 2.3043e+00, 
 2DIAGNOSTIC,    28, -4.694866545269e-01, 1.104356614143e-06, 7.6286e+01, 2.0952e+00, 
 2DIAGNOSTIC,    29, -4.694865925712e-01, 1.065440848505e-06, 7.8346e+01, 2.0603e+00, 
 2DIAGNOSTIC,    30, -4.694866853515e-01, 1.032074898842e-06, 8.0895e+01, 2.5481e+00, 
 2DIAGNOSTIC,    31, -4.694867356470e-01, 1.002860531722e-06, 8.3208e+01, 2.3134e+00, 
  Elapsed time (stage 0): 8.4369e+01


Total elapsed time: 8.4371e+01
VFC_BACKENDS=libinterflop_vprec.so --range-binary32=8 --precision-binary32=14 --range-binary64=8 --precision-binary64=14
Info [verificarlo]: loaded backend libinterflop_vprec.so
Info [interflop-vprec]: load backend with: 
Info [interflop-vprec]: precision-binary32 = 14
Info [interflop-vprec]: range-binary32 = 8
Info [interflop-vprec]: precision-binary64 = 14
Info [interflop-vprec]: range-binary64 = 8
Info [interflop-vprec]: mode = ob
Info [interflop-vprec]: error-mode = rel
Info [interflop-vprec]: max-abs-error-exponent = -1022
Info [interflop-vprec]: daz = false
Info [interflop-vprec]: ftz = false
Info [interflop-vprec]: 	instrument = none
Info [interflop-vprec]: 	prec-input-file = (null)
Info [interflop-vprec]: 	prec-output-file = (null)
Info [interflop-vprec]: 	prec-log-file = (null)
All_Command_lines_OK
Using double precision for computations.
=============================================================================
The composite transform comprises the following transforms (in order): 
  1. /project/rrg-glatard/mdugre/datasets/corr/RawDataBIDS/BMB_1/derivatives/vprec-space_search/0011/r8-p14/sub-0003051/rigid_Composite.h5[0] (type = Euler3DTransform)
  2. /project/rrg-glatard/mdugre/datasets/corr/RawDataBIDS/BMB_1/derivatives/vprec-space_search/0011/r8-p14/sub-0003051/rigid_Composite.h5[1] (type = Euler3DTransform)
  3. /project/rrg-glatard/mdugre/datasets/corr/RawDataBIDS/BMB_1/derivatives/vprec-space_search/0011/r8-p14/sub-0003051/rigid_Composite.h5[2] (type = Euler3DTransform)
=============================================================================
  number of levels = 4
  fixed image: /templateflow/tpl-MNI152NLin2009cAsym/tpl-MNI152NLin2009cAsym_res-01_desc-brain_T1w.nii.gz
  moving image: /project/rrg-glatard/mdugre/datasets/corr/RawDataBIDS/BMB_1/derivatives/antsBrainExtraction/sub-0003051/BrainExtractionBrain.nii.gz
Dimension = 3
Number of stages = 1
Use histogram matching = false
Winsorize image intensities = true
  Lower quantile = 0.005
  Upper quantile = 0.995


Stage 1 State
   Image metric = MattesMI
     Fixed image = Image (0x51a0300)
  RTTI typeinfo:   itk::Image<double, 3u>
  Reference Count: 2
  Modified Time: 1592
  Debug: Off
  Object Name: 
  Observers: 
    none
  Source: (none)
  Source output name: (none)
  Release Data: Off
  Data Released: False
  Global Release Data: Off
  PipelineMTime: 0
  UpdateMTime: 1203
  RealTimeStamp: 0 seconds 
  LargestPossibleRegion: 
    Dimension: 3
    Index: [0, 0, 0]
    Size: [193, 229, 193]
  BufferedRegion: 
    Dimension: 3
    Index: [0, 0, 0]
    Size: [193, 229, 193]
  RequestedRegion: 
    Dimension: 3
    Index: [0, 0, 0]
    Size: [193, 229, 193]
  Spacing: [1, 1, 1]
  Origin: [96, 132, -78]
  Direction: 
-1 0 0
0 -1 0
0 0 1

  IndexToPointMatrix: 
-1 0 0
0 -1 0
0 0 1

  PointToIndexMatrix: 
-1 0 0
0 -1 0
0 0 1

  Inverse Direction: 
-1 0 0
0 -1 0
0 0 1

  PixelContainer: 
    ImportImageContainer (0x51ac1b0)
      RTTI typeinfo:   itk::ImportImageContainer<unsigned long, double>
      Reference Count: 1
      Modified Time: 1200
      Debug: Off
      Object Name: 
      Observers: 
        none
      Pointer: 0x14f3c2af7010
      Container manages memory: true
      Size: 8530021
      Capacity: 8530021

     Moving image = Image (0x526df60)
  RTTI typeinfo:   itk::Image<double, 3u>
  Reference Count: 2
  Modified Time: 1593
  Debug: Off
  Object Name: 
  Observers: 
    none
  Source: (none)
  Source output name: (none)
  Release Data: Off
  Data Released: False
  Global Release Data: Off
  PipelineMTime: 0
  UpdateMTime: 1590
  RealTimeStamp: 0 seconds 
  LargestPossibleRegion: 
    Dimension: 3
    Index: [0, 0, 0]
    Size: [176, 256, 256]
  BufferedRegion: 
    Dimension: 3
    Index: [0, 0, 0]
    Size: [176, 256, 256]
  RequestedRegion: 
    Dimension: 3
    Index: [0, 0, 0]
    Size: [176, 256, 256]
  Spacing: [1, 1, 1]
  Origin: [-88.8438, 91.7539, -119.168]
  Direction: 
1 0 0
0 -1 0
0 0 1

  IndexToPointMatrix: 
1 0 0
0 -1 0
0 0 1

  PointToIndexMatrix: 
1 0 0
0 -1 0
0 0 1

  Inverse Direction: 
1 0 0
0 -1 0
0 0 1

  PixelContainer: 
    ImportImageContainer (0x5221d30)
      RTTI typeinfo:   itk::ImportImageContainer<unsigned long, double>
      Reference Count: 1
      Modified Time: 1587
      Debug: Off
      Object Name: 
      Observers: 
        none
      Pointer: 0x14f3bd2f6010
      Container manages memory: true
      Size: 11534336
      Capacity: 11534336

     Weighting = 1
     Sampling strategy = regular
     Number of bins = 32
     Radius = 4
     Sampling percentage  = 0.25
   Transform = Affine
     Gradient step = 0.1
     Update field sigma (voxel space) = 0
     Total field sigma (voxel space) = 0
     Update field time sigma = 0
     Total field time sigma  = 0
     Number of time indices = 0
     Number of time point samples = 0
Registration using 1 total stages.

Stage 0
  iterations = 1000x500x250x100
  convergence threshold = 1e-06
  convergence window size = 10
  number of levels = 4
  using the Mattes MI metric (number of bins = 32, weight = 1, use gradient filter = 0)
  preprocessing:  winsorizing the image intensities
  Shrink factors (level 1 out of 4): [8, 8, 8]
  Shrink factors (level 2 out of 4): [4, 4, 4]
  Shrink factors (level 3 out of 4): [2, 2, 2]
  Shrink factors (level 4 out of 4): [1, 1, 1]
  smoothing sigmas per level: [3, 2, 1, 0]
  regular sampling (percentage = 0.25)

*** Running AffineTransform registration ***

DIAGNOSTIC,Iteration,metricValue,convergenceValue,ITERATION_TIME_INDEX,SINCE_LAST
 2DIAGNOSTIC,     1, -7.137926293933e-01, 1.797693134862e+308, 0.0000e+00, 0.0000e+00, 
 2DIAGNOSTIC,     2, -7.163670542044e-01, 1.797693134862e+308, 0.0000e+00, 0.0000e+00, 
 2DIAGNOSTIC,     3, -7.202633300267e-01, 1.797693134862e+308, 0.0000e+00, 0.0000e+00, 
 2DIAGNOSTIC,     4, -7.273084789207e-01, 1.797693134862e+308, 0.0000e+00, 0.0000e+00, 
 2DIAGNOSTIC,     5, -7.372802924213e-01, 1.797693134862e+308, 0.0000e+00, 0.0000e+00, 
 2DIAGNOSTIC,     6, -7.587274252347e-01, 1.797693134862e+308, 0.0000e+00, 0.0000e+00, 
 2DIAGNOSTIC,     7, -7.914162951561e-01, 1.797693134862e+308, 0.0000e+00, 0.0000e+00, 
 2DIAGNOSTIC,     8, -8.184512596024e-01, 1.797693134862e+308, 0.0000e+00, 0.0000e+00, 
 2DIAGNOSTIC,     9, -8.377729349161e-01, 1.797693134862e+308, 0.0000e+00, 0.0000e+00, 
 2DIAGNOSTIC,    10, -8.372697783954e-01, 1.232154401759e-02, 0.0000e+00, 0.0000e+00, 
 2DIAGNOSTIC,    11, -8.397963511394e-01, 1.159069180379e-02, 0.0000e+00, 0.0000e+00, 
 2DIAGNOSTIC,    12, -8.423311408403e-01, 1.010153197453e-02, 0.0000e+00, 0.0000e+00, 
 2DIAGNOSTIC,    13, -8.446511792840e-01, 8.112161146891e-03, 0.0000e+00, 0.0000e+00, 
 2DIAGNOSTIC,    14, -8.465020338008e-01, 5.925395800224e-03, 0.0000e+00, 0.0000e+00, 
 2DIAGNOSTIC,    15, -8.472940756719e-01, 3.773390225889e-03, 0.0000e+00, 0.0000e+00, 
 2DIAGNOSTIC,    16, -8.477166486447e-01, 2.045027309496e-03, 0.0000e+00, 0.0000e+00, 
 2DIAGNOSTIC,    17, -8.478476736846e-01, 1.020081463943e-03, 0.0000e+00, 0.0000e+00, 
 2DIAGNOSTIC,    18, -8.479112885377e-01, 5.448557072438e-04, 0.0000e+00, 0.0000e+00, 
 2DIAGNOSTIC,    19, -8.479114999912e-01, 4.327729900785e-04, 0.0000e+00, 0.0000e+00, 
 2DIAGNOSTIC,    20, -8.479213454452e-01, 2.834213196945e-04, 0.0000e+00, 0.0000e+00, 
 2DIAGNOSTIC,    21, -8.478992211787e-01, 1.643475132387e-04, 0.0000e+00, 0.0000e+00, 
 2DIAGNOSTIC,    22, -8.479152510654e-01, 8.157781544527e-05, 0.0000e+00, 0.0000e+00, 
 2DIAGNOSTIC,    23, -8.479325907684e-01, 3.384774123538e-05, 0.0000e+00, 0.0000e+00, 
 2DIAGNOSTIC,    24, -8.479799221328e-01, 1.463546904231e-05, 0.0000e+00, 0.0000e+00, 
 2DIAGNOSTIC,    25, -8.479791316720e-01, 6.670424352394e-06, 0.0000e+00, 0.0000e+00, 
 2DIAGNOSTIC,    26, -8.479800215180e-01, 4.480514833968e-06, 0.0000e+00, 0.0000e+00, 
 2DIAGNOSTIC,    27, -8.479764746794e-01, 3.774608653292e-06, 0.0000e+00, 0.0000e+00, 
 2DIAGNOSTIC,    28, -8.479764746893e-01, 3.651753706160e-06, 0.0000e+00, 0.0000e+00, 
 2DIAGNOSTIC,    29, -8.479766078837e-01, 3.284837143271e-06, 0.0000e+00, 0.0000e+00, 
 2DIAGNOSTIC,    30, -8.479766522536e-01, 2.855474936538e-06, 0.0000e+00, 0.0000e+00, 
 2DIAGNOSTIC,    31, -8.479766798923e-01, 2.038542823109e-06, 0.0000e+00, 0.0000e+00, 
 2DIAGNOSTIC,    32, -8.479766798923e-01, 1.347602642858e-06, 0.0000e+00, 0.0000e+00, 
DIAGNOSTIC,Iteration,metricValue,convergenceValue,ITERATION_TIME_INDEX,SINCE_LAST
 2DIAGNOSTIC,     1, -7.239761084129e-01, 1.797693134862e+308, 0.0000e+00, 0.0000e+00, 
 2DIAGNOSTIC,     2, -7.247582130916e-01, 1.797693134862e+308, 0.0000e+00, 0.0000e+00, 
 2DIAGNOSTIC,     3, -7.256043484530e-01, 1.797693134862e+308, 0.0000e+00, 0.0000e+00, 
 2DIAGNOSTIC,     4, -7.263560394992e-01, 1.797693134862e+308, 0.0000e+00, 0.0000e+00, 
 2DIAGNOSTIC,     5, -7.269901529535e-01, 1.797693134862e+308, 0.0000e+00, 0.0000e+00, 
 2DIAGNOSTIC,     6, -7.272584013689e-01, 1.797693134862e+308, 0.0000e+00, 0.0000e+00, 
 2DIAGNOSTIC,     7, -7.272715540841e-01, 1.797693134862e+308, 0.0000e+00, 0.0000e+00, 
 2DIAGNOSTIC,     8, -7.272891342331e-01, 1.797693134862e+308, 0.0000e+00, 0.0000e+00, 
 2DIAGNOSTIC,     9, -7.272843557691e-01, 1.797693134862e+308, 0.0000e+00, 0.0000e+00, 
 2DIAGNOSTIC,    10, -7.272732724969e-01, 2.829971140348e-04, 0.0000e+00, 0.0000e+00, 
 2DIAGNOSTIC,    11, -7.272848279794e-01, 1.725796831499e-04, 0.0000e+00, 0.0000e+00, 
 2DIAGNOSTIC,    12, -7.273056165894e-01, 9.130240015405e-05, 0.0000e+00, 0.0000e+00, 
 2DIAGNOSTIC,    13, -7.273229461989e-01, 4.018125003970e-05, 0.0000e+00, 0.0000e+00, 
 2DIAGNOSTIC,    14, -7.273156061235e-01, 1.330705860704e-05, 0.0000e+00, 0.0000e+00, 
 2DIAGNOSTIC,    15, -7.273069896345e-01, 5.137779610406e-06, 0.0000e+00, 0.0000e+00, 
 2DIAGNOSTIC,    16, -7.273223883895e-01, 4.629409039322e-06, 0.0000e+00, 0.0000e+00, 
 2DIAGNOSTIC,    17, -7.273362884101e-01, 4.501522003174e-06, 0.0000e+00, 0.0000e+00, 
 2DIAGNOSTIC,    18, -7.273367795808e-01, 4.511796167672e-06, 0.0000e+00, 0.0000e+00, 
 2DIAGNOSTIC,    19, -7.273058087103e-01, 3.543569917185e-06, 0.0000e+00, 0.0000e+00, 
 2DIAGNOSTIC,    20, -7.273049866512e-01, 2.280538069527e-06, 0.0000e+00, 0.0000e+00, 
 2DIAGNOSTIC,    21, -7.273047793085e-01, 1.251232643266e-06, 0.0000e+00, 0.0000e+00, 
DIAGNOSTIC,Iteration,metricValue,convergenceValue,ITERATION_TIME_INDEX,SINCE_LAST
 2DIAGNOSTIC,     1, -6.148129012770e-01, 1.797693134862e+308, 0.0000e+00, 0.0000e+00, 
 2DIAGNOSTIC,     2, -6.154740126792e-01, 1.797693134862e+308, 0.0000e+00, 0.0000e+00, 
 2DIAGNOSTIC,     3, -6.159363733808e-01, 1.797693134862e+308, 0.0000e+00, 0.0000e+00, 
 2DIAGNOSTIC,     4, -6.160945498816e-01, 1.797693134862e+308, 0.0000e+00, 0.0000e+00, 
 2DIAGNOSTIC,     5, -6.165519028469e-01, 1.797693134862e+308, 0.0000e+00, 0.0000e+00, 
 2DIAGNOSTIC,     6, -6.165399132332e-01, 1.797693134862e+308, 0.0000e+00, 0.0000e+00, 
 2DIAGNOSTIC,     7, -6.165386348531e-01, 1.797693134862e+308, 0.0000e+00, 0.0000e+00, 
 2DIAGNOSTIC,     8, -6.165415617862e-01, 1.797693134862e+308, 0.0000e+00, 0.0000e+00, 
 2DIAGNOSTIC,     9, -6.165344306990e-01, 1.797693134862e+308, 0.0000e+00, 0.0000e+00, 
 2DIAGNOSTIC,    10, -6.165252388575e-01, 1.536939286896e-04, 0.0000e+00, 0.0000e+00, 
 2DIAGNOSTIC,    11, -6.165302052962e-01, 8.124345185741e-05, 0.0000e+00, 0.0000e+00, 
 2DIAGNOSTIC,    12, -6.165266189926e-01, 3.893749263177e-05, 0.0000e+00, 0.0000e+00, 
 2DIAGNOSTIC,    13, -6.165293210423e-01, 1.637321382719e-05, 0.0000e+00, 0.0000e+00, 
DIAGNOSTIC,Iteration,metricValue,convergenceValue,ITERATION_TIME_INDEX,SINCE_LAST
 2DIAGNOSTIC,     1, -5.483512897160e-01, 1.797693134862e+308, 0.0000e+00, 0.0000e+00, 
 2DIAGNOSTIC,     2, -5.487303352872e-01, 1.797693134862e+308, 0.0000e+00, 0.0000e+00, 
 2DIAGNOSTIC,     3, -5.492255236090e-01, 1.797693134862e+308, 0.0000e+00, 0.0000e+00, 
 2DIAGNOSTIC,     4, -5.498718296136e-01, 1.797693134862e+308, 0.0000e+00, 0.0000e+00, 
 2DIAGNOSTIC,     5, -5.503721306910e-01, 1.797693134862e+308, 0.0000e+00, 0.0000e+00, 
 2DIAGNOSTIC,     6, -5.506638902307e-01, 1.797693134862e+308, 0.0000e+00, 0.0000e+00, 
 2DIAGNOSTIC,     7, -5.507394789816e-01, 1.797693134862e+308, 0.0000e+00, 0.0000e+00, 
 2DIAGNOSTIC,     8, -5.507489935211e-01, 1.797693134862e+308, 0.0000e+00, 0.0000e+00, 
 2DIAGNOSTIC,     9, -5.507532503185e-01, 1.797693134862e+308, 0.0000e+00, 0.0000e+00, 
 2DIAGNOSTIC,    10, -5.507674600245e-01, 2.977711768481e-04, 0.0000e+00, 0.0000e+00, 
 2DIAGNOSTIC,    11, -5.507749170452e-01, 1.998655357931e-04, 0.0000e+00, 0.0000e+00, 
 2DIAGNOSTIC,    12, -5.507837348380e-01, 1.172849937452e-04, 0.0000e+00, 0.0000e+00, 
 2DIAGNOSTIC,    13, -5.508007463099e-01, 5.708197376740e-05, 0.0000e+00, 0.0000e+00, 
 2DIAGNOSTIC,    14, -5.508144939168e-01, 2.448995361326e-05, 0.0000e+00, 0.0000e+00, 
 2DIAGNOSTIC,    15, -5.508154854896e-01, 1.119999921045e-05, 0.0000e+00, 0.0000e+00, 
 2DIAGNOSTIC,    16, -5.508236998286e-01, 8.348934344385e-06, 0.0000e+00, 0.0000e+00, 
 2DIAGNOSTIC,    17, -5.508219731826e-01, 7.469277771080e-06, 0.0000e+00, 0.0000e+00, 
 2DIAGNOSTIC,    18, -5.508182231884e-01, 6.319933651883e-06, 0.0000e+00, 0.0000e+00, 
 2DIAGNOSTIC,    19, -5.508252063070e-01, 5.154442632056e-06, 0.0000e+00, 0.0000e+00, 
 2DIAGNOSTIC,    20, -5.508363669673e-01, 4.418704840414e-06, 0.0000e+00, 0.0000e+00, 
 2DIAGNOSTIC,    21, -5.508526855782e-01, 4.055285119632e-06, 0.0000e+00, 0.0000e+00, 
 2DIAGNOSTIC,    22, -5.508823076584e-01, 4.365761133572e-06, 0.0000e+00, 0.0000e+00, 
 2DIAGNOSTIC,    23, -5.509116531652e-01, 5.389957675656e-06, 0.0000e+00, 0.0000e+00, 
 2DIAGNOSTIC,    24, -5.509888849166e-01, 7.892245015920e-06, 0.0000e+00, 0.0000e+00, 
 2DIAGNOSTIC,    25, -5.510507297335e-01, 1.082385251615e-05, 0.0000e+00, 0.0000e+00, 
 2DIAGNOSTIC,    26, -5.511547555317e-01, 1.483631355983e-05, 0.0000e+00, 0.0000e+00, 
 2DIAGNOSTIC,    27, -5.511552702687e-01, 1.721181101849e-05, 0.0000e+00, 0.0000e+00, 
 2DIAGNOSTIC,    28, -5.511572059913e-01, 1.789083817701e-05, 0.0000e+00, 0.0000e+00, 
 2DIAGNOSTIC,    29, -5.511567073300e-01, 1.705342224428e-05, 0.0000e+00, 0.0000e+00, 
 2DIAGNOSTIC,    30, -5.511475775674e-01, 1.476673909518e-05, 0.0000e+00, 0.0000e+00, 
 2DIAGNOSTIC,    31, -5.511432483371e-01, 1.150582271166e-05, 0.0000e+00, 0.0000e+00, 
 2DIAGNOSTIC,    32, -5.511342669761e-01, 7.791749335802e-06, 0.0000e+00, 0.0000e+00, 
 2DIAGNOSTIC,    33, -5.511400277637e-01, 4.203154058968e-06, 0.0000e+00, 0.0000e+00, 
 2DIAGNOSTIC,    34, -5.511384072037e-01, 1.645829451453e-06, 0.0000e+00, 0.0000e+00, 
  Elapsed time (stage 0): 0.0000e+00


Total elapsed time: 0.0000e+00
VFC_BACKENDS=libinterflop_vprec.so --range-binary32=8 --precision-binary32=14 --range-binary64=8 --precision-binary64=14
Info [verificarlo]: loaded backend libinterflop_vprec.so
Info [interflop-vprec]: load backend with: 
Info [interflop-vprec]: precision-binary32 = 14
Info [interflop-vprec]: range-binary32 = 8
Info [interflop-vprec]: precision-binary64 = 14
Info [interflop-vprec]: range-binary64 = 8
Info [interflop-vprec]: mode = ob
Info [interflop-vprec]: error-mode = rel
Info [interflop-vprec]: max-abs-error-exponent = -1022
Info [interflop-vprec]: daz = false
Info [interflop-vprec]: ftz = false
Info [interflop-vprec]: 	instrument = none
Info [interflop-vprec]: 	prec-input-file = (null)
Info [interflop-vprec]: 	prec-output-file = (null)
Info [interflop-vprec]: 	prec-log-file = (null)
All_Command_lines_OK
Using double precision for computations.
=============================================================================
The composite transform comprises the following transforms (in order): 
  1. /project/rrg-glatard/mdugre/datasets/corr/RawDataBIDS/BMB_1/derivatives/vprec-space_search/0011/r8-p14/sub-0003051/affine_Composite.h5[0] (type = Euler3DTransform)
  2. /project/rrg-glatard/mdugre/datasets/corr/RawDataBIDS/BMB_1/derivatives/vprec-space_search/0011/r8-p14/sub-0003051/affine_Composite.h5[1] (type = Euler3DTransform)
  3. /project/rrg-glatard/mdugre/datasets/corr/RawDataBIDS/BMB_1/derivatives/vprec-space_search/0011/r8-p14/sub-0003051/affine_Composite.h5[2] (type = Euler3DTransform)
  4. /project/rrg-glatard/mdugre/datasets/corr/RawDataBIDS/BMB_1/derivatives/vprec-space_search/0011/r8-p14/sub-0003051/affine_Composite.h5[3] (type = AffineTransform)
=============================================================================
  number of levels = 4
  fixed image: /templateflow/tpl-MNI152NLin2009cAsym/tpl-MNI152NLin2009cAsym_res-01_desc-brain_T1w.nii.gz
  moving image: /project/rrg-glatard/mdugre/datasets/corr/RawDataBIDS/BMB_1/derivatives/antsBrainExtraction/sub-0003051/BrainExtractionBrain.nii.gz
Dimension = 3
Number of stages = 1
Use histogram matching = false
Winsorize image intensities = true
  Lower quantile = 0.005
  Upper quantile = 0.995


Stage 1 State
   Image metric = CC
     Fixed image = Image (0x38da4c0)
  RTTI typeinfo:   itk::Image<double, 3u>
  Reference Count: 2
  Modified Time: 1606
  Debug: Off
  Object Name: 
  Observers: 
    none
  Source: (none)
  Source output name: (none)
  Release Data: Off
  Data Released: False
  Global Release Data: Off
  PipelineMTime: 0
  UpdateMTime: 1217
  RealTimeStamp: 0 seconds 
  LargestPossibleRegion: 
    Dimension: 3
    Index: [0, 0, 0]
    Size: [193, 229, 193]
  BufferedRegion: 
    Dimension: 3
    Index: [0, 0, 0]
    Size: [193, 229, 193]
  RequestedRegion: 
    Dimension: 3
    Index: [0, 0, 0]
    Size: [193, 229, 193]
  Spacing: [1, 1, 1]
  Origin: [96, 132, -78]
  Direction: 
-1 0 0
0 -1 0
0 0 1

  IndexToPointMatrix: 
-1 0 0
0 -1 0
0 0 1

  PointToIndexMatrix: 
-1 0 0
0 -1 0
0 0 1

  Inverse Direction: 
-1 0 0
0 -1 0
0 0 1

  PixelContainer: 
    ImportImageContainer (0x39a9b10)
      RTTI typeinfo:   itk::ImportImageContainer<unsigned long, double>
      Reference Count: 1
      Modified Time: 1214
      Debug: Off
      Object Name: 
      Observers: 
        none
      Pointer: 0x1494440ef010
      Container manages memory: true
      Size: 8530021
      Capacity: 8530021

     Moving image = Image (0x39950b0)
  RTTI typeinfo:   itk::Image<double, 3u>
  Reference Count: 2
  Modified Time: 1607
  Debug: Off
  Object Name: 
  Observers: 
    none
  Source: (none)
  Source output name: (none)
  Release Data: Off
  Data Released: False
  Global Release Data: Off
  PipelineMTime: 0
  UpdateMTime: 1604
  RealTimeStamp: 0 seconds 
  LargestPossibleRegion: 
    Dimension: 3
    Index: [0, 0, 0]
    Size: [176, 256, 256]
  BufferedRegion: 
    Dimension: 3
    Index: [0, 0, 0]
    Size: [176, 256, 256]
  RequestedRegion: 
    Dimension: 3
    Index: [0, 0, 0]
    Size: [176, 256, 256]
  Spacing: [1, 1, 1]
  Origin: [-88.8438, 91.7539, -119.168]
  Direction: 
1 0 0
0 -1 0
0 0 1

  IndexToPointMatrix: 
1 0 0
0 -1 0
0 0 1

  PointToIndexMatrix: 
1 0 0
0 -1 0
0 0 1

  Inverse Direction: 
1 0 0
0 -1 0
0 0 1

  PixelContainer: 
    ImportImageContainer (0x3995370)
      RTTI typeinfo:   itk::ImportImageContainer<unsigned long, double>
      Reference Count: 1
      Modified Time: 1601
      Debug: Off
      Object Name: 
      Observers: 
        none
      Pointer: 0x14943e8ee010
      Container manages memory: true
      Size: 11534336
      Capacity: 11534336

     Weighting = 1
     Sampling strategy = none
     Number of bins = 32
     Radius = 4
     Sampling percentage  = 1
   Transform = SyN
     Gradient step = 0.1
     Update field sigma (voxel space) = 3
     Total field sigma (voxel space) = 0
     Update field time sigma = 0
     Total field time sigma  = 0
     Number of time indices = 0
     Number of time point samples = 0
Registration using 1 total stages.

Stage 0
  iterations = 100x70x50x20
  convergence threshold = 1e-06
  convergence window size = 10
  number of levels = 4
  using the CC metric (radius = 4, weight = 1, use gradient filter = 0)
  preprocessing:  winsorizing the image intensities
  Shrink factors (level 1 out of 4): [8, 8, 8]
  Shrink factors (level 2 out of 4): [4, 4, 4]
  Shrink factors (level 3 out of 4): [2, 2, 2]
  Shrink factors (level 4 out of 4): [1, 1, 1]
  smoothing sigmas per level: [3, 2, 1, 0]
  Using default NONE metricSamplingStrategy 

*** Running SyN registration (varianceForUpdateField = 3, varianceForTotalField = 0) ***

XXDIAGNOSTIC,Iteration,metricValue,convergenceValue,ITERATION_TIME_INDEX,SINCE_LAST
 1DIAGNOSTIC,     1, -9.295043945312e-01, 1.797693134862e+308, 0.0000e+00, 0.0000e+00, 
 1DIAGNOSTIC,     2, -9.402465820312e-01, 1.797693134862e+308, 0.0000e+00, 0.0000e+00, 
 1DIAGNOSTIC,     3, -9.493713378906e-01, 1.797693134862e+308, 0.0000e+00, 0.0000e+00, 
 1DIAGNOSTIC,     4, -9.548950195312e-01, 1.797693134862e+308, 0.0000e+00, 0.0000e+00, 
 1DIAGNOSTIC,     5, -9.588012695312e-01, 1.797693134862e+308, 0.0000e+00, 0.0000e+00, 
 1DIAGNOSTIC,     6, -9.622192382812e-01, 1.797693134862e+308, 0.0000e+00, 0.0000e+00, 
 1DIAGNOSTIC,     7, -9.646911621094e-01, 1.797693134862e+308, 0.0000e+00, 0.0000e+00, 
 1DIAGNOSTIC,     8, -9.666442871094e-01, 1.797693134862e+308, 0.0000e+00, 0.0000e+00, 
 1DIAGNOSTIC,     9, -9.686279296875e-01, 1.797693134862e+308, 0.0000e+00, 0.0000e+00, 
 1DIAGNOSTIC,    10, -9.700317382812e-01, 2.456873647377e-03, 0.0000e+00, 0.0000e+00, 
 1DIAGNOSTIC,    11, -9.710693359375e-01, 1.690857784569e-03, 0.0000e+00, 0.0000e+00, 
 1DIAGNOSTIC,    12, -9.714965820312e-01, 1.174469371099e-03, 0.0000e+00, 0.0000e+00, 
 1DIAGNOSTIC,    13, -9.718322753906e-01, 8.463363651560e-04, 0.0000e+00, 0.0000e+00, 
 1DIAGNOSTIC,    14, -9.720764160156e-01, 6.095225109700e-04, 0.0000e+00, 0.0000e+00, 
 1DIAGNOSTIC,    15, -9.722595214844e-01, 4.284644027777e-04, 0.0000e+00, 0.0000e+00, 
 1DIAGNOSTIC,    16, -9.724121093750e-01, 2.964317158518e-04, 0.0000e+00, 0.0000e+00, 
 1DIAGNOSTIC,    17, -9.725036621094e-01, 1.971485952836e-04, 0.0000e+00, 0.0000e+00, 
 1DIAGNOSTIC,    18, -9.726257324219e-01, 1.244927184648e-04, 0.0000e+00, 0.0000e+00, 
 1DIAGNOSTIC,    19, -9.726562500000e-01, 7.901695846613e-05, 0.0000e+00, 0.0000e+00, 
 1DIAGNOSTIC,    20, -9.727478027344e-01, 5.264935081496e-05, 0.0000e+00, 0.0000e+00, 
 1DIAGNOSTIC,    21, -9.727783203125e-01, 3.891839292609e-05, 0.0000e+00, 0.0000e+00, 
 1DIAGNOSTIC,    22, -9.728393554688e-01, 2.940523076051e-05, 0.0000e+00, 0.0000e+00, 
 1DIAGNOSTIC,    23, -9.728393554688e-01, 2.233640011891e-05, 0.0000e+00, 0.0000e+00, 
 1DIAGNOSTIC,    24, -9.729003906250e-01, 1.760464644446e-05, 0.0000e+00, 0.0000e+00, 
 1DIAGNOSTIC,    25, -9.729003906250e-01, 1.382610838448e-05, 0.0000e+00, 0.0000e+00, 
 1DIAGNOSTIC,    26, -9.728698730469e-01, 1.051981684175e-05, 0.0000e+00, 0.0000e+00, 
 1DIAGNOSTIC,    27, -9.728698730469e-01, 7.562546916404e-06, 0.0000e+00, 0.0000e+00, 
 1DIAGNOSTIC,    28, -9.729003906250e-01, 5.807900911370e-06, 0.0000e+00, 0.0000e+00, 
 1DIAGNOSTIC,    29, -9.728698730469e-01, 3.688201428431e-06, 0.0000e+00, 0.0000e+00, 
 1DIAGNOSTIC,    30, -9.729003906250e-01, 2.662702502848e-06, 0.0000e+00, 0.0000e+00, 
 1DIAGNOSTIC,    31, -9.729003906250e-01, 1.823907603914e-06, 0.0000e+00, 0.0000e+00, 
 1DIAGNOSTIC,    32, -9.728393554688e-01, 9.599807803476e-07, 0.0000e+00, 0.0000e+00, 
XXDIAGNOSTIC,Iteration,metricValue,convergenceValue,ITERATION_TIME_INDEX,SINCE_LAST
 1DIAGNOSTIC,     1, -9.145812988281e-01, 1.797693134862e+308, 0.0000e+00, 0.0000e+00, 
 1DIAGNOSTIC,     2, -9.183959960938e-01, 1.797693134862e+308, 0.0000e+00, 0.0000e+00, 
 1DIAGNOSTIC,     3, -9.216613769531e-01, 1.797693134862e+308, 0.0000e+00, 0.0000e+00, 
 1DIAGNOSTIC,     4, -9.245605468750e-01, 1.797693134862e+308, 0.0000e+00, 0.0000e+00, 
 1DIAGNOSTIC,     5, -9.269714355469e-01, 1.797693134862e+308, 0.0000e+00, 0.0000e+00, 
 1DIAGNOSTIC,     6, -9.288635253906e-01, 1.797693134862e+308, 0.0000e+00, 0.0000e+00, 
 1DIAGNOSTIC,     7, -9.305725097656e-01, 1.797693134862e+308, 0.0000e+00, 0.0000e+00, 
 1DIAGNOSTIC,     8, -9.321289062500e-01, 1.797693134862e+308, 0.0000e+00, 0.0000e+00, 
 1DIAGNOSTIC,     9, -9.335937500000e-01, 1.797693134862e+308, 0.0000e+00, 0.0000e+00, 
 1DIAGNOSTIC,    10, -9.349975585938e-01, 1.357417847707e-03, 0.0000e+00, 0.0000e+00, 
 1DIAGNOSTIC,    11, -9.363098144531e-01, 1.077829860790e-03, 0.0000e+00, 0.0000e+00, 
 1DIAGNOSTIC,    12, -9.374389648438e-01, 8.734933996619e-04, 0.0000e+00, 0.0000e+00, 
 1DIAGNOSTIC,    13, -9.384460449219e-01, 7.214744179597e-04, 0.0000e+00, 0.0000e+00, 
 1DIAGNOSTIC,    14, -9.392700195312e-01, 6.062979245197e-04, 0.0000e+00, 0.0000e+00, 
 1DIAGNOSTIC,    15, -9.400024414062e-01, 5.147600982285e-04, 0.0000e+00, 0.0000e+00, 
 1DIAGNOSTIC,    16, -9.405517578125e-01, 4.337159192874e-04, 0.0000e+00, 0.0000e+00, 
 1DIAGNOSTIC,    17, -9.410095214844e-01, 3.609762022598e-04, 0.0000e+00, 0.0000e+00, 
 1DIAGNOSTIC,    18, -9.414672851562e-01, 2.969491517962e-04, 0.0000e+00, 0.0000e+00, 
 1DIAGNOSTIC,    19, -9.416809082031e-01, 2.388849239836e-04, 0.0000e+00, 0.0000e+00, 
 1DIAGNOSTIC,    20, -9.421081542969e-01, 1.922359435011e-04, 0.0000e+00, 0.0000e+00, 
 1DIAGNOSTIC,    21, -9.423217773438e-01, 1.540938732153e-04, 0.0000e+00, 0.0000e+00, 
 1DIAGNOSTIC,    22, -9.425354003906e-01, 1.235478374993e-04, 0.0000e+00, 0.0000e+00, 
 1DIAGNOSTIC,    23, -9.427795410156e-01, 1.006285173154e-04, 0.0000e+00, 0.0000e+00, 
 1DIAGNOSTIC,    24, -9.430236816406e-01, 8.366844519474e-05, 0.0000e+00, 0.0000e+00, 
 1DIAGNOSTIC,    25, -9.432678222656e-01, 7.206121354325e-05, 0.0000e+00, 0.0000e+00, 
 1DIAGNOSTIC,    26, -9.434509277344e-01, 6.312819061931e-05, 0.0000e+00, 0.0000e+00, 
 1DIAGNOSTIC,    27, -9.436340332031e-01, 5.615157945203e-05, 0.0000e+00, 0.0000e+00, 
 1DIAGNOSTIC,    28, -9.437561035156e-01, 5.074658272652e-05, 0.0000e+00, 0.0000e+00, 
 1DIAGNOSTIC,    29, -9.438781738281e-01, 4.442896571626e-05, 0.0000e+00, 0.0000e+00, 
 1DIAGNOSTIC,    30, -9.439697265625e-01, 3.963540077649e-05, 0.0000e+00, 0.0000e+00, 
 1DIAGNOSTIC,    31, -9.440917968750e-01, 3.475015173286e-05, 0.0000e+00, 0.0000e+00, 
 1DIAGNOSTIC,    32, -9.441833496094e-01, 2.981778699119e-05, 0.0000e+00, 0.0000e+00, 
 1DIAGNOSTIC,    33, -9.442749023438e-01, 2.549418992849e-05, 0.0000e+00, 0.0000e+00, 
 1DIAGNOSTIC,    34, -9.443359375000e-01, 2.177487306382e-05, 0.0000e+00, 0.0000e+00, 
 1DIAGNOSTIC,    35, -9.443969726562e-01, 1.890252483156e-05, 0.0000e+00, 0.0000e+00, 
 1DIAGNOSTIC,    36, -9.444580078125e-01, 1.649415693208e-05, 0.0000e+00, 0.0000e+00, 
 1DIAGNOSTIC,    37, -9.445495605469e-01, 1.495009236018e-05, 0.0000e+00, 0.0000e+00, 
 1DIAGNOSTIC,    38, -9.446105957031e-01, 1.357202821734e-05, 0.0000e+00, 0.0000e+00, 
 1DIAGNOSTIC,    39, -9.446716308594e-01, 1.246010604673e-05, 0.0000e+00, 0.0000e+00, 
 1DIAGNOSTIC,    40, -9.447021484375e-01, 1.119724982993e-05, 0.0000e+00, 0.0000e+00, 
 1DIAGNOSTIC,    41, -9.447631835938e-01, 1.034058678525e-05, 0.0000e+00, 0.0000e+00, 
 1DIAGNOSTIC,    42, -9.448242187500e-01, 9.682041570248e-06, 0.0000e+00, 0.0000e+00, 
 1DIAGNOSTIC,    43, -9.448852539062e-01, 9.255004572134e-06, 0.0000e+00, 0.0000e+00, 
 1DIAGNOSTIC,    44, -9.449462890625e-01, 8.861282489218e-06, 0.0000e+00, 0.0000e+00, 
 1DIAGNOSTIC,    45, -9.450378417969e-01, 8.723062246828e-06, 0.0000e+00, 0.0000e+00, 
 1DIAGNOSTIC,    46, -9.450683593750e-01, 8.399891203121e-06, 0.0000e+00, 0.0000e+00, 
 1DIAGNOSTIC,    47, -9.451599121094e-01, 8.520874241313e-06, 0.0000e+00, 0.0000e+00, 
 1DIAGNOSTIC,    48, -9.452209472656e-01, 8.632995752537e-06, 0.0000e+00, 0.0000e+00, 
 1DIAGNOSTIC,    49, -9.452819824219e-01, 8.719700207958e-06, 0.0000e+00, 0.0000e+00, 
 1DIAGNOSTIC,    50, -9.453430175781e-01, 8.569441791388e-06, 0.0000e+00, 0.0000e+00, 
 1DIAGNOSTIC,    51, -9.453735351562e-01, 8.194935507914e-06, 0.0000e+00, 0.0000e+00, 
 1DIAGNOSTIC,    52, -9.453430175781e-01, 7.278067172749e-06, 0.0000e+00, 0.0000e+00, 
 1DIAGNOSTIC,    53, -9.452819824219e-01, 5.754320391529e-06, 0.0000e+00, 0.0000e+00, 
 1DIAGNOSTIC,    54, -9.452209472656e-01, 3.785788645180e-06, 0.0000e+00, 0.0000e+00, 
 1DIAGNOSTIC,    55, -9.452209472656e-01, 2.082778053802e-06, 0.0000e+00, 0.0000e+00, 
 1DIAGNOSTIC,    56, -9.451904296875e-01, 2.743266185566e-07, 0.0000e+00, 0.0000e+00, 
XXDIAGNOSTIC,Iteration,metricValue,convergenceValue,ITERATION_TIME_INDEX,SINCE_LAST
 1DIAGNOSTIC,     1, -8.954162597656e-01, 1.797693134862e+308, 0.0000e+00, 0.0000e+00, 
 1DIAGNOSTIC,     2, -8.961181640625e-01, 1.797693134862e+308, 0.0000e+00, 0.0000e+00, 
 1DIAGNOSTIC,     3, -8.975219726562e-01, 1.797693134862e+308, 0.0000e+00, 0.0000e+00, 
 1DIAGNOSTIC,     4, -8.988037109375e-01, 1.797693134862e+308, 0.0000e+00, 0.0000e+00, 
 1DIAGNOSTIC,     5, -9.000244140625e-01, 1.797693134862e+308, 0.0000e+00, 0.0000e+00, 
 1DIAGNOSTIC,     6, -9.011535644531e-01, 1.797693134862e+308, 0.0000e+00, 0.0000e+00, 
 1DIAGNOSTIC,     7, -9.022827148438e-01, 1.797693134862e+308, 0.0000e+00, 0.0000e+00, 
 1DIAGNOSTIC,     8, -9.033813476562e-01, 1.797693134862e+308, 0.0000e+00, 0.0000e+00, 
 1DIAGNOSTIC,     9, -9.044799804688e-01, 1.797693134862e+308, 0.0000e+00, 0.0000e+00, 
 1DIAGNOSTIC,    10, -9.054870605469e-01, 7.383319039168e-04, 0.0000e+00, 0.0000e+00, 
 1DIAGNOSTIC,    11, -9.066772460938e-01, 6.695366769622e-04, 0.0000e+00, 0.0000e+00, 
 1DIAGNOSTIC,    12, -9.077148437500e-01, 5.971969306240e-04, 0.0000e+00, 0.0000e+00, 
 1DIAGNOSTIC,    13, -9.089050292969e-01, 5.444809626372e-04, 0.0000e+00, 0.0000e+00, 
 1DIAGNOSTIC,    14, -9.102478027344e-01, 5.083866000929e-04, 0.0000e+00, 0.0000e+00, 
 1DIAGNOSTIC,    15, -9.114379882812e-01, 4.807722109917e-04, 0.0000e+00, 0.0000e+00, 
 1DIAGNOSTIC,    16, -9.127807617188e-01, 4.607538794151e-04, 0.0000e+00, 0.0000e+00, 
 1DIAGNOSTIC,    17, -9.139709472656e-01, 4.431625090418e-04, 0.0000e+00, 0.0000e+00, 
 1DIAGNOSTIC,    18, -9.150695800781e-01, 4.246150705313e-04, 0.0000e+00, 0.0000e+00, 
 1DIAGNOSTIC,    19, -9.162292480469e-01, 4.057372377568e-04, 0.0000e+00, 0.0000e+00, 
 1DIAGNOSTIC,    20, -9.171447753906e-01, 3.808441826282e-04, 0.0000e+00, 0.0000e+00, 
 1DIAGNOSTIC,    21, -9.179687500000e-01, 3.527847749889e-04, 0.0000e+00, 0.0000e+00, 
 1DIAGNOSTIC,    22, -9.187316894531e-01, 3.198354162751e-04, 0.0000e+00, 0.0000e+00, 
 1DIAGNOSTIC,    23, -9.196166992188e-01, 2.878742221625e-04, 0.0000e+00, 0.0000e+00, 
 1DIAGNOSTIC,    24, -9.204406738281e-01, 2.596262688247e-04, 0.0000e+00, 0.0000e+00, 
 1DIAGNOSTIC,    25, -9.211730957031e-01, 2.330854301771e-04, 0.0000e+00, 0.0000e+00, 
 1DIAGNOSTIC,    26, -9.216918945312e-01, 2.089588146939e-04, 0.0000e+00, 0.0000e+00, 
 1DIAGNOSTIC,    27, -9.222106933594e-01, 1.866767759444e-04, 0.0000e+00, 0.0000e+00, 
 1DIAGNOSTIC,    28, -9.226684570312e-01, 1.655686014407e-04, 0.0000e+00, 0.0000e+00, 
 1DIAGNOSTIC,    29, -9.231262207031e-01, 1.475677808178e-04, 0.0000e+00, 0.0000e+00, 
 1DIAGNOSTIC,    30, -9.235534667969e-01, 1.307188738671e-04, 0.0000e+00, 0.0000e+00, 
 1DIAGNOSTIC,    31, -9.239196777344e-01, 1.145587048088e-04, 0.0000e+00, 0.0000e+00, 
 1DIAGNOSTIC,    32, -9.242553710938e-01, 9.922459734657e-05, 0.0000e+00, 0.0000e+00, 
 1DIAGNOSTIC,    33, -9.245605468750e-01, 8.659473981192e-05, 0.0000e+00, 0.0000e+00, 
 1DIAGNOSTIC,    34, -9.248352050781e-01, 7.649803328325e-05, 0.0000e+00, 0.0000e+00, 
 1DIAGNOSTIC,    35, -9.250793457031e-01, 6.839557048114e-05, 0.0000e+00, 0.0000e+00, 
 1DIAGNOSTIC,    36, -9.253234863281e-01, 6.083724557465e-05, 0.0000e+00, 0.0000e+00, 
 1DIAGNOSTIC,    37, -9.255371093750e-01, 5.406855045830e-05, 0.0000e+00, 0.0000e+00, 
 1DIAGNOSTIC,    38, -9.257202148438e-01, 4.776132953090e-05, 0.0000e+00, 0.0000e+00, 
 1DIAGNOSTIC,    39, -9.259033203125e-01, 4.235049946881e-05, 0.0000e+00, 0.0000e+00, 
 1DIAGNOSTIC,    40, -9.260864257812e-01, 3.793371732792e-05, 0.0000e+00, 0.0000e+00, 
 1DIAGNOSTIC,    41, -9.262695312500e-01, 3.429216759990e-05, 0.0000e+00, 0.0000e+00, 
 1DIAGNOSTIC,    42, -9.264526367188e-01, 3.140716288083e-05, 0.0000e+00, 0.0000e+00, 
 1DIAGNOSTIC,    43, -9.266052246094e-01, 2.898953800974e-05, 0.0000e+00, 0.0000e+00, 
 1DIAGNOSTIC,    44, -9.267883300781e-01, 2.717708657567e-05, 0.0000e+00, 0.0000e+00, 
 1DIAGNOSTIC,    45, -9.269714355469e-01, 2.581362776480e-05, 0.0000e+00, 0.0000e+00, 
 1DIAGNOSTIC,    46, -9.271240234375e-01, 2.473831550431e-05, 0.0000e+00, 0.0000e+00, 
 1DIAGNOSTIC,    47, -9.272766113281e-01, 2.379535639908e-05, 0.0000e+00, 0.0000e+00, 
 1DIAGNOSTIC,    48, -9.274291992188e-01, 2.281878492334e-05, 0.0000e+00, 0.0000e+00, 
 1DIAGNOSTIC,    49, -9.275817871094e-01, 2.185054178488e-05, 0.0000e+00, 0.0000e+00, 
 1DIAGNOSTIC,    50, -9.277038574219e-01, 2.074558182879e-05, 0.0000e+00, 0.0000e+00, 
XXDIAGNOSTIC,Iteration,metricValue,convergenceValue,ITERATION_TIME_INDEX,SINCE_LAST
 1DIAGNOSTIC,     1, -8.832397460938e-01, 1.797693134862e+308, 0.0000e+00, 0.0000e+00, 
 1DIAGNOSTIC,     2, -8.845825195312e-01, 1.797693134862e+308, 0.0000e+00, 0.0000e+00, 
 1DIAGNOSTIC,     3, -8.861694335938e-01, 1.797693134862e+308, 0.0000e+00, 0.0000e+00, 
 1DIAGNOSTIC,     4, -8.876037597656e-01, 1.797693134862e+308, 0.0000e+00, 0.0000e+00, 
 1DIAGNOSTIC,     5, -8.890075683594e-01, 1.797693134862e+308, 0.0000e+00, 0.0000e+00, 
 1DIAGNOSTIC,     6, -8.902893066406e-01, 1.797693134862e+308, 0.0000e+00, 0.0000e+00, 
 1DIAGNOSTIC,     7, -8.914489746094e-01, 1.797693134862e+308, 0.0000e+00, 0.0000e+00, 
 1DIAGNOSTIC,     8, -8.924560546875e-01, 1.797693134862e+308, 0.0000e+00, 0.0000e+00, 
 1DIAGNOSTIC,     9, -8.933715820312e-01, 1.797693134862e+308, 0.0000e+00, 0.0000e+00, 
 1DIAGNOSTIC,    10, -8.942565917969e-01, 8.056391742884e-04, 0.0000e+00, 0.0000e+00, 
 1DIAGNOSTIC,    11, -8.950500488281e-01, 6.816701758509e-04, 0.0000e+00, 0.0000e+00, 
 1DIAGNOSTIC,    12, -8.957519531250e-01, 5.711690824343e-04, 0.0000e+00, 0.0000e+00, 
 1DIAGNOSTIC,    13, -8.965148925781e-01, 4.834898484028e-04, 0.0000e+00, 0.0000e+00, 
 1DIAGNOSTIC,    14, -8.971557617188e-01, 4.113151999236e-04, 0.0000e+00, 0.0000e+00, 
 1DIAGNOSTIC,    15, -8.978881835938e-01, 3.563176048037e-04, 0.0000e+00, 0.0000e+00, 
 1DIAGNOSTIC,    16, -8.985595703125e-01, 3.141110248102e-04, 0.0000e+00, 0.0000e+00, 
 1DIAGNOSTIC,    17, -8.992004394531e-01, 2.814896892176e-04, 0.0000e+00, 0.0000e+00, 
 1DIAGNOSTIC,    18, -8.998413085938e-01, 2.554822636729e-04, 0.0000e+00, 0.0000e+00, 
 1DIAGNOSTIC,    19, -9.005432128906e-01, 2.354502748605e-04, 0.0000e+00, 0.0000e+00, 
 1DIAGNOSTIC,    20, -9.012451171875e-01, 2.206001955982e-04, 0.0000e+00, 0.0000e+00, 
  Elapsed time (stage 0): 0


Total elapsed time: 0
