
##########################
# Experiment information #
##########################
SIF_IMG: /project/rrg-glatard/mdugre/containers/ants-p2-vprec.sif
EXPERIMENT_NAME: vprec-space_search
CONFIG: 0011
VFC_BACKENDS: libinterflop_vprec.so --range-binary32=8 --precision-binary32=16 --range-binary64=8 --precision-binary64=16

FIXED_IMG: /templateflow/tpl-MNI152NLin2009cAsym/tpl-MNI152NLin2009cAsym_res-01_desc-brain_T1w.nii.gz
SUBJECT_ID: 0003061
INPUT_IMG: /project/rrg-glatard/mdugre/datasets/corr/RawDataBIDS/BMB_1/derivatives/antsBrainExtraction/sub-0003061/BrainExtractionBrain.nii.gz
OUTPUT_DIR: /project/rrg-glatard/mdugre/datasets/corr/RawDataBIDS/BMB_1/derivatives/vprec-space_search/0011/r8-p16/sub-0003061

ITK_GLOBAL_DEFAULT_NUMBER_OF_THREADS: 8
##########################

VFC_BACKENDS=libinterflop_ieee.so
Info [verificarlo]: loaded backend libinterflop_ieee.so
Info [interflop-ieee]: load backend with:
Info [interflop-ieee]: debug = false
Info [interflop-ieee]: debug-binary = false
Info [interflop-ieee]: no-backend-name = false
Info [interflop-ieee]: print-new-line = false
Info [interflop-ieee]: print-subnormal-normalized = false
Info [interflop-ieee]: count-op = false
All_Command_lines_OK
Using double precision for computations.
=============================================================================
The composite transform comprises the following transforms (in order): 
  1. Center of mass alignment using fixed image: /templateflow/tpl-MNI152NLin2009cAsym/tpl-MNI152NLin2009cAsym_res-01_desc-brain_T1w.nii.gz and moving image: /project/rrg-glatard/mdugre/datasets/corr/RawDataBIDS/BMB_1/derivatives/antsBrainExtraction/sub-0003061/BrainExtractionBrain.nii.gz (type = Euler3DTransform)
=============================================================================
  number of levels = 1
  fixed image: /templateflow/tpl-MNI152NLin2009cAsym/tpl-MNI152NLin2009cAsym_res-01_desc-brain_T1w.nii.gz
  moving image: /project/rrg-glatard/mdugre/datasets/corr/RawDataBIDS/BMB_1/derivatives/antsBrainExtraction/sub-0003061/BrainExtractionBrain.nii.gz
Dimension = 3
Number of stages = 1
Use histogram matching = false
Winsorize image intensities = true
  Lower quantile = 0.005
  Upper quantile = 0.995


Stage 1 State
   Image metric = MattesMI
     Fixed image = Image (0x48f6390)
  RTTI typeinfo:   itk::Image<double, 3u>
  Reference Count: 2
  Modified Time: 2330
  Debug: Off
  Object Name: 
  Observers: 
    none
  Source: (none)
  Source output name: (none)
  Release Data: Off
  Data Released: False
  Global Release Data: Off
  PipelineMTime: 0
  UpdateMTime: 1941
  RealTimeStamp: 0 seconds 
  LargestPossibleRegion: 
    Dimension: 3
    Index: [0, 0, 0]
    Size: [193, 229, 193]
  BufferedRegion: 
    Dimension: 3
    Index: [0, 0, 0]
    Size: [193, 229, 193]
  RequestedRegion: 
    Dimension: 3
    Index: [0, 0, 0]
    Size: [193, 229, 193]
  Spacing: [1, 1, 1]
  Origin: [96, 132, -78]
  Direction: 
-1 0 0
0 -1 0
0 0 1

  IndexToPointMatrix: 
-1 0 0
0 -1 0
0 0 1

  PointToIndexMatrix: 
-1 0 0
0 -1 0
0 0 1

  Inverse Direction: 
-1 0 0
0 -1 0
0 0 1

  PixelContainer: 
    ImportImageContainer (0x49c1a90)
      RTTI typeinfo:   itk::ImportImageContainer<unsigned long, double>
      Reference Count: 1
      Modified Time: 1938
      Debug: Off
      Object Name: 
      Observers: 
        none
      Pointer: 0x14904cc4b010
      Container manages memory: true
      Size: 8530021
      Capacity: 8530021

     Moving image = Image (0x48fb390)
  RTTI typeinfo:   itk::Image<double, 3u>
  Reference Count: 2
  Modified Time: 2331
  Debug: Off
  Object Name: 
  Observers: 
    none
  Source: (none)
  Source output name: (none)
  Release Data: Off
  Data Released: False
  Global Release Data: Off
  PipelineMTime: 0
  UpdateMTime: 2328
  RealTimeStamp: 0 seconds 
  LargestPossibleRegion: 
    Dimension: 3
    Index: [0, 0, 0]
    Size: [176, 256, 256]
  BufferedRegion: 
    Dimension: 3
    Index: [0, 0, 0]
    Size: [176, 256, 256]
  RequestedRegion: 
    Dimension: 3
    Index: [0, 0, 0]
    Size: [176, 256, 256]
  Spacing: [1, 1, 1]
  Origin: [-72.3654, 96.7892, -121.381]
  Direction: 
1 0 0
0 -1 0
0 0 1

  IndexToPointMatrix: 
1 0 0
0 -1 0
0 0 1

  PointToIndexMatrix: 
1 0 0
0 -1 0
0 0 1

  Inverse Direction: 
1 0 0
0 -1 0
0 0 1

  PixelContainer: 
    ImportImageContainer (0x4aa1b90)
      RTTI typeinfo:   itk::ImportImageContainer<unsigned long, double>
      Reference Count: 1
      Modified Time: 2325
      Debug: Off
      Object Name: 
      Observers: 
        none
      Pointer: 0x14904744a010
      Container manages memory: true
      Size: 11534336
      Capacity: 11534336

     Weighting = 1
     Sampling strategy = regular
     Number of bins = 32
     Radius = 4
     Sampling percentage  = 0.25
   Transform = Rigid
     Gradient step = 0.1
     Update field sigma (voxel space) = 0
     Total field sigma (voxel space) = 0
     Update field time sigma = 0
     Total field time sigma  = 0
     Number of time indices = 0
     Number of time point samples = 0
Registration using 1 total stages.

Stage 0
  iterations = 0
  convergence threshold = 1e-06
  convergence window size = 10
  number of levels = 1
  using the Mattes MI metric (number of bins = 32, weight = 1, use gradient filter = 0)
  preprocessing:  winsorizing the image intensities
  Shrink factors (level 1 out of 1): [1, 1, 1]
  smoothing sigmas per level: [0]
  regular sampling (percentage = 0.25)

*** Running Euler3DTransform registration ***

  Elapsed time (stage 0): 0.92327


Total elapsed time: 0.924971
VFC_BACKENDS=libinterflop_ieee.so
Info [verificarlo]: loaded backend libinterflop_ieee.so
Info [interflop-ieee]: load backend with:
Info [interflop-ieee]: debug = false
Info [interflop-ieee]: debug-binary = false
Info [interflop-ieee]: no-backend-name = false
Info [interflop-ieee]: print-new-line = false
Info [interflop-ieee]: print-subnormal-normalized = false
Info [interflop-ieee]: count-op = false
All_Command_lines_OK
Using double precision for computations.
=============================================================================
The composite transform comprises the following transforms (in order): 
  1. /project/rrg-glatard/mdugre/datasets/corr/RawDataBIDS/BMB_1/derivatives/vprec-space_search/0011/r8-p16/sub-0003061/align_Composite.h5[0] (type = Euler3DTransform)
  2. /project/rrg-glatard/mdugre/datasets/corr/RawDataBIDS/BMB_1/derivatives/vprec-space_search/0011/r8-p16/sub-0003061/align_Composite.h5[1] (type = Euler3DTransform)
=============================================================================
  number of levels = 4
  fixed image: /templateflow/tpl-MNI152NLin2009cAsym/tpl-MNI152NLin2009cAsym_res-01_desc-brain_T1w.nii.gz
  moving image: /project/rrg-glatard/mdugre/datasets/corr/RawDataBIDS/BMB_1/derivatives/antsBrainExtraction/sub-0003061/BrainExtractionBrain.nii.gz
Dimension = 3
Number of stages = 1
Use histogram matching = false
Winsorize image intensities = true
  Lower quantile = 0.005
  Upper quantile = 0.995


Stage 1 State
   Image metric = MattesMI
     Fixed image = Image (0x48f9650)
  RTTI typeinfo:   itk::Image<double, 3u>
  Reference Count: 2
  Modified Time: 1578
  Debug: Off
  Object Name: 
  Observers: 
    none
  Source: (none)
  Source output name: (none)
  Release Data: Off
  Data Released: False
  Global Release Data: Off
  PipelineMTime: 0
  UpdateMTime: 1189
  RealTimeStamp: 0 seconds 
  LargestPossibleRegion: 
    Dimension: 3
    Index: [0, 0, 0]
    Size: [193, 229, 193]
  BufferedRegion: 
    Dimension: 3
    Index: [0, 0, 0]
    Size: [193, 229, 193]
  RequestedRegion: 
    Dimension: 3
    Index: [0, 0, 0]
    Size: [193, 229, 193]
  Spacing: [1, 1, 1]
  Origin: [96, 132, -78]
  Direction: 
-1 0 0
0 -1 0
0 0 1

  IndexToPointMatrix: 
-1 0 0
0 -1 0
0 0 1

  PointToIndexMatrix: 
-1 0 0
0 -1 0
0 0 1

  Inverse Direction: 
-1 0 0
0 -1 0
0 0 1

  PixelContainer: 
    ImportImageContainer (0x49b7420)
      RTTI typeinfo:   itk::ImportImageContainer<unsigned long, double>
      Reference Count: 1
      Modified Time: 1186
      Debug: Off
      Object Name: 
      Observers: 
        none
      Pointer: 0x14cc6b40e010
      Container manages memory: true
      Size: 8530021
      Capacity: 8530021

     Moving image = Image (0x49b4520)
  RTTI typeinfo:   itk::Image<double, 3u>
  Reference Count: 2
  Modified Time: 1579
  Debug: Off
  Object Name: 
  Observers: 
    none
  Source: (none)
  Source output name: (none)
  Release Data: Off
  Data Released: False
  Global Release Data: Off
  PipelineMTime: 0
  UpdateMTime: 1576
  RealTimeStamp: 0 seconds 
  LargestPossibleRegion: 
    Dimension: 3
    Index: [0, 0, 0]
    Size: [176, 256, 256]
  BufferedRegion: 
    Dimension: 3
    Index: [0, 0, 0]
    Size: [176, 256, 256]
  RequestedRegion: 
    Dimension: 3
    Index: [0, 0, 0]
    Size: [176, 256, 256]
  Spacing: [1, 1, 1]
  Origin: [-72.3654, 96.7892, -121.381]
  Direction: 
1 0 0
0 -1 0
0 0 1

  IndexToPointMatrix: 
1 0 0
0 -1 0
0 0 1

  PointToIndexMatrix: 
1 0 0
0 -1 0
0 0 1

  Inverse Direction: 
1 0 0
0 -1 0
0 0 1

  PixelContainer: 
    ImportImageContainer (0x49e1f10)
      RTTI typeinfo:   itk::ImportImageContainer<unsigned long, double>
      Reference Count: 1
      Modified Time: 1573
      Debug: Off
      Object Name: 
      Observers: 
        none
      Pointer: 0x14cc65c0d010
      Container manages memory: true
      Size: 11534336
      Capacity: 11534336

     Weighting = 1
     Sampling strategy = regular
     Number of bins = 32
     Radius = 4
     Sampling percentage  = 0.25
   Transform = Rigid
     Gradient step = 0.1
     Update field sigma (voxel space) = 0
     Total field sigma (voxel space) = 0
     Update field time sigma = 0
     Total field time sigma  = 0
     Number of time indices = 0
     Number of time point samples = 0
Registration using 1 total stages.

Stage 0
  iterations = 1000x500x250x100
  convergence threshold = 1e-06
  convergence window size = 10
  number of levels = 4
  using the Mattes MI metric (number of bins = 32, weight = 1, use gradient filter = 0)
  preprocessing:  winsorizing the image intensities
  Shrink factors (level 1 out of 4): [8, 8, 8]
  Shrink factors (level 2 out of 4): [4, 4, 4]
  Shrink factors (level 3 out of 4): [2, 2, 2]
  Shrink factors (level 4 out of 4): [1, 1, 1]
  smoothing sigmas per level: [3, 2, 1, 0]
  regular sampling (percentage = 0.25)

*** Running Euler3DTransform registration ***

DIAGNOSTIC,Iteration,metricValue,convergenceValue,ITERATION_TIME_INDEX,SINCE_LAST
 2DIAGNOSTIC,     1, -6.250924063375e-01, 1.797693134862e+308, 1.1848e+00, 1.1848e+00, 
 2DIAGNOSTIC,     2, -6.271138077324e-01, 1.797693134862e+308, 1.1904e+00, 5.6000e-03, 
 2DIAGNOSTIC,     3, -6.299289827651e-01, 1.797693134862e+308, 1.1960e+00, 5.5630e-03, 
 2DIAGNOSTIC,     4, -6.315170435656e-01, 1.797693134862e+308, 1.2013e+00, 5.3539e-03, 
 2DIAGNOSTIC,     5, -6.326774161408e-01, 1.797693134862e+308, 1.2068e+00, 5.4600e-03, 
 2DIAGNOSTIC,     6, -6.336513605722e-01, 1.797693134862e+308, 1.2122e+00, 5.3639e-03, 
 2DIAGNOSTIC,     7, -6.348837824171e-01, 1.797693134862e+308, 1.2178e+00, 5.6620e-03, 
 2DIAGNOSTIC,     8, -6.361996960493e-01, 1.797693134862e+308, 1.2232e+00, 5.4281e-03, 
 2DIAGNOSTIC,     9, -6.382203873883e-01, 1.797693134862e+308, 1.2314e+00, 8.1501e-03, 
 2DIAGNOSTIC,    10, -6.387647512100e-01, 1.328572596883e-03, 1.2380e+00, 6.6469e-03, 
 2DIAGNOSTIC,    11, -6.388231070903e-01, 1.062856602201e-03, 1.2441e+00, 6.0639e-03, 
 2DIAGNOSTIC,    12, -6.388743193199e-01, 8.229710392791e-04, 1.2497e+00, 5.5890e-03, 
 2DIAGNOSTIC,    13, -6.389563821952e-01, 6.446626012580e-04, 1.2562e+00, 6.4690e-03, 
 2DIAGNOSTIC,    14, -6.392341411738e-01, 4.919967097910e-04, 1.2636e+00, 7.3979e-03, 
 2DIAGNOSTIC,    15, -6.390966952231e-01, 3.452342358330e-04, 1.2692e+00, 5.6021e-03, 
 2DIAGNOSTIC,    16, -6.391219036580e-01, 2.139528930414e-04, 1.2745e+00, 5.3039e-03, 
 2DIAGNOSTIC,    17, -6.391594824503e-01, 1.120205503320e-04, 1.2799e+00, 5.4259e-03, 
 2DIAGNOSTIC,    18, -6.393333719884e-01, 4.692305823726e-05, 1.2865e+00, 6.6571e-03, 
 2DIAGNOSTIC,    19, -6.393500550712e-01, 3.193489185503e-05, 1.2934e+00, 6.8822e-03, 
 2DIAGNOSTIC,    20, -6.391645167290e-01, 2.374404171219e-05, 1.2997e+00, 6.2311e-03, 
 2DIAGNOSTIC,    21, -6.393584634918e-01, 1.990460436628e-05, 1.3052e+00, 5.5132e-03, 
 2DIAGNOSTIC,    22, -6.393924460621e-01, 1.622381793417e-05, 1.3112e+00, 5.9981e-03, 
 2DIAGNOSTIC,    23, -6.394756725427e-01, 1.442012815337e-05, 1.3176e+00, 6.3930e-03, 
 2DIAGNOSTIC,    24, -6.392633061444e-01, 1.287126308571e-05, 1.3229e+00, 5.3010e-03, 
 2DIAGNOSTIC,    25, -6.393074549675e-01, 8.921067887073e-06, 1.3294e+00, 6.5398e-03, 
 2DIAGNOSTIC,    26, -6.394689108606e-01, 7.695045727098e-06, 1.3360e+00, 6.5560e-03, 
 2DIAGNOSTIC,    27, -6.396283509933e-01, 8.926919422100e-06, 1.3418e+00, 5.8692e-03, 
 2DIAGNOSTIC,    28, -6.396042741440e-01, 1.169282966126e-05, 1.3471e+00, 5.2419e-03, 
 2DIAGNOSTIC,    29, -6.396366750721e-01, 1.428057048052e-05, 1.3532e+00, 6.0780e-03, 
 2DIAGNOSTIC,    30, -6.395641841061e-01, 1.156837946117e-05, 1.3591e+00, 5.9829e-03, 
 2DIAGNOSTIC,    31, -6.394933146634e-01, 9.738704003649e-06, 1.3668e+00, 7.6649e-03, 
 2DIAGNOSTIC,    32, -6.393443538799e-01, 5.516192631221e-06, 1.3722e+00, 5.4431e-03, 
 2DIAGNOSTIC,    33, -6.392574689619e-01, 1.223337503582e-06, 1.3778e+00, 5.5799e-03, 
DIAGNOSTIC,Iteration,metricValue,convergenceValue,ITERATION_TIME_INDEX,SINCE_LAST
 2DIAGNOSTIC,     1, -5.053324081819e-01, 1.797693134862e+308, 2.6322e+00, 1.2544e+00, 
 2DIAGNOSTIC,     2, -5.055053741250e-01, 1.797693134862e+308, 2.6742e+00, 4.2000e-02, 
 2DIAGNOSTIC,     3, -5.057236184769e-01, 1.797693134862e+308, 2.7149e+00, 4.0730e-02, 
 2DIAGNOSTIC,     4, -5.060714201552e-01, 1.797693134862e+308, 2.7564e+00, 4.1496e-02, 
 2DIAGNOSTIC,     5, -5.071545363457e-01, 1.797693134862e+308, 2.7984e+00, 4.1965e-02, 
 2DIAGNOSTIC,     6, -5.081403429125e-01, 1.797693134862e+308, 2.8515e+00, 5.3111e-02, 
 2DIAGNOSTIC,     7, -5.085053122220e-01, 1.797693134862e+308, 2.8976e+00, 4.6100e-02, 
 2DIAGNOSTIC,     8, -5.087267635562e-01, 1.797693134862e+308, 2.9393e+00, 4.1682e-02, 
 2DIAGNOSTIC,     9, -5.118131935578e-01, 1.797693134862e+308, 2.9862e+00, 4.6884e-02, 
 2DIAGNOSTIC,    10, -5.124278033022e-01, 8.991790468694e-04, 3.0474e+00, 6.1236e-02, 
 2DIAGNOSTIC,    11, -5.124512316614e-01, 8.988844975659e-04, 3.1185e+00, 7.1077e-02, 
 2DIAGNOSTIC,    12, -5.124434792898e-01, 8.289340685754e-04, 3.1718e+00, 5.3259e-02, 
 2DIAGNOSTIC,    13, -5.124199629108e-01, 7.041794368422e-04, 3.2232e+00, 5.1485e-02, 
 2DIAGNOSTIC,    14, -5.124224171257e-01, 5.449274906103e-04, 3.2754e+00, 5.2185e-02, 
 2DIAGNOSTIC,    15, -5.124148067940e-01, 3.959238434507e-04, 3.3156e+00, 4.0133e-02, 
 2DIAGNOSTIC,    16, -5.124082246466e-01, 2.650660110847e-04, 3.3566e+00, 4.1002e-02, 
 2DIAGNOSTIC,    17, -5.124124602588e-01, 1.389295085384e-04, 3.4030e+00, 4.6410e-02, 
 2DIAGNOSTIC,    18, -5.124151120334e-01, 1.866155740166e-05, 3.4454e+00, 4.2399e-02, 
DIAGNOSTIC,Iteration,metricValue,convergenceValue,ITERATION_TIME_INDEX,SINCE_LAST
 2DIAGNOSTIC,     1, -4.416220749466e-01, 1.797693134862e+308, 5.0867e+00, 1.6413e+00, 
 2DIAGNOSTIC,     2, -4.416414531758e-01, 1.797693134862e+308, 5.5115e+00, 4.2482e-01, 
 2DIAGNOSTIC,     3, -4.416486315232e-01, 1.797693134862e+308, 5.9490e+00, 4.3748e-01, 
 2DIAGNOSTIC,     4, -4.416497558937e-01, 1.797693134862e+308, 6.3420e+00, 3.9298e-01, 
 2DIAGNOSTIC,     5, -4.416505233240e-01, 1.797693134862e+308, 6.7710e+00, 4.2907e-01, 
 2DIAGNOSTIC,     6, -4.416510249825e-01, 1.797693134862e+308, 7.1325e+00, 3.6149e-01, 
 2DIAGNOSTIC,     7, -4.416473496633e-01, 1.797693134862e+308, 7.4872e+00, 3.5462e-01, 
 2DIAGNOSTIC,     8, -4.416491889575e-01, 1.797693134862e+308, 7.8441e+00, 3.5694e-01, 
 2DIAGNOSTIC,     9, -4.416478290073e-01, 1.797693134862e+308, 8.1918e+00, 3.4776e-01, 
 2DIAGNOSTIC,    10, -4.416485965713e-01, 5.204418861676e-06, 8.5485e+00, 3.5670e-01, 
 2DIAGNOSTIC,    11, -4.416498431109e-01, 3.229725998727e-06, 8.9024e+00, 3.5382e-01, 
 2DIAGNOSTIC,    12, -4.416487878960e-01, 2.527071209041e-06, 9.2601e+00, 3.5774e-01, 
 2DIAGNOSTIC,    13, -4.416533359406e-01, 2.525685920129e-06, 9.6416e+00, 3.8153e-01, 
 2DIAGNOSTIC,    14, -4.416557004091e-01, 2.669193875302e-06, 9.9936e+00, 3.5193e-01, 
 2DIAGNOSTIC,    15, -4.416577482344e-01, 2.875037173167e-06, 1.0344e+01, 3.5046e-01, 
 2DIAGNOSTIC,    16, -4.416578355713e-01, 3.014873683621e-06, 1.0692e+01, 3.4808e-01, 
 2DIAGNOSTIC,    17, -4.416598241851e-01, 2.979886202056e-06, 1.1002e+01, 3.1020e-01, 
 2DIAGNOSTIC,    18, -4.416610356916e-01, 2.954164272991e-06, 1.1355e+01, 3.5284e-01, 
 2DIAGNOSTIC,    19, -4.416641208259e-01, 2.876263609113e-06, 1.1704e+01, 3.4874e-01, 
 2DIAGNOSTIC,    20, -4.416650382179e-01, 2.746763074629e-06, 1.2013e+01, 3.0927e-01, 
 2DIAGNOSTIC,    21, -4.416665408350e-01, 2.610346187648e-06, 1.2452e+01, 4.3862e-01, 
 2DIAGNOSTIC,    22, -4.416662041900e-01, 2.340737580660e-06, 1.2851e+01, 3.9873e-01, 
 2DIAGNOSTIC,    23, -4.416653492604e-01, 2.113107072689e-06, 1.3200e+01, 3.4978e-01, 
 2DIAGNOSTIC,    24, -4.416646812919e-01, 1.880419850948e-06, 1.3550e+01, 3.5017e-01, 
 2DIAGNOSTIC,    25, -4.416642289763e-01, 1.655608833001e-06, 1.3893e+01, 3.4217e-01, 
 2DIAGNOSTIC,    26, -4.416631106338e-01, 1.385825798866e-06, 1.4198e+01, 3.0506e-01, 
 2DIAGNOSTIC,    27, -4.416666000499e-01, 1.252159542317e-06, 1.4501e+01, 3.0286e-01, 
 2DIAGNOSTIC,    28, -4.416699933425e-01, 1.223318822414e-06, 1.4807e+01, 3.0646e-01, 
 2DIAGNOSTIC,    29, -4.416770464110e-01, 1.411619723869e-06, 1.5151e+01, 3.4442e-01, 
 2DIAGNOSTIC,    30, -4.416850444013e-01, 1.745608260231e-06, 1.5466e+01, 3.1407e-01, 
 2DIAGNOSTIC,    31, -4.416945744025e-01, 2.220270547991e-06, 1.5823e+01, 3.5721e-01, 
 2DIAGNOSTIC,    32, -4.417020472768e-01, 2.693208752756e-06, 1.6170e+01, 3.4759e-01, 
 2DIAGNOSTIC,    33, -4.417019332340e-01, 2.956062293009e-06, 1.6517e+01, 3.4627e-01, 
 2DIAGNOSTIC,    34, -4.417030293602e-01, 3.025143344534e-06, 1.6861e+01, 3.4405e-01, 
 2DIAGNOSTIC,    35, -4.417099702994e-01, 3.011416169395e-06, 1.7202e+01, 3.4175e-01, 
 2DIAGNOSTIC,    36, -4.417093991028e-01, 2.762050846837e-06, 1.7547e+01, 3.4459e-01, 
 2DIAGNOSTIC,    37, -4.417086250226e-01, 2.395922007577e-06, 1.7897e+01, 3.5023e-01, 
 2DIAGNOSTIC,    38, -4.417123577497e-01, 2.025934207901e-06, 1.8219e+01, 3.2169e-01, 
 2DIAGNOSTIC,    39, -4.417175392771e-01, 1.760814581676e-06, 1.8571e+01, 3.5163e-01, 
 2DIAGNOSTIC,    40, -4.417251380319e-01, 1.662966801260e-06, 1.8923e+01, 3.5274e-01, 
 2DIAGNOSTIC,    41, -4.417358707938e-01, 1.800314167966e-06, 1.9232e+01, 3.0883e-01, 
 2DIAGNOSTIC,    42, -4.417539072403e-01, 2.224122553188e-06, 1.9591e+01, 3.5928e-01, 
 2DIAGNOSTIC,    43, -4.418023642117e-01, 3.207013147394e-06, 1.9910e+01, 3.1866e-01, 
 2DIAGNOSTIC,    44, -4.418753240044e-01, 4.972716378338e-06, 2.0221e+01, 3.1050e-01, 
 2DIAGNOSTIC,    45, -4.420227199673e-01, 8.441232627009e-06, 2.0538e+01, 3.1717e-01, 
 2DIAGNOSTIC,    46, -4.423093405935e-01, 1.498231152229e-05, 2.0974e+01, 4.3590e-01, 
 2DIAGNOSTIC,    47, -4.423409775957e-01, 2.022135914660e-05, 2.1307e+01, 3.3318e-01, 
 2DIAGNOSTIC,    48, -4.424131343788e-01, 2.443950986409e-05, 2.1669e+01, 3.6177e-01, 
 2DIAGNOSTIC,    49, -4.425236005993e-01, 2.774150486798e-05, 2.2034e+01, 3.6562e-01, 
 2DIAGNOSTIC,    50, -4.428081751411e-01, 3.200996593677e-05, 2.2430e+01, 3.9600e-01, 
 2DIAGNOSTIC,    51, -4.431647882542e-01, 3.761054463498e-05, 2.2787e+01, 3.5667e-01, 
 2DIAGNOSTIC,    52, -4.438933802136e-01, 4.862005996320e-05, 2.3176e+01, 3.8954e-01, 
 2DIAGNOSTIC,    53, -4.441780987523e-01, 5.853515250335e-05, 2.3574e+01, 3.9810e-01, 
 2DIAGNOSTIC,    54, -4.441952323249e-01, 6.362840173521e-05, 2.4002e+01, 4.2704e-01, 
 2DIAGNOSTIC,    55, -4.442017735573e-01, 6.430069874637e-05, 2.4364e+01, 3.6263e-01, 
 2DIAGNOSTIC,    56, -4.441992922680e-01, 6.205143796232e-05, 2.4862e+01, 4.9782e-01, 
 2DIAGNOSTIC,    57, -4.441993762255e-01, 5.421462474393e-05, 2.5308e+01, 4.4641e-01, 
 2DIAGNOSTIC,    58, -4.441959203978e-01, 4.223752266070e-05, 2.5746e+01, 4.3715e-01, 
 2DIAGNOSTIC,    59, -4.441954185373e-01, 2.793130649507e-05, 2.6093e+01, 3.4748e-01, 
 2DIAGNOSTIC,    60, -4.441944430666e-01, 1.454041244209e-05, 2.6441e+01, 3.4765e-01, 
 2DIAGNOSTIC,    61, -4.441938226431e-01, 3.812717735519e-06, 2.6828e+01, 3.8689e-01, 
DIAGNOSTIC,Iteration,metricValue,convergenceValue,ITERATION_TIME_INDEX,SINCE_LAST
 2DIAGNOSTIC,     1, -4.048898370427e-01, 1.797693134862e+308, 2.9943e+01, 3.1151e+00, 
 2DIAGNOSTIC,     2, -4.050640819095e-01, 1.797693134862e+308, 3.2127e+01, 2.1845e+00, 
 2DIAGNOSTIC,     3, -4.052919389464e-01, 1.797693134862e+308, 3.4313e+01, 2.1858e+00, 
 2DIAGNOSTIC,     4, -4.055234912958e-01, 1.797693134862e+308, 3.6535e+01, 2.2221e+00, 
 2DIAGNOSTIC,     5, -4.057457989507e-01, 1.797693134862e+308, 3.9264e+01, 2.7291e+00, 
 2DIAGNOSTIC,     6, -4.057913267945e-01, 1.797693134862e+308, 4.1568e+01, 2.3036e+00, 
 2DIAGNOSTIC,     7, -4.058172158325e-01, 1.797693134862e+308, 4.4505e+01, 2.9372e+00, 
 2DIAGNOSTIC,     8, -4.058221410375e-01, 1.797693134862e+308, 4.8963e+01, 4.4577e+00, 
 2DIAGNOSTIC,     9, -4.058226588177e-01, 1.797693134862e+308, 5.1616e+01, 2.6535e+00, 
 2DIAGNOSTIC,    10, -4.058230778178e-01, 1.512466802792e-04, 5.4545e+01, 2.9283e+00, 
 2DIAGNOSTIC,    11, -4.058232847674e-01, 9.674034229057e-05, 5.8160e+01, 3.6157e+00, 
 2DIAGNOSTIC,    12, -4.058234240758e-01, 5.304883921474e-05, 6.1873e+01, 3.7125e+00, 
 2DIAGNOSTIC,    13, -4.058234461143e-01, 2.363168952220e-05, 6.4645e+01, 2.7722e+00, 
 2DIAGNOSTIC,    14, -4.058233750715e-01, 7.808157899747e-06, 6.7117e+01, 2.4717e+00, 
 2DIAGNOSTIC,    15, -4.058233090392e-01, 3.927830830988e-06, 6.9364e+01, 2.2472e+00, 
 2DIAGNOSTIC,    16, -4.058231672619e-01, 2.324770624881e-06, 7.1562e+01, 2.1985e+00, 
 2DIAGNOSTIC,    17, -4.058230620489e-01, 1.936727962989e-06, 7.4065e+01, 2.5031e+00, 
 2DIAGNOSTIC,    18, -4.058232480189e-01, 1.784494646072e-06, 7.6688e+01, 2.6225e+00, 
 2DIAGNOSTIC,    19, -4.058232079064e-01, 1.663817305646e-06, 7.9147e+01, 2.4585e+00, 
 2DIAGNOSTIC,    20, -4.058231527028e-01, 1.568962594060e-06, 8.1658e+01, 2.5112e+00, 
 2DIAGNOSTIC,    21, -4.058229891278e-01, 1.486721710083e-06, 8.3863e+01, 2.2050e+00, 
 2DIAGNOSTIC,    22, -4.058227342026e-01, 1.411016238864e-06, 8.6605e+01, 2.7428e+00, 
 2DIAGNOSTIC,    23, -4.058227489080e-01, 1.346342186306e-06, 8.9108e+01, 2.5024e+00, 
 2DIAGNOSTIC,    24, -4.058226611696e-01, 1.285682225217e-06, 9.1326e+01, 2.2180e+00, 
 2DIAGNOSTIC,    25, -4.058225799817e-01, 1.229685498212e-06, 9.3798e+01, 2.4717e+00, 
 2DIAGNOSTIC,    26, -4.058225941101e-01, 1.178876621599e-06, 9.5985e+01, 2.1875e+00, 
 2DIAGNOSTIC,    27, -4.058225207647e-01, 1.131306526125e-06, 9.8419e+01, 2.4337e+00, 
 2DIAGNOSTIC,    28, -4.058225361715e-01, 1.096612614340e-06, 1.0062e+02, 2.1997e+00, 
 2DIAGNOSTIC,    29, -4.058224649767e-01, 1.065280029265e-06, 1.0308e+02, 2.4633e+00, 
 2DIAGNOSTIC,    30, -4.058223907833e-01, 1.036133573912e-06, 1.0535e+02, 2.2652e+00, 
 2DIAGNOSTIC,    31, -4.058222352155e-01, 1.004147717955e-06, 1.0750e+02, 2.1491e+00, 
  Elapsed time (stage 0): 1.0873e+02


Total elapsed time: 1.0873e+02
VFC_BACKENDS=libinterflop_vprec.so --range-binary32=8 --precision-binary32=16 --range-binary64=8 --precision-binary64=16
Info [verificarlo]: loaded backend libinterflop_vprec.so
Info [interflop-vprec]: load backend with: 
Info [interflop-vprec]: precision-binary32 = 16
Info [interflop-vprec]: range-binary32 = 8
Info [interflop-vprec]: precision-binary64 = 16
Info [interflop-vprec]: range-binary64 = 8
Info [interflop-vprec]: mode = ob
Info [interflop-vprec]: error-mode = rel
Info [interflop-vprec]: max-abs-error-exponent = -1022
Info [interflop-vprec]: daz = false
Info [interflop-vprec]: ftz = false
Info [interflop-vprec]: 	instrument = none
Info [interflop-vprec]: 	prec-input-file = (null)
Info [interflop-vprec]: 	prec-output-file = (null)
Info [interflop-vprec]: 	prec-log-file = (null)
All_Command_lines_OK
Using double precision for computations.
=============================================================================
The composite transform comprises the following transforms (in order): 
  1. /project/rrg-glatard/mdugre/datasets/corr/RawDataBIDS/BMB_1/derivatives/vprec-space_search/0011/r8-p16/sub-0003061/rigid_Composite.h5[0] (type = Euler3DTransform)
  2. /project/rrg-glatard/mdugre/datasets/corr/RawDataBIDS/BMB_1/derivatives/vprec-space_search/0011/r8-p16/sub-0003061/rigid_Composite.h5[1] (type = Euler3DTransform)
  3. /project/rrg-glatard/mdugre/datasets/corr/RawDataBIDS/BMB_1/derivatives/vprec-space_search/0011/r8-p16/sub-0003061/rigid_Composite.h5[2] (type = Euler3DTransform)
=============================================================================
  number of levels = 4
  fixed image: /templateflow/tpl-MNI152NLin2009cAsym/tpl-MNI152NLin2009cAsym_res-01_desc-brain_T1w.nii.gz
  moving image: /project/rrg-glatard/mdugre/datasets/corr/RawDataBIDS/BMB_1/derivatives/antsBrainExtraction/sub-0003061/BrainExtractionBrain.nii.gz
Dimension = 3
Number of stages = 1
Use histogram matching = false
Winsorize image intensities = true
  Lower quantile = 0.005
  Upper quantile = 0.995


Stage 1 State
   Image metric = MattesMI
     Fixed image = Image (0x343f300)
  RTTI typeinfo:   itk::Image<double, 3u>
  Reference Count: 2
  Modified Time: 1592
  Debug: Off
  Object Name: 
  Observers: 
    none
  Source: (none)
  Source output name: (none)
  Release Data: Off
  Data Released: False
  Global Release Data: Off
  PipelineMTime: 0
  UpdateMTime: 1203
  RealTimeStamp: 0 seconds 
  LargestPossibleRegion: 
    Dimension: 3
    Index: [0, 0, 0]
    Size: [193, 229, 193]
  BufferedRegion: 
    Dimension: 3
    Index: [0, 0, 0]
    Size: [193, 229, 193]
  RequestedRegion: 
    Dimension: 3
    Index: [0, 0, 0]
    Size: [193, 229, 193]
  Spacing: [1, 1, 1]
  Origin: [96, 132, -78]
  Direction: 
-1 0 0
0 -1 0
0 0 1

  IndexToPointMatrix: 
-1 0 0
0 -1 0
0 0 1

  PointToIndexMatrix: 
-1 0 0
0 -1 0
0 0 1

  Inverse Direction: 
-1 0 0
0 -1 0
0 0 1

  PixelContainer: 
    ImportImageContainer (0x3507be0)
      RTTI typeinfo:   itk::ImportImageContainer<unsigned long, double>
      Reference Count: 1
      Modified Time: 1200
      Debug: Off
      Object Name: 
      Observers: 
        none
      Pointer: 0x152a43f43010
      Container manages memory: true
      Size: 8530021
      Capacity: 8530021

     Moving image = Image (0x34fa160)
  RTTI typeinfo:   itk::Image<double, 3u>
  Reference Count: 2
  Modified Time: 1593
  Debug: Off
  Object Name: 
  Observers: 
    none
  Source: (none)
  Source output name: (none)
  Release Data: Off
  Data Released: False
  Global Release Data: Off
  PipelineMTime: 0
  UpdateMTime: 1590
  RealTimeStamp: 0 seconds 
  LargestPossibleRegion: 
    Dimension: 3
    Index: [0, 0, 0]
    Size: [176, 256, 256]
  BufferedRegion: 
    Dimension: 3
    Index: [0, 0, 0]
    Size: [176, 256, 256]
  RequestedRegion: 
    Dimension: 3
    Index: [0, 0, 0]
    Size: [176, 256, 256]
  Spacing: [1, 1, 1]
  Origin: [-72.3652, 96.7891, -121.381]
  Direction: 
1 0 0
0 -1 0
0 0 1

  IndexToPointMatrix: 
1 0 0
0 -1 0
0 0 1

  PointToIndexMatrix: 
1 0 0
0 -1 0
0 0 1

  Inverse Direction: 
1 0 0
0 -1 0
0 0 1

  PixelContainer: 
    ImportImageContainer (0x34afc10)
      RTTI typeinfo:   itk::ImportImageContainer<unsigned long, double>
      Reference Count: 1
      Modified Time: 1587
      Debug: Off
      Object Name: 
      Observers: 
        none
      Pointer: 0x152a3e742010
      Container manages memory: true
      Size: 11534336
      Capacity: 11534336

     Weighting = 1
     Sampling strategy = regular
     Number of bins = 32
     Radius = 4
     Sampling percentage  = 0.25
   Transform = Affine
     Gradient step = 0.1
     Update field sigma (voxel space) = 0
     Total field sigma (voxel space) = 0
     Update field time sigma = 0
     Total field time sigma  = 0
     Number of time indices = 0
     Number of time point samples = 0
Registration using 1 total stages.

Stage 0
  iterations = 1000x500x250x100
  convergence threshold = 1e-06
  convergence window size = 10
  number of levels = 4
  using the Mattes MI metric (number of bins = 32, weight = 1, use gradient filter = 0)
  preprocessing:  winsorizing the image intensities
  Shrink factors (level 1 out of 4): [8, 8, 8]
  Shrink factors (level 2 out of 4): [4, 4, 4]
  Shrink factors (level 3 out of 4): [2, 2, 2]
  Shrink factors (level 4 out of 4): [1, 1, 1]
  smoothing sigmas per level: [3, 2, 1, 0]
  regular sampling (percentage = 0.25)

*** Running AffineTransform registration ***

DIAGNOSTIC,Iteration,metricValue,convergenceValue,ITERATION_TIME_INDEX,SINCE_LAST
 2DIAGNOSTIC,     1, -6.255435533630e-01, 1.797693134862e+308, 0.0000e+00, 0.0000e+00, 
 2DIAGNOSTIC,     2, -6.284633793959e-01, 1.797693134862e+308, 0.0000e+00, 0.0000e+00, 
 2DIAGNOSTIC,     3, -6.329792639666e-01, 1.797693134862e+308, 0.0000e+00, 0.0000e+00, 
 2DIAGNOSTIC,     4, -6.401545570549e-01, 1.797693134862e+308, 0.0000e+00, 0.0000e+00, 
 2DIAGNOSTIC,     5, -6.515665825856e-01, 1.797693134862e+308, 0.0000e+00, 0.0000e+00, 
 2DIAGNOSTIC,     6, -6.671085172948e-01, 1.797693134862e+308, 0.0000e+00, 0.0000e+00, 
 2DIAGNOSTIC,     7, -7.019615426626e-01, 1.797693134862e+308, 0.0000e+00, 0.0000e+00, 
 2DIAGNOSTIC,     8, -8.157018535807e-01, 1.797693134862e+308, 0.0000e+00, 0.0000e+00, 
 2DIAGNOSTIC,     9, -8.624016050025e-01, 1.797693134862e+308, 0.0000e+00, 0.0000e+00, 
 2DIAGNOSTIC,    10, -8.682113082075e-01, 2.431168091751e-02, 0.0000e+00, 0.0000e+00, 
 2DIAGNOSTIC,    11, -8.767138066905e-01, 2.468350204426e-02, 0.0000e+00, 0.0000e+00, 
 2DIAGNOSTIC,    12, -8.813677052708e-01, 2.302690394381e-02, 0.0000e+00, 0.0000e+00, 
 2DIAGNOSTIC,    13, -8.816390802081e-01, 1.970368647197e-02, 0.0000e+00, 0.0000e+00, 
 2DIAGNOSTIC,    14, -8.817966522582e-01, 1.534493276035e-02, 0.0000e+00, 0.0000e+00, 
 2DIAGNOSTIC,    15, -8.820031620964e-01, 1.059569060043e-02, 0.0000e+00, 0.0000e+00, 
 2DIAGNOSTIC,    16, -8.824594529738e-01, 5.949734541213e-03, 0.0000e+00, 0.0000e+00, 
 2DIAGNOSTIC,    17, -8.829603587648e-01, 2.078166196309e-03, 0.0000e+00, 0.0000e+00, 
 2DIAGNOSTIC,    18, -8.832622909524e-01, 7.674662699244e-04, 0.0000e+00, 0.0000e+00, 
 2DIAGNOSTIC,    19, -8.833164466817e-01, 4.246975433239e-04, 0.0000e+00, 0.0000e+00, 
 2DIAGNOSTIC,    20, -8.831939022372e-01, 1.792998625871e-04, 0.0000e+00, 0.0000e+00, 
 2DIAGNOSTIC,    21, -8.829740950514e-01, 8.123030094942e-05, 0.0000e+00, 0.0000e+00, 
 2DIAGNOSTIC,    22, -8.831033280573e-01, 6.232708271638e-05, 0.0000e+00, 0.0000e+00, 
 2DIAGNOSTIC,    23, -8.827626176333e-01, 3.834750005636e-05, 0.0000e+00, 0.0000e+00, 
 2DIAGNOSTIC,    24, -8.826906708549e-01, 1.455934218917e-05, 0.0000e+00, 0.0000e+00, 
DIAGNOSTIC,Iteration,metricValue,convergenceValue,ITERATION_TIME_INDEX,SINCE_LAST
 2DIAGNOSTIC,     1, -7.491199984947e-01, 1.797693134862e+308, 0.0000e+00, 0.0000e+00, 
 2DIAGNOSTIC,     2, -7.505488244463e-01, 1.797693134862e+308, 0.0000e+00, 0.0000e+00, 
 2DIAGNOSTIC,     3, -7.521011523992e-01, 1.797693134862e+308, 0.0000e+00, 0.0000e+00, 
 2DIAGNOSTIC,     4, -7.535972196981e-01, 1.797693134862e+308, 0.0000e+00, 0.0000e+00, 
 2DIAGNOSTIC,     5, -7.548698614520e-01, 1.797693134862e+308, 0.0000e+00, 0.0000e+00, 
 2DIAGNOSTIC,     6, -7.568693526189e-01, 1.797693134862e+308, 0.0000e+00, 0.0000e+00, 
 2DIAGNOSTIC,     7, -7.569480173501e-01, 1.797693134862e+308, 0.0000e+00, 0.0000e+00, 
 2DIAGNOSTIC,     8, -7.569730296345e-01, 1.797693134862e+308, 0.0000e+00, 0.0000e+00, 
 2DIAGNOSTIC,     9, -7.570336278979e-01, 1.797693134862e+308, 0.0000e+00, 0.0000e+00, 
 2DIAGNOSTIC,    10, -7.571688677323e-01, 7.199495238920e-04, 0.0000e+00, 0.0000e+00, 
 2DIAGNOSTIC,    11, -7.576587143402e-01, 5.144314154777e-04, 0.0000e+00, 0.0000e+00, 
 2DIAGNOSTIC,    12, -7.579431837720e-01, 3.503457310226e-04, 0.0000e+00, 0.0000e+00, 
 2DIAGNOSTIC,    13, -7.579746725622e-01, 2.261688382128e-04, 0.0000e+00, 0.0000e+00, 
 2DIAGNOSTIC,    14, -7.579670767996e-01, 1.394114517504e-04, 0.0000e+00, 0.0000e+00, 
 2DIAGNOSTIC,    15, -7.579537112312e-01, 8.193263826246e-05, 0.0000e+00, 0.0000e+00, 
 2DIAGNOSTIC,    16, -7.579582582500e-01, 7.120604830446e-05, 0.0000e+00, 0.0000e+00, 
 2DIAGNOSTIC,    17, -7.579744085680e-01, 5.736006632948e-05, 0.0000e+00, 0.0000e+00, 
 2DIAGNOSTIC,    18, -7.579901335058e-01, 4.089974962781e-05, 0.0000e+00, 0.0000e+00, 
 2DIAGNOSTIC,    19, -7.579798639732e-01, 2.367491937447e-05, 0.0000e+00, 0.0000e+00, 
 2DIAGNOSTIC,    20, -7.579822500840e-01, 8.546350170044e-06, 0.0000e+00, 0.0000e+00, 
 2DIAGNOSTIC,    21, -7.580024479092e-01, 3.198211660824e-06, 0.0000e+00, 0.0000e+00, 
 2DIAGNOSTIC,    22, -7.580109756735e-01, 3.144677563828e-06, 0.0000e+00, 0.0000e+00, 
 2DIAGNOSTIC,    23, -7.580808606987e-01, 4.590117227123e-06, 0.0000e+00, 0.0000e+00, 
 2DIAGNOSTIC,    24, -7.580997803367e-01, 5.778883132065e-06, 0.0000e+00, 0.0000e+00, 
 2DIAGNOSTIC,    25, -7.581041003041e-01, 6.327853893956e-06, 0.0000e+00, 0.0000e+00, 
 2DIAGNOSTIC,    26, -7.581086230741e-01, 6.495499141133e-06, 0.0000e+00, 0.0000e+00, 
 2DIAGNOSTIC,    27, -7.581017790614e-01, 6.272008812293e-06, 0.0000e+00, 0.0000e+00, 
 2DIAGNOSTIC,    28, -7.581229547943e-01, 6.074231425096e-06, 0.0000e+00, 0.0000e+00, 
 2DIAGNOSTIC,    29, -7.581886742459e-01, 6.129531977477e-06, 0.0000e+00, 0.0000e+00, 
 2DIAGNOSTIC,    30, -7.583762295015e-01, 8.066636278614e-06, 0.0000e+00, 0.0000e+00, 
 2DIAGNOSTIC,    31, -7.584636688153e-01, 1.047742567324e-05, 0.0000e+00, 0.0000e+00, 
 2DIAGNOSTIC,    32, -7.584181277063e-01, 1.139685687446e-05, 0.0000e+00, 0.0000e+00, 
 2DIAGNOSTIC,    33, -7.583907781935e-01, 1.180747014459e-05, 0.0000e+00, 0.0000e+00, 
 2DIAGNOSTIC,    34, -7.583977511371e-01, 1.144524967975e-05, 0.0000e+00, 0.0000e+00, 
 2DIAGNOSTIC,    35, -7.584036398866e-01, 1.016183714678e-05, 0.0000e+00, 0.0000e+00, 
 2DIAGNOSTIC,    36, -7.583964022261e-01, 8.030559962496e-06, 0.0000e+00, 0.0000e+00, 
 2DIAGNOSTIC,    37, -7.584095123539e-01, 5.439981612284e-06, 0.0000e+00, 0.0000e+00, 
 2DIAGNOSTIC,    38, -7.584293614602e-01, 2.974679844711e-06, 0.0000e+00, 0.0000e+00, 
DIAGNOSTIC,Iteration,metricValue,convergenceValue,ITERATION_TIME_INDEX,SINCE_LAST
 2DIAGNOSTIC,     1, -6.319087911243e-01, 1.797693134862e+308, 0.0000e+00, 0.0000e+00, 
 2DIAGNOSTIC,     2, -6.326948004003e-01, 1.797693134862e+308, 0.0000e+00, 0.0000e+00, 
 2DIAGNOSTIC,     3, -6.335649754230e-01, 1.797693134862e+308, 0.0000e+00, 0.0000e+00, 
 2DIAGNOSTIC,     4, -6.343923551965e-01, 1.797693134862e+308, 0.0000e+00, 0.0000e+00, 
 2DIAGNOSTIC,     5, -6.353427603651e-01, 1.797693134862e+308, 0.0000e+00, 0.0000e+00, 
 2DIAGNOSTIC,     6, -6.362983405254e-01, 1.797693134862e+308, 0.0000e+00, 0.0000e+00, 
 2DIAGNOSTIC,     7, -6.363129937533e-01, 1.797693134862e+308, 0.0000e+00, 0.0000e+00, 
 2DIAGNOSTIC,     8, -6.363078620127e-01, 1.797693134862e+308, 0.0000e+00, 0.0000e+00, 
 2DIAGNOSTIC,     9, -6.363077765442e-01, 1.797693134862e+308, 0.0000e+00, 0.0000e+00, 
 2DIAGNOSTIC,    10, -6.363078514613e-01, 4.747543291844e-04, 0.0000e+00, 0.0000e+00, 
 2DIAGNOSTIC,    11, -6.363076758662e-01, 3.204906237937e-04, 0.0000e+00, 0.0000e+00, 
 2DIAGNOSTIC,    12, -6.363076715391e-01, 1.926953698706e-04, 0.0000e+00, 0.0000e+00, 
 2DIAGNOSTIC,    13, -6.363059005302e-01, 9.743635409823e-05, 0.0000e+00, 0.0000e+00, 
 2DIAGNOSTIC,    14, -6.363059092440e-01, 3.312316174403e-05, 0.0000e+00, 0.0000e+00, 
 2DIAGNOSTIC,    15, -6.363059908190e-01, 2.107881749647e-06, 0.0000e+00, 0.0000e+00, 
 2DIAGNOSTIC,    16, -6.363060562248e-01, 1.674036357036e-06, 0.0000e+00, 0.0000e+00, 
 2DIAGNOSTIC,    17, -6.363060562248e-01, 1.708609492397e-06, 0.0000e+00, 0.0000e+00, 
 2DIAGNOSTIC,    18, -6.363060562248e-01, 1.626581450392e-06, 0.0000e+00, 0.0000e+00, 
 2DIAGNOSTIC,    19, -6.363060562248e-01, 1.563246076745e-06, 0.0000e+00, 0.0000e+00, 
 2DIAGNOSTIC,    20, -6.363060562248e-01, 1.516666895976e-06, 0.0000e+00, 0.0000e+00, 
 2DIAGNOSTIC,    21, -6.363060562248e-01, 1.476229008091e-06, 0.0000e+00, 0.0000e+00, 
 2DIAGNOSTIC,    22, -6.363060562248e-01, 1.443114258377e-06, 0.0000e+00, 0.0000e+00, 
 2DIAGNOSTIC,    23, -6.363060562248e-01, 1.377864382764e-06, 0.0000e+00, 0.0000e+00, 
 2DIAGNOSTIC,    24, -6.363060562248e-01, 1.317818374251e-06, 0.0000e+00, 0.0000e+00, 
 2DIAGNOSTIC,    25, -6.363060562248e-01, 1.263890907474e-06, 0.0000e+00, 0.0000e+00, 
 2DIAGNOSTIC,    26, -6.363060562248e-01, 1.215239668430e-06, 0.0000e+00, 0.0000e+00, 
 2DIAGNOSTIC,    27, -6.363060562248e-01, 1.170195083930e-06, 0.0000e+00, 0.0000e+00, 
 2DIAGNOSTIC,    28, -6.363060562248e-01, 1.128370431119e-06, 0.0000e+00, 0.0000e+00, 
 2DIAGNOSTIC,    29, -6.363060562248e-01, 1.089432367596e-06, 0.0000e+00, 0.0000e+00, 
 2DIAGNOSTIC,    30, -6.363060562248e-01, 1.053092028296e-06, 0.0000e+00, 0.0000e+00, 
 2DIAGNOSTIC,    31, -6.363060562248e-01, 1.019097846888e-06, 0.0000e+00, 0.0000e+00, 
DIAGNOSTIC,Iteration,metricValue,convergenceValue,ITERATION_TIME_INDEX,SINCE_LAST
 2DIAGNOSTIC,     1, -5.630079406959e-01, 1.797693134862e+308, 0.0000e+00, 0.0000e+00, 
 2DIAGNOSTIC,     2, -5.632502961270e-01, 1.797693134862e+308, 0.0000e+00, 0.0000e+00, 
 2DIAGNOSTIC,     3, -5.633827901435e-01, 1.797693134862e+308, 0.0000e+00, 0.0000e+00, 
 2DIAGNOSTIC,     4, -5.636398446381e-01, 1.797693134862e+308, 0.0000e+00, 0.0000e+00, 
 2DIAGNOSTIC,     5, -5.638633940093e-01, 1.797693134862e+308, 0.0000e+00, 0.0000e+00, 
 2DIAGNOSTIC,     6, -5.638655113164e-01, 1.797693134862e+308, 0.0000e+00, 0.0000e+00, 
 2DIAGNOSTIC,     7, -5.638840662897e-01, 1.797693134862e+308, 0.0000e+00, 0.0000e+00, 
 2DIAGNOSTIC,     8, -5.638975656258e-01, 1.797693134862e+308, 0.0000e+00, 0.0000e+00, 
 2DIAGNOSTIC,     9, -5.639006304686e-01, 1.797693134862e+308, 0.0000e+00, 0.0000e+00, 
 2DIAGNOSTIC,    10, -5.638985675744e-01, 1.007028989459e-04, 0.0000e+00, 0.0000e+00, 
 2DIAGNOSTIC,    11, -5.638953620624e-01, 6.235661000721e-05, 0.0000e+00, 0.0000e+00, 
 2DIAGNOSTIC,    12, -5.638964692931e-01, 3.541240902095e-05, 0.0000e+00, 0.0000e+00, 
 2DIAGNOSTIC,    13, -5.638936914670e-01, 1.448981672199e-05, 0.0000e+00, 0.0000e+00, 
 2DIAGNOSTIC,    14, -5.638943130802e-01, 4.519967038930e-06, 0.0000e+00, 0.0000e+00, 
 2DIAGNOSTIC,    15, -5.638962500238e-01, 3.264710890155e-06, 0.0000e+00, 0.0000e+00, 
 2DIAGNOSTIC,    16, -5.638961819603e-01, 2.113469014450e-06, 0.0000e+00, 0.0000e+00, 
 2DIAGNOSTIC,    17, -5.638964199372e-01, 1.631916890565e-06, 0.0000e+00, 0.0000e+00, 
 2DIAGNOSTIC,    18, -5.638965196523e-01, 1.602775955012e-06, 0.0000e+00, 0.0000e+00, 
 2DIAGNOSTIC,    19, -5.638957361571e-01, 1.652076402694e-06, 0.0000e+00, 0.0000e+00, 
 2DIAGNOSTIC,    20, -5.638943938994e-01, 1.612864657163e-06, 0.0000e+00, 0.0000e+00, 
 2DIAGNOSTIC,    21, -5.638946006227e-01, 1.501473104487e-06, 0.0000e+00, 0.0000e+00, 
 2DIAGNOSTIC,    22, -5.638939032336e-01, 1.411632517739e-06, 0.0000e+00, 0.0000e+00, 
 2DIAGNOSTIC,    23, -5.638940978448e-01, 1.275317425768e-06, 0.0000e+00, 0.0000e+00, 
 2DIAGNOSTIC,    24, -5.638934294138e-01, 1.157575780619e-06, 0.0000e+00, 0.0000e+00, 
 2DIAGNOSTIC,    25, -5.638940601508e-01, 1.116706693047e-06, 0.0000e+00, 0.0000e+00, 
 2DIAGNOSTIC,    26, -5.638941845046e-01, 1.093113852747e-06, 0.0000e+00, 0.0000e+00, 
 2DIAGNOSTIC,    27, -5.638932706692e-01, 1.069503711544e-06, 0.0000e+00, 0.0000e+00, 
 2DIAGNOSTIC,    28, -5.638936313739e-01, 1.066185325603e-06, 0.0000e+00, 0.0000e+00, 
 2DIAGNOSTIC,    29, -5.638936006087e-01, 1.055070742016e-06, 0.0000e+00, 0.0000e+00, 
 2DIAGNOSTIC,    30, -5.638936283153e-01, 1.025302086066e-06, 0.0000e+00, 0.0000e+00, 
 2DIAGNOSTIC,    31, -5.638936283153e-01, 1.003635002210e-06, 0.0000e+00, 0.0000e+00, 
  Elapsed time (stage 0): 0.0000e+00


Total elapsed time: 0.0000e+00
VFC_BACKENDS=libinterflop_vprec.so --range-binary32=8 --precision-binary32=16 --range-binary64=8 --precision-binary64=16
Info [verificarlo]: loaded backend libinterflop_vprec.so
Info [interflop-vprec]: load backend with: 
Info [interflop-vprec]: precision-binary32 = 16
Info [interflop-vprec]: range-binary32 = 8
Info [interflop-vprec]: precision-binary64 = 16
Info [interflop-vprec]: range-binary64 = 8
Info [interflop-vprec]: mode = ob
Info [interflop-vprec]: error-mode = rel
Info [interflop-vprec]: max-abs-error-exponent = -1022
Info [interflop-vprec]: daz = false
Info [interflop-vprec]: ftz = false
Info [interflop-vprec]: 	instrument = none
Info [interflop-vprec]: 	prec-input-file = (null)
Info [interflop-vprec]: 	prec-output-file = (null)
Info [interflop-vprec]: 	prec-log-file = (null)
All_Command_lines_OK
Using double precision for computations.
=============================================================================
The composite transform comprises the following transforms (in order): 
  1. /project/rrg-glatard/mdugre/datasets/corr/RawDataBIDS/BMB_1/derivatives/vprec-space_search/0011/r8-p16/sub-0003061/affine_Composite.h5[0] (type = Euler3DTransform)
  2. /project/rrg-glatard/mdugre/datasets/corr/RawDataBIDS/BMB_1/derivatives/vprec-space_search/0011/r8-p16/sub-0003061/affine_Composite.h5[1] (type = Euler3DTransform)
  3. /project/rrg-glatard/mdugre/datasets/corr/RawDataBIDS/BMB_1/derivatives/vprec-space_search/0011/r8-p16/sub-0003061/affine_Composite.h5[2] (type = Euler3DTransform)
  4. /project/rrg-glatard/mdugre/datasets/corr/RawDataBIDS/BMB_1/derivatives/vprec-space_search/0011/r8-p16/sub-0003061/affine_Composite.h5[3] (type = AffineTransform)
=============================================================================
  number of levels = 4
  fixed image: /templateflow/tpl-MNI152NLin2009cAsym/tpl-MNI152NLin2009cAsym_res-01_desc-brain_T1w.nii.gz
  moving image: /project/rrg-glatard/mdugre/datasets/corr/RawDataBIDS/BMB_1/derivatives/antsBrainExtraction/sub-0003061/BrainExtractionBrain.nii.gz
Dimension = 3
Number of stages = 1
Use histogram matching = false
Winsorize image intensities = true
  Lower quantile = 0.005
  Upper quantile = 0.995


Stage 1 State
   Image metric = CC
     Fixed image = Image (0x34734c0)
  RTTI typeinfo:   itk::Image<double, 3u>
  Reference Count: 2
  Modified Time: 1606
  Debug: Off
  Object Name: 
  Observers: 
    none
  Source: (none)
  Source output name: (none)
  Release Data: Off
  Data Released: False
  Global Release Data: Off
  PipelineMTime: 0
  UpdateMTime: 1217
  RealTimeStamp: 0 seconds 
  LargestPossibleRegion: 
    Dimension: 3
    Index: [0, 0, 0]
    Size: [193, 229, 193]
  BufferedRegion: 
    Dimension: 3
    Index: [0, 0, 0]
    Size: [193, 229, 193]
  RequestedRegion: 
    Dimension: 3
    Index: [0, 0, 0]
    Size: [193, 229, 193]
  Spacing: [1, 1, 1]
  Origin: [96, 132, -78]
  Direction: 
-1 0 0
0 -1 0
0 0 1

  IndexToPointMatrix: 
-1 0 0
0 -1 0
0 0 1

  PointToIndexMatrix: 
-1 0 0
0 -1 0
0 0 1

  Inverse Direction: 
-1 0 0
0 -1 0
0 0 1

  PixelContainer: 
    ImportImageContainer (0x3540940)
      RTTI typeinfo:   itk::ImportImageContainer<unsigned long, double>
      Reference Count: 1
      Modified Time: 1214
      Debug: Off
      Object Name: 
      Observers: 
        none
      Pointer: 0x14760d846010
      Container manages memory: true
      Size: 8530021
      Capacity: 8530021

     Moving image = Image (0x352df40)
  RTTI typeinfo:   itk::Image<double, 3u>
  Reference Count: 2
  Modified Time: 1607
  Debug: Off
  Object Name: 
  Observers: 
    none
  Source: (none)
  Source output name: (none)
  Release Data: Off
  Data Released: False
  Global Release Data: Off
  PipelineMTime: 0
  UpdateMTime: 1604
  RealTimeStamp: 0 seconds 
  LargestPossibleRegion: 
    Dimension: 3
    Index: [0, 0, 0]
    Size: [176, 256, 256]
  BufferedRegion: 
    Dimension: 3
    Index: [0, 0, 0]
    Size: [176, 256, 256]
  RequestedRegion: 
    Dimension: 3
    Index: [0, 0, 0]
    Size: [176, 256, 256]
  Spacing: [1, 1, 1]
  Origin: [-72.3652, 96.7891, -121.381]
  Direction: 
1 0 0
0 -1 0
0 0 1

  IndexToPointMatrix: 
1 0 0
0 -1 0
0 0 1

  PointToIndexMatrix: 
1 0 0
0 -1 0
0 0 1

  Inverse Direction: 
1 0 0
0 -1 0
0 0 1

  PixelContainer: 
    ImportImageContainer (0x354a380)
      RTTI typeinfo:   itk::ImportImageContainer<unsigned long, double>
      Reference Count: 1
      Modified Time: 1601
      Debug: Off
      Object Name: 
      Observers: 
        none
      Pointer: 0x147608045010
      Container manages memory: true
      Size: 11534336
      Capacity: 11534336

     Weighting = 1
     Sampling strategy = none
     Number of bins = 32
     Radius = 4
     Sampling percentage  = 1
   Transform = SyN
     Gradient step = 0.1
     Update field sigma (voxel space) = 3
     Total field sigma (voxel space) = 0
     Update field time sigma = 0
     Total field time sigma  = 0
     Number of time indices = 0
     Number of time point samples = 0
Registration using 1 total stages.

Stage 0
  iterations = 100x70x50x20
  convergence threshold = 1e-06
  convergence window size = 10
  number of levels = 4
  using the CC metric (radius = 4, weight = 1, use gradient filter = 0)
  preprocessing:  winsorizing the image intensities
  Shrink factors (level 1 out of 4): [8, 8, 8]
  Shrink factors (level 2 out of 4): [4, 4, 4]
  Shrink factors (level 3 out of 4): [2, 2, 2]
  Shrink factors (level 4 out of 4): [1, 1, 1]
  smoothing sigmas per level: [3, 2, 1, 0]
  Using default NONE metricSamplingStrategy 

*** Running SyN registration (varianceForUpdateField = 3, varianceForTotalField = 0) ***

XXDIAGNOSTIC,Iteration,metricValue,convergenceValue,ITERATION_TIME_INDEX,SINCE_LAST
 1DIAGNOSTIC,     1, -9.411087036133e-01, 1.797693134862e+308, 0.0000e+00, 0.0000e+00, 
 1DIAGNOSTIC,     2, -9.457092285156e-01, 1.797693134862e+308, 0.0000e+00, 0.0000e+00, 
 1DIAGNOSTIC,     3, -9.493026733398e-01, 1.797693134862e+308, 0.0000e+00, 0.0000e+00, 
 1DIAGNOSTIC,     4, -9.513702392578e-01, 1.797693134862e+308, 0.0000e+00, 0.0000e+00, 
 1DIAGNOSTIC,     5, -9.531784057617e-01, 1.797693134862e+308, 0.0000e+00, 0.0000e+00, 
 1DIAGNOSTIC,     6, -9.553756713867e-01, 1.797693134862e+308, 0.0000e+00, 0.0000e+00, 
 1DIAGNOSTIC,     7, -9.582214355469e-01, 1.797693134862e+308, 0.0000e+00, 0.0000e+00, 
 1DIAGNOSTIC,     8, -9.619750976562e-01, 1.797693134862e+308, 0.0000e+00, 0.0000e+00, 
 1DIAGNOSTIC,     9, -9.669647216797e-01, 1.797693134862e+308, 0.0000e+00, 0.0000e+00, 
 1DIAGNOSTIC,    10, -9.697036743164e-01, 1.776997648134e-03, 0.0000e+00, 0.0000e+00, 
 1DIAGNOSTIC,    11, -9.700088500977e-01, 1.559879233228e-03, 0.0000e+00, 0.0000e+00, 
 1DIAGNOSTIC,    12, -9.718627929688e-01, 1.399022249289e-03, 0.0000e+00, 0.0000e+00, 
 1DIAGNOSTIC,    13, -9.720687866211e-01, 1.221645226594e-03, 0.0000e+00, 0.0000e+00, 
 1DIAGNOSTIC,    14, -9.729385375977e-01, 1.019953734784e-03, 0.0000e+00, 0.0000e+00, 
 1DIAGNOSTIC,    15, -9.728546142578e-01, 7.861666440782e-04, 0.0000e+00, 0.0000e+00, 
 1DIAGNOSTIC,    16, -9.734344482422e-01, 5.621002305960e-04, 0.0000e+00, 0.0000e+00, 
 1DIAGNOSTIC,    17, -9.733276367188e-01, 3.600728302106e-04, 0.0000e+00, 0.0000e+00, 
 1DIAGNOSTIC,    18, -9.738235473633e-01, 2.155351961436e-04, 0.0000e+00, 0.0000e+00, 
 1DIAGNOSTIC,    19, -9.737167358398e-01, 1.413610944791e-04, 0.0000e+00, 0.0000e+00, 
 1DIAGNOSTIC,    20, -9.741134643555e-01, 1.082238437160e-04, 0.0000e+00, 0.0000e+00, 
 1DIAGNOSTIC,    21, -9.739685058594e-01, 6.989079478605e-05, 0.0000e+00, 0.0000e+00, 
 1DIAGNOSTIC,    22, -9.742965698242e-01, 5.801464966670e-05, 0.0000e+00, 0.0000e+00, 
 1DIAGNOSTIC,    23, -9.741439819336e-01, 4.220670523952e-05, 0.0000e+00, 0.0000e+00, 
 1DIAGNOSTIC,    24, -9.744338989258e-01, 3.826990434765e-05, 0.0000e+00, 0.0000e+00, 
 1DIAGNOSTIC,    25, -9.742813110352e-01, 2.816045836310e-05, 0.0000e+00, 0.0000e+00, 
 1DIAGNOSTIC,    26, -9.745483398438e-01, 2.602590493445e-05, 0.0000e+00, 0.0000e+00, 
 1DIAGNOSTIC,    27, -9.743957519531e-01, 1.869268124513e-05, 0.0000e+00, 0.0000e+00, 
 1DIAGNOSTIC,    28, -9.746398925781e-01, 1.811752197858e-05, 0.0000e+00, 0.0000e+00, 
 1DIAGNOSTIC,    29, -9.744873046875e-01, 1.318884008122e-05, 0.0000e+00, 0.0000e+00, 
 1DIAGNOSTIC,    30, -9.747238159180e-01, 1.375553581697e-05, 0.0000e+00, 0.0000e+00, 
 1DIAGNOSTIC,    31, -9.745712280273e-01, 1.012773492121e-05, 0.0000e+00, 0.0000e+00, 
 1DIAGNOSTIC,    32, -9.748001098633e-01, 1.107493496027e-05, 0.0000e+00, 0.0000e+00, 
 1DIAGNOSTIC,    33, -9.746475219727e-01, 8.175274548335e-06, 0.0000e+00, 0.0000e+00, 
 1DIAGNOSTIC,    34, -9.748611450195e-01, 9.200110063938e-06, 0.0000e+00, 0.0000e+00, 
 1DIAGNOSTIC,    35, -9.747161865234e-01, 6.780700522752e-06, 0.0000e+00, 0.0000e+00, 
 1DIAGNOSTIC,    36, -9.749145507812e-01, 7.811512693082e-06, 0.0000e+00, 0.0000e+00, 
 1DIAGNOSTIC,    37, -9.748306274414e-01, 6.159587256149e-06, 0.0000e+00, 0.0000e+00, 
 1DIAGNOSTIC,    38, -9.750289916992e-01, 7.567966186707e-06, 0.0000e+00, 0.0000e+00, 
 1DIAGNOSTIC,    39, -9.748764038086e-01, 5.886145120319e-06, 0.0000e+00, 0.0000e+00, 
 1DIAGNOSTIC,    40, -9.750671386719e-01, 7.017075501159e-06, 0.0000e+00, 0.0000e+00, 
 1DIAGNOSTIC,    41, -9.749221801758e-01, 5.289239571382e-06, 0.0000e+00, 0.0000e+00, 
 1DIAGNOSTIC,    42, -9.751052856445e-01, 6.147433544768e-06, 0.0000e+00, 0.0000e+00, 
 1DIAGNOSTIC,    43, -9.749603271484e-01, 4.347663814443e-06, 0.0000e+00, 0.0000e+00, 
 1DIAGNOSTIC,    44, -9.751358032227e-01, 4.945030971048e-06, 0.0000e+00, 0.0000e+00, 
 1DIAGNOSTIC,    45, -9.749908447266e-01, 3.163221851676e-06, 0.0000e+00, 0.0000e+00, 
 1DIAGNOSTIC,    46, -9.751510620117e-01, 3.554067068923e-06, 0.0000e+00, 0.0000e+00, 
 1DIAGNOSTIC,    47, -9.750061035156e-01, 2.165836345665e-06, 0.0000e+00, 0.0000e+00, 
 1DIAGNOSTIC,    48, -9.751586914062e-01, 2.890261252043e-06, 0.0000e+00, 0.0000e+00, 
 1DIAGNOSTIC,    49, -9.750137329102e-01, 1.535511528823e-06, 0.0000e+00, 0.0000e+00, 
 1DIAGNOSTIC,    50, -9.751510620117e-01, 2.123159092749e-06, 0.0000e+00, 0.0000e+00, 
 1DIAGNOSTIC,    51, -9.750137329102e-01, 8.727750132644e-07, 0.0000e+00, 0.0000e+00, 
XXDIAGNOSTIC,Iteration,metricValue,convergenceValue,ITERATION_TIME_INDEX,SINCE_LAST
 1DIAGNOSTIC,     1, -9.227142333984e-01, 1.797693134862e+308, 0.0000e+00, 0.0000e+00, 
 1DIAGNOSTIC,     2, -9.253158569336e-01, 1.797693134862e+308, 0.0000e+00, 0.0000e+00, 
 1DIAGNOSTIC,     3, -9.285507202148e-01, 1.797693134862e+308, 0.0000e+00, 0.0000e+00, 
 1DIAGNOSTIC,     4, -9.320373535156e-01, 1.797693134862e+308, 0.0000e+00, 0.0000e+00, 
 1DIAGNOSTIC,     5, -9.349746704102e-01, 1.797693134862e+308, 0.0000e+00, 0.0000e+00, 
 1DIAGNOSTIC,     6, -9.370803833008e-01, 1.797693134862e+308, 0.0000e+00, 0.0000e+00, 
 1DIAGNOSTIC,     7, -9.387435913086e-01, 1.797693134862e+308, 0.0000e+00, 0.0000e+00, 
 1DIAGNOSTIC,     8, -9.400787353516e-01, 1.797693134862e+308, 0.0000e+00, 0.0000e+00, 
 1DIAGNOSTIC,     9, -9.411315917969e-01, 1.797693134862e+308, 0.0000e+00, 0.0000e+00, 
 1DIAGNOSTIC,    10, -9.419937133789e-01, 1.362025209027e-03, 0.0000e+00, 0.0000e+00, 
 1DIAGNOSTIC,    11, -9.427337646484e-01, 1.058565033104e-03, 0.0000e+00, 0.0000e+00, 
 1DIAGNOSTIC,    12, -9.434127807617e-01, 7.935168990221e-04, 0.0000e+00, 0.0000e+00, 
 1DIAGNOSTIC,    13, -9.440917968750e-01, 5.881562138425e-04, 0.0000e+00, 0.0000e+00, 
 1DIAGNOSTIC,    14, -9.447555541992e-01, 4.478610533009e-04, 0.0000e+00, 0.0000e+00, 
 1DIAGNOSTIC,    15, -9.454650878906e-01, 3.586465323931e-04, 0.0000e+00, 0.0000e+00, 
 1DIAGNOSTIC,    16, -9.462432861328e-01, 3.019479202625e-04, 0.0000e+00, 0.0000e+00, 
 1DIAGNOSTIC,    17, -9.470748901367e-01, 2.682423116035e-04, 0.0000e+00, 0.0000e+00, 
 1DIAGNOSTIC,    18, -9.476470947266e-01, 2.453240806532e-04, 0.0000e+00, 0.0000e+00, 
 1DIAGNOSTIC,    19, -9.483871459961e-01, 2.305787022587e-04, 0.0000e+00, 0.0000e+00, 
 1DIAGNOSTIC,    20, -9.488601684570e-01, 2.159343053673e-04, 0.0000e+00, 0.0000e+00, 
 1DIAGNOSTIC,    21, -9.492950439453e-01, 1.994301628008e-04, 0.0000e+00, 0.0000e+00, 
 1DIAGNOSTIC,    22, -9.496917724609e-01, 1.805470974013e-04, 0.0000e+00, 0.0000e+00, 
 1DIAGNOSTIC,    23, -9.500579833984e-01, 1.601346033207e-04, 0.0000e+00, 0.0000e+00, 
 1DIAGNOSTIC,    24, -9.504241943359e-01, 1.393565334385e-04, 0.0000e+00, 0.0000e+00, 
 1DIAGNOSTIC,    25, -9.507904052734e-01, 1.200983525861e-04, 0.0000e+00, 0.0000e+00, 
 1DIAGNOSTIC,    26, -9.512939453125e-01, 1.058470944350e-04, 0.0000e+00, 0.0000e+00, 
 1DIAGNOSTIC,    27, -9.515762329102e-01, 9.509527109024e-05, 0.0000e+00, 0.0000e+00, 
 1DIAGNOSTIC,    28, -9.520111083984e-01, 8.695526793145e-05, 0.0000e+00, 0.0000e+00, 
 1DIAGNOSTIC,    29, -9.522399902344e-01, 8.122384728263e-05, 0.0000e+00, 0.0000e+00, 
 1DIAGNOSTIC,    30, -9.524536132812e-01, 7.511761671204e-05, 0.0000e+00, 0.0000e+00, 
 1DIAGNOSTIC,    31, -9.526214599609e-01, 6.817456200806e-05, 0.0000e+00, 0.0000e+00, 
 1DIAGNOSTIC,    32, -9.521636962891e-01, 5.467035846288e-05, 0.0000e+00, 0.0000e+00, 
 1DIAGNOSTIC,    33, -9.523239135742e-01, 4.180593005628e-05, 0.0000e+00, 0.0000e+00, 
 1DIAGNOSTIC,    34, -9.522171020508e-01, 2.800388972653e-05, 0.0000e+00, 0.0000e+00, 
 1DIAGNOSTIC,    35, -9.520416259766e-01, 1.396545433181e-05, 0.0000e+00, 0.0000e+00, 
 1DIAGNOSTIC,    36, -9.518966674805e-01, 2.510955265173e-06, 0.0000e+00, 0.0000e+00, 
 1DIAGNOSTIC,    37, -9.519042968750e-01, -6.114626782929e-06, 0.0000e+00, 0.0000e+00, 
XXDIAGNOSTIC,Iteration,metricValue,convergenceValue,ITERATION_TIME_INDEX,SINCE_LAST
 1DIAGNOSTIC,     1, -9.001922607422e-01, 1.797693134862e+308, 0.0000e+00, 0.0000e+00, 
 1DIAGNOSTIC,     2, -9.015502929688e-01, 1.797693134862e+308, 0.0000e+00, 0.0000e+00, 
 1DIAGNOSTIC,     3, -9.036026000977e-01, 1.797693134862e+308, 0.0000e+00, 0.0000e+00, 
 1DIAGNOSTIC,     4, -9.056854248047e-01, 1.797693134862e+308, 0.0000e+00, 0.0000e+00, 
 1DIAGNOSTIC,     5, -9.079742431641e-01, 1.797693134862e+308, 0.0000e+00, 0.0000e+00, 
 1DIAGNOSTIC,     6, -9.102935791016e-01, 1.797693134862e+308, 0.0000e+00, 0.0000e+00, 
 1DIAGNOSTIC,     7, -9.124298095703e-01, 1.797693134862e+308, 0.0000e+00, 0.0000e+00, 
 1DIAGNOSTIC,     8, -9.142684936523e-01, 1.797693134862e+308, 0.0000e+00, 0.0000e+00, 
 1DIAGNOSTIC,     9, -9.159469604492e-01, 1.797693134862e+308, 0.0000e+00, 0.0000e+00, 
 1DIAGNOSTIC,    10, -9.174652099609e-01, 1.281105268217e-03, 0.0000e+00, 0.0000e+00, 
 1DIAGNOSTIC,    11, -9.189987182617e-01, 1.140323244557e-03, 0.0000e+00, 0.0000e+00, 
 1DIAGNOSTIC,    12, -9.201278686523e-01, 9.847016128788e-04, 0.0000e+00, 0.0000e+00, 
 1DIAGNOSTIC,    13, -9.214172363281e-01, 8.440237761339e-04, 0.0000e+00, 0.0000e+00, 
 1DIAGNOSTIC,    14, -9.223480224609e-01, 7.133407826777e-04, 0.0000e+00, 0.0000e+00, 
 1DIAGNOSTIC,    15, -9.232025146484e-01, 5.997350008045e-04, 0.0000e+00, 0.0000e+00, 
 1DIAGNOSTIC,    16, -9.240188598633e-01, 5.058751587836e-04, 0.0000e+00, 0.0000e+00, 
 1DIAGNOSTIC,    17, -9.247894287109e-01, 4.293007808776e-04, 0.0000e+00, 0.0000e+00, 
 1DIAGNOSTIC,    18, -9.255142211914e-01, 3.655245869008e-04, 0.0000e+00, 0.0000e+00, 
 1DIAGNOSTIC,    19, -9.261779785156e-01, 3.126367232978e-04, 0.0000e+00, 0.0000e+00, 
 1DIAGNOSTIC,    20, -9.267883300781e-01, 2.687915527093e-04, 0.0000e+00, 0.0000e+00, 
 1DIAGNOSTIC,    21, -9.273605346680e-01, 2.350900793647e-04, 0.0000e+00, 0.0000e+00, 
 1DIAGNOSTIC,    22, -9.278945922852e-01, 2.057053685229e-04, 0.0000e+00, 0.0000e+00, 
 1DIAGNOSTIC,    23, -9.283981323242e-01, 1.836843998309e-04, 0.0000e+00, 0.0000e+00, 
 1DIAGNOSTIC,    24, -9.288787841797e-01, 1.644215076691e-04, 0.0000e+00, 0.0000e+00, 
 1DIAGNOSTIC,    25, -9.293212890625e-01, 1.472575421745e-04, 0.0000e+00, 0.0000e+00, 
 1DIAGNOSTIC,    26, -9.297332763672e-01, 1.321328745469e-04, 0.0000e+00, 0.0000e+00, 
 1DIAGNOSTIC,    27, -9.301147460938e-01, 1.188378154029e-04, 0.0000e+00, 0.0000e+00, 
 1DIAGNOSTIC,    28, -9.304656982422e-01, 1.071319948643e-04, 0.0000e+00, 0.0000e+00, 
 1DIAGNOSTIC,    29, -9.307785034180e-01, 9.650501627814e-05, 0.0000e+00, 0.0000e+00, 
 1DIAGNOSTIC,    30, -9.310531616211e-01, 8.656981671856e-05, 0.0000e+00, 0.0000e+00, 
 1DIAGNOSTIC,    31, -9.312973022461e-01, 7.722033082962e-05, 0.0000e+00, 0.0000e+00, 
 1DIAGNOSTIC,    32, -9.315185546875e-01, 6.843599740347e-05, 0.0000e+00, 0.0000e+00, 
 1DIAGNOSTIC,    33, -9.317169189453e-01, 6.026888194916e-05, 0.0000e+00, 0.0000e+00, 
 1DIAGNOSTIC,    34, -9.318923950195e-01, 5.283437964433e-05, 0.0000e+00, 0.0000e+00, 
 1DIAGNOSTIC,    35, -9.320602416992e-01, 4.621015518377e-05, 0.0000e+00, 0.0000e+00, 
 1DIAGNOSTIC,    36, -9.322128295898e-01, 4.042274656822e-05, 0.0000e+00, 0.0000e+00, 
 1DIAGNOSTIC,    37, -9.323577880859e-01, 3.551627706139e-05, 0.0000e+00, 0.0000e+00, 
 1DIAGNOSTIC,    38, -9.325027465820e-01, 3.154021923831e-05, 0.0000e+00, 0.0000e+00, 
 1DIAGNOSTIC,    39, -9.326324462891e-01, 2.829371325280e-05, 0.0000e+00, 0.0000e+00, 
 1DIAGNOSTIC,    40, -9.327697753906e-01, 2.572460108385e-05, 0.0000e+00, 0.0000e+00, 
 1DIAGNOSTIC,    41, -9.328994750977e-01, 2.367293174221e-05, 0.0000e+00, 0.0000e+00, 
 1DIAGNOSTIC,    42, -9.330368041992e-01, 2.212870114789e-05, 0.0000e+00, 0.0000e+00, 
 1DIAGNOSTIC,    43, -9.331741333008e-01, 2.098716304784e-05, 0.0000e+00, 0.0000e+00, 
 1DIAGNOSTIC,    44, -9.333190917969e-01, 2.017416089515e-05, 0.0000e+00, 0.0000e+00, 
 1DIAGNOSTIC,    45, -9.334564208984e-01, 1.959648428923e-05, 0.0000e+00, 0.0000e+00, 
 1DIAGNOSTIC,    46, -9.336013793945e-01, 1.920198562217e-05, 0.0000e+00, 0.0000e+00, 
 1DIAGNOSTIC,    47, -9.337539672852e-01, 1.897320471456e-05, 0.0000e+00, 0.0000e+00, 
 1DIAGNOSTIC,    48, -9.339065551758e-01, 1.888273442833e-05, 0.0000e+00, 0.0000e+00, 
 1DIAGNOSTIC,    49, -9.340591430664e-01, 1.879638684575e-05, 0.0000e+00, 0.0000e+00, 
 1DIAGNOSTIC,    50, -9.341964721680e-01, 1.864117698693e-05, 0.0000e+00, 0.0000e+00, 
XXDIAGNOSTIC,Iteration,metricValue,convergenceValue,ITERATION_TIME_INDEX,SINCE_LAST
 1DIAGNOSTIC,     1, -8.890151977539e-01, 1.797693134862e+308, 0.0000e+00, 0.0000e+00, 
 1DIAGNOSTIC,     2, -8.902435302734e-01, 1.797693134862e+308, 0.0000e+00, 0.0000e+00, 
 1DIAGNOSTIC,     3, -8.918457031250e-01, 1.797693134862e+308, 0.0000e+00, 0.0000e+00, 
 1DIAGNOSTIC,     4, -8.934860229492e-01, 1.797693134862e+308, 0.0000e+00, 0.0000e+00, 
 1DIAGNOSTIC,     5, -8.950576782227e-01, 1.797693134862e+308, 0.0000e+00, 0.0000e+00, 
 1DIAGNOSTIC,     6, -8.964309692383e-01, 1.797693134862e+308, 0.0000e+00, 0.0000e+00, 
 1DIAGNOSTIC,     7, -8.977966308594e-01, 1.797693134862e+308, 0.0000e+00, 0.0000e+00, 
 1DIAGNOSTIC,     8, -8.990402221680e-01, 1.797693134862e+308, 1.6384e+04, 1.6384e+04, 
 1DIAGNOSTIC,     9, -9.001083374023e-01, 1.797693134862e+308, 1.6384e+04, 0.0000e+00, 
 1DIAGNOSTIC,    10, -9.011917114258e-01, 8.945901540286e-04, 1.6384e+04, 0.0000e+00, 
 1DIAGNOSTIC,    11, -9.021148681641e-01, 7.748095078915e-04, 1.6384e+04, 0.0000e+00, 
 1DIAGNOSTIC,    12, -9.029464721680e-01, 6.595327150490e-04, 1.6384e+04, 0.0000e+00, 
 1DIAGNOSTIC,    13, -9.036331176758e-01, 5.578219287850e-04, 1.6384e+04, 0.0000e+00, 
 1DIAGNOSTIC,    14, -9.042739868164e-01, 4.712645756632e-04, 1.6384e+04, 0.0000e+00, 
 1DIAGNOSTIC,    15, -9.048767089844e-01, 3.988617301994e-04, 1.6384e+04, 0.0000e+00, 
 1DIAGNOSTIC,    16, -9.054260253906e-01, 3.366511229380e-04, 1.6384e+04, 0.0000e+00, 
 1DIAGNOSTIC,    17, -9.059753417969e-01, 2.861858022707e-04, 1.6384e+04, 0.0000e+00, 
 1DIAGNOSTIC,    18, -9.065017700195e-01, 2.458475890136e-04, 1.6384e+04, 0.0000e+00, 
 1DIAGNOSTIC,    19, -9.070205688477e-01, 2.131943026016e-04, 1.6384e+04, 0.0000e+00, 
 1DIAGNOSTIC,    20, -9.075164794922e-01, 1.888017067763e-04, 1.6384e+04, 0.0000e+00, 
  Elapsed time (stage 0): 16384


Total elapsed time: 16384
