
##########################
# Experiment information #
##########################
SIF_IMG: /project/rrg-glatard/mdugre/containers/ants-p2-vprec.sif
EXPERIMENT_NAME: vprec-space_search
CONFIG: 0011
VFC_BACKENDS: libinterflop_vprec.so --range-binary32=7 --precision-binary32=20 --range-binary64=7 --precision-binary64=20

FIXED_IMG: /templateflow/tpl-MNI152NLin2009cAsym/tpl-MNI152NLin2009cAsym_res-01_desc-brain_T1w.nii.gz
SUBJECT_ID: 0003059
INPUT_IMG: /project/rrg-glatard/mdugre/datasets/corr/RawDataBIDS/BMB_1/derivatives/antsBrainExtraction/sub-0003059/BrainExtractionBrain.nii.gz
OUTPUT_DIR: /project/rrg-glatard/mdugre/datasets/corr/RawDataBIDS/BMB_1/derivatives/vprec-space_search/0011/r7-p20/sub-0003059

ITK_GLOBAL_DEFAULT_NUMBER_OF_THREADS: 8
##########################

VFC_BACKENDS=libinterflop_ieee.so
Info [verificarlo]: loaded backend libinterflop_ieee.so
Info [interflop-ieee]: load backend with:
Info [interflop-ieee]: debug = false
Info [interflop-ieee]: debug-binary = false
Info [interflop-ieee]: no-backend-name = false
Info [interflop-ieee]: print-new-line = false
Info [interflop-ieee]: print-subnormal-normalized = false
Info [interflop-ieee]: count-op = false
All_Command_lines_OK
Using double precision for computations.
=============================================================================
The composite transform comprises the following transforms (in order): 
  1. Center of mass alignment using fixed image: /templateflow/tpl-MNI152NLin2009cAsym/tpl-MNI152NLin2009cAsym_res-01_desc-brain_T1w.nii.gz and moving image: /project/rrg-glatard/mdugre/datasets/corr/RawDataBIDS/BMB_1/derivatives/antsBrainExtraction/sub-0003059/BrainExtractionBrain.nii.gz (type = Euler3DTransform)
=============================================================================
  number of levels = 1
  fixed image: /templateflow/tpl-MNI152NLin2009cAsym/tpl-MNI152NLin2009cAsym_res-01_desc-brain_T1w.nii.gz
  moving image: /project/rrg-glatard/mdugre/datasets/corr/RawDataBIDS/BMB_1/derivatives/antsBrainExtraction/sub-0003059/BrainExtractionBrain.nii.gz
Dimension = 3
Number of stages = 1
Use histogram matching = false
Winsorize image intensities = true
  Lower quantile = 0.005
  Upper quantile = 0.995


Stage 1 State
   Image metric = MattesMI
     Fixed image = Image (0x3b02390)
  RTTI typeinfo:   itk::Image<double, 3u>
  Reference Count: 2
  Modified Time: 2330
  Debug: Off
  Object Name: 
  Observers: 
    none
  Source: (none)
  Source output name: (none)
  Release Data: Off
  Data Released: False
  Global Release Data: Off
  PipelineMTime: 0
  UpdateMTime: 1941
  RealTimeStamp: 0 seconds 
  LargestPossibleRegion: 
    Dimension: 3
    Index: [0, 0, 0]
    Size: [193, 229, 193]
  BufferedRegion: 
    Dimension: 3
    Index: [0, 0, 0]
    Size: [193, 229, 193]
  RequestedRegion: 
    Dimension: 3
    Index: [0, 0, 0]
    Size: [193, 229, 193]
  Spacing: [1, 1, 1]
  Origin: [96, 132, -78]
  Direction: 
-1 0 0
0 -1 0
0 0 1

  IndexToPointMatrix: 
-1 0 0
0 -1 0
0 0 1

  PointToIndexMatrix: 
-1 0 0
0 -1 0
0 0 1

  Inverse Direction: 
-1 0 0
0 -1 0
0 0 1

  PixelContainer: 
    ImportImageContainer (0x3bcda90)
      RTTI typeinfo:   itk::ImportImageContainer<unsigned long, double>
      Reference Count: 1
      Modified Time: 1938
      Debug: Off
      Object Name: 
      Observers: 
        none
      Pointer: 0x14e8f0ba0010
      Container manages memory: true
      Size: 8530021
      Capacity: 8530021

     Moving image = Image (0x3b07390)
  RTTI typeinfo:   itk::Image<double, 3u>
  Reference Count: 2
  Modified Time: 2331
  Debug: Off
  Object Name: 
  Observers: 
    none
  Source: (none)
  Source output name: (none)
  Release Data: Off
  Data Released: False
  Global Release Data: Off
  PipelineMTime: 0
  UpdateMTime: 2328
  RealTimeStamp: 0 seconds 
  LargestPossibleRegion: 
    Dimension: 3
    Index: [0, 0, 0]
    Size: [176, 256, 256]
  BufferedRegion: 
    Dimension: 3
    Index: [0, 0, 0]
    Size: [176, 256, 256]
  RequestedRegion: 
    Dimension: 3
    Index: [0, 0, 0]
    Size: [176, 256, 256]
  Spacing: [1, 1, 1]
  Origin: [-86.8362, 96.2771, -119.914]
  Direction: 
1 0 0
0 -1 0
0 0 1

  IndexToPointMatrix: 
1 0 0
0 -1 0
0 0 1

  PointToIndexMatrix: 
1 0 0
0 -1 0
0 0 1

  Inverse Direction: 
1 0 0
0 -1 0
0 0 1

  PixelContainer: 
    ImportImageContainer (0x3cadb90)
      RTTI typeinfo:   itk::ImportImageContainer<unsigned long, double>
      Reference Count: 1
      Modified Time: 2325
      Debug: Off
      Object Name: 
      Observers: 
        none
      Pointer: 0x14e8eb39f010
      Container manages memory: true
      Size: 11534336
      Capacity: 11534336

     Weighting = 1
     Sampling strategy = regular
     Number of bins = 32
     Radius = 4
     Sampling percentage  = 0.25
   Transform = Rigid
     Gradient step = 0.1
     Update field sigma (voxel space) = 0
     Total field sigma (voxel space) = 0
     Update field time sigma = 0
     Total field time sigma  = 0
     Number of time indices = 0
     Number of time point samples = 0
Registration using 1 total stages.

Stage 0
  iterations = 0
  convergence threshold = 1e-06
  convergence window size = 10
  number of levels = 1
  using the Mattes MI metric (number of bins = 32, weight = 1, use gradient filter = 0)
  preprocessing:  winsorizing the image intensities
  Shrink factors (level 1 out of 1): [1, 1, 1]
  smoothing sigmas per level: [0]
  regular sampling (percentage = 0.25)

*** Running Euler3DTransform registration ***

  Elapsed time (stage 0): 0.970342


Total elapsed time: 0.97183
VFC_BACKENDS=libinterflop_ieee.so
Info [verificarlo]: loaded backend libinterflop_ieee.so
Info [interflop-ieee]: load backend with:
Info [interflop-ieee]: debug = false
Info [interflop-ieee]: debug-binary = false
Info [interflop-ieee]: no-backend-name = false
Info [interflop-ieee]: print-new-line = false
Info [interflop-ieee]: print-subnormal-normalized = false
Info [interflop-ieee]: count-op = false
All_Command_lines_OK
Using double precision for computations.
=============================================================================
The composite transform comprises the following transforms (in order): 
  1. /project/rrg-glatard/mdugre/datasets/corr/RawDataBIDS/BMB_1/derivatives/vprec-space_search/0011/r7-p20/sub-0003059/align_Composite.h5[0] (type = Euler3DTransform)
  2. /project/rrg-glatard/mdugre/datasets/corr/RawDataBIDS/BMB_1/derivatives/vprec-space_search/0011/r7-p20/sub-0003059/align_Composite.h5[1] (type = Euler3DTransform)
=============================================================================
  number of levels = 4
  fixed image: /templateflow/tpl-MNI152NLin2009cAsym/tpl-MNI152NLin2009cAsym_res-01_desc-brain_T1w.nii.gz
  moving image: /project/rrg-glatard/mdugre/datasets/corr/RawDataBIDS/BMB_1/derivatives/antsBrainExtraction/sub-0003059/BrainExtractionBrain.nii.gz
Dimension = 3
Number of stages = 1
Use histogram matching = false
Winsorize image intensities = true
  Lower quantile = 0.005
  Upper quantile = 0.995


Stage 1 State
   Image metric = MattesMI
     Fixed image = Image (0x4657650)
  RTTI typeinfo:   itk::Image<double, 3u>
  Reference Count: 2
  Modified Time: 1578
  Debug: Off
  Object Name: 
  Observers: 
    none
  Source: (none)
  Source output name: (none)
  Release Data: Off
  Data Released: False
  Global Release Data: Off
  PipelineMTime: 0
  UpdateMTime: 1189
  RealTimeStamp: 0 seconds 
  LargestPossibleRegion: 
    Dimension: 3
    Index: [0, 0, 0]
    Size: [193, 229, 193]
  BufferedRegion: 
    Dimension: 3
    Index: [0, 0, 0]
    Size: [193, 229, 193]
  RequestedRegion: 
    Dimension: 3
    Index: [0, 0, 0]
    Size: [193, 229, 193]
  Spacing: [1, 1, 1]
  Origin: [96, 132, -78]
  Direction: 
-1 0 0
0 -1 0
0 0 1

  IndexToPointMatrix: 
-1 0 0
0 -1 0
0 0 1

  PointToIndexMatrix: 
-1 0 0
0 -1 0
0 0 1

  Inverse Direction: 
-1 0 0
0 -1 0
0 0 1

  PixelContainer: 
    ImportImageContainer (0x4715210)
      RTTI typeinfo:   itk::ImportImageContainer<unsigned long, double>
      Reference Count: 1
      Modified Time: 1186
      Debug: Off
      Object Name: 
      Observers: 
        none
      Pointer: 0x1550c03c7010
      Container manages memory: true
      Size: 8530021
      Capacity: 8530021

     Moving image = Image (0x47126e0)
  RTTI typeinfo:   itk::Image<double, 3u>
  Reference Count: 2
  Modified Time: 1579
  Debug: Off
  Object Name: 
  Observers: 
    none
  Source: (none)
  Source output name: (none)
  Release Data: Off
  Data Released: False
  Global Release Data: Off
  PipelineMTime: 0
  UpdateMTime: 1576
  RealTimeStamp: 0 seconds 
  LargestPossibleRegion: 
    Dimension: 3
    Index: [0, 0, 0]
    Size: [176, 256, 256]
  BufferedRegion: 
    Dimension: 3
    Index: [0, 0, 0]
    Size: [176, 256, 256]
  RequestedRegion: 
    Dimension: 3
    Index: [0, 0, 0]
    Size: [176, 256, 256]
  Spacing: [1, 1, 1]
  Origin: [-86.8362, 96.2771, -119.914]
  Direction: 
1 0 0
0 -1 0
0 0 1

  IndexToPointMatrix: 
1 0 0
0 -1 0
0 0 1

  PointToIndexMatrix: 
1 0 0
0 -1 0
0 0 1

  Inverse Direction: 
1 0 0
0 -1 0
0 0 1

  PixelContainer: 
    ImportImageContainer (0x46e4970)
      RTTI typeinfo:   itk::ImportImageContainer<unsigned long, double>
      Reference Count: 1
      Modified Time: 1573
      Debug: Off
      Object Name: 
      Observers: 
        none
      Pointer: 0x1550babc6010
      Container manages memory: true
      Size: 11534336
      Capacity: 11534336

     Weighting = 1
     Sampling strategy = regular
     Number of bins = 32
     Radius = 4
     Sampling percentage  = 0.25
   Transform = Rigid
     Gradient step = 0.1
     Update field sigma (voxel space) = 0
     Total field sigma (voxel space) = 0
     Update field time sigma = 0
     Total field time sigma  = 0
     Number of time indices = 0
     Number of time point samples = 0
Registration using 1 total stages.

Stage 0
  iterations = 1000x500x250x100
  convergence threshold = 1e-06
  convergence window size = 10
  number of levels = 4
  using the Mattes MI metric (number of bins = 32, weight = 1, use gradient filter = 0)
  preprocessing:  winsorizing the image intensities
  Shrink factors (level 1 out of 4): [8, 8, 8]
  Shrink factors (level 2 out of 4): [4, 4, 4]
  Shrink factors (level 3 out of 4): [2, 2, 2]
  Shrink factors (level 4 out of 4): [1, 1, 1]
  smoothing sigmas per level: [3, 2, 1, 0]
  regular sampling (percentage = 0.25)

*** Running Euler3DTransform registration ***

DIAGNOSTIC,Iteration,metricValue,convergenceValue,ITERATION_TIME_INDEX,SINCE_LAST
 2DIAGNOSTIC,     1, -5.680928073481e-01, 1.797693134862e+308, 1.1549e+00, 1.1549e+00, 
 2DIAGNOSTIC,     2, -5.688624041312e-01, 1.797693134862e+308, 1.1595e+00, 4.6151e-03, 
 2DIAGNOSTIC,     3, -5.706911542507e-01, 1.797693134862e+308, 1.1641e+00, 4.5948e-03, 
 2DIAGNOSTIC,     4, -5.724676147531e-01, 1.797693134862e+308, 1.1690e+00, 4.9369e-03, 
 2DIAGNOSTIC,     5, -5.757749816903e-01, 1.797693134862e+308, 1.1737e+00, 4.7040e-03, 
 2DIAGNOSTIC,     6, -5.856623531595e-01, 1.797693134862e+308, 1.1784e+00, 4.7381e-03, 
 2DIAGNOSTIC,     7, -5.935140223695e-01, 1.797693134862e+308, 1.1867e+00, 8.3029e-03, 
 2DIAGNOSTIC,     8, -5.944100956751e-01, 1.797693134862e+308, 1.1914e+00, 4.6561e-03, 
 2DIAGNOSTIC,     9, -5.953813434528e-01, 1.797693134862e+308, 1.1963e+00, 4.9429e-03, 
 2DIAGNOSTIC,    10, -5.961041702420e-01, 3.874580510588e-03, 1.2019e+00, 5.5070e-03, 
 2DIAGNOSTIC,    11, -5.973147619308e-01, 3.400986725059e-03, 1.2064e+00, 4.5269e-03, 
 2DIAGNOSTIC,    12, -5.993614312187e-01, 2.810737063492e-03, 1.2111e+00, 4.7171e-03, 
 2DIAGNOSTIC,    13, -6.022398630430e-01, 2.237712094675e-03, 1.2172e+00, 6.0551e-03, 
 2DIAGNOSTIC,    14, -6.036708857428e-01, 1.659769938033e-03, 1.2241e+00, 6.9840e-03, 
 2DIAGNOSTIC,    15, -6.039443683918e-01, 1.119701834040e-03, 1.2287e+00, 4.5972e-03, 
 2DIAGNOSTIC,    16, -6.041555897163e-01, 8.455694755323e-04, 1.2335e+00, 4.7960e-03, 
 2DIAGNOSTIC,    17, -6.047948836168e-01, 7.664178726415e-04, 1.2382e+00, 4.6849e-03, 
 2DIAGNOSTIC,    18, -6.060691081142e-01, 6.816845055228e-04, 1.2429e+00, 4.7231e-03, 
 2DIAGNOSTIC,    19, -6.088153379328e-01, 6.360716865209e-04, 1.2481e+00, 5.1980e-03, 
 2DIAGNOSTIC,    20, -6.105990396744e-01, 5.956124299797e-04, 1.2545e+00, 6.3579e-03, 
 2DIAGNOSTIC,    21, -6.124391680046e-01, 5.731790229681e-04, 1.2602e+00, 5.6729e-03, 
 2DIAGNOSTIC,    22, -6.125003715379e-01, 5.439422300182e-04, 1.2648e+00, 4.6430e-03, 
 2DIAGNOSTIC,    23, -6.152777074077e-01, 5.834515466411e-04, 1.2694e+00, 4.6089e-03, 
 2DIAGNOSTIC,    24, -6.171712273856e-01, 6.289775153116e-04, 1.2742e+00, 4.7979e-03, 
 2DIAGNOSTIC,    25, -6.190620090770e-01, 6.521365015473e-04, 1.2814e+00, 7.2269e-03, 
 2DIAGNOSTIC,    26, -6.200536362670e-01, 6.345843542119e-04, 1.2866e+00, 5.1651e-03, 
 2DIAGNOSTIC,    27, -6.208668698894e-01, 5.848616259932e-04, 1.2913e+00, 4.6902e-03, 
 2DIAGNOSTIC,    28, -6.213577037484e-01, 5.126311669558e-04, 1.2991e+00, 7.7841e-03, 
 2DIAGNOSTIC,    29, -6.217407099134e-01, 4.472776746577e-04, 1.3044e+00, 5.3141e-03, 
 2DIAGNOSTIC,    30, -6.217970067238e-01, 3.726223122972e-04, 1.3097e+00, 5.2800e-03, 
 2DIAGNOSTIC,    31, -6.217898794550e-01, 2.964314128666e-04, 1.3143e+00, 4.6430e-03, 
 2DIAGNOSTIC,    32, -6.219917300924e-01, 2.005042303769e-04, 1.3196e+00, 5.2760e-03, 
 2DIAGNOSTIC,    33, -6.218624529521e-01, 1.289977014055e-04, 1.3249e+00, 5.3380e-03, 
 2DIAGNOSTIC,    34, -6.224914019722e-01, 8.415938972035e-05, 1.3306e+00, 5.6939e-03, 
 2DIAGNOSTIC,    35, -6.229967550902e-01, 6.585833996038e-05, 1.3352e+00, 4.6072e-03, 
 2DIAGNOSTIC,    36, -6.233852591205e-01, 6.017127360658e-05, 1.3397e+00, 4.4661e-03, 
 2DIAGNOSTIC,    37, -6.241375378105e-01, 6.894523756743e-05, 1.3459e+00, 6.2060e-03, 
 2DIAGNOSTIC,    38, -6.237641623018e-01, 7.197135209894e-05, 1.3512e+00, 5.3282e-03, 
 2DIAGNOSTIC,    39, -6.235804689034e-01, 7.064939842115e-05, 1.3566e+00, 5.3608e-03, 
 2DIAGNOSTIC,    40, -6.235533225991e-01, 6.309764761861e-05, 1.3623e+00, 5.6591e-03, 
 2DIAGNOSTIC,    41, -6.237033442056e-01, 5.143408977697e-05, 1.3669e+00, 4.6580e-03, 
 2DIAGNOSTIC,    42, -6.238455203809e-01, 3.933036120965e-05, 1.3717e+00, 4.7560e-03, 
 2DIAGNOSTIC,    43, -6.242038387962e-01, 2.656730652150e-05, 1.3768e+00, 5.1029e-03, 
 2DIAGNOSTIC,    44, -6.243439174496e-01, 2.010875178022e-05, 1.3816e+00, 4.8070e-03, 
 2DIAGNOSTIC,    45, -6.246974130121e-01, 2.095199618116e-05, 1.3871e+00, 5.5139e-03, 
 2DIAGNOSTIC,    46, -6.247209752984e-01, 2.365181339619e-05, 1.3925e+00, 5.3780e-03, 
 2DIAGNOSTIC,    47, -6.248776460431e-01, 3.315246965754e-05, 1.3981e+00, 5.6281e-03, 
 2DIAGNOSTIC,    48, -6.250715381182e-01, 3.741506678785e-05, 1.4034e+00, 5.3389e-03, 
 2DIAGNOSTIC,    49, -6.253196120800e-01, 3.856045418149e-05, 1.4091e+00, 5.7011e-03, 
 2DIAGNOSTIC,    50, -6.254934667031e-01, 3.734256653269e-05, 1.4136e+00, 4.4811e-03, 
 2DIAGNOSTIC,    51, -6.254358877342e-01, 3.351305006818e-05, 1.4185e+00, 4.8611e-03, 
 2DIAGNOSTIC,    52, -6.255410868977e-01, 2.890821273528e-05, 1.4242e+00, 5.7418e-03, 
 2DIAGNOSTIC,    53, -6.255437391933e-01, 2.489080613793e-05, 1.4296e+00, 5.3301e-03, 
 2DIAGNOSTIC,    54, -6.254521439530e-01, 1.900476721637e-05, 1.4348e+00, 5.2550e-03, 
 2DIAGNOSTIC,    55, -6.255697171436e-01, 1.559290862316e-05, 1.4405e+00, 5.7280e-03, 
 2DIAGNOSTIC,    56, -6.253885308367e-01, 9.536372153243e-06, 1.4479e+00, 7.3829e-03, 
 2DIAGNOSTIC,    57, -6.254016271793e-01, 4.250126097022e-06, 1.4532e+00, 5.2550e-03, 
DIAGNOSTIC,Iteration,metricValue,convergenceValue,ITERATION_TIME_INDEX,SINCE_LAST
 2DIAGNOSTIC,     1, -4.974968462672e-01, 1.797693134862e+308, 2.7078e+00, 1.2546e+00, 
 2DIAGNOSTIC,     2, -4.984988559841e-01, 1.797693134862e+308, 2.7433e+00, 3.5506e-02, 
 2DIAGNOSTIC,     3, -4.998268888389e-01, 1.797693134862e+308, 2.7793e+00, 3.6002e-02, 
 2DIAGNOSTIC,     4, -5.015121154640e-01, 1.797693134862e+308, 2.8145e+00, 3.5232e-02, 
 2DIAGNOSTIC,     5, -5.032531210236e-01, 1.797693134862e+308, 2.8503e+00, 3.5770e-02, 
 2DIAGNOSTIC,     6, -5.044711501009e-01, 1.797693134862e+308, 2.8858e+00, 3.5500e-02, 
 2DIAGNOSTIC,     7, -5.053667953542e-01, 1.797693134862e+308, 2.9218e+00, 3.6009e-02, 
 2DIAGNOSTIC,     8, -5.063823652460e-01, 1.797693134862e+308, 2.9580e+00, 3.6173e-02, 
 2DIAGNOSTIC,     9, -5.080500665960e-01, 1.797693134862e+308, 3.0024e+00, 4.4447e-02, 
 2DIAGNOSTIC,    10, -5.091637161095e-01, 1.505765252798e-03, 3.0641e+00, 6.1655e-02, 
 2DIAGNOSTIC,    11, -5.091838792966e-01, 1.286796080090e-03, 3.1000e+00, 3.5906e-02, 
 2DIAGNOSTIC,    12, -5.092745422381e-01, 1.042221374004e-03, 3.1538e+00, 5.3781e-02, 
 2DIAGNOSTIC,    13, -5.092915984006e-01, 7.992780978474e-04, 3.1931e+00, 3.9312e-02, 
 2DIAGNOSTIC,    14, -5.092895166497e-01, 5.844112294647e-04, 3.2324e+00, 3.9316e-02, 
 2DIAGNOSTIC,    15, -5.092802859587e-01, 4.090710332129e-04, 3.2716e+00, 3.9182e-02, 
 2DIAGNOSTIC,    16, -5.092833734014e-01, 2.617409352276e-04, 3.3072e+00, 3.5582e-02, 
 2DIAGNOSTIC,    17, -5.092934091374e-01, 1.381346809289e-04, 3.3433e+00, 3.6137e-02, 
 2DIAGNOSTIC,    18, -5.092955341089e-01, 4.643017824776e-05, 3.3829e+00, 3.9583e-02, 
 2DIAGNOSTIC,    19, -5.092849240900e-01, 8.381571064059e-06, 3.4182e+00, 3.5284e-02, 
 2DIAGNOSTIC,    20, -5.093000689323e-01, 5.258020909990e-06, 3.4578e+00, 3.9567e-02, 
 2DIAGNOSTIC,    21, -5.093166363735e-01, 2.993946690580e-06, 3.4978e+00, 4.0055e-02, 
 2DIAGNOSTIC,    22, -5.093145907304e-01, 3.025659787284e-06, 3.5376e+00, 3.9743e-02, 
 2DIAGNOSTIC,    23, -5.093117265870e-01, 3.265100229133e-06, 3.5771e+00, 3.9537e-02, 
 2DIAGNOSTIC,    24, -5.092820813527e-01, 2.588694107304e-06, 3.6122e+00, 3.5096e-02, 
 2DIAGNOSTIC,    25, -5.092890342907e-01, 1.810328493737e-06, 3.6514e+00, 3.9177e-02, 
DIAGNOSTIC,Iteration,metricValue,convergenceValue,ITERATION_TIME_INDEX,SINCE_LAST
 2DIAGNOSTIC,     1, -4.501138350726e-01, 1.797693134862e+308, 5.2377e+00, 1.5864e+00, 
 2DIAGNOSTIC,     2, -4.502472400231e-01, 1.797693134862e+308, 5.5400e+00, 3.0223e-01, 
 2DIAGNOSTIC,     3, -4.504823265670e-01, 1.797693134862e+308, 5.8441e+00, 3.0412e-01, 
 2DIAGNOSTIC,     4, -4.505326129998e-01, 1.797693134862e+308, 6.2657e+00, 4.2164e-01, 
 2DIAGNOSTIC,     5, -4.505373696201e-01, 1.797693134862e+308, 6.5846e+00, 3.1886e-01, 
 2DIAGNOSTIC,     6, -4.505462474089e-01, 1.797693134862e+308, 6.9298e+00, 3.4521e-01, 
 2DIAGNOSTIC,     7, -4.505517560911e-01, 1.797693134862e+308, 7.2338e+00, 3.0403e-01, 
 2DIAGNOSTIC,     8, -4.505526230444e-01, 1.797693134862e+308, 7.5756e+00, 3.4181e-01, 
 2DIAGNOSTIC,     9, -4.505632745245e-01, 1.797693134862e+308, 7.8752e+00, 2.9953e-01, 
 2DIAGNOSTIC,    10, -4.505770522461e-01, 5.359483075204e-05, 8.1791e+00, 3.0389e-01, 
 2DIAGNOSTIC,    11, -4.505977831976e-01, 2.943887434537e-05, 8.5174e+00, 3.3829e-01, 
 2DIAGNOSTIC,    12, -4.506298622302e-01, 1.529101945179e-05, 8.8295e+00, 3.1213e-01, 
 2DIAGNOSTIC,    13, -4.506681627904e-01, 1.536070733167e-05, 9.1319e+00, 3.0237e-01, 
 2DIAGNOSTIC,    14, -4.507961098875e-01, 2.225365905691e-05, 9.5507e+00, 4.1885e-01, 
 2DIAGNOSTIC,    15, -4.508361928626e-01, 2.815390793556e-05, 9.9715e+00, 4.2083e-01, 
 2DIAGNOSTIC,    16, -4.508465443943e-01, 3.170772510121e-05, 1.0335e+01, 3.6360e-01, 
 2DIAGNOSTIC,    17, -4.508736215762e-01, 3.338442602662e-05, 1.0652e+01, 3.1718e-01, 
 2DIAGNOSTIC,    18, -4.509969594758e-01, 3.627853814974e-05, 1.1040e+01, 3.8719e-01, 
 2DIAGNOSTIC,    19, -4.510065947752e-01, 3.617378797155e-05, 1.1391e+01, 3.5134e-01, 
 2DIAGNOSTIC,    20, -4.510018528981e-01, 3.318636738874e-05, 1.1781e+01, 3.8981e-01, 
 2DIAGNOSTIC,    21, -4.510048169348e-01, 2.835608058655e-05, 1.2168e+01, 3.8763e-01, 
 2DIAGNOSTIC,    22, -4.510024889486e-01, 2.231646849980e-05, 1.2519e+01, 3.5064e-01, 
 2DIAGNOSTIC,    23, -4.509992733854e-01, 1.566895401123e-05, 1.2947e+01, 4.2784e-01, 
 2DIAGNOSTIC,    24, -4.509968889044e-01, 1.150747183453e-05, 1.3296e+01, 3.4967e-01, 
 2DIAGNOSTIC,    25, -4.509953578624e-01, 7.747588213335e-06, 1.3610e+01, 3.1313e-01, 
 2DIAGNOSTIC,    26, -4.509948794030e-01, 3.927192280970e-06, 1.3960e+01, 3.5053e-01, 
DIAGNOSTIC,Iteration,metricValue,convergenceValue,ITERATION_TIME_INDEX,SINCE_LAST
 2DIAGNOSTIC,     1, -4.168012879964e-01, 1.797693134862e+308, 1.7141e+01, 3.1812e+00, 
 2DIAGNOSTIC,     2, -4.168721611196e-01, 1.797693134862e+308, 1.9272e+01, 2.1305e+00, 
 2DIAGNOSTIC,     3, -4.169382380448e-01, 1.797693134862e+308, 2.1622e+01, 2.3505e+00, 
 2DIAGNOSTIC,     4, -4.169974302284e-01, 1.797693134862e+308, 2.3806e+01, 2.1835e+00, 
 2DIAGNOSTIC,     5, -4.170856230138e-01, 1.797693134862e+308, 2.7576e+01, 3.7705e+00, 
 2DIAGNOSTIC,     6, -4.170845279683e-01, 1.797693134862e+308, 3.0421e+01, 2.8452e+00, 
 2DIAGNOSTIC,     7, -4.170845327481e-01, 1.797693134862e+308, 3.2917e+01, 2.4954e+00, 
 2DIAGNOSTIC,     8, -4.170844411158e-01, 1.797693134862e+308, 3.5384e+01, 2.4670e+00, 
 2DIAGNOSTIC,     9, -4.170836938369e-01, 1.797693134862e+308, 3.7870e+01, 2.4861e+00, 
 2DIAGNOSTIC,    10, -4.170836500032e-01, 4.477480368875e-05, 4.1120e+01, 3.2499e+00, 
 2DIAGNOSTIC,    11, -4.170838333256e-01, 2.759605916547e-05, 4.8022e+01, 6.9017e+00, 
 2DIAGNOSTIC,    12, -4.170838333252e-01, 1.510480412378e-05, 5.3392e+01, 5.3705e+00, 
 2DIAGNOSTIC,    13, -4.170838333252e-01, 6.841249794373e-06, 5.6321e+01, 2.9288e+00, 
 2DIAGNOSTIC,    14, -4.170838333252e-01, 2.117689444484e-06, 5.9261e+01, 2.9403e+00, 
 2DIAGNOSTIC,    15, -4.170838333252e-01, 2.046529768859e-06, 6.1771e+01, 2.5098e+00, 
 2DIAGNOSTIC,    16, -4.170838333252e-01, 1.943747846928e-06, 6.4217e+01, 2.4458e+00, 
 2DIAGNOSTIC,    17, -4.170838333252e-01, 1.857043363855e-06, 6.6675e+01, 2.4582e+00, 
 2DIAGNOSTIC,    18, -4.170838333252e-01, 1.778731865770e-06, 6.9185e+01, 2.5102e+00, 
 2DIAGNOSTIC,    19, -4.170838333252e-01, 1.680934491426e-06, 7.1676e+01, 2.4906e+00, 
 2DIAGNOSTIC,    20, -4.170838333252e-01, 1.590633949576e-06, 7.4172e+01, 2.4958e+00, 
 2DIAGNOSTIC,    21, -4.170838333252e-01, 1.514883238046e-06, 7.6658e+01, 2.4865e+00, 
 2DIAGNOSTIC,    22, -4.170838333252e-01, 1.446019484916e-06, 7.9137e+01, 2.4788e+00, 
 2DIAGNOSTIC,    23, -4.170838333252e-01, 1.383144335426e-06, 8.1898e+01, 2.7615e+00, 
 2DIAGNOSTIC,    24, -4.170838333252e-01, 1.325509160079e-06, 8.4652e+01, 2.7538e+00, 
 2DIAGNOSTIC,    25, -4.170838333252e-01, 1.272485118345e-06, 8.7159e+01, 2.5066e+00, 
 2DIAGNOSTIC,    26, -4.170838333252e-01, 1.223540120901e-06, 8.9628e+01, 2.4696e+00, 
 2DIAGNOSTIC,    27, -4.170838333252e-01, 1.178220911564e-06, 9.2099e+01, 2.4709e+00, 
 2DIAGNOSTIC,    28, -4.170838333252e-01, 1.136138988909e-06, 9.4567e+01, 2.4676e+00, 
 2DIAGNOSTIC,    29, -4.170838333252e-01, 1.096959441289e-06, 9.7376e+01, 2.8094e+00, 
 2DIAGNOSTIC,    30, -4.170838333252e-01, 1.060392014383e-06, 9.9845e+01, 2.4687e+00, 
 2DIAGNOSTIC,    31, -4.170838333252e-01, 1.026183908175e-06, 1.0233e+02, 2.4870e+00, 
  Elapsed time (stage 0): 1.0358e+02


Total elapsed time: 1.0358e+02
VFC_BACKENDS=libinterflop_vprec.so --range-binary32=7 --precision-binary32=20 --range-binary64=7 --precision-binary64=20
Info [verificarlo]: loaded backend libinterflop_vprec.so
Info [interflop-vprec]: load backend with: 
Info [interflop-vprec]: precision-binary32 = 20
Info [interflop-vprec]: range-binary32 = 7
Info [interflop-vprec]: precision-binary64 = 20
Info [interflop-vprec]: range-binary64 = 7
Info [interflop-vprec]: mode = ob
Info [interflop-vprec]: error-mode = rel
Info [interflop-vprec]: max-abs-error-exponent = -1022
Info [interflop-vprec]: daz = false
Info [interflop-vprec]: ftz = false
Info [interflop-vprec]: 	instrument = none
Info [interflop-vprec]: 	prec-input-file = (null)
Info [interflop-vprec]: 	prec-output-file = (null)
Info [interflop-vprec]: 	prec-log-file = (null)
All_Command_lines_OK
Using double precision for computations.
=============================================================================
The composite transform comprises the following transforms (in order): 
  1. /project/rrg-glatard/mdugre/datasets/corr/RawDataBIDS/BMB_1/derivatives/vprec-space_search/0011/r7-p20/sub-0003059/rigid_Composite.h5[0] (type = Euler3DTransform)
  2. /project/rrg-glatard/mdugre/datasets/corr/RawDataBIDS/BMB_1/derivatives/vprec-space_search/0011/r7-p20/sub-0003059/rigid_Composite.h5[1] (type = Euler3DTransform)
  3. /project/rrg-glatard/mdugre/datasets/corr/RawDataBIDS/BMB_1/derivatives/vprec-space_search/0011/r7-p20/sub-0003059/rigid_Composite.h5[2] (type = Euler3DTransform)
=============================================================================
  number of levels = 4
  fixed image: /templateflow/tpl-MNI152NLin2009cAsym/tpl-MNI152NLin2009cAsym_res-01_desc-brain_T1w.nii.gz
  moving image: /project/rrg-glatard/mdugre/datasets/corr/RawDataBIDS/BMB_1/derivatives/antsBrainExtraction/sub-0003059/BrainExtractionBrain.nii.gz
Dimension = 3
Number of stages = 1
Use histogram matching = false
Winsorize image intensities = true
  Lower quantile = 0.005
  Upper quantile = 0.995


Stage 1 State
   Image metric = MattesMI
     Fixed image = Image (0x351e300)
  RTTI typeinfo:   itk::Image<double, 3u>
  Reference Count: 2
  Modified Time: 1592
  Debug: Off
  Object Name: 
  Observers: 
    none
  Source: (none)
  Source output name: (none)
  Release Data: Off
  Data Released: False
  Global Release Data: Off
  PipelineMTime: 0
  UpdateMTime: 1203
  RealTimeStamp: 0 seconds 
  LargestPossibleRegion: 
    Dimension: 3
    Index: [0, 0, 0]
    Size: [193, 229, 193]
  BufferedRegion: 
    Dimension: 3
    Index: [0, 0, 0]
    Size: [193, 229, 193]
  RequestedRegion: 
    Dimension: 3
    Index: [0, 0, 0]
    Size: [193, 229, 193]
  Spacing: [1, 1, 1]
  Origin: [96, 132, -78]
  Direction: 
-1 0 0
0 -1 0
0 0 1

  IndexToPointMatrix: 
-1 0 0
0 -1 0
0 0 1

  PointToIndexMatrix: 
-1 0 0
0 -1 0
0 0 1

  Inverse Direction: 
-1 0 0
0 -1 0
0 0 1

  PixelContainer: 
    ImportImageContainer (0x352a1b0)
      RTTI typeinfo:   itk::ImportImageContainer<unsigned long, double>
      Reference Count: 1
      Modified Time: 1200
      Debug: Off
      Object Name: 
      Observers: 
        none
      Pointer: 0x14d82578f010
      Container manages memory: true
      Size: 8530021
      Capacity: 8530021

     Moving image = Image (0x35ebf60)
  RTTI typeinfo:   itk::Image<double, 3u>
  Reference Count: 2
  Modified Time: 1593
  Debug: Off
  Object Name: 
  Observers: 
    none
  Source: (none)
  Source output name: (none)
  Release Data: Off
  Data Released: False
  Global Release Data: Off
  PipelineMTime: 0
  UpdateMTime: 1590
  RealTimeStamp: 0 seconds 
  LargestPossibleRegion: 
    Dimension: 3
    Index: [0, 0, 0]
    Size: [176, 256, 256]
  BufferedRegion: 
    Dimension: 3
    Index: [0, 0, 0]
    Size: [176, 256, 256]
  RequestedRegion: 
    Dimension: 3
    Index: [0, 0, 0]
    Size: [176, 256, 256]
  Spacing: [1, 1, 1]
  Origin: [-86.8362, 96.2771, -119.914]
  Direction: 
1 0 0
0 -1 0
0 0 1

  IndexToPointMatrix: 
1 0 0
0 -1 0
0 0 1

  PointToIndexMatrix: 
1 0 0
0 -1 0
0 0 1

  Inverse Direction: 
1 0 0
0 -1 0
0 0 1

  PixelContainer: 
    ImportImageContainer (0x359fd30)
      RTTI typeinfo:   itk::ImportImageContainer<unsigned long, double>
      Reference Count: 1
      Modified Time: 1587
      Debug: Off
      Object Name: 
      Observers: 
        none
      Pointer: 0x14d81ff8e010
      Container manages memory: true
      Size: 11534336
      Capacity: 11534336

     Weighting = 1
     Sampling strategy = regular
     Number of bins = 32
     Radius = 4
     Sampling percentage  = 0.25
   Transform = Affine
     Gradient step = 0.1
     Update field sigma (voxel space) = 0
     Total field sigma (voxel space) = 0
     Update field time sigma = 0
     Total field time sigma  = 0
     Number of time indices = 0
     Number of time point samples = 0
Registration using 1 total stages.

Stage 0
  iterations = 1000x500x250x100
  convergence threshold = 1e-06
  convergence window size = 10
  number of levels = 4
  using the Mattes MI metric (number of bins = 32, weight = 1, use gradient filter = 0)
  preprocessing:  winsorizing the image intensities
  Shrink factors (level 1 out of 4): [8, 8, 8]
  Shrink factors (level 2 out of 4): [4, 4, 4]
  Shrink factors (level 3 out of 4): [2, 2, 2]
  Shrink factors (level 4 out of 4): [1, 1, 1]
  smoothing sigmas per level: [3, 2, 1, 0]
  regular sampling (percentage = 0.25)

*** Running AffineTransform registration ***

DIAGNOSTIC,Iteration,metricValue,convergenceValue,ITERATION_TIME_INDEX,SINCE_LAST
 2DIAGNOSTIC,     1, -6.138115084266e-01, 1.797693134862e+308, 0.0000e+00, 0.0000e+00, 
 2DIAGNOSTIC,     2, -6.162292823940e-01, 1.797693134862e+308, 0.0000e+00, 0.0000e+00, 
 2DIAGNOSTIC,     3, -6.201477369748e-01, 1.797693134862e+308, 0.0000e+00, 0.0000e+00, 
 2DIAGNOSTIC,     4, -6.274212647201e-01, 1.797693134862e+308, 0.0000e+00, 0.0000e+00, 
 2DIAGNOSTIC,     5, -6.393889885330e-01, 1.797693134862e+308, 0.0000e+00, 0.0000e+00, 
 2DIAGNOSTIC,     6, -6.571503253404e-01, 1.797693134862e+308, 0.0000e+00, 0.0000e+00, 
 2DIAGNOSTIC,     7, -6.917098449051e-01, 1.797693134862e+308, 0.0000e+00, 0.0000e+00, 
 2DIAGNOSTIC,     8, -7.381714006299e-01, 1.797693134862e+308, 0.0000e+00, 0.0000e+00, 
 2DIAGNOSTIC,     9, -7.386553336614e-01, 1.797693134862e+308, 0.0000e+00, 0.0000e+00, 
 2DIAGNOSTIC,    10, -7.396607676910e-01, 1.483046520278e-02, 0.0000e+00, 0.0000e+00, 
 2DIAGNOSTIC,    11, -7.419025207182e-01, 1.378438762028e-02, 0.0000e+00, 0.0000e+00, 
 2DIAGNOSTIC,    12, -7.452200408664e-01, 1.187331689388e-02, 0.0000e+00, 0.0000e+00, 
 2DIAGNOSTIC,    13, -7.501767034622e-01, 9.471750775153e-03, 0.0000e+00, 0.0000e+00, 
 2DIAGNOSTIC,    14, -7.581065519032e-01, 7.034882073646e-03, 0.0000e+00, 0.0000e+00, 
 2DIAGNOSTIC,    15, -7.723644789597e-01, 5.035785651455e-03, 0.0000e+00, 0.0000e+00, 
 2DIAGNOSTIC,    16, -7.825264308274e-01, 3.539391318689e-03, 0.0000e+00, 0.0000e+00, 
 2DIAGNOSTIC,    17, -8.092326163449e-01, 3.323522732388e-03, 0.0000e+00, 0.0000e+00, 
 2DIAGNOSTIC,    18, -8.183187656070e-01, 4.044956850909e-03, 0.0000e+00, 0.0000e+00, 
 2DIAGNOSTIC,    19, -8.213192649829e-01, 4.381231123574e-03, 0.0000e+00, 0.0000e+00, 
 2DIAGNOSTIC,    20, -8.215033400650e-01, 4.302621223146e-03, 0.0000e+00, 0.0000e+00, 
 2DIAGNOSTIC,    21, -8.216056052488e-01, 3.876773935883e-03, 0.0000e+00, 0.0000e+00, 
 2DIAGNOSTIC,    22, -8.215236932414e-01, 3.186402519885e-03, 0.0000e+00, 0.0000e+00, 
 2DIAGNOSTIC,    23, -8.216335944447e-01, 2.348813737300e-03, 0.0000e+00, 0.0000e+00, 
 2DIAGNOSTIC,    24, -8.217551951522e-01, 1.499202956345e-03, 0.0000e+00, 0.0000e+00, 
 2DIAGNOSTIC,    25, -8.218038285929e-01, 8.055089963036e-04, 0.0000e+00, 0.0000e+00, 
 2DIAGNOSTIC,    26, -8.218957494113e-01, 2.362331752447e-04, 0.0000e+00, 0.0000e+00, 
 2DIAGNOSTIC,    27, -8.221283540057e-01, 6.600548047372e-05, 0.0000e+00, 0.0000e+00, 
 2DIAGNOSTIC,    28, -8.223093814044e-01, 2.673406692395e-05, 0.0000e+00, 0.0000e+00, 
 2DIAGNOSTIC,    29, -8.220627985033e-01, 2.363603848281e-05, 0.0000e+00, 0.0000e+00, 
 2DIAGNOSTIC,    30, -8.219787530686e-01, 2.001373358355e-05, 0.0000e+00, 0.0000e+00, 
 2DIAGNOSTIC,    31, -8.217733605585e-01, 1.368460851858e-05, 0.0000e+00, 0.0000e+00, 
 2DIAGNOSTIC,    32, -8.217190654561e-01, 4.946882692869e-06, 0.0000e+00, 0.0000e+00, 
DIAGNOSTIC,Iteration,metricValue,convergenceValue,ITERATION_TIME_INDEX,SINCE_LAST
 2DIAGNOSTIC,     1, -7.052227654712e-01, 1.797693134862e+308, 0.0000e+00, 0.0000e+00, 
 2DIAGNOSTIC,     2, -7.057205589203e-01, 1.797693134862e+308, 0.0000e+00, 0.0000e+00, 
 2DIAGNOSTIC,     3, -7.061902167060e-01, 1.797693134862e+308, 0.0000e+00, 0.0000e+00, 
 2DIAGNOSTIC,     4, -7.067354788029e-01, 1.797693134862e+308, 0.0000e+00, 0.0000e+00, 
 2DIAGNOSTIC,     5, -7.079483810648e-01, 1.797693134862e+308, 0.0000e+00, 0.0000e+00, 
 2DIAGNOSTIC,     6, -7.081595261958e-01, 1.797693134862e+308, 0.0000e+00, 0.0000e+00, 
 2DIAGNOSTIC,     7, -7.081959000403e-01, 1.797693134862e+308, 0.0000e+00, 0.0000e+00, 
 2DIAGNOSTIC,     8, -7.082086556280e-01, 1.797693134862e+308, 0.0000e+00, 0.0000e+00, 
 2DIAGNOSTIC,     9, -7.082331710413e-01, 1.797693134862e+308, 0.0000e+00, 0.0000e+00, 
 2DIAGNOSTIC,    10, -7.082771204901e-01, 2.998618661829e-04, 0.0000e+00, 0.0000e+00, 
 2DIAGNOSTIC,    11, -7.082922098649e-01, 2.064836062674e-04, 0.0000e+00, 0.0000e+00, 
 2DIAGNOSTIC,    12, -7.083001621306e-01, 1.277648613454e-04, 0.0000e+00, 0.0000e+00, 
 2DIAGNOSTIC,    13, -7.082888675503e-01, 6.412026993022e-05, 0.0000e+00, 0.0000e+00, 
 2DIAGNOSTIC,    14, -7.082782846511e-01, 1.840931969857e-05, 0.0000e+00, 0.0000e+00, 
 2DIAGNOSTIC,    15, -7.082796353311e-01, 9.678161658366e-06, 0.0000e+00, 0.0000e+00, 
 2DIAGNOSTIC,    16, -7.082694032904e-01, 6.357362131393e-06, 0.0000e+00, 0.0000e+00, 
 2DIAGNOSTIC,    17, -7.082722585248e-01, 3.967241652261e-06, 0.0000e+00, 0.0000e+00, 
 2DIAGNOSTIC,    18, -7.082643696914e-01, 1.760034539992e-06, 0.0000e+00, 0.0000e+00, 
DIAGNOSTIC,Iteration,metricValue,convergenceValue,ITERATION_TIME_INDEX,SINCE_LAST
 2DIAGNOSTIC,     1, -6.050872644187e-01, 1.797693134862e+308, 0.0000e+00, 0.0000e+00, 
 2DIAGNOSTIC,     2, -6.055496327467e-01, 1.797693134862e+308, 0.0000e+00, 0.0000e+00, 
 2DIAGNOSTIC,     3, -6.058837135049e-01, 1.797693134862e+308, 0.0000e+00, 0.0000e+00, 
 2DIAGNOSTIC,     4, -6.061103291718e-01, 1.797693134862e+308, 0.0000e+00, 0.0000e+00, 
 2DIAGNOSTIC,     5, -6.062889194141e-01, 1.797693134862e+308, 0.0000e+00, 0.0000e+00, 
 2DIAGNOSTIC,     6, -6.065460247548e-01, 1.797693134862e+308, 0.0000e+00, 0.0000e+00, 
 2DIAGNOSTIC,     7, -6.066623569851e-01, 1.797693134862e+308, 0.0000e+00, 0.0000e+00, 
 2DIAGNOSTIC,     8, -6.066954074355e-01, 1.797693134862e+308, 0.0000e+00, 0.0000e+00, 
 2DIAGNOSTIC,     9, -6.066966128067e-01, 1.797693134862e+308, 0.0000e+00, 0.0000e+00, 
 2DIAGNOSTIC,    10, -6.066973216094e-01, 1.664332060797e-04, 0.0000e+00, 0.0000e+00, 
 2DIAGNOSTIC,    11, -6.067005696719e-01, 1.086828524097e-04, 0.0000e+00, 0.0000e+00, 
 2DIAGNOSTIC,    12, -6.067045558677e-01, 6.902084054605e-05, 0.0000e+00, 0.0000e+00, 
 2DIAGNOSTIC,    13, -6.067081433335e-01, 4.160365809577e-05, 0.0000e+00, 0.0000e+00, 
 2DIAGNOSTIC,    14, -6.067067900094e-01, 2.208181601472e-05, 0.0000e+00, 0.0000e+00, 
 2DIAGNOSTIC,    15, -6.067089283312e-01, 8.837077790994e-06, 0.0000e+00, 0.0000e+00, 
 2DIAGNOSTIC,    16, -6.067112621205e-01, 4.144500879502e-06, 0.0000e+00, 0.0000e+00, 
 2DIAGNOSTIC,    17, -6.067079226221e-01, 2.891214705085e-06, 0.0000e+00, 0.0000e+00, 
 2DIAGNOSTIC,    18, -6.066978833526e-01, 2.285257154865e-06, 0.0000e+00, 0.0000e+00, 
 2DIAGNOSTIC,    19, -6.066890882704e-01, 1.517133620954e-06, 0.0000e+00, 0.0000e+00, 
DIAGNOSTIC,Iteration,metricValue,convergenceValue,ITERATION_TIME_INDEX,SINCE_LAST
 2DIAGNOSTIC,     1, -5.401918395136e-01, 1.797693134862e+308, 0.0000e+00, 0.0000e+00, 
 2DIAGNOSTIC,     2, -5.405444273849e-01, 1.797693134862e+308, 0.0000e+00, 0.0000e+00, 
 2DIAGNOSTIC,     3, -5.408225388188e-01, 1.797693134862e+308, 0.0000e+00, 0.0000e+00, 
 2DIAGNOSTIC,     4, -5.410276085148e-01, 1.797693134862e+308, 0.0000e+00, 0.0000e+00, 
 2DIAGNOSTIC,     5, -5.418168710938e-01, 1.797693134862e+308, 0.0000e+00, 0.0000e+00, 
 2DIAGNOSTIC,     6, -5.421387038466e-01, 1.797693134862e+308, 0.0000e+00, 0.0000e+00, 
 2DIAGNOSTIC,     7, -5.421397671957e-01, 1.797693134862e+308, 0.0000e+00, 0.0000e+00, 
 2DIAGNOSTIC,     8, -5.421386062055e-01, 1.797693134862e+308, 0.0000e+00, 0.0000e+00, 
 2DIAGNOSTIC,     9, -5.421385555606e-01, 1.797693134862e+308, 0.0000e+00, 0.0000e+00, 
 2DIAGNOSTIC,    10, -5.421384332146e-01, 2.569784740002e-04, 0.0000e+00, 0.0000e+00, 
 2DIAGNOSTIC,    11, -5.421385113455e-01, 1.781792343982e-04, 0.0000e+00, 0.0000e+00, 
 2DIAGNOSTIC,    12, -5.421384908054e-01, 1.124965764357e-04, 0.0000e+00, 0.0000e+00, 
 2DIAGNOSTIC,    13, -5.421383925522e-01, 5.859132719871e-05, 0.0000e+00, 0.0000e+00, 
 2DIAGNOSTIC,    14, -5.421383847791e-01, 1.427741024328e-05, 0.0000e+00, 0.0000e+00, 
 2DIAGNOSTIC,    15, -5.421383775509e-01, 2.063084110535e-06, 0.0000e+00, 0.0000e+00, 
 2DIAGNOSTIC,    16, -5.421382701488e-01, 1.929526510736e-06, 0.0000e+00, 0.0000e+00, 
 2DIAGNOSTIC,    17, -5.421382327852e-01, 1.849952407922e-06, 0.0000e+00, 0.0000e+00, 
 2DIAGNOSTIC,    18, -5.421382500749e-01, 1.748073573421e-06, 0.0000e+00, 0.0000e+00, 
 2DIAGNOSTIC,    19, -5.421382778042e-01, 1.658247877949e-06, 0.0000e+00, 0.0000e+00, 
 2DIAGNOSTIC,    20, -5.421383070420e-01, 1.576442582515e-06, 0.0000e+00, 0.0000e+00, 
 2DIAGNOSTIC,    21, -5.421383062686e-01, 1.505805545005e-06, 0.0000e+00, 0.0000e+00, 
 2DIAGNOSTIC,    22, -5.421381826834e-01, 1.439195229297e-06, 0.0000e+00, 0.0000e+00, 
 2DIAGNOSTIC,    23, -5.421381735127e-01, 1.376696066320e-06, 0.0000e+00, 0.0000e+00, 
 2DIAGNOSTIC,    24, -5.421381733117e-01, 1.319832568465e-06, 0.0000e+00, 0.0000e+00, 
 2DIAGNOSTIC,    25, -5.421381732495e-01, 1.267972279013e-06, 0.0000e+00, 0.0000e+00, 
 2DIAGNOSTIC,    26, -5.421381731787e-01, 1.218462055044e-06, 0.0000e+00, 0.0000e+00, 
 2DIAGNOSTIC,    27, -5.421381738878e-01, 1.172493530634e-06, 0.0000e+00, 0.0000e+00, 
 2DIAGNOSTIC,    28, -5.421381738878e-01, 1.130731987042e-06, 0.0000e+00, 0.0000e+00, 
 2DIAGNOSTIC,    29, -5.421381729930e-01, 1.092848781109e-06, 0.0000e+00, 0.0000e+00, 
 2DIAGNOSTIC,    30, -5.421381729930e-01, 1.058413416702e-06, 0.0000e+00, 0.0000e+00, 
 2DIAGNOSTIC,    31, -5.421381728754e-01, 1.026476965649e-06, 0.0000e+00, 0.0000e+00, 
  Elapsed time (stage 0): 0.0000e+00


Total elapsed time: 0.0000e+00
VFC_BACKENDS=libinterflop_vprec.so --range-binary32=7 --precision-binary32=20 --range-binary64=7 --precision-binary64=20
Info [verificarlo]: loaded backend libinterflop_vprec.so
Info [interflop-vprec]: load backend with: 
Info [interflop-vprec]: precision-binary32 = 20
Info [interflop-vprec]: range-binary32 = 7
Info [interflop-vprec]: precision-binary64 = 20
Info [interflop-vprec]: range-binary64 = 7
Info [interflop-vprec]: mode = ob
Info [interflop-vprec]: error-mode = rel
Info [interflop-vprec]: max-abs-error-exponent = -1022
Info [interflop-vprec]: daz = false
Info [interflop-vprec]: ftz = false
Info [interflop-vprec]: 	instrument = none
Info [interflop-vprec]: 	prec-input-file = (null)
Info [interflop-vprec]: 	prec-output-file = (null)
Info [interflop-vprec]: 	prec-log-file = (null)
All_Command_lines_OK
Using double precision for computations.
=============================================================================
The composite transform comprises the following transforms (in order): 
  1. /project/rrg-glatard/mdugre/datasets/corr/RawDataBIDS/BMB_1/derivatives/vprec-space_search/0011/r7-p20/sub-0003059/affine_Composite.h5[0] (type = Euler3DTransform)
  2. /project/rrg-glatard/mdugre/datasets/corr/RawDataBIDS/BMB_1/derivatives/vprec-space_search/0011/r7-p20/sub-0003059/affine_Composite.h5[1] (type = Euler3DTransform)
  3. /project/rrg-glatard/mdugre/datasets/corr/RawDataBIDS/BMB_1/derivatives/vprec-space_search/0011/r7-p20/sub-0003059/affine_Composite.h5[2] (type = Euler3DTransform)
  4. /project/rrg-glatard/mdugre/datasets/corr/RawDataBIDS/BMB_1/derivatives/vprec-space_search/0011/r7-p20/sub-0003059/affine_Composite.h5[3] (type = AffineTransform)
=============================================================================
  number of levels = 4
  fixed image: /templateflow/tpl-MNI152NLin2009cAsym/tpl-MNI152NLin2009cAsym_res-01_desc-brain_T1w.nii.gz
  moving image: /project/rrg-glatard/mdugre/datasets/corr/RawDataBIDS/BMB_1/derivatives/antsBrainExtraction/sub-0003059/BrainExtractionBrain.nii.gz
Dimension = 3
Number of stages = 1
Use histogram matching = false
Winsorize image intensities = true
  Lower quantile = 0.005
  Upper quantile = 0.995


Stage 1 State
   Image metric = CC
     Fixed image = Image (0x35754c0)
  RTTI typeinfo:   itk::Image<double, 3u>
  Reference Count: 2
  Modified Time: 1606
  Debug: Off
  Object Name: 
  Observers: 
    none
  Source: (none)
  Source output name: (none)
  Release Data: Off
  Data Released: False
  Global Release Data: Off
  PipelineMTime: 0
  UpdateMTime: 1217
  RealTimeStamp: 0 seconds 
  LargestPossibleRegion: 
    Dimension: 3
    Index: [0, 0, 0]
    Size: [193, 229, 193]
  BufferedRegion: 
    Dimension: 3
    Index: [0, 0, 0]
    Size: [193, 229, 193]
  RequestedRegion: 
    Dimension: 3
    Index: [0, 0, 0]
    Size: [193, 229, 193]
  Spacing: [1, 1, 1]
  Origin: [96, 132, -78]
  Direction: 
-1 0 0
0 -1 0
0 0 1

  IndexToPointMatrix: 
-1 0 0
0 -1 0
0 0 1

  PointToIndexMatrix: 
-1 0 0
0 -1 0
0 0 1

  Inverse Direction: 
-1 0 0
0 -1 0
0 0 1

  PixelContainer: 
    ImportImageContainer (0x3581750)
      RTTI typeinfo:   itk::ImportImageContainer<unsigned long, double>
      Reference Count: 1
      Modified Time: 1214
      Debug: Off
      Object Name: 
      Observers: 
        none
      Pointer: 0x14b00a921010
      Container manages memory: true
      Size: 8530021
      Capacity: 8530021

     Moving image = Image (0x362ff40)
  RTTI typeinfo:   itk::Image<double, 3u>
  Reference Count: 2
  Modified Time: 1607
  Debug: Off
  Object Name: 
  Observers: 
    none
  Source: (none)
  Source output name: (none)
  Release Data: Off
  Data Released: False
  Global Release Data: Off
  PipelineMTime: 0
  UpdateMTime: 1604
  RealTimeStamp: 0 seconds 
  LargestPossibleRegion: 
    Dimension: 3
    Index: [0, 0, 0]
    Size: [176, 256, 256]
  BufferedRegion: 
    Dimension: 3
    Index: [0, 0, 0]
    Size: [176, 256, 256]
  RequestedRegion: 
    Dimension: 3
    Index: [0, 0, 0]
    Size: [176, 256, 256]
  Spacing: [1, 1, 1]
  Origin: [-86.8362, 96.2771, -119.914]
  Direction: 
1 0 0
0 -1 0
0 0 1

  IndexToPointMatrix: 
1 0 0
0 -1 0
0 0 1

  PointToIndexMatrix: 
1 0 0
0 -1 0
0 0 1

  Inverse Direction: 
1 0 0
0 -1 0
0 0 1

  PixelContainer: 
    ImportImageContainer (0x35e5c10)
      RTTI typeinfo:   itk::ImportImageContainer<unsigned long, double>
      Reference Count: 1
      Modified Time: 1601
      Debug: Off
      Object Name: 
      Observers: 
        none
      Pointer: 0x14b005120010
      Container manages memory: true
      Size: 11534336
      Capacity: 11534336

     Weighting = 1
     Sampling strategy = none
     Number of bins = 32
     Radius = 4
     Sampling percentage  = 1
   Transform = SyN
     Gradient step = 0.1
     Update field sigma (voxel space) = 3
     Total field sigma (voxel space) = 0
     Update field time sigma = 0
     Total field time sigma  = 0
     Number of time indices = 0
     Number of time point samples = 0
Registration using 1 total stages.

Stage 0
  iterations = 100x70x50x20
  convergence threshold = 1e-06
  convergence window size = 10
  number of levels = 4
  using the CC metric (radius = 4, weight = 1, use gradient filter = 0)
  preprocessing:  winsorizing the image intensities
  Shrink factors (level 1 out of 4): [8, 8, 8]
  Shrink factors (level 2 out of 4): [4, 4, 4]
  Shrink factors (level 3 out of 4): [2, 2, 2]
  Shrink factors (level 4 out of 4): [1, 1, 1]
  smoothing sigmas per level: [3, 2, 1, 0]
  Using default NONE metricSamplingStrategy 

*** Running SyN registration (varianceForUpdateField = 3, varianceForTotalField = 0) ***

XXDIAGNOSTIC,Iteration,metricValue,convergenceValue,ITERATION_TIME_INDEX,SINCE_LAST
 1DIAGNOSTIC,     1, -9.188041687012e-01, 1.797693134862e+308, 0.0000e+00, 0.0000e+00, 
 1DIAGNOSTIC,     2, -9.263253211975e-01, 1.797693134862e+308, 0.0000e+00, 0.0000e+00, 
 1DIAGNOSTIC,     3, -9.341769218445e-01, 1.797693134862e+308, 0.0000e+00, 0.0000e+00, 
 1DIAGNOSTIC,     4, -9.398145675659e-01, 1.797693134862e+308, 0.0000e+00, 0.0000e+00, 
 1DIAGNOSTIC,     5, -9.437065124512e-01, 1.797693134862e+308, 0.0000e+00, 0.0000e+00, 
 1DIAGNOSTIC,     6, -9.463753700256e-01, 1.797693134862e+308, 0.0000e+00, 0.0000e+00, 
 1DIAGNOSTIC,     7, -9.493317604065e-01, 1.797693134862e+308, 0.0000e+00, 0.0000e+00, 
 1DIAGNOSTIC,     8, -9.525079727173e-01, 1.797693134862e+308, 0.0000e+00, 0.0000e+00, 
 1DIAGNOSTIC,     9, -9.555673599243e-01, 1.797693134862e+308, 0.0000e+00, 0.0000e+00, 
 1DIAGNOSTIC,    10, -9.573335647583e-01, 2.471030188815e-03, 0.0000e+00, 0.0000e+00, 
 1DIAGNOSTIC,    11, -9.578881263733e-01, 1.849401841994e-03, 0.0000e+00, 0.0000e+00, 
 1DIAGNOSTIC,    12, -9.589719772339e-01, 1.380209278304e-03, 0.0000e+00, 0.0000e+00, 
 1DIAGNOSTIC,    13, -9.594583511353e-01, 1.049262024660e-03, 0.0000e+00, 0.0000e+00, 
 1DIAGNOSTIC,    14, -9.603180885315e-01, 8.084406118088e-04, 0.0000e+00, 0.0000e+00, 
 1DIAGNOSTIC,    15, -9.606494903564e-01, 6.103367659894e-04, 0.0000e+00, 0.0000e+00, 
 1DIAGNOSTIC,    16, -9.613332748413e-01, 4.441724845734e-04, 0.0000e+00, 0.0000e+00, 
 1DIAGNOSTIC,    17, -9.616327285767e-01, 3.135705467927e-04, 0.0000e+00, 0.0000e+00, 
 1DIAGNOSTIC,    18, -9.621500968933e-01, 2.291134518496e-04, 0.0000e+00, 0.0000e+00, 
 1DIAGNOSTIC,    19, -9.623651504517e-01, 1.834119749189e-04, 0.0000e+00, 0.0000e+00, 
 1DIAGNOSTIC,    20, -9.627609252930e-01, 1.577201247647e-04, 0.0000e+00, 0.0000e+00, 
 1DIAGNOSTIC,    21, -9.628734588623e-01, 1.290883966786e-04, 0.0000e+00, 0.0000e+00, 
 1DIAGNOSTIC,    22, -9.631962776184e-01, 1.102219531524e-04, 0.0000e+00, 0.0000e+00, 
 1DIAGNOSTIC,    23, -9.633121490479e-01, 9.037033907144e-05, 0.0000e+00, 0.0000e+00, 
 1DIAGNOSTIC,    24, -9.635643959045e-01, 7.765004637726e-05, 0.0000e+00, 0.0000e+00, 
 1DIAGNOSTIC,    25, -9.636654853821e-01, 6.375785419700e-05, 0.0000e+00, 0.0000e+00, 
 1DIAGNOSTIC,    26, -9.638648033142e-01, 5.517032263681e-05, 0.0000e+00, 0.0000e+00, 
 1DIAGNOSTIC,    27, -9.639229774475e-01, 4.595240882537e-05, 0.0000e+00, 0.0000e+00, 
 1DIAGNOSTIC,    28, -9.640893936157e-01, 4.043211573732e-05, 0.0000e+00, 0.0000e+00, 
 1DIAGNOSTIC,    29, -9.641270637512e-01, 3.407080677514e-05, 0.0000e+00, 0.0000e+00, 
 1DIAGNOSTIC,    30, -9.642710685730e-01, 3.038266071283e-05, 0.0000e+00, 0.0000e+00, 
 1DIAGNOSTIC,    31, -9.642925262451e-01, 2.536266342795e-05, 0.0000e+00, 0.0000e+00, 
 1DIAGNOSTIC,    32, -9.644126892090e-01, 2.247605441515e-05, 0.0000e+00, 0.0000e+00, 
 1DIAGNOSTIC,    33, -9.644227027893e-01, 1.880230154686e-05, 0.0000e+00, 0.0000e+00, 
 1DIAGNOSTIC,    34, -9.645390510559e-01, 1.687612195277e-05, 0.0000e+00, 0.0000e+00, 
 1DIAGNOSTIC,    35, -9.645390510559e-01, 1.435257002133e-05, 0.0000e+00, 0.0000e+00, 
 1DIAGNOSTIC,    36, -9.646544456482e-01, 1.329828474265e-05, 0.0000e+00, 0.0000e+00, 
 1DIAGNOSTIC,    37, -9.646458625793e-01, 1.147447150322e-05, 0.0000e+00, 0.0000e+00, 
 1DIAGNOSTIC,    38, -9.647512435913e-01, 1.087262785835e-05, 0.0000e+00, 0.0000e+00, 
 1DIAGNOSTIC,    39, -9.647359848022e-01, 9.477594922674e-06, 0.0000e+00, 0.0000e+00, 
 1DIAGNOSTIC,    40, -9.648447036743e-01, 9.214616873605e-06, 0.0000e+00, 0.0000e+00, 
 1DIAGNOSTIC,    41, -9.648213386536e-01, 8.112439759411e-06, 0.0000e+00, 0.0000e+00, 
 1DIAGNOSTIC,    42, -9.649286270142e-01, 7.984716062448e-06, 0.0000e+00, 0.0000e+00, 
 1DIAGNOSTIC,    43, -9.649014472961e-01, 7.022168323555e-06, 0.0000e+00, 0.0000e+00, 
 1DIAGNOSTIC,    44, -9.650077819824e-01, 7.020437186155e-06, 0.0000e+00, 0.0000e+00, 
 1DIAGNOSTIC,    45, -9.649734497070e-01, 6.157919814842e-06, 0.0000e+00, 0.0000e+00, 
 1DIAGNOSTIC,    46, -9.650802612305e-01, 6.261146412594e-06, 0.0000e+00, 0.0000e+00, 
 1DIAGNOSTIC,    47, -9.650411605835e-01, 5.496393207845e-06, 0.0000e+00, 0.0000e+00, 
 1DIAGNOSTIC,    48, -9.651489257812e-01, 5.636185224644e-06, 0.0000e+00, 0.0000e+00, 
 1DIAGNOSTIC,    49, -9.651045799255e-01, 4.903356219697e-06, 0.0000e+00, 0.0000e+00, 
 1DIAGNOSTIC,    50, -9.652128219604e-01, 5.097328677872e-06, 0.0000e+00, 0.0000e+00, 
 1DIAGNOSTIC,    51, -9.651641845703e-01, 4.408619027587e-06, 0.0000e+00, 0.0000e+00, 
 1DIAGNOSTIC,    52, -9.652729034424e-01, 4.633185911734e-06, 0.0000e+00, 0.0000e+00, 
 1DIAGNOSTIC,    53, -9.652199745178e-01, 3.987246843154e-06, 0.0000e+00, 0.0000e+00, 
 1DIAGNOSTIC,    54, -9.653310775757e-01, 4.252712691850e-06, 0.0000e+00, 0.0000e+00, 
 1DIAGNOSTIC,    55, -9.652738571167e-01, 3.635613472993e-06, 0.0000e+00, 0.0000e+00, 
 1DIAGNOSTIC,    56, -9.653811454773e-01, 3.899405519786e-06, 0.0000e+00, 0.0000e+00, 
 1DIAGNOSTIC,    57, -9.653191566467e-01, 3.281771087424e-06, 0.0000e+00, 0.0000e+00, 
 1DIAGNOSTIC,    58, -9.654326438904e-01, 3.573552373053e-06, 0.0000e+00, 0.0000e+00, 
 1DIAGNOSTIC,    59, -9.653668403625e-01, 2.984058353056e-06, 0.0000e+00, 0.0000e+00, 
 1DIAGNOSTIC,    60, -9.654874801636e-01, 3.329269656998e-06, 0.0000e+00, 0.0000e+00, 
 1DIAGNOSTIC,    61, -9.654178619385e-01, 2.792771588617e-06, 0.0000e+00, 0.0000e+00, 
 1DIAGNOSTIC,    62, -9.655323028564e-01, 3.141956006814e-06, 0.0000e+00, 0.0000e+00, 
 1DIAGNOSTIC,    63, -9.654593467712e-01, 2.609217027355e-06, 0.0000e+00, 0.0000e+00, 
 1DIAGNOSTIC,    64, -9.655742645264e-01, 2.956415988135e-06, 0.0000e+00, 0.0000e+00, 
 1DIAGNOSTIC,    65, -9.654989242554e-01, 2.426581858703e-06, 0.0000e+00, 0.0000e+00, 
 1DIAGNOSTIC,    66, -9.656138420105e-01, 2.743554063718e-06, 0.0000e+00, 0.0000e+00, 
 1DIAGNOSTIC,    67, -9.655356407166e-01, 2.188877627408e-06, 0.0000e+00, 0.0000e+00, 
 1DIAGNOSTIC,    68, -9.656510353088e-01, 2.502751851059e-06, 0.0000e+00, 0.0000e+00, 
 1DIAGNOSTIC,    69, -9.655694961548e-01, 1.953535955607e-06, 0.0000e+00, 0.0000e+00, 
 1DIAGNOSTIC,    70, -9.656848907471e-01, 2.294852535504e-06, 0.0000e+00, 0.0000e+00, 
 1DIAGNOSTIC,    71, -9.656023979187e-01, 1.790542669702e-06, 0.0000e+00, 0.0000e+00, 
 1DIAGNOSTIC,    72, -9.657158851624e-01, 2.128095995693e-06, 0.0000e+00, 0.0000e+00, 
 1DIAGNOSTIC,    73, -9.656314849854e-01, 1.632131111663e-06, 0.0000e+00, 0.0000e+00, 
 1DIAGNOSTIC,    74, -9.657478332520e-01, 1.979181167316e-06, 0.0000e+00, 0.0000e+00, 
 1DIAGNOSTIC,    75, -9.656620025635e-01, 1.507968537698e-06, 0.0000e+00, 0.0000e+00, 
 1DIAGNOSTIC,    76, -9.657797813416e-01, 1.870555430298e-06, 0.0000e+00, 0.0000e+00, 
 1DIAGNOSTIC,    77, -9.656920433044e-01, 1.422867495271e-06, 0.0000e+00, 0.0000e+00, 
 1DIAGNOSTIC,    78, -9.658107757568e-01, 1.797336314132e-06, 0.0000e+00, 0.0000e+00, 
 1DIAGNOSTIC,    79, -9.657216072083e-01, 1.366016827903e-06, 0.0000e+00, 0.0000e+00, 
 1DIAGNOSTIC,    80, -9.658408164978e-01, 1.739569605421e-06, 0.0000e+00, 0.0000e+00, 
 1DIAGNOSTIC,    81, -9.657502174377e-01, 1.320049017487e-06, 0.0000e+00, 0.0000e+00, 
 1DIAGNOSTIC,    82, -9.658689498901e-01, 1.678380310422e-06, 0.0000e+00, 0.0000e+00, 
 1DIAGNOSTIC,    83, -9.657773971558e-01, 1.254539337900e-06, 0.0000e+00, 0.0000e+00, 
 1DIAGNOSTIC,    84, -9.658966064453e-01, 1.605198544438e-06, 0.0000e+00, 0.0000e+00, 
 1DIAGNOSTIC,    85, -9.658031463623e-01, 1.183666527640e-06, 0.0000e+00, 0.0000e+00, 
 1DIAGNOSTIC,    86, -9.659223556519e-01, 1.527781353190e-06, 0.0000e+00, 0.0000e+00, 
 1DIAGNOSTIC,    87, -9.658284187317e-01, 1.113326035595e-06, 0.0000e+00, 0.0000e+00, 
 1DIAGNOSTIC,    88, -9.659476280212e-01, 1.454321925923e-06, 0.0000e+00, 0.0000e+00, 
 1DIAGNOSTIC,    89, -9.658522605896e-01, 1.048031236345e-06, 0.0000e+00, 0.0000e+00, 
 1DIAGNOSTIC,    90, -9.659705162048e-01, 1.382750719542e-06, 0.0000e+00, 0.0000e+00, 
 1DIAGNOSTIC,    91, -9.658741950989e-01, 9.829508293563e-07, 0.0000e+00, 0.0000e+00, 
XXDIAGNOSTIC,Iteration,metricValue,convergenceValue,ITERATION_TIME_INDEX,SINCE_LAST
 1DIAGNOSTIC,     1, -9.041161537170e-01, 1.797693134862e+308, 0.0000e+00, 0.0000e+00, 
 1DIAGNOSTIC,     2, -9.070520401001e-01, 1.797693134862e+308, 0.0000e+00, 0.0000e+00, 
 1DIAGNOSTIC,     3, -9.109325408936e-01, 1.797693134862e+308, 0.0000e+00, 0.0000e+00, 
 1DIAGNOSTIC,     4, -9.144678115845e-01, 1.797693134862e+308, 0.0000e+00, 0.0000e+00, 
 1DIAGNOSTIC,     5, -9.176402091980e-01, 1.797693134862e+308, 0.0000e+00, 0.0000e+00, 
 1DIAGNOSTIC,     6, -9.202909469604e-01, 1.797693134862e+308, 0.0000e+00, 0.0000e+00, 
 1DIAGNOSTIC,     7, -9.224810600281e-01, 1.797693134862e+308, 0.0000e+00, 0.0000e+00, 
 1DIAGNOSTIC,     8, -9.244527816772e-01, 1.797693134862e+308, 0.0000e+00, 0.0000e+00, 
 1DIAGNOSTIC,     9, -9.262270927429e-01, 1.797693134862e+308, 0.0000e+00, 0.0000e+00, 
 1DIAGNOSTIC,    10, -9.278597831726e-01, 1.680985958497e-03, 0.0000e+00, 0.0000e+00, 
 1DIAGNOSTIC,    11, -9.294080734253e-01, 1.379445295362e-03, 0.0000e+00, 0.0000e+00, 
 1DIAGNOSTIC,    12, -9.308910369873e-01, 1.117337127071e-03, 0.0000e+00, 0.0000e+00, 
 1DIAGNOSTIC,    13, -9.323563575745e-01, 9.207590943845e-04, 0.0000e+00, 0.0000e+00, 
 1DIAGNOSTIC,    14, -9.335751533508e-01, 7.724821006881e-04, 0.0000e+00, 0.0000e+00, 
 1DIAGNOSTIC,    15, -9.346652030945e-01, 6.604334597657e-04, 0.0000e+00, 0.0000e+00, 
 1DIAGNOSTIC,    16, -9.356961250305e-01, 5.722667633262e-04, 0.0000e+00, 0.0000e+00, 
 1DIAGNOSTIC,    17, -9.366183280945e-01, 4.976818042342e-04, 0.0000e+00, 0.0000e+00, 
 1DIAGNOSTIC,    18, -9.374184608459e-01, 4.323983054624e-04, 0.0000e+00, 0.0000e+00, 
 1DIAGNOSTIC,    19, -9.381051063538e-01, 3.734929206243e-04, 0.0000e+00, 0.0000e+00, 
 1DIAGNOSTIC,    20, -9.389200210571e-01, 3.231955050987e-04, 0.0000e+00, 0.0000e+00, 
 1DIAGNOSTIC,    21, -9.394230842590e-01, 2.772954843969e-04, 0.0000e+00, 0.0000e+00, 
 1DIAGNOSTIC,    22, -9.400768280029e-01, 2.392947338892e-04, 0.0000e+00, 0.0000e+00, 
 1DIAGNOSTIC,    23, -9.404530525208e-01, 2.066036882763e-04, 0.0000e+00, 0.0000e+00, 
 1DIAGNOSTIC,    24, -9.407882690430e-01, 1.770588188949e-04, 0.0000e+00, 0.0000e+00, 
 1DIAGNOSTIC,    25, -9.410915374756e-01, 1.502441028762e-04, 0.0000e+00, 0.0000e+00, 
 1DIAGNOSTIC,    26, -9.413714408875e-01, 1.267167135968e-04, 0.0000e+00, 0.0000e+00, 
 1DIAGNOSTIC,    27, -9.418234825134e-01, 1.085286151878e-04, 0.0000e+00, 0.0000e+00, 
 1DIAGNOSTIC,    28, -9.420189857483e-01, 9.221969923202e-05, 0.0000e+00, 0.0000e+00, 
 1DIAGNOSTIC,    29, -9.422068595886e-01, 7.754960432461e-05, 0.0000e+00, 0.0000e+00, 
 1DIAGNOSTIC,    30, -9.423699378967e-01, 6.655865202853e-05, 0.0000e+00, 0.0000e+00, 
 1DIAGNOSTIC,    31, -9.425334930420e-01, 5.649630783843e-05, 0.0000e+00, 0.0000e+00, 
 1DIAGNOSTIC,    32, -9.425926208496e-01, 4.850751211607e-05, 0.0000e+00, 0.0000e+00, 
 1DIAGNOSTIC,    33, -9.427404403687e-01, 4.130711488039e-05, 0.0000e+00, 0.0000e+00, 
 1DIAGNOSTIC,    34, -9.427070617676e-01, 3.338313176658e-05, 0.0000e+00, 0.0000e+00, 
 1DIAGNOSTIC,    35, -9.427328109741e-01, 2.570174155560e-05, 0.0000e+00, 0.0000e+00, 
 1DIAGNOSTIC,    36, -9.425106048584e-01, 1.650026553932e-05, 0.0000e+00, 0.0000e+00, 
 1DIAGNOSTIC,    37, -9.425597190857e-01, 1.046750690846e-05, 0.0000e+00, 0.0000e+00, 
 1DIAGNOSTIC,    38, -9.423451423645e-01, 3.632501036521e-06, 0.0000e+00, 0.0000e+00, 
 1DIAGNOSTIC,    39, -9.424886703491e-01, -5.181492418634e-07, 0.0000e+00, 0.0000e+00, 
XXDIAGNOSTIC,Iteration,metricValue,convergenceValue,ITERATION_TIME_INDEX,SINCE_LAST
 1DIAGNOSTIC,     1, -8.953957557678e-01, 1.797693134862e+308, 0.0000e+00, 0.0000e+00, 
 1DIAGNOSTIC,     2, -8.971095085144e-01, 1.797693134862e+308, 0.0000e+00, 0.0000e+00, 
 1DIAGNOSTIC,     3, -8.994507789612e-01, 1.797693134862e+308, 1.0240e+03, 1.0240e+03, 
 1DIAGNOSTIC,     4, -9.017152786255e-01, 1.797693134862e+308, 1.0240e+03, 0.0000e+00, 
 1DIAGNOSTIC,     5, -9.038405418396e-01, 1.797693134862e+308, 1.0240e+03, 0.0000e+00, 
 1DIAGNOSTIC,     6, -9.058184623718e-01, 1.797693134862e+308, 1.0240e+03, 0.0000e+00, 
 1DIAGNOSTIC,     7, -9.076704978943e-01, 1.797693134862e+308, 1.0240e+03, 0.0000e+00, 
 1DIAGNOSTIC,     8, -9.092659950256e-01, 1.797693134862e+308, 1.0240e+03, 0.0000e+00, 
 1DIAGNOSTIC,     9, -9.107432365417e-01, 1.797693134862e+308, 1.0240e+03, 0.0000e+00, 
 1DIAGNOSTIC,    10, -9.121346473694e-01, 1.217811520166e-03, 1.0240e+03, 0.0000e+00, 
 1DIAGNOSTIC,    11, -9.134492874146e-01, 1.047580979912e-03, 1.0240e+03, 0.0000e+00, 
 1DIAGNOSTIC,    12, -9.145154953003e-01, 8.837418330634e-04, 1.0240e+03, 0.0000e+00, 
 1DIAGNOSTIC,    13, -9.156880378723e-01, 7.495665723521e-04, 1.0240e+03, 0.0000e+00, 
 1DIAGNOSTIC,    14, -9.166145324707e-01, 6.373288313480e-04, 2.0480e+03, 1.0240e+03, 
 1DIAGNOSTIC,    15, -9.174823760986e-01, 5.439050863003e-04, 2.0480e+03, 0.0000e+00, 
 1DIAGNOSTIC,    16, -9.182801246643e-01, 4.661606371878e-04, 2.0480e+03, 0.0000e+00, 
 1DIAGNOSTIC,    17, -9.190106391907e-01, 4.018650998528e-04, 2.0480e+03, 0.0000e+00, 
 1DIAGNOSTIC,    18, -9.196705818176e-01, 3.464881551149e-04, 2.0480e+03, 0.0000e+00, 
 1DIAGNOSTIC,    19, -9.203853607178e-01, 3.006344320813e-04, 2.0480e+03, 0.0000e+00, 
 1DIAGNOSTIC,    20, -9.209122657776e-01, 2.611395647127e-04, 2.0480e+03, 0.0000e+00, 
 1DIAGNOSTIC,    21, -9.215221405029e-01, 2.296047983052e-04, 2.0480e+03, 0.0000e+00, 
 1DIAGNOSTIC,    22, -9.219579696655e-01, 2.005945733476e-04, 2.0480e+03, 0.0000e+00, 
 1DIAGNOSTIC,    23, -9.223651885986e-01, 1.766838822825e-04, 2.0480e+03, 0.0000e+00, 
 1DIAGNOSTIC,    24, -9.227523803711e-01, 1.551908168709e-04, 2.0480e+03, 0.0000e+00, 
 1DIAGNOSTIC,    25, -9.231100082397e-01, 1.360453938407e-04, 3.0720e+03, 1.0240e+03, 
 1DIAGNOSTIC,    26, -9.234418869019e-01, 1.190630493891e-04, 3.0720e+03, 0.0000e+00, 
 1DIAGNOSTIC,    27, -9.237532615662e-01, 1.041200328771e-04, 3.0720e+03, 0.0000e+00, 
 1DIAGNOSTIC,    28, -9.240465164185e-01, 9.098397255700e-05, 3.0720e+03, 0.0000e+00, 
 1DIAGNOSTIC,    29, -9.243264198303e-01, 8.083879618653e-05, 3.0720e+03, 0.0000e+00, 
 1DIAGNOSTIC,    30, -9.245882034302e-01, 7.186329518255e-05, 3.0720e+03, 0.0000e+00, 
 1DIAGNOSTIC,    31, -9.248409271240e-01, 6.532551783332e-05, 3.0720e+03, 0.0000e+00, 
 1DIAGNOSTIC,    32, -9.250864982605e-01, 5.963889579936e-05, 3.0720e+03, 0.0000e+00, 
 1DIAGNOSTIC,    33, -9.253211021423e-01, 5.469726888685e-05, 3.0720e+03, 0.0000e+00, 
 1DIAGNOSTIC,    34, -9.255509376526e-01, 5.050978146387e-05, 3.0720e+03, 0.0000e+00, 
 1DIAGNOSTIC,    35, -9.257693290710e-01, 4.689555391295e-05, 3.0720e+03, 0.0000e+00, 
 1DIAGNOSTIC,    36, -9.259834289551e-01, 4.375699619599e-05, 4.0960e+03, 1.0240e+03, 
 1DIAGNOSTIC,    37, -9.261879920959e-01, 4.097844827140e-05, 4.0960e+03, 0.0000e+00, 
 1DIAGNOSTIC,    38, -9.263796806335e-01, 3.843169822276e-05, 4.0960e+03, 0.0000e+00, 
 1DIAGNOSTIC,    39, -9.265599250793e-01, 3.604586164195e-05, 4.0960e+03, 0.0000e+00, 
 1DIAGNOSTIC,    40, -9.267368316650e-01, 3.377712369042e-05, 4.0960e+03, 0.0000e+00, 
 1DIAGNOSTIC,    41, -9.269037246704e-01, 3.160169487323e-05, 4.0960e+03, 0.0000e+00, 
 1DIAGNOSTIC,    42, -9.270639419556e-01, 2.954186492787e-05, 4.0960e+03, 0.0000e+00, 
 1DIAGNOSTIC,    43, -9.272189140320e-01, 2.759877546231e-05, 4.0960e+03, 0.0000e+00, 
 1DIAGNOSTIC,    44, -9.273700714111e-01, 2.582546645747e-05, 4.0960e+03, 0.0000e+00, 
 1DIAGNOSTIC,    45, -9.275212287903e-01, 2.424001402769e-05, 4.0960e+03, 0.0000e+00, 
 1DIAGNOSTIC,    46, -9.276647567749e-01, 2.284623838764e-05, 4.0960e+03, 0.0000e+00, 
 1DIAGNOSTIC,    47, -9.278073310852e-01, 2.164860126690e-05, 5.1200e+03, 1.0240e+03, 
 1DIAGNOSTIC,    48, -9.279460906982e-01, 2.059617900155e-05, 5.1200e+03, 0.0000e+00, 
 1DIAGNOSTIC,    49, -9.280848503113e-01, 1.966456035420e-05, 5.1200e+03, 0.0000e+00, 
 1DIAGNOSTIC,    50, -9.282202720642e-01, 1.885445478994e-05, 5.1200e+03, 0.0000e+00, 
XXDIAGNOSTIC,Iteration,metricValue,convergenceValue,ITERATION_TIME_INDEX,SINCE_LAST
 1DIAGNOSTIC,     1, -8.857464790344e-01, 1.797693134862e+308, 6.1440e+03, 1.0240e+03, 
 1DIAGNOSTIC,     2, -8.867239952087e-01, 1.797693134862e+308, 6.1440e+03, 0.0000e+00, 
 1DIAGNOSTIC,     3, -8.883500099182e-01, 1.797693134862e+308, 7.1680e+03, 1.0240e+03, 
 1DIAGNOSTIC,     4, -8.899860382080e-01, 1.797693134862e+308, 8.1920e+03, 1.0240e+03, 
 1DIAGNOSTIC,     5, -8.916687965393e-01, 1.797693134862e+308, 9.2160e+03, 1.0240e+03, 
 1DIAGNOSTIC,     6, -8.932709693909e-01, 1.797693134862e+308, 1.0240e+04, 1.0240e+03, 
 1DIAGNOSTIC,     7, -8.947930335999e-01, 1.797693134862e+308, 1.1264e+04, 1.0240e+03, 
 1DIAGNOSTIC,     8, -8.962001800537e-01, 1.797693134862e+308, 1.1264e+04, 0.0000e+00, 
 1DIAGNOSTIC,     9, -8.975009918213e-01, 1.797693134862e+308, 1.2288e+04, 1.0240e+03, 
 1DIAGNOSTIC,    10, -8.986191749573e-01, 9.685510917292e-04, 1.3312e+04, 1.0240e+03, 
 1DIAGNOSTIC,    11, -8.998026847839e-01, 8.620404426052e-04, 1.4336e+04, 1.0240e+03, 
 1DIAGNOSTIC,    12, -9.006657600403e-01, 7.442036127976e-04, 1.5360e+04, 1.0240e+03, 
 1DIAGNOSTIC,    13, -9.015393257141e-01, 6.381194695013e-04, 1.6384e+04, 1.0240e+03, 
 1DIAGNOSTIC,    14, -9.023613929749e-01, 5.446383968112e-04, 1.7408e+04, 1.0240e+03, 
 1DIAGNOSTIC,    15, -9.031014442444e-01, 4.648094247248e-04, 1.7408e+04, 0.0000e+00, 
 1DIAGNOSTIC,    16, -9.038076400757e-01, 3.977932944122e-04, 1.8432e+04, 1.0240e+03, 
 1DIAGNOSTIC,    17, -9.044656753540e-01, 3.424594783885e-04, 1.9456e+04, 1.0240e+03, 
 1DIAGNOSTIC,    18, -9.051313400269e-01, 2.979401706726e-04, 2.0480e+04, 1.0240e+03, 
 1DIAGNOSTIC,    19, -9.057989120483e-01, 2.631322963516e-04, 2.1504e+04, 1.0240e+03, 
 1DIAGNOSTIC,    20, -9.063029289246e-01, 2.327826989635e-04, 2.2528e+04, 1.0240e+03, 
  Elapsed time (stage 0): 22528


Total elapsed time: 22528
