
##########################
# Experiment information #
##########################
SIF_IMG: /project/rrg-glatard/mdugre/containers/ants-p2-vprec.sif
EXPERIMENT_NAME: vprec-space_search
CONFIG: 0011
VFC_BACKENDS: libinterflop_vprec.so --range-binary32=8 --precision-binary32=19 --range-binary64=8 --precision-binary64=19

FIXED_IMG: /templateflow/tpl-MNI152NLin2009cAsym/tpl-MNI152NLin2009cAsym_res-01_desc-brain_T1w.nii.gz
SUBJECT_ID: 0003047
INPUT_IMG: /project/rrg-glatard/mdugre/datasets/corr/RawDataBIDS/BMB_1/derivatives/antsBrainExtraction/sub-0003047/BrainExtractionBrain.nii.gz
OUTPUT_DIR: /project/rrg-glatard/mdugre/datasets/corr/RawDataBIDS/BMB_1/derivatives/vprec-space_search/0011/r8-p19/sub-0003047

ITK_GLOBAL_DEFAULT_NUMBER_OF_THREADS: 8
##########################

VFC_BACKENDS=libinterflop_ieee.so
Info [verificarlo]: loaded backend libinterflop_ieee.so
Info [interflop-ieee]: load backend with:
Info [interflop-ieee]: debug = false
Info [interflop-ieee]: debug-binary = false
Info [interflop-ieee]: no-backend-name = false
Info [interflop-ieee]: print-new-line = false
Info [interflop-ieee]: print-subnormal-normalized = false
Info [interflop-ieee]: count-op = false
All_Command_lines_OK
Using double precision for computations.
=============================================================================
The composite transform comprises the following transforms (in order): 
  1. Center of mass alignment using fixed image: /templateflow/tpl-MNI152NLin2009cAsym/tpl-MNI152NLin2009cAsym_res-01_desc-brain_T1w.nii.gz and moving image: /project/rrg-glatard/mdugre/datasets/corr/RawDataBIDS/BMB_1/derivatives/antsBrainExtraction/sub-0003047/BrainExtractionBrain.nii.gz (type = Euler3DTransform)
=============================================================================
  number of levels = 1
  fixed image: /templateflow/tpl-MNI152NLin2009cAsym/tpl-MNI152NLin2009cAsym_res-01_desc-brain_T1w.nii.gz
  moving image: /project/rrg-glatard/mdugre/datasets/corr/RawDataBIDS/BMB_1/derivatives/antsBrainExtraction/sub-0003047/BrainExtractionBrain.nii.gz
Dimension = 3
Number of stages = 1
Use histogram matching = false
Winsorize image intensities = true
  Lower quantile = 0.005
  Upper quantile = 0.995


Stage 1 State
   Image metric = MattesMI
     Fixed image = Image (0x4c07390)
  RTTI typeinfo:   itk::Image<double, 3u>
  Reference Count: 2
  Modified Time: 2334
  Debug: Off
  Object Name: 
  Observers: 
    none
  Source: (none)
  Source output name: (none)
  Release Data: Off
  Data Released: False
  Global Release Data: Off
  PipelineMTime: 0
  UpdateMTime: 1943
  RealTimeStamp: 0 seconds 
  LargestPossibleRegion: 
    Dimension: 3
    Index: [0, 0, 0]
    Size: [193, 229, 193]
  BufferedRegion: 
    Dimension: 3
    Index: [0, 0, 0]
    Size: [193, 229, 193]
  RequestedRegion: 
    Dimension: 3
    Index: [0, 0, 0]
    Size: [193, 229, 193]
  Spacing: [1, 1, 1]
  Origin: [96, 132, -78]
  Direction: 
-1 0 0
0 -1 0
0 0 1

  IndexToPointMatrix: 
-1 0 0
0 -1 0
0 0 1

  PointToIndexMatrix: 
-1 0 0
0 -1 0
0 0 1

  Inverse Direction: 
-1 0 0
0 -1 0
0 0 1

  PixelContainer: 
    ImportImageContainer (0x4cd2a90)
      RTTI typeinfo:   itk::ImportImageContainer<unsigned long, double>
      Reference Count: 1
      Modified Time: 1940
      Debug: Off
      Object Name: 
      Observers: 
        none
      Pointer: 0x1474566dd010
      Container manages memory: true
      Size: 8530021
      Capacity: 8530021

     Moving image = Image (0x4c05290)
  RTTI typeinfo:   itk::Image<double, 3u>
  Reference Count: 2
  Modified Time: 2335
  Debug: Off
  Object Name: 
  Observers: 
    none
  Source: (none)
  Source output name: (none)
  Release Data: Off
  Data Released: False
  Global Release Data: Off
  PipelineMTime: 0
  UpdateMTime: 2332
  RealTimeStamp: 0 seconds 
  LargestPossibleRegion: 
    Dimension: 3
    Index: [0, 0, 0]
    Size: [176, 256, 256]
  BufferedRegion: 
    Dimension: 3
    Index: [0, 0, 0]
    Size: [176, 256, 256]
  RequestedRegion: 
    Dimension: 3
    Index: [0, 0, 0]
    Size: [176, 256, 256]
  Spacing: [1, 1, 1]
  Origin: [-107.271, 104.346, -139.237]
  Direction: 
1 0 0
0 -1 0
0 0 1

  IndexToPointMatrix: 
1 0 0
0 -1 0
0 0 1

  PointToIndexMatrix: 
1 0 0
0 -1 0
0 0 1

  Inverse Direction: 
1 0 0
0 -1 0
0 0 1

  PixelContainer: 
    ImportImageContainer (0x4c32850)
      RTTI typeinfo:   itk::ImportImageContainer<unsigned long, double>
      Reference Count: 1
      Modified Time: 2329
      Debug: Off
      Object Name: 
      Observers: 
        none
      Pointer: 0x147450edc010
      Container manages memory: true
      Size: 11534336
      Capacity: 11534336

     Weighting = 1
     Sampling strategy = regular
     Number of bins = 32
     Radius = 4
     Sampling percentage  = 0.25
   Transform = Rigid
     Gradient step = 0.1
     Update field sigma (voxel space) = 0
     Total field sigma (voxel space) = 0
     Update field time sigma = 0
     Total field time sigma  = 0
     Number of time indices = 0
     Number of time point samples = 0
Registration using 1 total stages.

Stage 0
  iterations = 0
  convergence threshold = 1e-06
  convergence window size = 10
  number of levels = 1
  using the Mattes MI metric (number of bins = 32, weight = 1, use gradient filter = 0)
  preprocessing:  winsorizing the image intensities
  Shrink factors (level 1 out of 1): [1, 1, 1]
  smoothing sigmas per level: [0]
  regular sampling (percentage = 0.25)

*** Running Euler3DTransform registration ***

  Elapsed time (stage 0): 0.922715


Total elapsed time: 0.924543
VFC_BACKENDS=libinterflop_ieee.so
Info [verificarlo]: loaded backend libinterflop_ieee.so
Info [interflop-ieee]: load backend with:
Info [interflop-ieee]: debug = false
Info [interflop-ieee]: debug-binary = false
Info [interflop-ieee]: no-backend-name = false
Info [interflop-ieee]: print-new-line = false
Info [interflop-ieee]: print-subnormal-normalized = false
Info [interflop-ieee]: count-op = false
All_Command_lines_OK
Using double precision for computations.
=============================================================================
The composite transform comprises the following transforms (in order): 
  1. /project/rrg-glatard/mdugre/datasets/corr/RawDataBIDS/BMB_1/derivatives/vprec-space_search/0011/r8-p19/sub-0003047/align_Composite.h5[0] (type = Euler3DTransform)
  2. /project/rrg-glatard/mdugre/datasets/corr/RawDataBIDS/BMB_1/derivatives/vprec-space_search/0011/r8-p19/sub-0003047/align_Composite.h5[1] (type = Euler3DTransform)
=============================================================================
  number of levels = 4
  fixed image: /templateflow/tpl-MNI152NLin2009cAsym/tpl-MNI152NLin2009cAsym_res-01_desc-brain_T1w.nii.gz
  moving image: /project/rrg-glatard/mdugre/datasets/corr/RawDataBIDS/BMB_1/derivatives/antsBrainExtraction/sub-0003047/BrainExtractionBrain.nii.gz
Dimension = 3
Number of stages = 1
Use histogram matching = false
Winsorize image intensities = true
  Lower quantile = 0.005
  Upper quantile = 0.995


Stage 1 State
   Image metric = MattesMI
     Fixed image = Image (0x34dd650)
  RTTI typeinfo:   itk::Image<double, 3u>
  Reference Count: 2
  Modified Time: 1580
  Debug: Off
  Object Name: 
  Observers: 
    none
  Source: (none)
  Source output name: (none)
  Release Data: Off
  Data Released: False
  Global Release Data: Off
  PipelineMTime: 0
  UpdateMTime: 1189
  RealTimeStamp: 0 seconds 
  LargestPossibleRegion: 
    Dimension: 3
    Index: [0, 0, 0]
    Size: [193, 229, 193]
  BufferedRegion: 
    Dimension: 3
    Index: [0, 0, 0]
    Size: [193, 229, 193]
  RequestedRegion: 
    Dimension: 3
    Index: [0, 0, 0]
    Size: [193, 229, 193]
  Spacing: [1, 1, 1]
  Origin: [96, 132, -78]
  Direction: 
-1 0 0
0 -1 0
0 0 1

  IndexToPointMatrix: 
-1 0 0
0 -1 0
0 0 1

  PointToIndexMatrix: 
-1 0 0
0 -1 0
0 0 1

  Inverse Direction: 
-1 0 0
0 -1 0
0 0 1

  PixelContainer: 
    ImportImageContainer (0x359b210)
      RTTI typeinfo:   itk::ImportImageContainer<unsigned long, double>
      Reference Count: 1
      Modified Time: 1186
      Debug: Off
      Object Name: 
      Observers: 
        none
      Pointer: 0x14e955114010
      Container manages memory: true
      Size: 8530021
      Capacity: 8530021

     Moving image = Image (0x35986e0)
  RTTI typeinfo:   itk::Image<double, 3u>
  Reference Count: 2
  Modified Time: 1581
  Debug: Off
  Object Name: 
  Observers: 
    none
  Source: (none)
  Source output name: (none)
  Release Data: Off
  Data Released: False
  Global Release Data: Off
  PipelineMTime: 0
  UpdateMTime: 1578
  RealTimeStamp: 0 seconds 
  LargestPossibleRegion: 
    Dimension: 3
    Index: [0, 0, 0]
    Size: [176, 256, 256]
  BufferedRegion: 
    Dimension: 3
    Index: [0, 0, 0]
    Size: [176, 256, 256]
  RequestedRegion: 
    Dimension: 3
    Index: [0, 0, 0]
    Size: [176, 256, 256]
  Spacing: [1, 1, 1]
  Origin: [-107.271, 104.346, -139.237]
  Direction: 
1 0 0
0 -1 0
0 0 1

  IndexToPointMatrix: 
1 0 0
0 -1 0
0 0 1

  PointToIndexMatrix: 
1 0 0
0 -1 0
0 0 1

  Inverse Direction: 
1 0 0
0 -1 0
0 0 1

  PixelContainer: 
    ImportImageContainer (0x356a970)
      RTTI typeinfo:   itk::ImportImageContainer<unsigned long, double>
      Reference Count: 1
      Modified Time: 1575
      Debug: Off
      Object Name: 
      Observers: 
        none
      Pointer: 0x14e94f913010
      Container manages memory: true
      Size: 11534336
      Capacity: 11534336

     Weighting = 1
     Sampling strategy = regular
     Number of bins = 32
     Radius = 4
     Sampling percentage  = 0.25
   Transform = Rigid
     Gradient step = 0.1
     Update field sigma (voxel space) = 0
     Total field sigma (voxel space) = 0
     Update field time sigma = 0
     Total field time sigma  = 0
     Number of time indices = 0
     Number of time point samples = 0
Registration using 1 total stages.

Stage 0
  iterations = 1000x500x250x100
  convergence threshold = 1e-06
  convergence window size = 10
  number of levels = 4
  using the Mattes MI metric (number of bins = 32, weight = 1, use gradient filter = 0)
  preprocessing:  winsorizing the image intensities
  Shrink factors (level 1 out of 4): [8, 8, 8]
  Shrink factors (level 2 out of 4): [4, 4, 4]
  Shrink factors (level 3 out of 4): [2, 2, 2]
  Shrink factors (level 4 out of 4): [1, 1, 1]
  smoothing sigmas per level: [3, 2, 1, 0]
  regular sampling (percentage = 0.25)

*** Running Euler3DTransform registration ***

DIAGNOSTIC,Iteration,metricValue,convergenceValue,ITERATION_TIME_INDEX,SINCE_LAST
 2DIAGNOSTIC,     1, -6.368402248830e-01, 1.797693134862e+308, 1.2312e+00, 1.2312e+00, 
 2DIAGNOSTIC,     2, -6.394483681824e-01, 1.797693134862e+308, 1.2363e+00, 5.0950e-03, 
 2DIAGNOSTIC,     3, -6.435498244209e-01, 1.797693134862e+308, 1.2414e+00, 5.1310e-03, 
 2DIAGNOSTIC,     4, -6.488360002937e-01, 1.797693134862e+308, 1.2465e+00, 5.1150e-03, 
 2DIAGNOSTIC,     5, -6.534930443844e-01, 1.797693134862e+308, 1.2516e+00, 5.1150e-03, 
 2DIAGNOSTIC,     6, -6.597442156235e-01, 1.797693134862e+308, 1.2569e+00, 5.2679e-03, 
 2DIAGNOSTIC,     7, -6.614744047339e-01, 1.797693134862e+308, 1.2615e+00, 4.5860e-03, 
 2DIAGNOSTIC,     8, -6.622115543225e-01, 1.797693134862e+308, 1.2677e+00, 6.1769e-03, 
 2DIAGNOSTIC,     9, -6.632450600766e-01, 1.797693134862e+308, 1.2721e+00, 4.4651e-03, 
 2DIAGNOSTIC,    10, -6.647832587831e-01, 2.994557631794e-03, 1.2774e+00, 5.3020e-03, 
 2DIAGNOSTIC,    11, -6.667801481402e-01, 2.385161917935e-03, 1.2829e+00, 5.4989e-03, 
 2DIAGNOSTIC,    12, -6.675155139526e-01, 1.784424250619e-03, 1.2876e+00, 4.6608e-03, 
 2DIAGNOSTIC,    13, -6.687735625569e-01, 1.295655688518e-03, 1.2945e+00, 6.9008e-03, 
 2DIAGNOSTIC,    14, -6.690276142890e-01, 9.300660025434e-04, 1.2992e+00, 4.7359e-03, 
 2DIAGNOSTIC,    15, -6.691993308696e-01, 6.636650041446e-04, 1.3039e+00, 4.7050e-03, 
 2DIAGNOSTIC,    16, -6.696092704009e-01, 5.487253609178e-04, 1.3102e+00, 6.3229e-03, 
 2DIAGNOSTIC,    17, -6.697038233596e-01, 4.431226744537e-04, 1.3149e+00, 4.6690e-03, 
 2DIAGNOSTIC,    18, -6.698034689562e-01, 3.287430411805e-04, 1.3200e+00, 5.0540e-03, 
 2DIAGNOSTIC,    19, -6.701353274454e-01, 2.269106010100e-04, 1.3256e+00, 5.6341e-03, 
 2DIAGNOSTIC,    20, -6.700741506937e-01, 1.453696980686e-04, 1.3303e+00, 4.7081e-03, 
 2DIAGNOSTIC,    21, -6.701104897886e-01, 9.985228774011e-05, 1.3360e+00, 5.7080e-03, 
 2DIAGNOSTIC,    22, -6.702650733265e-01, 6.612715577246e-05, 1.3411e+00, 5.1250e-03, 
 2DIAGNOSTIC,    23, -6.703151498633e-01, 5.359912240490e-05, 1.3477e+00, 6.5918e-03, 
 2DIAGNOSTIC,    24, -6.704644170946e-01, 4.438624942040e-05, 1.3528e+00, 5.0600e-03, 
 2DIAGNOSTIC,    25, -6.704735483381e-01, 3.479937520141e-05, 1.3580e+00, 5.1820e-03, 
 2DIAGNOSTIC,    26, -6.704929692085e-01, 2.997003654846e-05, 1.3629e+00, 4.9560e-03, 
 2DIAGNOSTIC,    27, -6.704176772858e-01, 2.308977084824e-05, 1.3681e+00, 5.1970e-03, 
 2DIAGNOSTIC,    28, -6.704355689348e-01, 1.629880847812e-05, 1.3740e+00, 5.8241e-03, 
 2DIAGNOSTIC,    29, -6.705499349640e-01, 1.514847569739e-05, 1.3891e+00, 1.5094e-02, 
 2DIAGNOSTIC,    30, -6.705499343444e-01, 1.182691170055e-05, 1.3937e+00, 4.6949e-03, 
 2DIAGNOSTIC,    31, -6.705499384712e-01, 8.207832182638e-06, 1.3984e+00, 4.6921e-03, 
 2DIAGNOSTIC,    32, -6.705499454478e-01, 6.250043927770e-06, 1.4031e+00, 4.6179e-03, 
 2DIAGNOSTIC,    33, -6.705499572405e-01, 4.507450030694e-06, 1.4082e+00, 5.1272e-03, 
 2DIAGNOSTIC,    34, -6.705499771684e-01, 4.368308299960e-06, 1.4129e+00, 4.6911e-03, 
 2DIAGNOSTIC,    35, -6.705500108279e-01, 4.004128179157e-06, 1.4179e+00, 5.0530e-03, 
 2DIAGNOSTIC,    36, -6.705500676360e-01, 3.648182974037e-06, 1.4226e+00, 4.6661e-03, 
 2DIAGNOSTIC,    37, -6.705501633858e-01, 2.191235600801e-06, 1.4276e+00, 4.9601e-03, 
DIAGNOSTIC,Iteration,metricValue,convergenceValue,ITERATION_TIME_INDEX,SINCE_LAST
 2DIAGNOSTIC,     1, -5.269237887026e-01, 1.797693134862e+308, 2.6147e+00, 1.1871e+00, 
 2DIAGNOSTIC,     2, -5.272944974676e-01, 1.797693134862e+308, 2.6565e+00, 4.1840e-02, 
 2DIAGNOSTIC,     3, -5.278207407550e-01, 1.797693134862e+308, 2.6954e+00, 3.8914e-02, 
 2DIAGNOSTIC,     4, -5.283434532437e-01, 1.797693134862e+308, 2.7389e+00, 4.3484e-02, 
 2DIAGNOSTIC,     5, -5.285170159951e-01, 1.797693134862e+308, 2.7802e+00, 4.1316e-02, 
 2DIAGNOSTIC,     6, -5.285013746070e-01, 1.797693134862e+308, 2.8192e+00, 3.9002e-02, 
 2DIAGNOSTIC,     7, -5.285868609606e-01, 1.797693134862e+308, 2.8584e+00, 3.9152e-02, 
 2DIAGNOSTIC,     8, -5.287414545990e-01, 1.797693134862e+308, 2.9015e+00, 4.3070e-02, 
 2DIAGNOSTIC,     9, -5.289497464791e-01, 1.797693134862e+308, 2.9403e+00, 3.8789e-02, 
 2DIAGNOSTIC,    10, -5.299271116991e-01, 2.832603378436e-04, 3.0029e+00, 6.2608e-02, 
 2DIAGNOSTIC,    11, -5.300726482614e-01, 2.552820125626e-04, 3.0430e+00, 4.0082e-02, 
 2DIAGNOSTIC,    12, -5.301062253090e-01, 2.276044968946e-04, 3.0823e+00, 3.9378e-02, 
 2DIAGNOSTIC,    13, -5.301600237933e-01, 2.078643879306e-04, 3.1299e+00, 4.7606e-02, 
 2DIAGNOSTIC,    14, -5.301756784347e-01, 1.925667934184e-04, 3.1726e+00, 4.2670e-02, 
 2DIAGNOSTIC,    15, -5.302426187508e-01, 1.700895584772e-04, 3.2115e+00, 3.8858e-02, 
 2DIAGNOSTIC,    16, -5.303935608004e-01, 1.394240882561e-04, 3.2603e+00, 4.8880e-02, 
 2DIAGNOSTIC,    17, -5.304288920089e-01, 1.038401505171e-04, 3.3038e+00, 4.3503e-02, 
 2DIAGNOSTIC,    18, -5.304575181061e-01, 6.853549430125e-05, 3.3441e+00, 4.0218e-02, 
 2DIAGNOSTIC,    19, -5.307261292102e-01, 4.355732132944e-05, 3.3952e+00, 5.1184e-02, 
 2DIAGNOSTIC,    20, -5.310866709772e-01, 5.279999248331e-05, 3.4386e+00, 4.3392e-02, 
 2DIAGNOSTIC,    21, -5.312050052358e-01, 6.288917154735e-05, 3.4841e+00, 4.5433e-02, 
 2DIAGNOSTIC,    22, -5.313664983190e-01, 7.117960789330e-05, 3.5433e+00, 5.9265e-02, 
 2DIAGNOSTIC,    23, -5.314961505141e-01, 7.659337207488e-05, 3.5885e+00, 4.5170e-02, 
 2DIAGNOSTIC,    24, -5.315127022093e-01, 7.510593682242e-05, 3.6300e+00, 4.1518e-02, 
 2DIAGNOSTIC,    25, -5.315217660721e-01, 6.828632329377e-05, 3.6770e+00, 4.7022e-02, 
 2DIAGNOSTIC,    26, -5.315469961915e-01, 5.936296088154e-05, 3.7236e+00, 4.6599e-02, 
 2DIAGNOSTIC,    27, -5.315529455044e-01, 4.653271962250e-05, 3.7657e+00, 4.2081e-02, 
 2DIAGNOSTIC,    28, -5.316184413853e-01, 3.207040847470e-05, 3.8101e+00, 4.4379e-02, 
 2DIAGNOSTIC,    29, -5.317649351050e-01, 2.320601394315e-05, 3.8532e+00, 4.3124e-02, 
 2DIAGNOSTIC,    30, -5.321298931592e-01, 2.575688372678e-05, 3.8997e+00, 4.6518e-02, 
 2DIAGNOSTIC,    31, -5.323910675024e-01, 3.217920633017e-05, 3.9414e+00, 4.1677e-02, 
 2DIAGNOSTIC,    32, -5.325368882394e-01, 4.031888245874e-05, 4.0081e+00, 6.6658e-02, 
 2DIAGNOSTIC,    33, -5.326187223984e-01, 4.772174043990e-05, 4.0550e+00, 4.6886e-02, 
 2DIAGNOSTIC,    34, -5.326263489645e-01, 5.062578683851e-05, 4.1019e+00, 4.6898e-02, 
 2DIAGNOSTIC,    35, -5.326558830115e-01, 4.917010887504e-05, 4.1436e+00, 4.1694e-02, 
 2DIAGNOSTIC,    36, -5.326921806424e-01, 4.408172543017e-05, 4.1902e+00, 4.6653e-02, 
 2DIAGNOSTIC,    37, -5.327013354090e-01, 3.539988770367e-05, 4.2322e+00, 4.2010e-02, 
 2DIAGNOSTIC,    38, -5.327028969893e-01, 2.487748214183e-05, 4.2742e+00, 4.2009e-02, 
 2DIAGNOSTIC,    39, -5.327043620009e-01, 1.457151305270e-05, 4.3208e+00, 4.6557e-02, 
 2DIAGNOSTIC,    40, -5.327124221869e-01, 8.398993176954e-06, 4.3678e+00, 4.6972e-02, 
 2DIAGNOSTIC,    41, -5.327316057407e-01, 5.412345810911e-06, 4.4144e+00, 4.6683e-02, 
 2DIAGNOSTIC,    42, -5.328176929151e-01, 5.050408652316e-06, 4.4763e+00, 6.1873e-02, 
 2DIAGNOSTIC,    43, -5.328052466906e-01, 5.141525864078e-06, 4.5229e+00, 4.6595e-02, 
 2DIAGNOSTIC,    44, -5.327880221489e-01, 4.708085100624e-06, 4.6544e+00, 1.3153e-01, 
 2DIAGNOSTIC,    45, -5.327880221461e-01, 4.271864472636e-06, 4.7857e+00, 1.3123e-01, 
 2DIAGNOSTIC,    46, -5.327880221461e-01, 3.920919652053e-06, 4.8456e+00, 5.9883e-02, 
 2DIAGNOSTIC,    47, -5.327880221461e-01, 3.361457856954e-06, 4.8961e+00, 5.0571e-02, 
 2DIAGNOSTIC,    48, -5.327880221461e-01, 2.589451812390e-06, 4.9469e+00, 5.0805e-02, 
 2DIAGNOSTIC,    49, -5.327880221461e-01, 1.699671932053e-06, 4.9968e+00, 4.9875e-02, 
DIAGNOSTIC,Iteration,metricValue,convergenceValue,ITERATION_TIME_INDEX,SINCE_LAST
 2DIAGNOSTIC,     1, -4.585621287127e-01, 1.797693134862e+308, 6.6073e+00, 1.6105e+00, 
 2DIAGNOSTIC,     2, -4.587740507220e-01, 1.797693134862e+308, 6.9131e+00, 3.0579e-01, 
 2DIAGNOSTIC,     3, -4.590512614448e-01, 1.797693134862e+308, 7.2300e+00, 3.1690e-01, 
 2DIAGNOSTIC,     4, -4.593533775012e-01, 1.797693134862e+308, 7.5359e+00, 3.0588e-01, 
 2DIAGNOSTIC,     5, -4.595036313637e-01, 1.797693134862e+308, 7.8915e+00, 3.5557e-01, 
 2DIAGNOSTIC,     6, -4.598563901757e-01, 1.797693134862e+308, 8.5332e+00, 6.4171e-01, 
 2DIAGNOSTIC,     7, -4.599100012622e-01, 1.797693134862e+308, 8.8935e+00, 3.6035e-01, 
 2DIAGNOSTIC,     8, -4.599717307031e-01, 1.797693134862e+308, 9.2113e+00, 3.1777e-01, 
 2DIAGNOSTIC,     9, -4.600369962227e-01, 1.797693134862e+308, 9.5677e+00, 3.5641e-01, 
 2DIAGNOSTIC,    10, -4.600696152336e-01, 2.243127617421e-04, 9.9010e+00, 3.3334e-01, 
 2DIAGNOSTIC,    11, -4.600960333510e-01, 1.670015380921e-04, 1.0289e+01, 3.8819e-01, 
 2DIAGNOSTIC,    12, -4.601065199210e-01, 1.158136330407e-04, 1.0720e+01, 4.3094e-01, 
 2DIAGNOSTIC,    13, -4.601134570113e-01, 7.571022048576e-05, 1.1191e+01, 4.7070e-01, 
 2DIAGNOSTIC,    14, -4.601117018073e-01, 4.794007811845e-05, 1.1550e+01, 3.5895e-01, 
 2DIAGNOSTIC,    15, -4.601107761629e-01, 2.548863963664e-05, 1.1898e+01, 3.4771e-01, 
 2DIAGNOSTIC,    16, -4.601111590538e-01, 1.733957594874e-05, 1.2254e+01, 3.5622e-01, 
 2DIAGNOSTIC,    17, -4.601098709764e-01, 1.061030036693e-05, 1.2653e+01, 3.9936e-01, 
 2DIAGNOSTIC,    18, -4.601105533897e-01, 5.925215451827e-06, 1.3032e+01, 3.7841e-01, 
 2DIAGNOSTIC,    19, -4.601100683553e-01, 3.440750438496e-06, 1.3393e+01, 3.6162e-01, 
 2DIAGNOSTIC,    20, -4.601084883932e-01, 1.984789540055e-06, 1.3749e+01, 3.5626e-01, 
 2DIAGNOSTIC,    21, -4.601078054105e-01, 1.382707351429e-06, 1.4067e+01, 3.1792e-01, 
 2DIAGNOSTIC,    22, -4.601072895916e-01, 1.121609972239e-06, 1.4400e+01, 3.3222e-01, 
 2DIAGNOSTIC,    23, -4.601070465968e-01, 1.094107960356e-06, 1.4744e+01, 3.4445e-01, 
 2DIAGNOSTIC,    24, -4.601075438521e-01, 1.063952850579e-06, 1.5099e+01, 3.5536e-01, 
 2DIAGNOSTIC,    25, -4.601063725359e-01, 1.008747789077e-06, 1.5444e+01, 3.4423e-01, 
DIAGNOSTIC,Iteration,metricValue,convergenceValue,ITERATION_TIME_INDEX,SINCE_LAST
 2DIAGNOSTIC,     1, -4.205541293641e-01, 1.797693134862e+308, 1.9073e+01, 3.6292e+00, 
 2DIAGNOSTIC,     2, -4.205715041003e-01, 1.797693134862e+308, 2.1910e+01, 2.8368e+00, 
 2DIAGNOSTIC,     3, -4.205715067287e-01, 1.797693134862e+308, 2.4161e+01, 2.2516e+00, 
 2DIAGNOSTIC,     4, -4.205921532756e-01, 1.797693134862e+308, 2.6703e+01, 2.5421e+00, 
 2DIAGNOSTIC,     5, -4.206359841874e-01, 1.797693134862e+308, 2.9473e+01, 2.7699e+00, 
 2DIAGNOSTIC,     6, -4.206394550025e-01, 1.797693134862e+308, 3.2041e+01, 2.5680e+00, 
 2DIAGNOSTIC,     7, -4.206377100950e-01, 1.797693134862e+308, 3.4579e+01, 2.5378e+00, 
 2DIAGNOSTIC,     8, -4.206370385613e-01, 1.797693134862e+308, 3.7095e+01, 2.5157e+00, 
 2DIAGNOSTIC,     9, -4.206365898982e-01, 1.797693134862e+308, 3.9627e+01, 2.5328e+00, 
 2DIAGNOSTIC,    10, -4.206365590058e-01, 1.717775546409e-05, 4.2078e+01, 2.4502e+00, 
 2DIAGNOSTIC,    11, -4.206364656165e-01, 1.230248824302e-05, 4.4531e+01, 2.4530e+00, 
 2DIAGNOSTIC,    12, -4.206361943105e-01, 8.414147318753e-06, 4.6954e+01, 2.4237e+00, 
 2DIAGNOSTIC,    13, -4.206366663566e-01, 4.629320037905e-06, 5.0491e+01, 3.5363e+00, 
 2DIAGNOSTIC,    14, -4.206366883937e-01, 2.124125783737e-06, 5.3481e+01, 2.9904e+00, 
 2DIAGNOSTIC,    15, -4.206366172941e-01, 1.931929536597e-06, 5.5895e+01, 2.4144e+00, 
 2DIAGNOSTIC,    16, -4.206365425103e-01, 1.926489906531e-06, 5.8495e+01, 2.5994e+00, 
 2DIAGNOSTIC,    17, -4.206363596671e-01, 1.851470604830e-06, 6.0918e+01, 2.4228e+00, 
 2DIAGNOSTIC,    18, -4.206362814652e-01, 1.758736688735e-06, 6.3366e+01, 2.4480e+00, 
 2DIAGNOSTIC,    19, -4.206361177015e-01, 1.654501836625e-06, 6.5633e+01, 2.2673e+00, 
 2DIAGNOSTIC,    20, -4.206363847755e-01, 1.570818502071e-06, 6.8174e+01, 2.5409e+00, 
 2DIAGNOSTIC,    21, -4.206364270365e-01, 1.495463807073e-06, 7.0732e+01, 2.5580e+00, 
 2DIAGNOSTIC,    22, -4.206364583772e-01, 1.421043939132e-06, 7.3439e+01, 2.7071e+00, 
 2DIAGNOSTIC,    23, -4.206363698298e-01, 1.366805707136e-06, 7.5941e+01, 2.5027e+00, 
 2DIAGNOSTIC,    24, -4.206361757982e-01, 1.313877679189e-06, 7.8337e+01, 2.3959e+00, 
 2DIAGNOSTIC,    25, -4.206361810002e-01, 1.264478723249e-06, 8.0528e+01, 2.1902e+00, 
 2DIAGNOSTIC,    26, -4.206360887577e-01, 1.215179352539e-06, 8.2747e+01, 2.2189e+00, 
 2DIAGNOSTIC,    27, -4.206361036192e-01, 1.166205796051e-06, 8.4938e+01, 2.1918e+00, 
 2DIAGNOSTIC,    28, -4.206362297499e-01, 1.123238931415e-06, 8.7722e+01, 2.7834e+00, 
 2DIAGNOSTIC,    29, -4.206362411231e-01, 1.080712606058e-06, 9.0257e+01, 2.5350e+00, 
 2DIAGNOSTIC,    30, -4.206360490349e-01, 1.044245937588e-06, 9.2494e+01, 2.2369e+00, 
 2DIAGNOSTIC,    31, -4.206360658638e-01, 1.013032386775e-06, 9.4676e+01, 2.1825e+00, 
  Elapsed time (stage 0): 9.5993e+01


Total elapsed time: 9.5994e+01
VFC_BACKENDS=libinterflop_vprec.so --range-binary32=8 --precision-binary32=19 --range-binary64=8 --precision-binary64=19
Info [verificarlo]: loaded backend libinterflop_vprec.so
Info [interflop-vprec]: load backend with: 
Info [interflop-vprec]: precision-binary32 = 19
Info [interflop-vprec]: range-binary32 = 8
Info [interflop-vprec]: precision-binary64 = 19
Info [interflop-vprec]: range-binary64 = 8
Info [interflop-vprec]: mode = ob
Info [interflop-vprec]: error-mode = rel
Info [interflop-vprec]: max-abs-error-exponent = -1022
Info [interflop-vprec]: daz = false
Info [interflop-vprec]: ftz = false
Info [interflop-vprec]: 	instrument = none
Info [interflop-vprec]: 	prec-input-file = (null)
Info [interflop-vprec]: 	prec-output-file = (null)
Info [interflop-vprec]: 	prec-log-file = (null)
All_Command_lines_OK
Using double precision for computations.
=============================================================================
The composite transform comprises the following transforms (in order): 
  1. /project/rrg-glatard/mdugre/datasets/corr/RawDataBIDS/BMB_1/derivatives/vprec-space_search/0011/r8-p19/sub-0003047/rigid_Composite.h5[0] (type = Euler3DTransform)
  2. /project/rrg-glatard/mdugre/datasets/corr/RawDataBIDS/BMB_1/derivatives/vprec-space_search/0011/r8-p19/sub-0003047/rigid_Composite.h5[1] (type = Euler3DTransform)
  3. /project/rrg-glatard/mdugre/datasets/corr/RawDataBIDS/BMB_1/derivatives/vprec-space_search/0011/r8-p19/sub-0003047/rigid_Composite.h5[2] (type = Euler3DTransform)
=============================================================================
  number of levels = 4
  fixed image: /templateflow/tpl-MNI152NLin2009cAsym/tpl-MNI152NLin2009cAsym_res-01_desc-brain_T1w.nii.gz
  moving image: /project/rrg-glatard/mdugre/datasets/corr/RawDataBIDS/BMB_1/derivatives/antsBrainExtraction/sub-0003047/BrainExtractionBrain.nii.gz
Dimension = 3
Number of stages = 1
Use histogram matching = false
Winsorize image intensities = true
  Lower quantile = 0.005
  Upper quantile = 0.995


Stage 1 State
   Image metric = MattesMI
     Fixed image = Image (0x4818300)
  RTTI typeinfo:   itk::Image<double, 3u>
  Reference Count: 2
  Modified Time: 1592
  Debug: Off
  Object Name: 
  Observers: 
    none
  Source: (none)
  Source output name: (none)
  Release Data: Off
  Data Released: False
  Global Release Data: Off
  PipelineMTime: 0
  UpdateMTime: 1203
  RealTimeStamp: 0 seconds 
  LargestPossibleRegion: 
    Dimension: 3
    Index: [0, 0, 0]
    Size: [193, 229, 193]
  BufferedRegion: 
    Dimension: 3
    Index: [0, 0, 0]
    Size: [193, 229, 193]
  RequestedRegion: 
    Dimension: 3
    Index: [0, 0, 0]
    Size: [193, 229, 193]
  Spacing: [1, 1, 1]
  Origin: [96, 132, -78]
  Direction: 
-1 0 0
0 -1 0
0 0 1

  IndexToPointMatrix: 
-1 0 0
0 -1 0
0 0 1

  PointToIndexMatrix: 
-1 0 0
0 -1 0
0 0 1

  Inverse Direction: 
-1 0 0
0 -1 0
0 0 1

  PixelContainer: 
    ImportImageContainer (0x48241b0)
      RTTI typeinfo:   itk::ImportImageContainer<unsigned long, double>
      Reference Count: 1
      Modified Time: 1200
      Debug: Off
      Object Name: 
      Observers: 
        none
      Pointer: 0x148011e70010
      Container manages memory: true
      Size: 8530021
      Capacity: 8530021

     Moving image = Image (0x48e5f60)
  RTTI typeinfo:   itk::Image<double, 3u>
  Reference Count: 2
  Modified Time: 1593
  Debug: Off
  Object Name: 
  Observers: 
    none
  Source: (none)
  Source output name: (none)
  Release Data: Off
  Data Released: False
  Global Release Data: Off
  PipelineMTime: 0
  UpdateMTime: 1590
  RealTimeStamp: 0 seconds 
  LargestPossibleRegion: 
    Dimension: 3
    Index: [0, 0, 0]
    Size: [176, 256, 256]
  BufferedRegion: 
    Dimension: 3
    Index: [0, 0, 0]
    Size: [176, 256, 256]
  RequestedRegion: 
    Dimension: 3
    Index: [0, 0, 0]
    Size: [176, 256, 256]
  Spacing: [1, 1, 1]
  Origin: [-107.271, 104.346, -139.237]
  Direction: 
1 0 0
0 -1 0
0 0 1

  IndexToPointMatrix: 
1 0 0
0 -1 0
0 0 1

  PointToIndexMatrix: 
1 0 0
0 -1 0
0 0 1

  Inverse Direction: 
1 0 0
0 -1 0
0 0 1

  PixelContainer: 
    ImportImageContainer (0x4899d30)
      RTTI typeinfo:   itk::ImportImageContainer<unsigned long, double>
      Reference Count: 1
      Modified Time: 1587
      Debug: Off
      Object Name: 
      Observers: 
        none
      Pointer: 0x14800c66f010
      Container manages memory: true
      Size: 11534336
      Capacity: 11534336

     Weighting = 1
     Sampling strategy = regular
     Number of bins = 32
     Radius = 4
     Sampling percentage  = 0.25
   Transform = Affine
     Gradient step = 0.1
     Update field sigma (voxel space) = 0
     Total field sigma (voxel space) = 0
     Update field time sigma = 0
     Total field time sigma  = 0
     Number of time indices = 0
     Number of time point samples = 0
Registration using 1 total stages.

Stage 0
  iterations = 1000x500x250x100
  convergence threshold = 1e-06
  convergence window size = 10
  number of levels = 4
  using the Mattes MI metric (number of bins = 32, weight = 1, use gradient filter = 0)
  preprocessing:  winsorizing the image intensities
  Shrink factors (level 1 out of 4): [8, 8, 8]
  Shrink factors (level 2 out of 4): [4, 4, 4]
  Shrink factors (level 3 out of 4): [2, 2, 2]
  Shrink factors (level 4 out of 4): [1, 1, 1]
  smoothing sigmas per level: [3, 2, 1, 0]
  regular sampling (percentage = 0.25)

*** Running AffineTransform registration ***

DIAGNOSTIC,Iteration,metricValue,convergenceValue,ITERATION_TIME_INDEX,SINCE_LAST
 2DIAGNOSTIC,     1, -6.688210886928e-01, 1.797693134862e+308, 0.0000e+00, 0.0000e+00, 
 2DIAGNOSTIC,     2, -6.714241713784e-01, 1.797693134862e+308, 0.0000e+00, 0.0000e+00, 
 2DIAGNOSTIC,     3, -6.758257247832e-01, 1.797693134862e+308, 0.0000e+00, 0.0000e+00, 
 2DIAGNOSTIC,     4, -6.829048606757e-01, 1.797693134862e+308, 0.0000e+00, 0.0000e+00, 
 2DIAGNOSTIC,     5, -7.375118733356e-01, 1.797693134862e+308, 0.0000e+00, 0.0000e+00, 
 2DIAGNOSTIC,     6, -7.561090547666e-01, 1.797693134862e+308, 0.0000e+00, 0.0000e+00, 
 2DIAGNOSTIC,     7, -7.894556768368e-01, 1.797693134862e+308, 0.0000e+00, 0.0000e+00, 
 2DIAGNOSTIC,     8, -8.058521924265e-01, 1.797693134862e+308, 0.0000e+00, 0.0000e+00, 
 2DIAGNOSTIC,     9, -8.419701313672e-01, 1.797693134862e+308, 0.0000e+00, 0.0000e+00, 
 2DIAGNOSTIC,    10, -8.459859304880e-01, 1.788100483426e-02, 0.0000e+00, 0.0000e+00, 
 2DIAGNOSTIC,    11, -8.647309040717e-01, 1.673619761572e-02, 0.0000e+00, 0.0000e+00, 
 2DIAGNOSTIC,    12, -8.761320817681e-01, 1.474551125355e-02, 0.0000e+00, 0.0000e+00, 
 2DIAGNOSTIC,    13, -8.787602480821e-01, 1.198363483132e-02, 0.0000e+00, 0.0000e+00, 
 2DIAGNOSTIC,    14, -8.803795679349e-01, 8.781067227178e-03, 0.0000e+00, 0.0000e+00, 
 2DIAGNOSTIC,    15, -8.803747842479e-01, 6.568882619639e-03, 0.0000e+00, 0.0000e+00, 
 2DIAGNOSTIC,    16, -8.803708300521e-01, 4.468768491454e-03, 0.0000e+00, 0.0000e+00, 
 2DIAGNOSTIC,    17, -8.802596205166e-01, 2.920765213142e-03, 0.0000e+00, 0.0000e+00, 
 2DIAGNOSTIC,    18, -8.803274101722e-01, 1.600225598215e-03, 0.0000e+00, 0.0000e+00, 
 2DIAGNOSTIC,    19, -8.802426591555e-01, 9.542085322086e-04, 0.0000e+00, 0.0000e+00, 
 2DIAGNOSTIC,    20, -8.800265771196e-01, 3.501362514205e-04, 0.0000e+00, 0.0000e+00, 
 2DIAGNOSTIC,    21, -8.801438029073e-01, 8.423837417623e-05, 0.0000e+00, 0.0000e+00, 
 2DIAGNOSTIC,    22, -8.803336894741e-01, 1.849630150166e-05, 0.0000e+00, 0.0000e+00, 
DIAGNOSTIC,Iteration,metricValue,convergenceValue,ITERATION_TIME_INDEX,SINCE_LAST
 2DIAGNOSTIC,     1, -7.251437336270e-01, 1.797693134862e+308, 0.0000e+00, 0.0000e+00, 
 2DIAGNOSTIC,     2, -7.268213360790e-01, 1.797693134862e+308, 0.0000e+00, 0.0000e+00, 
 2DIAGNOSTIC,     3, -7.290128430668e-01, 1.797693134862e+308, 0.0000e+00, 0.0000e+00, 
 2DIAGNOSTIC,     4, -7.310994374268e-01, 1.797693134862e+308, 0.0000e+00, 0.0000e+00, 
 2DIAGNOSTIC,     5, -7.322907501935e-01, 1.797693134862e+308, 0.0000e+00, 0.0000e+00, 
 2DIAGNOSTIC,     6, -7.334107503189e-01, 1.797693134862e+308, 0.0000e+00, 0.0000e+00, 
 2DIAGNOSTIC,     7, -7.344757308504e-01, 1.797693134862e+308, 0.0000e+00, 0.0000e+00, 
 2DIAGNOSTIC,     8, -7.355648483635e-01, 1.797693134862e+308, 0.0000e+00, 0.0000e+00, 
 2DIAGNOSTIC,     9, -7.357521877714e-01, 1.797693134862e+308, 0.0000e+00, 0.0000e+00, 
 2DIAGNOSTIC,    10, -7.359159697965e-01, 9.714164162904e-04, 0.0000e+00, 0.0000e+00, 
 2DIAGNOSTIC,    11, -7.359634372591e-01, 7.135982975702e-04, 0.0000e+00, 0.0000e+00, 
 2DIAGNOSTIC,    12, -7.361794713923e-01, 4.951325071030e-04, 0.0000e+00, 0.0000e+00, 
 2DIAGNOSTIC,    13, -7.363738129836e-01, 3.355512955732e-04, 0.0000e+00, 0.0000e+00, 
 2DIAGNOSTIC,    14, -7.365469831423e-01, 2.308192604420e-04, 0.0000e+00, 0.0000e+00, 
 2DIAGNOSTIC,    15, -7.366156349734e-01, 1.516930124914e-04, 0.0000e+00, 0.0000e+00, 
 2DIAGNOSTIC,    16, -7.366361010651e-01, 9.607836963302e-05, 0.0000e+00, 0.0000e+00, 
 2DIAGNOSTIC,    17, -7.366409533007e-01, 6.211344052663e-05, 0.0000e+00, 0.0000e+00, 
 2DIAGNOSTIC,    18, -7.366402980988e-01, 4.965645967327e-05, 0.0000e+00, 0.0000e+00, 
 2DIAGNOSTIC,    19, -7.366457619123e-01, 3.792372772558e-05, 0.0000e+00, 0.0000e+00, 
 2DIAGNOSTIC,    20, -7.366455787755e-01, 2.721407436072e-05, 0.0000e+00, 0.0000e+00, 
 2DIAGNOSTIC,    21, -7.366457728335e-01, 1.599017758406e-05, 0.0000e+00, 0.0000e+00, 
 2DIAGNOSTIC,    22, -7.366460183771e-01, 8.199807596733e-06, 0.0000e+00, 0.0000e+00, 
 2DIAGNOSTIC,    23, -7.366463007859e-01, 3.666565018691e-06, 0.0000e+00, 0.0000e+00, 
 2DIAGNOSTIC,    24, -7.366462960990e-01, 2.061615387176e-06, 0.0000e+00, 0.0000e+00, 
 2DIAGNOSTIC,    25, -7.366462738285e-01, 1.569733779613e-06, 0.0000e+00, 0.0000e+00, 
 2DIAGNOSTIC,    26, -7.366463231846e-01, 1.392202944456e-06, 0.0000e+00, 0.0000e+00, 
 2DIAGNOSTIC,    27, -7.366465420680e-01, 1.285663207062e-06, 0.0000e+00, 0.0000e+00, 
 2DIAGNOSTIC,    28, -7.366464855893e-01, 1.164458968798e-06, 0.0000e+00, 0.0000e+00, 
 2DIAGNOSTIC,    29, -7.366464184692e-01, 1.121104104322e-06, 0.0000e+00, 0.0000e+00, 
 2DIAGNOSTIC,    30, -7.366463936973e-01, 1.075740888958e-06, 0.0000e+00, 0.0000e+00, 
 2DIAGNOSTIC,    31, -7.366461348271e-01, 1.030931573269e-06, 0.0000e+00, 0.0000e+00, 
DIAGNOSTIC,Iteration,metricValue,convergenceValue,ITERATION_TIME_INDEX,SINCE_LAST
 2DIAGNOSTIC,     1, -6.078010364675e-01, 1.797693134862e+308, 0.0000e+00, 0.0000e+00, 
 2DIAGNOSTIC,     2, -6.081559472400e-01, 1.797693134862e+308, 0.0000e+00, 0.0000e+00, 
 2DIAGNOSTIC,     3, -6.083911844365e-01, 1.797693134862e+308, 0.0000e+00, 0.0000e+00, 
 2DIAGNOSTIC,     4, -6.085737952059e-01, 1.797693134862e+308, 0.0000e+00, 0.0000e+00, 
 2DIAGNOSTIC,     5, -6.087910809817e-01, 1.797693134862e+308, 0.0000e+00, 0.0000e+00, 
 2DIAGNOSTIC,     6, -6.088169337309e-01, 1.797693134862e+308, 0.0000e+00, 0.0000e+00, 
 2DIAGNOSTIC,     7, -6.088245924077e-01, 1.797693134862e+308, 0.0000e+00, 0.0000e+00, 
 2DIAGNOSTIC,     8, -6.088457965602e-01, 1.797693134862e+308, 0.0000e+00, 0.0000e+00, 
 2DIAGNOSTIC,     9, -6.088640210718e-01, 1.797693134862e+308, 0.0000e+00, 0.0000e+00, 
 2DIAGNOSTIC,    10, -6.088726632830e-01, 1.026778252529e-04, 0.0000e+00, 0.0000e+00, 
 2DIAGNOSTIC,    11, -6.088817146451e-01, 6.134102900651e-05, 0.0000e+00, 0.0000e+00, 
 2DIAGNOSTIC,    12, -6.088837392456e-01, 3.549943819074e-05, 0.0000e+00, 0.0000e+00, 
 2DIAGNOSTIC,    13, -6.088860330846e-01, 1.911208086068e-05, 0.0000e+00, 0.0000e+00, 
 2DIAGNOSTIC,    14, -6.088858719281e-01, 9.433843693132e-06, 0.0000e+00, 0.0000e+00, 
 2DIAGNOSTIC,    15, -6.088859338576e-01, 7.142662834192e-06, 0.0000e+00, 0.0000e+00, 
 2DIAGNOSTIC,    16, -6.088859982104e-01, 5.438414128520e-06, 0.0000e+00, 0.0000e+00, 
 2DIAGNOSTIC,    17, -6.088860856361e-01, 3.820418406804e-06, 0.0000e+00, 0.0000e+00, 
 2DIAGNOSTIC,    18, -6.088861338726e-01, 2.744818728681e-06, 0.0000e+00, 0.0000e+00, 
 2DIAGNOSTIC,    19, -6.088862261561e-01, 2.138878264155e-06, 0.0000e+00, 0.0000e+00, 
 2DIAGNOSTIC,    20, -6.088862001215e-01, 1.746503515920e-06, 0.0000e+00, 0.0000e+00, 
 2DIAGNOSTIC,    21, -6.088861284176e-01, 1.575560107978e-06, 0.0000e+00, 0.0000e+00, 
 2DIAGNOSTIC,    22, -6.088861885446e-01, 1.457011559805e-06, 0.0000e+00, 0.0000e+00, 
 2DIAGNOSTIC,    23, -6.088863290724e-01, 1.396875105947e-06, 0.0000e+00, 0.0000e+00, 
 2DIAGNOSTIC,    24, -6.088863288815e-01, 1.336904153784e-06, 0.0000e+00, 0.0000e+00, 
 2DIAGNOSTIC,    25, -6.088863587246e-01, 1.282133288594e-06, 0.0000e+00, 0.0000e+00, 
 2DIAGNOSTIC,    26, -6.088863667042e-01, 1.231717256973e-06, 0.0000e+00, 0.0000e+00, 
 2DIAGNOSTIC,    27, -6.088863502773e-01, 1.185184065965e-06, 0.0000e+00, 0.0000e+00, 
 2DIAGNOSTIC,    28, -6.088862943662e-01, 1.140827466814e-06, 0.0000e+00, 0.0000e+00, 
 2DIAGNOSTIC,    29, -6.088862928642e-01, 1.100317674425e-06, 0.0000e+00, 0.0000e+00, 
 2DIAGNOSTIC,    30, -6.088862940497e-01, 1.061610010379e-06, 0.0000e+00, 0.0000e+00, 
 2DIAGNOSTIC,    31, -6.088862892689e-01, 1.023871432450e-06, 0.0000e+00, 0.0000e+00, 
DIAGNOSTIC,Iteration,metricValue,convergenceValue,ITERATION_TIME_INDEX,SINCE_LAST
 2DIAGNOSTIC,     1, -5.408980462335e-01, 1.797693134862e+308, 0.0000e+00, 0.0000e+00, 
 2DIAGNOSTIC,     2, -5.413782015130e-01, 1.797693134862e+308, 0.0000e+00, 0.0000e+00, 
 2DIAGNOSTIC,     3, -5.419100452094e-01, 1.797693134862e+308, 0.0000e+00, 0.0000e+00, 
 2DIAGNOSTIC,     4, -5.427987802998e-01, 1.797693134862e+308, 0.0000e+00, 0.0000e+00, 
 2DIAGNOSTIC,     5, -5.436477744119e-01, 1.797693134862e+308, 0.0000e+00, 0.0000e+00, 
 2DIAGNOSTIC,     6, -5.436489829137e-01, 1.797693134862e+308, 0.0000e+00, 0.0000e+00, 
 2DIAGNOSTIC,     7, -5.436537409837e-01, 1.797693134862e+308, 0.0000e+00, 0.0000e+00, 
 2DIAGNOSTIC,     8, -5.436609044792e-01, 1.797693134862e+308, 0.0000e+00, 0.0000e+00, 
 2DIAGNOSTIC,     9, -5.436606583284e-01, 1.797693134862e+308, 2.0480e+03, 2.0480e+03, 
 2DIAGNOSTIC,    10, -5.436616599271e-01, 3.375008974665e-04, 2.0480e+03, 0.0000e+00, 
 2DIAGNOSTIC,    11, -5.436619045825e-01, 2.135014380736e-04, 2.0480e+03, 0.0000e+00, 
 2DIAGNOSTIC,    12, -5.436612329919e-01, 1.126248977649e-04, 2.0480e+03, 0.0000e+00, 
 2DIAGNOSTIC,    13, -5.436608730905e-01, 3.813437794768e-05, 2.0480e+03, 0.0000e+00, 
 2DIAGNOSTIC,    14, -5.436604135517e-01, 3.349643064976e-06, 2.0480e+03, 0.0000e+00, 
 2DIAGNOSTIC,    15, -5.436605272252e-01, 2.733329795487e-06, 2.0480e+03, 0.0000e+00, 
 2DIAGNOSTIC,    16, -5.436607568324e-01, 2.182240450649e-06, 2.0480e+03, 0.0000e+00, 
 2DIAGNOSTIC,    17, -5.436607490891e-01, 1.818127515311e-06, 2.0480e+03, 0.0000e+00, 
 2DIAGNOSTIC,    18, -5.436603040780e-01, 1.695500766154e-06, 2.0480e+03, 0.0000e+00, 
 2DIAGNOSTIC,    19, -5.436601694302e-01, 1.581344573148e-06, 2.0480e+03, 0.0000e+00, 
 2DIAGNOSTIC,    20, -5.436600061283e-01, 1.508271111464e-06, 2.0480e+03, 0.0000e+00, 
 2DIAGNOSTIC,    21, -5.436597560562e-01, 1.449390101591e-06, 2.0480e+03, 0.0000e+00, 
 2DIAGNOSTIC,    22, -5.436598080218e-01, 1.387223597757e-06, 2.0480e+03, 0.0000e+00, 
 2DIAGNOSTIC,    23, -5.436591074829e-01, 1.312019898780e-06, 2.0480e+03, 0.0000e+00, 
 2DIAGNOSTIC,    24, -5.436590239661e-01, 1.238106896048e-06, 2.0480e+03, 0.0000e+00, 
 2DIAGNOSTIC,    25, -5.436590339761e-01, 1.180341689035e-06, 2.0480e+03, 0.0000e+00, 
 2DIAGNOSTIC,    26, -5.436589919714e-01, 1.138908777225e-06, 2.0480e+03, 0.0000e+00, 
 2DIAGNOSTIC,    27, -5.436590502816e-01, 1.109476416905e-06, 2.0480e+03, 0.0000e+00, 
 2DIAGNOSTIC,    28, -5.436590724377e-01, 1.080646536242e-06, 2.0480e+03, 0.0000e+00, 
 2DIAGNOSTIC,    29, -5.436590791942e-01, 1.056622288775e-06, 2.0480e+03, 0.0000e+00, 
 2DIAGNOSTIC,    30, -5.436590135038e-01, 1.033763749540e-06, 2.0480e+03, 0.0000e+00, 
 2DIAGNOSTIC,    31, -5.436589864153e-01, 1.009868545121e-06, 2.0480e+03, 0.0000e+00, 
  Elapsed time (stage 0): 2.0480e+03


Total elapsed time: 2.0480e+03
VFC_BACKENDS=libinterflop_vprec.so --range-binary32=8 --precision-binary32=19 --range-binary64=8 --precision-binary64=19
Info [verificarlo]: loaded backend libinterflop_vprec.so
Info [interflop-vprec]: load backend with: 
Info [interflop-vprec]: precision-binary32 = 19
Info [interflop-vprec]: range-binary32 = 8
Info [interflop-vprec]: precision-binary64 = 19
Info [interflop-vprec]: range-binary64 = 8
Info [interflop-vprec]: mode = ob
Info [interflop-vprec]: error-mode = rel
Info [interflop-vprec]: max-abs-error-exponent = -1022
Info [interflop-vprec]: daz = false
Info [interflop-vprec]: ftz = false
Info [interflop-vprec]: 	instrument = none
Info [interflop-vprec]: 	prec-input-file = (null)
Info [interflop-vprec]: 	prec-output-file = (null)
Info [interflop-vprec]: 	prec-log-file = (null)
All_Command_lines_OK
Using double precision for computations.
=============================================================================
The composite transform comprises the following transforms (in order): 
  1. /project/rrg-glatard/mdugre/datasets/corr/RawDataBIDS/BMB_1/derivatives/vprec-space_search/0011/r8-p19/sub-0003047/affine_Composite.h5[0] (type = Euler3DTransform)
  2. /project/rrg-glatard/mdugre/datasets/corr/RawDataBIDS/BMB_1/derivatives/vprec-space_search/0011/r8-p19/sub-0003047/affine_Composite.h5[1] (type = Euler3DTransform)
  3. /project/rrg-glatard/mdugre/datasets/corr/RawDataBIDS/BMB_1/derivatives/vprec-space_search/0011/r8-p19/sub-0003047/affine_Composite.h5[2] (type = Euler3DTransform)
  4. /project/rrg-glatard/mdugre/datasets/corr/RawDataBIDS/BMB_1/derivatives/vprec-space_search/0011/r8-p19/sub-0003047/affine_Composite.h5[3] (type = AffineTransform)
=============================================================================
  number of levels = 4
  fixed image: /templateflow/tpl-MNI152NLin2009cAsym/tpl-MNI152NLin2009cAsym_res-01_desc-brain_T1w.nii.gz
  moving image: /project/rrg-glatard/mdugre/datasets/corr/RawDataBIDS/BMB_1/derivatives/antsBrainExtraction/sub-0003047/BrainExtractionBrain.nii.gz
Dimension = 3
Number of stages = 1
Use histogram matching = false
Winsorize image intensities = true
  Lower quantile = 0.005
  Upper quantile = 0.995


Stage 1 State
   Image metric = CC
     Fixed image = Image (0x3d1d4c0)
  RTTI typeinfo:   itk::Image<double, 3u>
  Reference Count: 2
  Modified Time: 1606
  Debug: Off
  Object Name: 
  Observers: 
    none
  Source: (none)
  Source output name: (none)
  Release Data: Off
  Data Released: False
  Global Release Data: Off
  PipelineMTime: 0
  UpdateMTime: 1217
  RealTimeStamp: 0 seconds 
  LargestPossibleRegion: 
    Dimension: 3
    Index: [0, 0, 0]
    Size: [193, 229, 193]
  BufferedRegion: 
    Dimension: 3
    Index: [0, 0, 0]
    Size: [193, 229, 193]
  RequestedRegion: 
    Dimension: 3
    Index: [0, 0, 0]
    Size: [193, 229, 193]
  Spacing: [1, 1, 1]
  Origin: [96, 132, -78]
  Direction: 
-1 0 0
0 -1 0
0 0 1

  IndexToPointMatrix: 
-1 0 0
0 -1 0
0 0 1

  PointToIndexMatrix: 
-1 0 0
0 -1 0
0 0 1

  Inverse Direction: 
-1 0 0
0 -1 0
0 0 1

  PixelContainer: 
    ImportImageContainer (0x3d29750)
      RTTI typeinfo:   itk::ImportImageContainer<unsigned long, double>
      Reference Count: 1
      Modified Time: 1214
      Debug: Off
      Object Name: 
      Observers: 
        none
      Pointer: 0x14f1dfebb010
      Container manages memory: true
      Size: 8530021
      Capacity: 8530021

     Moving image = Image (0x3dd7f40)
  RTTI typeinfo:   itk::Image<double, 3u>
  Reference Count: 2
  Modified Time: 1607
  Debug: Off
  Object Name: 
  Observers: 
    none
  Source: (none)
  Source output name: (none)
  Release Data: Off
  Data Released: False
  Global Release Data: Off
  PipelineMTime: 0
  UpdateMTime: 1604
  RealTimeStamp: 0 seconds 
  LargestPossibleRegion: 
    Dimension: 3
    Index: [0, 0, 0]
    Size: [176, 256, 256]
  BufferedRegion: 
    Dimension: 3
    Index: [0, 0, 0]
    Size: [176, 256, 256]
  RequestedRegion: 
    Dimension: 3
    Index: [0, 0, 0]
    Size: [176, 256, 256]
  Spacing: [1, 1, 1]
  Origin: [-107.271, 104.346, -139.237]
  Direction: 
1 0 0
0 -1 0
0 0 1

  IndexToPointMatrix: 
1 0 0
0 -1 0
0 0 1

  PointToIndexMatrix: 
1 0 0
0 -1 0
0 0 1

  Inverse Direction: 
1 0 0
0 -1 0
0 0 1

  PixelContainer: 
    ImportImageContainer (0x3d8dc10)
      RTTI typeinfo:   itk::ImportImageContainer<unsigned long, double>
      Reference Count: 1
      Modified Time: 1601
      Debug: Off
      Object Name: 
      Observers: 
        none
      Pointer: 0x14f1da6ba010
      Container manages memory: true
      Size: 11534336
      Capacity: 11534336

     Weighting = 1
     Sampling strategy = none
     Number of bins = 32
     Radius = 4
     Sampling percentage  = 1
   Transform = SyN
     Gradient step = 0.1
     Update field sigma (voxel space) = 3
     Total field sigma (voxel space) = 0
     Update field time sigma = 0
     Total field time sigma  = 0
     Number of time indices = 0
     Number of time point samples = 0
Registration using 1 total stages.

Stage 0
  iterations = 100x70x50x20
  convergence threshold = 1e-06
  convergence window size = 10
  number of levels = 4
  using the CC metric (radius = 4, weight = 1, use gradient filter = 0)
  preprocessing:  winsorizing the image intensities
  Shrink factors (level 1 out of 4): [8, 8, 8]
  Shrink factors (level 2 out of 4): [4, 4, 4]
  Shrink factors (level 3 out of 4): [2, 2, 2]
  Shrink factors (level 4 out of 4): [1, 1, 1]
  smoothing sigmas per level: [3, 2, 1, 0]
  Using default NONE metricSamplingStrategy 

*** Running SyN registration (varianceForUpdateField = 3, varianceForTotalField = 0) ***

XXDIAGNOSTIC,Iteration,metricValue,convergenceValue,ITERATION_TIME_INDEX,SINCE_LAST
 1DIAGNOSTIC,     1, -9.296274185181e-01, 1.797693134862e+308, 0.0000e+00, 0.0000e+00, 
 1DIAGNOSTIC,     2, -9.383773803711e-01, 1.797693134862e+308, 0.0000e+00, 0.0000e+00, 
 1DIAGNOSTIC,     3, -9.447393417358e-01, 1.797693134862e+308, 0.0000e+00, 0.0000e+00, 
 1DIAGNOSTIC,     4, -9.490175247192e-01, 1.797693134862e+308, 0.0000e+00, 0.0000e+00, 
 1DIAGNOSTIC,     5, -9.516582489014e-01, 1.797693134862e+308, 0.0000e+00, 0.0000e+00, 
 1DIAGNOSTIC,     6, -9.542999267578e-01, 1.797693134862e+308, 0.0000e+00, 0.0000e+00, 
 1DIAGNOSTIC,     7, -9.570350646973e-01, 1.797693134862e+308, 0.0000e+00, 0.0000e+00, 
 1DIAGNOSTIC,     8, -9.596300125122e-01, 1.797693134862e+308, 0.0000e+00, 0.0000e+00, 
 1DIAGNOSTIC,     9, -9.620208740234e-01, 1.797693134862e+308, 0.0000e+00, 0.0000e+00, 
 1DIAGNOSTIC,    10, -9.643259048462e-01, 2.094626723944e-03, 0.0000e+00, 0.0000e+00, 
 1DIAGNOSTIC,    11, -9.663705825806e-01, 1.587293855537e-03, 0.0000e+00, 0.0000e+00, 
 1DIAGNOSTIC,    12, -9.680566787720e-01, 1.279147390555e-03, 0.0000e+00, 0.0000e+00, 
 1DIAGNOSTIC,    13, -9.693994522095e-01, 1.078012873307e-03, 0.0000e+00, 0.0000e+00, 
 1DIAGNOSTIC,    14, -9.704256057739e-01, 9.200885211214e-04, 0.0000e+00, 0.0000e+00, 
 1DIAGNOSTIC,    15, -9.712533950806e-01, 7.676095367738e-04, 0.0000e+00, 0.0000e+00, 
 1DIAGNOSTIC,    16, -9.718208312988e-01, 6.229335627280e-04, 0.0000e+00, 0.0000e+00, 
 1DIAGNOSTIC,    17, -9.722833633423e-01, 4.934608566229e-04, 0.0000e+00, 0.0000e+00, 
 1DIAGNOSTIC,    18, -9.726734161377e-01, 3.817494536215e-04, 0.0000e+00, 0.0000e+00, 
 1DIAGNOSTIC,    19, -9.729175567627e-01, 2.872477535101e-04, 0.0000e+00, 0.0000e+00, 
 1DIAGNOSTIC,    20, -9.729928970337e-01, 2.105364481870e-04, 0.0000e+00, 0.0000e+00, 
 1DIAGNOSTIC,    21, -9.731082916260e-01, 1.518497583466e-04, 0.0000e+00, 0.0000e+00, 
 1DIAGNOSTIC,    22, -9.731254577637e-01, 1.071021025686e-04, 0.0000e+00, 0.0000e+00, 
 1DIAGNOSTIC,    23, -9.731569290161e-01, 7.382929413294e-05, 0.0000e+00, 0.0000e+00, 
 1DIAGNOSTIC,    24, -9.731626510620e-01, 4.908841199178e-05, 0.0000e+00, 0.0000e+00, 
 1DIAGNOSTIC,    25, -9.732723236084e-01, 3.285073656027e-05, 0.0000e+00, 0.0000e+00, 
 1DIAGNOSTIC,    26, -9.732561111450e-01, 2.105158735893e-05, 0.0000e+00, 0.0000e+00, 
 1DIAGNOSTIC,    27, -9.733028411865e-01, 1.376341138883e-05, 0.0000e+00, 0.0000e+00, 
 1DIAGNOSTIC,    28, -9.732885360718e-01, 9.721160405117e-06, 0.0000e+00, 0.0000e+00, 
 1DIAGNOSTIC,    29, -9.733991622925e-01, 8.749933238683e-06, 0.0000e+00, 0.0000e+00, 
 1DIAGNOSTIC,    30, -9.733667373657e-01, 7.474118055587e-06, 0.0000e+00, 0.0000e+00, 
 1DIAGNOSTIC,    31, -9.734573364258e-01, 7.647379264529e-06, 0.0000e+00, 0.0000e+00, 
 1DIAGNOSTIC,    32, -9.734249114990e-01, 7.034459888325e-06, 0.0000e+00, 0.0000e+00, 
 1DIAGNOSTIC,    33, -9.735088348389e-01, 6.933790602751e-06, 0.0000e+00, 0.0000e+00, 
 1DIAGNOSTIC,    34, -9.734697341919e-01, 5.935842699339e-06, 0.0000e+00, 0.0000e+00, 
 1DIAGNOSTIC,    35, -9.735431671143e-01, 6.077907976795e-06, 0.0000e+00, 0.0000e+00, 
 1DIAGNOSTIC,    36, -9.734992980957e-01, 5.212289571458e-06, 0.0000e+00, 0.0000e+00, 
 1DIAGNOSTIC,    37, -9.735689163208e-01, 4.927538583957e-06, 0.0000e+00, 0.0000e+00, 
 1DIAGNOSTIC,    38, -9.735240936279e-01, 3.778291288947e-06, 0.0000e+00, 0.0000e+00, 
 1DIAGNOSTIC,    39, -9.735879898071e-01, 3.746011168409e-06, 0.0000e+00, 0.0000e+00, 
 1DIAGNOSTIC,    40, -9.735441207886e-01, 2.848028967790e-06, 0.0000e+00, 0.0000e+00, 
 1DIAGNOSTIC,    41, -9.735937118530e-01, 2.823238420911e-06, 0.0000e+00, 0.0000e+00, 
 1DIAGNOSTIC,    42, -9.735631942749e-01, 2.140261636179e-06, 0.0000e+00, 0.0000e+00, 
 1DIAGNOSTIC,    43, -9.736099243164e-01, 2.265572822607e-06, 0.0000e+00, 0.0000e+00, 
 1DIAGNOSTIC,    44, -9.735651016235e-01, 1.658487438577e-06, 0.0000e+00, 0.0000e+00, 
 1DIAGNOSTIC,    45, -9.736223220825e-01, 1.861613834159e-06, 0.0000e+00, 0.0000e+00, 
 1DIAGNOSTIC,    46, -9.736223220825e-01, 1.643481976329e-06, 0.0000e+00, 0.0000e+00, 
 1DIAGNOSTIC,    47, -9.736776351929e-01, 2.133160693314e-06, 0.0000e+00, 0.0000e+00, 
 1DIAGNOSTIC,    48, -9.736337661743e-01, 1.904147702372e-06, 0.0000e+00, 0.0000e+00, 
 1DIAGNOSTIC,    49, -9.736881256104e-01, 2.295920008839e-06, 0.0000e+00, 0.0000e+00, 
 1DIAGNOSTIC,    50, -9.736452102661e-01, 1.987286864239e-06, 0.0000e+00, 0.0000e+00, 
 1DIAGNOSTIC,    51, -9.736986160278e-01, 2.162381938946e-06, 0.0000e+00, 0.0000e+00, 
 1DIAGNOSTIC,    52, -9.736547470093e-01, 1.747357932617e-06, 0.0000e+00, 0.0000e+00, 
 1DIAGNOSTIC,    53, -9.737052917480e-01, 1.797075330857e-06, 0.0000e+00, 0.0000e+00, 
 1DIAGNOSTIC,    54, -9.736623764038e-01, 1.240364263796e-06, 0.0000e+00, 0.0000e+00, 
 1DIAGNOSTIC,    55, -9.737091064453e-01, 1.203379761464e-06, 0.0000e+00, 0.0000e+00, 
 1DIAGNOSTIC,    56, -9.737024307251e-01, 1.058021888971e-06, 0.0000e+00, 0.0000e+00, 
 1DIAGNOSTIC,    57, -9.737472534180e-01, 1.394347369111e-06, 0.0000e+00, 0.0000e+00, 
 1DIAGNOSTIC,    58, -9.737043380737e-01, 1.188196180807e-06, 0.0000e+00, 0.0000e+00, 
 1DIAGNOSTIC,    59, -9.737472534180e-01, 1.426883240927e-06, 0.0000e+00, 0.0000e+00, 
 1DIAGNOSTIC,    60, -9.737052917480e-01, 1.143613183166e-06, 0.0000e+00, 0.0000e+00, 
 1DIAGNOSTIC,    61, -9.737472534180e-01, 1.278492592797e-06, 0.0000e+00, 0.0000e+00, 
 1DIAGNOSTIC,    62, -9.737043380737e-01, 9.127663865086e-07, 0.0000e+00, 0.0000e+00, 
XXDIAGNOSTIC,Iteration,metricValue,convergenceValue,ITERATION_TIME_INDEX,SINCE_LAST
 1DIAGNOSTIC,     1, -9.145555496216e-01, 1.797693134862e+308, 0.0000e+00, 0.0000e+00, 
 1DIAGNOSTIC,     2, -9.175424575806e-01, 1.797693134862e+308, 0.0000e+00, 0.0000e+00, 
 1DIAGNOSTIC,     3, -9.207811355591e-01, 1.797693134862e+308, 0.0000e+00, 0.0000e+00, 
 1DIAGNOSTIC,     4, -9.238233566284e-01, 1.797693134862e+308, 0.0000e+00, 0.0000e+00, 
 1DIAGNOSTIC,     5, -9.260587692261e-01, 1.797693134862e+308, 0.0000e+00, 0.0000e+00, 
 1DIAGNOSTIC,     6, -9.279689788818e-01, 1.797693134862e+308, 0.0000e+00, 0.0000e+00, 
 1DIAGNOSTIC,     7, -9.295988082886e-01, 1.797693134862e+308, 0.0000e+00, 0.0000e+00, 
 1DIAGNOSTIC,     8, -9.310092926025e-01, 1.797693134862e+308, 0.0000e+00, 0.0000e+00, 
 1DIAGNOSTIC,     9, -9.322605133057e-01, 1.797693134862e+308, 0.0000e+00, 0.0000e+00, 
 1DIAGNOSTIC,    10, -9.333953857422e-01, 1.289313603326e-03, 0.0000e+00, 0.0000e+00, 
 1DIAGNOSTIC,    11, -9.342956542969e-01, 1.014573329052e-03, 0.0000e+00, 0.0000e+00, 
 1DIAGNOSTIC,    12, -9.353656768799e-01, 7.975762783944e-04, 0.0000e+00, 0.0000e+00, 
 1DIAGNOSTIC,    13, -9.360961914062e-01, 6.344613308100e-04, 0.0000e+00, 0.0000e+00, 
 1DIAGNOSTIC,    14, -9.366683959961e-01, 5.156335700391e-04, 0.0000e+00, 0.0000e+00, 
 1DIAGNOSTIC,    15, -9.371938705444e-01, 4.216279908931e-04, 0.0000e+00, 0.0000e+00, 
 1DIAGNOSTIC,    16, -9.376821517944e-01, 3.462853393494e-04, 0.0000e+00, 0.0000e+00, 
 1DIAGNOSTIC,    17, -9.381370544434e-01, 2.851349957691e-04, 0.0000e+00, 0.0000e+00, 
 1DIAGNOSTIC,    18, -9.385576248169e-01, 2.353241065239e-04, 0.0000e+00, 0.0000e+00, 
 1DIAGNOSTIC,    19, -9.389467239380e-01, 1.952397641026e-04, 0.0000e+00, 0.0000e+00, 
 1DIAGNOSTIC,    20, -9.393119812012e-01, 1.639100733086e-04, 0.0000e+00, 0.0000e+00, 
 1DIAGNOSTIC,    21, -9.396381378174e-01, 1.379440910058e-04, 0.0000e+00, 0.0000e+00, 
 1DIAGNOSTIC,    22, -9.399232864380e-01, 1.201930504014e-04, 0.0000e+00, 0.0000e+00, 
 1DIAGNOSTIC,    23, -9.401788711548e-01, 1.058161527839e-04, 0.0000e+00, 0.0000e+00, 
 1DIAGNOSTIC,    24, -9.404039382935e-01, 9.285586323191e-05, 0.0000e+00, 0.0000e+00, 
 1DIAGNOSTIC,    25, -9.406032562256e-01, 8.106537921857e-05, 0.0000e+00, 0.0000e+00, 
 1DIAGNOSTIC,    26, -9.407815933228e-01, 7.039406470813e-05, 0.0000e+00, 0.0000e+00, 
 1DIAGNOSTIC,    27, -9.409418106079e-01, 6.085617816419e-05, 0.0000e+00, 0.0000e+00, 
 1DIAGNOSTIC,    28, -9.410734176636e-01, 5.230370070915e-05, 0.0000e+00, 0.0000e+00, 
 1DIAGNOSTIC,    29, -9.411993026733e-01, 4.485019966230e-05, 0.0000e+00, 0.0000e+00, 
 1DIAGNOSTIC,    30, -9.413137435913e-01, 3.856324870345e-05, 0.0000e+00, 0.0000e+00, 
 1DIAGNOSTIC,    31, -9.414167404175e-01, 3.329218644453e-05, 0.0000e+00, 0.0000e+00, 
 1DIAGNOSTIC,    32, -9.415092468262e-01, 2.883881299543e-05, 0.0000e+00, 0.0000e+00, 
 1DIAGNOSTIC,    33, -9.415893554688e-01, 2.507195580985e-05, 0.0000e+00, 0.0000e+00, 
 1DIAGNOSTIC,    34, -9.416742324829e-01, 2.197885020049e-05, 0.0000e+00, 0.0000e+00, 
 1DIAGNOSTIC,    35, -9.417457580566e-01, 1.938288847535e-05, 0.0000e+00, 0.0000e+00, 
 1DIAGNOSTIC,    36, -9.418144226074e-01, 1.723297279984e-05, 0.0000e+00, 0.0000e+00, 
 1DIAGNOSTIC,    37, -9.418792724609e-01, 1.547251778440e-05, 0.0000e+00, 0.0000e+00, 
 1DIAGNOSTIC,    38, -9.419441223145e-01, 1.396441116888e-05, 0.0000e+00, 0.0000e+00, 
 1DIAGNOSTIC,    39, -9.420051574707e-01, 1.271912316782e-05, 0.0000e+00, 0.0000e+00, 
 1DIAGNOSTIC,    40, -9.420642852783e-01, 1.170191351052e-05, 0.0000e+00, 0.0000e+00, 
 1DIAGNOSTIC,    41, -9.421243667603e-01, 1.088747653538e-05, 0.0000e+00, 0.0000e+00, 
 1DIAGNOSTIC,    42, -9.421815872192e-01, 1.021627326787e-05, 0.0000e+00, 0.0000e+00, 
 1DIAGNOSTIC,    43, -9.422388076782e-01, 9.628200787246e-06, 0.0000e+00, 0.0000e+00, 
 1DIAGNOSTIC,    44, -9.422988891602e-01, 9.205867508289e-06, 0.0000e+00, 0.0000e+00, 
 1DIAGNOSTIC,    45, -9.423561096191e-01, 8.847894316075e-06, 0.0000e+00, 0.0000e+00, 
 1DIAGNOSTIC,    46, -9.424152374268e-01, 8.559431601465e-06, 0.0000e+00, 0.0000e+00, 
 1DIAGNOSTIC,    47, -9.424753189087e-01, 8.326176413109e-06, 0.0000e+00, 0.0000e+00, 
 1DIAGNOSTIC,    48, -9.425373077393e-01, 8.161833886564e-06, 0.0000e+00, 0.0000e+00, 
 1DIAGNOSTIC,    49, -9.426002502441e-01, 8.043312991757e-06, 0.0000e+00, 0.0000e+00, 
 1DIAGNOSTIC,    50, -9.426651000977e-01, 7.963036897641e-06, 0.0000e+00, 0.0000e+00, 
 1DIAGNOSTIC,    51, -9.427309036255e-01, 7.922817437955e-06, 0.0000e+00, 0.0000e+00, 
 1DIAGNOSTIC,    52, -9.427976608276e-01, 7.897834708937e-06, 0.0000e+00, 0.0000e+00, 
 1DIAGNOSTIC,    53, -9.428672790527e-01, 7.890655645396e-06, 0.0000e+00, 0.0000e+00, 
 1DIAGNOSTIC,    54, -9.429368972778e-01, 7.902850912064e-06, 0.0000e+00, 0.0000e+00, 
 1DIAGNOSTIC,    55, -9.430093765259e-01, 7.918075401285e-06, 0.0000e+00, 0.0000e+00, 
 1DIAGNOSTIC,    56, -9.430818557739e-01, 7.930875421218e-06, 0.0000e+00, 0.0000e+00, 
 1DIAGNOSTIC,    57, -9.431581497192e-01, 7.951792306317e-06, 0.0000e+00, 0.0000e+00, 
 1DIAGNOSTIC,    58, -9.432363510132e-01, 7.984336120016e-06, 0.0000e+00, 0.0000e+00, 
 1DIAGNOSTIC,    59, -9.433164596558e-01, 8.025925808269e-06, 0.0000e+00, 0.0000e+00, 
 1DIAGNOSTIC,    60, -9.433965682983e-01, 8.068720808767e-06, 0.0000e+00, 0.0000e+00, 
 1DIAGNOSTIC,    61, -9.434833526611e-01, 8.133663464881e-06, 0.0000e+00, 0.0000e+00, 
 1DIAGNOSTIC,    62, -9.435701370239e-01, 8.203990594847e-06, 0.0000e+00, 0.0000e+00, 
 1DIAGNOSTIC,    63, -9.436578750610e-01, 8.278611979617e-06, 0.0000e+00, 0.0000e+00, 
 1DIAGNOSTIC,    64, -9.437437057495e-01, 8.328625074730e-06, 0.0000e+00, 0.0000e+00, 
 1DIAGNOSTIC,    65, -9.438276290894e-01, 8.342794577253e-06, 0.0000e+00, 0.0000e+00, 
 1DIAGNOSTIC,    66, -9.439144134521e-01, 8.321556546703e-06, 0.0000e+00, 0.0000e+00, 
 1DIAGNOSTIC,    67, -9.439973831177e-01, 8.255426258635e-06, 0.0000e+00, 0.0000e+00, 
 1DIAGNOSTIC,    68, -9.440774917603e-01, 8.137197537828e-06, 0.0000e+00, 0.0000e+00, 
 1DIAGNOSTIC,    69, -9.441576004028e-01, 7.978020635898e-06, 0.0000e+00, 0.0000e+00, 
 1DIAGNOSTIC,    70, -9.442338943481e-01, 7.766036247617e-06, 0.0000e+00, 0.0000e+00, 
XXDIAGNOSTIC,Iteration,metricValue,convergenceValue,ITERATION_TIME_INDEX,SINCE_LAST
 1DIAGNOSTIC,     1, -8.927640914917e-01, 1.797693134862e+308, 0.0000e+00, 0.0000e+00, 
 1DIAGNOSTIC,     2, -8.955402374268e-01, 1.797693134862e+308, 0.0000e+00, 0.0000e+00, 
 1DIAGNOSTIC,     3, -8.983926773071e-01, 1.797693134862e+308, 0.0000e+00, 0.0000e+00, 
 1DIAGNOSTIC,     4, -9.010906219482e-01, 1.797693134862e+308, 0.0000e+00, 0.0000e+00, 
 1DIAGNOSTIC,     5, -9.035978317261e-01, 1.797693134862e+308, 0.0000e+00, 0.0000e+00, 
 1DIAGNOSTIC,     6, -9.058084487915e-01, 1.797693134862e+308, 0.0000e+00, 0.0000e+00, 
 1DIAGNOSTIC,     7, -9.078369140625e-01, 1.797693134862e+308, 0.0000e+00, 0.0000e+00, 
 1DIAGNOSTIC,     8, -9.096593856812e-01, 1.797693134862e+308, 0.0000e+00, 0.0000e+00, 
 1DIAGNOSTIC,     9, -9.111757278442e-01, 1.797693134862e+308, 0.0000e+00, 0.0000e+00, 
 1DIAGNOSTIC,    10, -9.125061035156e-01, 1.412734680060e-03, 0.0000e+00, 0.0000e+00, 
 1DIAGNOSTIC,    11, -9.136838912964e-01, 1.165740692906e-03, 2.0480e+03, 2.0480e+03, 
 1DIAGNOSTIC,    12, -9.147348403931e-01, 9.547908091042e-04, 2.0480e+03, 0.0000e+00, 
 1DIAGNOSTIC,    13, -9.156990051270e-01, 7.815106083003e-04, 2.0480e+03, 0.0000e+00, 
 1DIAGNOSTIC,    14, -9.165792465210e-01, 6.415413417213e-04, 2.0480e+03, 0.0000e+00, 
 1DIAGNOSTIC,    15, -9.174013137817e-01, 5.307616309936e-04, 2.0480e+03, 0.0000e+00, 
 1DIAGNOSTIC,    16, -9.181547164917e-01, 4.427281961773e-04, 2.0480e+03, 0.0000e+00, 
 1DIAGNOSTIC,    17, -9.188489913940e-01, 3.740171472333e-04, 2.0480e+03, 0.0000e+00, 
 1DIAGNOSTIC,    18, -9.194889068604e-01, 3.208872613824e-04, 2.0480e+03, 0.0000e+00, 
 1DIAGNOSTIC,    19, -9.200916290283e-01, 2.782435706708e-04, 2.0480e+03, 0.0000e+00, 
 1DIAGNOSTIC,    20, -9.206600189209e-01, 2.434768599061e-04, 2.0480e+03, 0.0000e+00, 
 1DIAGNOSTIC,    21, -9.212055206299e-01, 2.148114585984e-04, 2.0480e+03, 0.0000e+00, 
 1DIAGNOSTIC,    22, -9.217185974121e-01, 1.907567908488e-04, 2.0480e+03, 0.0000e+00, 
 1DIAGNOSTIC,    23, -9.221954345703e-01, 1.703934496975e-04, 2.0480e+03, 0.0000e+00, 
 1DIAGNOSTIC,    24, -9.226398468018e-01, 1.528836460626e-04, 2.0480e+03, 0.0000e+00, 
 1DIAGNOSTIC,    25, -9.230566024780e-01, 1.377977251672e-04, 2.0480e+03, 0.0000e+00, 
 1DIAGNOSTIC,    26, -9.234447479248e-01, 1.245374360402e-04, 2.0480e+03, 0.0000e+00, 
 1DIAGNOSTIC,    27, -9.238090515137e-01, 1.127015005470e-04, 2.0480e+03, 0.0000e+00, 
 1DIAGNOSTIC,    28, -9.241571426392e-01, 1.020403212528e-04, 2.0480e+03, 0.0000e+00, 
 1DIAGNOSTIC,    29, -9.244899749756e-01, 9.249908107623e-05, 2.0480e+03, 0.0000e+00, 
 1DIAGNOSTIC,    30, -9.248113632202e-01, 8.405892016870e-05, 2.0480e+03, 0.0000e+00, 
 1DIAGNOSTIC,    31, -9.251251220703e-01, 7.681570913561e-05, 2.0480e+03, 0.0000e+00, 
 1DIAGNOSTIC,    32, -9.254121780396e-01, 7.051505810435e-05, 2.0480e+03, 0.0000e+00, 
 1DIAGNOSTIC,    33, -9.256792068481e-01, 6.491857810417e-05, 2.0480e+03, 0.0000e+00, 
 1DIAGNOSTIC,    34, -9.259300231934e-01, 5.985105165588e-05, 4.0960e+03, 2.0480e+03, 
 1DIAGNOSTIC,    35, -9.261646270752e-01, 5.517913167507e-05, 4.0960e+03, 0.0000e+00, 
 1DIAGNOSTIC,    36, -9.263820648193e-01, 5.075917653889e-05, 4.0960e+03, 0.0000e+00, 
 1DIAGNOSTIC,    37, -9.265832901001e-01, 4.651398749976e-05, 4.0960e+03, 0.0000e+00, 
 1DIAGNOSTIC,    38, -9.267721176147e-01, 4.247408287042e-05, 4.0960e+03, 0.0000e+00, 
 1DIAGNOSTIC,    39, -9.269514083862e-01, 3.869444387649e-05, 4.0960e+03, 0.0000e+00, 
 1DIAGNOSTIC,    40, -9.271192550659e-01, 3.523235146686e-05, 4.0960e+03, 0.0000e+00, 
 1DIAGNOSTIC,    41, -9.272794723511e-01, 3.219138615878e-05, 4.0960e+03, 0.0000e+00, 
 1DIAGNOSTIC,    42, -9.274320602417e-01, 2.949874602205e-05, 4.0960e+03, 0.0000e+00, 
 1DIAGNOSTIC,    43, -9.275760650635e-01, 2.710896797146e-05, 4.0960e+03, 0.0000e+00, 
 1DIAGNOSTIC,    44, -9.277133941650e-01, 2.500438915102e-05, 4.0960e+03, 0.0000e+00, 
 1DIAGNOSTIC,    45, -9.278421401978e-01, 2.313931351212e-05, 4.0960e+03, 0.0000e+00, 
 1DIAGNOSTIC,    46, -9.279670715332e-01, 2.148428048717e-05, 4.0960e+03, 0.0000e+00, 
 1DIAGNOSTIC,    47, -9.280853271484e-01, 1.998592444308e-05, 4.0960e+03, 0.0000e+00, 
 1DIAGNOSTIC,    48, -9.281978607178e-01, 1.861835245116e-05, 4.0960e+03, 0.0000e+00, 
 1DIAGNOSTIC,    49, -9.283103942871e-01, 1.740604274709e-05, 4.0960e+03, 0.0000e+00, 
 1DIAGNOSTIC,    50, -9.284191131592e-01, 1.632469089271e-05, 4.0960e+03, 0.0000e+00, 
XXDIAGNOSTIC,Iteration,metricValue,convergenceValue,ITERATION_TIME_INDEX,SINCE_LAST
 1DIAGNOSTIC,     1, -8.827304840088e-01, 1.797693134862e+308, 6.1440e+03, 2.0480e+03, 
 1DIAGNOSTIC,     2, -8.839406967163e-01, 1.797693134862e+308, 6.1440e+03, 0.0000e+00, 
 1DIAGNOSTIC,     3, -8.854484558105e-01, 1.797693134862e+308, 6.1440e+03, 0.0000e+00, 
 1DIAGNOSTIC,     4, -8.870496749878e-01, 1.797693134862e+308, 8.1920e+03, 2.0480e+03, 
 1DIAGNOSTIC,     5, -8.886184692383e-01, 1.797693134862e+308, 8.1920e+03, 0.0000e+00, 
 1DIAGNOSTIC,     6, -8.899431228638e-01, 1.797693134862e+308, 1.0240e+04, 2.0480e+03, 
 1DIAGNOSTIC,     7, -8.914260864258e-01, 1.797693134862e+308, 1.0240e+04, 0.0000e+00, 
 1DIAGNOSTIC,     8, -8.926162719727e-01, 1.797693134862e+308, 1.0240e+04, 0.0000e+00, 
 1DIAGNOSTIC,     9, -8.938827514648e-01, 1.797693134862e+308, 1.2288e+04, 2.0480e+03, 
 1DIAGNOSTIC,    10, -8.949680328369e-01, 9.052137068396e-04, 1.2288e+04, 0.0000e+00, 
 1DIAGNOSTIC,    11, -8.960599899292e-01, 7.969879912161e-04, 1.4336e+04, 2.0480e+03, 
 1DIAGNOSTIC,    12, -8.969507217407e-01, 6.907886672093e-04, 1.4336e+04, 0.0000e+00, 
 1DIAGNOSTIC,    13, -8.977794647217e-01, 5.954956629337e-04, 1.4336e+04, 0.0000e+00, 
 1DIAGNOSTIC,    14, -8.985309600830e-01, 5.129480567279e-04, 1.6384e+04, 2.0480e+03, 
 1DIAGNOSTIC,    15, -8.991498947144e-01, 4.408191267000e-04, 1.6384e+04, 0.0000e+00, 
 1DIAGNOSTIC,    16, -8.997249603271e-01, 3.747973677393e-04, 1.8432e+04, 2.0480e+03, 
 1DIAGNOSTIC,    17, -9.002704620361e-01, 3.198913392769e-04, 1.8432e+04, 0.0000e+00, 
 1DIAGNOSTIC,    18, -9.007930755615e-01, 2.716070481851e-04, 1.8432e+04, 0.0000e+00, 
 1DIAGNOSTIC,    19, -9.012804031372e-01, 2.324550291607e-04, 2.0480e+04, 2.0480e+03, 
 1DIAGNOSTIC,    20, -9.017629623413e-01, 2.003890057459e-04, 2.0480e+04, 0.0000e+00, 
  Elapsed time (stage 0): 20480


Total elapsed time: 20480
