
##########################
# Experiment information #
##########################
SIF_IMG: /project/rrg-glatard/mdugre/containers/ants-p2-vprec.sif
EXPERIMENT_NAME: vprec-space_search
CONFIG: 0011
VFC_BACKENDS: libinterflop_vprec.so --range-binary32=8 --precision-binary32=10 --range-binary64=8 --precision-binary64=10

FIXED_IMG: /templateflow/tpl-MNI152NLin2009cAsym/tpl-MNI152NLin2009cAsym_res-01_desc-brain_T1w.nii.gz
SUBJECT_ID: 0003057
INPUT_IMG: /project/rrg-glatard/mdugre/datasets/corr/RawDataBIDS/BMB_1/derivatives/antsBrainExtraction/sub-0003057/BrainExtractionBrain.nii.gz
OUTPUT_DIR: /project/rrg-glatard/mdugre/datasets/corr/RawDataBIDS/BMB_1/derivatives/vprec-space_search/0011/r8-p10/sub-0003057

ITK_GLOBAL_DEFAULT_NUMBER_OF_THREADS: 8
##########################

VFC_BACKENDS=libinterflop_ieee.so
Info [verificarlo]: loaded backend libinterflop_ieee.so
Info [interflop-ieee]: load backend with:
Info [interflop-ieee]: debug = false
Info [interflop-ieee]: debug-binary = false
Info [interflop-ieee]: no-backend-name = false
Info [interflop-ieee]: print-new-line = false
Info [interflop-ieee]: print-subnormal-normalized = false
Info [interflop-ieee]: count-op = false
All_Command_lines_OK
Using double precision for computations.
=============================================================================
The composite transform comprises the following transforms (in order): 
  1. Center of mass alignment using fixed image: /templateflow/tpl-MNI152NLin2009cAsym/tpl-MNI152NLin2009cAsym_res-01_desc-brain_T1w.nii.gz and moving image: /project/rrg-glatard/mdugre/datasets/corr/RawDataBIDS/BMB_1/derivatives/antsBrainExtraction/sub-0003057/BrainExtractionBrain.nii.gz (type = Euler3DTransform)
=============================================================================
  number of levels = 1
  fixed image: /templateflow/tpl-MNI152NLin2009cAsym/tpl-MNI152NLin2009cAsym_res-01_desc-brain_T1w.nii.gz
  moving image: /project/rrg-glatard/mdugre/datasets/corr/RawDataBIDS/BMB_1/derivatives/antsBrainExtraction/sub-0003057/BrainExtractionBrain.nii.gz
Dimension = 3
Number of stages = 1
Use histogram matching = false
Winsorize image intensities = true
  Lower quantile = 0.005
  Upper quantile = 0.995


Stage 1 State
   Image metric = MattesMI
     Fixed image = Image (0x4f43390)
  RTTI typeinfo:   itk::Image<double, 3u>
  Reference Count: 2
  Modified Time: 2334
  Debug: Off
  Object Name: 
  Observers: 
    none
  Source: (none)
  Source output name: (none)
  Release Data: Off
  Data Released: False
  Global Release Data: Off
  PipelineMTime: 0
  UpdateMTime: 1943
  RealTimeStamp: 0 seconds 
  LargestPossibleRegion: 
    Dimension: 3
    Index: [0, 0, 0]
    Size: [193, 229, 193]
  BufferedRegion: 
    Dimension: 3
    Index: [0, 0, 0]
    Size: [193, 229, 193]
  RequestedRegion: 
    Dimension: 3
    Index: [0, 0, 0]
    Size: [193, 229, 193]
  Spacing: [1, 1, 1]
  Origin: [96, 132, -78]
  Direction: 
-1 0 0
0 -1 0
0 0 1

  IndexToPointMatrix: 
-1 0 0
0 -1 0
0 0 1

  PointToIndexMatrix: 
-1 0 0
0 -1 0
0 0 1

  Inverse Direction: 
-1 0 0
0 -1 0
0 0 1

  PixelContainer: 
    ImportImageContainer (0x500ea90)
      RTTI typeinfo:   itk::ImportImageContainer<unsigned long, double>
      Reference Count: 1
      Modified Time: 1940
      Debug: Off
      Object Name: 
      Observers: 
        none
      Pointer: 0x154b3f0c4010
      Container manages memory: true
      Size: 8530021
      Capacity: 8530021

     Moving image = Image (0x4f41290)
  RTTI typeinfo:   itk::Image<double, 3u>
  Reference Count: 2
  Modified Time: 2335
  Debug: Off
  Object Name: 
  Observers: 
    none
  Source: (none)
  Source output name: (none)
  Release Data: Off
  Data Released: False
  Global Release Data: Off
  PipelineMTime: 0
  UpdateMTime: 2332
  RealTimeStamp: 0 seconds 
  LargestPossibleRegion: 
    Dimension: 3
    Index: [0, 0, 0]
    Size: [176, 256, 256]
  BufferedRegion: 
    Dimension: 3
    Index: [0, 0, 0]
    Size: [176, 256, 256]
  RequestedRegion: 
    Dimension: 3
    Index: [0, 0, 0]
    Size: [176, 256, 256]
  Spacing: [1, 1, 1]
  Origin: [-104.451, 92.6908, -133.506]
  Direction: 
1 0 0
0 -1 0
0 0 1

  IndexToPointMatrix: 
1 0 0
0 -1 0
0 0 1

  PointToIndexMatrix: 
1 0 0
0 -1 0
0 0 1

  Inverse Direction: 
1 0 0
0 -1 0
0 0 1

  PixelContainer: 
    ImportImageContainer (0x4f6e850)
      RTTI typeinfo:   itk::ImportImageContainer<unsigned long, double>
      Reference Count: 1
      Modified Time: 2329
      Debug: Off
      Object Name: 
      Observers: 
        none
      Pointer: 0x154b398c3010
      Container manages memory: true
      Size: 11534336
      Capacity: 11534336

     Weighting = 1
     Sampling strategy = regular
     Number of bins = 32
     Radius = 4
     Sampling percentage  = 0.25
   Transform = Rigid
     Gradient step = 0.1
     Update field sigma (voxel space) = 0
     Total field sigma (voxel space) = 0
     Update field time sigma = 0
     Total field time sigma  = 0
     Number of time indices = 0
     Number of time point samples = 0
Registration using 1 total stages.

Stage 0
  iterations = 0
  convergence threshold = 1e-06
  convergence window size = 10
  number of levels = 1
  using the Mattes MI metric (number of bins = 32, weight = 1, use gradient filter = 0)
  preprocessing:  winsorizing the image intensities
  Shrink factors (level 1 out of 1): [1, 1, 1]
  smoothing sigmas per level: [0]
  regular sampling (percentage = 0.25)

*** Running Euler3DTransform registration ***

  Elapsed time (stage 0): 0.932044


Total elapsed time: 0.933508
VFC_BACKENDS=libinterflop_ieee.so
Info [verificarlo]: loaded backend libinterflop_ieee.so
Info [interflop-ieee]: load backend with:
Info [interflop-ieee]: debug = false
Info [interflop-ieee]: debug-binary = false
Info [interflop-ieee]: no-backend-name = false
Info [interflop-ieee]: print-new-line = false
Info [interflop-ieee]: print-subnormal-normalized = false
Info [interflop-ieee]: count-op = false
All_Command_lines_OK
Using double precision for computations.
=============================================================================
The composite transform comprises the following transforms (in order): 
  1. /project/rrg-glatard/mdugre/datasets/corr/RawDataBIDS/BMB_1/derivatives/vprec-space_search/0011/r8-p10/sub-0003057/align_Composite.h5[0] (type = Euler3DTransform)
  2. /project/rrg-glatard/mdugre/datasets/corr/RawDataBIDS/BMB_1/derivatives/vprec-space_search/0011/r8-p10/sub-0003057/align_Composite.h5[1] (type = Euler3DTransform)
=============================================================================
  number of levels = 4
  fixed image: /templateflow/tpl-MNI152NLin2009cAsym/tpl-MNI152NLin2009cAsym_res-01_desc-brain_T1w.nii.gz
  moving image: /project/rrg-glatard/mdugre/datasets/corr/RawDataBIDS/BMB_1/derivatives/antsBrainExtraction/sub-0003057/BrainExtractionBrain.nii.gz
Dimension = 3
Number of stages = 1
Use histogram matching = false
Winsorize image intensities = true
  Lower quantile = 0.005
  Upper quantile = 0.995


Stage 1 State
   Image metric = MattesMI
     Fixed image = Image (0x4506650)
  RTTI typeinfo:   itk::Image<double, 3u>
  Reference Count: 2
  Modified Time: 1580
  Debug: Off
  Object Name: 
  Observers: 
    none
  Source: (none)
  Source output name: (none)
  Release Data: Off
  Data Released: False
  Global Release Data: Off
  PipelineMTime: 0
  UpdateMTime: 1189
  RealTimeStamp: 0 seconds 
  LargestPossibleRegion: 
    Dimension: 3
    Index: [0, 0, 0]
    Size: [193, 229, 193]
  BufferedRegion: 
    Dimension: 3
    Index: [0, 0, 0]
    Size: [193, 229, 193]
  RequestedRegion: 
    Dimension: 3
    Index: [0, 0, 0]
    Size: [193, 229, 193]
  Spacing: [1, 1, 1]
  Origin: [96, 132, -78]
  Direction: 
-1 0 0
0 -1 0
0 0 1

  IndexToPointMatrix: 
-1 0 0
0 -1 0
0 0 1

  PointToIndexMatrix: 
-1 0 0
0 -1 0
0 0 1

  Inverse Direction: 
-1 0 0
0 -1 0
0 0 1

  PixelContainer: 
    ImportImageContainer (0x45c4210)
      RTTI typeinfo:   itk::ImportImageContainer<unsigned long, double>
      Reference Count: 1
      Modified Time: 1186
      Debug: Off
      Object Name: 
      Observers: 
        none
      Pointer: 0x14ffbdc95010
      Container manages memory: true
      Size: 8530021
      Capacity: 8530021

     Moving image = Image (0x45c16e0)
  RTTI typeinfo:   itk::Image<double, 3u>
  Reference Count: 2
  Modified Time: 1581
  Debug: Off
  Object Name: 
  Observers: 
    none
  Source: (none)
  Source output name: (none)
  Release Data: Off
  Data Released: False
  Global Release Data: Off
  PipelineMTime: 0
  UpdateMTime: 1578
  RealTimeStamp: 0 seconds 
  LargestPossibleRegion: 
    Dimension: 3
    Index: [0, 0, 0]
    Size: [176, 256, 256]
  BufferedRegion: 
    Dimension: 3
    Index: [0, 0, 0]
    Size: [176, 256, 256]
  RequestedRegion: 
    Dimension: 3
    Index: [0, 0, 0]
    Size: [176, 256, 256]
  Spacing: [1, 1, 1]
  Origin: [-104.451, 92.6908, -133.506]
  Direction: 
1 0 0
0 -1 0
0 0 1

  IndexToPointMatrix: 
1 0 0
0 -1 0
0 0 1

  PointToIndexMatrix: 
1 0 0
0 -1 0
0 0 1

  Inverse Direction: 
1 0 0
0 -1 0
0 0 1

  PixelContainer: 
    ImportImageContainer (0x4593970)
      RTTI typeinfo:   itk::ImportImageContainer<unsigned long, double>
      Reference Count: 1
      Modified Time: 1575
      Debug: Off
      Object Name: 
      Observers: 
        none
      Pointer: 0x14ffb8494010
      Container manages memory: true
      Size: 11534336
      Capacity: 11534336

     Weighting = 1
     Sampling strategy = regular
     Number of bins = 32
     Radius = 4
     Sampling percentage  = 0.25
   Transform = Rigid
     Gradient step = 0.1
     Update field sigma (voxel space) = 0
     Total field sigma (voxel space) = 0
     Update field time sigma = 0
     Total field time sigma  = 0
     Number of time indices = 0
     Number of time point samples = 0
Registration using 1 total stages.

Stage 0
  iterations = 1000x500x250x100
  convergence threshold = 1e-06
  convergence window size = 10
  number of levels = 4
  using the Mattes MI metric (number of bins = 32, weight = 1, use gradient filter = 0)
  preprocessing:  winsorizing the image intensities
  Shrink factors (level 1 out of 4): [8, 8, 8]
  Shrink factors (level 2 out of 4): [4, 4, 4]
  Shrink factors (level 3 out of 4): [2, 2, 2]
  Shrink factors (level 4 out of 4): [1, 1, 1]
  smoothing sigmas per level: [3, 2, 1, 0]
  regular sampling (percentage = 0.25)

*** Running Euler3DTransform registration ***

DIAGNOSTIC,Iteration,metricValue,convergenceValue,ITERATION_TIME_INDEX,SINCE_LAST
 2DIAGNOSTIC,     1, -5.436231627213e-01, 1.797693134862e+308, 1.2128e+00, 1.2128e+00, 
 2DIAGNOSTIC,     2, -5.459639101733e-01, 1.797693134862e+308, 1.2173e+00, 4.4751e-03, 
 2DIAGNOSTIC,     3, -5.499230820404e-01, 1.797693134862e+308, 1.2218e+00, 4.4541e-03, 
 2DIAGNOSTIC,     4, -5.547060569041e-01, 1.797693134862e+308, 1.2263e+00, 4.5500e-03, 
 2DIAGNOSTIC,     5, -5.624402127649e-01, 1.797693134862e+308, 1.2317e+00, 5.3411e-03, 
 2DIAGNOSTIC,     6, -5.675615006921e-01, 1.797693134862e+308, 1.2366e+00, 4.9210e-03, 
 2DIAGNOSTIC,     7, -5.693065811626e-01, 1.797693134862e+308, 1.2411e+00, 4.4649e-03, 
 2DIAGNOSTIC,     8, -5.733470843824e-01, 1.797693134862e+308, 1.2457e+00, 4.6589e-03, 
 2DIAGNOSTIC,     9, -5.832475817413e-01, 1.797693134862e+308, 1.2520e+00, 6.2521e-03, 
 2DIAGNOSTIC,    10, -5.854103360859e-01, 4.969022653860e-03, 1.2572e+00, 5.2192e-03, 
 2DIAGNOSTIC,    11, -5.879846407417e-01, 4.498521207698e-03, 1.2640e+00, 6.8538e-03, 
 2DIAGNOSTIC,    12, -5.884147105588e-01, 3.827859980284e-03, 1.2691e+00, 5.0991e-03, 
 2DIAGNOSTIC,    13, -5.882334526136e-01, 3.063902580918e-03, 1.2738e+00, 4.6520e-03, 
 2DIAGNOSTIC,    14, -5.884319002201e-01, 2.302635583828e-03, 1.2783e+00, 4.5021e-03, 
 2DIAGNOSTIC,    15, -5.886083036065e-01, 1.693569048477e-03, 1.2828e+00, 4.5481e-03, 
 2DIAGNOSTIC,    16, -5.890240830347e-01, 1.182690433558e-03, 1.2873e+00, 4.4630e-03, 
 2DIAGNOSTIC,    17, -5.896120568756e-01, 6.933883474819e-04, 1.2924e+00, 5.0559e-03, 
 2DIAGNOSTIC,    18, -5.904406862644e-01, 3.236588697731e-04, 1.2995e+00, 7.1020e-03, 
 2DIAGNOSTIC,    19, -5.904205257800e-01, 2.198625000596e-04, 1.3044e+00, 4.9050e-03, 
 2DIAGNOSTIC,    20, -5.905993250808e-01, 1.627848991811e-04, 1.3094e+00, 5.0850e-03, 
 2DIAGNOSTIC,    21, -5.909878478838e-01, 1.654540925022e-04, 1.3139e+00, 4.4332e-03, 
 2DIAGNOSTIC,    22, -5.918473040930e-01, 1.811121054856e-04, 1.3184e+00, 4.5211e-03, 
 2DIAGNOSTIC,    23, -5.928305465535e-01, 1.950693289735e-04, 1.3228e+00, 4.3781e-03, 
 2DIAGNOSTIC,    24, -5.940169410589e-01, 2.178967751917e-04, 1.3278e+00, 5.0671e-03, 
 2DIAGNOSTIC,    25, -5.940813210029e-01, 2.231869936870e-04, 1.3328e+00, 4.9870e-03, 
 2DIAGNOSTIC,    26, -5.942416890938e-01, 2.182676772191e-04, 1.3384e+00, 5.6129e-03, 
 2DIAGNOSTIC,    27, -5.942491912592e-01, 2.036346943741e-04, 1.3434e+00, 4.9820e-03, 
 2DIAGNOSTIC,    28, -5.942137829613e-01, 1.846288489117e-04, 1.3485e+00, 5.0371e-03, 
 2DIAGNOSTIC,    29, -5.941406514509e-01, 1.479650083807e-04, 1.3534e+00, 4.9520e-03, 
 2DIAGNOSTIC,    30, -5.943338411387e-01, 1.061516559104e-04, 1.3581e+00, 4.6811e-03, 
 2DIAGNOSTIC,    31, -5.950504083855e-01, 7.448896968513e-05, 1.3632e+00, 5.1200e-03, 
 2DIAGNOSTIC,    32, -5.946404552752e-01, 4.424267922921e-05, 1.3689e+00, 5.6610e-03, 
 2DIAGNOSTIC,    33, -5.955482804334e-01, 3.959732828176e-05, 1.3733e+00, 4.4351e-03, 
 2DIAGNOSTIC,    34, -5.963142419564e-01, 5.926474781388e-05, 1.3784e+00, 5.0380e-03, 
 2DIAGNOSTIC,    35, -5.971780946087e-01, 8.475477933785e-05, 1.3828e+00, 4.4270e-03, 
 2DIAGNOSTIC,    36, -5.972360191577e-01, 1.035933960678e-04, 1.3878e+00, 5.0480e-03, 
 2DIAGNOSTIC,    37, -5.979280357198e-01, 1.211418599346e-04, 1.3933e+00, 5.4622e-03, 
 2DIAGNOSTIC,    38, -5.988751455661e-01, 1.378758416641e-04, 1.3982e+00, 4.8840e-03, 
 2DIAGNOSTIC,    39, -5.994254910110e-01, 1.461068406921e-04, 1.4026e+00, 4.4072e-03, 
 2DIAGNOSTIC,    40, -5.997264988923e-01, 1.458024124534e-04, 1.4070e+00, 4.4012e-03, 
 2DIAGNOSTIC,    41, -5.999156436295e-01, 1.428886838559e-04, 1.4119e+00, 4.9620e-03, 
 2DIAGNOSTIC,    42, -5.999855346675e-01, 1.225058099572e-04, 1.4164e+00, 4.4680e-03, 
 2DIAGNOSTIC,    43, -5.999834792939e-01, 1.013762100413e-04, 1.4215e+00, 5.0380e-03, 
 2DIAGNOSTIC,    44, -6.004041986068e-01, 8.441740119700e-05, 1.4259e+00, 4.4632e-03, 
 2DIAGNOSTIC,    45, -6.007447194723e-01, 7.321345545131e-05, 1.4311e+00, 5.2090e-03, 
 2DIAGNOSTIC,    46, -6.016347567359e-01, 6.544510187612e-05, 1.4388e+00, 7.6900e-03, 
 2DIAGNOSTIC,    47, -6.015999728037e-01, 5.824994302466e-05, 1.4438e+00, 5.0089e-03, 
 2DIAGNOSTIC,    48, -6.013903403319e-01, 5.333798873282e-05, 1.4483e+00, 4.4701e-03, 
 2DIAGNOSTIC,    49, -6.012256309876e-01, 4.745185281696e-05, 1.4533e+00, 5.0070e-03, 
 2DIAGNOSTIC,    50, -6.012425859251e-01, 4.026022968836e-05, 1.4578e+00, 4.5459e-03, 
 2DIAGNOSTIC,    51, -6.012767688782e-01, 3.150927620656e-05, 1.4624e+00, 4.5490e-03, 
 2DIAGNOSTIC,    52, -6.013473682709e-01, 2.149280066624e-05, 1.4675e+00, 5.0602e-03, 
 2DIAGNOSTIC,    53, -6.013727912595e-01, 1.015893772165e-05, 1.4721e+00, 4.6499e-03, 
 2DIAGNOSTIC,    54, -6.014308144618e-01, 2.650102379931e-06, 1.4771e+00, 4.9620e-03, 
DIAGNOSTIC,Iteration,metricValue,convergenceValue,ITERATION_TIME_INDEX,SINCE_LAST
 2DIAGNOSTIC,     1, -4.921825429047e-01, 1.797693134862e+308, 2.7544e+00, 1.2774e+00, 
 2DIAGNOSTIC,     2, -4.929355005364e-01, 1.797693134862e+308, 2.7890e+00, 3.4515e-02, 
 2DIAGNOSTIC,     3, -4.937703282574e-01, 1.797693134862e+308, 2.8234e+00, 3.4392e-02, 
 2DIAGNOSTIC,     4, -4.943955085478e-01, 1.797693134862e+308, 2.8576e+00, 3.4277e-02, 
 2DIAGNOSTIC,     5, -4.951464757869e-01, 1.797693134862e+308, 2.8914e+00, 3.3761e-02, 
 2DIAGNOSTIC,     6, -4.956809952433e-01, 1.797693134862e+308, 2.9251e+00, 3.3686e-02, 
 2DIAGNOSTIC,     7, -4.960224430546e-01, 1.797693134862e+308, 2.9596e+00, 3.4493e-02, 
 2DIAGNOSTIC,     8, -4.974311130036e-01, 1.797693134862e+308, 3.0097e+00, 5.0137e-02, 
 2DIAGNOSTIC,     9, -4.974809485420e-01, 1.797693134862e+308, 3.0478e+00, 3.8144e-02, 
 2DIAGNOSTIC,    10, -4.975468031309e-01, 7.350528555656e-04, 3.0868e+00, 3.8946e-02, 
 2DIAGNOSTIC,    11, -4.974847906800e-01, 5.837034668693e-04, 3.1408e+00, 5.3971e-02, 
 2DIAGNOSTIC,    12, -4.974806770230e-01, 4.407368383764e-04, 3.1787e+00, 3.7923e-02, 
 2DIAGNOSTIC,    13, -4.974506656975e-01, 3.146900960970e-04, 3.2165e+00, 3.7815e-02, 
 2DIAGNOSTIC,    14, -4.974469601014e-01, 2.031362491261e-04, 3.2545e+00, 3.8021e-02, 
 2DIAGNOSTIC,    15, -4.974340461688e-01, 1.167574836620e-04, 3.2922e+00, 3.7695e-02, 
 2DIAGNOSTIC,    16, -4.974282219049e-01, 4.993642140871e-05, 3.3300e+00, 3.7827e-02, 
DIAGNOSTIC,Iteration,metricValue,convergenceValue,ITERATION_TIME_INDEX,SINCE_LAST
 2DIAGNOSTIC,     1, -4.317714598886e-01, 1.797693134862e+308, 5.0305e+00, 1.7005e+00, 
 2DIAGNOSTIC,     2, -4.322280509966e-01, 1.797693134862e+308, 5.3435e+00, 3.1292e-01, 
 2DIAGNOSTIC,     3, -4.327265870424e-01, 1.797693134862e+308, 5.6598e+00, 3.1639e-01, 
 2DIAGNOSTIC,     4, -4.330093029738e-01, 1.797693134862e+308, 5.9758e+00, 3.1594e-01, 
 2DIAGNOSTIC,     5, -4.332770119100e-01, 1.797693134862e+308, 6.2923e+00, 3.1650e-01, 
 2DIAGNOSTIC,     6, -4.335718352072e-01, 1.797693134862e+308, 6.6057e+00, 3.1341e-01, 
 2DIAGNOSTIC,     7, -4.337042898510e-01, 1.797693134862e+308, 6.9923e+00, 3.8656e-01, 
 2DIAGNOSTIC,     8, -4.337596238560e-01, 1.797693134862e+308, 7.4191e+00, 4.2689e-01, 
 2DIAGNOSTIC,     9, -4.337636792858e-01, 1.797693134862e+308, 7.8844e+00, 4.6520e-01, 
 2DIAGNOSTIC,    10, -4.337643446093e-01, 2.940390238288e-04, 8.3623e+00, 4.7791e-01, 
 2DIAGNOSTIC,    11, -4.337640272082e-01, 1.949027877766e-04, 8.7226e+00, 3.6035e-01, 
 2DIAGNOSTIC,    12, -4.337626313760e-01, 1.194315050787e-04, 9.0776e+00, 3.5503e-01, 
 2DIAGNOSTIC,    13, -4.337621674336e-01, 7.009702621728e-05, 9.3963e+00, 3.1861e-01, 
 2DIAGNOSTIC,    14, -4.337602284570e-01, 3.472199576587e-05, 9.7881e+00, 3.9185e-01, 
 2DIAGNOSTIC,    15, -4.337604913783e-01, 1.256188536088e-05, 1.0133e+01, 3.4443e-01, 
 2DIAGNOSTIC,    16, -4.337598813966e-01, 4.149014154631e-06, 1.0445e+01, 3.1265e-01, 
 2DIAGNOSTIC,    17, -4.337585732258e-01, 1.528482446458e-06, 1.0806e+01, 3.6105e-01, 
 2DIAGNOSTIC,    18, -4.337580683588e-01, 1.226400230668e-06, 1.1166e+01, 3.5952e-01, 
 2DIAGNOSTIC,    19, -4.337575513870e-01, 1.127684329867e-06, 1.1479e+01, 3.1315e-01, 
 2DIAGNOSTIC,    20, -4.337563878408e-01, 1.072665328873e-06, 1.1795e+01, 3.1611e-01, 
 2DIAGNOSTIC,    21, -4.337573431975e-01, 1.092266199855e-06, 1.2156e+01, 3.6059e-01, 
 2DIAGNOSTIC,    22, -4.337605542898e-01, 1.202843960303e-06, 1.2556e+01, 3.9995e-01, 
 2DIAGNOSTIC,    23, -4.337591186163e-01, 1.271479464222e-06, 1.2909e+01, 3.5339e-01, 
 2DIAGNOSTIC,    24, -4.337584706882e-01, 1.276285412785e-06, 1.3261e+01, 3.5255e-01, 
 2DIAGNOSTIC,    25, -4.337569950329e-01, 1.255296402790e-06, 1.3607e+01, 3.4568e-01, 
 2DIAGNOSTIC,    26, -4.337573156078e-01, 1.230555716963e-06, 1.3965e+01, 3.5747e-01, 
 2DIAGNOSTIC,    27, -4.337558779073e-01, 1.137931030890e-06, 1.4361e+01, 3.9677e-01, 
 2DIAGNOSTIC,    28, -4.337551237438e-01, 1.027513461288e-06, 1.4716e+01, 3.5508e-01, 
DIAGNOSTIC,Iteration,metricValue,convergenceValue,ITERATION_TIME_INDEX,SINCE_LAST
 2DIAGNOSTIC,     1, -3.967155272740e-01, 1.797693134862e+308, 1.7935e+01, 3.2181e+00, 
 2DIAGNOSTIC,     2, -3.968813693595e-01, 1.797693134862e+308, 2.0169e+01, 2.2344e+00, 
 2DIAGNOSTIC,     3, -3.971185444417e-01, 1.797693134862e+308, 2.2327e+01, 2.1576e+00, 
 2DIAGNOSTIC,     4, -3.972047028828e-01, 1.797693134862e+308, 2.4799e+01, 2.4721e+00, 
 2DIAGNOSTIC,     5, -3.973151017032e-01, 1.797693134862e+308, 2.8045e+01, 3.2461e+00, 
 2DIAGNOSTIC,     6, -3.973288460739e-01, 1.797693134862e+308, 3.0232e+01, 2.1871e+00, 
 2DIAGNOSTIC,     7, -3.973850766025e-01, 1.797693134862e+308, 3.2717e+01, 2.4847e+00, 
 2DIAGNOSTIC,     8, -3.973956375902e-01, 1.797693134862e+308, 3.5684e+01, 2.9676e+00, 
 2DIAGNOSTIC,     9, -3.973953346667e-01, 1.797693134862e+308, 3.8065e+01, 2.3810e+00, 
 2DIAGNOSTIC,    10, -3.973942568138e-01, 1.039784527110e-04, 4.1034e+01, 2.9687e+00, 
 2DIAGNOSTIC,    11, -3.973935878158e-01, 6.363178418950e-05, 4.4301e+01, 3.2676e+00, 
 2DIAGNOSTIC,    12, -3.973937363565e-01, 3.416462152589e-05, 4.6722e+01, 2.4208e+00, 
 2DIAGNOSTIC,    13, -3.973934086250e-01, 1.934834902720e-05, 4.9228e+01, 2.5057e+00, 
 2DIAGNOSTIC,    14, -3.973932963253e-01, 9.403414787557e-06, 5.1968e+01, 2.7404e+00, 
 2DIAGNOSTIC,    15, -3.973932798750e-01, 5.421307464629e-06, 5.4585e+01, 2.6163e+00, 
 2DIAGNOSTIC,    16, -3.973932206103e-01, 2.180127416943e-06, 5.6933e+01, 2.3486e+00, 
 2DIAGNOSTIC,    17, -3.973930665269e-01, 1.648892999417e-06, 5.9319e+01, 2.3856e+00, 
 2DIAGNOSTIC,    18, -3.973929976675e-01, 1.614009534426e-06, 6.1419e+01, 2.1004e+00, 
 2DIAGNOSTIC,    19, -3.973930410364e-01, 1.588304103142e-06, 6.3768e+01, 2.3488e+00, 
 2DIAGNOSTIC,    20, -3.973931026904e-01, 1.537270475992e-06, 6.5871e+01, 2.1031e+00, 
 2DIAGNOSTIC,    21, -3.973931118003e-01, 1.473244956009e-06, 6.8228e+01, 2.3567e+00, 
 2DIAGNOSTIC,    22, -3.973929887472e-01, 1.420168199019e-06, 7.0405e+01, 2.1774e+00, 
 2DIAGNOSTIC,    23, -3.973930670538e-01, 1.366643076241e-06, 7.2862e+01, 2.4569e+00, 
 2DIAGNOSTIC,    24, -3.973930225859e-01, 1.314259666582e-06, 7.5045e+01, 2.1834e+00, 
 2DIAGNOSTIC,    25, -3.973929175499e-01, 1.263596472539e-06, 7.8042e+01, 2.9961e+00, 
 2DIAGNOSTIC,    26, -3.973929382649e-01, 1.216843182300e-06, 8.0221e+01, 2.1789e+00, 
 2DIAGNOSTIC,    27, -3.973927838406e-01, 1.166094385718e-06, 8.2629e+01, 2.4085e+00, 
 2DIAGNOSTIC,    28, -3.973927305362e-01, 1.117054318614e-06, 8.4758e+01, 2.1292e+00, 
 2DIAGNOSTIC,    29, -3.973926117241e-01, 1.071279772204e-06, 8.6917e+01, 2.1585e+00, 
 2DIAGNOSTIC,    30, -3.973927303097e-01, 1.035331564064e-06, 8.9313e+01, 2.3959e+00, 
 2DIAGNOSTIC,    31, -3.973927115708e-01, 1.003831873909e-06, 9.1667e+01, 2.3539e+00, 
  Elapsed time (stage 0): 9.2881e+01


Total elapsed time: 9.2882e+01
VFC_BACKENDS=libinterflop_vprec.so --range-binary32=8 --precision-binary32=10 --range-binary64=8 --precision-binary64=10
Info [verificarlo]: loaded backend libinterflop_vprec.so
Info [interflop-vprec]: load backend with: 
Info [interflop-vprec]: precision-binary32 = 10
Info [interflop-vprec]: range-binary32 = 8
Info [interflop-vprec]: precision-binary64 = 10
Info [interflop-vprec]: range-binary64 = 8
Info [interflop-vprec]: mode = ob
Info [interflop-vprec]: error-mode = rel
Info [interflop-vprec]: max-abs-error-exponent = -1022
Info [interflop-vprec]: daz = false
Info [interflop-vprec]: ftz = false
Info [interflop-vprec]: 	instrument = none
Info [interflop-vprec]: 	prec-input-file = (null)
Info [interflop-vprec]: 	prec-output-file = (null)
Info [interflop-vprec]: 	prec-log-file = (null)
All_Command_lines_OK
Using double precision for computations.
=============================================================================
The composite transform comprises the following transforms (in order): 
  1. /project/rrg-glatard/mdugre/datasets/corr/RawDataBIDS/BMB_1/derivatives/vprec-space_search/0011/r8-p10/sub-0003057/rigid_Composite.h5[0] (type = Euler3DTransform)
  2. /project/rrg-glatard/mdugre/datasets/corr/RawDataBIDS/BMB_1/derivatives/vprec-space_search/0011/r8-p10/sub-0003057/rigid_Composite.h5[1] (type = Euler3DTransform)
  3. /project/rrg-glatard/mdugre/datasets/corr/RawDataBIDS/BMB_1/derivatives/vprec-space_search/0011/r8-p10/sub-0003057/rigid_Composite.h5[2] (type = Euler3DTransform)
=============================================================================
  number of levels = 4
  fixed image: /templateflow/tpl-MNI152NLin2009cAsym/tpl-MNI152NLin2009cAsym_res-01_desc-brain_T1w.nii.gz
  moving image: /project/rrg-glatard/mdugre/datasets/corr/RawDataBIDS/BMB_1/derivatives/antsBrainExtraction/sub-0003057/BrainExtractionBrain.nii.gz
Dimension = 3
Number of stages = 1
Use histogram matching = false
Winsorize image intensities = true
  Lower quantile = 0.005
  Upper quantile = 0.995


Stage 1 State
   Image metric = MattesMI
     Fixed image = Image (0x357b300)
  RTTI typeinfo:   itk::Image<double, 3u>
  Reference Count: 2
  Modified Time: 1592
  Debug: Off
  Object Name: 
  Observers: 
    none
  Source: (none)
  Source output name: (none)
  Release Data: Off
  Data Released: False
  Global Release Data: Off
  PipelineMTime: 0
  UpdateMTime: 1203
  RealTimeStamp: 0 seconds 
  LargestPossibleRegion: 
    Dimension: 3
    Index: [0, 0, 0]
    Size: [193, 229, 193]
  BufferedRegion: 
    Dimension: 3
    Index: [0, 0, 0]
    Size: [193, 229, 193]
  RequestedRegion: 
    Dimension: 3
    Index: [0, 0, 0]
    Size: [193, 229, 193]
  Spacing: [1, 1, 1]
  Origin: [96, 132, -78]
  Direction: 
-1 0 0
0 -1 0
0 0 1

  IndexToPointMatrix: 
-1 0 0
0 -1 0
0 0 1

  PointToIndexMatrix: 
-1 0 0
0 -1 0
0 0 1

  Inverse Direction: 
-1 0 0
0 -1 0
0 0 1

  PixelContainer: 
    ImportImageContainer (0x35871b0)
      RTTI typeinfo:   itk::ImportImageContainer<unsigned long, double>
      Reference Count: 1
      Modified Time: 1200
      Debug: Off
      Object Name: 
      Observers: 
        none
      Pointer: 0x154ed2453010
      Container manages memory: true
      Size: 8530021
      Capacity: 8530021

     Moving image = Image (0x3648f60)
  RTTI typeinfo:   itk::Image<double, 3u>
  Reference Count: 2
  Modified Time: 1593
  Debug: Off
  Object Name: 
  Observers: 
    none
  Source: (none)
  Source output name: (none)
  Release Data: Off
  Data Released: False
  Global Release Data: Off
  PipelineMTime: 0
  UpdateMTime: 1590
  RealTimeStamp: 0 seconds 
  LargestPossibleRegion: 
    Dimension: 3
    Index: [0, 0, 0]
    Size: [176, 256, 256]
  BufferedRegion: 
    Dimension: 3
    Index: [0, 0, 0]
    Size: [176, 256, 256]
  RequestedRegion: 
    Dimension: 3
    Index: [0, 0, 0]
    Size: [176, 256, 256]
  Spacing: [1, 1, 1]
  Origin: [-104.438, 92.6875, -133.5]
  Direction: 
1 0 0
0 -1 0
0 0 1

  IndexToPointMatrix: 
1 0 0
0 -1 0
0 0 1

  PointToIndexMatrix: 
1 0 0
0 -1 0
0 0 1

  Inverse Direction: 
1 0 0
0 -1 0
0 0 1

  PixelContainer: 
    ImportImageContainer (0x35fcd30)
      RTTI typeinfo:   itk::ImportImageContainer<unsigned long, double>
      Reference Count: 1
      Modified Time: 1587
      Debug: Off
      Object Name: 
      Observers: 
        none
      Pointer: 0x154eccc52010
      Container manages memory: true
      Size: 11534336
      Capacity: 11534336

     Weighting = 1
     Sampling strategy = regular
     Number of bins = 32
     Radius = 4
     Sampling percentage  = 0.25
   Transform = Affine
     Gradient step = 0.1
     Update field sigma (voxel space) = 0
     Total field sigma (voxel space) = 0
     Update field time sigma = 0
     Total field time sigma  = 0
     Number of time indices = 0
     Number of time point samples = 0
Registration using 1 total stages.

Stage 0
  iterations = 1000x500x250x100
  convergence threshold = 1e-06
  convergence window size = 10
  number of levels = 4
  using the Mattes MI metric (number of bins = 32, weight = 1, use gradient filter = 0)
  preprocessing:  winsorizing the image intensities
  Shrink factors (level 1 out of 4): [8, 8, 8]
  Shrink factors (level 2 out of 4): [4, 4, 4]
  Shrink factors (level 3 out of 4): [2, 2, 2]
  Shrink factors (level 4 out of 4): [1, 1, 1]
  smoothing sigmas per level: [3, 2, 1, 0]
  regular sampling (percentage = 0.25)

*** Running AffineTransform registration ***

DIAGNOSTIC,Iteration,metricValue,convergenceValue,ITERATION_TIME_INDEX,SINCE_LAST
 2DIAGNOSTIC,     1, -5.849716899861e-01, 1.797693134862e+308, 0.0000e+00, 0.0000e+00, 
 2DIAGNOSTIC,     2, -5.875794044229e-01, 1.797693134862e+308, 0.0000e+00, 0.0000e+00, 
 2DIAGNOSTIC,     3, -5.897789141941e-01, 1.797693134862e+308, 0.0000e+00, 0.0000e+00, 
 2DIAGNOSTIC,     4, -5.941686283841e-01, 1.797693134862e+308, 0.0000e+00, 0.0000e+00, 
 2DIAGNOSTIC,     5, -6.031857512450e-01, 1.797693134862e+308, 0.0000e+00, 0.0000e+00, 
 2DIAGNOSTIC,     6, -6.201322533497e-01, 1.797693134862e+308, 0.0000e+00, 0.0000e+00, 
 2DIAGNOSTIC,     7, -6.515640488820e-01, 1.797693134862e+308, 0.0000e+00, 0.0000e+00, 
 2DIAGNOSTIC,     8, -7.051278188316e-01, 1.797693134862e+308, 0.0000e+00, 0.0000e+00, 
 2DIAGNOSTIC,     9, -7.892663952149e-01, 1.797693134862e+308, 0.0000e+00, 0.0000e+00, 
 2DIAGNOSTIC,    10, -8.221931559746e-01, 2.274586307526e-02, 0.0000e+00, 0.0000e+00, 
 2DIAGNOSTIC,    11, -8.258942143866e-01, 2.432787893323e-02, 0.0000e+00, 0.0000e+00, 
 2DIAGNOSTIC,    12, -8.281885769684e-01, 2.364937825088e-02, 0.0000e+00, 0.0000e+00, 
 2DIAGNOSTIC,    13, -8.285950790610e-01, 2.105778788000e-02, 0.0000e+00, 0.0000e+00, 
 2DIAGNOSTIC,    14, -8.292830783253e-01, 1.712489899131e-02, 0.0000e+00, 0.0000e+00, 
 2DIAGNOSTIC,    15, -8.297718482756e-01, 1.250703158608e-02, 0.0000e+00, 0.0000e+00, 
 2DIAGNOSTIC,    16, -8.294810734523e-01, 7.853215781372e-03, 0.0000e+00, 0.0000e+00, 
 2DIAGNOSTIC,    17, -8.299397607877e-01, 3.841833514644e-03, 0.0000e+00, 0.0000e+00, 
 2DIAGNOSTIC,    18, -8.298089774158e-01, 1.093109043060e-03, 0.0000e+00, 0.0000e+00, 
 2DIAGNOSTIC,    19, -8.299324477007e-01, 2.613951930764e-04, 0.0000e+00, 0.0000e+00, 
 2DIAGNOSTIC,    20, -8.298910390058e-01, 1.270143853107e-04, 0.0000e+00, 0.0000e+00, 
 2DIAGNOSTIC,    21, -8.297853660464e-01, 5.946455064035e-05, 0.0000e+00, 0.0000e+00, 
 2DIAGNOSTIC,    22, -8.297558627030e-01, 3.225130227243e-05, 0.0000e+00, 0.0000e+00, 
 2DIAGNOSTIC,    23, -8.297835263825e-01, 1.144592791439e-05, 0.0000e+00, 0.0000e+00, 
 2DIAGNOSTIC,    24, -8.297559844914e-01, 1.581306531530e-06, 0.0000e+00, 0.0000e+00, 
DIAGNOSTIC,Iteration,metricValue,convergenceValue,ITERATION_TIME_INDEX,SINCE_LAST
 2DIAGNOSTIC,     1, -7.057975329328e-01, 1.797693134862e+308, 0.0000e+00, 0.0000e+00, 
 2DIAGNOSTIC,     2, -7.060779701639e-01, 1.797693134862e+308, 0.0000e+00, 0.0000e+00, 
 2DIAGNOSTIC,     3, -7.064651864673e-01, 1.797693134862e+308, 0.0000e+00, 0.0000e+00, 
 2DIAGNOSTIC,     4, -7.068257151216e-01, 1.797693134862e+308, 0.0000e+00, 0.0000e+00, 
 2DIAGNOSTIC,     5, -7.069048859913e-01, 1.797693134862e+308, 0.0000e+00, 0.0000e+00, 
 2DIAGNOSTIC,     6, -7.070610850171e-01, 1.797693134862e+308, 0.0000e+00, 0.0000e+00, 
 2DIAGNOSTIC,     7, -7.071009339202e-01, 1.797693134862e+308, 0.0000e+00, 0.0000e+00, 
 2DIAGNOSTIC,     8, -7.083099227354e-01, 1.797693134862e+308, 0.0000e+00, 0.0000e+00, 
 2DIAGNOSTIC,     9, -7.085493732730e-01, 1.797693134862e+308, 0.0000e+00, 0.0000e+00, 
 2DIAGNOSTIC,    10, -7.094762097641e-01, 2.928666592075e-04, 0.0000e+00, 0.0000e+00, 
 2DIAGNOSTIC,    11, -7.104446835691e-01, 3.239155001215e-04, 0.0000e+00, 0.0000e+00, 
 2DIAGNOSTIC,    12, -7.112915193029e-01, 3.576441087995e-04, 0.0000e+00, 0.0000e+00, 
 2DIAGNOSTIC,    13, -7.117572154757e-01, 3.793766424148e-04, 0.0000e+00, 0.0000e+00, 
 2DIAGNOSTIC,    14, -7.124752718247e-01, 3.944728380353e-04, 0.0000e+00, 0.0000e+00, 
 2DIAGNOSTIC,    15, -7.126876430647e-01, 3.791682191346e-04, 0.0000e+00, 0.0000e+00, 
 2DIAGNOSTIC,    16, -7.131815825006e-01, 3.474291733052e-04, 0.0000e+00, 0.0000e+00, 
 2DIAGNOSTIC,    17, -7.136376272105e-01, 2.982833891501e-04, 0.0000e+00, 0.0000e+00, 
 2DIAGNOSTIC,    18, -7.135797447165e-01, 2.527726406452e-04, 0.0000e+00, 0.0000e+00, 
 2DIAGNOSTIC,    19, -7.136663182097e-01, 1.955163593126e-04, 0.0000e+00, 0.0000e+00, 
 2DIAGNOSTIC,    20, -7.138867355575e-01, 1.485435521600e-04, 0.0000e+00, 0.0000e+00, 
 2DIAGNOSTIC,    21, -7.141891289903e-01, 1.159923994941e-04, 0.0000e+00, 0.0000e+00, 
 2DIAGNOSTIC,    22, -7.142203361375e-01, 9.128290014946e-05, 0.0000e+00, 0.0000e+00, 
 2DIAGNOSTIC,    23, -7.143076709072e-01, 6.973362124855e-05, 0.0000e+00, 0.0000e+00, 
 2DIAGNOSTIC,    24, -7.142431691504e-01, 5.447881680080e-05, 0.0000e+00, 0.0000e+00, 
 2DIAGNOSTIC,    25, -7.142417243268e-01, 3.852888428850e-05, 0.0000e+00, 0.0000e+00, 
 2DIAGNOSTIC,    26, -7.142080624746e-01, 2.698998374100e-05, 0.0000e+00, 0.0000e+00, 
 2DIAGNOSTIC,    27, -7.142166078984e-01, 2.071071563749e-05, 0.0000e+00, 0.0000e+00, 
 2DIAGNOSTIC,    28, -7.143282456483e-01, 1.373835857847e-05, 0.0000e+00, 0.0000e+00, 
 2DIAGNOSTIC,    29, -7.143219778505e-01, 6.989770693397e-06, 0.0000e+00, 0.0000e+00, 
 2DIAGNOSTIC,    30, -7.144521664408e-01, 4.636470685708e-06, 0.0000e+00, 0.0000e+00, 
 2DIAGNOSTIC,    31, -7.143474282882e-01, 4.513784625806e-06, 0.0000e+00, 0.0000e+00, 
 2DIAGNOSTIC,    32, -7.143526951834e-01, 4.435967399109e-06, 0.0000e+00, 0.0000e+00, 
 2DIAGNOSTIC,    33, -7.143535855148e-01, 5.009755406557e-06, 0.0000e+00, 0.0000e+00, 
 2DIAGNOSTIC,    34, -7.143615215992e-01, 4.379117101681e-06, 0.0000e+00, 0.0000e+00, 
 2DIAGNOSTIC,    35, -7.144129977261e-01, 3.948759826206e-06, 0.0000e+00, 0.0000e+00, 
 2DIAGNOSTIC,    36, -7.144152052313e-01, 2.829302482209e-06, 0.0000e+00, 0.0000e+00, 
 2DIAGNOSTIC,    37, -7.144145971672e-01, 1.584049028343e-06, 0.0000e+00, 0.0000e+00, 
 2DIAGNOSTIC,    38, -7.144140999018e-01, 1.430778209337e-06, 0.0000e+00, 0.0000e+00, 
 2DIAGNOSTIC,    39, -7.144137387385e-01, 1.027355705310e-06, 0.0000e+00, 0.0000e+00, 
 2DIAGNOSTIC,    40, -7.144126821352e-01, 1.856237154790e-06, 0.0000e+00, 0.0000e+00, 
 2DIAGNOSTIC,    41, -7.144126821352e-01, 1.445673076160e-06, 0.0000e+00, 0.0000e+00, 
DIAGNOSTIC,Iteration,metricValue,convergenceValue,ITERATION_TIME_INDEX,SINCE_LAST
 2DIAGNOSTIC,     1, -6.062582003049e-01, 1.797693134862e+308, 0.0000e+00, 0.0000e+00, 
 2DIAGNOSTIC,     2, -6.065877885480e-01, 1.797693134862e+308, 0.0000e+00, 0.0000e+00, 
 2DIAGNOSTIC,     3, -6.069414885026e-01, 1.797693134862e+308, 0.0000e+00, 0.0000e+00, 
 2DIAGNOSTIC,     4, -6.072860549095e-01, 1.797693134862e+308, 0.0000e+00, 0.0000e+00, 
 2DIAGNOSTIC,     5, -6.073966770079e-01, 1.797693134862e+308, 0.0000e+00, 0.0000e+00, 
 2DIAGNOSTIC,     6, -6.075840817196e-01, 1.797693134862e+308, 0.0000e+00, 0.0000e+00, 
 2DIAGNOSTIC,     7, -6.076108520422e-01, 1.797693134862e+308, 0.0000e+00, 0.0000e+00, 
 2DIAGNOSTIC,     8, -6.074507105084e-01, 1.797693134862e+308, 0.0000e+00, 0.0000e+00, 
 2DIAGNOSTIC,     9, -6.076115612812e-01, 1.797693134862e+308, 0.0000e+00, 0.0000e+00, 
 2DIAGNOSTIC,    10, -6.076116284387e-01, 1.304917391916e-04, 0.0000e+00, 0.0000e+00, 
 2DIAGNOSTIC,    11, -6.076545399272e-01, 8.128172894931e-05, 0.0000e+00, 0.0000e+00, 
 2DIAGNOSTIC,    12, -6.076911553948e-01, 4.714114238102e-05, 0.0000e+00, 0.0000e+00, 
 2DIAGNOSTIC,    13, -6.076105915121e-01, 2.369175133315e-05, 0.0000e+00, 0.0000e+00, 
 2DIAGNOSTIC,    14, -6.078086473651e-01, 1.960597137350e-05, 0.0000e+00, 0.0000e+00, 
 2DIAGNOSTIC,    15, -6.078379514469e-01, 1.818910357314e-05, 0.0000e+00, 0.0000e+00, 
 2DIAGNOSTIC,    16, -6.078332742466e-01, 2.060416307881e-05, 0.0000e+00, 0.0000e+00, 
 2DIAGNOSTIC,    17, -6.078401353542e-01, 2.203281245171e-05, 0.0000e+00, 0.0000e+00, 
 2DIAGNOSTIC,    18, -6.078424364365e-01, 1.708255000846e-05, 0.0000e+00, 0.0000e+00, 
 2DIAGNOSTIC,    19, -6.078388970540e-01, 1.488961788459e-05, 0.0000e+00, 0.0000e+00, 
 2DIAGNOSTIC,    20, -6.078153894700e-01, 1.091356612980e-05, 0.0000e+00, 0.0000e+00, 
 2DIAGNOSTIC,    21, -6.078167341370e-01, 7.324821866446e-06, 0.0000e+00, 0.0000e+00, 
 2DIAGNOSTIC,    22, -6.078144436918e-01, 4.209234204300e-06, 0.0000e+00, 0.0000e+00, 
DIAGNOSTIC,Iteration,metricValue,convergenceValue,ITERATION_TIME_INDEX,SINCE_LAST
 2DIAGNOSTIC,     1, -5.418654695630e-01, 1.797693134862e+308, 0.0000e+00, 0.0000e+00, 
 2DIAGNOSTIC,     2, -5.420486221732e-01, 1.797693134862e+308, 0.0000e+00, 0.0000e+00, 
 2DIAGNOSTIC,     3, -5.423375462930e-01, 1.797693134862e+308, 0.0000e+00, 0.0000e+00, 
 2DIAGNOSTIC,     4, -5.425535114535e-01, 1.797693134862e+308, 0.0000e+00, 0.0000e+00, 
 2DIAGNOSTIC,     5, -5.427227098558e-01, 1.797693134862e+308, 0.0000e+00, 0.0000e+00, 
 2DIAGNOSTIC,     6, -5.425964038448e-01, 1.797693134862e+308, 0.0000e+00, 0.0000e+00, 
 2DIAGNOSTIC,     7, -5.428021281010e-01, 1.797693134862e+308, 0.0000e+00, 0.0000e+00, 
 2DIAGNOSTIC,     8, -5.431226097428e-01, 1.797693134862e+308, 0.0000e+00, 0.0000e+00, 
 2DIAGNOSTIC,     9, -5.431449411866e-01, 1.797693134862e+308, 0.0000e+00, 0.0000e+00, 
 2DIAGNOSTIC,    10, -5.430537410879e-01, 1.462629506217e-04, 0.0000e+00, 0.0000e+00, 
 2DIAGNOSTIC,    11, -5.430573435410e-01, 1.081018567364e-04, 0.0000e+00, 0.0000e+00, 
 2DIAGNOSTIC,    12, -5.430113045747e-01, 7.224523060732e-05, 0.0000e+00, 0.0000e+00, 
 2DIAGNOSTIC,    13, -5.430299972105e-01, 4.726905052553e-05, 0.0000e+00, 0.0000e+00, 
 2DIAGNOSTIC,    14, -5.430312699834e-01, 2.949601133898e-05, 0.0000e+00, 0.0000e+00, 
 2DIAGNOSTIC,    15, -5.430301020562e-01, 1.769720739907e-05, 0.0000e+00, 0.0000e+00, 
 2DIAGNOSTIC,    16, -5.430290475384e-01, 1.553122010278e-06, 0.0000e+00, 0.0000e+00, 
  Elapsed time (stage 0): 0.0000e+00


Total elapsed time: 0.0000e+00
VFC_BACKENDS=libinterflop_vprec.so --range-binary32=8 --precision-binary32=10 --range-binary64=8 --precision-binary64=10
Info [verificarlo]: loaded backend libinterflop_vprec.so
Info [interflop-vprec]: load backend with: 
Info [interflop-vprec]: precision-binary32 = 10
Info [interflop-vprec]: range-binary32 = 8
Info [interflop-vprec]: precision-binary64 = 10
Info [interflop-vprec]: range-binary64 = 8
Info [interflop-vprec]: mode = ob
Info [interflop-vprec]: error-mode = rel
Info [interflop-vprec]: max-abs-error-exponent = -1022
Info [interflop-vprec]: daz = false
Info [interflop-vprec]: ftz = false
Info [interflop-vprec]: 	instrument = none
Info [interflop-vprec]: 	prec-input-file = (null)
Info [interflop-vprec]: 	prec-output-file = (null)
Info [interflop-vprec]: 	prec-log-file = (null)
All_Command_lines_OK
Using double precision for computations.
=============================================================================
The composite transform comprises the following transforms (in order): 
  1. /project/rrg-glatard/mdugre/datasets/corr/RawDataBIDS/BMB_1/derivatives/vprec-space_search/0011/r8-p10/sub-0003057/affine_Composite.h5[0] (type = Euler3DTransform)
  2. /project/rrg-glatard/mdugre/datasets/corr/RawDataBIDS/BMB_1/derivatives/vprec-space_search/0011/r8-p10/sub-0003057/affine_Composite.h5[1] (type = Euler3DTransform)
  3. /project/rrg-glatard/mdugre/datasets/corr/RawDataBIDS/BMB_1/derivatives/vprec-space_search/0011/r8-p10/sub-0003057/affine_Composite.h5[2] (type = Euler3DTransform)
  4. /project/rrg-glatard/mdugre/datasets/corr/RawDataBIDS/BMB_1/derivatives/vprec-space_search/0011/r8-p10/sub-0003057/affine_Composite.h5[3] (type = AffineTransform)
=============================================================================
  number of levels = 4
  fixed image: /templateflow/tpl-MNI152NLin2009cAsym/tpl-MNI152NLin2009cAsym_res-01_desc-brain_T1w.nii.gz
  moving image: /project/rrg-glatard/mdugre/datasets/corr/RawDataBIDS/BMB_1/derivatives/antsBrainExtraction/sub-0003057/BrainExtractionBrain.nii.gz
Dimension = 3
Number of stages = 1
Use histogram matching = false
Winsorize image intensities = true
  Lower quantile = 0.005
  Upper quantile = 0.995


Stage 1 State
   Image metric = CC
     Fixed image = Image (0x4e7e4c0)
  RTTI typeinfo:   itk::Image<double, 3u>
  Reference Count: 2
  Modified Time: 1606
  Debug: Off
  Object Name: 
  Observers: 
    none
  Source: (none)
  Source output name: (none)
  Release Data: Off
  Data Released: False
  Global Release Data: Off
  PipelineMTime: 0
  UpdateMTime: 1217
  RealTimeStamp: 0 seconds 
  LargestPossibleRegion: 
    Dimension: 3
    Index: [0, 0, 0]
    Size: [193, 229, 193]
  BufferedRegion: 
    Dimension: 3
    Index: [0, 0, 0]
    Size: [193, 229, 193]
  RequestedRegion: 
    Dimension: 3
    Index: [0, 0, 0]
    Size: [193, 229, 193]
  Spacing: [1, 1, 1]
  Origin: [96, 132, -78]
  Direction: 
-1 0 0
0 -1 0
0 0 1

  IndexToPointMatrix: 
-1 0 0
0 -1 0
0 0 1

  PointToIndexMatrix: 
-1 0 0
0 -1 0
0 0 1

  Inverse Direction: 
-1 0 0
0 -1 0
0 0 1

  PixelContainer: 
    ImportImageContainer (0x4f4db10)
      RTTI typeinfo:   itk::ImportImageContainer<unsigned long, double>
      Reference Count: 1
      Modified Time: 1214
      Debug: Off
      Object Name: 
      Observers: 
        none
      Pointer: 0x1512af4ff010
      Container manages memory: true
      Size: 8530021
      Capacity: 8530021

     Moving image = Image (0x4f546f0)
  RTTI typeinfo:   itk::Image<double, 3u>
  Reference Count: 2
  Modified Time: 1607
  Debug: Off
  Object Name: 
  Observers: 
    none
  Source: (none)
  Source output name: (none)
  Release Data: Off
  Data Released: False
  Global Release Data: Off
  PipelineMTime: 0
  UpdateMTime: 1604
  RealTimeStamp: 0 seconds 
  LargestPossibleRegion: 
    Dimension: 3
    Index: [0, 0, 0]
    Size: [176, 256, 256]
  BufferedRegion: 
    Dimension: 3
    Index: [0, 0, 0]
    Size: [176, 256, 256]
  RequestedRegion: 
    Dimension: 3
    Index: [0, 0, 0]
    Size: [176, 256, 256]
  Spacing: [1, 1, 1]
  Origin: [-104.438, 92.6875, -133.5]
  Direction: 
1 0 0
0 -1 0
0 0 1

  IndexToPointMatrix: 
1 0 0
0 -1 0
0 0 1

  PointToIndexMatrix: 
1 0 0
0 -1 0
0 0 1

  Inverse Direction: 
1 0 0
0 -1 0
0 0 1

  PixelContainer: 
    ImportImageContainer (0x4f549b0)
      RTTI typeinfo:   itk::ImportImageContainer<unsigned long, double>
      Reference Count: 1
      Modified Time: 1601
      Debug: Off
      Object Name: 
      Observers: 
        none
      Pointer: 0x1512a9cfe010
      Container manages memory: true
      Size: 11534336
      Capacity: 11534336

     Weighting = 1
     Sampling strategy = none
     Number of bins = 32
     Radius = 4
     Sampling percentage  = 1
   Transform = SyN
     Gradient step = 0.1
     Update field sigma (voxel space) = 3
     Total field sigma (voxel space) = 0
     Update field time sigma = 0
     Total field time sigma  = 0
     Number of time indices = 0
     Number of time point samples = 0
Registration using 1 total stages.

Stage 0
  iterations = 100x70x50x20
  convergence threshold = 1e-06
  convergence window size = 10
  number of levels = 4
  using the CC metric (radius = 4, weight = 1, use gradient filter = 0)
  preprocessing:  winsorizing the image intensities
  Shrink factors (level 1 out of 4): [8, 8, 8]
  Shrink factors (level 2 out of 4): [4, 4, 4]
  Shrink factors (level 3 out of 4): [2, 2, 2]
  Shrink factors (level 4 out of 4): [1, 1, 1]
  smoothing sigmas per level: [3, 2, 1, 0]
  Using default NONE metricSamplingStrategy 

*** Running SyN registration (varianceForUpdateField = 3, varianceForTotalField = 0) ***

XXDIAGNOSTIC,Iteration,metricValue,convergenceValue,ITERATION_TIME_INDEX,SINCE_LAST
 1DIAGNOSTIC,     1, -9.340820312500e-01, 1.797693134862e+308, 0.0000e+00, 0.0000e+00, 
 1DIAGNOSTIC,     2, -9.438476562500e-01, 1.797693134862e+308, 0.0000e+00, 0.0000e+00, 
 1DIAGNOSTIC,     3, -9.501953125000e-01, 1.797693134862e+308, 0.0000e+00, 0.0000e+00, 
 1DIAGNOSTIC,     4, -9.536132812500e-01, 1.797693134862e+308, 0.0000e+00, 0.0000e+00, 
 1DIAGNOSTIC,     5, -9.565429687500e-01, 1.797693134862e+308, 0.0000e+00, 0.0000e+00, 
 1DIAGNOSTIC,     6, -9.604492187500e-01, 1.797693134862e+308, 0.0000e+00, 0.0000e+00, 
 1DIAGNOSTIC,     7, -9.638671875000e-01, 1.797693134862e+308, 0.0000e+00, 0.0000e+00, 
 1DIAGNOSTIC,     8, -9.667968750000e-01, 1.797693134862e+308, 0.0000e+00, 0.0000e+00, 
 1DIAGNOSTIC,     9, -9.692382812500e-01, 1.797693134862e+308, 0.0000e+00, 0.0000e+00, 
 1DIAGNOSTIC,    10, -9.707031250000e-01, 2.254201912036e-03, 0.0000e+00, 0.0000e+00, 
 1DIAGNOSTIC,    11, -9.711914062500e-01, 1.660636443302e-03, 0.0000e+00, 0.0000e+00, 
 1DIAGNOSTIC,    12, -9.721679687500e-01, 1.280344297079e-03, 0.0000e+00, 0.0000e+00, 
 1DIAGNOSTIC,    13, -9.721679687500e-01, 9.867413554939e-04, 0.0000e+00, 0.0000e+00, 
 1DIAGNOSTIC,    14, -9.726562500000e-01, 7.281014291817e-04, 0.0000e+00, 0.0000e+00, 
 1DIAGNOSTIC,    15, -9.726562500000e-01, 4.944913432566e-04, 0.0000e+00, 0.0000e+00, 
 1DIAGNOSTIC,    16, -9.726562500000e-01, 3.165328927410e-04, 0.0000e+00, 0.0000e+00, 
 1DIAGNOSTIC,    17, -9.726562500000e-01, 1.891980996632e-04, 0.0000e+00, 0.0000e+00, 
 1DIAGNOSTIC,    18, -9.731445312500e-01, 1.138633653444e-04, 0.0000e+00, 0.0000e+00, 
 1DIAGNOSTIC,    19, -9.731445312500e-01, 7.319204826825e-05, 0.0000e+00, 0.0000e+00, 
 1DIAGNOSTIC,    20, -9.731445312500e-01, 5.143971399831e-05, 0.0000e+00, 0.0000e+00, 
 1DIAGNOSTIC,    21, -9.736328125000e-01, 4.050570862655e-05, 0.0000e+00, 0.0000e+00, 
 1DIAGNOSTIC,    22, -9.736328125000e-01, 3.973136436285e-05, 0.0000e+00, 0.0000e+00, 
 1DIAGNOSTIC,    23, -9.736328125000e-01, 3.509600684277e-05, 0.0000e+00, 0.0000e+00, 
 1DIAGNOSTIC,    24, -9.736328125000e-01, 3.362246499992e-05, 0.0000e+00, 0.0000e+00, 
 1DIAGNOSTIC,    25, -9.736328125000e-01, 2.918433415044e-05, 0.0000e+00, 0.0000e+00, 
 1DIAGNOSTIC,    26, -9.736328125000e-01, 2.231731340688e-05, 0.0000e+00, 0.0000e+00, 
 1DIAGNOSTIC,    27, -9.736328125000e-01, 1.368921348396e-05, 0.0000e+00, 0.0000e+00, 
 1DIAGNOSTIC,    28, -9.736328125000e-01, 9.597489125102e-06, 0.0000e+00, 0.0000e+00, 
 1DIAGNOSTIC,    29, -9.736328125000e-01, 4.944384082002e-06, 0.0000e+00, 0.0000e+00, 
 1DIAGNOSTIC,    30, -9.736328125000e-01, -2.406514917896e-09, 0.0000e+00, 0.0000e+00, 
XXDIAGNOSTIC,Iteration,metricValue,convergenceValue,ITERATION_TIME_INDEX,SINCE_LAST
 1DIAGNOSTIC,     1, -9.125976562500e-01, 1.797693134862e+308, 0.0000e+00, 0.0000e+00, 
 1DIAGNOSTIC,     2, -9.155273437500e-01, 1.797693134862e+308, 0.0000e+00, 0.0000e+00, 
 1DIAGNOSTIC,     3, -9.189453125000e-01, 1.797693134862e+308, 0.0000e+00, 0.0000e+00, 
 1DIAGNOSTIC,     4, -9.223632812500e-01, 1.797693134862e+308, 0.0000e+00, 0.0000e+00, 
 1DIAGNOSTIC,     5, -9.248046875000e-01, 1.797693134862e+308, 0.0000e+00, 0.0000e+00, 
 1DIAGNOSTIC,     6, -9.267578125000e-01, 1.797693134862e+308, 0.0000e+00, 0.0000e+00, 
 1DIAGNOSTIC,     7, -9.287109375000e-01, 1.797693134862e+308, 0.0000e+00, 0.0000e+00, 
 1DIAGNOSTIC,     8, -9.301757812500e-01, 1.797693134862e+308, 0.0000e+00, 0.0000e+00, 
 1DIAGNOSTIC,     9, -9.316406250000e-01, 1.797693134862e+308, 0.0000e+00, 0.0000e+00, 
 1DIAGNOSTIC,    10, -9.326171875000e-01, 1.391874499161e-03, 0.0000e+00, 0.0000e+00, 
 1DIAGNOSTIC,    11, -9.335937500000e-01, 1.099061895085e-03, 0.0000e+00, 0.0000e+00, 
 1DIAGNOSTIC,    12, -9.345703125000e-01, 8.554209578596e-04, 0.0000e+00, 0.0000e+00, 
 1DIAGNOSTIC,    13, -9.350585937500e-01, 6.627827740674e-04, 0.0000e+00, 0.0000e+00, 
 1DIAGNOSTIC,    14, -9.355468750000e-01, 5.224740634180e-04, 0.0000e+00, 0.0000e+00, 
 1DIAGNOSTIC,    15, -9.360351562500e-01, 4.126368129812e-04, 0.0000e+00, 0.0000e+00, 
 1DIAGNOSTIC,    16, -9.370117187500e-01, 3.341227184977e-04, 0.0000e+00, 0.0000e+00, 
 1DIAGNOSTIC,    17, -9.375000000000e-01, 2.773091330591e-04, 0.0000e+00, 0.0000e+00, 
 1DIAGNOSTIC,    18, -9.379882812500e-01, 2.340567595277e-04, 0.0000e+00, 0.0000e+00, 
 1DIAGNOSTIC,    19, -9.384765625000e-01, 2.050583001975e-04, 0.0000e+00, 0.0000e+00, 
 1DIAGNOSTIC,    20, -9.389648437500e-01, 1.819746113797e-04, 0.0000e+00, 0.0000e+00, 
 1DIAGNOSTIC,    21, -9.394531250000e-01, 1.649530592170e-04, 0.0000e+00, 0.0000e+00, 
 1DIAGNOSTIC,    22, -9.394531250000e-01, 1.474538807149e-04, 0.0000e+00, 0.0000e+00, 
 1DIAGNOSTIC,    23, -9.399414062500e-01, 1.307792024959e-04, 0.0000e+00, 0.0000e+00, 
 1DIAGNOSTIC,    24, -9.399414062500e-01, 1.093006701832e-04, 0.0000e+00, 0.0000e+00, 
 1DIAGNOSTIC,    25, -9.404296875000e-01, 9.095709094158e-05, 0.0000e+00, 0.0000e+00, 
 1DIAGNOSTIC,    26, -9.404296875000e-01, 7.673696896592e-05, 0.0000e+00, 0.0000e+00, 
 1DIAGNOSTIC,    27, -9.409179687500e-01, 6.740047236321e-05, 0.0000e+00, 0.0000e+00, 
 1DIAGNOSTIC,    28, -9.409179687500e-01, 5.752918733941e-05, 0.0000e+00, 0.0000e+00, 
 1DIAGNOSTIC,    29, -9.409179687500e-01, 4.798350758214e-05, 0.0000e+00, 0.0000e+00, 
 1DIAGNOSTIC,    30, -9.409179687500e-01, 3.942757476082e-05, 0.0000e+00, 0.0000e+00, 
 1DIAGNOSTIC,    31, -9.409179687500e-01, 3.251722750865e-05, 0.0000e+00, 0.0000e+00, 
 1DIAGNOSTIC,    32, -9.414062500000e-01, 2.746303232597e-05, 0.0000e+00, 0.0000e+00, 
 1DIAGNOSTIC,    33, -9.414062500000e-01, 2.452457027112e-05, 0.0000e+00, 0.0000e+00, 
 1DIAGNOSTIC,    34, -9.414062500000e-01, 1.943021462374e-05, 0.0000e+00, 0.0000e+00, 
 1DIAGNOSTIC,    35, -9.414062500000e-01, 1.714571454096e-05, 0.0000e+00, 0.0000e+00, 
 1DIAGNOSTIC,    36, -9.414062500000e-01, 1.322565984584e-05, 0.0000e+00, 0.0000e+00, 
 1DIAGNOSTIC,    37, -9.414062500000e-01, 1.220143867438e-05, 0.0000e+00, 0.0000e+00, 
 1DIAGNOSTIC,    38, -9.414062500000e-01, 1.005634874364e-05, 0.0000e+00, 0.0000e+00, 
 1DIAGNOSTIC,    39, -9.414062500000e-01, 7.124709083199e-06, 0.0000e+00, 0.0000e+00, 
 1DIAGNOSTIC,    40, -9.418945312500e-01, 7.415311284318e-06, 0.0000e+00, 0.0000e+00, 
 1DIAGNOSTIC,    41, -9.414062500000e-01, 3.157424767232e-06, 0.0000e+00, 0.0000e+00, 
 1DIAGNOSTIC,    42, -9.418945312500e-01, 6.009271056002e-06, 0.0000e+00, 0.0000e+00, 
 1DIAGNOSTIC,    43, -9.418945312500e-01, 8.066709861820e-06, 0.0000e+00, 0.0000e+00, 
 1DIAGNOSTIC,    44, -9.418945312500e-01, 9.235017477342e-06, 0.0000e+00, 0.0000e+00, 
 1DIAGNOSTIC,    45, -9.418945312500e-01, 9.474248796798e-06, 0.0000e+00, 0.0000e+00, 
 1DIAGNOSTIC,    46, -9.418945312500e-01, 8.831164595029e-06, 0.0000e+00, 0.0000e+00, 
 1DIAGNOSTIC,    47, -9.418945312500e-01, 7.376282053599e-06, 0.0000e+00, 0.0000e+00, 
 1DIAGNOSTIC,    48, -9.418945312500e-01, 5.253935027375e-06, 0.0000e+00, 0.0000e+00, 
 1DIAGNOSTIC,    49, -9.418945312500e-01, 2.639118712771e-06, 0.0000e+00, 0.0000e+00, 
 1DIAGNOSTIC,    50, -9.418945312500e-01, 2.961484107125e-06, 0.0000e+00, 0.0000e+00, 
 1DIAGNOSTIC,    51, -9.418945312500e-01, -1.414343978740e-09, 0.0000e+00, 0.0000e+00, 
XXDIAGNOSTIC,Iteration,metricValue,convergenceValue,ITERATION_TIME_INDEX,SINCE_LAST
 1DIAGNOSTIC,     1, -8.969726562500e-01, 1.797693134862e+308, 0.0000e+00, 0.0000e+00, 
 1DIAGNOSTIC,     2, -8.999023437500e-01, 1.797693134862e+308, 0.0000e+00, 0.0000e+00, 
 1DIAGNOSTIC,     3, -9.018554687500e-01, 1.797693134862e+308, 0.0000e+00, 0.0000e+00, 
 1DIAGNOSTIC,     4, -9.042968750000e-01, 1.797693134862e+308, 0.0000e+00, 0.0000e+00, 
 1DIAGNOSTIC,     5, -9.057617187500e-01, 1.797693134862e+308, 0.0000e+00, 0.0000e+00, 
 1DIAGNOSTIC,     6, -9.077148437500e-01, 1.797693134862e+308, 0.0000e+00, 0.0000e+00, 
 1DIAGNOSTIC,     7, -9.086914062500e-01, 1.797693134862e+308, 0.0000e+00, 0.0000e+00, 
 1DIAGNOSTIC,     8, -9.101562500000e-01, 1.797693134862e+308, 0.0000e+00, 0.0000e+00, 
 1DIAGNOSTIC,     9, -9.111328125000e-01, 1.797693134862e+308, 0.0000e+00, 0.0000e+00, 
 1DIAGNOSTIC,    10, -9.121093750000e-01, 1.040186502314e-03, 0.0000e+00, 0.0000e+00, 
 1DIAGNOSTIC,    11, -9.130859375000e-01, 8.310096445037e-04, 0.0000e+00, 0.0000e+00, 
 1DIAGNOSTIC,    12, -9.140625000000e-01, 6.835840180243e-04, 0.0000e+00, 0.0000e+00, 
 1DIAGNOSTIC,    13, -9.145507812500e-01, 5.548121503876e-04, 0.0000e+00, 0.0000e+00, 
 1DIAGNOSTIC,    14, -9.150390625000e-01, 4.593637561088e-04, 0.0000e+00, 0.0000e+00, 
 1DIAGNOSTIC,    15, -9.155273437500e-01, 3.747654879375e-04, 0.0000e+00, 0.0000e+00, 
 1DIAGNOSTIC,    16, -9.160156250000e-01, 3.138068224658e-04, 0.0000e+00, 0.0000e+00, 
 1DIAGNOSTIC,    17, -9.165039062500e-01, 2.574382857147e-04, 0.0000e+00, 0.0000e+00, 
 1DIAGNOSTIC,    18, -9.169921875000e-01, 2.172483948632e-04, 0.0000e+00, 0.0000e+00, 
 1DIAGNOSTIC,    19, -9.174804687500e-01, 1.850581986994e-04, 0.0000e+00, 0.0000e+00, 
 1DIAGNOSTIC,    20, -9.179687500000e-01, 1.614586143470e-04, 0.0000e+00, 0.0000e+00, 
 1DIAGNOSTIC,    21, -9.179687500000e-01, 1.392043192618e-04, 0.0000e+00, 0.0000e+00, 
 1DIAGNOSTIC,    22, -9.184570312500e-01, 1.267835749156e-04, 0.0000e+00, 0.0000e+00, 
 1DIAGNOSTIC,    23, -9.189453125000e-01, 1.165791412705e-04, 0.0000e+00, 0.0000e+00, 
 1DIAGNOSTIC,    24, -9.194335937500e-01, 1.087244929014e-04, 0.0000e+00, 0.0000e+00, 
 1DIAGNOSTIC,    25, -9.194335937500e-01, 9.724923057580e-05, 0.0000e+00, 0.0000e+00, 
 1DIAGNOSTIC,    26, -9.199218750000e-01, 8.934010493472e-05, 0.0000e+00, 0.0000e+00, 
 1DIAGNOSTIC,    27, -9.199218750000e-01, 7.904720359252e-05, 0.0000e+00, 0.0000e+00, 
 1DIAGNOSTIC,    28, -9.199218750000e-01, 6.731502299061e-05, 0.0000e+00, 0.0000e+00, 
 1DIAGNOSTIC,    29, -9.204101562500e-01, 6.042802046315e-05, 0.0000e+00, 0.0000e+00, 
 1DIAGNOSTIC,    30, -9.204101562500e-01, 5.331844930785e-05, 0.0000e+00, 0.0000e+00, 
 1DIAGNOSTIC,    31, -9.204101562500e-01, 4.159732220822e-05, 0.0000e+00, 0.0000e+00, 
 1DIAGNOSTIC,    32, -9.208984375000e-01, 3.614409544090e-05, 0.0000e+00, 0.0000e+00, 
 1DIAGNOSTIC,    33, -9.208984375000e-01, 3.198887195481e-05, 0.0000e+00, 0.0000e+00, 
 1DIAGNOSTIC,    34, -9.208984375000e-01, 2.953930824226e-05, 0.0000e+00, 0.0000e+00, 
 1DIAGNOSTIC,    35, -9.208984375000e-01, 2.435417529573e-05, 0.0000e+00, 0.0000e+00, 
 1DIAGNOSTIC,    36, -9.208984375000e-01, 2.141113250063e-05, 0.0000e+00, 0.0000e+00, 
 1DIAGNOSTIC,    37, -9.208984375000e-01, 1.656960171696e-05, 0.0000e+00, 0.0000e+00, 
 1DIAGNOSTIC,    38, -9.208984375000e-01, 1.027778208897e-05, 0.0000e+00, 0.0000e+00, 
 1DIAGNOSTIC,    39, -9.213867187500e-01, 1.116957143331e-05, 0.0000e+00, 0.0000e+00, 
 1DIAGNOSTIC,    40, -9.213867187500e-01, 1.088853729661e-05, 0.0000e+00, 0.0000e+00, 
 1DIAGNOSTIC,    41, -9.213867187500e-01, 9.521034027092e-06, 0.0000e+00, 0.0000e+00, 
 1DIAGNOSTIC,    42, -9.213867187500e-01, 1.097656149509e-05, 0.0000e+00, 0.0000e+00, 
 1DIAGNOSTIC,    43, -9.213867187500e-01, 1.130347548487e-05, 0.0000e+00, 0.0000e+00, 
 1DIAGNOSTIC,    44, -9.213867187500e-01, 1.047471339887e-05, 0.0000e+00, 0.0000e+00, 
 1DIAGNOSTIC,    45, -9.213867187500e-01, 8.669888310837e-06, 0.0000e+00, 0.0000e+00, 
 1DIAGNOSTIC,    46, -9.213867187500e-01, 6.167298478885e-06, 0.0000e+00, 0.0000e+00, 
 1DIAGNOSTIC,    47, -9.213867187500e-01, 3.221080821562e-06, 0.0000e+00, 0.0000e+00, 
 1DIAGNOSTIC,    48, -9.213867187500e-01, -1.502917436336e-09, 0.0000e+00, 0.0000e+00, 
XXDIAGNOSTIC,Iteration,metricValue,convergenceValue,ITERATION_TIME_INDEX,SINCE_LAST
 1DIAGNOSTIC,     1, -8.774414062500e-01, 1.797693134862e+308, 0.0000e+00, 0.0000e+00, 
 1DIAGNOSTIC,     2, -8.789062500000e-01, 1.797693134862e+308, 0.0000e+00, 0.0000e+00, 
 1DIAGNOSTIC,     3, -8.803710937500e-01, 1.797693134862e+308, 0.0000e+00, 0.0000e+00, 
 1DIAGNOSTIC,     4, -8.813476562500e-01, 1.797693134862e+308, 0.0000e+00, 0.0000e+00, 
 1DIAGNOSTIC,     5, -8.828125000000e-01, 1.797693134862e+308, 0.0000e+00, 0.0000e+00, 
 1DIAGNOSTIC,     6, -8.837890625000e-01, 1.797693134862e+308, 0.0000e+00, 0.0000e+00, 
 1DIAGNOSTIC,     7, -8.847656250000e-01, 1.797693134862e+308, 0.0000e+00, 0.0000e+00, 
 1DIAGNOSTIC,     8, -8.857421875000e-01, 1.797693134862e+308, 0.0000e+00, 0.0000e+00, 
 1DIAGNOSTIC,     9, -8.867187500000e-01, 1.797693134862e+308, 0.0000e+00, 0.0000e+00, 
 1DIAGNOSTIC,    10, -8.872070312500e-01, 7.120701608350e-04, 0.0000e+00, 0.0000e+00, 
 1DIAGNOSTIC,    11, -8.881835937500e-01, 6.010901749615e-04, 0.0000e+00, 0.0000e+00, 
 1DIAGNOSTIC,    12, -8.886718750000e-01, 5.061670250907e-04, 0.0000e+00, 0.0000e+00, 
 1DIAGNOSTIC,    13, -8.891601562500e-01, 4.282175221522e-04, 0.0000e+00, 0.0000e+00, 
 1DIAGNOSTIC,    14, -8.896484375000e-01, 3.555274453091e-04, 0.0000e+00, 0.0000e+00, 
 1DIAGNOSTIC,    15, -8.901367187500e-01, 3.016110009210e-04, 0.0000e+00, 0.0000e+00, 
 1DIAGNOSTIC,    16, -8.906250000000e-01, 2.557876939706e-04, 0.0000e+00, 0.0000e+00, 
 1DIAGNOSTIC,    17, -8.911132812500e-01, 2.190796178820e-04, 0.0000e+00, 0.0000e+00, 
 1DIAGNOSTIC,    18, -8.916015625000e-01, 1.920157452186e-04, 0.0000e+00, 0.0000e+00, 
 1DIAGNOSTIC,    19, -8.920898437500e-01, 1.746463762331e-04, 0.0000e+00, 0.0000e+00, 
 1DIAGNOSTIC,    20, -8.920898437500e-01, 1.502055363385e-04, 0.0000e+00, 0.0000e+00, 
  Elapsed time (stage 0): 0


Total elapsed time: 0
