
##########################
# Experiment information #
##########################
SIF_IMG: /project/rrg-glatard/mdugre/containers/ants-p2-vprec.sif
EXPERIMENT_NAME: vprec-space_search
CONFIG: 0011
VFC_BACKENDS: libinterflop_vprec.so --range-binary32=8 --precision-binary32=21 --range-binary64=8 --precision-binary64=21

FIXED_IMG: /templateflow/tpl-MNI152NLin2009cAsym/tpl-MNI152NLin2009cAsym_res-01_desc-brain_T1w.nii.gz
SUBJECT_ID: 0003018
INPUT_IMG: /project/rrg-glatard/mdugre/datasets/corr/RawDataBIDS/BMB_1/derivatives/antsBrainExtraction/sub-0003018/BrainExtractionBrain.nii.gz
OUTPUT_DIR: /project/rrg-glatard/mdugre/datasets/corr/RawDataBIDS/BMB_1/derivatives/vprec-space_search/0011/r8-p21/sub-0003018

ITK_GLOBAL_DEFAULT_NUMBER_OF_THREADS: 8
##########################

VFC_BACKENDS=libinterflop_ieee.so
Info [verificarlo]: loaded backend libinterflop_ieee.so
Info [interflop-ieee]: load backend with:
Info [interflop-ieee]: debug = false
Info [interflop-ieee]: debug-binary = false
Info [interflop-ieee]: no-backend-name = false
Info [interflop-ieee]: print-new-line = false
Info [interflop-ieee]: print-subnormal-normalized = false
Info [interflop-ieee]: count-op = false
All_Command_lines_OK
Using double precision for computations.
=============================================================================
The composite transform comprises the following transforms (in order): 
  1. Center of mass alignment using fixed image: /templateflow/tpl-MNI152NLin2009cAsym/tpl-MNI152NLin2009cAsym_res-01_desc-brain_T1w.nii.gz and moving image: /project/rrg-glatard/mdugre/datasets/corr/RawDataBIDS/BMB_1/derivatives/antsBrainExtraction/sub-0003018/BrainExtractionBrain.nii.gz (type = Euler3DTransform)
=============================================================================
  number of levels = 1
  fixed image: /templateflow/tpl-MNI152NLin2009cAsym/tpl-MNI152NLin2009cAsym_res-01_desc-brain_T1w.nii.gz
  moving image: /project/rrg-glatard/mdugre/datasets/corr/RawDataBIDS/BMB_1/derivatives/antsBrainExtraction/sub-0003018/BrainExtractionBrain.nii.gz
Dimension = 3
Number of stages = 1
Use histogram matching = false
Winsorize image intensities = true
  Lower quantile = 0.005
  Upper quantile = 0.995


Stage 1 State
   Image metric = MattesMI
     Fixed image = Image (0x3b7c390)
  RTTI typeinfo:   itk::Image<double, 3u>
  Reference Count: 2
  Modified Time: 2330
  Debug: Off
  Object Name: 
  Observers: 
    none
  Source: (none)
  Source output name: (none)
  Release Data: Off
  Data Released: False
  Global Release Data: Off
  PipelineMTime: 0
  UpdateMTime: 1941
  RealTimeStamp: 0 seconds 
  LargestPossibleRegion: 
    Dimension: 3
    Index: [0, 0, 0]
    Size: [193, 229, 193]
  BufferedRegion: 
    Dimension: 3
    Index: [0, 0, 0]
    Size: [193, 229, 193]
  RequestedRegion: 
    Dimension: 3
    Index: [0, 0, 0]
    Size: [193, 229, 193]
  Spacing: [1, 1, 1]
  Origin: [96, 132, -78]
  Direction: 
-1 0 0
0 -1 0
0 0 1

  IndexToPointMatrix: 
-1 0 0
0 -1 0
0 0 1

  PointToIndexMatrix: 
-1 0 0
0 -1 0
0 0 1

  Inverse Direction: 
-1 0 0
0 -1 0
0 0 1

  PixelContainer: 
    ImportImageContainer (0x3c47a90)
      RTTI typeinfo:   itk::ImportImageContainer<unsigned long, double>
      Reference Count: 1
      Modified Time: 1938
      Debug: Off
      Object Name: 
      Observers: 
        none
      Pointer: 0x14608c612010
      Container manages memory: true
      Size: 8530021
      Capacity: 8530021

     Moving image = Image (0x3b81390)
  RTTI typeinfo:   itk::Image<double, 3u>
  Reference Count: 2
  Modified Time: 2331
  Debug: Off
  Object Name: 
  Observers: 
    none
  Source: (none)
  Source output name: (none)
  Release Data: Off
  Data Released: False
  Global Release Data: Off
  PipelineMTime: 0
  UpdateMTime: 2328
  RealTimeStamp: 0 seconds 
  LargestPossibleRegion: 
    Dimension: 3
    Index: [0, 0, 0]
    Size: [176, 256, 256]
  BufferedRegion: 
    Dimension: 3
    Index: [0, 0, 0]
    Size: [176, 256, 256]
  RequestedRegion: 
    Dimension: 3
    Index: [0, 0, 0]
    Size: [176, 256, 256]
  Spacing: [1, 1, 1]
  Origin: [-81.0537, 96.2771, -123.827]
  Direction: 
1 0 0
0 -1 0
0 0 1

  IndexToPointMatrix: 
1 0 0
0 -1 0
0 0 1

  PointToIndexMatrix: 
1 0 0
0 -1 0
0 0 1

  Inverse Direction: 
1 0 0
0 -1 0
0 0 1

  PixelContainer: 
    ImportImageContainer (0x3d27b90)
      RTTI typeinfo:   itk::ImportImageContainer<unsigned long, double>
      Reference Count: 1
      Modified Time: 2325
      Debug: Off
      Object Name: 
      Observers: 
        none
      Pointer: 0x146086e11010
      Container manages memory: true
      Size: 11534336
      Capacity: 11534336

     Weighting = 1
     Sampling strategy = regular
     Number of bins = 32
     Radius = 4
     Sampling percentage  = 0.25
   Transform = Rigid
     Gradient step = 0.1
     Update field sigma (voxel space) = 0
     Total field sigma (voxel space) = 0
     Update field time sigma = 0
     Total field time sigma  = 0
     Number of time indices = 0
     Number of time point samples = 0
Registration using 1 total stages.

Stage 0
  iterations = 0
  convergence threshold = 1e-06
  convergence window size = 10
  number of levels = 1
  using the Mattes MI metric (number of bins = 32, weight = 1, use gradient filter = 0)
  preprocessing:  winsorizing the image intensities
  Shrink factors (level 1 out of 1): [1, 1, 1]
  smoothing sigmas per level: [0]
  regular sampling (percentage = 0.25)

*** Running Euler3DTransform registration ***

  Elapsed time (stage 0): 0.944136


Total elapsed time: 0.945642
VFC_BACKENDS=libinterflop_ieee.so
Info [verificarlo]: loaded backend libinterflop_ieee.so
Info [interflop-ieee]: load backend with:
Info [interflop-ieee]: debug = false
Info [interflop-ieee]: debug-binary = false
Info [interflop-ieee]: no-backend-name = false
Info [interflop-ieee]: print-new-line = false
Info [interflop-ieee]: print-subnormal-normalized = false
Info [interflop-ieee]: count-op = false
All_Command_lines_OK
Using double precision for computations.
=============================================================================
The composite transform comprises the following transforms (in order): 
  1. /project/rrg-glatard/mdugre/datasets/corr/RawDataBIDS/BMB_1/derivatives/vprec-space_search/0011/r8-p21/sub-0003018/align_Composite.h5[0] (type = Euler3DTransform)
  2. /project/rrg-glatard/mdugre/datasets/corr/RawDataBIDS/BMB_1/derivatives/vprec-space_search/0011/r8-p21/sub-0003018/align_Composite.h5[1] (type = Euler3DTransform)
=============================================================================
  number of levels = 4
  fixed image: /templateflow/tpl-MNI152NLin2009cAsym/tpl-MNI152NLin2009cAsym_res-01_desc-brain_T1w.nii.gz
  moving image: /project/rrg-glatard/mdugre/datasets/corr/RawDataBIDS/BMB_1/derivatives/antsBrainExtraction/sub-0003018/BrainExtractionBrain.nii.gz
Dimension = 3
Number of stages = 1
Use histogram matching = false
Winsorize image intensities = true
  Lower quantile = 0.005
  Upper quantile = 0.995


Stage 1 State
   Image metric = MattesMI
     Fixed image = Image (0x4890650)
  RTTI typeinfo:   itk::Image<double, 3u>
  Reference Count: 2
  Modified Time: 1578
  Debug: Off
  Object Name: 
  Observers: 
    none
  Source: (none)
  Source output name: (none)
  Release Data: Off
  Data Released: False
  Global Release Data: Off
  PipelineMTime: 0
  UpdateMTime: 1189
  RealTimeStamp: 0 seconds 
  LargestPossibleRegion: 
    Dimension: 3
    Index: [0, 0, 0]
    Size: [193, 229, 193]
  BufferedRegion: 
    Dimension: 3
    Index: [0, 0, 0]
    Size: [193, 229, 193]
  RequestedRegion: 
    Dimension: 3
    Index: [0, 0, 0]
    Size: [193, 229, 193]
  Spacing: [1, 1, 1]
  Origin: [96, 132, -78]
  Direction: 
-1 0 0
0 -1 0
0 0 1

  IndexToPointMatrix: 
-1 0 0
0 -1 0
0 0 1

  PointToIndexMatrix: 
-1 0 0
0 -1 0
0 0 1

  Inverse Direction: 
-1 0 0
0 -1 0
0 0 1

  PixelContainer: 
    ImportImageContainer (0x494e420)
      RTTI typeinfo:   itk::ImportImageContainer<unsigned long, double>
      Reference Count: 1
      Modified Time: 1186
      Debug: Off
      Object Name: 
      Observers: 
        none
      Pointer: 0x14c5066d5010
      Container manages memory: true
      Size: 8530021
      Capacity: 8530021

     Moving image = Image (0x494b520)
  RTTI typeinfo:   itk::Image<double, 3u>
  Reference Count: 2
  Modified Time: 1579
  Debug: Off
  Object Name: 
  Observers: 
    none
  Source: (none)
  Source output name: (none)
  Release Data: Off
  Data Released: False
  Global Release Data: Off
  PipelineMTime: 0
  UpdateMTime: 1576
  RealTimeStamp: 0 seconds 
  LargestPossibleRegion: 
    Dimension: 3
    Index: [0, 0, 0]
    Size: [176, 256, 256]
  BufferedRegion: 
    Dimension: 3
    Index: [0, 0, 0]
    Size: [176, 256, 256]
  RequestedRegion: 
    Dimension: 3
    Index: [0, 0, 0]
    Size: [176, 256, 256]
  Spacing: [1, 1, 1]
  Origin: [-81.0537, 96.2771, -123.827]
  Direction: 
1 0 0
0 -1 0
0 0 1

  IndexToPointMatrix: 
1 0 0
0 -1 0
0 0 1

  PointToIndexMatrix: 
1 0 0
0 -1 0
0 0 1

  Inverse Direction: 
1 0 0
0 -1 0
0 0 1

  PixelContainer: 
    ImportImageContainer (0x4978f10)
      RTTI typeinfo:   itk::ImportImageContainer<unsigned long, double>
      Reference Count: 1
      Modified Time: 1573
      Debug: Off
      Object Name: 
      Observers: 
        none
      Pointer: 0x14c500ed4010
      Container manages memory: true
      Size: 11534336
      Capacity: 11534336

     Weighting = 1
     Sampling strategy = regular
     Number of bins = 32
     Radius = 4
     Sampling percentage  = 0.25
   Transform = Rigid
     Gradient step = 0.1
     Update field sigma (voxel space) = 0
     Total field sigma (voxel space) = 0
     Update field time sigma = 0
     Total field time sigma  = 0
     Number of time indices = 0
     Number of time point samples = 0
Registration using 1 total stages.

Stage 0
  iterations = 1000x500x250x100
  convergence threshold = 1e-06
  convergence window size = 10
  number of levels = 4
  using the Mattes MI metric (number of bins = 32, weight = 1, use gradient filter = 0)
  preprocessing:  winsorizing the image intensities
  Shrink factors (level 1 out of 4): [8, 8, 8]
  Shrink factors (level 2 out of 4): [4, 4, 4]
  Shrink factors (level 3 out of 4): [2, 2, 2]
  Shrink factors (level 4 out of 4): [1, 1, 1]
  smoothing sigmas per level: [3, 2, 1, 0]
  regular sampling (percentage = 0.25)

*** Running Euler3DTransform registration ***

DIAGNOSTIC,Iteration,metricValue,convergenceValue,ITERATION_TIME_INDEX,SINCE_LAST
 2DIAGNOSTIC,     1, -5.331946080202e-01, 1.797693134862e+308, 1.2272e+00, 1.2272e+00, 
 2DIAGNOSTIC,     2, -5.344114178351e-01, 1.797693134862e+308, 1.2320e+00, 4.8590e-03, 
 2DIAGNOSTIC,     3, -5.367108609508e-01, 1.797693134862e+308, 1.2369e+00, 4.8571e-03, 
 2DIAGNOSTIC,     4, -5.387455454517e-01, 1.797693134862e+308, 1.2420e+00, 5.1291e-03, 
 2DIAGNOSTIC,     5, -5.405905860459e-01, 1.797693134862e+308, 1.2479e+00, 5.8391e-03, 
 2DIAGNOSTIC,     6, -5.483168442413e-01, 1.797693134862e+308, 1.2540e+00, 6.1369e-03, 
 2DIAGNOSTIC,     7, -5.678376492203e-01, 1.797693134862e+308, 1.2617e+00, 7.6699e-03, 
 2DIAGNOSTIC,     8, -5.676964517535e-01, 1.797693134862e+308, 1.2665e+00, 4.8869e-03, 
 2DIAGNOSTIC,     9, -5.689600673424e-01, 1.797693134862e+308, 1.2719e+00, 5.3999e-03, 
 2DIAGNOSTIC,    10, -5.723592902246e-01, 5.469802782752e-03, 1.2789e+00, 6.9370e-03, 
 2DIAGNOSTIC,    11, -5.735733018142e-01, 5.021275923035e-03, 1.2855e+00, 6.6328e-03, 
 2DIAGNOSTIC,    12, -5.741623554726e-01, 4.263606350846e-03, 1.2904e+00, 4.8821e-03, 
 2DIAGNOSTIC,    13, -5.749990810516e-01, 3.368104798843e-03, 1.2952e+00, 4.7970e-03, 
 2DIAGNOSTIC,    14, -5.762155570836e-01, 2.429489489005e-03, 1.2999e+00, 4.6830e-03, 
 2DIAGNOSTIC,    15, -5.800855759068e-01, 1.589412187107e-03, 1.3085e+00, 8.5812e-03, 
 2DIAGNOSTIC,    16, -5.804502747345e-01, 9.483015763397e-04, 1.3139e+00, 5.4760e-03, 
 2DIAGNOSTIC,    17, -5.804806036361e-01, 8.834890657786e-04, 1.3188e+00, 4.8661e-03, 
 2DIAGNOSTIC,    18, -5.805277169059e-01, 7.441443011376e-04, 1.3238e+00, 4.9760e-03, 
 2DIAGNOSTIC,    19, -5.804378681511e-01, 5.795580065207e-04, 1.3295e+00, 5.7509e-03, 
 2DIAGNOSTIC,    20, -5.805389790549e-01, 4.643346088362e-04, 1.3364e+00, 6.8429e-03, 
 2DIAGNOSTIC,    21, -5.805013946293e-01, 3.452394863952e-04, 1.3423e+00, 5.8990e-03, 
 2DIAGNOSTIC,    22, -5.803649548122e-01, 2.167325378033e-04, 1.3479e+00, 5.6689e-03, 
 2DIAGNOSTIC,    23, -5.804280036520e-01, 9.966316646856e-05, 1.3535e+00, 5.5342e-03, 
 2DIAGNOSTIC,    24, -5.804446755253e-01, 6.844697557504e-06, 1.3583e+00, 4.8261e-03, 
 2DIAGNOSTIC,    25, -5.807317596092e-01, 4.100826854848e-06, 1.3638e+00, 5.4970e-03, 
 2DIAGNOSTIC,    26, -5.810291497935e-01, 1.389271114146e-05, 1.3691e+00, 5.3291e-03, 
 2DIAGNOSTIC,    27, -5.822628996924e-01, 4.508450758146e-05, 1.3740e+00, 4.8440e-03, 
 2DIAGNOSTIC,    28, -5.827549274649e-01, 7.903704984978e-05, 1.3812e+00, 7.2610e-03, 
 2DIAGNOSTIC,    29, -5.831954526002e-01, 1.092483814646e-04, 1.3888e+00, 7.6141e-03, 
 2DIAGNOSTIC,    30, -5.832690754894e-01, 1.302172703769e-04, 1.3949e+00, 6.0179e-03, 
 2DIAGNOSTIC,    31, -5.832248463562e-01, 1.363615370693e-04, 1.4000e+00, 5.0991e-03, 
 2DIAGNOSTIC,    32, -5.832120104203e-01, 1.268016655616e-04, 1.4055e+00, 5.5230e-03, 
 2DIAGNOSTIC,    33, -5.831978600022e-01, 1.065607636593e-04, 1.4115e+00, 6.0151e-03, 
 2DIAGNOSTIC,    34, -5.831738145452e-01, 7.748920879085e-05, 1.4170e+00, 5.4772e-03, 
 2DIAGNOSTIC,    35, -5.831942510999e-01, 4.737797305396e-05, 1.4228e+00, 5.8060e-03, 
 2DIAGNOSTIC,    36, -5.832670376768e-01, 1.934697705116e-05, 1.4284e+00, 5.5900e-03, 
 2DIAGNOSTIC,    37, -5.832287917666e-01, 7.015005810448e-06, 1.4340e+00, 5.6241e-03, 
DIAGNOSTIC,Iteration,metricValue,convergenceValue,ITERATION_TIME_INDEX,SINCE_LAST
 2DIAGNOSTIC,     1, -4.718718553966e-01, 1.797693134862e+308, 2.7960e+00, 1.3620e+00, 
 2DIAGNOSTIC,     2, -4.722695693957e-01, 1.797693134862e+308, 2.8337e+00, 3.7712e-02, 
 2DIAGNOSTIC,     3, -4.731207851670e-01, 1.797693134862e+308, 2.8718e+00, 3.8031e-02, 
 2DIAGNOSTIC,     4, -4.737891103107e-01, 1.797693134862e+308, 2.9105e+00, 3.8778e-02, 
 2DIAGNOSTIC,     5, -4.743706083563e-01, 1.797693134862e+308, 2.9495e+00, 3.8969e-02, 
 2DIAGNOSTIC,     6, -4.755890077302e-01, 1.797693134862e+308, 2.9935e+00, 4.3983e-02, 
 2DIAGNOSTIC,     7, -4.780837295415e-01, 1.797693134862e+308, 3.0366e+00, 4.3096e-02, 
 2DIAGNOSTIC,     8, -4.805650019845e-01, 1.797693134862e+308, 3.0802e+00, 4.3635e-02, 
 2DIAGNOSTIC,     9, -4.822282961981e-01, 1.797693134862e+308, 3.1285e+00, 4.8262e-02, 
 2DIAGNOSTIC,    10, -4.846212261429e-01, 1.725323023912e-03, 3.1679e+00, 3.9446e-02, 
 2DIAGNOSTIC,    11, -4.865162808475e-01, 1.816605790280e-03, 3.2108e+00, 4.2849e-02, 
 2DIAGNOSTIC,    12, -4.866576968107e-01, 1.753672082714e-03, 3.2542e+00, 4.3413e-02, 
 2DIAGNOSTIC,    13, -4.867724666682e-01, 1.587120292567e-03, 3.2975e+00, 4.3269e-02, 
 2DIAGNOSTIC,    14, -4.868700630685e-01, 1.334280710995e-03, 3.3731e+00, 7.5614e-02, 
 2DIAGNOSTIC,    15, -4.869183738298e-01, 1.018329748335e-03, 3.4249e+00, 5.1838e-02, 
 2DIAGNOSTIC,    16, -4.869123402864e-01, 6.921185438183e-04, 3.4718e+00, 4.6930e-02, 
 2DIAGNOSTIC,    17, -4.869052049001e-01, 4.270981937158e-04, 3.5106e+00, 3.8778e-02, 
 2DIAGNOSTIC,    18, -4.868905029415e-01, 2.338967530459e-04, 3.5534e+00, 4.2793e-02, 
 2DIAGNOSTIC,    19, -4.868918769036e-01, 9.007148125954e-05, 3.5918e+00, 3.8427e-02, 
 2DIAGNOSTIC,    20, -4.868772952999e-01, 2.119082149930e-05, 3.6351e+00, 4.3245e-02, 
 2DIAGNOSTIC,    21, -4.868804869283e-01, 1.038909921883e-05, 3.6786e+00, 4.3512e-02, 
 2DIAGNOSTIC,    22, -4.868757841335e-01, 3.377998512674e-06, 3.7172e+00, 3.8577e-02, 
DIAGNOSTIC,Iteration,metricValue,convergenceValue,ITERATION_TIME_INDEX,SINCE_LAST
 2DIAGNOSTIC,     1, -4.255255542250e-01, 1.797693134862e+308, 5.3709e+00, 1.6537e+00, 
 2DIAGNOSTIC,     2, -4.257083059307e-01, 1.797693134862e+308, 5.6851e+00, 3.1422e-01, 
 2DIAGNOSTIC,     3, -4.258776272972e-01, 1.797693134862e+308, 6.0427e+00, 3.5755e-01, 
 2DIAGNOSTIC,     4, -4.259159898319e-01, 1.797693134862e+308, 6.4000e+00, 3.5732e-01, 
 2DIAGNOSTIC,     5, -4.259271603262e-01, 1.797693134862e+308, 6.7159e+00, 3.1590e-01, 
 2DIAGNOSTIC,     6, -4.259647145872e-01, 1.797693134862e+308, 7.0316e+00, 3.1574e-01, 
 2DIAGNOSTIC,     7, -4.260733125362e-01, 1.797693134862e+308, 7.3504e+00, 3.1880e-01, 
 2DIAGNOSTIC,     8, -4.263213200573e-01, 1.797693134862e+308, 7.7144e+00, 3.6397e-01, 
 2DIAGNOSTIC,     9, -4.268712902725e-01, 1.797693134862e+308, 8.2807e+00, 5.6630e-01, 
 2DIAGNOSTIC,    10, -4.268630861272e-01, 1.862479254794e-04, 8.8022e+00, 5.2146e-01, 
 2DIAGNOSTIC,    11, -4.268682642704e-01, 1.783197585818e-04, 9.1997e+00, 3.9758e-01, 
 2DIAGNOSTIC,    12, -4.268671335891e-01, 1.661687541043e-04, 9.5985e+00, 3.9872e-01, 
 2DIAGNOSTIC,    13, -4.268668371986e-01, 1.494343778246e-04, 9.9568e+00, 3.5836e-01, 
 2DIAGNOSTIC,    14, -4.268656212861e-01, 1.231233913498e-04, 1.0316e+01, 3.5887e-01, 
 2DIAGNOSTIC,    15, -4.268660481676e-01, 8.991229975563e-05, 1.0636e+01, 3.2008e-01, 
 2DIAGNOSTIC,    16, -4.268659263251e-01, 5.473185846587e-05, 1.0994e+01, 3.5865e-01, 
 2DIAGNOSTIC,    17, -4.268664566173e-01, 2.309347400669e-05, 1.1318e+01, 3.2370e-01, 
 2DIAGNOSTIC,    18, -4.268664975875e-01, 1.613533228396e-06, 1.1679e+01, 3.6046e-01, 
 2DIAGNOSTIC,    19, -4.268662229072e-01, 1.702563855753e-06, 1.2040e+01, 3.6138e-01, 
 2DIAGNOSTIC,    20, -4.268662035920e-01, 1.501118673530e-06, 1.2362e+01, 3.2172e-01, 
 2DIAGNOSTIC,    21, -4.268667486334e-01, 1.509111430729e-06, 1.2723e+01, 3.6130e-01, 
 2DIAGNOSTIC,    22, -4.268655760965e-01, 1.446413039820e-06, 1.3041e+01, 3.1754e-01, 
 2DIAGNOSTIC,    23, -4.268652691944e-01, 1.373962275147e-06, 1.3525e+01, 4.8442e-01, 
 2DIAGNOSTIC,    24, -4.268647522044e-01, 1.260479765411e-06, 1.3893e+01, 3.6856e-01, 
 2DIAGNOSTIC,    25, -4.268632987336e-01, 1.134962759587e-06, 1.4212e+01, 3.1868e-01, 
 2DIAGNOSTIC,    26, -4.268628653954e-01, 1.018056920342e-06, 1.4579e+01, 3.6722e-01, 
DIAGNOSTIC,Iteration,metricValue,convergenceValue,ITERATION_TIME_INDEX,SINCE_LAST
 2DIAGNOSTIC,     1, -3.938205216133e-01, 1.797693134862e+308, 1.7871e+01, 3.2916e+00, 
 2DIAGNOSTIC,     2, -3.939528898446e-01, 1.797693134862e+308, 2.0188e+01, 2.3169e+00, 
 2DIAGNOSTIC,     3, -3.940821258535e-01, 1.797693134862e+308, 2.5925e+01, 5.7366e+00, 
 2DIAGNOSTIC,     4, -3.940823481446e-01, 1.797693134862e+308, 2.8234e+01, 2.3091e+00, 
 2DIAGNOSTIC,     5, -3.940820194922e-01, 1.797693134862e+308, 3.0812e+01, 2.5783e+00, 
 2DIAGNOSTIC,     6, -3.940818612271e-01, 1.797693134862e+308, 3.3139e+01, 2.3266e+00, 
 2DIAGNOSTIC,     7, -3.940817227125e-01, 1.797693134862e+308, 3.6374e+01, 3.2354e+00, 
 2DIAGNOSTIC,     8, -3.940817344712e-01, 1.797693134862e+308, 3.8997e+01, 2.6232e+00, 
 2DIAGNOSTIC,     9, -3.940816490813e-01, 1.797693134862e+308, 4.1322e+01, 2.3251e+00, 
 2DIAGNOSTIC,    10, -3.940815688752e-01, 3.007927626293e-05, 4.3621e+01, 2.2984e+00, 
 2DIAGNOSTIC,    11, -3.940814973190e-01, 1.125045016435e-05, 4.6208e+01, 2.5868e+00, 
 2DIAGNOSTIC,    12, -3.940815187618e-01, 2.545030642634e-06, 4.8852e+01, 2.6443e+00, 
 2DIAGNOSTIC,    13, -3.940813466434e-01, 2.348326037530e-06, 5.2020e+01, 3.1685e+00, 
 2DIAGNOSTIC,    14, -3.940812570955e-01, 2.196099646967e-06, 5.4668e+01, 2.6481e+00, 
 2DIAGNOSTIC,    15, -3.940810752560e-01, 2.046863019425e-06, 5.7308e+01, 2.6394e+00, 
 2DIAGNOSTIC,    16, -3.940810788137e-01, 1.916334651283e-06, 5.9672e+01, 2.3645e+00, 
 2DIAGNOSTIC,    17, -3.940809919198e-01, 1.797971174916e-06, 6.2045e+01, 2.3729e+00, 
 2DIAGNOSTIC,    18, -3.940810021151e-01, 1.700533452907e-06, 6.4383e+01, 2.3373e+00, 
 2DIAGNOSTIC,    19, -3.940809262956e-01, 1.613548907202e-06, 6.6741e+01, 2.3587e+00, 
 2DIAGNOSTIC,    20, -3.940808631423e-01, 1.535873886883e-06, 6.9119e+01, 2.3781e+00, 
 2DIAGNOSTIC,    21, -3.940805413247e-01, 1.457109237477e-06, 7.1725e+01, 2.6060e+00, 
 2DIAGNOSTIC,    22, -3.940804145336e-01, 1.387752699020e-06, 7.4626e+01, 2.9011e+00, 
 2DIAGNOSTIC,    23, -3.940803531840e-01, 1.322540481720e-06, 7.7202e+01, 2.5754e+00, 
 2DIAGNOSTIC,    24, -3.940801986855e-01, 1.261114719535e-06, 7.9519e+01, 2.3170e+00, 
 2DIAGNOSTIC,    25, -3.940802519201e-01, 1.207027721536e-06, 8.2104e+01, 2.5851e+00, 
 2DIAGNOSTIC,    26, -3.940799312398e-01, 1.154544672900e-06, 8.4401e+01, 2.2974e+00, 
 2DIAGNOSTIC,    27, -3.940798364488e-01, 1.107822255451e-06, 8.7273e+01, 2.8719e+00, 
 2DIAGNOSTIC,    28, -3.940797848839e-01, 1.069956262326e-06, 8.9940e+01, 2.6670e+00, 
 2DIAGNOSTIC,    29, -3.940795550877e-01, 1.033189684141e-06, 9.2570e+01, 2.6300e+00, 
 2DIAGNOSTIC,    30, -3.940794941829e-01, 1.002207044583e-06, 9.4916e+01, 2.3462e+00, 
  Elapsed time (stage 0): 9.6217e+01


Total elapsed time: 9.6218e+01
VFC_BACKENDS=libinterflop_vprec.so --range-binary32=8 --precision-binary32=21 --range-binary64=8 --precision-binary64=21
Info [verificarlo]: loaded backend libinterflop_vprec.so
Info [interflop-vprec]: load backend with: 
Info [interflop-vprec]: precision-binary32 = 21
Info [interflop-vprec]: range-binary32 = 8
Info [interflop-vprec]: precision-binary64 = 21
Info [interflop-vprec]: range-binary64 = 8
Info [interflop-vprec]: mode = ob
Info [interflop-vprec]: error-mode = rel
Info [interflop-vprec]: max-abs-error-exponent = -1022
Info [interflop-vprec]: daz = false
Info [interflop-vprec]: ftz = false
Info [interflop-vprec]: 	instrument = none
Info [interflop-vprec]: 	prec-input-file = (null)
Info [interflop-vprec]: 	prec-output-file = (null)
Info [interflop-vprec]: 	prec-log-file = (null)
All_Command_lines_OK
Using double precision for computations.
=============================================================================
The composite transform comprises the following transforms (in order): 
  1. /project/rrg-glatard/mdugre/datasets/corr/RawDataBIDS/BMB_1/derivatives/vprec-space_search/0011/r8-p21/sub-0003018/rigid_Composite.h5[0] (type = Euler3DTransform)
  2. /project/rrg-glatard/mdugre/datasets/corr/RawDataBIDS/BMB_1/derivatives/vprec-space_search/0011/r8-p21/sub-0003018/rigid_Composite.h5[1] (type = Euler3DTransform)
  3. /project/rrg-glatard/mdugre/datasets/corr/RawDataBIDS/BMB_1/derivatives/vprec-space_search/0011/r8-p21/sub-0003018/rigid_Composite.h5[2] (type = Euler3DTransform)
=============================================================================
  number of levels = 4
  fixed image: /templateflow/tpl-MNI152NLin2009cAsym/tpl-MNI152NLin2009cAsym_res-01_desc-brain_T1w.nii.gz
  moving image: /project/rrg-glatard/mdugre/datasets/corr/RawDataBIDS/BMB_1/derivatives/antsBrainExtraction/sub-0003018/BrainExtractionBrain.nii.gz
Dimension = 3
Number of stages = 1
Use histogram matching = false
Winsorize image intensities = true
  Lower quantile = 0.005
  Upper quantile = 0.995


Stage 1 State
   Image metric = MattesMI
     Fixed image = Image (0x49fe300)
  RTTI typeinfo:   itk::Image<double, 3u>
  Reference Count: 2
  Modified Time: 1592
  Debug: Off
  Object Name: 
  Observers: 
    none
  Source: (none)
  Source output name: (none)
  Release Data: Off
  Data Released: False
  Global Release Data: Off
  PipelineMTime: 0
  UpdateMTime: 1203
  RealTimeStamp: 0 seconds 
  LargestPossibleRegion: 
    Dimension: 3
    Index: [0, 0, 0]
    Size: [193, 229, 193]
  BufferedRegion: 
    Dimension: 3
    Index: [0, 0, 0]
    Size: [193, 229, 193]
  RequestedRegion: 
    Dimension: 3
    Index: [0, 0, 0]
    Size: [193, 229, 193]
  Spacing: [1, 1, 1]
  Origin: [96, 132, -78]
  Direction: 
-1 0 0
0 -1 0
0 0 1

  IndexToPointMatrix: 
-1 0 0
0 -1 0
0 0 1

  PointToIndexMatrix: 
-1 0 0
0 -1 0
0 0 1

  Inverse Direction: 
-1 0 0
0 -1 0
0 0 1

  PixelContainer: 
    ImportImageContainer (0x4ac6be0)
      RTTI typeinfo:   itk::ImportImageContainer<unsigned long, double>
      Reference Count: 1
      Modified Time: 1200
      Debug: Off
      Object Name: 
      Observers: 
        none
      Pointer: 0x15131a59a010
      Container manages memory: true
      Size: 8530021
      Capacity: 8530021

     Moving image = Image (0x4ab9160)
  RTTI typeinfo:   itk::Image<double, 3u>
  Reference Count: 2
  Modified Time: 1593
  Debug: Off
  Object Name: 
  Observers: 
    none
  Source: (none)
  Source output name: (none)
  Release Data: Off
  Data Released: False
  Global Release Data: Off
  PipelineMTime: 0
  UpdateMTime: 1590
  RealTimeStamp: 0 seconds 
  LargestPossibleRegion: 
    Dimension: 3
    Index: [0, 0, 0]
    Size: [176, 256, 256]
  BufferedRegion: 
    Dimension: 3
    Index: [0, 0, 0]
    Size: [176, 256, 256]
  RequestedRegion: 
    Dimension: 3
    Index: [0, 0, 0]
    Size: [176, 256, 256]
  Spacing: [1, 1, 1]
  Origin: [-81.0537, 96.2771, -123.827]
  Direction: 
1 0 0
0 -1 0
0 0 1

  IndexToPointMatrix: 
1 0 0
0 -1 0
0 0 1

  PointToIndexMatrix: 
1 0 0
0 -1 0
0 0 1

  Inverse Direction: 
1 0 0
0 -1 0
0 0 1

  PixelContainer: 
    ImportImageContainer (0x4a6ec10)
      RTTI typeinfo:   itk::ImportImageContainer<unsigned long, double>
      Reference Count: 1
      Modified Time: 1587
      Debug: Off
      Object Name: 
      Observers: 
        none
      Pointer: 0x151314d99010
      Container manages memory: true
      Size: 11534336
      Capacity: 11534336

     Weighting = 1
     Sampling strategy = regular
     Number of bins = 32
     Radius = 4
     Sampling percentage  = 0.25
   Transform = Affine
     Gradient step = 0.1
     Update field sigma (voxel space) = 0
     Total field sigma (voxel space) = 0
     Update field time sigma = 0
     Total field time sigma  = 0
     Number of time indices = 0
     Number of time point samples = 0
Registration using 1 total stages.

Stage 0
  iterations = 1000x500x250x100
  convergence threshold = 1e-06
  convergence window size = 10
  number of levels = 4
  using the Mattes MI metric (number of bins = 32, weight = 1, use gradient filter = 0)
  preprocessing:  winsorizing the image intensities
  Shrink factors (level 1 out of 4): [8, 8, 8]
  Shrink factors (level 2 out of 4): [4, 4, 4]
  Shrink factors (level 3 out of 4): [2, 2, 2]
  Shrink factors (level 4 out of 4): [1, 1, 1]
  smoothing sigmas per level: [3, 2, 1, 0]
  regular sampling (percentage = 0.25)

*** Running AffineTransform registration ***

DIAGNOSTIC,Iteration,metricValue,convergenceValue,ITERATION_TIME_INDEX,SINCE_LAST
 2DIAGNOSTIC,     1, -5.867625211597e-01, 1.797693134862e+308, 0.0000e+00, 0.0000e+00, 
 2DIAGNOSTIC,     2, -5.889960977375e-01, 1.797693134862e+308, 0.0000e+00, 0.0000e+00, 
 2DIAGNOSTIC,     3, -5.915043567476e-01, 1.797693134862e+308, 0.0000e+00, 0.0000e+00, 
 2DIAGNOSTIC,     4, -5.965201320125e-01, 1.797693134862e+308, 0.0000e+00, 0.0000e+00, 
 2DIAGNOSTIC,     5, -6.052999126116e-01, 1.797693134862e+308, 0.0000e+00, 0.0000e+00, 
 2DIAGNOSTIC,     6, -6.216001630329e-01, 1.797693134862e+308, 0.0000e+00, 0.0000e+00, 
 2DIAGNOSTIC,     7, -6.632611374156e-01, 1.797693134862e+308, 0.0000e+00, 0.0000e+00, 
 2DIAGNOSTIC,     8, -7.152271474502e-01, 1.797693134862e+308, 0.0000e+00, 0.0000e+00, 
 2DIAGNOSTIC,     9, -7.395667649892e-01, 1.797693134862e+308, 0.0000e+00, 0.0000e+00, 
 2DIAGNOSTIC,    10, -7.791269405579e-01, 1.948046871359e-02, 0.0000e+00, 0.0000e+00, 
 2DIAGNOSTIC,    11, -8.094681105533e-01, 2.115173956903e-02, 0.0000e+00, 0.0000e+00, 
 2DIAGNOSTIC,    12, -8.193200309406e-01, 2.099650995187e-02, 0.0000e+00, 0.0000e+00, 
 2DIAGNOSTIC,    13, -8.220273013958e-01, 1.915926880132e-02, 0.0000e+00, 0.0000e+00, 
 2DIAGNOSTIC,    14, -8.263129288844e-01, 1.619102294943e-02, 0.0000e+00, 0.0000e+00, 
 2DIAGNOSTIC,    15, -8.298593730391e-01, 1.255470981779e-02, 0.0000e+00, 0.0000e+00, 
 2DIAGNOSTIC,    16, -8.322079252525e-01, 8.748412406087e-03, 0.0000e+00, 0.0000e+00, 
 2DIAGNOSTIC,    17, -8.328393389750e-01, 5.623178567193e-03, 0.0000e+00, 0.0000e+00, 
 2DIAGNOSTIC,    18, -8.338144457887e-01, 3.534925141036e-03, 0.0000e+00, 0.0000e+00, 
 2DIAGNOSTIC,    19, -8.345297389504e-01, 1.869015794802e-03, 0.0000e+00, 0.0000e+00, 
 2DIAGNOSTIC,    20, -8.349885402508e-01, 9.743349487557e-04, 0.0000e+00, 0.0000e+00, 
 2DIAGNOSTIC,    21, -8.348980650018e-01, 6.325162101002e-04, 0.0000e+00, 0.0000e+00, 
 2DIAGNOSTIC,    22, -8.347449703046e-01, 4.351012151415e-04, 0.0000e+00, 0.0000e+00, 
 2DIAGNOSTIC,    23, -8.346747244243e-01, 2.589601342658e-04, 0.0000e+00, 0.0000e+00, 
 2DIAGNOSTIC,    24, -8.347070305841e-01, 1.415511085852e-04, 0.0000e+00, 0.0000e+00, 
 2DIAGNOSTIC,    25, -8.347430606975e-01, 7.428734502485e-05, 0.0000e+00, 0.0000e+00, 
 2DIAGNOSTIC,    26, -8.348070564768e-01, 4.061042800736e-05, 0.0000e+00, 0.0000e+00, 
 2DIAGNOSTIC,    27, -8.347248814487e-01, 1.342065584528e-05, 0.0000e+00, 0.0000e+00, 
DIAGNOSTIC,Iteration,metricValue,convergenceValue,ITERATION_TIME_INDEX,SINCE_LAST
 2DIAGNOSTIC,     1, -7.047827992834e-01, 1.797693134862e+308, 0.0000e+00, 0.0000e+00, 
 2DIAGNOSTIC,     2, -7.056069535770e-01, 1.797693134862e+308, 0.0000e+00, 0.0000e+00, 
 2DIAGNOSTIC,     3, -7.063635238901e-01, 1.797693134862e+308, 0.0000e+00, 0.0000e+00, 
 2DIAGNOSTIC,     4, -7.069630132595e-01, 1.797693134862e+308, 0.0000e+00, 0.0000e+00, 
 2DIAGNOSTIC,     5, -7.072573600610e-01, 1.797693134862e+308, 0.0000e+00, 0.0000e+00, 
 2DIAGNOSTIC,     6, -7.078219601646e-01, 1.797693134862e+308, 0.0000e+00, 0.0000e+00, 
 2DIAGNOSTIC,     7, -7.080778574711e-01, 1.797693134862e+308, 0.0000e+00, 0.0000e+00, 
 2DIAGNOSTIC,     8, -7.082953865243e-01, 1.797693134862e+308, 0.0000e+00, 0.0000e+00, 
 2DIAGNOSTIC,     9, -7.082676959398e-01, 1.797693134862e+308, 0.0000e+00, 0.0000e+00, 
 2DIAGNOSTIC,    10, -7.082378531389e-01, 3.146442593844e-04, 0.0000e+00, 0.0000e+00, 
 2DIAGNOSTIC,    11, -7.082447939884e-01, 2.117878299816e-04, 0.0000e+00, 0.0000e+00, 
 2DIAGNOSTIC,    12, -7.082388775486e-01, 1.341650083569e-04, 0.0000e+00, 0.0000e+00, 
 2DIAGNOSTIC,    13, -7.082183109644e-01, 7.908717547507e-05, 0.0000e+00, 0.0000e+00, 
 2DIAGNOSTIC,    14, -7.082139514935e-01, 4.208718398592e-05, 0.0000e+00, 0.0000e+00, 
 2DIAGNOSTIC,    15, -7.082256745986e-01, 1.434141843641e-05, 0.0000e+00, 0.0000e+00, 
 2DIAGNOSTIC,    16, -7.082164392807e-01, 2.741741790865e-06, 0.0000e+00, 0.0000e+00, 
DIAGNOSTIC,Iteration,metricValue,convergenceValue,ITERATION_TIME_INDEX,SINCE_LAST
 2DIAGNOSTIC,     1, -6.019915783083e-01, 1.797693134862e+308, 0.0000e+00, 0.0000e+00, 
 2DIAGNOSTIC,     2, -6.022746849265e-01, 1.797693134862e+308, 0.0000e+00, 0.0000e+00, 
 2DIAGNOSTIC,     3, -6.025966843003e-01, 1.797693134862e+308, 0.0000e+00, 0.0000e+00, 
 2DIAGNOSTIC,     4, -6.030468729843e-01, 1.797693134862e+308, 0.0000e+00, 0.0000e+00, 
 2DIAGNOSTIC,     5, -6.042804968949e-01, 1.797693134862e+308, 0.0000e+00, 0.0000e+00, 
 2DIAGNOSTIC,     6, -6.043298370230e-01, 1.797693134862e+308, 0.0000e+00, 0.0000e+00, 
 2DIAGNOSTIC,     7, -6.043334061350e-01, 1.797693134862e+308, 0.0000e+00, 0.0000e+00, 
 2DIAGNOSTIC,     8, -6.043316374001e-01, 1.797693134862e+308, 0.0000e+00, 0.0000e+00, 
 2DIAGNOSTIC,     9, -6.043328066342e-01, 1.797693134862e+308, 0.0000e+00, 0.0000e+00, 
 2DIAGNOSTIC,    10, -6.043305861113e-01, 2.840062223521e-04, 0.0000e+00, 0.0000e+00, 
 2DIAGNOSTIC,    11, -6.043286527875e-01, 1.953396920033e-04, 0.0000e+00, 0.0000e+00, 
 2DIAGNOSTIC,    12, -6.043296136801e-01, 1.159895166716e-04, 0.0000e+00, 0.0000e+00, 
 2DIAGNOSTIC,    13, -6.043283777483e-01, 5.033909350116e-05, 0.0000e+00, 0.0000e+00, 
 2DIAGNOSTIC,    14, -6.043276401010e-01, 3.670461121874e-06, 0.0000e+00, 0.0000e+00, 
 2DIAGNOSTIC,    15, -6.043299808702e-01, 1.842921612941e-06, 0.0000e+00, 0.0000e+00, 
 2DIAGNOSTIC,    16, -6.043284996596e-01, 1.672882830817e-06, 0.0000e+00, 0.0000e+00, 
 2DIAGNOSTIC,    17, -6.043294857106e-01, 1.680652791949e-06, 0.0000e+00, 0.0000e+00, 
 2DIAGNOSTIC,    18, -6.043286112942e-01, 1.634312398947e-06, 0.0000e+00, 0.0000e+00, 
 2DIAGNOSTIC,    19, -6.043258561447e-01, 1.568118127307e-06, 0.0000e+00, 0.0000e+00, 
 2DIAGNOSTIC,    20, -6.043252468278e-01, 1.454473620377e-06, 0.0000e+00, 0.0000e+00, 
 2DIAGNOSTIC,    21, -6.043252019578e-01, 1.318665306595e-06, 0.0000e+00, 0.0000e+00, 
 2DIAGNOSTIC,    22, -6.043244398092e-01, 1.218159026664e-06, 0.0000e+00, 0.0000e+00, 
 2DIAGNOSTIC,    23, -6.043243135990e-01, 1.121268918124e-06, 0.0000e+00, 0.0000e+00, 
 2DIAGNOSTIC,    24, -6.043224765148e-01, 1.006295064672e-06, 0.0000e+00, 0.0000e+00, 
DIAGNOSTIC,Iteration,metricValue,convergenceValue,ITERATION_TIME_INDEX,SINCE_LAST
 2DIAGNOSTIC,     1, -5.403967927350e-01, 1.797693134862e+308, 0.0000e+00, 0.0000e+00, 
 2DIAGNOSTIC,     2, -5.405746677226e-01, 1.797693134862e+308, 0.0000e+00, 0.0000e+00, 
 2DIAGNOSTIC,     3, -5.406243798434e-01, 1.797693134862e+308, 0.0000e+00, 0.0000e+00, 
 2DIAGNOSTIC,     4, -5.407162059439e-01, 1.797693134862e+308, 0.0000e+00, 0.0000e+00, 
 2DIAGNOSTIC,     5, -5.408090623221e-01, 1.797693134862e+308, 0.0000e+00, 0.0000e+00, 
 2DIAGNOSTIC,     6, -5.408975716044e-01, 1.797693134862e+308, 0.0000e+00, 0.0000e+00, 
 2DIAGNOSTIC,     7, -5.409403522710e-01, 1.797693134862e+308, 0.0000e+00, 0.0000e+00, 
 2DIAGNOSTIC,     8, -5.409752644308e-01, 1.797693134862e+308, 0.0000e+00, 0.0000e+00, 
 2DIAGNOSTIC,     9, -5.409802206647e-01, 1.797693134862e+308, 0.0000e+00, 0.0000e+00, 
 2DIAGNOSTIC,    10, -5.410008823271e-01, 7.276813235495e-05, 0.0000e+00, 0.0000e+00, 
 2DIAGNOSTIC,    11, -5.410058497503e-01, 5.210990652434e-05, 0.0000e+00, 0.0000e+00, 
 2DIAGNOSTIC,    12, -5.410061606299e-01, 3.829518572949e-05, 0.0000e+00, 0.0000e+00, 
 2DIAGNOSTIC,    13, -5.410060060764e-01, 2.537358517096e-05, 0.0000e+00, 0.0000e+00, 
 2DIAGNOSTIC,    14, -5.410059497594e-01, 1.561964806160e-05, 0.0000e+00, 0.0000e+00, 
 2DIAGNOSTIC,    15, -5.410059396536e-01, 9.136683536776e-06, 0.0000e+00, 0.0000e+00, 
 2DIAGNOSTIC,    16, -5.410058327713e-01, 5.695248535567e-06, 0.0000e+00, 0.0000e+00, 
 2DIAGNOSTIC,    17, -5.410055570890e-01, 3.612238699317e-06, 0.0000e+00, 0.0000e+00, 
 2DIAGNOSTIC,    18, -5.410055677840e-01, 2.625329699212e-06, 0.0000e+00, 0.0000e+00, 
 2DIAGNOSTIC,    19, -5.410055900457e-01, 1.786035842187e-06, 0.0000e+00, 0.0000e+00, 
 2DIAGNOSTIC,    20, -5.410055988690e-01, 1.559759257551e-06, 0.0000e+00, 0.0000e+00, 
 2DIAGNOSTIC,    21, -5.410056107512e-01, 1.482485949833e-06, 0.0000e+00, 0.0000e+00, 
 2DIAGNOSTIC,    22, -5.410057793673e-01, 1.427116568496e-06, 0.0000e+00, 0.0000e+00, 
 2DIAGNOSTIC,    23, -5.410057785945e-01, 1.374875014490e-06, 0.0000e+00, 0.0000e+00, 
 2DIAGNOSTIC,    24, -5.410058503181e-01, 1.328194557358e-06, 5.1200e+02, 5.1200e+02, 
 2DIAGNOSTIC,    25, -5.410058282627e-01, 1.284495914480e-06, 5.1200e+02, 0.0000e+00, 
 2DIAGNOSTIC,    26, -5.410058894479e-01, 1.242449254958e-06, 5.1200e+02, 0.0000e+00, 
 2DIAGNOSTIC,    27, -5.410057671222e-01, 1.194075674886e-06, 5.1200e+02, 0.0000e+00, 
 2DIAGNOSTIC,    28, -5.410055332587e-01, 1.143673413695e-06, 5.1200e+02, 0.0000e+00, 
 2DIAGNOSTIC,    29, -5.410052944809e-01, 1.092396946602e-06, 5.1200e+02, 0.0000e+00, 
 2DIAGNOSTIC,    30, -5.410053144701e-01, 1.045676152299e-06, 5.1200e+02, 0.0000e+00, 
 2DIAGNOSTIC,    31, -5.410053413547e-01, 1.003959958931e-06, 5.1200e+02, 0.0000e+00, 
  Elapsed time (stage 0): 5.1200e+02


Total elapsed time: 5.1200e+02
VFC_BACKENDS=libinterflop_vprec.so --range-binary32=8 --precision-binary32=21 --range-binary64=8 --precision-binary64=21
Info [verificarlo]: loaded backend libinterflop_vprec.so
Info [interflop-vprec]: load backend with: 
Info [interflop-vprec]: precision-binary32 = 21
Info [interflop-vprec]: range-binary32 = 8
Info [interflop-vprec]: precision-binary64 = 21
Info [interflop-vprec]: range-binary64 = 8
Info [interflop-vprec]: mode = ob
Info [interflop-vprec]: error-mode = rel
Info [interflop-vprec]: max-abs-error-exponent = -1022
Info [interflop-vprec]: daz = false
Info [interflop-vprec]: ftz = false
Info [interflop-vprec]: 	instrument = none
Info [interflop-vprec]: 	prec-input-file = (null)
Info [interflop-vprec]: 	prec-output-file = (null)
Info [interflop-vprec]: 	prec-log-file = (null)
All_Command_lines_OK
Using double precision for computations.
=============================================================================
The composite transform comprises the following transforms (in order): 
  1. /project/rrg-glatard/mdugre/datasets/corr/RawDataBIDS/BMB_1/derivatives/vprec-space_search/0011/r8-p21/sub-0003018/affine_Composite.h5[0] (type = Euler3DTransform)
  2. /project/rrg-glatard/mdugre/datasets/corr/RawDataBIDS/BMB_1/derivatives/vprec-space_search/0011/r8-p21/sub-0003018/affine_Composite.h5[1] (type = Euler3DTransform)
  3. /project/rrg-glatard/mdugre/datasets/corr/RawDataBIDS/BMB_1/derivatives/vprec-space_search/0011/r8-p21/sub-0003018/affine_Composite.h5[2] (type = Euler3DTransform)
  4. /project/rrg-glatard/mdugre/datasets/corr/RawDataBIDS/BMB_1/derivatives/vprec-space_search/0011/r8-p21/sub-0003018/affine_Composite.h5[3] (type = AffineTransform)
=============================================================================
  number of levels = 4
  fixed image: /templateflow/tpl-MNI152NLin2009cAsym/tpl-MNI152NLin2009cAsym_res-01_desc-brain_T1w.nii.gz
  moving image: /project/rrg-glatard/mdugre/datasets/corr/RawDataBIDS/BMB_1/derivatives/antsBrainExtraction/sub-0003018/BrainExtractionBrain.nii.gz
Dimension = 3
Number of stages = 1
Use histogram matching = false
Winsorize image intensities = true
  Lower quantile = 0.005
  Upper quantile = 0.995


Stage 1 State
   Image metric = CC
     Fixed image = Image (0x37354c0)
  RTTI typeinfo:   itk::Image<double, 3u>
  Reference Count: 2
  Modified Time: 1606
  Debug: Off
  Object Name: 
  Observers: 
    none
  Source: (none)
  Source output name: (none)
  Release Data: Off
  Data Released: False
  Global Release Data: Off
  PipelineMTime: 0
  UpdateMTime: 1217
  RealTimeStamp: 0 seconds 
  LargestPossibleRegion: 
    Dimension: 3
    Index: [0, 0, 0]
    Size: [193, 229, 193]
  BufferedRegion: 
    Dimension: 3
    Index: [0, 0, 0]
    Size: [193, 229, 193]
  RequestedRegion: 
    Dimension: 3
    Index: [0, 0, 0]
    Size: [193, 229, 193]
  Spacing: [1, 1, 1]
  Origin: [96, 132, -78]
  Direction: 
-1 0 0
0 -1 0
0 0 1

  IndexToPointMatrix: 
-1 0 0
0 -1 0
0 0 1

  PointToIndexMatrix: 
-1 0 0
0 -1 0
0 0 1

  Inverse Direction: 
-1 0 0
0 -1 0
0 0 1

  PixelContainer: 
    ImportImageContainer (0x3802940)
      RTTI typeinfo:   itk::ImportImageContainer<unsigned long, double>
      Reference Count: 1
      Modified Time: 1214
      Debug: Off
      Object Name: 
      Observers: 
        none
      Pointer: 0x14e480461010
      Container manages memory: true
      Size: 8530021
      Capacity: 8530021

     Moving image = Image (0x37f02c0)
  RTTI typeinfo:   itk::Image<double, 3u>
  Reference Count: 2
  Modified Time: 1607
  Debug: Off
  Object Name: 
  Observers: 
    none
  Source: (none)
  Source output name: (none)
  Release Data: Off
  Data Released: False
  Global Release Data: Off
  PipelineMTime: 0
  UpdateMTime: 1604
  RealTimeStamp: 0 seconds 
  LargestPossibleRegion: 
    Dimension: 3
    Index: [0, 0, 0]
    Size: [176, 256, 256]
  BufferedRegion: 
    Dimension: 3
    Index: [0, 0, 0]
    Size: [176, 256, 256]
  RequestedRegion: 
    Dimension: 3
    Index: [0, 0, 0]
    Size: [176, 256, 256]
  Spacing: [1, 1, 1]
  Origin: [-81.0537, 96.2771, -123.827]
  Direction: 
1 0 0
0 -1 0
0 0 1

  IndexToPointMatrix: 
1 0 0
0 -1 0
0 0 1

  PointToIndexMatrix: 
1 0 0
0 -1 0
0 0 1

  Inverse Direction: 
1 0 0
0 -1 0
0 0 1

  PixelContainer: 
    ImportImageContainer (0x3803400)
      RTTI typeinfo:   itk::ImportImageContainer<unsigned long, double>
      Reference Count: 1
      Modified Time: 1601
      Debug: Off
      Object Name: 
      Observers: 
        none
      Pointer: 0x14e47ac60010
      Container manages memory: true
      Size: 11534336
      Capacity: 11534336

     Weighting = 1
     Sampling strategy = none
     Number of bins = 32
     Radius = 4
     Sampling percentage  = 1
   Transform = SyN
     Gradient step = 0.1
     Update field sigma (voxel space) = 3
     Total field sigma (voxel space) = 0
     Update field time sigma = 0
     Total field time sigma  = 0
     Number of time indices = 0
     Number of time point samples = 0
Registration using 1 total stages.

Stage 0
  iterations = 100x70x50x20
  convergence threshold = 1e-06
  convergence window size = 10
  number of levels = 4
  using the CC metric (radius = 4, weight = 1, use gradient filter = 0)
  preprocessing:  winsorizing the image intensities
  Shrink factors (level 1 out of 4): [8, 8, 8]
  Shrink factors (level 2 out of 4): [4, 4, 4]
  Shrink factors (level 3 out of 4): [2, 2, 2]
  Shrink factors (level 4 out of 4): [1, 1, 1]
  smoothing sigmas per level: [3, 2, 1, 0]
  Using default NONE metricSamplingStrategy 

*** Running SyN registration (varianceForUpdateField = 3, varianceForTotalField = 0) ***

XXDIAGNOSTIC,Iteration,metricValue,convergenceValue,ITERATION_TIME_INDEX,SINCE_LAST
 1DIAGNOSTIC,     1, -9.174714088440e-01, 1.797693134862e+308, 0.0000e+00, 0.0000e+00, 
 1DIAGNOSTIC,     2, -9.240336418152e-01, 1.797693134862e+308, 0.0000e+00, 0.0000e+00, 
 1DIAGNOSTIC,     3, -9.302284717560e-01, 1.797693134862e+308, 0.0000e+00, 0.0000e+00, 
 1DIAGNOSTIC,     4, -9.353497028351e-01, 1.797693134862e+308, 0.0000e+00, 0.0000e+00, 
 1DIAGNOSTIC,     5, -9.398665428162e-01, 1.797693134862e+308, 0.0000e+00, 0.0000e+00, 
 1DIAGNOSTIC,     6, -9.434490203857e-01, 1.797693134862e+308, 0.0000e+00, 0.0000e+00, 
 1DIAGNOSTIC,     7, -9.465734958649e-01, 1.797693134862e+308, 0.0000e+00, 0.0000e+00, 
 1DIAGNOSTIC,     8, -9.492678642273e-01, 1.797693134862e+308, 0.0000e+00, 0.0000e+00, 
 1DIAGNOSTIC,     9, -9.517712593079e-01, 1.797693134862e+308, 0.0000e+00, 0.0000e+00, 
 1DIAGNOSTIC,    10, -9.543941020966e-01, 2.434658562648e-03, 0.0000e+00, 0.0000e+00, 
 1DIAGNOSTIC,    11, -9.566650390625e-01, 1.930146554559e-03, 0.0000e+00, 0.0000e+00, 
 1DIAGNOSTIC,    12, -9.586491584778e-01, 1.550232667646e-03, 0.0000e+00, 0.0000e+00, 
 1DIAGNOSTIC,    13, -9.605917930603e-01, 1.276477372450e-03, 0.0000e+00, 0.0000e+00, 
 1DIAGNOSTIC,    14, -9.623279571533e-01, 1.072111925410e-03, 0.0000e+00, 0.0000e+00, 
 1DIAGNOSTIC,    15, -9.636297225952e-01, 9.127965894483e-04, 0.0000e+00, 0.0000e+00, 
 1DIAGNOSTIC,    16, -9.638867378235e-01, 7.612423814023e-04, 0.0000e+00, 0.0000e+00, 
 1DIAGNOSTIC,    17, -9.643168449402e-01, 6.203328807838e-04, 0.0000e+00, 0.0000e+00, 
 1DIAGNOSTIC,    18, -9.645614624023e-01, 4.864983177151e-04, 0.0000e+00, 0.0000e+00, 
 1DIAGNOSTIC,    19, -9.651098251343e-01, 3.692652600364e-04, 0.0000e+00, 0.0000e+00, 
 1DIAGNOSTIC,    20, -9.651701450348e-01, 2.692331425140e-04, 0.0000e+00, 0.0000e+00, 
 1DIAGNOSTIC,    21, -9.656531810760e-01, 1.930147264680e-04, 0.0000e+00, 0.0000e+00, 
 1DIAGNOSTIC,    22, -9.656770229340e-01, 1.328349264971e-04, 0.0000e+00, 0.0000e+00, 
 1DIAGNOSTIC,    23, -9.660694599152e-01, 9.554767068640e-05, 0.0000e+00, 0.0000e+00, 
 1DIAGNOSTIC,    24, -9.660553932190e-01, 7.347475586272e-05, 0.0000e+00, 0.0000e+00, 
 1DIAGNOSTIC,    25, -9.663703441620e-01, 6.571675496744e-05, 0.0000e+00, 0.0000e+00, 
 1DIAGNOSTIC,    26, -9.663937091827e-01, 5.558412593949e-05, 0.0000e+00, 0.0000e+00, 
 1DIAGNOSTIC,    27, -9.666438102722e-01, 4.859068755498e-05, 0.0000e+00, 0.0000e+00, 
 1DIAGNOSTIC,    28, -9.666481018066e-01, 4.011422278526e-05, 0.0000e+00, 0.0000e+00, 
 1DIAGNOSTIC,    29, -9.668524265289e-01, 3.632414379908e-05, 0.0000e+00, 0.0000e+00, 
 1DIAGNOSTIC,    30, -9.668095111847e-01, 2.949288664893e-05, 0.0000e+00, 0.0000e+00, 
 1DIAGNOSTIC,    31, -9.669821262360e-01, 2.675154634836e-05, 0.0000e+00, 0.0000e+00, 
 1DIAGNOSTIC,    32, -9.669697284698e-01, 2.173577044003e-05, 0.0000e+00, 0.0000e+00, 
 1DIAGNOSTIC,    33, -9.671130180359e-01, 1.992334800275e-05, 0.0000e+00, 0.0000e+00, 
 1DIAGNOSTIC,    34, -9.670977592468e-01, 1.608210687292e-05, 0.0000e+00, 0.0000e+00, 
 1DIAGNOSTIC,    35, -9.672203063965e-01, 1.476580594855e-05, 0.0000e+00, 0.0000e+00, 
 1DIAGNOSTIC,    36, -9.672012329102e-01, 1.217764893304e-05, 0.0000e+00, 0.0000e+00, 
 1DIAGNOSTIC,    37, -9.673147201538e-01, 1.159143093999e-05, 0.0000e+00, 0.0000e+00, 
 1DIAGNOSTIC,    38, -9.672925472260e-01, 9.818483834991e-06, 0.0000e+00, 0.0000e+00, 
 1DIAGNOSTIC,    39, -9.673948287964e-01, 9.644021936699e-06, 0.0000e+00, 0.0000e+00, 
 1DIAGNOSTIC,    40, -9.673755168915e-01, 8.131498450706e-06, 0.0000e+00, 0.0000e+00, 
 1DIAGNOSTIC,    41, -9.674677848816e-01, 7.928248116948e-06, 0.0000e+00, 0.0000e+00, 
 1DIAGNOSTIC,    42, -9.674465656281e-01, 6.778456641911e-06, 0.0000e+00, 0.0000e+00, 
 1DIAGNOSTIC,    43, -9.675295352936e-01, 6.684554609566e-06, 0.0000e+00, 0.0000e+00, 
 1DIAGNOSTIC,    44, -9.675054550171e-01, 5.731808550798e-06, 0.0000e+00, 0.0000e+00, 
 1DIAGNOSTIC,    45, -9.675796031952e-01, 5.654136204042e-06, 0.0000e+00, 0.0000e+00, 
 1DIAGNOSTIC,    46, -9.675555229187e-01, 4.801671956271e-06, 0.0000e+00, 0.0000e+00, 
 1DIAGNOSTIC,    47, -9.676227569580e-01, 4.746542444756e-06, 0.0000e+00, 0.0000e+00, 
 1DIAGNOSTIC,    48, -9.675998687744e-01, 4.002736554556e-06, 0.0000e+00, 0.0000e+00, 
 1DIAGNOSTIC,    49, -9.676599502563e-01, 3.963955212478e-06, 0.0000e+00, 0.0000e+00, 
 1DIAGNOSTIC,    50, -9.676382541656e-01, 3.346112793963e-06, 0.0000e+00, 0.0000e+00, 
 1DIAGNOSTIC,    51, -9.676926136017e-01, 3.355848521437e-06, 0.0000e+00, 0.0000e+00, 
 1DIAGNOSTIC,    52, -9.676716327667e-01, 2.845095315812e-06, 0.0000e+00, 0.0000e+00, 
 1DIAGNOSTIC,    53, -9.677195549011e-01, 2.881494796304e-06, 0.0000e+00, 0.0000e+00, 
 1DIAGNOSTIC,    54, -9.677004814148e-01, 2.445816323391e-06, 0.0000e+00, 0.0000e+00, 
 1DIAGNOSTIC,    55, -9.677445888519e-01, 2.493896334742e-06, 0.0000e+00, 0.0000e+00, 
 1DIAGNOSTIC,    56, -9.677278995514e-01, 2.127258493054e-06, 0.0000e+00, 0.0000e+00, 
 1DIAGNOSTIC,    57, -9.677679538727e-01, 2.189361860166e-06, 0.0000e+00, 0.0000e+00, 
 1DIAGNOSTIC,    58, -9.677536487579e-01, 1.891250817253e-06, 0.0000e+00, 0.0000e+00, 
 1DIAGNOSTIC,    59, -9.677915573120e-01, 1.973117810253e-06, 0.0000e+00, 0.0000e+00, 
 1DIAGNOSTIC,    60, -9.677779674530e-01, 1.729888271695e-06, 0.0000e+00, 0.0000e+00, 
 1DIAGNOSTIC,    61, -9.678125381470e-01, 1.817416342292e-06, 0.0000e+00, 0.0000e+00, 
 1DIAGNOSTIC,    62, -9.677889347076e-01, 1.555890061646e-06, 0.0000e+00, 0.0000e+00, 
 1DIAGNOSTIC,    63, -9.678201675415e-01, 1.581490164673e-06, 0.0000e+00, 0.0000e+00, 
 1DIAGNOSTIC,    64, -9.678089618683e-01, 1.354183704269e-06, 0.0000e+00, 0.0000e+00, 
 1DIAGNOSTIC,    65, -9.678368568420e-01, 1.383420307102e-06, 0.0000e+00, 0.0000e+00, 
 1DIAGNOSTIC,    66, -9.678277969360e-01, 1.203735853297e-06, 0.0000e+00, 0.0000e+00, 
 1DIAGNOSTIC,    67, -9.678525924683e-01, 1.251391583485e-06, 0.0000e+00, 0.0000e+00, 
 1DIAGNOSTIC,    68, -9.678456783295e-01, 1.124687864378e-06, 0.0000e+00, 0.0000e+00, 
 1DIAGNOSTIC,    69, -9.678673744202e-01, 1.196879270575e-06, 0.0000e+00, 0.0000e+00, 
 1DIAGNOSTIC,    70, -9.678618907928e-01, 1.109746558318e-06, 0.0000e+00, 0.0000e+00, 
 1DIAGNOSTIC,    71, -9.678807258606e-01, 1.188944853759e-06, 0.0000e+00, 0.0000e+00, 
 1DIAGNOSTIC,    72, -9.678769111633e-01, 1.077484913455e-06, 0.0000e+00, 0.0000e+00, 
 1DIAGNOSTIC,    73, -9.678938388824e-01, 1.105610584563e-06, 0.0000e+00, 0.0000e+00, 
 1DIAGNOSTIC,    74, -9.678914546967e-01, 1.010232358377e-06, 0.0000e+00, 0.0000e+00, 
 1DIAGNOSTIC,    75, -9.679067134857e-01, 1.033828613224e-06, 0.0000e+00, 0.0000e+00, 
 1DIAGNOSTIC,    76, -9.679045677185e-01, 9.511570265887e-07, 0.0000e+00, 0.0000e+00, 
XXDIAGNOSTIC,Iteration,metricValue,convergenceValue,ITERATION_TIME_INDEX,SINCE_LAST
 1DIAGNOSTIC,     1, -9.090623855591e-01, 1.797693134862e+308, 0.0000e+00, 0.0000e+00, 
 1DIAGNOSTIC,     2, -9.119136333466e-01, 1.797693134862e+308, 0.0000e+00, 0.0000e+00, 
 1DIAGNOSTIC,     3, -9.150002002716e-01, 1.797693134862e+308, 0.0000e+00, 0.0000e+00, 
 1DIAGNOSTIC,     4, -9.179649353027e-01, 1.797693134862e+308, 0.0000e+00, 0.0000e+00, 
 1DIAGNOSTIC,     5, -9.204096794128e-01, 1.797693134862e+308, 0.0000e+00, 0.0000e+00, 
 1DIAGNOSTIC,     6, -9.227073192596e-01, 1.797693134862e+308, 0.0000e+00, 0.0000e+00, 
 1DIAGNOSTIC,     7, -9.247732162476e-01, 1.797693134862e+308, 0.0000e+00, 0.0000e+00, 
 1DIAGNOSTIC,     8, -9.266009330750e-01, 1.797693134862e+308, 0.0000e+00, 0.0000e+00, 
 1DIAGNOSTIC,     9, -9.282882213593e-01, 1.797693134862e+308, 0.0000e+00, 0.0000e+00, 
 1DIAGNOSTIC,    10, -9.295873641968e-01, 1.439716143513e-03, 0.0000e+00, 0.0000e+00, 
 1DIAGNOSTIC,    11, -9.309844970703e-01, 1.188660766293e-03, 0.0000e+00, 0.0000e+00, 
 1DIAGNOSTIC,    12, -9.322073459625e-01, 9.765742033861e-04, 0.0000e+00, 0.0000e+00, 
 1DIAGNOSTIC,    13, -9.333775043488e-01, 8.088739001938e-04, 0.0000e+00, 0.0000e+00, 
 1DIAGNOSTIC,    14, -9.344501495361e-01, 6.798440975267e-04, 0.0000e+00, 0.0000e+00, 
 1DIAGNOSTIC,    15, -9.354422092438e-01, 5.759136373332e-04, 0.0000e+00, 0.0000e+00, 
 1DIAGNOSTIC,    16, -9.363658428192e-01, 4.935785739356e-04, 0.0000e+00, 0.0000e+00, 
 1DIAGNOSTIC,    17, -9.372293949127e-01, 4.279774753725e-04, 0.0000e+00, 0.0000e+00, 
 1DIAGNOSTIC,    18, -9.380373954773e-01, 3.746838828995e-04, 0.0000e+00, 0.0000e+00, 
 1DIAGNOSTIC,    19, -9.387626647949e-01, 3.310329991111e-04, 0.0000e+00, 0.0000e+00, 
 1DIAGNOSTIC,    20, -9.394435882568e-01, 2.910991426585e-04, 0.0000e+00, 0.0000e+00, 
 1DIAGNOSTIC,    21, -9.400761127472e-01, 2.572866270862e-04, 0.0000e+00, 0.0000e+00, 
 1DIAGNOSTIC,    22, -9.405858516693e-01, 2.264715835795e-04, 0.0000e+00, 0.0000e+00, 
 1DIAGNOSTIC,    23, -9.410157203674e-01, 1.983326718540e-04, 0.0000e+00, 0.0000e+00, 
 1DIAGNOSTIC,    24, -9.413726329803e-01, 1.720955364502e-04, 0.0000e+00, 0.0000e+00, 
 1DIAGNOSTIC,    25, -9.416582584381e-01, 1.473621063244e-04, 0.0000e+00, 0.0000e+00, 
 1DIAGNOSTIC,    26, -9.418842792511e-01, 1.241373602754e-04, 0.0000e+00, 0.0000e+00, 
 1DIAGNOSTIC,    27, -9.420680999756e-01, 1.027672549493e-04, 5.1200e+02, 5.1200e+02, 
 1DIAGNOSTIC,    28, -9.422087669373e-01, 8.357969174585e-05, 5.1200e+02, 0.0000e+00, 
 1DIAGNOSTIC,    29, -9.423127174377e-01, 6.655484244143e-05, 5.1200e+02, 0.0000e+00, 
 1DIAGNOSTIC,    30, -9.423773288727e-01, 5.195974109317e-05, 5.1200e+02, 0.0000e+00, 
 1DIAGNOSTIC,    31, -9.424164295197e-01, 4.002698420013e-05, 5.1200e+02, 0.0000e+00, 
 1DIAGNOSTIC,    32, -9.424309730530e-01, 3.008185912338e-05, 5.1200e+02, 0.0000e+00, 
 1DIAGNOSTIC,    33, -9.423091411591e-01, 2.077986294376e-05, 5.1200e+02, 0.0000e+00, 
 1DIAGNOSTIC,    34, -9.423027038574e-01, 1.328155455729e-05, 5.1200e+02, 0.0000e+00, 
 1DIAGNOSTIC,    35, -9.421212673187e-01, 5.909192391070e-06, 5.1200e+02, 0.0000e+00, 
 1DIAGNOSTIC,    36, -9.421093463898e-01, 2.870498606554e-07, 5.1200e+02, 0.0000e+00, 
XXDIAGNOSTIC,Iteration,metricValue,convergenceValue,ITERATION_TIME_INDEX,SINCE_LAST
 1DIAGNOSTIC,     1, -8.960437774658e-01, 1.797693134862e+308, 5.1200e+02, 0.0000e+00, 
 1DIAGNOSTIC,     2, -8.984060287476e-01, 1.797693134862e+308, 5.1200e+02, 0.0000e+00, 
 1DIAGNOSTIC,     3, -9.012603759766e-01, 1.797693134862e+308, 5.1200e+02, 0.0000e+00, 
 1DIAGNOSTIC,     4, -9.039311408997e-01, 1.797693134862e+308, 5.1200e+02, 0.0000e+00, 
 1DIAGNOSTIC,     5, -9.065015316010e-01, 1.797693134862e+308, 1.0240e+03, 5.1200e+02, 
 1DIAGNOSTIC,     6, -9.084596633911e-01, 1.797693134862e+308, 1.0240e+03, 0.0000e+00, 
 1DIAGNOSTIC,     7, -9.103503227234e-01, 1.797693134862e+308, 1.0240e+03, 0.0000e+00, 
 1DIAGNOSTIC,     8, -9.119472503662e-01, 1.797693134862e+308, 1.0240e+03, 0.0000e+00, 
 1DIAGNOSTIC,     9, -9.135417938232e-01, 1.797693134862e+308, 1.0240e+03, 0.0000e+00, 
 1DIAGNOSTIC,    10, -9.149115085602e-01, 1.348594593667e-03, 1.5360e+03, 5.1200e+02, 
 1DIAGNOSTIC,    11, -9.161722660065e-01, 1.121753746205e-03, 1.5360e+03, 0.0000e+00, 
 1DIAGNOSTIC,    12, -9.172227382660e-01, 9.205145008700e-04, 1.5360e+03, 0.0000e+00, 
 1DIAGNOSTIC,    13, -9.183089733124e-01, 7.613081950870e-04, 1.5360e+03, 0.0000e+00, 
 1DIAGNOSTIC,    14, -9.191567897797e-01, 6.334363728155e-04, 1.5360e+03, 0.0000e+00, 
 1DIAGNOSTIC,    15, -9.200563430786e-01, 5.366506688247e-04, 2.0480e+03, 5.1200e+02, 
 1DIAGNOSTIC,    16, -9.207470417023e-01, 4.540011988654e-04, 2.0480e+03, 0.0000e+00, 
 1DIAGNOSTIC,    17, -9.213876724243e-01, 3.855172257818e-04, 2.0480e+03, 0.0000e+00, 
 1DIAGNOSTIC,    18, -9.219963550568e-01, 3.269549393534e-04, 2.0480e+03, 0.0000e+00, 
 1DIAGNOSTIC,    19, -9.225845336914e-01, 2.798200574839e-04, 2.0480e+03, 0.0000e+00, 
 1DIAGNOSTIC,    20, -9.231407642365e-01, 2.411743694915e-04, 2.0480e+03, 0.0000e+00, 
 1DIAGNOSTIC,    21, -9.236564636230e-01, 2.099565141952e-04, 2.5600e+03, 5.1200e+02, 
 1DIAGNOSTIC,    22, -9.241304397583e-01, 1.834029490514e-04, 2.5600e+03, 0.0000e+00, 
 1DIAGNOSTIC,    23, -9.245727062225e-01, 1.626051495626e-04, 2.5600e+03, 0.0000e+00, 
 1DIAGNOSTIC,    24, -9.249825477600e-01, 1.444684330971e-04, 2.5600e+03, 0.0000e+00, 
 1DIAGNOSTIC,    25, -9.253673553467e-01, 1.301307849135e-04, 2.5600e+03, 0.0000e+00, 
 1DIAGNOSTIC,    26, -9.257307052612e-01, 1.172181457373e-04, 3.0720e+03, 5.1200e+02, 
 1DIAGNOSTIC,    27, -9.260787963867e-01, 1.055707170319e-04, 3.0720e+03, 0.0000e+00, 
 1DIAGNOSTIC,    28, -9.264123439789e-01, 9.522320588587e-05, 3.0720e+03, 0.0000e+00, 
 1DIAGNOSTIC,    29, -9.267313480377e-01, 8.628700083368e-05, 3.0720e+03, 0.0000e+00, 
 1DIAGNOSTIC,    30, -9.270398616791e-01, 7.872049148121e-05, 3.0720e+03, 0.0000e+00, 
 1DIAGNOSTIC,    31, -9.273269176483e-01, 7.221863707384e-05, 3.0720e+03, 0.0000e+00, 
 1DIAGNOSTIC,    32, -9.275984764099e-01, 6.650737919735e-05, 3.5840e+03, 5.1200e+02, 
 1DIAGNOSTIC,    33, -9.278531074524e-01, 6.138958272625e-05, 3.5840e+03, 0.0000e+00, 
 1DIAGNOSTIC,    34, -9.280915260315e-01, 5.666692175516e-05, 3.5840e+03, 0.0000e+00, 
 1DIAGNOSTIC,    35, -9.283156394958e-01, 5.223755504032e-05, 3.5840e+03, 0.0000e+00, 
 1DIAGNOSTIC,    36, -9.285278320312e-01, 4.805945288917e-05, 3.5840e+03, 0.0000e+00, 
 1DIAGNOSTIC,    37, -9.287133216858e-01, 4.402283290219e-05, 4.0960e+03, 5.1200e+02, 
 1DIAGNOSTIC,    38, -9.288744926453e-01, 4.006584858226e-05, 4.0960e+03, 0.0000e+00, 
 1DIAGNOSTIC,    39, -9.290137290955e-01, 3.616181463448e-05, 4.0960e+03, 0.0000e+00, 
 1DIAGNOSTIC,    40, -9.291386604309e-01, 3.239170817268e-05, 4.0960e+03, 0.0000e+00, 
 1DIAGNOSTIC,    41, -9.292490482330e-01, 2.874773421105e-05, 4.0960e+03, 0.0000e+00, 
 1DIAGNOSTIC,    42, -9.293513298035e-01, 2.532294848454e-05, 4.0960e+03, 0.0000e+00, 
 1DIAGNOSTIC,    43, -9.294350147247e-01, 2.211178038366e-05, 4.6080e+03, 5.1200e+02, 
 1DIAGNOSTIC,    44, -9.295041561127e-01, 1.913774824170e-05, 4.6080e+03, 0.0000e+00, 
 1DIAGNOSTIC,    45, -9.295599460602e-01, 1.643160758971e-05, 4.6080e+03, 0.0000e+00, 
 1DIAGNOSTIC,    46, -9.296119213104e-01, 1.409039566574e-05, 4.6080e+03, 0.0000e+00, 
 1DIAGNOSTIC,    47, -9.296526908875e-01, 1.203259589966e-05, 4.6080e+03, 0.0000e+00, 
 1DIAGNOSTIC,    48, -9.296851158142e-01, 1.020294751638e-05, 5.1200e+03, 5.1200e+02, 
 1DIAGNOSTIC,    49, -9.297146797180e-01, 8.585624102851e-06, 5.1200e+03, 0.0000e+00, 
 1DIAGNOSTIC,    50, -9.297413825989e-01, 7.197507771863e-06, 5.1200e+03, 0.0000e+00, 
XXDIAGNOSTIC,Iteration,metricValue,convergenceValue,ITERATION_TIME_INDEX,SINCE_LAST
 1DIAGNOSTIC,     1, -8.863353729248e-01, 1.797693134862e+308, 6.1440e+03, 1.0240e+03, 
 1DIAGNOSTIC,     2, -8.872120380402e-01, 1.797693134862e+308, 6.6560e+03, 5.1200e+02, 
 1DIAGNOSTIC,     3, -8.887143135071e-01, 1.797693134862e+308, 7.6800e+03, 1.0240e+03, 
 1DIAGNOSTIC,     4, -8.903455734253e-01, 1.797693134862e+308, 8.7040e+03, 1.0240e+03, 
 1DIAGNOSTIC,     5, -8.922195434570e-01, 1.797693134862e+308, 9.2160e+03, 5.1200e+02, 
 1DIAGNOSTIC,     6, -8.940734863281e-01, 1.797693134862e+308, 1.0240e+04, 1.0240e+03, 
 1DIAGNOSTIC,     7, -8.956658840179e-01, 1.797693134862e+308, 1.1264e+04, 1.0240e+03, 
 1DIAGNOSTIC,     8, -8.971793651581e-01, 1.797693134862e+308, 1.1776e+04, 5.1200e+02, 
 1DIAGNOSTIC,     9, -8.986372947693e-01, 1.797693134862e+308, 1.2800e+04, 1.0240e+03, 
 1DIAGNOSTIC,    10, -8.999192714691e-01, 1.031097549616e-03, 1.3312e+04, 5.1200e+02, 
 1DIAGNOSTIC,    11, -9.010946750641e-01, 9.300386123880e-04, 1.4336e+04, 1.0240e+03, 
 1DIAGNOSTIC,    12, -9.021887779236e-01, 8.142714358817e-04, 1.5360e+04, 1.0240e+03, 
 1DIAGNOSTIC,    13, -9.031023979187e-01, 7.015145400923e-04, 1.5872e+04, 5.1200e+02, 
 1DIAGNOSTIC,    14, -9.039466381073e-01, 5.968336796835e-04, 1.6896e+04, 1.0240e+03, 
 1DIAGNOSTIC,    15, -9.046144485474e-01, 5.049266647505e-04, 1.7920e+04, 1.0240e+03, 
 1DIAGNOSTIC,    16, -9.052152633667e-01, 4.266037799599e-04, 1.8432e+04, 5.1200e+02, 
 1DIAGNOSTIC,    17, -9.057507514954e-01, 3.576414515376e-04, 1.9456e+04, 1.0240e+03, 
 1DIAGNOSTIC,    18, -9.062514305115e-01, 2.984943853079e-04, 2.0480e+04, 1.0240e+03, 
 1DIAGNOSTIC,    19, -9.067125320435e-01, 2.497097053130e-04, 2.0992e+04, 5.1200e+02, 
 1DIAGNOSTIC,    20, -9.071445465088e-01, 2.095761244426e-04, 2.2016e+04, 1.0240e+03, 
  Elapsed time (stage 0): 22016


Total elapsed time: 22016
