
##########################
# Experiment information #
##########################
SIF_IMG: /project/rrg-glatard/mdugre/containers/ants-p2-vprec.sif
EXPERIMENT_NAME: vprec-space_search
CONFIG: 0011
VFC_BACKENDS: libinterflop_vprec.so --range-binary32=7 --precision-binary32=14 --range-binary64=7 --precision-binary64=14

FIXED_IMG: /templateflow/tpl-MNI152NLin2009cAsym/tpl-MNI152NLin2009cAsym_res-01_desc-brain_T1w.nii.gz
SUBJECT_ID: 0003007
INPUT_IMG: /project/rrg-glatard/mdugre/datasets/corr/RawDataBIDS/BMB_1/derivatives/antsBrainExtraction/sub-0003007/BrainExtractionBrain.nii.gz
OUTPUT_DIR: /project/rrg-glatard/mdugre/datasets/corr/RawDataBIDS/BMB_1/derivatives/vprec-space_search/0011/r7-p14/sub-0003007

ITK_GLOBAL_DEFAULT_NUMBER_OF_THREADS: 8
##########################

VFC_BACKENDS=libinterflop_ieee.so
Info [verificarlo]: loaded backend libinterflop_ieee.so
Info [interflop-ieee]: load backend with:
Info [interflop-ieee]: debug = false
Info [interflop-ieee]: debug-binary = false
Info [interflop-ieee]: no-backend-name = false
Info [interflop-ieee]: print-new-line = false
Info [interflop-ieee]: print-subnormal-normalized = false
Info [interflop-ieee]: count-op = false
All_Command_lines_OK
Using double precision for computations.
=============================================================================
The composite transform comprises the following transforms (in order): 
  1. Center of mass alignment using fixed image: /templateflow/tpl-MNI152NLin2009cAsym/tpl-MNI152NLin2009cAsym_res-01_desc-brain_T1w.nii.gz and moving image: /project/rrg-glatard/mdugre/datasets/corr/RawDataBIDS/BMB_1/derivatives/antsBrainExtraction/sub-0003007/BrainExtractionBrain.nii.gz (type = Euler3DTransform)
=============================================================================
  number of levels = 1
  fixed image: /templateflow/tpl-MNI152NLin2009cAsym/tpl-MNI152NLin2009cAsym_res-01_desc-brain_T1w.nii.gz
  moving image: /project/rrg-glatard/mdugre/datasets/corr/RawDataBIDS/BMB_1/derivatives/antsBrainExtraction/sub-0003007/BrainExtractionBrain.nii.gz
Dimension = 3
Number of stages = 1
Use histogram matching = false
Winsorize image intensities = true
  Lower quantile = 0.005
  Upper quantile = 0.995


Stage 1 State
   Image metric = MattesMI
     Fixed image = Image (0x3d4b390)
  RTTI typeinfo:   itk::Image<double, 3u>
  Reference Count: 2
  Modified Time: 2330
  Debug: Off
  Object Name: 
  Observers: 
    none
  Source: (none)
  Source output name: (none)
  Release Data: Off
  Data Released: False
  Global Release Data: Off
  PipelineMTime: 0
  UpdateMTime: 1941
  RealTimeStamp: 0 seconds 
  LargestPossibleRegion: 
    Dimension: 3
    Index: [0, 0, 0]
    Size: [193, 229, 193]
  BufferedRegion: 
    Dimension: 3
    Index: [0, 0, 0]
    Size: [193, 229, 193]
  RequestedRegion: 
    Dimension: 3
    Index: [0, 0, 0]
    Size: [193, 229, 193]
  Spacing: [1, 1, 1]
  Origin: [96, 132, -78]
  Direction: 
-1 0 0
0 -1 0
0 0 1

  IndexToPointMatrix: 
-1 0 0
0 -1 0
0 0 1

  PointToIndexMatrix: 
-1 0 0
0 -1 0
0 0 1

  Inverse Direction: 
-1 0 0
0 -1 0
0 0 1

  PixelContainer: 
    ImportImageContainer (0x3e16a90)
      RTTI typeinfo:   itk::ImportImageContainer<unsigned long, double>
      Reference Count: 1
      Modified Time: 1938
      Debug: Off
      Object Name: 
      Observers: 
        none
      Pointer: 0x1529dee4f010
      Container manages memory: true
      Size: 8530021
      Capacity: 8530021

     Moving image = Image (0x3d50390)
  RTTI typeinfo:   itk::Image<double, 3u>
  Reference Count: 2
  Modified Time: 2331
  Debug: Off
  Object Name: 
  Observers: 
    none
  Source: (none)
  Source output name: (none)
  Release Data: Off
  Data Released: False
  Global Release Data: Off
  PipelineMTime: 0
  UpdateMTime: 2328
  RealTimeStamp: 0 seconds 
  LargestPossibleRegion: 
    Dimension: 3
    Index: [0, 0, 0]
    Size: [176, 256, 256]
  BufferedRegion: 
    Dimension: 3
    Index: [0, 0, 0]
    Size: [176, 256, 256]
  RequestedRegion: 
    Dimension: 3
    Index: [0, 0, 0]
    Size: [176, 256, 256]
  Spacing: [1, 1, 1]
  Origin: [-80.7843, 114.116, -114.349]
  Direction: 
1 0 0
0 -1 0
0 0 1

  IndexToPointMatrix: 
1 0 0
0 -1 0
0 0 1

  PointToIndexMatrix: 
1 0 0
0 -1 0
0 0 1

  Inverse Direction: 
1 0 0
0 -1 0
0 0 1

  PixelContainer: 
    ImportImageContainer (0x3ef6b90)
      RTTI typeinfo:   itk::ImportImageContainer<unsigned long, double>
      Reference Count: 1
      Modified Time: 2325
      Debug: Off
      Object Name: 
      Observers: 
        none
      Pointer: 0x1529d964e010
      Container manages memory: true
      Size: 11534336
      Capacity: 11534336

     Weighting = 1
     Sampling strategy = regular
     Number of bins = 32
     Radius = 4
     Sampling percentage  = 0.25
   Transform = Rigid
     Gradient step = 0.1
     Update field sigma (voxel space) = 0
     Total field sigma (voxel space) = 0
     Update field time sigma = 0
     Total field time sigma  = 0
     Number of time indices = 0
     Number of time point samples = 0
Registration using 1 total stages.

Stage 0
  iterations = 0
  convergence threshold = 1e-06
  convergence window size = 10
  number of levels = 1
  using the Mattes MI metric (number of bins = 32, weight = 1, use gradient filter = 0)
  preprocessing:  winsorizing the image intensities
  Shrink factors (level 1 out of 1): [1, 1, 1]
  smoothing sigmas per level: [0]
  regular sampling (percentage = 0.25)

*** Running Euler3DTransform registration ***

  Elapsed time (stage 0): 0.969765


Total elapsed time: 0.971523
VFC_BACKENDS=libinterflop_ieee.so
Info [verificarlo]: loaded backend libinterflop_ieee.so
Info [interflop-ieee]: load backend with:
Info [interflop-ieee]: debug = false
Info [interflop-ieee]: debug-binary = false
Info [interflop-ieee]: no-backend-name = false
Info [interflop-ieee]: print-new-line = false
Info [interflop-ieee]: print-subnormal-normalized = false
Info [interflop-ieee]: count-op = false
All_Command_lines_OK
Using double precision for computations.
=============================================================================
The composite transform comprises the following transforms (in order): 
  1. /project/rrg-glatard/mdugre/datasets/corr/RawDataBIDS/BMB_1/derivatives/vprec-space_search/0011/r7-p14/sub-0003007/align_Composite.h5[0] (type = Euler3DTransform)
  2. /project/rrg-glatard/mdugre/datasets/corr/RawDataBIDS/BMB_1/derivatives/vprec-space_search/0011/r7-p14/sub-0003007/align_Composite.h5[1] (type = Euler3DTransform)
=============================================================================
  number of levels = 4
  fixed image: /templateflow/tpl-MNI152NLin2009cAsym/tpl-MNI152NLin2009cAsym_res-01_desc-brain_T1w.nii.gz
  moving image: /project/rrg-glatard/mdugre/datasets/corr/RawDataBIDS/BMB_1/derivatives/antsBrainExtraction/sub-0003007/BrainExtractionBrain.nii.gz
Dimension = 3
Number of stages = 1
Use histogram matching = false
Winsorize image intensities = true
  Lower quantile = 0.005
  Upper quantile = 0.995


Stage 1 State
   Image metric = MattesMI
     Fixed image = Image (0x493d650)
  RTTI typeinfo:   itk::Image<double, 3u>
  Reference Count: 2
  Modified Time: 1578
  Debug: Off
  Object Name: 
  Observers: 
    none
  Source: (none)
  Source output name: (none)
  Release Data: Off
  Data Released: False
  Global Release Data: Off
  PipelineMTime: 0
  UpdateMTime: 1189
  RealTimeStamp: 0 seconds 
  LargestPossibleRegion: 
    Dimension: 3
    Index: [0, 0, 0]
    Size: [193, 229, 193]
  BufferedRegion: 
    Dimension: 3
    Index: [0, 0, 0]
    Size: [193, 229, 193]
  RequestedRegion: 
    Dimension: 3
    Index: [0, 0, 0]
    Size: [193, 229, 193]
  Spacing: [1, 1, 1]
  Origin: [96, 132, -78]
  Direction: 
-1 0 0
0 -1 0
0 0 1

  IndexToPointMatrix: 
-1 0 0
0 -1 0
0 0 1

  PointToIndexMatrix: 
-1 0 0
0 -1 0
0 0 1

  Inverse Direction: 
-1 0 0
0 -1 0
0 0 1

  PixelContainer: 
    ImportImageContainer (0x49fb210)
      RTTI typeinfo:   itk::ImportImageContainer<unsigned long, double>
      Reference Count: 1
      Modified Time: 1186
      Debug: Off
      Object Name: 
      Observers: 
        none
      Pointer: 0x1553e3c00010
      Container manages memory: true
      Size: 8530021
      Capacity: 8530021

     Moving image = Image (0x49f86e0)
  RTTI typeinfo:   itk::Image<double, 3u>
  Reference Count: 2
  Modified Time: 1579
  Debug: Off
  Object Name: 
  Observers: 
    none
  Source: (none)
  Source output name: (none)
  Release Data: Off
  Data Released: False
  Global Release Data: Off
  PipelineMTime: 0
  UpdateMTime: 1576
  RealTimeStamp: 0 seconds 
  LargestPossibleRegion: 
    Dimension: 3
    Index: [0, 0, 0]
    Size: [176, 256, 256]
  BufferedRegion: 
    Dimension: 3
    Index: [0, 0, 0]
    Size: [176, 256, 256]
  RequestedRegion: 
    Dimension: 3
    Index: [0, 0, 0]
    Size: [176, 256, 256]
  Spacing: [1, 1, 1]
  Origin: [-80.7843, 114.116, -114.349]
  Direction: 
1 0 0
0 -1 0
0 0 1

  IndexToPointMatrix: 
1 0 0
0 -1 0
0 0 1

  PointToIndexMatrix: 
1 0 0
0 -1 0
0 0 1

  Inverse Direction: 
1 0 0
0 -1 0
0 0 1

  PixelContainer: 
    ImportImageContainer (0x49ca970)
      RTTI typeinfo:   itk::ImportImageContainer<unsigned long, double>
      Reference Count: 1
      Modified Time: 1573
      Debug: Off
      Object Name: 
      Observers: 
        none
      Pointer: 0x1553de3ff010
      Container manages memory: true
      Size: 11534336
      Capacity: 11534336

     Weighting = 1
     Sampling strategy = regular
     Number of bins = 32
     Radius = 4
     Sampling percentage  = 0.25
   Transform = Rigid
     Gradient step = 0.1
     Update field sigma (voxel space) = 0
     Total field sigma (voxel space) = 0
     Update field time sigma = 0
     Total field time sigma  = 0
     Number of time indices = 0
     Number of time point samples = 0
Registration using 1 total stages.

Stage 0
  iterations = 1000x500x250x100
  convergence threshold = 1e-06
  convergence window size = 10
  number of levels = 4
  using the Mattes MI metric (number of bins = 32, weight = 1, use gradient filter = 0)
  preprocessing:  winsorizing the image intensities
  Shrink factors (level 1 out of 4): [8, 8, 8]
  Shrink factors (level 2 out of 4): [4, 4, 4]
  Shrink factors (level 3 out of 4): [2, 2, 2]
  Shrink factors (level 4 out of 4): [1, 1, 1]
  smoothing sigmas per level: [3, 2, 1, 0]
  regular sampling (percentage = 0.25)

*** Running Euler3DTransform registration ***

DIAGNOSTIC,Iteration,metricValue,convergenceValue,ITERATION_TIME_INDEX,SINCE_LAST
 2DIAGNOSTIC,     1, -5.533827012545e-01, 1.797693134862e+308, 1.2742e+00, 1.2742e+00, 
 2DIAGNOSTIC,     2, -5.548057242403e-01, 1.797693134862e+308, 1.2803e+00, 6.0771e-03, 
 2DIAGNOSTIC,     3, -5.574273660478e-01, 1.797693134862e+308, 1.2863e+00, 6.0718e-03, 
 2DIAGNOSTIC,     4, -5.621871738776e-01, 1.797693134862e+308, 1.2918e+00, 5.5151e-03, 
 2DIAGNOSTIC,     5, -5.680916404024e-01, 1.797693134862e+308, 1.2967e+00, 4.8680e-03, 
 2DIAGNOSTIC,     6, -5.759556736010e-01, 1.797693134862e+308, 1.3021e+00, 5.4269e-03, 
 2DIAGNOSTIC,     7, -5.949428858796e-01, 1.797693134862e+308, 1.3079e+00, 5.7399e-03, 
 2DIAGNOSTIC,     8, -5.990738060808e-01, 1.797693134862e+308, 1.3143e+00, 6.4430e-03, 
 2DIAGNOSTIC,     9, -6.116511803074e-01, 1.797693134862e+308, 1.3215e+00, 7.1352e-03, 
 2DIAGNOSTIC,    10, -6.231398612064e-01, 8.099671705720e-03, 1.3289e+00, 7.4341e-03, 
 2DIAGNOSTIC,    11, -6.465355832460e-01, 8.884113003809e-03, 1.3356e+00, 6.6810e-03, 
 2DIAGNOSTIC,    12, -6.612576914824e-01, 9.338947766875e-03, 1.3420e+00, 6.3920e-03, 
 2DIAGNOSTIC,    13, -6.952203654314e-01, 1.017175201468e-02, 1.3486e+00, 6.6810e-03, 
 2DIAGNOSTIC,    14, -7.022696254608e-01, 1.032632564848e-02, 1.3548e+00, 6.1889e-03, 
 2DIAGNOSTIC,    15, -7.086277513554e-01, 9.901985877097e-03, 1.3600e+00, 5.1830e-03, 
 2DIAGNOSTIC,    16, -7.144745497904e-01, 9.017100821643e-03, 1.3657e+00, 5.6939e-03, 
 2DIAGNOSTIC,    17, -7.159130674752e-01, 7.966905442872e-03, 1.3738e+00, 8.0690e-03, 
 2DIAGNOSTIC,    18, -7.162115796973e-01, 6.420660869465e-03, 1.3805e+00, 6.7070e-03, 
 2DIAGNOSTIC,    19, -7.160704310687e-01, 4.760525167080e-03, 1.3864e+00, 5.9280e-03, 
 2DIAGNOSTIC,    20, -7.160061656949e-01, 3.099207421570e-03, 1.3924e+00, 6.0170e-03, 
 2DIAGNOSTIC,    21, -7.159508390371e-01, 1.817688975901e-03, 1.3990e+00, 6.5970e-03, 
 2DIAGNOSTIC,    22, -7.160804918928e-01, 7.765309322914e-04, 1.4051e+00, 6.0868e-03, 
 2DIAGNOSTIC,    23, -7.158869256486e-01, 4.044903778150e-04, 1.4109e+00, 5.8100e-03, 
 2DIAGNOSTIC,    24, -7.157712577135e-01, 1.532541066519e-04, 1.4171e+00, 6.1679e-03, 
 2DIAGNOSTIC,    25, -7.157118782514e-01, 1.668421646628e-05, 1.4226e+00, 5.5351e-03, 
DIAGNOSTIC,Iteration,metricValue,convergenceValue,ITERATION_TIME_INDEX,SINCE_LAST
 2DIAGNOSTIC,     1, -5.868609936534e-01, 1.797693134862e+308, 2.6905e+00, 1.2678e+00, 
 2DIAGNOSTIC,     2, -5.871941006193e-01, 1.797693134862e+308, 2.7367e+00, 4.6222e-02, 
 2DIAGNOSTIC,     3, -5.877365932306e-01, 1.797693134862e+308, 2.7822e+00, 4.5540e-02, 
 2DIAGNOSTIC,     4, -5.883044555672e-01, 1.797693134862e+308, 2.8295e+00, 4.7225e-02, 
 2DIAGNOSTIC,     5, -5.886065840922e-01, 1.797693134862e+308, 2.8798e+00, 5.0291e-02, 
 2DIAGNOSTIC,     6, -5.888225069823e-01, 1.797693134862e+308, 2.9257e+00, 4.5900e-02, 
 2DIAGNOSTIC,     7, -5.893480503656e-01, 1.797693134862e+308, 2.9806e+00, 5.4963e-02, 
 2DIAGNOSTIC,     8, -5.896036570831e-01, 1.797693134862e+308, 3.0578e+00, 7.7207e-02, 
 2DIAGNOSTIC,     9, -5.896448936542e-01, 1.797693134862e+308, 3.1042e+00, 4.6349e-02, 
 2DIAGNOSTIC,    10, -5.898349244041e-01, 3.387088164809e-04, 3.1551e+00, 5.0956e-02, 
 2DIAGNOSTIC,    11, -5.898943963776e-01, 2.673969767231e-04, 3.2037e+00, 4.8546e-02, 
 2DIAGNOSTIC,    12, -5.899889956635e-01, 2.009518222621e-04, 3.2497e+00, 4.6046e-02, 
 2DIAGNOSTIC,    13, -5.900883649372e-01, 1.501354628298e-04, 3.3017e+00, 5.2013e-02, 
 2DIAGNOSTIC,    14, -5.902646735321e-01, 1.188055479309e-04, 3.3485e+00, 4.6767e-02, 
 2DIAGNOSTIC,    15, -5.908129614283e-01, 1.083184946230e-04, 3.4067e+00, 5.8164e-02, 
 2DIAGNOSTIC,    16, -5.908176957385e-01, 9.529777596338e-05, 3.4616e+00, 5.4944e-02, 
 2DIAGNOSTIC,    17, -5.908325035593e-01, 9.064980223127e-05, 3.5080e+00, 4.6355e-02, 
 2DIAGNOSTIC,    18, -5.909042254005e-01, 8.730057713011e-05, 3.5568e+00, 4.8809e-02, 
 2DIAGNOSTIC,    19, -5.910058028931e-01, 7.973925436064e-05, 3.6228e+00, 6.5997e-02, 
 2DIAGNOSTIC,    20, -5.910587297780e-01, 7.128143855616e-05, 3.6758e+00, 5.3049e-02, 
 2DIAGNOSTIC,    21, -5.910933715547e-01, 5.930084061031e-05, 3.7298e+00, 5.3989e-02, 
 2DIAGNOSTIC,    22, -5.911248429680e-01, 4.597584913438e-05, 3.7820e+00, 5.2224e-02, 
 2DIAGNOSTIC,    23, -5.911324791613e-01, 3.189616538040e-05, 3.8426e+00, 6.0599e-02, 
 2DIAGNOSTIC,    24, -5.911038996830e-01, 1.875967631765e-05, 3.8956e+00, 5.2987e-02, 
 2DIAGNOSTIC,    25, -5.910918888058e-01, 1.539851516556e-05, 4.0545e+00, 1.5893e-01, 
 2DIAGNOSTIC,    26, -5.910918888011e-01, 1.108032141044e-05, 4.1828e+00, 1.2825e-01, 
 2DIAGNOSTIC,    27, -5.910918888011e-01, 6.396008571809e-06, 4.2383e+00, 5.5476e-02, 
 2DIAGNOSTIC,    28, -5.910918888011e-01, 2.753670661104e-06, 4.2910e+00, 5.2747e-02, 
DIAGNOSTIC,Iteration,metricValue,convergenceValue,ITERATION_TIME_INDEX,SINCE_LAST
 2DIAGNOSTIC,     1, -5.186809971380e-01, 1.797693134862e+308, 5.9871e+00, 1.6961e+00, 
 2DIAGNOSTIC,     2, -5.191209115419e-01, 1.797693134862e+308, 6.3219e+00, 3.3477e-01, 
 2DIAGNOSTIC,     3, -5.194331764455e-01, 1.797693134862e+308, 6.6624e+00, 3.4050e-01, 
 2DIAGNOSTIC,     4, -5.195691848168e-01, 1.797693134862e+308, 7.0178e+00, 3.5544e-01, 
 2DIAGNOSTIC,     5, -5.195974790796e-01, 1.797693134862e+308, 7.3835e+00, 3.6562e-01, 
 2DIAGNOSTIC,     6, -5.196417524164e-01, 1.797693134862e+308, 7.7892e+00, 4.0578e-01, 
 2DIAGNOSTIC,     7, -5.197714117177e-01, 1.797693134862e+308, 8.1745e+00, 3.8529e-01, 
 2DIAGNOSTIC,     8, -5.197945800188e-01, 1.797693134862e+308, 8.6408e+00, 4.6624e-01, 
 2DIAGNOSTIC,     9, -5.198172236885e-01, 1.797693134862e+308, 9.0301e+00, 3.8930e-01, 
 2DIAGNOSTIC,    10, -5.198291779124e-01, 1.187164666369e-04, 9.4566e+00, 4.2653e-01, 
 2DIAGNOSTIC,    11, -5.198306436748e-01, 6.969296085027e-05, 9.8377e+00, 3.8111e-01, 
 2DIAGNOSTIC,    12, -5.198790480161e-01, 4.471149580780e-05, 1.0222e+01, 3.8382e-01, 
 2DIAGNOSTIC,    13, -5.198829027346e-01, 3.286945961085e-05, 1.0656e+01, 4.3449e-01, 
 2DIAGNOSTIC,    14, -5.198840748311e-01, 2.538745478707e-05, 1.1054e+01, 3.9777e-01, 
 2DIAGNOSTIC,    15, -5.198830664326e-01, 1.783137272110e-05, 1.1447e+01, 3.9282e-01, 
 2DIAGNOSTIC,    16, -5.198820627367e-01, 1.114877198086e-05, 1.1843e+01, 3.9647e-01, 
 2DIAGNOSTIC,    17, -5.198810499234e-01, 8.516046630977e-06, 1.2193e+01, 3.4995e-01, 
 2DIAGNOSTIC,    18, -5.198800829424e-01, 6.214475278175e-06, 1.2546e+01, 3.5280e-01, 
 2DIAGNOSTIC,    19, -5.198829841645e-01, 4.490943972181e-06, 1.2894e+01, 3.4862e-01, 
 2DIAGNOSTIC,    20, -5.198823362171e-01, 3.001238688752e-06, 1.3293e+01, 3.9892e-01, 
 2DIAGNOSTIC,    21, -5.198850139025e-01, 1.597163732492e-06, 1.3683e+01, 3.8915e-01, 
 2DIAGNOSTIC,    22, -5.198894006893e-01, 1.622234581049e-06, 1.4030e+01, 3.4726e-01, 
 2DIAGNOSTIC,    23, -5.198885586820e-01, 1.696575720571e-06, 1.4425e+01, 3.9477e-01, 
 2DIAGNOSTIC,    24, -5.198925672632e-01, 1.855184530462e-06, 1.4866e+01, 4.4150e-01, 
 2DIAGNOSTIC,    25, -5.198926127420e-01, 1.928961878332e-06, 1.6028e+01, 1.1623e+00, 
 2DIAGNOSTIC,    26, -5.198926126204e-01, 1.915048340503e-06, 1.6409e+01, 3.8022e-01, 
 2DIAGNOSTIC,    27, -5.198926128316e-01, 1.817301244503e-06, 1.6756e+01, 3.4700e-01, 
 2DIAGNOSTIC,    28, -5.198926131885e-01, 1.646155025063e-06, 1.7088e+01, 3.3264e-01, 
 2DIAGNOSTIC,    29, -5.198926137916e-01, 1.494475613338e-06, 1.7425e+01, 3.3641e-01, 
 2DIAGNOSTIC,    30, -5.198926148100e-01, 1.302577809427e-06, 1.7773e+01, 3.4792e-01, 
 2DIAGNOSTIC,    31, -5.198926165279e-01, 1.146170377386e-06, 1.8105e+01, 3.3270e-01, 
 2DIAGNOSTIC,    32, -5.198926194208e-01, 1.064447868245e-06, 1.8447e+01, 3.4166e-01, 
DIAGNOSTIC,Iteration,metricValue,convergenceValue,ITERATION_TIME_INDEX,SINCE_LAST
 2DIAGNOSTIC,     1, -4.704571242410e-01, 1.797693134862e+308, 2.1988e+01, 3.5413e+00, 
 2DIAGNOSTIC,     2, -4.706665939126e-01, 1.797693134862e+308, 2.4621e+01, 2.6332e+00, 
 2DIAGNOSTIC,     3, -4.707013912900e-01, 1.797693134862e+308, 2.7243e+01, 2.6214e+00, 
 2DIAGNOSTIC,     4, -4.707039780495e-01, 1.797693134862e+308, 2.9807e+01, 2.5642e+00, 
 2DIAGNOSTIC,     5, -4.707076628065e-01, 1.797693134862e+308, 3.2293e+01, 2.4855e+00, 
 2DIAGNOSTIC,     6, -4.707152938290e-01, 1.797693134862e+308, 3.4796e+01, 2.5034e+00, 
 2DIAGNOSTIC,     7, -4.707368377968e-01, 1.797693134862e+308, 3.7202e+01, 2.4059e+00, 
 2DIAGNOSTIC,     8, -4.707433014552e-01, 1.797693134862e+308, 4.0247e+01, 3.0454e+00, 
 2DIAGNOSTIC,     9, -4.707518465998e-01, 1.797693134862e+308, 4.2660e+01, 2.4128e+00, 
 2DIAGNOSTIC,    10, -4.707726620971e-01, 2.950947039899e-05, 4.5573e+01, 2.9124e+00, 
 2DIAGNOSTIC,    11, -4.708005272720e-01, 1.661463938712e-05, 4.8668e+01, 3.0957e+00, 
 2DIAGNOSTIC,    12, -4.708074774781e-01, 1.544117900174e-05, 5.1428e+01, 2.7593e+00, 
 2DIAGNOSTIC,    13, -4.708111189381e-01, 1.509493034775e-05, 5.4325e+01, 2.8979e+00, 
 2DIAGNOSTIC,    14, -4.708116210057e-01, 1.380524217744e-05, 5.6990e+01, 2.6645e+00, 
 2DIAGNOSTIC,    15, -4.708119367863e-01, 1.178769525892e-05, 5.9772e+01, 2.7818e+00, 
 2DIAGNOSTIC,    16, -4.708115247189e-01, 9.373681808908e-06, 6.2430e+01, 2.6580e+00, 
 2DIAGNOSTIC,    17, -4.708119670421e-01, 7.346262246299e-06, 6.4841e+01, 2.4107e+00, 
 2DIAGNOSTIC,    18, -4.708134148380e-01, 5.315761176905e-06, 6.7554e+01, 2.7138e+00, 
 2DIAGNOSTIC,    19, -4.708142844428e-01, 3.462584919213e-06, 7.0276e+01, 2.7216e+00, 
 2DIAGNOSTIC,    20, -4.708141332552e-01, 2.232397836324e-06, 7.3019e+01, 2.7435e+00, 
 2DIAGNOSTIC,    21, -4.708128617943e-01, 1.821144225062e-06, 7.5667e+01, 2.6480e+00, 
 2DIAGNOSTIC,    22, -4.708143172488e-01, 1.647826337277e-06, 7.8343e+01, 2.6753e+00, 
 2DIAGNOSTIC,    23, -4.708142913804e-01, 1.562826371024e-06, 8.1090e+01, 2.7470e+00, 
 2DIAGNOSTIC,    24, -4.708136938568e-01, 1.464946968219e-06, 8.3570e+01, 2.4799e+00, 
 2DIAGNOSTIC,    25, -4.708135867291e-01, 1.368909164343e-06, 8.6459e+01, 2.8899e+00, 
 2DIAGNOSTIC,    26, -4.708128657459e-01, 1.245604264857e-06, 9.0775e+01, 4.3156e+00, 
 2DIAGNOSTIC,    27, -4.708129372972e-01, 1.139874909323e-06, 9.3763e+01, 2.9884e+00, 
 2DIAGNOSTIC,    28, -4.708128833208e-01, 1.074017731063e-06, 9.6624e+01, 2.8606e+00, 
 2DIAGNOSTIC,    29, -4.708128119698e-01, 1.035481518835e-06, 9.9614e+01, 2.9904e+00, 
 2DIAGNOSTIC,    30, -4.708127159467e-01, 1.001621969282e-06, 1.0229e+02, 2.6722e+00, 
  Elapsed time (stage 0): 1.0368e+02


Total elapsed time: 1.0368e+02
VFC_BACKENDS=libinterflop_vprec.so --range-binary32=7 --precision-binary32=14 --range-binary64=7 --precision-binary64=14
Info [verificarlo]: loaded backend libinterflop_vprec.so
Info [interflop-vprec]: load backend with: 
Info [interflop-vprec]: precision-binary32 = 14
Info [interflop-vprec]: range-binary32 = 7
Info [interflop-vprec]: precision-binary64 = 14
Info [interflop-vprec]: range-binary64 = 7
Info [interflop-vprec]: mode = ob
Info [interflop-vprec]: error-mode = rel
Info [interflop-vprec]: max-abs-error-exponent = -1022
Info [interflop-vprec]: daz = false
Info [interflop-vprec]: ftz = false
Info [interflop-vprec]: 	instrument = none
Info [interflop-vprec]: 	prec-input-file = (null)
Info [interflop-vprec]: 	prec-output-file = (null)
Info [interflop-vprec]: 	prec-log-file = (null)
All_Command_lines_OK
Using double precision for computations.
=============================================================================
The composite transform comprises the following transforms (in order): 
  1. /project/rrg-glatard/mdugre/datasets/corr/RawDataBIDS/BMB_1/derivatives/vprec-space_search/0011/r7-p14/sub-0003007/rigid_Composite.h5[0] (type = Euler3DTransform)
  2. /project/rrg-glatard/mdugre/datasets/corr/RawDataBIDS/BMB_1/derivatives/vprec-space_search/0011/r7-p14/sub-0003007/rigid_Composite.h5[1] (type = Euler3DTransform)
  3. /project/rrg-glatard/mdugre/datasets/corr/RawDataBIDS/BMB_1/derivatives/vprec-space_search/0011/r7-p14/sub-0003007/rigid_Composite.h5[2] (type = Euler3DTransform)
=============================================================================
  number of levels = 4
  fixed image: /templateflow/tpl-MNI152NLin2009cAsym/tpl-MNI152NLin2009cAsym_res-01_desc-brain_T1w.nii.gz
  moving image: /project/rrg-glatard/mdugre/datasets/corr/RawDataBIDS/BMB_1/derivatives/antsBrainExtraction/sub-0003007/BrainExtractionBrain.nii.gz
Dimension = 3
Number of stages = 1
Use histogram matching = false
Winsorize image intensities = true
  Lower quantile = 0.005
  Upper quantile = 0.995


Stage 1 State
   Image metric = MattesMI
     Fixed image = Image (0x35d2300)
  RTTI typeinfo:   itk::Image<double, 3u>
  Reference Count: 2
  Modified Time: 1592
  Debug: Off
  Object Name: 
  Observers: 
    none
  Source: (none)
  Source output name: (none)
  Release Data: Off
  Data Released: False
  Global Release Data: Off
  PipelineMTime: 0
  UpdateMTime: 1203
  RealTimeStamp: 0 seconds 
  LargestPossibleRegion: 
    Dimension: 3
    Index: [0, 0, 0]
    Size: [193, 229, 193]
  BufferedRegion: 
    Dimension: 3
    Index: [0, 0, 0]
    Size: [193, 229, 193]
  RequestedRegion: 
    Dimension: 3
    Index: [0, 0, 0]
    Size: [193, 229, 193]
  Spacing: [1, 1, 1]
  Origin: [96, 132, -78]
  Direction: 
-1 0 0
0 -1 0
0 0 1

  IndexToPointMatrix: 
-1 0 0
0 -1 0
0 0 1

  PointToIndexMatrix: 
-1 0 0
0 -1 0
0 0 1

  Inverse Direction: 
-1 0 0
0 -1 0
0 0 1

  PixelContainer: 
    ImportImageContainer (0x35de1b0)
      RTTI typeinfo:   itk::ImportImageContainer<unsigned long, double>
      Reference Count: 1
      Modified Time: 1200
      Debug: Off
      Object Name: 
      Observers: 
        none
      Pointer: 0x148fc3a60010
      Container manages memory: true
      Size: 8530021
      Capacity: 8530021

     Moving image = Image (0x369ff60)
  RTTI typeinfo:   itk::Image<double, 3u>
  Reference Count: 2
  Modified Time: 1593
  Debug: Off
  Object Name: 
  Observers: 
    none
  Source: (none)
  Source output name: (none)
  Release Data: Off
  Data Released: False
  Global Release Data: Off
  PipelineMTime: 0
  UpdateMTime: 1590
  RealTimeStamp: 0 seconds 
  LargestPossibleRegion: 
    Dimension: 3
    Index: [0, 0, 0]
    Size: [176, 256, 256]
  BufferedRegion: 
    Dimension: 3
    Index: [0, 0, 0]
    Size: [176, 256, 256]
  RequestedRegion: 
    Dimension: 3
    Index: [0, 0, 0]
    Size: [176, 256, 256]
  Spacing: [1, 1, 1]
  Origin: [-80.7852, 114.117, -114.348]
  Direction: 
1 0 0
0 -1 0
0 0 1

  IndexToPointMatrix: 
1 0 0
0 -1 0
0 0 1

  PointToIndexMatrix: 
1 0 0
0 -1 0
0 0 1

  Inverse Direction: 
1 0 0
0 -1 0
0 0 1

  PixelContainer: 
    ImportImageContainer (0x3653d30)
      RTTI typeinfo:   itk::ImportImageContainer<unsigned long, double>
      Reference Count: 1
      Modified Time: 1587
      Debug: Off
      Object Name: 
      Observers: 
        none
      Pointer: 0x148fbe25f010
      Container manages memory: true
      Size: 11534336
      Capacity: 11534336

     Weighting = 1
     Sampling strategy = regular
     Number of bins = 32
     Radius = 4
     Sampling percentage  = 0.25
   Transform = Affine
     Gradient step = 0.1
     Update field sigma (voxel space) = 0
     Total field sigma (voxel space) = 0
     Update field time sigma = 0
     Total field time sigma  = 0
     Number of time indices = 0
     Number of time point samples = 0
Registration using 1 total stages.

Stage 0
  iterations = 1000x500x250x100
  convergence threshold = 1e-06
  convergence window size = 10
  number of levels = 4
  using the Mattes MI metric (number of bins = 32, weight = 1, use gradient filter = 0)
  preprocessing:  winsorizing the image intensities
  Shrink factors (level 1 out of 4): [8, 8, 8]
  Shrink factors (level 2 out of 4): [4, 4, 4]
  Shrink factors (level 3 out of 4): [2, 2, 2]
  Shrink factors (level 4 out of 4): [1, 1, 1]
  smoothing sigmas per level: [3, 2, 1, 0]
  regular sampling (percentage = 0.25)

*** Running AffineTransform registration ***

DIAGNOSTIC,Iteration,metricValue,convergenceValue,ITERATION_TIME_INDEX,SINCE_LAST
 2DIAGNOSTIC,     1, -7.189776237115e-01, 1.797693134862e+308, 0.0000e+00, 0.0000e+00, 
 2DIAGNOSTIC,     2, -7.211402178691e-01, 1.797693134862e+308, 0.0000e+00, 0.0000e+00, 
 2DIAGNOSTIC,     3, -7.241002771368e-01, 1.797693134862e+308, 0.0000e+00, 0.0000e+00, 
 2DIAGNOSTIC,     4, -7.289726117272e-01, 1.797693134862e+308, 0.0000e+00, 0.0000e+00, 
 2DIAGNOSTIC,     5, -7.380751072311e-01, 1.797693134862e+308, 0.0000e+00, 0.0000e+00, 
 2DIAGNOSTIC,     6, -7.565797425332e-01, 1.797693134862e+308, 0.0000e+00, 0.0000e+00, 
 2DIAGNOSTIC,     7, -8.089304436463e-01, 1.797693134862e+308, 0.0000e+00, 0.0000e+00, 
 2DIAGNOSTIC,     8, -8.248536053075e-01, 1.797693134862e+308, 0.0000e+00, 0.0000e+00, 
 2DIAGNOSTIC,     9, -8.255286849138e-01, 1.797693134862e+308, 0.0000e+00, 0.0000e+00, 
 2DIAGNOSTIC,    10, -8.255387335524e-01, 1.144448167374e-02, 0.0000e+00, 0.0000e+00, 
 2DIAGNOSTIC,    11, -8.252027165295e-01, 1.035842811821e-02, 0.0000e+00, 0.0000e+00, 
 2DIAGNOSTIC,    12, -8.247903688723e-01, 8.568624014580e-03, 0.0000e+00, 0.0000e+00, 
 2DIAGNOSTIC,    13, -8.247946415310e-01, 6.377733401474e-03, 0.0000e+00, 0.0000e+00, 
 2DIAGNOSTIC,    14, -8.246721047825e-01, 4.081580208970e-03, 0.0000e+00, 0.0000e+00, 
 2DIAGNOSTIC,    15, -8.247567028088e-01, 1.965212712873e-03, 0.0000e+00, 0.0000e+00, 
 2DIAGNOSTIC,    16, -8.246133244880e-01, 3.302446817886e-04, 0.0000e+00, 0.0000e+00, 
DIAGNOSTIC,Iteration,metricValue,convergenceValue,ITERATION_TIME_INDEX,SINCE_LAST
 2DIAGNOSTIC,     1, -7.068506767478e-01, 1.797693134862e+308, 0.0000e+00, 0.0000e+00, 
 2DIAGNOSTIC,     2, -7.072491150958e-01, 1.797693134862e+308, 0.0000e+00, 0.0000e+00, 
 2DIAGNOSTIC,     3, -7.073992827990e-01, 1.797693134862e+308, 0.0000e+00, 0.0000e+00, 
 2DIAGNOSTIC,     4, -7.076538817062e-01, 1.797693134862e+308, 0.0000e+00, 0.0000e+00, 
 2DIAGNOSTIC,     5, -7.081169245250e-01, 1.797693134862e+308, 0.0000e+00, 0.0000e+00, 
 2DIAGNOSTIC,     6, -7.087633547890e-01, 1.797693134862e+308, 0.0000e+00, 0.0000e+00, 
 2DIAGNOSTIC,     7, -7.092782913651e-01, 1.797693134862e+308, 0.0000e+00, 0.0000e+00, 
 2DIAGNOSTIC,     8, -7.096999382713e-01, 1.797693134862e+308, 0.0000e+00, 0.0000e+00, 
 2DIAGNOSTIC,     9, -7.096831466639e-01, 1.797693134862e+308, 0.0000e+00, 0.0000e+00, 
 2DIAGNOSTIC,    10, -7.096649868439e-01, 3.006342692507e-04, 0.0000e+00, 0.0000e+00, 
 2DIAGNOSTIC,    11, -7.096632348193e-01, 2.448596051923e-04, 0.0000e+00, 0.0000e+00, 
 2DIAGNOSTIC,    12, -7.096580121119e-01, 1.895934704073e-04, 0.0000e+00, 0.0000e+00, 
 2DIAGNOSTIC,    13, -7.096565356027e-01, 1.305204269218e-04, 0.0000e+00, 0.0000e+00, 
 2DIAGNOSTIC,    14, -7.096566390994e-01, 7.558792406971e-05, 0.0000e+00, 0.0000e+00, 
 2DIAGNOSTIC,    15, -7.096563227385e-01, 3.350797489640e-05, 0.0000e+00, 0.0000e+00, 
 2DIAGNOSTIC,    16, -7.096563227385e-01, 9.750284917662e-06, 0.0000e+00, 0.0000e+00, 
DIAGNOSTIC,Iteration,metricValue,convergenceValue,ITERATION_TIME_INDEX,SINCE_LAST
 2DIAGNOSTIC,     1, -6.020124575059e-01, 1.797693134862e+308, 0.0000e+00, 0.0000e+00, 
 2DIAGNOSTIC,     2, -6.021684253585e-01, 1.797693134862e+308, 0.0000e+00, 0.0000e+00, 
 2DIAGNOSTIC,     3, -6.023665847500e-01, 1.797693134862e+308, 0.0000e+00, 0.0000e+00, 
 2DIAGNOSTIC,     4, -6.027063921053e-01, 1.797693134862e+308, 0.0000e+00, 0.0000e+00, 
 2DIAGNOSTIC,     5, -6.030463100575e-01, 1.797693134862e+308, 0.0000e+00, 0.0000e+00, 
 2DIAGNOSTIC,     6, -6.036252465236e-01, 1.797693134862e+308, 0.0000e+00, 0.0000e+00, 
 2DIAGNOSTIC,     7, -6.036610778972e-01, 1.797693134862e+308, 0.0000e+00, 0.0000e+00, 
 2DIAGNOSTIC,     8, -6.036671782625e-01, 1.797693134862e+308, 0.0000e+00, 0.0000e+00, 
 2DIAGNOSTIC,     9, -6.036682880030e-01, 1.797693134862e+308, 0.0000e+00, 0.0000e+00, 
 2DIAGNOSTIC,    10, -6.036660565323e-01, 2.111414352590e-04, 0.0000e+00, 0.0000e+00, 
 2DIAGNOSTIC,    11, -6.036666549362e-01, 1.570646563888e-04, 0.0000e+00, 0.0000e+00, 
 2DIAGNOSTIC,    12, -6.036671551004e-01, 1.043515638056e-04, 0.0000e+00, 0.0000e+00, 
 2DIAGNOSTIC,    13, -6.036670071628e-01, 5.785597761322e-05, 0.0000e+00, 0.0000e+00, 
 2DIAGNOSTIC,    14, -6.036670232358e-01, 2.431830682458e-05, 0.0000e+00, 0.0000e+00, 
 2DIAGNOSTIC,    15, -6.036669108836e-01, 3.394166015872e-06, 0.0000e+00, 0.0000e+00, 
 2DIAGNOSTIC,    16, -6.036665541438e-01, 1.962106359124e-06, 0.0000e+00, 0.0000e+00, 
 2DIAGNOSTIC,    17, -6.036665541438e-01, 1.672815061714e-06, 0.0000e+00, 0.0000e+00, 
 2DIAGNOSTIC,    18, -6.036662195712e-01, 1.568715531468e-06, 0.0000e+00, 0.0000e+00, 
 2DIAGNOSTIC,    19, -6.036661947901e-01, 1.508961247280e-06, 0.0000e+00, 0.0000e+00, 
 2DIAGNOSTIC,    20, -6.036661947901e-01, 1.404365814736e-06, 0.0000e+00, 0.0000e+00, 
 2DIAGNOSTIC,    21, -6.036661598357e-01, 1.326707551617e-06, 0.0000e+00, 0.0000e+00, 
 2DIAGNOSTIC,    22, -6.036661598357e-01, 1.272410034621e-06, 0.0000e+00, 0.0000e+00, 
 2DIAGNOSTIC,    23, -6.036661405306e-01, 1.224025628466e-06, 0.0000e+00, 0.0000e+00, 
 2DIAGNOSTIC,    24, -6.036661405306e-01, 1.183817110527e-06, 0.0000e+00, 0.0000e+00, 
 2DIAGNOSTIC,    25, -6.036661052693e-01, 1.146782531714e-06, 0.0000e+00, 0.0000e+00, 
 2DIAGNOSTIC,    26, -6.036661052693e-01, 1.107651354804e-06, 0.0000e+00, 0.0000e+00, 
 2DIAGNOSTIC,    27, -6.036660667375e-01, 1.071950597557e-06, 0.0000e+00, 0.0000e+00, 
 2DIAGNOSTIC,    28, -6.036660991455e-01, 1.034238463128e-06, 0.0000e+00, 0.0000e+00, 
 2DIAGNOSTIC,    29, -6.036662269592e-01, 1.001206157522e-06, 0.0000e+00, 0.0000e+00, 
DIAGNOSTIC,Iteration,metricValue,convergenceValue,ITERATION_TIME_INDEX,SINCE_LAST
 2DIAGNOSTIC,     1, -5.395441140238e-01, 1.797693134862e+308, 0.0000e+00, 0.0000e+00, 
 2DIAGNOSTIC,     2, -5.397648959321e-01, 1.797693134862e+308, 0.0000e+00, 0.0000e+00, 
 2DIAGNOSTIC,     3, -5.399488269793e-01, 1.797693134862e+308, 0.0000e+00, 0.0000e+00, 
 2DIAGNOSTIC,     4, -5.402438330189e-01, 1.797693134862e+308, 0.0000e+00, 0.0000e+00, 
 2DIAGNOSTIC,     5, -5.405157080719e-01, 1.797693134862e+308, 0.0000e+00, 0.0000e+00, 
 2DIAGNOSTIC,     6, -5.406684704487e-01, 1.797693134862e+308, 0.0000e+00, 0.0000e+00, 
 2DIAGNOSTIC,     7, -5.407621635867e-01, 1.797693134862e+308, 0.0000e+00, 0.0000e+00, 
 2DIAGNOSTIC,     8, -5.408244741676e-01, 1.797693134862e+308, 0.0000e+00, 0.0000e+00, 
 2DIAGNOSTIC,     9, -5.409100847399e-01, 1.797693134862e+308, 0.0000e+00, 0.0000e+00, 
 2DIAGNOSTIC,    10, -5.409349821765e-01, 1.750590179973e-04, 0.0000e+00, 0.0000e+00, 
 2DIAGNOSTIC,    11, -5.409389857133e-01, 1.299538366777e-04, 0.0000e+00, 0.0000e+00, 
 2DIAGNOSTIC,    12, -5.410078568647e-01, 9.373311537444e-05, 0.0000e+00, 0.0000e+00, 
 2DIAGNOSTIC,    13, -5.410295558216e-01, 6.292245539226e-05, 0.0000e+00, 0.0000e+00, 
 2DIAGNOSTIC,    14, -5.410306224198e-01, 4.190173844612e-05, 0.0000e+00, 0.0000e+00, 
 2DIAGNOSTIC,    15, -5.410328001869e-01, 2.959821476591e-05, 0.0000e+00, 0.0000e+00, 
 2DIAGNOSTIC,    16, -5.410326260907e-01, 2.128947404034e-05, 0.0000e+00, 0.0000e+00, 
 2DIAGNOSTIC,    17, -5.410307913772e-01, 1.495880748957e-05, 0.0000e+00, 0.0000e+00, 
 2DIAGNOSTIC,    18, -5.410304966152e-01, 9.842420464416e-06, 0.0000e+00, 0.0000e+00, 
 2DIAGNOSTIC,    19, -5.410304880370e-01, 6.880097244463e-06, 0.0000e+00, 0.0000e+00, 
 2DIAGNOSTIC,    20, -5.410304450142e-01, 4.396540587405e-06, 0.0000e+00, 0.0000e+00, 
 2DIAGNOSTIC,    21, -5.410303874701e-01, 1.931844213342e-06, 0.0000e+00, 0.0000e+00, 
 2DIAGNOSTIC,    22, -5.410303720760e-01, 1.272417196163e-06, 0.0000e+00, 0.0000e+00, 
 2DIAGNOSTIC,    23, -5.410303291713e-01, 1.169993001822e-06, 0.0000e+00, 0.0000e+00, 
 2DIAGNOSTIC,    24, -5.410302917926e-01, 1.105499613602e-06, 0.0000e+00, 0.0000e+00, 
 2DIAGNOSTIC,    25, -5.410302865479e-01, 1.101414732668e-06, 0.0000e+00, 0.0000e+00, 
 2DIAGNOSTIC,    26, -5.410302919274e-01, 1.101073679545e-06, 0.0000e+00, 0.0000e+00, 
 2DIAGNOSTIC,    27, -5.410304080353e-01, 1.069121325172e-06, 0.0000e+00, 0.0000e+00, 
 2DIAGNOSTIC,    28, -5.410304782666e-01, 1.035946181512e-06, 0.0000e+00, 0.0000e+00, 
 2DIAGNOSTIC,    29, -5.410304782666e-01, 1.005190135760e-06, 0.0000e+00, 0.0000e+00, 
  Elapsed time (stage 0): 0.0000e+00


Total elapsed time: 0.0000e+00
VFC_BACKENDS=libinterflop_vprec.so --range-binary32=7 --precision-binary32=14 --range-binary64=7 --precision-binary64=14
Info [verificarlo]: loaded backend libinterflop_vprec.so
Info [interflop-vprec]: load backend with: 
Info [interflop-vprec]: precision-binary32 = 14
Info [interflop-vprec]: range-binary32 = 7
Info [interflop-vprec]: precision-binary64 = 14
Info [interflop-vprec]: range-binary64 = 7
Info [interflop-vprec]: mode = ob
Info [interflop-vprec]: error-mode = rel
Info [interflop-vprec]: max-abs-error-exponent = -1022
Info [interflop-vprec]: daz = false
Info [interflop-vprec]: ftz = false
Info [interflop-vprec]: 	instrument = none
Info [interflop-vprec]: 	prec-input-file = (null)
Info [interflop-vprec]: 	prec-output-file = (null)
Info [interflop-vprec]: 	prec-log-file = (null)
All_Command_lines_OK
Using double precision for computations.
=============================================================================
The composite transform comprises the following transforms (in order): 
  1. /project/rrg-glatard/mdugre/datasets/corr/RawDataBIDS/BMB_1/derivatives/vprec-space_search/0011/r7-p14/sub-0003007/affine_Composite.h5[0] (type = Euler3DTransform)
  2. /project/rrg-glatard/mdugre/datasets/corr/RawDataBIDS/BMB_1/derivatives/vprec-space_search/0011/r7-p14/sub-0003007/affine_Composite.h5[1] (type = Euler3DTransform)
  3. /project/rrg-glatard/mdugre/datasets/corr/RawDataBIDS/BMB_1/derivatives/vprec-space_search/0011/r7-p14/sub-0003007/affine_Composite.h5[2] (type = Euler3DTransform)
  4. /project/rrg-glatard/mdugre/datasets/corr/RawDataBIDS/BMB_1/derivatives/vprec-space_search/0011/r7-p14/sub-0003007/affine_Composite.h5[3] (type = AffineTransform)
=============================================================================
  number of levels = 4
  fixed image: /templateflow/tpl-MNI152NLin2009cAsym/tpl-MNI152NLin2009cAsym_res-01_desc-brain_T1w.nii.gz
  moving image: /project/rrg-glatard/mdugre/datasets/corr/RawDataBIDS/BMB_1/derivatives/antsBrainExtraction/sub-0003007/BrainExtractionBrain.nii.gz
Dimension = 3
Number of stages = 1
Use histogram matching = false
Winsorize image intensities = true
  Lower quantile = 0.005
  Upper quantile = 0.995


Stage 1 State
   Image metric = CC
     Fixed image = Image (0x3b824c0)
  RTTI typeinfo:   itk::Image<double, 3u>
  Reference Count: 2
  Modified Time: 1606
  Debug: Off
  Object Name: 
  Observers: 
    none
  Source: (none)
  Source output name: (none)
  Release Data: Off
  Data Released: False
  Global Release Data: Off
  PipelineMTime: 0
  UpdateMTime: 1217
  RealTimeStamp: 0 seconds 
  LargestPossibleRegion: 
    Dimension: 3
    Index: [0, 0, 0]
    Size: [193, 229, 193]
  BufferedRegion: 
    Dimension: 3
    Index: [0, 0, 0]
    Size: [193, 229, 193]
  RequestedRegion: 
    Dimension: 3
    Index: [0, 0, 0]
    Size: [193, 229, 193]
  Spacing: [1, 1, 1]
  Origin: [96, 132, -78]
  Direction: 
-1 0 0
0 -1 0
0 0 1

  IndexToPointMatrix: 
-1 0 0
0 -1 0
0 0 1

  PointToIndexMatrix: 
-1 0 0
0 -1 0
0 0 1

  Inverse Direction: 
-1 0 0
0 -1 0
0 0 1

  PixelContainer: 
    ImportImageContainer (0x3c51b10)
      RTTI typeinfo:   itk::ImportImageContainer<unsigned long, double>
      Reference Count: 1
      Modified Time: 1214
      Debug: Off
      Object Name: 
      Observers: 
        none
      Pointer: 0x1513ef7f4010
      Container manages memory: true
      Size: 8530021
      Capacity: 8530021

     Moving image = Image (0x3c3cf40)
  RTTI typeinfo:   itk::Image<double, 3u>
  Reference Count: 2
  Modified Time: 1607
  Debug: Off
  Object Name: 
  Observers: 
    none
  Source: (none)
  Source output name: (none)
  Release Data: Off
  Data Released: False
  Global Release Data: Off
  PipelineMTime: 0
  UpdateMTime: 1604
  RealTimeStamp: 0 seconds 
  LargestPossibleRegion: 
    Dimension: 3
    Index: [0, 0, 0]
    Size: [176, 256, 256]
  BufferedRegion: 
    Dimension: 3
    Index: [0, 0, 0]
    Size: [176, 256, 256]
  RequestedRegion: 
    Dimension: 3
    Index: [0, 0, 0]
    Size: [176, 256, 256]
  Spacing: [1, 1, 1]
  Origin: [-80.7852, 114.117, -114.348]
  Direction: 
1 0 0
0 -1 0
0 0 1

  IndexToPointMatrix: 
1 0 0
0 -1 0
0 0 1

  PointToIndexMatrix: 
1 0 0
0 -1 0
0 0 1

  Inverse Direction: 
1 0 0
0 -1 0
0 0 1

  PixelContainer: 
    ImportImageContainer (0x3bfad30)
      RTTI typeinfo:   itk::ImportImageContainer<unsigned long, double>
      Reference Count: 1
      Modified Time: 1601
      Debug: Off
      Object Name: 
      Observers: 
        none
      Pointer: 0x1513e9ff3010
      Container manages memory: true
      Size: 11534336
      Capacity: 11534336

     Weighting = 1
     Sampling strategy = none
     Number of bins = 32
     Radius = 4
     Sampling percentage  = 1
   Transform = SyN
     Gradient step = 0.1
     Update field sigma (voxel space) = 3
     Total field sigma (voxel space) = 0
     Update field time sigma = 0
     Total field time sigma  = 0
     Number of time indices = 0
     Number of time point samples = 0
Registration using 1 total stages.

Stage 0
  iterations = 100x70x50x20
  convergence threshold = 1e-06
  convergence window size = 10
  number of levels = 4
  using the CC metric (radius = 4, weight = 1, use gradient filter = 0)
  preprocessing:  winsorizing the image intensities
  Shrink factors (level 1 out of 4): [8, 8, 8]
  Shrink factors (level 2 out of 4): [4, 4, 4]
  Shrink factors (level 3 out of 4): [2, 2, 2]
  Shrink factors (level 4 out of 4): [1, 1, 1]
  smoothing sigmas per level: [3, 2, 1, 0]
  Using default NONE metricSamplingStrategy 

*** Running SyN registration (varianceForUpdateField = 3, varianceForTotalField = 0) ***

XXDIAGNOSTIC,Iteration,metricValue,convergenceValue,ITERATION_TIME_INDEX,SINCE_LAST
 1DIAGNOSTIC,     1, -9.291076660156e-01, 1.797693134862e+308, 0.0000e+00, 0.0000e+00, 
 1DIAGNOSTIC,     2, -9.369201660156e-01, 1.797693134862e+308, 0.0000e+00, 0.0000e+00, 
 1DIAGNOSTIC,     3, -9.436035156250e-01, 1.797693134862e+308, 0.0000e+00, 0.0000e+00, 
 1DIAGNOSTIC,     4, -9.485168457031e-01, 1.797693134862e+308, 0.0000e+00, 0.0000e+00, 
 1DIAGNOSTIC,     5, -9.518127441406e-01, 1.797693134862e+308, 0.0000e+00, 0.0000e+00, 
 1DIAGNOSTIC,     6, -9.543762207031e-01, 1.797693134862e+308, 0.0000e+00, 0.0000e+00, 
 1DIAGNOSTIC,     7, -9.568481445312e-01, 1.797693134862e+308, 0.0000e+00, 0.0000e+00, 
 1DIAGNOSTIC,     8, -9.594726562500e-01, 1.797693134862e+308, 0.0000e+00, 0.0000e+00, 
 1DIAGNOSTIC,     9, -9.623413085938e-01, 1.797693134862e+308, 0.0000e+00, 0.0000e+00, 
 1DIAGNOSTIC,    10, -9.650878906250e-01, 2.204223827304e-03, 0.0000e+00, 0.0000e+00, 
 1DIAGNOSTIC,    11, -9.674682617188e-01, 1.712111960733e-03, 0.0000e+00, 0.0000e+00, 
 1DIAGNOSTIC,    12, -9.695129394531e-01, 1.391532990124e-03, 0.0000e+00, 0.0000e+00, 
 1DIAGNOSTIC,    13, -9.700927734375e-01, 1.159498254727e-03, 0.0000e+00, 0.0000e+00, 
 1DIAGNOSTIC,    14, -9.705505371094e-01, 9.691623498971e-04, 0.0000e+00, 0.0000e+00, 
 1DIAGNOSTIC,    15, -9.709167480469e-01, 7.880559360632e-04, 0.0000e+00, 0.0000e+00, 
 1DIAGNOSTIC,    16, -9.713745117188e-01, 6.130205049757e-04, 0.0000e+00, 0.0000e+00, 
 1DIAGNOSTIC,    17, -9.716186523438e-01, 4.492367200655e-04, 0.0000e+00, 0.0000e+00, 
 1DIAGNOSTIC,    18, -9.720458984375e-01, 3.123697079631e-04, 0.0000e+00, 0.0000e+00, 
 1DIAGNOSTIC,    19, -9.722595214844e-01, 2.088631426018e-04, 0.0000e+00, 0.0000e+00, 
 1DIAGNOSTIC,    20, -9.726257324219e-01, 1.420113857360e-04, 0.0000e+00, 0.0000e+00, 
 1DIAGNOSTIC,    21, -9.727783203125e-01, 1.033969315598e-04, 0.0000e+00, 0.0000e+00, 
 1DIAGNOSTIC,    22, -9.730529785156e-01, 8.984078504253e-05, 0.0000e+00, 0.0000e+00, 
 1DIAGNOSTIC,    23, -9.731750488281e-01, 7.808055708337e-05, 0.0000e+00, 0.0000e+00, 
 1DIAGNOSTIC,    24, -9.733581542969e-01, 6.793108381167e-05, 0.0000e+00, 0.0000e+00, 
 1DIAGNOSTIC,    25, -9.734191894531e-01, 5.726427000722e-05, 0.0000e+00, 0.0000e+00, 
 1DIAGNOSTIC,    26, -9.735717773438e-01, 4.906576962066e-05, 0.0000e+00, 0.0000e+00, 
 1DIAGNOSTIC,    27, -9.736633300781e-01, 4.052296178132e-05, 0.0000e+00, 0.0000e+00, 
 1DIAGNOSTIC,    28, -9.737548828125e-01, 3.430881395730e-05, 0.0000e+00, 0.0000e+00, 
 1DIAGNOSTIC,    29, -9.738159179688e-01, 2.810622889796e-05, 0.0000e+00, 0.0000e+00, 
 1DIAGNOSTIC,    30, -9.738769531250e-01, 2.394895739218e-05, 0.0000e+00, 0.0000e+00, 
 1DIAGNOSTIC,    31, -9.739379882812e-01, 1.985955110946e-05, 0.0000e+00, 0.0000e+00, 
 1DIAGNOSTIC,    32, -9.739685058594e-01, 1.701773986876e-05, 0.0000e+00, 0.0000e+00, 
 1DIAGNOSTIC,    33, -9.739990234375e-01, 1.415408679736e-05, 0.0000e+00, 0.0000e+00, 
 1DIAGNOSTIC,    34, -9.740600585938e-01, 1.231764270836e-05, 0.0000e+00, 0.0000e+00, 
 1DIAGNOSTIC,    35, -9.740905761719e-01, 1.023320628069e-05, 0.0000e+00, 0.0000e+00, 
 1DIAGNOSTIC,    36, -9.741516113281e-01, 9.104453259294e-06, 0.0000e+00, 0.0000e+00, 
 1DIAGNOSTIC,    37, -9.741516113281e-01, 7.958801335198e-06, 0.0000e+00, 0.0000e+00, 
 1DIAGNOSTIC,    38, -9.742126464844e-01, 7.374429088061e-06, 0.0000e+00, 0.0000e+00, 
 1DIAGNOSTIC,    39, -9.742431640625e-01, 6.861826308897e-06, 0.0000e+00, 0.0000e+00, 
 1DIAGNOSTIC,    40, -9.742431640625e-01, 6.226017925198e-06, 0.0000e+00, 0.0000e+00, 
 1DIAGNOSTIC,    41, -9.742736816406e-01, 5.758298380242e-06, 0.0000e+00, 0.0000e+00, 
 1DIAGNOSTIC,    42, -9.742431640625e-01, 4.828102929982e-06, 0.0000e+00, 0.0000e+00, 
 1DIAGNOSTIC,    43, -9.743041992188e-01, 4.170110935845e-06, 0.0000e+00, 0.0000e+00, 
 1DIAGNOSTIC,    44, -9.742736816406e-01, 3.395702362546e-06, 0.0000e+00, 0.0000e+00, 
 1DIAGNOSTIC,    45, -9.743347167969e-01, 2.992914182019e-06, 0.0000e+00, 0.0000e+00, 
 1DIAGNOSTIC,    46, -9.743041992188e-01, 2.576563277762e-06, 0.0000e+00, 0.0000e+00, 
 1DIAGNOSTIC,    47, -9.743347167969e-01, 2.182206563738e-06, 0.0000e+00, 0.0000e+00, 
 1DIAGNOSTIC,    48, -9.743347167969e-01, 2.019492814989e-06, 0.0000e+00, 0.0000e+00, 
 1DIAGNOSTIC,    49, -9.743347167969e-01, 1.909875750449e-06, 0.0000e+00, 0.0000e+00, 
 1DIAGNOSTIC,    50, -9.743347167969e-01, 1.675613167690e-06, 0.0000e+00, 0.0000e+00, 
 1DIAGNOSTIC,    51, -9.743652343750e-01, 1.704456376754e-06, 0.0000e+00, 0.0000e+00, 
 1DIAGNOSTIC,    52, -9.743347167969e-01, 1.265887689558e-06, 0.0000e+00, 0.0000e+00, 
 1DIAGNOSTIC,    53, -9.743652343750e-01, 1.295473392938e-06, 0.0000e+00, 0.0000e+00, 
 1DIAGNOSTIC,    54, -9.743347167969e-01, 9.082431515033e-07, 0.0000e+00, 0.0000e+00, 
XXDIAGNOSTIC,Iteration,metricValue,convergenceValue,ITERATION_TIME_INDEX,SINCE_LAST
 1DIAGNOSTIC,     1, -9.178161621094e-01, 1.797693134862e+308, 0.0000e+00, 0.0000e+00, 
 1DIAGNOSTIC,     2, -9.208679199219e-01, 1.797693134862e+308, 0.0000e+00, 0.0000e+00, 
 1DIAGNOSTIC,     3, -9.244079589844e-01, 1.797693134862e+308, 0.0000e+00, 0.0000e+00, 
 1DIAGNOSTIC,     4, -9.273376464844e-01, 1.797693134862e+308, 0.0000e+00, 0.0000e+00, 
 1DIAGNOSTIC,     5, -9.300842285156e-01, 1.797693134862e+308, 0.0000e+00, 0.0000e+00, 
 1DIAGNOSTIC,     6, -9.324340820312e-01, 1.797693134862e+308, 0.0000e+00, 0.0000e+00, 
 1DIAGNOSTIC,     7, -9.345092773438e-01, 1.797693134862e+308, 0.0000e+00, 0.0000e+00, 
 1DIAGNOSTIC,     8, -9.362792968750e-01, 1.797693134862e+308, 0.0000e+00, 0.0000e+00, 
 1DIAGNOSTIC,     9, -9.378356933594e-01, 1.797693134862e+308, 0.0000e+00, 0.0000e+00, 
 1DIAGNOSTIC,    10, -9.392089843750e-01, 1.478466141863e-03, 0.0000e+00, 0.0000e+00, 
 1DIAGNOSTIC,    11, -9.402465820312e-01, 1.193633362274e-03, 0.0000e+00, 0.0000e+00, 
 1DIAGNOSTIC,    12, -9.413452148438e-01, 9.538917006778e-04, 0.0000e+00, 0.0000e+00, 
 1DIAGNOSTIC,    13, -9.421081542969e-01, 7.651304559737e-04, 0.0000e+00, 0.0000e+00, 
 1DIAGNOSTIC,    14, -9.428405761719e-01, 6.129604234032e-04, 0.0000e+00, 0.0000e+00, 
 1DIAGNOSTIC,    15, -9.433288574219e-01, 4.903295555718e-04, 0.0000e+00, 0.0000e+00, 
 1DIAGNOSTIC,    16, -9.437866210938e-01, 3.911483885176e-04, 0.0000e+00, 0.0000e+00, 
 1DIAGNOSTIC,    17, -9.443664550781e-01, 3.148355275361e-04, 0.0000e+00, 0.0000e+00, 
 1DIAGNOSTIC,    18, -9.447021484375e-01, 2.531229910054e-04, 0.0000e+00, 0.0000e+00, 
 1DIAGNOSTIC,    19, -9.450073242188e-01, 2.040735600070e-04, 0.0000e+00, 0.0000e+00, 
 1DIAGNOSTIC,    20, -9.453125000000e-01, 1.664410094479e-04, 0.0000e+00, 0.0000e+00, 
 1DIAGNOSTIC,    21, -9.455871582031e-01, 1.356988902929e-04, 0.0000e+00, 0.0000e+00, 
 1DIAGNOSTIC,    22, -9.458312988281e-01, 1.135081524755e-04, 0.0000e+00, 0.0000e+00, 
 1DIAGNOSTIC,    23, -9.460754394531e-01, 9.583763444487e-05, 0.0000e+00, 0.0000e+00, 
 1DIAGNOSTIC,    24, -9.462890625000e-01, 8.265333561139e-05, 0.0000e+00, 0.0000e+00, 
 1DIAGNOSTIC,    25, -9.465026855469e-01, 7.130273457613e-05, 0.0000e+00, 0.0000e+00, 
 1DIAGNOSTIC,    26, -9.466857910156e-01, 6.153825978146e-05, 0.0000e+00, 0.0000e+00, 
 1DIAGNOSTIC,    27, -9.468688964844e-01, 5.529538548815e-05, 0.0000e+00, 0.0000e+00, 
 1DIAGNOSTIC,    28, -9.470214843750e-01, 4.960102994023e-05, 0.0000e+00, 0.0000e+00, 
 1DIAGNOSTIC,    29, -9.471435546875e-01, 4.411156299807e-05, 0.0000e+00, 0.0000e+00, 
 1DIAGNOSTIC,    30, -9.472961425781e-01, 3.948244371760e-05, 0.0000e+00, 0.0000e+00, 
 1DIAGNOSTIC,    31, -9.474182128906e-01, 3.532434311026e-05, 0.0000e+00, 0.0000e+00, 
 1DIAGNOSTIC,    32, -9.475402832031e-01, 3.158268164812e-05, 0.0000e+00, 0.0000e+00, 
 1DIAGNOSTIC,    33, -9.476318359375e-01, 2.819975716167e-05, 0.0000e+00, 0.0000e+00, 
 1DIAGNOSTIC,    34, -9.477233886719e-01, 2.510680468166e-05, 0.0000e+00, 0.0000e+00, 
 1DIAGNOSTIC,    35, -9.478149414062e-01, 2.249093608088e-05, 0.0000e+00, 0.0000e+00, 
 1DIAGNOSTIC,    36, -9.478759765625e-01, 1.997216850983e-05, 0.0000e+00, 0.0000e+00, 
 1DIAGNOSTIC,    37, -9.479675292969e-01, 1.798858193278e-05, 0.0000e+00, 0.0000e+00, 
 1DIAGNOSTIC,    38, -9.480285644531e-01, 1.615014977593e-05, 0.0000e+00, 0.0000e+00, 
 1DIAGNOSTIC,    39, -9.480590820312e-01, 1.410016038054e-05, 0.0000e+00, 0.0000e+00, 
 1DIAGNOSTIC,    40, -9.481201171875e-01, 1.248199445079e-05, 0.0000e+00, 0.0000e+00, 
 1DIAGNOSTIC,    41, -9.481506347656e-01, 1.092274971276e-05, 0.0000e+00, 0.0000e+00, 
 1DIAGNOSTIC,    42, -9.482116699219e-01, 9.766557110231e-06, 0.0000e+00, 0.0000e+00, 
 1DIAGNOSTIC,    43, -9.482421875000e-01, 8.637402173588e-06, 0.0000e+00, 0.0000e+00, 
 1DIAGNOSTIC,    44, -9.483032226562e-01, 7.838153353350e-06, 0.0000e+00, 0.0000e+00, 
 1DIAGNOSTIC,    45, -9.483337402344e-01, 7.197891515112e-06, 0.0000e+00, 0.0000e+00, 
 1DIAGNOSTIC,    46, -9.483642578125e-01, 6.545995000086e-06, 0.0000e+00, 0.0000e+00, 
 1DIAGNOSTIC,    47, -9.483947753906e-01, 6.131735644239e-06, 0.0000e+00, 0.0000e+00, 
 1DIAGNOSTIC,    48, -9.484252929688e-01, 5.778148536018e-06, 0.0000e+00, 0.0000e+00, 
 1DIAGNOSTIC,    49, -9.484558105469e-01, 5.309051659366e-06, 0.0000e+00, 0.0000e+00, 
 1DIAGNOSTIC,    50, -9.484558105469e-01, 4.771916978275e-06, 0.0000e+00, 0.0000e+00, 
 1DIAGNOSTIC,    51, -9.484863281250e-01, 4.213459460285e-06, 0.0000e+00, 0.0000e+00, 
 1DIAGNOSTIC,    52, -9.485168457031e-01, 3.853398570824e-06, 0.0000e+00, 0.0000e+00, 
 1DIAGNOSTIC,    53, -9.485473632812e-01, 3.525926817828e-06, 0.0000e+00, 0.0000e+00, 
 1DIAGNOSTIC,    54, -9.485473632812e-01, 3.261954158392e-06, 0.0000e+00, 0.0000e+00, 
 1DIAGNOSTIC,    55, -9.485778808594e-01, 3.083999007572e-06, 0.0000e+00, 0.0000e+00, 
 1DIAGNOSTIC,    56, -9.485778808594e-01, 2.825883229092e-06, 0.0000e+00, 0.0000e+00, 
 1DIAGNOSTIC,    57, -9.486083984375e-01, 2.673227999680e-06, 0.0000e+00, 0.0000e+00, 
 1DIAGNOSTIC,    58, -9.486083984375e-01, 2.469436634393e-06, 0.0000e+00, 0.0000e+00, 
 1DIAGNOSTIC,    59, -9.486389160156e-01, 2.400149465051e-06, 0.0000e+00, 0.0000e+00, 
 1DIAGNOSTIC,    60, -9.486389160156e-01, 2.145460520509e-06, 0.0000e+00, 0.0000e+00, 
 1DIAGNOSTIC,    61, -9.486694335938e-01, 2.038958388524e-06, 0.0000e+00, 0.0000e+00, 
 1DIAGNOSTIC,    62, -9.486694335938e-01, 1.927788720945e-06, 0.0000e+00, 0.0000e+00, 
 1DIAGNOSTIC,    63, -9.486694335938e-01, 1.828159936344e-06, 0.0000e+00, 0.0000e+00, 
 1DIAGNOSTIC,    64, -9.486999511719e-01, 1.741928755815e-06, 0.0000e+00, 0.0000e+00, 
 1DIAGNOSTIC,    65, -9.486999511719e-01, 1.672440123050e-06, 0.0000e+00, 0.0000e+00, 
 1DIAGNOSTIC,    66, -9.487304687500e-01, 1.623989936698e-06, 0.0000e+00, 0.0000e+00, 
 1DIAGNOSTIC,    67, -9.487304687500e-01, 1.599655465572e-06, 0.0000e+00, 0.0000e+00, 
 1DIAGNOSTIC,    68, -9.487304687500e-01, 1.463329843437e-06, 0.0000e+00, 0.0000e+00, 
 1DIAGNOSTIC,    69, -9.487304687500e-01, 1.365907825726e-06, 0.0000e+00, 0.0000e+00, 
 1DIAGNOSTIC,    70, -9.487304687500e-01, 1.175638902578e-06, 0.0000e+00, 0.0000e+00, 
XXDIAGNOSTIC,Iteration,metricValue,convergenceValue,ITERATION_TIME_INDEX,SINCE_LAST
 1DIAGNOSTIC,     1, -8.966674804688e-01, 1.797693134862e+308, 0.0000e+00, 0.0000e+00, 
 1DIAGNOSTIC,     2, -8.992309570312e-01, 1.797693134862e+308, 0.0000e+00, 0.0000e+00, 
 1DIAGNOSTIC,     3, -9.020080566406e-01, 1.797693134862e+308, 0.0000e+00, 0.0000e+00, 
 1DIAGNOSTIC,     4, -9.045715332031e-01, 1.797693134862e+308, 0.0000e+00, 0.0000e+00, 
 1DIAGNOSTIC,     5, -9.068298339844e-01, 1.797693134862e+308, 0.0000e+00, 0.0000e+00, 
 1DIAGNOSTIC,     6, -9.088439941406e-01, 1.797693134862e+308, 0.0000e+00, 0.0000e+00, 
 1DIAGNOSTIC,     7, -9.105834960938e-01, 1.797693134862e+308, 0.0000e+00, 0.0000e+00, 
 1DIAGNOSTIC,     8, -9.121398925781e-01, 1.797693134862e+308, 0.0000e+00, 0.0000e+00, 
 1DIAGNOSTIC,     9, -9.135437011719e-01, 1.797693134862e+308, 0.0000e+00, 0.0000e+00, 
 1DIAGNOSTIC,    10, -9.148559570312e-01, 1.286050264892e-03, 0.0000e+00, 0.0000e+00, 
 1DIAGNOSTIC,    11, -9.160766601562e-01, 1.059634051891e-03, 0.0000e+00, 0.0000e+00, 
 1DIAGNOSTIC,    12, -9.170532226562e-01, 8.674578998391e-04, 0.0000e+00, 0.0000e+00, 
 1DIAGNOSTIC,    13, -9.179992675781e-01, 7.154831533617e-04, 0.0000e+00, 0.0000e+00, 
 1DIAGNOSTIC,    14, -9.188537597656e-01, 5.959585612141e-04, 0.0000e+00, 0.0000e+00, 
 1DIAGNOSTIC,    15, -9.196777343750e-01, 5.016000499489e-04, 0.0000e+00, 0.0000e+00, 
 1DIAGNOSTIC,    16, -9.202880859375e-01, 4.238163502640e-04, 0.0000e+00, 0.0000e+00, 
 1DIAGNOSTIC,    17, -9.210815429688e-01, 3.624216146364e-04, 0.0000e+00, 0.0000e+00, 
 1DIAGNOSTIC,    18, -9.217834472656e-01, 3.131765017943e-04, 0.0000e+00, 0.0000e+00, 
 1DIAGNOSTIC,    19, -9.223022460938e-01, 2.713396328760e-04, 0.0000e+00, 0.0000e+00, 
 1DIAGNOSTIC,    20, -9.227600097656e-01, 2.358822230678e-04, 0.0000e+00, 0.0000e+00, 
 1DIAGNOSTIC,    21, -9.233093261719e-01, 2.080027542899e-04, 0.0000e+00, 0.0000e+00, 
 1DIAGNOSTIC,    22, -9.236450195312e-01, 1.816094756113e-04, 0.0000e+00, 0.0000e+00, 
 1DIAGNOSTIC,    23, -9.239807128906e-01, 1.577589950846e-04, 0.0000e+00, 0.0000e+00, 
 1DIAGNOSTIC,    24, -9.242858886719e-01, 1.360894316682e-04, 0.0000e+00, 0.0000e+00, 
 1DIAGNOSTIC,    25, -9.245605468750e-01, 1.170600915025e-04, 0.0000e+00, 0.0000e+00, 
 1DIAGNOSTIC,    26, -9.248046875000e-01, 9.861095369981e-05, 0.0000e+00, 0.0000e+00, 
 1DIAGNOSTIC,    27, -9.250488281250e-01, 8.412117846227e-05, 0.0000e+00, 0.0000e+00, 
 1DIAGNOSTIC,    28, -9.252624511719e-01, 7.289687258570e-05, 0.0000e+00, 0.0000e+00, 
 1DIAGNOSTIC,    29, -9.254760742188e-01, 6.341740073668e-05, 0.0000e+00, 0.0000e+00, 
 1DIAGNOSTIC,    30, -9.256896972656e-01, 5.548278304295e-05, 0.0000e+00, 0.0000e+00, 
 1DIAGNOSTIC,    31, -9.259033203125e-01, 5.046384543668e-05, 0.0000e+00, 0.0000e+00, 
 1DIAGNOSTIC,    32, -9.261169433594e-01, 4.631552487363e-05, 0.0000e+00, 0.0000e+00, 
 1DIAGNOSTIC,    33, -9.263000488281e-01, 4.291915194856e-05, 0.0000e+00, 0.0000e+00, 
 1DIAGNOSTIC,    34, -9.265136718750e-01, 4.040936815628e-05, 0.0000e+00, 0.0000e+00, 
 1DIAGNOSTIC,    35, -9.267272949219e-01, 3.854953607299e-05, 0.0000e+00, 0.0000e+00, 
 1DIAGNOSTIC,    36, -9.269104003906e-01, 3.682236903320e-05, 0.0000e+00, 0.0000e+00, 
 1DIAGNOSTIC,    37, -9.271240234375e-01, 3.555340485357e-05, 0.0000e+00, 0.0000e+00, 
 1DIAGNOSTIC,    38, -9.273376464844e-01, 3.447621943800e-05, 0.0000e+00, 0.0000e+00, 
 1DIAGNOSTIC,    39, -9.275207519531e-01, 3.334259297965e-05, 0.0000e+00, 0.0000e+00, 
 1DIAGNOSTIC,    40, -9.277038574219e-01, 3.218662179173e-05, 0.0000e+00, 0.0000e+00, 
 1DIAGNOSTIC,    41, -9.278869628906e-01, 3.104125145080e-05, 0.0000e+00, 0.0000e+00, 
 1DIAGNOSTIC,    42, -9.280700683594e-01, 2.994203832396e-05, 0.0000e+00, 0.0000e+00, 
 1DIAGNOSTIC,    43, -9.282226562500e-01, 2.847126880064e-05, 0.0000e+00, 0.0000e+00, 
 1DIAGNOSTIC,    44, -9.284057617188e-01, 2.716695514359e-05, 0.0000e+00, 0.0000e+00, 
 1DIAGNOSTIC,    45, -9.285278320312e-01, 2.566231703172e-05, 0.0000e+00, 0.0000e+00, 
 1DIAGNOSTIC,    46, -9.286804199219e-01, 2.405784725527e-05, 0.0000e+00, 0.0000e+00, 
 1DIAGNOSTIC,    47, -9.288330078125e-01, 2.265116494304e-05, 0.0000e+00, 0.0000e+00, 
 1DIAGNOSTIC,    48, -9.289550781250e-01, 2.132307360444e-05, 0.0000e+00, 0.0000e+00, 
 1DIAGNOSTIC,    49, -9.290771484375e-01, 1.996579176735e-05, 0.0000e+00, 0.0000e+00, 
 1DIAGNOSTIC,    50, -9.291992187500e-01, 1.866870304173e-05, 0.0000e+00, 0.0000e+00, 
XXDIAGNOSTIC,Iteration,metricValue,convergenceValue,ITERATION_TIME_INDEX,SINCE_LAST
 1DIAGNOSTIC,     1, -8.834228515625e-01, 1.797693134862e+308, 0.0000e+00, 0.0000e+00, 
 1DIAGNOSTIC,     2, -8.848266601562e-01, 1.797693134862e+308, 0.0000e+00, 0.0000e+00, 
 1DIAGNOSTIC,     3, -8.865966796875e-01, 1.797693134862e+308, 0.0000e+00, 0.0000e+00, 
 1DIAGNOSTIC,     4, -8.880310058594e-01, 1.797693134862e+308, 0.0000e+00, 0.0000e+00, 
 1DIAGNOSTIC,     5, -8.894348144531e-01, 1.797693134862e+308, 0.0000e+00, 0.0000e+00, 
 1DIAGNOSTIC,     6, -8.906860351562e-01, 1.797693134862e+308, 0.0000e+00, 0.0000e+00, 
 1DIAGNOSTIC,     7, -8.918457031250e-01, 1.797693134862e+308, 0.0000e+00, 0.0000e+00, 
 1DIAGNOSTIC,     8, -8.930053710938e-01, 1.797693134862e+308, 0.0000e+00, 0.0000e+00, 
 1DIAGNOSTIC,     9, -8.941040039062e-01, 1.797693134862e+308, 6.5536e+04, 6.5536e+04, 
 1DIAGNOSTIC,    10, -8.950500488281e-01, 8.404713524298e-04, 6.5536e+04, 0.0000e+00, 
 1DIAGNOSTIC,    11, -8.958129882812e-01, 7.135147212374e-04, 6.5536e+04, 0.0000e+00, 
 1DIAGNOSTIC,    12, -8.966674804688e-01, 6.032894588039e-04, 6.5536e+04, 0.0000e+00, 
 1DIAGNOSTIC,    13, -8.973693847656e-01, 5.157292548315e-04, 6.5536e+04, 0.0000e+00, 
 1DIAGNOSTIC,    14, -8.979797363281e-01, 4.399832925212e-04, 6.5536e+04, 0.0000e+00, 
 1DIAGNOSTIC,    15, -8.985900878906e-01, 3.767547392698e-04, 6.5536e+04, 0.0000e+00, 
 1DIAGNOSTIC,    16, -8.991699218750e-01, 3.231608607880e-04, 6.5536e+04, 0.0000e+00, 
 1DIAGNOSTIC,    17, -8.996887207031e-01, 2.773127630130e-04, 6.5536e+04, 0.0000e+00, 
 1DIAGNOSTIC,    18, -9.002075195312e-01, 2.403957360742e-04, 6.5536e+04, 0.0000e+00, 
 1DIAGNOSTIC,    19, -9.006958007812e-01, 2.115191480442e-04, 6.5536e+04, 0.0000e+00, 
 1DIAGNOSTIC,    20, -9.011535644531e-01, 1.881259584449e-04, 6.5536e+04, 0.0000e+00, 
  Elapsed time (stage 0): 65536


Total elapsed time: 65536
