
##########################
# Experiment information #
##########################
SIF_IMG: /project/rrg-glatard/mdugre/containers/ants-p2-vprec.sif
EXPERIMENT_NAME: vprec-space_search
CONFIG: 0011
VFC_BACKENDS: libinterflop_vprec.so --range-binary32=7 --precision-binary32=19 --range-binary64=7 --precision-binary64=19

FIXED_IMG: /templateflow/tpl-MNI152NLin2009cAsym/tpl-MNI152NLin2009cAsym_res-01_desc-brain_T1w.nii.gz
SUBJECT_ID: 0003016
INPUT_IMG: /project/rrg-glatard/mdugre/datasets/corr/RawDataBIDS/BMB_1/derivatives/antsBrainExtraction/sub-0003016/BrainExtractionBrain.nii.gz
OUTPUT_DIR: /project/rrg-glatard/mdugre/datasets/corr/RawDataBIDS/BMB_1/derivatives/vprec-space_search/0011/r7-p19/sub-0003016

ITK_GLOBAL_DEFAULT_NUMBER_OF_THREADS: 8
##########################

VFC_BACKENDS=libinterflop_ieee.so
Info [verificarlo]: loaded backend libinterflop_ieee.so
Info [interflop-ieee]: load backend with:
Info [interflop-ieee]: debug = false
Info [interflop-ieee]: debug-binary = false
Info [interflop-ieee]: no-backend-name = false
Info [interflop-ieee]: print-new-line = false
Info [interflop-ieee]: print-subnormal-normalized = false
Info [interflop-ieee]: count-op = false
All_Command_lines_OK
Using double precision for computations.
=============================================================================
The composite transform comprises the following transforms (in order): 
  1. Center of mass alignment using fixed image: /templateflow/tpl-MNI152NLin2009cAsym/tpl-MNI152NLin2009cAsym_res-01_desc-brain_T1w.nii.gz and moving image: /project/rrg-glatard/mdugre/datasets/corr/RawDataBIDS/BMB_1/derivatives/antsBrainExtraction/sub-0003016/BrainExtractionBrain.nii.gz (type = Euler3DTransform)
=============================================================================
  number of levels = 1
  fixed image: /templateflow/tpl-MNI152NLin2009cAsym/tpl-MNI152NLin2009cAsym_res-01_desc-brain_T1w.nii.gz
  moving image: /project/rrg-glatard/mdugre/datasets/corr/RawDataBIDS/BMB_1/derivatives/antsBrainExtraction/sub-0003016/BrainExtractionBrain.nii.gz
Dimension = 3
Number of stages = 1
Use histogram matching = false
Winsorize image intensities = true
  Lower quantile = 0.005
  Upper quantile = 0.995


Stage 1 State
   Image metric = MattesMI
     Fixed image = Image (0x4775390)
  RTTI typeinfo:   itk::Image<double, 3u>
  Reference Count: 2
  Modified Time: 2330
  Debug: Off
  Object Name: 
  Observers: 
    none
  Source: (none)
  Source output name: (none)
  Release Data: Off
  Data Released: False
  Global Release Data: Off
  PipelineMTime: 0
  UpdateMTime: 1941
  RealTimeStamp: 0 seconds 
  LargestPossibleRegion: 
    Dimension: 3
    Index: [0, 0, 0]
    Size: [193, 229, 193]
  BufferedRegion: 
    Dimension: 3
    Index: [0, 0, 0]
    Size: [193, 229, 193]
  RequestedRegion: 
    Dimension: 3
    Index: [0, 0, 0]
    Size: [193, 229, 193]
  Spacing: [1, 1, 1]
  Origin: [96, 132, -78]
  Direction: 
-1 0 0
0 -1 0
0 0 1

  IndexToPointMatrix: 
-1 0 0
0 -1 0
0 0 1

  PointToIndexMatrix: 
-1 0 0
0 -1 0
0 0 1

  Inverse Direction: 
-1 0 0
0 -1 0
0 0 1

  PixelContainer: 
    ImportImageContainer (0x4840a90)
      RTTI typeinfo:   itk::ImportImageContainer<unsigned long, double>
      Reference Count: 1
      Modified Time: 1938
      Debug: Off
      Object Name: 
      Observers: 
        none
      Pointer: 0x154ada6f6010
      Container manages memory: true
      Size: 8530021
      Capacity: 8530021

     Moving image = Image (0x477a390)
  RTTI typeinfo:   itk::Image<double, 3u>
  Reference Count: 2
  Modified Time: 2331
  Debug: Off
  Object Name: 
  Observers: 
    none
  Source: (none)
  Source output name: (none)
  Release Data: Off
  Data Released: False
  Global Release Data: Off
  PipelineMTime: 0
  UpdateMTime: 2328
  RealTimeStamp: 0 seconds 
  LargestPossibleRegion: 
    Dimension: 3
    Index: [0, 0, 0]
    Size: [176, 256, 256]
  BufferedRegion: 
    Dimension: 3
    Index: [0, 0, 0]
    Size: [176, 256, 256]
  RequestedRegion: 
    Dimension: 3
    Index: [0, 0, 0]
    Size: [176, 256, 256]
  Spacing: [1, 1, 1]
  Origin: [-87.5, 93.2651, -125.795]
  Direction: 
1 0 0
0 -1 0
0 0 1

  IndexToPointMatrix: 
1 0 0
0 -1 0
0 0 1

  PointToIndexMatrix: 
1 0 0
0 -1 0
0 0 1

  Inverse Direction: 
1 0 0
0 -1 0
0 0 1

  PixelContainer: 
    ImportImageContainer (0x4920b90)
      RTTI typeinfo:   itk::ImportImageContainer<unsigned long, double>
      Reference Count: 1
      Modified Time: 2325
      Debug: Off
      Object Name: 
      Observers: 
        none
      Pointer: 0x154ad4ef5010
      Container manages memory: true
      Size: 11534336
      Capacity: 11534336

     Weighting = 1
     Sampling strategy = regular
     Number of bins = 32
     Radius = 4
     Sampling percentage  = 0.25
   Transform = Rigid
     Gradient step = 0.1
     Update field sigma (voxel space) = 0
     Total field sigma (voxel space) = 0
     Update field time sigma = 0
     Total field time sigma  = 0
     Number of time indices = 0
     Number of time point samples = 0
Registration using 1 total stages.

Stage 0
  iterations = 0
  convergence threshold = 1e-06
  convergence window size = 10
  number of levels = 1
  using the Mattes MI metric (number of bins = 32, weight = 1, use gradient filter = 0)
  preprocessing:  winsorizing the image intensities
  Shrink factors (level 1 out of 1): [1, 1, 1]
  smoothing sigmas per level: [0]
  regular sampling (percentage = 0.25)

*** Running Euler3DTransform registration ***

  Elapsed time (stage 0): 0.94723


Total elapsed time: 0.950656
VFC_BACKENDS=libinterflop_ieee.so
Info [verificarlo]: loaded backend libinterflop_ieee.so
Info [interflop-ieee]: load backend with:
Info [interflop-ieee]: debug = false
Info [interflop-ieee]: debug-binary = false
Info [interflop-ieee]: no-backend-name = false
Info [interflop-ieee]: print-new-line = false
Info [interflop-ieee]: print-subnormal-normalized = false
Info [interflop-ieee]: count-op = false
All_Command_lines_OK
Using double precision for computations.
=============================================================================
The composite transform comprises the following transforms (in order): 
  1. /project/rrg-glatard/mdugre/datasets/corr/RawDataBIDS/BMB_1/derivatives/vprec-space_search/0011/r7-p19/sub-0003016/align_Composite.h5[0] (type = Euler3DTransform)
  2. /project/rrg-glatard/mdugre/datasets/corr/RawDataBIDS/BMB_1/derivatives/vprec-space_search/0011/r7-p19/sub-0003016/align_Composite.h5[1] (type = Euler3DTransform)
=============================================================================
  number of levels = 4
  fixed image: /templateflow/tpl-MNI152NLin2009cAsym/tpl-MNI152NLin2009cAsym_res-01_desc-brain_T1w.nii.gz
  moving image: /project/rrg-glatard/mdugre/datasets/corr/RawDataBIDS/BMB_1/derivatives/antsBrainExtraction/sub-0003016/BrainExtractionBrain.nii.gz
Dimension = 3
Number of stages = 1
Use histogram matching = false
Winsorize image intensities = true
  Lower quantile = 0.005
  Upper quantile = 0.995


Stage 1 State
   Image metric = MattesMI
     Fixed image = Image (0x3400650)
  RTTI typeinfo:   itk::Image<double, 3u>
  Reference Count: 2
  Modified Time: 1578
  Debug: Off
  Object Name: 
  Observers: 
    none
  Source: (none)
  Source output name: (none)
  Release Data: Off
  Data Released: False
  Global Release Data: Off
  PipelineMTime: 0
  UpdateMTime: 1189
  RealTimeStamp: 0 seconds 
  LargestPossibleRegion: 
    Dimension: 3
    Index: [0, 0, 0]
    Size: [193, 229, 193]
  BufferedRegion: 
    Dimension: 3
    Index: [0, 0, 0]
    Size: [193, 229, 193]
  RequestedRegion: 
    Dimension: 3
    Index: [0, 0, 0]
    Size: [193, 229, 193]
  Spacing: [1, 1, 1]
  Origin: [96, 132, -78]
  Direction: 
-1 0 0
0 -1 0
0 0 1

  IndexToPointMatrix: 
-1 0 0
0 -1 0
0 0 1

  PointToIndexMatrix: 
-1 0 0
0 -1 0
0 0 1

  Inverse Direction: 
-1 0 0
0 -1 0
0 0 1

  PixelContainer: 
    ImportImageContainer (0x34be420)
      RTTI typeinfo:   itk::ImportImageContainer<unsigned long, double>
      Reference Count: 1
      Modified Time: 1186
      Debug: Off
      Object Name: 
      Observers: 
        none
      Pointer: 0x146758e3d010
      Container manages memory: true
      Size: 8530021
      Capacity: 8530021

     Moving image = Image (0x34bb520)
  RTTI typeinfo:   itk::Image<double, 3u>
  Reference Count: 2
  Modified Time: 1579
  Debug: Off
  Object Name: 
  Observers: 
    none
  Source: (none)
  Source output name: (none)
  Release Data: Off
  Data Released: False
  Global Release Data: Off
  PipelineMTime: 0
  UpdateMTime: 1576
  RealTimeStamp: 0 seconds 
  LargestPossibleRegion: 
    Dimension: 3
    Index: [0, 0, 0]
    Size: [176, 256, 256]
  BufferedRegion: 
    Dimension: 3
    Index: [0, 0, 0]
    Size: [176, 256, 256]
  RequestedRegion: 
    Dimension: 3
    Index: [0, 0, 0]
    Size: [176, 256, 256]
  Spacing: [1, 1, 1]
  Origin: [-87.5, 93.2651, -125.795]
  Direction: 
1 0 0
0 -1 0
0 0 1

  IndexToPointMatrix: 
1 0 0
0 -1 0
0 0 1

  PointToIndexMatrix: 
1 0 0
0 -1 0
0 0 1

  Inverse Direction: 
1 0 0
0 -1 0
0 0 1

  PixelContainer: 
    ImportImageContainer (0x34e8f10)
      RTTI typeinfo:   itk::ImportImageContainer<unsigned long, double>
      Reference Count: 1
      Modified Time: 1573
      Debug: Off
      Object Name: 
      Observers: 
        none
      Pointer: 0x14675363c010
      Container manages memory: true
      Size: 11534336
      Capacity: 11534336

     Weighting = 1
     Sampling strategy = regular
     Number of bins = 32
     Radius = 4
     Sampling percentage  = 0.25
   Transform = Rigid
     Gradient step = 0.1
     Update field sigma (voxel space) = 0
     Total field sigma (voxel space) = 0
     Update field time sigma = 0
     Total field time sigma  = 0
     Number of time indices = 0
     Number of time point samples = 0
Registration using 1 total stages.

Stage 0
  iterations = 1000x500x250x100
  convergence threshold = 1e-06
  convergence window size = 10
  number of levels = 4
  using the Mattes MI metric (number of bins = 32, weight = 1, use gradient filter = 0)
  preprocessing:  winsorizing the image intensities
  Shrink factors (level 1 out of 4): [8, 8, 8]
  Shrink factors (level 2 out of 4): [4, 4, 4]
  Shrink factors (level 3 out of 4): [2, 2, 2]
  Shrink factors (level 4 out of 4): [1, 1, 1]
  smoothing sigmas per level: [3, 2, 1, 0]
  regular sampling (percentage = 0.25)

*** Running Euler3DTransform registration ***

DIAGNOSTIC,Iteration,metricValue,convergenceValue,ITERATION_TIME_INDEX,SINCE_LAST
 2DIAGNOSTIC,     1, -6.953515185787e-01, 1.797693134862e+308, 1.1606e+00, 1.1606e+00, 
 2DIAGNOSTIC,     2, -6.972681752348e-01, 1.797693134862e+308, 1.1656e+00, 5.0349e-03, 
 2DIAGNOSTIC,     3, -7.004625033468e-01, 1.797693134862e+308, 1.1701e+00, 4.4971e-03, 
 2DIAGNOSTIC,     4, -7.063135082979e-01, 1.797693134862e+308, 1.1749e+00, 4.7591e-03, 
 2DIAGNOSTIC,     5, -7.145969310007e-01, 1.797693134862e+308, 1.1797e+00, 4.8759e-03, 
 2DIAGNOSTIC,     6, -7.230391292726e-01, 1.797693134862e+308, 1.1843e+00, 4.5309e-03, 
 2DIAGNOSTIC,     7, -7.378021544836e-01, 1.797693134862e+308, 1.1894e+00, 5.1301e-03, 
 2DIAGNOSTIC,     8, -7.468512856303e-01, 1.797693134862e+308, 1.1961e+00, 6.6662e-03, 
 2DIAGNOSTIC,     9, -7.503929136280e-01, 1.797693134862e+308, 1.2011e+00, 5.0249e-03, 
 2DIAGNOSTIC,    10, -7.546483676208e-01, 6.074286380703e-03, 1.2064e+00, 5.3461e-03, 
 2DIAGNOSTIC,    11, -7.654628647863e-01, 5.834100394988e-03, 1.2112e+00, 4.7801e-03, 
 2DIAGNOSTIC,    12, -7.773402402246e-01, 5.542492117329e-03, 1.2160e+00, 4.7629e-03, 
 2DIAGNOSTIC,    13, -7.825513077600e-01, 5.039410227204e-03, 1.2211e+00, 5.0972e-03, 
 2DIAGNOSTIC,    14, -7.832206687070e-01, 4.340728853345e-03, 1.2263e+00, 5.2512e-03, 
 2DIAGNOSTIC,    15, -7.903724503107e-01, 3.743138125362e-03, 1.2323e+00, 5.9340e-03, 
 2DIAGNOSTIC,    16, -7.930708407484e-01, 3.133601400599e-03, 1.2373e+00, 5.0070e-03, 
 2DIAGNOSTIC,    17, -8.019301095484e-01, 2.830410422321e-03, 1.2425e+00, 5.2712e-03, 
 2DIAGNOSTIC,    18, -8.049770594118e-01, 2.554194615633e-03, 1.2498e+00, 7.2801e-03, 
 2DIAGNOSTIC,    19, -8.052050085592e-01, 2.152224634134e-03, 1.2543e+00, 4.5359e-03, 
 2DIAGNOSTIC,    20, -8.052316447445e-01, 1.673504791227e-03, 1.2588e+00, 4.4961e-03, 
 2DIAGNOSTIC,    21, -8.054792608954e-01, 1.279356361431e-03, 1.2640e+00, 5.1959e-03, 
 2DIAGNOSTIC,    22, -8.060044788038e-01, 1.011226119274e-03, 1.2694e+00, 5.3689e-03, 
 2DIAGNOSTIC,    23, -8.067514001283e-01, 7.701481325486e-04, 1.2741e+00, 4.6642e-03, 
 2DIAGNOSTIC,    24, -8.076469863200e-01, 5.017249658368e-04, 1.2785e+00, 4.4200e-03, 
 2DIAGNOSTIC,    25, -8.096615455667e-01, 3.459262926496e-04, 1.2829e+00, 4.4441e-03, 
 2DIAGNOSTIC,    26, -8.137447362720e-01, 2.631972384657e-04, 1.2875e+00, 4.5381e-03, 
 2DIAGNOSTIC,    27, -8.188814046720e-01, 3.510963553765e-04, 1.2938e+00, 6.3279e-03, 
 2DIAGNOSTIC,    28, -8.232768881407e-01, 4.960144319880e-04, 1.2983e+00, 4.4720e-03, 
 2DIAGNOSTIC,    29, -8.275302132483e-01, 6.401330985632e-04, 1.3028e+00, 4.5729e-03, 
 2DIAGNOSTIC,    30, -8.389971630463e-01, 8.532826704527e-04, 1.3103e+00, 7.4480e-03, 
 2DIAGNOSTIC,    31, -8.461876474480e-01, 1.054993320611e-03, 1.3164e+00, 6.1512e-03, 
 2DIAGNOSTIC,    32, -8.462708732413e-01, 1.149288408461e-03, 1.3217e+00, 5.2021e-03, 
 2DIAGNOSTIC,    33, -8.461671080930e-01, 1.138348036681e-03, 1.3261e+00, 4.4298e-03, 
 2DIAGNOSTIC,    34, -8.460539080426e-01, 1.029414972422e-03, 1.3305e+00, 4.4329e-03, 
 2DIAGNOSTIC,    35, -8.460774062703e-01, 8.484838415223e-04, 1.3349e+00, 4.3590e-03, 
 2DIAGNOSTIC,    36, -8.461186811853e-01, 6.372969218049e-04, 1.3399e+00, 5.0712e-03, 
 2DIAGNOSTIC,    37, -8.461779357736e-01, 4.292350441264e-04, 1.3450e+00, 5.0111e-03, 
 2DIAGNOSTIC,    38, -8.460956376354e-01, 2.342182447602e-04, 1.3494e+00, 4.4880e-03, 
 2DIAGNOSTIC,    39, -8.460185261290e-01, 6.392102911352e-05, 1.3539e+00, 4.4520e-03, 
DIAGNOSTIC,Iteration,metricValue,convergenceValue,ITERATION_TIME_INDEX,SINCE_LAST
 2DIAGNOSTIC,     1, -6.964711500428e-01, 1.797693134862e+308, 2.5676e+00, 1.2137e+00, 
 2DIAGNOSTIC,     2, -6.976681578759e-01, 1.797693134862e+308, 2.6034e+00, 3.5758e-02, 
 2DIAGNOSTIC,     3, -6.989620897611e-01, 1.797693134862e+308, 2.6376e+00, 3.4247e-02, 
 2DIAGNOSTIC,     4, -7.000963125156e-01, 1.797693134862e+308, 2.6741e+00, 3.6425e-02, 
 2DIAGNOSTIC,     5, -7.004967018387e-01, 1.797693134862e+308, 2.7083e+00, 3.4289e-02, 
 2DIAGNOSTIC,     6, -7.009030443983e-01, 1.797693134862e+308, 2.7512e+00, 4.2900e-02, 
 2DIAGNOSTIC,     7, -7.012543551817e-01, 1.797693134862e+308, 2.7977e+00, 4.6472e-02, 
 2DIAGNOSTIC,     8, -7.012626128953e-01, 1.797693134862e+308, 2.8326e+00, 3.4856e-02, 
 2DIAGNOSTIC,     9, -7.012944734422e-01, 1.797693134862e+308, 2.8794e+00, 4.6824e-02, 
 2DIAGNOSTIC,    10, -7.013374255328e-01, 4.196563963751e-04, 2.9187e+00, 3.9286e-02, 
 2DIAGNOSTIC,    11, -7.013151431506e-01, 2.604526707729e-04, 2.9574e+00, 3.8719e-02, 
 2DIAGNOSTIC,    12, -7.013061800968e-01, 1.441526325491e-04, 2.9919e+00, 3.4508e-02, 
 2DIAGNOSTIC,    13, -7.012984981882e-01, 7.246679516150e-05, 3.0308e+00, 3.8863e-02, 
 2DIAGNOSTIC,    14, -7.013051490559e-01, 3.769336538534e-05, 3.0669e+00, 3.6108e-02, 
 2DIAGNOSTIC,    15, -7.013082725371e-01, 1.501551519074e-05, 3.1063e+00, 3.9374e-02, 
 2DIAGNOSTIC,    16, -7.013102609996e-01, 4.111470044824e-06, 3.1411e+00, 3.4792e-02, 
 2DIAGNOSTIC,    17, -7.013203503378e-01, 2.950050895081e-06, 3.1839e+00, 4.2822e-02, 
 2DIAGNOSTIC,    18, -7.013341885094e-01, 2.297518840198e-06, 3.2231e+00, 3.9182e-02, 
 2DIAGNOSTIC,    19, -7.013282572196e-01, 2.176043826019e-06, 3.2591e+00, 3.6058e-02, 
 2DIAGNOSTIC,    20, -7.013119577022e-01, 2.577499398013e-06, 3.2947e+00, 3.5548e-02, 
 2DIAGNOSTIC,    21, -7.013116621751e-01, 2.428428399058e-06, 3.3334e+00, 3.8723e-02, 
 2DIAGNOSTIC,    22, -7.013184037361e-01, 2.163780261299e-06, 3.3723e+00, 3.8915e-02, 
 2DIAGNOSTIC,    23, -7.013115253649e-01, 1.583698136839e-06, 3.4124e+00, 4.0083e-02, 
DIAGNOSTIC,Iteration,metricValue,convergenceValue,ITERATION_TIME_INDEX,SINCE_LAST
 2DIAGNOSTIC,     1, -6.003590765032e-01, 1.797693134862e+308, 5.0129e+00, 1.6005e+00, 
 2DIAGNOSTIC,     2, -6.006467719525e-01, 1.797693134862e+308, 5.3086e+00, 2.9570e-01, 
 2DIAGNOSTIC,     3, -6.008174968353e-01, 1.797693134862e+308, 5.6429e+00, 3.3423e-01, 
 2DIAGNOSTIC,     4, -6.008382154002e-01, 1.797693134862e+308, 5.9374e+00, 2.9459e-01, 
 2DIAGNOSTIC,     5, -6.008942865587e-01, 1.797693134862e+308, 6.2322e+00, 2.9477e-01, 
 2DIAGNOSTIC,     6, -6.010621474251e-01, 1.797693134862e+308, 6.5271e+00, 2.9492e-01, 
 2DIAGNOSTIC,     7, -6.012665698594e-01, 1.797693134862e+308, 7.1503e+00, 6.2313e-01, 
 2DIAGNOSTIC,     8, -6.012654426020e-01, 1.797693134862e+308, 7.4835e+00, 3.3322e-01, 
 2DIAGNOSTIC,     9, -6.012625622631e-01, 1.797693134862e+308, 7.8547e+00, 3.7120e-01, 
 2DIAGNOSTIC,    10, -6.012595269403e-01, 9.684850604161e-05, 8.1889e+00, 3.3418e-01, 
 2DIAGNOSTIC,    11, -6.012593025442e-01, 6.753707896347e-05, 8.5230e+00, 3.3416e-01, 
 2DIAGNOSTIC,    12, -6.012575927504e-01, 4.827602069138e-05, 8.9340e+00, 4.1102e-01, 
 2DIAGNOSTIC,    13, -6.012567990993e-01, 3.411673301797e-05, 9.3136e+00, 3.7952e-01, 
 2DIAGNOSTIC,    14, -6.012557654422e-01, 1.989819126672e-05, 9.6856e+00, 3.7208e-01, 
 2DIAGNOSTIC,    15, -6.012545804479e-01, 7.624288904926e-06, 9.9820e+00, 2.9632e-01, 
 2DIAGNOSTIC,    16, -6.012521727993e-01, 1.095821421715e-06, 1.0277e+01, 2.9504e-01, 
 2DIAGNOSTIC,    17, -6.012512187003e-01, 1.077490329834e-06, 1.0610e+01, 3.3340e-01, 
 2DIAGNOSTIC,    18, -6.012515746560e-01, 1.115486578336e-06, 1.0907e+01, 2.9619e-01, 
 2DIAGNOSTIC,    19, -6.012495474091e-01, 1.088303782065e-06, 1.1242e+01, 3.3512e-01, 
 2DIAGNOSTIC,    20, -6.012502392690e-01, 1.064162564603e-06, 1.1577e+01, 3.3526e-01, 
 2DIAGNOSTIC,    21, -6.012481192644e-01, 1.039346017327e-06, 1.1911e+01, 3.3383e-01, 
 2DIAGNOSTIC,    22, -6.012471266401e-01, 1.004218477443e-06, 1.2214e+01, 3.0293e-01, 
DIAGNOSTIC,Iteration,metricValue,convergenceValue,ITERATION_TIME_INDEX,SINCE_LAST
 2DIAGNOSTIC,     1, -5.413076735829e-01, 1.797693134862e+308, 1.5297e+01, 3.0835e+00, 
 2DIAGNOSTIC,     2, -5.414546072458e-01, 1.797693134862e+308, 1.7631e+01, 2.3336e+00, 
 2DIAGNOSTIC,     3, -5.414627494389e-01, 1.797693134862e+308, 1.9955e+01, 2.3245e+00, 
 2DIAGNOSTIC,     4, -5.414637747284e-01, 1.797693134862e+308, 2.2291e+01, 2.3359e+00, 
 2DIAGNOSTIC,     5, -5.414651085032e-01, 1.797693134862e+308, 2.4627e+01, 2.3353e+00, 
 2DIAGNOSTIC,     6, -5.414675617382e-01, 1.797693134862e+308, 2.6696e+01, 2.0693e+00, 
 2DIAGNOSTIC,     7, -5.414714463814e-01, 1.797693134862e+308, 2.9034e+01, 2.3379e+00, 
 2DIAGNOSTIC,     8, -5.414784314365e-01, 1.797693134862e+308, 3.1102e+01, 2.0685e+00, 
 2DIAGNOSTIC,     9, -5.414838327455e-01, 1.797693134862e+308, 3.3181e+01, 2.0788e+00, 
 2DIAGNOSTIC,    10, -5.414927937640e-01, 1.502538099547e-05, 3.5249e+01, 2.0680e+00, 
 2DIAGNOSTIC,    11, -5.415024094513e-01, 7.424740837814e-06, 3.8614e+01, 3.3644e+00, 
 2DIAGNOSTIC,    12, -5.415063032830e-01, 7.265305125626e-06, 4.1997e+01, 3.3837e+00, 
 2DIAGNOSTIC,    13, -5.415059375155e-01, 7.028743076606e-06, 4.4371e+01, 2.3733e+00, 
 2DIAGNOSTIC,    14, -5.415052226351e-01, 6.425885514749e-06, 4.6707e+01, 2.3359e+00, 
 2DIAGNOSTIC,    15, -5.415050594061e-01, 5.563855796600e-06, 4.9029e+01, 2.3226e+00, 
 2DIAGNOSTIC,    16, -5.415045773455e-01, 4.553285040440e-06, 5.2127e+01, 3.0979e+00, 
 2DIAGNOSTIC,    17, -5.415044537296e-01, 3.538835648437e-06, 5.4196e+01, 2.0692e+00, 
 2DIAGNOSTIC,    18, -5.415040634233e-01, 2.678256091085e-06, 5.6256e+01, 2.0594e+00, 
 2DIAGNOSTIC,    19, -5.415038280090e-01, 1.964858560362e-06, 5.8579e+01, 2.3231e+00, 
 2DIAGNOSTIC,    20, -5.415041454260e-01, 1.533333378240e-06, 6.0641e+01, 2.0621e+00, 
 2DIAGNOSTIC,    21, -5.415043511773e-01, 1.390297795924e-06, 6.2981e+01, 2.3402e+00, 
 2DIAGNOSTIC,    22, -5.415044161123e-01, 1.366309340882e-06, 6.5360e+01, 2.3790e+00, 
 2DIAGNOSTIC,    23, -5.415041947225e-01, 1.339017484031e-06, 6.7982e+01, 2.6219e+00, 
 2DIAGNOSTIC,    24, -5.415040783545e-01, 1.300205573450e-06, 7.0359e+01, 2.3773e+00, 
 2DIAGNOSTIC,    25, -5.415039658709e-01, 1.261133400814e-06, 7.2706e+01, 2.3471e+00, 
 2DIAGNOSTIC,    26, -5.415037056197e-01, 1.210909236896e-06, 7.5087e+01, 2.3803e+00, 
 2DIAGNOSTIC,    27, -5.415035792067e-01, 1.161055575342e-06, 7.7169e+01, 2.0824e+00, 
 2DIAGNOSTIC,    28, -5.415034612142e-01, 1.107159915636e-06, 7.9253e+01, 2.0843e+00, 
 2DIAGNOSTIC,    29, -5.415033578341e-01, 1.053497440881e-06, 8.1362e+01, 2.1086e+00, 
 2DIAGNOSTIC,    30, -5.415034162260e-01, 1.013990089671e-06, 8.3725e+01, 2.3631e+00, 
  Elapsed time (stage 0): 8.4909e+01


Total elapsed time: 8.4911e+01
VFC_BACKENDS=libinterflop_vprec.so --range-binary32=7 --precision-binary32=19 --range-binary64=7 --precision-binary64=19
Info [verificarlo]: loaded backend libinterflop_vprec.so
Info [interflop-vprec]: load backend with: 
Info [interflop-vprec]: precision-binary32 = 19
Info [interflop-vprec]: range-binary32 = 7
Info [interflop-vprec]: precision-binary64 = 19
Info [interflop-vprec]: range-binary64 = 7
Info [interflop-vprec]: mode = ob
Info [interflop-vprec]: error-mode = rel
Info [interflop-vprec]: max-abs-error-exponent = -1022
Info [interflop-vprec]: daz = false
Info [interflop-vprec]: ftz = false
Info [interflop-vprec]: 	instrument = none
Info [interflop-vprec]: 	prec-input-file = (null)
Info [interflop-vprec]: 	prec-output-file = (null)
Info [interflop-vprec]: 	prec-log-file = (null)
All_Command_lines_OK
Using double precision for computations.
=============================================================================
The composite transform comprises the following transforms (in order): 
  1. /project/rrg-glatard/mdugre/datasets/corr/RawDataBIDS/BMB_1/derivatives/vprec-space_search/0011/r7-p19/sub-0003016/rigid_Composite.h5[0] (type = Euler3DTransform)
  2. /project/rrg-glatard/mdugre/datasets/corr/RawDataBIDS/BMB_1/derivatives/vprec-space_search/0011/r7-p19/sub-0003016/rigid_Composite.h5[1] (type = Euler3DTransform)
  3. /project/rrg-glatard/mdugre/datasets/corr/RawDataBIDS/BMB_1/derivatives/vprec-space_search/0011/r7-p19/sub-0003016/rigid_Composite.h5[2] (type = Euler3DTransform)
=============================================================================
  number of levels = 4
  fixed image: /templateflow/tpl-MNI152NLin2009cAsym/tpl-MNI152NLin2009cAsym_res-01_desc-brain_T1w.nii.gz
  moving image: /project/rrg-glatard/mdugre/datasets/corr/RawDataBIDS/BMB_1/derivatives/antsBrainExtraction/sub-0003016/BrainExtractionBrain.nii.gz
Dimension = 3
Number of stages = 1
Use histogram matching = false
Winsorize image intensities = true
  Lower quantile = 0.005
  Upper quantile = 0.995


Stage 1 State
   Image metric = MattesMI
     Fixed image = Image (0x4f3d300)
  RTTI typeinfo:   itk::Image<double, 3u>
  Reference Count: 2
  Modified Time: 1592
  Debug: Off
  Object Name: 
  Observers: 
    none
  Source: (none)
  Source output name: (none)
  Release Data: Off
  Data Released: False
  Global Release Data: Off
  PipelineMTime: 0
  UpdateMTime: 1203
  RealTimeStamp: 0 seconds 
  LargestPossibleRegion: 
    Dimension: 3
    Index: [0, 0, 0]
    Size: [193, 229, 193]
  BufferedRegion: 
    Dimension: 3
    Index: [0, 0, 0]
    Size: [193, 229, 193]
  RequestedRegion: 
    Dimension: 3
    Index: [0, 0, 0]
    Size: [193, 229, 193]
  Spacing: [1, 1, 1]
  Origin: [96, 132, -78]
  Direction: 
-1 0 0
0 -1 0
0 0 1

  IndexToPointMatrix: 
-1 0 0
0 -1 0
0 0 1

  PointToIndexMatrix: 
-1 0 0
0 -1 0
0 0 1

  Inverse Direction: 
-1 0 0
0 -1 0
0 0 1

  PixelContainer: 
    ImportImageContainer (0x5005be0)
      RTTI typeinfo:   itk::ImportImageContainer<unsigned long, double>
      Reference Count: 1
      Modified Time: 1200
      Debug: Off
      Object Name: 
      Observers: 
        none
      Pointer: 0x14d1d6a3d010
      Container manages memory: true
      Size: 8530021
      Capacity: 8530021

     Moving image = Image (0x4ff8160)
  RTTI typeinfo:   itk::Image<double, 3u>
  Reference Count: 2
  Modified Time: 1593
  Debug: Off
  Object Name: 
  Observers: 
    none
  Source: (none)
  Source output name: (none)
  Release Data: Off
  Data Released: False
  Global Release Data: Off
  PipelineMTime: 0
  UpdateMTime: 1590
  RealTimeStamp: 0 seconds 
  LargestPossibleRegion: 
    Dimension: 3
    Index: [0, 0, 0]
    Size: [176, 256, 256]
  BufferedRegion: 
    Dimension: 3
    Index: [0, 0, 0]
    Size: [176, 256, 256]
  RequestedRegion: 
    Dimension: 3
    Index: [0, 0, 0]
    Size: [176, 256, 256]
  Spacing: [1, 1, 1]
  Origin: [-87.5, 93.265, -125.795]
  Direction: 
1 0 0
0 -1 0
0 0 1

  IndexToPointMatrix: 
1 0 0
0 -1 0
0 0 1

  PointToIndexMatrix: 
1 0 0
0 -1 0
0 0 1

  Inverse Direction: 
1 0 0
0 -1 0
0 0 1

  PixelContainer: 
    ImportImageContainer (0x4fadc10)
      RTTI typeinfo:   itk::ImportImageContainer<unsigned long, double>
      Reference Count: 1
      Modified Time: 1587
      Debug: Off
      Object Name: 
      Observers: 
        none
      Pointer: 0x14d1d123c010
      Container manages memory: true
      Size: 11534336
      Capacity: 11534336

     Weighting = 1
     Sampling strategy = regular
     Number of bins = 32
     Radius = 4
     Sampling percentage  = 0.25
   Transform = Affine
     Gradient step = 0.1
     Update field sigma (voxel space) = 0
     Total field sigma (voxel space) = 0
     Update field time sigma = 0
     Total field time sigma  = 0
     Number of time indices = 0
     Number of time point samples = 0
Registration using 1 total stages.

Stage 0
  iterations = 1000x500x250x100
  convergence threshold = 1e-06
  convergence window size = 10
  number of levels = 4
  using the Mattes MI metric (number of bins = 32, weight = 1, use gradient filter = 0)
  preprocessing:  winsorizing the image intensities
  Shrink factors (level 1 out of 4): [8, 8, 8]
  Shrink factors (level 2 out of 4): [4, 4, 4]
  Shrink factors (level 3 out of 4): [2, 2, 2]
  Shrink factors (level 4 out of 4): [1, 1, 1]
  smoothing sigmas per level: [3, 2, 1, 0]
  regular sampling (percentage = 0.25)

*** Running AffineTransform registration ***

DIAGNOSTIC,Iteration,metricValue,convergenceValue,ITERATION_TIME_INDEX,SINCE_LAST
 2DIAGNOSTIC,     1, -8.405153283322e-01, 1.797693134862e+308, 0.0000e+00, 0.0000e+00, 
 2DIAGNOSTIC,     2, -8.428664739746e-01, 1.797693134862e+308, 0.0000e+00, 0.0000e+00, 
 2DIAGNOSTIC,     3, -8.461479037086e-01, 1.797693134862e+308, 0.0000e+00, 0.0000e+00, 
 2DIAGNOSTIC,     4, -8.515921035660e-01, 1.797693134862e+308, 0.0000e+00, 0.0000e+00, 
 2DIAGNOSTIC,     5, -8.596576615416e-01, 1.797693134862e+308, 0.0000e+00, 0.0000e+00, 
 2DIAGNOSTIC,     6, -8.793538675542e-01, 1.797693134862e+308, 0.0000e+00, 0.0000e+00, 
 2DIAGNOSTIC,     7, -8.838815261755e-01, 1.797693134862e+308, 0.0000e+00, 0.0000e+00, 
 2DIAGNOSTIC,     8, -8.896371538821e-01, 1.797693134862e+308, 0.0000e+00, 0.0000e+00, 
 2DIAGNOSTIC,     9, -8.901997294444e-01, 1.797693134862e+308, 0.0000e+00, 0.0000e+00, 
 2DIAGNOSTIC,    10, -8.904476761624e-01, 4.595039721384e-03, 0.0000e+00, 0.0000e+00, 
 2DIAGNOSTIC,    11, -8.899080228613e-01, 3.794438912952e-03, 0.0000e+00, 0.0000e+00, 
 2DIAGNOSTIC,    12, -8.899381980951e-01, 2.854449877639e-03, 0.0000e+00, 0.0000e+00, 
 2DIAGNOSTIC,    13, -8.899482973578e-01, 1.890925105926e-03, 0.0000e+00, 0.0000e+00, 
 2DIAGNOSTIC,    14, -8.898589672058e-01, 1.021618583085e-03, 0.0000e+00, 0.0000e+00, 
 2DIAGNOSTIC,    15, -8.896075311509e-01, 3.374433108243e-04, 0.0000e+00, 0.0000e+00, 
 2DIAGNOSTIC,    16, -8.895010080104e-01, 1.059844247766e-04, 0.0000e+00, 0.0000e+00, 
DIAGNOSTIC,Iteration,metricValue,convergenceValue,ITERATION_TIME_INDEX,SINCE_LAST
 2DIAGNOSTIC,     1, -7.570920685274e-01, 1.797693134862e+308, 0.0000e+00, 0.0000e+00, 
 2DIAGNOSTIC,     2, -7.584123031576e-01, 1.797693134862e+308, 0.0000e+00, 0.0000e+00, 
 2DIAGNOSTIC,     3, -7.593948946784e-01, 1.797693134862e+308, 0.0000e+00, 0.0000e+00, 
 2DIAGNOSTIC,     4, -7.597404541200e-01, 1.797693134862e+308, 0.0000e+00, 0.0000e+00, 
 2DIAGNOSTIC,     5, -7.598240475748e-01, 1.797693134862e+308, 0.0000e+00, 0.0000e+00, 
 2DIAGNOSTIC,     6, -7.598339171062e-01, 1.797693134862e+308, 0.0000e+00, 0.0000e+00, 
 2DIAGNOSTIC,     7, -7.598306340596e-01, 1.797693134862e+308, 0.0000e+00, 0.0000e+00, 
 2DIAGNOSTIC,     8, -7.599371033457e-01, 1.797693134862e+308, 0.0000e+00, 0.0000e+00, 
 2DIAGNOSTIC,     9, -7.600559644751e-01, 1.797693134862e+308, 0.0000e+00, 0.0000e+00, 
 2DIAGNOSTIC,    10, -7.602123961702e-01, 1.895680336474e-04, 0.0000e+00, 0.0000e+00, 
 2DIAGNOSTIC,    11, -7.605678092625e-01, 1.098152584555e-04, 0.0000e+00, 0.0000e+00, 
 2DIAGNOSTIC,    12, -7.607452992220e-01, 7.956439215477e-05, 0.0000e+00, 0.0000e+00, 
 2DIAGNOSTIC,    13, -7.606762569556e-01, 7.305391548254e-05, 0.0000e+00, 0.0000e+00, 
 2DIAGNOSTIC,    14, -7.608269271663e-01, 7.444163026170e-05, 0.0000e+00, 0.0000e+00, 
 2DIAGNOSTIC,    15, -7.609966036036e-01, 7.523867284999e-05, 0.0000e+00, 0.0000e+00, 
 2DIAGNOSTIC,    16, -7.612858532150e-01, 7.603159187618e-05, 0.0000e+00, 0.0000e+00, 
 2DIAGNOSTIC,    17, -7.616452371461e-01, 7.759348418432e-05, 0.0000e+00, 0.0000e+00, 
 2DIAGNOSTIC,    18, -7.614856324278e-01, 7.088774984718e-05, 0.0000e+00, 0.0000e+00, 
 2DIAGNOSTIC,    19, -7.614892961214e-01, 6.115845897336e-05, 0.0000e+00, 0.0000e+00, 
 2DIAGNOSTIC,    20, -7.614767453355e-01, 4.938137578452e-05, 0.0000e+00, 0.0000e+00, 
 2DIAGNOSTIC,    21, -7.614798118886e-01, 4.043350376045e-05, 0.0000e+00, 0.0000e+00, 
 2DIAGNOSTIC,    22, -7.614691402829e-01, 3.149801154478e-05, 0.0000e+00, 0.0000e+00, 
 2DIAGNOSTIC,    23, -7.614758154563e-01, 1.957885293592e-05, 0.0000e+00, 0.0000e+00, 
 2DIAGNOSTIC,    24, -7.614819886235e-01, 9.465636887071e-06, 0.0000e+00, 0.0000e+00, 
 2DIAGNOSTIC,    25, -7.614645434552e-01, 1.574214613241e-06, 0.0000e+00, 0.0000e+00, 
DIAGNOSTIC,Iteration,metricValue,convergenceValue,ITERATION_TIME_INDEX,SINCE_LAST
 2DIAGNOSTIC,     1, -6.353869687139e-01, 1.797693134862e+308, 0.0000e+00, 0.0000e+00, 
 2DIAGNOSTIC,     2, -6.360236640042e-01, 1.797693134862e+308, 0.0000e+00, 0.0000e+00, 
 2DIAGNOSTIC,     3, -6.363629201909e-01, 1.797693134862e+308, 0.0000e+00, 0.0000e+00, 
 2DIAGNOSTIC,     4, -6.367323731969e-01, 1.797693134862e+308, 0.0000e+00, 0.0000e+00, 
 2DIAGNOSTIC,     5, -6.369500007639e-01, 1.797693134862e+308, 0.0000e+00, 0.0000e+00, 
 2DIAGNOSTIC,     6, -6.369564937526e-01, 1.797693134862e+308, 0.0000e+00, 0.0000e+00, 
 2DIAGNOSTIC,     7, -6.369572066327e-01, 1.797693134862e+308, 0.0000e+00, 0.0000e+00, 
 2DIAGNOSTIC,     8, -6.369578794158e-01, 1.797693134862e+308, 0.0000e+00, 0.0000e+00, 
 2DIAGNOSTIC,     9, -6.369571731979e-01, 1.797693134862e+308, 0.0000e+00, 0.0000e+00, 
 2DIAGNOSTIC,    10, -6.369574683953e-01, 1.330761561750e-04, 0.0000e+00, 0.0000e+00, 
 2DIAGNOSTIC,    11, -6.369553236662e-01, 6.833290597620e-05, 0.0000e+00, 0.0000e+00, 
 2DIAGNOSTIC,    12, -6.369538971246e-01, 3.208495468590e-05, 0.0000e+00, 0.0000e+00, 
 2DIAGNOSTIC,    13, -6.369541237981e-01, 1.014477799442e-05, 0.0000e+00, 0.0000e+00, 
 2DIAGNOSTIC,    14, -6.369528718281e-01, 2.182191572067e-06, 0.0000e+00, 0.0000e+00, 
 2DIAGNOSTIC,    15, -6.369531115560e-01, 1.768178104183e-06, 0.0000e+00, 0.0000e+00, 
 2DIAGNOSTIC,    16, -6.369559484448e-01, 1.698052918622e-06, 0.0000e+00, 0.0000e+00, 
 2DIAGNOSTIC,    17, -6.369523274065e-01, 1.583757576577e-06, 0.0000e+00, 0.0000e+00, 
 2DIAGNOSTIC,    18, -6.369527481571e-01, 1.538836425070e-06, 0.0000e+00, 0.0000e+00, 
 2DIAGNOSTIC,    19, -6.369565066002e-01, 1.590016298403e-06, 0.0000e+00, 0.0000e+00, 
 2DIAGNOSTIC,    20, -6.369575286037e-01, 1.670187433252e-06, 0.0000e+00, 0.0000e+00, 
 2DIAGNOSTIC,    21, -6.369565349066e-01, 1.668495923340e-06, 0.0000e+00, 0.0000e+00, 
 2DIAGNOSTIC,    22, -6.369575507337e-01, 1.646648461098e-06, 0.0000e+00, 0.0000e+00, 
 2DIAGNOSTIC,    23, -6.369593292449e-01, 1.647547130994e-06, 0.0000e+00, 0.0000e+00, 
 2DIAGNOSTIC,    24, -6.369597112859e-01, 1.604211651698e-06, 0.0000e+00, 0.0000e+00, 
 2DIAGNOSTIC,    25, -6.369601001486e-01, 1.546978208825e-06, 0.0000e+00, 0.0000e+00, 
 2DIAGNOSTIC,    26, -6.369557641090e-01, 1.445780244580e-06, 0.0000e+00, 0.0000e+00, 
 2DIAGNOSTIC,    27, -6.369560484515e-01, 1.278440681360e-06, 0.0000e+00, 0.0000e+00, 
 2DIAGNOSTIC,    28, -6.369547061126e-01, 1.095445967360e-06, 0.0000e+00, 0.0000e+00, 
 2DIAGNOSTIC,    29, -6.369562940002e-01, 1.009883056131e-06, 0.0000e+00, 0.0000e+00, 
DIAGNOSTIC,Iteration,metricValue,convergenceValue,ITERATION_TIME_INDEX,SINCE_LAST
 2DIAGNOSTIC,     1, -5.667205455460e-01, 1.797693134862e+308, 0.0000e+00, 0.0000e+00, 
 2DIAGNOSTIC,     2, -5.671699131130e-01, 1.797693134862e+308, 0.0000e+00, 0.0000e+00, 
 2DIAGNOSTIC,     3, -5.677097711408e-01, 1.797693134862e+308, 0.0000e+00, 0.0000e+00, 
 2DIAGNOSTIC,     4, -5.683320162200e-01, 1.797693134862e+308, 0.0000e+00, 0.0000e+00, 
 2DIAGNOSTIC,     5, -5.695083688863e-01, 1.797693134862e+308, 0.0000e+00, 0.0000e+00, 
 2DIAGNOSTIC,     6, -5.695079474640e-01, 1.797693134862e+308, 0.0000e+00, 0.0000e+00, 
 2DIAGNOSTIC,     7, -5.695078720922e-01, 1.797693134862e+308, 0.0000e+00, 0.0000e+00, 
 2DIAGNOSTIC,     8, -5.695077548354e-01, 1.797693134862e+308, 0.0000e+00, 0.0000e+00, 
 2DIAGNOSTIC,     9, -5.695077172480e-01, 1.797693134862e+308, 0.0000e+00, 0.0000e+00, 
 2DIAGNOSTIC,    10, -5.695074135745e-01, 3.350328583642e-04, 0.0000e+00, 0.0000e+00, 
 2DIAGNOSTIC,    11, -5.695073328536e-01, 2.178951734387e-04, 0.0000e+00, 0.0000e+00, 
 2DIAGNOSTIC,    12, -5.695075488394e-01, 1.202130732927e-04, 0.0000e+00, 0.0000e+00, 
 2DIAGNOSTIC,    13, -5.695075421211e-01, 4.756649017383e-05, 0.0000e+00, 0.0000e+00, 
 2DIAGNOSTIC,    14, -5.695075467489e-01, 2.209803278502e-06, 0.0000e+00, 0.0000e+00, 
 2DIAGNOSTIC,    15, -5.695073662399e-01, 2.080446779323e-06, 0.0000e+00, 0.0000e+00, 
 2DIAGNOSTIC,    16, -5.695073663571e-01, 1.957717780179e-06, 0.0000e+00, 0.0000e+00, 
 2DIAGNOSTIC,    17, -5.695073658743e-01, 1.849489787258e-06, 0.0000e+00, 0.0000e+00, 
 2DIAGNOSTIC,    18, -5.695073646468e-01, 1.751509604200e-06, 0.0000e+00, 0.0000e+00, 
 2DIAGNOSTIC,    19, -5.695073646862e-01, 1.664347467623e-06, 0.0000e+00, 0.0000e+00, 
 2DIAGNOSTIC,    20, -5.695073664070e-01, 1.579201669821e-06, 0.0000e+00, 0.0000e+00, 
 2DIAGNOSTIC,    21, -5.695073657374e-01, 1.500884412968e-06, 0.0000e+00, 0.0000e+00, 
 2DIAGNOSTIC,    22, -5.695073661677e-01, 1.435576888094e-06, 0.0000e+00, 0.0000e+00, 
 2DIAGNOSTIC,    23, -5.695073665595e-01, 1.376476281054e-06, 0.0000e+00, 0.0000e+00, 
 2DIAGNOSTIC,    24, -5.695073659815e-01, 1.322862282514e-06, 0.0000e+00, 0.0000e+00, 
 2DIAGNOSTIC,    25, -5.695073673546e-01, 1.269959581461e-06, 0.0000e+00, 0.0000e+00, 
 2DIAGNOSTIC,    26, -5.695073676495e-01, 1.221130083932e-06, 0.0000e+00, 0.0000e+00, 
 2DIAGNOSTIC,    27, -5.695073686641e-01, 1.175920971021e-06, 0.0000e+00, 0.0000e+00, 
 2DIAGNOSTIC,    28, -5.695073695823e-01, 1.133924203769e-06, 0.0000e+00, 0.0000e+00, 
 2DIAGNOSTIC,    29, -5.695073713668e-01, 1.094841013141e-06, 0.0000e+00, 0.0000e+00, 
 2DIAGNOSTIC,    30, -5.695073726115e-01, 1.058396119274e-06, 0.0000e+00, 0.0000e+00, 
 2DIAGNOSTIC,    31, -5.695073734816e-01, 1.024282952601e-06, 0.0000e+00, 0.0000e+00, 
  Elapsed time (stage 0): 0.0000e+00


Total elapsed time: 0.0000e+00
VFC_BACKENDS=libinterflop_vprec.so --range-binary32=7 --precision-binary32=19 --range-binary64=7 --precision-binary64=19
Info [verificarlo]: loaded backend libinterflop_vprec.so
Info [interflop-vprec]: load backend with: 
Info [interflop-vprec]: precision-binary32 = 19
Info [interflop-vprec]: range-binary32 = 7
Info [interflop-vprec]: precision-binary64 = 19
Info [interflop-vprec]: range-binary64 = 7
Info [interflop-vprec]: mode = ob
Info [interflop-vprec]: error-mode = rel
Info [interflop-vprec]: max-abs-error-exponent = -1022
Info [interflop-vprec]: daz = false
Info [interflop-vprec]: ftz = false
Info [interflop-vprec]: 	instrument = none
Info [interflop-vprec]: 	prec-input-file = (null)
Info [interflop-vprec]: 	prec-output-file = (null)
Info [interflop-vprec]: 	prec-log-file = (null)
All_Command_lines_OK
Using double precision for computations.
=============================================================================
The composite transform comprises the following transforms (in order): 
  1. /project/rrg-glatard/mdugre/datasets/corr/RawDataBIDS/BMB_1/derivatives/vprec-space_search/0011/r7-p19/sub-0003016/affine_Composite.h5[0] (type = Euler3DTransform)
  2. /project/rrg-glatard/mdugre/datasets/corr/RawDataBIDS/BMB_1/derivatives/vprec-space_search/0011/r7-p19/sub-0003016/affine_Composite.h5[1] (type = Euler3DTransform)
  3. /project/rrg-glatard/mdugre/datasets/corr/RawDataBIDS/BMB_1/derivatives/vprec-space_search/0011/r7-p19/sub-0003016/affine_Composite.h5[2] (type = Euler3DTransform)
  4. /project/rrg-glatard/mdugre/datasets/corr/RawDataBIDS/BMB_1/derivatives/vprec-space_search/0011/r7-p19/sub-0003016/affine_Composite.h5[3] (type = AffineTransform)
=============================================================================
  number of levels = 4
  fixed image: /templateflow/tpl-MNI152NLin2009cAsym/tpl-MNI152NLin2009cAsym_res-01_desc-brain_T1w.nii.gz
  moving image: /project/rrg-glatard/mdugre/datasets/corr/RawDataBIDS/BMB_1/derivatives/antsBrainExtraction/sub-0003016/BrainExtractionBrain.nii.gz
Dimension = 3
Number of stages = 1
Use histogram matching = false
Winsorize image intensities = true
  Lower quantile = 0.005
  Upper quantile = 0.995


Stage 1 State
   Image metric = CC
     Fixed image = Image (0x453a4c0)
  RTTI typeinfo:   itk::Image<double, 3u>
  Reference Count: 2
  Modified Time: 1606
  Debug: Off
  Object Name: 
  Observers: 
    none
  Source: (none)
  Source output name: (none)
  Release Data: Off
  Data Released: False
  Global Release Data: Off
  PipelineMTime: 0
  UpdateMTime: 1217
  RealTimeStamp: 0 seconds 
  LargestPossibleRegion: 
    Dimension: 3
    Index: [0, 0, 0]
    Size: [193, 229, 193]
  BufferedRegion: 
    Dimension: 3
    Index: [0, 0, 0]
    Size: [193, 229, 193]
  RequestedRegion: 
    Dimension: 3
    Index: [0, 0, 0]
    Size: [193, 229, 193]
  Spacing: [1, 1, 1]
  Origin: [96, 132, -78]
  Direction: 
-1 0 0
0 -1 0
0 0 1

  IndexToPointMatrix: 
-1 0 0
0 -1 0
0 0 1

  PointToIndexMatrix: 
-1 0 0
0 -1 0
0 0 1

  Inverse Direction: 
-1 0 0
0 -1 0
0 0 1

  PixelContainer: 
    ImportImageContainer (0x4607940)
      RTTI typeinfo:   itk::ImportImageContainer<unsigned long, double>
      Reference Count: 1
      Modified Time: 1214
      Debug: Off
      Object Name: 
      Observers: 
        none
      Pointer: 0x1536ca2ab010
      Container manages memory: true
      Size: 8530021
      Capacity: 8530021

     Moving image = Image (0x45f50b0)
  RTTI typeinfo:   itk::Image<double, 3u>
  Reference Count: 2
  Modified Time: 1607
  Debug: Off
  Object Name: 
  Observers: 
    none
  Source: (none)
  Source output name: (none)
  Release Data: Off
  Data Released: False
  Global Release Data: Off
  PipelineMTime: 0
  UpdateMTime: 1604
  RealTimeStamp: 0 seconds 
  LargestPossibleRegion: 
    Dimension: 3
    Index: [0, 0, 0]
    Size: [176, 256, 256]
  BufferedRegion: 
    Dimension: 3
    Index: [0, 0, 0]
    Size: [176, 256, 256]
  RequestedRegion: 
    Dimension: 3
    Index: [0, 0, 0]
    Size: [176, 256, 256]
  Spacing: [1, 1, 1]
  Origin: [-87.5, 93.265, -125.795]
  Direction: 
1 0 0
0 -1 0
0 0 1

  IndexToPointMatrix: 
1 0 0
0 -1 0
0 0 1

  PointToIndexMatrix: 
1 0 0
0 -1 0
0 0 1

  Inverse Direction: 
1 0 0
0 -1 0
0 0 1

  PixelContainer: 
    ImportImageContainer (0x4610a40)
      RTTI typeinfo:   itk::ImportImageContainer<unsigned long, double>
      Reference Count: 1
      Modified Time: 1601
      Debug: Off
      Object Name: 
      Observers: 
        none
      Pointer: 0x1536c4aaa010
      Container manages memory: true
      Size: 11534336
      Capacity: 11534336

     Weighting = 1
     Sampling strategy = none
     Number of bins = 32
     Radius = 4
     Sampling percentage  = 1
   Transform = SyN
     Gradient step = 0.1
     Update field sigma (voxel space) = 3
     Total field sigma (voxel space) = 0
     Update field time sigma = 0
     Total field time sigma  = 0
     Number of time indices = 0
     Number of time point samples = 0
Registration using 1 total stages.

Stage 0
  iterations = 100x70x50x20
  convergence threshold = 1e-06
  convergence window size = 10
  number of levels = 4
  using the CC metric (radius = 4, weight = 1, use gradient filter = 0)
  preprocessing:  winsorizing the image intensities
  Shrink factors (level 1 out of 4): [8, 8, 8]
  Shrink factors (level 2 out of 4): [4, 4, 4]
  Shrink factors (level 3 out of 4): [2, 2, 2]
  Shrink factors (level 4 out of 4): [1, 1, 1]
  smoothing sigmas per level: [3, 2, 1, 0]
  Using default NONE metricSamplingStrategy 

*** Running SyN registration (varianceForUpdateField = 3, varianceForTotalField = 0) ***

XXDIAGNOSTIC,Iteration,metricValue,convergenceValue,ITERATION_TIME_INDEX,SINCE_LAST
 1DIAGNOSTIC,     1, -9.381103515625e-01, 1.797693134862e+308, 0.0000e+00, 0.0000e+00, 
 1DIAGNOSTIC,     2, -9.466152191162e-01, 1.797693134862e+308, 0.0000e+00, 0.0000e+00, 
 1DIAGNOSTIC,     3, -9.528837203979e-01, 1.797693134862e+308, 0.0000e+00, 0.0000e+00, 
 1DIAGNOSTIC,     4, -9.562492370605e-01, 1.797693134862e+308, 0.0000e+00, 0.0000e+00, 
 1DIAGNOSTIC,     5, -9.589805603027e-01, 1.797693134862e+308, 0.0000e+00, 0.0000e+00, 
 1DIAGNOSTIC,     6, -9.617872238159e-01, 1.797693134862e+308, 0.0000e+00, 0.0000e+00, 
 1DIAGNOSTIC,     7, -9.651317596436e-01, 1.797693134862e+308, 0.0000e+00, 0.0000e+00, 
 1DIAGNOSTIC,     8, -9.688978195190e-01, 1.797693134862e+308, 0.0000e+00, 0.0000e+00, 
 1DIAGNOSTIC,     9, -9.717798233032e-01, 1.797693134862e+308, 0.0000e+00, 0.0000e+00, 
 1DIAGNOSTIC,    10, -9.721994400024e-01, 2.134227985978e-03, 0.0000e+00, 0.0000e+00, 
 1DIAGNOSTIC,    11, -9.726562500000e-01, 1.590073017061e-03, 0.0000e+00, 0.0000e+00, 
 1DIAGNOSTIC,    12, -9.730854034424e-01, 1.212155497304e-03, 0.0000e+00, 0.0000e+00, 
 1DIAGNOSTIC,    13, -9.732599258423e-01, 9.278875745180e-04, 0.0000e+00, 0.0000e+00, 
 1DIAGNOSTIC,    14, -9.737854003906e-01, 6.816630688680e-04, 0.0000e+00, 0.0000e+00, 
 1DIAGNOSTIC,    15, -9.738283157349e-01, 4.610703894640e-04, 0.0000e+00, 0.0000e+00, 
 1DIAGNOSTIC,    16, -9.745397567749e-01, 2.909138034099e-04, 0.0000e+00, 0.0000e+00, 
 1DIAGNOSTIC,    17, -9.745025634766e-01, 1.701632064179e-04, 0.0000e+00, 0.0000e+00, 
 1DIAGNOSTIC,    18, -9.751434326172e-01, 1.183780464811e-04, 0.0000e+00, 0.0000e+00, 
 1DIAGNOSTIC,    19, -9.750308990479e-01, 1.039162617757e-04, 0.0000e+00, 0.0000e+00, 
 1DIAGNOSTIC,    20, -9.755086898804e-01, 9.460535890678e-05, 0.0000e+00, 0.0000e+00, 
 1DIAGNOSTIC,    21, -9.753398895264e-01, 8.130473166737e-05, 0.0000e+00, 0.0000e+00, 
 1DIAGNOSTIC,    22, -9.757871627808e-01, 7.356213508547e-05, 0.0000e+00, 0.0000e+00, 
 1DIAGNOSTIC,    23, -9.755964279175e-01, 5.928962635873e-05, 0.0000e+00, 0.0000e+00, 
 1DIAGNOSTIC,    24, -9.758987426758e-01, 5.106719122074e-05, 0.0000e+00, 0.0000e+00, 
 1DIAGNOSTIC,    25, -9.756793975830e-01, 3.652124529273e-05, 0.0000e+00, 0.0000e+00, 
 1DIAGNOSTIC,    26, -9.760665893555e-01, 3.233241015417e-05, 0.0000e+00, 0.0000e+00, 
 1DIAGNOSTIC,    27, -9.758539199829e-01, 2.252100140544e-05, 0.0000e+00, 0.0000e+00, 
 1DIAGNOSTIC,    28, -9.759578704834e-01, 1.934718660775e-05, 0.0000e+00, 0.0000e+00, 
 1DIAGNOSTIC,    29, -9.757127761841e-01, 1.094640784994e-05, 0.0000e+00, 0.0000e+00, 
 1DIAGNOSTIC,    30, -9.761657714844e-01, 1.139858183975e-05, 0.0000e+00, 0.0000e+00, 
 1DIAGNOSTIC,    31, -9.760913848877e-01, 8.267736571664e-06, 0.0000e+00, 0.0000e+00, 
 1DIAGNOSTIC,    32, -9.758958816528e-01, 7.052598553686e-06, 0.0000e+00, 0.0000e+00, 
 1DIAGNOSTIC,    33, -9.757280349731e-01, 2.217163632544e-06, 0.0000e+00, 0.0000e+00, 
 1DIAGNOSTIC,    34, -9.757528305054e-01, 4.593026214292e-07, 0.0000e+00, 0.0000e+00, 
XXDIAGNOSTIC,Iteration,metricValue,convergenceValue,ITERATION_TIME_INDEX,SINCE_LAST
 1DIAGNOSTIC,     1, -9.199533462524e-01, 1.797693134862e+308, 0.0000e+00, 0.0000e+00, 
 1DIAGNOSTIC,     2, -9.228773117065e-01, 1.797693134862e+308, 0.0000e+00, 0.0000e+00, 
 1DIAGNOSTIC,     3, -9.257898330688e-01, 1.797693134862e+308, 0.0000e+00, 0.0000e+00, 
 1DIAGNOSTIC,     4, -9.281167984009e-01, 1.797693134862e+308, 0.0000e+00, 0.0000e+00, 
 1DIAGNOSTIC,     5, -9.300136566162e-01, 1.797693134862e+308, 0.0000e+00, 0.0000e+00, 
 1DIAGNOSTIC,     6, -9.317092895508e-01, 1.797693134862e+308, 0.0000e+00, 0.0000e+00, 
 1DIAGNOSTIC,     7, -9.330511093140e-01, 1.797693134862e+308, 0.0000e+00, 0.0000e+00, 
 1DIAGNOSTIC,     8, -9.341516494751e-01, 1.797693134862e+308, 0.0000e+00, 0.0000e+00, 
 1DIAGNOSTIC,     9, -9.351673126221e-01, 1.797693134862e+308, 0.0000e+00, 0.0000e+00, 
 1DIAGNOSTIC,    10, -9.361057281494e-01, 1.083638833110e-03, 0.0000e+00, 0.0000e+00, 
 1DIAGNOSTIC,    11, -9.369802474976e-01, 8.421034338598e-04, 0.0000e+00, 0.0000e+00, 
 1DIAGNOSTIC,    12, -9.378080368042e-01, 6.598923216014e-04, 0.0000e+00, 0.0000e+00, 
 1DIAGNOSTIC,    13, -9.384813308716e-01, 5.297500564159e-04, 0.0000e+00, 0.0000e+00, 
 1DIAGNOSTIC,    14, -9.390935897827e-01, 4.337628017169e-04, 2.0480e+03, 2.0480e+03, 
 1DIAGNOSTIC,    15, -9.396457672119e-01, 3.603577369695e-04, 2.0480e+03, 0.0000e+00, 
 1DIAGNOSTIC,    16, -9.401512145996e-01, 3.047288243819e-04, 2.0480e+03, 0.0000e+00, 
 1DIAGNOSTIC,    17, -9.406166076660e-01, 2.598048426116e-04, 2.0480e+03, 0.0000e+00, 
 1DIAGNOSTIC,    18, -9.410457611084e-01, 2.216337811983e-04, 2.0480e+03, 0.0000e+00, 
 1DIAGNOSTIC,    19, -9.414463043213e-01, 1.895535606625e-04, 2.0480e+03, 0.0000e+00, 
 1DIAGNOSTIC,    20, -9.418134689331e-01, 1.628510215896e-04, 2.0480e+03, 0.0000e+00, 
 1DIAGNOSTIC,    21, -9.421558380127e-01, 1.410628831500e-04, 2.0480e+03, 0.0000e+00, 
 1DIAGNOSTIC,    22, -9.424848556519e-01, 1.240388557014e-04, 2.0480e+03, 0.0000e+00, 
 1DIAGNOSTIC,    23, -9.427833557129e-01, 1.097076661051e-04, 2.0480e+03, 0.0000e+00, 
 1DIAGNOSTIC,    24, -9.430685043335e-01, 9.764334574461e-05, 2.0480e+03, 0.0000e+00, 
 1DIAGNOSTIC,    25, -9.433307647705e-01, 8.727531173534e-05, 2.0480e+03, 0.0000e+00, 
 1DIAGNOSTIC,    26, -9.435777664185e-01, 7.829799077809e-05, 2.0480e+03, 0.0000e+00, 
 1DIAGNOSTIC,    27, -9.438085556030e-01, 7.045672422953e-05, 2.0480e+03, 0.0000e+00, 
 1DIAGNOSTIC,    28, -9.440298080444e-01, 6.360308195300e-05, 2.0480e+03, 0.0000e+00, 
 1DIAGNOSTIC,    29, -9.442386627197e-01, 5.762068527328e-05, 2.0480e+03, 0.0000e+00, 
 1DIAGNOSTIC,    30, -9.444370269775e-01, 5.234065633734e-05, 2.0480e+03, 0.0000e+00, 
 1DIAGNOSTIC,    31, -9.446258544922e-01, 4.767758309181e-05, 2.0480e+03, 0.0000e+00, 
 1DIAGNOSTIC,    32, -9.448051452637e-01, 4.364345853453e-05, 2.0480e+03, 0.0000e+00, 
 1DIAGNOSTIC,    33, -9.449777603149e-01, 4.008068986951e-05, 2.0480e+03, 0.0000e+00, 
 1DIAGNOSTIC,    34, -9.451427459717e-01, 3.697602018653e-05, 2.0480e+03, 0.0000e+00, 
 1DIAGNOSTIC,    35, -9.453010559082e-01, 3.421922438996e-05, 2.0480e+03, 0.0000e+00, 
 1DIAGNOSTIC,    36, -9.454622268677e-01, 3.184101188676e-05, 2.0480e+03, 0.0000e+00, 
 1DIAGNOSTIC,    37, -9.456081390381e-01, 2.968739784466e-05, 2.0480e+03, 0.0000e+00, 
 1DIAGNOSTIC,    38, -9.457511901855e-01, 2.776927716929e-05, 2.0480e+03, 0.0000e+00, 
 1DIAGNOSTIC,    39, -9.458904266357e-01, 2.605168547022e-05, 2.0480e+03, 0.0000e+00, 
 1DIAGNOSTIC,    40, -9.460248947144e-01, 2.449957998247e-05, 2.0480e+03, 0.0000e+00, 
 1DIAGNOSTIC,    41, -9.461507797241e-01, 2.305374266502e-05, 2.0480e+03, 0.0000e+00, 
 1DIAGNOSTIC,    42, -9.462738037109e-01, 2.170058102005e-05, 2.0480e+03, 0.0000e+00, 
 1DIAGNOSTIC,    43, -9.463939666748e-01, 2.044447012496e-05, 2.0480e+03, 0.0000e+00, 
 1DIAGNOSTIC,    44, -9.465084075928e-01, 1.925838208695e-05, 2.0480e+03, 0.0000e+00, 
 1DIAGNOSTIC,    45, -9.466190338135e-01, 1.813517386679e-05, 2.0480e+03, 0.0000e+00, 
 1DIAGNOSTIC,    46, -9.467220306396e-01, 1.710899131252e-05, 2.0480e+03, 0.0000e+00, 
 1DIAGNOSTIC,    47, -9.468164443970e-01, 1.608140377226e-05, 2.0480e+03, 0.0000e+00, 
 1DIAGNOSTIC,    48, -9.469060897827e-01, 1.506833692198e-05, 2.0480e+03, 0.0000e+00, 
 1DIAGNOSTIC,    49, -9.469890594482e-01, 1.406909162583e-05, 2.0480e+03, 0.0000e+00, 
 1DIAGNOSTIC,    50, -9.470643997192e-01, 1.307571236236e-05, 2.0480e+03, 0.0000e+00, 
 1DIAGNOSTIC,    51, -9.471359252930e-01, 1.208366624025e-05, 2.0480e+03, 0.0000e+00, 
 1DIAGNOSTIC,    52, -9.472017288208e-01, 1.111374739457e-05, 2.0480e+03, 0.0000e+00, 
 1DIAGNOSTIC,    53, -9.472637176514e-01, 1.019801729372e-05, 2.0480e+03, 0.0000e+00, 
 1DIAGNOSTIC,    54, -9.473199844360e-01, 9.337205901551e-06, 2.0480e+03, 0.0000e+00, 
 1DIAGNOSTIC,    55, -9.473724365234e-01, 8.552109139807e-06, 2.0480e+03, 0.0000e+00, 
 1DIAGNOSTIC,    56, -9.474201202393e-01, 7.831767915748e-06, 2.0480e+03, 0.0000e+00, 
 1DIAGNOSTIC,    57, -9.474639892578e-01, 7.161857551948e-06, 2.0480e+03, 0.0000e+00, 
 1DIAGNOSTIC,    58, -9.475059509277e-01, 6.556828549945e-06, 2.0480e+03, 0.0000e+00, 
 1DIAGNOSTIC,    59, -9.475460052490e-01, 6.016394038893e-06, 2.0480e+03, 0.0000e+00, 
 1DIAGNOSTIC,    60, -9.475831985474e-01, 5.526043518986e-06, 2.0480e+03, 0.0000e+00, 
 1DIAGNOSTIC,    61, -9.476165771484e-01, 5.083842235860e-06, 2.0480e+03, 0.0000e+00, 
 1DIAGNOSTIC,    62, -9.476461410522e-01, 4.675377702712e-06, 2.0480e+03, 0.0000e+00, 
 1DIAGNOSTIC,    63, -9.476757049561e-01, 4.312681059521e-06, 2.0480e+03, 0.0000e+00, 
 1DIAGNOSTIC,    64, -9.477043151855e-01, 3.989551358916e-06, 2.0480e+03, 0.0000e+00, 
 1DIAGNOSTIC,    65, -9.477329254150e-01, 3.711486950754e-06, 2.0480e+03, 0.0000e+00, 
 1DIAGNOSTIC,    66, -9.477586746216e-01, 3.463022331264e-06, 2.0480e+03, 0.0000e+00, 
 1DIAGNOSTIC,    67, -9.477863311768e-01, 3.253318537608e-06, 2.0480e+03, 0.0000e+00, 
 1DIAGNOSTIC,    68, -9.478073120117e-01, 3.057304791283e-06, 2.0480e+03, 0.0000e+00, 
 1DIAGNOSTIC,    69, -9.478311538696e-01, 2.893493806588e-06, 2.0480e+03, 0.0000e+00, 
 1DIAGNOSTIC,    70, -9.478502273560e-01, 2.738914973859e-06, 2.0480e+03, 0.0000e+00, 
XXDIAGNOSTIC,Iteration,metricValue,convergenceValue,ITERATION_TIME_INDEX,SINCE_LAST
 1DIAGNOSTIC,     1, -8.943099975586e-01, 1.797693134862e+308, 2.0480e+03, 0.0000e+00, 
 1DIAGNOSTIC,     2, -8.965301513672e-01, 1.797693134862e+308, 2.0480e+03, 0.0000e+00, 
 1DIAGNOSTIC,     3, -8.993234634399e-01, 1.797693134862e+308, 2.0480e+03, 0.0000e+00, 
 1DIAGNOSTIC,     4, -9.018592834473e-01, 1.797693134862e+308, 2.0480e+03, 0.0000e+00, 
 1DIAGNOSTIC,     5, -9.041357040405e-01, 1.797693134862e+308, 2.0480e+03, 0.0000e+00, 
 1DIAGNOSTIC,     6, -9.062166213989e-01, 1.797693134862e+308, 2.0480e+03, 0.0000e+00, 
 1DIAGNOSTIC,     7, -9.081335067749e-01, 1.797693134862e+308, 2.0480e+03, 0.0000e+00, 
 1DIAGNOSTIC,     8, -9.097690582275e-01, 1.797693134862e+308, 2.0480e+03, 0.0000e+00, 
 1DIAGNOSTIC,     9, -9.113664627075e-01, 1.797693134862e+308, 2.0480e+03, 0.0000e+00, 
 1DIAGNOSTIC,    10, -9.126596450806e-01, 1.320400304363e-03, 2.0480e+03, 0.0000e+00, 
 1DIAGNOSTIC,    11, -9.138154983521e-01, 1.103344381482e-03, 2.0480e+03, 0.0000e+00, 
 1DIAGNOSTIC,    12, -9.148626327515e-01, 9.081969592211e-04, 2.0480e+03, 0.0000e+00, 
 1DIAGNOSTIC,    13, -9.158258438110e-01, 7.510139371796e-04, 2.0480e+03, 0.0000e+00, 
 1DIAGNOSTIC,    14, -9.167022705078e-01, 6.238791647175e-04, 2.0480e+03, 0.0000e+00, 
 1DIAGNOSTIC,    15, -9.174880981445e-01, 5.202026958715e-04, 2.0480e+03, 0.0000e+00, 
 1DIAGNOSTIC,    16, -9.182004928589e-01, 4.360500086598e-04, 2.0480e+03, 0.0000e+00, 
 1DIAGNOSTIC,    17, -9.188499450684e-01, 3.685935223176e-04, 4.0960e+03, 2.0480e+03, 
 1DIAGNOSTIC,    18, -9.194498062134e-01, 3.130697201474e-04, 4.0960e+03, 0.0000e+00, 
 1DIAGNOSTIC,    19, -9.198360443115e-01, 2.667880721615e-04, 4.0960e+03, 0.0000e+00, 
 1DIAGNOSTIC,    20, -9.203615188599e-01, 2.286515366323e-04, 4.0960e+03, 0.0000e+00, 
 1DIAGNOSTIC,    21, -9.206991195679e-01, 1.948855722482e-04, 4.0960e+03, 0.0000e+00, 
 1DIAGNOSTIC,    22, -9.210195541382e-01, 1.653021582884e-04, 4.0960e+03, 0.0000e+00, 
 1DIAGNOSTIC,    23, -9.213314056396e-01, 1.400637835778e-04, 4.0960e+03, 0.0000e+00, 
 1DIAGNOSTIC,    24, -9.217967987061e-01, 1.211852943323e-04, 4.0960e+03, 0.0000e+00, 
 1DIAGNOSTIC,    25, -9.220790863037e-01, 1.056461422614e-04, 4.0960e+03, 0.0000e+00, 
 1DIAGNOSTIC,    26, -9.223470687866e-01, 9.309702475860e-05, 4.0960e+03, 0.0000e+00, 
 1DIAGNOSTIC,    27, -9.225883483887e-01, 8.299857903250e-05, 4.0960e+03, 0.0000e+00, 
 1DIAGNOSTIC,    28, -9.227981567383e-01, 7.483195482874e-05, 4.0960e+03, 0.0000e+00, 
 1DIAGNOSTIC,    29, -9.229812622070e-01, 6.622208914134e-05, 4.0960e+03, 0.0000e+00, 
 1DIAGNOSTIC,    30, -9.231472015381e-01, 5.912415670844e-05, 4.0960e+03, 0.0000e+00, 
 1DIAGNOSTIC,    31, -9.233102798462e-01, 5.197622471886e-05, 4.0960e+03, 0.0000e+00, 
 1DIAGNOSTIC,    32, -9.234752655029e-01, 4.512186737141e-05, 4.0960e+03, 0.0000e+00, 
 1DIAGNOSTIC,    33, -9.238185882568e-01, 4.056452613241e-05, 4.0960e+03, 0.0000e+00, 
 1DIAGNOSTIC,    34, -9.239950180054e-01, 3.828129589526e-05, 4.0960e+03, 0.0000e+00, 
 1DIAGNOSTIC,    35, -9.241905212402e-01, 3.678535224726e-05, 4.0960e+03, 0.0000e+00, 
 1DIAGNOSTIC,    36, -9.244108200073e-01, 3.614174017014e-05, 4.0960e+03, 0.0000e+00, 
 1DIAGNOSTIC,    37, -9.246549606323e-01, 3.618980184631e-05, 4.0960e+03, 0.0000e+00, 
 1DIAGNOSTIC,    38, -9.249258041382e-01, 3.672123905945e-05, 4.0960e+03, 0.0000e+00, 
 1DIAGNOSTIC,    39, -9.252243041992e-01, 3.758366768106e-05, 4.0960e+03, 0.0000e+00, 
 1DIAGNOSTIC,    40, -9.255352020264e-01, 3.856663589067e-05, 6.1440e+03, 2.0480e+03, 
 1DIAGNOSTIC,    41, -9.258241653442e-01, 3.928365909284e-05, 6.1440e+03, 0.0000e+00, 
 1DIAGNOSTIC,    42, -9.260931015015e-01, 3.941560761707e-05, 6.1440e+03, 0.0000e+00, 
 1DIAGNOSTIC,    43, -9.263324737549e-01, 4.001050766751e-05, 6.1440e+03, 0.0000e+00, 
 1DIAGNOSTIC,    44, -9.265432357788e-01, 3.951395241775e-05, 6.1440e+03, 0.0000e+00, 
 1DIAGNOSTIC,    45, -9.267282485962e-01, 3.791265145306e-05, 6.1440e+03, 0.0000e+00, 
 1DIAGNOSTIC,    46, -9.268903732300e-01, 3.536328786597e-05, 6.1440e+03, 0.0000e+00, 
 1DIAGNOSTIC,    47, -9.270334243774e-01, 3.212395430274e-05, 6.1440e+03, 0.0000e+00, 
 1DIAGNOSTIC,    48, -9.271593093872e-01, 2.853413847081e-05, 6.1440e+03, 0.0000e+00, 
 1DIAGNOSTIC,    49, -9.272727966309e-01, 2.498874111427e-05, 6.1440e+03, 0.0000e+00, 
 1DIAGNOSTIC,    50, -9.273748397827e-01, 2.177677849841e-05, 6.1440e+03, 0.0000e+00, 
XXDIAGNOSTIC,Iteration,metricValue,convergenceValue,ITERATION_TIME_INDEX,SINCE_LAST
 1DIAGNOSTIC,     1, -8.769121170044e-01, 1.797693134862e+308, 6.1440e+03, 0.0000e+00, 
 1DIAGNOSTIC,     2, -8.781385421753e-01, 1.797693134862e+308, 8.1920e+03, 2.0480e+03, 
 1DIAGNOSTIC,     3, -8.798189163208e-01, 1.797693134862e+308, 8.1920e+03, 0.0000e+00, 
 1DIAGNOSTIC,     4, -8.814334869385e-01, 1.797693134862e+308, 8.1920e+03, 0.0000e+00, 
 1DIAGNOSTIC,     5, -8.829393386841e-01, 1.797693134862e+308, 1.0240e+04, 2.0480e+03, 
 1DIAGNOSTIC,     6, -8.841886520386e-01, 1.797693134862e+308, 1.0240e+04, 0.0000e+00, 
 1DIAGNOSTIC,     7, -8.855657577515e-01, 1.797693134862e+308, 1.2288e+04, 2.0480e+03, 
 1DIAGNOSTIC,     8, -8.867855072021e-01, 1.797693134862e+308, 1.2288e+04, 0.0000e+00, 
 1DIAGNOSTIC,     9, -8.878231048584e-01, 1.797693134862e+308, 1.2288e+04, 0.0000e+00, 
 1DIAGNOSTIC,    10, -8.887157440186e-01, 8.813534905130e-04, 1.4336e+04, 2.0480e+03, 
 1DIAGNOSTIC,    11, -8.895483016968e-01, 7.539521112348e-04, 1.4336e+04, 0.0000e+00, 
 1DIAGNOSTIC,    12, -8.903388977051e-01, 6.337002797872e-04, 1.6384e+04, 2.0480e+03, 
 1DIAGNOSTIC,    13, -8.909711837769e-01, 5.313528827812e-04, 1.6384e+04, 0.0000e+00, 
 1DIAGNOSTIC,    14, -8.915510177612e-01, 4.454050270487e-04, 1.6384e+04, 0.0000e+00, 
 1DIAGNOSTIC,    15, -8.921003341675e-01, 3.741283912073e-04, 1.8432e+04, 2.0480e+03, 
 1DIAGNOSTIC,    16, -8.926029205322e-01, 3.122931663547e-04, 1.8432e+04, 0.0000e+00, 
 1DIAGNOSTIC,    17, -8.930740356445e-01, 2.635980357833e-04, 2.0480e+04, 2.0480e+03, 
 1DIAGNOSTIC,    18, -8.935165405273e-01, 2.254157698181e-04, 2.0480e+04, 0.0000e+00, 
 1DIAGNOSTIC,    19, -8.939323425293e-01, 1.947957875432e-04, 2.0480e+04, 0.0000e+00, 
 1DIAGNOSTIC,    20, -8.943223953247e-01, 1.695905217617e-04, 2.2528e+04, 2.0480e+03, 
  Elapsed time (stage 0): 22528


Total elapsed time: 22528
