
##########################
# Experiment information #
##########################
SIF_IMG: /project/rrg-glatard/mdugre/containers/ants-p2-vprec.sif
EXPERIMENT_NAME: vprec-space_search
CONFIG: 0011
VFC_BACKENDS: libinterflop_vprec.so --range-binary32=7 --precision-binary32=19 --range-binary64=7 --precision-binary64=19

FIXED_IMG: /templateflow/tpl-MNI152NLin2009cAsym/tpl-MNI152NLin2009cAsym_res-01_desc-brain_T1w.nii.gz
SUBJECT_ID: 0003059
INPUT_IMG: /project/rrg-glatard/mdugre/datasets/corr/RawDataBIDS/BMB_1/derivatives/antsBrainExtraction/sub-0003059/BrainExtractionBrain.nii.gz
OUTPUT_DIR: /project/rrg-glatard/mdugre/datasets/corr/RawDataBIDS/BMB_1/derivatives/vprec-space_search/0011/r7-p19/sub-0003059

ITK_GLOBAL_DEFAULT_NUMBER_OF_THREADS: 8
##########################

VFC_BACKENDS=libinterflop_ieee.so
Info [verificarlo]: loaded backend libinterflop_ieee.so
Info [interflop-ieee]: load backend with:
Info [interflop-ieee]: debug = false
Info [interflop-ieee]: debug-binary = false
Info [interflop-ieee]: no-backend-name = false
Info [interflop-ieee]: print-new-line = false
Info [interflop-ieee]: print-subnormal-normalized = false
Info [interflop-ieee]: count-op = false
All_Command_lines_OK
Using double precision for computations.
=============================================================================
The composite transform comprises the following transforms (in order): 
  1. Center of mass alignment using fixed image: /templateflow/tpl-MNI152NLin2009cAsym/tpl-MNI152NLin2009cAsym_res-01_desc-brain_T1w.nii.gz and moving image: /project/rrg-glatard/mdugre/datasets/corr/RawDataBIDS/BMB_1/derivatives/antsBrainExtraction/sub-0003059/BrainExtractionBrain.nii.gz (type = Euler3DTransform)
=============================================================================
  number of levels = 1
  fixed image: /templateflow/tpl-MNI152NLin2009cAsym/tpl-MNI152NLin2009cAsym_res-01_desc-brain_T1w.nii.gz
  moving image: /project/rrg-glatard/mdugre/datasets/corr/RawDataBIDS/BMB_1/derivatives/antsBrainExtraction/sub-0003059/BrainExtractionBrain.nii.gz
Dimension = 3
Number of stages = 1
Use histogram matching = false
Winsorize image intensities = true
  Lower quantile = 0.005
  Upper quantile = 0.995


Stage 1 State
   Image metric = MattesMI
     Fixed image = Image (0x3af2390)
  RTTI typeinfo:   itk::Image<double, 3u>
  Reference Count: 2
  Modified Time: 2330
  Debug: Off
  Object Name: 
  Observers: 
    none
  Source: (none)
  Source output name: (none)
  Release Data: Off
  Data Released: False
  Global Release Data: Off
  PipelineMTime: 0
  UpdateMTime: 1941
  RealTimeStamp: 0 seconds 
  LargestPossibleRegion: 
    Dimension: 3
    Index: [0, 0, 0]
    Size: [193, 229, 193]
  BufferedRegion: 
    Dimension: 3
    Index: [0, 0, 0]
    Size: [193, 229, 193]
  RequestedRegion: 
    Dimension: 3
    Index: [0, 0, 0]
    Size: [193, 229, 193]
  Spacing: [1, 1, 1]
  Origin: [96, 132, -78]
  Direction: 
-1 0 0
0 -1 0
0 0 1

  IndexToPointMatrix: 
-1 0 0
0 -1 0
0 0 1

  PointToIndexMatrix: 
-1 0 0
0 -1 0
0 0 1

  Inverse Direction: 
-1 0 0
0 -1 0
0 0 1

  PixelContainer: 
    ImportImageContainer (0x3bbda90)
      RTTI typeinfo:   itk::ImportImageContainer<unsigned long, double>
      Reference Count: 1
      Modified Time: 1938
      Debug: Off
      Object Name: 
      Observers: 
        none
      Pointer: 0x154d69df7010
      Container manages memory: true
      Size: 8530021
      Capacity: 8530021

     Moving image = Image (0x3af7390)
  RTTI typeinfo:   itk::Image<double, 3u>
  Reference Count: 2
  Modified Time: 2331
  Debug: Off
  Object Name: 
  Observers: 
    none
  Source: (none)
  Source output name: (none)
  Release Data: Off
  Data Released: False
  Global Release Data: Off
  PipelineMTime: 0
  UpdateMTime: 2328
  RealTimeStamp: 0 seconds 
  LargestPossibleRegion: 
    Dimension: 3
    Index: [0, 0, 0]
    Size: [176, 256, 256]
  BufferedRegion: 
    Dimension: 3
    Index: [0, 0, 0]
    Size: [176, 256, 256]
  RequestedRegion: 
    Dimension: 3
    Index: [0, 0, 0]
    Size: [176, 256, 256]
  Spacing: [1, 1, 1]
  Origin: [-86.8362, 96.2771, -119.914]
  Direction: 
1 0 0
0 -1 0
0 0 1

  IndexToPointMatrix: 
1 0 0
0 -1 0
0 0 1

  PointToIndexMatrix: 
1 0 0
0 -1 0
0 0 1

  Inverse Direction: 
1 0 0
0 -1 0
0 0 1

  PixelContainer: 
    ImportImageContainer (0x3c9db90)
      RTTI typeinfo:   itk::ImportImageContainer<unsigned long, double>
      Reference Count: 1
      Modified Time: 2325
      Debug: Off
      Object Name: 
      Observers: 
        none
      Pointer: 0x154d645f6010
      Container manages memory: true
      Size: 11534336
      Capacity: 11534336

     Weighting = 1
     Sampling strategy = regular
     Number of bins = 32
     Radius = 4
     Sampling percentage  = 0.25
   Transform = Rigid
     Gradient step = 0.1
     Update field sigma (voxel space) = 0
     Total field sigma (voxel space) = 0
     Update field time sigma = 0
     Total field time sigma  = 0
     Number of time indices = 0
     Number of time point samples = 0
Registration using 1 total stages.

Stage 0
  iterations = 0
  convergence threshold = 1e-06
  convergence window size = 10
  number of levels = 1
  using the Mattes MI metric (number of bins = 32, weight = 1, use gradient filter = 0)
  preprocessing:  winsorizing the image intensities
  Shrink factors (level 1 out of 1): [1, 1, 1]
  smoothing sigmas per level: [0]
  regular sampling (percentage = 0.25)

*** Running Euler3DTransform registration ***

  Elapsed time (stage 0): 0.96066


Total elapsed time: 0.962233
VFC_BACKENDS=libinterflop_ieee.so
Info [verificarlo]: loaded backend libinterflop_ieee.so
Info [interflop-ieee]: load backend with:
Info [interflop-ieee]: debug = false
Info [interflop-ieee]: debug-binary = false
Info [interflop-ieee]: no-backend-name = false
Info [interflop-ieee]: print-new-line = false
Info [interflop-ieee]: print-subnormal-normalized = false
Info [interflop-ieee]: count-op = false
All_Command_lines_OK
Using double precision for computations.
=============================================================================
The composite transform comprises the following transforms (in order): 
  1. /project/rrg-glatard/mdugre/datasets/corr/RawDataBIDS/BMB_1/derivatives/vprec-space_search/0011/r7-p19/sub-0003059/align_Composite.h5[0] (type = Euler3DTransform)
  2. /project/rrg-glatard/mdugre/datasets/corr/RawDataBIDS/BMB_1/derivatives/vprec-space_search/0011/r7-p19/sub-0003059/align_Composite.h5[1] (type = Euler3DTransform)
=============================================================================
  number of levels = 4
  fixed image: /templateflow/tpl-MNI152NLin2009cAsym/tpl-MNI152NLin2009cAsym_res-01_desc-brain_T1w.nii.gz
  moving image: /project/rrg-glatard/mdugre/datasets/corr/RawDataBIDS/BMB_1/derivatives/antsBrainExtraction/sub-0003059/BrainExtractionBrain.nii.gz
Dimension = 3
Number of stages = 1
Use histogram matching = false
Winsorize image intensities = true
  Lower quantile = 0.005
  Upper quantile = 0.995


Stage 1 State
   Image metric = MattesMI
     Fixed image = Image (0x3431650)
  RTTI typeinfo:   itk::Image<double, 3u>
  Reference Count: 2
  Modified Time: 1578
  Debug: Off
  Object Name: 
  Observers: 
    none
  Source: (none)
  Source output name: (none)
  Release Data: Off
  Data Released: False
  Global Release Data: Off
  PipelineMTime: 0
  UpdateMTime: 1189
  RealTimeStamp: 0 seconds 
  LargestPossibleRegion: 
    Dimension: 3
    Index: [0, 0, 0]
    Size: [193, 229, 193]
  BufferedRegion: 
    Dimension: 3
    Index: [0, 0, 0]
    Size: [193, 229, 193]
  RequestedRegion: 
    Dimension: 3
    Index: [0, 0, 0]
    Size: [193, 229, 193]
  Spacing: [1, 1, 1]
  Origin: [96, 132, -78]
  Direction: 
-1 0 0
0 -1 0
0 0 1

  IndexToPointMatrix: 
-1 0 0
0 -1 0
0 0 1

  PointToIndexMatrix: 
-1 0 0
0 -1 0
0 0 1

  Inverse Direction: 
-1 0 0
0 -1 0
0 0 1

  PixelContainer: 
    ImportImageContainer (0x34ef210)
      RTTI typeinfo:   itk::ImportImageContainer<unsigned long, double>
      Reference Count: 1
      Modified Time: 1186
      Debug: Off
      Object Name: 
      Observers: 
        none
      Pointer: 0x15524f394010
      Container manages memory: true
      Size: 8530021
      Capacity: 8530021

     Moving image = Image (0x34ec6e0)
  RTTI typeinfo:   itk::Image<double, 3u>
  Reference Count: 2
  Modified Time: 1579
  Debug: Off
  Object Name: 
  Observers: 
    none
  Source: (none)
  Source output name: (none)
  Release Data: Off
  Data Released: False
  Global Release Data: Off
  PipelineMTime: 0
  UpdateMTime: 1576
  RealTimeStamp: 0 seconds 
  LargestPossibleRegion: 
    Dimension: 3
    Index: [0, 0, 0]
    Size: [176, 256, 256]
  BufferedRegion: 
    Dimension: 3
    Index: [0, 0, 0]
    Size: [176, 256, 256]
  RequestedRegion: 
    Dimension: 3
    Index: [0, 0, 0]
    Size: [176, 256, 256]
  Spacing: [1, 1, 1]
  Origin: [-86.8362, 96.2771, -119.914]
  Direction: 
1 0 0
0 -1 0
0 0 1

  IndexToPointMatrix: 
1 0 0
0 -1 0
0 0 1

  PointToIndexMatrix: 
1 0 0
0 -1 0
0 0 1

  Inverse Direction: 
1 0 0
0 -1 0
0 0 1

  PixelContainer: 
    ImportImageContainer (0x34be970)
      RTTI typeinfo:   itk::ImportImageContainer<unsigned long, double>
      Reference Count: 1
      Modified Time: 1573
      Debug: Off
      Object Name: 
      Observers: 
        none
      Pointer: 0x155249b93010
      Container manages memory: true
      Size: 11534336
      Capacity: 11534336

     Weighting = 1
     Sampling strategy = regular
     Number of bins = 32
     Radius = 4
     Sampling percentage  = 0.25
   Transform = Rigid
     Gradient step = 0.1
     Update field sigma (voxel space) = 0
     Total field sigma (voxel space) = 0
     Update field time sigma = 0
     Total field time sigma  = 0
     Number of time indices = 0
     Number of time point samples = 0
Registration using 1 total stages.

Stage 0
  iterations = 1000x500x250x100
  convergence threshold = 1e-06
  convergence window size = 10
  number of levels = 4
  using the Mattes MI metric (number of bins = 32, weight = 1, use gradient filter = 0)
  preprocessing:  winsorizing the image intensities
  Shrink factors (level 1 out of 4): [8, 8, 8]
  Shrink factors (level 2 out of 4): [4, 4, 4]
  Shrink factors (level 3 out of 4): [2, 2, 2]
  Shrink factors (level 4 out of 4): [1, 1, 1]
  smoothing sigmas per level: [3, 2, 1, 0]
  regular sampling (percentage = 0.25)

*** Running Euler3DTransform registration ***

DIAGNOSTIC,Iteration,metricValue,convergenceValue,ITERATION_TIME_INDEX,SINCE_LAST
 2DIAGNOSTIC,     1, -5.680928073481e-01, 1.797693134862e+308, 1.2193e+00, 1.2193e+00, 
 2DIAGNOSTIC,     2, -5.688624041312e-01, 1.797693134862e+308, 1.2241e+00, 4.8048e-03, 
 2DIAGNOSTIC,     3, -5.706911542507e-01, 1.797693134862e+308, 1.2288e+00, 4.7460e-03, 
 2DIAGNOSTIC,     4, -5.724676147531e-01, 1.797693134862e+308, 1.2335e+00, 4.6642e-03, 
 2DIAGNOSTIC,     5, -5.757749816903e-01, 1.797693134862e+308, 1.2384e+00, 4.8628e-03, 
 2DIAGNOSTIC,     6, -5.856623531595e-01, 1.797693134862e+308, 1.2433e+00, 4.9109e-03, 
 2DIAGNOSTIC,     7, -5.935140223695e-01, 1.797693134862e+308, 1.2520e+00, 8.6958e-03, 
 2DIAGNOSTIC,     8, -5.944100956751e-01, 1.797693134862e+308, 1.2566e+00, 4.6270e-03, 
 2DIAGNOSTIC,     9, -5.953813434528e-01, 1.797693134862e+308, 1.2612e+00, 4.6029e-03, 
 2DIAGNOSTIC,    10, -5.961041702420e-01, 3.874580510588e-03, 1.2667e+00, 5.4679e-03, 
 2DIAGNOSTIC,    11, -5.973147619308e-01, 3.400986725059e-03, 1.2715e+00, 4.8831e-03, 
 2DIAGNOSTIC,    12, -5.993614312187e-01, 2.810737063492e-03, 1.2764e+00, 4.9012e-03, 
 2DIAGNOSTIC,    13, -6.022398630430e-01, 2.237712094675e-03, 1.2833e+00, 6.8779e-03, 
 2DIAGNOSTIC,    14, -6.036708857428e-01, 1.659769938033e-03, 1.2918e+00, 8.4460e-03, 
 2DIAGNOSTIC,    15, -6.039443683918e-01, 1.119701834040e-03, 1.2970e+00, 5.2521e-03, 
 2DIAGNOSTIC,    16, -6.041555897163e-01, 8.455694755323e-04, 1.3022e+00, 5.1470e-03, 
 2DIAGNOSTIC,    17, -6.047948836168e-01, 7.664178726415e-04, 1.3072e+00, 4.9961e-03, 
 2DIAGNOSTIC,    18, -6.060691081142e-01, 6.816845055227e-04, 1.3120e+00, 4.8680e-03, 
 2DIAGNOSTIC,    19, -6.088153379328e-01, 6.360716865203e-04, 1.3175e+00, 5.5161e-03, 
 2DIAGNOSTIC,    20, -6.105990396744e-01, 5.956124299790e-04, 1.3242e+00, 6.6528e-03, 
 2DIAGNOSTIC,    21, -6.124391680046e-01, 5.731790229675e-04, 1.3297e+00, 5.5339e-03, 
 2DIAGNOSTIC,    22, -6.125003715379e-01, 5.439422300184e-04, 1.3347e+00, 4.9670e-03, 
 2DIAGNOSTIC,    23, -6.152777074077e-01, 5.834515466418e-04, 1.3396e+00, 4.8530e-03, 
 2DIAGNOSTIC,    24, -6.171712273856e-01, 6.289775153125e-04, 1.3444e+00, 4.8959e-03, 
 2DIAGNOSTIC,    25, -6.190620090766e-01, 6.521365015409e-04, 1.3519e+00, 7.4611e-03, 
 2DIAGNOSTIC,    26, -6.200536362684e-01, 6.345843542316e-04, 1.3575e+00, 5.6188e-03, 
 2DIAGNOSTIC,    27, -6.208668698911e-01, 5.848616260402e-04, 1.3623e+00, 4.7851e-03, 
 2DIAGNOSTIC,    28, -6.213577037496e-01, 5.126311670159e-04, 1.3700e+00, 7.7062e-03, 
 2DIAGNOSTIC,    29, -6.217407099145e-01, 4.472776747220e-04, 1.3756e+00, 5.5978e-03, 
 2DIAGNOSTIC,    30, -6.217970067247e-01, 3.726223123559e-04, 1.3816e+00, 6.0301e-03, 
 2DIAGNOSTIC,    31, -6.217898794562e-01, 2.964314129181e-04, 1.3871e+00, 5.4300e-03, 
 2DIAGNOSTIC,    32, -6.219917300935e-01, 2.005042304169e-04, 1.3928e+00, 5.7199e-03, 
 2DIAGNOSTIC,    33, -6.218624529533e-01, 1.289977014318e-04, 1.3983e+00, 5.5070e-03, 
 2DIAGNOSTIC,    34, -6.224914019752e-01, 8.415938975707e-05, 1.4039e+00, 5.5501e-03, 
 2DIAGNOSTIC,    35, -6.229967550928e-01, 6.585833999106e-05, 1.4087e+00, 4.8361e-03, 
 2DIAGNOSTIC,    36, -6.233852591232e-01, 6.017127365329e-05, 1.4139e+00, 5.1999e-03, 
 2DIAGNOSTIC,    37, -6.241375378117e-01, 6.894523761097e-05, 1.4206e+00, 6.7291e-03, 
 2DIAGNOSTIC,    38, -6.237641623023e-01, 7.197135212146e-05, 1.4262e+00, 5.5969e-03, 
 2DIAGNOSTIC,    39, -6.235804689035e-01, 7.064939841428e-05, 1.4316e+00, 5.3868e-03, 
 2DIAGNOSTIC,    40, -6.235533226095e-01, 6.309764770243e-05, 1.4370e+00, 5.3852e-03, 
 2DIAGNOSTIC,    41, -6.237033442232e-01, 5.143409002018e-05, 1.4418e+00, 4.8311e-03, 
 2DIAGNOSTIC,    42, -6.238455204004e-01, 3.933036160195e-05, 1.4466e+00, 4.7879e-03, 
 2DIAGNOSTIC,    43, -6.242038388177e-01, 2.656730704318e-05, 1.4518e+00, 5.1830e-03, 
 2DIAGNOSTIC,    44, -6.243439174801e-01, 2.010875249047e-05, 1.4572e+00, 5.4412e-03, 
 2DIAGNOSTIC,    45, -6.246974130408e-01, 2.095199697643e-05, 1.4632e+00, 5.9402e-03, 
 2DIAGNOSTIC,    46, -6.247209753151e-01, 2.365181407585e-05, 1.4690e+00, 5.7890e-03, 
 2DIAGNOSTIC,    47, -6.248776460600e-01, 3.315247015563e-05, 1.4756e+00, 6.6819e-03, 
 2DIAGNOSTIC,    48, -6.250715381611e-01, 3.741506730901e-05, 1.4813e+00, 5.6310e-03, 
 2DIAGNOSTIC,    49, -6.253196121707e-01, 3.856045511348e-05, 1.4875e+00, 6.2709e-03, 
 2DIAGNOSTIC,    50, -6.254934667031e-01, 3.734256700979e-05, 1.4925e+00, 5.0039e-03, 
 2DIAGNOSTIC,    51, -6.254358877062e-01, 3.351304990885e-05, 1.4976e+00, 5.0039e-03, 
 2DIAGNOSTIC,    52, -6.255410868790e-01, 2.890821208427e-05, 1.5033e+00, 5.7840e-03, 
 2DIAGNOSTIC,    53, -6.255437391798e-01, 2.489080511236e-05, 1.5085e+00, 5.1560e-03, 
 2DIAGNOSTIC,    54, -6.254521439347e-01, 1.900476595544e-05, 1.5137e+00, 5.2161e-03, 
 2DIAGNOSTIC,    55, -6.255697171334e-01, 1.559290733098e-05, 1.5188e+00, 5.0609e-03, 
 2DIAGNOSTIC,    56, -6.253885308123e-01, 9.536370751594e-06, 1.5263e+00, 7.5200e-03, 
 2DIAGNOSTIC,    57, -6.254016272480e-01, 4.250125473757e-06, 1.5319e+00, 5.5809e-03, 
DIAGNOSTIC,Iteration,metricValue,convergenceValue,ITERATION_TIME_INDEX,SINCE_LAST
 2DIAGNOSTIC,     1, -4.974968462991e-01, 1.797693134862e+308, 2.8318e+00, 1.2999e+00, 
 2DIAGNOSTIC,     2, -4.984988559453e-01, 1.797693134862e+308, 2.8803e+00, 4.8516e-02, 
 2DIAGNOSTIC,     3, -4.998268886326e-01, 1.797693134862e+308, 2.9217e+00, 4.1405e-02, 
 2DIAGNOSTIC,     4, -5.015121151607e-01, 1.797693134862e+308, 2.9641e+00, 4.2394e-02, 
 2DIAGNOSTIC,     5, -5.032531207601e-01, 1.797693134862e+308, 3.0029e+00, 3.8768e-02, 
 2DIAGNOSTIC,     6, -5.044711499311e-01, 1.797693134862e+308, 3.0431e+00, 4.0222e-02, 
 2DIAGNOSTIC,     7, -5.053667953767e-01, 1.797693134862e+308, 3.0814e+00, 3.8286e-02, 
 2DIAGNOSTIC,     8, -5.063823653722e-01, 1.797693134862e+308, 3.1230e+00, 4.1603e-02, 
 2DIAGNOSTIC,     9, -5.080500661144e-01, 1.797693134862e+308, 3.1723e+00, 4.9322e-02, 
 2DIAGNOSTIC,    10, -5.091637131608e-01, 1.505765086596e-03, 3.2438e+00, 7.1480e-02, 
 2DIAGNOSTIC,    11, -5.091838743056e-01, 1.286795710039e-03, 3.2844e+00, 4.0598e-02, 
 2DIAGNOSTIC,    12, -5.092745387574e-01, 1.042220935561e-03, 3.3406e+00, 5.6206e-02, 
 2DIAGNOSTIC,    13, -5.092915952481e-01, 7.992776435728e-04, 3.3858e+00, 4.5210e-02, 
 2DIAGNOSTIC,    14, -5.092895137458e-01, 5.844108088886e-04, 3.4298e+00, 4.3972e-02, 
 2DIAGNOSTIC,    15, -5.092802832033e-01, 4.090706901110e-04, 3.4751e+00, 4.5293e-02, 
 2DIAGNOSTIC,    16, -5.092833707220e-01, 2.617406983018e-04, 3.5144e+00, 3.9350e-02, 
 2DIAGNOSTIC,    17, -5.092934066672e-01, 1.381345705482e-04, 3.5531e+00, 3.8715e-02, 
 2DIAGNOSTIC,    18, -5.092955318844e-01, 4.643019954246e-05, 3.5993e+00, 4.6197e-02, 
 2DIAGNOSTIC,    19, -5.092849219881e-01, 8.381695738642e-06, 3.6380e+00, 3.8644e-02, 
 2DIAGNOSTIC,    20, -5.093000669081e-01, 5.258162305059e-06, 3.6842e+00, 4.6196e-02, 
 2DIAGNOSTIC,    21, -5.093166342794e-01, 2.994032675341e-06, 3.7263e+00, 4.2084e-02, 
 2DIAGNOSTIC,    22, -5.093145884236e-01, 3.025720396857e-06, 3.7716e+00, 4.5375e-02, 
 2DIAGNOSTIC,    23, -5.093117242150e-01, 3.265138356197e-06, 3.8149e+00, 4.3297e-02, 
 2DIAGNOSTIC,    24, -5.092820787307e-01, 2.588707904885e-06, 3.8615e+00, 4.6582e-02, 
 2DIAGNOSTIC,    25, -5.092890315480e-01, 1.810319375198e-06, 3.9048e+00, 4.3301e-02, 
DIAGNOSTIC,Iteration,metricValue,convergenceValue,ITERATION_TIME_INDEX,SINCE_LAST
 2DIAGNOSTIC,     1, -4.501138341310e-01, 1.797693134862e+308, 5.6038e+00, 1.6990e+00, 
 2DIAGNOSTIC,     2, -4.502472388840e-01, 1.797693134862e+308, 5.9176e+00, 3.1378e-01, 
 2DIAGNOSTIC,     3, -4.504823260956e-01, 1.797693134862e+308, 6.2289e+00, 3.1135e-01, 
 2DIAGNOSTIC,     4, -4.505326136885e-01, 1.797693134862e+308, 6.6635e+00, 4.3460e-01, 
 2DIAGNOSTIC,     5, -4.505373703734e-01, 1.797693134862e+308, 6.9707e+00, 3.0717e-01, 
 2DIAGNOSTIC,     6, -4.505462484021e-01, 1.797693134862e+308, 7.3323e+00, 3.6165e-01, 
 2DIAGNOSTIC,     7, -4.505517572313e-01, 1.797693134862e+308, 7.6513e+00, 3.1897e-01, 
 2DIAGNOSTIC,     8, -4.505526240317e-01, 1.797693134862e+308, 8.0022e+00, 3.5088e-01, 
 2DIAGNOSTIC,     9, -4.505632755328e-01, 1.797693134862e+308, 8.3126e+00, 3.1045e-01, 
 2DIAGNOSTIC,    10, -4.505770531773e-01, 5.359514765117e-05, 8.6231e+00, 3.1044e-01, 
 2DIAGNOSTIC,    11, -4.505977838743e-01, 2.943906927898e-05, 8.9771e+00, 3.5403e-01, 
 2DIAGNOSTIC,    12, -4.506298627623e-01, 1.529107726690e-05, 9.2893e+00, 3.1217e-01, 
 2DIAGNOSTIC,    13, -4.506681630790e-01, 1.536066318278e-05, 9.6041e+00, 3.1485e-01, 
 2DIAGNOSTIC,    14, -4.507961168536e-01, 2.225388487161e-05, 1.0058e+01, 4.5414e-01, 
 2DIAGNOSTIC,    15, -4.508361991058e-01, 2.815431090725e-05, 1.0491e+01, 4.3261e-01, 
 2DIAGNOSTIC,    16, -4.508474407361e-01, 3.174334516397e-05, 1.0861e+01, 3.7030e-01, 
 2DIAGNOSTIC,    17, -4.508736258375e-01, 3.341380875054e-05, 1.1177e+01, 3.1586e-01, 
 2DIAGNOSTIC,    18, -4.509969794168e-01, 3.630147409731e-05, 1.1582e+01, 4.0503e-01, 
 2DIAGNOSTIC,    19, -4.510057102299e-01, 3.615891907170e-05, 1.1946e+01, 3.6361e-01, 
 2DIAGNOSTIC,    20, -4.510059600731e-01, 3.329649427132e-05, 1.2326e+01, 3.7996e-01, 
 2DIAGNOSTIC,    21, -4.510017673886e-01, 2.834918280889e-05, 1.2781e+01, 4.5585e-01, 
 2DIAGNOSTIC,    22, -4.510044078098e-01, 2.235373243391e-05, 1.3242e+01, 4.6020e-01, 
 2DIAGNOSTIC,    23, -4.510049310626e-01, 1.584208810300e-05, 1.3635e+01, 3.9343e-01, 
 2DIAGNOSTIC,    24, -4.510033688381e-01, 1.180620171813e-05, 1.3991e+01, 3.5585e-01, 
 2DIAGNOSTIC,    25, -4.510017201446e-01, 8.131146549670e-06, 1.4347e+01, 3.5632e-01, 
 2DIAGNOSTIC,    26, -4.509992020935e-01, 4.329189933358e-06, 1.4721e+01, 3.7387e-01, 
 2DIAGNOSTIC,    27, -4.509984093121e-01, 1.029397925345e-06, 1.5139e+01, 4.1808e-01, 
DIAGNOSTIC,Iteration,metricValue,convergenceValue,ITERATION_TIME_INDEX,SINCE_LAST
 2DIAGNOSTIC,     1, -4.167758140446e-01, 1.797693134862e+308, 1.8381e+01, 3.2421e+00, 
 2DIAGNOSTIC,     2, -4.168526850139e-01, 1.797693134862e+308, 2.0621e+01, 2.2396e+00, 
 2DIAGNOSTIC,     3, -4.169370410650e-01, 1.797693134862e+308, 2.2880e+01, 2.2592e+00, 
 2DIAGNOSTIC,     4, -4.170005077929e-01, 1.797693134862e+308, 2.5122e+01, 2.2417e+00, 
 2DIAGNOSTIC,     5, -4.170959973749e-01, 1.797693134862e+308, 2.8713e+01, 3.5915e+00, 
 2DIAGNOSTIC,     6, -4.170963246951e-01, 1.797693134862e+308, 3.1522e+01, 2.8087e+00, 
 2DIAGNOSTIC,     7, -4.170973202790e-01, 1.797693134862e+308, 3.5090e+01, 3.5675e+00, 
 2DIAGNOSTIC,     8, -4.170974713227e-01, 1.797693134862e+308, 3.7577e+01, 2.4874e+00, 
 2DIAGNOSTIC,     9, -4.170973140304e-01, 1.797693134862e+308, 4.0684e+01, 3.1074e+00, 
 2DIAGNOSTIC,    10, -4.170970598572e-01, 5.040075877671e-05, 4.3500e+01, 2.8159e+00, 
 2DIAGNOSTIC,    11, -4.170971783374e-01, 3.096555187289e-05, 4.5995e+01, 2.4945e+00, 
 2DIAGNOSTIC,    12, -4.170969948502e-01, 1.660120680609e-05, 4.8236e+01, 2.2412e+00, 
 2DIAGNOSTIC,    13, -4.170968198624e-01, 7.565672296456e-06, 5.0695e+01, 2.4590e+00, 
 2DIAGNOSTIC,    14, -4.170966368279e-01, 2.304814442008e-06, 5.2959e+01, 2.2639e+00, 
 2DIAGNOSTIC,    15, -4.170966587201e-01, 2.082328803221e-06, 5.5202e+01, 2.2426e+00, 
 2DIAGNOSTIC,    16, -4.170968918715e-01, 1.913564623812e-06, 5.8032e+01, 2.8306e+00, 
 2DIAGNOSTIC,    17, -4.170969104606e-01, 1.811539130890e-06, 6.0537e+01, 2.5048e+00, 
 2DIAGNOSTIC,    18, -4.170965437494e-01, 1.718607090348e-06, 6.2792e+01, 2.2551e+00, 
 2DIAGNOSTIC,    19, -4.170965831288e-01, 1.636608747725e-06, 6.5407e+01, 2.6152e+00, 
 2DIAGNOSTIC,    20, -4.170966245049e-01, 1.558584013663e-06, 6.7959e+01, 2.5519e+00, 
 2DIAGNOSTIC,    21, -4.170968776610e-01, 1.502693658097e-06, 7.1072e+01, 3.1125e+00, 
 2DIAGNOSTIC,    22, -4.170968912060e-01, 1.447675462361e-06, 7.3295e+01, 2.2235e+00, 
 2DIAGNOSTIC,    23, -4.170968081152e-01, 1.390193585263e-06, 7.5565e+01, 2.2698e+00, 
 2DIAGNOSTIC,    24, -4.170966287701e-01, 1.326829345158e-06, 7.8421e+01, 2.8560e+00, 
 2DIAGNOSTIC,    25, -4.170965394368e-01, 1.266303932934e-06, 8.1197e+01, 2.7760e+00, 
 2DIAGNOSTIC,    26, -4.170964447217e-01, 1.214390120720e-06, 8.3688e+01, 2.4910e+00, 
 2DIAGNOSTIC,    27, -4.170963499131e-01, 1.165501310740e-06, 8.6248e+01, 2.5601e+00, 
 2DIAGNOSTIC,    28, -4.170962541811e-01, 1.110188066221e-06, 8.8522e+01, 2.2740e+00, 
 2DIAGNOSTIC,    29, -4.170962580595e-01, 1.062294496972e-06, 9.1070e+01, 2.5483e+00, 
 2DIAGNOSTIC,    30, -4.170961624195e-01, 1.019441842137e-06, 9.3312e+01, 2.2413e+00, 
  Elapsed time (stage 0): 9.4561e+01


Total elapsed time: 9.4562e+01
VFC_BACKENDS=libinterflop_vprec.so --range-binary32=7 --precision-binary32=19 --range-binary64=7 --precision-binary64=19
Info [verificarlo]: loaded backend libinterflop_vprec.so
Info [interflop-vprec]: load backend with: 
Info [interflop-vprec]: precision-binary32 = 19
Info [interflop-vprec]: range-binary32 = 7
Info [interflop-vprec]: precision-binary64 = 19
Info [interflop-vprec]: range-binary64 = 7
Info [interflop-vprec]: mode = ob
Info [interflop-vprec]: error-mode = rel
Info [interflop-vprec]: max-abs-error-exponent = -1022
Info [interflop-vprec]: daz = false
Info [interflop-vprec]: ftz = false
Info [interflop-vprec]: 	instrument = none
Info [interflop-vprec]: 	prec-input-file = (null)
Info [interflop-vprec]: 	prec-output-file = (null)
Info [interflop-vprec]: 	prec-log-file = (null)
All_Command_lines_OK
Using double precision for computations.
=============================================================================
The composite transform comprises the following transforms (in order): 
  1. /project/rrg-glatard/mdugre/datasets/corr/RawDataBIDS/BMB_1/derivatives/vprec-space_search/0011/r7-p19/sub-0003059/rigid_Composite.h5[0] (type = Euler3DTransform)
  2. /project/rrg-glatard/mdugre/datasets/corr/RawDataBIDS/BMB_1/derivatives/vprec-space_search/0011/r7-p19/sub-0003059/rigid_Composite.h5[1] (type = Euler3DTransform)
  3. /project/rrg-glatard/mdugre/datasets/corr/RawDataBIDS/BMB_1/derivatives/vprec-space_search/0011/r7-p19/sub-0003059/rigid_Composite.h5[2] (type = Euler3DTransform)
=============================================================================
  number of levels = 4
  fixed image: /templateflow/tpl-MNI152NLin2009cAsym/tpl-MNI152NLin2009cAsym_res-01_desc-brain_T1w.nii.gz
  moving image: /project/rrg-glatard/mdugre/datasets/corr/RawDataBIDS/BMB_1/derivatives/antsBrainExtraction/sub-0003059/BrainExtractionBrain.nii.gz
Dimension = 3
Number of stages = 1
Use histogram matching = false
Winsorize image intensities = true
  Lower quantile = 0.005
  Upper quantile = 0.995


Stage 1 State
   Image metric = MattesMI
     Fixed image = Image (0x33c7300)
  RTTI typeinfo:   itk::Image<double, 3u>
  Reference Count: 2
  Modified Time: 1592
  Debug: Off
  Object Name: 
  Observers: 
    none
  Source: (none)
  Source output name: (none)
  Release Data: Off
  Data Released: False
  Global Release Data: Off
  PipelineMTime: 0
  UpdateMTime: 1203
  RealTimeStamp: 0 seconds 
  LargestPossibleRegion: 
    Dimension: 3
    Index: [0, 0, 0]
    Size: [193, 229, 193]
  BufferedRegion: 
    Dimension: 3
    Index: [0, 0, 0]
    Size: [193, 229, 193]
  RequestedRegion: 
    Dimension: 3
    Index: [0, 0, 0]
    Size: [193, 229, 193]
  Spacing: [1, 1, 1]
  Origin: [96, 132, -78]
  Direction: 
-1 0 0
0 -1 0
0 0 1

  IndexToPointMatrix: 
-1 0 0
0 -1 0
0 0 1

  PointToIndexMatrix: 
-1 0 0
0 -1 0
0 0 1

  Inverse Direction: 
-1 0 0
0 -1 0
0 0 1

  PixelContainer: 
    ImportImageContainer (0x33d31b0)
      RTTI typeinfo:   itk::ImportImageContainer<unsigned long, double>
      Reference Count: 1
      Modified Time: 1200
      Debug: Off
      Object Name: 
      Observers: 
        none
      Pointer: 0x149be2230010
      Container manages memory: true
      Size: 8530021
      Capacity: 8530021

     Moving image = Image (0x3494f60)
  RTTI typeinfo:   itk::Image<double, 3u>
  Reference Count: 2
  Modified Time: 1593
  Debug: Off
  Object Name: 
  Observers: 
    none
  Source: (none)
  Source output name: (none)
  Release Data: Off
  Data Released: False
  Global Release Data: Off
  PipelineMTime: 0
  UpdateMTime: 1590
  RealTimeStamp: 0 seconds 
  LargestPossibleRegion: 
    Dimension: 3
    Index: [0, 0, 0]
    Size: [176, 256, 256]
  BufferedRegion: 
    Dimension: 3
    Index: [0, 0, 0]
    Size: [176, 256, 256]
  RequestedRegion: 
    Dimension: 3
    Index: [0, 0, 0]
    Size: [176, 256, 256]
  Spacing: [1, 1, 1]
  Origin: [-86.8362, 96.2771, -119.914]
  Direction: 
1 0 0
0 -1 0
0 0 1

  IndexToPointMatrix: 
1 0 0
0 -1 0
0 0 1

  PointToIndexMatrix: 
1 0 0
0 -1 0
0 0 1

  Inverse Direction: 
1 0 0
0 -1 0
0 0 1

  PixelContainer: 
    ImportImageContainer (0x3448d30)
      RTTI typeinfo:   itk::ImportImageContainer<unsigned long, double>
      Reference Count: 1
      Modified Time: 1587
      Debug: Off
      Object Name: 
      Observers: 
        none
      Pointer: 0x149bdca2f010
      Container manages memory: true
      Size: 11534336
      Capacity: 11534336

     Weighting = 1
     Sampling strategy = regular
     Number of bins = 32
     Radius = 4
     Sampling percentage  = 0.25
   Transform = Affine
     Gradient step = 0.1
     Update field sigma (voxel space) = 0
     Total field sigma (voxel space) = 0
     Update field time sigma = 0
     Total field time sigma  = 0
     Number of time indices = 0
     Number of time point samples = 0
Registration using 1 total stages.

Stage 0
  iterations = 1000x500x250x100
  convergence threshold = 1e-06
  convergence window size = 10
  number of levels = 4
  using the Mattes MI metric (number of bins = 32, weight = 1, use gradient filter = 0)
  preprocessing:  winsorizing the image intensities
  Shrink factors (level 1 out of 4): [8, 8, 8]
  Shrink factors (level 2 out of 4): [4, 4, 4]
  Shrink factors (level 3 out of 4): [2, 2, 2]
  Shrink factors (level 4 out of 4): [1, 1, 1]
  smoothing sigmas per level: [3, 2, 1, 0]
  regular sampling (percentage = 0.25)

*** Running AffineTransform registration ***

DIAGNOSTIC,Iteration,metricValue,convergenceValue,ITERATION_TIME_INDEX,SINCE_LAST
 2DIAGNOSTIC,     1, -6.134896780816e-01, 1.797693134862e+308, 0.0000e+00, 0.0000e+00, 
 2DIAGNOSTIC,     2, -6.158134816033e-01, 1.797693134862e+308, 0.0000e+00, 0.0000e+00, 
 2DIAGNOSTIC,     3, -6.199222410864e-01, 1.797693134862e+308, 0.0000e+00, 0.0000e+00, 
 2DIAGNOSTIC,     4, -6.273345316959e-01, 1.797693134862e+308, 0.0000e+00, 0.0000e+00, 
 2DIAGNOSTIC,     5, -6.393853242685e-01, 1.797693134862e+308, 0.0000e+00, 0.0000e+00, 
 2DIAGNOSTIC,     6, -6.572413650063e-01, 1.797693134862e+308, 0.0000e+00, 0.0000e+00, 
 2DIAGNOSTIC,     7, -6.922753784632e-01, 1.797693134862e+308, 0.0000e+00, 0.0000e+00, 
 2DIAGNOSTIC,     8, -7.164221700548e-01, 1.797693134862e+308, 0.0000e+00, 0.0000e+00, 
 2DIAGNOSTIC,     9, -7.731569921508e-01, 1.797693134862e+308, 0.0000e+00, 0.0000e+00, 
 2DIAGNOSTIC,    10, -7.755158059141e-01, 1.691497607306e-02, 0.0000e+00, 0.0000e+00, 
 2DIAGNOSTIC,    11, -7.758312246109e-01, 1.666572701314e-02, 0.0000e+00, 0.0000e+00, 
 2DIAGNOSTIC,    12, -7.810305434776e-01, 1.524705218985e-02, 0.0000e+00, 0.0000e+00, 
 2DIAGNOSTIC,    13, -7.881530822811e-01, 1.303190753980e-02, 0.0000e+00, 0.0000e+00, 
 2DIAGNOSTIC,    14, -7.981676103323e-01, 1.046799047369e-02, 0.0000e+00, 0.0000e+00, 
 2DIAGNOSTIC,    15, -8.183641506028e-01, 8.182006140356e-03, 0.0000e+00, 0.0000e+00, 
 2DIAGNOSTIC,    16, -8.208576147734e-01, 5.975011206882e-03, 0.0000e+00, 0.0000e+00, 
 2DIAGNOSTIC,    17, -8.212194136025e-01, 4.337689662804e-03, 0.0000e+00, 0.0000e+00, 
 2DIAGNOSTIC,    18, -8.214364359502e-01, 3.002757742941e-03, 0.0000e+00, 0.0000e+00, 
 2DIAGNOSTIC,    19, -8.216724025907e-01, 2.702554062481e-03, 0.0000e+00, 0.0000e+00, 
 2DIAGNOSTIC,    20, -8.216670118002e-01, 2.227233731193e-03, 0.0000e+00, 0.0000e+00, 
 2DIAGNOSTIC,    21, -8.216616415672e-01, 1.601093952438e-03, 0.0000e+00, 0.0000e+00, 
 2DIAGNOSTIC,    22, -8.215702782347e-01, 9.812389318569e-04, 0.0000e+00, 0.0000e+00, 
 2DIAGNOSTIC,    23, -8.215309699834e-01, 4.456206334093e-04, 0.0000e+00, 0.0000e+00, 
 2DIAGNOSTIC,    24, -8.214049117157e-01, 6.398093287777e-05, 0.0000e+00, 0.0000e+00, 
 2DIAGNOSTIC,    25, -8.214991069571e-01, 1.372584010245e-05, 0.0000e+00, 0.0000e+00, 
 2DIAGNOSTIC,    26, -8.214151111178e-01, 1.090683251201e-06, 0.0000e+00, 0.0000e+00, 
DIAGNOSTIC,Iteration,metricValue,convergenceValue,ITERATION_TIME_INDEX,SINCE_LAST
 2DIAGNOSTIC,     1, -7.040407670596e-01, 1.797693134862e+308, 0.0000e+00, 0.0000e+00, 
 2DIAGNOSTIC,     2, -7.046357249051e-01, 1.797693134862e+308, 0.0000e+00, 0.0000e+00, 
 2DIAGNOSTIC,     3, -7.053431580363e-01, 1.797693134862e+308, 0.0000e+00, 0.0000e+00, 
 2DIAGNOSTIC,     4, -7.060897283275e-01, 1.797693134862e+308, 0.0000e+00, 0.0000e+00, 
 2DIAGNOSTIC,     5, -7.072003022089e-01, 1.797693134862e+308, 0.0000e+00, 0.0000e+00, 
 2DIAGNOSTIC,     6, -7.078470628370e-01, 1.797693134862e+308, 0.0000e+00, 0.0000e+00, 
 2DIAGNOSTIC,     7, -7.079421001268e-01, 1.797693134862e+308, 0.0000e+00, 0.0000e+00, 
 2DIAGNOSTIC,     8, -7.080373935210e-01, 1.797693134862e+308, 0.0000e+00, 0.0000e+00, 
 2DIAGNOSTIC,     9, -7.080665356785e-01, 1.797693134862e+308, 0.0000e+00, 0.0000e+00, 
 2DIAGNOSTIC,    10, -7.081327215478e-01, 4.034067379627e-04, 0.0000e+00, 0.0000e+00, 
 2DIAGNOSTIC,    11, -7.081447324783e-01, 2.858165302737e-04, 0.0000e+00, 0.0000e+00, 
 2DIAGNOSTIC,    12, -7.082107462142e-01, 1.847471122670e-04, 0.0000e+00, 0.0000e+00, 
 2DIAGNOSTIC,    13, -7.082911659619e-01, 1.071649020001e-04, 0.0000e+00, 0.0000e+00, 
 2DIAGNOSTIC,    14, -7.084700651365e-01, 5.702452827366e-05, 0.0000e+00, 0.0000e+00, 
 2DIAGNOSTIC,    15, -7.084867554099e-01, 3.824094627367e-05, 0.0000e+00, 0.0000e+00, 
 2DIAGNOSTIC,    16, -7.084923445447e-01, 3.490900101999e-05, 0.0000e+00, 0.0000e+00, 
 2DIAGNOSTIC,    17, -7.084932781442e-01, 3.121168990933e-05, 0.0000e+00, 0.0000e+00, 
 2DIAGNOSTIC,    18, -7.084984567034e-01, 2.741733174695e-05, 0.0000e+00, 0.0000e+00, 
 2DIAGNOSTIC,    19, -7.085023354925e-01, 2.225735822144e-05, 0.0000e+00, 0.0000e+00, 
 2DIAGNOSTIC,    20, -7.084671067981e-01, 1.633828752334e-05, 0.0000e+00, 0.0000e+00, 
 2DIAGNOSTIC,    21, -7.084716603450e-01, 9.983310695467e-06, 0.0000e+00, 0.0000e+00, 
 2DIAGNOSTIC,    22, -7.084638153341e-01, 4.470051912897e-06, 0.0000e+00, 0.0000e+00, 
DIAGNOSTIC,Iteration,metricValue,convergenceValue,ITERATION_TIME_INDEX,SINCE_LAST
 2DIAGNOSTIC,     1, -6.045985931334e-01, 1.797693134862e+308, 0.0000e+00, 0.0000e+00, 
 2DIAGNOSTIC,     2, -6.051848721632e-01, 1.797693134862e+308, 0.0000e+00, 0.0000e+00, 
 2DIAGNOSTIC,     3, -6.055879269406e-01, 1.797693134862e+308, 0.0000e+00, 0.0000e+00, 
 2DIAGNOSTIC,     4, -6.058504521648e-01, 1.797693134862e+308, 0.0000e+00, 0.0000e+00, 
 2DIAGNOSTIC,     5, -6.061144768390e-01, 1.797693134862e+308, 0.0000e+00, 0.0000e+00, 
 2DIAGNOSTIC,     6, -6.065675456078e-01, 1.797693134862e+308, 0.0000e+00, 0.0000e+00, 
 2DIAGNOSTIC,     7, -6.071406305066e-01, 1.797693134862e+308, 0.0000e+00, 0.0000e+00, 
 2DIAGNOSTIC,     8, -6.071401078601e-01, 1.797693134862e+308, 0.0000e+00, 0.0000e+00, 
 2DIAGNOSTIC,     9, -6.071381647566e-01, 1.797693134862e+308, 0.0000e+00, 0.0000e+00, 
 2DIAGNOSTIC,    10, -6.071378408939e-01, 2.850467030681e-04, 0.0000e+00, 0.0000e+00, 
 2DIAGNOSTIC,    11, -6.071374655333e-01, 2.067555176786e-04, 0.0000e+00, 0.0000e+00, 
 2DIAGNOSTIC,    12, -6.071363697200e-01, 1.455025680020e-04, 0.0000e+00, 0.0000e+00, 
 2DIAGNOSTIC,    13, -6.071360872101e-01, 9.533964677630e-05, 0.0000e+00, 0.0000e+00, 
 2DIAGNOSTIC,    14, -6.071367226610e-01, 5.296504445368e-05, 0.0000e+00, 0.0000e+00, 
 2DIAGNOSTIC,    15, -6.071359492041e-01, 1.965037812486e-05, 0.0000e+00, 0.0000e+00, 
 2DIAGNOSTIC,    16, -6.071368531761e-01, 1.708985574916e-06, 0.0000e+00, 0.0000e+00, 
 2DIAGNOSTIC,    17, -6.071316927738e-01, 1.557104427702e-06, 0.0000e+00, 0.0000e+00, 
 2DIAGNOSTIC,    18, -6.071319049053e-01, 1.447908329517e-06, 0.0000e+00, 0.0000e+00, 
 2DIAGNOSTIC,    19, -6.071321958167e-01, 1.336975668745e-06, 0.0000e+00, 0.0000e+00, 
 2DIAGNOSTIC,    20, -6.071322350222e-01, 1.259437301046e-06, 0.0000e+00, 0.0000e+00, 
 2DIAGNOSTIC,    21, -6.071312042875e-01, 1.189641753822e-06, 0.0000e+00, 0.0000e+00, 
 2DIAGNOSTIC,    22, -6.071313321827e-01, 1.138249896504e-06, 0.0000e+00, 0.0000e+00, 
 2DIAGNOSTIC,    23, -6.071313220126e-01, 1.113625222121e-06, 0.0000e+00, 0.0000e+00, 
 2DIAGNOSTIC,    24, -6.071311474788e-01, 1.123654048654e-06, 0.0000e+00, 0.0000e+00, 
 2DIAGNOSTIC,    25, -6.071317310314e-01, 1.146610612672e-06, 0.0000e+00, 0.0000e+00, 
 2DIAGNOSTIC,    26, -6.071316263582e-01, 1.196554508545e-06, 0.0000e+00, 0.0000e+00, 
 2DIAGNOSTIC,    27, -6.071315974611e-01, 1.155205719125e-06, 0.0000e+00, 0.0000e+00, 
 2DIAGNOSTIC,    28, -6.071318964767e-01, 1.127048767535e-06, 0.0000e+00, 0.0000e+00, 
 2DIAGNOSTIC,    29, -6.071319406731e-01, 1.106538814931e-06, 0.0000e+00, 0.0000e+00, 
 2DIAGNOSTIC,    30, -6.071317971510e-01, 1.085020863746e-06, 0.0000e+00, 0.0000e+00, 
 2DIAGNOSTIC,    31, -6.071306881681e-01, 1.030062356536e-06, 0.0000e+00, 0.0000e+00, 
 2DIAGNOSTIC,    32, -6.071321662060e-01, 1.002027809484e-06, 0.0000e+00, 0.0000e+00, 
DIAGNOSTIC,Iteration,metricValue,convergenceValue,ITERATION_TIME_INDEX,SINCE_LAST
 2DIAGNOSTIC,     1, -5.410045208604e-01, 1.797693134862e+308, 0.0000e+00, 0.0000e+00, 
 2DIAGNOSTIC,     2, -5.412418141750e-01, 1.797693134862e+308, 0.0000e+00, 0.0000e+00, 
 2DIAGNOSTIC,     3, -5.413876472890e-01, 1.797693134862e+308, 0.0000e+00, 0.0000e+00, 
 2DIAGNOSTIC,     4, -5.415869748511e-01, 1.797693134862e+308, 0.0000e+00, 0.0000e+00, 
 2DIAGNOSTIC,     5, -5.418088732595e-01, 1.797693134862e+308, 0.0000e+00, 0.0000e+00, 
 2DIAGNOSTIC,     6, -5.418138517264e-01, 1.797693134862e+308, 0.0000e+00, 0.0000e+00, 
 2DIAGNOSTIC,     7, -5.418488290493e-01, 1.797693134862e+308, 0.0000e+00, 0.0000e+00, 
 2DIAGNOSTIC,     8, -5.419494113786e-01, 1.797693134862e+308, 0.0000e+00, 0.0000e+00, 
 2DIAGNOSTIC,     9, -5.421983491147e-01, 1.797693134862e+308, 0.0000e+00, 0.0000e+00, 
 2DIAGNOSTIC,    10, -5.421964265286e-01, 1.366998234130e-04, 0.0000e+00, 0.0000e+00, 
 2DIAGNOSTIC,    11, -5.421959080451e-01, 1.059638637055e-04, 0.0000e+00, 0.0000e+00, 
 2DIAGNOSTIC,    12, -5.421959861359e-01, 8.170376546865e-05, 0.0000e+00, 0.0000e+00, 
 2DIAGNOSTIC,    13, -5.421958159014e-01, 5.968567527979e-05, 0.0000e+00, 0.0000e+00, 
 2DIAGNOSTIC,    14, -5.421956380989e-01, 4.269127674188e-05, 0.0000e+00, 0.0000e+00, 
 2DIAGNOSTIC,    15, -5.421950739686e-01, 3.204898294992e-05, 0.0000e+00, 0.0000e+00, 
 2DIAGNOSTIC,    16, -5.421948169815e-01, 2.028860851259e-05, 0.0000e+00, 0.0000e+00, 
 2DIAGNOSTIC,    17, -5.421948625157e-01, 9.310562923665e-06, 0.0000e+00, 0.0000e+00, 
 2DIAGNOSTIC,    18, -5.421948651877e-01, 1.586736860508e-06, 0.0000e+00, 0.0000e+00, 
 2DIAGNOSTIC,    19, -5.421947790304e-01, 1.562926895377e-06, 0.0000e+00, 0.0000e+00, 
 2DIAGNOSTIC,    20, -5.421947476979e-01, 1.501004843231e-06, 0.0000e+00, 0.0000e+00, 
 2DIAGNOSTIC,    21, -5.421946721286e-01, 1.438151571623e-06, 0.0000e+00, 0.0000e+00, 
 2DIAGNOSTIC,    22, -5.421945611692e-01, 1.386946235062e-06, 0.0000e+00, 0.0000e+00, 
 2DIAGNOSTIC,    23, -5.421948328321e-01, 1.347645033255e-06, 0.0000e+00, 0.0000e+00, 
 2DIAGNOSTIC,    24, -5.421947707121e-01, 1.309529116346e-06, 0.0000e+00, 0.0000e+00, 
 2DIAGNOSTIC,    25, -5.421947741456e-01, 1.264185252793e-06, 0.0000e+00, 0.0000e+00, 
 2DIAGNOSTIC,    26, -5.421947795306e-01, 1.217823740345e-06, 0.0000e+00, 0.0000e+00, 
 2DIAGNOSTIC,    27, -5.421947716709e-01, 1.175876964021e-06, 0.0000e+00, 0.0000e+00, 
 2DIAGNOSTIC,    28, -5.421947561180e-01, 1.136605096319e-06, 0.0000e+00, 0.0000e+00, 
 2DIAGNOSTIC,    29, -5.421947350004e-01, 1.097790514208e-06, 0.0000e+00, 0.0000e+00, 
 2DIAGNOSTIC,    30, -5.421947470931e-01, 1.061012858704e-06, 0.0000e+00, 0.0000e+00, 
 2DIAGNOSTIC,    31, -5.421947486411e-01, 1.025144718635e-06, 0.0000e+00, 0.0000e+00, 
  Elapsed time (stage 0): 0.0000e+00


Total elapsed time: 0.0000e+00
VFC_BACKENDS=libinterflop_vprec.so --range-binary32=7 --precision-binary32=19 --range-binary64=7 --precision-binary64=19
Info [verificarlo]: loaded backend libinterflop_vprec.so
Info [interflop-vprec]: load backend with: 
Info [interflop-vprec]: precision-binary32 = 19
Info [interflop-vprec]: range-binary32 = 7
Info [interflop-vprec]: precision-binary64 = 19
Info [interflop-vprec]: range-binary64 = 7
Info [interflop-vprec]: mode = ob
Info [interflop-vprec]: error-mode = rel
Info [interflop-vprec]: max-abs-error-exponent = -1022
Info [interflop-vprec]: daz = false
Info [interflop-vprec]: ftz = false
Info [interflop-vprec]: 	instrument = none
Info [interflop-vprec]: 	prec-input-file = (null)
Info [interflop-vprec]: 	prec-output-file = (null)
Info [interflop-vprec]: 	prec-log-file = (null)
All_Command_lines_OK
Using double precision for computations.
=============================================================================
The composite transform comprises the following transforms (in order): 
  1. /project/rrg-glatard/mdugre/datasets/corr/RawDataBIDS/BMB_1/derivatives/vprec-space_search/0011/r7-p19/sub-0003059/affine_Composite.h5[0] (type = Euler3DTransform)
  2. /project/rrg-glatard/mdugre/datasets/corr/RawDataBIDS/BMB_1/derivatives/vprec-space_search/0011/r7-p19/sub-0003059/affine_Composite.h5[1] (type = Euler3DTransform)
  3. /project/rrg-glatard/mdugre/datasets/corr/RawDataBIDS/BMB_1/derivatives/vprec-space_search/0011/r7-p19/sub-0003059/affine_Composite.h5[2] (type = Euler3DTransform)
  4. /project/rrg-glatard/mdugre/datasets/corr/RawDataBIDS/BMB_1/derivatives/vprec-space_search/0011/r7-p19/sub-0003059/affine_Composite.h5[3] (type = AffineTransform)
=============================================================================
  number of levels = 4
  fixed image: /templateflow/tpl-MNI152NLin2009cAsym/tpl-MNI152NLin2009cAsym_res-01_desc-brain_T1w.nii.gz
  moving image: /project/rrg-glatard/mdugre/datasets/corr/RawDataBIDS/BMB_1/derivatives/antsBrainExtraction/sub-0003059/BrainExtractionBrain.nii.gz
Dimension = 3
Number of stages = 1
Use histogram matching = false
Winsorize image intensities = true
  Lower quantile = 0.005
  Upper quantile = 0.995


Stage 1 State
   Image metric = CC
     Fixed image = Image (0x34894c0)
  RTTI typeinfo:   itk::Image<double, 3u>
  Reference Count: 2
  Modified Time: 1606
  Debug: Off
  Object Name: 
  Observers: 
    none
  Source: (none)
  Source output name: (none)
  Release Data: Off
  Data Released: False
  Global Release Data: Off
  PipelineMTime: 0
  UpdateMTime: 1217
  RealTimeStamp: 0 seconds 
  LargestPossibleRegion: 
    Dimension: 3
    Index: [0, 0, 0]
    Size: [193, 229, 193]
  BufferedRegion: 
    Dimension: 3
    Index: [0, 0, 0]
    Size: [193, 229, 193]
  RequestedRegion: 
    Dimension: 3
    Index: [0, 0, 0]
    Size: [193, 229, 193]
  Spacing: [1, 1, 1]
  Origin: [96, 132, -78]
  Direction: 
-1 0 0
0 -1 0
0 0 1

  IndexToPointMatrix: 
-1 0 0
0 -1 0
0 0 1

  PointToIndexMatrix: 
-1 0 0
0 -1 0
0 0 1

  Inverse Direction: 
-1 0 0
0 -1 0
0 0 1

  PixelContainer: 
    ImportImageContainer (0x3495750)
      RTTI typeinfo:   itk::ImportImageContainer<unsigned long, double>
      Reference Count: 1
      Modified Time: 1214
      Debug: Off
      Object Name: 
      Observers: 
        none
      Pointer: 0x14f5359a3010
      Container manages memory: true
      Size: 8530021
      Capacity: 8530021

     Moving image = Image (0x3543f40)
  RTTI typeinfo:   itk::Image<double, 3u>
  Reference Count: 2
  Modified Time: 1607
  Debug: Off
  Object Name: 
  Observers: 
    none
  Source: (none)
  Source output name: (none)
  Release Data: Off
  Data Released: False
  Global Release Data: Off
  PipelineMTime: 0
  UpdateMTime: 1604
  RealTimeStamp: 0 seconds 
  LargestPossibleRegion: 
    Dimension: 3
    Index: [0, 0, 0]
    Size: [176, 256, 256]
  BufferedRegion: 
    Dimension: 3
    Index: [0, 0, 0]
    Size: [176, 256, 256]
  RequestedRegion: 
    Dimension: 3
    Index: [0, 0, 0]
    Size: [176, 256, 256]
  Spacing: [1, 1, 1]
  Origin: [-86.8362, 96.2771, -119.914]
  Direction: 
1 0 0
0 -1 0
0 0 1

  IndexToPointMatrix: 
1 0 0
0 -1 0
0 0 1

  PointToIndexMatrix: 
1 0 0
0 -1 0
0 0 1

  Inverse Direction: 
1 0 0
0 -1 0
0 0 1

  PixelContainer: 
    ImportImageContainer (0x34f9c10)
      RTTI typeinfo:   itk::ImportImageContainer<unsigned long, double>
      Reference Count: 1
      Modified Time: 1601
      Debug: Off
      Object Name: 
      Observers: 
        none
      Pointer: 0x14f5301a2010
      Container manages memory: true
      Size: 11534336
      Capacity: 11534336

     Weighting = 1
     Sampling strategy = none
     Number of bins = 32
     Radius = 4
     Sampling percentage  = 1
   Transform = SyN
     Gradient step = 0.1
     Update field sigma (voxel space) = 3
     Total field sigma (voxel space) = 0
     Update field time sigma = 0
     Total field time sigma  = 0
     Number of time indices = 0
     Number of time point samples = 0
Registration using 1 total stages.

Stage 0
  iterations = 100x70x50x20
  convergence threshold = 1e-06
  convergence window size = 10
  number of levels = 4
  using the CC metric (radius = 4, weight = 1, use gradient filter = 0)
  preprocessing:  winsorizing the image intensities
  Shrink factors (level 1 out of 4): [8, 8, 8]
  Shrink factors (level 2 out of 4): [4, 4, 4]
  Shrink factors (level 3 out of 4): [2, 2, 2]
  Shrink factors (level 4 out of 4): [1, 1, 1]
  smoothing sigmas per level: [3, 2, 1, 0]
  Using default NONE metricSamplingStrategy 

*** Running SyN registration (varianceForUpdateField = 3, varianceForTotalField = 0) ***

XXDIAGNOSTIC,Iteration,metricValue,convergenceValue,ITERATION_TIME_INDEX,SINCE_LAST
 1DIAGNOSTIC,     1, -9.187192916870e-01, 1.797693134862e+308, 0.0000e+00, 0.0000e+00, 
 1DIAGNOSTIC,     2, -9.266052246094e-01, 1.797693134862e+308, 0.0000e+00, 0.0000e+00, 
 1DIAGNOSTIC,     3, -9.341859817505e-01, 1.797693134862e+308, 0.0000e+00, 0.0000e+00, 
 1DIAGNOSTIC,     4, -9.397735595703e-01, 1.797693134862e+308, 0.0000e+00, 0.0000e+00, 
 1DIAGNOSTIC,     5, -9.436550140381e-01, 1.797693134862e+308, 0.0000e+00, 0.0000e+00, 
 1DIAGNOSTIC,     6, -9.463205337524e-01, 1.797693134862e+308, 0.0000e+00, 0.0000e+00, 
 1DIAGNOSTIC,     7, -9.494495391846e-01, 1.797693134862e+308, 0.0000e+00, 0.0000e+00, 
 1DIAGNOSTIC,     8, -9.526185989380e-01, 1.797693134862e+308, 0.0000e+00, 0.0000e+00, 
 1DIAGNOSTIC,     9, -9.555740356445e-01, 1.797693134862e+308, 0.0000e+00, 0.0000e+00, 
 1DIAGNOSTIC,    10, -9.572191238403e-01, 2.467254824422e-03, 0.0000e+00, 0.0000e+00, 
 1DIAGNOSTIC,    11, -9.577255249023e-01, 1.838093082414e-03, 0.0000e+00, 0.0000e+00, 
 1DIAGNOSTIC,    12, -9.587802886963e-01, 1.372112362608e-03, 0.0000e+00, 0.0000e+00, 
 1DIAGNOSTIC,    13, -9.592266082764e-01, 1.037402999761e-03, 0.0000e+00, 0.0000e+00, 
 1DIAGNOSTIC,    14, -9.600877761841e-01, 7.935075751974e-04, 0.0000e+00, 0.0000e+00, 
 1DIAGNOSTIC,    15, -9.605274200439e-01, 5.961275434209e-04, 0.0000e+00, 0.0000e+00, 
 1DIAGNOSTIC,    16, -9.611635208130e-01, 4.307751921414e-04, 0.0000e+00, 0.0000e+00, 
 1DIAGNOSTIC,    17, -9.614591598511e-01, 3.051025913915e-04, 0.0000e+00, 0.0000e+00, 
 1DIAGNOSTIC,    18, -9.620218276978e-01, 2.264847097919e-04, 0.0000e+00, 0.0000e+00, 
 1DIAGNOSTIC,    19, -9.622325897217e-01, 1.845444200279e-04, 0.0000e+00, 0.0000e+00, 
 1DIAGNOSTIC,    20, -9.626274108887e-01, 1.602968141443e-04, 0.0000e+00, 0.0000e+00, 
 1DIAGNOSTIC,    21, -9.627771377563e-01, 1.325956372966e-04, 0.0000e+00, 0.0000e+00, 
 1DIAGNOSTIC,    22, -9.630584716797e-01, 1.133162948225e-04, 0.0000e+00, 0.0000e+00, 
 1DIAGNOSTIC,    23, -9.631586074829e-01, 9.209330112878e-05, 0.0000e+00, 0.0000e+00, 
 1DIAGNOSTIC,    24, -9.634046554565e-01, 7.785642051586e-05, 0.0000e+00, 0.0000e+00, 
 1DIAGNOSTIC,    25, -9.635028839111e-01, 6.382191942930e-05, 0.0000e+00, 0.0000e+00, 
 1DIAGNOSTIC,    26, -9.637126922607e-01, 5.467003664054e-05, 0.0000e+00, 0.0000e+00, 
 1DIAGNOSTIC,    27, -9.637699127197e-01, 4.491146616279e-05, 0.0000e+00, 0.0000e+00, 
 1DIAGNOSTIC,    28, -9.639348983765e-01, 3.946783282097e-05, 0.0000e+00, 0.0000e+00, 
 1DIAGNOSTIC,    29, -9.639739990234e-01, 3.324125079005e-05, 0.0000e+00, 0.0000e+00, 
 1DIAGNOSTIC,    30, -9.641141891479e-01, 2.969165918369e-05, 0.0000e+00, 0.0000e+00, 
 1DIAGNOSTIC,    31, -9.641389846802e-01, 2.526325527948e-05, 0.0000e+00, 0.0000e+00, 
 1DIAGNOSTIC,    32, -9.642629623413e-01, 2.259236685713e-05, 0.0000e+00, 0.0000e+00, 
 1DIAGNOSTIC,    33, -9.642772674561e-01, 1.900875528851e-05, 0.0000e+00, 0.0000e+00, 
 1DIAGNOSTIC,    34, -9.643917083740e-01, 1.707847932753e-05, 0.0000e+00, 0.0000e+00, 
 1DIAGNOSTIC,    35, -9.643907546997e-01, 1.449828448384e-05, 0.0000e+00, 0.0000e+00, 
 1DIAGNOSTIC,    36, -9.645032882690e-01, 1.344008503609e-05, 0.0000e+00, 0.0000e+00, 
 1DIAGNOSTIC,    37, -9.645032882690e-01, 1.165964404011e-05, 0.0000e+00, 0.0000e+00, 
 1DIAGNOSTIC,    38, -9.646005630493e-01, 1.100357253112e-05, 0.0000e+00, 0.0000e+00, 
 1DIAGNOSTIC,    39, -9.645938873291e-01, 9.624593504860e-06, 0.0000e+00, 0.0000e+00, 
 1DIAGNOSTIC,    40, -9.646949768066e-01, 9.276845007733e-06, 0.0000e+00, 0.0000e+00, 
 1DIAGNOSTIC,    41, -9.646825790405e-01, 8.192296420115e-06, 0.0000e+00, 0.0000e+00, 
 1DIAGNOSTIC,    42, -9.647836685181e-01, 8.053132589846e-06, 0.0000e+00, 0.0000e+00, 
 1DIAGNOSTIC,    43, -9.647645950317e-01, 7.160193120612e-06, 0.0000e+00, 0.0000e+00, 
 1DIAGNOSTIC,    44, -9.648637771606e-01, 7.150077209864e-06, 0.0000e+00, 0.0000e+00, 
 1DIAGNOSTIC,    45, -9.648399353027e-01, 6.331809551188e-06, 0.0000e+00, 0.0000e+00, 
 1DIAGNOSTIC,    46, -9.649534225464e-01, 6.481474438554e-06, 0.0000e+00, 0.0000e+00, 
 1DIAGNOSTIC,    47, -9.649229049683e-01, 5.848524300286e-06, 0.0000e+00, 0.0000e+00, 
 1DIAGNOSTIC,    48, -9.650192260742e-01, 5.958660962126e-06, 0.0000e+00, 0.0000e+00, 
 1DIAGNOSTIC,    49, -9.649848937988e-01, 5.283829947932e-06, 0.0000e+00, 0.0000e+00, 
 1DIAGNOSTIC,    50, -9.650831222534e-01, 5.388187844027e-06, 0.0000e+00, 0.0000e+00, 
 1DIAGNOSTIC,    51, -9.650449752808e-01, 4.711076132605e-06, 0.0000e+00, 0.0000e+00, 
 1DIAGNOSTIC,    52, -9.651288986206e-01, 4.738174461102e-06, 0.0000e+00, 0.0000e+00, 
 1DIAGNOSTIC,    53, -9.650869369507e-01, 4.005473151245e-06, 0.0000e+00, 0.0000e+00, 
 1DIAGNOSTIC,    54, -9.651823043823e-01, 4.056775304479e-06, 0.0000e+00, 0.0000e+00, 
 1DIAGNOSTIC,    55, -9.651365280151e-01, 3.370018116500e-06, 0.0000e+00, 0.0000e+00, 
 1DIAGNOSTIC,    56, -9.652328491211e-01, 3.566269540099e-06, 0.0000e+00, 0.0000e+00, 
 1DIAGNOSTIC,    57, -9.651832580566e-01, 3.028502863465e-06, 0.0000e+00, 0.0000e+00, 
 1DIAGNOSTIC,    58, -9.652805328369e-01, 3.277651390979e-06, 0.0000e+00, 0.0000e+00, 
 1DIAGNOSTIC,    59, -9.652252197266e-01, 2.781221529812e-06, 0.0000e+00, 0.0000e+00, 
 1DIAGNOSTIC,    60, -9.653224945068e-01, 3.067247146851e-06, 0.0000e+00, 0.0000e+00, 
 1DIAGNOSTIC,    61, -9.652643203735e-01, 2.610814857043e-06, 0.0000e+00, 0.0000e+00, 
 1DIAGNOSTIC,    62, -9.653625488281e-01, 2.855120844004e-06, 0.0000e+00, 0.0000e+00, 
 1DIAGNOSTIC,    63, -9.653005599976e-01, 2.355120097455e-06, 0.0000e+00, 0.0000e+00, 
 1DIAGNOSTIC,    64, -9.654016494751e-01, 2.618998194863e-06, 0.0000e+00, 0.0000e+00, 
 1DIAGNOSTIC,    65, -9.653367996216e-01, 2.144071741410e-06, 0.0000e+00, 0.0000e+00, 
 1DIAGNOSTIC,    66, -9.654397964478e-01, 2.435706119130e-06, 0.0000e+00, 0.0000e+00, 
 1DIAGNOSTIC,    67, -9.653730392456e-01, 1.994004632480e-06, 0.0000e+00, 0.0000e+00, 
 1DIAGNOSTIC,    68, -9.654788970947e-01, 2.320950161054e-06, 0.0000e+00, 0.0000e+00, 
 1DIAGNOSTIC,    69, -9.654092788696e-01, 1.901723690141e-06, 0.0000e+00, 0.0000e+00, 
 1DIAGNOSTIC,    70, -9.655170440674e-01, 2.240413149267e-06, 0.0000e+00, 0.0000e+00, 
 1DIAGNOSTIC,    71, -9.654445648193e-01, 1.830876931910e-06, 0.0000e+00, 0.0000e+00, 
 1DIAGNOSTIC,    72, -9.655551910400e-01, 2.175844172697e-06, 0.0000e+00, 0.0000e+00, 
 1DIAGNOSTIC,    73, -9.654798507690e-01, 1.765349507861e-06, 0.0000e+00, 0.0000e+00, 
 1DIAGNOSTIC,    74, -9.655914306641e-01, 2.106299745416e-06, 0.0000e+00, 0.0000e+00, 
 1DIAGNOSTIC,    75, -9.655151367188e-01, 1.697881322617e-06, 0.0000e+00, 0.0000e+00, 
 1DIAGNOSTIC,    76, -9.656257629395e-01, 2.026902559600e-06, 0.0000e+00, 0.0000e+00, 
 1DIAGNOSTIC,    77, -9.655475616455e-01, 1.613751219721e-06, 0.0000e+00, 0.0000e+00, 
 1DIAGNOSTIC,    78, -9.656581878662e-01, 1.934315447693e-06, 0.0000e+00, 0.0000e+00, 
 1DIAGNOSTIC,    79, -9.655780792236e-01, 1.517542185579e-06, 0.0000e+00, 0.0000e+00, 
 1DIAGNOSTIC,    80, -9.656906127930e-01, 1.835983697815e-06, 0.0000e+00, 0.0000e+00, 
 1DIAGNOSTIC,    81, -9.656085968018e-01, 1.422279074872e-06, 0.0000e+00, 0.0000e+00, 
 1DIAGNOSTIC,    82, -9.657211303711e-01, 1.742165825880e-06, 0.0000e+00, 0.0000e+00, 
 1DIAGNOSTIC,    83, -9.656381607056e-01, 1.338611867808e-06, 0.0000e+00, 0.0000e+00, 
 1DIAGNOSTIC,    84, -9.657526016235e-01, 1.665715235044e-06, 0.0000e+00, 0.0000e+00, 
 1DIAGNOSTIC,    85, -9.656677246094e-01, 1.279441373713e-06, 0.0000e+00, 0.0000e+00, 
 1DIAGNOSTIC,    86, -9.657821655273e-01, 1.606127064438e-06, 0.0000e+00, 0.0000e+00, 
 1DIAGNOSTIC,    87, -9.656963348389e-01, 1.228287329770e-06, 0.0000e+00, 0.0000e+00, 
 1DIAGNOSTIC,    88, -9.658107757568e-01, 1.549211598922e-06, 0.0000e+00, 0.0000e+00, 
 1DIAGNOSTIC,    89, -9.657239913940e-01, 1.173731531025e-06, 0.0000e+00, 0.0000e+00, 
 1DIAGNOSTIC,    90, -9.658393859863e-01, 1.493611828126e-06, 0.0000e+00, 0.0000e+00, 
 1DIAGNOSTIC,    91, -9.657516479492e-01, 1.125196935780e-06, 0.0000e+00, 0.0000e+00, 
 1DIAGNOSTIC,    92, -9.658679962158e-01, 1.442254151954e-06, 0.0000e+00, 0.0000e+00, 
 1DIAGNOSTIC,    93, -9.657783508301e-01, 1.078367310061e-06, 0.0000e+00, 0.0000e+00, 
 1DIAGNOSTIC,    94, -9.658946990967e-01, 1.393712231805e-06, 0.0000e+00, 0.0000e+00, 
 1DIAGNOSTIC,    95, -9.658050537109e-01, 1.038240056300e-06, 0.0000e+00, 0.0000e+00, 
 1DIAGNOSTIC,    96, -9.659204483032e-01, 1.346332562964e-06, 0.0000e+00, 0.0000e+00, 
 1DIAGNOSTIC,    97, -9.658288955688e-01, 9.907750544939e-07, 0.0000e+00, 0.0000e+00, 
XXDIAGNOSTIC,Iteration,metricValue,convergenceValue,ITERATION_TIME_INDEX,SINCE_LAST
 1DIAGNOSTIC,     1, -9.037580490112e-01, 1.797693134862e+308, 0.0000e+00, 0.0000e+00, 
 1DIAGNOSTIC,     2, -9.067020416260e-01, 1.797693134862e+308, 0.0000e+00, 0.0000e+00, 
 1DIAGNOSTIC,     3, -9.106216430664e-01, 1.797693134862e+308, 0.0000e+00, 0.0000e+00, 
 1DIAGNOSTIC,     4, -9.141864776611e-01, 1.797693134862e+308, 0.0000e+00, 0.0000e+00, 
 1DIAGNOSTIC,     5, -9.173564910889e-01, 1.797693134862e+308, 0.0000e+00, 0.0000e+00, 
 1DIAGNOSTIC,     6, -9.199857711792e-01, 1.797693134862e+308, 0.0000e+00, 0.0000e+00, 
 1DIAGNOSTIC,     7, -9.221630096436e-01, 1.797693134862e+308, 0.0000e+00, 0.0000e+00, 
 1DIAGNOSTIC,     8, -9.241380691528e-01, 1.797693134862e+308, 0.0000e+00, 0.0000e+00, 
 1DIAGNOSTIC,     9, -9.259071350098e-01, 1.797693134862e+308, 0.0000e+00, 0.0000e+00, 
 1DIAGNOSTIC,    10, -9.275331497192e-01, 1.682621000412e-03, 0.0000e+00, 0.0000e+00, 
 1DIAGNOSTIC,    11, -9.290647506714e-01, 1.378486822337e-03, 0.0000e+00, 0.0000e+00, 
 1DIAGNOSTIC,    12, -9.305505752563e-01, 1.114622358270e-03, 0.0000e+00, 0.0000e+00, 
 1DIAGNOSTIC,    13, -9.320182800293e-01, 9.177962698888e-04, 2.0480e+03, 2.0480e+03, 
 1DIAGNOSTIC,    14, -9.331150054932e-01, 7.675669509531e-04, 2.0480e+03, 0.0000e+00, 
 1DIAGNOSTIC,    15, -9.343214035034e-01, 6.567305184490e-04, 2.0480e+03, 0.0000e+00, 
 1DIAGNOSTIC,    16, -9.353523254395e-01, 5.694940713472e-04, 2.0480e+03, 0.0000e+00, 
 1DIAGNOSTIC,    17, -9.362449645996e-01, 4.952206528032e-04, 2.0480e+03, 0.0000e+00, 
 1DIAGNOSTIC,    18, -9.370431900024e-01, 4.305319866999e-04, 2.0480e+03, 0.0000e+00, 
 1DIAGNOSTIC,    19, -9.379673004150e-01, 3.761157824281e-04, 2.0480e+03, 0.0000e+00, 
 1DIAGNOSTIC,    20, -9.385499954224e-01, 3.258336974230e-04, 2.0480e+03, 0.0000e+00, 
 1DIAGNOSTIC,    21, -9.390783309937e-01, 2.799404797162e-04, 2.0480e+03, 0.0000e+00, 
 1DIAGNOSTIC,    22, -9.395456314087e-01, 2.391700764714e-04, 2.0480e+03, 0.0000e+00, 
 1DIAGNOSTIC,    23, -9.399614334106e-01, 2.046114377697e-04, 2.0480e+03, 0.0000e+00, 
 1DIAGNOSTIC,    24, -9.403295516968e-01, 1.722854931257e-04, 2.0480e+03, 0.0000e+00, 
 1DIAGNOSTIC,    25, -9.406576156616e-01, 1.450847439097e-04, 2.0480e+03, 0.0000e+00, 
 1DIAGNOSTIC,    26, -9.409580230713e-01, 1.220055889708e-04, 2.0480e+03, 0.0000e+00, 
 1DIAGNOSTIC,    27, -9.411916732788e-01, 1.019002214300e-04, 2.0480e+03, 0.0000e+00, 
 1DIAGNOSTIC,    28, -9.414443969727e-01, 8.501855570767e-05, 2.0480e+03, 0.0000e+00, 
 1DIAGNOSTIC,    29, -9.417600631714e-01, 7.433722907330e-05, 2.0480e+03, 0.0000e+00, 
 1DIAGNOSTIC,    30, -9.419345855713e-01, 6.502972932725e-05, 2.0480e+03, 0.0000e+00, 
 1DIAGNOSTIC,    31, -9.418954849243e-01, 5.502940526815e-05, 2.0480e+03, 0.0000e+00, 
 1DIAGNOSTIC,    32, -9.418783187866e-01, 4.484054915607e-05, 2.0480e+03, 0.0000e+00, 
 1DIAGNOSTIC,    33, -9.417057037354e-01, 3.331945518663e-05, 2.0480e+03, 0.0000e+00, 
 1DIAGNOSTIC,    34, -9.416713714600e-01, 2.236335061973e-05, 2.0480e+03, 0.0000e+00, 
 1DIAGNOSTIC,    35, -9.415168762207e-01, 1.145531381258e-05, 2.0480e+03, 0.0000e+00, 
 1DIAGNOSTIC,    36, -9.415082931519e-01, 2.650730396844e-06, 2.0480e+03, 0.0000e+00, 
 1DIAGNOSTIC,    37, -9.414443969727e-01, -4.457073766423e-06, 2.0480e+03, 0.0000e+00, 
XXDIAGNOSTIC,Iteration,metricValue,convergenceValue,ITERATION_TIME_INDEX,SINCE_LAST
 1DIAGNOSTIC,     1, -8.945007324219e-01, 1.797693134862e+308, 2.0480e+03, 0.0000e+00, 
 1DIAGNOSTIC,     2, -8.962287902832e-01, 1.797693134862e+308, 2.0480e+03, 0.0000e+00, 
 1DIAGNOSTIC,     3, -8.985834121704e-01, 1.797693134862e+308, 2.0480e+03, 0.0000e+00, 
 1DIAGNOSTIC,     4, -9.008655548096e-01, 1.797693134862e+308, 2.0480e+03, 0.0000e+00, 
 1DIAGNOSTIC,     5, -9.030113220215e-01, 1.797693134862e+308, 2.0480e+03, 0.0000e+00, 
 1DIAGNOSTIC,     6, -9.050064086914e-01, 1.797693134862e+308, 2.0480e+03, 0.0000e+00, 
 1DIAGNOSTIC,     7, -9.068813323975e-01, 1.797693134862e+308, 2.0480e+03, 0.0000e+00, 
 1DIAGNOSTIC,     8, -9.085092544556e-01, 1.797693134862e+308, 2.0480e+03, 0.0000e+00, 
 1DIAGNOSTIC,     9, -9.100151062012e-01, 1.797693134862e+308, 2.0480e+03, 0.0000e+00, 
 1DIAGNOSTIC,    10, -9.114208221436e-01, 1.232209442613e-03, 2.0480e+03, 0.0000e+00, 
 1DIAGNOSTIC,    11, -9.127435684204e-01, 1.060845980677e-03, 2.0480e+03, 0.0000e+00, 
 1DIAGNOSTIC,    12, -9.138154983521e-01, 8.954641514677e-04, 2.0480e+03, 0.0000e+00, 
 1DIAGNOSTIC,    13, -9.149961471558e-01, 7.595064305625e-04, 2.0480e+03, 0.0000e+00, 
 1DIAGNOSTIC,    14, -9.159240722656e-01, 6.453144181533e-04, 2.0480e+03, 0.0000e+00, 
 1DIAGNOSTIC,    15, -9.167785644531e-01, 5.496761230116e-04, 2.0480e+03, 0.0000e+00, 
 1DIAGNOSTIC,    16, -9.175701141357e-01, 4.697386536879e-04, 2.0480e+03, 0.0000e+00, 
 1DIAGNOSTIC,    17, -9.183130264282e-01, 4.038616921536e-04, 2.0480e+03, 0.0000e+00, 
 1DIAGNOSTIC,    18, -9.189939498901e-01, 3.478331876180e-04, 2.0480e+03, 0.0000e+00, 
 1DIAGNOSTIC,    19, -9.196147918701e-01, 3.002172076272e-04, 2.0480e+03, 0.0000e+00, 
 1DIAGNOSTIC,    20, -9.201803207397e-01, 2.600793380081e-04, 4.0960e+03, 2.0480e+03, 
 1DIAGNOSTIC,    21, -9.207057952881e-01, 2.269256794407e-04, 4.0960e+03, 0.0000e+00, 
 1DIAGNOSTIC,    22, -9.211959838867e-01, 1.975728596682e-04, 4.0960e+03, 0.0000e+00, 
 1DIAGNOSTIC,    23, -9.216566085815e-01, 1.744519520371e-04, 4.0960e+03, 0.0000e+00, 
 1DIAGNOSTIC,    24, -9.220905303955e-01, 1.545251613170e-04, 4.0960e+03, 0.0000e+00, 
 1DIAGNOSTIC,    25, -9.225044250488e-01, 1.374394838316e-04, 4.0960e+03, 0.0000e+00, 
 1DIAGNOSTIC,    26, -9.229049682617e-01, 1.229753179809e-04, 4.0960e+03, 0.0000e+00, 
 1DIAGNOSTIC,    27, -9.232873916626e-01, 1.109366188665e-04, 4.0960e+03, 0.0000e+00, 
 1DIAGNOSTIC,    28, -9.236574172974e-01, 1.009488585125e-04, 4.0960e+03, 0.0000e+00, 
 1DIAGNOSTIC,    29, -9.239997863770e-01, 9.243380951807e-05, 4.0960e+03, 0.0000e+00, 
 1DIAGNOSTIC,    30, -9.243192672729e-01, 8.491618845504e-05, 4.0960e+03, 0.0000e+00, 
 1DIAGNOSTIC,    31, -9.246196746826e-01, 7.812986969407e-05, 4.0960e+03, 0.0000e+00, 
 1DIAGNOSTIC,    32, -9.249067306519e-01, 7.191836969227e-05, 4.0960e+03, 0.0000e+00, 
 1DIAGNOSTIC,    33, -9.251785278320e-01, 6.616672726532e-05, 4.0960e+03, 0.0000e+00, 
 1DIAGNOSTIC,    34, -9.254350662231e-01, 6.079409134608e-05, 4.0960e+03, 0.0000e+00, 
 1DIAGNOSTIC,    35, -9.256734848022e-01, 5.575808019792e-05, 4.0960e+03, 0.0000e+00, 
 1DIAGNOSTIC,    36, -9.258928298950e-01, 5.106697132272e-05, 4.0960e+03, 0.0000e+00, 
 1DIAGNOSTIC,    37, -9.260997772217e-01, 4.673494100023e-05, 4.0960e+03, 0.0000e+00, 
 1DIAGNOSTIC,    38, -9.262924194336e-01, 4.279854336851e-05, 4.0960e+03, 0.0000e+00, 
 1DIAGNOSTIC,    39, -9.264783859253e-01, 3.921521961536e-05, 4.0960e+03, 0.0000e+00, 
 1DIAGNOSTIC,    40, -9.266519546509e-01, 3.592389714117e-05, 4.0960e+03, 0.0000e+00, 
 1DIAGNOSTIC,    41, -9.268178939819e-01, 3.292404124851e-05, 4.0960e+03, 0.0000e+00, 
 1DIAGNOSTIC,    42, -9.269742965698e-01, 3.022964523542e-05, 6.1440e+03, 2.0480e+03, 
 1DIAGNOSTIC,    43, -9.271240234375e-01, 2.784445219391e-05, 6.1440e+03, 0.0000e+00, 
 1DIAGNOSTIC,    44, -9.272708892822e-01, 2.578159217481e-05, 6.1440e+03, 0.0000e+00, 
 1DIAGNOSTIC,    45, -9.274120330811e-01, 2.399343843966e-05, 6.1440e+03, 0.0000e+00, 
 1DIAGNOSTIC,    46, -9.275455474854e-01, 2.240008314168e-05, 6.1440e+03, 0.0000e+00, 
 1DIAGNOSTIC,    47, -9.276704788208e-01, 2.095592092689e-05, 6.1440e+03, 0.0000e+00, 
 1DIAGNOSTIC,    48, -9.277896881104e-01, 1.961560158222e-05, 6.1440e+03, 0.0000e+00, 
 1DIAGNOSTIC,    49, -9.279022216797e-01, 1.837551824891e-05, 6.1440e+03, 0.0000e+00, 
 1DIAGNOSTIC,    50, -9.280099868774e-01, 1.720428508272e-05, 6.1440e+03, 0.0000e+00, 
XXDIAGNOSTIC,Iteration,metricValue,convergenceValue,ITERATION_TIME_INDEX,SINCE_LAST
 1DIAGNOSTIC,     1, -8.855056762695e-01, 1.797693134862e+308, 6.1440e+03, 0.0000e+00, 
 1DIAGNOSTIC,     2, -8.864192962646e-01, 1.797693134862e+308, 8.1920e+03, 2.0480e+03, 
 1DIAGNOSTIC,     3, -8.879804611206e-01, 1.797693134862e+308, 8.1920e+03, 0.0000e+00, 
 1DIAGNOSTIC,     4, -8.896865844727e-01, 1.797693134862e+308, 1.0240e+04, 2.0480e+03, 
 1DIAGNOSTIC,     5, -8.912715911865e-01, 1.797693134862e+308, 1.0240e+04, 0.0000e+00, 
 1DIAGNOSTIC,     6, -8.928756713867e-01, 1.797693134862e+308, 1.0240e+04, 0.0000e+00, 
 1DIAGNOSTIC,     7, -8.944025039673e-01, 1.797693134862e+308, 1.2288e+04, 2.0480e+03, 
 1DIAGNOSTIC,     8, -8.958148956299e-01, 1.797693134862e+308, 1.2288e+04, 0.0000e+00, 
 1DIAGNOSTIC,     9, -8.971490859985e-01, 1.797693134862e+308, 1.4336e+04, 2.0480e+03, 
 1DIAGNOSTIC,    10, -8.983716964722e-01, 9.656850664218e-04, 1.4336e+04, 0.0000e+00, 
 1DIAGNOSTIC,    11, -8.994159698486e-01, 8.621923523219e-04, 1.6384e+04, 2.0480e+03, 
 1DIAGNOSTIC,    12, -9.003896713257e-01, 7.482810107736e-04, 1.6384e+04, 0.0000e+00, 
 1DIAGNOSTIC,    13, -9.011659622192e-01, 6.410495355197e-04, 1.6384e+04, 0.0000e+00, 
 1DIAGNOSTIC,    14, -9.020929336548e-01, 5.503927264967e-04, 1.8432e+04, 2.0480e+03, 
 1DIAGNOSTIC,    15, -9.028310775757e-01, 4.703154830129e-04, 1.8432e+04, 0.0000e+00, 
 1DIAGNOSTIC,    16, -9.036445617676e-01, 4.047915784172e-04, 2.0480e+04, 2.0480e+03, 
 1DIAGNOSTIC,    17, -9.043121337891e-01, 3.504030126752e-04, 2.0480e+04, 0.0000e+00, 
 1DIAGNOSTIC,    18, -9.049873352051e-01, 3.062597023995e-04, 2.2528e+04, 2.0480e+03, 
 1DIAGNOSTIC,    19, -9.055261611938e-01, 2.693954888897e-04, 2.2528e+04, 0.0000e+00, 
 1DIAGNOSTIC,    20, -9.060440063477e-01, 2.386051914802e-04, 2.2528e+04, 0.0000e+00, 
  Elapsed time (stage 0): 22528


Total elapsed time: 22528
