
##########################
# Experiment information #
##########################
SIF_IMG: /project/rrg-glatard/mdugre/containers/ants-p2-vprec.sif
EXPERIMENT_NAME: vprec-space_search
CONFIG: 0001
VFC_BACKENDS: libinterflop_vprec.so --range-binary32=8 --precision-binary32=23 --range-binary64=8 --precision-binary64=23

FIXED_IMG: /templateflow/tpl-MNI152NLin2009cAsym/tpl-MNI152NLin2009cAsym_res-01_desc-brain_T1w.nii.gz
SUBJECT_ID: 0003054
INPUT_IMG: /project/rrg-glatard/mdugre/datasets/corr/RawDataBIDS/BMB_1/derivatives/antsBrainExtraction/sub-0003054/BrainExtractionBrain.nii.gz
OUTPUT_DIR: /project/rrg-glatard/mdugre/datasets/corr/RawDataBIDS/BMB_1/derivatives/vprec-space_search/0001/r8-p23/sub-0003054

ITK_GLOBAL_DEFAULT_NUMBER_OF_THREADS: 8
##########################

VFC_BACKENDS=libinterflop_ieee.so
Info [verificarlo]: loaded backend libinterflop_ieee.so
Info [interflop-ieee]: load backend with:
Info [interflop-ieee]: debug = false
Info [interflop-ieee]: debug-binary = false
Info [interflop-ieee]: no-backend-name = false
Info [interflop-ieee]: print-new-line = false
Info [interflop-ieee]: print-subnormal-normalized = false
Info [interflop-ieee]: count-op = false
All_Command_lines_OK
Using double precision for computations.
=============================================================================
The composite transform comprises the following transforms (in order): 
  1. Center of mass alignment using fixed image: /templateflow/tpl-MNI152NLin2009cAsym/tpl-MNI152NLin2009cAsym_res-01_desc-brain_T1w.nii.gz and moving image: /project/rrg-glatard/mdugre/datasets/corr/RawDataBIDS/BMB_1/derivatives/antsBrainExtraction/sub-0003054/BrainExtractionBrain.nii.gz (type = Euler3DTransform)
=============================================================================
  number of levels = 1
  fixed image: /templateflow/tpl-MNI152NLin2009cAsym/tpl-MNI152NLin2009cAsym_res-01_desc-brain_T1w.nii.gz
  moving image: /project/rrg-glatard/mdugre/datasets/corr/RawDataBIDS/BMB_1/derivatives/antsBrainExtraction/sub-0003054/BrainExtractionBrain.nii.gz
Dimension = 3
Number of stages = 1
Use histogram matching = false
Winsorize image intensities = true
  Lower quantile = 0.005
  Upper quantile = 0.995


Stage 1 State
   Image metric = MattesMI
     Fixed image = Image (0x5125390)
  RTTI typeinfo:   itk::Image<double, 3u>
  Reference Count: 2
  Modified Time: 2330
  Debug: Off
  Object Name: 
  Observers: 
    none
  Source: (none)
  Source output name: (none)
  Release Data: Off
  Data Released: False
  Global Release Data: Off
  PipelineMTime: 0
  UpdateMTime: 1941
  RealTimeStamp: 0 seconds 
  LargestPossibleRegion: 
    Dimension: 3
    Index: [0, 0, 0]
    Size: [193, 229, 193]
  BufferedRegion: 
    Dimension: 3
    Index: [0, 0, 0]
    Size: [193, 229, 193]
  RequestedRegion: 
    Dimension: 3
    Index: [0, 0, 0]
    Size: [193, 229, 193]
  Spacing: [1, 1, 1]
  Origin: [96, 132, -78]
  Direction: 
-1 0 0
0 -1 0
0 0 1

  IndexToPointMatrix: 
-1 0 0
0 -1 0
0 0 1

  PointToIndexMatrix: 
-1 0 0
0 -1 0
0 0 1

  Inverse Direction: 
-1 0 0
0 -1 0
0 0 1

  PixelContainer: 
    ImportImageContainer (0x51f0a90)
      RTTI typeinfo:   itk::ImportImageContainer<unsigned long, double>
      Reference Count: 1
      Modified Time: 1938
      Debug: Off
      Object Name: 
      Observers: 
        none
      Pointer: 0x147b17a4e010
      Container manages memory: true
      Size: 8530021
      Capacity: 8530021

     Moving image = Image (0x512a390)
  RTTI typeinfo:   itk::Image<double, 3u>
  Reference Count: 2
  Modified Time: 2331
  Debug: Off
  Object Name: 
  Observers: 
    none
  Source: (none)
  Source output name: (none)
  Release Data: Off
  Data Released: False
  Global Release Data: Off
  PipelineMTime: 0
  UpdateMTime: 2328
  RealTimeStamp: 0 seconds 
  LargestPossibleRegion: 
    Dimension: 3
    Index: [0, 0, 0]
    Size: [176, 256, 256]
  BufferedRegion: 
    Dimension: 3
    Index: [0, 0, 0]
    Size: [176, 256, 256]
  RequestedRegion: 
    Dimension: 3
    Index: [0, 0, 0]
    Size: [176, 256, 256]
  Spacing: [1, 1, 1]
  Origin: [-92.285, 99.2892, -131.201]
  Direction: 
1 0 0
0 -1 0
0 0 1

  IndexToPointMatrix: 
1 0 0
0 -1 0
0 0 1

  PointToIndexMatrix: 
1 0 0
0 -1 0
0 0 1

  Inverse Direction: 
1 0 0
0 -1 0
0 0 1

  PixelContainer: 
    ImportImageContainer (0x52d0b90)
      RTTI typeinfo:   itk::ImportImageContainer<unsigned long, double>
      Reference Count: 1
      Modified Time: 2325
      Debug: Off
      Object Name: 
      Observers: 
        none
      Pointer: 0x147b1224d010
      Container manages memory: true
      Size: 11534336
      Capacity: 11534336

     Weighting = 1
     Sampling strategy = regular
     Number of bins = 32
     Radius = 4
     Sampling percentage  = 0.25
   Transform = Rigid
     Gradient step = 0.1
     Update field sigma (voxel space) = 0
     Total field sigma (voxel space) = 0
     Update field time sigma = 0
     Total field time sigma  = 0
     Number of time indices = 0
     Number of time point samples = 0
Registration using 1 total stages.

Stage 0
  iterations = 0
  convergence threshold = 1e-06
  convergence window size = 10
  number of levels = 1
  using the Mattes MI metric (number of bins = 32, weight = 1, use gradient filter = 0)
  preprocessing:  winsorizing the image intensities
  Shrink factors (level 1 out of 1): [1, 1, 1]
  smoothing sigmas per level: [0]
  regular sampling (percentage = 0.25)

*** Running Euler3DTransform registration ***

  Elapsed time (stage 0): 0.924222


Total elapsed time: 0.925609
VFC_BACKENDS=libinterflop_ieee.so
Info [verificarlo]: loaded backend libinterflop_ieee.so
Info [interflop-ieee]: load backend with:
Info [interflop-ieee]: debug = false
Info [interflop-ieee]: debug-binary = false
Info [interflop-ieee]: no-backend-name = false
Info [interflop-ieee]: print-new-line = false
Info [interflop-ieee]: print-subnormal-normalized = false
Info [interflop-ieee]: count-op = false
All_Command_lines_OK
Using double precision for computations.
=============================================================================
The composite transform comprises the following transforms (in order): 
  1. /project/rrg-glatard/mdugre/datasets/corr/RawDataBIDS/BMB_1/derivatives/vprec-space_search/0001/r8-p23/sub-0003054/align_Composite.h5[0] (type = Euler3DTransform)
  2. /project/rrg-glatard/mdugre/datasets/corr/RawDataBIDS/BMB_1/derivatives/vprec-space_search/0001/r8-p23/sub-0003054/align_Composite.h5[1] (type = Euler3DTransform)
=============================================================================
  number of levels = 4
  fixed image: /templateflow/tpl-MNI152NLin2009cAsym/tpl-MNI152NLin2009cAsym_res-01_desc-brain_T1w.nii.gz
  moving image: /project/rrg-glatard/mdugre/datasets/corr/RawDataBIDS/BMB_1/derivatives/antsBrainExtraction/sub-0003054/BrainExtractionBrain.nii.gz
Dimension = 3
Number of stages = 1
Use histogram matching = false
Winsorize image intensities = true
  Lower quantile = 0.005
  Upper quantile = 0.995


Stage 1 State
   Image metric = MattesMI
     Fixed image = Image (0x4f30650)
  RTTI typeinfo:   itk::Image<double, 3u>
  Reference Count: 2
  Modified Time: 1578
  Debug: Off
  Object Name: 
  Observers: 
    none
  Source: (none)
  Source output name: (none)
  Release Data: Off
  Data Released: False
  Global Release Data: Off
  PipelineMTime: 0
  UpdateMTime: 1189
  RealTimeStamp: 0 seconds 
  LargestPossibleRegion: 
    Dimension: 3
    Index: [0, 0, 0]
    Size: [193, 229, 193]
  BufferedRegion: 
    Dimension: 3
    Index: [0, 0, 0]
    Size: [193, 229, 193]
  RequestedRegion: 
    Dimension: 3
    Index: [0, 0, 0]
    Size: [193, 229, 193]
  Spacing: [1, 1, 1]
  Origin: [96, 132, -78]
  Direction: 
-1 0 0
0 -1 0
0 0 1

  IndexToPointMatrix: 
-1 0 0
0 -1 0
0 0 1

  PointToIndexMatrix: 
-1 0 0
0 -1 0
0 0 1

  Inverse Direction: 
-1 0 0
0 -1 0
0 0 1

  PixelContainer: 
    ImportImageContainer (0x4fee420)
      RTTI typeinfo:   itk::ImportImageContainer<unsigned long, double>
      Reference Count: 1
      Modified Time: 1186
      Debug: Off
      Object Name: 
      Observers: 
        none
      Pointer: 0x148f6ef45010
      Container manages memory: true
      Size: 8530021
      Capacity: 8530021

     Moving image = Image (0x4feb520)
  RTTI typeinfo:   itk::Image<double, 3u>
  Reference Count: 2
  Modified Time: 1579
  Debug: Off
  Object Name: 
  Observers: 
    none
  Source: (none)
  Source output name: (none)
  Release Data: Off
  Data Released: False
  Global Release Data: Off
  PipelineMTime: 0
  UpdateMTime: 1576
  RealTimeStamp: 0 seconds 
  LargestPossibleRegion: 
    Dimension: 3
    Index: [0, 0, 0]
    Size: [176, 256, 256]
  BufferedRegion: 
    Dimension: 3
    Index: [0, 0, 0]
    Size: [176, 256, 256]
  RequestedRegion: 
    Dimension: 3
    Index: [0, 0, 0]
    Size: [176, 256, 256]
  Spacing: [1, 1, 1]
  Origin: [-92.285, 99.2892, -131.201]
  Direction: 
1 0 0
0 -1 0
0 0 1

  IndexToPointMatrix: 
1 0 0
0 -1 0
0 0 1

  PointToIndexMatrix: 
1 0 0
0 -1 0
0 0 1

  Inverse Direction: 
1 0 0
0 -1 0
0 0 1

  PixelContainer: 
    ImportImageContainer (0x5018f10)
      RTTI typeinfo:   itk::ImportImageContainer<unsigned long, double>
      Reference Count: 1
      Modified Time: 1573
      Debug: Off
      Object Name: 
      Observers: 
        none
      Pointer: 0x148f69744010
      Container manages memory: true
      Size: 11534336
      Capacity: 11534336

     Weighting = 1
     Sampling strategy = regular
     Number of bins = 32
     Radius = 4
     Sampling percentage  = 0.25
   Transform = Rigid
     Gradient step = 0.1
     Update field sigma (voxel space) = 0
     Total field sigma (voxel space) = 0
     Update field time sigma = 0
     Total field time sigma  = 0
     Number of time indices = 0
     Number of time point samples = 0
Registration using 1 total stages.

Stage 0
  iterations = 1000x500x250x100
  convergence threshold = 1e-06
  convergence window size = 10
  number of levels = 4
  using the Mattes MI metric (number of bins = 32, weight = 1, use gradient filter = 0)
  preprocessing:  winsorizing the image intensities
  Shrink factors (level 1 out of 4): [8, 8, 8]
  Shrink factors (level 2 out of 4): [4, 4, 4]
  Shrink factors (level 3 out of 4): [2, 2, 2]
  Shrink factors (level 4 out of 4): [1, 1, 1]
  smoothing sigmas per level: [3, 2, 1, 0]
  regular sampling (percentage = 0.25)

*** Running Euler3DTransform registration ***

DIAGNOSTIC,Iteration,metricValue,convergenceValue,ITERATION_TIME_INDEX,SINCE_LAST
 2DIAGNOSTIC,     1, -5.510997054562e-01, 1.797693134862e+308, 1.1513e+00, 1.1513e+00, 
 2DIAGNOSTIC,     2, -5.523542738418e-01, 1.797693134862e+308, 1.1556e+00, 4.2150e-03, 
 2DIAGNOSTIC,     3, -5.541552945409e-01, 1.797693134862e+308, 1.1598e+00, 4.1950e-03, 
 2DIAGNOSTIC,     4, -5.570461999535e-01, 1.797693134862e+308, 1.1639e+00, 4.1730e-03, 
 2DIAGNOSTIC,     5, -5.614096952082e-01, 1.797693134862e+308, 1.1682e+00, 4.2899e-03, 
 2DIAGNOSTIC,     6, -5.693670732524e-01, 1.797693134862e+308, 1.1743e+00, 6.0630e-03, 
 2DIAGNOSTIC,     7, -5.709113131257e-01, 1.797693134862e+308, 1.1804e+00, 6.1479e-03, 
 2DIAGNOSTIC,     8, -5.709874462872e-01, 1.797693134862e+308, 1.1856e+00, 5.1489e-03, 
 2DIAGNOSTIC,     9, -5.710944805680e-01, 1.797693134862e+308, 1.1902e+00, 4.6659e-03, 
 2DIAGNOSTIC,    10, -5.709888370649e-01, 2.823703382309e-03, 1.1950e+00, 4.7369e-03, 
 2DIAGNOSTIC,    11, -5.711004614769e-01, 2.204982974353e-03, 1.1997e+00, 4.7519e-03, 
 2DIAGNOSTIC,    12, -5.710520693412e-01, 1.543839013497e-03, 1.2040e+00, 4.2489e-03, 
 2DIAGNOSTIC,    13, -5.711227961371e-01, 9.225485549632e-04, 1.2083e+00, 4.2820e-03, 
 2DIAGNOSTIC,    14, -5.712045297494e-01, 4.139497947130e-04, 1.2133e+00, 5.0700e-03, 
 2DIAGNOSTIC,    15, -5.711071353089e-01, 7.214386978296e-05, 1.2187e+00, 5.3442e-03, 
 2DIAGNOSTIC,    16, -5.711009513239e-01, 1.537510550861e-05, 1.2229e+00, 4.1962e-03, 
 2DIAGNOSTIC,    17, -5.711287584465e-01, 1.045726057111e-05, 1.2272e+00, 4.3230e-03, 
 2DIAGNOSTIC,    18, -5.712712126761e-01, 1.121467317999e-05, 1.2319e+00, 4.7388e-03, 
 2DIAGNOSTIC,    19, -5.713832182723e-01, 1.675767573806e-05, 1.2367e+00, 4.8058e-03, 
 2DIAGNOSTIC,    20, -5.713741674570e-01, 1.741029552545e-05, 1.2416e+00, 4.8490e-03, 
 2DIAGNOSTIC,    21, -5.714636759130e-01, 2.151432625020e-05, 1.2467e+00, 5.1429e-03, 
 2DIAGNOSTIC,    22, -5.712064607477e-01, 1.631871980904e-05, 1.2516e+00, 4.8239e-03, 
 2DIAGNOSTIC,    23, -5.712214605891e-01, 1.209161892193e-05, 1.2563e+00, 4.7488e-03, 
 2DIAGNOSTIC,    24, -5.710201936196e-01, 4.696481043905e-06, 1.2615e+00, 5.1651e-03, 
DIAGNOSTIC,Iteration,metricValue,convergenceValue,ITERATION_TIME_INDEX,SINCE_LAST
 2DIAGNOSTIC,     1, -4.548002151075e-01, 1.797693134862e+308, 2.4339e+00, 1.1724e+00, 
 2DIAGNOSTIC,     2, -4.550674314143e-01, 1.797693134862e+308, 2.4678e+00, 3.3883e-02, 
 2DIAGNOSTIC,     3, -4.553082058081e-01, 1.797693134862e+308, 2.5018e+00, 3.4081e-02, 
 2DIAGNOSTIC,     4, -4.554804837425e-01, 1.797693134862e+308, 2.5363e+00, 3.4480e-02, 
 2DIAGNOSTIC,     5, -4.558583761026e-01, 1.797693134862e+308, 2.5705e+00, 3.4139e-02, 
 2DIAGNOSTIC,     6, -4.568289322924e-01, 1.797693134862e+308, 2.6128e+00, 4.2366e-02, 
 2DIAGNOSTIC,     7, -4.574896248510e-01, 1.797693134862e+308, 2.6839e+00, 7.1067e-02, 
 2DIAGNOSTIC,     8, -4.575253744649e-01, 1.797693134862e+308, 2.7222e+00, 3.8342e-02, 
 2DIAGNOSTIC,     9, -4.575266578018e-01, 1.797693134862e+308, 2.7562e+00, 3.3943e-02, 
 2DIAGNOSTIC,    10, -4.575332559650e-01, 4.725525374189e-04, 2.7943e+00, 3.8163e-02, 
 2DIAGNOSTIC,    11, -4.575393831340e-01, 3.843993844038e-04, 2.8284e+00, 3.4084e-02, 
 2DIAGNOSTIC,    12, -4.575463245987e-01, 2.902837534863e-04, 2.8666e+00, 3.8208e-02, 
 2DIAGNOSTIC,    13, -4.575671471693e-01, 1.978259658940e-04, 2.9048e+00, 3.8191e-02, 
 2DIAGNOSTIC,    14, -4.575640869084e-01, 1.088722242792e-04, 2.9391e+00, 3.4245e-02, 
 2DIAGNOSTIC,    15, -4.575687809258e-01, 3.715369406497e-05, 2.9773e+00, 3.8243e-02, 
 2DIAGNOSTIC,    16, -4.575946947030e-01, 9.233353393853e-06, 3.0152e+00, 3.7913e-02, 
 2DIAGNOSTIC,    17, -4.575955613035e-01, 8.078320707643e-06, 3.0493e+00, 3.4039e-02, 
 2DIAGNOSTIC,    18, -4.576202539767e-01, 8.572343552830e-06, 3.0871e+00, 3.7892e-02, 
 2DIAGNOSTIC,    19, -4.576497397657e-01, 9.380726476819e-06, 3.1331e+00, 4.5974e-02, 
 2DIAGNOSTIC,    20, -4.576506237239e-01, 9.611017821369e-06, 3.1751e+00, 4.1939e-02, 
 2DIAGNOSTIC,    21, -4.576462004688e-01, 9.131103427387e-06, 3.2131e+00, 3.8033e-02, 
 2DIAGNOSTIC,    22, -4.576423198062e-01, 8.066420451473e-06, 3.2472e+00, 3.4095e-02, 
 2DIAGNOSTIC,    23, -4.576332527885e-01, 6.795996743074e-06, 3.2813e+00, 3.4094e-02, 
 2DIAGNOSTIC,    24, -4.576436346845e-01, 5.307267504737e-06, 3.3152e+00, 3.3887e-02, 
 2DIAGNOSTIC,    25, -4.576603201733e-01, 4.073148309615e-06, 3.3493e+00, 3.4104e-02, 
 2DIAGNOSTIC,    26, -4.576783292093e-01, 3.729236634054e-06, 3.3834e+00, 3.4129e-02, 
 2DIAGNOSTIC,    27, -4.577080038706e-01, 3.869715582597e-06, 3.4215e+00, 3.8144e-02, 
 2DIAGNOSTIC,    28, -4.577178094163e-01, 4.487083470339e-06, 3.4678e+00, 4.6245e-02, 
 2DIAGNOSTIC,    29, -4.577172943081e-01, 5.367039759882e-06, 3.5060e+00, 3.8255e-02, 
 2DIAGNOSTIC,    30, -4.576999673376e-01, 5.447268671181e-06, 3.5446e+00, 3.8540e-02, 
 2DIAGNOSTIC,    31, -4.576971852137e-01, 4.969556985458e-06, 3.5828e+00, 3.8219e-02, 
 2DIAGNOSTIC,    32, -4.576936470925e-01, 4.002415983896e-06, 3.6176e+00, 3.4769e-02, 
 2DIAGNOSTIC,    33, -4.576929082831e-01, 2.618498842803e-06, 3.6520e+00, 3.4405e-02, 
 2DIAGNOSTIC,    34, -4.577043486038e-01, 1.561525196588e-06, 3.6903e+00, 3.8306e-02, 
DIAGNOSTIC,Iteration,metricValue,convergenceValue,ITERATION_TIME_INDEX,SINCE_LAST
 2DIAGNOSTIC,     1, -3.958825628037e-01, 1.797693134862e+308, 5.3165e+00, 1.6262e+00, 
 2DIAGNOSTIC,     2, -3.961585944966e-01, 1.797693134862e+308, 5.6140e+00, 2.9755e-01, 
 2DIAGNOSTIC,     3, -3.964946434540e-01, 1.797693134862e+308, 5.9111e+00, 2.9714e-01, 
 2DIAGNOSTIC,     4, -3.969024744859e-01, 1.797693134862e+308, 6.2081e+00, 2.9694e-01, 
 2DIAGNOSTIC,     5, -3.973515529571e-01, 1.797693134862e+308, 6.5436e+00, 3.3550e-01, 
 2DIAGNOSTIC,     6, -3.975154870200e-01, 1.797693134862e+308, 6.8415e+00, 2.9788e-01, 
 2DIAGNOSTIC,     7, -3.975666746588e-01, 1.797693134862e+308, 7.1772e+00, 3.3576e-01, 
 2DIAGNOSTIC,     8, -3.975575078813e-01, 1.797693134862e+308, 7.5517e+00, 3.7449e-01, 
 2DIAGNOSTIC,     9, -3.975580469834e-01, 1.797693134862e+308, 7.9264e+00, 3.7469e-01, 
 2DIAGNOSTIC,    10, -3.975546487769e-01, 2.879311117418e-04, 8.3009e+00, 3.7449e-01, 
 2DIAGNOSTIC,    11, -3.975528429056e-01, 1.906178913116e-04, 8.7137e+00, 4.1279e-01, 
 2DIAGNOSTIC,    12, -3.975529767273e-01, 1.092502206834e-04, 9.0498e+00, 3.3609e-01, 
 2DIAGNOSTIC,    13, -3.975516056179e-01, 4.900605558532e-05, 9.3875e+00, 3.3779e-01, 
 2DIAGNOSTIC,    14, -3.975510343349e-01, 1.345054301637e-05, 9.6854e+00, 2.9781e-01, 
 2DIAGNOSTIC,    15, -3.975506000498e-01, 2.820826838307e-06, 1.0021e+01, 3.3577e-01, 
DIAGNOSTIC,Iteration,metricValue,convergenceValue,ITERATION_TIME_INDEX,SINCE_LAST
 2DIAGNOSTIC,     1, -3.660646656868e-01, 1.797693134862e+308, 1.3119e+01, 3.0984e+00, 
 2DIAGNOSTIC,     2, -3.661621769743e-01, 1.797693134862e+308, 1.5237e+01, 2.1175e+00, 
 2DIAGNOSTIC,     3, -3.662744133145e-01, 1.797693134862e+308, 1.7355e+01, 2.1179e+00, 
 2DIAGNOSTIC,     4, -3.664876092469e-01, 1.797693134862e+308, 1.9476e+01, 2.1216e+00, 
 2DIAGNOSTIC,     5, -3.665136009667e-01, 1.797693134862e+308, 2.1588e+01, 2.1117e+00, 
 2DIAGNOSTIC,     6, -3.665573401311e-01, 1.797693134862e+308, 2.6033e+01, 4.4450e+00, 
 2DIAGNOSTIC,     7, -3.665570162227e-01, 1.797693134862e+308, 2.8160e+01, 2.1264e+00, 
 2DIAGNOSTIC,     8, -3.665624780454e-01, 1.797693134862e+308, 3.0255e+01, 2.0956e+00, 
 2DIAGNOSTIC,     9, -3.665743756261e-01, 1.797693134862e+308, 3.2636e+01, 2.3807e+00, 
 2DIAGNOSTIC,    10, -3.665802004143e-01, 8.985847676678e-05, 3.5023e+01, 2.3876e+00, 
 2DIAGNOSTIC,    11, -3.665876259020e-01, 5.762404892444e-05, 3.7191e+01, 2.1672e+00, 
 2DIAGNOSTIC,    12, -3.665914130886e-01, 3.238076084031e-05, 3.9587e+01, 2.3967e+00, 
 2DIAGNOSTIC,    13, -3.665953278951e-01, 1.496024860569e-05, 4.1732e+01, 2.1443e+00, 
 2DIAGNOSTIC,    14, -3.666056531238e-01, 1.125159626016e-05, 4.3861e+01, 2.1296e+00, 
 2DIAGNOSTIC,    15, -3.666307292615e-01, 9.779075681879e-06, 4.6257e+01, 2.3954e+00, 
 2DIAGNOSTIC,    16, -3.666917503152e-01, 1.284524224875e-05, 4.9943e+01, 3.6867e+00, 
 2DIAGNOSTIC,    17, -3.666915853480e-01, 1.446951780865e-05, 5.3116e+01, 3.1723e+00, 
 2DIAGNOSTIC,    18, -3.666914365959e-01, 1.501625283000e-05, 5.6280e+01, 3.1642e+00, 
 2DIAGNOSTIC,    19, -3.666913438365e-01, 1.478800258219e-05, 5.8711e+01, 2.4316e+00, 
 2DIAGNOSTIC,    20, -3.666914185471e-01, 1.356191037813e-05, 6.1117e+01, 2.4058e+00, 
 2DIAGNOSTIC,    21, -3.666914232898e-01, 1.157412231966e-05, 6.4534e+01, 3.4165e+00, 
 2DIAGNOSTIC,    22, -3.666913477135e-01, 8.965608933681e-06, 6.6939e+01, 2.4050e+00, 
 2DIAGNOSTIC,    23, -3.666911852259e-01, 6.040994596383e-06, 6.9346e+01, 2.4076e+00, 
 2DIAGNOSTIC,    24, -3.666909410980e-01, 3.249908699800e-06, 7.1495e+01, 2.1491e+00, 
 2DIAGNOSTIC,    25, -3.666908701800e-01, 1.222674075978e-06, 7.3913e+01, 2.4176e+00, 
 2DIAGNOSTIC,    26, -3.666908887647e-01, 1.176266727063e-06, 7.6349e+01, 2.4363e+00, 
 2DIAGNOSTIC,    27, -3.666908313218e-01, 1.131418117271e-06, 7.8741e+01, 2.3923e+00, 
 2DIAGNOSTIC,    28, -3.666907644749e-01, 1.088475080346e-06, 8.0893e+01, 2.1518e+00, 
 2DIAGNOSTIC,    29, -3.666907094501e-01, 1.049155499477e-06, 8.3046e+01, 2.1527e+00, 
 2DIAGNOSTIC,    30, -3.666906743320e-01, 1.017977313403e-06, 8.5190e+01, 2.1441e+00, 
  Elapsed time (stage 0): 8.6413e+01


Total elapsed time: 8.6415e+01
VFC_BACKENDS=libinterflop_ieee.so
Info [verificarlo]: loaded backend libinterflop_ieee.so
Info [interflop-ieee]: load backend with:
Info [interflop-ieee]: debug = false
Info [interflop-ieee]: debug-binary = false
Info [interflop-ieee]: no-backend-name = false
Info [interflop-ieee]: print-new-line = false
Info [interflop-ieee]: print-subnormal-normalized = false
Info [interflop-ieee]: count-op = false
All_Command_lines_OK
Using double precision for computations.
=============================================================================
The composite transform comprises the following transforms (in order): 
  1. /project/rrg-glatard/mdugre/datasets/corr/RawDataBIDS/BMB_1/derivatives/vprec-space_search/0001/r8-p23/sub-0003054/rigid_Composite.h5[0] (type = Euler3DTransform)
  2. /project/rrg-glatard/mdugre/datasets/corr/RawDataBIDS/BMB_1/derivatives/vprec-space_search/0001/r8-p23/sub-0003054/rigid_Composite.h5[1] (type = Euler3DTransform)
  3. /project/rrg-glatard/mdugre/datasets/corr/RawDataBIDS/BMB_1/derivatives/vprec-space_search/0001/r8-p23/sub-0003054/rigid_Composite.h5[2] (type = Euler3DTransform)
=============================================================================
  number of levels = 4
  fixed image: /templateflow/tpl-MNI152NLin2009cAsym/tpl-MNI152NLin2009cAsym_res-01_desc-brain_T1w.nii.gz
  moving image: /project/rrg-glatard/mdugre/datasets/corr/RawDataBIDS/BMB_1/derivatives/antsBrainExtraction/sub-0003054/BrainExtractionBrain.nii.gz
Dimension = 3
Number of stages = 1
Use histogram matching = false
Winsorize image intensities = true
  Lower quantile = 0.005
  Upper quantile = 0.995


Stage 1 State
   Image metric = MattesMI
     Fixed image = Image (0x3e14650)
  RTTI typeinfo:   itk::Image<double, 3u>
  Reference Count: 2
  Modified Time: 1592
  Debug: Off
  Object Name: 
  Observers: 
    none
  Source: (none)
  Source output name: (none)
  Release Data: Off
  Data Released: False
  Global Release Data: Off
  PipelineMTime: 0
  UpdateMTime: 1203
  RealTimeStamp: 0 seconds 
  LargestPossibleRegion: 
    Dimension: 3
    Index: [0, 0, 0]
    Size: [193, 229, 193]
  BufferedRegion: 
    Dimension: 3
    Index: [0, 0, 0]
    Size: [193, 229, 193]
  RequestedRegion: 
    Dimension: 3
    Index: [0, 0, 0]
    Size: [193, 229, 193]
  Spacing: [1, 1, 1]
  Origin: [96, 132, -78]
  Direction: 
-1 0 0
0 -1 0
0 0 1

  IndexToPointMatrix: 
-1 0 0
0 -1 0
0 0 1

  PointToIndexMatrix: 
-1 0 0
0 -1 0
0 0 1

  Inverse Direction: 
-1 0 0
0 -1 0
0 0 1

  PixelContainer: 
    ImportImageContainer (0x3ee2ad0)
      RTTI typeinfo:   itk::ImportImageContainer<unsigned long, double>
      Reference Count: 1
      Modified Time: 1200
      Debug: Off
      Object Name: 
      Observers: 
        none
      Pointer: 0x14f41c819010
      Container manages memory: true
      Size: 8530021
      Capacity: 8530021

     Moving image = Image (0x3ec4430)
  RTTI typeinfo:   itk::Image<double, 3u>
  Reference Count: 2
  Modified Time: 1593
  Debug: Off
  Object Name: 
  Observers: 
    none
  Source: (none)
  Source output name: (none)
  Release Data: Off
  Data Released: False
  Global Release Data: Off
  PipelineMTime: 0
  UpdateMTime: 1590
  RealTimeStamp: 0 seconds 
  LargestPossibleRegion: 
    Dimension: 3
    Index: [0, 0, 0]
    Size: [176, 256, 256]
  BufferedRegion: 
    Dimension: 3
    Index: [0, 0, 0]
    Size: [176, 256, 256]
  RequestedRegion: 
    Dimension: 3
    Index: [0, 0, 0]
    Size: [176, 256, 256]
  Spacing: [1, 1, 1]
  Origin: [-92.285, 99.2892, -131.201]
  Direction: 
1 0 0
0 -1 0
0 0 1

  IndexToPointMatrix: 
1 0 0
0 -1 0
0 0 1

  PointToIndexMatrix: 
1 0 0
0 -1 0
0 0 1

  Inverse Direction: 
1 0 0
0 -1 0
0 0 1

  PixelContainer: 
    ImportImageContainer (0x3f82c50)
      RTTI typeinfo:   itk::ImportImageContainer<unsigned long, double>
      Reference Count: 1
      Modified Time: 1587
      Debug: Off
      Object Name: 
      Observers: 
        none
      Pointer: 0x14f417018010
      Container manages memory: true
      Size: 11534336
      Capacity: 11534336

     Weighting = 1
     Sampling strategy = regular
     Number of bins = 32
     Radius = 4
     Sampling percentage  = 0.25
   Transform = Affine
     Gradient step = 0.1
     Update field sigma (voxel space) = 0
     Total field sigma (voxel space) = 0
     Update field time sigma = 0
     Total field time sigma  = 0
     Number of time indices = 0
     Number of time point samples = 0
Registration using 1 total stages.

Stage 0
  iterations = 1000x500x250x100
  convergence threshold = 1e-06
  convergence window size = 10
  number of levels = 4
  using the Mattes MI metric (number of bins = 32, weight = 1, use gradient filter = 0)
  preprocessing:  winsorizing the image intensities
  Shrink factors (level 1 out of 4): [8, 8, 8]
  Shrink factors (level 2 out of 4): [4, 4, 4]
  Shrink factors (level 3 out of 4): [2, 2, 2]
  Shrink factors (level 4 out of 4): [1, 1, 1]
  smoothing sigmas per level: [3, 2, 1, 0]
  regular sampling (percentage = 0.25)

*** Running AffineTransform registration ***

DIAGNOSTIC,Iteration,metricValue,convergenceValue,ITERATION_TIME_INDEX,SINCE_LAST
 2DIAGNOSTIC,     1, -5.634779219054e-01, 1.797693134862e+308, 1.1297e+00, 1.1297e+00, 
 2DIAGNOSTIC,     2, -5.650665316808e-01, 1.797693134862e+308, 1.1347e+00, 5.0621e-03, 
 2DIAGNOSTIC,     3, -5.674538257016e-01, 1.797693134862e+308, 1.1403e+00, 5.5439e-03, 
 2DIAGNOSTIC,     4, -5.715099083694e-01, 1.797693134862e+308, 1.1454e+00, 5.1320e-03, 
 2DIAGNOSTIC,     5, -5.768614823307e-01, 1.797693134862e+308, 1.1505e+00, 5.0890e-03, 
 2DIAGNOSTIC,     6, -5.847621840129e-01, 1.797693134862e+308, 1.1557e+00, 5.2040e-03, 
 2DIAGNOSTIC,     7, -6.023050894524e-01, 1.797693134862e+308, 1.1610e+00, 5.2481e-03, 
 2DIAGNOSTIC,     8, -6.339612829047e-01, 1.797693134862e+308, 1.1680e+00, 7.0832e-03, 
 2DIAGNOSTIC,     9, -7.347028780042e-01, 1.797693134862e+308, 1.1795e+00, 1.1492e-02, 
 2DIAGNOSTIC,    10, -7.371860087667e-01, 1.779836236924e-02, 1.1855e+00, 5.9090e-03, 
 2DIAGNOSTIC,    11, -7.400652812513e-01, 1.931940947797e-02, 1.1913e+00, 5.8241e-03, 
 2DIAGNOSTIC,    12, -7.458280444712e-01, 1.914409004867e-02, 1.1975e+00, 6.2220e-03, 
 2DIAGNOSTIC,    13, -7.560070440868e-01, 1.766614899286e-02, 1.2040e+00, 6.5510e-03, 
 2DIAGNOSTIC,    14, -7.681145444556e-01, 1.527549029142e-02, 1.2101e+00, 6.0101e-03, 
 2DIAGNOSTIC,    15, -7.810416686156e-01, 1.238308583055e-02, 1.2158e+00, 5.7280e-03, 
 2DIAGNOSTIC,    16, -7.915868730400e-01, 9.306961329206e-03, 1.2220e+00, 6.2399e-03, 
 2DIAGNOSTIC,    17, -8.002443149895e-01, 6.454579627746e-03, 1.2299e+00, 7.8971e-03, 
 2DIAGNOSTIC,    18, -8.072186973559e-01, 4.203031879879e-03, 1.2370e+00, 7.0820e-03, 
 2DIAGNOSTIC,    19, -8.104377765175e-01, 4.087697031293e-03, 1.2433e+00, 6.2740e-03, 
 2DIAGNOSTIC,    20, -8.123209582543e-01, 3.697452292898e-03, 1.2495e+00, 6.2261e-03, 
 2DIAGNOSTIC,    21, -8.135838825310e-01, 3.087934033672e-03, 1.2566e+00, 7.0789e-03, 
 2DIAGNOSTIC,    22, -8.142790979613e-01, 2.371725170531e-03, 1.2639e+00, 7.3431e-03, 
 2DIAGNOSTIC,    23, -8.144814250248e-01, 1.683630904475e-03, 1.2695e+00, 5.5990e-03, 
 2DIAGNOSTIC,    24, -8.150875524272e-01, 1.111133315042e-03, 1.2756e+00, 6.0840e-03, 
 2DIAGNOSTIC,    25, -8.156388959607e-01, 6.971654450728e-04, 1.2819e+00, 6.2990e-03, 
 2DIAGNOSTIC,    26, -8.156221628083e-01, 4.105435295108e-04, 1.2887e+00, 6.7530e-03, 
 2DIAGNOSTIC,    27, -8.157188711085e-01, 2.340446614250e-04, 1.2951e+00, 6.4499e-03, 
 2DIAGNOSTIC,    28, -8.159368236648e-01, 1.489001532767e-04, 1.3013e+00, 6.1929e-03, 
 2DIAGNOSTIC,    29, -8.162240552010e-01, 1.025975056116e-04, 1.3078e+00, 6.4530e-03, 
 2DIAGNOSTIC,    30, -8.164455663148e-01, 7.671158225266e-05, 1.3133e+00, 5.5640e-03, 
 2DIAGNOSTIC,    31, -8.166470689845e-01, 6.359037313324e-05, 1.3189e+00, 5.5859e-03, 
 2DIAGNOSTIC,    32, -8.169263408800e-01, 5.725633213088e-05, 1.3248e+00, 5.9221e-03, 
 2DIAGNOSTIC,    33, -8.176780863469e-01, 5.686512727670e-05, 1.3332e+00, 8.3351e-03, 
 2DIAGNOSTIC,    34, -8.178826425822e-01, 5.989592322249e-05, 1.3433e+00, 1.0132e-02, 
 2DIAGNOSTIC,    35, -8.178834851113e-01, 6.323108341257e-05, 1.3496e+00, 6.2699e-03, 
 2DIAGNOSTIC,    36, -8.179058789497e-01, 6.066707097876e-05, 1.3561e+00, 6.5770e-03, 
 2DIAGNOSTIC,    37, -8.178076510746e-01, 5.252148137527e-05, 1.3617e+00, 5.6009e-03, 
 2DIAGNOSTIC,    38, -8.178295468440e-01, 4.218313984992e-05, 1.3674e+00, 5.6391e-03, 
 2DIAGNOSTIC,    39, -8.178512072614e-01, 3.140490390375e-05, 1.3730e+00, 5.6112e-03, 
 2DIAGNOSTIC,    40, -8.178834480156e-01, 2.075173323880e-05, 1.3787e+00, 5.7251e-03, 
 2DIAGNOSTIC,    41, -8.179330446457e-01, 1.109643134405e-05, 1.3854e+00, 6.6431e-03, 
 2DIAGNOSTIC,    42, -8.180230333374e-01, 4.083778554032e-06, 1.3917e+00, 6.3801e-03, 
 2DIAGNOSTIC,    43, -8.182101902837e-01, 5.200909750504e-06, 1.3986e+00, 6.8779e-03, 
 2DIAGNOSTIC,    44, -8.182267032342e-01, 7.670100393209e-06, 1.4061e+00, 7.5221e-03, 
 2DIAGNOSTIC,    45, -8.182393640200e-01, 9.483047763971e-06, 1.4125e+00, 6.3341e-03, 
 2DIAGNOSTIC,    46, -8.182504009760e-01, 1.068860727383e-05, 1.4190e+00, 6.4919e-03, 
 2DIAGNOSTIC,    47, -8.182981588289e-01, 1.047300179452e-05, 1.4259e+00, 6.9251e-03, 
 2DIAGNOSTIC,    48, -8.181786575755e-01, 8.550298429846e-06, 1.4317e+00, 5.7831e-03, 
 2DIAGNOSTIC,    49, -8.181847537915e-01, 6.202542838490e-06, 1.4389e+00, 7.2088e-03, 
 2DIAGNOSTIC,    50, -8.181936644613e-01, 3.742707379996e-06, 1.4451e+00, 6.2430e-03, 
 2DIAGNOSTIC,    51, -8.181962432847e-01, 1.450419648531e-06, 1.4520e+00, 6.8960e-03, 
DIAGNOSTIC,Iteration,metricValue,convergenceValue,ITERATION_TIME_INDEX,SINCE_LAST
 2DIAGNOSTIC,     1, -6.941798126204e-01, 1.797693134862e+308, 2.6512e+00, 1.1992e+00, 
 2DIAGNOSTIC,     2, -6.948991919283e-01, 1.797693134862e+308, 2.6954e+00, 4.4186e-02, 
 2DIAGNOSTIC,     3, -6.956262566631e-01, 1.797693134862e+308, 2.7403e+00, 4.4944e-02, 
 2DIAGNOSTIC,     4, -6.964155143801e-01, 1.797693134862e+308, 2.7843e+00, 4.3917e-02, 
 2DIAGNOSTIC,     5, -6.973795908639e-01, 1.797693134862e+308, 2.8289e+00, 4.4644e-02, 
 2DIAGNOSTIC,     6, -6.982236353891e-01, 1.797693134862e+308, 2.8735e+00, 4.4647e-02, 
 2DIAGNOSTIC,     7, -6.988248033947e-01, 1.797693134862e+308, 2.9368e+00, 6.3208e-02, 
 2DIAGNOSTIC,     8, -6.990167800936e-01, 1.797693134862e+308, 2.9809e+00, 4.4131e-02, 
 2DIAGNOSTIC,     9, -6.990873330899e-01, 1.797693134862e+308, 3.0256e+00, 4.4710e-02, 
 2DIAGNOSTIC,    10, -6.992221854466e-01, 5.063938631124e-04, 3.0753e+00, 4.9669e-02, 
 2DIAGNOSTIC,    11, -6.994152704242e-01, 3.880403417969e-04, 3.1387e+00, 6.3457e-02, 
 2DIAGNOSTIC,    12, -6.994236666095e-01, 2.792233942649e-04, 3.1843e+00, 4.5559e-02, 
 2DIAGNOSTIC,    13, -6.994284465076e-01, 1.851899137315e-04, 3.2346e+00, 5.0347e-02, 
 2DIAGNOSTIC,    14, -6.994096442583e-01, 1.102329701412e-04, 3.2840e+00, 4.9341e-02, 
 2DIAGNOSTIC,    15, -6.993969396504e-01, 6.081741006463e-05, 3.3336e+00, 4.9595e-02, 
 2DIAGNOSTIC,    16, -6.993865219343e-01, 3.297940531882e-05, 3.3786e+00, 4.5044e-02, 
 2DIAGNOSTIC,    17, -6.993779295686e-01, 1.967583177970e-05, 3.4238e+00, 4.5175e-02, 
 2DIAGNOSTIC,    18, -6.993837500663e-01, 1.074076159905e-05, 3.4877e+00, 6.3870e-02, 
 2DIAGNOSTIC,    19, -6.993848032756e-01, 3.418380882872e-06, 3.5332e+00, 4.5553e-02, 
DIAGNOSTIC,Iteration,metricValue,convergenceValue,ITERATION_TIME_INDEX,SINCE_LAST
 2DIAGNOSTIC,     1, -5.974744826914e-01, 1.797693134862e+308, 5.2475e+00, 1.7143e+00, 
 2DIAGNOSTIC,     2, -5.980658744702e-01, 1.797693134862e+308, 5.6397e+00, 3.9222e-01, 
 2DIAGNOSTIC,     3, -5.985585159014e-01, 1.797693134862e+308, 6.0326e+00, 3.9291e-01, 
 2DIAGNOSTIC,     4, -5.988740685175e-01, 1.797693134862e+308, 6.4157e+00, 3.8308e-01, 
 2DIAGNOSTIC,     5, -5.991464623300e-01, 1.797693134862e+308, 6.7986e+00, 3.8296e-01, 
 2DIAGNOSTIC,     6, -5.994325410607e-01, 1.797693134862e+308, 7.1905e+00, 3.9186e-01, 
 2DIAGNOSTIC,     7, -5.995966595196e-01, 1.797693134862e+308, 7.7017e+00, 5.1119e-01, 
 2DIAGNOSTIC,     8, -5.996633710388e-01, 1.797693134862e+308, 8.1361e+00, 4.3441e-01, 
 2DIAGNOSTIC,     9, -5.996728723549e-01, 1.797693134862e+308, 8.5183e+00, 3.8223e-01, 
 2DIAGNOSTIC,    10, -5.997827782053e-01, 2.343592595131e-04, 9.0307e+00, 5.1235e-01, 
 2DIAGNOSTIC,    11, -5.997777172036e-01, 1.586096163466e-04, 9.5477e+00, 5.1707e-01, 
 2DIAGNOSTIC,    12, -5.997775433176e-01, 1.045778286099e-04, 9.9747e+00, 4.2698e-01, 
 2DIAGNOSTIC,    13, -5.997763669560e-01, 6.755441342268e-05, 1.0400e+01, 4.2570e-01, 
 2DIAGNOSTIC,    14, -5.997736340840e-01, 4.042253996971e-05, 1.0833e+01, 4.3274e-01, 
 2DIAGNOSTIC,    15, -5.997692569501e-01, 2.168301673838e-05, 1.1215e+01, 3.8199e-01, 
 2DIAGNOSTIC,    16, -5.997689313827e-01, 1.184505988412e-05, 1.1642e+01, 4.2698e-01, 
 2DIAGNOSTIC,    17, -5.997684448071e-01, 6.820670909381e-06, 1.2068e+01, 4.2547e-01, 
 2DIAGNOSTIC,    18, -5.997664952867e-01, 3.628678928856e-06, 1.2460e+01, 3.9231e-01, 
DIAGNOSTIC,Iteration,metricValue,convergenceValue,ITERATION_TIME_INDEX,SINCE_LAST
 2DIAGNOSTIC,     1, -5.357395745982e-01, 1.797693134862e+308, 1.6402e+01, 3.9425e+00, 
 2DIAGNOSTIC,     2, -5.361337160449e-01, 1.797693134862e+308, 1.9229e+01, 2.8262e+00, 
 2DIAGNOSTIC,     3, -5.365031336366e-01, 1.797693134862e+308, 2.2091e+01, 2.8619e+00, 
 2DIAGNOSTIC,     4, -5.368910692027e-01, 1.797693134862e+308, 2.5204e+01, 3.1129e+00, 
 2DIAGNOSTIC,     5, -5.373661053015e-01, 1.797693134862e+308, 2.8377e+01, 3.1735e+00, 
 2DIAGNOSTIC,     6, -5.375081679117e-01, 1.797693134862e+308, 3.5104e+01, 6.7274e+00, 
 2DIAGNOSTIC,     7, -5.375082070749e-01, 1.797693134862e+308, 3.8500e+01, 3.3959e+00, 
 2DIAGNOSTIC,     8, -5.375081203963e-01, 1.797693134862e+308, 4.1898e+01, 3.3973e+00, 
 2DIAGNOSTIC,     9, -5.375079233132e-01, 1.797693134862e+308, 4.5097e+01, 3.1994e+00, 
 2DIAGNOSTIC,    10, -5.375078916480e-01, 2.141374295141e-04, 4.8217e+01, 3.1204e+00, 
 2DIAGNOSTIC,    11, -5.375077690886e-01, 1.352513225772e-04, 5.1144e+01, 2.9269e+00, 
 2DIAGNOSTIC,    12, -5.375078814521e-01, 7.509845050939e-05, 5.4861e+01, 3.7167e+00, 
 2DIAGNOSTIC,    13, -5.375075378847e-01, 3.256213095031e-05, 5.7953e+01, 3.0915e+00, 
 2DIAGNOSTIC,    14, -5.375075914380e-01, 7.584959138995e-06, 6.1047e+01, 3.0947e+00, 
 2DIAGNOSTIC,    15, -5.375075101249e-01, 2.063949564965e-06, 6.3904e+01, 2.8567e+00, 
 2DIAGNOSTIC,    16, -5.375074656568e-01, 1.934560108385e-06, 6.7107e+01, 3.2029e+00, 
 2DIAGNOSTIC,    17, -5.375072542660e-01, 1.820095971813e-06, 6.9931e+01, 2.8242e+00, 
 2DIAGNOSTIC,    18, -5.375073524643e-01, 1.723877026440e-06, 7.3106e+01, 3.1754e+00, 
 2DIAGNOSTIC,    19, -5.375073341528e-01, 1.635778521213e-06, 7.6328e+01, 3.2216e+00, 
 2DIAGNOSTIC,    20, -5.375073649282e-01, 1.560085727811e-06, 7.9444e+01, 3.1158e+00, 
 2DIAGNOSTIC,    21, -5.375073308607e-01, 1.490455688952e-06, 8.2845e+01, 3.4014e+00, 
 2DIAGNOSTIC,    22, -5.375072896954e-01, 1.431527255374e-06, 8.5991e+01, 3.1453e+00, 
 2DIAGNOSTIC,    23, -5.375072236097e-01, 1.369641420036e-06, 8.9125e+01, 3.1343e+00, 
 2DIAGNOSTIC,    24, -5.375071573987e-01, 1.313921315631e-06, 9.2035e+01, 2.9101e+00, 
 2DIAGNOSTIC,    25, -5.375071384088e-01, 1.261673785273e-06, 9.5254e+01, 3.2194e+00, 
 2DIAGNOSTIC,    26, -5.375071682911e-01, 1.214328832440e-06, 9.8444e+01, 3.1902e+00, 
 2DIAGNOSTIC,    27, -5.375070196822e-01, 1.164269043744e-06, 1.0159e+02, 3.1450e+00, 
 2DIAGNOSTIC,    28, -5.375067220274e-01, 1.115481232564e-06, 1.0453e+02, 2.9378e+00, 
 2DIAGNOSTIC,    29, -5.375067671435e-01, 1.072649007200e-06, 1.0767e+02, 3.1474e+00, 
 2DIAGNOSTIC,    30, -5.375069459143e-01, 1.038561236372e-06, 1.1086e+02, 3.1823e+00, 
 2DIAGNOSTIC,    31, -5.375068335505e-01, 1.006095724863e-06, 1.1374e+02, 2.8798e+00, 
  Elapsed time (stage 0): 1.1548e+02


Total elapsed time: 1.1548e+02
VFC_BACKENDS=libinterflop_vprec.so --range-binary32=8 --precision-binary32=23 --range-binary64=8 --precision-binary64=23
Info [verificarlo]: loaded backend libinterflop_vprec.so
Info [interflop-vprec]: load backend with: 
Info [interflop-vprec]: precision-binary32 = 23
Info [interflop-vprec]: range-binary32 = 8
Info [interflop-vprec]: precision-binary64 = 23
Info [interflop-vprec]: range-binary64 = 8
Info [interflop-vprec]: mode = ob
Info [interflop-vprec]: error-mode = rel
Info [interflop-vprec]: max-abs-error-exponent = -1022
Info [interflop-vprec]: daz = false
Info [interflop-vprec]: ftz = false
Info [interflop-vprec]: 	instrument = none
Info [interflop-vprec]: 	prec-input-file = (null)
Info [interflop-vprec]: 	prec-output-file = (null)
Info [interflop-vprec]: 	prec-log-file = (null)
All_Command_lines_OK
Using double precision for computations.
=============================================================================
The composite transform comprises the following transforms (in order): 
  1. /project/rrg-glatard/mdugre/datasets/corr/RawDataBIDS/BMB_1/derivatives/vprec-space_search/0001/r8-p23/sub-0003054/affine_Composite.h5[0] (type = Euler3DTransform)
  2. /project/rrg-glatard/mdugre/datasets/corr/RawDataBIDS/BMB_1/derivatives/vprec-space_search/0001/r8-p23/sub-0003054/affine_Composite.h5[1] (type = Euler3DTransform)
  3. /project/rrg-glatard/mdugre/datasets/corr/RawDataBIDS/BMB_1/derivatives/vprec-space_search/0001/r8-p23/sub-0003054/affine_Composite.h5[2] (type = Euler3DTransform)
  4. /project/rrg-glatard/mdugre/datasets/corr/RawDataBIDS/BMB_1/derivatives/vprec-space_search/0001/r8-p23/sub-0003054/affine_Composite.h5[3] (type = AffineTransform)
=============================================================================
  number of levels = 4
  fixed image: /templateflow/tpl-MNI152NLin2009cAsym/tpl-MNI152NLin2009cAsym_res-01_desc-brain_T1w.nii.gz
  moving image: /project/rrg-glatard/mdugre/datasets/corr/RawDataBIDS/BMB_1/derivatives/antsBrainExtraction/sub-0003054/BrainExtractionBrain.nii.gz
Dimension = 3
Number of stages = 1
Use histogram matching = false
Winsorize image intensities = true
  Lower quantile = 0.005
  Upper quantile = 0.995


Stage 1 State
   Image metric = CC
     Fixed image = Image (0x3b7f4c0)
  RTTI typeinfo:   itk::Image<double, 3u>
  Reference Count: 2
  Modified Time: 1606
  Debug: Off
  Object Name: 
  Observers: 
    none
  Source: (none)
  Source output name: (none)
  Release Data: Off
  Data Released: False
  Global Release Data: Off
  PipelineMTime: 0
  UpdateMTime: 1217
  RealTimeStamp: 0 seconds 
  LargestPossibleRegion: 
    Dimension: 3
    Index: [0, 0, 0]
    Size: [193, 229, 193]
  BufferedRegion: 
    Dimension: 3
    Index: [0, 0, 0]
    Size: [193, 229, 193]
  RequestedRegion: 
    Dimension: 3
    Index: [0, 0, 0]
    Size: [193, 229, 193]
  Spacing: [1, 1, 1]
  Origin: [96, 132, -78]
  Direction: 
-1 0 0
0 -1 0
0 0 1

  IndexToPointMatrix: 
-1 0 0
0 -1 0
0 0 1

  PointToIndexMatrix: 
-1 0 0
0 -1 0
0 0 1

  Inverse Direction: 
-1 0 0
0 -1 0
0 0 1

  PixelContainer: 
    ImportImageContainer (0x3c4c940)
      RTTI typeinfo:   itk::ImportImageContainer<unsigned long, double>
      Reference Count: 1
      Modified Time: 1214
      Debug: Off
      Object Name: 
      Observers: 
        none
      Pointer: 0x14d64ab20010
      Container manages memory: true
      Size: 8530021
      Capacity: 8530021

     Moving image = Image (0x3c556c0)
  RTTI typeinfo:   itk::Image<double, 3u>
  Reference Count: 2
  Modified Time: 1607
  Debug: Off
  Object Name: 
  Observers: 
    none
  Source: (none)
  Source output name: (none)
  Release Data: Off
  Data Released: False
  Global Release Data: Off
  PipelineMTime: 0
  UpdateMTime: 1604
  RealTimeStamp: 0 seconds 
  LargestPossibleRegion: 
    Dimension: 3
    Index: [0, 0, 0]
    Size: [176, 256, 256]
  BufferedRegion: 
    Dimension: 3
    Index: [0, 0, 0]
    Size: [176, 256, 256]
  RequestedRegion: 
    Dimension: 3
    Index: [0, 0, 0]
    Size: [176, 256, 256]
  Spacing: [1, 1, 1]
  Origin: [-92.285, 99.2892, -131.201]
  Direction: 
1 0 0
0 -1 0
0 0 1

  IndexToPointMatrix: 
1 0 0
0 -1 0
0 0 1

  PointToIndexMatrix: 
1 0 0
0 -1 0
0 0 1

  Inverse Direction: 
1 0 0
0 -1 0
0 0 1

  PixelContainer: 
    ImportImageContainer (0x3c962d0)
      RTTI typeinfo:   itk::ImportImageContainer<unsigned long, double>
      Reference Count: 1
      Modified Time: 1601
      Debug: Off
      Object Name: 
      Observers: 
        none
      Pointer: 0x14d64531f010
      Container manages memory: true
      Size: 11534336
      Capacity: 11534336

     Weighting = 1
     Sampling strategy = none
     Number of bins = 32
     Radius = 4
     Sampling percentage  = 1
   Transform = SyN
     Gradient step = 0.1
     Update field sigma (voxel space) = 3
     Total field sigma (voxel space) = 0
     Update field time sigma = 0
     Total field time sigma  = 0
     Number of time indices = 0
     Number of time point samples = 0
Registration using 1 total stages.

Stage 0
  iterations = 100x70x50x20
  convergence threshold = 1e-06
  convergence window size = 10
  number of levels = 4
  using the CC metric (radius = 4, weight = 1, use gradient filter = 0)
  preprocessing:  winsorizing the image intensities
  Shrink factors (level 1 out of 4): [8, 8, 8]
  Shrink factors (level 2 out of 4): [4, 4, 4]
  Shrink factors (level 3 out of 4): [2, 2, 2]
  Shrink factors (level 4 out of 4): [1, 1, 1]
  smoothing sigmas per level: [3, 2, 1, 0]
  Using default NONE metricSamplingStrategy 

*** Running SyN registration (varianceForUpdateField = 3, varianceForTotalField = 0) ***

XXDIAGNOSTIC,Iteration,metricValue,convergenceValue,ITERATION_TIME_INDEX,SINCE_LAST
 1DIAGNOSTIC,     1, -9.220222830772e-01, 1.797693134862e+308, 0.0000e+00, 0.0000e+00, 
 1DIAGNOSTIC,     2, -9.298903942108e-01, 1.797693134862e+308, 0.0000e+00, 0.0000e+00, 
 1DIAGNOSTIC,     3, -9.354332685471e-01, 1.797693134862e+308, 0.0000e+00, 0.0000e+00, 
 1DIAGNOSTIC,     4, -9.391459822655e-01, 1.797693134862e+308, 0.0000e+00, 0.0000e+00, 
 1DIAGNOSTIC,     5, -9.420246481895e-01, 1.797693134862e+308, 0.0000e+00, 0.0000e+00, 
 1DIAGNOSTIC,     6, -9.444871544838e-01, 1.797693134862e+308, 0.0000e+00, 0.0000e+00, 
 1DIAGNOSTIC,     7, -9.472119808197e-01, 1.797693134862e+308, 0.0000e+00, 0.0000e+00, 
 1DIAGNOSTIC,     8, -9.499521851540e-01, 1.797693134862e+308, 0.0000e+00, 0.0000e+00, 
 1DIAGNOSTIC,     9, -9.525185823441e-01, 1.797693134862e+308, 0.0000e+00, 0.0000e+00, 
 1DIAGNOSTIC,    10, -9.548324942589e-01, 2.023492927638e-03, 0.0000e+00, 0.0000e+00, 
 1DIAGNOSTIC,    11, -9.569108486176e-01, 1.578341486782e-03, 0.0000e+00, 0.0000e+00, 
 1DIAGNOSTIC,    12, -9.586843848228e-01, 1.305838860863e-03, 0.0000e+00, 0.0000e+00, 
 1DIAGNOSTIC,    13, -9.602249860764e-01, 1.119976980396e-03, 0.0000e+00, 0.0000e+00, 
 1DIAGNOSTIC,    14, -9.615755677223e-01, 9.668587573469e-04, 0.0000e+00, 0.0000e+00, 
 1DIAGNOSTIC,    15, -9.628186821938e-01, 8.280002188165e-04, 0.0000e+00, 0.0000e+00, 
 1DIAGNOSTIC,    16, -9.638957977295e-01, 6.964212146916e-04, 0.0000e+00, 0.0000e+00, 
 1DIAGNOSTIC,    17, -9.648423790932e-01, 5.804461097946e-04, 0.0000e+00, 0.0000e+00, 
 1DIAGNOSTIC,    18, -9.656918048859e-01, 4.830268864538e-04, 0.0000e+00, 0.0000e+00, 
 1DIAGNOSTIC,    19, -9.663168787956e-01, 4.009745061631e-04, 0.0000e+00, 0.0000e+00, 
 1DIAGNOSTIC,    20, -9.668153524399e-01, 3.316075539725e-04, 0.0000e+00, 0.0000e+00, 
 1DIAGNOSTIC,    21, -9.671614170074e-01, 2.722309038883e-04, 0.0000e+00, 0.0000e+00, 
 1DIAGNOSTIC,    22, -9.673768877983e-01, 2.196815738854e-04, 0.0000e+00, 0.0000e+00, 
 1DIAGNOSTIC,    23, -9.675289392471e-01, 1.730161828033e-04, 0.0000e+00, 0.0000e+00, 
 1DIAGNOSTIC,    24, -9.676511883736e-01, 1.322452624829e-04, 0.0000e+00, 0.0000e+00, 
 1DIAGNOSTIC,    25, -9.677337408066e-01, 9.807968830777e-05, 0.0000e+00, 0.0000e+00, 
 1DIAGNOSTIC,    26, -9.678208231926e-01, 7.063454996879e-05, 0.0000e+00, 0.0000e+00, 
 1DIAGNOSTIC,    27, -9.679293632507e-01, 5.017720631606e-05, 0.0000e+00, 0.0000e+00, 
 1DIAGNOSTIC,    28, -9.680180549622e-01, 3.641872350946e-05, 0.0000e+00, 0.0000e+00, 
 1DIAGNOSTIC,    29, -9.681472182274e-01, 2.791785524734e-05, 0.0000e+00, 0.0000e+00, 
 1DIAGNOSTIC,    30, -9.682260155678e-01, 2.309013511479e-05, 0.0000e+00, 0.0000e+00, 
 1DIAGNOSTIC,    31, -9.683039784431e-01, 2.051632210031e-05, 1.2800e+02, 1.2800e+02, 
 1DIAGNOSTIC,    32, -9.683690071106e-01, 1.883031646983e-05, 1.2800e+02, 0.0000e+00, 
 1DIAGNOSTIC,    33, -9.684296846390e-01, 1.744084095150e-05, 1.2800e+02, 0.0000e+00, 
 1DIAGNOSTIC,    34, -9.685384035110e-01, 1.656703463501e-05, 1.2800e+02, 0.0000e+00, 
 1DIAGNOSTIC,    35, -9.685788154602e-01, 1.527401399905e-05, 1.2800e+02, 0.0000e+00, 
 1DIAGNOSTIC,    36, -9.686553478241e-01, 1.402979224420e-05, 1.2800e+02, 0.0000e+00, 
 1DIAGNOSTIC,    37, -9.686793088913e-01, 1.265417354763e-05, 1.2800e+02, 0.0000e+00, 
 1DIAGNOSTIC,    38, -9.687314033508e-01, 1.130879837355e-05, 1.2800e+02, 0.0000e+00, 
 1DIAGNOSTIC,    39, -9.687516689301e-01, 1.015189351148e-05, 1.2800e+02, 0.0000e+00, 
 1DIAGNOSTIC,    40, -9.687926173210e-01, 9.039534848782e-06, 1.2800e+02, 0.0000e+00, 
 1DIAGNOSTIC,    41, -9.688102006912e-01, 7.878605110229e-06, 1.2800e+02, 0.0000e+00, 
 1DIAGNOSTIC,    42, -9.688462018967e-01, 6.805284061454e-06, 1.2800e+02, 0.0000e+00, 
 1DIAGNOSTIC,    43, -9.688611030579e-01, 5.707385717695e-06, 1.2800e+02, 0.0000e+00, 
 1DIAGNOSTIC,    44, -9.688943624496e-01, 5.138265802628e-06, 1.2800e+02, 0.0000e+00, 
 1DIAGNOSTIC,    45, -9.689062237740e-01, 4.502845696842e-06, 1.2800e+02, 0.0000e+00, 
 1DIAGNOSTIC,    46, -9.689340591431e-01, 4.203329467406e-06, 1.2800e+02, 0.0000e+00, 
 1DIAGNOSTIC,    47, -9.689441323280e-01, 3.786131077911e-06, 1.2800e+02, 0.0000e+00, 
 1DIAGNOSTIC,    48, -9.689720869064e-01, 3.581607852937e-06, 1.2800e+02, 0.0000e+00, 
 1DIAGNOSTIC,    49, -9.689815640450e-01, 3.278087335367e-06, 1.2800e+02, 0.0000e+00, 
 1DIAGNOSTIC,    50, -9.690068364143e-01, 3.126421942674e-06, 1.2800e+02, 0.0000e+00, 
 1DIAGNOSTIC,    51, -9.690150022507e-01, 2.885685255534e-06, 1.2800e+02, 0.0000e+00, 
 1DIAGNOSTIC,    52, -9.690333008766e-01, 2.746229004424e-06, 1.2800e+02, 0.0000e+00, 
 1DIAGNOSTIC,    53, -9.690392613411e-01, 2.518811660347e-06, 1.2800e+02, 0.0000e+00, 
 1DIAGNOSTIC,    54, -9.690433144569e-01, 2.320042716376e-06, 1.2800e+02, 0.0000e+00, 
 1DIAGNOSTIC,    55, -9.690484404564e-01, 2.051443593304e-06, 1.2800e+02, 0.0000e+00, 
 1DIAGNOSTIC,    56, -9.690622091293e-01, 1.870169457928e-06, 1.2800e+02, 0.0000e+00, 
 1DIAGNOSTIC,    57, -9.690668582916e-01, 1.642101209520e-06, 1.2800e+02, 0.0000e+00, 
 1DIAGNOSTIC,    58, -9.690778255463e-01, 1.516660496310e-06, 1.2800e+02, 0.0000e+00, 
 1DIAGNOSTIC,    59, -9.690834283829e-01, 1.375815520090e-06, 1.2800e+02, 0.0000e+00, 
 1DIAGNOSTIC,    60, -9.690936207771e-01, 1.333861338045e-06, 1.2800e+02, 0.0000e+00, 
 1DIAGNOSTIC,    61, -9.691007733345e-01, 1.286991178098e-06, 1.2800e+02, 0.0000e+00, 
 1DIAGNOSTIC,    62, -9.691094756126e-01, 1.295811302756e-06, 1.2800e+02, 0.0000e+00, 
 1DIAGNOSTIC,    63, -9.691340327263e-01, 1.371963520194e-06, 1.2800e+02, 0.0000e+00, 
 1DIAGNOSTIC,    64, -9.691251516342e-01, 1.337700315074e-06, 1.2800e+02, 0.0000e+00, 
 1DIAGNOSTIC,    65, -9.691501259804e-01, 1.361811327663e-06, 1.2800e+02, 0.0000e+00, 
 1DIAGNOSTIC,    66, -9.691558480263e-01, 1.386180721968e-06, 1.2800e+02, 0.0000e+00, 
 1DIAGNOSTIC,    67, -9.691654443741e-01, 1.384101511057e-06, 1.2800e+02, 0.0000e+00, 
 1DIAGNOSTIC,    68, -9.691690802574e-01, 1.357455691756e-06, 1.2800e+02, 0.0000e+00, 
 1DIAGNOSTIC,    69, -9.691784381866e-01, 1.310025561927e-06, 1.2800e+02, 0.0000e+00, 
 1DIAGNOSTIC,    70, -9.691813588142e-01, 1.236831901869e-06, 1.2800e+02, 0.0000e+00, 
 1DIAGNOSTIC,    71, -9.691914319992e-01, 1.161038797656e-06, 1.2800e+02, 0.0000e+00, 
 1DIAGNOSTIC,    72, -9.691936373711e-01, 1.060607006231e-06, 1.2800e+02, 0.0000e+00, 
 1DIAGNOSTIC,    73, -9.692032933235e-01, 1.044125845794e-06, 1.2800e+02, 0.0000e+00, 
 1DIAGNOSTIC,    74, -9.691532254219e-01, 7.318061084182e-07, 1.2800e+02, 0.0000e+00, 
XXDIAGNOSTIC,Iteration,metricValue,convergenceValue,ITERATION_TIME_INDEX,SINCE_LAST
 1DIAGNOSTIC,     1, -9.069633483887e-01, 1.797693134862e+308, 1.2800e+02, 0.0000e+00, 
 1DIAGNOSTIC,     2, -9.091491103172e-01, 1.797693134862e+308, 1.2800e+02, 0.0000e+00, 
 1DIAGNOSTIC,     3, -9.115864634514e-01, 1.797693134862e+308, 1.2800e+02, 0.0000e+00, 
 1DIAGNOSTIC,     4, -9.145019650459e-01, 1.797693134862e+308, 1.2800e+02, 0.0000e+00, 
 1DIAGNOSTIC,     5, -9.170029163361e-01, 1.797693134862e+308, 1.2800e+02, 0.0000e+00, 
 1DIAGNOSTIC,     6, -9.198662042618e-01, 1.797693134862e+308, 1.2800e+02, 0.0000e+00, 
 1DIAGNOSTIC,     7, -9.220600724220e-01, 1.797693134862e+308, 2.5600e+02, 1.2800e+02, 
 1DIAGNOSTIC,     8, -9.240503907204e-01, 1.797693134862e+308, 2.5600e+02, 0.0000e+00, 
 1DIAGNOSTIC,     9, -9.258520007133e-01, 1.797693134862e+308, 2.5600e+02, 0.0000e+00, 
 1DIAGNOSTIC,    10, -9.273928403854e-01, 1.482501712151e-03, 2.5600e+02, 0.0000e+00, 
 1DIAGNOSTIC,    11, -9.288685917854e-01, 1.272469485369e-03, 2.5600e+02, 0.0000e+00, 
 1DIAGNOSTIC,    12, -9.302905797958e-01, 1.075711440987e-03, 2.5600e+02, 0.0000e+00, 
 1DIAGNOSTIC,    13, -9.315135478973e-01, 8.983114105964e-04, 2.5600e+02, 0.0000e+00, 
 1DIAGNOSTIC,    14, -9.327499270439e-01, 7.557697877634e-04, 2.5600e+02, 0.0000e+00, 
 1DIAGNOSTIC,    15, -9.338370561600e-01, 6.361658937788e-04, 2.5600e+02, 0.0000e+00, 
 1DIAGNOSTIC,    16, -9.345993399620e-01, 5.425239008510e-04, 2.5600e+02, 0.0000e+00, 
 1DIAGNOSTIC,    17, -9.354875683784e-01, 4.654568842057e-04, 2.5600e+02, 0.0000e+00, 
 1DIAGNOSTIC,    18, -9.360924363136e-01, 3.979156915953e-04, 2.5600e+02, 0.0000e+00, 
 1DIAGNOSTIC,    19, -9.366173148155e-01, 3.380544578408e-04, 3.8400e+02, 1.2800e+02, 
 1DIAGNOSTIC,    20, -9.370688796043e-01, 2.832158166650e-04, 3.8400e+02, 0.0000e+00, 
 1DIAGNOSTIC,    21, -9.374546408653e-01, 2.343000744962e-04, 3.8400e+02, 0.0000e+00, 
 1DIAGNOSTIC,    22, -9.376963376999e-01, 1.910742229861e-04, 3.8400e+02, 0.0000e+00, 
 1DIAGNOSTIC,    23, -9.379124045372e-01, 1.528207182163e-04, 3.8400e+02, 0.0000e+00, 
 1DIAGNOSTIC,    24, -9.381102919579e-01, 1.216872321238e-04, 3.8400e+02, 0.0000e+00, 
 1DIAGNOSTIC,    25, -9.382817745209e-01, 9.704948178548e-05, 3.8400e+02, 0.0000e+00, 
 1DIAGNOSTIC,    26, -9.384423494339e-01, 7.597802000443e-05, 3.8400e+02, 0.0000e+00, 
 1DIAGNOSTIC,    27, -9.385939836502e-01, 6.112321510523e-05, 3.8400e+02, 0.0000e+00, 
 1DIAGNOSTIC,    28, -9.387252330780e-01, 4.963928929364e-05, 3.8400e+02, 0.0000e+00, 
 1DIAGNOSTIC,    29, -9.388355612755e-01, 4.098400952388e-05, 3.8400e+02, 0.0000e+00, 
 1DIAGNOSTIC,    30, -9.389410018921e-01, 3.473503578563e-05, 5.1200e+02, 1.2800e+02, 
 1DIAGNOSTIC,    31, -9.390372633934e-01, 3.041273245867e-05, 5.1200e+02, 0.0000e+00, 
 1DIAGNOSTIC,    32, -9.391350150108e-01, 2.677841145429e-05, 5.1200e+02, 0.0000e+00, 
 1DIAGNOSTIC,    33, -9.392209649086e-01, 2.367864215386e-05, 5.1200e+02, 0.0000e+00, 
 1DIAGNOSTIC,    34, -9.393017888069e-01, 2.108330977272e-05, 5.1200e+02, 0.0000e+00, 
 1DIAGNOSTIC,    35, -9.393786191940e-01, 1.886442206828e-05, 5.1200e+02, 0.0000e+00, 
 1DIAGNOSTIC,    36, -9.394480586052e-01, 1.698591018888e-05, 5.1200e+02, 0.0000e+00, 
 1DIAGNOSTIC,    37, -9.395105242729e-01, 1.542040637161e-05, 5.1200e+02, 0.0000e+00, 
 1DIAGNOSTIC,    38, -9.395655393600e-01, 1.402982398461e-05, 5.1200e+02, 0.0000e+00, 
 1DIAGNOSTIC,    39, -9.396142959595e-01, 1.268326983933e-05, 5.1200e+02, 0.0000e+00, 
 1DIAGNOSTIC,    40, -9.396566748619e-01, 1.138675596067e-05, 5.1200e+02, 0.0000e+00, 
 1DIAGNOSTIC,    41, -9.396952390671e-01, 1.013234907372e-05, 5.1200e+02, 0.0000e+00, 
 1DIAGNOSTIC,    42, -9.397280216217e-01, 8.981217108704e-06, 6.4000e+02, 1.2800e+02, 
 1DIAGNOSTIC,    43, -9.397567510605e-01, 7.901709869453e-06, 6.4000e+02, 0.0000e+00, 
 1DIAGNOSTIC,    44, -9.397889971733e-01, 6.961203314979e-06, 6.4000e+02, 0.0000e+00, 
 1DIAGNOSTIC,    45, -9.398071169853e-01, 6.099751950206e-06, 6.4000e+02, 0.0000e+00, 
 1DIAGNOSTIC,    46, -9.398276209831e-01, 5.349832455998e-06, 6.4000e+02, 0.0000e+00, 
 1DIAGNOSTIC,    47, -9.398449659348e-01, 4.697510016274e-06, 6.4000e+02, 0.0000e+00, 
 1DIAGNOSTIC,    48, -9.398586750031e-01, 4.117863263594e-06, 6.4000e+02, 0.0000e+00, 
 1DIAGNOSTIC,    49, -9.398714303970e-01, 3.608678920384e-06, 6.4000e+02, 0.0000e+00, 
 1DIAGNOSTIC,    50, -9.398857355118e-01, 3.177749629307e-06, 6.4000e+02, 0.0000e+00, 
 1DIAGNOSTIC,    51, -9.398955106735e-01, 2.805508924786e-06, 6.4000e+02, 0.0000e+00, 
 1DIAGNOSTIC,    52, -9.399036169052e-01, 2.475340914666e-06, 6.4000e+02, 0.0000e+00, 
 1DIAGNOSTIC,    53, -9.399102330208e-01, 2.178715839025e-06, 7.6800e+02, 1.2800e+02, 
 1DIAGNOSTIC,    54, -9.399175047874e-01, 1.963226860323e-06, 7.6800e+02, 0.0000e+00, 
 1DIAGNOSTIC,    55, -9.399220347404e-01, 1.746629243925e-06, 7.6800e+02, 0.0000e+00, 
 1DIAGNOSTIC,    56, -9.399260878563e-01, 1.557622820097e-06, 7.6800e+02, 0.0000e+00, 
 1DIAGNOSTIC,    57, -9.399293661118e-01, 1.389760512970e-06, 7.6800e+02, 0.0000e+00, 
 1DIAGNOSTIC,    58, -9.399327039719e-01, 1.236543621445e-06, 7.6800e+02, 0.0000e+00, 
 1DIAGNOSTIC,    59, -9.399475455284e-01, 1.163281633063e-06, 7.6800e+02, 0.0000e+00, 
 1DIAGNOSTIC,    60, -9.399510622025e-01, 1.120382689727e-06, 7.6800e+02, 0.0000e+00, 
 1DIAGNOSTIC,    61, -9.399535059929e-01, 1.083293159038e-06, 7.6800e+02, 0.0000e+00, 
 1DIAGNOSTIC,    62, -9.399582743645e-01, 1.057238577479e-06, 7.6800e+02, 0.0000e+00, 
 1DIAGNOSTIC,    63, -9.399587512016e-01, 1.012854155144e-06, 7.6800e+02, 0.0000e+00, 
 1DIAGNOSTIC,    64, -9.399657249451e-01, 9.878162222331e-07, 7.6800e+02, 0.0000e+00, 
XXDIAGNOSTIC,Iteration,metricValue,convergenceValue,ITERATION_TIME_INDEX,SINCE_LAST
 1DIAGNOSTIC,     1, -8.942674398422e-01, 1.797693134862e+308, 8.9600e+02, 1.2800e+02, 
 1DIAGNOSTIC,     2, -8.963093757629e-01, 1.797693134862e+308, 1.0240e+03, 1.2800e+02, 
 1DIAGNOSTIC,     3, -8.989379405975e-01, 1.797693134862e+308, 1.1520e+03, 1.2800e+02, 
 1DIAGNOSTIC,     4, -9.016408920288e-01, 1.797693134862e+308, 1.1520e+03, 0.0000e+00, 
 1DIAGNOSTIC,     5, -9.041811823845e-01, 1.797693134862e+308, 1.2800e+03, 1.2800e+02, 
 1DIAGNOSTIC,     6, -9.063972830772e-01, 1.797693134862e+308, 1.4080e+03, 1.2800e+02, 
 1DIAGNOSTIC,     7, -9.082384705544e-01, 1.797693134862e+308, 1.4080e+03, 0.0000e+00, 
 1DIAGNOSTIC,     8, -9.098684787750e-01, 1.797693134862e+308, 1.5360e+03, 1.2800e+02, 
 1DIAGNOSTIC,     9, -9.113249182701e-01, 1.797693134862e+308, 1.6640e+03, 1.2800e+02, 
 1DIAGNOSTIC,    10, -9.126426577568e-01, 1.342352250689e-03, 1.6640e+03, 0.0000e+00, 
 1DIAGNOSTIC,    11, -9.138466715813e-01, 1.123688916983e-03, 1.7920e+03, 1.2800e+02, 
 1DIAGNOSTIC,    12, -9.149607419968e-01, 9.226936427797e-04, 1.9200e+03, 1.2800e+02, 
 1DIAGNOSTIC,    13, -9.159907102585e-01, 7.569164142163e-04, 2.0480e+03, 1.2800e+02, 
 1DIAGNOSTIC,    14, -9.168181419373e-01, 6.244261222718e-04, 2.0480e+03, 0.0000e+00, 
 1DIAGNOSTIC,    15, -9.177159070969e-01, 5.238698757131e-04, 2.1760e+03, 1.2800e+02, 
 1DIAGNOSTIC,    16, -9.184409379959e-01, 4.449194239137e-04, 2.3040e+03, 1.2800e+02, 
 1DIAGNOSTIC,    17, -9.191240668297e-01, 3.804123886105e-04, 2.3040e+03, 0.0000e+00, 
 1DIAGNOSTIC,    18, -9.197827577591e-01, 3.274251107239e-04, 2.4320e+03, 1.2800e+02, 
 1DIAGNOSTIC,    19, -9.204219579697e-01, 2.839169242093e-04, 2.5600e+03, 1.2800e+02, 
 1DIAGNOSTIC,    20, -9.210344552994e-01, 2.483091282050e-04, 2.5600e+03, 0.0000e+00, 
 1DIAGNOSTIC,    21, -9.216297864914e-01, 2.195188557218e-04, 2.6880e+03, 1.2800e+02, 
 1DIAGNOSTIC,    22, -9.222088456154e-01, 1.967104680530e-04, 2.8160e+03, 1.2800e+02, 
 1DIAGNOSTIC,    23, -9.227765798569e-01, 1.790531054243e-04, 2.9440e+03, 1.2800e+02, 
 1DIAGNOSTIC,    24, -9.233365058899e-01, 1.639560267922e-04, 2.9440e+03, 0.0000e+00, 
 1DIAGNOSTIC,    25, -9.238775968552e-01, 1.525152600356e-04, 3.0720e+03, 1.2800e+02, 
 1DIAGNOSTIC,    26, -9.243914484978e-01, 1.423808262963e-04, 3.2000e+03, 1.2800e+02, 
 1DIAGNOSTIC,    27, -9.248719811440e-01, 1.329459535820e-04, 3.2000e+03, 0.0000e+00, 
 1DIAGNOSTIC,    28, -9.253193736076e-01, 1.238894052018e-04, 3.3280e+03, 1.2800e+02, 
 1DIAGNOSTIC,    29, -9.257361888885e-01, 1.150443953688e-04, 3.4560e+03, 1.2800e+02, 
 1DIAGNOSTIC,    30, -9.261182546616e-01, 1.061867601164e-04, 3.5840e+03, 1.2800e+02, 
 1DIAGNOSTIC,    31, -9.264671802521e-01, 9.729510740919e-05, 3.5840e+03, 0.0000e+00, 
 1DIAGNOSTIC,    32, -9.267922043800e-01, 8.850482099991e-05, 3.7120e+03, 1.2800e+02, 
 1DIAGNOSTIC,    33, -9.270909428596e-01, 7.999600266682e-05, 3.8400e+03, 1.2800e+02, 
 1DIAGNOSTIC,    34, -9.273697733879e-01, 7.204450093095e-05, 3.8400e+03, 0.0000e+00, 
 1DIAGNOSTIC,    35, -9.276291131973e-01, 6.479683218448e-05, 3.9680e+03, 1.2800e+02, 
 1DIAGNOSTIC,    36, -9.278730154037e-01, 5.832397168215e-05, 4.0960e+03, 1.2800e+02, 
 1DIAGNOSTIC,    37, -9.281023144722e-01, 5.260847130209e-05, 4.0960e+03, 0.0000e+00, 
 1DIAGNOSTIC,    38, -9.283189177513e-01, 4.761254555121e-05, 4.2240e+03, 1.2800e+02, 
 1DIAGNOSTIC,    39, -9.285222291946e-01, 4.327996978879e-05, 4.3520e+03, 1.2800e+02, 
 1DIAGNOSTIC,    40, -9.287166595459e-01, 3.952369854740e-05, 4.4800e+03, 1.2800e+02, 
 1DIAGNOSTIC,    41, -9.289001226425e-01, 3.622479056844e-05, 4.4800e+03, 0.0000e+00, 
 1DIAGNOSTIC,    42, -9.290780425072e-01, 3.335931338170e-05, 4.6080e+03, 1.2800e+02, 
 1DIAGNOSTIC,    43, -9.292431473732e-01, 3.080808028922e-05, 4.7360e+03, 1.2800e+02, 
 1DIAGNOSTIC,    44, -9.294068217278e-01, 2.857238324618e-05, 4.7360e+03, 0.0000e+00, 
 1DIAGNOSTIC,    45, -9.295575022697e-01, 2.655469344020e-05, 4.8640e+03, 1.2800e+02, 
 1DIAGNOSTIC,    46, -9.297015070915e-01, 2.472669958695e-05, 4.9920e+03, 1.2800e+02, 
 1DIAGNOSTIC,    47, -9.298375248909e-01, 2.304852033762e-05, 5.1200e+03, 1.2800e+02, 
 1DIAGNOSTIC,    48, -9.299684762955e-01, 2.150799415827e-05, 5.1200e+03, 0.0000e+00, 
 1DIAGNOSTIC,    49, -9.300970435143e-01, 2.009953913522e-05, 5.2480e+03, 1.2800e+02, 
 1DIAGNOSTIC,    50, -9.302189350128e-01, 1.881263076359e-05, 5.3760e+03, 1.2800e+02, 
XXDIAGNOSTIC,Iteration,metricValue,convergenceValue,ITERATION_TIME_INDEX,SINCE_LAST
 1DIAGNOSTIC,     1, -8.860757350922e-01, 1.797693134862e+308, 6.1440e+03, 7.6800e+02, 
 1DIAGNOSTIC,     2, -8.872901201248e-01, 1.797693134862e+308, 7.0400e+03, 8.9600e+02, 
 1DIAGNOSTIC,     3, -8.889523744583e-01, 1.797693134862e+308, 7.8080e+03, 7.6800e+02, 
 1DIAGNOSTIC,     4, -8.905878663063e-01, 1.797693134862e+308, 8.7040e+03, 8.9600e+02, 
 1DIAGNOSTIC,     5, -8.921082019806e-01, 1.797693134862e+308, 9.4720e+03, 7.6800e+02, 
 1DIAGNOSTIC,     6, -8.935568928719e-01, 1.797693134862e+308, 1.0368e+04, 8.9600e+02, 
 1DIAGNOSTIC,     7, -8.948659300804e-01, 1.797693134862e+308, 1.1136e+04, 7.6800e+02, 
 1DIAGNOSTIC,     8, -8.959584236145e-01, 1.797693134862e+308, 1.2032e+04, 8.9600e+02, 
 1DIAGNOSTIC,     9, -8.969771265984e-01, 1.797693134862e+308, 1.2800e+04, 7.6800e+02, 
 1DIAGNOSTIC,    10, -8.979352116585e-01, 8.782555177701e-04, 1.3568e+04, 7.6800e+02, 
 1DIAGNOSTIC,    11, -8.988372683525e-01, 7.520866962112e-04, 1.4464e+04, 8.9600e+02, 
 1DIAGNOSTIC,    12, -8.996989130974e-01, 6.340515824779e-04, 1.5232e+04, 7.6800e+02, 
 1DIAGNOSTIC,    13, -9.005265235901e-01, 5.374180498346e-04, 1.6128e+04, 8.9600e+02, 
 1DIAGNOSTIC,    14, -9.013345241547e-01, 4.608962545479e-04, 1.6896e+04, 7.6800e+02, 
 1DIAGNOSTIC,    15, -9.020094275475e-01, 3.986067324488e-04, 1.7792e+04, 8.9600e+02, 
 1DIAGNOSTIC,    16, -9.027773737907e-01, 3.512538524637e-04, 1.8560e+04, 7.6800e+02, 
 1DIAGNOSTIC,    17, -9.035886526108e-01, 3.164519896936e-04, 1.9328e+04, 7.6800e+02, 
 1DIAGNOSTIC,    18, -9.041303396225e-01, 2.848131138266e-04, 2.0224e+04, 8.9600e+02, 
 1DIAGNOSTIC,    19, -9.047800302505e-01, 2.578793925602e-04, 2.0992e+04, 7.6800e+02, 
 1DIAGNOSTIC,    20, -9.052835106850e-01, 2.327171099066e-04, 2.1888e+04, 8.9600e+02, 
  Elapsed time (stage 0): 21888


Total elapsed time: 21888
