
##########################
# Experiment information #
##########################
SIF_IMG: /project/rrg-glatard/mdugre/containers/ants-p2-vprec.sif
EXPERIMENT_NAME: vprec-space_search
CONFIG: 0001
VFC_BACKENDS: libinterflop_vprec.so --range-binary32=7 --precision-binary32=8 --range-binary64=7 --precision-binary64=8

FIXED_IMG: /templateflow/tpl-MNI152NLin2009cAsym/tpl-MNI152NLin2009cAsym_res-01_desc-brain_T1w.nii.gz
SUBJECT_ID: 0003045
INPUT_IMG: /project/rrg-glatard/mdugre/datasets/corr/RawDataBIDS/BMB_1/derivatives/antsBrainExtraction/sub-0003045/BrainExtractionBrain.nii.gz
OUTPUT_DIR: /project/rrg-glatard/mdugre/datasets/corr/RawDataBIDS/BMB_1/derivatives/vprec-space_search/0001/r7-p8/sub-0003045

ITK_GLOBAL_DEFAULT_NUMBER_OF_THREADS: 8
##########################

VFC_BACKENDS=libinterflop_ieee.so
Info [verificarlo]: loaded backend libinterflop_ieee.so
Info [interflop-ieee]: load backend with:
Info [interflop-ieee]: debug = false
Info [interflop-ieee]: debug-binary = false
Info [interflop-ieee]: no-backend-name = false
Info [interflop-ieee]: print-new-line = false
Info [interflop-ieee]: print-subnormal-normalized = false
Info [interflop-ieee]: count-op = false
All_Command_lines_OK
Using double precision for computations.
=============================================================================
The composite transform comprises the following transforms (in order): 
  1. Center of mass alignment using fixed image: /templateflow/tpl-MNI152NLin2009cAsym/tpl-MNI152NLin2009cAsym_res-01_desc-brain_T1w.nii.gz and moving image: /project/rrg-glatard/mdugre/datasets/corr/RawDataBIDS/BMB_1/derivatives/antsBrainExtraction/sub-0003045/BrainExtractionBrain.nii.gz (type = Euler3DTransform)
=============================================================================
  number of levels = 1
  fixed image: /templateflow/tpl-MNI152NLin2009cAsym/tpl-MNI152NLin2009cAsym_res-01_desc-brain_T1w.nii.gz
  moving image: /project/rrg-glatard/mdugre/datasets/corr/RawDataBIDS/BMB_1/derivatives/antsBrainExtraction/sub-0003045/BrainExtractionBrain.nii.gz
Dimension = 3
Number of stages = 1
Use histogram matching = false
Winsorize image intensities = true
  Lower quantile = 0.005
  Upper quantile = 0.995


Stage 1 State
   Image metric = MattesMI
     Fixed image = Image (0x42d3390)
  RTTI typeinfo:   itk::Image<double, 3u>
  Reference Count: 2
  Modified Time: 2334
  Debug: Off
  Object Name: 
  Observers: 
    none
  Source: (none)
  Source output name: (none)
  Release Data: Off
  Data Released: False
  Global Release Data: Off
  PipelineMTime: 0
  UpdateMTime: 1943
  RealTimeStamp: 0 seconds 
  LargestPossibleRegion: 
    Dimension: 3
    Index: [0, 0, 0]
    Size: [193, 229, 193]
  BufferedRegion: 
    Dimension: 3
    Index: [0, 0, 0]
    Size: [193, 229, 193]
  RequestedRegion: 
    Dimension: 3
    Index: [0, 0, 0]
    Size: [193, 229, 193]
  Spacing: [1, 1, 1]
  Origin: [96, 132, -78]
  Direction: 
-1 0 0
0 -1 0
0 0 1

  IndexToPointMatrix: 
-1 0 0
0 -1 0
0 0 1

  PointToIndexMatrix: 
-1 0 0
0 -1 0
0 0 1

  Inverse Direction: 
-1 0 0
0 -1 0
0 0 1

  PixelContainer: 
    ImportImageContainer (0x439ea90)
      RTTI typeinfo:   itk::ImportImageContainer<unsigned long, double>
      Reference Count: 1
      Modified Time: 1940
      Debug: Off
      Object Name: 
      Observers: 
        none
      Pointer: 0x145d79fc5010
      Container manages memory: true
      Size: 8530021
      Capacity: 8530021

     Moving image = Image (0x42d1290)
  RTTI typeinfo:   itk::Image<double, 3u>
  Reference Count: 2
  Modified Time: 2335
  Debug: Off
  Object Name: 
  Observers: 
    none
  Source: (none)
  Source output name: (none)
  Release Data: Off
  Data Released: False
  Global Release Data: Off
  PipelineMTime: 0
  UpdateMTime: 2332
  RealTimeStamp: 0 seconds 
  LargestPossibleRegion: 
    Dimension: 3
    Index: [0, 0, 0]
    Size: [176, 256, 256]
  BufferedRegion: 
    Dimension: 3
    Index: [0, 0, 0]
    Size: [176, 256, 256]
  RequestedRegion: 
    Dimension: 3
    Index: [0, 0, 0]
    Size: [176, 256, 256]
  Spacing: [1, 1, 1]
  Origin: [-81.7588, 129.867, -125.164]
  Direction: 
1 0 0
0 -1 0
0 0 1

  IndexToPointMatrix: 
1 0 0
0 -1 0
0 0 1

  PointToIndexMatrix: 
1 0 0
0 -1 0
0 0 1

  Inverse Direction: 
1 0 0
0 -1 0
0 0 1

  PixelContainer: 
    ImportImageContainer (0x42fe850)
      RTTI typeinfo:   itk::ImportImageContainer<unsigned long, double>
      Reference Count: 1
      Modified Time: 2329
      Debug: Off
      Object Name: 
      Observers: 
        none
      Pointer: 0x145d747c4010
      Container manages memory: true
      Size: 11534336
      Capacity: 11534336

     Weighting = 1
     Sampling strategy = regular
     Number of bins = 32
     Radius = 4
     Sampling percentage  = 0.25
   Transform = Rigid
     Gradient step = 0.1
     Update field sigma (voxel space) = 0
     Total field sigma (voxel space) = 0
     Update field time sigma = 0
     Total field time sigma  = 0
     Number of time indices = 0
     Number of time point samples = 0
Registration using 1 total stages.

Stage 0
  iterations = 0
  convergence threshold = 1e-06
  convergence window size = 10
  number of levels = 1
  using the Mattes MI metric (number of bins = 32, weight = 1, use gradient filter = 0)
  preprocessing:  winsorizing the image intensities
  Shrink factors (level 1 out of 1): [1, 1, 1]
  smoothing sigmas per level: [0]
  regular sampling (percentage = 0.25)

*** Running Euler3DTransform registration ***

  Elapsed time (stage 0): 0.970918


Total elapsed time: 0.97235
VFC_BACKENDS=libinterflop_ieee.so
Info [verificarlo]: loaded backend libinterflop_ieee.so
Info [interflop-ieee]: load backend with:
Info [interflop-ieee]: debug = false
Info [interflop-ieee]: debug-binary = false
Info [interflop-ieee]: no-backend-name = false
Info [interflop-ieee]: print-new-line = false
Info [interflop-ieee]: print-subnormal-normalized = false
Info [interflop-ieee]: count-op = false
All_Command_lines_OK
Using double precision for computations.
=============================================================================
The composite transform comprises the following transforms (in order): 
  1. /project/rrg-glatard/mdugre/datasets/corr/RawDataBIDS/BMB_1/derivatives/vprec-space_search/0001/r7-p8/sub-0003045/align_Composite.h5[0] (type = Euler3DTransform)
  2. /project/rrg-glatard/mdugre/datasets/corr/RawDataBIDS/BMB_1/derivatives/vprec-space_search/0001/r7-p8/sub-0003045/align_Composite.h5[1] (type = Euler3DTransform)
=============================================================================
  number of levels = 4
  fixed image: /templateflow/tpl-MNI152NLin2009cAsym/tpl-MNI152NLin2009cAsym_res-01_desc-brain_T1w.nii.gz
  moving image: /project/rrg-glatard/mdugre/datasets/corr/RawDataBIDS/BMB_1/derivatives/antsBrainExtraction/sub-0003045/BrainExtractionBrain.nii.gz
Dimension = 3
Number of stages = 1
Use histogram matching = false
Winsorize image intensities = true
  Lower quantile = 0.005
  Upper quantile = 0.995


Stage 1 State
   Image metric = MattesMI
     Fixed image = Image (0x5027650)
  RTTI typeinfo:   itk::Image<double, 3u>
  Reference Count: 2
  Modified Time: 1580
  Debug: Off
  Object Name: 
  Observers: 
    none
  Source: (none)
  Source output name: (none)
  Release Data: Off
  Data Released: False
  Global Release Data: Off
  PipelineMTime: 0
  UpdateMTime: 1189
  RealTimeStamp: 0 seconds 
  LargestPossibleRegion: 
    Dimension: 3
    Index: [0, 0, 0]
    Size: [193, 229, 193]
  BufferedRegion: 
    Dimension: 3
    Index: [0, 0, 0]
    Size: [193, 229, 193]
  RequestedRegion: 
    Dimension: 3
    Index: [0, 0, 0]
    Size: [193, 229, 193]
  Spacing: [1, 1, 1]
  Origin: [96, 132, -78]
  Direction: 
-1 0 0
0 -1 0
0 0 1

  IndexToPointMatrix: 
-1 0 0
0 -1 0
0 0 1

  PointToIndexMatrix: 
-1 0 0
0 -1 0
0 0 1

  Inverse Direction: 
-1 0 0
0 -1 0
0 0 1

  PixelContainer: 
    ImportImageContainer (0x50e5420)
      RTTI typeinfo:   itk::ImportImageContainer<unsigned long, double>
      Reference Count: 1
      Modified Time: 1186
      Debug: Off
      Object Name: 
      Observers: 
        none
      Pointer: 0x14c03445d010
      Container manages memory: true
      Size: 8530021
      Capacity: 8530021

     Moving image = Image (0x50e2520)
  RTTI typeinfo:   itk::Image<double, 3u>
  Reference Count: 2
  Modified Time: 1581
  Debug: Off
  Object Name: 
  Observers: 
    none
  Source: (none)
  Source output name: (none)
  Release Data: Off
  Data Released: False
  Global Release Data: Off
  PipelineMTime: 0
  UpdateMTime: 1578
  RealTimeStamp: 0 seconds 
  LargestPossibleRegion: 
    Dimension: 3
    Index: [0, 0, 0]
    Size: [176, 256, 256]
  BufferedRegion: 
    Dimension: 3
    Index: [0, 0, 0]
    Size: [176, 256, 256]
  RequestedRegion: 
    Dimension: 3
    Index: [0, 0, 0]
    Size: [176, 256, 256]
  Spacing: [1, 1, 1]
  Origin: [-81.7588, 129.867, -125.164]
  Direction: 
1 0 0
0 -1 0
0 0 1

  IndexToPointMatrix: 
1 0 0
0 -1 0
0 0 1

  PointToIndexMatrix: 
1 0 0
0 -1 0
0 0 1

  Inverse Direction: 
1 0 0
0 -1 0
0 0 1

  PixelContainer: 
    ImportImageContainer (0x510ff10)
      RTTI typeinfo:   itk::ImportImageContainer<unsigned long, double>
      Reference Count: 1
      Modified Time: 1575
      Debug: Off
      Object Name: 
      Observers: 
        none
      Pointer: 0x14c02ec5c010
      Container manages memory: true
      Size: 11534336
      Capacity: 11534336

     Weighting = 1
     Sampling strategy = regular
     Number of bins = 32
     Radius = 4
     Sampling percentage  = 0.25
   Transform = Rigid
     Gradient step = 0.1
     Update field sigma (voxel space) = 0
     Total field sigma (voxel space) = 0
     Update field time sigma = 0
     Total field time sigma  = 0
     Number of time indices = 0
     Number of time point samples = 0
Registration using 1 total stages.

Stage 0
  iterations = 1000x500x250x100
  convergence threshold = 1e-06
  convergence window size = 10
  number of levels = 4
  using the Mattes MI metric (number of bins = 32, weight = 1, use gradient filter = 0)
  preprocessing:  winsorizing the image intensities
  Shrink factors (level 1 out of 4): [8, 8, 8]
  Shrink factors (level 2 out of 4): [4, 4, 4]
  Shrink factors (level 3 out of 4): [2, 2, 2]
  Shrink factors (level 4 out of 4): [1, 1, 1]
  smoothing sigmas per level: [3, 2, 1, 0]
  regular sampling (percentage = 0.25)

*** Running Euler3DTransform registration ***

DIAGNOSTIC,Iteration,metricValue,convergenceValue,ITERATION_TIME_INDEX,SINCE_LAST
 2DIAGNOSTIC,     1, -4.811770553333e-01, 1.797693134862e+308, 1.2124e+00, 1.2124e+00, 
 2DIAGNOSTIC,     2, -4.830994911966e-01, 1.797693134862e+308, 1.2171e+00, 4.6680e-03, 
 2DIAGNOSTIC,     3, -4.858477185277e-01, 1.797693134862e+308, 1.2219e+00, 4.7748e-03, 
 2DIAGNOSTIC,     4, -4.897616956611e-01, 1.797693134862e+308, 1.2265e+00, 4.6110e-03, 
 2DIAGNOSTIC,     5, -4.939231282984e-01, 1.797693134862e+308, 1.2311e+00, 4.5791e-03, 
 2DIAGNOSTIC,     6, -4.959468952725e-01, 1.797693134862e+308, 1.2356e+00, 4.5309e-03, 
 2DIAGNOSTIC,     7, -4.994379975040e-01, 1.797693134862e+308, 1.2403e+00, 4.7491e-03, 
 2DIAGNOSTIC,     8, -5.158198394277e-01, 1.797693134862e+308, 1.2469e+00, 6.5641e-03, 
 2DIAGNOSTIC,     9, -5.174477738512e-01, 1.797693134862e+308, 1.2525e+00, 5.6171e-03, 
 2DIAGNOSTIC,    10, -5.172528673717e-01, 5.252801214130e-03, 1.2582e+00, 5.6870e-03, 
 2DIAGNOSTIC,    11, -5.171440925698e-01, 4.745099414259e-03, 1.2639e+00, 5.6810e-03, 
 2DIAGNOSTIC,    12, -5.171633715111e-01, 3.989440899644e-03, 1.2690e+00, 5.1091e-03, 
 2DIAGNOSTIC,    13, -5.169320573977e-01, 3.089663705242e-03, 1.2742e+00, 5.2419e-03, 
 2DIAGNOSTIC,    14, -5.168341589212e-01, 2.191081014588e-03, 1.2794e+00, 5.1599e-03, 
 2DIAGNOSTIC,    15, -5.167808667442e-01, 1.379537703349e-03, 1.2858e+00, 6.3870e-03, 
 2DIAGNOSTIC,    16, -5.168193889623e-01, 6.225266069581e-04, 1.2909e+00, 5.0941e-03, 
DIAGNOSTIC,Iteration,metricValue,convergenceValue,ITERATION_TIME_INDEX,SINCE_LAST
 2DIAGNOSTIC,     1, -4.208201689075e-01, 1.797693134862e+308, 2.5806e+00, 1.2897e+00, 
 2DIAGNOSTIC,     2, -4.211794273606e-01, 1.797693134862e+308, 2.6170e+00, 3.6407e-02, 
 2DIAGNOSTIC,     3, -4.217739532941e-01, 1.797693134862e+308, 2.6535e+00, 3.6519e-02, 
 2DIAGNOSTIC,     4, -4.224612874230e-01, 1.797693134862e+308, 2.6911e+00, 3.7582e-02, 
 2DIAGNOSTIC,     5, -4.230047024419e-01, 1.797693134862e+308, 2.7280e+00, 3.6942e-02, 
 2DIAGNOSTIC,     6, -4.235317541684e-01, 1.797693134862e+308, 2.7703e+00, 4.2228e-02, 
 2DIAGNOSTIC,     7, -4.240091291153e-01, 1.797693134862e+308, 2.8171e+00, 4.6819e-02, 
 2DIAGNOSTIC,     8, -4.242695814772e-01, 1.797693134862e+308, 2.8549e+00, 3.7817e-02, 
 2DIAGNOSTIC,     9, -4.255996725486e-01, 1.797693134862e+308, 2.8927e+00, 3.7788e-02, 
 2DIAGNOSTIC,    10, -4.301200124215e-01, 1.057904987054e-03, 2.9352e+00, 4.2513e-02, 
 2DIAGNOSTIC,    11, -4.325419370313e-01, 1.313135630793e-03, 2.9946e+00, 5.9424e-02, 
 2DIAGNOSTIC,    12, -4.328069924672e-01, 1.442273190824e-03, 3.0354e+00, 4.0787e-02, 
 2DIAGNOSTIC,    13, -4.329229514031e-01, 1.461946184076e-03, 3.0805e+00, 4.5104e-02, 
 2DIAGNOSTIC,    14, -4.329102215884e-01, 1.378371769069e-03, 3.1217e+00, 4.1202e-02, 
 2DIAGNOSTIC,    15, -4.329083676413e-01, 1.200683081140e-03, 3.1581e+00, 3.6411e-02, 
 2DIAGNOSTIC,    16, -4.328992084743e-01, 9.553296990612e-04, 3.1990e+00, 4.0892e-02, 
 2DIAGNOSTIC,    17, -4.328813057180e-01, 6.721601562397e-04, 3.2349e+00, 3.5886e-02, 
 2DIAGNOSTIC,    18, -4.328830571136e-01, 3.706022794578e-04, 3.2715e+00, 3.6546e-02, 
 2DIAGNOSTIC,    19, -4.328766633601e-01, 1.098719598924e-04, 3.3125e+00, 4.0996e-02, 
 2DIAGNOSTIC,    20, -4.328857158510e-01, 1.360649635886e-05, 3.3487e+00, 3.6230e-02, 
 2DIAGNOSTIC,    21, -4.328879631851e-01, 1.849507952463e-06, 3.3893e+00, 4.0622e-02, 
DIAGNOSTIC,Iteration,metricValue,convergenceValue,ITERATION_TIME_INDEX,SINCE_LAST
 2DIAGNOSTIC,     1, -3.762289369925e-01, 1.797693134862e+308, 4.9930e+00, 1.6037e+00, 
 2DIAGNOSTIC,     2, -3.764544499929e-01, 1.797693134862e+308, 5.2892e+00, 2.9613e-01, 
 2DIAGNOSTIC,     3, -3.766943245415e-01, 1.797693134862e+308, 5.6223e+00, 3.3310e-01, 
 2DIAGNOSTIC,     4, -3.768767238327e-01, 1.797693134862e+308, 5.9605e+00, 3.3821e-01, 
 2DIAGNOSTIC,     5, -3.768955836007e-01, 1.797693134862e+308, 6.2857e+00, 3.2521e-01, 
 2DIAGNOSTIC,     6, -3.769146260205e-01, 1.797693134862e+308, 6.6544e+00, 3.6869e-01, 
 2DIAGNOSTIC,     7, -3.769101082383e-01, 1.797693134862e+308, 7.1974e+00, 5.4307e-01, 
 2DIAGNOSTIC,     8, -3.769084863621e-01, 1.797693134862e+308, 7.5322e+00, 3.3480e-01, 
 2DIAGNOSTIC,     9, -3.769086070893e-01, 1.797693134862e+308, 7.8340e+00, 3.0172e-01, 
 2DIAGNOSTIC,    10, -3.769123214445e-01, 9.741550171481e-05, 8.1365e+00, 3.0258e-01, 
 2DIAGNOSTIC,    11, -3.769158243360e-01, 4.948574293266e-05, 8.4897e+00, 3.5315e-01, 
 2DIAGNOSTIC,    12, -3.769168124072e-01, 1.932890476374e-05, 8.7934e+00, 3.0376e-01, 
 2DIAGNOSTIC,    13, -3.769204988986e-01, 6.173270555784e-06, 9.0894e+00, 2.9596e-01, 
 2DIAGNOSTIC,    14, -3.769248417057e-01, 4.596627956877e-06, 9.4413e+00, 3.5193e-01, 
 2DIAGNOSTIC,    15, -3.769268735583e-01, 4.030015473055e-06, 9.8009e+00, 3.5956e-01, 
 2DIAGNOSTIC,    16, -3.769313452927e-01, 4.471847561666e-06, 1.0140e+01, 3.3951e-01, 
 2DIAGNOSTIC,    17, -3.769324163569e-01, 4.481594694489e-06, 1.0500e+01, 3.5972e-01, 
 2DIAGNOSTIC,    18, -3.769337608266e-01, 4.240566124539e-06, 1.0803e+01, 3.0319e-01, 
 2DIAGNOSTIC,    19, -3.769397991745e-01, 4.036430325649e-06, 1.1141e+01, 3.3795e-01, 
 2DIAGNOSTIC,    20, -3.769517171503e-01, 4.213837400922e-06, 1.1450e+01, 3.0835e-01, 
 2DIAGNOSTIC,    21, -3.769728757775e-01, 5.006767651597e-06, 1.1788e+01, 3.3860e-01, 
 2DIAGNOSTIC,    22, -3.770396083776e-01, 7.708357754266e-06, 1.2436e+01, 6.4817e-01, 
 2DIAGNOSTIC,    23, -3.770396530546e-01, 9.661032067412e-06, 1.2793e+01, 3.5686e-01, 
 2DIAGNOSTIC,    24, -3.770380670800e-01, 1.079332149578e-05, 1.3104e+01, 3.1062e-01, 
 2DIAGNOSTIC,    25, -3.770390210228e-01, 1.105827830718e-05, 1.3494e+01, 3.8976e-01, 
 2DIAGNOSTIC,    26, -3.770386440628e-01, 1.048344900224e-05, 1.3802e+01, 3.0864e-01, 
 2DIAGNOSTIC,    27, -3.770383255375e-01, 9.072699362622e-06, 1.4113e+01, 3.1105e-01, 
 2DIAGNOSTIC,    28, -3.770390464446e-01, 7.076223084768e-06, 1.4453e+01, 3.3922e-01, 
 2DIAGNOSTIC,    29, -3.770372908423e-01, 4.793741660271e-06, 1.4755e+01, 3.0212e-01, 
 2DIAGNOSTIC,    30, -3.770379962082e-01, 2.637372613856e-06, 1.5088e+01, 3.3285e-01, 
DIAGNOSTIC,Iteration,metricValue,convergenceValue,ITERATION_TIME_INDEX,SINCE_LAST
 2DIAGNOSTIC,     1, -3.484250639008e-01, 1.797693134862e+308, 1.8260e+01, 3.1723e+00, 
 2DIAGNOSTIC,     2, -3.484719034425e-01, 1.797693134862e+308, 2.0415e+01, 2.1554e+00, 
 2DIAGNOSTIC,     3, -3.485614774098e-01, 1.797693134862e+308, 2.2532e+01, 2.1164e+00, 
 2DIAGNOSTIC,     4, -3.486433981364e-01, 1.797693134862e+308, 2.4727e+01, 2.1958e+00, 
 2DIAGNOSTIC,     5, -3.488549750456e-01, 1.797693134862e+308, 2.8095e+01, 3.3678e+00, 
 2DIAGNOSTIC,     6, -3.489158753357e-01, 1.797693134862e+308, 3.0247e+01, 2.1513e+00, 
 2DIAGNOSTIC,     7, -3.489252890047e-01, 1.797693134862e+308, 3.2664e+01, 2.4175e+00, 
 2DIAGNOSTIC,     8, -3.489374169192e-01, 1.797693134862e+308, 3.5026e+01, 2.3623e+00, 
 2DIAGNOSTIC,     9, -3.489479309630e-01, 1.797693134862e+308, 3.7449e+01, 2.4222e+00, 
 2DIAGNOSTIC,    10, -3.489711591065e-01, 1.146243717252e-04, 3.9693e+01, 2.2443e+00, 
 2DIAGNOSTIC,    11, -3.492721819949e-01, 1.074852322126e-04, 4.1858e+01, 2.1652e+00, 
 2DIAGNOSTIC,    12, -3.495617584709e-01, 1.145353558815e-04, 4.4326e+01, 2.4680e+00, 
 2DIAGNOSTIC,    13, -3.497381933269e-01, 1.268495410629e-04, 4.6804e+01, 2.4782e+00, 
 2DIAGNOSTIC,    14, -3.500803584174e-01, 1.506362533675e-04, 4.9297e+01, 2.4926e+00, 
 2DIAGNOSTIC,    15, -3.501885696727e-01, 1.747313535557e-04, 5.1930e+01, 2.6333e+00, 
 2DIAGNOSTIC,    16, -3.502245880859e-01, 1.847926200744e-04, 5.4367e+01, 2.4368e+00, 
 2DIAGNOSTIC,    17, -3.502594132544e-01, 1.789255626085e-04, 5.6873e+01, 2.5057e+00, 
 2DIAGNOSTIC,    18, -3.502725221073e-01, 1.585326236231e-04, 5.9349e+01, 2.4767e+00, 
 2DIAGNOSTIC,    19, -3.502725508389e-01, 1.262822942763e-04, 6.1715e+01, 2.3655e+00, 
 2DIAGNOSTIC,    20, -3.502725477057e-01, 8.643788744797e-05, 6.3898e+01, 2.1827e+00, 
 2DIAGNOSTIC,    21, -3.502759560570e-01, 5.422617665066e-05, 6.6081e+01, 2.1833e+00, 
 2DIAGNOSTIC,    22, -3.502825792238e-01, 3.097678954381e-05, 6.8257e+01, 2.1759e+00, 
 2DIAGNOSTIC,    23, -3.502922997726e-01, 1.327503448742e-05, 7.0653e+01, 2.3957e+00, 
 2DIAGNOSTIC,    24, -3.503195671602e-01, 8.375546847648e-06, 7.4285e+01, 3.6319e+00, 
 2DIAGNOSTIC,    25, -3.503410718541e-01, 7.394162061344e-06, 7.6958e+01, 2.6733e+00, 
 2DIAGNOSTIC,    26, -3.503412738478e-01, 7.012625235087e-06, 7.9135e+01, 2.1773e+00, 
 2DIAGNOSTIC,    27, -3.503418559025e-01, 7.185243604983e-06, 8.1488e+01, 2.3528e+00, 
 2DIAGNOSTIC,    28, -3.503435328538e-01, 7.211284372512e-06, 8.3889e+01, 2.4010e+00, 
 2DIAGNOSTIC,    29, -3.503452904829e-01, 6.699024357119e-06, 8.6285e+01, 2.3966e+00, 
 2DIAGNOSTIC,    30, -3.503459663507e-01, 5.700354718044e-06, 8.8684e+01, 2.3982e+00, 
 2DIAGNOSTIC,    31, -3.503486805418e-01, 4.495967880713e-06, 9.1027e+01, 2.3430e+00, 
 2DIAGNOSTIC,    32, -3.503494935676e-01, 3.235931383190e-06, 9.3482e+01, 2.4558e+00, 
 2DIAGNOSTIC,    33, -3.503518406894e-01, 2.123869682659e-06, 9.7362e+01, 3.8793e+00, 
 2DIAGNOSTIC,    34, -3.503519054883e-01, 1.604877808169e-06, 1.0401e+02, 6.6519e+00, 
 2DIAGNOSTIC,    35, -3.503519054877e-01, 1.552292606878e-06, 1.0975e+02, 5.7345e+00, 
 2DIAGNOSTIC,    36, -3.503519054877e-01, 1.446590971180e-06, 1.1276e+02, 3.0068e+00, 
 2DIAGNOSTIC,    37, -3.503519054877e-01, 1.304900143197e-06, 1.1489e+02, 2.1342e+00, 
 2DIAGNOSTIC,    38, -3.503519054877e-01, 1.163382151566e-06, 1.1766e+02, 2.7670e+00, 
 2DIAGNOSTIC,    39, -3.503519054877e-01, 1.035112832490e-06, 1.2015e+02, 2.4932e+00, 
  Elapsed time (stage 0): 1.2137e+02


Total elapsed time: 1.2137e+02
VFC_BACKENDS=libinterflop_ieee.so
Info [verificarlo]: loaded backend libinterflop_ieee.so
Info [interflop-ieee]: load backend with:
Info [interflop-ieee]: debug = false
Info [interflop-ieee]: debug-binary = false
Info [interflop-ieee]: no-backend-name = false
Info [interflop-ieee]: print-new-line = false
Info [interflop-ieee]: print-subnormal-normalized = false
Info [interflop-ieee]: count-op = false
All_Command_lines_OK
Using double precision for computations.
=============================================================================
The composite transform comprises the following transforms (in order): 
  1. /project/rrg-glatard/mdugre/datasets/corr/RawDataBIDS/BMB_1/derivatives/vprec-space_search/0001/r7-p8/sub-0003045/rigid_Composite.h5[0] (type = Euler3DTransform)
  2. /project/rrg-glatard/mdugre/datasets/corr/RawDataBIDS/BMB_1/derivatives/vprec-space_search/0001/r7-p8/sub-0003045/rigid_Composite.h5[1] (type = Euler3DTransform)
  3. /project/rrg-glatard/mdugre/datasets/corr/RawDataBIDS/BMB_1/derivatives/vprec-space_search/0001/r7-p8/sub-0003045/rigid_Composite.h5[2] (type = Euler3DTransform)
=============================================================================
  number of levels = 4
  fixed image: /templateflow/tpl-MNI152NLin2009cAsym/tpl-MNI152NLin2009cAsym_res-01_desc-brain_T1w.nii.gz
  moving image: /project/rrg-glatard/mdugre/datasets/corr/RawDataBIDS/BMB_1/derivatives/antsBrainExtraction/sub-0003045/BrainExtractionBrain.nii.gz
Dimension = 3
Number of stages = 1
Use histogram matching = false
Winsorize image intensities = true
  Lower quantile = 0.005
  Upper quantile = 0.995


Stage 1 State
   Image metric = MattesMI
     Fixed image = Image (0x44e4650)
  RTTI typeinfo:   itk::Image<double, 3u>
  Reference Count: 2
  Modified Time: 1594
  Debug: Off
  Object Name: 
  Observers: 
    none
  Source: (none)
  Source output name: (none)
  Release Data: Off
  Data Released: False
  Global Release Data: Off
  PipelineMTime: 0
  UpdateMTime: 1203
  RealTimeStamp: 0 seconds 
  LargestPossibleRegion: 
    Dimension: 3
    Index: [0, 0, 0]
    Size: [193, 229, 193]
  BufferedRegion: 
    Dimension: 3
    Index: [0, 0, 0]
    Size: [193, 229, 193]
  RequestedRegion: 
    Dimension: 3
    Index: [0, 0, 0]
    Size: [193, 229, 193]
  Spacing: [1, 1, 1]
  Origin: [96, 132, -78]
  Direction: 
-1 0 0
0 -1 0
0 0 1

  IndexToPointMatrix: 
-1 0 0
0 -1 0
0 0 1

  PointToIndexMatrix: 
-1 0 0
0 -1 0
0 0 1

  Inverse Direction: 
-1 0 0
0 -1 0
0 0 1

  PixelContainer: 
    ImportImageContainer (0x45b2ad0)
      RTTI typeinfo:   itk::ImportImageContainer<unsigned long, double>
      Reference Count: 1
      Modified Time: 1200
      Debug: Off
      Object Name: 
      Observers: 
        none
      Pointer: 0x14a677d09010
      Container manages memory: true
      Size: 8530021
      Capacity: 8530021

     Moving image = Image (0x4594430)
  RTTI typeinfo:   itk::Image<double, 3u>
  Reference Count: 2
  Modified Time: 1595
  Debug: Off
  Object Name: 
  Observers: 
    none
  Source: (none)
  Source output name: (none)
  Release Data: Off
  Data Released: False
  Global Release Data: Off
  PipelineMTime: 0
  UpdateMTime: 1592
  RealTimeStamp: 0 seconds 
  LargestPossibleRegion: 
    Dimension: 3
    Index: [0, 0, 0]
    Size: [176, 256, 256]
  BufferedRegion: 
    Dimension: 3
    Index: [0, 0, 0]
    Size: [176, 256, 256]
  RequestedRegion: 
    Dimension: 3
    Index: [0, 0, 0]
    Size: [176, 256, 256]
  Spacing: [1, 1, 1]
  Origin: [-81.7588, 129.867, -125.164]
  Direction: 
1 0 0
0 -1 0
0 0 1

  IndexToPointMatrix: 
1 0 0
0 -1 0
0 0 1

  PointToIndexMatrix: 
1 0 0
0 -1 0
0 0 1

  Inverse Direction: 
1 0 0
0 -1 0
0 0 1

  PixelContainer: 
    ImportImageContainer (0x4652c50)
      RTTI typeinfo:   itk::ImportImageContainer<unsigned long, double>
      Reference Count: 1
      Modified Time: 1589
      Debug: Off
      Object Name: 
      Observers: 
        none
      Pointer: 0x14a672508010
      Container manages memory: true
      Size: 11534336
      Capacity: 11534336

     Weighting = 1
     Sampling strategy = regular
     Number of bins = 32
     Radius = 4
     Sampling percentage  = 0.25
   Transform = Affine
     Gradient step = 0.1
     Update field sigma (voxel space) = 0
     Total field sigma (voxel space) = 0
     Update field time sigma = 0
     Total field time sigma  = 0
     Number of time indices = 0
     Number of time point samples = 0
Registration using 1 total stages.

Stage 0
  iterations = 1000x500x250x100
  convergence threshold = 1e-06
  convergence window size = 10
  number of levels = 4
  using the Mattes MI metric (number of bins = 32, weight = 1, use gradient filter = 0)
  preprocessing:  winsorizing the image intensities
  Shrink factors (level 1 out of 4): [8, 8, 8]
  Shrink factors (level 2 out of 4): [4, 4, 4]
  Shrink factors (level 3 out of 4): [2, 2, 2]
  Shrink factors (level 4 out of 4): [1, 1, 1]
  smoothing sigmas per level: [3, 2, 1, 0]
  regular sampling (percentage = 0.25)

*** Running AffineTransform registration ***

DIAGNOSTIC,Iteration,metricValue,convergenceValue,ITERATION_TIME_INDEX,SINCE_LAST
 2DIAGNOSTIC,     1, -5.263945186742e-01, 1.797693134862e+308, 1.1172e+00, 1.1172e+00, 
 2DIAGNOSTIC,     2, -5.283050928392e-01, 1.797693134862e+308, 1.1231e+00, 5.9080e-03, 
 2DIAGNOSTIC,     3, -5.314713019189e-01, 1.797693134862e+308, 1.1285e+00, 5.3780e-03, 
 2DIAGNOSTIC,     4, -5.356373167814e-01, 1.797693134862e+308, 1.1336e+00, 5.1980e-03, 
 2DIAGNOSTIC,     5, -5.419703885073e-01, 1.797693134862e+308, 1.1400e+00, 6.3589e-03, 
 2DIAGNOSTIC,     6, -5.521631630876e-01, 1.797693134862e+308, 1.1462e+00, 6.1889e-03, 
 2DIAGNOSTIC,     7, -6.132764774000e-01, 1.797693134862e+308, 1.1530e+00, 6.8052e-03, 
 2DIAGNOSTIC,     8, -7.112316873768e-01, 1.797693134862e+308, 1.1600e+00, 6.9811e-03, 
 2DIAGNOSTIC,     9, -7.837999360608e-01, 1.797693134862e+308, 1.1668e+00, 6.8409e-03, 
 2DIAGNOSTIC,    10, -8.035919582646e-01, 3.082462171637e-02, 1.1754e+00, 8.5452e-03, 
 2DIAGNOSTIC,    11, -8.144840758804e-01, 3.223249070569e-02, 1.1819e+00, 6.4812e-03, 
 2DIAGNOSTIC,    12, -8.176681583387e-01, 3.068757507679e-02, 1.1904e+00, 8.5750e-03, 
 2DIAGNOSTIC,    13, -8.203888338908e-01, 2.685314015990e-02, 1.1980e+00, 7.5710e-03, 
 2DIAGNOSTIC,    14, -8.211190747328e-01, 2.141930798630e-02, 1.2038e+00, 5.7580e-03, 
 2DIAGNOSTIC,    15, -8.225101502005e-01, 1.518503669280e-02, 1.2101e+00, 6.3610e-03, 
 2DIAGNOSTIC,    16, -8.230767154355e-01, 8.790168187400e-03, 1.2161e+00, 5.9850e-03, 
 2DIAGNOSTIC,    17, -8.235161494718e-01, 3.914991160051e-03, 1.2238e+00, 7.7310e-03, 
 2DIAGNOSTIC,    18, -8.237298171380e-01, 1.474092852085e-03, 1.2302e+00, 6.3589e-03, 
 2DIAGNOSTIC,    19, -8.238059497301e-01, 7.142752771913e-04, 1.2359e+00, 5.7399e-03, 
 2DIAGNOSTIC,    20, -8.240448946977e-01, 3.680507247877e-04, 1.2422e+00, 6.3131e-03, 
 2DIAGNOSTIC,    21, -8.243721813160e-01, 2.345897936079e-04, 1.2515e+00, 9.2180e-03, 
 2DIAGNOSTIC,    22, -8.244401071485e-01, 1.499800871020e-04, 1.2573e+00, 5.8069e-03, 
 2DIAGNOSTIC,    23, -8.246287879254e-01, 1.091319844743e-04, 1.2645e+00, 7.2699e-03, 
 2DIAGNOSTIC,    24, -8.247880702733e-01, 7.595013844897e-05, 1.2704e+00, 5.8188e-03, 
 2DIAGNOSTIC,    25, -8.249007323803e-01, 6.170046786250e-05, 1.2774e+00, 7.0629e-03, 
 2DIAGNOSTIC,    26, -8.249580878695e-01, 5.201600302422e-05, 1.2853e+00, 7.8700e-03, 
 2DIAGNOSTIC,    27, -8.249825574308e-01, 4.489917873635e-05, 1.2916e+00, 6.3491e-03, 
 2DIAGNOSTIC,    28, -8.249902492533e-01, 3.730319412568e-05, 1.2980e+00, 6.3941e-03, 
 2DIAGNOSTIC,    29, -8.250156300664e-01, 2.815579249913e-05, 1.3046e+00, 6.5551e-03, 
 2DIAGNOSTIC,    30, -8.250350093689e-01, 2.028047552823e-05, 1.3135e+00, 8.9021e-03, 
 2DIAGNOSTIC,    31, -8.250362418101e-01, 1.515941986764e-05, 1.3193e+00, 5.8510e-03, 
 2DIAGNOSTIC,    32, -8.250400870014e-01, 9.882079906494e-06, 1.3256e+00, 6.3009e-03, 
 2DIAGNOSTIC,    33, -8.250447784142e-01, 6.285479378990e-06, 1.3322e+00, 6.5081e-03, 
 2DIAGNOSTIC,    34, -8.250501870349e-01, 4.199852172100e-06, 1.3378e+00, 5.6961e-03, 
 2DIAGNOSTIC,    35, -8.250564701883e-01, 3.188452318309e-06, 1.3435e+00, 5.6870e-03, 
 2DIAGNOSTIC,    36, -8.250635579329e-01, 2.689837126119e-06, 1.3499e+00, 6.3460e-03, 
 2DIAGNOSTIC,    37, -8.250680080270e-01, 2.347796023892e-06, 1.3556e+00, 5.7459e-03, 
 2DIAGNOSTIC,    38, -8.250700065401e-01, 1.979086507797e-06, 1.3626e+00, 6.9699e-03, 
 2DIAGNOSTIC,    39, -8.250707286820e-01, 1.770349176852e-06, 1.3801e+00, 1.7544e-02, 
 2DIAGNOSTIC,    40, -8.250707286796e-01, 1.666170349069e-06, 1.3960e+00, 1.5861e-02, 
 2DIAGNOSTIC,    41, -8.250707286796e-01, 1.500067615047e-06, 1.4031e+00, 7.1259e-03, 
 2DIAGNOSTIC,    42, -8.250707286796e-01, 1.311482837229e-06, 1.4103e+00, 7.1731e-03, 
 2DIAGNOSTIC,    43, -8.250707286796e-01, 1.124065476008e-06, 1.4174e+00, 7.0660e-03, 
DIAGNOSTIC,Iteration,metricValue,convergenceValue,ITERATION_TIME_INDEX,SINCE_LAST
 2DIAGNOSTIC,     1, -6.973521079175e-01, 1.797693134862e+308, 2.5902e+00, 1.1728e+00, 
 2DIAGNOSTIC,     2, -6.982493656612e-01, 1.797693134862e+308, 2.6368e+00, 4.6633e-02, 
 2DIAGNOSTIC,     3, -6.992275016408e-01, 1.797693134862e+308, 2.6853e+00, 4.8430e-02, 
 2DIAGNOSTIC,     4, -7.001338620430e-01, 1.797693134862e+308, 2.7403e+00, 5.5004e-02, 
 2DIAGNOSTIC,     5, -7.010825905102e-01, 1.797693134862e+308, 2.7935e+00, 5.3289e-02, 
 2DIAGNOSTIC,     6, -7.023798036072e-01, 1.797693134862e+308, 2.8402e+00, 4.6639e-02, 
 2DIAGNOSTIC,     7, -7.031597147157e-01, 1.797693134862e+308, 2.9107e+00, 7.0500e-02, 
 2DIAGNOSTIC,     8, -7.032955734690e-01, 1.797693134862e+308, 2.9771e+00, 6.6394e-02, 
 2DIAGNOSTIC,     9, -7.032972844025e-01, 1.797693134862e+308, 3.0233e+00, 4.6235e-02, 
 2DIAGNOSTIC,    10, -7.033073535080e-01, 6.050586095788e-04, 3.0698e+00, 4.6519e-02, 
 2DIAGNOSTIC,    11, -7.033200108478e-01, 4.456286680598e-04, 3.1254e+00, 5.5540e-02, 
 2DIAGNOSTIC,    12, -7.033349875487e-01, 3.032605621461e-04, 3.1778e+00, 5.2389e-02, 
 2DIAGNOSTIC,    13, -7.033489248705e-01, 1.866618896182e-04, 3.2299e+00, 5.2169e-02, 
 2DIAGNOSTIC,    14, -7.033592201725e-01, 9.656199390534e-05, 3.2763e+00, 4.6324e-02, 
 2DIAGNOSTIC,    15, -7.033605794365e-01, 3.484859389841e-05, 3.3280e+00, 5.1732e-02, 
 2DIAGNOSTIC,    16, -7.033678579770e-01, 1.035010725363e-05, 3.3742e+00, 4.6231e-02, 
 2DIAGNOSTIC,    17, -7.033651703517e-01, 6.380730315156e-06, 3.4242e+00, 4.9962e-02, 
 2DIAGNOSTIC,    18, -7.033770848329e-01, 5.763093549112e-06, 3.4792e+00, 5.5021e-02, 
 2DIAGNOSTIC,    19, -7.033895365645e-01, 5.134260380471e-06, 3.5344e+00, 5.5174e-02, 
 2DIAGNOSTIC,    20, -7.033998708220e-01, 4.653957296714e-06, 3.5951e+00, 6.0702e-02, 
 2DIAGNOSTIC,    21, -7.033833834035e-01, 3.857421834667e-06, 3.6989e+00, 1.0379e-01, 
 2DIAGNOSTIC,    22, -7.033834027739e-01, 3.200268533537e-06, 3.7504e+00, 5.1520e-02, 
 2DIAGNOSTIC,    23, -7.033834141164e-01, 2.674256197294e-06, 3.8053e+00, 5.4912e-02, 
 2DIAGNOSTIC,    24, -7.033834324541e-01, 2.235758843429e-06, 3.8600e+00, 5.4715e-02, 
 2DIAGNOSTIC,    25, -7.033834610521e-01, 1.766202225070e-06, 3.9148e+00, 5.4830e-02, 
 2DIAGNOSTIC,    26, -7.033835027569e-01, 1.410734485598e-06, 3.9707e+00, 5.5841e-02, 
 2DIAGNOSTIC,    27, -7.033836004238e-01, 1.025897169507e-06, 4.0259e+00, 5.5246e-02, 
DIAGNOSTIC,Iteration,metricValue,convergenceValue,ITERATION_TIME_INDEX,SINCE_LAST
 2DIAGNOSTIC,     1, -5.988313125076e-01, 1.797693134862e+308, 5.7558e+00, 1.7299e+00, 
 2DIAGNOSTIC,     2, -5.992122083361e-01, 1.797693134862e+308, 6.1350e+00, 3.7923e-01, 
 2DIAGNOSTIC,     3, -5.995967733185e-01, 1.797693134862e+308, 6.5054e+00, 3.7041e-01, 
 2DIAGNOSTIC,     4, -6.001518751682e-01, 1.797693134862e+308, 6.8767e+00, 3.7127e-01, 
 2DIAGNOSTIC,     5, -6.028691761975e-01, 1.797693134862e+308, 7.2461e+00, 3.6945e-01, 
 2DIAGNOSTIC,     6, -6.036544948823e-01, 1.797693134862e+308, 7.7821e+00, 5.3594e-01, 
 2DIAGNOSTIC,     7, -6.037868302874e-01, 1.797693134862e+308, 8.5364e+00, 7.5431e-01, 
 2DIAGNOSTIC,     8, -6.037884435860e-01, 1.797693134862e+308, 9.1490e+00, 6.1263e-01, 
 2DIAGNOSTIC,     9, -6.037893120146e-01, 1.797693134862e+308, 9.6223e+00, 4.7325e-01, 
 2DIAGNOSTIC,    10, -6.037873141885e-01, 6.511754051979e-04, 1.0042e+01, 4.1949e-01, 
 2DIAGNOSTIC,    11, -6.037857025768e-01, 4.851940622820e-04, 1.0534e+01, 4.9187e-01, 
 2DIAGNOSTIC,    12, -6.037850355189e-01, 3.200349221702e-04, 1.0955e+01, 4.2128e-01, 
 2DIAGNOSTIC,    13, -6.037847903137e-01, 1.666981738733e-04, 1.1432e+01, 4.7671e-01, 
 2DIAGNOSTIC,    14, -6.037839813274e-01, 3.684048565236e-05, 1.1858e+01, 4.2600e-01, 
 2DIAGNOSTIC,    15, -6.037817267699e-01, 5.895700621733e-06, 1.2276e+01, 4.1847e-01, 
 2DIAGNOSTIC,    16, -6.037808091376e-01, 1.493176414319e-06, 1.2685e+01, 4.0857e-01, 
 2DIAGNOSTIC,    17, -6.037813252123e-01, 1.338790618179e-06, 1.3052e+01, 3.6706e-01, 
 2DIAGNOSTIC,    18, -6.037796397989e-01, 1.245830368798e-06, 1.3473e+01, 4.2127e-01, 
 2DIAGNOSTIC,    19, -6.037804088744e-01, 1.254112206368e-06, 1.3902e+01, 4.2850e-01, 
 2DIAGNOSTIC,    20, -6.037804316764e-01, 1.255349140569e-06, 1.4414e+01, 5.1258e-01, 
 2DIAGNOSTIC,    21, -6.037807525801e-01, 1.259076261605e-06, 1.4848e+01, 4.3400e-01, 
 2DIAGNOSTIC,    22, -6.037797942897e-01, 1.250971607990e-06, 1.5330e+01, 4.8173e-01, 
 2DIAGNOSTIC,    23, -6.037788971551e-01, 1.239330957602e-06, 1.5732e+01, 4.0245e-01, 
 2DIAGNOSTIC,    24, -6.037769845889e-01, 1.190324661220e-06, 1.6120e+01, 3.8790e-01, 
 2DIAGNOSTIC,    25, -6.037755167965e-01, 1.088457852204e-06, 1.6637e+01, 5.1660e-01, 
 2DIAGNOSTIC,    26, -6.037760120961e-01, 1.003859389455e-06, 1.7065e+01, 4.2828e-01, 
DIAGNOSTIC,Iteration,metricValue,convergenceValue,ITERATION_TIME_INDEX,SINCE_LAST
 2DIAGNOSTIC,     1, -5.405687447039e-01, 1.797693134862e+308, 2.0797e+01, 3.7318e+00, 
 2DIAGNOSTIC,     2, -5.407468931488e-01, 1.797693134862e+308, 2.3887e+01, 3.0903e+00, 
 2DIAGNOSTIC,     3, -5.407552836477e-01, 1.797693134862e+308, 2.9917e+01, 6.0297e+00, 
 2DIAGNOSTIC,     4, -5.407553830212e-01, 1.797693134862e+308, 3.3776e+01, 3.8594e+00, 
 2DIAGNOSTIC,     5, -5.407553244180e-01, 1.797693134862e+308, 3.6907e+01, 3.1303e+00, 
 2DIAGNOSTIC,     6, -5.407552455127e-01, 1.797693134862e+308, 3.9987e+01, 3.0803e+00, 
 2DIAGNOSTIC,     7, -5.407551515510e-01, 1.797693134862e+308, 4.2791e+01, 2.8038e+00, 
 2DIAGNOSTIC,     8, -5.407550864515e-01, 1.797693134862e+308, 4.6016e+01, 3.2255e+00, 
 2DIAGNOSTIC,     9, -5.407551487731e-01, 1.797693134862e+308, 4.9343e+01, 3.3269e+00, 
 2DIAGNOSTIC,    10, -5.407550378717e-01, 1.333805466965e-05, 5.2461e+01, 3.1179e+00, 
 2DIAGNOSTIC,    11, -5.407549181616e-01, 3.251186947301e-06, 5.5244e+01, 2.7832e+00, 
 2DIAGNOSTIC,    12, -5.407548095407e-01, 2.601092357252e-06, 5.8150e+01, 2.9058e+00, 
 2DIAGNOSTIC,    13, -5.407548554315e-01, 2.396446889569e-06, 6.1064e+01, 2.9138e+00, 
 2DIAGNOSTIC,    14, -5.407549330250e-01, 2.232054675796e-06, 6.3966e+01, 2.9018e+00, 
 2DIAGNOSTIC,    15, -5.407547926488e-01, 2.086229703435e-06, 6.6670e+01, 2.7041e+00, 
 2DIAGNOSTIC,    16, -5.407550145325e-01, 1.966868425005e-06, 6.9866e+01, 3.1962e+00, 
 2DIAGNOSTIC,    17, -5.407551004331e-01, 1.863142011095e-06, 7.2926e+01, 3.0598e+00, 
 2DIAGNOSTIC,    18, -5.407551079653e-01, 1.769777518153e-06, 7.6173e+01, 3.2472e+00, 
 2DIAGNOSTIC,    19, -5.407546573729e-01, 1.675362539755e-06, 7.9087e+01, 2.9143e+00, 
 2DIAGNOSTIC,    20, -5.407546777110e-01, 1.588390549818e-06, 8.2124e+01, 3.0372e+00, 
 2DIAGNOSTIC,    21, -5.407546426653e-01, 1.505914951155e-06, 8.5267e+01, 3.1423e+00, 
 2DIAGNOSTIC,    22, -5.407546267946e-01, 1.428526473710e-06, 8.8448e+01, 3.1814e+00, 
 2DIAGNOSTIC,    23, -5.407545262290e-01, 1.358276371155e-06, 9.1644e+01, 3.1958e+00, 
 2DIAGNOSTIC,    24, -5.407540934182e-01, 1.288813001168e-06, 9.4764e+01, 3.1204e+00, 
 2DIAGNOSTIC,    25, -5.407541645512e-01, 1.227040644536e-06, 9.8087e+01, 3.3228e+00, 
 2DIAGNOSTIC,    26, -5.407540914623e-01, 1.176930939026e-06, 1.0116e+02, 3.0775e+00, 
 2DIAGNOSTIC,    27, -5.407539093127e-01, 1.132875345373e-06, 1.0431e+02, 3.1501e+00, 
 2DIAGNOSTIC,    28, -5.407537441256e-01, 1.093681720951e-06, 1.0748e+02, 3.1638e+00, 
 2DIAGNOSTIC,    29, -5.407536769857e-01, 1.051947895958e-06, 1.1057e+02, 3.0892e+00, 
 2DIAGNOSTIC,    30, -5.407536575696e-01, 1.017208094103e-06, 1.1382e+02, 3.2485e+00, 
  Elapsed time (stage 0): 1.1564e+02


Total elapsed time: 1.1564e+02
VFC_BACKENDS=libinterflop_vprec.so --range-binary32=7 --precision-binary32=8 --range-binary64=7 --precision-binary64=8
Info [verificarlo]: loaded backend libinterflop_vprec.so
Info [interflop-vprec]: load backend with: 
Info [interflop-vprec]: precision-binary32 = 8
Info [interflop-vprec]: range-binary32 = 7
Info [interflop-vprec]: precision-binary64 = 8
Info [interflop-vprec]: range-binary64 = 7
Info [interflop-vprec]: mode = ob
Info [interflop-vprec]: error-mode = rel
Info [interflop-vprec]: max-abs-error-exponent = -1022
Info [interflop-vprec]: daz = false
Info [interflop-vprec]: ftz = false
Info [interflop-vprec]: 	instrument = none
Info [interflop-vprec]: 	prec-input-file = (null)
Info [interflop-vprec]: 	prec-output-file = (null)
Info [interflop-vprec]: 	prec-log-file = (null)
All_Command_lines_OK
Using double precision for computations.
=============================================================================
The composite transform comprises the following transforms (in order): 
  1. /project/rrg-glatard/mdugre/datasets/corr/RawDataBIDS/BMB_1/derivatives/vprec-space_search/0001/r7-p8/sub-0003045/affine_Composite.h5[0] (type = Euler3DTransform)
  2. /project/rrg-glatard/mdugre/datasets/corr/RawDataBIDS/BMB_1/derivatives/vprec-space_search/0001/r7-p8/sub-0003045/affine_Composite.h5[1] (type = Euler3DTransform)
  3. /project/rrg-glatard/mdugre/datasets/corr/RawDataBIDS/BMB_1/derivatives/vprec-space_search/0001/r7-p8/sub-0003045/affine_Composite.h5[2] (type = Euler3DTransform)
  4. /project/rrg-glatard/mdugre/datasets/corr/RawDataBIDS/BMB_1/derivatives/vprec-space_search/0001/r7-p8/sub-0003045/affine_Composite.h5[3] (type = AffineTransform)
=============================================================================
  number of levels = 4
  fixed image: /templateflow/tpl-MNI152NLin2009cAsym/tpl-MNI152NLin2009cAsym_res-01_desc-brain_T1w.nii.gz
  moving image: /project/rrg-glatard/mdugre/datasets/corr/RawDataBIDS/BMB_1/derivatives/antsBrainExtraction/sub-0003045/BrainExtractionBrain.nii.gz
Dimension = 3
Number of stages = 1
Use histogram matching = false
Winsorize image intensities = true
  Lower quantile = 0.005
  Upper quantile = 0.995


Stage 1 State
   Image metric = CC
     Fixed image = Image (0x3f6f4c0)
  RTTI typeinfo:   itk::Image<double, 3u>
  Reference Count: 2
  Modified Time: 1606
  Debug: Off
  Object Name: 
  Observers: 
    none
  Source: (none)
  Source output name: (none)
  Release Data: Off
  Data Released: False
  Global Release Data: Off
  PipelineMTime: 0
  UpdateMTime: 1217
  RealTimeStamp: 0 seconds 
  LargestPossibleRegion: 
    Dimension: 3
    Index: [0, 0, 0]
    Size: [193, 229, 193]
  BufferedRegion: 
    Dimension: 3
    Index: [0, 0, 0]
    Size: [193, 229, 193]
  RequestedRegion: 
    Dimension: 3
    Index: [0, 0, 0]
    Size: [193, 229, 193]
  Spacing: [1, 1, 1]
  Origin: [96, 132, -78]
  Direction: 
-1 0 0
0 -1 0
0 0 1

  IndexToPointMatrix: 
-1 0 0
0 -1 0
0 0 1

  PointToIndexMatrix: 
-1 0 0
0 -1 0
0 0 1

  Inverse Direction: 
-1 0 0
0 -1 0
0 0 1

  PixelContainer: 
    ImportImageContainer (0x403c940)
      RTTI typeinfo:   itk::ImportImageContainer<unsigned long, double>
      Reference Count: 1
      Modified Time: 1214
      Debug: Off
      Object Name: 
      Observers: 
        none
      Pointer: 0x154bb79a1010
      Container manages memory: true
      Size: 8530021
      Capacity: 8530021

     Moving image = Image (0x40456c0)
  RTTI typeinfo:   itk::Image<double, 3u>
  Reference Count: 2
  Modified Time: 1607
  Debug: Off
  Object Name: 
  Observers: 
    none
  Source: (none)
  Source output name: (none)
  Release Data: Off
  Data Released: False
  Global Release Data: Off
  PipelineMTime: 0
  UpdateMTime: 1604
  RealTimeStamp: 0 seconds 
  LargestPossibleRegion: 
    Dimension: 3
    Index: [0, 0, 0]
    Size: [176, 256, 256]
  BufferedRegion: 
    Dimension: 3
    Index: [0, 0, 0]
    Size: [176, 256, 256]
  RequestedRegion: 
    Dimension: 3
    Index: [0, 0, 0]
    Size: [176, 256, 256]
  Spacing: [1, 1, 1]
  Origin: [-81.75, 130, -125.25]
  Direction: 
1 0 0
0 -1 0
0 0 1

  IndexToPointMatrix: 
1 0 0
0 -1 0
0 0 1

  PointToIndexMatrix: 
1 0 0
0 -1 0
0 0 1

  Inverse Direction: 
1 0 0
0 -1 0
0 0 1

  PixelContainer: 
    ImportImageContainer (0x4126410)
      RTTI typeinfo:   itk::ImportImageContainer<unsigned long, double>
      Reference Count: 1
      Modified Time: 1601
      Debug: Off
      Object Name: 
      Observers: 
        none
      Pointer: 0x154bb21a0010
      Container manages memory: true
      Size: 11534336
      Capacity: 11534336

     Weighting = 1
     Sampling strategy = none
     Number of bins = 32
     Radius = 4
     Sampling percentage  = 1
   Transform = SyN
     Gradient step = 0.1
     Update field sigma (voxel space) = 3
     Total field sigma (voxel space) = 0
     Update field time sigma = 0
     Total field time sigma  = 0
     Number of time indices = 0
     Number of time point samples = 0
Registration using 1 total stages.

Stage 0
  iterations = 100x70x50x20
  convergence threshold = 1e-06
  convergence window size = 10
  number of levels = 4
  using the CC metric (radius = 4, weight = 1, use gradient filter = 0)
  preprocessing:  winsorizing the image intensities
  Shrink factors (level 1 out of 4): [8, 8, 8]
  Shrink factors (level 2 out of 4): [4, 4, 4]
  Shrink factors (level 3 out of 4): [2, 2, 2]
  Shrink factors (level 4 out of 4): [1, 1, 1]
  smoothing sigmas per level: [3, 2, 1, 0]
  Using default NONE metricSamplingStrategy 

*** Running SyN registration (varianceForUpdateField = 3, varianceForTotalField = 0) ***

XXDIAGNOSTIC,Iteration,metricValue,convergenceValue,ITERATION_TIME_INDEX,SINCE_LAST
 1DIAGNOSTIC,     1, -9.453125000000e-01, 1.797693134862e+308, 0.0000e+00, 0.0000e+00, 
 1DIAGNOSTIC,     2, -9.531250000000e-01, 1.797693134862e+308, 0.0000e+00, 0.0000e+00, 
 1DIAGNOSTIC,     3, -9.609375000000e-01, 1.797693134862e+308, 0.0000e+00, 0.0000e+00, 
 1DIAGNOSTIC,     4, -9.648437500000e-01, 1.797693134862e+308, 0.0000e+00, 0.0000e+00, 
 1DIAGNOSTIC,     5, -9.667968750000e-01, 1.797693134862e+308, 0.0000e+00, 0.0000e+00, 
 1DIAGNOSTIC,     6, -9.687500000000e-01, 1.797693134862e+308, 0.0000e+00, 0.0000e+00, 
 1DIAGNOSTIC,     7, -9.707031250000e-01, 1.797693134862e+308, 0.0000e+00, 0.0000e+00, 
 1DIAGNOSTIC,     8, -9.726562500000e-01, 1.797693134862e+308, 0.0000e+00, 0.0000e+00, 
 1DIAGNOSTIC,     9, -9.746093750000e-01, 1.797693134862e+308, 0.0000e+00, 0.0000e+00, 
 1DIAGNOSTIC,    10, -9.746093750000e-01, 1.748750775138e-03, 0.0000e+00, 0.0000e+00, 
 1DIAGNOSTIC,    11, -9.746093750000e-01, 1.159909748420e-03, 0.0000e+00, 0.0000e+00, 
 1DIAGNOSTIC,    12, -9.746093750000e-01, 7.536473837625e-04, 0.0000e+00, 0.0000e+00, 
 1DIAGNOSTIC,    13, -9.765625000000e-01, 5.607890226017e-04, 0.0000e+00, 0.0000e+00, 
 1DIAGNOSTIC,    14, -9.765625000000e-01, 4.247859638966e-04, 0.0000e+00, 0.0000e+00, 
 1DIAGNOSTIC,    15, -9.765625000000e-01, 3.067864912932e-04, 0.0000e+00, 0.0000e+00, 
 1DIAGNOSTIC,    16, -9.765625000000e-01, 2.119087361168e-04, 0.0000e+00, 0.0000e+00, 
 1DIAGNOSTIC,    17, -9.765625000000e-01, 1.417495021825e-04, 0.0000e+00, 0.0000e+00, 
 1DIAGNOSTIC,    18, -9.765625000000e-01, 9.677675099007e-05, 0.0000e+00, 0.0000e+00, 
 1DIAGNOSTIC,    19, -9.765625000000e-01, 7.760170996624e-05, 0.0000e+00, 0.0000e+00, 
 1DIAGNOSTIC,    20, -9.765625000000e-01, 5.361157769695e-05, 0.0000e+00, 0.0000e+00, 
 1DIAGNOSTIC,    21, -9.765625000000e-01, 2.724828815353e-05, 0.0000e+00, 0.0000e+00, 
 1DIAGNOSTIC,    22, -9.765625000000e-01, -1.305205943325e-14, 0.0000e+00, 0.0000e+00, 
XXDIAGNOSTIC,Iteration,metricValue,convergenceValue,ITERATION_TIME_INDEX,SINCE_LAST
 1DIAGNOSTIC,     1, -8.906250000000e-01, 1.797693134862e+308, 0.0000e+00, 0.0000e+00, 
 1DIAGNOSTIC,     2, -8.925781250000e-01, 1.797693134862e+308, 0.0000e+00, 0.0000e+00, 
 1DIAGNOSTIC,     3, -8.964843750000e-01, 1.797693134862e+308, 0.0000e+00, 0.0000e+00, 
 1DIAGNOSTIC,     4, -8.984375000000e-01, 1.797693134862e+308, 0.0000e+00, 0.0000e+00, 
 1DIAGNOSTIC,     5, -9.003906250000e-01, 1.797693134862e+308, 0.0000e+00, 0.0000e+00, 
 1DIAGNOSTIC,     6, -9.023437500000e-01, 1.797693134862e+308, 0.0000e+00, 0.0000e+00, 
 1DIAGNOSTIC,     7, -9.042968750000e-01, 1.797693134862e+308, 0.0000e+00, 0.0000e+00, 
 1DIAGNOSTIC,     8, -9.042968750000e-01, 1.797693134862e+308, 0.0000e+00, 0.0000e+00, 
 1DIAGNOSTIC,     9, -9.082031250000e-01, 1.797693134862e+308, 0.0000e+00, 0.0000e+00, 
 1DIAGNOSTIC,    10, -9.082031250000e-01, 1.255886050411e-03, 0.0000e+00, 0.0000e+00, 
 1DIAGNOSTIC,    11, -9.101562500000e-01, 1.055953066472e-03, 0.0000e+00, 0.0000e+00, 
 1DIAGNOSTIC,    12, -9.101562500000e-01, 8.440163986001e-04, 0.0000e+00, 0.0000e+00, 
 1DIAGNOSTIC,    13, -9.101562500000e-01, 6.833547737438e-04, 0.0000e+00, 0.0000e+00, 
 1DIAGNOSTIC,    14, -9.121093750000e-01, 5.709382027843e-04, 0.0000e+00, 0.0000e+00, 
 1DIAGNOSTIC,    15, -9.121093750000e-01, 4.600871619370e-04, 0.0000e+00, 0.0000e+00, 
 1DIAGNOSTIC,    16, -9.121093750000e-01, 3.594524238847e-04, 0.0000e+00, 0.0000e+00, 
 1DIAGNOSTIC,    17, -9.121093750000e-01, 2.750651965236e-04, 0.0000e+00, 0.0000e+00, 
 1DIAGNOSTIC,    18, -9.121093750000e-01, 1.731534938177e-04, 0.0000e+00, 0.0000e+00, 
 1DIAGNOSTIC,    19, -9.121093750000e-01, 1.304796597806e-04, 0.0000e+00, 0.0000e+00, 
 1DIAGNOSTIC,    20, -9.140625000000e-01, 1.096058056424e-04, 0.0000e+00, 0.0000e+00, 
 1DIAGNOSTIC,    21, -9.140625000000e-01, 1.093462772922e-04, 0.0000e+00, 0.0000e+00, 
 1DIAGNOSTIC,    22, -9.140625000000e-01, 9.956263049988e-05, 0.0000e+00, 0.0000e+00, 
 1DIAGNOSTIC,    23, -9.140625000000e-01, 8.098700307596e-05, 0.0000e+00, 0.0000e+00, 
 1DIAGNOSTIC,    24, -9.140625000000e-01, 8.177685140022e-05, 0.0000e+00, 0.0000e+00, 
 1DIAGNOSTIC,    25, -9.140625000000e-01, 7.446287579486e-05, 0.0000e+00, 0.0000e+00, 
 1DIAGNOSTIC,    26, -9.140625000000e-01, 6.060727575829e-05, 0.0000e+00, 0.0000e+00, 
 1DIAGNOSTIC,    27, -9.140625000000e-01, 4.244516784682e-05, 0.0000e+00, 0.0000e+00, 
 1DIAGNOSTIC,    28, -9.140625000000e-01, 2.184382464348e-05, 0.0000e+00, 0.0000e+00, 
 1DIAGNOSTIC,    29, -9.140625000000e-01, -9.908740494780e-15, 0.0000e+00, 0.0000e+00, 
XXDIAGNOSTIC,Iteration,metricValue,convergenceValue,ITERATION_TIME_INDEX,SINCE_LAST
 1DIAGNOSTIC,     1, -8.710937500000e-01, 1.797693134862e+308, 0.0000e+00, 0.0000e+00, 
 1DIAGNOSTIC,     2, -8.710937500000e-01, 1.797693134862e+308, 0.0000e+00, 0.0000e+00, 
 1DIAGNOSTIC,     3, -8.730468750000e-01, 1.797693134862e+308, 0.0000e+00, 0.0000e+00, 
 1DIAGNOSTIC,     4, -8.750000000000e-01, 1.797693134862e+308, 0.0000e+00, 0.0000e+00, 
 1DIAGNOSTIC,     5, -8.750000000000e-01, 1.797693134862e+308, 0.0000e+00, 0.0000e+00, 
 1DIAGNOSTIC,     6, -8.750000000000e-01, 1.797693134862e+308, 0.0000e+00, 0.0000e+00, 
 1DIAGNOSTIC,     7, -8.769531250000e-01, 1.797693134862e+308, 0.0000e+00, 0.0000e+00, 
 1DIAGNOSTIC,     8, -8.769531250000e-01, 1.797693134862e+308, 0.0000e+00, 0.0000e+00, 
 1DIAGNOSTIC,     9, -8.769531250000e-01, 1.797693134862e+308, 0.0000e+00, 0.0000e+00, 
 1DIAGNOSTIC,    10, -8.789062500000e-01, 5.390882828139e-04, 0.0000e+00, 0.0000e+00, 
 1DIAGNOSTIC,    11, -8.789062500000e-01, 4.588567876950e-04, 0.0000e+00, 0.0000e+00, 
 1DIAGNOSTIC,    12, -8.789062500000e-01, 3.498543540066e-04, 0.0000e+00, 0.0000e+00, 
 1DIAGNOSTIC,    13, -8.789062500000e-01, 2.740556254013e-04, 0.0000e+00, 0.0000e+00, 
 1DIAGNOSTIC,    14, -8.789062500000e-01, 2.300625401942e-04, 0.0000e+00, 0.0000e+00, 
 1DIAGNOSTIC,    15, -8.789062500000e-01, 1.708255991577e-04, 0.0000e+00, 0.0000e+00, 
 1DIAGNOSTIC,    16, -8.808593750000e-01, 1.416282231668e-04, 0.0000e+00, 0.0000e+00, 
 1DIAGNOSTIC,    17, -8.808593750000e-01, 1.396486064953e-04, 0.0000e+00, 0.0000e+00, 
 1DIAGNOSTIC,    18, -8.808593750000e-01, 1.258236138267e-04, 0.0000e+00, 0.0000e+00, 
 1DIAGNOSTIC,    19, -8.808593750000e-01, 1.013808476524e-04, 0.0000e+00, 0.0000e+00, 
 1DIAGNOSTIC,    20, -8.808593750000e-01, 1.014906700021e-04, 0.0000e+00, 0.0000e+00, 
 1DIAGNOSTIC,    21, -8.808593750000e-01, 9.168971533122e-05, 0.0000e+00, 0.0000e+00, 
 1DIAGNOSTIC,    22, -8.808593750000e-01, 7.409326813951e-05, 0.0000e+00, 0.0000e+00, 
 1DIAGNOSTIC,    23, -8.808593750000e-01, 5.154759937335e-05, 0.0000e+00, 0.0000e+00, 
 1DIAGNOSTIC,    24, -8.828125000000e-01, 5.272884678428e-05, 0.0000e+00, 0.0000e+00, 
 1DIAGNOSTIC,    25, -8.828125000000e-01, 4.740251577313e-05, 0.0000e+00, 0.0000e+00, 
 1DIAGNOSTIC,    26, -8.828125000000e-01, 6.264410313792e-05, 0.0000e+00, 0.0000e+00, 
 1DIAGNOSTIC,    27, -8.828125000000e-01, 7.123202320641e-05, 0.0000e+00, 0.0000e+00, 
 1DIAGNOSTIC,    28, -8.828125000000e-01, 7.238400301386e-05, 0.0000e+00, 0.0000e+00, 
 1DIAGNOSTIC,    29, -8.828125000000e-01, 6.629763631150e-05, 0.0000e+00, 0.0000e+00, 
 1DIAGNOSTIC,    30, -8.828125000000e-01, 5.425567635128e-05, 0.0000e+00, 0.0000e+00, 
 1DIAGNOSTIC,    31, -8.828125000000e-01, 3.818970061067e-05, 0.0000e+00, 0.0000e+00, 
 1DIAGNOSTIC,    32, -8.828125000000e-01, 1.974678108681e-05, 0.0000e+00, 0.0000e+00, 
 1DIAGNOSTIC,    33, -8.828125000000e-01, -8.687495167692e-15, 0.0000e+00, 0.0000e+00, 
XXDIAGNOSTIC,Iteration,metricValue,convergenceValue,ITERATION_TIME_INDEX,SINCE_LAST
 1DIAGNOSTIC,     1, -8.457031250000e-01, 1.797693134862e+308, 0.0000e+00, 0.0000e+00, 
 1DIAGNOSTIC,     2, -8.457031250000e-01, 1.797693134862e+308, 0.0000e+00, 0.0000e+00, 
 1DIAGNOSTIC,     3, -8.476562500000e-01, 1.797693134862e+308, 0.0000e+00, 0.0000e+00, 
 1DIAGNOSTIC,     4, -8.476562500000e-01, 1.797693134862e+308, 0.0000e+00, 0.0000e+00, 
 1DIAGNOSTIC,     5, -8.476562500000e-01, 1.797693134862e+308, 0.0000e+00, 0.0000e+00, 
 1DIAGNOSTIC,     6, -8.476562500000e-01, 1.797693134862e+308, 0.0000e+00, 0.0000e+00, 
 1DIAGNOSTIC,     7, -8.476562500000e-01, 1.797693134862e+308, 0.0000e+00, 0.0000e+00, 
 1DIAGNOSTIC,     8, -8.476562500000e-01, 1.797693134862e+308, 0.0000e+00, 0.0000e+00, 
 1DIAGNOSTIC,     9, -8.496093750000e-01, 1.797693134862e+308, 0.0000e+00, 0.0000e+00, 
 1DIAGNOSTIC,    10, -8.496093750000e-01, 2.455756140039e-04, 0.0000e+00, 0.0000e+00, 
 1DIAGNOSTIC,    11, -8.496093750000e-01, 2.129910514273e-04, 0.0000e+00, 0.0000e+00, 
 1DIAGNOSTIC,    12, -8.496093750000e-01, 1.660622176334e-04, 0.0000e+00, 0.0000e+00, 
 1DIAGNOSTIC,    13, -8.496093750000e-01, 1.615400655400e-04, 0.0000e+00, 0.0000e+00, 
 1DIAGNOSTIC,    14, -8.496093750000e-01, 1.423000253075e-04, 0.0000e+00, 0.0000e+00, 
 1DIAGNOSTIC,    15, -8.496093750000e-01, 1.124420786032e-04, 0.0000e+00, 0.0000e+00, 
 1DIAGNOSTIC,    16, -8.496093750000e-01, 7.667612695343e-05, 0.0000e+00, 0.0000e+00, 
 1DIAGNOSTIC,    17, -8.496093750000e-01, 3.852026111597e-05, 0.0000e+00, 0.0000e+00, 
 1DIAGNOSTIC,    18, -8.515625000000e-01, 3.637285875733e-05, 0.0000e+00, 0.0000e+00, 
 1DIAGNOSTIC,    19, -8.515625000000e-01, 6.453906773964e-05, 0.0000e+00, 0.0000e+00, 
 1DIAGNOSTIC,    20, -8.515625000000e-01, 8.427011872768e-05, 0.0000e+00, 0.0000e+00, 
  Elapsed time (stage 0): 0


Total elapsed time: 0
