
##########################
# Experiment information #
##########################
SIF_IMG: /project/rrg-glatard/mdugre/containers/ants-p2-vprec.sif
EXPERIMENT_NAME: vprec-space_search
CONFIG: 0001
VFC_BACKENDS: libinterflop_vprec.so --range-binary32=7 --precision-binary32=17 --range-binary64=7 --precision-binary64=17

FIXED_IMG: /templateflow/tpl-MNI152NLin2009cAsym/tpl-MNI152NLin2009cAsym_res-01_desc-brain_T1w.nii.gz
SUBJECT_ID: 0003057
INPUT_IMG: /project/rrg-glatard/mdugre/datasets/corr/RawDataBIDS/BMB_1/derivatives/antsBrainExtraction/sub-0003057/BrainExtractionBrain.nii.gz
OUTPUT_DIR: /project/rrg-glatard/mdugre/datasets/corr/RawDataBIDS/BMB_1/derivatives/vprec-space_search/0001/r7-p17/sub-0003057

ITK_GLOBAL_DEFAULT_NUMBER_OF_THREADS: 8
##########################

VFC_BACKENDS=libinterflop_ieee.so
Info [verificarlo]: loaded backend libinterflop_ieee.so
Info [interflop-ieee]: load backend with:
Info [interflop-ieee]: debug = false
Info [interflop-ieee]: debug-binary = false
Info [interflop-ieee]: no-backend-name = false
Info [interflop-ieee]: print-new-line = false
Info [interflop-ieee]: print-subnormal-normalized = false
Info [interflop-ieee]: count-op = false
All_Command_lines_OK
Using double precision for computations.
=============================================================================
The composite transform comprises the following transforms (in order): 
  1. Center of mass alignment using fixed image: /templateflow/tpl-MNI152NLin2009cAsym/tpl-MNI152NLin2009cAsym_res-01_desc-brain_T1w.nii.gz and moving image: /project/rrg-glatard/mdugre/datasets/corr/RawDataBIDS/BMB_1/derivatives/antsBrainExtraction/sub-0003057/BrainExtractionBrain.nii.gz (type = Euler3DTransform)
=============================================================================
  number of levels = 1
  fixed image: /templateflow/tpl-MNI152NLin2009cAsym/tpl-MNI152NLin2009cAsym_res-01_desc-brain_T1w.nii.gz
  moving image: /project/rrg-glatard/mdugre/datasets/corr/RawDataBIDS/BMB_1/derivatives/antsBrainExtraction/sub-0003057/BrainExtractionBrain.nii.gz
Dimension = 3
Number of stages = 1
Use histogram matching = false
Winsorize image intensities = true
  Lower quantile = 0.005
  Upper quantile = 0.995


Stage 1 State
   Image metric = MattesMI
     Fixed image = Image (0x38de390)
  RTTI typeinfo:   itk::Image<double, 3u>
  Reference Count: 2
  Modified Time: 2334
  Debug: Off
  Object Name: 
  Observers: 
    none
  Source: (none)
  Source output name: (none)
  Release Data: Off
  Data Released: False
  Global Release Data: Off
  PipelineMTime: 0
  UpdateMTime: 1943
  RealTimeStamp: 0 seconds 
  LargestPossibleRegion: 
    Dimension: 3
    Index: [0, 0, 0]
    Size: [193, 229, 193]
  BufferedRegion: 
    Dimension: 3
    Index: [0, 0, 0]
    Size: [193, 229, 193]
  RequestedRegion: 
    Dimension: 3
    Index: [0, 0, 0]
    Size: [193, 229, 193]
  Spacing: [1, 1, 1]
  Origin: [96, 132, -78]
  Direction: 
-1 0 0
0 -1 0
0 0 1

  IndexToPointMatrix: 
-1 0 0
0 -1 0
0 0 1

  PointToIndexMatrix: 
-1 0 0
0 -1 0
0 0 1

  Inverse Direction: 
-1 0 0
0 -1 0
0 0 1

  PixelContainer: 
    ImportImageContainer (0x39a9a90)
      RTTI typeinfo:   itk::ImportImageContainer<unsigned long, double>
      Reference Count: 1
      Modified Time: 1940
      Debug: Off
      Object Name: 
      Observers: 
        none
      Pointer: 0x15233d3e4010
      Container manages memory: true
      Size: 8530021
      Capacity: 8530021

     Moving image = Image (0x38dc290)
  RTTI typeinfo:   itk::Image<double, 3u>
  Reference Count: 2
  Modified Time: 2335
  Debug: Off
  Object Name: 
  Observers: 
    none
  Source: (none)
  Source output name: (none)
  Release Data: Off
  Data Released: False
  Global Release Data: Off
  PipelineMTime: 0
  UpdateMTime: 2332
  RealTimeStamp: 0 seconds 
  LargestPossibleRegion: 
    Dimension: 3
    Index: [0, 0, 0]
    Size: [176, 256, 256]
  BufferedRegion: 
    Dimension: 3
    Index: [0, 0, 0]
    Size: [176, 256, 256]
  RequestedRegion: 
    Dimension: 3
    Index: [0, 0, 0]
    Size: [176, 256, 256]
  Spacing: [1, 1, 1]
  Origin: [-104.451, 92.6908, -133.506]
  Direction: 
1 0 0
0 -1 0
0 0 1

  IndexToPointMatrix: 
1 0 0
0 -1 0
0 0 1

  PointToIndexMatrix: 
1 0 0
0 -1 0
0 0 1

  Inverse Direction: 
1 0 0
0 -1 0
0 0 1

  PixelContainer: 
    ImportImageContainer (0x3909850)
      RTTI typeinfo:   itk::ImportImageContainer<unsigned long, double>
      Reference Count: 1
      Modified Time: 2329
      Debug: Off
      Object Name: 
      Observers: 
        none
      Pointer: 0x152337be3010
      Container manages memory: true
      Size: 11534336
      Capacity: 11534336

     Weighting = 1
     Sampling strategy = regular
     Number of bins = 32
     Radius = 4
     Sampling percentage  = 0.25
   Transform = Rigid
     Gradient step = 0.1
     Update field sigma (voxel space) = 0
     Total field sigma (voxel space) = 0
     Update field time sigma = 0
     Total field time sigma  = 0
     Number of time indices = 0
     Number of time point samples = 0
Registration using 1 total stages.

Stage 0
  iterations = 0
  convergence threshold = 1e-06
  convergence window size = 10
  number of levels = 1
  using the Mattes MI metric (number of bins = 32, weight = 1, use gradient filter = 0)
  preprocessing:  winsorizing the image intensities
  Shrink factors (level 1 out of 1): [1, 1, 1]
  smoothing sigmas per level: [0]
  regular sampling (percentage = 0.25)

*** Running Euler3DTransform registration ***

  Elapsed time (stage 0): 0.929893


Total elapsed time: 0.931472
VFC_BACKENDS=libinterflop_ieee.so
Info [verificarlo]: loaded backend libinterflop_ieee.so
Info [interflop-ieee]: load backend with:
Info [interflop-ieee]: debug = false
Info [interflop-ieee]: debug-binary = false
Info [interflop-ieee]: no-backend-name = false
Info [interflop-ieee]: print-new-line = false
Info [interflop-ieee]: print-subnormal-normalized = false
Info [interflop-ieee]: count-op = false
All_Command_lines_OK
Using double precision for computations.
=============================================================================
The composite transform comprises the following transforms (in order): 
  1. /project/rrg-glatard/mdugre/datasets/corr/RawDataBIDS/BMB_1/derivatives/vprec-space_search/0001/r7-p17/sub-0003057/align_Composite.h5[0] (type = Euler3DTransform)
  2. /project/rrg-glatard/mdugre/datasets/corr/RawDataBIDS/BMB_1/derivatives/vprec-space_search/0001/r7-p17/sub-0003057/align_Composite.h5[1] (type = Euler3DTransform)
=============================================================================
  number of levels = 4
  fixed image: /templateflow/tpl-MNI152NLin2009cAsym/tpl-MNI152NLin2009cAsym_res-01_desc-brain_T1w.nii.gz
  moving image: /project/rrg-glatard/mdugre/datasets/corr/RawDataBIDS/BMB_1/derivatives/antsBrainExtraction/sub-0003057/BrainExtractionBrain.nii.gz
Dimension = 3
Number of stages = 1
Use histogram matching = false
Winsorize image intensities = true
  Lower quantile = 0.005
  Upper quantile = 0.995


Stage 1 State
   Image metric = MattesMI
     Fixed image = Image (0x5166650)
  RTTI typeinfo:   itk::Image<double, 3u>
  Reference Count: 2
  Modified Time: 1580
  Debug: Off
  Object Name: 
  Observers: 
    none
  Source: (none)
  Source output name: (none)
  Release Data: Off
  Data Released: False
  Global Release Data: Off
  PipelineMTime: 0
  UpdateMTime: 1189
  RealTimeStamp: 0 seconds 
  LargestPossibleRegion: 
    Dimension: 3
    Index: [0, 0, 0]
    Size: [193, 229, 193]
  BufferedRegion: 
    Dimension: 3
    Index: [0, 0, 0]
    Size: [193, 229, 193]
  RequestedRegion: 
    Dimension: 3
    Index: [0, 0, 0]
    Size: [193, 229, 193]
  Spacing: [1, 1, 1]
  Origin: [96, 132, -78]
  Direction: 
-1 0 0
0 -1 0
0 0 1

  IndexToPointMatrix: 
-1 0 0
0 -1 0
0 0 1

  PointToIndexMatrix: 
-1 0 0
0 -1 0
0 0 1

  Inverse Direction: 
-1 0 0
0 -1 0
0 0 1

  PixelContainer: 
    ImportImageContainer (0x5224210)
      RTTI typeinfo:   itk::ImportImageContainer<unsigned long, double>
      Reference Count: 1
      Modified Time: 1186
      Debug: Off
      Object Name: 
      Observers: 
        none
      Pointer: 0x1480c8617010
      Container manages memory: true
      Size: 8530021
      Capacity: 8530021

     Moving image = Image (0x52216e0)
  RTTI typeinfo:   itk::Image<double, 3u>
  Reference Count: 2
  Modified Time: 1581
  Debug: Off
  Object Name: 
  Observers: 
    none
  Source: (none)
  Source output name: (none)
  Release Data: Off
  Data Released: False
  Global Release Data: Off
  PipelineMTime: 0
  UpdateMTime: 1578
  RealTimeStamp: 0 seconds 
  LargestPossibleRegion: 
    Dimension: 3
    Index: [0, 0, 0]
    Size: [176, 256, 256]
  BufferedRegion: 
    Dimension: 3
    Index: [0, 0, 0]
    Size: [176, 256, 256]
  RequestedRegion: 
    Dimension: 3
    Index: [0, 0, 0]
    Size: [176, 256, 256]
  Spacing: [1, 1, 1]
  Origin: [-104.451, 92.6908, -133.506]
  Direction: 
1 0 0
0 -1 0
0 0 1

  IndexToPointMatrix: 
1 0 0
0 -1 0
0 0 1

  PointToIndexMatrix: 
1 0 0
0 -1 0
0 0 1

  Inverse Direction: 
1 0 0
0 -1 0
0 0 1

  PixelContainer: 
    ImportImageContainer (0x51f3970)
      RTTI typeinfo:   itk::ImportImageContainer<unsigned long, double>
      Reference Count: 1
      Modified Time: 1575
      Debug: Off
      Object Name: 
      Observers: 
        none
      Pointer: 0x1480c2e16010
      Container manages memory: true
      Size: 11534336
      Capacity: 11534336

     Weighting = 1
     Sampling strategy = regular
     Number of bins = 32
     Radius = 4
     Sampling percentage  = 0.25
   Transform = Rigid
     Gradient step = 0.1
     Update field sigma (voxel space) = 0
     Total field sigma (voxel space) = 0
     Update field time sigma = 0
     Total field time sigma  = 0
     Number of time indices = 0
     Number of time point samples = 0
Registration using 1 total stages.

Stage 0
  iterations = 1000x500x250x100
  convergence threshold = 1e-06
  convergence window size = 10
  number of levels = 4
  using the Mattes MI metric (number of bins = 32, weight = 1, use gradient filter = 0)
  preprocessing:  winsorizing the image intensities
  Shrink factors (level 1 out of 4): [8, 8, 8]
  Shrink factors (level 2 out of 4): [4, 4, 4]
  Shrink factors (level 3 out of 4): [2, 2, 2]
  Shrink factors (level 4 out of 4): [1, 1, 1]
  smoothing sigmas per level: [3, 2, 1, 0]
  regular sampling (percentage = 0.25)

*** Running Euler3DTransform registration ***

DIAGNOSTIC,Iteration,metricValue,convergenceValue,ITERATION_TIME_INDEX,SINCE_LAST
 2DIAGNOSTIC,     1, -5.436231627213e-01, 1.797693134862e+308, 1.1395e+00, 1.1395e+00, 
 2DIAGNOSTIC,     2, -5.459639101733e-01, 1.797693134862e+308, 1.1438e+00, 4.2801e-03, 
 2DIAGNOSTIC,     3, -5.499230820404e-01, 1.797693134862e+308, 1.1481e+00, 4.3700e-03, 
 2DIAGNOSTIC,     4, -5.547060569041e-01, 1.797693134862e+308, 1.1526e+00, 4.4451e-03, 
 2DIAGNOSTIC,     5, -5.624402127649e-01, 1.797693134862e+308, 1.1568e+00, 4.2591e-03, 
 2DIAGNOSTIC,     6, -5.675615006921e-01, 1.797693134862e+308, 1.1613e+00, 4.4930e-03, 
 2DIAGNOSTIC,     7, -5.693065811626e-01, 1.797693134862e+308, 1.1658e+00, 4.4589e-03, 
 2DIAGNOSTIC,     8, -5.733470843824e-01, 1.797693134862e+308, 1.1708e+00, 5.0590e-03, 
 2DIAGNOSTIC,     9, -5.832475817413e-01, 1.797693134862e+308, 1.1775e+00, 6.6960e-03, 
 2DIAGNOSTIC,    10, -5.854103360859e-01, 4.969022653861e-03, 1.1831e+00, 5.5780e-03, 
 2DIAGNOSTIC,    11, -5.879846407418e-01, 4.498521207699e-03, 1.1897e+00, 6.5830e-03, 
 2DIAGNOSTIC,    12, -5.884147105589e-01, 3.827859980286e-03, 1.1946e+00, 4.8759e-03, 
 2DIAGNOSTIC,    13, -5.882334526136e-01, 3.063902580919e-03, 1.1990e+00, 4.4491e-03, 
 2DIAGNOSTIC,    14, -5.884319002201e-01, 2.302635583828e-03, 1.2040e+00, 4.9741e-03, 
 2DIAGNOSTIC,    15, -5.886083036065e-01, 1.693569048477e-03, 1.2087e+00, 4.7181e-03, 
 2DIAGNOSTIC,    16, -5.890240830347e-01, 1.182690433558e-03, 1.2132e+00, 4.5059e-03, 
 2DIAGNOSTIC,    17, -5.896120568756e-01, 6.933883474812e-04, 1.2184e+00, 5.2240e-03, 
 2DIAGNOSTIC,    18, -5.904406862644e-01, 3.236588697719e-04, 1.2257e+00, 7.2050e-03, 
 2DIAGNOSTIC,    19, -5.904205257800e-01, 2.198625000574e-04, 1.2306e+00, 4.8969e-03, 
 2DIAGNOSTIC,    20, -5.905993250807e-01, 1.627848991778e-04, 1.2361e+00, 5.5001e-03, 
 2DIAGNOSTIC,    21, -5.909878478838e-01, 1.654540924998e-04, 1.2405e+00, 4.4730e-03, 
 2DIAGNOSTIC,    22, -5.918473040931e-01, 1.811121054861e-04, 1.2450e+00, 4.4379e-03, 
 2DIAGNOSTIC,    23, -5.928305465536e-01, 1.950693289762e-04, 1.2494e+00, 4.4339e-03, 
 2DIAGNOSTIC,    24, -5.940169410590e-01, 2.178967751956e-04, 1.2544e+00, 4.9620e-03, 
 2DIAGNOSTIC,    25, -5.940813210029e-01, 2.231869936889e-04, 1.2593e+00, 4.9312e-03, 
 2DIAGNOSTIC,    26, -5.942416890938e-01, 2.182676772212e-04, 1.2647e+00, 5.3852e-03, 
 2DIAGNOSTIC,    27, -5.942491912600e-01, 2.036346943895e-04, 1.2697e+00, 5.0180e-03, 
 2DIAGNOSTIC,    28, -5.942137829613e-01, 1.846288489233e-04, 1.2748e+00, 5.0611e-03, 
 2DIAGNOSTIC,    29, -5.941406514503e-01, 1.479650083793e-04, 1.2796e+00, 4.8912e-03, 
 2DIAGNOSTIC,    30, -5.943338411368e-01, 1.061516558745e-04, 1.2840e+00, 4.3111e-03, 
 2DIAGNOSTIC,    31, -5.950504083866e-01, 7.448896966920e-05, 1.2890e+00, 5.0459e-03, 
 2DIAGNOSTIC,    32, -5.946404552564e-01, 4.424267892995e-05, 1.2952e+00, 6.1789e-03, 
 2DIAGNOSTIC,    33, -5.955482802946e-01, 3.959732598184e-05, 1.2996e+00, 4.4670e-03, 
 2DIAGNOSTIC,    34, -5.963142418578e-01, 5.926474447501e-05, 1.3054e+00, 5.7850e-03, 
 2DIAGNOSTIC,    35, -5.971780944842e-01, 8.475477493586e-05, 1.3106e+00, 5.1658e-03, 
 2DIAGNOSTIC,    36, -5.972360194478e-01, 1.035933966700e-04, 1.3165e+00, 5.9071e-03, 
 2DIAGNOSTIC,    37, -5.979280362849e-01, 1.211418686880e-04, 1.3232e+00, 6.6612e-03, 
 2DIAGNOSTIC,    38, -5.988751501645e-01, 1.378759087950e-04, 1.3289e+00, 5.7809e-03, 
 2DIAGNOSTIC,    39, -5.994254911105e-01, 1.461068994501e-04, 1.3341e+00, 5.1310e-03, 
 2DIAGNOSTIC,    40, -5.997264963636e-01, 1.458024279507e-04, 1.3384e+00, 4.3089e-03, 
 2DIAGNOSTIC,    41, -5.999156411164e-01, 1.428886579216e-04, 1.3433e+00, 4.9520e-03, 
 2DIAGNOSTIC,    42, -5.999855321211e-01, 1.225057450448e-04, 1.3478e+00, 4.4360e-03, 
 2DIAGNOSTIC,    43, -5.999834768965e-01, 1.013761135284e-04, 1.3521e+00, 4.3249e-03, 
 2DIAGNOSTIC,    44, -6.004041964360e-01, 8.441728754942e-05, 1.3570e+00, 4.8628e-03, 
 2DIAGNOSTIC,    45, -6.007447099200e-01, 7.321325791686e-05, 1.3618e+00, 4.8730e-03, 
 2DIAGNOSTIC,    46, -6.016347897909e-01, 6.544529723639e-05, 1.3699e+00, 8.0681e-03, 
 2DIAGNOSTIC,    47, -6.015999741489e-01, 5.825015673521e-05, 1.3750e+00, 5.1410e-03, 
 2DIAGNOSTIC,    48, -6.013903334250e-01, 5.333817114002e-05, 1.3794e+00, 4.3781e-03, 
 2DIAGNOSTIC,    49, -6.012256243827e-01, 4.745195277055e-05, 1.3844e+00, 4.9999e-03, 
 2DIAGNOSTIC,    50, -6.012425795439e-01, 4.026021139034e-05, 1.3891e+00, 4.7081e-03, 
 2DIAGNOSTIC,    51, -6.012767629617e-01, 3.150914404218e-05, 1.3940e+00, 4.9069e-03, 
 2DIAGNOSTIC,    52, -6.013473661333e-01, 2.149260908599e-05, 1.3991e+00, 5.0840e-03, 
 2DIAGNOSTIC,    53, -6.013727890037e-01, 1.015871456396e-05, 1.4035e+00, 4.3960e-03, 
 2DIAGNOSTIC,    54, -6.014308090432e-01, 2.649846639249e-06, 1.4085e+00, 5.0259e-03, 
DIAGNOSTIC,Iteration,metricValue,convergenceValue,ITERATION_TIME_INDEX,SINCE_LAST
 2DIAGNOSTIC,     1, -4.921825618839e-01, 1.797693134862e+308, 2.6708e+00, 1.2623e+00, 
 2DIAGNOSTIC,     2, -4.929355163825e-01, 1.797693134862e+308, 2.7064e+00, 3.5631e-02, 
 2DIAGNOSTIC,     3, -4.937703380781e-01, 1.797693134862e+308, 2.7414e+00, 3.4997e-02, 
 2DIAGNOSTIC,     4, -4.943955174630e-01, 1.797693134862e+308, 2.7768e+00, 3.5419e-02, 
 2DIAGNOSTIC,     5, -4.951464833230e-01, 1.797693134862e+308, 2.8116e+00, 3.4748e-02, 
 2DIAGNOSTIC,     6, -4.956809994224e-01, 1.797693134862e+308, 2.8468e+00, 3.5195e-02, 
 2DIAGNOSTIC,     7, -4.960224484346e-01, 1.797693134862e+308, 2.8817e+00, 3.4886e-02, 
 2DIAGNOSTIC,     8, -4.974311167837e-01, 1.797693134862e+308, 2.9325e+00, 5.0778e-02, 
 2DIAGNOSTIC,     9, -4.974809488767e-01, 1.797693134862e+308, 2.9713e+00, 3.8822e-02, 
 2DIAGNOSTIC,    10, -4.975468020190e-01, 7.350505441963e-04, 3.0104e+00, 3.9163e-02, 
 2DIAGNOSTIC,    11, -4.974847888078e-01, 5.837016419211e-04, 3.0655e+00, 5.5085e-02, 
 2DIAGNOSTIC,    12, -4.974806749924e-01, 4.407354279992e-04, 3.1043e+00, 3.8786e-02, 
 2DIAGNOSTIC,    13, -4.974506636626e-01, 3.146888952804e-04, 3.1391e+00, 3.4747e-02, 
 2DIAGNOSTIC,    14, -4.974469580524e-01, 2.031353017568e-04, 3.1777e+00, 3.8669e-02, 
 2DIAGNOSTIC,    15, -4.974340435422e-01, 1.167567718107e-04, 3.2160e+00, 3.8295e-02, 
 2DIAGNOSTIC,    16, -4.974282192775e-01, 4.993585761533e-05, 3.2549e+00, 3.8839e-02, 
DIAGNOSTIC,Iteration,metricValue,convergenceValue,ITERATION_TIME_INDEX,SINCE_LAST
 2DIAGNOSTIC,     1, -4.317714617787e-01, 1.797693134862e+308, 4.8670e+00, 1.6121e+00, 
 2DIAGNOSTIC,     2, -4.322280514625e-01, 1.797693134862e+308, 5.1967e+00, 3.2977e-01, 
 2DIAGNOSTIC,     3, -4.327265835238e-01, 1.797693134862e+308, 5.5270e+00, 3.3022e-01, 
 2DIAGNOSTIC,     4, -4.330092999929e-01, 1.797693134862e+308, 5.8564e+00, 3.2940e-01, 
 2DIAGNOSTIC,     5, -4.332770088984e-01, 1.797693134862e+308, 6.1895e+00, 3.3318e-01, 
 2DIAGNOSTIC,     6, -4.335718330460e-01, 1.797693134862e+308, 6.5206e+00, 3.3106e-01, 
 2DIAGNOSTIC,     7, -4.337042894292e-01, 1.797693134862e+308, 6.9464e+00, 4.2583e-01, 
 2DIAGNOSTIC,     8, -4.337596206150e-01, 1.797693134862e+308, 7.4133e+00, 4.6689e-01, 
 2DIAGNOSTIC,     9, -4.337636760404e-01, 1.797693134862e+308, 7.9246e+00, 5.1124e-01, 
 2DIAGNOSTIC,    10, -4.337643415677e-01, 2.940385892123e-04, 8.4471e+00, 5.2256e-01, 
 2DIAGNOSTIC,    11, -4.337640241405e-01, 1.949026024637e-04, 8.8142e+00, 3.6703e-01, 
 2DIAGNOSTIC,    12, -4.337626283409e-01, 1.194314736399e-04, 9.1920e+00, 3.7781e-01, 
 2DIAGNOSTIC,    13, -4.337621643985e-01, 7.009692893552e-05, 9.5181e+00, 3.2615e-01, 
 2DIAGNOSTIC,    14, -4.337602254944e-01, 3.472188184199e-05, 9.9433e+00, 4.2515e-01, 
 2DIAGNOSTIC,    15, -4.337604884063e-01, 1.256176334441e-05, 1.0317e+01, 3.7344e-01, 
 2DIAGNOSTIC,    16, -4.337598784094e-01, 4.148927127731e-06, 1.0649e+01, 3.3203e-01, 
 2DIAGNOSTIC,    17, -4.337585703165e-01, 1.528507711825e-06, 1.1019e+01, 3.7035e-01, 
 2DIAGNOSTIC,    18, -4.337581138092e-01, 1.228181882591e-06, 1.1394e+01, 3.7448e-01, 
 2DIAGNOSTIC,    19, -4.337575954859e-01, 1.130777536537e-06, 1.1714e+01, 3.2075e-01, 
 2DIAGNOSTIC,    20, -4.337564301405e-01, 1.076619568371e-06, 1.2095e+01, 3.8032e-01, 
 2DIAGNOSTIC,    21, -4.337581090469e-01, 1.119245475696e-06, 1.2466e+01, 3.7099e-01, 
 2DIAGNOSTIC,    22, -4.337605408389e-01, 1.224389050127e-06, 1.2839e+01, 3.7387e-01, 
 2DIAGNOSTIC,    23, -4.337585752640e-01, 1.271802855758e-06, 1.3212e+01, 3.7229e-01, 
 2DIAGNOSTIC,    24, -4.337572523757e-01, 1.239166898197e-06, 1.3542e+01, 3.2987e-01, 
 2DIAGNOSTIC,    25, -4.337551122231e-01, 1.169749187777e-06, 1.3874e+01, 3.3229e-01, 
 2DIAGNOSTIC,    26, -4.337532522156e-01, 1.053209554014e-06, 1.4242e+01, 3.6856e-01, 
DIAGNOSTIC,Iteration,metricValue,convergenceValue,ITERATION_TIME_INDEX,SINCE_LAST
 2DIAGNOSTIC,     1, -3.967155225298e-01, 1.797693134862e+308, 1.7322e+01, 3.0792e+00, 
 2DIAGNOSTIC,     2, -3.968813654596e-01, 1.797693134862e+308, 1.9413e+01, 2.0910e+00, 
 2DIAGNOSTIC,     3, -3.971186330707e-01, 1.797693134862e+308, 2.1505e+01, 2.0926e+00, 
 2DIAGNOSTIC,     4, -3.972045998858e-01, 1.797693134862e+308, 2.3842e+01, 2.3365e+00, 
 2DIAGNOSTIC,     5, -3.973150865722e-01, 1.797693134862e+308, 2.6923e+01, 3.0814e+00, 
 2DIAGNOSTIC,     6, -3.973289025169e-01, 1.797693134862e+308, 2.9017e+01, 2.0941e+00, 
 2DIAGNOSTIC,     7, -3.973850559740e-01, 1.797693134862e+308, 3.1610e+01, 2.5931e+00, 
 2DIAGNOSTIC,     8, -3.973956279131e-01, 1.797693134862e+308, 3.4499e+01, 2.8888e+00, 
 2DIAGNOSTIC,     9, -3.973952327695e-01, 1.797693134862e+308, 3.6833e+01, 2.3343e+00, 
 2DIAGNOSTIC,    10, -3.973942519996e-01, 1.039709825438e-04, 3.9694e+01, 2.8603e+00, 
 2DIAGNOSTIC,    11, -3.973935837139e-01, 6.362585054710e-05, 4.2794e+01, 3.1000e+00, 
 2DIAGNOSTIC,    12, -3.973937324668e-01, 3.416039091748e-05, 4.5138e+01, 2.3438e+00, 
 2DIAGNOSTIC,    13, -3.973935429946e-01, 1.935917912169e-05, 4.7501e+01, 2.3638e+00, 
 2DIAGNOSTIC,    14, -3.973933191866e-01, 9.410388642661e-06, 4.9644e+01, 2.1424e+00, 
 2DIAGNOSTIC,    15, -3.973932315104e-01, 5.425132900666e-06, 5.2008e+01, 2.3646e+00, 
 2DIAGNOSTIC,    16, -3.973933062919e-01, 2.190192973719e-06, 5.4360e+01, 2.3515e+00, 
 2DIAGNOSTIC,    17, -3.973933185279e-01, 1.667003608298e-06, 5.6475e+01, 2.1151e+00, 
 2DIAGNOSTIC,    18, -3.973931178517e-01, 1.632699934286e-06, 5.8852e+01, 2.3775e+00, 
 2DIAGNOSTIC,    19, -3.973931364538e-01, 1.601633314550e-06, 6.1227e+01, 2.3749e+00, 
 2DIAGNOSTIC,    20, -3.973930589035e-01, 1.543215277601e-06, 6.3582e+01, 2.3545e+00, 
 2DIAGNOSTIC,    21, -3.973929321603e-01, 1.467309450665e-06, 6.6189e+01, 2.6071e+00, 
 2DIAGNOSTIC,    22, -3.973928273796e-01, 1.404344614216e-06, 6.8298e+01, 2.1093e+00, 
 2DIAGNOSTIC,    23, -3.973926867134e-01, 1.340817529713e-06, 7.0907e+01, 2.6083e+00, 
 2DIAGNOSTIC,    24, -3.973927435266e-01, 1.281741598462e-06, 7.3274e+01, 2.3677e+00, 
 2DIAGNOSTIC,    25, -3.973927053729e-01, 1.227670976864e-06, 7.5646e+01, 2.3716e+00, 
 2DIAGNOSTIC,    26, -3.973926469785e-01, 1.182434955831e-06, 7.7755e+01, 2.1087e+00, 
 2DIAGNOSTIC,    27, -3.973925186625e-01, 1.141614184672e-06, 7.9860e+01, 2.1059e+00, 
 2DIAGNOSTIC,    28, -3.973924316605e-01, 1.099859466960e-06, 8.2224e+01, 2.3634e+00, 
 2DIAGNOSTIC,    29, -3.973925204950e-01, 1.067039293083e-06, 8.4593e+01, 2.3696e+00, 
 2DIAGNOSTIC,    30, -3.973925306055e-01, 1.037520295746e-06, 8.7459e+01, 2.8659e+00, 
 2DIAGNOSTIC,    31, -3.973924707333e-01, 1.007848435625e-06, 8.9563e+01, 2.1041e+00, 
  Elapsed time (stage 0): 9.0745e+01


Total elapsed time: 9.0746e+01
VFC_BACKENDS=libinterflop_ieee.so
Info [verificarlo]: loaded backend libinterflop_ieee.so
Info [interflop-ieee]: load backend with:
Info [interflop-ieee]: debug = false
Info [interflop-ieee]: debug-binary = false
Info [interflop-ieee]: no-backend-name = false
Info [interflop-ieee]: print-new-line = false
Info [interflop-ieee]: print-subnormal-normalized = false
Info [interflop-ieee]: count-op = false
All_Command_lines_OK
Using double precision for computations.
=============================================================================
The composite transform comprises the following transforms (in order): 
  1. /project/rrg-glatard/mdugre/datasets/corr/RawDataBIDS/BMB_1/derivatives/vprec-space_search/0001/r7-p17/sub-0003057/rigid_Composite.h5[0] (type = Euler3DTransform)
  2. /project/rrg-glatard/mdugre/datasets/corr/RawDataBIDS/BMB_1/derivatives/vprec-space_search/0001/r7-p17/sub-0003057/rigid_Composite.h5[1] (type = Euler3DTransform)
  3. /project/rrg-glatard/mdugre/datasets/corr/RawDataBIDS/BMB_1/derivatives/vprec-space_search/0001/r7-p17/sub-0003057/rigid_Composite.h5[2] (type = Euler3DTransform)
=============================================================================
  number of levels = 4
  fixed image: /templateflow/tpl-MNI152NLin2009cAsym/tpl-MNI152NLin2009cAsym_res-01_desc-brain_T1w.nii.gz
  moving image: /project/rrg-glatard/mdugre/datasets/corr/RawDataBIDS/BMB_1/derivatives/antsBrainExtraction/sub-0003057/BrainExtractionBrain.nii.gz
Dimension = 3
Number of stages = 1
Use histogram matching = false
Winsorize image intensities = true
  Lower quantile = 0.005
  Upper quantile = 0.995


Stage 1 State
   Image metric = MattesMI
     Fixed image = Image (0x4f82650)
  RTTI typeinfo:   itk::Image<double, 3u>
  Reference Count: 2
  Modified Time: 1594
  Debug: Off
  Object Name: 
  Observers: 
    none
  Source: (none)
  Source output name: (none)
  Release Data: Off
  Data Released: False
  Global Release Data: Off
  PipelineMTime: 0
  UpdateMTime: 1203
  RealTimeStamp: 0 seconds 
  LargestPossibleRegion: 
    Dimension: 3
    Index: [0, 0, 0]
    Size: [193, 229, 193]
  BufferedRegion: 
    Dimension: 3
    Index: [0, 0, 0]
    Size: [193, 229, 193]
  RequestedRegion: 
    Dimension: 3
    Index: [0, 0, 0]
    Size: [193, 229, 193]
  Spacing: [1, 1, 1]
  Origin: [96, 132, -78]
  Direction: 
-1 0 0
0 -1 0
0 0 1

  IndexToPointMatrix: 
-1 0 0
0 -1 0
0 0 1

  PointToIndexMatrix: 
-1 0 0
0 -1 0
0 0 1

  Inverse Direction: 
-1 0 0
0 -1 0
0 0 1

  PixelContainer: 
    ImportImageContainer (0x504f290)
      RTTI typeinfo:   itk::ImportImageContainer<unsigned long, double>
      Reference Count: 1
      Modified Time: 1200
      Debug: Off
      Object Name: 
      Observers: 
        none
      Pointer: 0x1478f5ce6010
      Container manages memory: true
      Size: 8530021
      Capacity: 8530021

     Moving image = Image (0x504eb00)
  RTTI typeinfo:   itk::Image<double, 3u>
  Reference Count: 2
  Modified Time: 1595
  Debug: Off
  Object Name: 
  Observers: 
    none
  Source: (none)
  Source output name: (none)
  Release Data: Off
  Data Released: False
  Global Release Data: Off
  PipelineMTime: 0
  UpdateMTime: 1592
  RealTimeStamp: 0 seconds 
  LargestPossibleRegion: 
    Dimension: 3
    Index: [0, 0, 0]
    Size: [176, 256, 256]
  BufferedRegion: 
    Dimension: 3
    Index: [0, 0, 0]
    Size: [176, 256, 256]
  RequestedRegion: 
    Dimension: 3
    Index: [0, 0, 0]
    Size: [176, 256, 256]
  Spacing: [1, 1, 1]
  Origin: [-104.451, 92.6908, -133.506]
  Direction: 
1 0 0
0 -1 0
0 0 1

  IndexToPointMatrix: 
1 0 0
0 -1 0
0 0 1

  PointToIndexMatrix: 
1 0 0
0 -1 0
0 0 1

  Inverse Direction: 
1 0 0
0 -1 0
0 0 1

  PixelContainer: 
    ImportImageContainer (0x50100d0)
      RTTI typeinfo:   itk::ImportImageContainer<unsigned long, double>
      Reference Count: 1
      Modified Time: 1589
      Debug: Off
      Object Name: 
      Observers: 
        none
      Pointer: 0x1478f04e5010
      Container manages memory: true
      Size: 11534336
      Capacity: 11534336

     Weighting = 1
     Sampling strategy = regular
     Number of bins = 32
     Radius = 4
     Sampling percentage  = 0.25
   Transform = Affine
     Gradient step = 0.1
     Update field sigma (voxel space) = 0
     Total field sigma (voxel space) = 0
     Update field time sigma = 0
     Total field time sigma  = 0
     Number of time indices = 0
     Number of time point samples = 0
Registration using 1 total stages.

Stage 0
  iterations = 1000x500x250x100
  convergence threshold = 1e-06
  convergence window size = 10
  number of levels = 4
  using the Mattes MI metric (number of bins = 32, weight = 1, use gradient filter = 0)
  preprocessing:  winsorizing the image intensities
  Shrink factors (level 1 out of 4): [8, 8, 8]
  Shrink factors (level 2 out of 4): [4, 4, 4]
  Shrink factors (level 3 out of 4): [2, 2, 2]
  Shrink factors (level 4 out of 4): [1, 1, 1]
  smoothing sigmas per level: [3, 2, 1, 0]
  regular sampling (percentage = 0.25)

*** Running AffineTransform registration ***

DIAGNOSTIC,Iteration,metricValue,convergenceValue,ITERATION_TIME_INDEX,SINCE_LAST
 2DIAGNOSTIC,     1, -5.851806343730e-01, 1.797693134862e+308, 1.1566e+00, 1.1566e+00, 
 2DIAGNOSTIC,     2, -5.876477788280e-01, 1.797693134862e+308, 1.1626e+00, 5.9991e-03, 
 2DIAGNOSTIC,     3, -5.914293260528e-01, 1.797693134862e+308, 1.1678e+00, 5.1410e-03, 
 2DIAGNOSTIC,     4, -5.968185966170e-01, 1.797693134862e+308, 1.1730e+00, 5.2400e-03, 
 2DIAGNOSTIC,     5, -6.062694966978e-01, 1.797693134862e+308, 1.1782e+00, 5.2371e-03, 
 2DIAGNOSTIC,     6, -6.256053158429e-01, 1.797693134862e+308, 1.1845e+00, 6.2699e-03, 
 2DIAGNOSTIC,     7, -6.470504554834e-01, 1.797693134862e+308, 1.1910e+00, 6.5188e-03, 
 2DIAGNOSTIC,     8, -7.063804290360e-01, 1.797693134862e+308, 1.1974e+00, 6.3291e-03, 
 2DIAGNOSTIC,     9, -7.586407608020e-01, 1.797693134862e+308, 1.2052e+00, 7.8061e-03, 
 2DIAGNOSTIC,    10, -7.956829448100e-01, 2.043064600572e-02, 1.2119e+00, 6.7260e-03, 
 2DIAGNOSTIC,    11, -8.024084300788e-01, 2.168295862835e-02, 1.2183e+00, 6.3679e-03, 
 2DIAGNOSTIC,    12, -8.156062683533e-01, 2.131079247016e-02, 1.2248e+00, 6.5691e-03, 
 2DIAGNOSTIC,    13, -8.299809815665e-01, 1.963644379628e-02, 1.2311e+00, 6.2599e-03, 
 2DIAGNOSTIC,    14, -8.336987504597e-01, 1.671595966630e-02, 1.2373e+00, 6.1851e-03, 
 2DIAGNOSTIC,    15, -8.357443933750e-01, 1.305587826557e-02, 1.2442e+00, 6.9120e-03, 
 2DIAGNOSTIC,    16, -8.362437373135e-01, 9.259648220949e-03, 1.2505e+00, 6.2840e-03, 
 2DIAGNOSTIC,    17, -8.376626411512e-01, 5.648014407037e-03, 1.2567e+00, 6.2721e-03, 
 2DIAGNOSTIC,    18, -8.382744350854e-01, 3.250516944774e-03, 1.2642e+00, 7.4589e-03, 
 2DIAGNOSTIC,    19, -8.385420642997e-01, 1.892847415651e-03, 1.2697e+00, 5.4920e-03, 
 2DIAGNOSTIC,    20, -8.386549537537e-01, 1.230921108285e-03, 1.2754e+00, 5.6601e-03, 
 2DIAGNOSTIC,    21, -8.386092370613e-01, 6.446770805412e-04, 1.2809e+00, 5.5349e-03, 
 2DIAGNOSTIC,    22, -8.387103886308e-01, 2.815471419950e-04, 1.2870e+00, 6.1178e-03, 
 2DIAGNOSTIC,    23, -8.389000874921e-01, 1.649544236590e-04, 1.2950e+00, 7.9660e-03, 
 2DIAGNOSTIC,    24, -8.390162247822e-01, 1.032260846636e-04, 1.3013e+00, 6.3059e-03, 
 2DIAGNOSTIC,    25, -8.390769335163e-01, 6.909875477339e-05, 1.3083e+00, 6.9940e-03, 
 2DIAGNOSTIC,    26, -8.391016029324e-01, 3.864680443161e-05, 1.3150e+00, 6.7410e-03, 
 2DIAGNOSTIC,    27, -8.391119411448e-01, 2.663179346255e-05, 1.3215e+00, 6.5169e-03, 
 2DIAGNOSTIC,    28, -8.391746052111e-01, 2.194618288522e-05, 1.3281e+00, 6.5370e-03, 
 2DIAGNOSTIC,    29, -8.394083038096e-01, 2.195513895714e-05, 1.3443e+00, 1.6274e-02, 
 2DIAGNOSTIC,    30, -8.394082701662e-01, 2.136814324058e-05, 1.3499e+00, 5.5861e-03, 
 2DIAGNOSTIC,    31, -8.394083007183e-01, 1.842590018414e-05, 1.3561e+00, 6.1688e-03, 
 2DIAGNOSTIC,    32, -8.394083523707e-01, 1.520480414904e-05, 1.3623e+00, 6.1879e-03, 
 2DIAGNOSTIC,    33, -8.394084396922e-01, 1.290817542738e-05, 1.3686e+00, 6.2900e-03, 
 2DIAGNOSTIC,    34, -8.394085872703e-01, 1.081855490505e-05, 1.3741e+00, 5.5411e-03, 
 2DIAGNOSTIC,    35, -8.394088363469e-01, 8.554360571511e-06, 1.3809e+00, 6.7320e-03, 
 2DIAGNOSTIC,    36, -8.394092561758e-01, 6.000925315074e-06, 1.3876e+00, 6.7511e-03, 
 2DIAGNOSTIC,    37, -8.394099622341e-01, 3.232590350746e-06, 1.3937e+00, 6.1421e-03, 
DIAGNOSTIC,Iteration,metricValue,convergenceValue,ITERATION_TIME_INDEX,SINCE_LAST
 2DIAGNOSTIC,     1, -7.115160633914e-01, 1.797693134862e+308, 2.6364e+00, 1.2426e+00, 
 2DIAGNOSTIC,     2, -7.125399384363e-01, 1.797693134862e+308, 2.6818e+00, 4.5412e-02, 
 2DIAGNOSTIC,     3, -7.133698080563e-01, 1.797693134862e+308, 2.7267e+00, 4.4986e-02, 
 2DIAGNOSTIC,     4, -7.138660463373e-01, 1.797693134862e+308, 2.7711e+00, 4.4321e-02, 
 2DIAGNOSTIC,     5, -7.143356197616e-01, 1.797693134862e+308, 2.8163e+00, 4.5243e-02, 
 2DIAGNOSTIC,     6, -7.151209896559e-01, 1.797693134862e+308, 2.8748e+00, 5.8476e-02, 
 2DIAGNOSTIC,     7, -7.154370458219e-01, 1.797693134862e+308, 2.9333e+00, 5.8549e-02, 
 2DIAGNOSTIC,     8, -7.154616821358e-01, 1.797693134862e+308, 2.9788e+00, 4.5450e-02, 
 2DIAGNOSTIC,     9, -7.155092468704e-01, 1.797693134862e+308, 3.0276e+00, 4.8825e-02, 
 2DIAGNOSTIC,    10, -7.155530589538e-01, 3.598176022269e-04, 3.0780e+00, 5.0373e-02, 
 2DIAGNOSTIC,    11, -7.155778497923e-01, 2.443742347589e-04, 3.1230e+00, 4.5041e-02, 
 2DIAGNOSTIC,    12, -7.156012424622e-01, 1.606720557360e-04, 3.1681e+00, 4.5060e-02, 
 2DIAGNOSTIC,    13, -7.156384565634e-01, 1.022132963969e-04, 3.2232e+00, 5.5090e-02, 
 2DIAGNOSTIC,    14, -7.156422365962e-01, 5.725265432853e-05, 3.2730e+00, 4.9850e-02, 
 2DIAGNOSTIC,    15, -7.156537744099e-01, 2.553699904756e-05, 3.3230e+00, 4.9960e-02, 
 2DIAGNOSTIC,    16, -7.156349734154e-01, 1.448670312267e-05, 3.3726e+00, 4.9629e-02, 
 2DIAGNOSTIC,    17, -7.156305157642e-01, 1.089136030757e-05, 3.4176e+00, 4.4954e-02, 
 2DIAGNOSTIC,    18, -7.156284032798e-01, 7.336683195074e-06, 3.4676e+00, 5.0030e-02, 
 2DIAGNOSTIC,    19, -7.156336269227e-01, 4.721666676318e-06, 3.5124e+00, 4.4841e-02, 
 2DIAGNOSTIC,    20, -7.156283713110e-01, 2.847632487771e-06, 3.5626e+00, 5.0193e-02, 
 2DIAGNOSTIC,    21, -7.156227409717e-01, 1.403810785221e-06, 3.6076e+00, 4.4952e-02, 
DIAGNOSTIC,Iteration,metricValue,convergenceValue,ITERATION_TIME_INDEX,SINCE_LAST
 2DIAGNOSTIC,     1, -6.069831497965e-01, 1.797693134862e+308, 5.3452e+00, 1.7376e+00, 
 2DIAGNOSTIC,     2, -6.073512891466e-01, 1.797693134862e+308, 5.7522e+00, 4.0703e-01, 
 2DIAGNOSTIC,     3, -6.076326906776e-01, 1.797693134862e+308, 6.1602e+00, 4.0801e-01, 
 2DIAGNOSTIC,     4, -6.078391074892e-01, 1.797693134862e+308, 6.5779e+00, 4.1769e-01, 
 2DIAGNOSTIC,     5, -6.080503508604e-01, 1.797693134862e+308, 7.0026e+00, 4.2473e-01, 
 2DIAGNOSTIC,     6, -6.081807313630e-01, 1.797693134862e+308, 7.5581e+00, 5.5547e-01, 
 2DIAGNOSTIC,     7, -6.081911128370e-01, 1.797693134862e+308, 8.0118e+00, 4.5370e-01, 
 2DIAGNOSTIC,     8, -6.081906271731e-01, 1.797693134862e+308, 8.4703e+00, 4.5854e-01, 
 2DIAGNOSTIC,     9, -6.082053884107e-01, 1.797693134862e+308, 8.9837e+00, 5.1333e-01, 
 2DIAGNOSTIC,    10, -6.082041712400e-01, 1.221598910779e-04, 9.4437e+00, 4.6005e-01, 
 2DIAGNOSTIC,    11, -6.082027783329e-01, 7.408779320903e-05, 9.9120e+00, 4.6830e-01, 
 2DIAGNOSTIC,    12, -6.082026440024e-01, 4.188605216714e-05, 1.0322e+01, 4.0993e-01, 
 2DIAGNOSTIC,    13, -6.082063868430e-01, 2.130284339984e-05, 1.0782e+01, 4.5976e-01, 
 2DIAGNOSTIC,    14, -6.082050699974e-01, 8.640516267699e-06, 1.1235e+01, 4.5373e-01, 
 2DIAGNOSTIC,    15, -6.082073725779e-01, 3.629427568014e-06, 1.1691e+01, 4.5570e-01, 
 2DIAGNOSTIC,    16, -6.082151021451e-01, 3.139992566265e-06, 1.2140e+01, 4.4903e-01, 
 2DIAGNOSTIC,    17, -6.082122502021e-01, 2.807861620185e-06, 1.2545e+01, 4.0490e-01, 
 2DIAGNOSTIC,    18, -6.082142360370e-01, 2.457171790503e-06, 1.3052e+01, 5.0718e-01, 
 2DIAGNOSTIC,    19, -6.082155292353e-01, 2.475714714026e-06, 1.3511e+01, 4.5850e-01, 
 2DIAGNOSTIC,    20, -6.082136822397e-01, 2.345818060821e-06, 1.3912e+01, 4.0131e-01, 
 2DIAGNOSTIC,    21, -6.082145029497e-01, 2.145237220627e-06, 1.4362e+01, 4.4963e-01, 
 2DIAGNOSTIC,    22, -6.082113950241e-01, 1.833087466617e-06, 1.4769e+01, 4.0692e-01, 
 2DIAGNOSTIC,    23, -6.082138296547e-01, 1.642157862213e-06, 1.5226e+01, 4.5741e-01, 
 2DIAGNOSTIC,    24, -6.082134310420e-01, 1.406840790016e-06, 1.5624e+01, 3.9844e-01, 
 2DIAGNOSTIC,    25, -6.082120231131e-01, 1.195528726856e-06, 1.6090e+01, 4.6568e-01, 
 2DIAGNOSTIC,    26, -6.082126259578e-01, 1.161234383533e-06, 1.6548e+01, 4.5785e-01, 
 2DIAGNOSTIC,    27, -6.082106524139e-01, 1.050589406019e-06, 1.7045e+01, 4.9686e-01, 
DIAGNOSTIC,Iteration,metricValue,convergenceValue,ITERATION_TIME_INDEX,SINCE_LAST
 2DIAGNOSTIC,     1, -5.416092717839e-01, 1.797693134862e+308, 2.0818e+01, 3.7727e+00, 
 2DIAGNOSTIC,     2, -5.420247577215e-01, 1.797693134862e+308, 2.3545e+01, 2.7271e+00, 
 2DIAGNOSTIC,     3, -5.423525706043e-01, 1.797693134862e+308, 2.6264e+01, 2.7191e+00, 
 2DIAGNOSTIC,     4, -5.426617810749e-01, 1.797693134862e+308, 2.9018e+01, 2.7539e+00, 
 2DIAGNOSTIC,     5, -5.430463373927e-01, 1.797693134862e+308, 3.2552e+01, 3.5347e+00, 
 2DIAGNOSTIC,     6, -5.430522011186e-01, 1.797693134862e+308, 3.5284e+01, 2.7313e+00, 
 2DIAGNOSTIC,     7, -5.431133094769e-01, 1.797693134862e+308, 3.7985e+01, 2.7013e+00, 
 2DIAGNOSTIC,     8, -5.432395757640e-01, 1.797693134862e+308, 4.0671e+01, 2.6862e+00, 
 2DIAGNOSTIC,     9, -5.432868975502e-01, 1.797693134862e+308, 4.4238e+01, 3.5673e+00, 
 2DIAGNOSTIC,    10, -5.433147231442e-01, 1.939186779144e-04, 4.7213e+01, 2.9742e+00, 
 2DIAGNOSTIC,    11, -5.433185721896e-01, 1.301509402539e-04, 5.0479e+01, 3.2660e+00, 
 2DIAGNOSTIC,    12, -5.433346917630e-01, 8.444361953903e-05, 5.3409e+01, 2.9305e+00, 
 2DIAGNOSTIC,    13, -5.433478535141e-01, 5.185302568765e-05, 5.6360e+01, 2.9512e+00, 
 2DIAGNOSTIC,    14, -5.433608349302e-01, 3.105327943163e-05, 5.9054e+01, 2.6939e+00, 
 2DIAGNOSTIC,    15, -5.433796019058e-01, 2.454640370698e-05, 6.3080e+01, 4.0257e+00, 
 2DIAGNOSTIC,    16, -5.433804526952e-01, 1.702165331395e-05, 6.6616e+01, 3.5358e+00, 
 2DIAGNOSTIC,    17, -5.433802323613e-01, 1.079599861829e-05, 7.0427e+01, 3.8118e+00, 
 2DIAGNOSTIC,    18, -5.433801699322e-01, 8.079607919917e-06, 7.3383e+01, 2.9556e+00, 
 2DIAGNOSTIC,    19, -5.433799820239e-01, 6.340368131283e-06, 7.6326e+01, 2.9427e+00, 
 2DIAGNOSTIC,    20, -5.433800670406e-01, 5.070200028150e-06, 7.9325e+01, 2.9988e+00, 
 2DIAGNOSTIC,    21, -5.433798934638e-01, 3.684067864752e-06, 8.2269e+01, 2.9441e+00, 
 2DIAGNOSTIC,    22, -5.433796834983e-01, 2.602106276797e-06, 8.5277e+01, 3.0084e+00, 
 2DIAGNOSTIC,    23, -5.433797406176e-01, 1.804104960014e-06, 8.7958e+01, 2.6808e+00, 
 2DIAGNOSTIC,    24, -5.433795624737e-01, 1.300716275188e-06, 9.0940e+01, 2.9821e+00, 
 2DIAGNOSTIC,    25, -5.433793827982e-01, 1.228513070460e-06, 9.3903e+01, 2.9633e+00, 
 2DIAGNOSTIC,    26, -5.433793282187e-01, 1.182271021270e-06, 9.6870e+01, 2.9671e+00, 
 2DIAGNOSTIC,    27, -5.433795844351e-01, 1.144108190958e-06, 9.9879e+01, 3.0081e+00, 
 2DIAGNOSTIC,    28, -5.433794269439e-01, 1.107692764041e-06, 1.0266e+02, 2.7832e+00, 
 2DIAGNOSTIC,    29, -5.433793451293e-01, 1.071686952389e-06, 1.0591e+02, 3.2512e+00, 
 2DIAGNOSTIC,    30, -5.433794197263e-01, 1.043498384388e-06, 1.0889e+02, 2.9801e+00, 
 2DIAGNOSTIC,    31, -5.433795238786e-01, 1.017567930826e-06, 1.1185e+02, 2.9594e+00, 
  Elapsed time (stage 0): 1.1354e+02


Total elapsed time: 1.1354e+02
VFC_BACKENDS=libinterflop_vprec.so --range-binary32=7 --precision-binary32=17 --range-binary64=7 --precision-binary64=17
Info [verificarlo]: loaded backend libinterflop_vprec.so
Info [interflop-vprec]: load backend with: 
Info [interflop-vprec]: precision-binary32 = 17
Info [interflop-vprec]: range-binary32 = 7
Info [interflop-vprec]: precision-binary64 = 17
Info [interflop-vprec]: range-binary64 = 7
Info [interflop-vprec]: mode = ob
Info [interflop-vprec]: error-mode = rel
Info [interflop-vprec]: max-abs-error-exponent = -1022
Info [interflop-vprec]: daz = false
Info [interflop-vprec]: ftz = false
Info [interflop-vprec]: 	instrument = none
Info [interflop-vprec]: 	prec-input-file = (null)
Info [interflop-vprec]: 	prec-output-file = (null)
Info [interflop-vprec]: 	prec-log-file = (null)
All_Command_lines_OK
Using double precision for computations.
=============================================================================
The composite transform comprises the following transforms (in order): 
  1. /project/rrg-glatard/mdugre/datasets/corr/RawDataBIDS/BMB_1/derivatives/vprec-space_search/0001/r7-p17/sub-0003057/affine_Composite.h5[0] (type = Euler3DTransform)
  2. /project/rrg-glatard/mdugre/datasets/corr/RawDataBIDS/BMB_1/derivatives/vprec-space_search/0001/r7-p17/sub-0003057/affine_Composite.h5[1] (type = Euler3DTransform)
  3. /project/rrg-glatard/mdugre/datasets/corr/RawDataBIDS/BMB_1/derivatives/vprec-space_search/0001/r7-p17/sub-0003057/affine_Composite.h5[2] (type = Euler3DTransform)
  4. /project/rrg-glatard/mdugre/datasets/corr/RawDataBIDS/BMB_1/derivatives/vprec-space_search/0001/r7-p17/sub-0003057/affine_Composite.h5[3] (type = AffineTransform)
=============================================================================
  number of levels = 4
  fixed image: /templateflow/tpl-MNI152NLin2009cAsym/tpl-MNI152NLin2009cAsym_res-01_desc-brain_T1w.nii.gz
  moving image: /project/rrg-glatard/mdugre/datasets/corr/RawDataBIDS/BMB_1/derivatives/antsBrainExtraction/sub-0003057/BrainExtractionBrain.nii.gz
Dimension = 3
Number of stages = 1
Use histogram matching = false
Winsorize image intensities = true
  Lower quantile = 0.005
  Upper quantile = 0.995


Stage 1 State
   Image metric = CC
     Fixed image = Image (0x40b04c0)
  RTTI typeinfo:   itk::Image<double, 3u>
  Reference Count: 2
  Modified Time: 1606
  Debug: Off
  Object Name: 
  Observers: 
    none
  Source: (none)
  Source output name: (none)
  Release Data: Off
  Data Released: False
  Global Release Data: Off
  PipelineMTime: 0
  UpdateMTime: 1217
  RealTimeStamp: 0 seconds 
  LargestPossibleRegion: 
    Dimension: 3
    Index: [0, 0, 0]
    Size: [193, 229, 193]
  BufferedRegion: 
    Dimension: 3
    Index: [0, 0, 0]
    Size: [193, 229, 193]
  RequestedRegion: 
    Dimension: 3
    Index: [0, 0, 0]
    Size: [193, 229, 193]
  Spacing: [1, 1, 1]
  Origin: [96, 132, -78]
  Direction: 
-1 0 0
0 -1 0
0 0 1

  IndexToPointMatrix: 
-1 0 0
0 -1 0
0 0 1

  PointToIndexMatrix: 
-1 0 0
0 -1 0
0 0 1

  Inverse Direction: 
-1 0 0
0 -1 0
0 0 1

  PixelContainer: 
    ImportImageContainer (0x417fb10)
      RTTI typeinfo:   itk::ImportImageContainer<unsigned long, double>
      Reference Count: 1
      Modified Time: 1214
      Debug: Off
      Object Name: 
      Observers: 
        none
      Pointer: 0x149d7afff010
      Container manages memory: true
      Size: 8530021
      Capacity: 8530021

     Moving image = Image (0x4186700)
  RTTI typeinfo:   itk::Image<double, 3u>
  Reference Count: 2
  Modified Time: 1607
  Debug: Off
  Object Name: 
  Observers: 
    none
  Source: (none)
  Source output name: (none)
  Release Data: Off
  Data Released: False
  Global Release Data: Off
  PipelineMTime: 0
  UpdateMTime: 1604
  RealTimeStamp: 0 seconds 
  LargestPossibleRegion: 
    Dimension: 3
    Index: [0, 0, 0]
    Size: [176, 256, 256]
  BufferedRegion: 
    Dimension: 3
    Index: [0, 0, 0]
    Size: [176, 256, 256]
  RequestedRegion: 
    Dimension: 3
    Index: [0, 0, 0]
    Size: [176, 256, 256]
  Spacing: [1, 1, 1]
  Origin: [-104.452, 92.6909, -133.506]
  Direction: 
1 0 0
0 -1 0
0 0 1

  IndexToPointMatrix: 
1 0 0
0 -1 0
0 0 1

  PointToIndexMatrix: 
1 0 0
0 -1 0
0 0 1

  Inverse Direction: 
1 0 0
0 -1 0
0 0 1

  PixelContainer: 
    ImportImageContainer (0x41a71d0)
      RTTI typeinfo:   itk::ImportImageContainer<unsigned long, double>
      Reference Count: 1
      Modified Time: 1601
      Debug: Off
      Object Name: 
      Observers: 
        none
      Pointer: 0x149d757fe010
      Container manages memory: true
      Size: 11534336
      Capacity: 11534336

     Weighting = 1
     Sampling strategy = none
     Number of bins = 32
     Radius = 4
     Sampling percentage  = 1
   Transform = SyN
     Gradient step = 0.1
     Update field sigma (voxel space) = 3
     Total field sigma (voxel space) = 0
     Update field time sigma = 0
     Total field time sigma  = 0
     Number of time indices = 0
     Number of time point samples = 0
Registration using 1 total stages.

Stage 0
  iterations = 100x70x50x20
  convergence threshold = 1e-06
  convergence window size = 10
  number of levels = 4
  using the CC metric (radius = 4, weight = 1, use gradient filter = 0)
  preprocessing:  winsorizing the image intensities
  Shrink factors (level 1 out of 4): [8, 8, 8]
  Shrink factors (level 2 out of 4): [4, 4, 4]
  Shrink factors (level 3 out of 4): [2, 2, 2]
  Shrink factors (level 4 out of 4): [1, 1, 1]
  smoothing sigmas per level: [3, 2, 1, 0]
  Using default NONE metricSamplingStrategy 

*** Running SyN registration (varianceForUpdateField = 3, varianceForTotalField = 0) ***

XXDIAGNOSTIC,Iteration,metricValue,convergenceValue,ITERATION_TIME_INDEX,SINCE_LAST
 1DIAGNOSTIC,     1, -9.345970153809e-01, 1.797693134862e+308, 0.0000e+00, 0.0000e+00, 
 1DIAGNOSTIC,     2, -9.445953369141e-01, 1.797693134862e+308, 0.0000e+00, 0.0000e+00, 
 1DIAGNOSTIC,     3, -9.505996704102e-01, 1.797693134862e+308, 0.0000e+00, 0.0000e+00, 
 1DIAGNOSTIC,     4, -9.541397094727e-01, 1.797693134862e+308, 0.0000e+00, 0.0000e+00, 
 1DIAGNOSTIC,     5, -9.574050903320e-01, 1.797693134862e+308, 0.0000e+00, 0.0000e+00, 
 1DIAGNOSTIC,     6, -9.613304138184e-01, 1.797693134862e+308, 0.0000e+00, 0.0000e+00, 
 1DIAGNOSTIC,     7, -9.649772644043e-01, 1.797693134862e+308, 0.0000e+00, 0.0000e+00, 
 1DIAGNOSTIC,     8, -9.682922363281e-01, 1.797693134862e+308, 0.0000e+00, 0.0000e+00, 
 1DIAGNOSTIC,     9, -9.706840515137e-01, 1.797693134862e+308, 0.0000e+00, 0.0000e+00, 
 1DIAGNOSTIC,    10, -9.714202880859e-01, 2.310074204533e-03, 0.0000e+00, 0.0000e+00, 
 1DIAGNOSTIC,    11, -9.719467163086e-01, 1.695786566804e-03, 0.0000e+00, 0.0000e+00, 
 1DIAGNOSTIC,    12, -9.725914001465e-01, 1.292710521940e-03, 0.0000e+00, 0.0000e+00, 
 1DIAGNOSTIC,    13, -9.729385375977e-01, 9.787106860565e-04, 0.0000e+00, 0.0000e+00, 
 1DIAGNOSTIC,    14, -9.733581542969e-01, 7.042560989912e-04, 0.0000e+00, 0.0000e+00, 
 1DIAGNOSTIC,    15, -9.735946655273e-01, 4.709722143260e-04, 0.0000e+00, 0.0000e+00, 
 1DIAGNOSTIC,    16, -9.739074707031e-01, 3.016587510145e-04, 0.0000e+00, 0.0000e+00, 
 1DIAGNOSTIC,    17, -9.740753173828e-01, 1.898683625934e-04, 0.0000e+00, 0.0000e+00, 
 1DIAGNOSTIC,    18, -9.742393493652e-01, 1.292508667484e-04, 0.0000e+00, 0.0000e+00, 
 1DIAGNOSTIC,    19, -9.743614196777e-01, 1.020529870991e-04, 0.0000e+00, 0.0000e+00, 
 1DIAGNOSTIC,    20, -9.744453430176e-01, 8.023911227759e-05, 0.0000e+00, 0.0000e+00, 
 1DIAGNOSTIC,    21, -9.745368957520e-01, 6.167859949293e-05, 0.0000e+00, 0.0000e+00, 
 1DIAGNOSTIC,    22, -9.745712280273e-01, 4.820958747663e-05, 0.0000e+00, 0.0000e+00, 
 1DIAGNOSTIC,    23, -9.746437072754e-01, 3.682769356170e-05, 0.0000e+00, 0.0000e+00, 
 1DIAGNOSTIC,    24, -9.747085571289e-01, 2.896967964729e-05, 0.0000e+00, 0.0000e+00, 
 1DIAGNOSTIC,    25, -9.747505187988e-01, 2.234064158634e-05, 0.0000e+00, 0.0000e+00, 
 1DIAGNOSTIC,    26, -9.747314453125e-01, 1.753842783246e-05, 0.0000e+00, 0.0000e+00, 
 1DIAGNOSTIC,    27, -9.748001098633e-01, 1.411921033168e-05, 0.0000e+00, 0.0000e+00, 
 1DIAGNOSTIC,    28, -9.747962951660e-01, 1.136183362967e-05, 0.0000e+00, 0.0000e+00, 
 1DIAGNOSTIC,    29, -9.748611450195e-01, 9.704847274923e-06, 0.0000e+00, 0.0000e+00, 
 1DIAGNOSTIC,    30, -9.748229980469e-01, 7.766341457723e-06, 0.0000e+00, 0.0000e+00, 
 1DIAGNOSTIC,    31, -9.748878479004e-01, 6.823754009927e-06, 0.0000e+00, 0.0000e+00, 
 1DIAGNOSTIC,    32, -9.748420715332e-01, 5.258986956760e-06, 0.0000e+00, 0.0000e+00, 
 1DIAGNOSTIC,    33, -9.749488830566e-01, 4.972190474892e-06, 0.0000e+00, 0.0000e+00, 
 1DIAGNOSTIC,    34, -9.748916625977e-01, 4.354585400067e-06, 0.0000e+00, 0.0000e+00, 
 1DIAGNOSTIC,    35, -9.749603271484e-01, 4.404264775992e-06, 0.0000e+00, 0.0000e+00, 
 1DIAGNOSTIC,    36, -9.748992919922e-01, 3.444735289924e-06, 0.0000e+00, 0.0000e+00, 
 1DIAGNOSTIC,    37, -9.749679565430e-01, 3.396986707621e-06, 0.0000e+00, 0.0000e+00, 
 1DIAGNOSTIC,    38, -9.748992919922e-01, 2.518130126208e-06, 0.0000e+00, 0.0000e+00, 
 1DIAGNOSTIC,    39, -9.749755859375e-01, 2.608475380830e-06, 0.0000e+00, 0.0000e+00, 
 1DIAGNOSTIC,    40, -9.749031066895e-01, 1.688873152376e-06, 0.0000e+00, 0.0000e+00, 
 1DIAGNOSTIC,    41, -9.749794006348e-01, 1.765900793236e-06, 0.0000e+00, 0.0000e+00, 
 1DIAGNOSTIC,    42, -9.749107360840e-01, 9.107249411382e-07, 0.0000e+00, 0.0000e+00, 
XXDIAGNOSTIC,Iteration,metricValue,convergenceValue,ITERATION_TIME_INDEX,SINCE_LAST
 1DIAGNOSTIC,     1, -9.184951782227e-01, 1.797693134862e+308, 0.0000e+00, 0.0000e+00, 
 1DIAGNOSTIC,     2, -9.209823608398e-01, 1.797693134862e+308, 0.0000e+00, 0.0000e+00, 
 1DIAGNOSTIC,     3, -9.242706298828e-01, 1.797693134862e+308, 0.0000e+00, 0.0000e+00, 
 1DIAGNOSTIC,     4, -9.273452758789e-01, 1.797693134862e+308, 0.0000e+00, 0.0000e+00, 
 1DIAGNOSTIC,     5, -9.304656982422e-01, 1.797693134862e+308, 0.0000e+00, 0.0000e+00, 
 1DIAGNOSTIC,     6, -9.329032897949e-01, 1.797693134862e+308, 0.0000e+00, 0.0000e+00, 
 1DIAGNOSTIC,     7, -9.349517822266e-01, 1.797693134862e+308, 0.0000e+00, 0.0000e+00, 
 1DIAGNOSTIC,     8, -9.365882873535e-01, 1.797693134862e+308, 0.0000e+00, 0.0000e+00, 
 1DIAGNOSTIC,     9, -9.380378723145e-01, 1.797693134862e+308, 0.0000e+00, 0.0000e+00, 
 1DIAGNOSTIC,    10, -9.391822814941e-01, 1.475307603187e-03, 0.0000e+00, 0.0000e+00, 
 1DIAGNOSTIC,    11, -9.402770996094e-01, 1.196637165630e-03, 0.0000e+00, 0.0000e+00, 
 1DIAGNOSTIC,    12, -9.411811828613e-01, 9.427060404410e-04, 0.0000e+00, 0.0000e+00, 
 1DIAGNOSTIC,    13, -9.419784545898e-01, 7.380198542303e-04, 0.0000e+00, 0.0000e+00, 
 1DIAGNOSTIC,    14, -9.424858093262e-01, 5.727427939589e-04, 0.0000e+00, 0.0000e+00, 
 1DIAGNOSTIC,    15, -9.429779052734e-01, 4.501504617985e-04, 0.0000e+00, 0.0000e+00, 
 1DIAGNOSTIC,    16, -9.434776306152e-01, 3.570720837671e-04, 0.0000e+00, 0.0000e+00, 
 1DIAGNOSTIC,    17, -9.439773559570e-01, 2.873166517363e-04, 0.0000e+00, 0.0000e+00, 
 1DIAGNOSTIC,    18, -9.444770812988e-01, 2.345739528962e-04, 0.0000e+00, 0.0000e+00, 
 1DIAGNOSTIC,    19, -9.449806213379e-01, 1.967741503185e-04, 0.0000e+00, 0.0000e+00, 
 1DIAGNOSTIC,    20, -9.454383850098e-01, 1.686675933848e-04, 0.0000e+00, 0.0000e+00, 
 1DIAGNOSTIC,    21, -9.458427429199e-01, 1.490754806719e-04, 0.0000e+00, 0.0000e+00, 
 1DIAGNOSTIC,    22, -9.462051391602e-01, 1.346982113259e-04, 0.0000e+00, 0.0000e+00, 
 1DIAGNOSTIC,    23, -9.465408325195e-01, 1.239027222572e-04, 0.0000e+00, 0.0000e+00, 
 1DIAGNOSTIC,    24, -9.468460083008e-01, 1.126521746477e-04, 0.0000e+00, 0.0000e+00, 
 1DIAGNOSTIC,    25, -9.471168518066e-01, 1.009761158493e-04, 0.0000e+00, 0.0000e+00, 
 1DIAGNOSTIC,    26, -9.473609924316e-01, 8.939001743587e-05, 0.0000e+00, 0.0000e+00, 
 1DIAGNOSTIC,    27, -9.475936889648e-01, 7.847978146954e-05, 0.0000e+00, 0.0000e+00, 
 1DIAGNOSTIC,    28, -9.477958679199e-01, 6.854222340440e-05, 0.0000e+00, 0.0000e+00, 
 1DIAGNOSTIC,    29, -9.479827880859e-01, 6.003887855277e-05, 0.0000e+00, 0.0000e+00, 
 1DIAGNOSTIC,    30, -9.481582641602e-01, 5.284001647256e-05, 0.0000e+00, 0.0000e+00, 
 1DIAGNOSTIC,    31, -9.483184814453e-01, 4.664578818775e-05, 0.0000e+00, 0.0000e+00, 
 1DIAGNOSTIC,    32, -9.484634399414e-01, 4.124792405543e-05, 0.0000e+00, 0.0000e+00, 
 1DIAGNOSTIC,    33, -9.486007690430e-01, 3.663827963290e-05, 0.0000e+00, 0.0000e+00, 
 1DIAGNOSTIC,    34, -9.487228393555e-01, 3.266422180097e-05, 0.0000e+00, 0.0000e+00, 
 1DIAGNOSTIC,    35, -9.488334655762e-01, 2.915500360161e-05, 0.0000e+00, 0.0000e+00, 
 1DIAGNOSTIC,    36, -9.489402770996e-01, 2.606072537257e-05, 0.0000e+00, 0.0000e+00, 
 1DIAGNOSTIC,    37, -9.490318298340e-01, 2.335117338339e-05, 0.0000e+00, 0.0000e+00, 
 1DIAGNOSTIC,    38, -9.491195678711e-01, 2.091757197723e-05, 0.0000e+00, 0.0000e+00, 
 1DIAGNOSTIC,    39, -9.491958618164e-01, 1.870561025679e-05, 0.0000e+00, 0.0000e+00, 
 1DIAGNOSTIC,    40, -9.492645263672e-01, 1.671736841321e-05, 0.0000e+00, 0.0000e+00, 
 1DIAGNOSTIC,    41, -9.493179321289e-01, 1.485875660472e-05, 0.0000e+00, 0.0000e+00, 
 1DIAGNOSTIC,    42, -9.493865966797e-01, 1.326078461218e-05, 0.0000e+00, 0.0000e+00, 
 1DIAGNOSTIC,    43, -9.494209289551e-01, 1.172722902824e-05, 0.0000e+00, 0.0000e+00, 
 1DIAGNOSTIC,    44, -9.494171142578e-01, 1.001289749116e-05, 0.0000e+00, 0.0000e+00, 
 1DIAGNOSTIC,    45, -9.492530822754e-01, 7.125556058248e-06, 0.0000e+00, 0.0000e+00, 
 1DIAGNOSTIC,    46, -9.490890502930e-01, 3.398164665349e-06, 0.0000e+00, 0.0000e+00, 
 1DIAGNOSTIC,    47, -9.490509033203e-01, -8.222711765302e-08, 0.0000e+00, 0.0000e+00, 
XXDIAGNOSTIC,Iteration,metricValue,convergenceValue,ITERATION_TIME_INDEX,SINCE_LAST
 1DIAGNOSTIC,     1, -9.019203186035e-01, 1.797693134862e+308, 0.0000e+00, 0.0000e+00, 
 1DIAGNOSTIC,     2, -9.042587280273e-01, 1.797693134862e+308, 0.0000e+00, 0.0000e+00, 
 1DIAGNOSTIC,     3, -9.067955017090e-01, 1.797693134862e+308, 0.0000e+00, 0.0000e+00, 
 1DIAGNOSTIC,     4, -9.091453552246e-01, 1.797693134862e+308, 0.0000e+00, 0.0000e+00, 
 1DIAGNOSTIC,     5, -9.112701416016e-01, 1.797693134862e+308, 0.0000e+00, 0.0000e+00, 
 1DIAGNOSTIC,     6, -9.132080078125e-01, 1.797693134862e+308, 0.0000e+00, 0.0000e+00, 
 1DIAGNOSTIC,     7, -9.150161743164e-01, 1.797693134862e+308, 0.0000e+00, 0.0000e+00, 
 1DIAGNOSTIC,     8, -9.167137145996e-01, 1.797693134862e+308, 0.0000e+00, 0.0000e+00, 
 1DIAGNOSTIC,     9, -9.180412292480e-01, 1.797693134862e+308, 0.0000e+00, 0.0000e+00, 
 1DIAGNOSTIC,    10, -9.193153381348e-01, 1.233442637311e-03, 0.0000e+00, 0.0000e+00, 
 1DIAGNOSTIC,    11, -9.203300476074e-01, 1.025031330468e-03, 0.0000e+00, 0.0000e+00, 
 1DIAGNOSTIC,    12, -9.212570190430e-01, 8.434896428333e-04, 0.0000e+00, 0.0000e+00, 
 1DIAGNOSTIC,    13, -9.219856262207e-01, 6.912688978822e-04, 0.0000e+00, 0.0000e+00, 
 1DIAGNOSTIC,    14, -9.227867126465e-01, 5.675978679214e-04, 0.0000e+00, 0.0000e+00, 
 1DIAGNOSTIC,    15, -9.234237670898e-01, 4.654128846668e-04, 0.0000e+00, 0.0000e+00, 
 1DIAGNOSTIC,    16, -9.240455627441e-01, 3.826770863830e-04, 0.0000e+00, 0.0000e+00, 
 1DIAGNOSTIC,    17, -9.246292114258e-01, 3.178002211647e-04, 0.0000e+00, 0.0000e+00, 
 1DIAGNOSTIC,    18, -9.251708984375e-01, 2.691785628031e-04, 0.0000e+00, 0.0000e+00, 
 1DIAGNOSTIC,    19, -9.256782531738e-01, 2.304465328214e-04, 0.0000e+00, 0.0000e+00, 
 1DIAGNOSTIC,    20, -9.261589050293e-01, 2.012257362509e-04, 0.0000e+00, 0.0000e+00, 
 1DIAGNOSTIC,    21, -9.265823364258e-01, 1.771475315824e-04, 0.0000e+00, 0.0000e+00, 
 1DIAGNOSTIC,    22, -9.269599914551e-01, 1.570501855352e-04, 0.0000e+00, 0.0000e+00, 
 1DIAGNOSTIC,    23, -9.272994995117e-01, 1.383075871763e-04, 0.0000e+00, 0.0000e+00, 
 1DIAGNOSTIC,    24, -9.275970458984e-01, 1.223096598920e-04, 0.0000e+00, 0.0000e+00, 
 1DIAGNOSTIC,    25, -9.278526306152e-01, 1.071349747163e-04, 0.0000e+00, 0.0000e+00, 
 1DIAGNOSTIC,    26, -9.280738830566e-01, 9.307751975259e-05, 0.0000e+00, 0.0000e+00, 
 1DIAGNOSTIC,    27, -9.282684326172e-01, 8.021751519290e-05, 0.0000e+00, 0.0000e+00, 
 1DIAGNOSTIC,    28, -9.284362792969e-01, 6.855749171632e-05, 0.0000e+00, 0.0000e+00, 
 1DIAGNOSTIC,    29, -9.285850524902e-01, 5.823447828555e-05, 0.0000e+00, 0.0000e+00, 
 1DIAGNOSTIC,    30, -9.287223815918e-01, 4.948477592816e-05, 0.0000e+00, 0.0000e+00, 
 1DIAGNOSTIC,    31, -9.288406372070e-01, 4.204522707369e-05, 0.0000e+00, 0.0000e+00, 
 1DIAGNOSTIC,    32, -9.289512634277e-01, 3.583625888414e-05, 0.0000e+00, 0.0000e+00, 
 1DIAGNOSTIC,    33, -9.290542602539e-01, 3.078590590547e-05, 0.0000e+00, 0.0000e+00, 
 1DIAGNOSTIC,    34, -9.291496276855e-01, 2.672279147740e-05, 0.0000e+00, 0.0000e+00, 
 1DIAGNOSTIC,    35, -9.292411804199e-01, 2.346287734926e-05, 0.0000e+00, 0.0000e+00, 
 1DIAGNOSTIC,    36, -9.293327331543e-01, 2.088527812704e-05, 0.0000e+00, 0.0000e+00, 
 1DIAGNOSTIC,    37, -9.294166564941e-01, 1.883460932800e-05, 0.0000e+00, 0.0000e+00, 
 1DIAGNOSTIC,    38, -9.295043945312e-01, 1.722814836739e-05, 0.0000e+00, 0.0000e+00, 
 1DIAGNOSTIC,    39, -9.295883178711e-01, 1.595583225319e-05, 0.0000e+00, 0.0000e+00, 
 1DIAGNOSTIC,    40, -9.296684265137e-01, 1.495737433695e-05, 0.0000e+00, 0.0000e+00, 
 1DIAGNOSTIC,    41, -9.297523498535e-01, 1.415625223936e-05, 0.0000e+00, 0.0000e+00, 
 1DIAGNOSTIC,    42, -9.298362731934e-01, 1.352350083434e-05, 0.0000e+00, 0.0000e+00, 
 1DIAGNOSTIC,    43, -9.299201965332e-01, 1.302169088439e-05, 0.0000e+00, 0.0000e+00, 
 1DIAGNOSTIC,    44, -9.300117492676e-01, 1.266031330144e-05, 0.0000e+00, 0.0000e+00, 
 1DIAGNOSTIC,    45, -9.300994873047e-01, 1.238260255789e-05, 0.0000e+00, 0.0000e+00, 
 1DIAGNOSTIC,    46, -9.301986694336e-01, 1.226142764195e-05, 0.0000e+00, 0.0000e+00, 
 1DIAGNOSTIC,    47, -9.302902221680e-01, 1.216940497805e-05, 0.0000e+00, 0.0000e+00, 
 1DIAGNOSTIC,    48, -9.303855895996e-01, 1.213974826996e-05, 0.0000e+00, 0.0000e+00, 
 1DIAGNOSTIC,    49, -9.304809570312e-01, 1.212324102344e-05, 0.0000e+00, 0.0000e+00, 
 1DIAGNOSTIC,    50, -9.305801391602e-01, 1.209557185768e-05, 0.0000e+00, 0.0000e+00, 
XXDIAGNOSTIC,Iteration,metricValue,convergenceValue,ITERATION_TIME_INDEX,SINCE_LAST
 1DIAGNOSTIC,     1, -8.854064941406e-01, 1.797693134862e+308, 0.0000e+00, 0.0000e+00, 
 1DIAGNOSTIC,     2, -8.868331909180e-01, 1.797693134862e+308, 0.0000e+00, 0.0000e+00, 
 1DIAGNOSTIC,     3, -8.885231018066e-01, 1.797693134862e+308, 0.0000e+00, 0.0000e+00, 
 1DIAGNOSTIC,     4, -8.902244567871e-01, 1.797693134862e+308, 8.1920e+03, 8.1920e+03, 
 1DIAGNOSTIC,     5, -8.920631408691e-01, 1.797693134862e+308, 8.1920e+03, 0.0000e+00, 
 1DIAGNOSTIC,     6, -8.936347961426e-01, 1.797693134862e+308, 8.1920e+03, 0.0000e+00, 
 1DIAGNOSTIC,     7, -8.949851989746e-01, 1.797693134862e+308, 8.1920e+03, 0.0000e+00, 
 1DIAGNOSTIC,     8, -8.962402343750e-01, 1.797693134862e+308, 8.1920e+03, 0.0000e+00, 
 1DIAGNOSTIC,     9, -8.975181579590e-01, 1.797693134862e+308, 8.1920e+03, 0.0000e+00, 
 1DIAGNOSTIC,    10, -8.986015319824e-01, 9.722737199869e-04, 8.1920e+03, 0.0000e+00, 
 1DIAGNOSTIC,    11, -8.996124267578e-01, 8.383413465367e-04, 8.1920e+03, 0.0000e+00, 
 1DIAGNOSTIC,    12, -9.005279541016e-01, 7.133329215091e-04, 8.1920e+03, 0.0000e+00, 
 1DIAGNOSTIC,    13, -9.012794494629e-01, 6.025168157324e-04, 8.1920e+03, 0.0000e+00, 
 1DIAGNOSTIC,    14, -9.019775390625e-01, 5.067646567357e-04, 1.6384e+04, 8.1920e+03, 
 1DIAGNOSTIC,    15, -9.026374816895e-01, 4.300386610493e-04, 1.6384e+04, 0.0000e+00, 
 1DIAGNOSTIC,    16, -9.032440185547e-01, 3.664252918707e-04, 1.6384e+04, 0.0000e+00, 
 1DIAGNOSTIC,    17, -9.038276672363e-01, 3.124540284925e-04, 1.6384e+04, 0.0000e+00, 
 1DIAGNOSTIC,    18, -9.043769836426e-01, 2.671787002807e-04, 1.6384e+04, 0.0000e+00, 
 1DIAGNOSTIC,    19, -9.049148559570e-01, 2.320602315959e-04, 1.6384e+04, 0.0000e+00, 
 1DIAGNOSTIC,    20, -9.054298400879e-01, 2.040498916825e-04, 1.6384e+04, 0.0000e+00, 
  Elapsed time (stage 0): 16384


Total elapsed time: 16384
