
##########################
# Experiment information #
##########################
SIF_IMG: /project/rrg-glatard/mdugre/containers/ants-p2-vprec.sif
EXPERIMENT_NAME: vprec-space_search
CONFIG: 0001
VFC_BACKENDS: libinterflop_vprec.so --range-binary32=7 --precision-binary32=21 --range-binary64=7 --precision-binary64=21

FIXED_IMG: /templateflow/tpl-MNI152NLin2009cAsym/tpl-MNI152NLin2009cAsym_res-01_desc-brain_T1w.nii.gz
SUBJECT_ID: 0003052
INPUT_IMG: /project/rrg-glatard/mdugre/datasets/corr/RawDataBIDS/BMB_1/derivatives/antsBrainExtraction/sub-0003052/BrainExtractionBrain.nii.gz
OUTPUT_DIR: /project/rrg-glatard/mdugre/datasets/corr/RawDataBIDS/BMB_1/derivatives/vprec-space_search/0001/r7-p21/sub-0003052

ITK_GLOBAL_DEFAULT_NUMBER_OF_THREADS: 8
##########################

VFC_BACKENDS=libinterflop_ieee.so
Info [verificarlo]: loaded backend libinterflop_ieee.so
Info [interflop-ieee]: load backend with:
Info [interflop-ieee]: debug = false
Info [interflop-ieee]: debug-binary = false
Info [interflop-ieee]: no-backend-name = false
Info [interflop-ieee]: print-new-line = false
Info [interflop-ieee]: print-subnormal-normalized = false
Info [interflop-ieee]: count-op = false
All_Command_lines_OK
Using double precision for computations.
=============================================================================
The composite transform comprises the following transforms (in order): 
  1. Center of mass alignment using fixed image: /templateflow/tpl-MNI152NLin2009cAsym/tpl-MNI152NLin2009cAsym_res-01_desc-brain_T1w.nii.gz and moving image: /project/rrg-glatard/mdugre/datasets/corr/RawDataBIDS/BMB_1/derivatives/antsBrainExtraction/sub-0003052/BrainExtractionBrain.nii.gz (type = Euler3DTransform)
=============================================================================
  number of levels = 1
  fixed image: /templateflow/tpl-MNI152NLin2009cAsym/tpl-MNI152NLin2009cAsym_res-01_desc-brain_T1w.nii.gz
  moving image: /project/rrg-glatard/mdugre/datasets/corr/RawDataBIDS/BMB_1/derivatives/antsBrainExtraction/sub-0003052/BrainExtractionBrain.nii.gz
Dimension = 3
Number of stages = 1
Use histogram matching = false
Winsorize image intensities = true
  Lower quantile = 0.005
  Upper quantile = 0.995


Stage 1 State
   Image metric = MattesMI
     Fixed image = Image (0x3f74390)
  RTTI typeinfo:   itk::Image<double, 3u>
  Reference Count: 2
  Modified Time: 2334
  Debug: Off
  Object Name: 
  Observers: 
    none
  Source: (none)
  Source output name: (none)
  Release Data: Off
  Data Released: False
  Global Release Data: Off
  PipelineMTime: 0
  UpdateMTime: 1943
  RealTimeStamp: 0 seconds 
  LargestPossibleRegion: 
    Dimension: 3
    Index: [0, 0, 0]
    Size: [193, 229, 193]
  BufferedRegion: 
    Dimension: 3
    Index: [0, 0, 0]
    Size: [193, 229, 193]
  RequestedRegion: 
    Dimension: 3
    Index: [0, 0, 0]
    Size: [193, 229, 193]
  Spacing: [1, 1, 1]
  Origin: [96, 132, -78]
  Direction: 
-1 0 0
0 -1 0
0 0 1

  IndexToPointMatrix: 
-1 0 0
0 -1 0
0 0 1

  PointToIndexMatrix: 
-1 0 0
0 -1 0
0 0 1

  Inverse Direction: 
-1 0 0
0 -1 0
0 0 1

  PixelContainer: 
    ImportImageContainer (0x403fa90)
      RTTI typeinfo:   itk::ImportImageContainer<unsigned long, double>
      Reference Count: 1
      Modified Time: 1940
      Debug: Off
      Object Name: 
      Observers: 
        none
      Pointer: 0x146654cfc010
      Container manages memory: true
      Size: 8530021
      Capacity: 8530021

     Moving image = Image (0x3f72290)
  RTTI typeinfo:   itk::Image<double, 3u>
  Reference Count: 2
  Modified Time: 2335
  Debug: Off
  Object Name: 
  Observers: 
    none
  Source: (none)
  Source output name: (none)
  Release Data: Off
  Data Released: False
  Global Release Data: Off
  PipelineMTime: 0
  UpdateMTime: 2332
  RealTimeStamp: 0 seconds 
  LargestPossibleRegion: 
    Dimension: 3
    Index: [0, 0, 0]
    Size: [176, 256, 256]
  BufferedRegion: 
    Dimension: 3
    Index: [0, 0, 0]
    Size: [176, 256, 256]
  RequestedRegion: 
    Dimension: 3
    Index: [0, 0, 0]
    Size: [176, 256, 256]
  Spacing: [1, 1, 1]
  Origin: [-93.3639, 109.067, -144.182]
  Direction: 
1 0 0
0 -1 0
0 0 1

  IndexToPointMatrix: 
1 0 0
0 -1 0
0 0 1

  PointToIndexMatrix: 
1 0 0
0 -1 0
0 0 1

  Inverse Direction: 
1 0 0
0 -1 0
0 0 1

  PixelContainer: 
    ImportImageContainer (0x3f9f850)
      RTTI typeinfo:   itk::ImportImageContainer<unsigned long, double>
      Reference Count: 1
      Modified Time: 2329
      Debug: Off
      Object Name: 
      Observers: 
        none
      Pointer: 0x14664f4fb010
      Container manages memory: true
      Size: 11534336
      Capacity: 11534336

     Weighting = 1
     Sampling strategy = regular
     Number of bins = 32
     Radius = 4
     Sampling percentage  = 0.25
   Transform = Rigid
     Gradient step = 0.1
     Update field sigma (voxel space) = 0
     Total field sigma (voxel space) = 0
     Update field time sigma = 0
     Total field time sigma  = 0
     Number of time indices = 0
     Number of time point samples = 0
Registration using 1 total stages.

Stage 0
  iterations = 0
  convergence threshold = 1e-06
  convergence window size = 10
  number of levels = 1
  using the Mattes MI metric (number of bins = 32, weight = 1, use gradient filter = 0)
  preprocessing:  winsorizing the image intensities
  Shrink factors (level 1 out of 1): [1, 1, 1]
  smoothing sigmas per level: [0]
  regular sampling (percentage = 0.25)

*** Running Euler3DTransform registration ***

  Elapsed time (stage 0): 0.938992


Total elapsed time: 0.94039
VFC_BACKENDS=libinterflop_ieee.so
Info [verificarlo]: loaded backend libinterflop_ieee.so
Info [interflop-ieee]: load backend with:
Info [interflop-ieee]: debug = false
Info [interflop-ieee]: debug-binary = false
Info [interflop-ieee]: no-backend-name = false
Info [interflop-ieee]: print-new-line = false
Info [interflop-ieee]: print-subnormal-normalized = false
Info [interflop-ieee]: count-op = false
All_Command_lines_OK
Using double precision for computations.
=============================================================================
The composite transform comprises the following transforms (in order): 
  1. /project/rrg-glatard/mdugre/datasets/corr/RawDataBIDS/BMB_1/derivatives/vprec-space_search/0001/r7-p21/sub-0003052/align_Composite.h5[0] (type = Euler3DTransform)
  2. /project/rrg-glatard/mdugre/datasets/corr/RawDataBIDS/BMB_1/derivatives/vprec-space_search/0001/r7-p21/sub-0003052/align_Composite.h5[1] (type = Euler3DTransform)
=============================================================================
  number of levels = 4
  fixed image: /templateflow/tpl-MNI152NLin2009cAsym/tpl-MNI152NLin2009cAsym_res-01_desc-brain_T1w.nii.gz
  moving image: /project/rrg-glatard/mdugre/datasets/corr/RawDataBIDS/BMB_1/derivatives/antsBrainExtraction/sub-0003052/BrainExtractionBrain.nii.gz
Dimension = 3
Number of stages = 1
Use histogram matching = false
Winsorize image intensities = true
  Lower quantile = 0.005
  Upper quantile = 0.995


Stage 1 State
   Image metric = MattesMI
     Fixed image = Image (0x3551650)
  RTTI typeinfo:   itk::Image<double, 3u>
  Reference Count: 2
  Modified Time: 1580
  Debug: Off
  Object Name: 
  Observers: 
    none
  Source: (none)
  Source output name: (none)
  Release Data: Off
  Data Released: False
  Global Release Data: Off
  PipelineMTime: 0
  UpdateMTime: 1189
  RealTimeStamp: 0 seconds 
  LargestPossibleRegion: 
    Dimension: 3
    Index: [0, 0, 0]
    Size: [193, 229, 193]
  BufferedRegion: 
    Dimension: 3
    Index: [0, 0, 0]
    Size: [193, 229, 193]
  RequestedRegion: 
    Dimension: 3
    Index: [0, 0, 0]
    Size: [193, 229, 193]
  Spacing: [1, 1, 1]
  Origin: [96, 132, -78]
  Direction: 
-1 0 0
0 -1 0
0 0 1

  IndexToPointMatrix: 
-1 0 0
0 -1 0
0 0 1

  PointToIndexMatrix: 
-1 0 0
0 -1 0
0 0 1

  Inverse Direction: 
-1 0 0
0 -1 0
0 0 1

  PixelContainer: 
    ImportImageContainer (0x360f210)
      RTTI typeinfo:   itk::ImportImageContainer<unsigned long, double>
      Reference Count: 1
      Modified Time: 1186
      Debug: Off
      Object Name: 
      Observers: 
        none
      Pointer: 0x14a778e85010
      Container manages memory: true
      Size: 8530021
      Capacity: 8530021

     Moving image = Image (0x360c6e0)
  RTTI typeinfo:   itk::Image<double, 3u>
  Reference Count: 2
  Modified Time: 1581
  Debug: Off
  Object Name: 
  Observers: 
    none
  Source: (none)
  Source output name: (none)
  Release Data: Off
  Data Released: False
  Global Release Data: Off
  PipelineMTime: 0
  UpdateMTime: 1578
  RealTimeStamp: 0 seconds 
  LargestPossibleRegion: 
    Dimension: 3
    Index: [0, 0, 0]
    Size: [176, 256, 256]
  BufferedRegion: 
    Dimension: 3
    Index: [0, 0, 0]
    Size: [176, 256, 256]
  RequestedRegion: 
    Dimension: 3
    Index: [0, 0, 0]
    Size: [176, 256, 256]
  Spacing: [1, 1, 1]
  Origin: [-93.3639, 109.067, -144.182]
  Direction: 
1 0 0
0 -1 0
0 0 1

  IndexToPointMatrix: 
1 0 0
0 -1 0
0 0 1

  PointToIndexMatrix: 
1 0 0
0 -1 0
0 0 1

  Inverse Direction: 
1 0 0
0 -1 0
0 0 1

  PixelContainer: 
    ImportImageContainer (0x35de970)
      RTTI typeinfo:   itk::ImportImageContainer<unsigned long, double>
      Reference Count: 1
      Modified Time: 1575
      Debug: Off
      Object Name: 
      Observers: 
        none
      Pointer: 0x14a773684010
      Container manages memory: true
      Size: 11534336
      Capacity: 11534336

     Weighting = 1
     Sampling strategy = regular
     Number of bins = 32
     Radius = 4
     Sampling percentage  = 0.25
   Transform = Rigid
     Gradient step = 0.1
     Update field sigma (voxel space) = 0
     Total field sigma (voxel space) = 0
     Update field time sigma = 0
     Total field time sigma  = 0
     Number of time indices = 0
     Number of time point samples = 0
Registration using 1 total stages.

Stage 0
  iterations = 1000x500x250x100
  convergence threshold = 1e-06
  convergence window size = 10
  number of levels = 4
  using the Mattes MI metric (number of bins = 32, weight = 1, use gradient filter = 0)
  preprocessing:  winsorizing the image intensities
  Shrink factors (level 1 out of 4): [8, 8, 8]
  Shrink factors (level 2 out of 4): [4, 4, 4]
  Shrink factors (level 3 out of 4): [2, 2, 2]
  Shrink factors (level 4 out of 4): [1, 1, 1]
  smoothing sigmas per level: [3, 2, 1, 0]
  regular sampling (percentage = 0.25)

*** Running Euler3DTransform registration ***

DIAGNOSTIC,Iteration,metricValue,convergenceValue,ITERATION_TIME_INDEX,SINCE_LAST
 2DIAGNOSTIC,     1, -5.059036856168e-01, 1.797693134862e+308, 1.1304e+00, 1.1304e+00, 
 2DIAGNOSTIC,     2, -5.074555766719e-01, 1.797693134862e+308, 1.1351e+00, 4.7090e-03, 
 2DIAGNOSTIC,     3, -5.090510447883e-01, 1.797693134862e+308, 1.1397e+00, 4.5431e-03, 
 2DIAGNOSTIC,     4, -5.104520944473e-01, 1.797693134862e+308, 1.1443e+00, 4.5979e-03, 
 2DIAGNOSTIC,     5, -5.118767754367e-01, 1.797693134862e+308, 1.1489e+00, 4.5810e-03, 
 2DIAGNOSTIC,     6, -5.144623525899e-01, 1.797693134862e+308, 1.1533e+00, 4.4110e-03, 
 2DIAGNOSTIC,     7, -5.165238100461e-01, 1.797693134862e+308, 1.1591e+00, 5.7890e-03, 
 2DIAGNOSTIC,     8, -5.178788860207e-01, 1.797693134862e+308, 1.1644e+00, 5.3020e-03, 
 2DIAGNOSTIC,     9, -5.182644168589e-01, 1.797693134862e+308, 1.1692e+00, 4.8811e-03, 
 2DIAGNOSTIC,    10, -5.184119418984e-01, 1.743301903952e-03, 1.1752e+00, 5.9981e-03, 
 2DIAGNOSTIC,    11, -5.185132203618e-01, 1.404789088418e-03, 1.1797e+00, 4.4169e-03, 
 2DIAGNOSTIC,    12, -5.185330812593e-01, 1.067722667567e-03, 1.1842e+00, 4.4940e-03, 
 2DIAGNOSTIC,    13, -5.187539798117e-01, 7.636102027048e-04, 1.1890e+00, 4.8909e-03, 
 2DIAGNOSTIC,    14, -5.188866028396e-01, 4.949797271138e-04, 1.1935e+00, 4.4761e-03, 
 2DIAGNOSTIC,    15, -5.191046334292e-01, 2.767357637369e-04, 1.1980e+00, 4.4830e-03, 
 2DIAGNOSTIC,    16, -5.200052267404e-01, 1.796121848552e-04, 1.2026e+00, 4.6332e-03, 
 2DIAGNOSTIC,    17, -5.230061850453e-01, 2.399931076091e-04, 1.2101e+00, 7.4878e-03, 
 2DIAGNOSTIC,    18, -5.232195118229e-01, 3.170212381726e-04, 1.2156e+00, 5.4500e-03, 
 2DIAGNOSTIC,    19, -5.232755786925e-01, 3.705366900676e-04, 1.2205e+00, 4.9219e-03, 
 2DIAGNOSTIC,    20, -5.234140258412e-01, 3.934283466982e-04, 1.2259e+00, 5.3661e-03, 
 2DIAGNOSTIC,    21, -5.235924221083e-01, 3.843488132582e-04, 1.2309e+00, 4.9920e-03, 
 2DIAGNOSTIC,    22, -5.236378021013e-01, 3.405484019531e-04, 1.2359e+00, 5.0619e-03, 
 2DIAGNOSTIC,    23, -5.236454004619e-01, 2.743808705757e-04, 1.2404e+00, 4.4560e-03, 
 2DIAGNOSTIC,    24, -5.236842055084e-01, 1.933755990917e-04, 1.2454e+00, 4.9951e-03, 
 2DIAGNOSTIC,    25, -5.238043463883e-01, 1.085389813709e-04, 1.2505e+00, 5.0790e-03, 
 2DIAGNOSTIC,    26, -5.236975610525e-01, 3.507131932002e-05, 1.2554e+00, 4.9582e-03, 
 2DIAGNOSTIC,    27, -5.237768458040e-01, 2.644171553322e-05, 1.2609e+00, 5.4951e-03, 
 2DIAGNOSTIC,    28, -5.239160508223e-01, 2.296855260231e-05, 1.2664e+00, 5.4739e-03, 
 2DIAGNOSTIC,    29, -5.239281887358e-01, 1.883310780133e-05, 1.2715e+00, 5.1680e-03, 
 2DIAGNOSTIC,    30, -5.245586698209e-01, 2.726484493945e-05, 1.2779e+00, 6.3159e-03, 
 2DIAGNOSTIC,    31, -5.245901900056e-01, 3.610670275776e-05, 1.2830e+00, 5.1811e-03, 
 2DIAGNOSTIC,    32, -5.246308761348e-01, 4.267019691552e-05, 1.2888e+00, 5.7650e-03, 
 2DIAGNOSTIC,    33, -5.243179998876e-01, 3.991217283272e-05, 1.2939e+00, 5.0728e-03, 
 2DIAGNOSTIC,    34, -5.242677066368e-01, 3.349210221567e-05, 1.2987e+00, 4.8301e-03, 
 2DIAGNOSTIC,    35, -5.243984914305e-01, 2.817227260919e-05, 1.3039e+00, 5.1410e-03, 
 2DIAGNOSTIC,    36, -5.244847017292e-01, 2.005081842534e-05, 1.3089e+00, 5.0659e-03, 
 2DIAGNOSTIC,    37, -5.244851326621e-01, 1.180144962579e-05, 1.3140e+00, 5.0972e-03, 
 2DIAGNOSTIC,    38, -5.244851933082e-01, 5.183966589377e-06, 1.3186e+00, 4.5350e-03, 
DIAGNOSTIC,Iteration,metricValue,convergenceValue,ITERATION_TIME_INDEX,SINCE_LAST
 2DIAGNOSTIC,     1, -4.086218945441e-01, 1.797693134862e+308, 2.5213e+00, 1.2028e+00, 
 2DIAGNOSTIC,     2, -4.091799128699e-01, 1.797693134862e+308, 2.5582e+00, 3.6887e-02, 
 2DIAGNOSTIC,     3, -4.097882364190e-01, 1.797693134862e+308, 2.5937e+00, 3.5520e-02, 
 2DIAGNOSTIC,     4, -4.103920167302e-01, 1.797693134862e+308, 2.6296e+00, 3.5910e-02, 
 2DIAGNOSTIC,     5, -4.106667531662e-01, 1.797693134862e+308, 2.6655e+00, 3.5918e-02, 
 2DIAGNOSTIC,     6, -4.107332582534e-01, 1.797693134862e+308, 2.7020e+00, 3.6487e-02, 
 2DIAGNOSTIC,     7, -4.109220554300e-01, 1.797693134862e+308, 2.7509e+00, 4.8916e-02, 
 2DIAGNOSTIC,     8, -4.109619892821e-01, 1.797693134862e+308, 2.7907e+00, 3.9785e-02, 
 2DIAGNOSTIC,     9, -4.109477552930e-01, 1.797693134862e+308, 2.8305e+00, 3.9743e-02, 
 2DIAGNOSTIC,    10, -4.109574580760e-01, 3.469152529148e-04, 2.8699e+00, 3.9480e-02, 
 2DIAGNOSTIC,    11, -4.109724604755e-01, 2.152693306300e-04, 2.9058e+00, 3.5880e-02, 
 2DIAGNOSTIC,    12, -4.110061881375e-01, 1.201339291062e-04, 2.9529e+00, 4.7027e-02, 
 2DIAGNOSTIC,    13, -4.111311529795e-01, 6.730931460971e-05, 3.0443e+00, 9.1446e-02, 
 2DIAGNOSTIC,    14, -4.111337720467e-01, 4.579866997910e-05, 3.0928e+00, 4.8455e-02, 
 2DIAGNOSTIC,    15, -4.111283653915e-01, 3.574710201955e-05, 3.1364e+00, 4.3653e-02, 
 2DIAGNOSTIC,    16, -4.111224303161e-01, 2.634553310410e-05, 3.1768e+00, 4.0400e-02, 
 2DIAGNOSTIC,    17, -4.111169425315e-01, 2.318670944612e-05, 3.2176e+00, 4.0809e-02, 
 2DIAGNOSTIC,    18, -4.111187967999e-01, 1.996035638718e-05, 3.2677e+00, 5.0110e-02, 
 2DIAGNOSTIC,    19, -4.111135482849e-01, 1.466940377941e-05, 3.3107e+00, 4.2986e-02, 
 2DIAGNOSTIC,    20, -4.111157309733e-01, 9.188128065510e-06, 3.3595e+00, 4.8770e-02, 
 2DIAGNOSTIC,    21, -4.111168749405e-01, 4.074508149848e-06, 3.4033e+00, 4.3854e-02, 
DIAGNOSTIC,Iteration,metricValue,convergenceValue,ITERATION_TIME_INDEX,SINCE_LAST
 2DIAGNOSTIC,     1, -3.571862929824e-01, 1.797693134862e+308, 5.0760e+00, 1.6727e+00, 
 2DIAGNOSTIC,     2, -3.572541775518e-01, 1.797693134862e+308, 5.4268e+00, 3.5074e-01, 
 2DIAGNOSTIC,     3, -3.573247945411e-01, 1.797693134862e+308, 5.8153e+00, 3.8857e-01, 
 2DIAGNOSTIC,     4, -3.573404108592e-01, 1.797693134862e+308, 6.3919e+00, 5.7657e-01, 
 2DIAGNOSTIC,     5, -3.573471317950e-01, 1.797693134862e+308, 6.7484e+00, 3.5644e-01, 
 2DIAGNOSTIC,     6, -3.573466319312e-01, 1.797693134862e+308, 7.0931e+00, 3.4477e-01, 
 2DIAGNOSTIC,     7, -3.573455319230e-01, 1.797693134862e+308, 7.4356e+00, 3.4250e-01, 
 2DIAGNOSTIC,     8, -3.573465948591e-01, 1.797693134862e+308, 7.8197e+00, 3.8406e-01, 
 2DIAGNOSTIC,     9, -3.573471567089e-01, 1.797693134862e+308, 8.1634e+00, 3.4366e-01, 
 2DIAGNOSTIC,    10, -3.573449608702e-01, 2.366301952025e-05, 8.5248e+00, 3.6141e-01, 
 2DIAGNOSTIC,    11, -3.573418735653e-01, 1.081824822409e-05, 8.8496e+00, 3.2482e-01, 
 2DIAGNOSTIC,    12, -3.573464745187e-01, 4.099495720361e-06, 9.2039e+00, 3.5429e-01, 
 2DIAGNOSTIC,    13, -3.573490275866e-01, 2.724032610424e-06, 9.5616e+00, 3.5772e-01, 
 2DIAGNOSTIC,    14, -3.573499842613e-01, 2.445010586050e-06, 9.9278e+00, 3.6617e-01, 
 2DIAGNOSTIC,    15, -3.573520062236e-01, 2.658612429984e-06, 1.0337e+01, 4.0945e-01, 
 2DIAGNOSTIC,    16, -3.573507404736e-01, 2.712991324316e-06, 1.0693e+01, 3.5584e-01, 
 2DIAGNOSTIC,    17, -3.573507686921e-01, 2.641345532677e-06, 1.1082e+01, 3.8880e-01, 
 2DIAGNOSTIC,    18, -3.573501757573e-01, 2.521104108699e-06, 1.1473e+01, 3.9163e-01, 
 2DIAGNOSTIC,    19, -3.573506536312e-01, 2.389875499484e-06, 1.1829e+01, 3.5538e-01, 
 2DIAGNOSTIC,    20, -3.573514475243e-01, 2.154785751614e-06, 1.2193e+01, 3.6364e-01, 
 2DIAGNOSTIC,    21, -3.573519499985e-01, 1.787893859878e-06, 1.2498e+01, 3.0505e-01, 
 2DIAGNOSTIC,    22, -3.573541353991e-01, 1.673508607129e-06, 1.2839e+01, 3.4137e-01, 
 2DIAGNOSTIC,    23, -3.573542078928e-01, 1.636531497567e-06, 1.3181e+01, 3.4248e-01, 
 2DIAGNOSTIC,    24, -3.573548498668e-01, 1.630228215838e-06, 1.3527e+01, 3.4570e-01, 
 2DIAGNOSTIC,    25, -3.573548170161e-01, 1.659985991651e-06, 1.3969e+01, 4.4189e-01, 
 2DIAGNOSTIC,    26, -3.573543601275e-01, 1.598004447143e-06, 1.4365e+01, 3.9609e-01, 
 2DIAGNOSTIC,    27, -3.573531082088e-01, 1.469879041219e-06, 1.4726e+01, 3.6094e-01, 
 2DIAGNOSTIC,    28, -3.573525394408e-01, 1.291019666436e-06, 1.5088e+01, 3.6175e-01, 
 2DIAGNOSTIC,    29, -3.573526031034e-01, 1.124764780903e-06, 1.5415e+01, 3.2714e-01, 
DIAGNOSTIC,Iteration,metricValue,convergenceValue,ITERATION_TIME_INDEX,SINCE_LAST
 2DIAGNOSTIC,     1, -3.303882243085e-01, 1.797693134862e+308, 1.8557e+01, 3.1426e+00, 
 2DIAGNOSTIC,     2, -3.304302052166e-01, 1.797693134862e+308, 2.0765e+01, 2.2074e+00, 
 2DIAGNOSTIC,     3, -3.305110472298e-01, 1.797693134862e+308, 2.3670e+01, 2.9053e+00, 
 2DIAGNOSTIC,     4, -3.305173389254e-01, 1.797693134862e+308, 2.6119e+01, 2.4491e+00, 
 2DIAGNOSTIC,     5, -3.305135996032e-01, 1.797693134862e+308, 2.8806e+01, 2.6866e+00, 
 2DIAGNOSTIC,     6, -3.305129162193e-01, 1.797693134862e+308, 3.1523e+01, 2.7170e+00, 
 2DIAGNOSTIC,     7, -3.305132320038e-01, 1.797693134862e+308, 3.3924e+01, 2.4009e+00, 
 2DIAGNOSTIC,     8, -3.305126604446e-01, 1.797693134862e+308, 3.6612e+01, 2.6883e+00, 
 2DIAGNOSTIC,     9, -3.305127503918e-01, 1.797693134862e+308, 3.9033e+01, 2.4205e+00, 
 2DIAGNOSTIC,    10, -3.305123158710e-01, 1.997610283408e-05, 4.2249e+01, 3.2169e+00, 
 2DIAGNOSTIC,    11, -3.305122570985e-01, 9.111131524422e-06, 4.5150e+01, 2.9007e+00, 
 2DIAGNOSTIC,    12, -3.305122033578e-01, 2.338777270003e-06, 4.7852e+01, 2.7017e+00, 
 2DIAGNOSTIC,    13, -3.305122459835e-01, 1.971536931697e-06, 5.0325e+01, 2.4731e+00, 
 2DIAGNOSTIC,    14, -3.305121997168e-01, 2.089937514452e-06, 5.2768e+01, 2.4431e+00, 
 2DIAGNOSTIC,    15, -3.305121437508e-01, 1.992887186400e-06, 5.5197e+01, 2.4292e+00, 
 2DIAGNOSTIC,    16, -3.305120139792e-01, 1.875456711778e-06, 5.7681e+01, 2.4838e+00, 
 2DIAGNOSTIC,    17, -3.305119516850e-01, 1.795733626998e-06, 5.9857e+01, 2.1759e+00, 
 2DIAGNOSTIC,    18, -3.305118973195e-01, 1.701472147689e-06, 6.2215e+01, 2.3578e+00, 
 2DIAGNOSTIC,    19, -3.305118466626e-01, 1.625479998740e-06, 6.4416e+01, 2.2013e+00, 
 2DIAGNOSTIC,    20, -3.305119595983e-01, 1.547926669329e-06, 6.6905e+01, 2.4887e+00, 
 2DIAGNOSTIC,    21, -3.305119112362e-01, 1.477310173935e-06, 6.9035e+01, 2.1305e+00, 
 2DIAGNOSTIC,    22, -3.305118806531e-01, 1.413355797023e-06, 7.1464e+01, 2.4286e+00, 
 2DIAGNOSTIC,    23, -3.305119124276e-01, 1.360868634399e-06, 7.3686e+01, 2.2220e+00, 
 2DIAGNOSTIC,    24, -3.305118185462e-01, 1.309729466138e-06, 7.5836e+01, 2.1498e+00, 
 2DIAGNOSTIC,    25, -3.305119091943e-01, 1.265457487444e-06, 7.8533e+01, 2.6971e+00, 
 2DIAGNOSTIC,    26, -3.305118026871e-01, 1.217352837472e-06, 8.0726e+01, 2.1930e+00, 
 2DIAGNOSTIC,    27, -3.305115771569e-01, 1.164412936988e-06, 8.3168e+01, 2.4426e+00, 
 2DIAGNOSTIC,    28, -3.305114916298e-01, 1.112520133656e-06, 8.5604e+01, 2.4360e+00, 
 2DIAGNOSTIC,    29, -3.305116793175e-01, 1.070341065203e-06, 8.8351e+01, 2.7461e+00, 
 2DIAGNOSTIC,    30, -3.305115535057e-01, 1.032850900431e-06, 9.0745e+01, 2.3942e+00, 
  Elapsed time (stage 0): 9.1960e+01


Total elapsed time: 9.1962e+01
VFC_BACKENDS=libinterflop_ieee.so
Info [verificarlo]: loaded backend libinterflop_ieee.so
Info [interflop-ieee]: load backend with:
Info [interflop-ieee]: debug = false
Info [interflop-ieee]: debug-binary = false
Info [interflop-ieee]: no-backend-name = false
Info [interflop-ieee]: print-new-line = false
Info [interflop-ieee]: print-subnormal-normalized = false
Info [interflop-ieee]: count-op = false
All_Command_lines_OK
Using double precision for computations.
=============================================================================
The composite transform comprises the following transforms (in order): 
  1. /project/rrg-glatard/mdugre/datasets/corr/RawDataBIDS/BMB_1/derivatives/vprec-space_search/0001/r7-p21/sub-0003052/rigid_Composite.h5[0] (type = Euler3DTransform)
  2. /project/rrg-glatard/mdugre/datasets/corr/RawDataBIDS/BMB_1/derivatives/vprec-space_search/0001/r7-p21/sub-0003052/rigid_Composite.h5[1] (type = Euler3DTransform)
  3. /project/rrg-glatard/mdugre/datasets/corr/RawDataBIDS/BMB_1/derivatives/vprec-space_search/0001/r7-p21/sub-0003052/rigid_Composite.h5[2] (type = Euler3DTransform)
=============================================================================
  number of levels = 4
  fixed image: /templateflow/tpl-MNI152NLin2009cAsym/tpl-MNI152NLin2009cAsym_res-01_desc-brain_T1w.nii.gz
  moving image: /project/rrg-glatard/mdugre/datasets/corr/RawDataBIDS/BMB_1/derivatives/antsBrainExtraction/sub-0003052/BrainExtractionBrain.nii.gz
Dimension = 3
Number of stages = 1
Use histogram matching = false
Winsorize image intensities = true
  Lower quantile = 0.005
  Upper quantile = 0.995


Stage 1 State
   Image metric = MattesMI
     Fixed image = Image (0x38d0650)
  RTTI typeinfo:   itk::Image<double, 3u>
  Reference Count: 2
  Modified Time: 1594
  Debug: Off
  Object Name: 
  Observers: 
    none
  Source: (none)
  Source output name: (none)
  Release Data: Off
  Data Released: False
  Global Release Data: Off
  PipelineMTime: 0
  UpdateMTime: 1203
  RealTimeStamp: 0 seconds 
  LargestPossibleRegion: 
    Dimension: 3
    Index: [0, 0, 0]
    Size: [193, 229, 193]
  BufferedRegion: 
    Dimension: 3
    Index: [0, 0, 0]
    Size: [193, 229, 193]
  RequestedRegion: 
    Dimension: 3
    Index: [0, 0, 0]
    Size: [193, 229, 193]
  Spacing: [1, 1, 1]
  Origin: [96, 132, -78]
  Direction: 
-1 0 0
0 -1 0
0 0 1

  IndexToPointMatrix: 
-1 0 0
0 -1 0
0 0 1

  PointToIndexMatrix: 
-1 0 0
0 -1 0
0 0 1

  Inverse Direction: 
-1 0 0
0 -1 0
0 0 1

  PixelContainer: 
    ImportImageContainer (0x399d290)
      RTTI typeinfo:   itk::ImportImageContainer<unsigned long, double>
      Reference Count: 1
      Modified Time: 1200
      Debug: Off
      Object Name: 
      Observers: 
        none
      Pointer: 0x14a27be0f010
      Container manages memory: true
      Size: 8530021
      Capacity: 8530021

     Moving image = Image (0x399cb00)
  RTTI typeinfo:   itk::Image<double, 3u>
  Reference Count: 2
  Modified Time: 1595
  Debug: Off
  Object Name: 
  Observers: 
    none
  Source: (none)
  Source output name: (none)
  Release Data: Off
  Data Released: False
  Global Release Data: Off
  PipelineMTime: 0
  UpdateMTime: 1592
  RealTimeStamp: 0 seconds 
  LargestPossibleRegion: 
    Dimension: 3
    Index: [0, 0, 0]
    Size: [176, 256, 256]
  BufferedRegion: 
    Dimension: 3
    Index: [0, 0, 0]
    Size: [176, 256, 256]
  RequestedRegion: 
    Dimension: 3
    Index: [0, 0, 0]
    Size: [176, 256, 256]
  Spacing: [1, 1, 1]
  Origin: [-93.3639, 109.067, -144.182]
  Direction: 
1 0 0
0 -1 0
0 0 1

  IndexToPointMatrix: 
1 0 0
0 -1 0
0 0 1

  PointToIndexMatrix: 
1 0 0
0 -1 0
0 0 1

  Inverse Direction: 
1 0 0
0 -1 0
0 0 1

  PixelContainer: 
    ImportImageContainer (0x395e0d0)
      RTTI typeinfo:   itk::ImportImageContainer<unsigned long, double>
      Reference Count: 1
      Modified Time: 1589
      Debug: Off
      Object Name: 
      Observers: 
        none
      Pointer: 0x14a27660e010
      Container manages memory: true
      Size: 11534336
      Capacity: 11534336

     Weighting = 1
     Sampling strategy = regular
     Number of bins = 32
     Radius = 4
     Sampling percentage  = 0.25
   Transform = Affine
     Gradient step = 0.1
     Update field sigma (voxel space) = 0
     Total field sigma (voxel space) = 0
     Update field time sigma = 0
     Total field time sigma  = 0
     Number of time indices = 0
     Number of time point samples = 0
Registration using 1 total stages.

Stage 0
  iterations = 1000x500x250x100
  convergence threshold = 1e-06
  convergence window size = 10
  number of levels = 4
  using the Mattes MI metric (number of bins = 32, weight = 1, use gradient filter = 0)
  preprocessing:  winsorizing the image intensities
  Shrink factors (level 1 out of 4): [8, 8, 8]
  Shrink factors (level 2 out of 4): [4, 4, 4]
  Shrink factors (level 3 out of 4): [2, 2, 2]
  Shrink factors (level 4 out of 4): [1, 1, 1]
  smoothing sigmas per level: [3, 2, 1, 0]
  regular sampling (percentage = 0.25)

*** Running AffineTransform registration ***

DIAGNOSTIC,Iteration,metricValue,convergenceValue,ITERATION_TIME_INDEX,SINCE_LAST
 2DIAGNOSTIC,     1, -5.125124255486e-01, 1.797693134862e+308, 1.1285e+00, 1.1285e+00, 
 2DIAGNOSTIC,     2, -5.145074399883e-01, 1.797693134862e+308, 1.1345e+00, 5.9729e-03, 
 2DIAGNOSTIC,     3, -5.176654071558e-01, 1.797693134862e+308, 1.1417e+00, 7.2000e-03, 
 2DIAGNOSTIC,     4, -5.226121704723e-01, 1.797693134862e+308, 1.1473e+00, 5.6200e-03, 
 2DIAGNOSTIC,     5, -5.295896487134e-01, 1.797693134862e+308, 1.1534e+00, 6.1059e-03, 
 2DIAGNOSTIC,     6, -5.400512591242e-01, 1.797693134862e+308, 1.1589e+00, 5.5149e-03, 
 2DIAGNOSTIC,     7, -5.674602602196e-01, 1.797693134862e+308, 1.1647e+00, 5.7490e-03, 
 2DIAGNOSTIC,     8, -5.789579678602e-01, 1.797693134862e+308, 1.1709e+00, 6.1581e-03, 
 2DIAGNOSTIC,     9, -6.635072949884e-01, 1.797693134862e+308, 1.1790e+00, 8.1370e-03, 
 2DIAGNOSTIC,    10, -7.464966895761e-01, 2.146049772969e-02, 1.1854e+00, 6.4342e-03, 
 2DIAGNOSTIC,    11, -8.131643984244e-01, 2.730615562577e-02, 1.1958e+00, 1.0359e-02, 
 2DIAGNOSTIC,    12, -8.219251460356e-01, 2.986129628390e-02, 1.2034e+00, 7.6141e-03, 
 2DIAGNOSTIC,    13, -8.257651790055e-01, 2.955405214218e-02, 1.2107e+00, 7.2830e-03, 
 2DIAGNOSTIC,    14, -8.309853089878e-01, 2.697434592194e-02, 1.2170e+00, 6.3500e-03, 
 2DIAGNOSTIC,    15, -8.382248273478e-01, 2.276182270224e-02, 1.2279e+00, 1.0856e-02, 
 2DIAGNOSTIC,    16, -8.389078822665e-01, 1.743464336196e-02, 1.2352e+00, 7.3040e-03, 
 2DIAGNOSTIC,    17, -8.420656091901e-01, 1.209992612722e-02, 1.2426e+00, 7.4110e-03, 
 2DIAGNOSTIC,    18, -8.484486381903e-01, 6.788735529717e-03, 1.2501e+00, 7.5328e-03, 
 2DIAGNOSTIC,    19, -8.508076125034e-01, 3.373000060624e-03, 1.2586e+00, 8.4820e-03, 
 2DIAGNOSTIC,    20, -8.512851640234e-01, 1.711914500739e-03, 1.2657e+00, 7.0989e-03, 
 2DIAGNOSTIC,    21, -8.521595907732e-01, 1.369575405645e-03, 1.2723e+00, 6.6118e-03, 
 2DIAGNOSTIC,    22, -8.544756943301e-01, 1.137486813165e-03, 1.2794e+00, 7.0460e-03, 
 2DIAGNOSTIC,    23, -8.558346818174e-01, 9.088448912030e-04, 1.2871e+00, 7.7460e-03, 
 2DIAGNOSTIC,    24, -8.588357284267e-01, 7.483798330706e-04, 1.2971e+00, 9.9759e-03, 
 2DIAGNOSTIC,    25, -8.586629707944e-01, 6.439617696921e-04, 1.3040e+00, 6.9430e-03, 
 2DIAGNOSTIC,    26, -8.584974977776e-01, 4.974531930706e-04, 1.3108e+00, 6.7611e-03, 
 2DIAGNOSTIC,    27, -8.584488790615e-01, 3.590931759965e-04, 1.3180e+00, 7.2181e-03, 
 2DIAGNOSTIC,    28, -8.582642455602e-01, 2.815115347689e-04, 1.3241e+00, 6.0689e-03, 
 2DIAGNOSTIC,    29, -8.582397717358e-01, 2.139587158558e-04, 1.3313e+00, 7.2172e-03, 
 2DIAGNOSTIC,    30, -8.583126277806e-01, 1.386148840939e-04, 1.3375e+00, 6.1929e-03, 
 2DIAGNOSTIC,    31, -8.582789615617e-01, 6.596916287237e-05, 1.3445e+00, 6.9771e-03, 
 2DIAGNOSTIC,    32, -8.583287245188e-01, 1.992853829853e-05, 1.3513e+00, 6.7880e-03, 
DIAGNOSTIC,Iteration,metricValue,convergenceValue,ITERATION_TIME_INDEX,SINCE_LAST
 2DIAGNOSTIC,     1, -7.268295296092e-01, 1.797693134862e+308, 2.5456e+00, 1.1943e+00, 
 2DIAGNOSTIC,     2, -7.275567567568e-01, 1.797693134862e+308, 2.5912e+00, 4.5674e-02, 
 2DIAGNOSTIC,     3, -7.280676342593e-01, 1.797693134862e+308, 2.6401e+00, 4.8819e-02, 
 2DIAGNOSTIC,     4, -7.282621015353e-01, 1.797693134862e+308, 2.6895e+00, 4.9391e-02, 
 2DIAGNOSTIC,     5, -7.282667162389e-01, 1.797693134862e+308, 2.7356e+00, 4.6110e-02, 
 2DIAGNOSTIC,     6, -7.282722673744e-01, 1.797693134862e+308, 2.7899e+00, 5.4294e-02, 
 2DIAGNOSTIC,     7, -7.283289342823e-01, 1.797693134862e+308, 2.8395e+00, 4.9637e-02, 
 2DIAGNOSTIC,     8, -7.283053905011e-01, 1.797693134862e+308, 2.8987e+00, 5.9165e-02, 
 2DIAGNOSTIC,     9, -7.282830419565e-01, 1.797693134862e+308, 2.9629e+00, 6.4242e-02, 
 2DIAGNOSTIC,    10, -7.282856542962e-01, 9.256309059451e-05, 3.0134e+00, 5.0482e-02, 
 2DIAGNOSTIC,    11, -7.282749201927e-01, 3.663173933682e-05, 3.0642e+00, 5.0810e-02, 
 2DIAGNOSTIC,    12, -7.282632488311e-01, 9.848701069931e-06, 3.1097e+00, 4.5527e-02, 
 2DIAGNOSTIC,    13, -7.282527147740e-01, 1.413310305787e-06, 3.1597e+00, 4.9941e-02, 
DIAGNOSTIC,Iteration,metricValue,convergenceValue,ITERATION_TIME_INDEX,SINCE_LAST
 2DIAGNOSTIC,     1, -6.173058673598e-01, 1.797693134862e+308, 4.8450e+00, 1.6853e+00, 
 2DIAGNOSTIC,     2, -6.175940461317e-01, 1.797693134862e+308, 5.2311e+00, 3.8616e-01, 
 2DIAGNOSTIC,     3, -6.177786506264e-01, 1.797693134862e+308, 5.6286e+00, 3.9746e-01, 
 2DIAGNOSTIC,     4, -6.182408627238e-01, 1.797693134862e+308, 6.0369e+00, 4.0831e-01, 
 2DIAGNOSTIC,     5, -6.190615330091e-01, 1.797693134862e+308, 6.4766e+00, 4.3971e-01, 
 2DIAGNOSTIC,     6, -6.201076993962e-01, 1.797693134862e+308, 7.3637e+00, 8.8711e-01, 
 2DIAGNOSTIC,     7, -6.201061871056e-01, 1.797693134862e+308, 7.9267e+00, 5.6296e-01, 
 2DIAGNOSTIC,     8, -6.201052918440e-01, 1.797693134862e+308, 8.3910e+00, 4.6432e-01, 
 2DIAGNOSTIC,     9, -6.201028457613e-01, 1.797693134862e+308, 8.9113e+00, 5.2026e-01, 
 2DIAGNOSTIC,    10, -6.201018937945e-01, 3.550873221686e-04, 9.3256e+00, 4.1429e-01, 
 2DIAGNOSTIC,    11, -6.200996802587e-01, 2.670304876128e-04, 9.7579e+00, 4.3236e-01, 
 2DIAGNOSTIC,    12, -6.200989918666e-01, 1.813599538684e-04, 1.0150e+01, 3.9234e-01, 
 2DIAGNOSTIC,    13, -6.200960783140e-01, 9.965107326174e-05, 1.0560e+01, 4.1013e-01, 
 2DIAGNOSTIC,    14, -6.200956982807e-01, 3.558291999606e-05, 1.0947e+01, 3.8705e-01, 
 2DIAGNOSTIC,    15, -6.200959675499e-01, 1.219764497851e-06, 1.1367e+01, 4.1920e-01, 
 2DIAGNOSTIC,    16, -6.200935602515e-01, 1.169541548621e-06, 1.1839e+01, 4.7224e-01, 
 2DIAGNOSTIC,    17, -6.200928574083e-01, 1.143090783452e-06, 1.2262e+01, 4.2307e-01, 
 2DIAGNOSTIC,    18, -6.200922724710e-01, 1.151100298087e-06, 1.2683e+01, 4.2139e-01, 
 2DIAGNOSTIC,    19, -6.200915968392e-01, 1.139529785664e-06, 1.3124e+01, 4.4022e-01, 
 2DIAGNOSTIC,    20, -6.200895086009e-01, 1.109540329385e-06, 1.3527e+01, 4.0359e-01, 
 2DIAGNOSTIC,    21, -6.200891501758e-01, 1.072526525564e-06, 1.3955e+01, 4.2805e-01, 
 2DIAGNOSTIC,    22, -6.200903023833e-01, 1.091630921456e-06, 1.4331e+01, 3.7541e-01, 
 2DIAGNOSTIC,    23, -6.200882420373e-01, 1.041510134810e-06, 1.4836e+01, 5.0580e-01, 
 2DIAGNOSTIC,    24, -6.200879616492e-01, 1.015824297367e-06, 1.5286e+01, 4.4982e-01, 
DIAGNOSTIC,Iteration,metricValue,convergenceValue,ITERATION_TIME_INDEX,SINCE_LAST
 2DIAGNOSTIC,     1, -5.442316999555e-01, 1.797693134862e+308, 1.9200e+01, 3.9138e+00, 
 2DIAGNOSTIC,     2, -5.445134401088e-01, 1.797693134862e+308, 2.2029e+01, 2.8286e+00, 
 2DIAGNOSTIC,     3, -5.446895502109e-01, 1.797693134862e+308, 2.4930e+01, 2.9009e+00, 
 2DIAGNOSTIC,     4, -5.448568362675e-01, 1.797693134862e+308, 2.7804e+01, 2.8743e+00, 
 2DIAGNOSTIC,     5, -5.450341128335e-01, 1.797693134862e+308, 3.0653e+01, 2.8492e+00, 
 2DIAGNOSTIC,     6, -5.451142169721e-01, 1.797693134862e+308, 3.5062e+01, 4.4092e+00, 
 2DIAGNOSTIC,     7, -5.451245909857e-01, 1.797693134862e+308, 3.8394e+01, 3.3318e+00, 
 2DIAGNOSTIC,     8, -5.451246221097e-01, 1.797693134862e+308, 4.2130e+01, 3.7361e+00, 
 2DIAGNOSTIC,     9, -5.451246560317e-01, 1.797693134862e+308, 4.5552e+01, 3.4213e+00, 
 2DIAGNOSTIC,    10, -5.451245842228e-01, 1.007470630417e-04, 4.8774e+01, 3.2218e+00, 
 2DIAGNOSTIC,    11, -5.451243817477e-01, 6.088136845993e-05, 5.1611e+01, 2.8374e+00, 
 2DIAGNOSTIC,    12, -5.451242184269e-01, 3.467442928838e-05, 5.4884e+01, 3.2728e+00, 
 2DIAGNOSTIC,    13, -5.451240142252e-01, 1.661055055388e-05, 5.7849e+01, 2.9656e+00, 
 2DIAGNOSTIC,    14, -5.451238519216e-01, 5.920202665155e-06, 6.1071e+01, 3.2219e+00, 
 2DIAGNOSTIC,    15, -5.451240974502e-01, 2.419228248049e-06, 6.3999e+01, 2.9282e+00, 
 2DIAGNOSTIC,    16, -5.451238640513e-01, 1.922057017656e-06, 6.7300e+01, 3.3007e+00, 
 2DIAGNOSTIC,    17, -5.451236401256e-01, 1.801184166053e-06, 7.0544e+01, 3.2444e+00, 
 2DIAGNOSTIC,    18, -5.451230649049e-01, 1.684696864901e-06, 7.3777e+01, 3.2324e+00, 
 2DIAGNOSTIC,    19, -5.451232231209e-01, 1.593692834936e-06, 7.7124e+01, 3.3476e+00, 
 2DIAGNOSTIC,    20, -5.451233094878e-01, 1.519236964322e-06, 8.0442e+01, 3.3177e+00, 
 2DIAGNOSTIC,    21, -5.451231253097e-01, 1.448780119942e-06, 8.3721e+01, 3.2784e+00, 
 2DIAGNOSTIC,    22, -5.451226825115e-01, 1.377111458672e-06, 8.6746e+01, 3.0254e+00, 
 2DIAGNOSTIC,    23, -5.451225514449e-01, 1.311117625490e-06, 9.0039e+01, 3.2926e+00, 
 2DIAGNOSTIC,    24, -5.451227359520e-01, 1.257460777768e-06, 9.3329e+01, 3.2905e+00, 
 2DIAGNOSTIC,    25, -5.451228563299e-01, 1.221697605261e-06, 9.6513e+01, 3.1844e+00, 
 2DIAGNOSTIC,    26, -5.451228651283e-01, 1.189033106072e-06, 9.9401e+01, 2.8875e+00, 
 2DIAGNOSTIC,    27, -5.451229706292e-01, 1.160393502307e-06, 1.0239e+02, 2.9848e+00, 
 2DIAGNOSTIC,    28, -5.451233605315e-01, 1.131960439882e-06, 1.0561e+02, 3.2211e+00, 
 2DIAGNOSTIC,    29, -5.451239246527e-01, 1.118435761935e-06, 1.0944e+02, 3.8293e+00, 
 2DIAGNOSTIC,    30, -5.451238902963e-01, 1.104440140870e-06, 1.1278e+02, 3.3485e+00, 
 2DIAGNOSTIC,    31, -5.451238716464e-01, 1.084233226707e-06, 1.1627e+02, 3.4849e+00, 
 2DIAGNOSTIC,    32, -5.451237808724e-01, 1.051329959138e-06, 1.1960e+02, 3.3343e+00, 
 2DIAGNOSTIC,    33, -5.451236888099e-01, 1.011302308979e-06, 1.2252e+02, 2.9204e+00, 
  Elapsed time (stage 0): 1.2439e+02


Total elapsed time: 1.2440e+02
VFC_BACKENDS=libinterflop_vprec.so --range-binary32=7 --precision-binary32=21 --range-binary64=7 --precision-binary64=21
Info [verificarlo]: loaded backend libinterflop_vprec.so
Info [interflop-vprec]: load backend with: 
Info [interflop-vprec]: precision-binary32 = 21
Info [interflop-vprec]: range-binary32 = 7
Info [interflop-vprec]: precision-binary64 = 21
Info [interflop-vprec]: range-binary64 = 7
Info [interflop-vprec]: mode = ob
Info [interflop-vprec]: error-mode = rel
Info [interflop-vprec]: max-abs-error-exponent = -1022
Info [interflop-vprec]: daz = false
Info [interflop-vprec]: ftz = false
Info [interflop-vprec]: 	instrument = none
Info [interflop-vprec]: 	prec-input-file = (null)
Info [interflop-vprec]: 	prec-output-file = (null)
Info [interflop-vprec]: 	prec-log-file = (null)
All_Command_lines_OK
Using double precision for computations.
=============================================================================
The composite transform comprises the following transforms (in order): 
  1. /project/rrg-glatard/mdugre/datasets/corr/RawDataBIDS/BMB_1/derivatives/vprec-space_search/0001/r7-p21/sub-0003052/affine_Composite.h5[0] (type = Euler3DTransform)
  2. /project/rrg-glatard/mdugre/datasets/corr/RawDataBIDS/BMB_1/derivatives/vprec-space_search/0001/r7-p21/sub-0003052/affine_Composite.h5[1] (type = Euler3DTransform)
  3. /project/rrg-glatard/mdugre/datasets/corr/RawDataBIDS/BMB_1/derivatives/vprec-space_search/0001/r7-p21/sub-0003052/affine_Composite.h5[2] (type = Euler3DTransform)
  4. /project/rrg-glatard/mdugre/datasets/corr/RawDataBIDS/BMB_1/derivatives/vprec-space_search/0001/r7-p21/sub-0003052/affine_Composite.h5[3] (type = AffineTransform)
=============================================================================
  number of levels = 4
  fixed image: /templateflow/tpl-MNI152NLin2009cAsym/tpl-MNI152NLin2009cAsym_res-01_desc-brain_T1w.nii.gz
  moving image: /project/rrg-glatard/mdugre/datasets/corr/RawDataBIDS/BMB_1/derivatives/antsBrainExtraction/sub-0003052/BrainExtractionBrain.nii.gz
Dimension = 3
Number of stages = 1
Use histogram matching = false
Winsorize image intensities = true
  Lower quantile = 0.005
  Upper quantile = 0.995


Stage 1 State
   Image metric = CC
     Fixed image = Image (0x40fe4c0)
  RTTI typeinfo:   itk::Image<double, 3u>
  Reference Count: 2
  Modified Time: 1606
  Debug: Off
  Object Name: 
  Observers: 
    none
  Source: (none)
  Source output name: (none)
  Release Data: Off
  Data Released: False
  Global Release Data: Off
  PipelineMTime: 0
  UpdateMTime: 1217
  RealTimeStamp: 0 seconds 
  LargestPossibleRegion: 
    Dimension: 3
    Index: [0, 0, 0]
    Size: [193, 229, 193]
  BufferedRegion: 
    Dimension: 3
    Index: [0, 0, 0]
    Size: [193, 229, 193]
  RequestedRegion: 
    Dimension: 3
    Index: [0, 0, 0]
    Size: [193, 229, 193]
  Spacing: [1, 1, 1]
  Origin: [96, 132, -78]
  Direction: 
-1 0 0
0 -1 0
0 0 1

  IndexToPointMatrix: 
-1 0 0
0 -1 0
0 0 1

  PointToIndexMatrix: 
-1 0 0
0 -1 0
0 0 1

  Inverse Direction: 
-1 0 0
0 -1 0
0 0 1

  PixelContainer: 
    ImportImageContainer (0x41cdb10)
      RTTI typeinfo:   itk::ImportImageContainer<unsigned long, double>
      Reference Count: 1
      Modified Time: 1214
      Debug: Off
      Object Name: 
      Observers: 
        none
      Pointer: 0x14c2fc575010
      Container manages memory: true
      Size: 8530021
      Capacity: 8530021

     Moving image = Image (0x41d4700)
  RTTI typeinfo:   itk::Image<double, 3u>
  Reference Count: 2
  Modified Time: 1607
  Debug: Off
  Object Name: 
  Observers: 
    none
  Source: (none)
  Source output name: (none)
  Release Data: Off
  Data Released: False
  Global Release Data: Off
  PipelineMTime: 0
  UpdateMTime: 1604
  RealTimeStamp: 0 seconds 
  LargestPossibleRegion: 
    Dimension: 3
    Index: [0, 0, 0]
    Size: [176, 256, 256]
  BufferedRegion: 
    Dimension: 3
    Index: [0, 0, 0]
    Size: [176, 256, 256]
  RequestedRegion: 
    Dimension: 3
    Index: [0, 0, 0]
    Size: [176, 256, 256]
  Spacing: [1, 1, 1]
  Origin: [-93.3639, 109.067, -144.182]
  Direction: 
1 0 0
0 -1 0
0 0 1

  IndexToPointMatrix: 
1 0 0
0 -1 0
0 0 1

  PointToIndexMatrix: 
1 0 0
0 -1 0
0 0 1

  Inverse Direction: 
1 0 0
0 -1 0
0 0 1

  PixelContainer: 
    ImportImageContainer (0x41f51d0)
      RTTI typeinfo:   itk::ImportImageContainer<unsigned long, double>
      Reference Count: 1
      Modified Time: 1601
      Debug: Off
      Object Name: 
      Observers: 
        none
      Pointer: 0x14c2f6d74010
      Container manages memory: true
      Size: 11534336
      Capacity: 11534336

     Weighting = 1
     Sampling strategy = none
     Number of bins = 32
     Radius = 4
     Sampling percentage  = 1
   Transform = SyN
     Gradient step = 0.1
     Update field sigma (voxel space) = 3
     Total field sigma (voxel space) = 0
     Update field time sigma = 0
     Total field time sigma  = 0
     Number of time indices = 0
     Number of time point samples = 0
Registration using 1 total stages.

Stage 0
  iterations = 100x70x50x20
  convergence threshold = 1e-06
  convergence window size = 10
  number of levels = 4
  using the CC metric (radius = 4, weight = 1, use gradient filter = 0)
  preprocessing:  winsorizing the image intensities
  Shrink factors (level 1 out of 4): [8, 8, 8]
  Shrink factors (level 2 out of 4): [4, 4, 4]
  Shrink factors (level 3 out of 4): [2, 2, 2]
  Shrink factors (level 4 out of 4): [1, 1, 1]
  smoothing sigmas per level: [3, 2, 1, 0]
  Using default NONE metricSamplingStrategy 

*** Running SyN registration (varianceForUpdateField = 3, varianceForTotalField = 0) ***

XXDIAGNOSTIC,Iteration,metricValue,convergenceValue,ITERATION_TIME_INDEX,SINCE_LAST
 1DIAGNOSTIC,     1, -9.328668117523e-01, 1.797693134862e+308, 0.0000e+00, 0.0000e+00, 
 1DIAGNOSTIC,     2, -9.387028217316e-01, 1.797693134862e+308, 0.0000e+00, 0.0000e+00, 
 1DIAGNOSTIC,     3, -9.439246654510e-01, 1.797693134862e+308, 0.0000e+00, 0.0000e+00, 
 1DIAGNOSTIC,     4, -9.473168849945e-01, 1.797693134862e+308, 0.0000e+00, 0.0000e+00, 
 1DIAGNOSTIC,     5, -9.494783878326e-01, 1.797693134862e+308, 0.0000e+00, 0.0000e+00, 
 1DIAGNOSTIC,     6, -9.515342712402e-01, 1.797693134862e+308, 0.0000e+00, 0.0000e+00, 
 1DIAGNOSTIC,     7, -9.537417888641e-01, 1.797693134862e+308, 0.0000e+00, 0.0000e+00, 
 1DIAGNOSTIC,     8, -9.560492038727e-01, 1.797693134862e+308, 0.0000e+00, 0.0000e+00, 
 1DIAGNOSTIC,     9, -9.582059383392e-01, 1.797693134862e+308, 0.0000e+00, 0.0000e+00, 
 1DIAGNOSTIC,    10, -9.601590633392e-01, 1.685397018564e-03, 0.0000e+00, 0.0000e+00, 
 1DIAGNOSTIC,    11, -9.619989395142e-01, 1.322985659730e-03, 0.0000e+00, 0.0000e+00, 
 1DIAGNOSTIC,    12, -9.635212421417e-01, 1.083440274316e-03, 0.0000e+00, 0.0000e+00, 
 1DIAGNOSTIC,    13, -9.648060798645e-01, 9.310609570088e-04, 0.0000e+00, 0.0000e+00, 
 1DIAGNOSTIC,    14, -9.659607410431e-01, 8.123015424351e-04, 0.0000e+00, 0.0000e+00, 
 1DIAGNOSTIC,    15, -9.668831825256e-01, 6.961698874331e-04, 0.0000e+00, 0.0000e+00, 
 1DIAGNOSTIC,    16, -9.677290916443e-01, 5.844076087207e-04, 0.0000e+00, 0.0000e+00, 
 1DIAGNOSTIC,    17, -9.684085845947e-01, 4.821529825925e-04, 0.0000e+00, 0.0000e+00, 
 1DIAGNOSTIC,    18, -9.689803123474e-01, 3.940065153927e-04, 0.0000e+00, 0.0000e+00, 
 1DIAGNOSTIC,    19, -9.694519042969e-01, 3.195032912926e-04, 0.0000e+00, 0.0000e+00, 
 1DIAGNOSTIC,    20, -9.698467254639e-01, 2.573750002553e-04, 0.0000e+00, 0.0000e+00, 
 1DIAGNOSTIC,    21, -9.701752662659e-01, 2.076679128316e-04, 0.0000e+00, 0.0000e+00, 
 1DIAGNOSTIC,    22, -9.704301357269e-01, 1.669405468515e-04, 0.0000e+00, 0.0000e+00, 
 1DIAGNOSTIC,    23, -9.706587791443e-01, 1.335628609703e-04, 0.0000e+00, 0.0000e+00, 
 1DIAGNOSTIC,    24, -9.708580970764e-01, 1.071308541009e-04, 0.0000e+00, 0.0000e+00, 
 1DIAGNOSTIC,    25, -9.710152149200e-01, 8.550376882296e-05, 0.0000e+00, 0.0000e+00, 
 1DIAGNOSTIC,    26, -9.711654186249e-01, 6.884344354881e-05, 0.0000e+00, 0.0000e+00, 
 1DIAGNOSTIC,    27, -9.712591171265e-01, 5.542321265823e-05, 0.0000e+00, 0.0000e+00, 
 1DIAGNOSTIC,    28, -9.713859558105e-01, 4.515412873971e-05, 0.0000e+00, 0.0000e+00, 
 1DIAGNOSTIC,    29, -9.713294506073e-01, 3.559226231077e-05, 0.0000e+00, 0.0000e+00, 
 1DIAGNOSTIC,    30, -9.713499546051e-01, 2.748422543401e-05, 0.0000e+00, 0.0000e+00, 
 1DIAGNOSTIC,    31, -9.711577892303e-01, 1.866577844969e-05, 0.0000e+00, 0.0000e+00, 
 1DIAGNOSTIC,    32, -9.712462425232e-01, 1.190558495281e-05, 0.0000e+00, 0.0000e+00, 
 1DIAGNOSTIC,    33, -9.711775779724e-01, 5.882445847212e-06, 0.0000e+00, 0.0000e+00, 
 1DIAGNOSTIC,    34, -9.712834358215e-01, 2.390976070014e-06, 0.0000e+00, 0.0000e+00, 
 1DIAGNOSTIC,    35, -9.711499214172e-01, -8.625468967023e-07, 0.0000e+00, 0.0000e+00, 
XXDIAGNOSTIC,Iteration,metricValue,convergenceValue,ITERATION_TIME_INDEX,SINCE_LAST
 1DIAGNOSTIC,     1, -9.125478267670e-01, 1.797693134862e+308, 0.0000e+00, 0.0000e+00, 
 1DIAGNOSTIC,     2, -9.156072139740e-01, 1.797693134862e+308, 0.0000e+00, 0.0000e+00, 
 1DIAGNOSTIC,     3, -9.184679985046e-01, 1.797693134862e+308, 0.0000e+00, 0.0000e+00, 
 1DIAGNOSTIC,     4, -9.209644794464e-01, 1.797693134862e+308, 0.0000e+00, 0.0000e+00, 
 1DIAGNOSTIC,     5, -9.231874942780e-01, 1.797693134862e+308, 0.0000e+00, 0.0000e+00, 
 1DIAGNOSTIC,     6, -9.251925945282e-01, 1.797693134862e+308, 0.0000e+00, 0.0000e+00, 
 1DIAGNOSTIC,     7, -9.269938468933e-01, 1.797693134862e+308, 0.0000e+00, 0.0000e+00, 
 1DIAGNOSTIC,     8, -9.286038875580e-01, 1.797693134862e+308, 0.0000e+00, 0.0000e+00, 
 1DIAGNOSTIC,     9, -9.300601482391e-01, 1.797693134862e+308, 0.0000e+00, 0.0000e+00, 
 1DIAGNOSTIC,    10, -9.313967227936e-01, 1.287950213401e-03, 0.0000e+00, 0.0000e+00, 
 1DIAGNOSTIC,    11, -9.324326515198e-01, 1.046655910942e-03, 0.0000e+00, 0.0000e+00, 
 1DIAGNOSTIC,    12, -9.333021640778e-01, 8.516749442158e-04, 0.0000e+00, 0.0000e+00, 
 1DIAGNOSTIC,    13, -9.340450763702e-01, 6.944241041585e-04, 0.0000e+00, 0.0000e+00, 
 1DIAGNOSTIC,    14, -9.346981048584e-01, 5.651513550094e-04, 0.0000e+00, 0.0000e+00, 
 1DIAGNOSTIC,    15, -9.352738857269e-01, 4.583486392153e-04, 0.0000e+00, 0.0000e+00, 
 1DIAGNOSTIC,    16, -9.357881546021e-01, 3.708526280485e-04, 0.0000e+00, 0.0000e+00, 
 1DIAGNOSTIC,    17, -9.362502098083e-01, 3.001129117491e-04, 0.0000e+00, 0.0000e+00, 
 1DIAGNOSTIC,    18, -9.366676807404e-01, 2.438201700901e-04, 0.0000e+00, 0.0000e+00, 
 1DIAGNOSTIC,    19, -9.370455741882e-01, 2.002050362628e-04, 0.0000e+00, 0.0000e+00, 
 1DIAGNOSTIC,    20, -9.373908042908e-01, 1.679663304309e-04, 0.0000e+00, 0.0000e+00, 
 1DIAGNOSTIC,    21, -9.376907348633e-01, 1.425374399420e-04, 0.0000e+00, 0.0000e+00, 
 1DIAGNOSTIC,    22, -9.379444122314e-01, 1.216892688406e-04, 0.0000e+00, 0.0000e+00, 
 1DIAGNOSTIC,    23, -9.381721019745e-01, 1.041590480197e-04, 0.0000e+00, 0.0000e+00, 
 1DIAGNOSTIC,    24, -9.383735656738e-01, 8.920799812694e-05, 0.0000e+00, 0.0000e+00, 
 1DIAGNOSTIC,    25, -9.385533332825e-01, 7.632105067206e-05, 0.0000e+00, 0.0000e+00, 
 1DIAGNOSTIC,    26, -9.387128353119e-01, 6.518699093796e-05, 0.0000e+00, 0.0000e+00, 
 1DIAGNOSTIC,    27, -9.388575553894e-01, 5.563636750282e-05, 0.0000e+00, 0.0000e+00, 
 1DIAGNOSTIC,    28, -9.389860630035e-01, 4.751328843534e-05, 0.0000e+00, 0.0000e+00, 
 1DIAGNOSTIC,    29, -9.391050338745e-01, 4.073293558231e-05, 0.0000e+00, 0.0000e+00, 
 1DIAGNOSTIC,    30, -9.392125606537e-01, 3.520400654792e-05, 0.0000e+00, 0.0000e+00, 
 1DIAGNOSTIC,    31, -9.393143653870e-01, 3.070681043367e-05, 0.0000e+00, 0.0000e+00, 
 1DIAGNOSTIC,    32, -9.394073486328e-01, 2.694049534453e-05, 0.0000e+00, 0.0000e+00, 
 1DIAGNOSTIC,    33, -9.394955635071e-01, 2.382465107542e-05, 0.0000e+00, 0.0000e+00, 
 1DIAGNOSTIC,    34, -9.395799636841e-01, 2.125320820431e-05, 0.0000e+00, 0.0000e+00, 
 1DIAGNOSTIC,    35, -9.396607875824e-01, 1.913921442457e-05, 0.0000e+00, 0.0000e+00, 
 1DIAGNOSTIC,    36, -9.397413730621e-01, 1.741570520312e-05, 0.0000e+00, 0.0000e+00, 
 1DIAGNOSTIC,    37, -9.398171901703e-01, 1.600517018857e-05, 0.0000e+00, 0.0000e+00, 
 1DIAGNOSTIC,    38, -9.398918151855e-01, 1.483454570713e-05, 0.0000e+00, 0.0000e+00, 
 1DIAGNOSTIC,    39, -9.399650096893e-01, 1.387230322979e-05, 5.1200e+02, 5.1200e+02, 
 1DIAGNOSTIC,    40, -9.400374889374e-01, 1.306553850403e-05, 5.1200e+02, 0.0000e+00, 
 1DIAGNOSTIC,    41, -9.401104450226e-01, 1.240871394837e-05, 5.1200e+02, 0.0000e+00, 
 1DIAGNOSTIC,    42, -9.401829242706e-01, 1.185635622445e-05, 5.1200e+02, 0.0000e+00, 
 1DIAGNOSTIC,    43, -9.402556419373e-01, 1.139428008266e-05, 5.1200e+02, 0.0000e+00, 
 1DIAGNOSTIC,    44, -9.403254985809e-01, 1.098815977356e-05, 5.1200e+02, 0.0000e+00, 
 1DIAGNOSTIC,    45, -9.403977394104e-01, 1.064027262184e-05, 5.1200e+02, 0.0000e+00, 
 1DIAGNOSTIC,    46, -9.404699802399e-01, 1.035499327506e-05, 5.1200e+02, 0.0000e+00, 
 1DIAGNOSTIC,    47, -9.405422210693e-01, 1.010246352687e-05, 5.1200e+02, 0.0000e+00, 
 1DIAGNOSTIC,    48, -9.406096935272e-01, 9.846414272610e-06, 5.1200e+02, 0.0000e+00, 
 1DIAGNOSTIC,    49, -9.406814575195e-01, 9.610256938502e-06, 5.1200e+02, 0.0000e+00, 
 1DIAGNOSTIC,    50, -9.407396316528e-01, 9.307776640630e-06, 5.1200e+02, 0.0000e+00, 
 1DIAGNOSTIC,    51, -9.407877922058e-01, 8.898496342211e-06, 5.1200e+02, 0.0000e+00, 
 1DIAGNOSTIC,    52, -9.408414363861e-01, 8.440731863506e-06, 5.1200e+02, 0.0000e+00, 
 1DIAGNOSTIC,    53, -9.408853054047e-01, 7.908159155960e-06, 5.1200e+02, 0.0000e+00, 
 1DIAGNOSTIC,    54, -9.409298896790e-01, 7.329268197669e-06, 5.1200e+02, 0.0000e+00, 
 1DIAGNOSTIC,    55, -9.409685134888e-01, 6.728996221974e-06, 5.1200e+02, 0.0000e+00, 
 1DIAGNOSTIC,    56, -9.410064220428e-01, 6.150668382957e-06, 5.1200e+02, 0.0000e+00, 
 1DIAGNOSTIC,    57, -9.410445690155e-01, 5.637877535415e-06, 5.1200e+02, 0.0000e+00, 
 1DIAGNOSTIC,    58, -9.410812854767e-01, 5.191432522509e-06, 5.1200e+02, 0.0000e+00, 
 1DIAGNOSTIC,    59, -9.411151409149e-01, 4.851088892845e-06, 5.1200e+02, 0.0000e+00, 
 1DIAGNOSTIC,    60, -9.411487579346e-01, 4.567626907315e-06, 5.1200e+02, 0.0000e+00, 
 1DIAGNOSTIC,    61, -9.411814212799e-01, 4.301726732325e-06, 5.1200e+02, 0.0000e+00, 
 1DIAGNOSTIC,    62, -9.412131309509e-01, 4.093904860898e-06, 5.1200e+02, 0.0000e+00, 
 1DIAGNOSTIC,    63, -9.412434101105e-01, 3.900423035177e-06, 5.1200e+02, 0.0000e+00, 
 1DIAGNOSTIC,    64, -9.412736892700e-01, 3.737451914555e-06, 5.1200e+02, 0.0000e+00, 
 1DIAGNOSTIC,    65, -9.413034915924e-01, 3.583260851862e-06, 5.1200e+02, 0.0000e+00, 
 1DIAGNOSTIC,    66, -9.413318634033e-01, 3.436599504351e-06, 5.1200e+02, 0.0000e+00, 
 1DIAGNOSTIC,    67, -9.413609504700e-01, 3.310607645048e-06, 5.1200e+02, 0.0000e+00, 
 1DIAGNOSTIC,    68, -9.413876533508e-01, 3.194734501173e-06, 5.1200e+02, 0.0000e+00, 
 1DIAGNOSTIC,    69, -9.414191246033e-01, 3.103554697214e-06, 5.1200e+02, 0.0000e+00, 
 1DIAGNOSTIC,    70, -9.414505958557e-01, 3.038640559486e-06, 5.1200e+02, 0.0000e+00, 
XXDIAGNOSTIC,Iteration,metricValue,convergenceValue,ITERATION_TIME_INDEX,SINCE_LAST
 1DIAGNOSTIC,     1, -8.962721824646e-01, 1.797693134862e+308, 5.1200e+02, 0.0000e+00, 
 1DIAGNOSTIC,     2, -8.982160091400e-01, 1.797693134862e+308, 1.0240e+03, 5.1200e+02, 
 1DIAGNOSTIC,     3, -9.005575180054e-01, 1.797693134862e+308, 1.0240e+03, 0.0000e+00, 
 1DIAGNOSTIC,     4, -9.027528762817e-01, 1.797693134862e+308, 1.0240e+03, 0.0000e+00, 
 1DIAGNOSTIC,     5, -9.048774242401e-01, 1.797693134862e+308, 1.0240e+03, 0.0000e+00, 
 1DIAGNOSTIC,     6, -9.069216251373e-01, 1.797693134862e+308, 1.0240e+03, 0.0000e+00, 
 1DIAGNOSTIC,     7, -9.088494777679e-01, 1.797693134862e+308, 1.0240e+03, 0.0000e+00, 
 1DIAGNOSTIC,     8, -9.105250835419e-01, 1.797693134862e+308, 1.5360e+03, 5.1200e+02, 
 1DIAGNOSTIC,     9, -9.119923114777e-01, 1.797693134862e+308, 1.5360e+03, 0.0000e+00, 
 1DIAGNOSTIC,    10, -9.132905006409e-01, 1.234778819422e-03, 1.5360e+03, 0.0000e+00, 
 1DIAGNOSTIC,    11, -9.142894744873e-01, 1.047511135447e-03, 1.5360e+03, 0.0000e+00, 
 1DIAGNOSTIC,    12, -9.153652191162e-01, 8.758002589355e-04, 1.5360e+03, 0.0000e+00, 
 1DIAGNOSTIC,    13, -9.162056446075e-01, 7.275165529167e-04, 1.5360e+03, 0.0000e+00, 
 1DIAGNOSTIC,    14, -9.171414375305e-01, 6.039306877236e-04, 2.0480e+03, 5.1200e+02, 
 1DIAGNOSTIC,    15, -9.179480075836e-01, 5.023506672162e-04, 2.0480e+03, 0.0000e+00, 
 1DIAGNOSTIC,    16, -9.187295436859e-01, 4.222198944555e-04, 2.0480e+03, 0.0000e+00, 
 1DIAGNOSTIC,    17, -9.192676544189e-01, 3.576447819854e-04, 2.0480e+03, 0.0000e+00, 
 1DIAGNOSTIC,    18, -9.199373722076e-01, 3.076869870388e-04, 2.0480e+03, 0.0000e+00, 
 1DIAGNOSTIC,    19, -9.203951358795e-01, 2.658144186445e-04, 2.5600e+03, 5.1200e+02, 
 1DIAGNOSTIC,    20, -9.208338260651e-01, 2.304195761383e-04, 2.5600e+03, 0.0000e+00, 
 1DIAGNOSTIC,    21, -9.212646484375e-01, 1.980379238366e-04, 2.5600e+03, 0.0000e+00, 
 1DIAGNOSTIC,    22, -9.216911792755e-01, 1.713561152092e-04, 2.5600e+03, 0.0000e+00, 
 1DIAGNOSTIC,    23, -9.221007823944e-01, 1.477822548292e-04, 2.5600e+03, 0.0000e+00, 
 1DIAGNOSTIC,    24, -9.224877357483e-01, 1.294097200779e-04, 2.5600e+03, 0.0000e+00, 
 1DIAGNOSTIC,    25, -9.228579998016e-01, 1.149530686261e-04, 3.0720e+03, 5.1200e+02, 
 1DIAGNOSTIC,    26, -9.232134819031e-01, 1.044114232936e-04, 3.0720e+03, 0.0000e+00, 
 1DIAGNOSTIC,    27, -9.235587120056e-01, 9.492216134575e-05, 3.0720e+03, 0.0000e+00, 
 1DIAGNOSTIC,    28, -9.238951206207e-01, 8.832676746864e-05, 3.0720e+03, 0.0000e+00, 
 1DIAGNOSTIC,    29, -9.242238998413e-01, 8.227961969949e-05, 3.0720e+03, 0.0000e+00, 
 1DIAGNOSTIC,    30, -9.245464801788e-01, 7.674770666374e-05, 3.0720e+03, 0.0000e+00, 
 1DIAGNOSTIC,    31, -9.248516559601e-01, 7.168774512687e-05, 3.5840e+03, 5.1200e+02, 
 1DIAGNOSTIC,    32, -9.251394271851e-01, 6.709228255423e-05, 3.5840e+03, 0.0000e+00, 
 1DIAGNOSTIC,    33, -9.254114627838e-01, 6.283885802200e-05, 3.5840e+03, 0.0000e+00, 
 1DIAGNOSTIC,    34, -9.256689548492e-01, 5.876932498058e-05, 3.5840e+03, 0.0000e+00, 
 1DIAGNOSTIC,    35, -9.259152412415e-01, 5.483278885855e-05, 3.5840e+03, 0.0000e+00, 
 1DIAGNOSTIC,    36, -9.261486530304e-01, 5.099605592035e-05, 4.0960e+03, 5.1200e+02, 
 1DIAGNOSTIC,    37, -9.263699054718e-01, 4.728610844886e-05, 4.0960e+03, 0.0000e+00, 
 1DIAGNOSTIC,    38, -9.265818595886e-01, 4.376807730299e-05, 4.0960e+03, 0.0000e+00, 
 1DIAGNOSTIC,    39, -9.267833232880e-01, 4.049830633187e-05, 4.0960e+03, 0.0000e+00, 
 1DIAGNOSTIC,    40, -9.269773960114e-01, 3.755906236220e-05, 4.0960e+03, 0.0000e+00, 
 1DIAGNOSTIC,    41, -9.271621704102e-01, 3.490967942545e-05, 4.0960e+03, 0.0000e+00, 
 1DIAGNOSTIC,    42, -9.273419380188e-01, 3.253169459771e-05, 4.6080e+03, 5.1200e+02, 
 1DIAGNOSTIC,    43, -9.275135993958e-01, 3.038313604182e-05, 4.6080e+03, 0.0000e+00, 
 1DIAGNOSTIC,    44, -9.276823997498e-01, 2.845986666927e-05, 4.6080e+03, 0.0000e+00, 
 1DIAGNOSTIC,    45, -9.278435707092e-01, 2.673578422454e-05, 4.6080e+03, 0.0000e+00, 
 1DIAGNOSTIC,    46, -9.280018806458e-01, 2.519807807187e-05, 4.6080e+03, 0.0000e+00, 
 1DIAGNOSTIC,    47, -9.281547069550e-01, 2.381051940008e-05, 5.1200e+03, 5.1200e+02, 
 1DIAGNOSTIC,    48, -9.283030033112e-01, 2.255713553197e-05, 5.1200e+03, 0.0000e+00, 
 1DIAGNOSTIC,    49, -9.284269809723e-01, 2.128320142653e-05, 5.1200e+03, 0.0000e+00, 
 1DIAGNOSTIC,    50, -9.285273551941e-01, 1.988086947713e-05, 5.1200e+03, 0.0000e+00, 
XXDIAGNOSTIC,Iteration,metricValue,convergenceValue,ITERATION_TIME_INDEX,SINCE_LAST
 1DIAGNOSTIC,     1, -8.836238384247e-01, 1.797693134862e+308, 6.1440e+03, 1.0240e+03, 
 1DIAGNOSTIC,     2, -8.848581314087e-01, 1.797693134862e+308, 6.6560e+03, 5.1200e+02, 
 1DIAGNOSTIC,     3, -8.864495754242e-01, 1.797693134862e+308, 7.6800e+03, 1.0240e+03, 
 1DIAGNOSTIC,     4, -8.880984783173e-01, 1.797693134862e+308, 8.7040e+03, 1.0240e+03, 
 1DIAGNOSTIC,     5, -8.897440433502e-01, 1.797693134862e+308, 9.2160e+03, 5.1200e+02, 
 1DIAGNOSTIC,     6, -8.912589550018e-01, 1.797693134862e+308, 1.0240e+04, 1.0240e+03, 
 1DIAGNOSTIC,     7, -8.925533294678e-01, 1.797693134862e+308, 1.1264e+04, 1.0240e+03, 
 1DIAGNOSTIC,     8, -8.938579559326e-01, 1.797693134862e+308, 1.1776e+04, 5.1200e+02, 
 1DIAGNOSTIC,     9, -8.950800895691e-01, 1.797693134862e+308, 1.2800e+04, 1.0240e+03, 
 1DIAGNOSTIC,    10, -8.961443901062e-01, 9.285160964682e-04, 1.3312e+04, 5.1200e+02, 
 1DIAGNOSTIC,    11, -8.972384929657e-01, 8.117136430496e-04, 1.4336e+04, 1.0240e+03, 
 1DIAGNOSTIC,    12, -8.981680870056e-01, 6.986709536579e-04, 1.5360e+04, 1.0240e+03, 
 1DIAGNOSTIC,    13, -8.990588188171e-01, 6.003863131279e-04, 1.5872e+04, 5.1200e+02, 
 1DIAGNOSTIC,    14, -8.997683525085e-01, 5.148134283553e-04, 1.6896e+04, 1.0240e+03, 
 1DIAGNOSTIC,    15, -9.005291461945e-01, 4.444133904383e-04, 1.7920e+04, 1.0240e+03, 
 1DIAGNOSTIC,    16, -9.011197090149e-01, 3.836653066732e-04, 1.8432e+04, 5.1200e+02, 
 1DIAGNOSTIC,    17, -9.016852378845e-01, 3.293082894460e-04, 1.9456e+04, 1.0240e+03, 
 1DIAGNOSTIC,    18, -9.022183418274e-01, 2.828436078185e-04, 2.0480e+04, 1.0240e+03, 
 1DIAGNOSTIC,    19, -9.027087688446e-01, 2.435737725102e-04, 2.0992e+04, 5.1200e+02, 
 1DIAGNOSTIC,    20, -9.031486511230e-01, 2.093191077569e-04, 2.2016e+04, 1.0240e+03, 
  Elapsed time (stage 0): 22016


Total elapsed time: 22016
