
##########################
# Experiment information #
##########################
SIF_IMG: /project/rrg-glatard/mdugre/containers/ants-p2-vprec.sif
EXPERIMENT_NAME: vprec-space_search
CONFIG: 0001
VFC_BACKENDS: libinterflop_vprec.so --range-binary32=7 --precision-binary32=18 --range-binary64=7 --precision-binary64=18

FIXED_IMG: /templateflow/tpl-MNI152NLin2009cAsym/tpl-MNI152NLin2009cAsym_res-01_desc-brain_T1w.nii.gz
SUBJECT_ID: 0003042
INPUT_IMG: /project/rrg-glatard/mdugre/datasets/corr/RawDataBIDS/BMB_1/derivatives/antsBrainExtraction/sub-0003042/BrainExtractionBrain.nii.gz
OUTPUT_DIR: /project/rrg-glatard/mdugre/datasets/corr/RawDataBIDS/BMB_1/derivatives/vprec-space_search/0001/r7-p18/sub-0003042

ITK_GLOBAL_DEFAULT_NUMBER_OF_THREADS: 8
##########################

VFC_BACKENDS=libinterflop_ieee.so
Info [verificarlo]: loaded backend libinterflop_ieee.so
Info [interflop-ieee]: load backend with:
Info [interflop-ieee]: debug = false
Info [interflop-ieee]: debug-binary = false
Info [interflop-ieee]: no-backend-name = false
Info [interflop-ieee]: print-new-line = false
Info [interflop-ieee]: print-subnormal-normalized = false
Info [interflop-ieee]: count-op = false
All_Command_lines_OK
Using double precision for computations.
=============================================================================
The composite transform comprises the following transforms (in order): 
  1. Center of mass alignment using fixed image: /templateflow/tpl-MNI152NLin2009cAsym/tpl-MNI152NLin2009cAsym_res-01_desc-brain_T1w.nii.gz and moving image: /project/rrg-glatard/mdugre/datasets/corr/RawDataBIDS/BMB_1/derivatives/antsBrainExtraction/sub-0003042/BrainExtractionBrain.nii.gz (type = Euler3DTransform)
=============================================================================
  number of levels = 1
  fixed image: /templateflow/tpl-MNI152NLin2009cAsym/tpl-MNI152NLin2009cAsym_res-01_desc-brain_T1w.nii.gz
  moving image: /project/rrg-glatard/mdugre/datasets/corr/RawDataBIDS/BMB_1/derivatives/antsBrainExtraction/sub-0003042/BrainExtractionBrain.nii.gz
Dimension = 3
Number of stages = 1
Use histogram matching = false
Winsorize image intensities = true
  Lower quantile = 0.005
  Upper quantile = 0.995


Stage 1 State
   Image metric = MattesMI
     Fixed image = Image (0x38ec390)
  RTTI typeinfo:   itk::Image<double, 3u>
  Reference Count: 2
  Modified Time: 2330
  Debug: Off
  Object Name: 
  Observers: 
    none
  Source: (none)
  Source output name: (none)
  Release Data: Off
  Data Released: False
  Global Release Data: Off
  PipelineMTime: 0
  UpdateMTime: 1941
  RealTimeStamp: 0 seconds 
  LargestPossibleRegion: 
    Dimension: 3
    Index: [0, 0, 0]
    Size: [193, 229, 193]
  BufferedRegion: 
    Dimension: 3
    Index: [0, 0, 0]
    Size: [193, 229, 193]
  RequestedRegion: 
    Dimension: 3
    Index: [0, 0, 0]
    Size: [193, 229, 193]
  Spacing: [1, 1, 1]
  Origin: [96, 132, -78]
  Direction: 
-1 0 0
0 -1 0
0 0 1

  IndexToPointMatrix: 
-1 0 0
0 -1 0
0 0 1

  PointToIndexMatrix: 
-1 0 0
0 -1 0
0 0 1

  Inverse Direction: 
-1 0 0
0 -1 0
0 0 1

  PixelContainer: 
    ImportImageContainer (0x39b7a90)
      RTTI typeinfo:   itk::ImportImageContainer<unsigned long, double>
      Reference Count: 1
      Modified Time: 1938
      Debug: Off
      Object Name: 
      Observers: 
        none
      Pointer: 0x14ba19d7d010
      Container manages memory: true
      Size: 8530021
      Capacity: 8530021

     Moving image = Image (0x38f1390)
  RTTI typeinfo:   itk::Image<double, 3u>
  Reference Count: 2
  Modified Time: 2331
  Debug: Off
  Object Name: 
  Observers: 
    none
  Source: (none)
  Source output name: (none)
  Release Data: Off
  Data Released: False
  Global Release Data: Off
  PipelineMTime: 0
  UpdateMTime: 2328
  RealTimeStamp: 0 seconds 
  LargestPossibleRegion: 
    Dimension: 3
    Index: [0, 0, 0]
    Size: [176, 256, 256]
  BufferedRegion: 
    Dimension: 3
    Index: [0, 0, 0]
    Size: [176, 256, 256]
  RequestedRegion: 
    Dimension: 3
    Index: [0, 0, 0]
    Size: [176, 256, 256]
  Spacing: [1, 1, 1]
  Origin: [-89.9542, 103.506, -133.476]
  Direction: 
1 0 0
0 -1 0
0 0 1

  IndexToPointMatrix: 
1 0 0
0 -1 0
0 0 1

  PointToIndexMatrix: 
1 0 0
0 -1 0
0 0 1

  Inverse Direction: 
1 0 0
0 -1 0
0 0 1

  PixelContainer: 
    ImportImageContainer (0x3a97b90)
      RTTI typeinfo:   itk::ImportImageContainer<unsigned long, double>
      Reference Count: 1
      Modified Time: 2325
      Debug: Off
      Object Name: 
      Observers: 
        none
      Pointer: 0x14ba1457c010
      Container manages memory: true
      Size: 11534336
      Capacity: 11534336

     Weighting = 1
     Sampling strategy = regular
     Number of bins = 32
     Radius = 4
     Sampling percentage  = 0.25
   Transform = Rigid
     Gradient step = 0.1
     Update field sigma (voxel space) = 0
     Total field sigma (voxel space) = 0
     Update field time sigma = 0
     Total field time sigma  = 0
     Number of time indices = 0
     Number of time point samples = 0
Registration using 1 total stages.

Stage 0
  iterations = 0
  convergence threshold = 1e-06
  convergence window size = 10
  number of levels = 1
  using the Mattes MI metric (number of bins = 32, weight = 1, use gradient filter = 0)
  preprocessing:  winsorizing the image intensities
  Shrink factors (level 1 out of 1): [1, 1, 1]
  smoothing sigmas per level: [0]
  regular sampling (percentage = 0.25)

*** Running Euler3DTransform registration ***

  Elapsed time (stage 0): 0.944627


Total elapsed time: 0.946017
VFC_BACKENDS=libinterflop_ieee.so
Info [verificarlo]: loaded backend libinterflop_ieee.so
Info [interflop-ieee]: load backend with:
Info [interflop-ieee]: debug = false
Info [interflop-ieee]: debug-binary = false
Info [interflop-ieee]: no-backend-name = false
Info [interflop-ieee]: print-new-line = false
Info [interflop-ieee]: print-subnormal-normalized = false
Info [interflop-ieee]: count-op = false
All_Command_lines_OK
Using double precision for computations.
=============================================================================
The composite transform comprises the following transforms (in order): 
  1. /project/rrg-glatard/mdugre/datasets/corr/RawDataBIDS/BMB_1/derivatives/vprec-space_search/0001/r7-p18/sub-0003042/align_Composite.h5[0] (type = Euler3DTransform)
  2. /project/rrg-glatard/mdugre/datasets/corr/RawDataBIDS/BMB_1/derivatives/vprec-space_search/0001/r7-p18/sub-0003042/align_Composite.h5[1] (type = Euler3DTransform)
=============================================================================
  number of levels = 4
  fixed image: /templateflow/tpl-MNI152NLin2009cAsym/tpl-MNI152NLin2009cAsym_res-01_desc-brain_T1w.nii.gz
  moving image: /project/rrg-glatard/mdugre/datasets/corr/RawDataBIDS/BMB_1/derivatives/antsBrainExtraction/sub-0003042/BrainExtractionBrain.nii.gz
Dimension = 3
Number of stages = 1
Use histogram matching = false
Winsorize image intensities = true
  Lower quantile = 0.005
  Upper quantile = 0.995


Stage 1 State
   Image metric = MattesMI
     Fixed image = Image (0x4e59650)
  RTTI typeinfo:   itk::Image<double, 3u>
  Reference Count: 2
  Modified Time: 1578
  Debug: Off
  Object Name: 
  Observers: 
    none
  Source: (none)
  Source output name: (none)
  Release Data: Off
  Data Released: False
  Global Release Data: Off
  PipelineMTime: 0
  UpdateMTime: 1189
  RealTimeStamp: 0 seconds 
  LargestPossibleRegion: 
    Dimension: 3
    Index: [0, 0, 0]
    Size: [193, 229, 193]
  BufferedRegion: 
    Dimension: 3
    Index: [0, 0, 0]
    Size: [193, 229, 193]
  RequestedRegion: 
    Dimension: 3
    Index: [0, 0, 0]
    Size: [193, 229, 193]
  Spacing: [1, 1, 1]
  Origin: [96, 132, -78]
  Direction: 
-1 0 0
0 -1 0
0 0 1

  IndexToPointMatrix: 
-1 0 0
0 -1 0
0 0 1

  PointToIndexMatrix: 
-1 0 0
0 -1 0
0 0 1

  Inverse Direction: 
-1 0 0
0 -1 0
0 0 1

  PixelContainer: 
    ImportImageContainer (0x4f17210)
      RTTI typeinfo:   itk::ImportImageContainer<unsigned long, double>
      Reference Count: 1
      Modified Time: 1186
      Debug: Off
      Object Name: 
      Observers: 
        none
      Pointer: 0x14b48e9fa010
      Container manages memory: true
      Size: 8530021
      Capacity: 8530021

     Moving image = Image (0x4f146e0)
  RTTI typeinfo:   itk::Image<double, 3u>
  Reference Count: 2
  Modified Time: 1579
  Debug: Off
  Object Name: 
  Observers: 
    none
  Source: (none)
  Source output name: (none)
  Release Data: Off
  Data Released: False
  Global Release Data: Off
  PipelineMTime: 0
  UpdateMTime: 1576
  RealTimeStamp: 0 seconds 
  LargestPossibleRegion: 
    Dimension: 3
    Index: [0, 0, 0]
    Size: [176, 256, 256]
  BufferedRegion: 
    Dimension: 3
    Index: [0, 0, 0]
    Size: [176, 256, 256]
  RequestedRegion: 
    Dimension: 3
    Index: [0, 0, 0]
    Size: [176, 256, 256]
  Spacing: [1, 1, 1]
  Origin: [-89.9542, 103.506, -133.476]
  Direction: 
1 0 0
0 -1 0
0 0 1

  IndexToPointMatrix: 
1 0 0
0 -1 0
0 0 1

  PointToIndexMatrix: 
1 0 0
0 -1 0
0 0 1

  Inverse Direction: 
1 0 0
0 -1 0
0 0 1

  PixelContainer: 
    ImportImageContainer (0x4ee6970)
      RTTI typeinfo:   itk::ImportImageContainer<unsigned long, double>
      Reference Count: 1
      Modified Time: 1573
      Debug: Off
      Object Name: 
      Observers: 
        none
      Pointer: 0x14b4891f9010
      Container manages memory: true
      Size: 11534336
      Capacity: 11534336

     Weighting = 1
     Sampling strategy = regular
     Number of bins = 32
     Radius = 4
     Sampling percentage  = 0.25
   Transform = Rigid
     Gradient step = 0.1
     Update field sigma (voxel space) = 0
     Total field sigma (voxel space) = 0
     Update field time sigma = 0
     Total field time sigma  = 0
     Number of time indices = 0
     Number of time point samples = 0
Registration using 1 total stages.

Stage 0
  iterations = 1000x500x250x100
  convergence threshold = 1e-06
  convergence window size = 10
  number of levels = 4
  using the Mattes MI metric (number of bins = 32, weight = 1, use gradient filter = 0)
  preprocessing:  winsorizing the image intensities
  Shrink factors (level 1 out of 4): [8, 8, 8]
  Shrink factors (level 2 out of 4): [4, 4, 4]
  Shrink factors (level 3 out of 4): [2, 2, 2]
  Shrink factors (level 4 out of 4): [1, 1, 1]
  smoothing sigmas per level: [3, 2, 1, 0]
  regular sampling (percentage = 0.25)

*** Running Euler3DTransform registration ***

DIAGNOSTIC,Iteration,metricValue,convergenceValue,ITERATION_TIME_INDEX,SINCE_LAST
 2DIAGNOSTIC,     1, -5.504491009752e-01, 1.797693134862e+308, 1.1787e+00, 1.1787e+00, 
 2DIAGNOSTIC,     2, -5.515853118773e-01, 1.797693134862e+308, 1.1832e+00, 4.5290e-03, 
 2DIAGNOSTIC,     3, -5.546798585452e-01, 1.797693134862e+308, 1.1880e+00, 4.8380e-03, 
 2DIAGNOSTIC,     4, -5.602899270422e-01, 1.797693134862e+308, 1.1929e+00, 4.8821e-03, 
 2DIAGNOSTIC,     5, -5.634779794829e-01, 1.797693134862e+308, 1.1979e+00, 4.9801e-03, 
 2DIAGNOSTIC,     6, -5.677955734427e-01, 1.797693134862e+308, 1.2029e+00, 5.0030e-03, 
 2DIAGNOSTIC,     7, -5.748535839731e-01, 1.797693134862e+308, 1.2073e+00, 4.4320e-03, 
 2DIAGNOSTIC,     8, -5.793073556189e-01, 1.797693134862e+308, 1.2127e+00, 5.4111e-03, 
 2DIAGNOSTIC,     9, -5.810579243279e-01, 1.797693134862e+308, 1.2171e+00, 4.4031e-03, 
 2DIAGNOSTIC,    10, -5.867294756743e-01, 4.355464726747e-03, 1.2236e+00, 6.5012e-03, 
 2DIAGNOSTIC,    11, -5.905132270119e-01, 4.091386322435e-03, 1.2298e+00, 6.1991e-03, 
 2DIAGNOSTIC,    12, -6.145932282828e-01, 4.531965299814e-03, 1.2367e+00, 6.8970e-03, 
 2DIAGNOSTIC,    13, -6.211636726846e-01, 4.829091744128e-03, 1.2413e+00, 4.5760e-03, 
 2DIAGNOSTIC,    14, -6.269141343424e-01, 5.044949158222e-03, 1.2460e+00, 4.6599e-03, 
 2DIAGNOSTIC,    15, -6.337773343566e-01, 5.101726586945e-03, 1.2521e+00, 6.0949e-03, 
 2DIAGNOSTIC,    16, -6.403532925669e-01, 5.002310894396e-03, 1.2570e+00, 4.9109e-03, 
 2DIAGNOSTIC,    17, -6.438942386712e-01, 4.742775115724e-03, 1.2616e+00, 4.5750e-03, 
 2DIAGNOSTIC,    18, -6.482701503036e-01, 4.310408987507e-03, 1.2678e+00, 6.2211e-03, 
 2DIAGNOSTIC,    19, -6.486013454881e-01, 3.586056416337e-03, 1.2727e+00, 4.9171e-03, 
 2DIAGNOSTIC,    20, -6.501092277408e-01, 2.783743386724e-03, 1.2781e+00, 5.3692e-03, 
 2DIAGNOSTIC,    21, -6.521386993783e-01, 1.921968676156e-03, 1.2843e+00, 6.2358e-03, 
 2DIAGNOSTIC,    22, -6.521720475690e-01, 1.478643270057e-03, 1.2896e+00, 5.3370e-03, 
 2DIAGNOSTIC,    23, -6.521493817209e-01, 1.072202239197e-03, 1.2944e+00, 4.7190e-03, 
 2DIAGNOSTIC,    24, -6.521224364884e-01, 7.124263427848e-04, 1.2995e+00, 5.1231e-03, 
 2DIAGNOSTIC,    25, -6.521063727192e-01, 4.424556846315e-04, 1.3044e+00, 4.8912e-03, 
 2DIAGNOSTIC,    26, -6.522642691489e-01, 2.721113207385e-04, 1.3099e+00, 5.5070e-03, 
 2DIAGNOSTIC,    27, -6.522373847608e-01, 1.481877615344e-04, 1.3162e+00, 6.3081e-03, 
 2DIAGNOSTIC,    28, -6.521867399735e-01, 9.201407707217e-05, 1.3222e+00, 6.0031e-03, 
 2DIAGNOSTIC,    29, -6.521088814308e-01, 3.519568894324e-05, 1.3270e+00, 4.7722e-03, 
DIAGNOSTIC,Iteration,metricValue,convergenceValue,ITERATION_TIME_INDEX,SINCE_LAST
 2DIAGNOSTIC,     1, -5.344669928232e-01, 1.797693134862e+308, 2.6383e+00, 1.3114e+00, 
 2DIAGNOSTIC,     2, -5.350836191437e-01, 1.797693134862e+308, 2.6764e+00, 3.8037e-02, 
 2DIAGNOSTIC,     3, -5.356647773022e-01, 1.797693134862e+308, 2.7148e+00, 3.8412e-02, 
 2DIAGNOSTIC,     4, -5.360512005756e-01, 1.797693134862e+308, 2.7529e+00, 3.8131e-02, 
 2DIAGNOSTIC,     5, -5.364544616379e-01, 1.797693134862e+308, 2.7910e+00, 3.8086e-02, 
 2DIAGNOSTIC,     6, -5.370433808461e-01, 1.797693134862e+308, 2.8293e+00, 3.8288e-02, 
 2DIAGNOSTIC,     7, -5.381005214258e-01, 1.797693134862e+308, 2.8810e+00, 5.1716e-02, 
 2DIAGNOSTIC,     8, -5.381969606472e-01, 1.797693134862e+308, 2.9191e+00, 3.8097e-02, 
 2DIAGNOSTIC,     9, -5.384359999236e-01, 1.797693134862e+308, 2.9571e+00, 3.7996e-02, 
 2DIAGNOSTIC,    10, -5.391807751706e-01, 5.576729283064e-04, 3.0085e+00, 5.1441e-02, 
 2DIAGNOSTIC,    11, -5.392961483995e-01, 4.813885769563e-04, 3.0465e+00, 3.7966e-02, 
 2DIAGNOSTIC,    12, -5.395541171737e-01, 4.127977873265e-04, 3.0841e+00, 3.7625e-02, 
 2DIAGNOSTIC,    13, -5.400626092321e-01, 3.622000621074e-04, 3.1344e+00, 5.0259e-02, 
 2DIAGNOSTIC,    14, -5.401170418292e-01, 3.026910135590e-04, 3.1760e+00, 4.1626e-02, 
 2DIAGNOSTIC,    15, -5.401208371531e-01, 2.378010143262e-04, 3.2176e+00, 4.1599e-02, 
 2DIAGNOSTIC,    16, -5.401213965769e-01, 1.781803307958e-04, 3.2546e+00, 3.6962e-02, 
 2DIAGNOSTIC,    17, -5.401224168117e-01, 1.424599540087e-04, 3.2955e+00, 4.0970e-02, 
 2DIAGNOSTIC,    18, -5.401089044896e-01, 1.000035674689e-04, 3.3362e+00, 4.0665e-02, 
 2DIAGNOSTIC,    19, -5.400866903693e-01, 5.844933886381e-05, 3.3724e+00, 3.6202e-02, 
 2DIAGNOSTIC,    20, -5.401325543265e-01, 3.687564819158e-05, 3.4089e+00, 3.6512e-02, 
 2DIAGNOSTIC,    21, -5.402114413805e-01, 1.890327189405e-05, 3.4536e+00, 4.4683e-02, 
 2DIAGNOSTIC,    22, -5.403280416137e-01, 9.549776533682e-06, 3.5030e+00, 4.9383e-02, 
 2DIAGNOSTIC,    23, -5.403286426375e-01, 1.186802414686e-05, 3.5395e+00, 3.6491e-02, 
 2DIAGNOSTIC,    24, -5.403314924335e-01, 1.433173646297e-05, 3.5759e+00, 3.6468e-02, 
 2DIAGNOSTIC,    25, -5.403605056158e-01, 1.608213154407e-05, 3.6164e+00, 4.0418e-02, 
 2DIAGNOSTIC,    26, -5.404021513038e-01, 1.709459443899e-05, 3.6655e+00, 4.9157e-02, 
 2DIAGNOSTIC,    27, -5.403964622062e-01, 1.640338524032e-05, 3.7019e+00, 3.6342e-02, 
 2DIAGNOSTIC,    28, -5.403998507709e-01, 1.419479399627e-05, 3.7383e+00, 3.6425e-02, 
 2DIAGNOSTIC,    29, -5.404762778980e-01, 1.192597265317e-05, 3.7788e+00, 4.0512e-02, 
 2DIAGNOSTIC,    30, -5.405111053085e-01, 1.013750736115e-05, 3.8237e+00, 4.4910e-02, 
 2DIAGNOSTIC,    31, -5.405155098145e-01, 8.952505411913e-06, 3.8642e+00, 4.0487e-02, 
 2DIAGNOSTIC,    32, -5.405167457748e-01, 9.064297448971e-06, 3.9049e+00, 4.0669e-02, 
 2DIAGNOSTIC,    33, -5.405189254791e-01, 8.467843334192e-06, 3.9412e+00, 3.6371e-02, 
 2DIAGNOSTIC,    34, -5.405215791719e-01, 7.251346845344e-06, 3.9776e+00, 3.6333e-02, 
 2DIAGNOSTIC,    35, -5.405458641900e-01, 6.275122883845e-06, 4.0138e+00, 3.6288e-02, 
 2DIAGNOSTIC,    36, -5.405697944502e-01, 5.812062870758e-06, 4.0544e+00, 4.0547e-02, 
 2DIAGNOSTIC,    37, -5.405783023922e-01, 4.959618183187e-06, 4.1120e+00, 5.7613e-02, 
 2DIAGNOSTIC,    38, -5.405800872169e-01, 3.815425478306e-06, 4.1525e+00, 4.0528e-02, 
 2DIAGNOSTIC,    39, -5.405801578065e-01, 3.471363651236e-06, 4.1929e+00, 4.0328e-02, 
 2DIAGNOSTIC,    40, -5.405802850377e-01, 3.346222923528e-06, 4.2291e+00, 3.6191e-02, 
 2DIAGNOSTIC,    41, -5.405806469918e-01, 3.039185855310e-06, 4.2652e+00, 3.6106e-02, 
 2DIAGNOSTIC,    42, -5.405819219287e-01, 2.563814952686e-06, 4.3013e+00, 3.6151e-02, 
 2DIAGNOSTIC,    43, -5.405845065390e-01, 2.002833723383e-06, 4.3375e+00, 3.6206e-02, 
 2DIAGNOSTIC,    44, -5.405983006677e-01, 1.539754727695e-06, 4.3736e+00, 3.6057e-02, 
 2DIAGNOSTIC,    45, -5.406339071330e-01, 1.709791691486e-06, 4.4140e+00, 4.0388e-02, 
 2DIAGNOSTIC,    46, -5.406809992487e-01, 2.577848113902e-06, 4.4670e+00, 5.3068e-02, 
 2DIAGNOSTIC,    47, -5.406854511877e-01, 3.364998956680e-06, 4.5076e+00, 4.0606e-02, 
 2DIAGNOSTIC,    48, -5.406956866522e-01, 4.003991332456e-06, 4.5479e+00, 4.0256e-02, 
 2DIAGNOSTIC,    49, -5.406963842073e-01, 4.306948839218e-06, 4.6010e+00, 5.3129e-02, 
 2DIAGNOSTIC,    50, -5.406964009952e-01, 4.242393962284e-06, 4.6373e+00, 3.6273e-02, 
 2DIAGNOSTIC,    51, -5.406964239980e-01, 3.832968942585e-06, 4.6777e+00, 4.0426e-02, 
 2DIAGNOSTIC,    52, -5.406964747809e-01, 3.148970771329e-06, 4.7137e+00, 3.6028e-02, 
 2DIAGNOSTIC,    53, -5.406966279909e-01, 2.280697032227e-06, 4.7500e+00, 3.6237e-02, 
 2DIAGNOSTIC,    54, -5.406971886323e-01, 1.419145997775e-06, 4.7861e+00, 3.6080e-02, 
 2DIAGNOSTIC,    55, -5.407267538840e-01, 1.122287226957e-06, 4.8223e+00, 3.6255e-02, 
 2DIAGNOSTIC,    56, -5.407368600972e-01, 1.313872731789e-06, 4.8795e+00, 5.7152e-02, 
 2DIAGNOSTIC,    57, -5.407656167256e-01, 1.731935393774e-06, 4.9922e+00, 1.1268e-01, 
 2DIAGNOSTIC,    58, -5.407656167250e-01, 2.113515279459e-06, 5.0836e+00, 9.1425e-02, 
 2DIAGNOSTIC,    59, -5.407656167250e-01, 2.341446980900e-06, 5.1240e+00, 4.0451e-02, 
 2DIAGNOSTIC,    60, -5.407656167250e-01, 2.388061656769e-06, 5.1729e+00, 4.8864e-02, 
 2DIAGNOSTIC,    61, -5.407656167250e-01, 2.251399991313e-06, 5.2130e+00, 4.0124e-02, 
 2DIAGNOSTIC,    62, -5.407656167250e-01, 1.952863239830e-06, 5.2536e+00, 4.0573e-02, 
 2DIAGNOSTIC,    63, -5.407656167250e-01, 1.529902623528e-06, 5.2939e+00, 4.0305e-02, 
 2DIAGNOSTIC,    64, -5.407656167250e-01, 1.024065525716e-06, 5.3343e+00, 4.0370e-02, 
DIAGNOSTIC,Iteration,metricValue,convergenceValue,ITERATION_TIME_INDEX,SINCE_LAST
 2DIAGNOSTIC,     1, -4.702706736127e-01, 1.797693134862e+308, 7.0360e+00, 1.7017e+00, 
 2DIAGNOSTIC,     2, -4.705699328952e-01, 1.797693134862e+308, 7.3495e+00, 3.1352e-01, 
 2DIAGNOSTIC,     3, -4.708973676773e-01, 1.797693134862e+308, 7.6720e+00, 3.2249e-01, 
 2DIAGNOSTIC,     4, -4.712732174006e-01, 1.797693134862e+308, 8.0015e+00, 3.2950e-01, 
 2DIAGNOSTIC,     5, -4.715638040477e-01, 1.797693134862e+308, 8.3307e+00, 3.2922e-01, 
 2DIAGNOSTIC,     6, -4.717975113645e-01, 1.797693134862e+308, 8.8294e+00, 4.9864e-01, 
 2DIAGNOSTIC,     7, -4.718227108651e-01, 1.797693134862e+308, 9.1988e+00, 3.6950e-01, 
 2DIAGNOSTIC,     8, -4.718314834109e-01, 1.797693134862e+308, 9.5605e+00, 3.6167e-01, 
 2DIAGNOSTIC,     9, -4.718363013438e-01, 1.797693134862e+308, 9.8789e+00, 3.1841e-01, 
 2DIAGNOSTIC,    10, -4.718518783894e-01, 2.225637463719e-04, 1.0194e+01, 3.1518e-01, 
 2DIAGNOSTIC,    11, -4.718973083779e-01, 1.500898489790e-04, 1.0509e+01, 3.1476e-01, 
 2DIAGNOSTIC,    12, -4.719326542374e-01, 9.319267659048e-05, 1.0821e+01, 3.1183e-01, 
 2DIAGNOSTIC,    13, -4.720038955468e-01, 5.518525136093e-05, 1.1132e+01, 3.1131e-01, 
 2DIAGNOSTIC,    14, -4.720138175636e-01, 3.416670830639e-05, 1.1561e+01, 4.2911e-01, 
 2DIAGNOSTIC,    15, -4.720417009919e-01, 2.561428298301e-05, 1.2147e+01, 5.8552e-01, 
 2DIAGNOSTIC,    16, -4.720432106165e-01, 2.479921424782e-05, 1.2537e+01, 3.9082e-01, 
 2DIAGNOSTIC,    17, -4.720408417584e-01, 2.277124040933e-05, 1.2888e+01, 3.5093e-01, 
 2DIAGNOSTIC,    18, -4.720414168182e-01, 1.934982229240e-05, 1.3239e+01, 3.5093e-01, 
 2DIAGNOSTIC,    19, -4.720399964144e-01, 1.477117218857e-05, 1.3672e+01, 4.3276e-01, 
 2DIAGNOSTIC,    20, -4.720382193006e-01, 9.843020443032e-06, 1.4039e+01, 3.6662e-01, 
 2DIAGNOSTIC,    21, -4.720374089263e-01, 5.894048986231e-06, 1.4408e+01, 3.6961e-01, 
 2DIAGNOSTIC,    22, -4.720356887301e-01, 2.776486973534e-06, 1.4735e+01, 3.2717e-01, 
 2DIAGNOSTIC,    23, -4.720340961630e-01, 1.632614688669e-06, 1.5061e+01, 3.2569e-01, 
DIAGNOSTIC,Iteration,metricValue,convergenceValue,ITERATION_TIME_INDEX,SINCE_LAST
 2DIAGNOSTIC,     1, -4.311838405853e-01, 1.797693134862e+308, 1.8227e+01, 3.1658e+00, 
 2DIAGNOSTIC,     2, -4.313879614516e-01, 1.797693134862e+308, 2.0456e+01, 2.2290e+00, 
 2DIAGNOSTIC,     3, -4.315868130215e-01, 1.797693134862e+308, 2.2684e+01, 2.2276e+00, 
 2DIAGNOSTIC,     4, -4.316712637866e-01, 1.797693134862e+308, 2.4889e+01, 2.2058e+00, 
 2DIAGNOSTIC,     5, -4.317098927631e-01, 1.797693134862e+308, 2.7172e+01, 2.2826e+00, 
 2DIAGNOSTIC,     6, -4.318369761014e-01, 1.797693134862e+308, 2.9609e+01, 2.4366e+00, 
 2DIAGNOSTIC,     7, -4.319875693118e-01, 1.797693134862e+308, 3.2921e+01, 3.3124e+00, 
 2DIAGNOSTIC,     8, -4.320249259827e-01, 1.797693134862e+308, 3.5086e+01, 2.1646e+00, 
 2DIAGNOSTIC,     9, -4.321610306657e-01, 1.797693134862e+308, 3.7389e+01, 2.3033e+00, 
 2DIAGNOSTIC,    10, -4.322023143412e-01, 1.460235569576e-04, 3.9595e+01, 2.2060e+00, 
 2DIAGNOSTIC,    11, -4.322563331501e-01, 1.178870432546e-04, 4.1797e+01, 2.2023e+00, 
 2DIAGNOSTIC,    12, -4.323708903502e-01, 1.012778167450e-04, 4.4875e+01, 3.0780e+00, 
 2DIAGNOSTIC,    13, -4.323955790090e-01, 8.945790602406e-05, 4.9272e+01, 4.3971e+00, 
 2DIAGNOSTIC,    14, -4.323979321869e-01, 7.559242788695e-05, 5.1716e+01, 2.4437e+00, 
 2DIAGNOSTIC,    15, -4.323995019745e-01, 5.862424407545e-05, 5.4785e+01, 3.0688e+00, 
 2DIAGNOSTIC,    16, -4.323996925299e-01, 4.371788777775e-05, 5.7234e+01, 2.4488e+00, 
 2DIAGNOSTIC,    17, -4.323996011445e-01, 3.251340397145e-05, 5.9768e+01, 2.5345e+00, 
 2DIAGNOSTIC,    18, -4.323994663063e-01, 2.096229381017e-05, 6.2202e+01, 2.4334e+00, 
 2DIAGNOSTIC,    19, -4.323994099668e-01, 1.360130434134e-05, 6.4433e+01, 2.2312e+00, 
 2DIAGNOSTIC,    20, -4.323992816531e-01, 7.228841736845e-06, 6.6881e+01, 2.4485e+00, 
 2DIAGNOSTIC,    21, -4.323992931066e-01, 2.538262401215e-06, 6.9628e+01, 2.7472e+00, 
 2DIAGNOSTIC,    22, -4.323992345362e-01, 1.582476306314e-06, 7.2169e+01, 2.5410e+00, 
 2DIAGNOSTIC,    23, -4.323990699946e-01, 1.397238268898e-06, 7.4624e+01, 2.4548e+00, 
 2DIAGNOSTIC,    24, -4.323990110175e-01, 1.288025435982e-06, 7.6956e+01, 2.3317e+00, 
 2DIAGNOSTIC,    25, -4.323990912716e-01, 1.234348082760e-06, 7.9421e+01, 2.4648e+00, 
 2DIAGNOSTIC,    26, -4.323991720166e-01, 1.195185003244e-06, 8.1646e+01, 2.2248e+00, 
 2DIAGNOSTIC,    27, -4.323995196055e-01, 1.167902058917e-06, 8.4091e+01, 2.4451e+00, 
 2DIAGNOSTIC,    28, -4.323999959363e-01, 1.151517947419e-06, 8.6361e+01, 2.2707e+00, 
 2DIAGNOSTIC,    29, -4.324004706062e-01, 1.144258645398e-06, 8.8832e+01, 2.4703e+00, 
 2DIAGNOSTIC,    30, -4.324012573783e-01, 1.147330568795e-06, 9.1389e+01, 2.5575e+00, 
 2DIAGNOSTIC,    31, -4.324025512842e-01, 1.169426878223e-06, 9.3585e+01, 2.1959e+00, 
 2DIAGNOSTIC,    32, -4.324030037980e-01, 1.184243813922e-06, 9.6121e+01, 2.5363e+00, 
 2DIAGNOSTIC,    33, -4.324039379901e-01, 1.195669169771e-06, 9.8577e+01, 2.4558e+00, 
 2DIAGNOSTIC,    34, -4.324039072270e-01, 1.182562233266e-06, 1.0112e+02, 2.5425e+00, 
 2DIAGNOSTIC,    35, -4.324041526954e-01, 1.153069214443e-06, 1.0361e+02, 2.4909e+00, 
 2DIAGNOSTIC,    36, -4.324049819185e-01, 1.118372682136e-06, 1.0583e+02, 2.2150e+00, 
 2DIAGNOSTIC,    37, -4.324075127285e-01, 1.113821545946e-06, 1.0833e+02, 2.5068e+00, 
 2DIAGNOSTIC,    38, -4.324097156681e-01, 1.130687057465e-06, 1.1070e+02, 2.3712e+00, 
 2DIAGNOSTIC,    39, -4.324104125593e-01, 1.138111853673e-06, 1.1293e+02, 2.2296e+00, 
 2DIAGNOSTIC,    40, -4.324128136072e-01, 1.167241876054e-06, 1.1534e+02, 2.4107e+00, 
 2DIAGNOSTIC,    41, -4.324195093297e-01, 1.286788651703e-06, 1.1759e+02, 2.2506e+00, 
 2DIAGNOSTIC,    42, -4.324238289002e-01, 1.423010350610e-06, 1.1982e+02, 2.2265e+00, 
 2DIAGNOSTIC,    43, -4.324286892738e-01, 1.577382941126e-06, 1.2231e+02, 2.4915e+00, 
 2DIAGNOSTIC,    44, -4.324312823136e-01, 1.683539204298e-06, 1.2503e+02, 2.7127e+00, 
 2DIAGNOSTIC,    45, -4.324304840116e-01, 1.685479995763e-06, 1.2758e+02, 2.5577e+00, 
 2DIAGNOSTIC,    46, -4.324315898589e-01, 1.620814769461e-06, 1.3003e+02, 2.4492e+00, 
 2DIAGNOSTIC,    47, -4.324322313698e-01, 1.512508993717e-06, 1.3260e+02, 2.5673e+00, 
 2DIAGNOSTIC,    48, -4.324342888964e-01, 1.386950355432e-06, 1.3505e+02, 2.4499e+00, 
 2DIAGNOSTIC,    49, -4.324351363258e-01, 1.217736333652e-06, 1.3815e+02, 3.0975e+00, 
 2DIAGNOSTIC,    50, -4.324344593512e-01, 1.022827347815e-06, 1.4060e+02, 2.4522e+00, 
  Elapsed time (stage 0): 1.4189e+02


Total elapsed time: 1.4190e+02
VFC_BACKENDS=libinterflop_ieee.so
Info [verificarlo]: loaded backend libinterflop_ieee.so
Info [interflop-ieee]: load backend with:
Info [interflop-ieee]: debug = false
Info [interflop-ieee]: debug-binary = false
Info [interflop-ieee]: no-backend-name = false
Info [interflop-ieee]: print-new-line = false
Info [interflop-ieee]: print-subnormal-normalized = false
Info [interflop-ieee]: count-op = false
All_Command_lines_OK
Using double precision for computations.
=============================================================================
The composite transform comprises the following transforms (in order): 
  1. /project/rrg-glatard/mdugre/datasets/corr/RawDataBIDS/BMB_1/derivatives/vprec-space_search/0001/r7-p18/sub-0003042/rigid_Composite.h5[0] (type = Euler3DTransform)
  2. /project/rrg-glatard/mdugre/datasets/corr/RawDataBIDS/BMB_1/derivatives/vprec-space_search/0001/r7-p18/sub-0003042/rigid_Composite.h5[1] (type = Euler3DTransform)
  3. /project/rrg-glatard/mdugre/datasets/corr/RawDataBIDS/BMB_1/derivatives/vprec-space_search/0001/r7-p18/sub-0003042/rigid_Composite.h5[2] (type = Euler3DTransform)
=============================================================================
  number of levels = 4
  fixed image: /templateflow/tpl-MNI152NLin2009cAsym/tpl-MNI152NLin2009cAsym_res-01_desc-brain_T1w.nii.gz
  moving image: /project/rrg-glatard/mdugre/datasets/corr/RawDataBIDS/BMB_1/derivatives/antsBrainExtraction/sub-0003042/BrainExtractionBrain.nii.gz
Dimension = 3
Number of stages = 1
Use histogram matching = false
Winsorize image intensities = true
  Lower quantile = 0.005
  Upper quantile = 0.995


Stage 1 State
   Image metric = MattesMI
     Fixed image = Image (0x4b26650)
  RTTI typeinfo:   itk::Image<double, 3u>
  Reference Count: 2
  Modified Time: 1592
  Debug: Off
  Object Name: 
  Observers: 
    none
  Source: (none)
  Source output name: (none)
  Release Data: Off
  Data Released: False
  Global Release Data: Off
  PipelineMTime: 0
  UpdateMTime: 1203
  RealTimeStamp: 0 seconds 
  LargestPossibleRegion: 
    Dimension: 3
    Index: [0, 0, 0]
    Size: [193, 229, 193]
  BufferedRegion: 
    Dimension: 3
    Index: [0, 0, 0]
    Size: [193, 229, 193]
  RequestedRegion: 
    Dimension: 3
    Index: [0, 0, 0]
    Size: [193, 229, 193]
  Spacing: [1, 1, 1]
  Origin: [96, 132, -78]
  Direction: 
-1 0 0
0 -1 0
0 0 1

  IndexToPointMatrix: 
-1 0 0
0 -1 0
0 0 1

  PointToIndexMatrix: 
-1 0 0
0 -1 0
0 0 1

  Inverse Direction: 
-1 0 0
0 -1 0
0 0 1

  PixelContainer: 
    ImportImageContainer (0x4bf3290)
      RTTI typeinfo:   itk::ImportImageContainer<unsigned long, double>
      Reference Count: 1
      Modified Time: 1200
      Debug: Off
      Object Name: 
      Observers: 
        none
      Pointer: 0x150b328f3010
      Container manages memory: true
      Size: 8530021
      Capacity: 8530021

     Moving image = Image (0x4bf2b00)
  RTTI typeinfo:   itk::Image<double, 3u>
  Reference Count: 2
  Modified Time: 1593
  Debug: Off
  Object Name: 
  Observers: 
    none
  Source: (none)
  Source output name: (none)
  Release Data: Off
  Data Released: False
  Global Release Data: Off
  PipelineMTime: 0
  UpdateMTime: 1590
  RealTimeStamp: 0 seconds 
  LargestPossibleRegion: 
    Dimension: 3
    Index: [0, 0, 0]
    Size: [176, 256, 256]
  BufferedRegion: 
    Dimension: 3
    Index: [0, 0, 0]
    Size: [176, 256, 256]
  RequestedRegion: 
    Dimension: 3
    Index: [0, 0, 0]
    Size: [176, 256, 256]
  Spacing: [1, 1, 1]
  Origin: [-89.9542, 103.506, -133.476]
  Direction: 
1 0 0
0 -1 0
0 0 1

  IndexToPointMatrix: 
1 0 0
0 -1 0
0 0 1

  PointToIndexMatrix: 
1 0 0
0 -1 0
0 0 1

  Inverse Direction: 
1 0 0
0 -1 0
0 0 1

  PixelContainer: 
    ImportImageContainer (0x4bb40d0)
      RTTI typeinfo:   itk::ImportImageContainer<unsigned long, double>
      Reference Count: 1
      Modified Time: 1587
      Debug: Off
      Object Name: 
      Observers: 
        none
      Pointer: 0x150b2d0f2010
      Container manages memory: true
      Size: 11534336
      Capacity: 11534336

     Weighting = 1
     Sampling strategy = regular
     Number of bins = 32
     Radius = 4
     Sampling percentage  = 0.25
   Transform = Affine
     Gradient step = 0.1
     Update field sigma (voxel space) = 0
     Total field sigma (voxel space) = 0
     Update field time sigma = 0
     Total field time sigma  = 0
     Number of time indices = 0
     Number of time point samples = 0
Registration using 1 total stages.

Stage 0
  iterations = 1000x500x250x100
  convergence threshold = 1e-06
  convergence window size = 10
  number of levels = 4
  using the Mattes MI metric (number of bins = 32, weight = 1, use gradient filter = 0)
  preprocessing:  winsorizing the image intensities
  Shrink factors (level 1 out of 4): [8, 8, 8]
  Shrink factors (level 2 out of 4): [4, 4, 4]
  Shrink factors (level 3 out of 4): [2, 2, 2]
  Shrink factors (level 4 out of 4): [1, 1, 1]
  smoothing sigmas per level: [3, 2, 1, 0]
  regular sampling (percentage = 0.25)

*** Running AffineTransform registration ***

DIAGNOSTIC,Iteration,metricValue,convergenceValue,ITERATION_TIME_INDEX,SINCE_LAST
 2DIAGNOSTIC,     1, -6.520342044265e-01, 1.797693134862e+308, 1.2051e+00, 1.2051e+00, 
 2DIAGNOSTIC,     2, -6.546458527617e-01, 1.797693134862e+308, 1.2106e+00, 5.5070e-03, 
 2DIAGNOSTIC,     3, -6.583268348324e-01, 1.797693134862e+308, 1.2162e+00, 5.5580e-03, 
 2DIAGNOSTIC,     4, -6.653090905849e-01, 1.797693134862e+308, 1.2216e+00, 5.4190e-03, 
 2DIAGNOSTIC,     5, -6.767530363927e-01, 1.797693134862e+308, 1.2272e+00, 5.5740e-03, 
 2DIAGNOSTIC,     6, -7.003553967375e-01, 1.797693134862e+308, 1.2325e+00, 5.3520e-03, 
 2DIAGNOSTIC,     7, -7.374518534143e-01, 1.797693134862e+308, 1.2402e+00, 7.6802e-03, 
 2DIAGNOSTIC,     8, -7.546506331981e-01, 1.797693134862e+308, 1.2485e+00, 8.2738e-03, 
 2DIAGNOSTIC,     9, -7.558268906289e-01, 1.797693134862e+308, 1.2543e+00, 5.7981e-03, 
 2DIAGNOSTIC,    10, -7.589516771254e-01, 1.217985035102e-02, 1.2600e+00, 5.7540e-03, 
 2DIAGNOSTIC,    11, -7.649782973089e-01, 1.111985073932e-02, 1.2657e+00, 5.6660e-03, 
 2DIAGNOSTIC,    12, -7.729962237935e-01, 9.579936482173e-03, 1.2714e+00, 5.6779e-03, 
 2DIAGNOSTIC,    13, -7.829343814671e-01, 7.836282079955e-03, 1.2775e+00, 6.1500e-03, 
 2DIAGNOSTIC,    14, -7.900228999749e-01, 6.057054284440e-03, 1.2839e+00, 6.3891e-03, 
 2DIAGNOSTIC,    15, -8.023835030029e-01, 4.601096931888e-03, 1.2911e+00, 7.1492e-03, 
 2DIAGNOSTIC,    16, -8.137099455898e-01, 3.741604074621e-03, 1.2975e+00, 6.4671e-03, 
 2DIAGNOSTIC,    17, -8.156364391222e-01, 3.518821266565e-03, 1.3040e+00, 6.4459e-03, 
 2DIAGNOSTIC,    18, -8.157957860826e-01, 3.372490057241e-03, 1.3113e+00, 7.3452e-03, 
 2DIAGNOSTIC,    19, -8.161959663982e-01, 2.966019303721e-03, 1.3181e+00, 6.8040e-03, 
 2DIAGNOSTIC,    20, -8.162128072457e-01, 2.385879124400e-03, 1.3245e+00, 6.3591e-03, 
 2DIAGNOSTIC,    21, -8.162398725734e-01, 1.748991977579e-03, 1.3301e+00, 5.5912e-03, 
 2DIAGNOSTIC,    22, -8.162353908637e-01, 1.147796441758e-03, 1.3364e+00, 6.2602e-03, 
 2DIAGNOSTIC,    23, -8.161954690428e-01, 6.590849982838e-04, 1.3428e+00, 6.4650e-03, 
 2DIAGNOSTIC,    24, -8.161197753219e-01, 2.586899177075e-04, 1.3491e+00, 6.2869e-03, 
 2DIAGNOSTIC,    25, -8.160720826029e-01, 4.734243275210e-05, 1.3549e+00, 5.8329e-03, 
 2DIAGNOSTIC,    26, -8.161005843967e-01, 1.048892496752e-05, 1.3609e+00, 6.0110e-03, 
 2DIAGNOSTIC,    27, -8.161329265225e-01, 2.519836583705e-06, 1.3686e+00, 7.6430e-03, 
DIAGNOSTIC,Iteration,metricValue,convergenceValue,ITERATION_TIME_INDEX,SINCE_LAST
 2DIAGNOSTIC,     1, -6.995259534020e-01, 1.797693134862e+308, 2.6070e+00, 1.2384e+00, 
 2DIAGNOSTIC,     2, -7.004291606192e-01, 1.797693134862e+308, 2.6516e+00, 4.4583e-02, 
 2DIAGNOSTIC,     3, -7.010708325964e-01, 1.797693134862e+308, 2.7009e+00, 4.9300e-02, 
 2DIAGNOSTIC,     4, -7.013229968643e-01, 1.797693134862e+308, 2.7459e+00, 4.4954e-02, 
 2DIAGNOSTIC,     5, -7.016106729408e-01, 1.797693134862e+308, 2.7953e+00, 4.9447e-02, 
 2DIAGNOSTIC,     6, -7.018696481973e-01, 1.797693134862e+308, 2.8398e+00, 4.4485e-02, 
 2DIAGNOSTIC,     7, -7.020258895431e-01, 1.797693134862e+308, 2.8984e+00, 5.8579e-02, 
 2DIAGNOSTIC,     8, -7.020293553422e-01, 1.797693134862e+308, 2.9442e+00, 4.5852e-02, 
 2DIAGNOSTIC,     9, -7.020826229796e-01, 1.797693134862e+308, 2.9889e+00, 4.4653e-02, 
 2DIAGNOSTIC,    10, -7.021717621040e-01, 2.112159860800e-04, 3.0336e+00, 4.4690e-02, 
 2DIAGNOSTIC,    11, -7.023994196261e-01, 1.386771244325e-04, 3.0827e+00, 4.9144e-02, 
 2DIAGNOSTIC,    12, -7.026136892865e-01, 1.031534092901e-04, 3.1548e+00, 7.2103e-02, 
 2DIAGNOSTIC,    13, -7.026227816145e-01, 8.423279398879e-05, 3.2042e+00, 4.9352e-02, 
 2DIAGNOSTIC,    14, -7.025898543458e-01, 6.699736778745e-05, 3.2488e+00, 4.4628e-02, 
 2DIAGNOSTIC,    15, -7.026100964983e-01, 5.437280616431e-05, 3.2939e+00, 4.5086e-02, 
 2DIAGNOSTIC,    16, -7.026213735247e-01, 4.513937381165e-05, 3.3388e+00, 4.4933e-02, 
 2DIAGNOSTIC,    17, -7.026243662228e-01, 3.673961696896e-05, 3.3828e+00, 4.4012e-02, 
 2DIAGNOSTIC,    18, -7.026449487215e-01, 2.665725314255e-05, 3.4284e+00, 4.5618e-02, 
 2DIAGNOSTIC,    19, -7.026533817303e-01, 1.672588382894e-05, 3.4781e+00, 4.9657e-02, 
 2DIAGNOSTIC,    20, -7.026606465656e-01, 8.260564523618e-06, 3.5280e+00, 4.9934e-02, 
 2DIAGNOSTIC,    21, -7.026410491316e-01, 3.864311354747e-06, 3.5778e+00, 4.9752e-02, 
 2DIAGNOSTIC,    22, -7.026191221898e-01, 3.193389042838e-06, 3.6275e+00, 4.9759e-02, 
 2DIAGNOSTIC,    23, -7.026222390659e-01, 2.658605517632e-06, 3.6773e+00, 4.9726e-02, 
 2DIAGNOSTIC,    24, -7.026121596847e-01, 1.301406924649e-06, 3.7222e+00, 4.4958e-02, 
DIAGNOSTIC,Iteration,metricValue,convergenceValue,ITERATION_TIME_INDEX,SINCE_LAST
 2DIAGNOSTIC,     1, -5.988230403100e-01, 1.797693134862e+308, 5.5926e+00, 1.8703e+00, 
 2DIAGNOSTIC,     2, -5.993520053147e-01, 1.797693134862e+308, 6.0040e+00, 4.1148e-01, 
 2DIAGNOSTIC,     3, -5.998697957096e-01, 1.797693134862e+308, 6.4145e+00, 4.1049e-01, 
 2DIAGNOSTIC,     4, -6.003666921880e-01, 1.797693134862e+308, 6.8075e+00, 3.9298e-01, 
 2DIAGNOSTIC,     5, -6.012495796227e-01, 1.797693134862e+308, 7.4718e+00, 6.6430e-01, 
 2DIAGNOSTIC,     6, -6.012451569194e-01, 1.797693134862e+308, 8.0224e+00, 5.5058e-01, 
 2DIAGNOSTIC,     7, -6.012455055454e-01, 1.797693134862e+308, 8.4815e+00, 4.5913e-01, 
 2DIAGNOSTIC,     8, -6.012406941489e-01, 1.797693134862e+308, 8.9103e+00, 4.2883e-01, 
 2DIAGNOSTIC,     9, -6.012403730104e-01, 1.797693134862e+308, 9.4266e+00, 5.1627e-01, 
 2DIAGNOSTIC,    10, -6.012383443914e-01, 2.604733327663e-04, 9.8355e+00, 4.0892e-01, 
 2DIAGNOSTIC,    11, -6.012353907048e-01, 1.615510345171e-04, 1.0289e+01, 4.5376e-01, 
 2DIAGNOSTIC,    12, -6.012372809429e-01, 8.605835975493e-05, 1.0742e+01, 4.5308e-01, 
 2DIAGNOSTIC,    13, -6.012343451268e-01, 3.326094737159e-05, 1.1220e+01, 4.7749e-01, 
 2DIAGNOSTIC,    14, -6.012334115402e-01, 1.118285332516e-06, 1.1647e+01, 4.2728e-01, 
 2DIAGNOSTIC,    15, -6.012286650940e-01, 1.067412629521e-06, 1.2018e+01, 3.7089e-01, 
DIAGNOSTIC,Iteration,metricValue,convergenceValue,ITERATION_TIME_INDEX,SINCE_LAST
 2DIAGNOSTIC,     1, -5.351916863379e-01, 1.797693134862e+308, 1.6000e+01, 3.9816e+00, 
 2DIAGNOSTIC,     2, -5.354016939815e-01, 1.797693134862e+308, 1.9026e+01, 3.0263e+00, 
 2DIAGNOSTIC,     3, -5.356323185762e-01, 1.797693134862e+308, 2.1849e+01, 2.8235e+00, 
 2DIAGNOSTIC,     4, -5.360374984120e-01, 1.797693134862e+308, 2.4791e+01, 2.9420e+00, 
 2DIAGNOSTIC,     5, -5.362415987211e-01, 1.797693134862e+308, 2.8481e+01, 3.6900e+00, 
 2DIAGNOSTIC,     6, -5.363039830766e-01, 1.797693134862e+308, 3.2684e+01, 4.2022e+00, 
 2DIAGNOSTIC,     7, -5.363292658206e-01, 1.797693134862e+308, 3.5616e+01, 2.9326e+00, 
 2DIAGNOSTIC,     8, -5.364314987837e-01, 1.797693134862e+308, 3.8502e+01, 2.8856e+00, 
 2DIAGNOSTIC,     9, -5.364684580175e-01, 1.797693134862e+308, 4.4235e+01, 5.7337e+00, 
 2DIAGNOSTIC,    10, -5.364682865997e-01, 1.577958168447e-04, 4.8427e+01, 4.1919e+00, 
 2DIAGNOSTIC,    11, -5.364682382972e-01, 1.085502836705e-04, 5.1698e+01, 3.2711e+00, 
 2DIAGNOSTIC,    12, -5.364681591114e-01, 6.736973220448e-05, 5.4849e+01, 3.1510e+00, 
 2DIAGNOSTIC,    13, -5.364679389073e-01, 3.566859667127e-05, 5.7789e+01, 2.9398e+00, 
 2DIAGNOSTIC,    14, -5.364680201369e-01, 2.061021346531e-05, 6.0981e+01, 3.1913e+00, 
 2DIAGNOSTIC,    15, -5.364678039112e-01, 1.309278578561e-05, 6.3847e+01, 2.8663e+00, 
 2DIAGNOSTIC,    16, -5.364677576428e-01, 7.611527069698e-06, 6.7349e+01, 3.5022e+00, 
 2DIAGNOSTIC,    17, -5.364676633863e-01, 2.965611162656e-06, 7.0588e+01, 3.2388e+00, 
 2DIAGNOSTIC,    18, -5.364675585168e-01, 1.711041751777e-06, 7.3376e+01, 2.7885e+00, 
 2DIAGNOSTIC,    19, -5.364673395082e-01, 1.618841443451e-06, 7.6271e+01, 2.8942e+00, 
 2DIAGNOSTIC,    20, -5.364674235457e-01, 1.538858551489e-06, 7.9477e+01, 3.2069e+00, 
 2DIAGNOSTIC,    21, -5.364673508160e-01, 1.468211930138e-06, 8.2406e+01, 2.9289e+00, 
 2DIAGNOSTIC,    22, -5.364673197099e-01, 1.405862632205e-06, 8.5883e+01, 3.4771e+00, 
 2DIAGNOSTIC,    23, -5.364673607560e-01, 1.348571530661e-06, 8.8694e+01, 2.8102e+00, 
 2DIAGNOSTIC,    24, -5.364672753044e-01, 1.299351448429e-06, 9.1963e+01, 3.2699e+00, 
 2DIAGNOSTIC,    25, -5.364671989229e-01, 1.250367673823e-06, 9.4818e+01, 2.8550e+00, 
 2DIAGNOSTIC,    26, -5.364671631986e-01, 1.205605513616e-06, 9.7642e+01, 2.8238e+00, 
 2DIAGNOSTIC,    27, -5.364671946303e-01, 1.164664295478e-06, 1.0091e+02, 3.2675e+00, 
 2DIAGNOSTIC,    28, -5.364670706437e-01, 1.123682594008e-06, 1.0401e+02, 3.1017e+00, 
 2DIAGNOSTIC,    29, -5.364671975880e-01, 1.085065514606e-06, 1.0711e+02, 3.0970e+00, 
 2DIAGNOSTIC,    30, -5.364668113363e-01, 1.044823145183e-06, 1.1060e+02, 3.4915e+00, 
 2DIAGNOSTIC,    31, -5.364667456138e-01, 1.006498375894e-06, 1.1368e+02, 3.0810e+00, 
  Elapsed time (stage 0): 1.1536e+02


Total elapsed time: 1.1536e+02
VFC_BACKENDS=libinterflop_vprec.so --range-binary32=7 --precision-binary32=18 --range-binary64=7 --precision-binary64=18
Info [verificarlo]: loaded backend libinterflop_vprec.so
Info [interflop-vprec]: load backend with: 
Info [interflop-vprec]: precision-binary32 = 18
Info [interflop-vprec]: range-binary32 = 7
Info [interflop-vprec]: precision-binary64 = 18
Info [interflop-vprec]: range-binary64 = 7
Info [interflop-vprec]: mode = ob
Info [interflop-vprec]: error-mode = rel
Info [interflop-vprec]: max-abs-error-exponent = -1022
Info [interflop-vprec]: daz = false
Info [interflop-vprec]: ftz = false
Info [interflop-vprec]: 	instrument = none
Info [interflop-vprec]: 	prec-input-file = (null)
Info [interflop-vprec]: 	prec-output-file = (null)
Info [interflop-vprec]: 	prec-log-file = (null)
All_Command_lines_OK
Using double precision for computations.
=============================================================================
The composite transform comprises the following transforms (in order): 
  1. /project/rrg-glatard/mdugre/datasets/corr/RawDataBIDS/BMB_1/derivatives/vprec-space_search/0001/r7-p18/sub-0003042/affine_Composite.h5[0] (type = Euler3DTransform)
  2. /project/rrg-glatard/mdugre/datasets/corr/RawDataBIDS/BMB_1/derivatives/vprec-space_search/0001/r7-p18/sub-0003042/affine_Composite.h5[1] (type = Euler3DTransform)
  3. /project/rrg-glatard/mdugre/datasets/corr/RawDataBIDS/BMB_1/derivatives/vprec-space_search/0001/r7-p18/sub-0003042/affine_Composite.h5[2] (type = Euler3DTransform)
  4. /project/rrg-glatard/mdugre/datasets/corr/RawDataBIDS/BMB_1/derivatives/vprec-space_search/0001/r7-p18/sub-0003042/affine_Composite.h5[3] (type = AffineTransform)
=============================================================================
  number of levels = 4
  fixed image: /templateflow/tpl-MNI152NLin2009cAsym/tpl-MNI152NLin2009cAsym_res-01_desc-brain_T1w.nii.gz
  moving image: /project/rrg-glatard/mdugre/datasets/corr/RawDataBIDS/BMB_1/derivatives/antsBrainExtraction/sub-0003042/BrainExtractionBrain.nii.gz
Dimension = 3
Number of stages = 1
Use histogram matching = false
Winsorize image intensities = true
  Lower quantile = 0.005
  Upper quantile = 0.995


Stage 1 State
   Image metric = CC
     Fixed image = Image (0x4ab54c0)
  RTTI typeinfo:   itk::Image<double, 3u>
  Reference Count: 2
  Modified Time: 1606
  Debug: Off
  Object Name: 
  Observers: 
    none
  Source: (none)
  Source output name: (none)
  Release Data: Off
  Data Released: False
  Global Release Data: Off
  PipelineMTime: 0
  UpdateMTime: 1217
  RealTimeStamp: 0 seconds 
  LargestPossibleRegion: 
    Dimension: 3
    Index: [0, 0, 0]
    Size: [193, 229, 193]
  BufferedRegion: 
    Dimension: 3
    Index: [0, 0, 0]
    Size: [193, 229, 193]
  RequestedRegion: 
    Dimension: 3
    Index: [0, 0, 0]
    Size: [193, 229, 193]
  Spacing: [1, 1, 1]
  Origin: [96, 132, -78]
  Direction: 
-1 0 0
0 -1 0
0 0 1

  IndexToPointMatrix: 
-1 0 0
0 -1 0
0 0 1

  PointToIndexMatrix: 
-1 0 0
0 -1 0
0 0 1

  Inverse Direction: 
-1 0 0
0 -1 0
0 0 1

  PixelContainer: 
    ImportImageContainer (0x4b84b10)
      RTTI typeinfo:   itk::ImportImageContainer<unsigned long, double>
      Reference Count: 1
      Modified Time: 1214
      Debug: Off
      Object Name: 
      Observers: 
        none
      Pointer: 0x150900545010
      Container manages memory: true
      Size: 8530021
      Capacity: 8530021

     Moving image = Image (0x4b8b700)
  RTTI typeinfo:   itk::Image<double, 3u>
  Reference Count: 2
  Modified Time: 1607
  Debug: Off
  Object Name: 
  Observers: 
    none
  Source: (none)
  Source output name: (none)
  Release Data: Off
  Data Released: False
  Global Release Data: Off
  PipelineMTime: 0
  UpdateMTime: 1604
  RealTimeStamp: 0 seconds 
  LargestPossibleRegion: 
    Dimension: 3
    Index: [0, 0, 0]
    Size: [176, 256, 256]
  BufferedRegion: 
    Dimension: 3
    Index: [0, 0, 0]
    Size: [176, 256, 256]
  RequestedRegion: 
    Dimension: 3
    Index: [0, 0, 0]
    Size: [176, 256, 256]
  Spacing: [1, 1, 1]
  Origin: [-89.9541, 103.506, -133.476]
  Direction: 
1 0 0
0 -1 0
0 0 1

  IndexToPointMatrix: 
1 0 0
0 -1 0
0 0 1

  PointToIndexMatrix: 
1 0 0
0 -1 0
0 0 1

  Inverse Direction: 
1 0 0
0 -1 0
0 0 1

  PixelContainer: 
    ImportImageContainer (0x4bac1d0)
      RTTI typeinfo:   itk::ImportImageContainer<unsigned long, double>
      Reference Count: 1
      Modified Time: 1601
      Debug: Off
      Object Name: 
      Observers: 
        none
      Pointer: 0x1508fad44010
      Container manages memory: true
      Size: 11534336
      Capacity: 11534336

     Weighting = 1
     Sampling strategy = none
     Number of bins = 32
     Radius = 4
     Sampling percentage  = 1
   Transform = SyN
     Gradient step = 0.1
     Update field sigma (voxel space) = 3
     Total field sigma (voxel space) = 0
     Update field time sigma = 0
     Total field time sigma  = 0
     Number of time indices = 0
     Number of time point samples = 0
Registration using 1 total stages.

Stage 0
  iterations = 100x70x50x20
  convergence threshold = 1e-06
  convergence window size = 10
  number of levels = 4
  using the CC metric (radius = 4, weight = 1, use gradient filter = 0)
  preprocessing:  winsorizing the image intensities
  Shrink factors (level 1 out of 4): [8, 8, 8]
  Shrink factors (level 2 out of 4): [4, 4, 4]
  Shrink factors (level 3 out of 4): [2, 2, 2]
  Shrink factors (level 4 out of 4): [1, 1, 1]
  smoothing sigmas per level: [3, 2, 1, 0]
  Using default NONE metricSamplingStrategy 

*** Running SyN registration (varianceForUpdateField = 3, varianceForTotalField = 0) ***

XXDIAGNOSTIC,Iteration,metricValue,convergenceValue,ITERATION_TIME_INDEX,SINCE_LAST
 1DIAGNOSTIC,     1, -9.225444793701e-01, 1.797693134862e+308, 0.0000e+00, 0.0000e+00, 
 1DIAGNOSTIC,     2, -9.306869506836e-01, 1.797693134862e+308, 0.0000e+00, 0.0000e+00, 
 1DIAGNOSTIC,     3, -9.365692138672e-01, 1.797693134862e+308, 0.0000e+00, 0.0000e+00, 
 1DIAGNOSTIC,     4, -9.405994415283e-01, 1.797693134862e+308, 0.0000e+00, 0.0000e+00, 
 1DIAGNOSTIC,     5, -9.431686401367e-01, 1.797693134862e+308, 0.0000e+00, 0.0000e+00, 
 1DIAGNOSTIC,     6, -9.452972412109e-01, 1.797693134862e+308, 0.0000e+00, 0.0000e+00, 
 1DIAGNOSTIC,     7, -9.475326538086e-01, 1.797693134862e+308, 0.0000e+00, 0.0000e+00, 
 1DIAGNOSTIC,     8, -9.500217437744e-01, 1.797693134862e+308, 0.0000e+00, 0.0000e+00, 
 1DIAGNOSTIC,     9, -9.527149200439e-01, 1.797693134862e+308, 0.0000e+00, 0.0000e+00, 
 1DIAGNOSTIC,    10, -9.551372528076e-01, 1.959451553836e-03, 0.0000e+00, 0.0000e+00, 
 1DIAGNOSTIC,    11, -9.572429656982e-01, 1.504533035402e-03, 0.0000e+00, 0.0000e+00, 
 1DIAGNOSTIC,    12, -9.592018127441e-01, 1.241900485069e-03, 0.0000e+00, 0.0000e+00, 
 1DIAGNOSTIC,    13, -9.597530364990e-01, 1.054727927237e-03, 0.0000e+00, 0.0000e+00, 
 1DIAGNOSTIC,    14, -9.601631164551e-01, 8.935997113849e-04, 0.0000e+00, 0.0000e+00, 
 1DIAGNOSTIC,    15, -9.605770111084e-01, 7.320175809523e-04, 0.0000e+00, 0.0000e+00, 
 1DIAGNOSTIC,    16, -9.610881805420e-01, 5.726530775690e-04, 0.0000e+00, 0.0000e+00, 
 1DIAGNOSTIC,    17, -9.613895416260e-01, 4.236216487122e-04, 0.0000e+00, 0.0000e+00, 
 1DIAGNOSTIC,    18, -9.617748260498e-01, 2.997017685889e-04, 0.0000e+00, 0.0000e+00, 
 1DIAGNOSTIC,    19, -9.619960784912e-01, 2.068856590326e-04, 0.0000e+00, 0.0000e+00, 
 1DIAGNOSTIC,    20, -9.622898101807e-01, 1.444359740258e-04, 0.0000e+00, 0.0000e+00, 
 1DIAGNOSTIC,    21, -9.624595642090e-01, 1.062836844309e-04, 0.0000e+00, 0.0000e+00, 
 1DIAGNOSTIC,    22, -9.626865386963e-01, 9.136490219872e-05, 0.0000e+00, 0.0000e+00, 
 1DIAGNOSTIC,    23, -9.628200531006e-01, 7.814122418220e-05, 0.0000e+00, 0.0000e+00, 
 1DIAGNOSTIC,    24, -9.629917144775e-01, 6.599680437194e-05, 0.0000e+00, 0.0000e+00, 
 1DIAGNOSTIC,    25, -9.630756378174e-01, 5.456825364815e-05, 0.0000e+00, 0.0000e+00, 
 1DIAGNOSTIC,    26, -9.632129669189e-01, 4.640719457685e-05, 0.0000e+00, 0.0000e+00, 
 1DIAGNOSTIC,    27, -9.633121490479e-01, 3.892322205072e-05, 0.0000e+00, 0.0000e+00, 
 1DIAGNOSTIC,    28, -9.634227752686e-01, 3.365316323246e-05, 0.0000e+00, 0.0000e+00, 
 1DIAGNOSTIC,    29, -9.635162353516e-01, 2.884605044462e-05, 0.0000e+00, 0.0000e+00, 
 1DIAGNOSTIC,    30, -9.636077880859e-01, 2.553711363038e-05, 0.0000e+00, 0.0000e+00, 
 1DIAGNOSTIC,    31, -9.637012481689e-01, 2.260608879116e-05, 0.0000e+00, 0.0000e+00, 
 1DIAGNOSTIC,    32, -9.637794494629e-01, 2.062243551128e-05, 0.0000e+00, 0.0000e+00, 
 1DIAGNOSTIC,    33, -9.638690948486e-01, 1.887359871135e-05, 0.0000e+00, 0.0000e+00, 
 1DIAGNOSTIC,    34, -9.639339447021e-01, 1.758184473769e-05, 0.0000e+00, 0.0000e+00, 
 1DIAGNOSTIC,    35, -9.640254974365e-01, 1.624964107270e-05, 0.0000e+00, 0.0000e+00, 
 1DIAGNOSTIC,    36, -9.640846252441e-01, 1.513297478085e-05, 0.0000e+00, 0.0000e+00, 
 1DIAGNOSTIC,    37, -9.641723632812e-01, 1.420455460747e-05, 0.0000e+00, 0.0000e+00, 
 1DIAGNOSTIC,    38, -9.642391204834e-01, 1.342162481647e-05, 0.0000e+00, 0.0000e+00, 
 1DIAGNOSTIC,    39, -9.643211364746e-01, 1.280107051509e-05, 0.0000e+00, 0.0000e+00, 
 1DIAGNOSTIC,    40, -9.643630981445e-01, 1.204162758494e-05, 0.0000e+00, 0.0000e+00, 
 1DIAGNOSTIC,    41, -9.644412994385e-01, 1.148217086737e-05, 0.0000e+00, 0.0000e+00, 
 1DIAGNOSTIC,    42, -9.644756317139e-01, 1.070349738436e-05, 0.0000e+00, 0.0000e+00, 
 1DIAGNOSTIC,    43, -9.645481109619e-01, 1.012315876313e-05, 0.0000e+00, 0.0000e+00, 
 1DIAGNOSTIC,    44, -9.645767211914e-01, 9.284423644378e-06, 0.0000e+00, 0.0000e+00, 
 1DIAGNOSTIC,    45, -9.646492004395e-01, 8.743683763836e-06, 0.0000e+00, 0.0000e+00, 
 1DIAGNOSTIC,    46, -9.646739959717e-01, 7.982162326961e-06, 0.0000e+00, 0.0000e+00, 
 1DIAGNOSTIC,    47, -9.647445678711e-01, 7.549019318872e-06, 0.0000e+00, 0.0000e+00, 
 1DIAGNOSTIC,    48, -9.647655487061e-01, 7.001700857663e-06, 0.0000e+00, 0.0000e+00, 
 1DIAGNOSTIC,    49, -9.648323059082e-01, 6.768798355147e-06, 0.0000e+00, 0.0000e+00, 
 1DIAGNOSTIC,    50, -9.648532867432e-01, 6.316307638175e-06, 0.0000e+00, 0.0000e+00, 
 1DIAGNOSTIC,    51, -9.649162292480e-01, 6.156581426688e-06, 0.0000e+00, 0.0000e+00, 
 1DIAGNOSTIC,    52, -9.649333953857e-01, 5.751995179951e-06, 0.0000e+00, 0.0000e+00, 
 1DIAGNOSTIC,    53, -9.650001525879e-01, 5.648687961393e-06, 0.0000e+00, 0.0000e+00, 
 1DIAGNOSTIC,    54, -9.650135040283e-01, 5.280368477904e-06, 0.0000e+00, 0.0000e+00, 
 1DIAGNOSTIC,    55, -9.650764465332e-01, 5.205943429180e-06, 0.0000e+00, 0.0000e+00, 
 1DIAGNOSTIC,    56, -9.650859832764e-01, 4.858123486853e-06, 0.0000e+00, 0.0000e+00, 
 1DIAGNOSTIC,    57, -9.651470184326e-01, 4.796308859103e-06, 0.0000e+00, 0.0000e+00, 
 1DIAGNOSTIC,    58, -9.651546478271e-01, 4.462436266124e-06, 0.0000e+00, 0.0000e+00, 
 1DIAGNOSTIC,    59, -9.652156829834e-01, 4.406680554497e-06, 0.0000e+00, 0.0000e+00, 
 1DIAGNOSTIC,    60, -9.652214050293e-01, 4.100936854188e-06, 0.0000e+00, 0.0000e+00, 
 1DIAGNOSTIC,    61, -9.652748107910e-01, 4.029055653609e-06, 0.0000e+00, 0.0000e+00, 
 1DIAGNOSTIC,    62, -9.652805328369e-01, 3.720117043419e-06, 0.0000e+00, 0.0000e+00, 
 1DIAGNOSTIC,    63, -9.653320312500e-01, 3.670111833855e-06, 0.0000e+00, 0.0000e+00, 
 1DIAGNOSTIC,    64, -9.653339385986e-01, 3.376604056096e-06, 0.0000e+00, 0.0000e+00, 
 1DIAGNOSTIC,    65, -9.653835296631e-01, 3.330244944800e-06, 0.0000e+00, 0.0000e+00, 
 1DIAGNOSTIC,    66, -9.653854370117e-01, 3.053042647770e-06, 0.0000e+00, 0.0000e+00, 
 1DIAGNOSTIC,    67, -9.654350280762e-01, 3.027816965984e-06, 0.0000e+00, 0.0000e+00, 
 1DIAGNOSTIC,    68, -9.654350280762e-01, 2.780294323844e-06, 0.0000e+00, 0.0000e+00, 
 1DIAGNOSTIC,    69, -9.654827117920e-01, 2.786372028031e-06, 0.0000e+00, 0.0000e+00, 
 1DIAGNOSTIC,    70, -9.654827117920e-01, 2.583476193928e-06, 0.0000e+00, 0.0000e+00, 
 1DIAGNOSTIC,    71, -9.655265808105e-01, 2.588795044372e-06, 0.0000e+00, 0.0000e+00, 
 1DIAGNOSTIC,    72, -9.655246734619e-01, 2.394868368494e-06, 0.0000e+00, 0.0000e+00, 
 1DIAGNOSTIC,    73, -9.655666351318e-01, 2.399507795736e-06, 0.0000e+00, 0.0000e+00, 
 1DIAGNOSTIC,    74, -9.655647277832e-01, 2.206728178184e-06, 0.0000e+00, 0.0000e+00, 
 1DIAGNOSTIC,    75, -9.656028747559e-01, 2.196234536582e-06, 0.0000e+00, 0.0000e+00, 
 1DIAGNOSTIC,    76, -9.655990600586e-01, 2.000308574701e-06, 0.0000e+00, 0.0000e+00, 
 1DIAGNOSTIC,    77, -9.656410217285e-01, 2.011300247788e-06, 0.0000e+00, 0.0000e+00, 
 1DIAGNOSTIC,    78, -9.656352996826e-01, 1.838331748242e-06, 0.0000e+00, 0.0000e+00, 
 1DIAGNOSTIC,    79, -9.656734466553e-01, 1.855741386551e-06, 0.0000e+00, 0.0000e+00, 
 1DIAGNOSTIC,    80, -9.656677246094e-01, 1.704751883250e-06, 0.0000e+00, 0.0000e+00, 
 1DIAGNOSTIC,    81, -9.657039642334e-01, 1.726388826217e-06, 0.0000e+00, 0.0000e+00, 
 1DIAGNOSTIC,    82, -9.656963348389e-01, 1.577714631516e-06, 0.0000e+00, 0.0000e+00, 
 1DIAGNOSTIC,    83, -9.657325744629e-01, 1.598834426726e-06, 0.0000e+00, 0.0000e+00, 
 1DIAGNOSTIC,    84, -9.657230377197e-01, 1.455891981687e-06, 0.0000e+00, 0.0000e+00, 
 1DIAGNOSTIC,    85, -9.657573699951e-01, 1.467228071142e-06, 0.0000e+00, 0.0000e+00, 
 1DIAGNOSTIC,    86, -9.657478332520e-01, 1.320653625762e-06, 0.0000e+00, 0.0000e+00, 
 1DIAGNOSTIC,    87, -9.657802581787e-01, 1.341128061213e-06, 0.0000e+00, 0.0000e+00, 
 1DIAGNOSTIC,    88, -9.657707214355e-01, 1.209991420290e-06, 0.0000e+00, 0.0000e+00, 
 1DIAGNOSTIC,    89, -9.658031463623e-01, 1.236783344172e-06, 0.0000e+00, 0.0000e+00, 
 1DIAGNOSTIC,    90, -9.657936096191e-01, 1.122503695640e-06, 0.0000e+00, 0.0000e+00, 
 1DIAGNOSTIC,    91, -9.658260345459e-01, 1.162078026236e-06, 0.0000e+00, 0.0000e+00, 
 1DIAGNOSTIC,    92, -9.658164978027e-01, 1.061772842285e-06, 0.0000e+00, 0.0000e+00, 
 1DIAGNOSTIC,    93, -9.658489227295e-01, 1.115327893170e-06, 0.0000e+00, 0.0000e+00, 
 1DIAGNOSTIC,    94, -9.658393859863e-01, 1.027869040167e-06, 0.0000e+00, 0.0000e+00, 
 1DIAGNOSTIC,    95, -9.658699035645e-01, 1.079900193993e-06, 0.0000e+00, 0.0000e+00, 
 1DIAGNOSTIC,    96, -9.658622741699e-01, 1.001251870227e-06, 0.0000e+00, 0.0000e+00, 
 1DIAGNOSTIC,    97, -9.658889770508e-01, 1.041859284104e-06, 0.0000e+00, 0.0000e+00, 
 1DIAGNOSTIC,    98, -9.658813476562e-01, 9.565223263053e-07, 0.0000e+00, 0.0000e+00, 
XXDIAGNOSTIC,Iteration,metricValue,convergenceValue,ITERATION_TIME_INDEX,SINCE_LAST
 1DIAGNOSTIC,     1, -9.024810791016e-01, 1.797693134862e+308, 0.0000e+00, 0.0000e+00, 
 1DIAGNOSTIC,     2, -9.052028656006e-01, 1.797693134862e+308, 0.0000e+00, 0.0000e+00, 
 1DIAGNOSTIC,     3, -9.077415466309e-01, 1.797693134862e+308, 0.0000e+00, 0.0000e+00, 
 1DIAGNOSTIC,     4, -9.099979400635e-01, 1.797693134862e+308, 0.0000e+00, 0.0000e+00, 
 1DIAGNOSTIC,     5, -9.119319915771e-01, 1.797693134862e+308, 0.0000e+00, 0.0000e+00, 
 1DIAGNOSTIC,     6, -9.136486053467e-01, 1.797693134862e+308, 0.0000e+00, 0.0000e+00, 
 1DIAGNOSTIC,     7, -9.151763916016e-01, 1.797693134862e+308, 0.0000e+00, 0.0000e+00, 
 1DIAGNOSTIC,     8, -9.165916442871e-01, 1.797693134862e+308, 0.0000e+00, 0.0000e+00, 
 1DIAGNOSTIC,     9, -9.179134368896e-01, 1.797693134862e+308, 0.0000e+00, 0.0000e+00, 
 1DIAGNOSTIC,    10, -9.191837310791e-01, 1.147535507180e-03, 0.0000e+00, 0.0000e+00, 
 1DIAGNOSTIC,    11, -9.204158782959e-01, 9.424961677262e-04, 0.0000e+00, 0.0000e+00, 
 1DIAGNOSTIC,    12, -9.216480255127e-01, 7.888410620867e-04, 0.0000e+00, 0.0000e+00, 
 1DIAGNOSTIC,    13, -9.229221343994e-01, 6.780553621269e-04, 0.0000e+00, 0.0000e+00, 
 1DIAGNOSTIC,    14, -9.241180419922e-01, 5.974929163211e-04, 0.0000e+00, 0.0000e+00, 
 1DIAGNOSTIC,    15, -9.253349304199e-01, 5.378528041605e-04, 0.0000e+00, 0.0000e+00, 
 1DIAGNOSTIC,    16, -9.265193939209e-01, 4.921708954004e-04, 0.0000e+00, 0.0000e+00, 
 1DIAGNOSTIC,    17, -9.274787902832e-01, 4.515260597905e-04, 0.0000e+00, 0.0000e+00, 
 1DIAGNOSTIC,    18, -9.283752441406e-01, 4.132355602674e-04, 0.0000e+00, 0.0000e+00, 
 1DIAGNOSTIC,    19, -9.292068481445e-01, 3.755584177018e-04, 0.0000e+00, 0.0000e+00, 
 1DIAGNOSTIC,    20, -9.299659729004e-01, 3.379343786244e-04, 0.0000e+00, 0.0000e+00, 
 1DIAGNOSTIC,    21, -9.306678771973e-01, 3.007026410699e-04, 0.0000e+00, 0.0000e+00, 
 1DIAGNOSTIC,    22, -9.313125610352e-01, 2.649933070043e-04, 0.0000e+00, 0.0000e+00, 
 1DIAGNOSTIC,    23, -9.318981170654e-01, 2.324763832366e-04, 0.0000e+00, 0.0000e+00, 
 1DIAGNOSTIC,    24, -9.324264526367e-01, 2.029250338079e-04, 0.0000e+00, 0.0000e+00, 
 1DIAGNOSTIC,    25, -9.328937530518e-01, 1.773265488473e-04, 0.0000e+00, 0.0000e+00, 
 1DIAGNOSTIC,    26, -9.333209991455e-01, 1.560689577543e-04, 0.0000e+00, 0.0000e+00, 
 1DIAGNOSTIC,    27, -9.337158203125e-01, 1.370862342435e-04, 0.0000e+00, 0.0000e+00, 
 1DIAGNOSTIC,    28, -9.340724945068e-01, 1.202690201186e-04, 0.0000e+00, 0.0000e+00, 
 1DIAGNOSTIC,    29, -9.344024658203e-01, 1.055595847737e-04, 0.0000e+00, 0.0000e+00, 
 1DIAGNOSTIC,    30, -9.346885681152e-01, 9.255723303962e-05, 0.0000e+00, 0.0000e+00, 
 1DIAGNOSTIC,    31, -9.349632263184e-01, 8.132046738506e-05, 0.0000e+00, 0.0000e+00, 
 1DIAGNOSTIC,    32, -9.352169036865e-01, 7.171098850512e-05, 0.0000e+00, 0.0000e+00, 
 1DIAGNOSTIC,    33, -9.354419708252e-01, 6.343758610882e-05, 0.0000e+00, 0.0000e+00, 
 1DIAGNOSTIC,    34, -9.356536865234e-01, 5.633692558753e-05, 0.0000e+00, 0.0000e+00, 
 1DIAGNOSTIC,    35, -9.358463287354e-01, 5.010591696245e-05, 0.0000e+00, 0.0000e+00, 
 1DIAGNOSTIC,    36, -9.360237121582e-01, 4.464051378423e-05, 0.0000e+00, 0.0000e+00, 
 1DIAGNOSTIC,    37, -9.361858367920e-01, 3.987307666592e-05, 0.0000e+00, 0.0000e+00, 
 1DIAGNOSTIC,    38, -9.363384246826e-01, 3.570552274039e-05, 0.0000e+00, 0.0000e+00, 
 1DIAGNOSTIC,    39, -9.364757537842e-01, 3.206523288539e-05, 0.0000e+00, 0.0000e+00, 
 1DIAGNOSTIC,    40, -9.366054534912e-01, 2.877709016938e-05, 0.0000e+00, 0.0000e+00, 
 1DIAGNOSTIC,    41, -9.367275238037e-01, 2.591113178881e-05, 0.0000e+00, 0.0000e+00, 
 1DIAGNOSTIC,    42, -9.368381500244e-01, 2.341034392165e-05, 0.0000e+00, 0.0000e+00, 
 1DIAGNOSTIC,    43, -9.369430541992e-01, 2.118570806791e-05, 0.0000e+00, 0.0000e+00, 
 1DIAGNOSTIC,    44, -9.370441436768e-01, 1.926107572883e-05, 0.0000e+00, 0.0000e+00, 
 1DIAGNOSTIC,    45, -9.371433258057e-01, 1.761209336063e-05, 0.0000e+00, 0.0000e+00, 
 1DIAGNOSTIC,    46, -9.372310638428e-01, 1.616049347399e-05, 0.0000e+00, 0.0000e+00, 
 1DIAGNOSTIC,    47, -9.373130798340e-01, 1.486174052505e-05, 0.0000e+00, 0.0000e+00, 
 1DIAGNOSTIC,    48, -9.373970031738e-01, 1.375101465451e-05, 0.0000e+00, 0.0000e+00, 
 1DIAGNOSTIC,    49, -9.374675750732e-01, 1.271272325273e-05, 0.0000e+00, 0.0000e+00, 
 1DIAGNOSTIC,    50, -9.375343322754e-01, 1.174718152888e-05, 0.0000e+00, 0.0000e+00, 
 1DIAGNOSTIC,    51, -9.376068115234e-01, 1.090898776865e-05, 0.0000e+00, 0.0000e+00, 
 1DIAGNOSTIC,    52, -9.376678466797e-01, 1.011296470875e-05, 0.0000e+00, 0.0000e+00, 
 1DIAGNOSTIC,    53, -9.377212524414e-01, 9.337306118091e-06, 0.0000e+00, 0.0000e+00, 
 1DIAGNOSTIC,    54, -9.377727508545e-01, 8.605742101556e-06, 0.0000e+00, 0.0000e+00, 
 1DIAGNOSTIC,    55, -9.378223419189e-01, 7.949024424386e-06, 0.0000e+00, 0.0000e+00, 
 1DIAGNOSTIC,    56, -9.378662109375e-01, 7.316434180404e-06, 0.0000e+00, 0.0000e+00, 
 1DIAGNOSTIC,    57, -9.379081726074e-01, 6.712977092163e-06, 0.0000e+00, 0.0000e+00, 
 1DIAGNOSTIC,    58, -9.379463195801e-01, 6.175615052926e-06, 0.0000e+00, 0.0000e+00, 
 1DIAGNOSTIC,    59, -9.379787445068e-01, 5.642893181459e-06, 0.0000e+00, 0.0000e+00, 
 1DIAGNOSTIC,    60, -9.380111694336e-01, 5.134815692649e-06, 0.0000e+00, 0.0000e+00, 
 1DIAGNOSTIC,    61, -9.380435943604e-01, 4.719498152905e-06, 0.0000e+00, 0.0000e+00, 
 1DIAGNOSTIC,    62, -9.380760192871e-01, 4.368523066178e-06, 0.0000e+00, 0.0000e+00, 
 1DIAGNOSTIC,    63, -9.381046295166e-01, 4.049875367670e-06, 0.0000e+00, 0.0000e+00, 
 1DIAGNOSTIC,    64, -9.381313323975e-01, 3.768609821170e-06, 0.0000e+00, 0.0000e+00, 
 1DIAGNOSTIC,    65, -9.381580352783e-01, 3.535485273650e-06, 0.0000e+00, 0.0000e+00, 
 1DIAGNOSTIC,    66, -9.381828308105e-01, 3.329049197424e-06, 0.0000e+00, 0.0000e+00, 
 1DIAGNOSTIC,    67, -9.382095336914e-01, 3.163142818806e-06, 0.0000e+00, 0.0000e+00, 
 1DIAGNOSTIC,    68, -9.382324218750e-01, 3.013594500490e-06, 0.0000e+00, 0.0000e+00, 
 1DIAGNOSTIC,    69, -9.382534027100e-01, 2.856493832477e-06, 0.0000e+00, 0.0000e+00, 
 1DIAGNOSTIC,    70, -9.382820129395e-01, 2.736293417155e-06, 0.0000e+00, 0.0000e+00, 
XXDIAGNOSTIC,Iteration,metricValue,convergenceValue,ITERATION_TIME_INDEX,SINCE_LAST
 1DIAGNOSTIC,     1, -8.929004669189e-01, 1.797693134862e+308, 0.0000e+00, 0.0000e+00, 
 1DIAGNOSTIC,     2, -8.960208892822e-01, 1.797693134862e+308, 0.0000e+00, 0.0000e+00, 
 1DIAGNOSTIC,     3, -8.992118835449e-01, 1.797693134862e+308, 0.0000e+00, 0.0000e+00, 
 1DIAGNOSTIC,     4, -9.020767211914e-01, 1.797693134862e+308, 4.0960e+03, 4.0960e+03, 
 1DIAGNOSTIC,     5, -9.045219421387e-01, 1.797693134862e+308, 4.0960e+03, 0.0000e+00, 
 1DIAGNOSTIC,     6, -9.066219329834e-01, 1.797693134862e+308, 4.0960e+03, 0.0000e+00, 
 1DIAGNOSTIC,     7, -9.084472656250e-01, 1.797693134862e+308, 4.0960e+03, 0.0000e+00, 
 1DIAGNOSTIC,     8, -9.100475311279e-01, 1.797693134862e+308, 4.0960e+03, 0.0000e+00, 
 1DIAGNOSTIC,     9, -9.114589691162e-01, 1.797693134862e+308, 4.0960e+03, 0.0000e+00, 
 1DIAGNOSTIC,    10, -9.125862121582e-01, 1.389065279627e-03, 4.0960e+03, 0.0000e+00, 
 1DIAGNOSTIC,    11, -9.137172698975e-01, 1.111691538399e-03, 4.0960e+03, 0.0000e+00, 
 1DIAGNOSTIC,    12, -9.146041870117e-01, 8.847873899925e-04, 4.0960e+03, 0.0000e+00, 
 1DIAGNOSTIC,    13, -9.155368804932e-01, 7.116519223544e-04, 4.0960e+03, 0.0000e+00, 
 1DIAGNOSTIC,    14, -9.162578582764e-01, 5.782487774053e-04, 4.0960e+03, 0.0000e+00, 
 1DIAGNOSTIC,    15, -9.169025421143e-01, 4.739544715908e-04, 4.0960e+03, 0.0000e+00, 
 1DIAGNOSTIC,    16, -9.174976348877e-01, 3.916349402915e-04, 4.0960e+03, 0.0000e+00, 
 1DIAGNOSTIC,    17, -9.180488586426e-01, 3.263620023423e-04, 4.0960e+03, 0.0000e+00, 
 1DIAGNOSTIC,    18, -9.183940887451e-01, 2.717178657873e-04, 4.0960e+03, 0.0000e+00, 
 1DIAGNOSTIC,    19, -9.187355041504e-01, 2.264170517893e-04, 4.0960e+03, 0.0000e+00, 
 1DIAGNOSTIC,    20, -9.190502166748e-01, 1.870149289946e-04, 4.0960e+03, 0.0000e+00, 
 1DIAGNOSTIC,    21, -9.193420410156e-01, 1.550261748165e-04, 4.0960e+03, 0.0000e+00, 
 1DIAGNOSTIC,    22, -9.196281433105e-01, 1.279933650363e-04, 4.0960e+03, 0.0000e+00, 
 1DIAGNOSTIC,    23, -9.199142456055e-01, 1.078502704707e-04, 4.0960e+03, 0.0000e+00, 
 1DIAGNOSTIC,    24, -9.202079772949e-01, 9.245879109284e-05, 4.0960e+03, 0.0000e+00, 
 1DIAGNOSTIC,    25, -9.205112457275e-01, 8.140427782424e-05, 4.0960e+03, 0.0000e+00, 
 1DIAGNOSTIC,    26, -9.208335876465e-01, 7.449408758658e-05, 4.0960e+03, 0.0000e+00, 
 1DIAGNOSTIC,    27, -9.211654663086e-01, 7.128274458471e-05, 4.0960e+03, 0.0000e+00, 
 1DIAGNOSTIC,    28, -9.215068817139e-01, 6.922260234624e-05, 4.0960e+03, 0.0000e+00, 
 1DIAGNOSTIC,    29, -9.218521118164e-01, 6.814980874368e-05, 4.0960e+03, 0.0000e+00, 
 1DIAGNOSTIC,    30, -9.221992492676e-01, 6.758665868800e-05, 4.0960e+03, 0.0000e+00, 
 1DIAGNOSTIC,    31, -9.225502014160e-01, 6.712899888980e-05, 4.0960e+03, 0.0000e+00, 
 1DIAGNOSTIC,    32, -9.229030609131e-01, 6.656436921879e-05, 4.0960e+03, 0.0000e+00, 
 1DIAGNOSTIC,    33, -9.232635498047e-01, 6.582742099212e-05, 4.0960e+03, 0.0000e+00, 
 1DIAGNOSTIC,    34, -9.236240386963e-01, 6.487880613380e-05, 4.0960e+03, 0.0000e+00, 
 1DIAGNOSTIC,    35, -9.239749908447e-01, 6.363949312900e-05, 4.0960e+03, 0.0000e+00, 
 1DIAGNOSTIC,    36, -9.243183135986e-01, 6.217453793390e-05, 4.0960e+03, 0.0000e+00, 
 1DIAGNOSTIC,    37, -9.246520996094e-01, 6.047067197741e-05, 4.0960e+03, 0.0000e+00, 
 1DIAGNOSTIC,    38, -9.249782562256e-01, 5.856219304777e-05, 4.0960e+03, 0.0000e+00, 
 1DIAGNOSTIC,    39, -9.252948760986e-01, 5.644839060345e-05, 4.0960e+03, 0.0000e+00, 
 1DIAGNOSTIC,    40, -9.256057739258e-01, 5.417425656287e-05, 4.0960e+03, 0.0000e+00, 
 1DIAGNOSTIC,    41, -9.258995056152e-01, 5.173301166555e-05, 4.0960e+03, 0.0000e+00, 
 1DIAGNOSTIC,    42, -9.261741638184e-01, 4.911660783706e-05, 4.0960e+03, 0.0000e+00, 
 1DIAGNOSTIC,    43, -9.264335632324e-01, 4.641507349624e-05, 4.0960e+03, 0.0000e+00, 
 1DIAGNOSTIC,    44, -9.266796112061e-01, 4.368943209805e-05, 4.0960e+03, 0.0000e+00, 
 1DIAGNOSTIC,    45, -9.269084930420e-01, 4.091678285314e-05, 4.0960e+03, 0.0000e+00, 
 1DIAGNOSTIC,    46, -9.271278381348e-01, 3.815947117817e-05, 4.0960e+03, 0.0000e+00, 
 1DIAGNOSTIC,    47, -9.273357391357e-01, 3.545828466772e-05, 4.0960e+03, 0.0000e+00, 
 1DIAGNOSTIC,    48, -9.275283813477e-01, 3.284380828780e-05, 8.1920e+03, 4.0960e+03, 
 1DIAGNOSTIC,    49, -9.277114868164e-01, 3.037012081046e-05, 8.1920e+03, 0.0000e+00, 
 1DIAGNOSTIC,    50, -9.278831481934e-01, 2.809651406132e-05, 8.1920e+03, 0.0000e+00, 
XXDIAGNOSTIC,Iteration,metricValue,convergenceValue,ITERATION_TIME_INDEX,SINCE_LAST
 1DIAGNOSTIC,     1, -8.853950500488e-01, 1.797693134862e+308, 8.1920e+03, 0.0000e+00, 
 1DIAGNOSTIC,     2, -8.866844177246e-01, 1.797693134862e+308, 8.1920e+03, 0.0000e+00, 
 1DIAGNOSTIC,     3, -8.882732391357e-01, 1.797693134862e+308, 8.1920e+03, 0.0000e+00, 
 1DIAGNOSTIC,     4, -8.898620605469e-01, 1.797693134862e+308, 8.1920e+03, 0.0000e+00, 
 1DIAGNOSTIC,     5, -8.913745880127e-01, 1.797693134862e+308, 1.2288e+04, 4.0960e+03, 
 1DIAGNOSTIC,     6, -8.928508758545e-01, 1.797693134862e+308, 1.2288e+04, 0.0000e+00, 
 1DIAGNOSTIC,     7, -8.943119049072e-01, 1.797693134862e+308, 1.2288e+04, 0.0000e+00, 
 1DIAGNOSTIC,     8, -8.957023620605e-01, 1.797693134862e+308, 1.2288e+04, 0.0000e+00, 
 1DIAGNOSTIC,     9, -8.969917297363e-01, 1.797693134862e+308, 1.2288e+04, 0.0000e+00, 
 1DIAGNOSTIC,    10, -8.981971740723e-01, 9.381495373014e-04, 1.6384e+04, 4.0960e+03, 
 1DIAGNOSTIC,    11, -8.993263244629e-01, 8.300883065688e-04, 1.6384e+04, 0.0000e+00, 
 1DIAGNOSTIC,    12, -9.003181457520e-01, 7.255576381083e-04, 1.6384e+04, 0.0000e+00, 
 1DIAGNOSTIC,    13, -9.012184143066e-01, 6.320377478203e-04, 1.6384e+04, 0.0000e+00, 
 1DIAGNOSTIC,    14, -9.020805358887e-01, 5.497685151631e-04, 1.6384e+04, 0.0000e+00, 
 1DIAGNOSTIC,    15, -9.028949737549e-01, 4.772175640809e-04, 2.0480e+04, 4.0960e+03, 
 1DIAGNOSTIC,    16, -9.036827087402e-01, 4.145627955846e-04, 2.0480e+04, 0.0000e+00, 
 1DIAGNOSTIC,    17, -9.044437408447e-01, 3.623027582925e-04, 2.0480e+04, 0.0000e+00, 
 1DIAGNOSTIC,    18, -9.051685333252e-01, 3.194139717161e-04, 2.0480e+04, 0.0000e+00, 
 1DIAGNOSTIC,    19, -9.058704376221e-01, 2.844439680283e-04, 2.0480e+04, 0.0000e+00, 
 1DIAGNOSTIC,    20, -9.065074920654e-01, 2.555128471250e-04, 2.4576e+04, 4.0960e+03, 
  Elapsed time (stage 0): 24576


Total elapsed time: 24576
