
##########################
# Experiment information #
##########################
SIF_IMG: /project/rrg-glatard/mdugre/containers/ants-p2-vprec.sif
EXPERIMENT_NAME: vprec-space_search
CONFIG: 0001
VFC_BACKENDS: libinterflop_vprec.so --range-binary32=8 --precision-binary32=13 --range-binary64=8 --precision-binary64=13

FIXED_IMG: /templateflow/tpl-MNI152NLin2009cAsym/tpl-MNI152NLin2009cAsym_res-01_desc-brain_T1w.nii.gz
SUBJECT_ID: 0003006
INPUT_IMG: /project/rrg-glatard/mdugre/datasets/corr/RawDataBIDS/BMB_1/derivatives/antsBrainExtraction/sub-0003006/BrainExtractionBrain.nii.gz
OUTPUT_DIR: /project/rrg-glatard/mdugre/datasets/corr/RawDataBIDS/BMB_1/derivatives/vprec-space_search/0001/r8-p13/sub-0003006

ITK_GLOBAL_DEFAULT_NUMBER_OF_THREADS: 8
##########################

VFC_BACKENDS=libinterflop_ieee.so
Info [verificarlo]: loaded backend libinterflop_ieee.so
Info [interflop-ieee]: load backend with:
Info [interflop-ieee]: debug = false
Info [interflop-ieee]: debug-binary = false
Info [interflop-ieee]: no-backend-name = false
Info [interflop-ieee]: print-new-line = false
Info [interflop-ieee]: print-subnormal-normalized = false
Info [interflop-ieee]: count-op = false
All_Command_lines_OK
Using double precision for computations.
=============================================================================
The composite transform comprises the following transforms (in order): 
  1. Center of mass alignment using fixed image: /templateflow/tpl-MNI152NLin2009cAsym/tpl-MNI152NLin2009cAsym_res-01_desc-brain_T1w.nii.gz and moving image: /project/rrg-glatard/mdugre/datasets/corr/RawDataBIDS/BMB_1/derivatives/antsBrainExtraction/sub-0003006/BrainExtractionBrain.nii.gz (type = Euler3DTransform)
=============================================================================
  number of levels = 1
  fixed image: /templateflow/tpl-MNI152NLin2009cAsym/tpl-MNI152NLin2009cAsym_res-01_desc-brain_T1w.nii.gz
  moving image: /project/rrg-glatard/mdugre/datasets/corr/RawDataBIDS/BMB_1/derivatives/antsBrainExtraction/sub-0003006/BrainExtractionBrain.nii.gz
Dimension = 3
Number of stages = 1
Use histogram matching = false
Winsorize image intensities = true
  Lower quantile = 0.005
  Upper quantile = 0.995


Stage 1 State
   Image metric = MattesMI
     Fixed image = Image (0x3a05390)
  RTTI typeinfo:   itk::Image<double, 3u>
  Reference Count: 2
  Modified Time: 2330
  Debug: Off
  Object Name: 
  Observers: 
    none
  Source: (none)
  Source output name: (none)
  Release Data: Off
  Data Released: False
  Global Release Data: Off
  PipelineMTime: 0
  UpdateMTime: 1941
  RealTimeStamp: 0 seconds 
  LargestPossibleRegion: 
    Dimension: 3
    Index: [0, 0, 0]
    Size: [193, 229, 193]
  BufferedRegion: 
    Dimension: 3
    Index: [0, 0, 0]
    Size: [193, 229, 193]
  RequestedRegion: 
    Dimension: 3
    Index: [0, 0, 0]
    Size: [193, 229, 193]
  Spacing: [1, 1, 1]
  Origin: [96, 132, -78]
  Direction: 
-1 0 0
0 -1 0
0 0 1

  IndexToPointMatrix: 
-1 0 0
0 -1 0
0 0 1

  PointToIndexMatrix: 
-1 0 0
0 -1 0
0 0 1

  Inverse Direction: 
-1 0 0
0 -1 0
0 0 1

  PixelContainer: 
    ImportImageContainer (0x3ad0a90)
      RTTI typeinfo:   itk::ImportImageContainer<unsigned long, double>
      Reference Count: 1
      Modified Time: 1938
      Debug: Off
      Object Name: 
      Observers: 
        none
      Pointer: 0x15263b793010
      Container manages memory: true
      Size: 8530021
      Capacity: 8530021

     Moving image = Image (0x3a0a390)
  RTTI typeinfo:   itk::Image<double, 3u>
  Reference Count: 2
  Modified Time: 2331
  Debug: Off
  Object Name: 
  Observers: 
    none
  Source: (none)
  Source output name: (none)
  Release Data: Off
  Data Released: False
  Global Release Data: Off
  PipelineMTime: 0
  UpdateMTime: 2328
  RealTimeStamp: 0 seconds 
  LargestPossibleRegion: 
    Dimension: 3
    Index: [0, 0, 0]
    Size: [176, 256, 256]
  BufferedRegion: 
    Dimension: 3
    Index: [0, 0, 0]
    Size: [176, 256, 256]
  RequestedRegion: 
    Dimension: 3
    Index: [0, 0, 0]
    Size: [176, 256, 256]
  Spacing: [1, 1, 1]
  Origin: [-93.9989, 109.297, -100.494]
  Direction: 
1 0 0
0 -1 0
0 0 1

  IndexToPointMatrix: 
1 0 0
0 -1 0
0 0 1

  PointToIndexMatrix: 
1 0 0
0 -1 0
0 0 1

  Inverse Direction: 
1 0 0
0 -1 0
0 0 1

  PixelContainer: 
    ImportImageContainer (0x3bb0b90)
      RTTI typeinfo:   itk::ImportImageContainer<unsigned long, double>
      Reference Count: 1
      Modified Time: 2325
      Debug: Off
      Object Name: 
      Observers: 
        none
      Pointer: 0x152635f92010
      Container manages memory: true
      Size: 11534336
      Capacity: 11534336

     Weighting = 1
     Sampling strategy = regular
     Number of bins = 32
     Radius = 4
     Sampling percentage  = 0.25
   Transform = Rigid
     Gradient step = 0.1
     Update field sigma (voxel space) = 0
     Total field sigma (voxel space) = 0
     Update field time sigma = 0
     Total field time sigma  = 0
     Number of time indices = 0
     Number of time point samples = 0
Registration using 1 total stages.

Stage 0
  iterations = 0
  convergence threshold = 1e-06
  convergence window size = 10
  number of levels = 1
  using the Mattes MI metric (number of bins = 32, weight = 1, use gradient filter = 0)
  preprocessing:  winsorizing the image intensities
  Shrink factors (level 1 out of 1): [1, 1, 1]
  smoothing sigmas per level: [0]
  regular sampling (percentage = 0.25)

*** Running Euler3DTransform registration ***

  Elapsed time (stage 0): 0.992674


Total elapsed time: 0.994233
VFC_BACKENDS=libinterflop_ieee.so
Info [verificarlo]: loaded backend libinterflop_ieee.so
Info [interflop-ieee]: load backend with:
Info [interflop-ieee]: debug = false
Info [interflop-ieee]: debug-binary = false
Info [interflop-ieee]: no-backend-name = false
Info [interflop-ieee]: print-new-line = false
Info [interflop-ieee]: print-subnormal-normalized = false
Info [interflop-ieee]: count-op = false
All_Command_lines_OK
Using double precision for computations.
=============================================================================
The composite transform comprises the following transforms (in order): 
  1. /project/rrg-glatard/mdugre/datasets/corr/RawDataBIDS/BMB_1/derivatives/vprec-space_search/0001/r8-p13/sub-0003006/align_Composite.h5[0] (type = Euler3DTransform)
  2. /project/rrg-glatard/mdugre/datasets/corr/RawDataBIDS/BMB_1/derivatives/vprec-space_search/0001/r8-p13/sub-0003006/align_Composite.h5[1] (type = Euler3DTransform)
=============================================================================
  number of levels = 4
  fixed image: /templateflow/tpl-MNI152NLin2009cAsym/tpl-MNI152NLin2009cAsym_res-01_desc-brain_T1w.nii.gz
  moving image: /project/rrg-glatard/mdugre/datasets/corr/RawDataBIDS/BMB_1/derivatives/antsBrainExtraction/sub-0003006/BrainExtractionBrain.nii.gz
Dimension = 3
Number of stages = 1
Use histogram matching = false
Winsorize image intensities = true
  Lower quantile = 0.005
  Upper quantile = 0.995


Stage 1 State
   Image metric = MattesMI
     Fixed image = Image (0x39bf650)
  RTTI typeinfo:   itk::Image<double, 3u>
  Reference Count: 2
  Modified Time: 1578
  Debug: Off
  Object Name: 
  Observers: 
    none
  Source: (none)
  Source output name: (none)
  Release Data: Off
  Data Released: False
  Global Release Data: Off
  PipelineMTime: 0
  UpdateMTime: 1189
  RealTimeStamp: 0 seconds 
  LargestPossibleRegion: 
    Dimension: 3
    Index: [0, 0, 0]
    Size: [193, 229, 193]
  BufferedRegion: 
    Dimension: 3
    Index: [0, 0, 0]
    Size: [193, 229, 193]
  RequestedRegion: 
    Dimension: 3
    Index: [0, 0, 0]
    Size: [193, 229, 193]
  Spacing: [1, 1, 1]
  Origin: [96, 132, -78]
  Direction: 
-1 0 0
0 -1 0
0 0 1

  IndexToPointMatrix: 
-1 0 0
0 -1 0
0 0 1

  PointToIndexMatrix: 
-1 0 0
0 -1 0
0 0 1

  Inverse Direction: 
-1 0 0
0 -1 0
0 0 1

  PixelContainer: 
    ImportImageContainer (0x3a7d210)
      RTTI typeinfo:   itk::ImportImageContainer<unsigned long, double>
      Reference Count: 1
      Modified Time: 1186
      Debug: Off
      Object Name: 
      Observers: 
        none
      Pointer: 0x14fa6762e010
      Container manages memory: true
      Size: 8530021
      Capacity: 8530021

     Moving image = Image (0x3a7a6e0)
  RTTI typeinfo:   itk::Image<double, 3u>
  Reference Count: 2
  Modified Time: 1579
  Debug: Off
  Object Name: 
  Observers: 
    none
  Source: (none)
  Source output name: (none)
  Release Data: Off
  Data Released: False
  Global Release Data: Off
  PipelineMTime: 0
  UpdateMTime: 1576
  RealTimeStamp: 0 seconds 
  LargestPossibleRegion: 
    Dimension: 3
    Index: [0, 0, 0]
    Size: [176, 256, 256]
  BufferedRegion: 
    Dimension: 3
    Index: [0, 0, 0]
    Size: [176, 256, 256]
  RequestedRegion: 
    Dimension: 3
    Index: [0, 0, 0]
    Size: [176, 256, 256]
  Spacing: [1, 1, 1]
  Origin: [-93.9989, 109.297, -100.494]
  Direction: 
1 0 0
0 -1 0
0 0 1

  IndexToPointMatrix: 
1 0 0
0 -1 0
0 0 1

  PointToIndexMatrix: 
1 0 0
0 -1 0
0 0 1

  Inverse Direction: 
1 0 0
0 -1 0
0 0 1

  PixelContainer: 
    ImportImageContainer (0x3a4c970)
      RTTI typeinfo:   itk::ImportImageContainer<unsigned long, double>
      Reference Count: 1
      Modified Time: 1573
      Debug: Off
      Object Name: 
      Observers: 
        none
      Pointer: 0x14fa61e2d010
      Container manages memory: true
      Size: 11534336
      Capacity: 11534336

     Weighting = 1
     Sampling strategy = regular
     Number of bins = 32
     Radius = 4
     Sampling percentage  = 0.25
   Transform = Rigid
     Gradient step = 0.1
     Update field sigma (voxel space) = 0
     Total field sigma (voxel space) = 0
     Update field time sigma = 0
     Total field time sigma  = 0
     Number of time indices = 0
     Number of time point samples = 0
Registration using 1 total stages.

Stage 0
  iterations = 1000x500x250x100
  convergence threshold = 1e-06
  convergence window size = 10
  number of levels = 4
  using the Mattes MI metric (number of bins = 32, weight = 1, use gradient filter = 0)
  preprocessing:  winsorizing the image intensities
  Shrink factors (level 1 out of 4): [8, 8, 8]
  Shrink factors (level 2 out of 4): [4, 4, 4]
  Shrink factors (level 3 out of 4): [2, 2, 2]
  Shrink factors (level 4 out of 4): [1, 1, 1]
  smoothing sigmas per level: [3, 2, 1, 0]
  regular sampling (percentage = 0.25)

*** Running Euler3DTransform registration ***

DIAGNOSTIC,Iteration,metricValue,convergenceValue,ITERATION_TIME_INDEX,SINCE_LAST
 2DIAGNOSTIC,     1, -5.133436520541e-01, 1.797693134862e+308, 1.2963e+00, 1.2963e+00, 
 2DIAGNOSTIC,     2, -5.150426674182e-01, 1.797693134862e+308, 1.3013e+00, 4.9911e-03, 
 2DIAGNOSTIC,     3, -5.175728372765e-01, 1.797693134862e+308, 1.3061e+00, 4.7209e-03, 
 2DIAGNOSTIC,     4, -5.194532836015e-01, 1.797693134862e+308, 1.3124e+00, 6.3200e-03, 
 2DIAGNOSTIC,     5, -5.194322697937e-01, 1.797693134862e+308, 1.3194e+00, 6.9771e-03, 
 2DIAGNOSTIC,     6, -5.194574694347e-01, 1.797693134862e+308, 1.3246e+00, 5.2812e-03, 
 2DIAGNOSTIC,     7, -5.194371287408e-01, 1.797693134862e+308, 1.3297e+00, 5.0869e-03, 
 2DIAGNOSTIC,     8, -5.193436515247e-01, 1.797693134862e+308, 1.3345e+00, 4.7460e-03, 
 2DIAGNOSTIC,     9, -5.193205754314e-01, 1.797693134862e+308, 1.3392e+00, 4.7488e-03, 
 2DIAGNOSTIC,    10, -5.193697092775e-01, 6.066881153817e-04, 1.3447e+00, 5.4879e-03, 
 2DIAGNOSTIC,    11, -5.194252580711e-01, 2.927437780353e-04, 1.3503e+00, 5.6219e-03, 
 2DIAGNOSTIC,    12, -5.193240470667e-01, 7.591665653496e-05, 1.3563e+00, 5.9850e-03, 
DIAGNOSTIC,Iteration,metricValue,convergenceValue,ITERATION_TIME_INDEX,SINCE_LAST
 2DIAGNOSTIC,     1, -4.136851963536e-01, 1.797693134862e+308, 2.7271e+00, 1.3708e+00, 
 2DIAGNOSTIC,     2, -4.141031011858e-01, 1.797693134862e+308, 2.7672e+00, 4.0107e-02, 
 2DIAGNOSTIC,     3, -4.146719107594e-01, 1.797693134862e+308, 2.8062e+00, 3.9007e-02, 
 2DIAGNOSTIC,     4, -4.148591578145e-01, 1.797693134862e+308, 2.8552e+00, 4.8947e-02, 
 2DIAGNOSTIC,     5, -4.148636100710e-01, 1.797693134862e+308, 2.9402e+00, 8.5045e-02, 
 2DIAGNOSTIC,     6, -4.148636106348e-01, 1.797693134862e+308, 3.0157e+00, 7.5431e-02, 
 2DIAGNOSTIC,     7, -4.148636106359e-01, 1.797693134862e+308, 3.0827e+00, 6.6996e-02, 
 2DIAGNOSTIC,     8, -4.148636106359e-01, 1.797693134862e+308, 3.1448e+00, 6.2126e-02, 
 2DIAGNOSTIC,     9, -4.148636106359e-01, 1.797693134862e+308, 3.1887e+00, 4.3900e-02, 
 2DIAGNOSTIC,    10, -4.148636106359e-01, 1.388573876096e-04, 3.2324e+00, 4.3732e-02, 
 2DIAGNOSTIC,    11, -4.148636106359e-01, 6.090757984399e-05, 3.2762e+00, 4.3736e-02, 
 2DIAGNOSTIC,    12, -4.148636106359e-01, 1.382281241676e-05, 3.3198e+00, 4.3652e-02, 
 2DIAGNOSTIC,    13, -4.148636106359e-01, 2.682658551259e-06, 3.3728e+00, 5.2950e-02, 
 2DIAGNOSTIC,    14, -4.148636106359e-01, 2.273000604361e-06, 3.4211e+00, 4.8328e-02, 
 2DIAGNOSTIC,    15, -4.148636106359e-01, 2.121389421739e-06, 3.4649e+00, 4.3760e-02, 
 2DIAGNOSTIC,    16, -4.148636106359e-01, 1.988759874338e-06, 3.5040e+00, 3.9176e-02, 
 2DIAGNOSTIC,    17, -4.148636106359e-01, 1.871738572905e-06, 3.5476e+00, 4.3568e-02, 
 2DIAGNOSTIC,    18, -4.148636106359e-01, 1.767723357186e-06, 3.5914e+00, 4.3802e-02, 
 2DIAGNOSTIC,    19, -4.148636106359e-01, 1.674660078076e-06, 3.6354e+00, 4.4005e-02, 
 2DIAGNOSTIC,    20, -4.148636106359e-01, 1.590905522236e-06, 3.6794e+00, 4.4001e-02, 
 2DIAGNOSTIC,    21, -4.148636106359e-01, 1.515129546055e-06, 3.7232e+00, 4.3813e-02, 
 2DIAGNOSTIC,    22, -4.148636106359e-01, 1.446243906841e-06, 3.7670e+00, 4.3825e-02, 
 2DIAGNOSTIC,    23, -4.148636106359e-01, 1.383349663847e-06, 3.8109e+00, 4.3844e-02, 
 2DIAGNOSTIC,    24, -4.148636106359e-01, 1.325697731903e-06, 3.8595e+00, 4.8605e-02, 
 2DIAGNOSTIC,    25, -4.148636106359e-01, 1.272658904171e-06, 3.9033e+00, 4.3780e-02, 
 2DIAGNOSTIC,    26, -4.148636106359e-01, 1.223700793994e-06, 3.9472e+00, 4.3909e-02, 
 2DIAGNOSTIC,    27, -4.148636106359e-01, 1.178369901836e-06, 3.9909e+00, 4.3729e-02, 
 2DIAGNOSTIC,    28, -4.148636106359e-01, 1.136277525821e-06, 4.0435e+00, 5.2570e-02, 
 2DIAGNOSTIC,    29, -4.148636106359e-01, 1.097088587552e-06, 4.0911e+00, 4.7587e-02, 
 2DIAGNOSTIC,    30, -4.148636106359e-01, 1.060512693420e-06, 4.1298e+00, 3.8696e-02, 
 2DIAGNOSTIC,    31, -4.148636106359e-01, 1.026296926235e-06, 4.1775e+00, 4.7702e-02, 
DIAGNOSTIC,Iteration,metricValue,convergenceValue,ITERATION_TIME_INDEX,SINCE_LAST
 2DIAGNOSTIC,     1, -3.645099004660e-01, 1.797693134862e+308, 6.0049e+00, 1.8274e+00, 
 2DIAGNOSTIC,     2, -3.646589727310e-01, 1.797693134862e+308, 6.3492e+00, 3.4427e-01, 
 2DIAGNOSTIC,     3, -3.647925110314e-01, 1.797693134862e+308, 6.6841e+00, 3.3495e-01, 
 2DIAGNOSTIC,     4, -3.648485666608e-01, 1.797693134862e+308, 7.0317e+00, 3.4761e-01, 
 2DIAGNOSTIC,     5, -3.648822097557e-01, 1.797693134862e+308, 7.3668e+00, 3.3511e-01, 
 2DIAGNOSTIC,     6, -3.649887059048e-01, 1.797693134862e+308, 7.7409e+00, 3.7408e-01, 
 2DIAGNOSTIC,     7, -3.650790952208e-01, 1.797693134862e+308, 8.2469e+00, 5.0598e-01, 
 2DIAGNOSTIC,     8, -3.650863346799e-01, 1.797693134862e+308, 8.5722e+00, 3.2535e-01, 
 2DIAGNOSTIC,     9, -3.651312453193e-01, 1.797693134862e+308, 8.8983e+00, 3.2607e-01, 
 2DIAGNOSTIC,    10, -3.653099881564e-01, 1.234421764881e-04, 9.2676e+00, 3.6931e-01, 
 2DIAGNOSTIC,    11, -3.653502910205e-01, 1.056895367677e-04, 9.6785e+00, 4.1090e-01, 
 2DIAGNOSTIC,    12, -3.653508325516e-01, 9.120715091421e-05, 1.0182e+01, 5.0338e-01, 
 2DIAGNOSTIC,    13, -3.653507437079e-01, 7.914926089890e-05, 1.1283e+01, 1.1010e+00, 
 2DIAGNOSTIC,    14, -3.653507437053e-01, 6.502222498492e-05, 1.2406e+01, 1.1231e+00, 
 2DIAGNOSTIC,    15, -3.653507437053e-01, 4.852959712297e-05, 1.2798e+01, 3.9175e-01, 
 2DIAGNOSTIC,    16, -3.653507437053e-01, 3.487394798903e-05, 1.3188e+01, 3.9054e-01, 
 2DIAGNOSTIC,    17, -3.653507437053e-01, 2.407911364168e-05, 1.3560e+01, 3.7174e-01, 
 2DIAGNOSTIC,    18, -3.653507437053e-01, 1.281205838301e-05, 1.3939e+01, 3.7885e-01, 
 2DIAGNOSTIC,    19, -3.653507437053e-01, 3.358525782683e-06, 1.4311e+01, 3.7242e-01, 
 2DIAGNOSTIC,    20, -3.653507437053e-01, 1.606012493861e-06, 1.4696e+01, 3.8478e-01, 
 2DIAGNOSTIC,    21, -3.653507437053e-01, 1.512298839088e-06, 1.5081e+01, 3.8458e-01, 
 2DIAGNOSTIC,    22, -3.653507437053e-01, 1.446665079514e-06, 1.5463e+01, 3.8218e-01, 
 2DIAGNOSTIC,    23, -3.653507437053e-01, 1.383735080011e-06, 1.5854e+01, 3.9121e-01, 
 2DIAGNOSTIC,    24, -3.653507437053e-01, 1.326051688434e-06, 1.6283e+01, 4.2921e-01, 
 2DIAGNOSTIC,    25, -3.653507437053e-01, 1.272985101428e-06, 1.6705e+01, 4.2215e-01, 
 2DIAGNOSTIC,    26, -3.653507437053e-01, 1.224002373956e-06, 1.7066e+01, 3.6028e-01, 
 2DIAGNOSTIC,    27, -3.653507437053e-01, 1.178649549585e-06, 1.7481e+01, 4.1571e-01, 
 2DIAGNOSTIC,    28, -3.653507437053e-01, 1.136537549698e-06, 1.7980e+01, 4.9832e-01, 
 2DIAGNOSTIC,    29, -3.653507437053e-01, 1.097330982962e-06, 1.8512e+01, 5.3242e-01, 
 2DIAGNOSTIC,    30, -3.653507437053e-01, 1.060739194148e-06, 1.8930e+01, 4.1803e-01, 
 2DIAGNOSTIC,    31, -3.653507437053e-01, 1.026509045876e-06, 1.9296e+01, 3.6632e-01, 
DIAGNOSTIC,Iteration,metricValue,convergenceValue,ITERATION_TIME_INDEX,SINCE_LAST
 2DIAGNOSTIC,     1, -3.370104152190e-01, 1.797693134862e+308, 2.2678e+01, 3.3812e+00, 
 2DIAGNOSTIC,     2, -3.371391881726e-01, 1.797693134862e+308, 2.5076e+01, 2.3989e+00, 
 2DIAGNOSTIC,     3, -3.373278126544e-01, 1.797693134862e+308, 2.7447e+01, 2.3708e+00, 
 2DIAGNOSTIC,     4, -3.373941145616e-01, 1.797693134862e+308, 3.0072e+01, 2.6250e+00, 
 2DIAGNOSTIC,     5, -3.374090184663e-01, 1.797693134862e+308, 3.2977e+01, 2.9045e+00, 
 2DIAGNOSTIC,     6, -3.374131890653e-01, 1.797693134862e+308, 3.5598e+01, 2.6211e+00, 
 2DIAGNOSTIC,     7, -3.374261487734e-01, 1.797693134862e+308, 3.8426e+01, 2.8278e+00, 
 2DIAGNOSTIC,     8, -3.374250685652e-01, 1.797693134862e+308, 4.2318e+01, 3.8920e+00, 
 2DIAGNOSTIC,     9, -3.374251362420e-01, 1.797693134862e+308, 4.4979e+01, 2.6614e+00, 
 2DIAGNOSTIC,    10, -3.374252062900e-01, 6.624416392412e-05, 4.7546e+01, 2.5672e+00, 
 2DIAGNOSTIC,    11, -3.374252786335e-01, 3.372619115886e-05, 5.0992e+01, 3.4456e+00, 
 2DIAGNOSTIC,    12, -3.374252779209e-01, 1.258219754842e-05, 5.8433e+01, 7.4411e+00, 
 2DIAGNOSTIC,    13, -3.374252779209e-01, 5.909761058201e-06, 6.2795e+01, 4.3615e+00, 
 2DIAGNOSTIC,    14, -3.374252779209e-01, 3.856172810693e-06, 6.5891e+01, 3.0964e+00, 
 2DIAGNOSTIC,    15, -3.374252779209e-01, 2.769878988312e-06, 6.8554e+01, 2.6629e+00, 
 2DIAGNOSTIC,    16, -3.374252779209e-01, 1.959205519902e-06, 7.1165e+01, 2.6110e+00, 
 2DIAGNOSTIC,    17, -3.374252779209e-01, 1.890435172909e-06, 7.3912e+01, 2.7470e+00, 
 2DIAGNOSTIC,    18, -3.374252779209e-01, 1.777003011294e-06, 7.6629e+01, 2.7172e+00, 
 2DIAGNOSTIC,    19, -3.374252779209e-01, 1.677578729854e-06, 7.9262e+01, 2.6330e+00, 
 2DIAGNOSTIC,    20, -3.374252779209e-01, 1.590668247967e-06, 8.1899e+01, 2.6370e+00, 
 2DIAGNOSTIC,    21, -3.374252779209e-01, 1.514941558846e-06, 8.4848e+01, 2.9489e+00, 
 2DIAGNOSTIC,    22, -3.374252779209e-01, 1.446072624638e-06, 8.7594e+01, 2.7463e+00, 
 2DIAGNOSTIC,    23, -3.374252779209e-01, 1.383192954375e-06, 9.0238e+01, 2.6440e+00, 
 2DIAGNOSTIC,    24, -3.374252779209e-01, 1.325553811514e-06, 9.2804e+01, 2.5661e+00, 
 2DIAGNOSTIC,    25, -3.374252779209e-01, 1.272526268851e-06, 9.5652e+01, 2.8476e+00, 
 2DIAGNOSTIC,    26, -3.374252779209e-01, 1.223578166648e-06, 9.8617e+01, 2.9655e+00, 
 2DIAGNOSTIC,    27, -3.374252779209e-01, 1.178256191080e-06, 1.0134e+02, 2.7238e+00, 
 2DIAGNOSTIC,    28, -3.374252779209e-01, 1.136171793308e-06, 1.0400e+02, 2.6586e+00, 
 2DIAGNOSTIC,    29, -3.374252779209e-01, 1.096990022167e-06, 1.0670e+02, 2.6958e+00, 
 2DIAGNOSTIC,    30, -3.374252779209e-01, 1.060420590358e-06, 1.0923e+02, 2.5310e+00, 
 2DIAGNOSTIC,    31, -3.374252779209e-01, 1.026210670170e-06, 1.1177e+02, 2.5430e+00, 
  Elapsed time (stage 0): 1.1300e+02


Total elapsed time: 1.1300e+02
VFC_BACKENDS=libinterflop_ieee.so
Info [verificarlo]: loaded backend libinterflop_ieee.so
Info [interflop-ieee]: load backend with:
Info [interflop-ieee]: debug = false
Info [interflop-ieee]: debug-binary = false
Info [interflop-ieee]: no-backend-name = false
Info [interflop-ieee]: print-new-line = false
Info [interflop-ieee]: print-subnormal-normalized = false
Info [interflop-ieee]: count-op = false
All_Command_lines_OK
Using double precision for computations.
=============================================================================
The composite transform comprises the following transforms (in order): 
  1. /project/rrg-glatard/mdugre/datasets/corr/RawDataBIDS/BMB_1/derivatives/vprec-space_search/0001/r8-p13/sub-0003006/rigid_Composite.h5[0] (type = Euler3DTransform)
  2. /project/rrg-glatard/mdugre/datasets/corr/RawDataBIDS/BMB_1/derivatives/vprec-space_search/0001/r8-p13/sub-0003006/rigid_Composite.h5[1] (type = Euler3DTransform)
  3. /project/rrg-glatard/mdugre/datasets/corr/RawDataBIDS/BMB_1/derivatives/vprec-space_search/0001/r8-p13/sub-0003006/rigid_Composite.h5[2] (type = Euler3DTransform)
=============================================================================
  number of levels = 4
  fixed image: /templateflow/tpl-MNI152NLin2009cAsym/tpl-MNI152NLin2009cAsym_res-01_desc-brain_T1w.nii.gz
  moving image: /project/rrg-glatard/mdugre/datasets/corr/RawDataBIDS/BMB_1/derivatives/antsBrainExtraction/sub-0003006/BrainExtractionBrain.nii.gz
Dimension = 3
Number of stages = 1
Use histogram matching = false
Winsorize image intensities = true
  Lower quantile = 0.005
  Upper quantile = 0.995


Stage 1 State
   Image metric = MattesMI
     Fixed image = Image (0x3cb5650)
  RTTI typeinfo:   itk::Image<double, 3u>
  Reference Count: 2
  Modified Time: 1592
  Debug: Off
  Object Name: 
  Observers: 
    none
  Source: (none)
  Source output name: (none)
  Release Data: Off
  Data Released: False
  Global Release Data: Off
  PipelineMTime: 0
  UpdateMTime: 1203
  RealTimeStamp: 0 seconds 
  LargestPossibleRegion: 
    Dimension: 3
    Index: [0, 0, 0]
    Size: [193, 229, 193]
  BufferedRegion: 
    Dimension: 3
    Index: [0, 0, 0]
    Size: [193, 229, 193]
  RequestedRegion: 
    Dimension: 3
    Index: [0, 0, 0]
    Size: [193, 229, 193]
  Spacing: [1, 1, 1]
  Origin: [96, 132, -78]
  Direction: 
-1 0 0
0 -1 0
0 0 1

  IndexToPointMatrix: 
-1 0 0
0 -1 0
0 0 1

  PointToIndexMatrix: 
-1 0 0
0 -1 0
0 0 1

  Inverse Direction: 
-1 0 0
0 -1 0
0 0 1

  PixelContainer: 
    ImportImageContainer (0x3d82290)
      RTTI typeinfo:   itk::ImportImageContainer<unsigned long, double>
      Reference Count: 1
      Modified Time: 1200
      Debug: Off
      Object Name: 
      Observers: 
        none
      Pointer: 0x146b68d95010
      Container manages memory: true
      Size: 8530021
      Capacity: 8530021

     Moving image = Image (0x3d81b00)
  RTTI typeinfo:   itk::Image<double, 3u>
  Reference Count: 2
  Modified Time: 1593
  Debug: Off
  Object Name: 
  Observers: 
    none
  Source: (none)
  Source output name: (none)
  Release Data: Off
  Data Released: False
  Global Release Data: Off
  PipelineMTime: 0
  UpdateMTime: 1590
  RealTimeStamp: 0 seconds 
  LargestPossibleRegion: 
    Dimension: 3
    Index: [0, 0, 0]
    Size: [176, 256, 256]
  BufferedRegion: 
    Dimension: 3
    Index: [0, 0, 0]
    Size: [176, 256, 256]
  RequestedRegion: 
    Dimension: 3
    Index: [0, 0, 0]
    Size: [176, 256, 256]
  Spacing: [1, 1, 1]
  Origin: [-93.9989, 109.297, -100.494]
  Direction: 
1 0 0
0 -1 0
0 0 1

  IndexToPointMatrix: 
1 0 0
0 -1 0
0 0 1

  PointToIndexMatrix: 
1 0 0
0 -1 0
0 0 1

  Inverse Direction: 
1 0 0
0 -1 0
0 0 1

  PixelContainer: 
    ImportImageContainer (0x3d430d0)
      RTTI typeinfo:   itk::ImportImageContainer<unsigned long, double>
      Reference Count: 1
      Modified Time: 1587
      Debug: Off
      Object Name: 
      Observers: 
        none
      Pointer: 0x146b63594010
      Container manages memory: true
      Size: 11534336
      Capacity: 11534336

     Weighting = 1
     Sampling strategy = regular
     Number of bins = 32
     Radius = 4
     Sampling percentage  = 0.25
   Transform = Affine
     Gradient step = 0.1
     Update field sigma (voxel space) = 0
     Total field sigma (voxel space) = 0
     Update field time sigma = 0
     Total field time sigma  = 0
     Number of time indices = 0
     Number of time point samples = 0
Registration using 1 total stages.

Stage 0
  iterations = 1000x500x250x100
  convergence threshold = 1e-06
  convergence window size = 10
  number of levels = 4
  using the Mattes MI metric (number of bins = 32, weight = 1, use gradient filter = 0)
  preprocessing:  winsorizing the image intensities
  Shrink factors (level 1 out of 4): [8, 8, 8]
  Shrink factors (level 2 out of 4): [4, 4, 4]
  Shrink factors (level 3 out of 4): [2, 2, 2]
  Shrink factors (level 4 out of 4): [1, 1, 1]
  smoothing sigmas per level: [3, 2, 1, 0]
  regular sampling (percentage = 0.25)

*** Running AffineTransform registration ***

DIAGNOSTIC,Iteration,metricValue,convergenceValue,ITERATION_TIME_INDEX,SINCE_LAST
 2DIAGNOSTIC,     1, -5.116927388608e-01, 1.797693134862e+308, 1.1493e+00, 1.1493e+00, 
 2DIAGNOSTIC,     2, -5.127120355626e-01, 1.797693134862e+308, 1.1545e+00, 5.1501e-03, 
 2DIAGNOSTIC,     3, -5.147123378764e-01, 1.797693134862e+308, 1.1595e+00, 5.0790e-03, 
 2DIAGNOSTIC,     4, -5.179686714312e-01, 1.797693134862e+308, 1.1648e+00, 5.2710e-03, 
 2DIAGNOSTIC,     5, -5.245121282654e-01, 1.797693134862e+308, 1.1706e+00, 5.8250e-03, 
 2DIAGNOSTIC,     6, -5.346967633855e-01, 1.797693134862e+308, 1.1760e+00, 5.3179e-03, 
 2DIAGNOSTIC,     7, -5.722091252864e-01, 1.797693134862e+308, 1.1817e+00, 5.7399e-03, 
 2DIAGNOSTIC,     8, -6.530881031308e-01, 1.797693134862e+308, 1.1881e+00, 6.3860e-03, 
 2DIAGNOSTIC,     9, -7.900483469454e-01, 1.797693134862e+308, 1.1951e+00, 7.0140e-03, 
 2DIAGNOSTIC,    10, -8.161688637293e-01, 3.206190630021e-02, 1.2014e+00, 6.3052e-03, 
 2DIAGNOSTIC,    11, -8.284386870604e-01, 3.508096198534e-02, 1.2101e+00, 8.7240e-03, 
 2DIAGNOSTIC,    12, -8.305029178901e-01, 3.453970558918e-02, 1.2159e+00, 5.7709e-03, 
 2DIAGNOSTIC,    13, -8.393057292287e-01, 3.134489766008e-02, 1.2222e+00, 6.2630e-03, 
 2DIAGNOSTIC,    14, -8.468779168111e-01, 2.618204033446e-02, 1.2278e+00, 5.6069e-03, 
 2DIAGNOSTIC,    15, -8.494522412942e-01, 1.979650560039e-02, 1.2335e+00, 5.6891e-03, 
 2DIAGNOSTIC,    16, -8.512969087851e-01, 1.297149764904e-02, 1.2390e+00, 5.5499e-03, 
 2DIAGNOSTIC,    17, -8.536345790216e-01, 6.898812875327e-03, 1.2459e+00, 6.9361e-03, 
 2DIAGNOSTIC,    18, -8.549667056863e-01, 2.771962803111e-03, 1.2516e+00, 5.6438e-03, 
 2DIAGNOSTIC,    19, -8.557656713300e-01, 1.784564682919e-03, 1.2580e+00, 6.3782e-03, 
 2DIAGNOSTIC,    20, -8.563351938193e-01, 1.272070179500e-03, 1.2654e+00, 7.4191e-03, 
 2DIAGNOSTIC,    21, -8.565075186907e-01, 9.338632227627e-04, 1.2709e+00, 5.5580e-03, 
 2DIAGNOSTIC,    22, -8.566959209668e-01, 5.821989730536e-04, 1.2765e+00, 5.5182e-03, 
 2DIAGNOSTIC,    23, -8.568771055228e-01, 3.593395479775e-04, 1.2838e+00, 7.3099e-03, 
 2DIAGNOSTIC,    24, -8.569726669927e-01, 2.461758493792e-04, 1.2894e+00, 5.5809e-03, 
 2DIAGNOSTIC,    25, -8.570059191277e-01, 1.599769251786e-04, 1.2955e+00, 6.1111e-03, 
 2DIAGNOSTIC,    26, -8.570497604341e-01, 9.336429562312e-05, 1.3022e+00, 6.7351e-03, 
 2DIAGNOSTIC,    27, -8.570709930624e-01, 5.624920619579e-05, 1.3085e+00, 6.3081e-03, 
 2DIAGNOSTIC,    28, -8.570998716068e-01, 3.493056760743e-05, 1.3141e+00, 5.5861e-03, 
 2DIAGNOSTIC,    29, -8.571524062227e-01, 2.286394027281e-05, 1.3215e+00, 7.3609e-03, 
 2DIAGNOSTIC,    30, -8.571680887423e-01, 1.687681455322e-05, 1.3270e+00, 5.5442e-03, 
 2DIAGNOSTIC,    31, -8.571845911676e-01, 1.206836418877e-05, 1.3326e+00, 5.5830e-03, 
 2DIAGNOSTIC,    32, -8.572161482473e-01, 9.052297686871e-06, 1.3393e+00, 6.7129e-03, 
 2DIAGNOSTIC,    33, -8.572256984328e-01, 7.576828329178e-06, 1.3448e+00, 5.5399e-03, 
 2DIAGNOSTIC,    34, -8.572436892101e-01, 6.794742374722e-06, 1.3504e+00, 5.5850e-03, 
 2DIAGNOSTIC,    35, -8.573872028598e-01, 7.348265378598e-06, 1.3566e+00, 6.1359e-03, 
 2DIAGNOSTIC,    36, -8.573932851047e-01, 7.734162908675e-06, 1.3633e+00, 6.6979e-03, 
 2DIAGNOSTIC,    37, -8.573971951798e-01, 7.714192160786e-06, 1.3700e+00, 6.7890e-03, 
 2DIAGNOSTIC,    38, -8.574094525033e-01, 7.452248381289e-06, 1.3757e+00, 5.6159e-03, 
 2DIAGNOSTIC,    39, -8.574531328428e-01, 7.466356965708e-06, 1.3818e+00, 6.1378e-03, 
 2DIAGNOSTIC,    40, -8.574572343956e-01, 7.000544553614e-06, 1.3891e+00, 7.3540e-03, 
 2DIAGNOSTIC,    41, -8.574587020446e-01, 6.127816728561e-06, 1.3947e+00, 5.5470e-03, 
 2DIAGNOSTIC,    42, -8.574596248822e-01, 5.098251712011e-06, 1.4015e+00, 6.7668e-03, 
 2DIAGNOSTIC,    43, -8.574603422895e-01, 3.806144195592e-06, 1.4070e+00, 5.5070e-03, 
 2DIAGNOSTIC,    44, -8.574619197988e-01, 2.410721592017e-06, 1.4137e+00, 6.6879e-03, 
 2DIAGNOSTIC,    45, -8.574621775012e-01, 2.064795075467e-06, 1.4193e+00, 5.6670e-03, 
 2DIAGNOSTIC,    46, -8.574640666003e-01, 1.677838156230e-06, 1.4249e+00, 5.5830e-03, 
 2DIAGNOSTIC,    47, -8.574655064575e-01, 1.261154363913e-06, 1.4316e+00, 6.6900e-03, 
DIAGNOSTIC,Iteration,metricValue,convergenceValue,ITERATION_TIME_INDEX,SINCE_LAST
 2DIAGNOSTIC,     1, -7.218746484905e-01, 1.797693134862e+308, 2.6956e+00, 1.2640e+00, 
 2DIAGNOSTIC,     2, -7.230174388434e-01, 1.797693134862e+308, 2.7399e+00, 4.4319e-02, 
 2DIAGNOSTIC,     3, -7.238759907331e-01, 1.797693134862e+308, 2.7838e+00, 4.3856e-02, 
 2DIAGNOSTIC,     4, -7.244294854481e-01, 1.797693134862e+308, 2.8277e+00, 4.3955e-02, 
 2DIAGNOSTIC,     5, -7.250750018756e-01, 1.797693134862e+308, 2.8718e+00, 4.4044e-02, 
 2DIAGNOSTIC,     6, -7.256512673359e-01, 1.797693134862e+308, 2.9158e+00, 4.4021e-02, 
 2DIAGNOSTIC,     7, -7.260039167956e-01, 1.797693134862e+308, 2.9782e+00, 6.2376e-02, 
 2DIAGNOSTIC,     8, -7.261161700928e-01, 1.797693134862e+308, 3.0222e+00, 4.3992e-02, 
 2DIAGNOSTIC,     9, -7.261802804570e-01, 1.797693134862e+308, 3.0665e+00, 4.4350e-02, 
 2DIAGNOSTIC,    10, -7.262479540668e-01, 3.772204658062e-04, 3.1202e+00, 5.3700e-02, 
 2DIAGNOSTIC,    11, -7.262811682603e-01, 2.562670514938e-04, 3.1693e+00, 4.9039e-02, 
 2DIAGNOSTIC,    12, -7.263120198439e-01, 1.706346518188e-04, 3.2183e+00, 4.9078e-02, 
 2DIAGNOSTIC,    13, -7.263885809975e-01, 1.111759334910e-04, 3.2674e+00, 4.9096e-02, 
 2DIAGNOSTIC,    14, -7.264541800887e-01, 6.743073707439e-05, 3.3115e+00, 4.4106e-02, 
 2DIAGNOSTIC,    15, -7.264632119845e-01, 4.035311769232e-05, 3.3557e+00, 4.4139e-02, 
 2DIAGNOSTIC,    16, -7.264743606493e-01, 2.737520838743e-05, 3.4044e+00, 4.8712e-02, 
 2DIAGNOSTIC,    17, -7.264777184291e-01, 2.176067880691e-05, 3.4577e+00, 5.3340e-02, 
 2DIAGNOSTIC,    18, -7.264789974911e-01, 1.736203013593e-05, 3.5022e+00, 4.4475e-02, 
 2DIAGNOSTIC,    19, -7.264891141590e-01, 1.346535035701e-05, 3.5516e+00, 4.9357e-02, 
 2DIAGNOSTIC,    20, -7.264936071802e-01, 1.027678957700e-05, 3.5960e+00, 4.4450e-02, 
 2DIAGNOSTIC,    21, -7.264946239561e-01, 7.238229275112e-06, 3.6403e+00, 4.4294e-02, 
 2DIAGNOSTIC,    22, -7.264960763547e-01, 4.496193004473e-06, 3.6935e+00, 5.3213e-02, 
 2DIAGNOSTIC,    23, -7.264965957631e-01, 2.992448483778e-06, 3.7377e+00, 4.4234e-02, 
 2DIAGNOSTIC,    24, -7.264975964959e-01, 2.546113538227e-06, 3.7909e+00, 5.3127e-02, 
 2DIAGNOSTIC,    25, -7.264991103505e-01, 2.180327368359e-06, 3.8355e+00, 4.4648e-02, 
 2DIAGNOSTIC,    26, -7.264995760859e-01, 1.932669479857e-06, 3.8797e+00, 4.4190e-02, 
 2DIAGNOSTIC,    27, -7.265001455297e-01, 1.695797789220e-06, 3.9331e+00, 5.3364e-02, 
 2DIAGNOSTIC,    28, -7.265007543437e-01, 1.450408024212e-06, 3.9865e+00, 5.3424e-02, 
 2DIAGNOSTIC,    29, -7.265008257397e-01, 1.328282582876e-06, 4.0307e+00, 4.4245e-02, 
 2DIAGNOSTIC,    30, -7.265017398041e-01, 1.262820010756e-06, 4.0796e+00, 4.8818e-02, 
 2DIAGNOSTIC,    31, -7.265018200997e-01, 1.195718603859e-06, 4.1238e+00, 4.4232e-02, 
 2DIAGNOSTIC,    32, -7.265019309293e-01, 1.136165007853e-06, 4.1681e+00, 4.4345e-02, 
 2DIAGNOSTIC,    33, -7.265022468208e-01, 1.076690519200e-06, 4.2124e+00, 4.4232e-02, 
 2DIAGNOSTIC,    34, -7.265027084772e-01, 1.026434636099e-06, 4.2568e+00, 4.4434e-02, 
DIAGNOSTIC,Iteration,metricValue,convergenceValue,ITERATION_TIME_INDEX,SINCE_LAST
 2DIAGNOSTIC,     1, -6.206863803485e-01, 1.797693134862e+308, 5.9324e+00, 1.6755e+00, 
 2DIAGNOSTIC,     2, -6.210005618474e-01, 1.797693134862e+308, 6.3302e+00, 3.9780e-01, 
 2DIAGNOSTIC,     3, -6.212898088489e-01, 1.797693134862e+308, 6.7075e+00, 3.7731e-01, 
 2DIAGNOSTIC,     4, -6.217006906229e-01, 1.797693134862e+308, 7.1296e+00, 4.2215e-01, 
 2DIAGNOSTIC,     5, -6.217454258343e-01, 1.797693134862e+308, 7.6348e+00, 5.0520e-01, 
 2DIAGNOSTIC,     6, -6.217529752241e-01, 1.797693134862e+308, 8.0129e+00, 3.7811e-01, 
 2DIAGNOSTIC,     7, -6.218002283235e-01, 1.797693134862e+308, 8.4327e+00, 4.1976e-01, 
 2DIAGNOSTIC,     8, -6.218210995972e-01, 1.797693134862e+308, 8.8203e+00, 3.8760e-01, 
 2DIAGNOSTIC,     9, -6.218278588314e-01, 1.797693134862e+308, 9.2188e+00, 3.9849e-01, 
 2DIAGNOSTIC,    10, -6.218404598823e-01, 1.082409860978e-04, 9.6789e+00, 4.6017e-01, 
 2DIAGNOSTIC,    11, -6.218426737734e-01, 6.339642883468e-05, 1.0055e+01, 3.7636e-01, 
 2DIAGNOSTIC,    12, -6.218455451943e-01, 3.255818973964e-05, 1.0442e+01, 3.8658e-01, 
 2DIAGNOSTIC,    13, -6.218491025029e-01, 1.365843932923e-05, 1.1007e+01, 5.6525e-01, 
 2DIAGNOSTIC,    14, -6.218496432294e-01, 9.854665572559e-06, 1.1382e+01, 3.7535e-01, 
 2DIAGNOSTIC,    15, -6.218499094119e-01, 7.253583793818e-06, 1.1780e+01, 3.9750e-01, 
 2DIAGNOSTIC,    16, -6.218506477639e-01, 4.714434494124e-06, 1.2177e+01, 3.9669e-01, 
 2DIAGNOSTIC,    17, -6.218515584343e-01, 3.507899119320e-06, 1.2606e+01, 4.2893e-01, 
 2DIAGNOSTIC,    18, -6.218516920127e-01, 2.815469378713e-06, 1.3024e+01, 4.1800e-01, 
 2DIAGNOSTIC,    19, -6.218521224742e-01, 2.264813787033e-06, 1.3444e+01, 4.2002e-01, 
 2DIAGNOSTIC,    20, -6.218533415852e-01, 2.030839424717e-06, 1.4030e+01, 5.8641e-01, 
 2DIAGNOSTIC,    21, -6.218533441910e-01, 1.824787160563e-06, 1.5178e+01, 1.1479e+00, 
 2DIAGNOSTIC,    22, -6.218533441909e-01, 1.666391376907e-06, 1.5873e+01, 6.9520e-01, 
 2DIAGNOSTIC,    23, -6.218533441909e-01, 1.572122599623e-06, 1.6305e+01, 4.3181e-01, 
 2DIAGNOSTIC,    24, -6.218533441909e-01, 1.478386871673e-06, 1.6854e+01, 5.4917e-01, 
 2DIAGNOSTIC,    25, -6.218533441909e-01, 1.382127823739e-06, 1.7276e+01, 4.2164e-01, 
 2DIAGNOSTIC,    26, -6.218533441909e-01, 1.295570891735e-06, 1.7697e+01, 4.2087e-01, 
 2DIAGNOSTIC,    27, -6.218533441909e-01, 1.224434099618e-06, 1.8118e+01, 4.2101e-01, 
 2DIAGNOSTIC,    28, -6.218533441909e-01, 1.156253844184e-06, 1.8632e+01, 5.1436e-01, 
 2DIAGNOSTIC,    29, -6.218533441909e-01, 1.097123868608e-06, 1.9055e+01, 4.2306e-01, 
 2DIAGNOSTIC,    30, -6.218533441909e-01, 1.060507281020e-06, 1.9497e+01, 4.4241e-01, 
 2DIAGNOSTIC,    31, -6.218533441909e-01, 1.026291857990e-06, 1.9918e+01, 4.2086e-01, 
DIAGNOSTIC,Iteration,metricValue,convergenceValue,ITERATION_TIME_INDEX,SINCE_LAST
 2DIAGNOSTIC,     1, -5.497941269649e-01, 1.797693134862e+308, 2.3810e+01, 3.8913e+00, 
 2DIAGNOSTIC,     2, -5.500932822172e-01, 1.797693134862e+308, 2.6843e+01, 3.0332e+00, 
 2DIAGNOSTIC,     3, -5.503379574007e-01, 1.797693134862e+308, 2.9687e+01, 2.8441e+00, 
 2DIAGNOSTIC,     4, -5.505751152399e-01, 1.797693134862e+308, 3.3194e+01, 3.5073e+00, 
 2DIAGNOSTIC,     5, -5.507554746477e-01, 1.797693134862e+308, 3.7392e+01, 4.1984e+00, 
 2DIAGNOSTIC,     6, -5.507580767358e-01, 1.797693134862e+308, 4.0218e+01, 2.8252e+00, 
 2DIAGNOSTIC,     7, -5.507628683370e-01, 1.797693134862e+308, 4.3135e+01, 2.9176e+00, 
 2DIAGNOSTIC,     8, -5.507704046619e-01, 1.797693134862e+308, 4.6072e+01, 2.9367e+00, 
 2DIAGNOSTIC,     9, -5.507804216006e-01, 1.797693134862e+308, 4.8983e+01, 2.9112e+00, 
 2DIAGNOSTIC,    10, -5.507933361872e-01, 1.059747517726e-04, 5.1858e+01, 2.8750e+00, 
 2DIAGNOSTIC,    11, -5.508095861785e-01, 6.230573051501e-05, 5.4803e+01, 2.9445e+00, 
 2DIAGNOSTIC,    12, -5.508225382934e-01, 3.395276355604e-05, 5.7802e+01, 2.9989e+00, 
 2DIAGNOSTIC,    13, -5.508314470559e-01, 1.701830576414e-05, 6.0616e+01, 2.8143e+00, 
 2DIAGNOSTIC,    14, -5.508678891839e-01, 1.107815303907e-05, 6.5327e+01, 4.7114e+00, 
 2DIAGNOSTIC,    15, -5.508694889276e-01, 1.135550663392e-05, 7.0216e+01, 4.8883e+00, 
 2DIAGNOSTIC,    16, -5.508694467324e-01, 1.084315465143e-05, 7.3475e+01, 3.2596e+00, 
 2DIAGNOSTIC,    17, -5.508695566101e-01, 9.737439205369e-06, 7.6744e+01, 3.2692e+00, 
 2DIAGNOSTIC,    18, -5.508693793979e-01, 8.233841481534e-06, 8.0051e+01, 3.3069e+00, 
 2DIAGNOSTIC,    19, -5.508690975225e-01, 6.537216464472e-06, 8.3682e+01, 3.6311e+00, 
 2DIAGNOSTIC,    20, -5.508688676526e-01, 4.877519822331e-06, 8.6987e+01, 3.3048e+00, 
 2DIAGNOSTIC,    21, -5.508687638787e-01, 3.474561249960e-06, 8.9949e+01, 2.9621e+00, 
 2DIAGNOSTIC,    22, -5.508686845746e-01, 2.323009522062e-06, 9.2707e+01, 2.7578e+00, 
 2DIAGNOSTIC,    23, -5.508683630865e-01, 1.359261129395e-06, 9.5558e+01, 2.8506e+00, 
 2DIAGNOSTIC,    24, -5.508685138448e-01, 1.264271794338e-06, 9.8980e+01, 3.4221e+00, 
 2DIAGNOSTIC,    25, -5.508684343759e-01, 1.213946011665e-06, 1.0178e+02, 2.8016e+00, 
 2DIAGNOSTIC,    26, -5.508682462648e-01, 1.168287110845e-06, 1.0498e+02, 3.2019e+00, 
 2DIAGNOSTIC,    27, -5.508682986606e-01, 1.134484817242e-06, 1.0814e+02, 3.1600e+00, 
 2DIAGNOSTIC,    28, -5.508680552309e-01, 1.099557113061e-06, 1.1151e+02, 3.3639e+00, 
 2DIAGNOSTIC,    29, -5.508679403792e-01, 1.063585249074e-06, 1.1473e+02, 3.2268e+00, 
 2DIAGNOSTIC,    30, -5.508676761432e-01, 1.024675248255e-06, 1.1809e+02, 3.3539e+00, 
  Elapsed time (stage 0): 1.1992e+02


Total elapsed time: 1.1992e+02
VFC_BACKENDS=libinterflop_vprec.so --range-binary32=8 --precision-binary32=13 --range-binary64=8 --precision-binary64=13
Info [verificarlo]: loaded backend libinterflop_vprec.so
Info [interflop-vprec]: load backend with: 
Info [interflop-vprec]: precision-binary32 = 13
Info [interflop-vprec]: range-binary32 = 8
Info [interflop-vprec]: precision-binary64 = 13
Info [interflop-vprec]: range-binary64 = 8
Info [interflop-vprec]: mode = ob
Info [interflop-vprec]: error-mode = rel
Info [interflop-vprec]: max-abs-error-exponent = -1022
Info [interflop-vprec]: daz = false
Info [interflop-vprec]: ftz = false
Info [interflop-vprec]: 	instrument = none
Info [interflop-vprec]: 	prec-input-file = (null)
Info [interflop-vprec]: 	prec-output-file = (null)
Info [interflop-vprec]: 	prec-log-file = (null)
All_Command_lines_OK
Using double precision for computations.
=============================================================================
The composite transform comprises the following transforms (in order): 
  1. /project/rrg-glatard/mdugre/datasets/corr/RawDataBIDS/BMB_1/derivatives/vprec-space_search/0001/r8-p13/sub-0003006/affine_Composite.h5[0] (type = Euler3DTransform)
  2. /project/rrg-glatard/mdugre/datasets/corr/RawDataBIDS/BMB_1/derivatives/vprec-space_search/0001/r8-p13/sub-0003006/affine_Composite.h5[1] (type = Euler3DTransform)
  3. /project/rrg-glatard/mdugre/datasets/corr/RawDataBIDS/BMB_1/derivatives/vprec-space_search/0001/r8-p13/sub-0003006/affine_Composite.h5[2] (type = Euler3DTransform)
  4. /project/rrg-glatard/mdugre/datasets/corr/RawDataBIDS/BMB_1/derivatives/vprec-space_search/0001/r8-p13/sub-0003006/affine_Composite.h5[3] (type = AffineTransform)
=============================================================================
  number of levels = 4
  fixed image: /templateflow/tpl-MNI152NLin2009cAsym/tpl-MNI152NLin2009cAsym_res-01_desc-brain_T1w.nii.gz
  moving image: /project/rrg-glatard/mdugre/datasets/corr/RawDataBIDS/BMB_1/derivatives/antsBrainExtraction/sub-0003006/BrainExtractionBrain.nii.gz
Dimension = 3
Number of stages = 1
Use histogram matching = false
Winsorize image intensities = true
  Lower quantile = 0.005
  Upper quantile = 0.995


Stage 1 State
   Image metric = CC
     Fixed image = Image (0x423a4c0)
  RTTI typeinfo:   itk::Image<double, 3u>
  Reference Count: 2
  Modified Time: 1606
  Debug: Off
  Object Name: 
  Observers: 
    none
  Source: (none)
  Source output name: (none)
  Release Data: Off
  Data Released: False
  Global Release Data: Off
  PipelineMTime: 0
  UpdateMTime: 1217
  RealTimeStamp: 0 seconds 
  LargestPossibleRegion: 
    Dimension: 3
    Index: [0, 0, 0]
    Size: [193, 229, 193]
  BufferedRegion: 
    Dimension: 3
    Index: [0, 0, 0]
    Size: [193, 229, 193]
  RequestedRegion: 
    Dimension: 3
    Index: [0, 0, 0]
    Size: [193, 229, 193]
  Spacing: [1, 1, 1]
  Origin: [96, 132, -78]
  Direction: 
-1 0 0
0 -1 0
0 0 1

  IndexToPointMatrix: 
-1 0 0
0 -1 0
0 0 1

  PointToIndexMatrix: 
-1 0 0
0 -1 0
0 0 1

  Inverse Direction: 
-1 0 0
0 -1 0
0 0 1

  PixelContainer: 
    ImportImageContainer (0x4309b10)
      RTTI typeinfo:   itk::ImportImageContainer<unsigned long, double>
      Reference Count: 1
      Modified Time: 1214
      Debug: Off
      Object Name: 
      Observers: 
        none
      Pointer: 0x148c720be010
      Container manages memory: true
      Size: 8530021
      Capacity: 8530021

     Moving image = Image (0x4310700)
  RTTI typeinfo:   itk::Image<double, 3u>
  Reference Count: 2
  Modified Time: 1607
  Debug: Off
  Object Name: 
  Observers: 
    none
  Source: (none)
  Source output name: (none)
  Release Data: Off
  Data Released: False
  Global Release Data: Off
  PipelineMTime: 0
  UpdateMTime: 1604
  RealTimeStamp: 0 seconds 
  LargestPossibleRegion: 
    Dimension: 3
    Index: [0, 0, 0]
    Size: [176, 256, 256]
  BufferedRegion: 
    Dimension: 3
    Index: [0, 0, 0]
    Size: [176, 256, 256]
  RequestedRegion: 
    Dimension: 3
    Index: [0, 0, 0]
    Size: [176, 256, 256]
  Spacing: [1, 1, 1]
  Origin: [-94, 109.297, -100.492]
  Direction: 
1 0 0
0 -1 0
0 0 1

  IndexToPointMatrix: 
1 0 0
0 -1 0
0 0 1

  PointToIndexMatrix: 
1 0 0
0 -1 0
0 0 1

  Inverse Direction: 
1 0 0
0 -1 0
0 0 1

  PixelContainer: 
    ImportImageContainer (0x43912d0)
      RTTI typeinfo:   itk::ImportImageContainer<unsigned long, double>
      Reference Count: 1
      Modified Time: 1601
      Debug: Off
      Object Name: 
      Observers: 
        none
      Pointer: 0x148c6c8bd010
      Container manages memory: true
      Size: 11534336
      Capacity: 11534336

     Weighting = 1
     Sampling strategy = none
     Number of bins = 32
     Radius = 4
     Sampling percentage  = 1
   Transform = SyN
     Gradient step = 0.1
     Update field sigma (voxel space) = 3
     Total field sigma (voxel space) = 0
     Update field time sigma = 0
     Total field time sigma  = 0
     Number of time indices = 0
     Number of time point samples = 0
Registration using 1 total stages.

Stage 0
  iterations = 100x70x50x20
  convergence threshold = 1e-06
  convergence window size = 10
  number of levels = 4
  using the CC metric (radius = 4, weight = 1, use gradient filter = 0)
  preprocessing:  winsorizing the image intensities
  Shrink factors (level 1 out of 4): [8, 8, 8]
  Shrink factors (level 2 out of 4): [4, 4, 4]
  Shrink factors (level 3 out of 4): [2, 2, 2]
  Shrink factors (level 4 out of 4): [1, 1, 1]
  smoothing sigmas per level: [3, 2, 1, 0]
  Using default NONE metricSamplingStrategy 

*** Running SyN registration (varianceForUpdateField = 3, varianceForTotalField = 0) ***

XXDIAGNOSTIC,Iteration,metricValue,convergenceValue,ITERATION_TIME_INDEX,SINCE_LAST
 1DIAGNOSTIC,     1, -9.326171875000e-01, 1.797693134862e+308, 0.0000e+00, 0.0000e+00, 
 1DIAGNOSTIC,     2, -9.389038085938e-01, 1.797693134862e+308, 0.0000e+00, 0.0000e+00, 
 1DIAGNOSTIC,     3, -9.439086914062e-01, 1.797693134862e+308, 0.0000e+00, 0.0000e+00, 
 1DIAGNOSTIC,     4, -9.472045898438e-01, 1.797693134862e+308, 0.0000e+00, 0.0000e+00, 
 1DIAGNOSTIC,     5, -9.506835937500e-01, 1.797693134862e+308, 0.0000e+00, 0.0000e+00, 
 1DIAGNOSTIC,     6, -9.556274414062e-01, 1.797693134862e+308, 0.0000e+00, 0.0000e+00, 
 1DIAGNOSTIC,     7, -9.604492187500e-01, 1.797693134862e+308, 0.0000e+00, 0.0000e+00, 
 1DIAGNOSTIC,     8, -9.633178710938e-01, 1.797693134862e+308, 0.0000e+00, 0.0000e+00, 
 1DIAGNOSTIC,     9, -9.639282226562e-01, 1.797693134862e+308, 0.0000e+00, 0.0000e+00, 
 1DIAGNOSTIC,    10, -9.662475585938e-01, 2.275632047201e-03, 0.0000e+00, 0.0000e+00, 
 1DIAGNOSTIC,    11, -9.669189453125e-01, 1.790825180612e-03, 0.0000e+00, 0.0000e+00, 
 1DIAGNOSTIC,    12, -9.680175781250e-01, 1.407403282893e-03, 0.0000e+00, 0.0000e+00, 
 1DIAGNOSTIC,    13, -9.683227539062e-01, 1.077902461408e-03, 0.0000e+00, 0.0000e+00, 
 1DIAGNOSTIC,    14, -9.690551757812e-01, 7.844406108377e-04, 0.0000e+00, 0.0000e+00, 
 1DIAGNOSTIC,    15, -9.692993164062e-01, 5.313494546933e-04, 0.0000e+00, 0.0000e+00, 
 1DIAGNOSTIC,    16, -9.698486328125e-01, 3.615453414272e-04, 0.0000e+00, 0.0000e+00, 
 1DIAGNOSTIC,    17, -9.700317382812e-01, 2.651015794325e-04, 0.0000e+00, 0.0000e+00, 
 1DIAGNOSTIC,    18, -9.703979492188e-01, 2.086841689797e-04, 0.0000e+00, 0.0000e+00, 
 1DIAGNOSTIC,    19, -9.705200195312e-01, 1.497078964864e-04, 0.0000e+00, 0.0000e+00, 
 1DIAGNOSTIC,    20, -9.708251953125e-01, 1.217005645562e-04, 0.0000e+00, 0.0000e+00, 
 1DIAGNOSTIC,    21, -9.708862304688e-01, 9.515538289576e-05, 0.0000e+00, 0.0000e+00, 
 1DIAGNOSTIC,    22, -9.711303710938e-01, 8.039457491262e-05, 0.0000e+00, 0.0000e+00, 
 1DIAGNOSTIC,    23, -9.711914062500e-01, 6.405357337629e-05, 0.0000e+00, 0.0000e+00, 
 1DIAGNOSTIC,    24, -9.713745117188e-01, 5.450945523901e-05, 0.0000e+00, 0.0000e+00, 
 1DIAGNOSTIC,    25, -9.714355468750e-01, 4.421101919230e-05, 0.0000e+00, 0.0000e+00, 
 1DIAGNOSTIC,    26, -9.715576171875e-01, 3.831505424634e-05, 0.0000e+00, 0.0000e+00, 
 1DIAGNOSTIC,    27, -9.716186523438e-01, 3.196902430690e-05, 0.0000e+00, 0.0000e+00, 
 1DIAGNOSTIC,    28, -9.717407226562e-01, 2.833607338456e-05, 0.0000e+00, 0.0000e+00, 
 1DIAGNOSTIC,    29, -9.718017578125e-01, 2.418886613358e-05, 0.0000e+00, 0.0000e+00, 
 1DIAGNOSTIC,    30, -9.718627929688e-01, 2.176570422015e-05, 0.0000e+00, 0.0000e+00, 
 1DIAGNOSTIC,    31, -9.719238281250e-01, 1.867811693103e-05, 0.0000e+00, 0.0000e+00, 
 1DIAGNOSTIC,    32, -9.719848632812e-01, 1.693928700142e-05, 0.0000e+00, 0.0000e+00, 
 1DIAGNOSTIC,    33, -9.721069335938e-01, 1.540503895352e-05, 0.0000e+00, 0.0000e+00, 
 1DIAGNOSTIC,    34, -9.721679687500e-01, 1.470214998048e-05, 0.0000e+00, 0.0000e+00, 
 1DIAGNOSTIC,    35, -9.722900390625e-01, 1.427918742479e-05, 0.0000e+00, 0.0000e+00, 
 1DIAGNOSTIC,    36, -9.722290039062e-01, 1.311490558065e-05, 0.0000e+00, 0.0000e+00, 
 1DIAGNOSTIC,    37, -9.724121093750e-01, 1.281651976346e-05, 0.0000e+00, 0.0000e+00, 
 1DIAGNOSTIC,    38, -9.723510742188e-01, 1.183634124403e-05, 0.0000e+00, 0.0000e+00, 
 1DIAGNOSTIC,    39, -9.725341796875e-01, 1.172544716837e-05, 0.0000e+00, 0.0000e+00, 
 1DIAGNOSTIC,    40, -9.724731445312e-01, 1.056792109914e-05, 0.0000e+00, 0.0000e+00, 
 1DIAGNOSTIC,    41, -9.727172851562e-01, 1.076593813755e-05, 0.0000e+00, 0.0000e+00, 
 1DIAGNOSTIC,    42, -9.726562500000e-01, 9.960983835954e-06, 0.0000e+00, 0.0000e+00, 
 1DIAGNOSTIC,    43, -9.729003906250e-01, 1.084831752461e-05, 0.0000e+00, 0.0000e+00, 
 1DIAGNOSTIC,    44, -9.727783203125e-01, 1.028683070841e-05, 0.0000e+00, 0.0000e+00, 
 1DIAGNOSTIC,    45, -9.730224609375e-01, 1.129386353801e-05, 0.0000e+00, 0.0000e+00, 
 1DIAGNOSTIC,    46, -9.729614257812e-01, 1.040885355029e-05, 0.0000e+00, 0.0000e+00, 
 1DIAGNOSTIC,    47, -9.731445312500e-01, 1.096579399171e-05, 0.0000e+00, 0.0000e+00, 
 1DIAGNOSTIC,    48, -9.730834960938e-01, 9.736661011447e-06, 0.0000e+00, 0.0000e+00, 
 1DIAGNOSTIC,    49, -9.732666015625e-01, 9.939152439457e-06, 0.0000e+00, 0.0000e+00, 
 1DIAGNOSTIC,    50, -9.732055664062e-01, 8.480813890072e-06, 0.0000e+00, 0.0000e+00, 
 1DIAGNOSTIC,    51, -9.734497070312e-01, 9.182135126760e-06, 0.0000e+00, 0.0000e+00, 
 1DIAGNOSTIC,    52, -9.733276367188e-01, 7.948455481483e-06, 0.0000e+00, 0.0000e+00, 
 1DIAGNOSTIC,    53, -9.734497070312e-01, 8.157615940977e-06, 0.0000e+00, 0.0000e+00, 
 1DIAGNOSTIC,    54, -9.733276367188e-01, 6.274194098141e-06, 0.0000e+00, 0.0000e+00, 
 1DIAGNOSTIC,    55, -9.735717773438e-01, 6.560803520090e-06, 0.0000e+00, 0.0000e+00, 
 1DIAGNOSTIC,    56, -9.734497070312e-01, 5.248142246339e-06, 0.0000e+00, 0.0000e+00, 
 1DIAGNOSTIC,    57, -9.736938476562e-01, 5.785552482197e-06, 0.0000e+00, 0.0000e+00, 
 1DIAGNOSTIC,    58, -9.735717773438e-01, 4.849388176863e-06, 0.0000e+00, 0.0000e+00, 
 1DIAGNOSTIC,    59, -9.738159179688e-01, 5.706963699503e-06, 0.0000e+00, 0.0000e+00, 
 1DIAGNOSTIC,    60, -9.736938476562e-01, 5.086301855837e-06, 0.0000e+00, 0.0000e+00, 
 1DIAGNOSTIC,    61, -9.738769531250e-01, 6.150583111531e-06, 0.0000e+00, 0.0000e+00, 
 1DIAGNOSTIC,    62, -9.737548828125e-01, 5.462513730820e-06, 0.0000e+00, 0.0000e+00, 
 1DIAGNOSTIC,    63, -9.739990234375e-01, 6.074910364959e-06, 0.0000e+00, 0.0000e+00, 
 1DIAGNOSTIC,    64, -9.738159179688e-01, 4.684300740219e-06, 0.0000e+00, 0.0000e+00, 
 1DIAGNOSTIC,    65, -9.740600585938e-01, 5.197106288917e-06, 0.0000e+00, 0.0000e+00, 
 1DIAGNOSTIC,    66, -9.739379882812e-01, 4.114306542770e-06, 0.0000e+00, 0.0000e+00, 
 1DIAGNOSTIC,    67, -9.741821289062e-01, 4.897779098612e-06, 0.0000e+00, 0.0000e+00, 
 1DIAGNOSTIC,    68, -9.739990234375e-01, 3.870914436849e-06, 0.0000e+00, 0.0000e+00, 
 1DIAGNOSTIC,    69, -9.742431640625e-01, 4.677962395278e-06, 0.0000e+00, 0.0000e+00, 
 1DIAGNOSTIC,    70, -9.740600585938e-01, 3.741844694120e-06, 0.0000e+00, 0.0000e+00, 
 1DIAGNOSTIC,    71, -9.743652343750e-01, 4.577446148100e-06, 0.0000e+00, 0.0000e+00, 
 1DIAGNOSTIC,    72, -9.741821289062e-01, 3.697467420473e-06, 0.0000e+00, 0.0000e+00, 
 1DIAGNOSTIC,    73, -9.744262695312e-01, 4.551198426385e-06, 0.0000e+00, 0.0000e+00, 
 1DIAGNOSTIC,    74, -9.742431640625e-01, 3.498755562596e-06, 0.0000e+00, 0.0000e+00, 
 1DIAGNOSTIC,    75, -9.744873046875e-01, 4.133177311016e-06, 0.0000e+00, 0.0000e+00, 
 1DIAGNOSTIC,    76, -9.743041992188e-01, 3.170933976795e-06, 0.0000e+00, 0.0000e+00, 
 1DIAGNOSTIC,    77, -9.746093750000e-01, 4.110826408273e-06, 0.0000e+00, 0.0000e+00, 
 1DIAGNOSTIC,    78, -9.744262695312e-01, 3.250823660027e-06, 0.0000e+00, 0.0000e+00, 
 1DIAGNOSTIC,    79, -9.746093750000e-01, 3.779962479522e-06, 0.0000e+00, 0.0000e+00, 
 1DIAGNOSTIC,    80, -9.744262695312e-01, 2.592944146331e-06, 0.0000e+00, 0.0000e+00, 
 1DIAGNOSTIC,    81, -9.747314453125e-01, 3.477838429819e-06, 0.0000e+00, 0.0000e+00, 
 1DIAGNOSTIC,    82, -9.745483398438e-01, 2.683059424099e-06, 0.0000e+00, 0.0000e+00, 
 1DIAGNOSTIC,    83, -9.747314453125e-01, 3.245484318681e-06, 0.0000e+00, 0.0000e+00, 
 1DIAGNOSTIC,    84, -9.746093750000e-01, 2.432993839400e-06, 0.0000e+00, 0.0000e+00, 
 1DIAGNOSTIC,    85, -9.747924804688e-01, 2.955490009844e-06, 0.0000e+00, 0.0000e+00, 
 1DIAGNOSTIC,    86, -9.746093750000e-01, 1.924870692662e-06, 0.0000e+00, 0.0000e+00, 
 1DIAGNOSTIC,    87, -9.748535156250e-01, 2.662287886861e-06, 0.0000e+00, 0.0000e+00, 
 1DIAGNOSTIC,    88, -9.746704101562e-01, 1.914975369621e-06, 0.0000e+00, 0.0000e+00, 
 1DIAGNOSTIC,    89, -9.748535156250e-01, 2.285758406035e-06, 0.0000e+00, 0.0000e+00, 
 1DIAGNOSTIC,    90, -9.746704101562e-01, 1.234782993551e-06, 0.0000e+00, 0.0000e+00, 
 1DIAGNOSTIC,    91, -9.748535156250e-01, 1.737059741297e-06, 0.0000e+00, 0.0000e+00, 
 1DIAGNOSTIC,    92, -9.746704101562e-01, 9.017261378454e-07, 0.0000e+00, 0.0000e+00, 
XXDIAGNOSTIC,Iteration,metricValue,convergenceValue,ITERATION_TIME_INDEX,SINCE_LAST
 1DIAGNOSTIC,     1, -9.141235351562e-01, 1.797693134862e+308, 0.0000e+00, 0.0000e+00, 
 1DIAGNOSTIC,     2, -9.161376953125e-01, 1.797693134862e+308, 0.0000e+00, 0.0000e+00, 
 1DIAGNOSTIC,     3, -9.188232421875e-01, 1.797693134862e+308, 0.0000e+00, 0.0000e+00, 
 1DIAGNOSTIC,     4, -9.218750000000e-01, 1.797693134862e+308, 0.0000e+00, 0.0000e+00, 
 1DIAGNOSTIC,     5, -9.245605468750e-01, 1.797693134862e+308, 0.0000e+00, 0.0000e+00, 
 1DIAGNOSTIC,     6, -9.267578125000e-01, 1.797693134862e+308, 0.0000e+00, 0.0000e+00, 
 1DIAGNOSTIC,     7, -9.290771484375e-01, 1.797693134862e+308, 0.0000e+00, 0.0000e+00, 
 1DIAGNOSTIC,     8, -9.310913085938e-01, 1.797693134862e+308, 0.0000e+00, 0.0000e+00, 
 1DIAGNOSTIC,     9, -9.330444335938e-01, 1.797693134862e+308, 0.0000e+00, 0.0000e+00, 
 1DIAGNOSTIC,    10, -9.346923828125e-01, 1.468748140826e-03, 0.0000e+00, 0.0000e+00, 
 1DIAGNOSTIC,    11, -9.362792968750e-01, 1.266843488043e-03, 0.0000e+00, 0.0000e+00, 
 1DIAGNOSTIC,    12, -9.376831054688e-01, 1.071810303031e-03, 0.0000e+00, 0.0000e+00, 
 1DIAGNOSTIC,    13, -9.389038085938e-01, 9.011572779049e-04, 0.0000e+00, 0.0000e+00, 
 1DIAGNOSTIC,    14, -9.396362304688e-01, 7.551906281874e-04, 0.0000e+00, 0.0000e+00, 
 1DIAGNOSTIC,    15, -9.403076171875e-01, 6.281172350858e-04, 0.0000e+00, 0.0000e+00, 
 1DIAGNOSTIC,    16, -9.409790039062e-01, 5.137908607314e-04, 0.0000e+00, 0.0000e+00, 
 1DIAGNOSTIC,    17, -9.415283203125e-01, 4.167900874389e-04, 0.0000e+00, 0.0000e+00, 
 1DIAGNOSTIC,    18, -9.420166015625e-01, 3.342215217944e-04, 0.0000e+00, 0.0000e+00, 
 1DIAGNOSTIC,    19, -9.425048828125e-01, 2.685192587488e-04, 0.0000e+00, 0.0000e+00, 
 1DIAGNOSTIC,    20, -9.428710937500e-01, 2.150236072224e-04, 0.0000e+00, 0.0000e+00, 
 1DIAGNOSTIC,    21, -9.431762695312e-01, 1.738976437359e-04, 0.0000e+00, 0.0000e+00, 
 1DIAGNOSTIC,    22, -9.434204101562e-01, 1.429466759309e-04, 0.0000e+00, 0.0000e+00, 
 1DIAGNOSTIC,    23, -9.436645507812e-01, 1.207386051844e-04, 0.0000e+00, 0.0000e+00, 
 1DIAGNOSTIC,    24, -9.438476562500e-01, 1.006861019303e-04, 0.0000e+00, 0.0000e+00, 
 1DIAGNOSTIC,    25, -9.440307617188e-01, 8.319841164864e-05, 0.0000e+00, 0.0000e+00, 
 1DIAGNOSTIC,    26, -9.442138671875e-01, 6.928288383749e-05, 0.0000e+00, 0.0000e+00, 
 1DIAGNOSTIC,    27, -9.443969726562e-01, 5.817204200136e-05, 0.0000e+00, 0.0000e+00, 
 1DIAGNOSTIC,    28, -9.445800781250e-01, 4.968264919887e-05, 0.0000e+00, 0.0000e+00, 
 1DIAGNOSTIC,    29, -9.447021484375e-01, 4.353522188016e-05, 0.0000e+00, 0.0000e+00, 
 1DIAGNOSTIC,    30, -9.448852539062e-01, 3.932396130787e-05, 0.0000e+00, 0.0000e+00, 
 1DIAGNOSTIC,    31, -9.450073242188e-01, 3.590845610774e-05, 0.0000e+00, 0.0000e+00, 
 1DIAGNOSTIC,    32, -9.451293945312e-01, 3.284439259347e-05, 0.0000e+00, 0.0000e+00, 
 1DIAGNOSTIC,    33, -9.452514648438e-01, 3.030346397168e-05, 0.0000e+00, 0.0000e+00, 
 1DIAGNOSTIC,    34, -9.453735351562e-01, 2.783903213330e-05, 0.0000e+00, 0.0000e+00, 
 1DIAGNOSTIC,    35, -9.454345703125e-01, 2.505996673440e-05, 0.0000e+00, 0.0000e+00, 
 1DIAGNOSTIC,    36, -9.455566406250e-01, 2.270730452330e-05, 0.0000e+00, 0.0000e+00, 
 1DIAGNOSTIC,    37, -9.456176757812e-01, 2.038744046114e-05, 0.0000e+00, 0.0000e+00, 
 1DIAGNOSTIC,    38, -9.457397460938e-01, 1.876983566034e-05, 0.0000e+00, 0.0000e+00, 
 1DIAGNOSTIC,    39, -9.458007812500e-01, 1.692597525248e-05, 0.0000e+00, 0.0000e+00, 
 1DIAGNOSTIC,    40, -9.458618164062e-01, 1.549493773762e-05, 0.0000e+00, 0.0000e+00, 
 1DIAGNOSTIC,    41, -9.459228515625e-01, 1.408936387087e-05, 0.0000e+00, 0.0000e+00, 
 1DIAGNOSTIC,    42, -9.460449218750e-01, 1.323470307768e-05, 0.0000e+00, 0.0000e+00, 
 1DIAGNOSTIC,    43, -9.461059570312e-01, 1.249780673461e-05, 0.0000e+00, 0.0000e+00, 
 1DIAGNOSTIC,    44, -9.461669921875e-01, 1.194407432560e-05, 0.0000e+00, 0.0000e+00, 
 1DIAGNOSTIC,    45, -9.462280273438e-01, 1.116987731851e-05, 0.0000e+00, 0.0000e+00, 
 1DIAGNOSTIC,    46, -9.462280273438e-01, 1.023991614695e-05, 0.0000e+00, 0.0000e+00, 
 1DIAGNOSTIC,    47, -9.462890625000e-01, 9.219928769660e-06, 0.0000e+00, 0.0000e+00, 
 1DIAGNOSTIC,    48, -9.463500976562e-01, 8.577140036815e-06, 0.0000e+00, 0.0000e+00, 
 1DIAGNOSTIC,    49, -9.463500976562e-01, 7.584214569395e-06, 0.0000e+00, 0.0000e+00, 
 1DIAGNOSTIC,    50, -9.464111328125e-01, 6.725917488765e-06, 0.0000e+00, 0.0000e+00, 
 1DIAGNOSTIC,    51, -9.464111328125e-01, 5.675568846297e-06, 0.0000e+00, 0.0000e+00, 
 1DIAGNOSTIC,    52, -9.464721679688e-01, 5.255888596786e-06, 0.0000e+00, 0.0000e+00, 
 1DIAGNOSTIC,    53, -9.464721679688e-01, 4.750654735312e-06, 0.0000e+00, 0.0000e+00, 
 1DIAGNOSTIC,    54, -9.465332031250e-01, 4.559213160435e-06, 0.0000e+00, 0.0000e+00, 
 1DIAGNOSTIC,    55, -9.465332031250e-01, 4.341455489099e-06, 0.0000e+00, 0.0000e+00, 
 1DIAGNOSTIC,    56, -9.465332031250e-01, 3.778665562306e-06, 0.0000e+00, 0.0000e+00, 
 1DIAGNOSTIC,    57, -9.465332031250e-01, 3.258938348294e-06, 0.0000e+00, 0.0000e+00, 
 1DIAGNOSTIC,    58, -9.465942382812e-01, 3.146816746430e-06, 0.0000e+00, 0.0000e+00, 
 1DIAGNOSTIC,    59, -9.465942382812e-01, 2.782676447495e-06, 0.0000e+00, 0.0000e+00, 
 1DIAGNOSTIC,    60, -9.465942382812e-01, 2.540117503558e-06, 0.0000e+00, 0.0000e+00, 
 1DIAGNOSTIC,    61, -9.466552734375e-01, 2.427062376638e-06, 0.0000e+00, 0.0000e+00, 
 1DIAGNOSTIC,    62, -9.466552734375e-01, 2.436840796885e-06, 0.0000e+00, 0.0000e+00, 
 1DIAGNOSTIC,    63, -9.466552734375e-01, 2.262573712684e-06, 0.0000e+00, 0.0000e+00, 
 1DIAGNOSTIC,    64, -9.466552734375e-01, 2.227043294993e-06, 0.0000e+00, 0.0000e+00, 
 1DIAGNOSTIC,    65, -9.467163085938e-01, 2.323796183427e-06, 0.0000e+00, 0.0000e+00, 
 1DIAGNOSTIC,    66, -9.467163085938e-01, 2.242298089521e-06, 0.0000e+00, 0.0000e+00, 
 1DIAGNOSTIC,    67, -9.467163085938e-01, 1.998547958099e-06, 0.0000e+00, 0.0000e+00, 
 1DIAGNOSTIC,    68, -9.467773437500e-01, 2.176019952775e-06, 0.0000e+00, 0.0000e+00, 
 1DIAGNOSTIC,    69, -9.467773437500e-01, 2.188453652458e-06, 0.0000e+00, 0.0000e+00, 
 1DIAGNOSTIC,    70, -9.467773437500e-01, 2.035261745609e-06, 0.0000e+00, 0.0000e+00, 
XXDIAGNOSTIC,Iteration,metricValue,convergenceValue,ITERATION_TIME_INDEX,SINCE_LAST
 1DIAGNOSTIC,     1, -9.052124023438e-01, 1.797693134862e+308, 0.0000e+00, 0.0000e+00, 
 1DIAGNOSTIC,     2, -9.078979492188e-01, 1.797693134862e+308, 0.0000e+00, 0.0000e+00, 
 1DIAGNOSTIC,     3, -9.107666015625e-01, 1.797693134862e+308, 0.0000e+00, 0.0000e+00, 
 1DIAGNOSTIC,     4, -9.134521484375e-01, 1.797693134862e+308, 0.0000e+00, 0.0000e+00, 
 1DIAGNOSTIC,     5, -9.157714843750e-01, 1.797693134862e+308, 0.0000e+00, 0.0000e+00, 
 1DIAGNOSTIC,     6, -9.179077148438e-01, 1.797693134862e+308, 0.0000e+00, 0.0000e+00, 
 1DIAGNOSTIC,     7, -9.197387695312e-01, 1.797693134862e+308, 0.0000e+00, 0.0000e+00, 
 1DIAGNOSTIC,     8, -9.213867187500e-01, 1.797693134862e+308, 0.0000e+00, 0.0000e+00, 
 1DIAGNOSTIC,     9, -9.228515625000e-01, 1.797693134862e+308, 0.0000e+00, 0.0000e+00, 
 1DIAGNOSTIC,    10, -9.242553710938e-01, 1.333523585617e-03, 0.0000e+00, 0.0000e+00, 
 1DIAGNOSTIC,    11, -9.252319335938e-01, 1.092545008361e-03, 0.0000e+00, 0.0000e+00, 
 1DIAGNOSTIC,    12, -9.263305664062e-01, 8.909513984705e-04, 0.0000e+00, 0.0000e+00, 
 1DIAGNOSTIC,    13, -9.271240234375e-01, 7.264760931832e-04, 0.0000e+00, 0.0000e+00, 
 1DIAGNOSTIC,    14, -9.278564453125e-01, 5.946155020033e-04, 0.0000e+00, 0.0000e+00, 
 1DIAGNOSTIC,    15, -9.285888671875e-01, 4.885559787167e-04, 0.0000e+00, 0.0000e+00, 
 1DIAGNOSTIC,    16, -9.291992187500e-01, 4.036881818593e-04, 0.0000e+00, 0.0000e+00, 
 1DIAGNOSTIC,    17, -9.298095703125e-01, 3.357749634910e-04, 0.0000e+00, 0.0000e+00, 
 1DIAGNOSTIC,    18, -9.302978515625e-01, 2.808171555179e-04, 0.0000e+00, 0.0000e+00, 
 1DIAGNOSTIC,    19, -9.307861328125e-01, 2.371664552446e-04, 0.0000e+00, 0.0000e+00, 
 1DIAGNOSTIC,    20, -9.312133789062e-01, 2.040253386352e-04, 0.0000e+00, 0.0000e+00, 
 1DIAGNOSTIC,    21, -9.316406250000e-01, 1.754922093819e-04, 0.0000e+00, 0.0000e+00, 
 1DIAGNOSTIC,    22, -9.320068359375e-01, 1.536517458768e-04, 0.0000e+00, 0.0000e+00, 
 1DIAGNOSTIC,    23, -9.323730468750e-01, 1.348645897907e-04, 0.0000e+00, 0.0000e+00, 
 1DIAGNOSTIC,    24, -9.326782226562e-01, 1.182915904937e-04, 0.0000e+00, 0.0000e+00, 
 1DIAGNOSTIC,    25, -9.329833984375e-01, 1.047288049337e-04, 0.0000e+00, 0.0000e+00, 
 1DIAGNOSTIC,    26, -9.332275390625e-01, 9.246756642942e-05, 0.0000e+00, 0.0000e+00, 
 1DIAGNOSTIC,    27, -9.335327148438e-01, 8.287702930459e-05, 0.0000e+00, 0.0000e+00, 
 1DIAGNOSTIC,    28, -9.338378906250e-01, 7.487808500250e-05, 0.0000e+00, 0.0000e+00, 
 1DIAGNOSTIC,    29, -9.340820312500e-01, 6.814805605209e-05, 0.0000e+00, 0.0000e+00, 
 1DIAGNOSTIC,    30, -9.343872070312e-01, 6.297410800954e-05, 0.0000e+00, 0.0000e+00, 
 1DIAGNOSTIC,    31, -9.346313476562e-01, 5.886395097801e-05, 0.0000e+00, 0.0000e+00, 
 1DIAGNOSTIC,    32, -9.349365234375e-01, 5.591167544070e-05, 0.0000e+00, 0.0000e+00, 
 1DIAGNOSTIC,    33, -9.351806640625e-01, 5.354128221343e-05, 0.0000e+00, 0.0000e+00, 
 1DIAGNOSTIC,    34, -9.354248046875e-01, 5.123621605436e-05, 0.0000e+00, 0.0000e+00, 
 1DIAGNOSTIC,    35, -9.356689453125e-01, 4.907808021118e-05, 0.0000e+00, 0.0000e+00, 
 1DIAGNOSTIC,    36, -9.359130859375e-01, 4.657269101635e-05, 0.0000e+00, 0.0000e+00, 
 1DIAGNOSTIC,    37, -9.360961914062e-01, 4.385368098320e-05, 0.0000e+00, 0.0000e+00, 
 1DIAGNOSTIC,    38, -9.362792968750e-01, 4.110848941895e-05, 0.0000e+00, 0.0000e+00, 
 1DIAGNOSTIC,    39, -9.364624023438e-01, 3.799501918673e-05, 0.0000e+00, 0.0000e+00, 
 1DIAGNOSTIC,    40, -9.365844726562e-01, 3.474048159058e-05, 0.0000e+00, 0.0000e+00, 
 1DIAGNOSTIC,    41, -9.367675781250e-01, 3.157055753562e-05, 0.0000e+00, 0.0000e+00, 
 1DIAGNOSTIC,    42, -9.368896484375e-01, 2.870246539053e-05, 0.0000e+00, 0.0000e+00, 
 1DIAGNOSTIC,    43, -9.370117187500e-01, 2.589445059947e-05, 0.0000e+00, 0.0000e+00, 
 1DIAGNOSTIC,    44, -9.371337890625e-01, 2.334296315685e-05, 0.0000e+00, 0.0000e+00, 
 1DIAGNOSTIC,    45, -9.372558593750e-01, 2.121163194573e-05, 0.0000e+00, 0.0000e+00, 
 1DIAGNOSTIC,    46, -9.373168945312e-01, 1.922896235235e-05, 0.0000e+00, 0.0000e+00, 
 1DIAGNOSTIC,    47, -9.374389648438e-01, 1.754062286581e-05, 0.0000e+00, 0.0000e+00, 
 1DIAGNOSTIC,    48, -9.375000000000e-01, 1.584903489140e-05, 0.0000e+00, 0.0000e+00, 
 1DIAGNOSTIC,    49, -9.376220703125e-01, 1.468029004111e-05, 0.0000e+00, 0.0000e+00, 
 1DIAGNOSTIC,    50, -9.376831054688e-01, 1.331481167453e-05, 0.0000e+00, 0.0000e+00, 
XXDIAGNOSTIC,Iteration,metricValue,convergenceValue,ITERATION_TIME_INDEX,SINCE_LAST
 1DIAGNOSTIC,     1, -8.940429687500e-01, 1.797693134862e+308, 0.0000e+00, 0.0000e+00, 
 1DIAGNOSTIC,     2, -8.952026367188e-01, 1.797693134862e+308, 0.0000e+00, 0.0000e+00, 
 1DIAGNOSTIC,     3, -8.967285156250e-01, 1.797693134862e+308, 0.0000e+00, 0.0000e+00, 
 1DIAGNOSTIC,     4, -8.982543945312e-01, 1.797693134862e+308, 0.0000e+00, 0.0000e+00, 
 1DIAGNOSTIC,     5, -8.997802734375e-01, 1.797693134862e+308, 0.0000e+00, 0.0000e+00, 
 1DIAGNOSTIC,     6, -9.012451171875e-01, 1.797693134862e+308, 0.0000e+00, 0.0000e+00, 
 1DIAGNOSTIC,     7, -9.027099609375e-01, 1.797693134862e+308, 0.0000e+00, 0.0000e+00, 
 1DIAGNOSTIC,     8, -9.039916992188e-01, 1.797693134862e+308, 0.0000e+00, 0.0000e+00, 
 1DIAGNOSTIC,     9, -9.051513671875e-01, 1.797693134862e+308, 0.0000e+00, 0.0000e+00, 
 1DIAGNOSTIC,    10, -9.061279296875e-01, 8.940088399119e-04, 0.0000e+00, 0.0000e+00, 
 1DIAGNOSTIC,    11, -9.069824218750e-01, 7.790385600884e-04, 0.0000e+00, 0.0000e+00, 
 1DIAGNOSTIC,    12, -9.078979492188e-01, 6.675490354091e-04, 0.0000e+00, 0.0000e+00, 
 1DIAGNOSTIC,    13, -9.087524414062e-01, 5.702294392861e-04, 0.0000e+00, 0.0000e+00, 
 1DIAGNOSTIC,    14, -9.094238281250e-01, 4.841419356852e-04, 0.0000e+00, 0.0000e+00, 
 1DIAGNOSTIC,    15, -9.100341796875e-01, 4.100423509537e-04, 0.0000e+00, 0.0000e+00, 
 1DIAGNOSTIC,    16, -9.105834960938e-01, 3.470271449205e-04, 0.0000e+00, 0.0000e+00, 
 1DIAGNOSTIC,    17, -9.110717773438e-01, 2.953992785667e-04, 0.0000e+00, 0.0000e+00, 
 1DIAGNOSTIC,    18, -9.115600585938e-01, 2.529367029026e-04, 0.0000e+00, 0.0000e+00, 
 1DIAGNOSTIC,    19, -9.119873046875e-01, 2.176689619041e-04, 0.0000e+00, 0.0000e+00, 
 1DIAGNOSTIC,    20, -9.124145507812e-01, 1.877595790358e-04, 0.0000e+00, 0.0000e+00, 
  Elapsed time (stage 0): 0


Total elapsed time: 0
