
##########################
# Experiment information #
##########################
SIF_IMG: /project/rrg-glatard/mdugre/containers/ants-p2-vprec.sif
EXPERIMENT_NAME: vprec-space_search
CONFIG: 0001
VFC_BACKENDS: libinterflop_vprec.so --range-binary32=7 --precision-binary32=7 --range-binary64=7 --precision-binary64=7

FIXED_IMG: /templateflow/tpl-MNI152NLin2009cAsym/tpl-MNI152NLin2009cAsym_res-01_desc-brain_T1w.nii.gz
SUBJECT_ID: 0003023
INPUT_IMG: /project/rrg-glatard/mdugre/datasets/corr/RawDataBIDS/BMB_1/derivatives/antsBrainExtraction/sub-0003023/BrainExtractionBrain.nii.gz
OUTPUT_DIR: /project/rrg-glatard/mdugre/datasets/corr/RawDataBIDS/BMB_1/derivatives/vprec-space_search/0001/r7-p7/sub-0003023

ITK_GLOBAL_DEFAULT_NUMBER_OF_THREADS: 8
##########################

VFC_BACKENDS=libinterflop_ieee.so
Info [verificarlo]: loaded backend libinterflop_ieee.so
Info [interflop-ieee]: load backend with:
Info [interflop-ieee]: debug = false
Info [interflop-ieee]: debug-binary = false
Info [interflop-ieee]: no-backend-name = false
Info [interflop-ieee]: print-new-line = false
Info [interflop-ieee]: print-subnormal-normalized = false
Info [interflop-ieee]: count-op = false
All_Command_lines_OK
Using double precision for computations.
=============================================================================
The composite transform comprises the following transforms (in order): 
  1. Center of mass alignment using fixed image: /templateflow/tpl-MNI152NLin2009cAsym/tpl-MNI152NLin2009cAsym_res-01_desc-brain_T1w.nii.gz and moving image: /project/rrg-glatard/mdugre/datasets/corr/RawDataBIDS/BMB_1/derivatives/antsBrainExtraction/sub-0003023/BrainExtractionBrain.nii.gz (type = Euler3DTransform)
=============================================================================
  number of levels = 1
  fixed image: /templateflow/tpl-MNI152NLin2009cAsym/tpl-MNI152NLin2009cAsym_res-01_desc-brain_T1w.nii.gz
  moving image: /project/rrg-glatard/mdugre/datasets/corr/RawDataBIDS/BMB_1/derivatives/antsBrainExtraction/sub-0003023/BrainExtractionBrain.nii.gz
Dimension = 3
Number of stages = 1
Use histogram matching = false
Winsorize image intensities = true
  Lower quantile = 0.005
  Upper quantile = 0.995


Stage 1 State
   Image metric = MattesMI
     Fixed image = Image (0x3ff5390)
  RTTI typeinfo:   itk::Image<double, 3u>
  Reference Count: 2
  Modified Time: 2330
  Debug: Off
  Object Name: 
  Observers: 
    none
  Source: (none)
  Source output name: (none)
  Release Data: Off
  Data Released: False
  Global Release Data: Off
  PipelineMTime: 0
  UpdateMTime: 1941
  RealTimeStamp: 0 seconds 
  LargestPossibleRegion: 
    Dimension: 3
    Index: [0, 0, 0]
    Size: [193, 229, 193]
  BufferedRegion: 
    Dimension: 3
    Index: [0, 0, 0]
    Size: [193, 229, 193]
  RequestedRegion: 
    Dimension: 3
    Index: [0, 0, 0]
    Size: [193, 229, 193]
  Spacing: [1, 1, 1]
  Origin: [96, 132, -78]
  Direction: 
-1 0 0
0 -1 0
0 0 1

  IndexToPointMatrix: 
-1 0 0
0 -1 0
0 0 1

  PointToIndexMatrix: 
-1 0 0
0 -1 0
0 0 1

  Inverse Direction: 
-1 0 0
0 -1 0
0 0 1

  PixelContainer: 
    ImportImageContainer (0x40c0a90)
      RTTI typeinfo:   itk::ImportImageContainer<unsigned long, double>
      Reference Count: 1
      Modified Time: 1938
      Debug: Off
      Object Name: 
      Observers: 
        none
      Pointer: 0x14edea211010
      Container manages memory: true
      Size: 8530021
      Capacity: 8530021

     Moving image = Image (0x3ffa390)
  RTTI typeinfo:   itk::Image<double, 3u>
  Reference Count: 2
  Modified Time: 2331
  Debug: Off
  Object Name: 
  Observers: 
    none
  Source: (none)
  Source output name: (none)
  Release Data: Off
  Data Released: False
  Global Release Data: Off
  PipelineMTime: 0
  UpdateMTime: 2328
  RealTimeStamp: 0 seconds 
  LargestPossibleRegion: 
    Dimension: 3
    Index: [0, 0, 0]
    Size: [176, 256, 256]
  BufferedRegion: 
    Dimension: 3
    Index: [0, 0, 0]
    Size: [176, 256, 256]
  RequestedRegion: 
    Dimension: 3
    Index: [0, 0, 0]
    Size: [176, 256, 256]
  Spacing: [1, 1, 1]
  Origin: [-91.7169, 102.904, -133.024]
  Direction: 
1 0 0
0 -1 0
0 0 1

  IndexToPointMatrix: 
1 0 0
0 -1 0
0 0 1

  PointToIndexMatrix: 
1 0 0
0 -1 0
0 0 1

  Inverse Direction: 
1 0 0
0 -1 0
0 0 1

  PixelContainer: 
    ImportImageContainer (0x41a0b90)
      RTTI typeinfo:   itk::ImportImageContainer<unsigned long, double>
      Reference Count: 1
      Modified Time: 2325
      Debug: Off
      Object Name: 
      Observers: 
        none
      Pointer: 0x14ede4a10010
      Container manages memory: true
      Size: 11534336
      Capacity: 11534336

     Weighting = 1
     Sampling strategy = regular
     Number of bins = 32
     Radius = 4
     Sampling percentage  = 0.25
   Transform = Rigid
     Gradient step = 0.1
     Update field sigma (voxel space) = 0
     Total field sigma (voxel space) = 0
     Update field time sigma = 0
     Total field time sigma  = 0
     Number of time indices = 0
     Number of time point samples = 0
Registration using 1 total stages.

Stage 0
  iterations = 0
  convergence threshold = 1e-06
  convergence window size = 10
  number of levels = 1
  using the Mattes MI metric (number of bins = 32, weight = 1, use gradient filter = 0)
  preprocessing:  winsorizing the image intensities
  Shrink factors (level 1 out of 1): [1, 1, 1]
  smoothing sigmas per level: [0]
  regular sampling (percentage = 0.25)

*** Running Euler3DTransform registration ***

  Elapsed time (stage 0): 0.927424


Total elapsed time: 0.928869
VFC_BACKENDS=libinterflop_ieee.so
Info [verificarlo]: loaded backend libinterflop_ieee.so
Info [interflop-ieee]: load backend with:
Info [interflop-ieee]: debug = false
Info [interflop-ieee]: debug-binary = false
Info [interflop-ieee]: no-backend-name = false
Info [interflop-ieee]: print-new-line = false
Info [interflop-ieee]: print-subnormal-normalized = false
Info [interflop-ieee]: count-op = false
All_Command_lines_OK
Using double precision for computations.
=============================================================================
The composite transform comprises the following transforms (in order): 
  1. /project/rrg-glatard/mdugre/datasets/corr/RawDataBIDS/BMB_1/derivatives/vprec-space_search/0001/r7-p7/sub-0003023/align_Composite.h5[0] (type = Euler3DTransform)
  2. /project/rrg-glatard/mdugre/datasets/corr/RawDataBIDS/BMB_1/derivatives/vprec-space_search/0001/r7-p7/sub-0003023/align_Composite.h5[1] (type = Euler3DTransform)
=============================================================================
  number of levels = 4
  fixed image: /templateflow/tpl-MNI152NLin2009cAsym/tpl-MNI152NLin2009cAsym_res-01_desc-brain_T1w.nii.gz
  moving image: /project/rrg-glatard/mdugre/datasets/corr/RawDataBIDS/BMB_1/derivatives/antsBrainExtraction/sub-0003023/BrainExtractionBrain.nii.gz
Dimension = 3
Number of stages = 1
Use histogram matching = false
Winsorize image intensities = true
  Lower quantile = 0.005
  Upper quantile = 0.995


Stage 1 State
   Image metric = MattesMI
     Fixed image = Image (0x4419650)
  RTTI typeinfo:   itk::Image<double, 3u>
  Reference Count: 2
  Modified Time: 1578
  Debug: Off
  Object Name: 
  Observers: 
    none
  Source: (none)
  Source output name: (none)
  Release Data: Off
  Data Released: False
  Global Release Data: Off
  PipelineMTime: 0
  UpdateMTime: 1189
  RealTimeStamp: 0 seconds 
  LargestPossibleRegion: 
    Dimension: 3
    Index: [0, 0, 0]
    Size: [193, 229, 193]
  BufferedRegion: 
    Dimension: 3
    Index: [0, 0, 0]
    Size: [193, 229, 193]
  RequestedRegion: 
    Dimension: 3
    Index: [0, 0, 0]
    Size: [193, 229, 193]
  Spacing: [1, 1, 1]
  Origin: [96, 132, -78]
  Direction: 
-1 0 0
0 -1 0
0 0 1

  IndexToPointMatrix: 
-1 0 0
0 -1 0
0 0 1

  PointToIndexMatrix: 
-1 0 0
0 -1 0
0 0 1

  Inverse Direction: 
-1 0 0
0 -1 0
0 0 1

  PixelContainer: 
    ImportImageContainer (0x44d7210)
      RTTI typeinfo:   itk::ImportImageContainer<unsigned long, double>
      Reference Count: 1
      Modified Time: 1186
      Debug: Off
      Object Name: 
      Observers: 
        none
      Pointer: 0x150bc6411010
      Container manages memory: true
      Size: 8530021
      Capacity: 8530021

     Moving image = Image (0x44d46e0)
  RTTI typeinfo:   itk::Image<double, 3u>
  Reference Count: 2
  Modified Time: 1579
  Debug: Off
  Object Name: 
  Observers: 
    none
  Source: (none)
  Source output name: (none)
  Release Data: Off
  Data Released: False
  Global Release Data: Off
  PipelineMTime: 0
  UpdateMTime: 1576
  RealTimeStamp: 0 seconds 
  LargestPossibleRegion: 
    Dimension: 3
    Index: [0, 0, 0]
    Size: [176, 256, 256]
  BufferedRegion: 
    Dimension: 3
    Index: [0, 0, 0]
    Size: [176, 256, 256]
  RequestedRegion: 
    Dimension: 3
    Index: [0, 0, 0]
    Size: [176, 256, 256]
  Spacing: [1, 1, 1]
  Origin: [-91.7169, 102.904, -133.024]
  Direction: 
1 0 0
0 -1 0
0 0 1

  IndexToPointMatrix: 
1 0 0
0 -1 0
0 0 1

  PointToIndexMatrix: 
1 0 0
0 -1 0
0 0 1

  Inverse Direction: 
1 0 0
0 -1 0
0 0 1

  PixelContainer: 
    ImportImageContainer (0x44a6970)
      RTTI typeinfo:   itk::ImportImageContainer<unsigned long, double>
      Reference Count: 1
      Modified Time: 1573
      Debug: Off
      Object Name: 
      Observers: 
        none
      Pointer: 0x150bc0c10010
      Container manages memory: true
      Size: 11534336
      Capacity: 11534336

     Weighting = 1
     Sampling strategy = regular
     Number of bins = 32
     Radius = 4
     Sampling percentage  = 0.25
   Transform = Rigid
     Gradient step = 0.1
     Update field sigma (voxel space) = 0
     Total field sigma (voxel space) = 0
     Update field time sigma = 0
     Total field time sigma  = 0
     Number of time indices = 0
     Number of time point samples = 0
Registration using 1 total stages.

Stage 0
  iterations = 1000x500x250x100
  convergence threshold = 1e-06
  convergence window size = 10
  number of levels = 4
  using the Mattes MI metric (number of bins = 32, weight = 1, use gradient filter = 0)
  preprocessing:  winsorizing the image intensities
  Shrink factors (level 1 out of 4): [8, 8, 8]
  Shrink factors (level 2 out of 4): [4, 4, 4]
  Shrink factors (level 3 out of 4): [2, 2, 2]
  Shrink factors (level 4 out of 4): [1, 1, 1]
  smoothing sigmas per level: [3, 2, 1, 0]
  regular sampling (percentage = 0.25)

*** Running Euler3DTransform registration ***

DIAGNOSTIC,Iteration,metricValue,convergenceValue,ITERATION_TIME_INDEX,SINCE_LAST
 2DIAGNOSTIC,     1, -4.921955890989e-01, 1.797693134862e+308, 1.1785e+00, 1.1785e+00, 
 2DIAGNOSTIC,     2, -4.933572473669e-01, 1.797693134862e+308, 1.1835e+00, 4.9970e-03, 
 2DIAGNOSTIC,     3, -4.948963945556e-01, 1.797693134862e+308, 1.1880e+00, 4.4391e-03, 
 2DIAGNOSTIC,     4, -4.961421621846e-01, 1.797693134862e+308, 1.1924e+00, 4.4670e-03, 
 2DIAGNOSTIC,     5, -4.977068144258e-01, 1.797693134862e+308, 1.1977e+00, 5.2319e-03, 
 2DIAGNOSTIC,     6, -5.005796127290e-01, 1.797693134862e+308, 1.2026e+00, 4.8831e-03, 
 2DIAGNOSTIC,     7, -5.021740670622e-01, 1.797693134862e+308, 1.2076e+00, 5.0821e-03, 
 2DIAGNOSTIC,     8, -5.049465755373e-01, 1.797693134862e+308, 1.2137e+00, 6.0890e-03, 
 2DIAGNOSTIC,     9, -5.050573106286e-01, 1.797693134862e+308, 1.2190e+00, 5.2519e-03, 
 2DIAGNOSTIC,    10, -5.061553136399e-01, 1.968503854824e-03, 1.2251e+00, 6.1171e-03, 
 2DIAGNOSTIC,    11, -5.066316307422e-01, 1.708865808232e-03, 1.2304e+00, 5.2631e-03, 
 2DIAGNOSTIC,    12, -5.068052470116e-01, 1.400994541138e-03, 1.2355e+00, 5.1711e-03, 
 2DIAGNOSTIC,    13, -5.068716363064e-01, 1.084748564956e-03, 1.2406e+00, 5.0180e-03, 
 2DIAGNOSTIC,    14, -5.068605609716e-01, 7.662302345645e-04, 1.2451e+00, 4.5490e-03, 
 2DIAGNOSTIC,    15, -5.070058733058e-01, 4.841586451701e-04, 1.2505e+00, 5.3840e-03, 
 2DIAGNOSTIC,    16, -5.070742645932e-01, 2.966155122235e-04, 1.2556e+00, 5.0769e-03, 
 2DIAGNOSTIC,    17, -5.071450618826e-01, 1.574575993946e-04, 1.2610e+00, 5.4581e-03, 
 2DIAGNOSTIC,    18, -5.071466565111e-01, 1.072076511135e-04, 1.2667e+00, 5.6460e-03, 
 2DIAGNOSTIC,    19, -5.072987129780e-01, 5.969871502456e-05, 1.2719e+00, 5.2638e-03, 
 2DIAGNOSTIC,    20, -5.072854861235e-01, 4.176680575312e-05, 1.2775e+00, 5.5881e-03, 
 2DIAGNOSTIC,    21, -5.071264882564e-01, 3.023830904608e-05, 1.2837e+00, 6.1500e-03, 
 2DIAGNOSTIC,    22, -5.072723715561e-01, 2.542944754415e-05, 1.2892e+00, 5.5780e-03, 
 2DIAGNOSTIC,    23, -5.072149843261e-01, 1.892276396123e-05, 1.2938e+00, 4.5159e-03, 
 2DIAGNOSTIC,    24, -5.070897293661e-01, 8.023389259378e-06, 1.2989e+00, 5.1112e-03, 
 2DIAGNOSTIC,    25, -5.071180896810e-01, 1.391155463305e-06, 1.3034e+00, 4.4861e-03, 
DIAGNOSTIC,Iteration,metricValue,convergenceValue,ITERATION_TIME_INDEX,SINCE_LAST
 2DIAGNOSTIC,     1, -3.973736685054e-01, 1.797693134862e+308, 2.5039e+00, 1.2006e+00, 
 2DIAGNOSTIC,     2, -3.976509454246e-01, 1.797693134862e+308, 2.5403e+00, 3.6402e-02, 
 2DIAGNOSTIC,     3, -3.979968607855e-01, 1.797693134862e+308, 2.5858e+00, 4.5502e-02, 
 2DIAGNOSTIC,     4, -3.987210705692e-01, 1.797693134862e+308, 2.6272e+00, 4.1334e-02, 
 2DIAGNOSTIC,     5, -4.010640253109e-01, 1.797693134862e+308, 2.6722e+00, 4.5063e-02, 
 2DIAGNOSTIC,     6, -4.014418211793e-01, 1.797693134862e+308, 2.7126e+00, 4.0315e-02, 
 2DIAGNOSTIC,     7, -4.021077667181e-01, 1.797693134862e+308, 2.7613e+00, 4.8712e-02, 
 2DIAGNOSTIC,     8, -4.027924277424e-01, 1.797693134862e+308, 2.8224e+00, 6.1142e-02, 
 2DIAGNOSTIC,     9, -4.029873969818e-01, 1.797693134862e+308, 2.8618e+00, 3.9403e-02, 
 2DIAGNOSTIC,    10, -4.031408763595e-01, 1.098763678190e-03, 2.9032e+00, 4.1384e-02, 
 2DIAGNOSTIC,    11, -4.034995557751e-01, 9.218398673193e-04, 2.9514e+00, 4.8180e-02, 
 2DIAGNOSTIC,    12, -4.035460822183e-01, 7.123317473772e-04, 2.9869e+00, 3.5512e-02, 
 2DIAGNOSTIC,    13, -4.036096850351e-01, 4.937423073974e-04, 3.0391e+00, 5.2237e-02, 
 2DIAGNOSTIC,    14, -4.036180421756e-01, 2.962856458473e-04, 3.0789e+00, 3.9776e-02, 
 2DIAGNOSTIC,    15, -4.036072938839e-01, 2.087449030191e-04, 3.1145e+00, 3.5598e-02, 
 2DIAGNOSTIC,    16, -4.036031882607e-01, 1.292087041217e-04, 3.1492e+00, 3.4745e-02, 
 2DIAGNOSTIC,    17, -4.036060563408e-01, 7.448465607354e-05, 3.1842e+00, 3.4972e-02, 
 2DIAGNOSTIC,    18, -4.036224146296e-01, 4.672371902437e-05, 3.2197e+00, 3.5454e-02, 
 2DIAGNOSTIC,    19, -4.036466977774e-01, 2.588541193607e-05, 3.2545e+00, 3.4828e-02, 
 2DIAGNOSTIC,    20, -4.036739092194e-01, 1.095949470121e-05, 3.2902e+00, 3.5678e-02, 
 2DIAGNOSTIC,    21, -4.037631296623e-01, 1.164344095991e-05, 3.3379e+00, 4.7767e-02, 
 2DIAGNOSTIC,    22, -4.037621185494e-01, 1.265913789184e-05, 3.3813e+00, 4.3366e-02, 
 2DIAGNOSTIC,    23, -4.037625911831e-01, 1.452843012936e-05, 3.4244e+00, 4.3119e-02, 
 2DIAGNOSTIC,    24, -4.037495724306e-01, 1.490680552921e-05, 3.4606e+00, 3.6139e-02, 
 2DIAGNOSTIC,    25, -4.037434634871e-01, 1.350088311579e-05, 3.4994e+00, 3.8819e-02, 
 2DIAGNOSTIC,    26, -4.037441104651e-01, 1.093096759798e-05, 3.5391e+00, 3.9666e-02, 
 2DIAGNOSTIC,    27, -4.037451145709e-01, 7.730034430851e-06, 3.5740e+00, 3.4921e-02, 
 2DIAGNOSTIC,    28, -4.037474130560e-01, 4.636779791567e-06, 3.6092e+00, 3.5209e-02, 
 2DIAGNOSTIC,    29, -4.037504849460e-01, 2.104717186015e-06, 3.6448e+00, 3.5580e-02, 
DIAGNOSTIC,Iteration,metricValue,convergenceValue,ITERATION_TIME_INDEX,SINCE_LAST
 2DIAGNOSTIC,     1, -3.519003527979e-01, 1.797693134862e+308, 5.2649e+00, 1.6201e+00, 
 2DIAGNOSTIC,     2, -3.520602752322e-01, 1.797693134862e+308, 5.5657e+00, 3.0082e-01, 
 2DIAGNOSTIC,     3, -3.522567590484e-01, 1.797693134862e+308, 5.8670e+00, 3.0128e-01, 
 2DIAGNOSTIC,     4, -3.523956086998e-01, 1.797693134862e+308, 6.1699e+00, 3.0292e-01, 
 2DIAGNOSTIC,     5, -3.524432632933e-01, 1.797693134862e+308, 6.4696e+00, 2.9969e-01, 
 2DIAGNOSTIC,     6, -3.526874228743e-01, 1.797693134862e+308, 6.7711e+00, 3.0148e-01, 
 2DIAGNOSTIC,     7, -3.528872905636e-01, 1.797693134862e+308, 7.1080e+00, 3.3689e-01, 
 2DIAGNOSTIC,     8, -3.532838240992e-01, 1.797693134862e+308, 7.6383e+00, 5.3026e-01, 
 2DIAGNOSTIC,     9, -3.532938589419e-01, 1.797693134862e+308, 8.0145e+00, 3.7629e-01, 
 2DIAGNOSTIC,    10, -3.533011618800e-01, 2.827979245113e-04, 8.3522e+00, 3.3768e-01, 
 2DIAGNOSTIC,    11, -3.533055669173e-01, 2.383126659859e-04, 8.6904e+00, 3.3813e-01, 
 2DIAGNOSTIC,    12, -3.533040336510e-01, 1.901883875434e-04, 9.0286e+00, 3.3820e-01, 
 2DIAGNOSTIC,    13, -3.533087264071e-01, 1.445998159373e-04, 9.4432e+00, 4.1468e-01, 
 2DIAGNOSTIC,    14, -3.533082282737e-01, 1.007593892479e-04, 9.8198e+00, 3.7660e-01, 
 2DIAGNOSTIC,    15, -3.533075052388e-01, 5.639499854304e-05, 1.0197e+01, 3.7725e-01, 
 2DIAGNOSTIC,    16, -3.533060670229e-01, 2.478377038646e-05, 1.0534e+01, 3.3655e-01, 
 2DIAGNOSTIC,    17, -3.533059074756e-01, 3.731112633555e-06, 1.0873e+01, 3.3937e-01, 
 2DIAGNOSTIC,    18, -3.533049028147e-01, 2.533065073675e-06, 1.1216e+01, 3.4339e-01, 
 2DIAGNOSTIC,    19, -3.533053626215e-01, 1.827395809458e-06, 1.1602e+01, 3.8595e-01, 
 2DIAGNOSTIC,    20, -3.533050967812e-01, 1.458496690719e-06, 1.1919e+01, 3.1713e-01, 
 2DIAGNOSTIC,    21, -3.533050926165e-01, 1.310402235201e-06, 1.2320e+01, 4.0045e-01, 
 2DIAGNOSTIC,    22, -3.533054545359e-01, 1.147138997584e-06, 1.2680e+01, 3.5957e-01, 
 2DIAGNOSTIC,    23, -3.533038995693e-01, 1.135397780343e-06, 1.3049e+01, 3.6968e-01, 
 2DIAGNOSTIC,    24, -3.533044214260e-01, 1.150310284935e-06, 1.3355e+01, 3.0561e-01, 
 2DIAGNOSTIC,    25, -3.533046316551e-01, 1.163987728432e-06, 1.3783e+01, 4.2811e-01, 
 2DIAGNOSTIC,    26, -3.533048738274e-01, 1.149078110482e-06, 1.4111e+01, 3.2774e-01, 
 2DIAGNOSTIC,    27, -3.533039441162e-01, 1.110898204967e-06, 1.4450e+01, 3.3911e-01, 
 2DIAGNOSTIC,    28, -3.533022037108e-01, 1.004082583619e-06, 1.4787e+01, 3.3721e-01, 
DIAGNOSTIC,Iteration,metricValue,convergenceValue,ITERATION_TIME_INDEX,SINCE_LAST
 2DIAGNOSTIC,     1, -3.276992866937e-01, 1.797693134862e+308, 1.7975e+01, 3.1882e+00, 
 2DIAGNOSTIC,     2, -3.277263194224e-01, 1.797693134862e+308, 2.0100e+01, 2.1248e+00, 
 2DIAGNOSTIC,     3, -3.278459097201e-01, 1.797693134862e+308, 2.2303e+01, 2.2034e+00, 
 2DIAGNOSTIC,     4, -3.278706777548e-01, 1.797693134862e+308, 2.4512e+01, 2.2085e+00, 
 2DIAGNOSTIC,     5, -3.278908230324e-01, 1.797693134862e+308, 3.0915e+01, 6.4029e+00, 
 2DIAGNOSTIC,     6, -3.278909426957e-01, 1.797693134862e+308, 3.3294e+01, 2.3792e+00, 
 2DIAGNOSTIC,     7, -3.278908994912e-01, 1.797693134862e+308, 3.5871e+01, 2.5767e+00, 
 2DIAGNOSTIC,     8, -3.278908424031e-01, 1.797693134862e+308, 3.7948e+01, 2.0768e+00, 
 2DIAGNOSTIC,     9, -3.278906492875e-01, 1.797693134862e+308, 4.0280e+01, 2.3328e+00, 
 2DIAGNOSTIC,    10, -3.278906669570e-01, 3.577112534091e-05, 4.2603e+01, 2.3225e+00, 
 2DIAGNOSTIC,    11, -3.278905449154e-01, 2.002094735405e-05, 4.4951e+01, 2.3477e+00, 
 2DIAGNOSTIC,    12, -3.278905745157e-01, 7.112844150448e-06, 4.7271e+01, 2.3207e+00, 
 2DIAGNOSTIC,    13, -3.278904464675e-01, 3.722912794296e-06, 4.9404e+01, 2.1330e+00, 
 2DIAGNOSTIC,    14, -3.278904050358e-01, 2.197076920438e-06, 5.1728e+01, 2.3239e+00, 
 2DIAGNOSTIC,    15, -3.278905104041e-01, 2.051646894416e-06, 5.3821e+01, 2.0923e+00, 
 2DIAGNOSTIC,    16, -3.278903404743e-01, 1.927677108535e-06, 5.6143e+01, 2.3226e+00, 
 2DIAGNOSTIC,    17, -3.278903727326e-01, 1.823593897894e-06, 5.8469e+01, 2.3260e+00, 
 2DIAGNOSTIC,    18, -3.278903273314e-01, 1.730775928584e-06, 6.0806e+01, 2.3374e+00, 
 2DIAGNOSTIC,    19, -3.278902717809e-01, 1.639690678776e-06, 6.2888e+01, 2.0811e+00, 
 2DIAGNOSTIC,    20, -3.278902283492e-01, 1.559917838845e-06, 6.4978e+01, 2.0909e+00, 
 2DIAGNOSTIC,    21, -3.278903530001e-01, 1.490671626976e-06, 6.7303e+01, 2.3249e+00, 
 2DIAGNOSTIC,    22, -3.278903912102e-01, 1.432656604503e-06, 6.9628e+01, 2.3247e+00, 
 2DIAGNOSTIC,    23, -3.278904165850e-01, 1.377073500446e-06, 7.2012e+01, 2.3837e+00, 
 2DIAGNOSTIC,    24, -3.278903619730e-01, 1.323165778284e-06, 7.4130e+01, 2.1187e+00, 
 2DIAGNOSTIC,    25, -3.278902469127e-01, 1.273712169070e-06, 7.6491e+01, 2.3605e+00, 
 2DIAGNOSTIC,    26, -3.278902748524e-01, 1.223164115528e-06, 7.8984e+01, 2.4928e+00, 
 2DIAGNOSTIC,    27, -3.278901676041e-01, 1.173846547090e-06, 8.1489e+01, 2.5052e+00, 
 2DIAGNOSTIC,    28, -3.278899292026e-01, 1.119808885681e-06, 8.3688e+01, 2.1993e+00, 
 2DIAGNOSTIC,    29, -3.278897742142e-01, 1.065062832699e-06, 8.6179e+01, 2.4906e+00, 
 2DIAGNOSTIC,    30, -3.278898166543e-01, 1.016927679238e-06, 8.8566e+01, 2.3870e+00, 
  Elapsed time (stage 0): 8.9773e+01


Total elapsed time: 8.9774e+01
VFC_BACKENDS=libinterflop_ieee.so
Info [verificarlo]: loaded backend libinterflop_ieee.so
Info [interflop-ieee]: load backend with:
Info [interflop-ieee]: debug = false
Info [interflop-ieee]: debug-binary = false
Info [interflop-ieee]: no-backend-name = false
Info [interflop-ieee]: print-new-line = false
Info [interflop-ieee]: print-subnormal-normalized = false
Info [interflop-ieee]: count-op = false
All_Command_lines_OK
Using double precision for computations.
=============================================================================
The composite transform comprises the following transforms (in order): 
  1. /project/rrg-glatard/mdugre/datasets/corr/RawDataBIDS/BMB_1/derivatives/vprec-space_search/0001/r7-p7/sub-0003023/rigid_Composite.h5[0] (type = Euler3DTransform)
  2. /project/rrg-glatard/mdugre/datasets/corr/RawDataBIDS/BMB_1/derivatives/vprec-space_search/0001/r7-p7/sub-0003023/rigid_Composite.h5[1] (type = Euler3DTransform)
  3. /project/rrg-glatard/mdugre/datasets/corr/RawDataBIDS/BMB_1/derivatives/vprec-space_search/0001/r7-p7/sub-0003023/rigid_Composite.h5[2] (type = Euler3DTransform)
=============================================================================
  number of levels = 4
  fixed image: /templateflow/tpl-MNI152NLin2009cAsym/tpl-MNI152NLin2009cAsym_res-01_desc-brain_T1w.nii.gz
  moving image: /project/rrg-glatard/mdugre/datasets/corr/RawDataBIDS/BMB_1/derivatives/antsBrainExtraction/sub-0003023/BrainExtractionBrain.nii.gz
Dimension = 3
Number of stages = 1
Use histogram matching = false
Winsorize image intensities = true
  Lower quantile = 0.005
  Upper quantile = 0.995


Stage 1 State
   Image metric = MattesMI
     Fixed image = Image (0x4945650)
  RTTI typeinfo:   itk::Image<double, 3u>
  Reference Count: 2
  Modified Time: 1592
  Debug: Off
  Object Name: 
  Observers: 
    none
  Source: (none)
  Source output name: (none)
  Release Data: Off
  Data Released: False
  Global Release Data: Off
  PipelineMTime: 0
  UpdateMTime: 1203
  RealTimeStamp: 0 seconds 
  LargestPossibleRegion: 
    Dimension: 3
    Index: [0, 0, 0]
    Size: [193, 229, 193]
  BufferedRegion: 
    Dimension: 3
    Index: [0, 0, 0]
    Size: [193, 229, 193]
  RequestedRegion: 
    Dimension: 3
    Index: [0, 0, 0]
    Size: [193, 229, 193]
  Spacing: [1, 1, 1]
  Origin: [96, 132, -78]
  Direction: 
-1 0 0
0 -1 0
0 0 1

  IndexToPointMatrix: 
-1 0 0
0 -1 0
0 0 1

  PointToIndexMatrix: 
-1 0 0
0 -1 0
0 0 1

  Inverse Direction: 
-1 0 0
0 -1 0
0 0 1

  PixelContainer: 
    ImportImageContainer (0x4a12290)
      RTTI typeinfo:   itk::ImportImageContainer<unsigned long, double>
      Reference Count: 1
      Modified Time: 1200
      Debug: Off
      Object Name: 
      Observers: 
        none
      Pointer: 0x14dac9fd7010
      Container manages memory: true
      Size: 8530021
      Capacity: 8530021

     Moving image = Image (0x4a11b00)
  RTTI typeinfo:   itk::Image<double, 3u>
  Reference Count: 2
  Modified Time: 1593
  Debug: Off
  Object Name: 
  Observers: 
    none
  Source: (none)
  Source output name: (none)
  Release Data: Off
  Data Released: False
  Global Release Data: Off
  PipelineMTime: 0
  UpdateMTime: 1590
  RealTimeStamp: 0 seconds 
  LargestPossibleRegion: 
    Dimension: 3
    Index: [0, 0, 0]
    Size: [176, 256, 256]
  BufferedRegion: 
    Dimension: 3
    Index: [0, 0, 0]
    Size: [176, 256, 256]
  RequestedRegion: 
    Dimension: 3
    Index: [0, 0, 0]
    Size: [176, 256, 256]
  Spacing: [1, 1, 1]
  Origin: [-91.7169, 102.904, -133.024]
  Direction: 
1 0 0
0 -1 0
0 0 1

  IndexToPointMatrix: 
1 0 0
0 -1 0
0 0 1

  PointToIndexMatrix: 
1 0 0
0 -1 0
0 0 1

  Inverse Direction: 
1 0 0
0 -1 0
0 0 1

  PixelContainer: 
    ImportImageContainer (0x49d30d0)
      RTTI typeinfo:   itk::ImportImageContainer<unsigned long, double>
      Reference Count: 1
      Modified Time: 1587
      Debug: Off
      Object Name: 
      Observers: 
        none
      Pointer: 0x14dac47d6010
      Container manages memory: true
      Size: 11534336
      Capacity: 11534336

     Weighting = 1
     Sampling strategy = regular
     Number of bins = 32
     Radius = 4
     Sampling percentage  = 0.25
   Transform = Affine
     Gradient step = 0.1
     Update field sigma (voxel space) = 0
     Total field sigma (voxel space) = 0
     Update field time sigma = 0
     Total field time sigma  = 0
     Number of time indices = 0
     Number of time point samples = 0
Registration using 1 total stages.

Stage 0
  iterations = 1000x500x250x100
  convergence threshold = 1e-06
  convergence window size = 10
  number of levels = 4
  using the Mattes MI metric (number of bins = 32, weight = 1, use gradient filter = 0)
  preprocessing:  winsorizing the image intensities
  Shrink factors (level 1 out of 4): [8, 8, 8]
  Shrink factors (level 2 out of 4): [4, 4, 4]
  Shrink factors (level 3 out of 4): [2, 2, 2]
  Shrink factors (level 4 out of 4): [1, 1, 1]
  smoothing sigmas per level: [3, 2, 1, 0]
  regular sampling (percentage = 0.25)

*** Running AffineTransform registration ***

DIAGNOSTIC,Iteration,metricValue,convergenceValue,ITERATION_TIME_INDEX,SINCE_LAST
 2DIAGNOSTIC,     1, -5.086370967521e-01, 1.797693134862e+308, 2.3045e+00, 2.3045e+00, 
 2DIAGNOSTIC,     2, -5.109501334861e-01, 1.797693134862e+308, 2.3099e+00, 5.4030e-03, 
 2DIAGNOSTIC,     3, -5.146166741748e-01, 1.797693134862e+308, 2.3151e+00, 5.2919e-03, 
 2DIAGNOSTIC,     4, -5.201518268958e-01, 1.797693134862e+308, 2.3206e+00, 5.4109e-03, 
 2DIAGNOSTIC,     5, -5.290721229241e-01, 1.797693134862e+308, 2.3259e+00, 5.3430e-03, 
 2DIAGNOSTIC,     6, -5.617213762618e-01, 1.797693134862e+308, 2.3314e+00, 5.5451e-03, 
 2DIAGNOSTIC,     7, -5.900923139690e-01, 1.797693134862e+308, 2.3375e+00, 6.0599e-03, 
 2DIAGNOSTIC,     8, -6.432969233847e-01, 1.797693134862e+308, 2.3451e+00, 7.6449e-03, 
 2DIAGNOSTIC,     9, -7.387075467837e-01, 1.797693134862e+308, 2.3517e+00, 6.5231e-03, 
 2DIAGNOSTIC,    10, -7.878273643058e-01, 2.919617132434e-02, 2.3579e+00, 6.2389e-03, 
 2DIAGNOSTIC,    11, -8.195392563425e-01, 3.207013064279e-02, 2.3652e+00, 7.2632e-03, 
 2DIAGNOSTIC,    12, -8.314417069024e-01, 3.202934936101e-02, 2.3725e+00, 7.2951e-03, 
 2DIAGNOSTIC,    13, -8.399795844863e-01, 2.955665300615e-02, 2.3798e+00, 7.3788e-03, 
 2DIAGNOSTIC,    14, -8.451323227099e-01, 2.519058898381e-02, 2.3866e+00, 6.7441e-03, 
 2DIAGNOSTIC,    15, -8.508328782768e-01, 1.967484475455e-02, 2.3932e+00, 6.6350e-03, 
 2DIAGNOSTIC,    16, -8.521323198651e-01, 1.413933526681e-02, 2.4010e+00, 7.7550e-03, 
 2DIAGNOSTIC,    17, -8.525322140812e-01, 8.818096293750e-03, 2.4069e+00, 5.9099e-03, 
 2DIAGNOSTIC,    18, -8.536191470756e-01, 4.590353812718e-03, 2.4131e+00, 6.2251e-03, 
 2DIAGNOSTIC,    19, -8.541431433666e-01, 2.475095137242e-03, 2.4218e+00, 8.7299e-03, 
 2DIAGNOSTIC,    20, -8.548288645492e-01, 1.355058502476e-03, 2.4295e+00, 7.6540e-03, 
 2DIAGNOSTIC,    21, -8.548790012397e-01, 8.256573332566e-04, 2.4356e+00, 6.0759e-03, 
 2DIAGNOSTIC,    22, -8.551026969843e-01, 4.891577907150e-04, 2.4441e+00, 8.4889e-03, 
 2DIAGNOSTIC,    23, -8.551975191657e-01, 2.851091195703e-04, 2.4512e+00, 7.1340e-03, 
 2DIAGNOSTIC,    24, -8.552554958018e-01, 1.550926600156e-04, 2.4577e+00, 6.5291e-03, 
 2DIAGNOSTIC,    25, -8.552900298376e-01, 1.097614476411e-04, 2.4646e+00, 6.9180e-03, 
 2DIAGNOSTIC,    26, -8.553129034867e-01, 7.766682645385e-05, 2.4709e+00, 6.2420e-03, 
 2DIAGNOSTIC,    27, -8.553404702623e-01, 4.685360663946e-05, 2.4800e+00, 9.1190e-03, 
 2DIAGNOSTIC,    28, -8.553493729754e-01, 2.882972155822e-05, 2.4870e+00, 6.9461e-03, 
 2DIAGNOSTIC,    29, -8.553563777022e-01, 1.624442163853e-05, 2.4946e+00, 7.6759e-03, 
 2DIAGNOSTIC,    30, -8.553678995915e-01, 1.186257815752e-05, 2.5005e+00, 5.9149e-03, 
 2DIAGNOSTIC,    31, -8.553908501012e-01, 7.603162084639e-06, 2.5074e+00, 6.8049e-03, 
 2DIAGNOSTIC,    32, -8.554005027954e-01, 5.695162514779e-06, 2.5140e+00, 6.6650e-03, 
 2DIAGNOSTIC,    33, -8.554125045917e-01, 4.662240243758e-06, 2.5202e+00, 6.1800e-03, 
 2DIAGNOSTIC,    34, -8.554171922904e-01, 4.029217119499e-06, 2.5268e+00, 6.5799e-03, 
 2DIAGNOSTIC,    35, -8.554194470353e-01, 3.533440501219e-06, 2.5357e+00, 8.9550e-03, 
 2DIAGNOSTIC,    36, -8.554199928867e-01, 3.056481410309e-06, 2.5415e+00, 5.7828e-03, 
 2DIAGNOSTIC,    37, -8.554214964012e-01, 2.693763022213e-06, 2.5476e+00, 6.1278e-03, 
 2DIAGNOSTIC,    38, -8.554251718975e-01, 2.306115259382e-06, 2.5539e+00, 6.2141e-03, 
 2DIAGNOSTIC,    39, -8.554269679518e-01, 1.888534565762e-06, 2.5612e+00, 7.3681e-03, 
 2DIAGNOSTIC,    40, -8.554277862603e-01, 1.506512096325e-06, 2.5679e+00, 6.7229e-03, 
 2DIAGNOSTIC,    41, -8.554304126248e-01, 1.308321429330e-06, 2.5738e+00, 5.8589e-03, 
 2DIAGNOSTIC,    42, -8.554331531417e-01, 1.179258722298e-06, 2.5803e+00, 6.4909e-03, 
 2DIAGNOSTIC,    43, -8.554352762218e-01, 1.138682181188e-06, 2.5870e+00, 6.6991e-03, 
 2DIAGNOSTIC,    44, -8.554391653920e-01, 1.137073678669e-06, 2.5945e+00, 7.5290e-03, 
 2DIAGNOSTIC,    45, -8.554444748690e-01, 1.161521375383e-06, 2.6067e+00, 1.2133e-02, 
 2DIAGNOSTIC,    46, -8.554446190284e-01, 1.151194722895e-06, 2.6136e+00, 6.9640e-03, 
 2DIAGNOSTIC,    47, -8.554454651003e-01, 1.120116643275e-06, 2.6204e+00, 6.7961e-03, 
 2DIAGNOSTIC,    48, -8.554463611145e-01, 1.086736270067e-06, 2.6273e+00, 6.9280e-03, 
 2DIAGNOSTIC,    49, -8.554470808587e-01, 1.036664598188e-06, 2.6344e+00, 7.0360e-03, 
DIAGNOSTIC,Iteration,metricValue,convergenceValue,ITERATION_TIME_INDEX,SINCE_LAST
 2DIAGNOSTIC,     1, -7.149229544815e-01, 1.797693134862e+308, 3.8799e+00, 1.2455e+00, 
 2DIAGNOSTIC,     2, -7.155703324484e-01, 1.797693134862e+308, 3.9310e+00, 5.1180e-02, 
 2DIAGNOSTIC,     3, -7.163740640948e-01, 1.797693134862e+308, 3.9782e+00, 4.7115e-02, 
 2DIAGNOSTIC,     4, -7.173990222496e-01, 1.797693134862e+308, 4.0243e+00, 4.6163e-02, 
 2DIAGNOSTIC,     5, -7.186282572754e-01, 1.797693134862e+308, 4.0741e+00, 4.9809e-02, 
 2DIAGNOSTIC,     6, -7.204579329080e-01, 1.797693134862e+308, 4.1297e+00, 5.5574e-02, 
 2DIAGNOSTIC,     7, -7.206016506718e-01, 1.797693134862e+308, 4.1815e+00, 5.1800e-02, 
 2DIAGNOSTIC,     8, -7.206780666006e-01, 1.797693134862e+308, 4.2325e+00, 5.0981e-02, 
 2DIAGNOSTIC,     9, -7.206815279973e-01, 1.797693134862e+308, 4.2782e+00, 4.5679e-02, 
 2DIAGNOSTIC,    10, -7.207736846687e-01, 6.017844873317e-04, 4.3250e+00, 4.6806e-02, 
 2DIAGNOSTIC,    11, -7.208313191122e-01, 4.482419614569e-04, 4.3905e+00, 6.5534e-02, 
 2DIAGNOSTIC,    12, -7.208657200809e-01, 3.028678921927e-04, 4.4368e+00, 4.6317e-02, 
 2DIAGNOSTIC,    13, -7.208631144626e-01, 1.776126684455e-04, 4.4834e+00, 4.6578e-02, 
 2DIAGNOSTIC,    14, -7.208782828730e-01, 8.345624438029e-05, 4.5300e+00, 4.6567e-02, 
 2DIAGNOSTIC,    15, -7.208854716472e-01, 2.568863832823e-05, 4.5764e+00, 4.6429e-02, 
 2DIAGNOSTIC,    16, -7.209205006914e-01, 1.891972205832e-05, 4.6307e+00, 5.4307e-02, 
 2DIAGNOSTIC,    17, -7.210512876276e-01, 1.771930961281e-05, 4.6958e+00, 6.5075e-02, 
 2DIAGNOSTIC,    18, -7.211031072389e-01, 1.797193509143e-05, 4.7667e+00, 7.0895e-02, 
 2DIAGNOSTIC,    19, -7.210871921019e-01, 1.641724829451e-05, 4.8126e+00, 4.5945e-02, 
 2DIAGNOSTIC,    20, -7.210761171166e-01, 1.528152567284e-05, 4.8589e+00, 4.6305e-02, 
 2DIAGNOSTIC,    21, -7.210639969939e-01, 1.381770624462e-05, 4.9047e+00, 4.5808e-02, 
 2DIAGNOSTIC,    22, -7.210656099218e-01, 1.194551424484e-05, 4.9567e+00, 5.1956e-02, 
 2DIAGNOSTIC,    23, -7.210669290637e-01, 9.207233110167e-06, 5.0893e+00, 1.3263e-01, 
 2DIAGNOSTIC,    24, -7.210669290530e-01, 6.250763085532e-06, 5.2214e+00, 1.3205e-01, 
 2DIAGNOSTIC,    25, -7.210669290530e-01, 3.210021613680e-06, 5.2724e+00, 5.0998e-02, 
DIAGNOSTIC,Iteration,metricValue,convergenceValue,ITERATION_TIME_INDEX,SINCE_LAST
 2DIAGNOSTIC,     1, -6.121474033534e-01, 1.797693134862e+308, 6.9986e+00, 1.7263e+00, 
 2DIAGNOSTIC,     2, -6.127606653977e-01, 1.797693134862e+308, 7.3918e+00, 3.9316e-01, 
 2DIAGNOSTIC,     3, -6.130682559240e-01, 1.797693134862e+308, 7.7675e+00, 3.7572e-01, 
 2DIAGNOSTIC,     4, -6.132128474068e-01, 1.797693134862e+308, 8.1411e+00, 3.7354e-01, 
 2DIAGNOSTIC,     5, -6.133668974070e-01, 1.797693134862e+308, 8.6065e+00, 4.6547e-01, 
 2DIAGNOSTIC,     6, -6.134152463084e-01, 1.797693134862e+308, 9.7344e+00, 1.1278e+00, 
 2DIAGNOSTIC,     7, -6.134152459475e-01, 1.797693134862e+308, 1.0116e+01, 3.8181e-01, 
 2DIAGNOSTIC,     8, -6.134152467838e-01, 1.797693134862e+308, 1.0490e+01, 3.7352e-01, 
 2DIAGNOSTIC,     9, -6.134152481978e-01, 1.797693134862e+308, 1.0880e+01, 3.9048e-01, 
 2DIAGNOSTIC,    10, -6.134152505885e-01, 1.044958753169e-04, 1.1253e+01, 3.7239e-01, 
 2DIAGNOSTIC,    11, -6.134152546324e-01, 5.018655798325e-05, 1.1630e+01, 3.7755e-01, 
 2DIAGNOSTIC,    12, -6.134152614685e-01, 2.419479005006e-05, 1.2005e+01, 3.7442e-01, 
 2DIAGNOSTIC,    13, -6.134152730224e-01, 1.117093661958e-05, 1.2381e+01, 3.7600e-01, 
 2DIAGNOSTIC,    14, -6.134152925394e-01, 3.876161234512e-06, 1.2773e+01, 3.9202e-01, 
 2DIAGNOSTIC,    15, -6.134153254426e-01, 2.125726286661e-06, 1.3145e+01, 3.7218e-01, 
 2DIAGNOSTIC,    16, -6.134153809699e-01, 1.995769898913e-06, 1.3515e+01, 3.7045e-01, 
 2DIAGNOSTIC,    17, -6.134154747498e-01, 1.882967878161e-06, 1.3891e+01, 3.7589e-01, 
 2DIAGNOSTIC,    18, -6.134156321538e-01, 1.785684072594e-06, 1.4284e+01, 3.9338e-01, 
 2DIAGNOSTIC,    19, -6.134158945144e-01, 1.703332463451e-06, 1.4658e+01, 3.7377e-01, 
 2DIAGNOSTIC,    20, -6.134163266298e-01, 1.636502094830e-06, 1.5069e+01, 4.1105e-01, 
 2DIAGNOSTIC,    21, -6.134170277591e-01, 1.587171431325e-06, 1.5488e+01, 4.1863e-01, 
 2DIAGNOSTIC,    22, -6.134181579548e-01, 1.559278912898e-06, 1.5865e+01, 3.7690e-01, 
 2DIAGNOSTIC,    23, -6.134199819399e-01, 1.559806736356e-06, 1.6238e+01, 3.7330e-01, 
 2DIAGNOSTIC,    24, -6.134227667974e-01, 1.597262281099e-06, 1.6662e+01, 4.2423e-01, 
 2DIAGNOSTIC,    25, -6.134237803876e-01, 1.624721979683e-06, 1.7078e+01, 4.1587e-01, 
 2DIAGNOSTIC,    26, -6.134219549944e-01, 1.585767675408e-06, 1.7495e+01, 4.1647e-01, 
 2DIAGNOSTIC,    27, -6.134197630975e-01, 1.481076266865e-06, 1.7871e+01, 3.7620e-01, 
 2DIAGNOSTIC,    28, -6.134210709968e-01, 1.379902961542e-06, 1.8288e+01, 4.1699e-01, 
 2DIAGNOSTIC,    29, -6.134224121136e-01, 1.286133090257e-06, 1.8712e+01, 4.2432e-01, 
 2DIAGNOSTIC,    30, -6.134238809585e-01, 1.209238136769e-06, 1.9173e+01, 4.6097e-01, 
 2DIAGNOSTIC,    31, -6.134235838241e-01, 1.130245111405e-06, 1.9547e+01, 3.7388e-01, 
 2DIAGNOSTIC,    32, -6.134225910240e-01, 1.049554956452e-06, 1.9927e+01, 3.8001e-01, 
 2DIAGNOSTIC,    33, -6.134236758959e-01, 1.008401599216e-06, 2.0346e+01, 4.1925e-01, 
 2DIAGNOSTIC,    34, -6.134237150164e-01, 1.001661652546e-06, 2.0740e+01, 3.9392e-01, 
DIAGNOSTIC,Iteration,metricValue,convergenceValue,ITERATION_TIME_INDEX,SINCE_LAST
 2DIAGNOSTIC,     1, -5.450555140526e-01, 1.797693134862e+308, 2.4541e+01, 3.8005e+00, 
 2DIAGNOSTIC,     2, -5.453049728397e-01, 1.797693134862e+308, 2.7324e+01, 2.7830e+00, 
 2DIAGNOSTIC,     3, -5.455223467860e-01, 1.797693134862e+308, 3.0113e+01, 2.7895e+00, 
 2DIAGNOSTIC,     4, -5.457821961534e-01, 1.797693134862e+308, 3.2827e+01, 2.7137e+00, 
 2DIAGNOSTIC,     5, -5.459749092093e-01, 1.797693134862e+308, 3.6215e+01, 3.3878e+00, 
 2DIAGNOSTIC,     6, -5.460052087949e-01, 1.797693134862e+308, 4.4128e+01, 7.9128e+00, 
 2DIAGNOSTIC,     7, -5.460052087408e-01, 1.797693134862e+308, 4.6901e+01, 2.7730e+00, 
 2DIAGNOSTIC,     8, -5.460052109477e-01, 1.797693134862e+308, 4.9737e+01, 2.8365e+00, 
 2DIAGNOSTIC,     9, -5.460052146726e-01, 1.797693134862e+308, 5.2611e+01, 2.8742e+00, 
 2DIAGNOSTIC,    10, -5.460052209669e-01, 1.078316548994e-04, 5.5346e+01, 2.7347e+00, 
 2DIAGNOSTIC,    11, -5.460052316050e-01, 6.409431536310e-05, 5.8362e+01, 3.0164e+00, 
 2DIAGNOSTIC,    12, -5.460052495603e-01, 3.298425555887e-05, 6.1072e+01, 2.7097e+00, 
 2DIAGNOSTIC,    13, -5.460052798430e-01, 1.244556029704e-05, 6.4830e+01, 3.7577e+00, 
 2DIAGNOSTIC,    14, -5.460051582857e-01, 3.401645981657e-06, 6.8224e+01, 3.3944e+00, 
 2DIAGNOSTIC,    15, -5.460051689104e-01, 2.120671087055e-06, 7.1062e+01, 2.8382e+00, 
 2DIAGNOSTIC,    16, -5.460050488639e-01, 1.981967962528e-06, 7.3906e+01, 2.8439e+00, 
 2DIAGNOSTIC,    17, -5.460050791367e-01, 1.861165830147e-06, 7.7288e+01, 3.3816e+00, 
 2DIAGNOSTIC,    18, -5.460049532264e-01, 1.751119025707e-06, 8.0462e+01, 3.1740e+00, 
 2DIAGNOSTIC,    19, -5.460048356910e-01, 1.651185352322e-06, 8.3735e+01, 3.2730e+00, 
 2DIAGNOSTIC,    20, -5.460048702381e-01, 1.564575726691e-06, 8.6529e+01, 2.7947e+00, 
 2DIAGNOSTIC,    21, -5.460049280014e-01, 1.490242104454e-06, 8.9369e+01, 2.8396e+00, 
 2DIAGNOSTIC,    22, -5.460050251870e-01, 1.427594643701e-06, 9.2376e+01, 3.0074e+00, 
 2DIAGNOSTIC,    23, -5.460050241021e-01, 1.372855364258e-06, 9.5179e+01, 2.8028e+00, 
 2DIAGNOSTIC,    24, -5.460049720874e-01, 1.319962290657e-06, 9.8693e+01, 3.5139e+00, 
 2DIAGNOSTIC,    25, -5.460048147781e-01, 1.268874166467e-06, 1.0208e+02, 3.3886e+00, 
 2DIAGNOSTIC,    26, -5.460047624920e-01, 1.218579647376e-06, 1.0548e+02, 3.4023e+00, 
 2DIAGNOSTIC,    27, -5.460046062863e-01, 1.170055451902e-06, 1.0845e+02, 2.9678e+00, 
 2DIAGNOSTIC,    28, -5.460044482552e-01, 1.120608346263e-06, 1.1171e+02, 3.2607e+00, 
 2DIAGNOSTIC,    29, -5.460042184067e-01, 1.069894331893e-06, 1.1450e+02, 2.7867e+00, 
 2DIAGNOSTIC,    30, -5.460039973494e-01, 1.021974747523e-06, 1.1732e+02, 2.8173e+00, 
  Elapsed time (stage 0): 1.1918e+02


Total elapsed time: 1.1919e+02
VFC_BACKENDS=libinterflop_vprec.so --range-binary32=7 --precision-binary32=7 --range-binary64=7 --precision-binary64=7
Info [verificarlo]: loaded backend libinterflop_vprec.so
Info [interflop-vprec]: load backend with: 
Info [interflop-vprec]: precision-binary32 = 7
Info [interflop-vprec]: range-binary32 = 7
Info [interflop-vprec]: precision-binary64 = 7
Info [interflop-vprec]: range-binary64 = 7
Info [interflop-vprec]: mode = ob
Info [interflop-vprec]: error-mode = rel
Info [interflop-vprec]: max-abs-error-exponent = -1022
Info [interflop-vprec]: daz = false
Info [interflop-vprec]: ftz = false
Info [interflop-vprec]: 	instrument = none
Info [interflop-vprec]: 	prec-input-file = (null)
Info [interflop-vprec]: 	prec-output-file = (null)
Info [interflop-vprec]: 	prec-log-file = (null)
All_Command_lines_OK
Using double precision for computations.
=============================================================================
The composite transform comprises the following transforms (in order): 
  1. /project/rrg-glatard/mdugre/datasets/corr/RawDataBIDS/BMB_1/derivatives/vprec-space_search/0001/r7-p7/sub-0003023/affine_Composite.h5[0] (type = Euler3DTransform)
  2. /project/rrg-glatard/mdugre/datasets/corr/RawDataBIDS/BMB_1/derivatives/vprec-space_search/0001/r7-p7/sub-0003023/affine_Composite.h5[1] (type = Euler3DTransform)
  3. /project/rrg-glatard/mdugre/datasets/corr/RawDataBIDS/BMB_1/derivatives/vprec-space_search/0001/r7-p7/sub-0003023/affine_Composite.h5[2] (type = Euler3DTransform)
  4. /project/rrg-glatard/mdugre/datasets/corr/RawDataBIDS/BMB_1/derivatives/vprec-space_search/0001/r7-p7/sub-0003023/affine_Composite.h5[3] (type = AffineTransform)
=============================================================================
  number of levels = 4
  fixed image: /templateflow/tpl-MNI152NLin2009cAsym/tpl-MNI152NLin2009cAsym_res-01_desc-brain_T1w.nii.gz
  moving image: /project/rrg-glatard/mdugre/datasets/corr/RawDataBIDS/BMB_1/derivatives/antsBrainExtraction/sub-0003023/BrainExtractionBrain.nii.gz
Dimension = 3
Number of stages = 1
Use histogram matching = false
Winsorize image intensities = true
  Lower quantile = 0.005
  Upper quantile = 0.995


Stage 1 State
   Image metric = CC
     Fixed image = Image (0x51a84c0)
  RTTI typeinfo:   itk::Image<double, 3u>
  Reference Count: 2
  Modified Time: 1606
  Debug: Off
  Object Name: 
  Observers: 
    none
  Source: (none)
  Source output name: (none)
  Release Data: Off
  Data Released: False
  Global Release Data: Off
  PipelineMTime: 0
  UpdateMTime: 1217
  RealTimeStamp: 0 seconds 
  LargestPossibleRegion: 
    Dimension: 3
    Index: [0, 0, 0]
    Size: [193, 229, 193]
  BufferedRegion: 
    Dimension: 3
    Index: [0, 0, 0]
    Size: [193, 229, 193]
  RequestedRegion: 
    Dimension: 3
    Index: [0, 0, 0]
    Size: [193, 229, 193]
  Spacing: [1, 1, 1]
  Origin: [96, 132, -78]
  Direction: 
-1 0 0
0 -1 0
0 0 1

  IndexToPointMatrix: 
-1 0 0
0 -1 0
0 0 1

  PointToIndexMatrix: 
-1 0 0
0 -1 0
0 0 1

  Inverse Direction: 
-1 0 0
0 -1 0
0 0 1

  PixelContainer: 
    ImportImageContainer (0x5277b10)
      RTTI typeinfo:   itk::ImportImageContainer<unsigned long, double>
      Reference Count: 1
      Modified Time: 1214
      Debug: Off
      Object Name: 
      Observers: 
        none
      Pointer: 0x146cec8d9010
      Container manages memory: true
      Size: 8530021
      Capacity: 8530021

     Moving image = Image (0x527e700)
  RTTI typeinfo:   itk::Image<double, 3u>
  Reference Count: 2
  Modified Time: 1607
  Debug: Off
  Object Name: 
  Observers: 
    none
  Source: (none)
  Source output name: (none)
  Release Data: Off
  Data Released: False
  Global Release Data: Off
  PipelineMTime: 0
  UpdateMTime: 1604
  RealTimeStamp: 0 seconds 
  LargestPossibleRegion: 
    Dimension: 3
    Index: [0, 0, 0]
    Size: [176, 256, 256]
  BufferedRegion: 
    Dimension: 3
    Index: [0, 0, 0]
    Size: [176, 256, 256]
  RequestedRegion: 
    Dimension: 3
    Index: [0, 0, 0]
    Size: [176, 256, 256]
  Spacing: [1, 1, 1]
  Origin: [-91.5, 103, -133]
  Direction: 
1 0 0
0 -1 0
0 0 1

  IndexToPointMatrix: 
1 0 0
0 -1 0
0 0 1

  PointToIndexMatrix: 
1 0 0
0 -1 0
0 0 1

  Inverse Direction: 
1 0 0
0 -1 0
0 0 1

  PixelContainer: 
    ImportImageContainer (0x52ff2d0)
      RTTI typeinfo:   itk::ImportImageContainer<unsigned long, double>
      Reference Count: 1
      Modified Time: 1601
      Debug: Off
      Object Name: 
      Observers: 
        none
      Pointer: 0x146ce70d8010
      Container manages memory: true
      Size: 11534336
      Capacity: 11534336

     Weighting = 1
     Sampling strategy = none
     Number of bins = 32
     Radius = 4
     Sampling percentage  = 1
   Transform = SyN
     Gradient step = 0.1
     Update field sigma (voxel space) = 3
     Total field sigma (voxel space) = 0
     Update field time sigma = 0
     Total field time sigma  = 0
     Number of time indices = 0
     Number of time point samples = 0
Registration using 1 total stages.

Stage 0
  iterations = 100x70x50x20
  convergence threshold = 1e-06
  convergence window size = 10
  number of levels = 4
  using the CC metric (radius = 4, weight = 1, use gradient filter = 0)
  preprocessing:  winsorizing the image intensities
  Shrink factors (level 1 out of 4): [8, 8, 8]
  Shrink factors (level 2 out of 4): [4, 4, 4]
  Shrink factors (level 3 out of 4): [2, 2, 2]
  Shrink factors (level 4 out of 4): [1, 1, 1]
  smoothing sigmas per level: [3, 2, 1, 0]
  Using default NONE metricSamplingStrategy 

*** Running SyN registration (varianceForUpdateField = 3, varianceForTotalField = 0) ***

XXDIAGNOSTIC,Iteration,metricValue,convergenceValue,ITERATION_TIME_INDEX,SINCE_LAST
 1DIAGNOSTIC,     1, -9.296875000000e-01, 1.797693134862e+308, 0.0000e+00, 0.0000e+00, 
 1DIAGNOSTIC,     2, -9.375000000000e-01, 1.797693134862e+308, 0.0000e+00, 0.0000e+00, 
 1DIAGNOSTIC,     3, -9.414062500000e-01, 1.797693134862e+308, 0.0000e+00, 0.0000e+00, 
 1DIAGNOSTIC,     4, -9.453125000000e-01, 1.797693134862e+308, 0.0000e+00, 0.0000e+00, 
 1DIAGNOSTIC,     5, -9.453125000000e-01, 1.797693134862e+308, 0.0000e+00, 0.0000e+00, 
 1DIAGNOSTIC,     6, -9.492187500000e-01, 1.797693134862e+308, 0.0000e+00, 0.0000e+00, 
 1DIAGNOSTIC,     7, -9.492187500000e-01, 1.797693134862e+308, 0.0000e+00, 0.0000e+00, 
 1DIAGNOSTIC,     8, -9.531250000000e-01, 1.797693134862e+308, 0.0000e+00, 0.0000e+00, 
 1DIAGNOSTIC,     9, -9.531250000000e-01, 1.797693134862e+308, 0.0000e+00, 0.0000e+00, 
 1DIAGNOSTIC,    10, -9.531250000000e-01, 1.434511769006e-03, 0.0000e+00, 0.0000e+00, 
 1DIAGNOSTIC,    11, -9.531250000000e-01, 9.546948963316e-04, 0.0000e+00, 0.0000e+00, 
 1DIAGNOSTIC,    12, -9.531250000000e-01, 6.619088953792e-04, 0.0000e+00, 0.0000e+00, 
 1DIAGNOSTIC,    13, -9.531250000000e-01, 4.428605341545e-04, 0.0000e+00, 0.0000e+00, 
 1DIAGNOSTIC,    14, -9.531250000000e-01, 2.988539590598e-04, 0.0000e+00, 0.0000e+00, 
 1DIAGNOSTIC,    15, -9.531250000000e-01, 1.461832235758e-04, 0.0000e+00, 0.0000e+00, 
 1DIAGNOSTIC,    16, -9.531250000000e-01, 7.305958489456e-05, 0.0000e+00, 0.0000e+00, 
 1DIAGNOSTIC,    17, -9.531250000000e-01, -1.684763439869e-14, 0.0000e+00, 0.0000e+00, 
XXDIAGNOSTIC,Iteration,metricValue,convergenceValue,ITERATION_TIME_INDEX,SINCE_LAST
 1DIAGNOSTIC,     1, -8.750000000000e-01, 1.797693134862e+308, 0.0000e+00, 0.0000e+00, 
 1DIAGNOSTIC,     2, -8.750000000000e-01, 1.797693134862e+308, 0.0000e+00, 0.0000e+00, 
 1DIAGNOSTIC,     3, -8.789062500000e-01, 1.797693134862e+308, 0.0000e+00, 0.0000e+00, 
 1DIAGNOSTIC,     4, -8.789062500000e-01, 1.797693134862e+308, 0.0000e+00, 0.0000e+00, 
 1DIAGNOSTIC,     5, -8.828125000000e-01, 1.797693134862e+308, 0.0000e+00, 0.0000e+00, 
 1DIAGNOSTIC,     6, -8.828125000000e-01, 1.797693134862e+308, 0.0000e+00, 0.0000e+00, 
 1DIAGNOSTIC,     7, -8.828125000000e-01, 1.797693134862e+308, 0.0000e+00, 0.0000e+00, 
 1DIAGNOSTIC,     8, -8.828125000000e-01, 1.797693134862e+308, 0.0000e+00, 0.0000e+00, 
 1DIAGNOSTIC,     9, -8.867187500000e-01, 1.797693134862e+308, 0.0000e+00, 0.0000e+00, 
 1DIAGNOSTIC,    10, -8.867187500000e-01, 8.548725094428e-04, 0.0000e+00, 0.0000e+00, 
 1DIAGNOSTIC,    11, -8.867187500000e-01, 7.034141403714e-04, 0.0000e+00, 0.0000e+00, 
 1DIAGNOSTIC,    12, -8.867187500000e-01, 5.152543410310e-04, 0.0000e+00, 0.0000e+00, 
 1DIAGNOSTIC,    13, -8.867187500000e-01, 4.065790143180e-04, 0.0000e+00, 0.0000e+00, 
 1DIAGNOSTIC,    14, -8.906250000000e-01, 3.626927755038e-04, 0.0000e+00, 0.0000e+00, 
 1DIAGNOSTIC,    15, -8.906250000000e-01, 3.724207275730e-04, 0.0000e+00, 0.0000e+00, 
 1DIAGNOSTIC,    16, -8.906250000000e-01, 3.489708723157e-04, 0.0000e+00, 0.0000e+00, 
 1DIAGNOSTIC,    17, -8.906250000000e-01, 2.982391879630e-04, 0.0000e+00, 0.0000e+00, 
 1DIAGNOSTIC,    18, -8.906250000000e-01, 2.232735044559e-04, 0.0000e+00, 0.0000e+00, 
 1DIAGNOSTIC,    19, -8.906250000000e-01, 2.007168750487e-04, 0.0000e+00, 0.0000e+00, 
 1DIAGNOSTIC,    20, -8.906250000000e-01, 1.613435719272e-04, 0.0000e+00, 0.0000e+00, 
 1DIAGNOSTIC,    21, -8.906250000000e-01, 1.117943955144e-04, 0.0000e+00, 0.0000e+00, 
 1DIAGNOSTIC,    22, -8.906250000000e-01, 5.689246087792e-05, 0.0000e+00, 0.0000e+00, 
 1DIAGNOSTIC,    23, -8.906250000000e-01, -1.246919234532e-14, 0.0000e+00, 0.0000e+00, 
XXDIAGNOSTIC,Iteration,metricValue,convergenceValue,ITERATION_TIME_INDEX,SINCE_LAST
 1DIAGNOSTIC,     1, -8.437500000000e-01, 1.797693134862e+308, 0.0000e+00, 0.0000e+00, 
 1DIAGNOSTIC,     2, -8.476562500000e-01, 1.797693134862e+308, 0.0000e+00, 0.0000e+00, 
 1DIAGNOSTIC,     3, -8.476562500000e-01, 1.797693134862e+308, 0.0000e+00, 0.0000e+00, 
 1DIAGNOSTIC,     4, -8.476562500000e-01, 1.797693134862e+308, 0.0000e+00, 0.0000e+00, 
 1DIAGNOSTIC,     5, -8.476562500000e-01, 1.797693134862e+308, 0.0000e+00, 0.0000e+00, 
 1DIAGNOSTIC,     6, -8.476562500000e-01, 1.797693134862e+308, 0.0000e+00, 0.0000e+00, 
 1DIAGNOSTIC,     7, -8.476562500000e-01, 1.797693134862e+308, 0.0000e+00, 0.0000e+00, 
 1DIAGNOSTIC,     8, -8.476562500000e-01, 1.797693134862e+308, 0.0000e+00, 0.0000e+00, 
 1DIAGNOSTIC,     9, -8.476562500000e-01, 1.797693134862e+308, 0.0000e+00, 0.0000e+00, 
 1DIAGNOSTIC,    10, -8.476562500000e-01, 1.308605289640e-04, 0.0000e+00, 0.0000e+00, 
 1DIAGNOSTIC,    11, -8.476562500000e-01, -2.593758541281e-14, 0.0000e+00, 0.0000e+00, 
XXDIAGNOSTIC,Iteration,metricValue,convergenceValue,ITERATION_TIME_INDEX,SINCE_LAST
 1DIAGNOSTIC,     1, -8.203125000000e-01, 1.797693134862e+308, 0.0000e+00, 0.0000e+00, 
 1DIAGNOSTIC,     2, -8.203125000000e-01, 1.797693134862e+308, 0.0000e+00, 0.0000e+00, 
 1DIAGNOSTIC,     3, -8.203125000000e-01, 1.797693134862e+308, 0.0000e+00, 0.0000e+00, 
 1DIAGNOSTIC,     4, -8.203125000000e-01, 1.797693134862e+308, 0.0000e+00, 0.0000e+00, 
 1DIAGNOSTIC,     5, -8.203125000000e-01, 1.797693134862e+308, 0.0000e+00, 0.0000e+00, 
 1DIAGNOSTIC,     6, -8.203125000000e-01, 1.797693134862e+308, 0.0000e+00, 0.0000e+00, 
 1DIAGNOSTIC,     7, -8.203125000000e-01, 1.797693134862e+308, 0.0000e+00, 0.0000e+00, 
 1DIAGNOSTIC,     8, -8.203125000000e-01, 1.797693134862e+308, 0.0000e+00, 0.0000e+00, 
 1DIAGNOSTIC,     9, -8.203125000000e-01, 1.797693134862e+308, 0.0000e+00, 0.0000e+00, 
 1DIAGNOSTIC,    10, -8.203125000000e-01, -2.850497615725e-14, 0.0000e+00, 0.0000e+00, 
  Elapsed time (stage 0): 0


Total elapsed time: 0
