
##########################
# Experiment information #
##########################
SIF_IMG: /project/rrg-glatard/mdugre/containers/ants-p2-vprec.sif
EXPERIMENT_NAME: vprec-space_search
CONFIG: 0001
VFC_BACKENDS: libinterflop_vprec.so --range-binary32=7 --precision-binary32=8 --range-binary64=7 --precision-binary64=8

FIXED_IMG: /templateflow/tpl-MNI152NLin2009cAsym/tpl-MNI152NLin2009cAsym_res-01_desc-brain_T1w.nii.gz
SUBJECT_ID: 0003004
INPUT_IMG: /project/rrg-glatard/mdugre/datasets/corr/RawDataBIDS/BMB_1/derivatives/antsBrainExtraction/sub-0003004/BrainExtractionBrain.nii.gz
OUTPUT_DIR: /project/rrg-glatard/mdugre/datasets/corr/RawDataBIDS/BMB_1/derivatives/vprec-space_search/0001/r7-p8/sub-0003004

ITK_GLOBAL_DEFAULT_NUMBER_OF_THREADS: 8
##########################

VFC_BACKENDS=libinterflop_ieee.so
Info [verificarlo]: loaded backend libinterflop_ieee.so
Info [interflop-ieee]: load backend with:
Info [interflop-ieee]: debug = false
Info [interflop-ieee]: debug-binary = false
Info [interflop-ieee]: no-backend-name = false
Info [interflop-ieee]: print-new-line = false
Info [interflop-ieee]: print-subnormal-normalized = false
Info [interflop-ieee]: count-op = false
All_Command_lines_OK
Using double precision for computations.
=============================================================================
The composite transform comprises the following transforms (in order): 
  1. Center of mass alignment using fixed image: /templateflow/tpl-MNI152NLin2009cAsym/tpl-MNI152NLin2009cAsym_res-01_desc-brain_T1w.nii.gz and moving image: /project/rrg-glatard/mdugre/datasets/corr/RawDataBIDS/BMB_1/derivatives/antsBrainExtraction/sub-0003004/BrainExtractionBrain.nii.gz (type = Euler3DTransform)
=============================================================================
  number of levels = 1
  fixed image: /templateflow/tpl-MNI152NLin2009cAsym/tpl-MNI152NLin2009cAsym_res-01_desc-brain_T1w.nii.gz
  moving image: /project/rrg-glatard/mdugre/datasets/corr/RawDataBIDS/BMB_1/derivatives/antsBrainExtraction/sub-0003004/BrainExtractionBrain.nii.gz
Dimension = 3
Number of stages = 1
Use histogram matching = false
Winsorize image intensities = true
  Lower quantile = 0.005
  Upper quantile = 0.995


Stage 1 State
   Image metric = MattesMI
     Fixed image = Image (0x3f5d390)
  RTTI typeinfo:   itk::Image<double, 3u>
  Reference Count: 2
  Modified Time: 2334
  Debug: Off
  Object Name: 
  Observers: 
    none
  Source: (none)
  Source output name: (none)
  Release Data: Off
  Data Released: False
  Global Release Data: Off
  PipelineMTime: 0
  UpdateMTime: 1943
  RealTimeStamp: 0 seconds 
  LargestPossibleRegion: 
    Dimension: 3
    Index: [0, 0, 0]
    Size: [193, 229, 193]
  BufferedRegion: 
    Dimension: 3
    Index: [0, 0, 0]
    Size: [193, 229, 193]
  RequestedRegion: 
    Dimension: 3
    Index: [0, 0, 0]
    Size: [193, 229, 193]
  Spacing: [1, 1, 1]
  Origin: [96, 132, -78]
  Direction: 
-1 0 0
0 -1 0
0 0 1

  IndexToPointMatrix: 
-1 0 0
0 -1 0
0 0 1

  PointToIndexMatrix: 
-1 0 0
0 -1 0
0 0 1

  Inverse Direction: 
-1 0 0
0 -1 0
0 0 1

  PixelContainer: 
    ImportImageContainer (0x4028a90)
      RTTI typeinfo:   itk::ImportImageContainer<unsigned long, double>
      Reference Count: 1
      Modified Time: 1940
      Debug: Off
      Object Name: 
      Observers: 
        none
      Pointer: 0x1492fc23a010
      Container manages memory: true
      Size: 8530021
      Capacity: 8530021

     Moving image = Image (0x3f5b290)
  RTTI typeinfo:   itk::Image<double, 3u>
  Reference Count: 2
  Modified Time: 2335
  Debug: Off
  Object Name: 
  Observers: 
    none
  Source: (none)
  Source output name: (none)
  Release Data: Off
  Data Released: False
  Global Release Data: Off
  PipelineMTime: 0
  UpdateMTime: 2332
  RealTimeStamp: 0 seconds 
  LargestPossibleRegion: 
    Dimension: 3
    Index: [0, 0, 0]
    Size: [176, 256, 256]
  BufferedRegion: 
    Dimension: 3
    Index: [0, 0, 0]
    Size: [176, 256, 256]
  RequestedRegion: 
    Dimension: 3
    Index: [0, 0, 0]
    Size: [176, 256, 256]
  Spacing: [1, 1, 1]
  Origin: [-91.5482, 112.526, -105.567]
  Direction: 
1 0 0
0 -1 0
0 0 1

  IndexToPointMatrix: 
1 0 0
0 -1 0
0 0 1

  PointToIndexMatrix: 
1 0 0
0 -1 0
0 0 1

  Inverse Direction: 
1 0 0
0 -1 0
0 0 1

  PixelContainer: 
    ImportImageContainer (0x3f88850)
      RTTI typeinfo:   itk::ImportImageContainer<unsigned long, double>
      Reference Count: 1
      Modified Time: 2329
      Debug: Off
      Object Name: 
      Observers: 
        none
      Pointer: 0x1492f6a39010
      Container manages memory: true
      Size: 11534336
      Capacity: 11534336

     Weighting = 1
     Sampling strategy = regular
     Number of bins = 32
     Radius = 4
     Sampling percentage  = 0.25
   Transform = Rigid
     Gradient step = 0.1
     Update field sigma (voxel space) = 0
     Total field sigma (voxel space) = 0
     Update field time sigma = 0
     Total field time sigma  = 0
     Number of time indices = 0
     Number of time point samples = 0
Registration using 1 total stages.

Stage 0
  iterations = 0
  convergence threshold = 1e-06
  convergence window size = 10
  number of levels = 1
  using the Mattes MI metric (number of bins = 32, weight = 1, use gradient filter = 0)
  preprocessing:  winsorizing the image intensities
  Shrink factors (level 1 out of 1): [1, 1, 1]
  smoothing sigmas per level: [0]
  regular sampling (percentage = 0.25)

*** Running Euler3DTransform registration ***

  Elapsed time (stage 0): 0.945215


Total elapsed time: 0.946744
VFC_BACKENDS=libinterflop_ieee.so
Info [verificarlo]: loaded backend libinterflop_ieee.so
Info [interflop-ieee]: load backend with:
Info [interflop-ieee]: debug = false
Info [interflop-ieee]: debug-binary = false
Info [interflop-ieee]: no-backend-name = false
Info [interflop-ieee]: print-new-line = false
Info [interflop-ieee]: print-subnormal-normalized = false
Info [interflop-ieee]: count-op = false
All_Command_lines_OK
Using double precision for computations.
=============================================================================
The composite transform comprises the following transforms (in order): 
  1. /project/rrg-glatard/mdugre/datasets/corr/RawDataBIDS/BMB_1/derivatives/vprec-space_search/0001/r7-p8/sub-0003004/align_Composite.h5[0] (type = Euler3DTransform)
  2. /project/rrg-glatard/mdugre/datasets/corr/RawDataBIDS/BMB_1/derivatives/vprec-space_search/0001/r7-p8/sub-0003004/align_Composite.h5[1] (type = Euler3DTransform)
=============================================================================
  number of levels = 4
  fixed image: /templateflow/tpl-MNI152NLin2009cAsym/tpl-MNI152NLin2009cAsym_res-01_desc-brain_T1w.nii.gz
  moving image: /project/rrg-glatard/mdugre/datasets/corr/RawDataBIDS/BMB_1/derivatives/antsBrainExtraction/sub-0003004/BrainExtractionBrain.nii.gz
Dimension = 3
Number of stages = 1
Use histogram matching = false
Winsorize image intensities = true
  Lower quantile = 0.005
  Upper quantile = 0.995


Stage 1 State
   Image metric = MattesMI
     Fixed image = Image (0x3368650)
  RTTI typeinfo:   itk::Image<double, 3u>
  Reference Count: 2
  Modified Time: 1580
  Debug: Off
  Object Name: 
  Observers: 
    none
  Source: (none)
  Source output name: (none)
  Release Data: Off
  Data Released: False
  Global Release Data: Off
  PipelineMTime: 0
  UpdateMTime: 1189
  RealTimeStamp: 0 seconds 
  LargestPossibleRegion: 
    Dimension: 3
    Index: [0, 0, 0]
    Size: [193, 229, 193]
  BufferedRegion: 
    Dimension: 3
    Index: [0, 0, 0]
    Size: [193, 229, 193]
  RequestedRegion: 
    Dimension: 3
    Index: [0, 0, 0]
    Size: [193, 229, 193]
  Spacing: [1, 1, 1]
  Origin: [96, 132, -78]
  Direction: 
-1 0 0
0 -1 0
0 0 1

  IndexToPointMatrix: 
-1 0 0
0 -1 0
0 0 1

  PointToIndexMatrix: 
-1 0 0
0 -1 0
0 0 1

  Inverse Direction: 
-1 0 0
0 -1 0
0 0 1

  PixelContainer: 
    ImportImageContainer (0x3426210)
      RTTI typeinfo:   itk::ImportImageContainer<unsigned long, double>
      Reference Count: 1
      Modified Time: 1186
      Debug: Off
      Object Name: 
      Observers: 
        none
      Pointer: 0x14bb90c75010
      Container manages memory: true
      Size: 8530021
      Capacity: 8530021

     Moving image = Image (0x34236e0)
  RTTI typeinfo:   itk::Image<double, 3u>
  Reference Count: 2
  Modified Time: 1581
  Debug: Off
  Object Name: 
  Observers: 
    none
  Source: (none)
  Source output name: (none)
  Release Data: Off
  Data Released: False
  Global Release Data: Off
  PipelineMTime: 0
  UpdateMTime: 1578
  RealTimeStamp: 0 seconds 
  LargestPossibleRegion: 
    Dimension: 3
    Index: [0, 0, 0]
    Size: [176, 256, 256]
  BufferedRegion: 
    Dimension: 3
    Index: [0, 0, 0]
    Size: [176, 256, 256]
  RequestedRegion: 
    Dimension: 3
    Index: [0, 0, 0]
    Size: [176, 256, 256]
  Spacing: [1, 1, 1]
  Origin: [-91.5482, 112.526, -105.567]
  Direction: 
1 0 0
0 -1 0
0 0 1

  IndexToPointMatrix: 
1 0 0
0 -1 0
0 0 1

  PointToIndexMatrix: 
1 0 0
0 -1 0
0 0 1

  Inverse Direction: 
1 0 0
0 -1 0
0 0 1

  PixelContainer: 
    ImportImageContainer (0x33f5970)
      RTTI typeinfo:   itk::ImportImageContainer<unsigned long, double>
      Reference Count: 1
      Modified Time: 1575
      Debug: Off
      Object Name: 
      Observers: 
        none
      Pointer: 0x14bb8b474010
      Container manages memory: true
      Size: 11534336
      Capacity: 11534336

     Weighting = 1
     Sampling strategy = regular
     Number of bins = 32
     Radius = 4
     Sampling percentage  = 0.25
   Transform = Rigid
     Gradient step = 0.1
     Update field sigma (voxel space) = 0
     Total field sigma (voxel space) = 0
     Update field time sigma = 0
     Total field time sigma  = 0
     Number of time indices = 0
     Number of time point samples = 0
Registration using 1 total stages.

Stage 0
  iterations = 1000x500x250x100
  convergence threshold = 1e-06
  convergence window size = 10
  number of levels = 4
  using the Mattes MI metric (number of bins = 32, weight = 1, use gradient filter = 0)
  preprocessing:  winsorizing the image intensities
  Shrink factors (level 1 out of 4): [8, 8, 8]
  Shrink factors (level 2 out of 4): [4, 4, 4]
  Shrink factors (level 3 out of 4): [2, 2, 2]
  Shrink factors (level 4 out of 4): [1, 1, 1]
  smoothing sigmas per level: [3, 2, 1, 0]
  regular sampling (percentage = 0.25)

*** Running Euler3DTransform registration ***

DIAGNOSTIC,Iteration,metricValue,convergenceValue,ITERATION_TIME_INDEX,SINCE_LAST
 2DIAGNOSTIC,     1, -5.177048903788e-01, 1.797693134862e+308, 1.1838e+00, 1.1838e+00, 
 2DIAGNOSTIC,     2, -5.189908665006e-01, 1.797693134862e+308, 1.1885e+00, 4.7190e-03, 
 2DIAGNOSTIC,     3, -5.206007297185e-01, 1.797693134862e+308, 1.1932e+00, 4.6761e-03, 
 2DIAGNOSTIC,     4, -5.226831250492e-01, 1.797693134862e+308, 1.1983e+00, 5.0750e-03, 
 2DIAGNOSTIC,     5, -5.252031577517e-01, 1.797693134862e+308, 1.2034e+00, 5.1651e-03, 
 2DIAGNOSTIC,     6, -5.287212944329e-01, 1.797693134862e+308, 1.2081e+00, 4.6828e-03, 
 2DIAGNOSTIC,     7, -5.361929688509e-01, 1.797693134862e+308, 1.2134e+00, 5.3110e-03, 
 2DIAGNOSTIC,     8, -5.444639798096e-01, 1.797693134862e+308, 1.2183e+00, 4.8342e-03, 
 2DIAGNOSTIC,     9, -5.462096679277e-01, 1.797693134862e+308, 1.2232e+00, 4.9529e-03, 
 2DIAGNOSTIC,    10, -5.540508534507e-01, 4.482653260067e-03, 1.2332e+00, 1.0010e-02, 
 2DIAGNOSTIC,    11, -5.560381747022e-01, 4.505703082364e-03, 1.2392e+00, 5.9500e-03, 
 2DIAGNOSTIC,    12, -5.566201721048e-01, 4.200931900879e-03, 1.2446e+00, 5.3999e-03, 
 2DIAGNOSTIC,    13, -5.573284662723e-01, 3.660335371585e-03, 1.2493e+00, 4.6930e-03, 
 2DIAGNOSTIC,    14, -5.579705647582e-01, 2.971491143567e-03, 1.2539e+00, 4.6370e-03, 
 2DIAGNOSTIC,    15, -5.589274558911e-01, 2.228048586788e-03, 1.2586e+00, 4.6580e-03, 
 2DIAGNOSTIC,    16, -5.602002099774e-01, 1.528656138305e-03, 1.2631e+00, 4.5700e-03, 
 2DIAGNOSTIC,    17, -5.624483013359e-01, 1.069483635348e-03, 1.2701e+00, 6.9940e-03, 
 2DIAGNOSTIC,    18, -5.627488078417e-01, 8.143435986591e-04, 1.2752e+00, 5.1100e-03, 
 2DIAGNOSTIC,    19, -5.630205490281e-01, 5.625285720126e-04, 1.2811e+00, 5.8270e-03, 
 2DIAGNOSTIC,    20, -5.635133833658e-01, 5.009282249511e-04, 1.2877e+00, 6.5908e-03, 
 2DIAGNOSTIC,    21, -5.638198211644e-01, 4.548055470510e-04, 1.2939e+00, 6.2280e-03, 
 2DIAGNOSTIC,    22, -5.635755221068e-01, 3.777974463566e-04, 1.3001e+00, 6.2451e-03, 
 2DIAGNOSTIC,    23, -5.636385674174e-01, 2.903104141815e-04, 1.3066e+00, 6.4540e-03, 
 2DIAGNOSTIC,    24, -5.635316693288e-01, 1.951897865812e-04, 1.3127e+00, 6.1240e-03, 
 2DIAGNOSTIC,    25, -5.634164840663e-01, 1.068036815245e-04, 1.3185e+00, 5.8010e-03, 
 2DIAGNOSTIC,    26, -5.633595989234e-01, 3.846327187190e-05, 1.3237e+00, 5.2190e-03, 
 2DIAGNOSTIC,    27, -5.633099636722e-01, 1.393075274085e-05, 1.3286e+00, 4.8711e-03, 
DIAGNOSTIC,Iteration,metricValue,convergenceValue,ITERATION_TIME_INDEX,SINCE_LAST
 2DIAGNOSTIC,     1, -4.580911591062e-01, 1.797693134862e+308, 2.5296e+00, 1.2010e+00, 
 2DIAGNOSTIC,     2, -4.583543893816e-01, 1.797693134862e+308, 2.5736e+00, 4.4070e-02, 
 2DIAGNOSTIC,     3, -4.587857730060e-01, 1.797693134862e+308, 2.6168e+00, 4.3109e-02, 
 2DIAGNOSTIC,     4, -4.594060227706e-01, 1.797693134862e+308, 2.6605e+00, 4.3731e-02, 
 2DIAGNOSTIC,     5, -4.602311277739e-01, 1.797693134862e+308, 2.7023e+00, 4.1785e-02, 
 2DIAGNOSTIC,     6, -4.615627935774e-01, 1.797693134862e+308, 2.7484e+00, 4.6137e-02, 
 2DIAGNOSTIC,     7, -4.677034175621e-01, 1.797693134862e+308, 2.7962e+00, 4.7767e-02, 
 2DIAGNOSTIC,     8, -4.699084521431e-01, 1.797693134862e+308, 2.8490e+00, 5.2842e-02, 
 2DIAGNOSTIC,     9, -4.703937943149e-01, 1.797693134862e+308, 2.8984e+00, 4.9377e-02, 
 2DIAGNOSTIC,    10, -4.718888502507e-01, 2.223386755631e-03, 2.9405e+00, 4.2096e-02, 
 2DIAGNOSTIC,    11, -4.751829264991e-01, 2.311624559693e-03, 2.9924e+00, 5.1932e-02, 
 2DIAGNOSTIC,    12, -4.778409949437e-01, 2.316758318119e-03, 3.0342e+00, 4.1818e-02, 
 2DIAGNOSTIC,    13, -4.800766641944e-01, 2.233847947099e-03, 3.0788e+00, 4.4512e-02, 
 2DIAGNOSTIC,    14, -4.821606890251e-01, 2.081515992666e-03, 3.1318e+00, 5.3096e-02, 
 2DIAGNOSTIC,    15, -4.833162581631e-01, 1.842100027184e-03, 3.1818e+00, 4.9921e-02, 
 2DIAGNOSTIC,    16, -4.851360833127e-01, 1.576846970827e-03, 3.2245e+00, 4.2770e-02, 
 2DIAGNOSTIC,    17, -4.895215530871e-01, 1.568235696251e-03, 3.2788e+00, 5.4238e-02, 
 2DIAGNOSTIC,    18, -4.947103018850e-01, 1.659706166789e-03, 3.3339e+00, 5.5146e-02, 
 2DIAGNOSTIC,    19, -4.963394133052e-01, 1.652022887905e-03, 3.3763e+00, 4.2330e-02, 
 2DIAGNOSTIC,    20, -4.969035835983e-01, 1.554504170043e-03, 3.4239e+00, 4.7689e-02, 
 2DIAGNOSTIC,    21, -4.970428854289e-01, 1.420560110763e-03, 3.4694e+00, 4.5435e-02, 
 2DIAGNOSTIC,    22, -4.971830623039e-01, 1.240402247194e-03, 3.5111e+00, 4.1675e-02, 
 2DIAGNOSTIC,    23, -4.973498164907e-01, 1.019876868056e-03, 3.5666e+00, 5.5521e-02, 
 2DIAGNOSTIC,    24, -4.975560759731e-01, 7.800553101203e-04, 3.6132e+00, 4.6598e-02, 
 2DIAGNOSTIC,    25, -4.976684477196e-01, 5.188098680957e-04, 3.6669e+00, 5.3705e-02, 
 2DIAGNOSTIC,    26, -4.977486040090e-01, 2.721538132414e-04, 3.7080e+00, 4.1120e-02, 
 2DIAGNOSTIC,    27, -4.981429767289e-01, 1.209408255439e-04, 3.7562e+00, 4.8174e-02, 
 2DIAGNOSTIC,    28, -4.981945446638e-01, 7.906723424059e-05, 3.8058e+00, 4.9612e-02, 
 2DIAGNOSTIC,    29, -4.982178122562e-01, 6.618463886271e-05, 3.8467e+00, 4.0889e-02, 
 2DIAGNOSTIC,    30, -4.982303911012e-01, 5.944431813490e-05, 3.8952e+00, 4.8533e-02, 
 2DIAGNOSTIC,    31, -4.982400489235e-01, 5.044071264620e-05, 3.9418e+00, 4.6618e-02, 
 2DIAGNOSTIC,    32, -4.982848157526e-01, 4.060442172349e-05, 3.9913e+00, 4.9492e-02, 
 2DIAGNOSTIC,    33, -4.982930604063e-01, 3.062724968991e-05, 4.0390e+00, 4.7649e-02, 
 2DIAGNOSTIC,    34, -4.982890085297e-01, 2.200172219675e-05, 4.0829e+00, 4.3945e-02, 
 2DIAGNOSTIC,    35, -4.982936643607e-01, 1.391115471913e-05, 4.1245e+00, 4.1595e-02, 
 2DIAGNOSTIC,    36, -4.983116209216e-01, 6.471054994957e-06, 4.1688e+00, 4.4307e-02, 
 2DIAGNOSTIC,    37, -4.984832925024e-01, 7.833469943506e-06, 4.2213e+00, 5.2486e-02, 
 2DIAGNOSTIC,    38, -4.984886073930e-01, 9.255365900372e-06, 4.2903e+00, 6.9043e-02, 
 2DIAGNOSTIC,    39, -4.984899764508e-01, 1.021275884183e-05, 4.3324e+00, 4.2100e-02, 
 2DIAGNOSTIC,    40, -4.985078753432e-01, 1.071769023932e-05, 4.3747e+00, 4.2287e-02, 
 2DIAGNOSTIC,    41, -4.985142065864e-01, 1.044323853455e-05, 4.4167e+00, 4.1928e-02, 
 2DIAGNOSTIC,    42, -4.985196205343e-01, 9.915027075910e-06, 4.4591e+00, 4.2434e-02, 
 2DIAGNOSTIC,    43, -4.985411338718e-01, 8.941965896226e-06, 4.5021e+00, 4.3017e-02, 
 2DIAGNOSTIC,    44, -4.985766465662e-01, 7.679684129992e-06, 4.5498e+00, 4.7671e-02, 
 2DIAGNOSTIC,    45, -4.986195762574e-01, 6.435672028574e-06, 4.5924e+00, 4.2667e-02, 
 2DIAGNOSTIC,    46, -4.987156282313e-01, 6.074349850536e-06, 4.6353e+00, 4.2861e-02, 
 2DIAGNOSTIC,    47, -4.988747293936e-01, 9.290478703714e-06, 4.7091e+00, 7.3790e-02, 
 2DIAGNOSTIC,    48, -4.988913036324e-01, 1.177630422607e-05, 4.7512e+00, 4.2113e-02, 
 2DIAGNOSTIC,    49, -4.988877283868e-01, 1.309085248341e-05, 4.7933e+00, 4.2141e-02, 
 2DIAGNOSTIC,    50, -4.989334185760e-01, 1.392235156934e-05, 4.8344e+00, 4.1062e-02, 
 2DIAGNOSTIC,    51, -4.989769290037e-01, 1.398443548635e-05, 4.8830e+00, 4.8632e-02, 
 2DIAGNOSTIC,    52, -4.990448624697e-01, 1.354588064402e-05, 4.9298e+00, 4.6789e-02, 
 2DIAGNOSTIC,    53, -4.990885460596e-01, 1.259357571381e-05, 4.9833e+00, 5.3518e-02, 
 2DIAGNOSTIC,    54, -4.991273850324e-01, 1.135471248072e-05, 5.0569e+00, 7.3551e-02, 
 2DIAGNOSTIC,    55, -4.991353563742e-01, 9.656101292516e-06, 5.0981e+00, 4.1183e-02, 
 2DIAGNOSTIC,    56, -4.991464485437e-01, 8.210313839435e-06, 5.1397e+00, 4.1640e-02, 
 2DIAGNOSTIC,    57, -4.991669979426e-01, 7.901998810837e-06, 5.1819e+00, 4.2128e-02, 
 2DIAGNOSTIC,    58, -4.991671318085e-01, 7.065735735994e-06, 5.2241e+00, 4.2270e-02, 
 2DIAGNOSTIC,    59, -4.991785040942e-01, 5.708344630654e-06, 5.2650e+00, 4.0870e-02, 
 2DIAGNOSTIC,    60, -4.991979063816e-01, 4.529047887728e-06, 5.3086e+00, 4.3567e-02, 
 2DIAGNOSTIC,    61, -4.992484880976e-01, 3.884395542528e-06, 5.3502e+00, 4.1640e-02, 
 2DIAGNOSTIC,    62, -4.993405226789e-01, 4.412630766067e-06, 5.3985e+00, 4.8322e-02, 
 2DIAGNOSTIC,    63, -4.996305545595e-01, 7.590680354243e-06, 5.4677e+00, 6.9191e-02, 
 2DIAGNOSTIC,    64, -4.996800562534e-01, 1.072739588852e-05, 5.5092e+00, 4.1475e-02, 
 2DIAGNOSTIC,    65, -4.996746253757e-01, 1.283059603977e-05, 5.5506e+00, 4.1453e-02, 
 2DIAGNOSTIC,    66, -4.996782795932e-01, 1.384377490064e-05, 5.5921e+00, 4.1442e-02, 
 2DIAGNOSTIC,    67, -4.996812417645e-01, 1.372763647824e-05, 5.6404e+00, 4.8347e-02, 
 2DIAGNOSTIC,    68, -4.996812096730e-01, 1.229865965540e-05, 5.6979e+00, 5.7465e-02, 
 2DIAGNOSTIC,    69, -4.996743582626e-01, 9.808043858963e-06, 5.8321e+00, 1.3419e-01, 
 2DIAGNOSTIC,    70, -4.996743577182e-01, 6.686907357126e-06, 5.8755e+00, 4.3402e-02, 
 2DIAGNOSTIC,    71, -4.996743586120e-01, 3.478827752822e-06, 5.9175e+00, 4.2000e-02, 
DIAGNOSTIC,Iteration,metricValue,convergenceValue,ITERATION_TIME_INDEX,SINCE_LAST
 2DIAGNOSTIC,     1, -4.323388194019e-01, 1.797693134862e+308, 7.5804e+00, 1.6629e+00, 
 2DIAGNOSTIC,     2, -4.325366823475e-01, 1.797693134862e+308, 7.9012e+00, 3.2087e-01, 
 2DIAGNOSTIC,     3, -4.327112227340e-01, 1.797693134862e+308, 8.2701e+00, 3.6887e-01, 
 2DIAGNOSTIC,     4, -4.327904294989e-01, 1.797693134862e+308, 8.6010e+00, 3.3090e-01, 
 2DIAGNOSTIC,     5, -4.328221713569e-01, 1.797693134862e+308, 8.9603e+00, 3.5931e-01, 
 2DIAGNOSTIC,     6, -4.328624154023e-01, 1.797693134862e+308, 9.3613e+00, 4.0096e-01, 
 2DIAGNOSTIC,     7, -4.329133430828e-01, 1.797693134862e+308, 9.7378e+00, 3.7652e-01, 
 2DIAGNOSTIC,     8, -4.329444491522e-01, 1.797693134862e+308, 1.0057e+01, 3.1887e-01, 
 2DIAGNOSTIC,     9, -4.330077965967e-01, 1.797693134862e+308, 1.0468e+01, 4.1134e-01, 
 2DIAGNOSTIC,    10, -4.330305970843e-01, 9.059354323039e-05, 1.0839e+01, 3.7061e-01, 
 2DIAGNOSTIC,    11, -4.330171553185e-01, 6.125073290283e-05, 1.1291e+01, 4.5233e-01, 
 2DIAGNOSTIC,    12, -4.330109539085e-01, 4.189324838490e-05, 1.1658e+01, 3.6698e-01, 
 2DIAGNOSTIC,    13, -4.330174861057e-01, 3.102665499670e-05, 1.2065e+01, 4.0699e-01, 
 2DIAGNOSTIC,    14, -4.330175636332e-01, 2.277255019181e-05, 1.2566e+01, 5.0067e-01, 
 2DIAGNOSTIC,    15, -4.330169888317e-01, 1.508460349142e-05, 1.2896e+01, 3.3002e-01, 
 2DIAGNOSTIC,    16, -4.330157094456e-01, 8.777828472237e-06, 1.3299e+01, 4.0290e-01, 
 2DIAGNOSTIC,    17, -4.330141899966e-01, 4.512063420538e-06, 1.3618e+01, 3.1981e-01, 
 2DIAGNOSTIC,    18, -4.330119507713e-01, 1.462659194498e-06, 1.3995e+01, 3.7706e-01, 
DIAGNOSTIC,Iteration,metricValue,convergenceValue,ITERATION_TIME_INDEX,SINCE_LAST
 2DIAGNOSTIC,     1, -3.961105651926e-01, 1.797693134862e+308, 1.7236e+01, 3.2411e+00, 
 2DIAGNOSTIC,     2, -3.961845482490e-01, 1.797693134862e+308, 1.9407e+01, 2.1707e+00, 
 2DIAGNOSTIC,     3, -3.962105092512e-01, 1.797693134862e+308, 2.1898e+01, 2.4903e+00, 
 2DIAGNOSTIC,     4, -3.962674445773e-01, 1.797693134862e+308, 2.4952e+01, 3.0546e+00, 
 2DIAGNOSTIC,     5, -3.962779788588e-01, 1.797693134862e+308, 2.7174e+01, 2.2216e+00, 
 2DIAGNOSTIC,     6, -3.963251231568e-01, 1.797693134862e+308, 2.9631e+01, 2.4569e+00, 
 2DIAGNOSTIC,     7, -3.963477828453e-01, 1.797693134862e+308, 3.3502e+01, 3.8714e+00, 
 2DIAGNOSTIC,     8, -3.963476838892e-01, 1.797693134862e+308, 3.5957e+01, 2.4545e+00, 
 2DIAGNOSTIC,     9, -3.963475506170e-01, 1.797693134862e+308, 3.8663e+01, 2.7065e+00, 
 2DIAGNOSTIC,    10, -3.963475731573e-01, 4.054872869499e-05, 4.1136e+01, 2.4732e+00, 
 2DIAGNOSTIC,    11, -3.963473991490e-01, 2.734914282568e-05, 4.3602e+01, 2.4655e+00, 
 2DIAGNOSTIC,    12, -3.963473148954e-01, 1.854708650632e-05, 4.6079e+01, 2.4769e+00, 
 2DIAGNOSTIC,    13, -3.963473257374e-01, 1.105173459116e-05, 4.8314e+01, 2.2355e+00, 
 2DIAGNOSTIC,    14, -3.963472473304e-01, 6.790813473184e-06, 5.0577e+01, 2.2629e+00, 
 2DIAGNOSTIC,    15, -3.963474582393e-01, 3.147742784385e-06, 5.3029e+01, 2.4521e+00, 
 2DIAGNOSTIC,    16, -3.963472887018e-01, 1.942011994702e-06, 5.5498e+01, 2.4689e+00, 
 2DIAGNOSTIC,    17, -3.963472141144e-01, 1.835581710359e-06, 5.7786e+01, 2.2876e+00, 
 2DIAGNOSTIC,    18, -3.963473332928e-01, 1.745297317716e-06, 5.9989e+01, 2.2036e+00, 
 2DIAGNOSTIC,    19, -3.963475628111e-01, 1.669793338273e-06, 6.2459e+01, 2.4702e+00, 
 2DIAGNOSTIC,    20, -3.963473015934e-01, 1.593534707994e-06, 6.4906e+01, 2.4470e+00, 
 2DIAGNOSTIC,    21, -3.963472192893e-01, 1.516056102609e-06, 6.8896e+01, 3.9899e+00, 
 2DIAGNOSTIC,    22, -3.963473134729e-01, 1.446050373839e-06, 7.1423e+01, 2.5265e+00, 
 2DIAGNOSTIC,    23, -3.963473134998e-01, 1.382203544550e-06, 7.8311e+01, 6.8885e+00, 
 2DIAGNOSTIC,    24, -3.963473134998e-01, 1.321039285088e-06, 8.0804e+01, 2.4930e+00, 
 2DIAGNOSTIC,    25, -3.963473134998e-01, 1.271562404093e-06, 8.3587e+01, 2.7830e+00, 
 2DIAGNOSTIC,    26, -3.963473134998e-01, 1.221560083538e-06, 8.6086e+01, 2.4982e+00, 
 2DIAGNOSTIC,    27, -3.963473134998e-01, 1.173303149679e-06, 8.8621e+01, 2.5351e+00, 
 2DIAGNOSTIC,    28, -3.963473134998e-01, 1.131717008343e-06, 9.1131e+01, 2.5099e+00, 
 2DIAGNOSTIC,    29, -3.963473134998e-01, 1.099291147381e-06, 9.3568e+01, 2.4373e+00, 
 2DIAGNOSTIC,    30, -3.963473134998e-01, 1.062646300794e-06, 9.6653e+01, 3.0853e+00, 
 2DIAGNOSTIC,    31, -3.963473134998e-01, 1.026186146863e-06, 9.9935e+01, 3.2816e+00, 
  Elapsed time (stage 0): 1.0118e+02


Total elapsed time: 1.0119e+02
VFC_BACKENDS=libinterflop_ieee.so
Info [verificarlo]: loaded backend libinterflop_ieee.so
Info [interflop-ieee]: load backend with:
Info [interflop-ieee]: debug = false
Info [interflop-ieee]: debug-binary = false
Info [interflop-ieee]: no-backend-name = false
Info [interflop-ieee]: print-new-line = false
Info [interflop-ieee]: print-subnormal-normalized = false
Info [interflop-ieee]: count-op = false
All_Command_lines_OK
Using double precision for computations.
=============================================================================
The composite transform comprises the following transforms (in order): 
  1. /project/rrg-glatard/mdugre/datasets/corr/RawDataBIDS/BMB_1/derivatives/vprec-space_search/0001/r7-p8/sub-0003004/rigid_Composite.h5[0] (type = Euler3DTransform)
  2. /project/rrg-glatard/mdugre/datasets/corr/RawDataBIDS/BMB_1/derivatives/vprec-space_search/0001/r7-p8/sub-0003004/rigid_Composite.h5[1] (type = Euler3DTransform)
  3. /project/rrg-glatard/mdugre/datasets/corr/RawDataBIDS/BMB_1/derivatives/vprec-space_search/0001/r7-p8/sub-0003004/rigid_Composite.h5[2] (type = Euler3DTransform)
=============================================================================
  number of levels = 4
  fixed image: /templateflow/tpl-MNI152NLin2009cAsym/tpl-MNI152NLin2009cAsym_res-01_desc-brain_T1w.nii.gz
  moving image: /project/rrg-glatard/mdugre/datasets/corr/RawDataBIDS/BMB_1/derivatives/antsBrainExtraction/sub-0003004/BrainExtractionBrain.nii.gz
Dimension = 3
Number of stages = 1
Use histogram matching = false
Winsorize image intensities = true
  Lower quantile = 0.005
  Upper quantile = 0.995


Stage 1 State
   Image metric = MattesMI
     Fixed image = Image (0x4d4e650)
  RTTI typeinfo:   itk::Image<double, 3u>
  Reference Count: 2
  Modified Time: 1594
  Debug: Off
  Object Name: 
  Observers: 
    none
  Source: (none)
  Source output name: (none)
  Release Data: Off
  Data Released: False
  Global Release Data: Off
  PipelineMTime: 0
  UpdateMTime: 1203
  RealTimeStamp: 0 seconds 
  LargestPossibleRegion: 
    Dimension: 3
    Index: [0, 0, 0]
    Size: [193, 229, 193]
  BufferedRegion: 
    Dimension: 3
    Index: [0, 0, 0]
    Size: [193, 229, 193]
  RequestedRegion: 
    Dimension: 3
    Index: [0, 0, 0]
    Size: [193, 229, 193]
  Spacing: [1, 1, 1]
  Origin: [96, 132, -78]
  Direction: 
-1 0 0
0 -1 0
0 0 1

  IndexToPointMatrix: 
-1 0 0
0 -1 0
0 0 1

  PointToIndexMatrix: 
-1 0 0
0 -1 0
0 0 1

  Inverse Direction: 
-1 0 0
0 -1 0
0 0 1

  PixelContainer: 
    ImportImageContainer (0x4e1b290)
      RTTI typeinfo:   itk::ImportImageContainer<unsigned long, double>
      Reference Count: 1
      Modified Time: 1200
      Debug: Off
      Object Name: 
      Observers: 
        none
      Pointer: 0x153e6cb05010
      Container manages memory: true
      Size: 8530021
      Capacity: 8530021

     Moving image = Image (0x4e1ab00)
  RTTI typeinfo:   itk::Image<double, 3u>
  Reference Count: 2
  Modified Time: 1595
  Debug: Off
  Object Name: 
  Observers: 
    none
  Source: (none)
  Source output name: (none)
  Release Data: Off
  Data Released: False
  Global Release Data: Off
  PipelineMTime: 0
  UpdateMTime: 1592
  RealTimeStamp: 0 seconds 
  LargestPossibleRegion: 
    Dimension: 3
    Index: [0, 0, 0]
    Size: [176, 256, 256]
  BufferedRegion: 
    Dimension: 3
    Index: [0, 0, 0]
    Size: [176, 256, 256]
  RequestedRegion: 
    Dimension: 3
    Index: [0, 0, 0]
    Size: [176, 256, 256]
  Spacing: [1, 1, 1]
  Origin: [-91.5482, 112.526, -105.567]
  Direction: 
1 0 0
0 -1 0
0 0 1

  IndexToPointMatrix: 
1 0 0
0 -1 0
0 0 1

  PointToIndexMatrix: 
1 0 0
0 -1 0
0 0 1

  Inverse Direction: 
1 0 0
0 -1 0
0 0 1

  PixelContainer: 
    ImportImageContainer (0x4ddc0d0)
      RTTI typeinfo:   itk::ImportImageContainer<unsigned long, double>
      Reference Count: 1
      Modified Time: 1589
      Debug: Off
      Object Name: 
      Observers: 
        none
      Pointer: 0x153e67304010
      Container manages memory: true
      Size: 11534336
      Capacity: 11534336

     Weighting = 1
     Sampling strategy = regular
     Number of bins = 32
     Radius = 4
     Sampling percentage  = 0.25
   Transform = Affine
     Gradient step = 0.1
     Update field sigma (voxel space) = 0
     Total field sigma (voxel space) = 0
     Update field time sigma = 0
     Total field time sigma  = 0
     Number of time indices = 0
     Number of time point samples = 0
Registration using 1 total stages.

Stage 0
  iterations = 1000x500x250x100
  convergence threshold = 1e-06
  convergence window size = 10
  number of levels = 4
  using the Mattes MI metric (number of bins = 32, weight = 1, use gradient filter = 0)
  preprocessing:  winsorizing the image intensities
  Shrink factors (level 1 out of 4): [8, 8, 8]
  Shrink factors (level 2 out of 4): [4, 4, 4]
  Shrink factors (level 3 out of 4): [2, 2, 2]
  Shrink factors (level 4 out of 4): [1, 1, 1]
  smoothing sigmas per level: [3, 2, 1, 0]
  regular sampling (percentage = 0.25)

*** Running AffineTransform registration ***

DIAGNOSTIC,Iteration,metricValue,convergenceValue,ITERATION_TIME_INDEX,SINCE_LAST
 2DIAGNOSTIC,     1, -6.190668354726e-01, 1.797693134862e+308, 1.1493e+00, 1.1493e+00, 
 2DIAGNOSTIC,     2, -6.213093395279e-01, 1.797693134862e+308, 1.1550e+00, 5.6789e-03, 
 2DIAGNOSTIC,     3, -6.241290921518e-01, 1.797693134862e+308, 1.1613e+00, 6.2621e-03, 
 2DIAGNOSTIC,     4, -6.301577161409e-01, 1.797693134862e+308, 1.1669e+00, 5.6670e-03, 
 2DIAGNOSTIC,     5, -6.395765308494e-01, 1.797693134862e+308, 1.1724e+00, 5.4989e-03, 
 2DIAGNOSTIC,     6, -6.539239452453e-01, 1.797693134862e+308, 1.1781e+00, 5.6901e-03, 
 2DIAGNOSTIC,     7, -6.754707090818e-01, 1.797693134862e+308, 1.1839e+00, 5.8320e-03, 
 2DIAGNOSTIC,     8, -7.126791264428e-01, 1.797693134862e+308, 1.1906e+00, 6.6960e-03, 
 2DIAGNOSTIC,     9, -7.915028303833e-01, 1.797693134862e+308, 1.1976e+00, 7.0059e-03, 
 2DIAGNOSTIC,    10, -8.119168424581e-01, 1.791258590183e-02, 1.2045e+00, 6.9060e-03, 
 2DIAGNOSTIC,    11, -8.244539826928e-01, 1.936985537570e-02, 1.2130e+00, 8.4488e-03, 
 2DIAGNOSTIC,    12, -8.354133322167e-01, 1.927869780563e-02, 1.2211e+00, 8.0838e-03, 
 2DIAGNOSTIC,    13, -8.363655467210e-01, 1.758187434406e-02, 1.2272e+00, 6.1131e-03, 
 2DIAGNOSTIC,    14, -8.385830618123e-01, 1.478934487817e-02, 1.2330e+00, 5.8508e-03, 
 2DIAGNOSTIC,    15, -8.395955858266e-01, 1.135565118840e-02, 1.2400e+00, 6.9971e-03, 
 2DIAGNOSTIC,    16, -8.411014846454e-01, 7.779713913468e-03, 1.2467e+00, 6.7041e-03, 
 2DIAGNOSTIC,    17, -8.426343883088e-01, 4.487940504073e-03, 1.2545e+00, 7.7119e-03, 
 2DIAGNOSTIC,    18, -8.426376824097e-01, 1.941131196490e-03, 1.2604e+00, 5.9161e-03, 
 2DIAGNOSTIC,    19, -8.427392633299e-01, 1.076440055296e-03, 1.2669e+00, 6.4929e-03, 
 2DIAGNOSTIC,    20, -8.429762035593e-01, 5.914282850884e-04, 1.2735e+00, 6.6812e-03, 
 2DIAGNOSTIC,    21, -8.430639934849e-01, 3.215280893820e-04, 1.2794e+00, 5.8711e-03, 
 2DIAGNOSTIC,    22, -8.432885932019e-01, 2.372927228273e-04, 1.2865e+00, 7.0930e-03, 
 2DIAGNOSTIC,    23, -8.439243170515e-01, 1.640718788197e-04, 1.2937e+00, 7.1990e-03, 
 2DIAGNOSTIC,    24, -8.440336392442e-01, 1.179690159443e-04, 1.3002e+00, 6.5329e-03, 
 2DIAGNOSTIC,    25, -8.440109001476e-01, 7.918125902424e-05, 1.3067e+00, 6.4790e-03, 
 2DIAGNOSTIC,    26, -8.445471960854e-01, 6.456292280594e-05, 1.3133e+00, 6.6240e-03, 
 2DIAGNOSTIC,    27, -8.446435819755e-01, 6.694491263791e-05, 1.3212e+00, 7.8490e-03, 
 2DIAGNOSTIC,    28, -8.447434679201e-01, 6.421059762129e-05, 1.3277e+00, 6.4752e-03, 
 2DIAGNOSTIC,    29, -8.444133696270e-01, 5.290504036243e-05, 1.3335e+00, 5.8050e-03, 
 2DIAGNOSTIC,    30, -8.443616039847e-01, 4.000871171242e-05, 1.3402e+00, 6.6762e-03, 
 2DIAGNOSTIC,    31, -8.443100207762e-01, 2.466963974428e-05, 1.3461e+00, 5.9371e-03, 
 2DIAGNOSTIC,    32, -8.441381971775e-01, 8.428723599449e-06, 1.3526e+00, 6.5112e-03, 
DIAGNOSTIC,Iteration,metricValue,convergenceValue,ITERATION_TIME_INDEX,SINCE_LAST
 2DIAGNOSTIC,     1, -7.030163591931e-01, 1.797693134862e+308, 2.6105e+00, 1.2579e+00, 
 2DIAGNOSTIC,     2, -7.045484392066e-01, 1.797693134862e+308, 2.6614e+00, 5.0849e-02, 
 2DIAGNOSTIC,     3, -7.060612637024e-01, 1.797693134862e+308, 2.7143e+00, 5.2869e-02, 
 2DIAGNOSTIC,     4, -7.072277456065e-01, 1.797693134862e+308, 2.7660e+00, 5.1792e-02, 
 2DIAGNOSTIC,     5, -7.078155705011e-01, 1.797693134862e+308, 2.8183e+00, 5.2232e-02, 
 2DIAGNOSTIC,     6, -7.085497772806e-01, 1.797693134862e+308, 2.8728e+00, 5.4487e-02, 
 2DIAGNOSTIC,     7, -7.091430014155e-01, 1.797693134862e+308, 2.9359e+00, 6.3102e-02, 
 2DIAGNOSTIC,     8, -7.093339234874e-01, 1.797693134862e+308, 3.0173e+00, 8.1472e-02, 
 2DIAGNOSTIC,     9, -7.094100892176e-01, 1.797693134862e+308, 3.0696e+00, 5.2278e-02, 
 2DIAGNOSTIC,    10, -7.094645333398e-01, 5.659550039148e-04, 3.1210e+00, 5.1393e-02, 
 2DIAGNOSTIC,    11, -7.096669597820e-01, 3.837295736857e-04, 3.1842e+00, 6.3231e-02, 
 2DIAGNOSTIC,    12, -7.096887291640e-01, 2.485655940078e-04, 3.2347e+00, 5.0472e-02, 
 2DIAGNOSTIC,    13, -7.097065087740e-01, 1.587748177289e-04, 3.2928e+00, 5.8090e-02, 
 2DIAGNOSTIC,    14, -7.097198461164e-01, 1.015412728341e-04, 3.3480e+00, 5.5160e-02, 
 2DIAGNOSTIC,    15, -7.097567566035e-01, 5.927202141427e-05, 3.4060e+00, 5.8033e-02, 
 2DIAGNOSTIC,    16, -7.097928918764e-01, 3.593056325951e-05, 3.4632e+00, 5.7174e-02, 
 2DIAGNOSTIC,    17, -7.097993483616e-01, 2.624556835504e-05, 3.5148e+00, 5.1638e-02, 
 2DIAGNOSTIC,    18, -7.098289718715e-01, 2.035159621611e-05, 3.5658e+00, 5.1008e-02, 
 2DIAGNOSTIC,    19, -7.098520142026e-01, 1.546502718859e-05, 3.6583e+00, 9.2533e-02, 
 2DIAGNOSTIC,    20, -7.098542070901e-01, 1.079714561959e-05, 3.7259e+00, 6.7572e-02, 
 2DIAGNOSTIC,    21, -7.098422695344e-01, 9.349999104180e-06, 3.7880e+00, 6.2071e-02, 
 2DIAGNOSTIC,    22, -7.098176443899e-01, 7.262978401326e-06, 3.8391e+00, 5.1134e-02, 
 2DIAGNOSTIC,    23, -7.098065223796e-01, 4.940891857097e-06, 3.8906e+00, 5.1521e-02, 
 2DIAGNOSTIC,    24, -7.098092873557e-01, 2.728273154097e-06, 3.9473e+00, 5.6664e-02, 
 2DIAGNOSTIC,    25, -7.098119426264e-01, 1.177160559265e-06, 4.0038e+00, 5.6505e-02, 
DIAGNOSTIC,Iteration,metricValue,convergenceValue,ITERATION_TIME_INDEX,SINCE_LAST
 2DIAGNOSTIC,     1, -5.979686954310e-01, 1.797693134862e+308, 5.7467e+00, 1.7429e+00, 
 2DIAGNOSTIC,     2, -5.985258420102e-01, 1.797693134862e+308, 6.1503e+00, 4.0361e-01, 
 2DIAGNOSTIC,     3, -5.989765729817e-01, 1.797693134862e+308, 6.5645e+00, 4.1423e-01, 
 2DIAGNOSTIC,     4, -5.993373024475e-01, 1.797693134862e+308, 6.9719e+00, 4.0735e-01, 
 2DIAGNOSTIC,     5, -5.998840766991e-01, 1.797693134862e+308, 7.3734e+00, 4.0156e-01, 
 2DIAGNOSTIC,     6, -6.003843179864e-01, 1.797693134862e+308, 7.7791e+00, 4.0566e-01, 
 2DIAGNOSTIC,     7, -6.008022310711e-01, 1.797693134862e+308, 8.4156e+00, 6.3651e-01, 
 2DIAGNOSTIC,     8, -6.008036354679e-01, 1.797693134862e+308, 8.8677e+00, 4.5215e-01, 
 2DIAGNOSTIC,     9, -6.008073459299e-01, 1.797693134862e+308, 9.2823e+00, 4.1458e-01, 
 2DIAGNOSTIC,    10, -6.008131965607e-01, 3.294984001370e-04, 9.6885e+00, 4.0618e-01, 
 2DIAGNOSTIC,    11, -6.008208799858e-01, 2.367531827377e-04, 1.0138e+01, 4.4949e-01, 
 2DIAGNOSTIC,    12, -6.008579873575e-01, 1.616348034805e-04, 1.0533e+01, 3.9546e-01, 
 2DIAGNOSTIC,    13, -6.009354525681e-01, 1.030483688754e-04, 1.0989e+01, 4.5521e-01, 
 2DIAGNOSTIC,    14, -6.009378466121e-01, 5.583533609693e-05, 1.1395e+01, 4.0644e-01, 
 2DIAGNOSTIC,    15, -6.009764157098e-01, 2.826336641172e-05, 1.1867e+01, 4.7166e-01, 
 2DIAGNOSTIC,    16, -6.010074629148e-01, 1.711238289615e-05, 1.2394e+01, 5.2694e-01, 
 2DIAGNOSTIC,    17, -6.010272947496e-01, 1.803991740774e-05, 1.2846e+01, 4.5272e-01, 
 2DIAGNOSTIC,    18, -6.010449837553e-01, 1.784856779905e-05, 1.3285e+01, 4.3886e-01, 
 2DIAGNOSTIC,    19, -6.010523036584e-01, 1.646954131852e-05, 1.3738e+01, 4.5277e-01, 
 2DIAGNOSTIC,    20, -6.010638405865e-01, 1.429012354125e-05, 1.4248e+01, 5.0960e-01, 
 2DIAGNOSTIC,    21, -6.010652011886e-01, 1.132173744971e-05, 1.4691e+01, 4.4360e-01, 
 2DIAGNOSTIC,    22, -6.010617151906e-01, 8.391285939144e-06, 1.5189e+01, 4.9813e-01, 
 2DIAGNOSTIC,    23, -6.010592037101e-01, 6.625251798523e-06, 1.5804e+01, 6.1415e-01, 
 2DIAGNOSTIC,    24, -6.010593030192e-01, 4.552800724214e-06, 1.6215e+01, 4.1123e-01, 
 2DIAGNOSTIC,    25, -6.010580780510e-01, 3.037430609740e-06, 1.6664e+01, 4.4929e-01, 
 2DIAGNOSTIC,    26, -6.010568669033e-01, 2.010549629651e-06, 1.7070e+01, 4.0614e-01, 
 2DIAGNOSTIC,    27, -6.010556858637e-01, 1.310089288609e-06, 1.7486e+01, 4.1565e-01, 
DIAGNOSTIC,Iteration,metricValue,convergenceValue,ITERATION_TIME_INDEX,SINCE_LAST
 2DIAGNOSTIC,     1, -5.304909467979e-01, 1.797693134862e+308, 2.1397e+01, 3.9110e+00, 
 2DIAGNOSTIC,     2, -5.309140115739e-01, 1.797693134862e+308, 2.4410e+01, 3.0132e+00, 
 2DIAGNOSTIC,     3, -5.314128208198e-01, 1.797693134862e+308, 2.7259e+01, 2.8492e+00, 
 2DIAGNOSTIC,     4, -5.319549735440e-01, 1.797693134862e+308, 3.0057e+01, 2.7977e+00, 
 2DIAGNOSTIC,     5, -5.334351228540e-01, 1.797693134862e+308, 3.6326e+01, 6.2687e+00, 
 2DIAGNOSTIC,     6, -5.334344811764e-01, 1.797693134862e+308, 3.9443e+01, 3.1174e+00, 
 2DIAGNOSTIC,     7, -5.334341323578e-01, 1.797693134862e+308, 4.3506e+01, 4.0633e+00, 
 2DIAGNOSTIC,     8, -5.334339648991e-01, 1.797693134862e+308, 4.6966e+01, 3.4598e+00, 
 2DIAGNOSTIC,     9, -5.334339575566e-01, 1.797693134862e+308, 5.0226e+01, 3.2599e+00, 
 2DIAGNOSTIC,    10, -5.334338416905e-01, 3.903096620518e-04, 5.3389e+01, 3.1632e+00, 
 2DIAGNOSTIC,    11, -5.334337079798e-01, 2.611226567557e-04, 5.6582e+01, 3.1930e+00, 
 2DIAGNOSTIC,    12, -5.334337064793e-01, 1.498849941900e-04, 5.9670e+01, 3.0880e+00, 
 2DIAGNOSTIC,    13, -5.334336585552e-01, 6.305251312719e-05, 6.2826e+01, 3.1562e+00, 
 2DIAGNOSTIC,    14, -5.334336465333e-01, 2.174541671743e-06, 6.5901e+01, 3.0747e+00, 
 2DIAGNOSTIC,    15, -5.334335535522e-01, 2.062359632141e-06, 6.9016e+01, 3.1153e+00, 
 2DIAGNOSTIC,    16, -5.334332670554e-01, 1.939248978747e-06, 7.2464e+01, 3.4476e+00, 
 2DIAGNOSTIC,    17, -5.334331787579e-01, 1.821940942302e-06, 7.5488e+01, 3.0238e+00, 
 2DIAGNOSTIC,    18, -5.334330852609e-01, 1.714519968998e-06, 7.8362e+01, 2.8739e+00, 
 2DIAGNOSTIC,    19, -5.334330186668e-01, 1.621359387881e-06, 8.1524e+01, 3.1625e+00, 
 2DIAGNOSTIC,    20, -5.334330670872e-01, 1.540907543597e-06, 8.4953e+01, 3.4291e+00, 
 2DIAGNOSTIC,    21, -5.334328287011e-01, 1.463447084418e-06, 8.8024e+01, 3.0702e+00, 
 2DIAGNOSTIC,    22, -5.334328457325e-01, 1.398530829685e-06, 9.0810e+01, 2.7868e+00, 
 2DIAGNOSTIC,    23, -5.334327421416e-01, 1.340151034750e-06, 9.3648e+01, 2.8372e+00, 
 2DIAGNOSTIC,    24, -5.334327908006e-01, 1.291531601340e-06, 9.6755e+01, 3.1072e+00, 
 2DIAGNOSTIC,    25, -5.334327278011e-01, 1.246823178584e-06, 9.9699e+01, 2.9438e+00, 
 2DIAGNOSTIC,    26, -5.334327126890e-01, 1.201955290998e-06, 1.0281e+02, 3.1162e+00, 
 2DIAGNOSTIC,    27, -5.334328298344e-01, 1.163163904076e-06, 1.0593e+02, 3.1127e+00, 
 2DIAGNOSTIC,    28, -5.334326683490e-01, 1.123687606290e-06, 1.0907e+02, 3.1430e+00, 
 2DIAGNOSTIC,    29, -5.334326026523e-01, 1.085766576578e-06, 1.1194e+02, 2.8659e+00, 
 2DIAGNOSTIC,    30, -5.334325828817e-01, 1.052140749941e-06, 1.1482e+02, 2.8848e+00, 
 2DIAGNOSTIC,    31, -5.334325082299e-01, 1.016069327446e-06, 1.1878e+02, 3.9605e+00, 
  Elapsed time (stage 0): 1.2054e+02


Total elapsed time: 1.2054e+02
VFC_BACKENDS=libinterflop_vprec.so --range-binary32=7 --precision-binary32=8 --range-binary64=7 --precision-binary64=8
Info [verificarlo]: loaded backend libinterflop_vprec.so
Info [interflop-vprec]: load backend with: 
Info [interflop-vprec]: precision-binary32 = 8
Info [interflop-vprec]: range-binary32 = 7
Info [interflop-vprec]: precision-binary64 = 8
Info [interflop-vprec]: range-binary64 = 7
Info [interflop-vprec]: mode = ob
Info [interflop-vprec]: error-mode = rel
Info [interflop-vprec]: max-abs-error-exponent = -1022
Info [interflop-vprec]: daz = false
Info [interflop-vprec]: ftz = false
Info [interflop-vprec]: 	instrument = none
Info [interflop-vprec]: 	prec-input-file = (null)
Info [interflop-vprec]: 	prec-output-file = (null)
Info [interflop-vprec]: 	prec-log-file = (null)
All_Command_lines_OK
Using double precision for computations.
=============================================================================
The composite transform comprises the following transforms (in order): 
  1. /project/rrg-glatard/mdugre/datasets/corr/RawDataBIDS/BMB_1/derivatives/vprec-space_search/0001/r7-p8/sub-0003004/affine_Composite.h5[0] (type = Euler3DTransform)
  2. /project/rrg-glatard/mdugre/datasets/corr/RawDataBIDS/BMB_1/derivatives/vprec-space_search/0001/r7-p8/sub-0003004/affine_Composite.h5[1] (type = Euler3DTransform)
  3. /project/rrg-glatard/mdugre/datasets/corr/RawDataBIDS/BMB_1/derivatives/vprec-space_search/0001/r7-p8/sub-0003004/affine_Composite.h5[2] (type = Euler3DTransform)
  4. /project/rrg-glatard/mdugre/datasets/corr/RawDataBIDS/BMB_1/derivatives/vprec-space_search/0001/r7-p8/sub-0003004/affine_Composite.h5[3] (type = AffineTransform)
=============================================================================
  number of levels = 4
  fixed image: /templateflow/tpl-MNI152NLin2009cAsym/tpl-MNI152NLin2009cAsym_res-01_desc-brain_T1w.nii.gz
  moving image: /project/rrg-glatard/mdugre/datasets/corr/RawDataBIDS/BMB_1/derivatives/antsBrainExtraction/sub-0003004/BrainExtractionBrain.nii.gz
Dimension = 3
Number of stages = 1
Use histogram matching = false
Winsorize image intensities = true
  Lower quantile = 0.005
  Upper quantile = 0.995


Stage 1 State
   Image metric = CC
     Fixed image = Image (0x36774c0)
  RTTI typeinfo:   itk::Image<double, 3u>
  Reference Count: 2
  Modified Time: 1606
  Debug: Off
  Object Name: 
  Observers: 
    none
  Source: (none)
  Source output name: (none)
  Release Data: Off
  Data Released: False
  Global Release Data: Off
  PipelineMTime: 0
  UpdateMTime: 1217
  RealTimeStamp: 0 seconds 
  LargestPossibleRegion: 
    Dimension: 3
    Index: [0, 0, 0]
    Size: [193, 229, 193]
  BufferedRegion: 
    Dimension: 3
    Index: [0, 0, 0]
    Size: [193, 229, 193]
  RequestedRegion: 
    Dimension: 3
    Index: [0, 0, 0]
    Size: [193, 229, 193]
  Spacing: [1, 1, 1]
  Origin: [96, 132, -78]
  Direction: 
-1 0 0
0 -1 0
0 0 1

  IndexToPointMatrix: 
-1 0 0
0 -1 0
0 0 1

  PointToIndexMatrix: 
-1 0 0
0 -1 0
0 0 1

  Inverse Direction: 
-1 0 0
0 -1 0
0 0 1

  PixelContainer: 
    ImportImageContainer (0x3746b10)
      RTTI typeinfo:   itk::ImportImageContainer<unsigned long, double>
      Reference Count: 1
      Modified Time: 1214
      Debug: Off
      Object Name: 
      Observers: 
        none
      Pointer: 0x14ae6dbf0010
      Container manages memory: true
      Size: 8530021
      Capacity: 8530021

     Moving image = Image (0x374d700)
  RTTI typeinfo:   itk::Image<double, 3u>
  Reference Count: 2
  Modified Time: 1607
  Debug: Off
  Object Name: 
  Observers: 
    none
  Source: (none)
  Source output name: (none)
  Release Data: Off
  Data Released: False
  Global Release Data: Off
  PipelineMTime: 0
  UpdateMTime: 1604
  RealTimeStamp: 0 seconds 
  LargestPossibleRegion: 
    Dimension: 3
    Index: [0, 0, 0]
    Size: [176, 256, 256]
  BufferedRegion: 
    Dimension: 3
    Index: [0, 0, 0]
    Size: [176, 256, 256]
  RequestedRegion: 
    Dimension: 3
    Index: [0, 0, 0]
    Size: [176, 256, 256]
  Spacing: [1, 1, 1]
  Origin: [-91.5, 112.5, -105.5]
  Direction: 
1 0 0
0 -1 0
0 0 1

  IndexToPointMatrix: 
1 0 0
0 -1 0
0 0 1

  PointToIndexMatrix: 
1 0 0
0 -1 0
0 0 1

  Inverse Direction: 
1 0 0
0 -1 0
0 0 1

  PixelContainer: 
    ImportImageContainer (0x37ce2d0)
      RTTI typeinfo:   itk::ImportImageContainer<unsigned long, double>
      Reference Count: 1
      Modified Time: 1601
      Debug: Off
      Object Name: 
      Observers: 
        none
      Pointer: 0x14ae683ef010
      Container manages memory: true
      Size: 11534336
      Capacity: 11534336

     Weighting = 1
     Sampling strategy = none
     Number of bins = 32
     Radius = 4
     Sampling percentage  = 1
   Transform = SyN
     Gradient step = 0.1
     Update field sigma (voxel space) = 3
     Total field sigma (voxel space) = 0
     Update field time sigma = 0
     Total field time sigma  = 0
     Number of time indices = 0
     Number of time point samples = 0
Registration using 1 total stages.

Stage 0
  iterations = 100x70x50x20
  convergence threshold = 1e-06
  convergence window size = 10
  number of levels = 4
  using the CC metric (radius = 4, weight = 1, use gradient filter = 0)
  preprocessing:  winsorizing the image intensities
  Shrink factors (level 1 out of 4): [8, 8, 8]
  Shrink factors (level 2 out of 4): [4, 4, 4]
  Shrink factors (level 3 out of 4): [2, 2, 2]
  Shrink factors (level 4 out of 4): [1, 1, 1]
  smoothing sigmas per level: [3, 2, 1, 0]
  Using default NONE metricSamplingStrategy 

*** Running SyN registration (varianceForUpdateField = 3, varianceForTotalField = 0) ***

XXDIAGNOSTIC,Iteration,metricValue,convergenceValue,ITERATION_TIME_INDEX,SINCE_LAST
 1DIAGNOSTIC,     1, -9.472656250000e-01, 1.797693134862e+308, 0.0000e+00, 0.0000e+00, 
 1DIAGNOSTIC,     2, -9.550781250000e-01, 1.797693134862e+308, 0.0000e+00, 0.0000e+00, 
 1DIAGNOSTIC,     3, -9.609375000000e-01, 1.797693134862e+308, 0.0000e+00, 0.0000e+00, 
 1DIAGNOSTIC,     4, -9.648437500000e-01, 1.797693134862e+308, 0.0000e+00, 0.0000e+00, 
 1DIAGNOSTIC,     5, -9.687500000000e-01, 1.797693134862e+308, 0.0000e+00, 0.0000e+00, 
 1DIAGNOSTIC,     6, -9.687500000000e-01, 1.797693134862e+308, 0.0000e+00, 0.0000e+00, 
 1DIAGNOSTIC,     7, -9.707031250000e-01, 1.797693134862e+308, 0.0000e+00, 0.0000e+00, 
 1DIAGNOSTIC,     8, -9.726562500000e-01, 1.797693134862e+308, 0.0000e+00, 0.0000e+00, 
 1DIAGNOSTIC,     9, -9.765625000000e-01, 1.797693134862e+308, 0.0000e+00, 0.0000e+00, 
 1DIAGNOSTIC,    10, -9.785156250000e-01, 1.794682486478e-03, 0.0000e+00, 0.0000e+00, 
 1DIAGNOSTIC,    11, -9.785156250000e-01, 1.313898334666e-03, 0.0000e+00, 0.0000e+00, 
 1DIAGNOSTIC,    12, -9.785156250000e-01, 9.873527220157e-04, 0.0000e+00, 0.0000e+00, 
 1DIAGNOSTIC,    13, -9.804687500000e-01, 7.966726868663e-04, 0.0000e+00, 0.0000e+00, 
 1DIAGNOSTIC,    14, -9.804687500000e-01, 6.385706478383e-04, 0.0000e+00, 0.0000e+00, 
 1DIAGNOSTIC,    15, -9.804687500000e-01, 5.204178904827e-04, 0.0000e+00, 0.0000e+00, 
 1DIAGNOSTIC,    16, -9.804687500000e-01, 3.704466686908e-04, 0.0000e+00, 0.0000e+00, 
 1DIAGNOSTIC,    17, -9.804687500000e-01, 2.380303793542e-04, 0.0000e+00, 0.0000e+00, 
 1DIAGNOSTIC,    18, -9.804687500000e-01, 1.282812187365e-04, 0.0000e+00, 0.0000e+00, 
 1DIAGNOSTIC,    19, -9.804687500000e-01, 7.740491780228e-05, 0.0000e+00, 0.0000e+00, 
 1DIAGNOSTIC,    20, -9.804687500000e-01, 5.347171205169e-05, 0.0000e+00, 0.0000e+00, 
 1DIAGNOSTIC,    21, -9.804687500000e-01, 2.717540392838e-05, 0.0000e+00, 0.0000e+00, 
 1DIAGNOSTIC,    22, -9.804687500000e-01, -1.305899832715e-14, 0.0000e+00, 0.0000e+00, 
XXDIAGNOSTIC,Iteration,metricValue,convergenceValue,ITERATION_TIME_INDEX,SINCE_LAST
 1DIAGNOSTIC,     1, -8.964843750000e-01, 1.797693134862e+308, 0.0000e+00, 0.0000e+00, 
 1DIAGNOSTIC,     2, -9.003906250000e-01, 1.797693134862e+308, 0.0000e+00, 0.0000e+00, 
 1DIAGNOSTIC,     3, -9.023437500000e-01, 1.797693134862e+308, 0.0000e+00, 0.0000e+00, 
 1DIAGNOSTIC,     4, -9.023437500000e-01, 1.797693134862e+308, 0.0000e+00, 0.0000e+00, 
 1DIAGNOSTIC,     5, -9.042968750000e-01, 1.797693134862e+308, 0.0000e+00, 0.0000e+00, 
 1DIAGNOSTIC,     6, -9.062500000000e-01, 1.797693134862e+308, 0.0000e+00, 0.0000e+00, 
 1DIAGNOSTIC,     7, -9.062500000000e-01, 1.797693134862e+308, 0.0000e+00, 0.0000e+00, 
 1DIAGNOSTIC,     8, -9.082031250000e-01, 1.797693134862e+308, 0.0000e+00, 0.0000e+00, 
 1DIAGNOSTIC,     9, -9.082031250000e-01, 1.797693134862e+308, 0.0000e+00, 0.0000e+00, 
 1DIAGNOSTIC,    10, -9.101562500000e-01, 8.412769237812e-04, 0.0000e+00, 0.0000e+00, 
 1DIAGNOSTIC,    11, -9.101562500000e-01, 6.435745852454e-04, 0.0000e+00, 0.0000e+00, 
 1DIAGNOSTIC,    12, -9.101562500000e-01, 5.230834148595e-04, 0.0000e+00, 0.0000e+00, 
 1DIAGNOSTIC,    13, -9.121093750000e-01, 4.696868403378e-04, 0.0000e+00, 0.0000e+00, 
 1DIAGNOSTIC,    14, -9.121093750000e-01, 3.789171961066e-04, 0.0000e+00, 0.0000e+00, 
 1DIAGNOSTIC,    15, -9.121093750000e-01, 3.059510882446e-04, 0.0000e+00, 0.0000e+00, 
 1DIAGNOSTIC,    16, -9.121093750000e-01, 2.532924807631e-04, 0.0000e+00, 0.0000e+00, 
 1DIAGNOSTIC,    17, -9.140625000000e-01, 2.189220003646e-04, 0.0000e+00, 0.0000e+00, 
 1DIAGNOSTIC,    18, -9.140625000000e-01, 2.010942231118e-04, 0.0000e+00, 0.0000e+00, 
 1DIAGNOSTIC,    19, -9.140625000000e-01, 1.658313847555e-04, 0.0000e+00, 0.0000e+00, 
 1DIAGNOSTIC,    20, -9.140625000000e-01, 1.502830523822e-04, 0.0000e+00, 0.0000e+00, 
 1DIAGNOSTIC,    21, -9.140625000000e-01, 1.224404665264e-04, 0.0000e+00, 0.0000e+00, 
 1DIAGNOSTIC,    22, -9.140625000000e-01, 8.449889187034e-05, 0.0000e+00, 0.0000e+00, 
 1DIAGNOSTIC,    23, -9.140625000000e-01, 6.841880471564e-05, 0.0000e+00, 0.0000e+00, 
 1DIAGNOSTIC,    24, -9.140625000000e-01, 4.768671877556e-05, 0.0000e+00, 0.0000e+00, 
 1DIAGNOSTIC,    25, -9.140625000000e-01, 2.443288914644e-05, 0.0000e+00, 0.0000e+00, 
 1DIAGNOSTIC,    26, -9.160156250000e-01, 2.348680055578e-05, 0.0000e+00, 0.0000e+00, 
 1DIAGNOSTIC,    27, -9.160156250000e-01, 4.235745030733e-05, 0.0000e+00, 0.0000e+00, 
 1DIAGNOSTIC,    28, -9.160156250000e-01, 5.613487678852e-05, 0.0000e+00, 0.0000e+00, 
 1DIAGNOSTIC,    29, -9.160156250000e-01, 6.399764434206e-05, 0.0000e+00, 0.0000e+00, 
 1DIAGNOSTIC,    30, -9.160156250000e-01, 6.519114026049e-05, 0.0000e+00, 0.0000e+00, 
 1DIAGNOSTIC,    31, -9.160156250000e-01, 5.984534508267e-05, 0.0000e+00, 0.0000e+00, 
 1DIAGNOSTIC,    32, -9.160156250000e-01, 4.907946818237e-05, 0.0000e+00, 0.0000e+00, 
 1DIAGNOSTIC,    33, -9.160156250000e-01, 3.461507517483e-05, 0.0000e+00, 0.0000e+00, 
 1DIAGNOSTIC,    34, -9.160156250000e-01, 1.793192942082e-05, 0.0000e+00, 0.0000e+00, 
 1DIAGNOSTIC,    35, -9.160156250000e-01, -8.201772594418e-15, 0.0000e+00, 0.0000e+00, 
XXDIAGNOSTIC,Iteration,metricValue,convergenceValue,ITERATION_TIME_INDEX,SINCE_LAST
 1DIAGNOSTIC,     1, -8.671875000000e-01, 1.797693134862e+308, 0.0000e+00, 0.0000e+00, 
 1DIAGNOSTIC,     2, -8.671875000000e-01, 1.797693134862e+308, 0.0000e+00, 0.0000e+00, 
 1DIAGNOSTIC,     3, -8.691406250000e-01, 1.797693134862e+308, 0.0000e+00, 0.0000e+00, 
 1DIAGNOSTIC,     4, -8.710937500000e-01, 1.797693134862e+308, 0.0000e+00, 0.0000e+00, 
 1DIAGNOSTIC,     5, -8.710937500000e-01, 1.797693134862e+308, 0.0000e+00, 0.0000e+00, 
 1DIAGNOSTIC,     6, -8.730468750000e-01, 1.797693134862e+308, 0.0000e+00, 0.0000e+00, 
 1DIAGNOSTIC,     7, -8.730468750000e-01, 1.797693134862e+308, 0.0000e+00, 0.0000e+00, 
 1DIAGNOSTIC,     8, -8.730468750000e-01, 1.797693134862e+308, 0.0000e+00, 0.0000e+00, 
 1DIAGNOSTIC,     9, -8.730468750000e-01, 1.797693134862e+308, 0.0000e+00, 0.0000e+00, 
 1DIAGNOSTIC,    10, -8.750000000000e-01, 5.518549704349e-04, 0.0000e+00, 0.0000e+00, 
 1DIAGNOSTIC,    11, -8.750000000000e-01, 4.513046337814e-04, 0.0000e+00, 0.0000e+00, 
 1DIAGNOSTIC,    12, -8.750000000000e-01, 3.265992930345e-04, 0.0000e+00, 0.0000e+00, 
 1DIAGNOSTIC,    13, -8.750000000000e-01, 2.408412121131e-04, 0.0000e+00, 0.0000e+00, 
 1DIAGNOSTIC,    14, -8.750000000000e-01, 1.913266909380e-04, 0.0000e+00, 0.0000e+00, 
 1DIAGNOSTIC,    15, -8.750000000000e-01, 1.291126927125e-04, 0.0000e+00, 0.0000e+00, 
 1DIAGNOSTIC,    16, -8.750000000000e-01, 1.024702954394e-04, 0.0000e+00, 0.0000e+00, 
 1DIAGNOSTIC,    17, -8.769531250000e-01, 1.075771533019e-04, 0.0000e+00, 0.0000e+00, 
 1DIAGNOSTIC,    18, -8.769531250000e-01, 1.015746502781e-04, 0.0000e+00, 0.0000e+00, 
 1DIAGNOSTIC,    19, -8.769531250000e-01, 8.622412218642e-05, 0.0000e+00, 0.0000e+00, 
 1DIAGNOSTIC,    20, -8.769531250000e-01, 9.672265554676e-05, 0.0000e+00, 0.0000e+00, 
 1DIAGNOSTIC,    21, -8.769531250000e-01, 9.707192569398e-05, 0.0000e+00, 0.0000e+00, 
 1DIAGNOSTIC,    22, -8.769531250000e-01, 8.789842058986e-05, 0.0000e+00, 0.0000e+00, 
 1DIAGNOSTIC,    23, -8.769531250000e-01, 7.117762748696e-05, 0.0000e+00, 0.0000e+00, 
 1DIAGNOSTIC,    24, -8.769531250000e-01, 4.961354457893e-05, 0.0000e+00, 0.0000e+00, 
 1DIAGNOSTIC,    25, -8.769531250000e-01, 2.542199538316e-05, 0.0000e+00, 0.0000e+00, 
 1DIAGNOSTIC,    26, -8.769531250000e-01, -1.101896351940e-14, 0.0000e+00, 0.0000e+00, 
XXDIAGNOSTIC,Iteration,metricValue,convergenceValue,ITERATION_TIME_INDEX,SINCE_LAST
 1DIAGNOSTIC,     1, -8.417968750000e-01, 1.797693134862e+308, 0.0000e+00, 0.0000e+00, 
 1DIAGNOSTIC,     2, -8.417968750000e-01, 1.797693134862e+308, 0.0000e+00, 0.0000e+00, 
 1DIAGNOSTIC,     3, -8.417968750000e-01, 1.797693134862e+308, 0.0000e+00, 0.0000e+00, 
 1DIAGNOSTIC,     4, -8.437500000000e-01, 1.797693134862e+308, 0.0000e+00, 0.0000e+00, 
 1DIAGNOSTIC,     5, -8.437500000000e-01, 1.797693134862e+308, 0.0000e+00, 0.0000e+00, 
 1DIAGNOSTIC,     6, -8.437500000000e-01, 1.797693134862e+308, 0.0000e+00, 0.0000e+00, 
 1DIAGNOSTIC,     7, -8.437500000000e-01, 1.797693134862e+308, 0.0000e+00, 0.0000e+00, 
 1DIAGNOSTIC,     8, -8.437500000000e-01, 1.797693134862e+308, 0.0000e+00, 0.0000e+00, 
 1DIAGNOSTIC,     9, -8.437500000000e-01, 1.797693134862e+308, 0.0000e+00, 0.0000e+00, 
 1DIAGNOSTIC,    10, -8.457031250000e-01, 2.355331798439e-04, 0.0000e+00, 0.0000e+00, 
 1DIAGNOSTIC,    11, -8.457031250000e-01, 2.243313333566e-04, 0.0000e+00, 0.0000e+00, 
 1DIAGNOSTIC,    12, -8.457031250000e-01, 1.961867805876e-04, 0.0000e+00, 0.0000e+00, 
 1DIAGNOSTIC,    13, -8.457031250000e-01, 1.540295805360e-04, 0.0000e+00, 0.0000e+00, 
 1DIAGNOSTIC,    14, -8.457031250000e-01, 1.507262264420e-04, 0.0000e+00, 0.0000e+00, 
 1DIAGNOSTIC,    15, -8.457031250000e-01, 1.334542887352e-04, 0.0000e+00, 0.0000e+00, 
 1DIAGNOSTIC,    16, -8.457031250000e-01, 1.059225191007e-04, 0.0000e+00, 0.0000e+00, 
 1DIAGNOSTIC,    17, -8.457031250000e-01, 7.251314224069e-05, 0.0000e+00, 0.0000e+00, 
 1DIAGNOSTIC,    18, -8.457031250000e-01, 3.655514370883e-05, 0.0000e+00, 0.0000e+00, 
 1DIAGNOSTIC,    19, -8.457031250000e-01, -1.506433866538e-14, 0.0000e+00, 0.0000e+00, 
  Elapsed time (stage 0): 0


Total elapsed time: 0
