
##########################
# Experiment information #
##########################
SIF_IMG: /project/rrg-glatard/mdugre/containers/ants-p2-vprec.sif
EXPERIMENT_NAME: vprec-space_search
CONFIG: 0001
VFC_BACKENDS: libinterflop_vprec.so --range-binary32=7 --precision-binary32=17 --range-binary64=7 --precision-binary64=17

FIXED_IMG: /templateflow/tpl-MNI152NLin2009cAsym/tpl-MNI152NLin2009cAsym_res-01_desc-brain_T1w.nii.gz
SUBJECT_ID: 0003021
INPUT_IMG: /project/rrg-glatard/mdugre/datasets/corr/RawDataBIDS/BMB_1/derivatives/antsBrainExtraction/sub-0003021/BrainExtractionBrain.nii.gz
OUTPUT_DIR: /project/rrg-glatard/mdugre/datasets/corr/RawDataBIDS/BMB_1/derivatives/vprec-space_search/0001/r7-p17/sub-0003021

ITK_GLOBAL_DEFAULT_NUMBER_OF_THREADS: 8
##########################

VFC_BACKENDS=libinterflop_ieee.so
Info [verificarlo]: loaded backend libinterflop_ieee.so
Info [interflop-ieee]: load backend with:
Info [interflop-ieee]: debug = false
Info [interflop-ieee]: debug-binary = false
Info [interflop-ieee]: no-backend-name = false
Info [interflop-ieee]: print-new-line = false
Info [interflop-ieee]: print-subnormal-normalized = false
Info [interflop-ieee]: count-op = false
All_Command_lines_OK
Using double precision for computations.
=============================================================================
The composite transform comprises the following transforms (in order): 
  1. Center of mass alignment using fixed image: /templateflow/tpl-MNI152NLin2009cAsym/tpl-MNI152NLin2009cAsym_res-01_desc-brain_T1w.nii.gz and moving image: /project/rrg-glatard/mdugre/datasets/corr/RawDataBIDS/BMB_1/derivatives/antsBrainExtraction/sub-0003021/BrainExtractionBrain.nii.gz (type = Euler3DTransform)
=============================================================================
  number of levels = 1
  fixed image: /templateflow/tpl-MNI152NLin2009cAsym/tpl-MNI152NLin2009cAsym_res-01_desc-brain_T1w.nii.gz
  moving image: /project/rrg-glatard/mdugre/datasets/corr/RawDataBIDS/BMB_1/derivatives/antsBrainExtraction/sub-0003021/BrainExtractionBrain.nii.gz
Dimension = 3
Number of stages = 1
Use histogram matching = false
Winsorize image intensities = true
  Lower quantile = 0.005
  Upper quantile = 0.995


Stage 1 State
   Image metric = MattesMI
     Fixed image = Image (0x4272390)
  RTTI typeinfo:   itk::Image<double, 3u>
  Reference Count: 2
  Modified Time: 2330
  Debug: Off
  Object Name: 
  Observers: 
    none
  Source: (none)
  Source output name: (none)
  Release Data: Off
  Data Released: False
  Global Release Data: Off
  PipelineMTime: 0
  UpdateMTime: 1941
  RealTimeStamp: 0 seconds 
  LargestPossibleRegion: 
    Dimension: 3
    Index: [0, 0, 0]
    Size: [193, 229, 193]
  BufferedRegion: 
    Dimension: 3
    Index: [0, 0, 0]
    Size: [193, 229, 193]
  RequestedRegion: 
    Dimension: 3
    Index: [0, 0, 0]
    Size: [193, 229, 193]
  Spacing: [1, 1, 1]
  Origin: [96, 132, -78]
  Direction: 
-1 0 0
0 -1 0
0 0 1

  IndexToPointMatrix: 
-1 0 0
0 -1 0
0 0 1

  PointToIndexMatrix: 
-1 0 0
0 -1 0
0 0 1

  Inverse Direction: 
-1 0 0
0 -1 0
0 0 1

  PixelContainer: 
    ImportImageContainer (0x433da90)
      RTTI typeinfo:   itk::ImportImageContainer<unsigned long, double>
      Reference Count: 1
      Modified Time: 1938
      Debug: Off
      Object Name: 
      Observers: 
        none
      Pointer: 0x1458a92f5010
      Container manages memory: true
      Size: 8530021
      Capacity: 8530021

     Moving image = Image (0x4277390)
  RTTI typeinfo:   itk::Image<double, 3u>
  Reference Count: 2
  Modified Time: 2331
  Debug: Off
  Object Name: 
  Observers: 
    none
  Source: (none)
  Source output name: (none)
  Release Data: Off
  Data Released: False
  Global Release Data: Off
  PipelineMTime: 0
  UpdateMTime: 2328
  RealTimeStamp: 0 seconds 
  LargestPossibleRegion: 
    Dimension: 3
    Index: [0, 0, 0]
    Size: [176, 256, 256]
  BufferedRegion: 
    Dimension: 3
    Index: [0, 0, 0]
    Size: [176, 256, 256]
  RequestedRegion: 
    Dimension: 3
    Index: [0, 0, 0]
    Size: [176, 256, 256]
  Spacing: [1, 1, 1]
  Origin: [-92.1464, 106.518, -129.634]
  Direction: 
1 0 0
0 -1 0
0 0 1

  IndexToPointMatrix: 
1 0 0
0 -1 0
0 0 1

  PointToIndexMatrix: 
1 0 0
0 -1 0
0 0 1

  Inverse Direction: 
1 0 0
0 -1 0
0 0 1

  PixelContainer: 
    ImportImageContainer (0x441db90)
      RTTI typeinfo:   itk::ImportImageContainer<unsigned long, double>
      Reference Count: 1
      Modified Time: 2325
      Debug: Off
      Object Name: 
      Observers: 
        none
      Pointer: 0x1458a3af4010
      Container manages memory: true
      Size: 11534336
      Capacity: 11534336

     Weighting = 1
     Sampling strategy = regular
     Number of bins = 32
     Radius = 4
     Sampling percentage  = 0.25
   Transform = Rigid
     Gradient step = 0.1
     Update field sigma (voxel space) = 0
     Total field sigma (voxel space) = 0
     Update field time sigma = 0
     Total field time sigma  = 0
     Number of time indices = 0
     Number of time point samples = 0
Registration using 1 total stages.

Stage 0
  iterations = 0
  convergence threshold = 1e-06
  convergence window size = 10
  number of levels = 1
  using the Mattes MI metric (number of bins = 32, weight = 1, use gradient filter = 0)
  preprocessing:  winsorizing the image intensities
  Shrink factors (level 1 out of 1): [1, 1, 1]
  smoothing sigmas per level: [0]
  regular sampling (percentage = 0.25)

*** Running Euler3DTransform registration ***

  Elapsed time (stage 0): 0.944061


Total elapsed time: 0.945545
VFC_BACKENDS=libinterflop_ieee.so
Info [verificarlo]: loaded backend libinterflop_ieee.so
Info [interflop-ieee]: load backend with:
Info [interflop-ieee]: debug = false
Info [interflop-ieee]: debug-binary = false
Info [interflop-ieee]: no-backend-name = false
Info [interflop-ieee]: print-new-line = false
Info [interflop-ieee]: print-subnormal-normalized = false
Info [interflop-ieee]: count-op = false
All_Command_lines_OK
Using double precision for computations.
=============================================================================
The composite transform comprises the following transforms (in order): 
  1. /project/rrg-glatard/mdugre/datasets/corr/RawDataBIDS/BMB_1/derivatives/vprec-space_search/0001/r7-p17/sub-0003021/align_Composite.h5[0] (type = Euler3DTransform)
  2. /project/rrg-glatard/mdugre/datasets/corr/RawDataBIDS/BMB_1/derivatives/vprec-space_search/0001/r7-p17/sub-0003021/align_Composite.h5[1] (type = Euler3DTransform)
=============================================================================
  number of levels = 4
  fixed image: /templateflow/tpl-MNI152NLin2009cAsym/tpl-MNI152NLin2009cAsym_res-01_desc-brain_T1w.nii.gz
  moving image: /project/rrg-glatard/mdugre/datasets/corr/RawDataBIDS/BMB_1/derivatives/antsBrainExtraction/sub-0003021/BrainExtractionBrain.nii.gz
Dimension = 3
Number of stages = 1
Use histogram matching = false
Winsorize image intensities = true
  Lower quantile = 0.005
  Upper quantile = 0.995


Stage 1 State
   Image metric = MattesMI
     Fixed image = Image (0x382a650)
  RTTI typeinfo:   itk::Image<double, 3u>
  Reference Count: 2
  Modified Time: 1578
  Debug: Off
  Object Name: 
  Observers: 
    none
  Source: (none)
  Source output name: (none)
  Release Data: Off
  Data Released: False
  Global Release Data: Off
  PipelineMTime: 0
  UpdateMTime: 1189
  RealTimeStamp: 0 seconds 
  LargestPossibleRegion: 
    Dimension: 3
    Index: [0, 0, 0]
    Size: [193, 229, 193]
  BufferedRegion: 
    Dimension: 3
    Index: [0, 0, 0]
    Size: [193, 229, 193]
  RequestedRegion: 
    Dimension: 3
    Index: [0, 0, 0]
    Size: [193, 229, 193]
  Spacing: [1, 1, 1]
  Origin: [96, 132, -78]
  Direction: 
-1 0 0
0 -1 0
0 0 1

  IndexToPointMatrix: 
-1 0 0
0 -1 0
0 0 1

  PointToIndexMatrix: 
-1 0 0
0 -1 0
0 0 1

  Inverse Direction: 
-1 0 0
0 -1 0
0 0 1

  PixelContainer: 
    ImportImageContainer (0x38e8210)
      RTTI typeinfo:   itk::ImportImageContainer<unsigned long, double>
      Reference Count: 1
      Modified Time: 1186
      Debug: Off
      Object Name: 
      Observers: 
        none
      Pointer: 0x152db0ba3010
      Container manages memory: true
      Size: 8530021
      Capacity: 8530021

     Moving image = Image (0x38e56e0)
  RTTI typeinfo:   itk::Image<double, 3u>
  Reference Count: 2
  Modified Time: 1579
  Debug: Off
  Object Name: 
  Observers: 
    none
  Source: (none)
  Source output name: (none)
  Release Data: Off
  Data Released: False
  Global Release Data: Off
  PipelineMTime: 0
  UpdateMTime: 1576
  RealTimeStamp: 0 seconds 
  LargestPossibleRegion: 
    Dimension: 3
    Index: [0, 0, 0]
    Size: [176, 256, 256]
  BufferedRegion: 
    Dimension: 3
    Index: [0, 0, 0]
    Size: [176, 256, 256]
  RequestedRegion: 
    Dimension: 3
    Index: [0, 0, 0]
    Size: [176, 256, 256]
  Spacing: [1, 1, 1]
  Origin: [-92.1464, 106.518, -129.634]
  Direction: 
1 0 0
0 -1 0
0 0 1

  IndexToPointMatrix: 
1 0 0
0 -1 0
0 0 1

  PointToIndexMatrix: 
1 0 0
0 -1 0
0 0 1

  Inverse Direction: 
1 0 0
0 -1 0
0 0 1

  PixelContainer: 
    ImportImageContainer (0x38b7970)
      RTTI typeinfo:   itk::ImportImageContainer<unsigned long, double>
      Reference Count: 1
      Modified Time: 1573
      Debug: Off
      Object Name: 
      Observers: 
        none
      Pointer: 0x152dab3a2010
      Container manages memory: true
      Size: 11534336
      Capacity: 11534336

     Weighting = 1
     Sampling strategy = regular
     Number of bins = 32
     Radius = 4
     Sampling percentage  = 0.25
   Transform = Rigid
     Gradient step = 0.1
     Update field sigma (voxel space) = 0
     Total field sigma (voxel space) = 0
     Update field time sigma = 0
     Total field time sigma  = 0
     Number of time indices = 0
     Number of time point samples = 0
Registration using 1 total stages.

Stage 0
  iterations = 1000x500x250x100
  convergence threshold = 1e-06
  convergence window size = 10
  number of levels = 4
  using the Mattes MI metric (number of bins = 32, weight = 1, use gradient filter = 0)
  preprocessing:  winsorizing the image intensities
  Shrink factors (level 1 out of 4): [8, 8, 8]
  Shrink factors (level 2 out of 4): [4, 4, 4]
  Shrink factors (level 3 out of 4): [2, 2, 2]
  Shrink factors (level 4 out of 4): [1, 1, 1]
  smoothing sigmas per level: [3, 2, 1, 0]
  regular sampling (percentage = 0.25)

*** Running Euler3DTransform registration ***

DIAGNOSTIC,Iteration,metricValue,convergenceValue,ITERATION_TIME_INDEX,SINCE_LAST
 2DIAGNOSTIC,     1, -5.495239202973e-01, 1.797693134862e+308, 1.1813e+00, 1.1813e+00, 
 2DIAGNOSTIC,     2, -5.522435098134e-01, 1.797693134862e+308, 1.1860e+00, 4.7822e-03, 
 2DIAGNOSTIC,     3, -5.561608119244e-01, 1.797693134862e+308, 1.1908e+00, 4.7600e-03, 
 2DIAGNOSTIC,     4, -5.614344800578e-01, 1.797693134862e+308, 1.1955e+00, 4.7081e-03, 
 2DIAGNOSTIC,     5, -5.686519561840e-01, 1.797693134862e+308, 1.2002e+00, 4.7219e-03, 
 2DIAGNOSTIC,     6, -5.834486493893e-01, 1.797693134862e+308, 1.2047e+00, 4.4591e-03, 
 2DIAGNOSTIC,     7, -5.861453440803e-01, 1.797693134862e+308, 1.2092e+00, 4.4761e-03, 
 2DIAGNOSTIC,     8, -5.878774638498e-01, 1.797693134862e+308, 1.2146e+00, 5.4018e-03, 
 2DIAGNOSTIC,     9, -5.903473989974e-01, 1.797693134862e+308, 1.2206e+00, 6.0010e-03, 
 2DIAGNOSTIC,    10, -5.910762974742e-01, 5.516272777140e-03, 1.2263e+00, 5.7299e-03, 
 2DIAGNOSTIC,    11, -5.913207756691e-01, 4.469708309089e-03, 1.2314e+00, 5.0700e-03, 
 2DIAGNOSTIC,    12, -5.913009832368e-01, 3.313949135721e-03, 1.2365e+00, 5.1749e-03, 
 2DIAGNOSTIC,    13, -5.914364323951e-01, 2.201025953416e-03, 1.2416e+00, 5.0189e-03, 
 2DIAGNOSTIC,    14, -5.914716205872e-01, 1.236641518348e-03, 1.2463e+00, 4.7190e-03, 
 2DIAGNOSTIC,    15, -5.920050827221e-01, 5.321317772018e-04, 1.2513e+00, 5.0321e-03, 
 2DIAGNOSTIC,    16, -5.926066057630e-01, 3.396679009462e-04, 1.2560e+00, 4.7030e-03, 
 2DIAGNOSTIC,    17, -5.936277111284e-01, 2.457498402001e-04, 1.2612e+00, 5.2140e-03, 
 2DIAGNOSTIC,    18, -5.940147902229e-01, 1.955383250602e-04, 1.2669e+00, 5.7130e-03, 
 2DIAGNOSTIC,    19, -5.943674509370e-01, 2.050566561611e-04, 1.2739e+00, 6.9141e-03, 
 2DIAGNOSTIC,    20, -5.943607337088e-01, 2.122138368866e-04, 1.2784e+00, 4.5049e-03, 
 2DIAGNOSTIC,    21, -5.943555736590e-01, 2.045729531560e-04, 1.2840e+00, 5.6851e-03, 
 2DIAGNOSTIC,    22, -5.944022795406e-01, 1.790752494448e-04, 1.2892e+00, 5.1179e-03, 
 2DIAGNOSTIC,    23, -5.943862800467e-01, 1.417994282744e-04, 1.2942e+00, 5.0600e-03, 
 2DIAGNOSTIC,    24, -5.945383566022e-01, 9.836696296996e-05, 1.2988e+00, 4.5481e-03, 
 2DIAGNOSTIC,    25, -5.950413441832e-01, 6.942929139424e-05, 1.3039e+00, 5.1351e-03, 
 2DIAGNOSTIC,    26, -5.973028918788e-01, 8.920153152936e-05, 1.3091e+00, 5.2440e-03, 
 2DIAGNOSTIC,    27, -5.985138729022e-01, 1.381425597543e-04, 1.3161e+00, 6.9799e-03, 
 2DIAGNOSTIC,    28, -5.985217911337e-01, 1.772734253150e-04, 1.3211e+00, 4.9660e-03, 
 2DIAGNOSTIC,    29, -5.988081764579e-01, 2.084959019138e-04, 1.3267e+00, 5.6369e-03, 
 2DIAGNOSTIC,    30, -5.991488213021e-01, 2.232945736404e-04, 1.3314e+00, 4.6868e-03, 
 2DIAGNOSTIC,    31, -5.994121122469e-01, 2.193455076622e-04, 1.3367e+00, 5.3132e-03, 
 2DIAGNOSTIC,    32, -5.995702814768e-01, 1.978077534422e-04, 1.3430e+00, 6.2740e-03, 
 2DIAGNOSTIC,    33, -6.000110216266e-01, 1.656999120888e-04, 1.3477e+00, 4.6840e-03, 
 2DIAGNOSTIC,    34, -6.004147597741e-01, 1.280612821333e-04, 1.3530e+00, 5.3070e-03, 
 2DIAGNOSTIC,    35, -6.002968161626e-01, 8.500272386310e-05, 1.3583e+00, 5.2860e-03, 
 2DIAGNOSTIC,    36, -6.002284888638e-01, 6.548710125174e-05, 1.3631e+00, 4.8308e-03, 
 2DIAGNOSTIC,    37, -6.002657275033e-01, 5.729846637271e-05, 1.3684e+00, 5.2819e-03, 
 2DIAGNOSTIC,    38, -6.002039538300e-01, 4.332749236165e-05, 1.3737e+00, 5.3358e-03, 
 2DIAGNOSTIC,    39, -6.002087659222e-01, 2.949895152856e-05, 1.3785e+00, 4.7259e-03, 
 2DIAGNOSTIC,    40, -6.001216202468e-01, 1.671468298126e-05, 1.3833e+00, 4.8411e-03, 
 2DIAGNOSTIC,    41, -6.002309045000e-01, 7.540270313536e-06, 1.3883e+00, 4.9579e-03, 
 2DIAGNOSTIC,    42, -6.003363138517e-01, 1.023799062611e-06, 1.3937e+00, 5.4331e-03, 
DIAGNOSTIC,Iteration,metricValue,convergenceValue,ITERATION_TIME_INDEX,SINCE_LAST
 2DIAGNOSTIC,     1, -4.731127612900e-01, 1.797693134862e+308, 2.5729e+00, 1.1792e+00, 
 2DIAGNOSTIC,     2, -4.732466185964e-01, 1.797693134862e+308, 2.6094e+00, 3.6467e-02, 
 2DIAGNOSTIC,     3, -4.734372038847e-01, 1.797693134862e+308, 2.6455e+00, 3.6093e-02, 
 2DIAGNOSTIC,     4, -4.737034572099e-01, 1.797693134862e+308, 2.6819e+00, 3.6391e-02, 
 2DIAGNOSTIC,     5, -4.741547428894e-01, 1.797693134862e+308, 2.7185e+00, 3.6664e-02, 
 2DIAGNOSTIC,     6, -4.762509384218e-01, 1.797693134862e+308, 2.7642e+00, 4.5716e-02, 
 2DIAGNOSTIC,     7, -4.765509006052e-01, 1.797693134862e+308, 2.8000e+00, 3.5801e-02, 
 2DIAGNOSTIC,     8, -4.770231427408e-01, 1.797693134862e+308, 2.8388e+00, 3.8729e-02, 
 2DIAGNOSTIC,     9, -4.784799964147e-01, 1.797693134862e+308, 2.8880e+00, 4.9230e-02, 
 2DIAGNOSTIC,    10, -4.785499922659e-01, 8.521630502551e-04, 2.9290e+00, 4.1014e-02, 
 2DIAGNOSTIC,    11, -4.785498506923e-01, 7.910591983357e-04, 2.9818e+00, 5.2773e-02, 
 2DIAGNOSTIC,    12, -4.785566246926e-01, 6.773028411627e-04, 3.0184e+00, 3.6611e-02, 
 2DIAGNOSTIC,    13, -4.785959673896e-01, 5.316432647130e-04, 3.0540e+00, 3.5595e-02, 
 2DIAGNOSTIC,    14, -4.786329836294e-01, 3.713213116629e-04, 3.0905e+00, 3.6452e-02, 
 2DIAGNOSTIC,    15, -4.786583748913e-01, 2.155206079991e-04, 3.1262e+00, 3.5722e-02, 
 2DIAGNOSTIC,    16, -4.787164420355e-01, 1.407784108386e-04, 3.1625e+00, 3.6282e-02, 
 2DIAGNOSTIC,    17, -4.788960759319e-01, 7.905353659213e-05, 3.2027e+00, 4.0211e-02, 
 2DIAGNOSTIC,    18, -4.789313762594e-01, 3.237612353087e-05, 3.2479e+00, 4.5209e-02, 
 2DIAGNOSTIC,    19, -4.790021607321e-01, 3.568160883936e-05, 3.2931e+00, 4.5250e-02, 
 2DIAGNOSTIC,    20, -4.791371930371e-01, 4.164023692672e-05, 3.3299e+00, 3.6792e-02, 
 2DIAGNOSTIC,    21, -4.797382908090e-01, 6.024498829520e-05, 3.3662e+00, 3.6258e-02, 
 2DIAGNOSTIC,    22, -4.800612802731e-01, 8.010124046333e-05, 3.4111e+00, 4.4966e-02, 
 2DIAGNOSTIC,    23, -4.802296040500e-01, 9.620790251694e-05, 3.4762e+00, 6.5031e-02, 
 2DIAGNOSTIC,    24, -4.802259598302e-01, 1.031528665140e-04, 3.5212e+00, 4.5017e-02, 
 2DIAGNOSTIC,    25, -4.802210405111e-01, 1.005546158410e-04, 3.5611e+00, 3.9919e-02, 
 2DIAGNOSTIC,    26, -4.802155406001e-01, 8.973652240742e-05, 3.6018e+00, 4.0672e-02, 
 2DIAGNOSTIC,    27, -4.802110102129e-01, 7.510762446238e-05, 3.6415e+00, 3.9720e-02, 
 2DIAGNOSTIC,    28, -4.802063970501e-01, 5.532235606445e-05, 3.6822e+00, 4.0655e-02, 
 2DIAGNOSTIC,    29, -4.802024061516e-01, 3.332652177210e-05, 3.7251e+00, 4.2952e-02, 
 2DIAGNOSTIC,    30, -4.801908112542e-01, 1.199475957296e-05, 3.7616e+00, 3.6458e-02, 
 2DIAGNOSTIC,    31, -4.801898673602e-01, 2.383590577283e-06, 3.8097e+00, 4.8124e-02, 
DIAGNOSTIC,Iteration,metricValue,convergenceValue,ITERATION_TIME_INDEX,SINCE_LAST
 2DIAGNOSTIC,     1, -4.177678947271e-01, 1.797693134862e+308, 5.4109e+00, 1.6013e+00, 
 2DIAGNOSTIC,     2, -4.180062139131e-01, 1.797693134862e+308, 5.7181e+00, 3.0714e-01, 
 2DIAGNOSTIC,     3, -4.182081341049e-01, 1.797693134862e+308, 6.0205e+00, 3.0240e-01, 
 2DIAGNOSTIC,     4, -4.182721792314e-01, 1.797693134862e+308, 6.3214e+00, 3.0087e-01, 
 2DIAGNOSTIC,     5, -4.182887299293e-01, 1.797693134862e+308, 6.6629e+00, 3.4154e-01, 
 2DIAGNOSTIC,     6, -4.182798094004e-01, 1.797693134862e+308, 6.9670e+00, 3.0414e-01, 
 2DIAGNOSTIC,     7, -4.182966995553e-01, 1.797693134862e+308, 7.3383e+00, 3.7129e-01, 
 2DIAGNOSTIC,     8, -4.183001699048e-01, 1.797693134862e+308, 7.8573e+00, 5.1894e-01, 
 2DIAGNOSTIC,     9, -4.182979720761e-01, 1.797693134862e+308, 8.2000e+00, 3.4277e-01, 
 2DIAGNOSTIC,    10, -4.182964940104e-01, 6.149539882365e-05, 8.5812e+00, 3.8120e-01, 
 2DIAGNOSTIC,    11, -4.182961157646e-01, 2.719261350245e-05, 8.9629e+00, 3.8164e-01, 
 2DIAGNOSTIC,    12, -4.182954908917e-01, 9.603843393005e-06, 9.3050e+00, 3.4208e-01, 
 2DIAGNOSTIC,    13, -4.182948656040e-01, 4.516625400020e-06, 9.6077e+00, 3.0277e-01, 
 2DIAGNOSTIC,    14, -4.182934496264e-01, 2.995085920929e-06, 9.9970e+00, 3.8927e-01, 
 2DIAGNOSTIC,    15, -4.182935464899e-01, 2.390653966650e-06, 1.0339e+01, 3.4245e-01, 
 2DIAGNOSTIC,    16, -4.182928137414e-01, 1.406080845756e-06, 1.0642e+01, 3.0259e-01, 
 2DIAGNOSTIC,    17, -4.182929755140e-01, 1.267110226438e-06, 1.0945e+01, 3.0293e-01, 
 2DIAGNOSTIC,    18, -4.182924179165e-01, 1.311085286115e-06, 1.1249e+01, 3.0352e-01, 
 2DIAGNOSTIC,    19, -4.182920494745e-01, 1.303063629478e-06, 1.1589e+01, 3.4061e-01, 
 2DIAGNOSTIC,    20, -4.182923498578e-01, 1.290540723675e-06, 1.1931e+01, 3.4189e-01, 
 2DIAGNOSTIC,    21, -4.182927758506e-01, 1.307955065401e-06, 1.2235e+01, 3.0366e-01, 
 2DIAGNOSTIC,    22, -4.182934900236e-01, 1.345557817452e-06, 1.2538e+01, 3.0332e-01, 
 2DIAGNOSTIC,    23, -4.182946938428e-01, 1.407258014403e-06, 1.2878e+01, 3.4000e-01, 
 2DIAGNOSTIC,    24, -4.182936760312e-01, 1.392066132991e-06, 1.3234e+01, 3.5556e-01, 
 2DIAGNOSTIC,    25, -4.182931091056e-01, 1.360801503376e-06, 1.3577e+01, 3.4296e-01, 
 2DIAGNOSTIC,    26, -4.182905896947e-01, 1.238520320870e-06, 1.3878e+01, 3.0111e-01, 
 2DIAGNOSTIC,    27, -4.182919511034e-01, 1.163400901234e-06, 1.4220e+01, 3.4222e-01, 
 2DIAGNOSTIC,    28, -4.182937884980e-01, 1.124245921129e-06, 1.4571e+01, 3.5115e-01, 
 2DIAGNOSTIC,    29, -4.182935943920e-01, 1.074463831581e-06, 1.4913e+01, 3.4180e-01, 
 2DIAGNOSTIC,    30, -4.182920503611e-01, 1.003973225069e-06, 1.5254e+01, 3.4133e-01, 
DIAGNOSTIC,Iteration,metricValue,convergenceValue,ITERATION_TIME_INDEX,SINCE_LAST
 2DIAGNOSTIC,     1, -3.859070643989e-01, 1.797693134862e+308, 1.8395e+01, 3.1411e+00, 
 2DIAGNOSTIC,     2, -3.860233192038e-01, 1.797693134862e+308, 2.0568e+01, 2.1725e+00, 
 2DIAGNOSTIC,     3, -3.860556863467e-01, 1.797693134862e+308, 2.2951e+01, 2.3835e+00, 
 2DIAGNOSTIC,     4, -3.860864567076e-01, 1.797693134862e+308, 2.7344e+01, 4.3929e+00, 
 2DIAGNOSTIC,     5, -3.860865534954e-01, 1.797693134862e+308, 3.0053e+01, 2.7091e+00, 
 2DIAGNOSTIC,     6, -3.860864715047e-01, 1.797693134862e+308, 3.2459e+01, 2.4054e+00, 
 2DIAGNOSTIC,     7, -3.860861136168e-01, 1.797693134862e+308, 3.4855e+01, 2.3960e+00, 
 2DIAGNOSTIC,     8, -3.860860836195e-01, 1.797693134862e+308, 3.7254e+01, 2.3994e+00, 
 2DIAGNOSTIC,     9, -3.860860773674e-01, 1.797693134862e+308, 3.9648e+01, 2.3944e+00, 
 2DIAGNOSTIC,    10, -3.860861386006e-01, 2.195893560310e-05, 4.2288e+01, 2.6397e+00, 
 2DIAGNOSTIC,    11, -3.860859892564e-01, 8.829978545552e-06, 4.4438e+01, 2.1501e+00, 
 2DIAGNOSTIC,    12, -3.860857708624e-01, 4.442093530552e-06, 4.6829e+01, 2.3904e+00, 
 2DIAGNOSTIC,    13, -3.860859265964e-01, 2.359738568242e-06, 4.9258e+01, 2.4293e+00, 
 2DIAGNOSTIC,    14, -3.860856028990e-01, 2.182796022474e-06, 5.1963e+01, 2.7050e+00, 
 2DIAGNOSTIC,    15, -3.860856212467e-01, 2.043493381509e-06, 5.4592e+01, 2.6296e+00, 
 2DIAGNOSTIC,    16, -3.860855418326e-01, 1.921770965044e-06, 5.6810e+01, 2.2179e+00, 
 2DIAGNOSTIC,    17, -3.860854703989e-01, 1.802009472751e-06, 5.9239e+01, 2.4283e+00, 
 2DIAGNOSTIC,    18, -3.860853964772e-01, 1.697672286104e-06, 6.1690e+01, 2.4513e+00, 
 2DIAGNOSTIC,    19, -3.860854091059e-01, 1.610924886666e-06, 6.4098e+01, 2.4085e+00, 
 2DIAGNOSTIC,    20, -3.860853392657e-01, 1.538531554317e-06, 6.6594e+01, 2.4950e+00, 
 2DIAGNOSTIC,    21, -3.860852692988e-01, 1.470378471938e-06, 6.9068e+01, 2.4742e+00, 
 2DIAGNOSTIC,    22, -3.860851238337e-01, 1.400229723530e-06, 7.1483e+01, 2.4153e+00, 
 2DIAGNOSTIC,    23, -3.860851871758e-01, 1.347850001346e-06, 7.3850e+01, 2.3672e+00, 
 2DIAGNOSTIC,    24, -3.860851086639e-01, 1.290585496992e-06, 7.6343e+01, 2.4931e+00, 
 2DIAGNOSTIC,    25, -3.860851181075e-01, 1.242060500166e-06, 7.8783e+01, 2.4395e+00, 
 2DIAGNOSTIC,    26, -3.860849079091e-01, 1.192014794191e-06, 8.1863e+01, 3.0799e+00, 
 2DIAGNOSTIC,    27, -3.860848321645e-01, 1.144858787515e-06, 8.4353e+01, 2.4899e+00, 
 2DIAGNOSTIC,    28, -3.860847593188e-01, 1.100281728651e-06, 8.6751e+01, 2.3983e+00, 
 2DIAGNOSTIC,    29, -3.860845040013e-01, 1.055939671854e-06, 8.9039e+01, 2.2877e+00, 
 2DIAGNOSTIC,    30, -3.860844344486e-01, 1.015189770318e-06, 9.1434e+01, 2.3953e+00, 
  Elapsed time (stage 0): 9.2661e+01


Total elapsed time: 9.2663e+01
VFC_BACKENDS=libinterflop_ieee.so
Info [verificarlo]: loaded backend libinterflop_ieee.so
Info [interflop-ieee]: load backend with:
Info [interflop-ieee]: debug = false
Info [interflop-ieee]: debug-binary = false
Info [interflop-ieee]: no-backend-name = false
Info [interflop-ieee]: print-new-line = false
Info [interflop-ieee]: print-subnormal-normalized = false
Info [interflop-ieee]: count-op = false
All_Command_lines_OK
Using double precision for computations.
=============================================================================
The composite transform comprises the following transforms (in order): 
  1. /project/rrg-glatard/mdugre/datasets/corr/RawDataBIDS/BMB_1/derivatives/vprec-space_search/0001/r7-p17/sub-0003021/rigid_Composite.h5[0] (type = Euler3DTransform)
  2. /project/rrg-glatard/mdugre/datasets/corr/RawDataBIDS/BMB_1/derivatives/vprec-space_search/0001/r7-p17/sub-0003021/rigid_Composite.h5[1] (type = Euler3DTransform)
  3. /project/rrg-glatard/mdugre/datasets/corr/RawDataBIDS/BMB_1/derivatives/vprec-space_search/0001/r7-p17/sub-0003021/rigid_Composite.h5[2] (type = Euler3DTransform)
=============================================================================
  number of levels = 4
  fixed image: /templateflow/tpl-MNI152NLin2009cAsym/tpl-MNI152NLin2009cAsym_res-01_desc-brain_T1w.nii.gz
  moving image: /project/rrg-glatard/mdugre/datasets/corr/RawDataBIDS/BMB_1/derivatives/antsBrainExtraction/sub-0003021/BrainExtractionBrain.nii.gz
Dimension = 3
Number of stages = 1
Use histogram matching = false
Winsorize image intensities = true
  Lower quantile = 0.005
  Upper quantile = 0.995


Stage 1 State
   Image metric = MattesMI
     Fixed image = Image (0x36c0650)
  RTTI typeinfo:   itk::Image<double, 3u>
  Reference Count: 2
  Modified Time: 1592
  Debug: Off
  Object Name: 
  Observers: 
    none
  Source: (none)
  Source output name: (none)
  Release Data: Off
  Data Released: False
  Global Release Data: Off
  PipelineMTime: 0
  UpdateMTime: 1203
  RealTimeStamp: 0 seconds 
  LargestPossibleRegion: 
    Dimension: 3
    Index: [0, 0, 0]
    Size: [193, 229, 193]
  BufferedRegion: 
    Dimension: 3
    Index: [0, 0, 0]
    Size: [193, 229, 193]
  RequestedRegion: 
    Dimension: 3
    Index: [0, 0, 0]
    Size: [193, 229, 193]
  Spacing: [1, 1, 1]
  Origin: [96, 132, -78]
  Direction: 
-1 0 0
0 -1 0
0 0 1

  IndexToPointMatrix: 
-1 0 0
0 -1 0
0 0 1

  PointToIndexMatrix: 
-1 0 0
0 -1 0
0 0 1

  Inverse Direction: 
-1 0 0
0 -1 0
0 0 1

  PixelContainer: 
    ImportImageContainer (0x378d290)
      RTTI typeinfo:   itk::ImportImageContainer<unsigned long, double>
      Reference Count: 1
      Modified Time: 1200
      Debug: Off
      Object Name: 
      Observers: 
        none
      Pointer: 0x14b1eec58010
      Container manages memory: true
      Size: 8530021
      Capacity: 8530021

     Moving image = Image (0x378cb00)
  RTTI typeinfo:   itk::Image<double, 3u>
  Reference Count: 2
  Modified Time: 1593
  Debug: Off
  Object Name: 
  Observers: 
    none
  Source: (none)
  Source output name: (none)
  Release Data: Off
  Data Released: False
  Global Release Data: Off
  PipelineMTime: 0
  UpdateMTime: 1590
  RealTimeStamp: 0 seconds 
  LargestPossibleRegion: 
    Dimension: 3
    Index: [0, 0, 0]
    Size: [176, 256, 256]
  BufferedRegion: 
    Dimension: 3
    Index: [0, 0, 0]
    Size: [176, 256, 256]
  RequestedRegion: 
    Dimension: 3
    Index: [0, 0, 0]
    Size: [176, 256, 256]
  Spacing: [1, 1, 1]
  Origin: [-92.1464, 106.518, -129.634]
  Direction: 
1 0 0
0 -1 0
0 0 1

  IndexToPointMatrix: 
1 0 0
0 -1 0
0 0 1

  PointToIndexMatrix: 
1 0 0
0 -1 0
0 0 1

  Inverse Direction: 
1 0 0
0 -1 0
0 0 1

  PixelContainer: 
    ImportImageContainer (0x374e0d0)
      RTTI typeinfo:   itk::ImportImageContainer<unsigned long, double>
      Reference Count: 1
      Modified Time: 1587
      Debug: Off
      Object Name: 
      Observers: 
        none
      Pointer: 0x14b1e9457010
      Container manages memory: true
      Size: 11534336
      Capacity: 11534336

     Weighting = 1
     Sampling strategy = regular
     Number of bins = 32
     Radius = 4
     Sampling percentage  = 0.25
   Transform = Affine
     Gradient step = 0.1
     Update field sigma (voxel space) = 0
     Total field sigma (voxel space) = 0
     Update field time sigma = 0
     Total field time sigma  = 0
     Number of time indices = 0
     Number of time point samples = 0
Registration using 1 total stages.

Stage 0
  iterations = 1000x500x250x100
  convergence threshold = 1e-06
  convergence window size = 10
  number of levels = 4
  using the Mattes MI metric (number of bins = 32, weight = 1, use gradient filter = 0)
  preprocessing:  winsorizing the image intensities
  Shrink factors (level 1 out of 4): [8, 8, 8]
  Shrink factors (level 2 out of 4): [4, 4, 4]
  Shrink factors (level 3 out of 4): [2, 2, 2]
  Shrink factors (level 4 out of 4): [1, 1, 1]
  smoothing sigmas per level: [3, 2, 1, 0]
  regular sampling (percentage = 0.25)

*** Running AffineTransform registration ***

DIAGNOSTIC,Iteration,metricValue,convergenceValue,ITERATION_TIME_INDEX,SINCE_LAST
 2DIAGNOSTIC,     1, -5.966234885513e-01, 1.797693134862e+308, 1.2024e+00, 1.2024e+00, 
 2DIAGNOSTIC,     2, -5.991372432480e-01, 1.797693134862e+308, 1.2086e+00, 6.1350e-03, 
 2DIAGNOSTIC,     3, -6.025938476196e-01, 1.797693134862e+308, 1.2144e+00, 5.8630e-03, 
 2DIAGNOSTIC,     4, -6.093394194442e-01, 1.797693134862e+308, 1.2198e+00, 5.3818e-03, 
 2DIAGNOSTIC,     5, -6.226066903534e-01, 1.797693134862e+308, 1.2265e+00, 6.6609e-03, 
 2DIAGNOSTIC,     6, -6.582349829213e-01, 1.797693134862e+308, 1.2323e+00, 5.8079e-03, 
 2DIAGNOSTIC,     7, -7.475154003514e-01, 1.797693134862e+308, 1.2390e+00, 6.7470e-03, 
 2DIAGNOSTIC,     8, -7.714751131385e-01, 1.797693134862e+308, 1.2456e+00, 6.6190e-03, 
 2DIAGNOSTIC,     9, -7.874191434560e-01, 1.797693134862e+308, 1.2541e+00, 8.4760e-03, 
 2DIAGNOSTIC,    10, -7.969119277589e-01, 2.317471719241e-02, 1.2604e+00, 6.3131e-03, 
 2DIAGNOSTIC,    11, -8.342310982855e-01, 2.289058143502e-02, 1.2680e+00, 7.6160e-03, 
 2DIAGNOSTIC,    12, -8.466337159804e-01, 2.104001898206e-02, 1.2753e+00, 7.2601e-03, 
 2DIAGNOSTIC,    13, -8.470605103122e-01, 1.777243197049e-02, 1.2820e+00, 6.7410e-03, 
 2DIAGNOSTIC,    14, -8.487905289167e-01, 1.374248468241e-02, 1.2886e+00, 6.6061e-03, 
 2DIAGNOSTIC,    15, -8.505753159845e-01, 9.486069117861e-03, 1.2948e+00, 6.1641e-03, 
 2DIAGNOSTIC,    16, -8.577248871293e-01, 5.933440235485e-03, 1.3046e+00, 9.8300e-03, 
 2DIAGNOSTIC,    17, -8.601520088405e-01, 4.345313275618e-03, 1.3111e+00, 6.4678e-03, 
 2DIAGNOSTIC,    18, -8.608148044316e-01, 3.079927012595e-03, 1.3172e+00, 6.1159e-03, 
 2DIAGNOSTIC,    19, -8.617047132115e-01, 2.022072266454e-03, 1.3231e+00, 5.9171e-03, 
 2DIAGNOSTIC,    20, -8.627721331453e-01, 1.074816221605e-03, 1.3297e+00, 6.5460e-03, 
 2DIAGNOSTIC,    21, -8.641655347466e-01, 8.006961649031e-04, 1.3371e+00, 7.4480e-03, 
 2DIAGNOSTIC,    22, -8.646462704682e-01, 6.941451531198e-04, 1.3442e+00, 7.1080e-03, 
 2DIAGNOSTIC,    23, -8.645501739825e-01, 5.400098413268e-04, 1.3508e+00, 6.6059e-03, 
 2DIAGNOSTIC,    24, -8.644290917323e-01, 3.754470852903e-04, 1.3581e+00, 7.2072e-03, 
 2DIAGNOSTIC,    25, -8.644332300805e-01, 2.136520887294e-04, 1.3649e+00, 6.8541e-03, 
 2DIAGNOSTIC,    26, -8.643780874944e-01, 1.428210149066e-04, 1.3718e+00, 6.8650e-03, 
 2DIAGNOSTIC,    27, -8.643461066143e-01, 9.623338527261e-05, 1.3783e+00, 6.5360e-03, 
 2DIAGNOSTIC,    28, -8.642908179846e-01, 5.224183391784e-05, 1.3849e+00, 6.5520e-03, 
 2DIAGNOSTIC,    29, -8.640049496105e-01, 1.413057687244e-05, 1.3921e+00, 7.2689e-03, 
DIAGNOSTIC,Iteration,metricValue,convergenceValue,ITERATION_TIME_INDEX,SINCE_LAST
 2DIAGNOSTIC,     1, -7.257710887446e-01, 1.797693134862e+308, 2.7322e+00, 1.3400e+00, 
 2DIAGNOSTIC,     2, -7.267163725164e-01, 1.797693134862e+308, 2.7782e+00, 4.6025e-02, 
 2DIAGNOSTIC,     3, -7.273598232248e-01, 1.797693134862e+308, 2.8287e+00, 5.0479e-02, 
 2DIAGNOSTIC,     4, -7.276522519681e-01, 1.797693134862e+308, 2.8789e+00, 5.0228e-02, 
 2DIAGNOSTIC,     5, -7.276593224909e-01, 1.797693134862e+308, 2.9292e+00, 5.0319e-02, 
 2DIAGNOSTIC,     6, -7.276336266136e-01, 1.797693134862e+308, 2.9882e+00, 5.8922e-02, 
 2DIAGNOSTIC,     7, -7.276510287278e-01, 1.797693134862e+308, 3.0434e+00, 5.5260e-02, 
 2DIAGNOSTIC,     8, -7.276494255658e-01, 1.797693134862e+308, 3.0986e+00, 5.5141e-02, 
 2DIAGNOSTIC,     9, -7.276272997357e-01, 1.797693134862e+308, 3.1486e+00, 5.0029e-02, 
 2DIAGNOSTIC,    10, -7.276168788685e-01, 1.141596080086e-04, 3.2053e+00, 5.6754e-02, 
 2DIAGNOSTIC,    11, -7.276084960181e-01, 4.187479482902e-05, 3.2600e+00, 5.4630e-02, 
 2DIAGNOSTIC,    12, -7.275767418972e-01, 7.395023905080e-06, 3.3145e+00, 5.4494e-02, 
DIAGNOSTIC,Iteration,metricValue,convergenceValue,ITERATION_TIME_INDEX,SINCE_LAST
 2DIAGNOSTIC,     1, -6.137226155845e-01, 1.797693134862e+308, 5.1895e+00, 1.8750e+00, 
 2DIAGNOSTIC,     2, -6.143402032223e-01, 1.797693134862e+308, 5.5843e+00, 3.9481e-01, 
 2DIAGNOSTIC,     3, -6.150909311938e-01, 1.797693134862e+308, 5.9653e+00, 3.8103e-01, 
 2DIAGNOSTIC,     4, -6.159359738265e-01, 1.797693134862e+308, 6.3437e+00, 3.7838e-01, 
 2DIAGNOSTIC,     5, -6.168527395502e-01, 1.797693134862e+308, 6.7224e+00, 3.7867e-01, 
 2DIAGNOSTIC,     6, -6.184100658141e-01, 1.797693134862e+308, 7.4151e+00, 6.9277e-01, 
 2DIAGNOSTIC,     7, -6.184115432896e-01, 1.797693134862e+308, 7.8368e+00, 4.2163e-01, 
 2DIAGNOSTIC,     8, -6.184057194370e-01, 1.797693134862e+308, 8.4327e+00, 5.9588e-01, 
 2DIAGNOSTIC,     9, -6.184077056932e-01, 1.797693134862e+308, 8.8529e+00, 4.2027e-01, 
 2DIAGNOSTIC,    10, -6.184051707220e-01, 5.550335974780e-04, 9.3136e+00, 4.6069e-01, 
 2DIAGNOSTIC,    11, -6.184039493979e-01, 3.973877471019e-04, 9.7599e+00, 4.4624e-01, 
 2DIAGNOSTIC,    12, -6.184022148173e-01, 2.542615497524e-04, 1.0181e+01, 4.2088e-01, 
 2DIAGNOSTIC,    13, -6.184024375776e-01, 1.375219586883e-04, 1.0682e+01, 5.0159e-01, 
 2DIAGNOSTIC,    14, -6.184018111115e-01, 5.274770558598e-05, 1.1141e+01, 4.5884e-01, 
 2DIAGNOSTIC,    15, -6.184009968127e-01, 1.429487121049e-06, 1.1560e+01, 4.1848e-01, 
 2DIAGNOSTIC,    16, -6.183987909990e-01, 1.341717847422e-06, 1.1976e+01, 4.1622e-01, 
 2DIAGNOSTIC,    17, -6.183981064841e-01, 1.351671905486e-06, 1.2402e+01, 4.2588e-01, 
 2DIAGNOSTIC,    18, -6.183962137170e-01, 1.208326806841e-06, 1.2824e+01, 4.2245e-01, 
 2DIAGNOSTIC,    19, -6.183969737107e-01, 1.199901598366e-06, 1.3199e+01, 3.7441e-01, 
 2DIAGNOSTIC,    20, -6.183969203261e-01, 1.176735452663e-06, 1.3628e+01, 4.2959e-01, 
 2DIAGNOSTIC,    21, -6.183970963530e-01, 1.173029011765e-06, 1.4046e+01, 4.1780e-01, 
 2DIAGNOSTIC,    22, -6.183982857228e-01, 1.190469814089e-06, 1.4505e+01, 4.5861e-01, 
 2DIAGNOSTIC,    23, -6.183969771814e-01, 1.208150349465e-06, 1.4927e+01, 4.2198e-01, 
 2DIAGNOSTIC,    24, -6.183938514984e-01, 1.169633311392e-06, 1.5356e+01, 4.2944e-01, 
 2DIAGNOSTIC,    25, -6.183926343856e-01, 1.113687277732e-06, 1.5789e+01, 4.3280e-01, 
 2DIAGNOSTIC,    26, -6.183925579991e-01, 1.036324134826e-06, 1.6224e+01, 4.3475e-01, 
DIAGNOSTIC,Iteration,metricValue,convergenceValue,ITERATION_TIME_INDEX,SINCE_LAST
 2DIAGNOSTIC,     1, -5.442637087917e-01, 1.797693134862e+308, 2.0201e+01, 3.9771e+00, 
 2DIAGNOSTIC,     2, -5.445198654226e-01, 1.797693134862e+308, 2.3034e+01, 2.8331e+00, 
 2DIAGNOSTIC,     3, -5.447832623359e-01, 1.797693134862e+308, 2.6134e+01, 3.0999e+00, 
 2DIAGNOSTIC,     4, -5.451540574782e-01, 1.797693134862e+308, 2.9182e+01, 3.0484e+00, 
 2DIAGNOSTIC,     5, -5.460562434530e-01, 1.797693134862e+308, 3.3301e+01, 4.1185e+00, 
 2DIAGNOSTIC,     6, -5.460694349927e-01, 1.797693134862e+308, 3.7909e+01, 4.6079e+00, 
 2DIAGNOSTIC,     7, -5.460682677649e-01, 1.797693134862e+308, 4.1645e+01, 3.7360e+00, 
 2DIAGNOSTIC,     8, -5.460678058951e-01, 1.797693134862e+308, 4.5336e+01, 3.6911e+00, 
 2DIAGNOSTIC,     9, -5.460677476357e-01, 1.797693134862e+308, 4.8991e+01, 3.6552e+00, 
 2DIAGNOSTIC,    10, -5.460677295233e-01, 2.369587463997e-04, 5.2016e+01, 3.0254e+00, 
 2DIAGNOSTIC,    11, -5.460676687266e-01, 1.599694850609e-04, 5.4867e+01, 2.8510e+00, 
 2DIAGNOSTIC,    12, -5.460678000636e-01, 9.336876370133e-05, 5.7849e+01, 2.9823e+00, 
 2DIAGNOSTIC,    13, -5.460676067239e-01, 3.939664394130e-05, 6.0845e+01, 2.9958e+00, 
 2DIAGNOSTIC,    14, -5.460675523430e-01, 2.620392421770e-06, 6.3869e+01, 3.0239e+00, 
 2DIAGNOSTIC,    15, -5.460674015006e-01, 2.025441794312e-06, 6.6652e+01, 2.7827e+00, 
 2DIAGNOSTIC,    16, -5.460678485595e-01, 1.958618999279e-06, 7.0270e+01, 3.6179e+00, 
 2DIAGNOSTIC,    17, -5.460679988748e-01, 1.871204605049e-06, 7.3344e+01, 3.0745e+00, 
 2DIAGNOSTIC,    18, -5.460679574100e-01, 1.779106557513e-06, 7.6357e+01, 3.0130e+00, 
 2DIAGNOSTIC,    19, -5.460676275306e-01, 1.685457074053e-06, 7.9364e+01, 3.0065e+00, 
 2DIAGNOSTIC,    20, -5.460677721157e-01, 1.603836656879e-06, 8.2707e+01, 3.3428e+00, 
 2DIAGNOSTIC,    21, -5.460678056884e-01, 1.527573111545e-06, 8.5750e+01, 3.0433e+00, 
 2DIAGNOSTIC,    22, -5.460676553741e-01, 1.456521589789e-06, 8.8579e+01, 2.8287e+00, 
 2DIAGNOSTIC,    23, -5.460675291038e-01, 1.383835263054e-06, 9.1943e+01, 3.3646e+00, 
 2DIAGNOSTIC,    24, -5.460675410460e-01, 1.316698015522e-06, 9.5223e+01, 3.2795e+00, 
 2DIAGNOSTIC,    25, -5.460674146427e-01, 1.249670218917e-06, 9.8491e+01, 3.2679e+00, 
 2DIAGNOSTIC,    26, -5.460674913424e-01, 1.200294314024e-06, 1.0168e+02, 3.1927e+00, 
 2DIAGNOSTIC,    27, -5.460672909362e-01, 1.155817889578e-06, 1.0523e+02, 3.5432e+00, 
 2DIAGNOSTIC,    28, -5.460670142020e-01, 1.111103899033e-06, 1.0838e+02, 3.1559e+00, 
 2DIAGNOSTIC,    29, -5.460667209827e-01, 1.060708271480e-06, 1.1162e+02, 3.2415e+00, 
 2DIAGNOSTIC,    30, -5.460667280024e-01, 1.019740623075e-06, 1.1477e+02, 3.1476e+00, 
  Elapsed time (stage 0): 1.1655e+02


Total elapsed time: 1.1656e+02
VFC_BACKENDS=libinterflop_vprec.so --range-binary32=7 --precision-binary32=17 --range-binary64=7 --precision-binary64=17
Info [verificarlo]: loaded backend libinterflop_vprec.so
Info [interflop-vprec]: load backend with: 
Info [interflop-vprec]: precision-binary32 = 17
Info [interflop-vprec]: range-binary32 = 7
Info [interflop-vprec]: precision-binary64 = 17
Info [interflop-vprec]: range-binary64 = 7
Info [interflop-vprec]: mode = ob
Info [interflop-vprec]: error-mode = rel
Info [interflop-vprec]: max-abs-error-exponent = -1022
Info [interflop-vprec]: daz = false
Info [interflop-vprec]: ftz = false
Info [interflop-vprec]: 	instrument = none
Info [interflop-vprec]: 	prec-input-file = (null)
Info [interflop-vprec]: 	prec-output-file = (null)
Info [interflop-vprec]: 	prec-log-file = (null)
All_Command_lines_OK
Using double precision for computations.
=============================================================================
The composite transform comprises the following transforms (in order): 
  1. /project/rrg-glatard/mdugre/datasets/corr/RawDataBIDS/BMB_1/derivatives/vprec-space_search/0001/r7-p17/sub-0003021/affine_Composite.h5[0] (type = Euler3DTransform)
  2. /project/rrg-glatard/mdugre/datasets/corr/RawDataBIDS/BMB_1/derivatives/vprec-space_search/0001/r7-p17/sub-0003021/affine_Composite.h5[1] (type = Euler3DTransform)
  3. /project/rrg-glatard/mdugre/datasets/corr/RawDataBIDS/BMB_1/derivatives/vprec-space_search/0001/r7-p17/sub-0003021/affine_Composite.h5[2] (type = Euler3DTransform)
  4. /project/rrg-glatard/mdugre/datasets/corr/RawDataBIDS/BMB_1/derivatives/vprec-space_search/0001/r7-p17/sub-0003021/affine_Composite.h5[3] (type = AffineTransform)
=============================================================================
  number of levels = 4
  fixed image: /templateflow/tpl-MNI152NLin2009cAsym/tpl-MNI152NLin2009cAsym_res-01_desc-brain_T1w.nii.gz
  moving image: /project/rrg-glatard/mdugre/datasets/corr/RawDataBIDS/BMB_1/derivatives/antsBrainExtraction/sub-0003021/BrainExtractionBrain.nii.gz
Dimension = 3
Number of stages = 1
Use histogram matching = false
Winsorize image intensities = true
  Lower quantile = 0.005
  Upper quantile = 0.995


Stage 1 State
   Image metric = CC
     Fixed image = Image (0x4a2b4c0)
  RTTI typeinfo:   itk::Image<double, 3u>
  Reference Count: 2
  Modified Time: 1606
  Debug: Off
  Object Name: 
  Observers: 
    none
  Source: (none)
  Source output name: (none)
  Release Data: Off
  Data Released: False
  Global Release Data: Off
  PipelineMTime: 0
  UpdateMTime: 1217
  RealTimeStamp: 0 seconds 
  LargestPossibleRegion: 
    Dimension: 3
    Index: [0, 0, 0]
    Size: [193, 229, 193]
  BufferedRegion: 
    Dimension: 3
    Index: [0, 0, 0]
    Size: [193, 229, 193]
  RequestedRegion: 
    Dimension: 3
    Index: [0, 0, 0]
    Size: [193, 229, 193]
  Spacing: [1, 1, 1]
  Origin: [96, 132, -78]
  Direction: 
-1 0 0
0 -1 0
0 0 1

  IndexToPointMatrix: 
-1 0 0
0 -1 0
0 0 1

  PointToIndexMatrix: 
-1 0 0
0 -1 0
0 0 1

  Inverse Direction: 
-1 0 0
0 -1 0
0 0 1

  PixelContainer: 
    ImportImageContainer (0x4afab10)
      RTTI typeinfo:   itk::ImportImageContainer<unsigned long, double>
      Reference Count: 1
      Modified Time: 1214
      Debug: Off
      Object Name: 
      Observers: 
        none
      Pointer: 0x1550b6365010
      Container manages memory: true
      Size: 8530021
      Capacity: 8530021

     Moving image = Image (0x4b01700)
  RTTI typeinfo:   itk::Image<double, 3u>
  Reference Count: 2
  Modified Time: 1607
  Debug: Off
  Object Name: 
  Observers: 
    none
  Source: (none)
  Source output name: (none)
  Release Data: Off
  Data Released: False
  Global Release Data: Off
  PipelineMTime: 0
  UpdateMTime: 1604
  RealTimeStamp: 0 seconds 
  LargestPossibleRegion: 
    Dimension: 3
    Index: [0, 0, 0]
    Size: [176, 256, 256]
  BufferedRegion: 
    Dimension: 3
    Index: [0, 0, 0]
    Size: [176, 256, 256]
  RequestedRegion: 
    Dimension: 3
    Index: [0, 0, 0]
    Size: [176, 256, 256]
  Spacing: [1, 1, 1]
  Origin: [-92.1465, 106.518, -129.634]
  Direction: 
1 0 0
0 -1 0
0 0 1

  IndexToPointMatrix: 
1 0 0
0 -1 0
0 0 1

  PointToIndexMatrix: 
1 0 0
0 -1 0
0 0 1

  Inverse Direction: 
1 0 0
0 -1 0
0 0 1

  PixelContainer: 
    ImportImageContainer (0x4b221d0)
      RTTI typeinfo:   itk::ImportImageContainer<unsigned long, double>
      Reference Count: 1
      Modified Time: 1601
      Debug: Off
      Object Name: 
      Observers: 
        none
      Pointer: 0x1550b0b64010
      Container manages memory: true
      Size: 11534336
      Capacity: 11534336

     Weighting = 1
     Sampling strategy = none
     Number of bins = 32
     Radius = 4
     Sampling percentage  = 1
   Transform = SyN
     Gradient step = 0.1
     Update field sigma (voxel space) = 3
     Total field sigma (voxel space) = 0
     Update field time sigma = 0
     Total field time sigma  = 0
     Number of time indices = 0
     Number of time point samples = 0
Registration using 1 total stages.

Stage 0
  iterations = 100x70x50x20
  convergence threshold = 1e-06
  convergence window size = 10
  number of levels = 4
  using the CC metric (radius = 4, weight = 1, use gradient filter = 0)
  preprocessing:  winsorizing the image intensities
  Shrink factors (level 1 out of 4): [8, 8, 8]
  Shrink factors (level 2 out of 4): [4, 4, 4]
  Shrink factors (level 3 out of 4): [2, 2, 2]
  Shrink factors (level 4 out of 4): [1, 1, 1]
  smoothing sigmas per level: [3, 2, 1, 0]
  Using default NONE metricSamplingStrategy 

*** Running SyN registration (varianceForUpdateField = 3, varianceForTotalField = 0) ***

XXDIAGNOSTIC,Iteration,metricValue,convergenceValue,ITERATION_TIME_INDEX,SINCE_LAST
 1DIAGNOSTIC,     1, -9.277153015137e-01, 1.797693134862e+308, 0.0000e+00, 0.0000e+00, 
 1DIAGNOSTIC,     2, -9.338989257812e-01, 1.797693134862e+308, 0.0000e+00, 0.0000e+00, 
 1DIAGNOSTIC,     3, -9.387702941895e-01, 1.797693134862e+308, 0.0000e+00, 0.0000e+00, 
 1DIAGNOSTIC,     4, -9.415168762207e-01, 1.797693134862e+308, 0.0000e+00, 0.0000e+00, 
 1DIAGNOSTIC,     5, -9.447135925293e-01, 1.797693134862e+308, 0.0000e+00, 0.0000e+00, 
 1DIAGNOSTIC,     6, -9.500312805176e-01, 1.797693134862e+308, 0.0000e+00, 0.0000e+00, 
 1DIAGNOSTIC,     7, -9.556465148926e-01, 1.797693134862e+308, 0.0000e+00, 0.0000e+00, 
 1DIAGNOSTIC,     8, -9.598503112793e-01, 1.797693134862e+308, 0.0000e+00, 0.0000e+00, 
 1DIAGNOSTIC,     9, -9.638481140137e-01, 1.797693134862e+308, 0.0000e+00, 0.0000e+00, 
 1DIAGNOSTIC,    10, -9.666633605957e-01, 2.622275877119e-03, 0.0000e+00, 0.0000e+00, 
 1DIAGNOSTIC,    11, -9.669723510742e-01, 2.209028248166e-03, 0.0000e+00, 0.0000e+00, 
 1DIAGNOSTIC,    12, -9.687347412109e-01, 1.863432277889e-03, 0.0000e+00, 0.0000e+00, 
 1DIAGNOSTIC,    13, -9.687042236328e-01, 1.513778911273e-03, 0.0000e+00, 0.0000e+00, 
 1DIAGNOSTIC,    14, -9.698410034180e-01, 1.160220217794e-03, 0.0000e+00, 0.0000e+00, 
 1DIAGNOSTIC,    15, -9.695663452148e-01, 8.052481295360e-04, 0.0000e+00, 0.0000e+00, 
 1DIAGNOSTIC,    16, -9.703979492188e-01, 5.350628960466e-04, 0.0000e+00, 0.0000e+00, 
 1DIAGNOSTIC,    17, -9.700202941895e-01, 3.384473324104e-04, 0.0000e+00, 0.0000e+00, 
 1DIAGNOSTIC,    18, -9.704093933105e-01, 2.074674000947e-04, 0.0000e+00, 0.0000e+00, 
 1DIAGNOSTIC,    19, -9.699630737305e-01, 1.257730289454e-04, 0.0000e+00, 0.0000e+00, 
 1DIAGNOSTIC,    20, -9.706993103027e-01, 9.375036053386e-05, 0.0000e+00, 0.0000e+00, 
 1DIAGNOSTIC,    21, -9.703369140625e-01, 5.457784243944e-05, 0.0000e+00, 0.0000e+00, 
 1DIAGNOSTIC,    22, -9.705047607422e-01, 4.035043675138e-05, 0.0000e+00, 0.0000e+00, 
 1DIAGNOSTIC,    23, -9.700927734375e-01, 1.774656125586e-05, 0.0000e+00, 0.0000e+00, 
 1DIAGNOSTIC,    24, -9.706611633301e-01, 1.681012464726e-05, 0.0000e+00, 0.0000e+00, 
 1DIAGNOSTIC,    25, -9.703216552734e-01, 6.641964132255e-06, 0.0000e+00, 0.0000e+00, 
 1DIAGNOSTIC,    26, -9.707031250000e-01, 1.078488165875e-05, 0.0000e+00, 0.0000e+00, 
 1DIAGNOSTIC,    27, -9.702949523926e-01, 5.007081672934e-06, 0.0000e+00, 0.0000e+00, 
 1DIAGNOSTIC,    28, -9.709129333496e-01, 1.023139436760e-05, 0.0000e+00, 0.0000e+00, 
 1DIAGNOSTIC,    29, -9.705848693848e-01, 5.881655186918e-06, 0.0000e+00, 0.0000e+00, 
 1DIAGNOSTIC,    30, -9.707107543945e-01, 1.003237710488e-05, 0.0000e+00, 0.0000e+00, 
 1DIAGNOSTIC,    31, -9.703063964844e-01, 5.749308524573e-06, 0.0000e+00, 0.0000e+00, 
 1DIAGNOSTIC,    32, -9.708023071289e-01, 7.629270123412e-06, 0.0000e+00, 0.0000e+00, 
 1DIAGNOSTIC,    33, -9.704589843750e-01, 1.666513521972e-06, 0.0000e+00, 0.0000e+00, 
 1DIAGNOSTIC,    34, -9.708480834961e-01, 4.465424465167e-06, 0.0000e+00, 0.0000e+00, 
 1DIAGNOSTIC,    35, -9.704742431641e-01, 6.543929988931e-07, 0.0000e+00, 0.0000e+00, 
XXDIAGNOSTIC,Iteration,metricValue,convergenceValue,ITERATION_TIME_INDEX,SINCE_LAST
 1DIAGNOSTIC,     1, -9.138145446777e-01, 1.797693134862e+308, 0.0000e+00, 0.0000e+00, 
 1DIAGNOSTIC,     2, -9.168281555176e-01, 1.797693134862e+308, 0.0000e+00, 0.0000e+00, 
 1DIAGNOSTIC,     3, -9.199562072754e-01, 1.797693134862e+308, 0.0000e+00, 0.0000e+00, 
 1DIAGNOSTIC,     4, -9.230613708496e-01, 1.797693134862e+308, 0.0000e+00, 0.0000e+00, 
 1DIAGNOSTIC,     5, -9.257965087891e-01, 1.797693134862e+308, 0.0000e+00, 0.0000e+00, 
 1DIAGNOSTIC,     6, -9.284019470215e-01, 1.797693134862e+308, 0.0000e+00, 0.0000e+00, 
 1DIAGNOSTIC,     7, -9.306449890137e-01, 1.797693134862e+308, 0.0000e+00, 0.0000e+00, 
 1DIAGNOSTIC,     8, -9.325675964355e-01, 1.797693134862e+308, 0.0000e+00, 0.0000e+00, 
 1DIAGNOSTIC,     9, -9.341697692871e-01, 1.797693134862e+308, 0.0000e+00, 0.0000e+00, 
 1DIAGNOSTIC,    10, -9.355430603027e-01, 1.528538594923e-03, 0.0000e+00, 0.0000e+00, 
 1DIAGNOSTIC,    11, -9.367294311523e-01, 1.252832787348e-03, 0.0000e+00, 0.0000e+00, 
 1DIAGNOSTIC,    12, -9.377937316895e-01, 1.014160490636e-03, 0.0000e+00, 0.0000e+00, 
 1DIAGNOSTIC,    13, -9.385528564453e-01, 8.114892652780e-04, 0.0000e+00, 0.0000e+00, 
 1DIAGNOSTIC,    14, -9.394874572754e-01, 6.519512389359e-04, 0.0000e+00, 0.0000e+00, 
 1DIAGNOSTIC,    15, -9.401435852051e-01, 5.226579259071e-04, 0.0000e+00, 0.0000e+00, 
 1DIAGNOSTIC,    16, -9.410057067871e-01, 4.273794143213e-04, 0.0000e+00, 0.0000e+00, 
 1DIAGNOSTIC,    17, -9.414215087891e-01, 3.512761616294e-04, 0.0000e+00, 0.0000e+00, 
 1DIAGNOSTIC,    18, -9.419288635254e-01, 2.922501346521e-04, 0.0000e+00, 0.0000e+00, 
 1DIAGNOSTIC,    19, -9.422721862793e-01, 2.434061681844e-04, 0.0000e+00, 0.0000e+00, 
 1DIAGNOSTIC,    20, -9.425506591797e-01, 2.018359351698e-04, 0.0000e+00, 0.0000e+00, 
 1DIAGNOSTIC,    21, -9.427833557129e-01, 1.658933178981e-04, 0.0000e+00, 0.0000e+00, 
 1DIAGNOSTIC,    22, -9.429893493652e-01, 1.353425080359e-04, 0.0000e+00, 0.0000e+00, 
 1DIAGNOSTIC,    23, -9.431076049805e-01, 1.063566379919e-04, 0.0000e+00, 0.0000e+00, 
 1DIAGNOSTIC,    24, -9.431762695312e-01, 8.258578824065e-05, 0.0000e+00, 0.0000e+00, 
 1DIAGNOSTIC,    25, -9.432144165039e-01, 6.135715082097e-05, 0.0000e+00, 0.0000e+00, 
 1DIAGNOSTIC,    26, -9.432411193848e-01, 4.646197819540e-05, 0.0000e+00, 0.0000e+00, 
 1DIAGNOSTIC,    27, -9.432640075684e-01, 3.324320676974e-05, 0.0000e+00, 0.0000e+00, 
 1DIAGNOSTIC,    28, -9.433059692383e-01, 2.385031038504e-05, 0.0000e+00, 0.0000e+00, 
 1DIAGNOSTIC,    29, -9.433670043945e-01, 1.715544020206e-05, 0.0000e+00, 0.0000e+00, 
 1DIAGNOSTIC,    30, -9.434547424316e-01, 1.305472016691e-05, 0.0000e+00, 0.0000e+00, 
 1DIAGNOSTIC,    31, -9.435768127441e-01, 1.150705616906e-05, 0.0000e+00, 0.0000e+00, 
 1DIAGNOSTIC,    32, -9.437370300293e-01, 1.249680595833e-05, 0.0000e+00, 0.0000e+00, 
 1DIAGNOSTIC,    33, -9.439468383789e-01, 1.531510976068e-05, 0.0000e+00, 0.0000e+00, 
 1DIAGNOSTIC,    34, -9.441680908203e-01, 1.915359525636e-05, 0.0000e+00, 0.0000e+00, 
 1DIAGNOSTIC,    35, -9.443664550781e-01, 2.306107213033e-05, 0.0000e+00, 0.0000e+00, 
 1DIAGNOSTIC,    36, -9.445343017578e-01, 2.626656337282e-05, 0.0000e+00, 0.0000e+00, 
 1DIAGNOSTIC,    37, -9.446907043457e-01, 2.833553333119e-05, 0.0000e+00, 0.0000e+00, 
 1DIAGNOSTIC,    38, -9.448242187500e-01, 2.905405784285e-05, 0.0000e+00, 0.0000e+00, 
 1DIAGNOSTIC,    39, -9.449539184570e-01, 2.850520240198e-05, 0.0000e+00, 0.0000e+00, 
 1DIAGNOSTIC,    40, -9.450492858887e-01, 2.671070877504e-05, 0.0000e+00, 0.0000e+00, 
 1DIAGNOSTIC,    41, -9.449691772461e-01, 2.282952139396e-05, 0.0000e+00, 0.0000e+00, 
 1DIAGNOSTIC,    42, -9.449424743652e-01, 1.800310682238e-05, 0.0000e+00, 0.0000e+00, 
 1DIAGNOSTIC,    43, -9.446220397949e-01, 1.095392876412e-05, 0.0000e+00, 0.0000e+00, 
 1DIAGNOSTIC,    44, -9.447250366211e-01, 5.504126764960e-06, 0.0000e+00, 0.0000e+00, 
 1DIAGNOSTIC,    45, -9.444694519043e-01, -6.100349721656e-07, 0.0000e+00, 0.0000e+00, 
XXDIAGNOSTIC,Iteration,metricValue,convergenceValue,ITERATION_TIME_INDEX,SINCE_LAST
 1DIAGNOSTIC,     1, -8.956794738770e-01, 1.797693134862e+308, 0.0000e+00, 0.0000e+00, 
 1DIAGNOSTIC,     2, -8.981246948242e-01, 1.797693134862e+308, 0.0000e+00, 0.0000e+00, 
 1DIAGNOSTIC,     3, -9.009284973145e-01, 1.797693134862e+308, 0.0000e+00, 0.0000e+00, 
 1DIAGNOSTIC,     4, -9.034957885742e-01, 1.797693134862e+308, 0.0000e+00, 0.0000e+00, 
 1DIAGNOSTIC,     5, -9.059562683105e-01, 1.797693134862e+308, 0.0000e+00, 0.0000e+00, 
 1DIAGNOSTIC,     6, -9.079818725586e-01, 1.797693134862e+308, 0.0000e+00, 0.0000e+00, 
 1DIAGNOSTIC,     7, -9.098243713379e-01, 1.797693134862e+308, 0.0000e+00, 0.0000e+00, 
 1DIAGNOSTIC,     8, -9.114646911621e-01, 1.797693134862e+308, 0.0000e+00, 0.0000e+00, 
 1DIAGNOSTIC,     9, -9.130401611328e-01, 1.797693134862e+308, 0.0000e+00, 0.0000e+00, 
 1DIAGNOSTIC,    10, -9.144859313965e-01, 1.336953026714e-03, 0.0000e+00, 0.0000e+00, 
 1DIAGNOSTIC,    11, -9.156913757324e-01, 1.113528628491e-03, 0.0000e+00, 0.0000e+00, 
 1DIAGNOSTIC,    12, -9.166488647461e-01, 9.156795632181e-04, 0.0000e+00, 0.0000e+00, 
 1DIAGNOSTIC,    13, -9.174842834473e-01, 7.527106460966e-04, 0.0000e+00, 0.0000e+00, 
 1DIAGNOSTIC,    14, -9.181518554688e-01, 6.162877067158e-04, 0.0000e+00, 0.0000e+00, 
 1DIAGNOSTIC,    15, -9.187774658203e-01, 5.056691528554e-04, 0.0000e+00, 0.0000e+00, 
 1DIAGNOSTIC,    16, -9.194335937500e-01, 4.145181088112e-04, 0.0000e+00, 0.0000e+00, 
 1DIAGNOSTIC,    17, -9.197502136230e-01, 3.353254867815e-04, 0.0000e+00, 0.0000e+00, 
 1DIAGNOSTIC,    18, -9.202346801758e-01, 2.706888262423e-04, 0.0000e+00, 0.0000e+00, 
 1DIAGNOSTIC,    19, -9.208450317383e-01, 2.234045926787e-04, 0.0000e+00, 0.0000e+00, 
 1DIAGNOSTIC,    20, -9.211273193359e-01, 1.867190449319e-04, 0.0000e+00, 0.0000e+00, 
 1DIAGNOSTIC,    21, -9.216346740723e-01, 1.615025931548e-04, 0.0000e+00, 0.0000e+00, 
 1DIAGNOSTIC,    22, -9.220581054688e-01, 1.429646441829e-04, 0.0000e+00, 0.0000e+00, 
 1DIAGNOSTIC,    23, -9.223251342773e-01, 1.275372295056e-04, 0.0000e+00, 0.0000e+00, 
 1DIAGNOSTIC,    24, -9.225730895996e-01, 1.132860940612e-04, 0.0000e+00, 0.0000e+00, 
 1DIAGNOSTIC,    25, -9.228172302246e-01, 1.003254839808e-04, 0.0000e+00, 0.0000e+00, 
 1DIAGNOSTIC,    26, -9.230537414551e-01, 8.967407469410e-05, 0.0000e+00, 0.0000e+00, 
 1DIAGNOSTIC,    27, -9.232826232910e-01, 7.762876710810e-05, 0.0000e+00, 0.0000e+00, 
 1DIAGNOSTIC,    28, -9.234962463379e-01, 6.684346375244e-05, 0.0000e+00, 0.0000e+00, 
 1DIAGNOSTIC,    29, -9.237060546875e-01, 5.937506466504e-05, 0.0000e+00, 0.0000e+00, 
 1DIAGNOSTIC,    30, -9.239082336426e-01, 5.179933181572e-05, 0.0000e+00, 0.0000e+00, 
 1DIAGNOSTIC,    31, -9.241065979004e-01, 4.687196963048e-05, 0.0000e+00, 0.0000e+00, 
 1DIAGNOSTIC,    32, -9.242973327637e-01, 4.380489968660e-05, 0.0000e+00, 0.0000e+00, 
 1DIAGNOSTIC,    33, -9.244766235352e-01, 4.100832597632e-05, 0.0000e+00, 0.0000e+00, 
 1DIAGNOSTIC,    34, -9.246482849121e-01, 3.835517662494e-05, 0.0000e+00, 0.0000e+00, 
 1DIAGNOSTIC,    35, -9.248199462891e-01, 3.593576414468e-05, 0.0000e+00, 0.0000e+00, 
 1DIAGNOSTIC,    36, -9.249916076660e-01, 3.378823145017e-05, 0.0000e+00, 0.0000e+00, 
 1DIAGNOSTIC,    37, -9.251594543457e-01, 3.190592936317e-05, 0.0000e+00, 0.0000e+00, 
 1DIAGNOSTIC,    38, -9.253311157227e-01, 3.026865258700e-05, 0.0000e+00, 0.0000e+00, 
 1DIAGNOSTIC,    39, -9.255027770996e-01, 2.890302085977e-05, 0.0000e+00, 0.0000e+00, 
 1DIAGNOSTIC,    40, -9.256782531738e-01, 2.781339789697e-05, 0.0000e+00, 0.0000e+00, 
 1DIAGNOSTIC,    41, -9.258537292480e-01, 2.698454407437e-05, 0.0000e+00, 0.0000e+00, 
 1DIAGNOSTIC,    42, -9.260330200195e-01, 2.638588769475e-05, 0.0000e+00, 0.0000e+00, 
 1DIAGNOSTIC,    43, -9.262161254883e-01, 2.594256071160e-05, 0.0000e+00, 0.0000e+00, 
 1DIAGNOSTIC,    44, -9.264030456543e-01, 2.559925168982e-05, 0.0000e+00, 0.0000e+00, 
 1DIAGNOSTIC,    45, -9.265861511230e-01, 2.529869749540e-05, 8.1920e+03, 8.1920e+03, 
 1DIAGNOSTIC,    46, -9.267616271973e-01, 2.496302780082e-05, 8.1920e+03, 0.0000e+00, 
 1DIAGNOSTIC,    47, -9.269409179688e-01, 2.457428604731e-05, 8.1920e+03, 0.0000e+00, 
 1DIAGNOSTIC,    48, -9.271125793457e-01, 2.409522700772e-05, 8.1920e+03, 0.0000e+00, 
 1DIAGNOSTIC,    49, -9.272842407227e-01, 2.352806533168e-05, 8.1920e+03, 0.0000e+00, 
 1DIAGNOSTIC,    50, -9.274559020996e-01, 2.290953273010e-05, 8.1920e+03, 0.0000e+00, 
XXDIAGNOSTIC,Iteration,metricValue,convergenceValue,ITERATION_TIME_INDEX,SINCE_LAST
 1DIAGNOSTIC,     1, -8.847846984863e-01, 1.797693134862e+308, 8.1920e+03, 0.0000e+00, 
 1DIAGNOSTIC,     2, -8.858489990234e-01, 1.797693134862e+308, 8.1920e+03, 0.0000e+00, 
 1DIAGNOSTIC,     3, -8.872985839844e-01, 1.797693134862e+308, 8.1920e+03, 0.0000e+00, 
 1DIAGNOSTIC,     4, -8.886642456055e-01, 1.797693134862e+308, 8.1920e+03, 0.0000e+00, 
 1DIAGNOSTIC,     5, -8.899993896484e-01, 1.797693134862e+308, 8.1920e+03, 0.0000e+00, 
 1DIAGNOSTIC,     6, -8.912811279297e-01, 1.797693134862e+308, 8.1920e+03, 0.0000e+00, 
 1DIAGNOSTIC,     7, -8.923759460449e-01, 1.797693134862e+308, 8.1920e+03, 0.0000e+00, 
 1DIAGNOSTIC,     8, -8.933677673340e-01, 1.797693134862e+308, 8.1920e+03, 0.0000e+00, 
 1DIAGNOSTIC,     9, -8.942832946777e-01, 1.797693134862e+308, 8.1920e+03, 0.0000e+00, 
 1DIAGNOSTIC,    10, -8.951377868652e-01, 7.669703376469e-04, 1.6384e+04, 8.1920e+03, 
 1DIAGNOSTIC,    11, -8.959426879883e-01, 6.595351743224e-04, 1.6384e+04, 0.0000e+00, 
 1DIAGNOSTIC,    12, -8.967132568359e-01, 5.592209362366e-04, 1.6384e+04, 0.0000e+00, 
 1DIAGNOSTIC,    13, -8.973960876465e-01, 4.758368281906e-04, 1.6384e+04, 0.0000e+00, 
 1DIAGNOSTIC,    14, -8.980674743652e-01, 4.072268296861e-04, 1.6384e+04, 0.0000e+00, 
 1DIAGNOSTIC,    15, -8.987541198730e-01, 3.531968752468e-04, 1.6384e+04, 0.0000e+00, 
 1DIAGNOSTIC,    16, -8.994369506836e-01, 3.123537920607e-04, 1.6384e+04, 0.0000e+00, 
 1DIAGNOSTIC,    17, -9.001312255859e-01, 2.808316261582e-04, 1.6384e+04, 0.0000e+00, 
 1DIAGNOSTIC,    18, -9.008445739746e-01, 2.568274537510e-04, 1.6384e+04, 0.0000e+00, 
 1DIAGNOSTIC,    19, -9.015388488770e-01, 2.383307419785e-04, 1.6384e+04, 0.0000e+00, 
 1DIAGNOSTIC,    20, -9.021949768066e-01, 2.233942803837e-04, 2.4576e+04, 8.1920e+03, 
  Elapsed time (stage 0): 24576


Total elapsed time: 24576
