
##########################
# Experiment information #
##########################
SIF_IMG: /project/rrg-glatard/mdugre/containers/ants-p2-vprec.sif
EXPERIMENT_NAME: vprec-space_search
CONFIG: 0001
VFC_BACKENDS: libinterflop_vprec.so --range-binary32=7 --precision-binary32=7 --range-binary64=7 --precision-binary64=7

FIXED_IMG: /templateflow/tpl-MNI152NLin2009cAsym/tpl-MNI152NLin2009cAsym_res-01_desc-brain_T1w.nii.gz
SUBJECT_ID: 0003015
INPUT_IMG: /project/rrg-glatard/mdugre/datasets/corr/RawDataBIDS/BMB_1/derivatives/antsBrainExtraction/sub-0003015/BrainExtractionBrain.nii.gz
OUTPUT_DIR: /project/rrg-glatard/mdugre/datasets/corr/RawDataBIDS/BMB_1/derivatives/vprec-space_search/0001/r7-p7/sub-0003015

ITK_GLOBAL_DEFAULT_NUMBER_OF_THREADS: 8
##########################

VFC_BACKENDS=libinterflop_ieee.so
Info [verificarlo]: loaded backend libinterflop_ieee.so
Info [interflop-ieee]: load backend with:
Info [interflop-ieee]: debug = false
Info [interflop-ieee]: debug-binary = false
Info [interflop-ieee]: no-backend-name = false
Info [interflop-ieee]: print-new-line = false
Info [interflop-ieee]: print-subnormal-normalized = false
Info [interflop-ieee]: count-op = false
All_Command_lines_OK
Using double precision for computations.
=============================================================================
The composite transform comprises the following transforms (in order): 
  1. Center of mass alignment using fixed image: /templateflow/tpl-MNI152NLin2009cAsym/tpl-MNI152NLin2009cAsym_res-01_desc-brain_T1w.nii.gz and moving image: /project/rrg-glatard/mdugre/datasets/corr/RawDataBIDS/BMB_1/derivatives/antsBrainExtraction/sub-0003015/BrainExtractionBrain.nii.gz (type = Euler3DTransform)
=============================================================================
  number of levels = 1
  fixed image: /templateflow/tpl-MNI152NLin2009cAsym/tpl-MNI152NLin2009cAsym_res-01_desc-brain_T1w.nii.gz
  moving image: /project/rrg-glatard/mdugre/datasets/corr/RawDataBIDS/BMB_1/derivatives/antsBrainExtraction/sub-0003015/BrainExtractionBrain.nii.gz
Dimension = 3
Number of stages = 1
Use histogram matching = false
Winsorize image intensities = true
  Lower quantile = 0.005
  Upper quantile = 0.995


Stage 1 State
   Image metric = MattesMI
     Fixed image = Image (0x4f51390)
  RTTI typeinfo:   itk::Image<double, 3u>
  Reference Count: 2
  Modified Time: 2334
  Debug: Off
  Object Name: 
  Observers: 
    none
  Source: (none)
  Source output name: (none)
  Release Data: Off
  Data Released: False
  Global Release Data: Off
  PipelineMTime: 0
  UpdateMTime: 1943
  RealTimeStamp: 0 seconds 
  LargestPossibleRegion: 
    Dimension: 3
    Index: [0, 0, 0]
    Size: [193, 229, 193]
  BufferedRegion: 
    Dimension: 3
    Index: [0, 0, 0]
    Size: [193, 229, 193]
  RequestedRegion: 
    Dimension: 3
    Index: [0, 0, 0]
    Size: [193, 229, 193]
  Spacing: [1, 1, 1]
  Origin: [96, 132, -78]
  Direction: 
-1 0 0
0 -1 0
0 0 1

  IndexToPointMatrix: 
-1 0 0
0 -1 0
0 0 1

  PointToIndexMatrix: 
-1 0 0
0 -1 0
0 0 1

  Inverse Direction: 
-1 0 0
0 -1 0
0 0 1

  PixelContainer: 
    ImportImageContainer (0x501ca90)
      RTTI typeinfo:   itk::ImportImageContainer<unsigned long, double>
      Reference Count: 1
      Modified Time: 1940
      Debug: Off
      Object Name: 
      Observers: 
        none
      Pointer: 0x14b7eda46010
      Container manages memory: true
      Size: 8530021
      Capacity: 8530021

     Moving image = Image (0x4f4f290)
  RTTI typeinfo:   itk::Image<double, 3u>
  Reference Count: 2
  Modified Time: 2335
  Debug: Off
  Object Name: 
  Observers: 
    none
  Source: (none)
  Source output name: (none)
  Release Data: Off
  Data Released: False
  Global Release Data: Off
  PipelineMTime: 0
  UpdateMTime: 2332
  RealTimeStamp: 0 seconds 
  LargestPossibleRegion: 
    Dimension: 3
    Index: [0, 0, 0]
    Size: [176, 256, 256]
  BufferedRegion: 
    Dimension: 3
    Index: [0, 0, 0]
    Size: [176, 256, 256]
  RequestedRegion: 
    Dimension: 3
    Index: [0, 0, 0]
    Size: [176, 256, 256]
  Spacing: [1, 1, 1]
  Origin: [-73.82, 118.966, -125.937]
  Direction: 
1 0 0
0 -1 0
0 0 1

  IndexToPointMatrix: 
1 0 0
0 -1 0
0 0 1

  PointToIndexMatrix: 
1 0 0
0 -1 0
0 0 1

  Inverse Direction: 
1 0 0
0 -1 0
0 0 1

  PixelContainer: 
    ImportImageContainer (0x4f7c850)
      RTTI typeinfo:   itk::ImportImageContainer<unsigned long, double>
      Reference Count: 1
      Modified Time: 2329
      Debug: Off
      Object Name: 
      Observers: 
        none
      Pointer: 0x14b7e8245010
      Container manages memory: true
      Size: 11534336
      Capacity: 11534336

     Weighting = 1
     Sampling strategy = regular
     Number of bins = 32
     Radius = 4
     Sampling percentage  = 0.25
   Transform = Rigid
     Gradient step = 0.1
     Update field sigma (voxel space) = 0
     Total field sigma (voxel space) = 0
     Update field time sigma = 0
     Total field time sigma  = 0
     Number of time indices = 0
     Number of time point samples = 0
Registration using 1 total stages.

Stage 0
  iterations = 0
  convergence threshold = 1e-06
  convergence window size = 10
  number of levels = 1
  using the Mattes MI metric (number of bins = 32, weight = 1, use gradient filter = 0)
  preprocessing:  winsorizing the image intensities
  Shrink factors (level 1 out of 1): [1, 1, 1]
  smoothing sigmas per level: [0]
  regular sampling (percentage = 0.25)

*** Running Euler3DTransform registration ***

  Elapsed time (stage 0): 0.928217


Total elapsed time: 0.929619
VFC_BACKENDS=libinterflop_ieee.so
Info [verificarlo]: loaded backend libinterflop_ieee.so
Info [interflop-ieee]: load backend with:
Info [interflop-ieee]: debug = false
Info [interflop-ieee]: debug-binary = false
Info [interflop-ieee]: no-backend-name = false
Info [interflop-ieee]: print-new-line = false
Info [interflop-ieee]: print-subnormal-normalized = false
Info [interflop-ieee]: count-op = false
All_Command_lines_OK
Using double precision for computations.
=============================================================================
The composite transform comprises the following transforms (in order): 
  1. /project/rrg-glatard/mdugre/datasets/corr/RawDataBIDS/BMB_1/derivatives/vprec-space_search/0001/r7-p7/sub-0003015/align_Composite.h5[0] (type = Euler3DTransform)
  2. /project/rrg-glatard/mdugre/datasets/corr/RawDataBIDS/BMB_1/derivatives/vprec-space_search/0001/r7-p7/sub-0003015/align_Composite.h5[1] (type = Euler3DTransform)
=============================================================================
  number of levels = 4
  fixed image: /templateflow/tpl-MNI152NLin2009cAsym/tpl-MNI152NLin2009cAsym_res-01_desc-brain_T1w.nii.gz
  moving image: /project/rrg-glatard/mdugre/datasets/corr/RawDataBIDS/BMB_1/derivatives/antsBrainExtraction/sub-0003015/BrainExtractionBrain.nii.gz
Dimension = 3
Number of stages = 1
Use histogram matching = false
Winsorize image intensities = true
  Lower quantile = 0.005
  Upper quantile = 0.995


Stage 1 State
   Image metric = MattesMI
     Fixed image = Image (0x367d650)
  RTTI typeinfo:   itk::Image<double, 3u>
  Reference Count: 2
  Modified Time: 1580
  Debug: Off
  Object Name: 
  Observers: 
    none
  Source: (none)
  Source output name: (none)
  Release Data: Off
  Data Released: False
  Global Release Data: Off
  PipelineMTime: 0
  UpdateMTime: 1189
  RealTimeStamp: 0 seconds 
  LargestPossibleRegion: 
    Dimension: 3
    Index: [0, 0, 0]
    Size: [193, 229, 193]
  BufferedRegion: 
    Dimension: 3
    Index: [0, 0, 0]
    Size: [193, 229, 193]
  RequestedRegion: 
    Dimension: 3
    Index: [0, 0, 0]
    Size: [193, 229, 193]
  Spacing: [1, 1, 1]
  Origin: [96, 132, -78]
  Direction: 
-1 0 0
0 -1 0
0 0 1

  IndexToPointMatrix: 
-1 0 0
0 -1 0
0 0 1

  PointToIndexMatrix: 
-1 0 0
0 -1 0
0 0 1

  Inverse Direction: 
-1 0 0
0 -1 0
0 0 1

  PixelContainer: 
    ImportImageContainer (0x373b420)
      RTTI typeinfo:   itk::ImportImageContainer<unsigned long, double>
      Reference Count: 1
      Modified Time: 1186
      Debug: Off
      Object Name: 
      Observers: 
        none
      Pointer: 0x14d20afa9010
      Container manages memory: true
      Size: 8530021
      Capacity: 8530021

     Moving image = Image (0x3738520)
  RTTI typeinfo:   itk::Image<double, 3u>
  Reference Count: 2
  Modified Time: 1581
  Debug: Off
  Object Name: 
  Observers: 
    none
  Source: (none)
  Source output name: (none)
  Release Data: Off
  Data Released: False
  Global Release Data: Off
  PipelineMTime: 0
  UpdateMTime: 1578
  RealTimeStamp: 0 seconds 
  LargestPossibleRegion: 
    Dimension: 3
    Index: [0, 0, 0]
    Size: [176, 256, 256]
  BufferedRegion: 
    Dimension: 3
    Index: [0, 0, 0]
    Size: [176, 256, 256]
  RequestedRegion: 
    Dimension: 3
    Index: [0, 0, 0]
    Size: [176, 256, 256]
  Spacing: [1, 1, 1]
  Origin: [-73.82, 118.966, -125.937]
  Direction: 
1 0 0
0 -1 0
0 0 1

  IndexToPointMatrix: 
1 0 0
0 -1 0
0 0 1

  PointToIndexMatrix: 
1 0 0
0 -1 0
0 0 1

  Inverse Direction: 
1 0 0
0 -1 0
0 0 1

  PixelContainer: 
    ImportImageContainer (0x3765f10)
      RTTI typeinfo:   itk::ImportImageContainer<unsigned long, double>
      Reference Count: 1
      Modified Time: 1575
      Debug: Off
      Object Name: 
      Observers: 
        none
      Pointer: 0x14d2057a8010
      Container manages memory: true
      Size: 11534336
      Capacity: 11534336

     Weighting = 1
     Sampling strategy = regular
     Number of bins = 32
     Radius = 4
     Sampling percentage  = 0.25
   Transform = Rigid
     Gradient step = 0.1
     Update field sigma (voxel space) = 0
     Total field sigma (voxel space) = 0
     Update field time sigma = 0
     Total field time sigma  = 0
     Number of time indices = 0
     Number of time point samples = 0
Registration using 1 total stages.

Stage 0
  iterations = 1000x500x250x100
  convergence threshold = 1e-06
  convergence window size = 10
  number of levels = 4
  using the Mattes MI metric (number of bins = 32, weight = 1, use gradient filter = 0)
  preprocessing:  winsorizing the image intensities
  Shrink factors (level 1 out of 4): [8, 8, 8]
  Shrink factors (level 2 out of 4): [4, 4, 4]
  Shrink factors (level 3 out of 4): [2, 2, 2]
  Shrink factors (level 4 out of 4): [1, 1, 1]
  smoothing sigmas per level: [3, 2, 1, 0]
  regular sampling (percentage = 0.25)

*** Running Euler3DTransform registration ***

DIAGNOSTIC,Iteration,metricValue,convergenceValue,ITERATION_TIME_INDEX,SINCE_LAST
 2DIAGNOSTIC,     1, -4.655714148380e-01, 1.797693134862e+308, 1.1706e+00, 1.1706e+00, 
 2DIAGNOSTIC,     2, -4.664589849785e-01, 1.797693134862e+308, 1.1752e+00, 4.5900e-03, 
 2DIAGNOSTIC,     3, -4.691115515240e-01, 1.797693134862e+308, 1.1797e+00, 4.4980e-03, 
 2DIAGNOSTIC,     4, -4.773001670466e-01, 1.797693134862e+308, 1.1842e+00, 4.5090e-03, 
 2DIAGNOSTIC,     5, -4.831049552038e-01, 1.797693134862e+308, 1.1892e+00, 5.0509e-03, 
 2DIAGNOSTIC,     6, -4.988758044733e-01, 1.797693134862e+308, 1.1954e+00, 6.1932e-03, 
 2DIAGNOSTIC,     7, -4.995603747541e-01, 1.797693134862e+308, 1.1999e+00, 4.4572e-03, 
 2DIAGNOSTIC,     8, -4.997975892772e-01, 1.797693134862e+308, 1.2043e+00, 4.4000e-03, 
 2DIAGNOSTIC,     9, -5.006686360041e-01, 1.797693134862e+308, 1.2091e+00, 4.8110e-03, 
 2DIAGNOSTIC,    10, -5.021540329313e-01, 5.907166760776e-03, 1.2159e+00, 6.7670e-03, 
 2DIAGNOSTIC,    11, -5.024636908678e-01, 4.727329344215e-03, 1.2211e+00, 5.1789e-03, 
 2DIAGNOSTIC,    12, -5.029567106666e-01, 3.396941000288e-03, 1.2263e+00, 5.2361e-03, 
 2DIAGNOSTIC,    13, -5.037359892897e-01, 2.127943682735e-03, 1.2316e+00, 5.2629e-03, 
 2DIAGNOSTIC,    14, -5.043116656129e-01, 1.214508271991e-03, 1.2367e+00, 5.1551e-03, 
 2DIAGNOSTIC,    15, -5.047729269492e-01, 5.386521180087e-04, 1.2420e+00, 5.2440e-03, 
 2DIAGNOSTIC,    16, -5.050486570480e-01, 4.782158522800e-04, 1.2482e+00, 6.2292e-03, 
 2DIAGNOSTIC,    17, -5.050382296403e-01, 4.048795065139e-04, 1.2533e+00, 5.0850e-03, 
 2DIAGNOSTIC,    18, -5.050304540860e-01, 3.097648788423e-04, 1.2584e+00, 5.1548e-03, 
 2DIAGNOSTIC,    19, -5.049935261973e-01, 2.203548675415e-04, 1.2633e+00, 4.9119e-03, 
 2DIAGNOSTIC,    20, -5.049420735416e-01, 1.608943698665e-04, 1.2685e+00, 5.1889e-03, 
 2DIAGNOSTIC,    21, -5.048875273529e-01, 9.932124116411e-05, 1.2735e+00, 5.0149e-03, 
 2DIAGNOSTIC,    22, -5.048370649234e-01, 4.562716411301e-05, 1.2779e+00, 4.3941e-03, 
 2DIAGNOSTIC,    23, -5.047287598019e-01, 9.095907544408e-06, 1.2825e+00, 4.5900e-03, 
DIAGNOSTIC,Iteration,metricValue,convergenceValue,ITERATION_TIME_INDEX,SINCE_LAST
 2DIAGNOSTIC,     1, -4.029332317106e-01, 1.797693134862e+308, 2.5041e+00, 1.2215e+00, 
 2DIAGNOSTIC,     2, -4.031917333528e-01, 1.797693134862e+308, 2.5393e+00, 3.5234e-02, 
 2DIAGNOSTIC,     3, -4.035775778600e-01, 1.797693134862e+308, 2.5759e+00, 3.6620e-02, 
 2DIAGNOSTIC,     4, -4.041752833908e-01, 1.797693134862e+308, 2.6116e+00, 3.5732e-02, 
 2DIAGNOSTIC,     5, -4.048053068358e-01, 1.797693134862e+308, 2.6468e+00, 3.5165e-02, 
 2DIAGNOSTIC,     6, -4.054976534062e-01, 1.797693134862e+308, 2.6819e+00, 3.5055e-02, 
 2DIAGNOSTIC,     7, -4.056693657988e-01, 1.797693134862e+308, 2.7171e+00, 3.5207e-02, 
 2DIAGNOSTIC,     8, -4.061179261426e-01, 1.797693134862e+308, 2.7712e+00, 5.4106e-02, 
 2DIAGNOSTIC,     9, -4.063865702576e-01, 1.797693134862e+308, 2.8107e+00, 3.9505e-02, 
 2DIAGNOSTIC,    10, -4.067703757136e-01, 6.505989624607e-04, 2.8467e+00, 3.6052e-02, 
 2DIAGNOSTIC,    11, -4.081530436501e-01, 6.369669884999e-04, 2.8819e+00, 3.5131e-02, 
 2DIAGNOSTIC,    12, -4.097650125969e-01, 6.760092412037e-04, 2.9163e+00, 3.4393e-02, 
 2DIAGNOSTIC,    13, -4.101030456795e-01, 6.855314785927e-04, 2.9557e+00, 3.9392e-02, 
 2DIAGNOSTIC,    14, -4.105114201102e-01, 6.827958878321e-04, 3.0043e+00, 4.8608e-02, 
 2DIAGNOSTIC,    15, -4.113751637221e-01, 6.876554788971e-04, 3.0436e+00, 3.9317e-02, 
 2DIAGNOSTIC,    16, -4.118553567709e-01, 6.784635091351e-04, 3.0788e+00, 3.5216e-02, 
 2DIAGNOSTIC,    17, -4.122443778036e-01, 6.297354569541e-04, 3.1205e+00, 4.1698e-02, 
 2DIAGNOSTIC,    18, -4.125106746010e-01, 5.567774027297e-04, 3.1753e+00, 5.4783e-02, 
 2DIAGNOSTIC,    19, -4.125200178654e-01, 4.513211344573e-04, 3.2182e+00, 4.2890e-02, 
 2DIAGNOSTIC,    20, -4.125222625661e-01, 3.274012492548e-04, 3.2531e+00, 3.4905e-02, 
 2DIAGNOSTIC,    21, -4.125448293778e-01, 2.302010190602e-04, 3.2920e+00, 3.8940e-02, 
 2DIAGNOSTIC,    22, -4.125454339180e-01, 1.715729378795e-04, 3.3303e+00, 3.8283e-02, 
 2DIAGNOSTIC,    23, -4.125398608220e-01, 1.122618736328e-04, 3.3646e+00, 3.4304e-02, 
 2DIAGNOSTIC,    24, -4.125427043232e-01, 5.907856934968e-05, 3.4027e+00, 3.8150e-02, 
 2DIAGNOSTIC,    25, -4.125498077188e-01, 2.883697928237e-05, 3.4372e+00, 3.4471e-02, 
 2DIAGNOSTIC,    26, -4.125515220128e-01, 1.100252880373e-05, 3.4713e+00, 3.4122e-02, 
 2DIAGNOSTIC,    27, -4.125542076750e-01, 3.463918731385e-06, 3.5059e+00, 3.4541e-02, 
 2DIAGNOSTIC,    28, -4.125687484362e-01, 3.224209369289e-06, 3.5450e+00, 3.9090e-02, 
 2DIAGNOSTIC,    29, -4.126488471904e-01, 4.941051795666e-06, 3.5838e+00, 3.8838e-02, 
 2DIAGNOSTIC,    30, -4.126272149559e-01, 5.663543139592e-06, 3.6264e+00, 4.2624e-02, 
 2DIAGNOSTIC,    31, -4.126320813224e-01, 6.556576353657e-06, 3.6614e+00, 3.4936e-02, 
 2DIAGNOSTIC,    32, -4.126631267683e-01, 7.580220393863e-06, 3.6962e+00, 3.4832e-02, 
 2DIAGNOSTIC,    33, -4.127361452217e-01, 9.298858515805e-06, 3.7534e+00, 5.7216e-02, 
 2DIAGNOSTIC,    34, -4.127382446112e-01, 1.016282098702e-05, 3.7922e+00, 3.8772e-02, 
 2DIAGNOSTIC,    35, -4.127279974183e-01, 1.007034676409e-05, 3.8309e+00, 3.8750e-02, 
 2DIAGNOSTIC,    36, -4.127223206535e-01, 9.090080164722e-06, 3.8652e+00, 3.4213e-02, 
 2DIAGNOSTIC,    37, -4.127170663960e-01, 7.324431695717e-06, 3.9081e+00, 4.2980e-02, 
 2DIAGNOSTIC,    38, -4.127187781639e-01, 5.262044929920e-06, 3.9518e+00, 4.3715e-02, 
 2DIAGNOSTIC,    39, -4.127207781731e-01, 4.355741002271e-06, 3.9952e+00, 4.3337e-02, 
 2DIAGNOSTIC,    40, -4.127241531741e-01, 2.867568565944e-06, 4.0335e+00, 3.8353e-02, 
 2DIAGNOSTIC,    41, -4.127231567800e-01, 1.322739974947e-06, 4.0772e+00, 4.3708e-02, 
DIAGNOSTIC,Iteration,metricValue,convergenceValue,ITERATION_TIME_INDEX,SINCE_LAST
 2DIAGNOSTIC,     1, -3.619641134951e-01, 1.797693134862e+308, 5.7145e+00, 1.6373e+00, 
 2DIAGNOSTIC,     2, -3.621133976041e-01, 1.797693134862e+308, 6.0272e+00, 3.1263e-01, 
 2DIAGNOSTIC,     3, -3.623064668688e-01, 1.797693134862e+308, 6.3339e+00, 3.0677e-01, 
 2DIAGNOSTIC,     4, -3.625821305492e-01, 1.797693134862e+308, 6.6493e+00, 3.1538e-01, 
 2DIAGNOSTIC,     5, -3.628523385383e-01, 1.797693134862e+308, 6.9457e+00, 2.9634e-01, 
 2DIAGNOSTIC,     6, -3.630671432798e-01, 1.797693134862e+308, 7.3339e+00, 3.8826e-01, 
 2DIAGNOSTIC,     7, -3.631688835128e-01, 1.797693134862e+308, 7.6715e+00, 3.3759e-01, 
 2DIAGNOSTIC,     8, -3.633067512213e-01, 1.797693134862e+308, 8.0072e+00, 3.3573e-01, 
 2DIAGNOSTIC,     9, -3.634748244276e-01, 1.797693134862e+308, 8.4539e+00, 4.4670e-01, 
 2DIAGNOSTIC,    10, -3.635236805971e-01, 2.977536598829e-04, 8.7864e+00, 3.3244e-01, 
 2DIAGNOSTIC,    11, -3.635370833587e-01, 2.408883565473e-04, 9.1256e+00, 3.3921e-01, 
 2DIAGNOSTIC,    12, -3.635512229149e-01, 1.829798783864e-04, 9.4651e+00, 3.3951e-01, 
 2DIAGNOSTIC,    13, -3.635740930344e-01, 1.304821335757e-04, 9.7700e+00, 3.0496e-01, 
 2DIAGNOSTIC,    14, -3.636162723619e-01, 9.123153090276e-05, 1.0064e+01, 2.9427e-01, 
 2DIAGNOSTIC,    15, -3.638219231410e-01, 7.367566128473e-05, 1.0405e+01, 3.4116e-01, 
 2DIAGNOSTIC,    16, -3.639540529280e-01, 6.853174397135e-05, 1.0855e+01, 4.4992e-01, 
 2DIAGNOSTIC,    17, -3.639603384710e-01, 6.274413020693e-05, 1.1323e+01, 4.6720e-01, 
 2DIAGNOSTIC,    18, -3.639645419688e-01, 5.816053147150e-05, 1.1654e+01, 3.3121e-01, 
 2DIAGNOSTIC,    19, -3.639654383074e-01, 5.577345270597e-05, 1.2008e+01, 3.5407e-01, 
 2DIAGNOSTIC,    20, -3.639662682179e-01, 5.039241145764e-05, 1.2500e+01, 4.9256e-01, 
 2DIAGNOSTIC,    21, -3.639665450686e-01, 4.139883617538e-05, 1.2795e+01, 2.9451e-01, 
 2DIAGNOSTIC,    22, -3.639656447332e-01, 3.006408486501e-05, 1.3126e+01, 3.3152e-01, 
 2DIAGNOSTIC,    23, -3.639666147785e-01, 1.796457371574e-05, 1.3457e+01, 3.3062e-01, 
 2DIAGNOSTIC,    24, -3.639647583258e-01, 6.495591188885e-06, 1.3751e+01, 2.9402e-01, 
 2DIAGNOSTIC,    25, -3.639643863942e-01, 1.768197022786e-06, 1.4083e+01, 3.3153e-01, 
 2DIAGNOSTIC,    26, -3.639645852231e-01, 1.334806085086e-06, 1.4376e+01, 2.9326e-01, 
 2DIAGNOSTIC,    27, -3.639634612193e-01, 1.069056460620e-06, 1.4745e+01, 3.6876e-01, 
DIAGNOSTIC,Iteration,metricValue,convergenceValue,ITERATION_TIME_INDEX,SINCE_LAST
 2DIAGNOSTIC,     1, -3.371314714420e-01, 1.797693134862e+308, 1.7858e+01, 3.1137e+00, 
 2DIAGNOSTIC,     2, -3.373089740487e-01, 1.797693134862e+308, 1.9969e+01, 2.1106e+00, 
 2DIAGNOSTIC,     3, -3.375339056164e-01, 1.797693134862e+308, 2.2139e+01, 2.1703e+00, 
 2DIAGNOSTIC,     4, -3.378889138970e-01, 1.797693134862e+308, 2.4263e+01, 2.1237e+00, 
 2DIAGNOSTIC,     5, -3.379929362983e-01, 1.797693134862e+308, 2.6374e+01, 2.1106e+00, 
 2DIAGNOSTIC,     6, -3.380580862892e-01, 1.797693134862e+308, 2.8969e+01, 2.5956e+00, 
 2DIAGNOSTIC,     7, -3.381327040330e-01, 1.797693134862e+308, 3.1099e+01, 2.1300e+00, 
 2DIAGNOSTIC,     8, -3.382357513889e-01, 1.797693134862e+308, 3.3455e+01, 2.3555e+00, 
 2DIAGNOSTIC,     9, -3.382482053007e-01, 1.797693134862e+308, 3.6833e+01, 3.3786e+00, 
 2DIAGNOSTIC,    10, -3.382475693168e-01, 2.180140693978e-04, 3.9210e+01, 2.3772e+00, 
 2DIAGNOSTIC,    11, -3.382468994159e-01, 1.511762821753e-04, 4.2112e+01, 2.9013e+00, 
 2DIAGNOSTIC,    12, -3.382461202243e-01, 9.442864269474e-05, 4.4718e+01, 2.6063e+00, 
 2DIAGNOSTIC,    13, -3.382461323546e-01, 5.204198695700e-05, 4.7070e+01, 2.3520e+00, 
 2DIAGNOSTIC,    14, -3.382458279952e-01, 3.242027706282e-05, 4.9422e+01, 2.3515e+00, 
 2DIAGNOSTIC,    15, -3.382458901712e-01, 1.853715135477e-05, 5.1788e+01, 2.3662e+00, 
 2DIAGNOSTIC,    16, -3.382459986585e-01, 8.278906469844e-06, 5.4140e+01, 2.3519e+00, 
 2DIAGNOSTIC,    17, -3.382457261609e-01, 2.187418362276e-06, 5.6538e+01, 2.3983e+00, 
 2DIAGNOSTIC,    18, -3.382455159378e-01, 1.530556548078e-06, 5.9123e+01, 2.5850e+00, 
 2DIAGNOSTIC,    19, -3.382453588537e-01, 1.509329447209e-06, 6.1520e+01, 2.3968e+00, 
 2DIAGNOSTIC,    20, -3.382453521495e-01, 1.478923848351e-06, 6.3891e+01, 2.3716e+00, 
 2DIAGNOSTIC,    21, -3.382453356168e-01, 1.434864854183e-06, 6.6271e+01, 2.3799e+00, 
 2DIAGNOSTIC,    22, -3.382454161243e-01, 1.375640083422e-06, 6.8668e+01, 2.3968e+00, 
 2DIAGNOSTIC,    23, -3.382454748200e-01, 1.331301502344e-06, 7.1057e+01, 2.3893e+00, 
 2DIAGNOSTIC,    24, -3.382452097832e-01, 1.275541954233e-06, 7.3405e+01, 2.3473e+00, 
 2DIAGNOSTIC,    25, -3.382451708392e-01, 1.229783681320e-06, 7.5522e+01, 2.1175e+00, 
 2DIAGNOSTIC,    26, -3.382448555501e-01, 1.184972570484e-06, 7.7878e+01, 2.3561e+00, 
 2DIAGNOSTIC,    27, -3.382447032754e-01, 1.134140759064e-06, 8.0206e+01, 2.3279e+00, 
 2DIAGNOSTIC,    28, -3.382444727521e-01, 1.078018719472e-06, 8.2525e+01, 2.3187e+00, 
 2DIAGNOSTIC,    29, -3.382443945067e-01, 1.024625624783e-06, 8.5173e+01, 2.6484e+00, 
  Elapsed time (stage 0): 8.6420e+01


Total elapsed time: 8.6422e+01
VFC_BACKENDS=libinterflop_ieee.so
Info [verificarlo]: loaded backend libinterflop_ieee.so
Info [interflop-ieee]: load backend with:
Info [interflop-ieee]: debug = false
Info [interflop-ieee]: debug-binary = false
Info [interflop-ieee]: no-backend-name = false
Info [interflop-ieee]: print-new-line = false
Info [interflop-ieee]: print-subnormal-normalized = false
Info [interflop-ieee]: count-op = false
All_Command_lines_OK
Using double precision for computations.
=============================================================================
The composite transform comprises the following transforms (in order): 
  1. /project/rrg-glatard/mdugre/datasets/corr/RawDataBIDS/BMB_1/derivatives/vprec-space_search/0001/r7-p7/sub-0003015/rigid_Composite.h5[0] (type = Euler3DTransform)
  2. /project/rrg-glatard/mdugre/datasets/corr/RawDataBIDS/BMB_1/derivatives/vprec-space_search/0001/r7-p7/sub-0003015/rigid_Composite.h5[1] (type = Euler3DTransform)
  3. /project/rrg-glatard/mdugre/datasets/corr/RawDataBIDS/BMB_1/derivatives/vprec-space_search/0001/r7-p7/sub-0003015/rigid_Composite.h5[2] (type = Euler3DTransform)
=============================================================================
  number of levels = 4
  fixed image: /templateflow/tpl-MNI152NLin2009cAsym/tpl-MNI152NLin2009cAsym_res-01_desc-brain_T1w.nii.gz
  moving image: /project/rrg-glatard/mdugre/datasets/corr/RawDataBIDS/BMB_1/derivatives/antsBrainExtraction/sub-0003015/BrainExtractionBrain.nii.gz
Dimension = 3
Number of stages = 1
Use histogram matching = false
Winsorize image intensities = true
  Lower quantile = 0.005
  Upper quantile = 0.995


Stage 1 State
   Image metric = MattesMI
     Fixed image = Image (0x32bc650)
  RTTI typeinfo:   itk::Image<double, 3u>
  Reference Count: 2
  Modified Time: 1594
  Debug: Off
  Object Name: 
  Observers: 
    none
  Source: (none)
  Source output name: (none)
  Release Data: Off
  Data Released: False
  Global Release Data: Off
  PipelineMTime: 0
  UpdateMTime: 1203
  RealTimeStamp: 0 seconds 
  LargestPossibleRegion: 
    Dimension: 3
    Index: [0, 0, 0]
    Size: [193, 229, 193]
  BufferedRegion: 
    Dimension: 3
    Index: [0, 0, 0]
    Size: [193, 229, 193]
  RequestedRegion: 
    Dimension: 3
    Index: [0, 0, 0]
    Size: [193, 229, 193]
  Spacing: [1, 1, 1]
  Origin: [96, 132, -78]
  Direction: 
-1 0 0
0 -1 0
0 0 1

  IndexToPointMatrix: 
-1 0 0
0 -1 0
0 0 1

  PointToIndexMatrix: 
-1 0 0
0 -1 0
0 0 1

  Inverse Direction: 
-1 0 0
0 -1 0
0 0 1

  PixelContainer: 
    ImportImageContainer (0x338aad0)
      RTTI typeinfo:   itk::ImportImageContainer<unsigned long, double>
      Reference Count: 1
      Modified Time: 1200
      Debug: Off
      Object Name: 
      Observers: 
        none
      Pointer: 0x14f7d9088010
      Container manages memory: true
      Size: 8530021
      Capacity: 8530021

     Moving image = Image (0x336c430)
  RTTI typeinfo:   itk::Image<double, 3u>
  Reference Count: 2
  Modified Time: 1595
  Debug: Off
  Object Name: 
  Observers: 
    none
  Source: (none)
  Source output name: (none)
  Release Data: Off
  Data Released: False
  Global Release Data: Off
  PipelineMTime: 0
  UpdateMTime: 1592
  RealTimeStamp: 0 seconds 
  LargestPossibleRegion: 
    Dimension: 3
    Index: [0, 0, 0]
    Size: [176, 256, 256]
  BufferedRegion: 
    Dimension: 3
    Index: [0, 0, 0]
    Size: [176, 256, 256]
  RequestedRegion: 
    Dimension: 3
    Index: [0, 0, 0]
    Size: [176, 256, 256]
  Spacing: [1, 1, 1]
  Origin: [-73.82, 118.966, -125.937]
  Direction: 
1 0 0
0 -1 0
0 0 1

  IndexToPointMatrix: 
1 0 0
0 -1 0
0 0 1

  PointToIndexMatrix: 
1 0 0
0 -1 0
0 0 1

  Inverse Direction: 
1 0 0
0 -1 0
0 0 1

  PixelContainer: 
    ImportImageContainer (0x342ac50)
      RTTI typeinfo:   itk::ImportImageContainer<unsigned long, double>
      Reference Count: 1
      Modified Time: 1589
      Debug: Off
      Object Name: 
      Observers: 
        none
      Pointer: 0x14f7d3887010
      Container manages memory: true
      Size: 11534336
      Capacity: 11534336

     Weighting = 1
     Sampling strategy = regular
     Number of bins = 32
     Radius = 4
     Sampling percentage  = 0.25
   Transform = Affine
     Gradient step = 0.1
     Update field sigma (voxel space) = 0
     Total field sigma (voxel space) = 0
     Update field time sigma = 0
     Total field time sigma  = 0
     Number of time indices = 0
     Number of time point samples = 0
Registration using 1 total stages.

Stage 0
  iterations = 1000x500x250x100
  convergence threshold = 1e-06
  convergence window size = 10
  number of levels = 4
  using the Mattes MI metric (number of bins = 32, weight = 1, use gradient filter = 0)
  preprocessing:  winsorizing the image intensities
  Shrink factors (level 1 out of 4): [8, 8, 8]
  Shrink factors (level 2 out of 4): [4, 4, 4]
  Shrink factors (level 3 out of 4): [2, 2, 2]
  Shrink factors (level 4 out of 4): [1, 1, 1]
  smoothing sigmas per level: [3, 2, 1, 0]
  regular sampling (percentage = 0.25)

*** Running AffineTransform registration ***

DIAGNOSTIC,Iteration,metricValue,convergenceValue,ITERATION_TIME_INDEX,SINCE_LAST
 2DIAGNOSTIC,     1, -5.143390654571e-01, 1.797693134862e+308, 1.1431e+00, 1.1431e+00, 
 2DIAGNOSTIC,     2, -5.160816174788e-01, 1.797693134862e+308, 1.1485e+00, 5.3709e-03, 
 2DIAGNOSTIC,     3, -5.189419155342e-01, 1.797693134862e+308, 1.1539e+00, 5.3620e-03, 
 2DIAGNOSTIC,     4, -5.229112569372e-01, 1.797693134862e+308, 1.1593e+00, 5.4431e-03, 
 2DIAGNOSTIC,     5, -5.294680539768e-01, 1.797693134862e+308, 1.1647e+00, 5.3692e-03, 
 2DIAGNOSTIC,     6, -5.391270854412e-01, 1.797693134862e+308, 1.1702e+00, 5.5809e-03, 
 2DIAGNOSTIC,     7, -5.671700773551e-01, 1.797693134862e+308, 1.1763e+00, 6.0439e-03, 
 2DIAGNOSTIC,     8, -5.977374218577e-01, 1.797693134862e+308, 1.1825e+00, 6.2392e-03, 
 2DIAGNOSTIC,     9, -7.037398962484e-01, 1.797693134862e+308, 1.1892e+00, 6.6261e-03, 
 2DIAGNOSTIC,    10, -7.419908359680e-01, 2.318670564074e-02, 1.1985e+00, 9.3892e-03, 
 2DIAGNOSTIC,    11, -7.458924163802e-01, 2.572948507536e-02, 1.2047e+00, 6.1600e-03, 
 2DIAGNOSTIC,    12, -7.716900120578e-01, 2.653720585895e-02, 1.2113e+00, 6.5999e-03, 
 2DIAGNOSTIC,    13, -7.923029806704e-01, 2.557354661798e-02, 1.2190e+00, 7.7240e-03, 
 2DIAGNOSTIC,    14, -7.952242941577e-01, 2.265849461594e-02, 1.2261e+00, 7.0729e-03, 
 2DIAGNOSTIC,    15, -8.024434883442e-01, 1.858459184284e-02, 1.2330e+00, 6.9041e-03, 
 2DIAGNOSTIC,    16, -8.121166083422e-01, 1.400099711524e-02, 1.2397e+00, 6.7339e-03, 
 2DIAGNOSTIC,    17, -8.196982729945e-01, 9.706265494368e-03, 1.2463e+00, 6.5670e-03, 
 2DIAGNOSTIC,    18, -8.244148386404e-01, 5.864393816534e-03, 1.2521e+00, 5.7790e-03, 
 2DIAGNOSTIC,    19, -8.271578017164e-01, 4.348073108393e-03, 1.2585e+00, 6.4259e-03, 
 2DIAGNOSTIC,    20, -8.289365563355e-01, 3.449799424393e-03, 1.2651e+00, 6.5501e-03, 
 2DIAGNOSTIC,    21, -8.309934909286e-01, 2.439312502299e-03, 1.2715e+00, 6.4790e-03, 
 2DIAGNOSTIC,    22, -8.332642309063e-01, 1.817386482867e-03, 1.2784e+00, 6.8161e-03, 
 2DIAGNOSTIC,    23, -8.333711496664e-01, 1.453171711829e-03, 1.2842e+00, 5.8250e-03, 
 2DIAGNOSTIC,    24, -8.335732399252e-01, 1.041618954193e-03, 1.2906e+00, 6.4280e-03, 
 2DIAGNOSTIC,    25, -8.338768572195e-01, 6.885304258371e-04, 1.2971e+00, 6.5079e-03, 
 2DIAGNOSTIC,    26, -8.341587502630e-01, 4.507437716327e-04, 1.3036e+00, 6.5060e-03, 
 2DIAGNOSTIC,    27, -8.342830058781e-01, 3.010714176441e-04, 1.3102e+00, 6.5579e-03, 
 2DIAGNOSTIC,    28, -8.343755123181e-01, 2.019504094635e-04, 1.3166e+00, 6.4151e-03, 
 2DIAGNOSTIC,    29, -8.344497282057e-01, 1.295083739005e-04, 1.3225e+00, 5.8932e-03, 
 2DIAGNOSTIC,    30, -8.344913339632e-01, 7.340373598196e-05, 1.3289e+00, 6.3930e-03, 
 2DIAGNOSTIC,    31, -8.345522843142e-01, 3.999686452107e-05, 1.3352e+00, 6.3539e-03, 
 2DIAGNOSTIC,    32, -8.345740806863e-01, 3.268133928948e-05, 1.3424e+00, 7.2091e-03, 
 2DIAGNOSTIC,    33, -8.345772930027e-01, 2.416177779403e-05, 1.3488e+00, 6.3379e-03, 
 2DIAGNOSTIC,    34, -8.345797623328e-01, 1.625866386783e-05, 1.3563e+00, 7.5459e-03, 
 2DIAGNOSTIC,    35, -8.345799870031e-01, 1.063777809385e-05, 1.3629e+00, 6.5579e-03, 
 2DIAGNOSTIC,    36, -8.345800470543e-01, 7.379966857547e-06, 1.3695e+00, 6.5889e-03, 
 2DIAGNOSTIC,    37, -8.345800619997e-01, 4.956186320168e-06, 1.3761e+00, 6.6049e-03, 
 2DIAGNOSTIC,    38, -8.345800693882e-01, 3.198236655465e-06, 1.3825e+00, 6.4340e-03, 
 2DIAGNOSTIC,    39, -8.345800773831e-01, 2.033712325322e-06, 1.3884e+00, 5.8589e-03, 
 2DIAGNOSTIC,    40, -8.345801002200e-01, 1.199809291124e-06, 1.3942e+00, 5.8479e-03, 
DIAGNOSTIC,Iteration,metricValue,convergenceValue,ITERATION_TIME_INDEX,SINCE_LAST
 2DIAGNOSTIC,     1, -6.996290089911e-01, 1.797693134862e+308, 2.6017e+00, 1.2075e+00, 
 2DIAGNOSTIC,     2, -7.009348459537e-01, 1.797693134862e+308, 2.6457e+00, 4.3998e-02, 
 2DIAGNOSTIC,     3, -7.021430283788e-01, 1.797693134862e+308, 2.6903e+00, 4.4588e-02, 
 2DIAGNOSTIC,     4, -7.028868883363e-01, 1.797693134862e+308, 2.7354e+00, 4.5100e-02, 
 2DIAGNOSTIC,     5, -7.032344375297e-01, 1.797693134862e+308, 2.7803e+00, 4.4879e-02, 
 2DIAGNOSTIC,     6, -7.038355688936e-01, 1.797693134862e+308, 2.8394e+00, 5.9069e-02, 
 2DIAGNOSTIC,     7, -7.039230970067e-01, 1.797693134862e+308, 2.8851e+00, 4.5766e-02, 
 2DIAGNOSTIC,     8, -7.039698900727e-01, 1.797693134862e+308, 2.9310e+00, 4.5852e-02, 
 2DIAGNOSTIC,     9, -7.040403370132e-01, 1.797693134862e+308, 2.9768e+00, 4.5787e-02, 
 2DIAGNOSTIC,    10, -7.042206690126e-01, 3.739853170896e-04, 3.0225e+00, 4.5731e-02, 
 2DIAGNOSTIC,    11, -7.042938440020e-01, 2.359639893254e-04, 3.0773e+00, 5.4757e-02, 
 2DIAGNOSTIC,    12, -7.043348268208e-01, 1.446918699176e-04, 3.1314e+00, 5.4180e-02, 
 2DIAGNOSTIC,    13, -7.043137112401e-01, 9.137741620061e-05, 3.1762e+00, 4.4755e-02, 
 2DIAGNOSTIC,    14, -7.043218288559e-01, 5.929009883662e-05, 3.2209e+00, 4.4716e-02, 
 2DIAGNOSTIC,    15, -7.043478087872e-01, 3.583743861020e-05, 3.2803e+00, 5.9398e-02, 
 2DIAGNOSTIC,    16, -7.043466161481e-01, 2.728148259581e-05, 3.3251e+00, 4.4778e-02, 
 2DIAGNOSTIC,    17, -7.043504701843e-01, 1.962544312073e-05, 3.3697e+00, 4.4647e-02, 
 2DIAGNOSTIC,    18, -7.043555236569e-01, 1.238563541524e-05, 3.4151e+00, 4.5349e-02, 
 2DIAGNOSTIC,    19, -7.043630216401e-01, 6.499405088324e-06, 3.4648e+00, 4.9736e-02, 
 2DIAGNOSTIC,    20, -7.043706406835e-01, 4.499638494998e-06, 3.5185e+00, 5.3646e-02, 
 2DIAGNOSTIC,    21, -7.043554454066e-01, 3.507275287716e-06, 3.5640e+00, 4.5514e-02, 
 2DIAGNOSTIC,    22, -7.043577829114e-01, 3.245771149379e-06, 3.6137e+00, 4.9727e-02, 
 2DIAGNOSTIC,    23, -7.043829301647e-01, 2.906154996631e-06, 3.7430e+00, 1.2926e-01, 
 2DIAGNOSTIC,    24, -7.043829299633e-01, 2.558364605679e-06, 3.7879e+00, 4.4905e-02, 
 2DIAGNOSTIC,    25, -7.043829310165e-01, 2.548988842978e-06, 3.8329e+00, 4.5046e-02, 
 2DIAGNOSTIC,    26, -7.043829327969e-01, 2.412772843720e-06, 3.8795e+00, 4.6550e-02, 
 2DIAGNOSTIC,    27, -7.043829358063e-01, 2.232308842283e-06, 3.9235e+00, 4.4080e-02, 
 2DIAGNOSTIC,    28, -7.043829408907e-01, 2.026766735018e-06, 3.9677e+00, 4.4169e-02, 
 2DIAGNOSTIC,    29, -7.043829494754e-01, 1.849517963018e-06, 4.0122e+00, 4.4460e-02, 
 2DIAGNOSTIC,    30, -7.043829639549e-01, 1.727517911360e-06, 4.0569e+00, 4.4783e-02, 
 2DIAGNOSTIC,    31, -7.043829883343e-01, 1.355785443836e-06, 4.1016e+00, 4.4689e-02, 
DIAGNOSTIC,Iteration,metricValue,convergenceValue,ITERATION_TIME_INDEX,SINCE_LAST
 2DIAGNOSTIC,     1, -6.065252117823e-01, 1.797693134862e+308, 5.8311e+00, 1.7295e+00, 
 2DIAGNOSTIC,     2, -6.069925878099e-01, 1.797693134862e+308, 6.2045e+00, 3.7335e-01, 
 2DIAGNOSTIC,     3, -6.074564644801e-01, 1.797693134862e+308, 6.5777e+00, 3.7320e-01, 
 2DIAGNOSTIC,     4, -6.079436935544e-01, 1.797693134862e+308, 6.9594e+00, 3.8173e-01, 
 2DIAGNOSTIC,     5, -6.085372315389e-01, 1.797693134862e+308, 7.4190e+00, 4.5963e-01, 
 2DIAGNOSTIC,     6, -6.086028095116e-01, 1.797693134862e+308, 7.7924e+00, 3.7334e-01, 
 2DIAGNOSTIC,     7, -6.086497675232e-01, 1.797693134862e+308, 8.2512e+00, 4.5884e-01, 
 2DIAGNOSTIC,     8, -6.086647463416e-01, 1.797693134862e+308, 8.7079e+00, 4.5665e-01, 
 2DIAGNOSTIC,     9, -6.086692090986e-01, 1.797693134862e+308, 9.2135e+00, 5.0565e-01, 
 2DIAGNOSTIC,    10, -6.086695889289e-01, 2.274332445696e-04, 9.6268e+00, 4.1333e-01, 
 2DIAGNOSTIC,    11, -6.086712028971e-01, 1.437418111706e-04, 9.9958e+00, 3.6899e-01, 
 2DIAGNOSTIC,    12, -6.086709337380e-01, 7.961940154333e-05, 1.0381e+01, 3.8551e-01, 
 2DIAGNOSTIC,    13, -6.086712253950e-01, 3.488382801353e-05, 1.0752e+01, 3.7100e-01, 
 2DIAGNOSTIC,    14, -6.086722748779e-01, 9.374356828226e-06, 1.1133e+01, 3.8050e-01, 
 2DIAGNOSTIC,    15, -6.086738471680e-01, 5.122370405772e-06, 1.1558e+01, 4.2539e-01, 
 2DIAGNOSTIC,    16, -6.086783966529e-01, 3.141367744888e-06, 1.2012e+01, 4.5359e-01, 
 2DIAGNOSTIC,    17, -6.086832235331e-01, 2.697877873881e-06, 1.2434e+01, 4.2172e-01, 
 2DIAGNOSTIC,    18, -6.086827464422e-01, 2.599599119781e-06, 1.2862e+01, 4.2817e-01, 
 2DIAGNOSTIC,    19, -6.086821875113e-01, 2.533702711346e-06, 1.3326e+01, 4.6460e-01, 
 2DIAGNOSTIC,    20, -6.086822253713e-01, 2.404291351690e-06, 1.4466e+01, 1.1397e+00, 
 2DIAGNOSTIC,    21, -6.086822253712e-01, 2.245421143021e-06, 1.5350e+01, 8.8419e-01, 
 2DIAGNOSTIC,    22, -6.086822253712e-01, 2.025531865450e-06, 1.5816e+01, 4.6606e-01, 
 2DIAGNOSTIC,    23, -6.086822253712e-01, 1.777658492332e-06, 1.6249e+01, 4.3254e-01, 
 2DIAGNOSTIC,    24, -6.086822253712e-01, 1.535881063691e-06, 1.6691e+01, 4.4240e-01, 
 2DIAGNOSTIC,    25, -6.086822253712e-01, 1.321652269459e-06, 1.7212e+01, 5.2031e-01, 
 2DIAGNOSTIC,    26, -6.086822253712e-01, 1.198303070396e-06, 1.7643e+01, 4.3182e-01, 
 2DIAGNOSTIC,    27, -6.086822253712e-01, 1.170144950206e-06, 1.8066e+01, 4.2307e-01, 
 2DIAGNOSTIC,    28, -6.086822253712e-01, 1.137111346319e-06, 1.8542e+01, 4.7523e-01, 
 2DIAGNOSTIC,    29, -6.086822253712e-01, 1.097277118507e-06, 1.8961e+01, 4.1938e-01, 
 2DIAGNOSTIC,    30, -6.086822253712e-01, 1.060688864171e-06, 1.9385e+01, 4.2427e-01, 
 2DIAGNOSTIC,    31, -6.086822253712e-01, 1.026461911739e-06, 1.9818e+01, 4.3297e-01, 
DIAGNOSTIC,Iteration,metricValue,convergenceValue,ITERATION_TIME_INDEX,SINCE_LAST
 2DIAGNOSTIC,     1, -5.407893886117e-01, 1.797693134862e+308, 2.3611e+01, 3.7925e+00, 
 2DIAGNOSTIC,     2, -5.410535162837e-01, 1.797693134862e+308, 2.6463e+01, 2.8526e+00, 
 2DIAGNOSTIC,     3, -5.413002610316e-01, 1.797693134862e+308, 2.9189e+01, 2.7256e+00, 
 2DIAGNOSTIC,     4, -5.416507639586e-01, 1.797693134862e+308, 3.2876e+01, 3.6867e+00, 
 2DIAGNOSTIC,     5, -5.418446710513e-01, 1.797693134862e+308, 3.7100e+01, 4.2246e+00, 
 2DIAGNOSTIC,     6, -5.418442415937e-01, 1.797693134862e+308, 3.9853e+01, 2.7529e+00, 
 2DIAGNOSTIC,     7, -5.418455254304e-01, 1.797693134862e+308, 4.2583e+01, 2.7299e+00, 
 2DIAGNOSTIC,     8, -5.418486542217e-01, 1.797693134862e+308, 4.5629e+01, 3.0456e+00, 
 2DIAGNOSTIC,     9, -5.418504177606e-01, 1.797693134862e+308, 4.8485e+01, 2.8563e+00, 
 2DIAGNOSTIC,    10, -5.418517849235e-01, 1.204403040388e-04, 5.1531e+01, 3.0458e+00, 
 2DIAGNOSTIC,    11, -5.418523233795e-01, 7.076961657590e-05, 5.5407e+01, 3.8762e+00, 
 2DIAGNOSTIC,    12, -5.418520038978e-01, 3.484414136083e-05, 5.8387e+01, 2.9795e+00, 
 2DIAGNOSTIC,    13, -5.418519257372e-01, 1.118453737989e-05, 6.2492e+01, 4.1054e+00, 
 2DIAGNOSTIC,    14, -5.418518859585e-01, 3.038058927249e-06, 6.5762e+01, 3.2696e+00, 
 2DIAGNOSTIC,    15, -5.418516990109e-01, 2.685920742512e-06, 6.8778e+01, 3.0164e+00, 
 2DIAGNOSTIC,    16, -5.418517075136e-01, 2.312901987503e-06, 7.1966e+01, 3.1881e+00, 
 2DIAGNOSTIC,    17, -5.418515416623e-01, 1.987032039415e-06, 7.5044e+01, 3.0778e+00, 
 2DIAGNOSTIC,    18, -5.418513382797e-01, 1.771387775878e-06, 7.8135e+01, 3.0907e+00, 
 2DIAGNOSTIC,    19, -5.418513884376e-01, 1.627296533864e-06, 8.0861e+01, 2.7260e+00, 
 2DIAGNOSTIC,    20, -5.418510659789e-01, 1.528795462905e-06, 8.3708e+01, 2.8472e+00, 
 2DIAGNOSTIC,    21, -5.418510735842e-01, 1.459484908664e-06, 8.6438e+01, 2.7300e+00, 
 2DIAGNOSTIC,    22, -5.418513155359e-01, 1.399796212581e-06, 8.9448e+01, 3.0100e+00, 
 2DIAGNOSTIC,    23, -5.418512005578e-01, 1.345027776718e-06, 9.2225e+01, 2.7775e+00, 
 2DIAGNOSTIC,    24, -5.418510559458e-01, 1.294607755206e-06, 9.5314e+01, 3.0885e+00, 
 2DIAGNOSTIC,    25, -5.418510470886e-01, 1.247164389699e-06, 9.8592e+01, 3.2786e+00, 
 2DIAGNOSTIC,    26, -5.418510158845e-01, 1.205308190186e-06, 1.0171e+02, 3.1141e+00, 
 2DIAGNOSTIC,    27, -5.418509476985e-01, 1.163657748098e-06, 1.0446e+02, 2.7519e+00, 
 2DIAGNOSTIC,    28, -5.418509259246e-01, 1.122109542548e-06, 1.0805e+02, 3.5941e+00, 
 2DIAGNOSTIC,    29, -5.418508283415e-01, 1.084186348574e-06, 1.1105e+02, 2.9993e+00, 
 2DIAGNOSTIC,    30, -5.418508529537e-01, 1.044855604801e-06, 1.1385e+02, 2.7978e+00, 
 2DIAGNOSTIC,    31, -5.418506231445e-01, 1.005578896617e-06, 1.1661e+02, 2.7574e+00, 
  Elapsed time (stage 0): 1.1837e+02


Total elapsed time: 1.1838e+02
VFC_BACKENDS=libinterflop_vprec.so --range-binary32=7 --precision-binary32=7 --range-binary64=7 --precision-binary64=7
Info [verificarlo]: loaded backend libinterflop_vprec.so
Info [interflop-vprec]: load backend with: 
Info [interflop-vprec]: precision-binary32 = 7
Info [interflop-vprec]: range-binary32 = 7
Info [interflop-vprec]: precision-binary64 = 7
Info [interflop-vprec]: range-binary64 = 7
Info [interflop-vprec]: mode = ob
Info [interflop-vprec]: error-mode = rel
Info [interflop-vprec]: max-abs-error-exponent = -1022
Info [interflop-vprec]: daz = false
Info [interflop-vprec]: ftz = false
Info [interflop-vprec]: 	instrument = none
Info [interflop-vprec]: 	prec-input-file = (null)
Info [interflop-vprec]: 	prec-output-file = (null)
Info [interflop-vprec]: 	prec-log-file = (null)
All_Command_lines_OK
Using double precision for computations.
=============================================================================
The composite transform comprises the following transforms (in order): 
  1. /project/rrg-glatard/mdugre/datasets/corr/RawDataBIDS/BMB_1/derivatives/vprec-space_search/0001/r7-p7/sub-0003015/affine_Composite.h5[0] (type = Euler3DTransform)
  2. /project/rrg-glatard/mdugre/datasets/corr/RawDataBIDS/BMB_1/derivatives/vprec-space_search/0001/r7-p7/sub-0003015/affine_Composite.h5[1] (type = Euler3DTransform)
  3. /project/rrg-glatard/mdugre/datasets/corr/RawDataBIDS/BMB_1/derivatives/vprec-space_search/0001/r7-p7/sub-0003015/affine_Composite.h5[2] (type = Euler3DTransform)
  4. /project/rrg-glatard/mdugre/datasets/corr/RawDataBIDS/BMB_1/derivatives/vprec-space_search/0001/r7-p7/sub-0003015/affine_Composite.h5[3] (type = AffineTransform)
=============================================================================
  number of levels = 4
  fixed image: /templateflow/tpl-MNI152NLin2009cAsym/tpl-MNI152NLin2009cAsym_res-01_desc-brain_T1w.nii.gz
  moving image: /project/rrg-glatard/mdugre/datasets/corr/RawDataBIDS/BMB_1/derivatives/antsBrainExtraction/sub-0003015/BrainExtractionBrain.nii.gz
Dimension = 3
Number of stages = 1
Use histogram matching = false
Winsorize image intensities = true
  Lower quantile = 0.005
  Upper quantile = 0.995


Stage 1 State
   Image metric = CC
     Fixed image = Image (0x43114c0)
  RTTI typeinfo:   itk::Image<double, 3u>
  Reference Count: 2
  Modified Time: 1606
  Debug: Off
  Object Name: 
  Observers: 
    none
  Source: (none)
  Source output name: (none)
  Release Data: Off
  Data Released: False
  Global Release Data: Off
  PipelineMTime: 0
  UpdateMTime: 1217
  RealTimeStamp: 0 seconds 
  LargestPossibleRegion: 
    Dimension: 3
    Index: [0, 0, 0]
    Size: [193, 229, 193]
  BufferedRegion: 
    Dimension: 3
    Index: [0, 0, 0]
    Size: [193, 229, 193]
  RequestedRegion: 
    Dimension: 3
    Index: [0, 0, 0]
    Size: [193, 229, 193]
  Spacing: [1, 1, 1]
  Origin: [96, 132, -78]
  Direction: 
-1 0 0
0 -1 0
0 0 1

  IndexToPointMatrix: 
-1 0 0
0 -1 0
0 0 1

  PointToIndexMatrix: 
-1 0 0
0 -1 0
0 0 1

  Inverse Direction: 
-1 0 0
0 -1 0
0 0 1

  PixelContainer: 
    ImportImageContainer (0x43de940)
      RTTI typeinfo:   itk::ImportImageContainer<unsigned long, double>
      Reference Count: 1
      Modified Time: 1214
      Debug: Off
      Object Name: 
      Observers: 
        none
      Pointer: 0x14ca859f4010
      Container manages memory: true
      Size: 8530021
      Capacity: 8530021

     Moving image = Image (0x43e76c0)
  RTTI typeinfo:   itk::Image<double, 3u>
  Reference Count: 2
  Modified Time: 1607
  Debug: Off
  Object Name: 
  Observers: 
    none
  Source: (none)
  Source output name: (none)
  Release Data: Off
  Data Released: False
  Global Release Data: Off
  PipelineMTime: 0
  UpdateMTime: 1604
  RealTimeStamp: 0 seconds 
  LargestPossibleRegion: 
    Dimension: 3
    Index: [0, 0, 0]
    Size: [176, 256, 256]
  BufferedRegion: 
    Dimension: 3
    Index: [0, 0, 0]
    Size: [176, 256, 256]
  RequestedRegion: 
    Dimension: 3
    Index: [0, 0, 0]
    Size: [176, 256, 256]
  Spacing: [1, 1, 1]
  Origin: [-74, 119, -126]
  Direction: 
1 0 0
0 -1 0
0 0 1

  IndexToPointMatrix: 
1 0 0
0 -1 0
0 0 1

  PointToIndexMatrix: 
1 0 0
0 -1 0
0 0 1

  Inverse Direction: 
1 0 0
0 -1 0
0 0 1

  PixelContainer: 
    ImportImageContainer (0x44c8410)
      RTTI typeinfo:   itk::ImportImageContainer<unsigned long, double>
      Reference Count: 1
      Modified Time: 1601
      Debug: Off
      Object Name: 
      Observers: 
        none
      Pointer: 0x14ca801f3010
      Container manages memory: true
      Size: 11534336
      Capacity: 11534336

     Weighting = 1
     Sampling strategy = none
     Number of bins = 32
     Radius = 4
     Sampling percentage  = 1
   Transform = SyN
     Gradient step = 0.1
     Update field sigma (voxel space) = 3
     Total field sigma (voxel space) = 0
     Update field time sigma = 0
     Total field time sigma  = 0
     Number of time indices = 0
     Number of time point samples = 0
Registration using 1 total stages.

Stage 0
  iterations = 100x70x50x20
  convergence threshold = 1e-06
  convergence window size = 10
  number of levels = 4
  using the CC metric (radius = 4, weight = 1, use gradient filter = 0)
  preprocessing:  winsorizing the image intensities
  Shrink factors (level 1 out of 4): [8, 8, 8]
  Shrink factors (level 2 out of 4): [4, 4, 4]
  Shrink factors (level 3 out of 4): [2, 2, 2]
  Shrink factors (level 4 out of 4): [1, 1, 1]
  smoothing sigmas per level: [3, 2, 1, 0]
  Using default NONE metricSamplingStrategy 

*** Running SyN registration (varianceForUpdateField = 3, varianceForTotalField = 0) ***

XXDIAGNOSTIC,Iteration,metricValue,convergenceValue,ITERATION_TIME_INDEX,SINCE_LAST
 1DIAGNOSTIC,     1, -9.218750000000e-01, 1.797693134862e+308, 0.0000e+00, 0.0000e+00, 
 1DIAGNOSTIC,     2, -9.296875000000e-01, 1.797693134862e+308, 0.0000e+00, 0.0000e+00, 
 1DIAGNOSTIC,     3, -9.335937500000e-01, 1.797693134862e+308, 0.0000e+00, 0.0000e+00, 
 1DIAGNOSTIC,     4, -9.375000000000e-01, 1.797693134862e+308, 0.0000e+00, 0.0000e+00, 
 1DIAGNOSTIC,     5, -9.375000000000e-01, 1.797693134862e+308, 0.0000e+00, 0.0000e+00, 
 1DIAGNOSTIC,     6, -9.414062500000e-01, 1.797693134862e+308, 0.0000e+00, 0.0000e+00, 
 1DIAGNOSTIC,     7, -9.453125000000e-01, 1.797693134862e+308, 0.0000e+00, 0.0000e+00, 
 1DIAGNOSTIC,     8, -9.492187500000e-01, 1.797693134862e+308, 0.0000e+00, 0.0000e+00, 
 1DIAGNOSTIC,     9, -9.492187500000e-01, 1.797693134862e+308, 0.0000e+00, 0.0000e+00, 
 1DIAGNOSTIC,    10, -9.492187500000e-01, 1.803342677718e-03, 0.0000e+00, 0.0000e+00, 
 1DIAGNOSTIC,    11, -9.492187500000e-01, 1.304587604402e-03, 0.0000e+00, 0.0000e+00, 
 1DIAGNOSTIC,    12, -9.492187500000e-01, 9.649184101723e-04, 0.0000e+00, 0.0000e+00, 
 1DIAGNOSTIC,    13, -9.492187500000e-01, 6.789118301852e-04, 0.0000e+00, 0.0000e+00, 
 1DIAGNOSTIC,    14, -9.492187500000e-01, 4.582351246774e-04, 0.0000e+00, 0.0000e+00, 
 1DIAGNOSTIC,    15, -9.492187500000e-01, 2.254391172444e-04, 0.0000e+00, 0.0000e+00, 
 1DIAGNOSTIC,    16, -9.492187500000e-01, 7.347566329681e-05, 0.0000e+00, 0.0000e+00, 
 1DIAGNOSTIC,    17, -9.531250000000e-01, 6.911041814349e-05, 0.0000e+00, 0.0000e+00, 
 1DIAGNOSTIC,    18, -9.492187500000e-01, 5.710727118504e-05, 0.0000e+00, 0.0000e+00, 
 1DIAGNOSTIC,    19, -9.492187500000e-01, 4.335233930605e-05, 0.0000e+00, 0.0000e+00, 
 1DIAGNOSTIC,    20, -9.531250000000e-01, 8.611788771015e-05, 0.0000e+00, 0.0000e+00, 
 1DIAGNOSTIC,    21, -9.492187500000e-01, 5.799538587344e-05, 0.0000e+00, 0.0000e+00, 
 1DIAGNOSTIC,    22, -9.531250000000e-01, 8.203490819592e-05, 0.0000e+00, 0.0000e+00, 
 1DIAGNOSTIC,    23, -9.492187500000e-01, 4.462306981406e-05, 0.0000e+00, 0.0000e+00, 
 1DIAGNOSTIC,    24, -9.492187500000e-01, 7.951795269003e-06, 0.0000e+00, 0.0000e+00, 
 1DIAGNOSTIC,    25, -9.492187500000e-01, -2.674720383889e-05, 0.0000e+00, 0.0000e+00, 
XXDIAGNOSTIC,Iteration,metricValue,convergenceValue,ITERATION_TIME_INDEX,SINCE_LAST
 1DIAGNOSTIC,     1, -8.710937500000e-01, 1.797693134862e+308, 0.0000e+00, 0.0000e+00, 
 1DIAGNOSTIC,     2, -8.710937500000e-01, 1.797693134862e+308, 0.0000e+00, 0.0000e+00, 
 1DIAGNOSTIC,     3, -8.710937500000e-01, 1.797693134862e+308, 0.0000e+00, 0.0000e+00, 
 1DIAGNOSTIC,     4, -8.750000000000e-01, 1.797693134862e+308, 0.0000e+00, 0.0000e+00, 
 1DIAGNOSTIC,     5, -8.750000000000e-01, 1.797693134862e+308, 0.0000e+00, 0.0000e+00, 
 1DIAGNOSTIC,     6, -8.789062500000e-01, 1.797693134862e+308, 0.0000e+00, 0.0000e+00, 
 1DIAGNOSTIC,     7, -8.789062500000e-01, 1.797693134862e+308, 0.0000e+00, 0.0000e+00, 
 1DIAGNOSTIC,     8, -8.789062500000e-01, 1.797693134862e+308, 0.0000e+00, 0.0000e+00, 
 1DIAGNOSTIC,     9, -8.789062500000e-01, 1.797693134862e+308, 0.0000e+00, 0.0000e+00, 
 1DIAGNOSTIC,    10, -8.828125000000e-01, 8.584453752400e-04, 0.0000e+00, 0.0000e+00, 
 1DIAGNOSTIC,    11, -8.828125000000e-01, 7.811228761860e-04, 0.0000e+00, 0.0000e+00, 
 1DIAGNOSTIC,    12, -8.828125000000e-01, 6.480806347096e-04, 0.0000e+00, 0.0000e+00, 
 1DIAGNOSTIC,    13, -8.828125000000e-01, 4.780346676461e-04, 0.0000e+00, 0.0000e+00, 
 1DIAGNOSTIC,    14, -8.828125000000e-01, 3.794479075476e-04, 0.0000e+00, 0.0000e+00, 
 1DIAGNOSTIC,    15, -8.828125000000e-01, 2.561773338527e-04, 0.0000e+00, 0.0000e+00, 
 1DIAGNOSTIC,    16, -8.828125000000e-01, 2.032148962341e-04, 0.0000e+00, 0.0000e+00, 
 1DIAGNOSTIC,    17, -8.828125000000e-01, 1.391511417110e-04, 0.0000e+00, 0.0000e+00, 
 1DIAGNOSTIC,    18, -8.828125000000e-01, 7.006578309565e-05, 0.0000e+00, 0.0000e+00, 
 1DIAGNOSTIC,    19, -8.828125000000e-01, -1.505739977148e-14, 0.0000e+00, 0.0000e+00, 
XXDIAGNOSTIC,Iteration,metricValue,convergenceValue,ITERATION_TIME_INDEX,SINCE_LAST
 1DIAGNOSTIC,     1, -8.359375000000e-01, 1.797693134862e+308, 0.0000e+00, 0.0000e+00, 
 1DIAGNOSTIC,     2, -8.359375000000e-01, 1.797693134862e+308, 0.0000e+00, 0.0000e+00, 
 1DIAGNOSTIC,     3, -8.359375000000e-01, 1.797693134862e+308, 0.0000e+00, 0.0000e+00, 
 1DIAGNOSTIC,     4, -8.398437500000e-01, 1.797693134862e+308, 0.0000e+00, 0.0000e+00, 
 1DIAGNOSTIC,     5, -8.398437500000e-01, 1.797693134862e+308, 0.0000e+00, 0.0000e+00, 
 1DIAGNOSTIC,     6, -8.398437500000e-01, 1.797693134862e+308, 0.0000e+00, 0.0000e+00, 
 1DIAGNOSTIC,     7, -8.398437500000e-01, 1.797693134862e+308, 0.0000e+00, 0.0000e+00, 
 1DIAGNOSTIC,     8, -8.398437500000e-01, 1.797693134862e+308, 0.0000e+00, 0.0000e+00, 
 1DIAGNOSTIC,     9, -8.398437500000e-01, 1.797693134862e+308, 0.0000e+00, 0.0000e+00, 
 1DIAGNOSTIC,    10, -8.398437500000e-01, 3.406476066836e-04, 0.0000e+00, 0.0000e+00, 
 1DIAGNOSTIC,    11, -8.398437500000e-01, 2.253400156849e-04, 0.0000e+00, 0.0000e+00, 
 1DIAGNOSTIC,    12, -8.437500000000e-01, 2.201989816556e-04, 0.0000e+00, 0.0000e+00, 
 1DIAGNOSTIC,    13, -8.437500000000e-01, 1.904986102532e-04, 0.0000e+00, 0.0000e+00, 
 1DIAGNOSTIC,    14, -8.437500000000e-01, 2.429802031726e-04, 0.0000e+00, 0.0000e+00, 
 1DIAGNOSTIC,    15, -8.437500000000e-01, 2.678506345592e-04, 0.0000e+00, 0.0000e+00, 
 1DIAGNOSTIC,    16, -8.437500000000e-01, 2.644642875277e-04, 0.0000e+00, 0.0000e+00, 
 1DIAGNOSTIC,    17, -8.437500000000e-01, 2.362181922056e-04, 0.0000e+00, 0.0000e+00, 
 1DIAGNOSTIC,    18, -8.437500000000e-01, 1.887894712311e-04, 0.0000e+00, 0.0000e+00, 
 1DIAGNOSTIC,    19, -8.437500000000e-01, 1.301352364419e-04, 0.0000e+00, 0.0000e+00, 
 1DIAGNOSTIC,    20, -8.437500000000e-01, 6.591650889999e-05, 0.0000e+00, 0.0000e+00, 
 1DIAGNOSTIC,    21, -8.437500000000e-01, -1.362104873337e-14, 0.0000e+00, 0.0000e+00, 
XXDIAGNOSTIC,Iteration,metricValue,convergenceValue,ITERATION_TIME_INDEX,SINCE_LAST
 1DIAGNOSTIC,     1, -8.125000000000e-01, 1.797693134862e+308, 0.0000e+00, 0.0000e+00, 
 1DIAGNOSTIC,     2, -8.125000000000e-01, 1.797693134862e+308, 0.0000e+00, 0.0000e+00, 
 1DIAGNOSTIC,     3, -8.125000000000e-01, 1.797693134862e+308, 0.0000e+00, 0.0000e+00, 
 1DIAGNOSTIC,     4, -8.125000000000e-01, 1.797693134862e+308, 0.0000e+00, 0.0000e+00, 
 1DIAGNOSTIC,     5, -8.125000000000e-01, 1.797693134862e+308, 0.0000e+00, 0.0000e+00, 
 1DIAGNOSTIC,     6, -8.125000000000e-01, 1.797693134862e+308, 0.0000e+00, 0.0000e+00, 
 1DIAGNOSTIC,     7, -8.125000000000e-01, 1.797693134862e+308, 0.0000e+00, 0.0000e+00, 
 1DIAGNOSTIC,     8, -8.125000000000e-01, 1.797693134862e+308, 0.0000e+00, 0.0000e+00, 
 1DIAGNOSTIC,     9, -8.125000000000e-01, 1.797693134862e+308, 0.0000e+00, 0.0000e+00, 
 1DIAGNOSTIC,    10, -8.125000000000e-01, -2.850497615725e-14, 0.0000e+00, 0.0000e+00, 
  Elapsed time (stage 0): 0


Total elapsed time: 0
