
##########################
# Experiment information #
##########################
SIF_IMG: /project/rrg-glatard/mdugre/containers/ants-p2-vprec.sif
EXPERIMENT_NAME: vprec-space_search
CONFIG: 0001
VFC_BACKENDS: libinterflop_vprec.so --range-binary32=8 --precision-binary32=13 --range-binary64=8 --precision-binary64=13

FIXED_IMG: /templateflow/tpl-MNI152NLin2009cAsym/tpl-MNI152NLin2009cAsym_res-01_desc-brain_T1w.nii.gz
SUBJECT_ID: 0003039
INPUT_IMG: /project/rrg-glatard/mdugre/datasets/corr/RawDataBIDS/BMB_1/derivatives/antsBrainExtraction/sub-0003039/BrainExtractionBrain.nii.gz
OUTPUT_DIR: /project/rrg-glatard/mdugre/datasets/corr/RawDataBIDS/BMB_1/derivatives/vprec-space_search/0001/r8-p13/sub-0003039

ITK_GLOBAL_DEFAULT_NUMBER_OF_THREADS: 8
##########################

VFC_BACKENDS=libinterflop_ieee.so
Info [verificarlo]: loaded backend libinterflop_ieee.so
Info [interflop-ieee]: load backend with:
Info [interflop-ieee]: debug = false
Info [interflop-ieee]: debug-binary = false
Info [interflop-ieee]: no-backend-name = false
Info [interflop-ieee]: print-new-line = false
Info [interflop-ieee]: print-subnormal-normalized = false
Info [interflop-ieee]: count-op = false
All_Command_lines_OK
Using double precision for computations.
=============================================================================
The composite transform comprises the following transforms (in order): 
  1. Center of mass alignment using fixed image: /templateflow/tpl-MNI152NLin2009cAsym/tpl-MNI152NLin2009cAsym_res-01_desc-brain_T1w.nii.gz and moving image: /project/rrg-glatard/mdugre/datasets/corr/RawDataBIDS/BMB_1/derivatives/antsBrainExtraction/sub-0003039/BrainExtractionBrain.nii.gz (type = Euler3DTransform)
=============================================================================
  number of levels = 1
  fixed image: /templateflow/tpl-MNI152NLin2009cAsym/tpl-MNI152NLin2009cAsym_res-01_desc-brain_T1w.nii.gz
  moving image: /project/rrg-glatard/mdugre/datasets/corr/RawDataBIDS/BMB_1/derivatives/antsBrainExtraction/sub-0003039/BrainExtractionBrain.nii.gz
Dimension = 3
Number of stages = 1
Use histogram matching = false
Winsorize image intensities = true
  Lower quantile = 0.005
  Upper quantile = 0.995


Stage 1 State
   Image metric = MattesMI
     Fixed image = Image (0x5212390)
  RTTI typeinfo:   itk::Image<double, 3u>
  Reference Count: 2
  Modified Time: 2330
  Debug: Off
  Object Name: 
  Observers: 
    none
  Source: (none)
  Source output name: (none)
  Release Data: Off
  Data Released: False
  Global Release Data: Off
  PipelineMTime: 0
  UpdateMTime: 1941
  RealTimeStamp: 0 seconds 
  LargestPossibleRegion: 
    Dimension: 3
    Index: [0, 0, 0]
    Size: [193, 229, 193]
  BufferedRegion: 
    Dimension: 3
    Index: [0, 0, 0]
    Size: [193, 229, 193]
  RequestedRegion: 
    Dimension: 3
    Index: [0, 0, 0]
    Size: [193, 229, 193]
  Spacing: [1, 1, 1]
  Origin: [96, 132, -78]
  Direction: 
-1 0 0
0 -1 0
0 0 1

  IndexToPointMatrix: 
-1 0 0
0 -1 0
0 0 1

  PointToIndexMatrix: 
-1 0 0
0 -1 0
0 0 1

  Inverse Direction: 
-1 0 0
0 -1 0
0 0 1

  PixelContainer: 
    ImportImageContainer (0x52dda90)
      RTTI typeinfo:   itk::ImportImageContainer<unsigned long, double>
      Reference Count: 1
      Modified Time: 1938
      Debug: Off
      Object Name: 
      Observers: 
        none
      Pointer: 0x14ea9b2eb010
      Container manages memory: true
      Size: 8530021
      Capacity: 8530021

     Moving image = Image (0x5217390)
  RTTI typeinfo:   itk::Image<double, 3u>
  Reference Count: 2
  Modified Time: 2331
  Debug: Off
  Object Name: 
  Observers: 
    none
  Source: (none)
  Source output name: (none)
  Release Data: Off
  Data Released: False
  Global Release Data: Off
  PipelineMTime: 0
  UpdateMTime: 2328
  RealTimeStamp: 0 seconds 
  LargestPossibleRegion: 
    Dimension: 3
    Index: [0, 0, 0]
    Size: [176, 256, 256]
  BufferedRegion: 
    Dimension: 3
    Index: [0, 0, 0]
    Size: [176, 256, 256]
  RequestedRegion: 
    Dimension: 3
    Index: [0, 0, 0]
    Size: [176, 256, 256]
  Spacing: [1, 1, 1]
  Origin: [-81.2288, 98.0845, -123.386]
  Direction: 
1 0 0
0 -1 0
0 0 1

  IndexToPointMatrix: 
1 0 0
0 -1 0
0 0 1

  PointToIndexMatrix: 
1 0 0
0 -1 0
0 0 1

  Inverse Direction: 
1 0 0
0 -1 0
0 0 1

  PixelContainer: 
    ImportImageContainer (0x53bdb90)
      RTTI typeinfo:   itk::ImportImageContainer<unsigned long, double>
      Reference Count: 1
      Modified Time: 2325
      Debug: Off
      Object Name: 
      Observers: 
        none
      Pointer: 0x14ea95aea010
      Container manages memory: true
      Size: 11534336
      Capacity: 11534336

     Weighting = 1
     Sampling strategy = regular
     Number of bins = 32
     Radius = 4
     Sampling percentage  = 0.25
   Transform = Rigid
     Gradient step = 0.1
     Update field sigma (voxel space) = 0
     Total field sigma (voxel space) = 0
     Update field time sigma = 0
     Total field time sigma  = 0
     Number of time indices = 0
     Number of time point samples = 0
Registration using 1 total stages.

Stage 0
  iterations = 0
  convergence threshold = 1e-06
  convergence window size = 10
  number of levels = 1
  using the Mattes MI metric (number of bins = 32, weight = 1, use gradient filter = 0)
  preprocessing:  winsorizing the image intensities
  Shrink factors (level 1 out of 1): [1, 1, 1]
  smoothing sigmas per level: [0]
  regular sampling (percentage = 0.25)

*** Running Euler3DTransform registration ***

  Elapsed time (stage 0): 0.951071


Total elapsed time: 0.952515
VFC_BACKENDS=libinterflop_ieee.so
Info [verificarlo]: loaded backend libinterflop_ieee.so
Info [interflop-ieee]: load backend with:
Info [interflop-ieee]: debug = false
Info [interflop-ieee]: debug-binary = false
Info [interflop-ieee]: no-backend-name = false
Info [interflop-ieee]: print-new-line = false
Info [interflop-ieee]: print-subnormal-normalized = false
Info [interflop-ieee]: count-op = false
All_Command_lines_OK
Using double precision for computations.
=============================================================================
The composite transform comprises the following transforms (in order): 
  1. /project/rrg-glatard/mdugre/datasets/corr/RawDataBIDS/BMB_1/derivatives/vprec-space_search/0001/r8-p13/sub-0003039/align_Composite.h5[0] (type = Euler3DTransform)
  2. /project/rrg-glatard/mdugre/datasets/corr/RawDataBIDS/BMB_1/derivatives/vprec-space_search/0001/r8-p13/sub-0003039/align_Composite.h5[1] (type = Euler3DTransform)
=============================================================================
  number of levels = 4
  fixed image: /templateflow/tpl-MNI152NLin2009cAsym/tpl-MNI152NLin2009cAsym_res-01_desc-brain_T1w.nii.gz
  moving image: /project/rrg-glatard/mdugre/datasets/corr/RawDataBIDS/BMB_1/derivatives/antsBrainExtraction/sub-0003039/BrainExtractionBrain.nii.gz
Dimension = 3
Number of stages = 1
Use histogram matching = false
Winsorize image intensities = true
  Lower quantile = 0.005
  Upper quantile = 0.995


Stage 1 State
   Image metric = MattesMI
     Fixed image = Image (0x3838650)
  RTTI typeinfo:   itk::Image<double, 3u>
  Reference Count: 2
  Modified Time: 1578
  Debug: Off
  Object Name: 
  Observers: 
    none
  Source: (none)
  Source output name: (none)
  Release Data: Off
  Data Released: False
  Global Release Data: Off
  PipelineMTime: 0
  UpdateMTime: 1189
  RealTimeStamp: 0 seconds 
  LargestPossibleRegion: 
    Dimension: 3
    Index: [0, 0, 0]
    Size: [193, 229, 193]
  BufferedRegion: 
    Dimension: 3
    Index: [0, 0, 0]
    Size: [193, 229, 193]
  RequestedRegion: 
    Dimension: 3
    Index: [0, 0, 0]
    Size: [193, 229, 193]
  Spacing: [1, 1, 1]
  Origin: [96, 132, -78]
  Direction: 
-1 0 0
0 -1 0
0 0 1

  IndexToPointMatrix: 
-1 0 0
0 -1 0
0 0 1

  PointToIndexMatrix: 
-1 0 0
0 -1 0
0 0 1

  Inverse Direction: 
-1 0 0
0 -1 0
0 0 1

  PixelContainer: 
    ImportImageContainer (0x38f6420)
      RTTI typeinfo:   itk::ImportImageContainer<unsigned long, double>
      Reference Count: 1
      Modified Time: 1186
      Debug: Off
      Object Name: 
      Observers: 
        none
      Pointer: 0x1513da7c2010
      Container manages memory: true
      Size: 8530021
      Capacity: 8530021

     Moving image = Image (0x38f3520)
  RTTI typeinfo:   itk::Image<double, 3u>
  Reference Count: 2
  Modified Time: 1579
  Debug: Off
  Object Name: 
  Observers: 
    none
  Source: (none)
  Source output name: (none)
  Release Data: Off
  Data Released: False
  Global Release Data: Off
  PipelineMTime: 0
  UpdateMTime: 1576
  RealTimeStamp: 0 seconds 
  LargestPossibleRegion: 
    Dimension: 3
    Index: [0, 0, 0]
    Size: [176, 256, 256]
  BufferedRegion: 
    Dimension: 3
    Index: [0, 0, 0]
    Size: [176, 256, 256]
  RequestedRegion: 
    Dimension: 3
    Index: [0, 0, 0]
    Size: [176, 256, 256]
  Spacing: [1, 1, 1]
  Origin: [-81.2288, 98.0845, -123.386]
  Direction: 
1 0 0
0 -1 0
0 0 1

  IndexToPointMatrix: 
1 0 0
0 -1 0
0 0 1

  PointToIndexMatrix: 
1 0 0
0 -1 0
0 0 1

  Inverse Direction: 
1 0 0
0 -1 0
0 0 1

  PixelContainer: 
    ImportImageContainer (0x3920f10)
      RTTI typeinfo:   itk::ImportImageContainer<unsigned long, double>
      Reference Count: 1
      Modified Time: 1573
      Debug: Off
      Object Name: 
      Observers: 
        none
      Pointer: 0x1513d4fc1010
      Container manages memory: true
      Size: 11534336
      Capacity: 11534336

     Weighting = 1
     Sampling strategy = regular
     Number of bins = 32
     Radius = 4
     Sampling percentage  = 0.25
   Transform = Rigid
     Gradient step = 0.1
     Update field sigma (voxel space) = 0
     Total field sigma (voxel space) = 0
     Update field time sigma = 0
     Total field time sigma  = 0
     Number of time indices = 0
     Number of time point samples = 0
Registration using 1 total stages.

Stage 0
  iterations = 1000x500x250x100
  convergence threshold = 1e-06
  convergence window size = 10
  number of levels = 4
  using the Mattes MI metric (number of bins = 32, weight = 1, use gradient filter = 0)
  preprocessing:  winsorizing the image intensities
  Shrink factors (level 1 out of 4): [8, 8, 8]
  Shrink factors (level 2 out of 4): [4, 4, 4]
  Shrink factors (level 3 out of 4): [2, 2, 2]
  Shrink factors (level 4 out of 4): [1, 1, 1]
  smoothing sigmas per level: [3, 2, 1, 0]
  regular sampling (percentage = 0.25)

*** Running Euler3DTransform registration ***

DIAGNOSTIC,Iteration,metricValue,convergenceValue,ITERATION_TIME_INDEX,SINCE_LAST
 2DIAGNOSTIC,     1, -6.080223679647e-01, 1.797693134862e+308, 1.1857e+00, 1.1857e+00, 
 2DIAGNOSTIC,     2, -6.099053008615e-01, 1.797693134862e+308, 1.1907e+00, 4.9510e-03, 
 2DIAGNOSTIC,     3, -6.121150142253e-01, 1.797693134862e+308, 1.1953e+00, 4.6670e-03, 
 2DIAGNOSTIC,     4, -6.138678828979e-01, 1.797693134862e+308, 1.1997e+00, 4.4091e-03, 
 2DIAGNOSTIC,     5, -6.149136506629e-01, 1.797693134862e+308, 1.2048e+00, 5.0879e-03, 
 2DIAGNOSTIC,     6, -6.168510050279e-01, 1.797693134862e+308, 1.2119e+00, 7.1149e-03, 
 2DIAGNOSTIC,     7, -6.170116212751e-01, 1.797693134862e+308, 1.2174e+00, 5.4519e-03, 
 2DIAGNOSTIC,     8, -6.169668526815e-01, 1.797693134862e+308, 1.2227e+00, 5.2760e-03, 
 2DIAGNOSTIC,     9, -6.169137795388e-01, 1.797693134862e+308, 1.2276e+00, 4.8969e-03, 
 2DIAGNOSTIC,    10, -6.168756912590e-01, 9.363095434983e-04, 1.2331e+00, 5.5442e-03, 
 2DIAGNOSTIC,    11, -6.167511250230e-01, 5.968756135447e-04, 1.2376e+00, 4.4670e-03, 
 2DIAGNOSTIC,    12, -6.167572078804e-01, 3.324714571455e-04, 1.2420e+00, 4.3809e-03, 
 2DIAGNOSTIC,    13, -6.167779292343e-01, 1.581125077997e-04, 1.2463e+00, 4.3330e-03, 
 2DIAGNOSTIC,    14, -6.168659973168e-01, 5.518452323626e-05, 1.2513e+00, 4.9770e-03, 
DIAGNOSTIC,Iteration,metricValue,convergenceValue,ITERATION_TIME_INDEX,SINCE_LAST
 2DIAGNOSTIC,     1, -5.013611345271e-01, 1.797693134862e+308, 2.5078e+00, 1.2565e+00, 
 2DIAGNOSTIC,     2, -5.018473215508e-01, 1.797693134862e+308, 2.5436e+00, 3.5807e-02, 
 2DIAGNOSTIC,     3, -5.026138733536e-01, 1.797693134862e+308, 2.5786e+00, 3.5006e-02, 
 2DIAGNOSTIC,     4, -5.036704575308e-01, 1.797693134862e+308, 2.6151e+00, 3.6502e-02, 
 2DIAGNOSTIC,     5, -5.045367409919e-01, 1.797693134862e+308, 2.6516e+00, 3.6512e-02, 
 2DIAGNOSTIC,     6, -5.055067641666e-01, 1.797693134862e+308, 2.6879e+00, 3.6278e-02, 
 2DIAGNOSTIC,     7, -5.070628520613e-01, 1.797693134862e+308, 2.7243e+00, 3.6467e-02, 
 2DIAGNOSTIC,     8, -5.094300780556e-01, 1.797693134862e+308, 2.7697e+00, 4.5372e-02, 
 2DIAGNOSTIC,     9, -5.097905826836e-01, 1.797693134862e+308, 2.8101e+00, 4.0415e-02, 
 2DIAGNOSTIC,    10, -5.100508165824e-01, 1.248819863590e-03, 2.8463e+00, 3.6211e-02, 
 2DIAGNOSTIC,    11, -5.102471251521e-01, 1.112713388229e-03, 2.8819e+00, 3.5618e-02, 
 2DIAGNOSTIC,    12, -5.108080855727e-01, 9.474875052984e-04, 2.9221e+00, 4.0191e-02, 
 2DIAGNOSTIC,    13, -5.120160686075e-01, 8.050549435994e-04, 2.9661e+00, 4.3988e-02, 
 2DIAGNOSTIC,    14, -5.130028222577e-01, 6.908699296780e-04, 3.0192e+00, 5.3071e-02, 
 2DIAGNOSTIC,    15, -5.129919358231e-01, 5.618725452561e-04, 3.0593e+00, 4.0141e-02, 
 2DIAGNOSTIC,    16, -5.130792039613e-01, 4.353635126462e-04, 3.1028e+00, 4.3444e-02, 
 2DIAGNOSTIC,    17, -5.130204894631e-01, 3.312646586481e-04, 3.1458e+00, 4.3050e-02, 
 2DIAGNOSTIC,    18, -5.130290691971e-01, 2.813256036605e-04, 3.1904e+00, 4.4597e-02, 
 2DIAGNOSTIC,    19, -5.130236822807e-01, 2.207465239805e-04, 3.2305e+00, 4.0120e-02, 
 2DIAGNOSTIC,    20, -5.130167622196e-01, 1.534524774719e-04, 3.2659e+00, 3.5373e-02, 
 2DIAGNOSTIC,    21, -5.130109681451e-01, 8.390101277758e-05, 3.3040e+00, 3.8098e-02, 
 2DIAGNOSTIC,    22, -5.130039724615e-01, 2.651308770461e-05, 3.3396e+00, 3.5574e-02, 
DIAGNOSTIC,Iteration,metricValue,convergenceValue,ITERATION_TIME_INDEX,SINCE_LAST
 2DIAGNOSTIC,     1, -4.514208377473e-01, 1.797693134862e+308, 4.9755e+00, 1.6359e+00, 
 2DIAGNOSTIC,     2, -4.515779272289e-01, 1.797693134862e+308, 5.2860e+00, 3.1050e-01, 
 2DIAGNOSTIC,     3, -4.517617115038e-01, 1.797693134862e+308, 5.5983e+00, 3.1235e-01, 
 2DIAGNOSTIC,     4, -4.519732684761e-01, 1.797693134862e+308, 5.9169e+00, 3.1856e-01, 
 2DIAGNOSTIC,     5, -4.521931091615e-01, 1.797693134862e+308, 6.2310e+00, 3.1405e-01, 
 2DIAGNOSTIC,     6, -4.528769137908e-01, 1.797693134862e+308, 6.9135e+00, 6.8259e-01, 
 2DIAGNOSTIC,     7, -4.528769189156e-01, 1.797693134862e+308, 7.2603e+00, 3.4680e-01, 
 2DIAGNOSTIC,     8, -4.528755270038e-01, 1.797693134862e+308, 7.6459e+00, 3.8560e-01, 
 2DIAGNOSTIC,     9, -4.528736196923e-01, 1.797693134862e+308, 7.9977e+00, 3.5176e-01, 
 2DIAGNOSTIC,    10, -4.528735137762e-01, 2.483222141589e-04, 8.3544e+00, 3.5674e-01, 
 2DIAGNOSTIC,    11, -4.528733858303e-01, 1.866545335283e-04, 8.7508e+00, 3.9635e-01, 
 2DIAGNOSTIC,    12, -4.528728913684e-01, 1.269071888939e-04, 9.1077e+00, 3.5693e-01, 
 2DIAGNOSTIC,    13, -4.528704159888e-01, 7.427869788863e-05, 9.4196e+00, 3.1187e-01, 
 2DIAGNOSTIC,    14, -4.528699607431e-01, 3.221388598168e-05, 9.7736e+00, 3.5402e-01, 
 2DIAGNOSTIC,    15, -4.528713254599e-01, 1.468448567132e-06, 1.0128e+01, 3.5410e-01, 
 2DIAGNOSTIC,    16, -4.528698226251e-01, 1.406177178462e-06, 1.0442e+01, 3.1386e-01, 
 2DIAGNOSTIC,    17, -4.528703726012e-01, 1.428603522313e-06, 1.0756e+01, 3.1435e-01, 
 2DIAGNOSTIC,    18, -4.528712760027e-01, 1.475464183061e-06, 1.1110e+01, 3.5432e-01, 
 2DIAGNOSTIC,    19, -4.528734605463e-01, 1.552421720681e-06, 1.1469e+01, 3.5866e-01, 
 2DIAGNOSTIC,    20, -4.528716084396e-01, 1.568450154234e-06, 1.1826e+01, 3.5731e-01, 
 2DIAGNOSTIC,    21, -4.528682362423e-01, 1.483101416185e-06, 1.2180e+01, 3.5370e-01, 
 2DIAGNOSTIC,    22, -4.528665079290e-01, 1.350548843752e-06, 1.2531e+01, 3.5146e-01, 
 2DIAGNOSTIC,    23, -4.528651179305e-01, 1.131855430381e-06, 1.2969e+01, 4.3790e-01, 
DIAGNOSTIC,Iteration,metricValue,convergenceValue,ITERATION_TIME_INDEX,SINCE_LAST
 2DIAGNOSTIC,     1, -4.152352436352e-01, 1.797693134862e+308, 1.6186e+01, 3.2172e+00, 
 2DIAGNOSTIC,     2, -4.154696376623e-01, 1.797693134862e+308, 1.8373e+01, 2.1864e+00, 
 2DIAGNOSTIC,     3, -4.156642555893e-01, 1.797693134862e+308, 2.0538e+01, 2.1651e+00, 
 2DIAGNOSTIC,     4, -4.158171716377e-01, 1.797693134862e+308, 2.2742e+01, 2.2037e+00, 
 2DIAGNOSTIC,     5, -4.159242812699e-01, 1.797693134862e+308, 2.4908e+01, 2.1659e+00, 
 2DIAGNOSTIC,     6, -4.162026808925e-01, 1.797693134862e+308, 2.7086e+01, 2.1785e+00, 
 2DIAGNOSTIC,     7, -4.163844492891e-01, 1.797693134862e+308, 3.0267e+01, 3.1813e+00, 
 2DIAGNOSTIC,     8, -4.164652228831e-01, 1.797693134862e+308, 3.2916e+01, 2.6489e+00, 
 2DIAGNOSTIC,     9, -4.165310353880e-01, 1.797693134862e+308, 3.5052e+01, 2.1358e+00, 
 2DIAGNOSTIC,    10, -4.167553073055e-01, 2.300123325968e-04, 3.7181e+01, 2.1292e+00, 
 2DIAGNOSTIC,    11, -4.168808590583e-01, 1.983619804298e-04, 3.9583e+01, 2.4022e+00, 
 2DIAGNOSTIC,    12, -4.169133738146e-01, 1.693057883207e-04, 4.3227e+01, 3.6433e+00, 
 2DIAGNOSTIC,    13, -4.169133685662e-01, 1.400816674632e-04, 4.6851e+01, 3.6242e+00, 
 2DIAGNOSTIC,    14, -4.169134386607e-01, 1.101670116326e-04, 4.9235e+01, 2.3842e+00, 
 2DIAGNOSTIC,    15, -4.169132838655e-01, 7.888062531830e-05, 5.1370e+01, 2.1344e+00, 
 2DIAGNOSTIC,    16, -4.169130618702e-01, 5.607328382903e-05, 5.3752e+01, 2.3820e+00, 
 2DIAGNOSTIC,    17, -4.169130119633e-01, 3.831480666949e-05, 5.6155e+01, 2.4036e+00, 
 2DIAGNOSTIC,    18, -4.169129616892e-01, 2.233009464625e-05, 5.9029e+01, 2.8738e+00, 
 2DIAGNOSTIC,    19, -4.169128754426e-01, 8.327704750274e-06, 6.1399e+01, 2.3698e+00, 
 2DIAGNOSTIC,    20, -4.169127891738e-01, 2.648989367374e-06, 6.3775e+01, 2.3761e+00, 
 2DIAGNOSTIC,    21, -4.169128015153e-01, 1.463218116705e-06, 6.6145e+01, 2.3701e+00, 
 2DIAGNOSTIC,    22, -4.169126099657e-01, 1.392757703646e-06, 6.8297e+01, 2.1521e+00, 
 2DIAGNOSTIC,    23, -4.169125249445e-01, 1.330796106293e-06, 7.0419e+01, 2.1221e+00, 
 2DIAGNOSTIC,    24, -4.169125506852e-01, 1.281834063477e-06, 7.2788e+01, 2.3684e+00, 
 2DIAGNOSTIC,    25, -4.169125672581e-01, 1.237269455105e-06, 7.4902e+01, 2.1146e+00, 
 2DIAGNOSTIC,    26, -4.169124948893e-01, 1.191781319097e-06, 7.7267e+01, 2.3646e+00, 
 2DIAGNOSTIC,    27, -4.169123188379e-01, 1.147163355947e-06, 7.9383e+01, 2.1162e+00, 
 2DIAGNOSTIC,    28, -4.169125610278e-01, 1.113616555512e-06, 8.1490e+01, 2.1073e+00, 
 2DIAGNOSTIC,    29, -4.169127104744e-01, 1.085815449664e-06, 8.3858e+01, 2.3675e+00, 
 2DIAGNOSTIC,    30, -4.169124589700e-01, 1.053120242775e-06, 8.6232e+01, 2.3742e+00, 
 2DIAGNOSTIC,    31, -4.169124288848e-01, 1.023330198253e-06, 8.8601e+01, 2.3692e+00, 
  Elapsed time (stage 0): 8.9787e+01


Total elapsed time: 8.9788e+01
VFC_BACKENDS=libinterflop_ieee.so
Info [verificarlo]: loaded backend libinterflop_ieee.so
Info [interflop-ieee]: load backend with:
Info [interflop-ieee]: debug = false
Info [interflop-ieee]: debug-binary = false
Info [interflop-ieee]: no-backend-name = false
Info [interflop-ieee]: print-new-line = false
Info [interflop-ieee]: print-subnormal-normalized = false
Info [interflop-ieee]: count-op = false
All_Command_lines_OK
Using double precision for computations.
=============================================================================
The composite transform comprises the following transforms (in order): 
  1. /project/rrg-glatard/mdugre/datasets/corr/RawDataBIDS/BMB_1/derivatives/vprec-space_search/0001/r8-p13/sub-0003039/rigid_Composite.h5[0] (type = Euler3DTransform)
  2. /project/rrg-glatard/mdugre/datasets/corr/RawDataBIDS/BMB_1/derivatives/vprec-space_search/0001/r8-p13/sub-0003039/rigid_Composite.h5[1] (type = Euler3DTransform)
  3. /project/rrg-glatard/mdugre/datasets/corr/RawDataBIDS/BMB_1/derivatives/vprec-space_search/0001/r8-p13/sub-0003039/rigid_Composite.h5[2] (type = Euler3DTransform)
=============================================================================
  number of levels = 4
  fixed image: /templateflow/tpl-MNI152NLin2009cAsym/tpl-MNI152NLin2009cAsym_res-01_desc-brain_T1w.nii.gz
  moving image: /project/rrg-glatard/mdugre/datasets/corr/RawDataBIDS/BMB_1/derivatives/antsBrainExtraction/sub-0003039/BrainExtractionBrain.nii.gz
Dimension = 3
Number of stages = 1
Use histogram matching = false
Winsorize image intensities = true
  Lower quantile = 0.005
  Upper quantile = 0.995


Stage 1 State
   Image metric = MattesMI
     Fixed image = Image (0x345c650)
  RTTI typeinfo:   itk::Image<double, 3u>
  Reference Count: 2
  Modified Time: 1592
  Debug: Off
  Object Name: 
  Observers: 
    none
  Source: (none)
  Source output name: (none)
  Release Data: Off
  Data Released: False
  Global Release Data: Off
  PipelineMTime: 0
  UpdateMTime: 1203
  RealTimeStamp: 0 seconds 
  LargestPossibleRegion: 
    Dimension: 3
    Index: [0, 0, 0]
    Size: [193, 229, 193]
  BufferedRegion: 
    Dimension: 3
    Index: [0, 0, 0]
    Size: [193, 229, 193]
  RequestedRegion: 
    Dimension: 3
    Index: [0, 0, 0]
    Size: [193, 229, 193]
  Spacing: [1, 1, 1]
  Origin: [96, 132, -78]
  Direction: 
-1 0 0
0 -1 0
0 0 1

  IndexToPointMatrix: 
-1 0 0
0 -1 0
0 0 1

  PointToIndexMatrix: 
-1 0 0
0 -1 0
0 0 1

  Inverse Direction: 
-1 0 0
0 -1 0
0 0 1

  PixelContainer: 
    ImportImageContainer (0x352aad0)
      RTTI typeinfo:   itk::ImportImageContainer<unsigned long, double>
      Reference Count: 1
      Modified Time: 1200
      Debug: Off
      Object Name: 
      Observers: 
        none
      Pointer: 0x14ac5d834010
      Container manages memory: true
      Size: 8530021
      Capacity: 8530021

     Moving image = Image (0x350c430)
  RTTI typeinfo:   itk::Image<double, 3u>
  Reference Count: 2
  Modified Time: 1593
  Debug: Off
  Object Name: 
  Observers: 
    none
  Source: (none)
  Source output name: (none)
  Release Data: Off
  Data Released: False
  Global Release Data: Off
  PipelineMTime: 0
  UpdateMTime: 1590
  RealTimeStamp: 0 seconds 
  LargestPossibleRegion: 
    Dimension: 3
    Index: [0, 0, 0]
    Size: [176, 256, 256]
  BufferedRegion: 
    Dimension: 3
    Index: [0, 0, 0]
    Size: [176, 256, 256]
  RequestedRegion: 
    Dimension: 3
    Index: [0, 0, 0]
    Size: [176, 256, 256]
  Spacing: [1, 1, 1]
  Origin: [-81.2288, 98.0845, -123.386]
  Direction: 
1 0 0
0 -1 0
0 0 1

  IndexToPointMatrix: 
1 0 0
0 -1 0
0 0 1

  PointToIndexMatrix: 
1 0 0
0 -1 0
0 0 1

  Inverse Direction: 
1 0 0
0 -1 0
0 0 1

  PixelContainer: 
    ImportImageContainer (0x35cac50)
      RTTI typeinfo:   itk::ImportImageContainer<unsigned long, double>
      Reference Count: 1
      Modified Time: 1587
      Debug: Off
      Object Name: 
      Observers: 
        none
      Pointer: 0x14ac58033010
      Container manages memory: true
      Size: 11534336
      Capacity: 11534336

     Weighting = 1
     Sampling strategy = regular
     Number of bins = 32
     Radius = 4
     Sampling percentage  = 0.25
   Transform = Affine
     Gradient step = 0.1
     Update field sigma (voxel space) = 0
     Total field sigma (voxel space) = 0
     Update field time sigma = 0
     Total field time sigma  = 0
     Number of time indices = 0
     Number of time point samples = 0
Registration using 1 total stages.

Stage 0
  iterations = 1000x500x250x100
  convergence threshold = 1e-06
  convergence window size = 10
  number of levels = 4
  using the Mattes MI metric (number of bins = 32, weight = 1, use gradient filter = 0)
  preprocessing:  winsorizing the image intensities
  Shrink factors (level 1 out of 4): [8, 8, 8]
  Shrink factors (level 2 out of 4): [4, 4, 4]
  Shrink factors (level 3 out of 4): [2, 2, 2]
  Shrink factors (level 4 out of 4): [1, 1, 1]
  smoothing sigmas per level: [3, 2, 1, 0]
  regular sampling (percentage = 0.25)

*** Running AffineTransform registration ***

DIAGNOSTIC,Iteration,metricValue,convergenceValue,ITERATION_TIME_INDEX,SINCE_LAST
 2DIAGNOSTIC,     1, -6.323601977256e-01, 1.797693134862e+308, 1.1413e+00, 1.1413e+00, 
 2DIAGNOSTIC,     2, -6.344992080514e-01, 1.797693134862e+308, 1.1464e+00, 5.1138e-03, 
 2DIAGNOSTIC,     3, -6.380183262928e-01, 1.797693134862e+308, 1.1521e+00, 5.7111e-03, 
 2DIAGNOSTIC,     4, -6.435952264128e-01, 1.797693134862e+308, 1.1574e+00, 5.3039e-03, 
 2DIAGNOSTIC,     5, -6.549684765744e-01, 1.797693134862e+308, 1.1630e+00, 5.6009e-03, 
 2DIAGNOSTIC,     6, -6.668295477370e-01, 1.797693134862e+308, 1.1687e+00, 5.7461e-03, 
 2DIAGNOSTIC,     7, -6.880279001312e-01, 1.797693134862e+308, 1.1750e+00, 6.2160e-03, 
 2DIAGNOSTIC,     8, -7.646746103772e-01, 1.797693134862e+308, 1.1819e+00, 6.9709e-03, 
 2DIAGNOSTIC,     9, -7.859107437496e-01, 1.797693134862e+308, 1.1894e+00, 7.4811e-03, 
 2DIAGNOSTIC,    10, -7.884505685133e-01, 1.648548009276e-02, 1.1959e+00, 6.4349e-03, 
 2DIAGNOSTIC,    11, -8.021852783999e-01, 1.675181837734e-02, 1.2022e+00, 6.3169e-03, 
 2DIAGNOSTIC,    12, -8.065027736509e-01, 1.567352604124e-02, 1.2090e+00, 6.8460e-03, 
 2DIAGNOSTIC,    13, -8.072460266537e-01, 1.347437027054e-02, 1.2147e+00, 5.6579e-03, 
 2DIAGNOSTIC,    14, -8.109038483350e-01, 1.066218741599e-02, 1.2216e+00, 6.9070e-03, 
 2DIAGNOSTIC,    15, -8.120308200063e-01, 7.650934904243e-03, 1.2284e+00, 6.8350e-03, 
 2DIAGNOSTIC,    16, -8.120285299461e-01, 4.656785352740e-03, 1.2365e+00, 8.0860e-03, 
 2DIAGNOSTIC,    17, -8.118599154725e-01, 2.055579295486e-03, 1.2428e+00, 6.2640e-03, 
 2DIAGNOSTIC,    18, -8.118022667328e-01, 1.201461796543e-03, 1.2486e+00, 5.8651e-03, 
 2DIAGNOSTIC,    19, -8.116316846616e-01, 7.584998879950e-04, 1.2549e+00, 6.3169e-03, 
 2DIAGNOSTIC,    20, -8.115578127137e-01, 3.333780140767e-04, 1.2610e+00, 6.0880e-03, 
 2DIAGNOSTIC,    21, -8.113528089520e-01, 1.633346199414e-04, 1.2667e+00, 5.6319e-03, 
 2DIAGNOSTIC,    22, -8.114072909962e-01, 7.041800316786e-05, 1.2730e+00, 6.2900e-03, 
DIAGNOSTIC,Iteration,metricValue,convergenceValue,ITERATION_TIME_INDEX,SINCE_LAST
 2DIAGNOSTIC,     1, -6.940474725914e-01, 1.797693134862e+308, 2.4726e+00, 1.1997e+00, 
 2DIAGNOSTIC,     2, -6.949420452827e-01, 1.797693134862e+308, 2.5162e+00, 4.3529e-02, 
 2DIAGNOSTIC,     3, -6.958533372033e-01, 1.797693134862e+308, 2.5646e+00, 4.8453e-02, 
 2DIAGNOSTIC,     4, -6.966929419019e-01, 1.797693134862e+308, 2.6075e+00, 4.2894e-02, 
 2DIAGNOSTIC,     5, -6.977428041994e-01, 1.797693134862e+308, 2.6513e+00, 4.3743e-02, 
 2DIAGNOSTIC,     6, -6.996308272516e-01, 1.797693134862e+308, 2.7265e+00, 7.5210e-02, 
 2DIAGNOSTIC,     7, -6.995993333639e-01, 1.797693134862e+308, 2.7879e+00, 6.1473e-02, 
 2DIAGNOSTIC,     8, -6.995638735593e-01, 1.797693134862e+308, 2.8365e+00, 4.8509e-02, 
 2DIAGNOSTIC,     9, -6.995538328112e-01, 1.797693134862e+308, 2.8842e+00, 4.7757e-02, 
 2DIAGNOSTIC,    10, -6.995311583677e-01, 5.647718922429e-04, 2.9277e+00, 4.3485e-02, 
 2DIAGNOSTIC,    11, -6.995225098997e-01, 3.970743633415e-04, 2.9800e+00, 5.2352e-02, 
 2DIAGNOSTIC,    12, -6.995239848675e-01, 2.522667136895e-04, 3.0292e+00, 4.9186e-02, 
 2DIAGNOSTIC,    13, -6.995128569444e-01, 1.360511646028e-04, 3.0729e+00, 4.3681e-02, 
 2DIAGNOSTIC,    14, -6.994775081598e-01, 4.750750551898e-05, 3.1219e+00, 4.9034e-02, 
DIAGNOSTIC,Iteration,metricValue,convergenceValue,ITERATION_TIME_INDEX,SINCE_LAST
 2DIAGNOSTIC,     1, -5.952428916267e-01, 1.797693134862e+308, 4.8741e+00, 1.7522e+00, 
 2DIAGNOSTIC,     2, -5.953493174925e-01, 1.797693134862e+308, 5.2759e+00, 4.0178e-01, 
 2DIAGNOSTIC,     3, -5.953690196603e-01, 1.797693134862e+308, 5.6578e+00, 3.8192e-01, 
 2DIAGNOSTIC,     4, -5.955045060231e-01, 1.797693134862e+308, 6.0558e+00, 3.9798e-01, 
 2DIAGNOSTIC,     5, -5.958570293801e-01, 1.797693134862e+308, 6.4974e+00, 4.4156e-01, 
 2DIAGNOSTIC,     6, -5.960520701625e-01, 1.797693134862e+308, 7.2650e+00, 7.6767e-01, 
 2DIAGNOSTIC,     7, -5.960546422422e-01, 1.797693134862e+308, 7.6404e+00, 3.7532e-01, 
 2DIAGNOSTIC,     8, -5.960543971750e-01, 1.797693134862e+308, 8.0589e+00, 4.1852e-01, 
 2DIAGNOSTIC,     9, -5.960546660085e-01, 1.797693134862e+308, 8.5441e+00, 4.8521e-01, 
 2DIAGNOSTIC,    10, -5.960527642465e-01, 1.079588985544e-04, 8.9629e+00, 4.1885e-01, 
 2DIAGNOSTIC,    11, -5.960519511180e-01, 8.003384842996e-05, 9.3396e+00, 3.7663e-01, 
 2DIAGNOSTIC,    12, -5.960514273840e-01, 5.429855120695e-05, 9.7595e+00, 4.1997e-01, 
 2DIAGNOSTIC,    13, -5.960518913580e-01, 2.872982296838e-05, 1.0136e+01, 3.7600e-01, 
 2DIAGNOSTIC,    14, -5.960514195932e-01, 8.764089895280e-06, 1.0557e+01, 4.2161e-01, 
 2DIAGNOSTIC,    15, -5.960523242666e-01, 1.931628559215e-06, 1.0963e+01, 4.0559e-01, 
 2DIAGNOSTIC,    16, -5.960525731431e-01, 1.790379604405e-06, 1.1386e+01, 4.2353e-01, 
 2DIAGNOSTIC,    17, -5.960543037455e-01, 1.804321451693e-06, 1.1809e+01, 4.2311e-01, 
 2DIAGNOSTIC,    18, -5.960520304652e-01, 1.754100583187e-06, 1.2233e+01, 4.2357e-01, 
 2DIAGNOSTIC,    19, -5.960517100376e-01, 1.712368964700e-06, 1.2667e+01, 4.3374e-01, 
 2DIAGNOSTIC,    20, -5.960500232534e-01, 1.586212178342e-06, 1.3090e+01, 4.2295e-01, 
 2DIAGNOSTIC,    21, -5.960483241208e-01, 1.415593153357e-06, 1.3514e+01, 4.2483e-01, 
 2DIAGNOSTIC,    22, -5.960480160171e-01, 1.251687682231e-06, 1.3950e+01, 4.3555e-01, 
 2DIAGNOSTIC,    23, -5.960480878937e-01, 1.131814240399e-06, 1.4350e+01, 3.9967e-01, 
 2DIAGNOSTIC,    24, -5.960489997300e-01, 1.054096640987e-06, 1.4736e+01, 3.8666e-01, 
 2DIAGNOSTIC,    25, -5.960502128997e-01, 1.048165591627e-06, 1.5117e+01, 3.8109e-01, 
 2DIAGNOSTIC,    26, -5.960503909581e-01, 1.070375176576e-06, 1.5543e+01, 4.2590e-01, 
 2DIAGNOSTIC,    27, -5.960502878615e-01, 1.135355118670e-06, 1.5974e+01, 4.3076e-01, 
 2DIAGNOSTIC,    28, -5.960505235699e-01, 1.164746155011e-06, 1.6398e+01, 4.2423e-01, 
 2DIAGNOSTIC,    29, -5.960509733908e-01, 1.191507677037e-06, 1.6781e+01, 3.8275e-01, 
 2DIAGNOSTIC,    30, -5.960512765485e-01, 1.185718638386e-06, 1.7264e+01, 4.8245e-01, 
 2DIAGNOSTIC,    31, -5.960525171901e-01, 1.161672904898e-06, 1.7692e+01, 4.2895e-01, 
 2DIAGNOSTIC,    32, -5.960514666039e-01, 1.106119512900e-06, 1.8084e+01, 3.9153e-01, 
 2DIAGNOSTIC,    33, -5.960550860555e-01, 1.097181791448e-06, 1.8521e+01, 4.3717e-01, 
 2DIAGNOSTIC,    34, -5.960583458649e-01, 1.132682066016e-06, 1.8944e+01, 4.2313e-01, 
 2DIAGNOSTIC,    35, -5.960627114625e-01, 1.222348800806e-06, 1.9369e+01, 4.2479e-01, 
 2DIAGNOSTIC,    36, -5.960637524407e-01, 1.292963575556e-06, 1.9754e+01, 3.8453e-01, 
 2DIAGNOSTIC,    37, -5.960693460897e-01, 1.392595443774e-06, 2.0178e+01, 4.2460e-01, 
 2DIAGNOSTIC,    38, -5.960702435200e-01, 1.448774612497e-06, 2.0621e+01, 4.4288e-01, 
 2DIAGNOSTIC,    39, -5.960723699511e-01, 1.474833270790e-06, 2.0998e+01, 3.7699e-01, 
 2DIAGNOSTIC,    40, -5.960834879831e-01, 1.572439080437e-06, 2.1435e+01, 4.3681e-01, 
 2DIAGNOSTIC,    41, -5.960903600190e-01, 1.683090229573e-06, 2.1832e+01, 3.9681e-01, 
 2DIAGNOSTIC,    42, -5.960971600798e-01, 1.765736550724e-06, 2.2220e+01, 3.8800e-01, 
 2DIAGNOSTIC,    43, -5.961054611084e-01, 1.880422417996e-06, 2.2673e+01, 4.5319e-01, 
 2DIAGNOSTIC,    44, -5.961177185360e-01, 2.047455424339e-06, 2.3069e+01, 3.9565e-01, 
 2DIAGNOSTIC,    45, -5.961325761363e-01, 2.280827679675e-06, 2.3505e+01, 4.3626e-01, 
 2DIAGNOSTIC,    46, -5.961502529156e-01, 2.542924218172e-06, 2.3892e+01, 3.8747e-01, 
 2DIAGNOSTIC,    47, -5.961510156802e-01, 2.679939744153e-06, 2.4358e+01, 4.6620e-01, 
 2DIAGNOSTIC,    48, -5.961616555033e-01, 2.738058248155e-06, 2.4788e+01, 4.2920e-01, 
 2DIAGNOSTIC,    49, -5.961588161416e-01, 2.583880500947e-06, 2.5221e+01, 4.3380e-01, 
 2DIAGNOSTIC,    50, -5.961621426843e-01, 2.387031275017e-06, 2.5661e+01, 4.3946e-01, 
 2DIAGNOSTIC,    51, -5.961606751639e-01, 2.078609980524e-06, 2.6288e+01, 6.2703e-01, 
 2DIAGNOSTIC,    52, -5.961580438687e-01, 1.681352534443e-06, 2.6699e+01, 4.1087e-01, 
 2DIAGNOSTIC,    53, -5.961574275750e-01, 1.266098255816e-06, 2.7137e+01, 4.3848e-01, 
DIAGNOSTIC,Iteration,metricValue,convergenceValue,ITERATION_TIME_INDEX,SINCE_LAST
 2DIAGNOSTIC,     1, -5.308627217764e-01, 1.797693134862e+308, 3.1224e+01, 4.0869e+00, 
 2DIAGNOSTIC,     2, -5.312946037570e-01, 1.797693134862e+308, 3.4177e+01, 2.9527e+00, 
 2DIAGNOSTIC,     3, -5.317921280515e-01, 1.797693134862e+308, 3.7047e+01, 2.8699e+00, 
 2DIAGNOSTIC,     4, -5.323629688724e-01, 1.797693134862e+308, 3.9949e+01, 2.9025e+00, 
 2DIAGNOSTIC,     5, -5.329073977269e-01, 1.797693134862e+308, 4.2964e+01, 3.0143e+00, 
 2DIAGNOSTIC,     6, -5.330776705545e-01, 1.797693134862e+308, 4.7331e+01, 4.3671e+00, 
 2DIAGNOSTIC,     7, -5.331192013108e-01, 1.797693134862e+308, 5.0563e+01, 3.2326e+00, 
 2DIAGNOSTIC,     8, -5.331201088253e-01, 1.797693134862e+308, 5.5199e+01, 4.6361e+00, 
 2DIAGNOSTIC,     9, -5.331200791923e-01, 1.797693134862e+308, 5.8845e+01, 3.6456e+00, 
 2DIAGNOSTIC,    10, -5.331200524453e-01, 2.788987201850e-04, 6.2106e+01, 3.2605e+00, 
 2DIAGNOSTIC,    11, -5.331199880092e-01, 1.786828100000e-04, 6.5572e+01, 3.4658e+00, 
 2DIAGNOSTIC,    12, -5.331198826618e-01, 9.863390893909e-05, 6.8760e+01, 3.1888e+00, 
 2DIAGNOSTIC,    13, -5.331196352930e-01, 4.236204187542e-05, 7.1686e+01, 2.9256e+00, 
 2DIAGNOSTIC,    14, -5.331195323716e-01, 1.177192426215e-05, 7.4490e+01, 2.8045e+00, 
 2DIAGNOSTIC,    15, -5.331195820164e-01, 3.607934964664e-06, 7.7300e+01, 2.8093e+00, 
 2DIAGNOSTIC,    16, -5.331195332086e-01, 1.965463254053e-06, 8.0463e+01, 3.1636e+00, 
 2DIAGNOSTIC,    17, -5.331195868944e-01, 1.822828639829e-06, 8.3594e+01, 3.1304e+00, 
 2DIAGNOSTIC,    18, -5.331195017152e-01, 1.725105291013e-06, 8.6796e+01, 3.2025e+00, 
 2DIAGNOSTIC,    19, -5.331193997504e-01, 1.638077701607e-06, 8.9652e+01, 2.8558e+00, 
 2DIAGNOSTIC,    20, -5.331193186398e-01, 1.560311687396e-06, 9.3069e+01, 3.4166e+00, 
 2DIAGNOSTIC,    21, -5.331193464935e-01, 1.491889800684e-06, 9.6044e+01, 2.9759e+00, 
 2DIAGNOSTIC,    22, -5.331189964735e-01, 1.420936079938e-06, 9.9234e+01, 3.1899e+00, 
 2DIAGNOSTIC,    23, -5.331190436714e-01, 1.354234104724e-06, 1.0216e+02, 2.9273e+00, 
 2DIAGNOSTIC,    24, -5.331187260167e-01, 1.286428150407e-06, 1.0507e+02, 2.9083e+00, 
 2DIAGNOSTIC,    25, -5.331185946055e-01, 1.226161418212e-06, 1.0828e+02, 3.2067e+00, 
 2DIAGNOSTIC,    26, -5.331186796939e-01, 1.175634214048e-06, 1.1139e+02, 3.1168e+00, 
 2DIAGNOSTIC,    27, -5.331183828751e-01, 1.128534066294e-06, 1.1429e+02, 2.9004e+00, 
 2DIAGNOSTIC,    28, -5.331186839872e-01, 1.093860018744e-06, 1.1792e+02, 3.6220e+00, 
 2DIAGNOSTIC,    29, -5.331187748525e-01, 1.065256022649e-06, 1.2115e+02, 3.2374e+00, 
 2DIAGNOSTIC,    30, -5.331185764211e-01, 1.036536423714e-06, 1.2439e+02, 3.2326e+00, 
 2DIAGNOSTIC,    31, -5.331184055119e-01, 1.009799275149e-06, 1.2754e+02, 3.1572e+00, 
  Elapsed time (stage 0): 1.2933e+02


Total elapsed time: 1.2933e+02
VFC_BACKENDS=libinterflop_vprec.so --range-binary32=8 --precision-binary32=13 --range-binary64=8 --precision-binary64=13
Info [verificarlo]: loaded backend libinterflop_vprec.so
Info [interflop-vprec]: load backend with: 
Info [interflop-vprec]: precision-binary32 = 13
Info [interflop-vprec]: range-binary32 = 8
Info [interflop-vprec]: precision-binary64 = 13
Info [interflop-vprec]: range-binary64 = 8
Info [interflop-vprec]: mode = ob
Info [interflop-vprec]: error-mode = rel
Info [interflop-vprec]: max-abs-error-exponent = -1022
Info [interflop-vprec]: daz = false
Info [interflop-vprec]: ftz = false
Info [interflop-vprec]: 	instrument = none
Info [interflop-vprec]: 	prec-input-file = (null)
Info [interflop-vprec]: 	prec-output-file = (null)
Info [interflop-vprec]: 	prec-log-file = (null)
All_Command_lines_OK
Using double precision for computations.
=============================================================================
The composite transform comprises the following transforms (in order): 
  1. /project/rrg-glatard/mdugre/datasets/corr/RawDataBIDS/BMB_1/derivatives/vprec-space_search/0001/r8-p13/sub-0003039/affine_Composite.h5[0] (type = Euler3DTransform)
  2. /project/rrg-glatard/mdugre/datasets/corr/RawDataBIDS/BMB_1/derivatives/vprec-space_search/0001/r8-p13/sub-0003039/affine_Composite.h5[1] (type = Euler3DTransform)
  3. /project/rrg-glatard/mdugre/datasets/corr/RawDataBIDS/BMB_1/derivatives/vprec-space_search/0001/r8-p13/sub-0003039/affine_Composite.h5[2] (type = Euler3DTransform)
  4. /project/rrg-glatard/mdugre/datasets/corr/RawDataBIDS/BMB_1/derivatives/vprec-space_search/0001/r8-p13/sub-0003039/affine_Composite.h5[3] (type = AffineTransform)
=============================================================================
  number of levels = 4
  fixed image: /templateflow/tpl-MNI152NLin2009cAsym/tpl-MNI152NLin2009cAsym_res-01_desc-brain_T1w.nii.gz
  moving image: /project/rrg-glatard/mdugre/datasets/corr/RawDataBIDS/BMB_1/derivatives/antsBrainExtraction/sub-0003039/BrainExtractionBrain.nii.gz
Dimension = 3
Number of stages = 1
Use histogram matching = false
Winsorize image intensities = true
  Lower quantile = 0.005
  Upper quantile = 0.995


Stage 1 State
   Image metric = CC
     Fixed image = Image (0x3f004c0)
  RTTI typeinfo:   itk::Image<double, 3u>
  Reference Count: 2
  Modified Time: 1606
  Debug: Off
  Object Name: 
  Observers: 
    none
  Source: (none)
  Source output name: (none)
  Release Data: Off
  Data Released: False
  Global Release Data: Off
  PipelineMTime: 0
  UpdateMTime: 1217
  RealTimeStamp: 0 seconds 
  LargestPossibleRegion: 
    Dimension: 3
    Index: [0, 0, 0]
    Size: [193, 229, 193]
  BufferedRegion: 
    Dimension: 3
    Index: [0, 0, 0]
    Size: [193, 229, 193]
  RequestedRegion: 
    Dimension: 3
    Index: [0, 0, 0]
    Size: [193, 229, 193]
  Spacing: [1, 1, 1]
  Origin: [96, 132, -78]
  Direction: 
-1 0 0
0 -1 0
0 0 1

  IndexToPointMatrix: 
-1 0 0
0 -1 0
0 0 1

  PointToIndexMatrix: 
-1 0 0
0 -1 0
0 0 1

  Inverse Direction: 
-1 0 0
0 -1 0
0 0 1

  PixelContainer: 
    ImportImageContainer (0x3fcd940)
      RTTI typeinfo:   itk::ImportImageContainer<unsigned long, double>
      Reference Count: 1
      Modified Time: 1214
      Debug: Off
      Object Name: 
      Observers: 
        none
      Pointer: 0x14948ec41010
      Container manages memory: true
      Size: 8530021
      Capacity: 8530021

     Moving image = Image (0x3fd66c0)
  RTTI typeinfo:   itk::Image<double, 3u>
  Reference Count: 2
  Modified Time: 1607
  Debug: Off
  Object Name: 
  Observers: 
    none
  Source: (none)
  Source output name: (none)
  Release Data: Off
  Data Released: False
  Global Release Data: Off
  PipelineMTime: 0
  UpdateMTime: 1604
  RealTimeStamp: 0 seconds 
  LargestPossibleRegion: 
    Dimension: 3
    Index: [0, 0, 0]
    Size: [176, 256, 256]
  BufferedRegion: 
    Dimension: 3
    Index: [0, 0, 0]
    Size: [176, 256, 256]
  RequestedRegion: 
    Dimension: 3
    Index: [0, 0, 0]
    Size: [176, 256, 256]
  Spacing: [1, 1, 1]
  Origin: [-81.2266, 98.0859, -123.383]
  Direction: 
1 0 0
0 -1 0
0 0 1

  IndexToPointMatrix: 
1 0 0
0 -1 0
0 0 1

  PointToIndexMatrix: 
1 0 0
0 -1 0
0 0 1

  Inverse Direction: 
1 0 0
0 -1 0
0 0 1

  PixelContainer: 
    ImportImageContainer (0x40b7410)
      RTTI typeinfo:   itk::ImportImageContainer<unsigned long, double>
      Reference Count: 1
      Modified Time: 1601
      Debug: Off
      Object Name: 
      Observers: 
        none
      Pointer: 0x149489440010
      Container manages memory: true
      Size: 11534336
      Capacity: 11534336

     Weighting = 1
     Sampling strategy = none
     Number of bins = 32
     Radius = 4
     Sampling percentage  = 1
   Transform = SyN
     Gradient step = 0.1
     Update field sigma (voxel space) = 3
     Total field sigma (voxel space) = 0
     Update field time sigma = 0
     Total field time sigma  = 0
     Number of time indices = 0
     Number of time point samples = 0
Registration using 1 total stages.

Stage 0
  iterations = 100x70x50x20
  convergence threshold = 1e-06
  convergence window size = 10
  number of levels = 4
  using the CC metric (radius = 4, weight = 1, use gradient filter = 0)
  preprocessing:  winsorizing the image intensities
  Shrink factors (level 1 out of 4): [8, 8, 8]
  Shrink factors (level 2 out of 4): [4, 4, 4]
  Shrink factors (level 3 out of 4): [2, 2, 2]
  Shrink factors (level 4 out of 4): [1, 1, 1]
  smoothing sigmas per level: [3, 2, 1, 0]
  Using default NONE metricSamplingStrategy 

*** Running SyN registration (varianceForUpdateField = 3, varianceForTotalField = 0) ***

XXDIAGNOSTIC,Iteration,metricValue,convergenceValue,ITERATION_TIME_INDEX,SINCE_LAST
 1DIAGNOSTIC,     1, -9.236450195312e-01, 1.797693134862e+308, 0.0000e+00, 0.0000e+00, 
 1DIAGNOSTIC,     2, -9.356689453125e-01, 1.797693134862e+308, 0.0000e+00, 0.0000e+00, 
 1DIAGNOSTIC,     3, -9.441528320312e-01, 1.797693134862e+308, 0.0000e+00, 0.0000e+00, 
 1DIAGNOSTIC,     4, -9.492187500000e-01, 1.797693134862e+308, 0.0000e+00, 0.0000e+00, 
 1DIAGNOSTIC,     5, -9.518432617188e-01, 1.797693134862e+308, 0.0000e+00, 0.0000e+00, 
 1DIAGNOSTIC,     6, -9.541625976562e-01, 1.797693134862e+308, 0.0000e+00, 0.0000e+00, 
 1DIAGNOSTIC,     7, -9.569702148438e-01, 1.797693134862e+308, 0.0000e+00, 0.0000e+00, 
 1DIAGNOSTIC,     8, -9.599609375000e-01, 1.797693134862e+308, 0.0000e+00, 0.0000e+00, 
 1DIAGNOSTIC,     9, -9.626464843750e-01, 1.797693134862e+308, 0.0000e+00, 0.0000e+00, 
 1DIAGNOSTIC,    10, -9.651489257812e-01, 2.401501266972e-03, 0.0000e+00, 0.0000e+00, 
 1DIAGNOSTIC,    11, -9.672241210938e-01, 1.729267542062e-03, 0.0000e+00, 0.0000e+00, 
 1DIAGNOSTIC,    12, -9.689331054688e-01, 1.352455505217e-03, 0.0000e+00, 0.0000e+00, 
 1DIAGNOSTIC,    13, -9.689941406250e-01, 1.105557925702e-03, 0.0000e+00, 0.0000e+00, 
 1DIAGNOSTIC,    14, -9.697265625000e-01, 9.172137999491e-04, 0.0000e+00, 0.0000e+00, 
 1DIAGNOSTIC,    15, -9.699707031250e-01, 7.270214100959e-04, 0.0000e+00, 0.0000e+00, 
 1DIAGNOSTIC,    16, -9.705200195312e-01, 5.468442231807e-04, 0.0000e+00, 0.0000e+00, 
 1DIAGNOSTIC,    17, -9.703979492188e-01, 3.840437963590e-04, 0.0000e+00, 0.0000e+00, 
 1DIAGNOSTIC,    18, -9.708251953125e-01, 2.604330152146e-04, 0.0000e+00, 0.0000e+00, 
 1DIAGNOSTIC,    19, -9.708862304688e-01, 1.683113974144e-04, 0.0000e+00, 0.0000e+00, 
 1DIAGNOSTIC,    20, -9.711303710938e-01, 1.100432362021e-04, 0.0000e+00, 0.0000e+00, 
 1DIAGNOSTIC,    21, -9.710693359375e-01, 7.506135903370e-05, 0.0000e+00, 0.0000e+00, 
 1DIAGNOSTIC,    22, -9.711303710938e-01, 6.045528937083e-05, 0.0000e+00, 0.0000e+00, 
 1DIAGNOSTIC,    23, -9.711914062500e-01, 4.302707933292e-05, 0.0000e+00, 0.0000e+00, 
 1DIAGNOSTIC,    24, -9.711914062500e-01, 3.211141029893e-05, 0.0000e+00, 0.0000e+00, 
 1DIAGNOSTIC,    25, -9.713745117188e-01, 2.411428715259e-05, 0.0000e+00, 0.0000e+00, 
 1DIAGNOSTIC,    26, -9.712524414062e-01, 1.952925026705e-05, 0.0000e+00, 0.0000e+00, 
 1DIAGNOSTIC,    27, -9.715576171875e-01, 1.555955176152e-05, 0.0000e+00, 0.0000e+00, 
 1DIAGNOSTIC,    28, -9.713134765625e-01, 1.238804677045e-05, 0.0000e+00, 0.0000e+00, 
 1DIAGNOSTIC,    29, -9.714965820312e-01, 1.089225104192e-05, 0.0000e+00, 0.0000e+00, 
 1DIAGNOSTIC,    30, -9.713745117188e-01, 9.772184865371e-06, 0.0000e+00, 0.0000e+00, 
 1DIAGNOSTIC,    31, -9.716186523438e-01, 9.672841102884e-06, 0.0000e+00, 0.0000e+00, 
 1DIAGNOSTIC,    32, -9.713745117188e-01, 7.023689016061e-06, 0.0000e+00, 0.0000e+00, 
 1DIAGNOSTIC,    33, -9.716186523438e-01, 6.803236486698e-06, 0.0000e+00, 0.0000e+00, 
 1DIAGNOSTIC,    34, -9.713745117188e-01, 3.866605128036e-06, 0.0000e+00, 0.0000e+00, 
 1DIAGNOSTIC,    35, -9.716186523438e-01, 4.516104120774e-06, 0.0000e+00, 0.0000e+00, 
 1DIAGNOSTIC,    36, -9.714965820312e-01, 2.667537935357e-06, 0.0000e+00, 0.0000e+00, 
 1DIAGNOSTIC,    37, -9.716186523438e-01, 4.263153423775e-06, 0.0000e+00, 0.0000e+00, 
 1DIAGNOSTIC,    38, -9.714355468750e-01, 2.113306416626e-06, 0.0000e+00, 0.0000e+00, 
 1DIAGNOSTIC,    39, -9.716796875000e-01, 3.265990040632e-06, 0.0000e+00, 0.0000e+00, 
 1DIAGNOSTIC,    40, -9.715576171875e-01, 2.232297074085e-06, 0.0000e+00, 0.0000e+00, 
 1DIAGNOSTIC,    41, -9.716796875000e-01, 3.829466093425e-06, 0.0000e+00, 0.0000e+00, 
 1DIAGNOSTIC,    42, -9.714355468750e-01, 1.600748743894e-06, 0.0000e+00, 0.0000e+00, 
 1DIAGNOSTIC,    43, -9.716796875000e-01, 2.862148214395e-06, 0.0000e+00, 0.0000e+00, 
 1DIAGNOSTIC,    44, -9.714965820312e-01, 9.075236584062e-07, 0.0000e+00, 0.0000e+00, 
XXDIAGNOSTIC,Iteration,metricValue,convergenceValue,ITERATION_TIME_INDEX,SINCE_LAST
 1DIAGNOSTIC,     1, -9.146118164062e-01, 1.797693134862e+308, 0.0000e+00, 0.0000e+00, 
 1DIAGNOSTIC,     2, -9.177246093750e-01, 1.797693134862e+308, 0.0000e+00, 0.0000e+00, 
 1DIAGNOSTIC,     3, -9.210815429688e-01, 1.797693134862e+308, 0.0000e+00, 0.0000e+00, 
 1DIAGNOSTIC,     4, -9.238891601562e-01, 1.797693134862e+308, 0.0000e+00, 0.0000e+00, 
 1DIAGNOSTIC,     5, -9.262084960938e-01, 1.797693134862e+308, 0.0000e+00, 0.0000e+00, 
 1DIAGNOSTIC,     6, -9.282226562500e-01, 1.797693134862e+308, 0.0000e+00, 0.0000e+00, 
 1DIAGNOSTIC,     7, -9.299926757812e-01, 1.797693134862e+308, 0.0000e+00, 0.0000e+00, 
 1DIAGNOSTIC,     8, -9.316406250000e-01, 1.797693134862e+308, 0.0000e+00, 0.0000e+00, 
 1DIAGNOSTIC,     9, -9.332885742188e-01, 1.797693134862e+308, 0.0000e+00, 0.0000e+00, 
 1DIAGNOSTIC,    10, -9.348144531250e-01, 1.366237019676e-03, 0.0000e+00, 0.0000e+00, 
 1DIAGNOSTIC,    11, -9.364013671875e-01, 1.121136750741e-03, 0.0000e+00, 0.0000e+00, 
 1DIAGNOSTIC,    12, -9.376220703125e-01, 9.259061667045e-04, 0.0000e+00, 0.0000e+00, 
 1DIAGNOSTIC,    13, -9.385375976562e-01, 7.770679047116e-04, 0.0000e+00, 0.0000e+00, 
 1DIAGNOSTIC,    14, -9.394531250000e-01, 6.598701785942e-04, 0.0000e+00, 0.0000e+00, 
 1DIAGNOSTIC,    15, -9.402465820312e-01, 5.610115396420e-04, 0.0000e+00, 0.0000e+00, 
 1DIAGNOSTIC,    16, -9.406738281250e-01, 4.693137307710e-04, 0.0000e+00, 0.0000e+00, 
 1DIAGNOSTIC,    17, -9.411621093750e-01, 3.857124904435e-04, 0.0000e+00, 0.0000e+00, 
 1DIAGNOSTIC,    18, -9.414672851562e-01, 3.087945577653e-04, 0.0000e+00, 0.0000e+00, 
 1DIAGNOSTIC,    19, -9.417114257812e-01, 2.416375399992e-04, 0.0000e+00, 0.0000e+00, 
 1DIAGNOSTIC,    20, -9.419555664062e-01, 1.855114979650e-04, 0.0000e+00, 0.0000e+00, 
 1DIAGNOSTIC,    21, -9.421997070312e-01, 1.439411537613e-04, 0.0000e+00, 0.0000e+00, 
 1DIAGNOSTIC,    22, -9.423828125000e-01, 1.121576999246e-04, 0.0000e+00, 0.0000e+00, 
 1DIAGNOSTIC,    23, -9.425659179688e-01, 8.715820117596e-05, 0.0000e+00, 0.0000e+00, 
 1DIAGNOSTIC,    24, -9.428100585938e-01, 7.075646559947e-05, 0.0000e+00, 0.0000e+00, 
 1DIAGNOSTIC,    25, -9.428710937500e-01, 5.946792919938e-05, 0.0000e+00, 0.0000e+00, 
 1DIAGNOSTIC,    26, -9.430541992188e-01, 5.065170193844e-05, 0.0000e+00, 0.0000e+00, 
 1DIAGNOSTIC,    27, -9.429931640625e-01, 4.259404902190e-05, 0.0000e+00, 0.0000e+00, 
 1DIAGNOSTIC,    28, -9.431762695312e-01, 3.653409413801e-05, 0.0000e+00, 0.0000e+00, 
 1DIAGNOSTIC,    29, -9.428710937500e-01, 2.684422795328e-05, 0.0000e+00, 0.0000e+00, 
 1DIAGNOSTIC,    30, -9.431152343750e-01, 2.039016955121e-05, 0.0000e+00, 0.0000e+00, 
 1DIAGNOSTIC,    31, -9.426879882812e-01, 1.066130188378e-05, 0.0000e+00, 0.0000e+00, 
 1DIAGNOSTIC,    32, -9.430541992188e-01, 5.942180187485e-06, 0.0000e+00, 0.0000e+00, 
 1DIAGNOSTIC,    33, -9.427490234375e-01, -2.107907729268e-07, 0.0000e+00, 0.0000e+00, 
XXDIAGNOSTIC,Iteration,metricValue,convergenceValue,ITERATION_TIME_INDEX,SINCE_LAST
 1DIAGNOSTIC,     1, -8.950805664062e-01, 1.797693134862e+308, 0.0000e+00, 0.0000e+00, 
 1DIAGNOSTIC,     2, -8.975830078125e-01, 1.797693134862e+308, 0.0000e+00, 0.0000e+00, 
 1DIAGNOSTIC,     3, -9.010009765625e-01, 1.797693134862e+308, 0.0000e+00, 0.0000e+00, 
 1DIAGNOSTIC,     4, -9.038085937500e-01, 1.797693134862e+308, 0.0000e+00, 0.0000e+00, 
 1DIAGNOSTIC,     5, -9.062500000000e-01, 1.797693134862e+308, 0.0000e+00, 0.0000e+00, 
 1DIAGNOSTIC,     6, -9.082641601562e-01, 1.797693134862e+308, 0.0000e+00, 0.0000e+00, 
 1DIAGNOSTIC,     7, -9.100341796875e-01, 1.797693134862e+308, 0.0000e+00, 0.0000e+00, 
 1DIAGNOSTIC,     8, -9.116821289062e-01, 1.797693134862e+308, 0.0000e+00, 0.0000e+00, 
 1DIAGNOSTIC,     9, -9.132080078125e-01, 1.797693134862e+308, 0.0000e+00, 0.0000e+00, 
 1DIAGNOSTIC,    10, -9.146118164062e-01, 1.381389422518e-03, 0.0000e+00, 0.0000e+00, 
 1DIAGNOSTIC,    11, -9.158935546875e-01, 1.132362889227e-03, 0.0000e+00, 0.0000e+00, 
 1DIAGNOSTIC,    12, -9.169921875000e-01, 9.162993819864e-04, 0.0000e+00, 0.0000e+00, 
 1DIAGNOSTIC,    13, -9.180297851562e-01, 7.573114761529e-04, 0.0000e+00, 0.0000e+00, 
 1DIAGNOSTIC,    14, -9.187622070312e-01, 6.306784188881e-04, 0.0000e+00, 0.0000e+00, 
 1DIAGNOSTIC,    15, -9.193115234375e-01, 5.253433134626e-04, 0.0000e+00, 0.0000e+00, 
 1DIAGNOSTIC,    16, -9.198608398438e-01, 4.348565223897e-04, 0.0000e+00, 0.0000e+00, 
 1DIAGNOSTIC,    17, -9.202880859375e-01, 3.550787098245e-04, 0.0000e+00, 0.0000e+00, 
 1DIAGNOSTIC,    18, -9.205932617188e-01, 2.850287021106e-04, 0.0000e+00, 0.0000e+00, 
 1DIAGNOSTIC,    19, -9.210205078125e-01, 2.279182805287e-04, 0.0000e+00, 0.0000e+00, 
 1DIAGNOSTIC,    20, -9.212646484375e-01, 1.809034295952e-04, 0.0000e+00, 0.0000e+00, 
 1DIAGNOSTIC,    21, -9.215698242188e-01, 1.450123163675e-04, 0.0000e+00, 0.0000e+00, 
 1DIAGNOSTIC,    22, -9.219970703125e-01, 1.203292041828e-04, 0.0000e+00, 0.0000e+00, 
 1DIAGNOSTIC,    23, -9.222412109375e-01, 1.038055817153e-04, 0.0000e+00, 0.0000e+00, 
 1DIAGNOSTIC,    24, -9.224853515625e-01, 9.164424188812e-05, 0.0000e+00, 0.0000e+00, 
 1DIAGNOSTIC,    25, -9.226684570312e-01, 8.099906761899e-05, 0.0000e+00, 0.0000e+00, 
 1DIAGNOSTIC,    26, -9.228515625000e-01, 7.237079555707e-05, 0.0000e+00, 0.0000e+00, 
 1DIAGNOSTIC,    27, -9.230957031250e-01, 6.534411777264e-05, 0.0000e+00, 0.0000e+00, 
 1DIAGNOSTIC,    28, -9.234008789062e-01, 5.942342385645e-05, 0.0000e+00, 0.0000e+00, 
 1DIAGNOSTIC,    29, -9.235839843750e-01, 5.491516950441e-05, 0.0000e+00, 0.0000e+00, 
 1DIAGNOSTIC,    30, -9.237060546875e-01, 4.941383981794e-05, 0.0000e+00, 0.0000e+00, 
 1DIAGNOSTIC,    31, -9.238891601562e-01, 4.453930461598e-05, 0.0000e+00, 0.0000e+00, 
 1DIAGNOSTIC,    32, -9.240722656250e-01, 4.171054883486e-05, 0.0000e+00, 0.0000e+00, 
 1DIAGNOSTIC,    33, -9.243774414062e-01, 4.028496109496e-05, 0.0000e+00, 0.0000e+00, 
 1DIAGNOSTIC,    34, -9.244995117188e-01, 3.850439726442e-05, 0.0000e+00, 0.0000e+00, 
 1DIAGNOSTIC,    35, -9.246826171875e-01, 3.654084636130e-05, 0.0000e+00, 0.0000e+00, 
 1DIAGNOSTIC,    36, -9.248657226562e-01, 3.444149800718e-05, 0.0000e+00, 0.0000e+00, 
 1DIAGNOSTIC,    37, -9.250488281250e-01, 3.277078722709e-05, 0.0000e+00, 0.0000e+00, 
 1DIAGNOSTIC,    38, -9.252319335938e-01, 3.208951057046e-05, 0.0000e+00, 0.0000e+00, 
 1DIAGNOSTIC,    39, -9.254760742188e-01, 3.185705623878e-05, 0.0000e+00, 0.0000e+00, 
 1DIAGNOSTIC,    40, -9.257202148438e-01, 3.149620442019e-05, 0.0000e+00, 0.0000e+00, 
 1DIAGNOSTIC,    41, -9.260253906250e-01, 3.188780728072e-05, 0.0000e+00, 0.0000e+00, 
 1DIAGNOSTIC,    42, -9.262695312500e-01, 3.237670412232e-05, 0.0000e+00, 0.0000e+00, 
 1DIAGNOSTIC,    43, -9.265136718750e-01, 3.377351682232e-05, 0.0000e+00, 0.0000e+00, 
 1DIAGNOSTIC,    44, -9.268188476562e-01, 3.493404856898e-05, 0.0000e+00, 0.0000e+00, 
 1DIAGNOSTIC,    45, -9.270629882812e-01, 3.566723684062e-05, 0.0000e+00, 0.0000e+00, 
 1DIAGNOSTIC,    46, -9.273681640625e-01, 3.628427707094e-05, 0.0000e+00, 0.0000e+00, 
 1DIAGNOSTIC,    47, -9.276123046875e-01, 3.625772885436e-05, 0.0000e+00, 0.0000e+00, 
 1DIAGNOSTIC,    48, -9.279174804688e-01, 3.595370613407e-05, 0.0000e+00, 0.0000e+00, 
 1DIAGNOSTIC,    49, -9.281616210938e-01, 3.532958007789e-05, 0.0000e+00, 0.0000e+00, 
 1DIAGNOSTIC,    50, -9.284667968750e-01, 3.476788881149e-05, 0.0000e+00, 0.0000e+00, 
XXDIAGNOSTIC,Iteration,metricValue,convergenceValue,ITERATION_TIME_INDEX,SINCE_LAST
 1DIAGNOSTIC,     1, -8.832397460938e-01, 1.797693134862e+308, 0.0000e+00, 0.0000e+00, 
 1DIAGNOSTIC,     2, -8.843383789062e-01, 1.797693134862e+308, 0.0000e+00, 0.0000e+00, 
 1DIAGNOSTIC,     3, -8.857421875000e-01, 1.797693134862e+308, 0.0000e+00, 0.0000e+00, 
 1DIAGNOSTIC,     4, -8.871459960938e-01, 1.797693134862e+308, 0.0000e+00, 0.0000e+00, 
 1DIAGNOSTIC,     5, -8.884887695312e-01, 1.797693134862e+308, 0.0000e+00, 0.0000e+00, 
 1DIAGNOSTIC,     6, -8.898315429688e-01, 1.797693134862e+308, 0.0000e+00, 0.0000e+00, 
 1DIAGNOSTIC,     7, -8.911743164062e-01, 1.797693134862e+308, 0.0000e+00, 0.0000e+00, 
 1DIAGNOSTIC,     8, -8.923950195312e-01, 1.797693134862e+308, 0.0000e+00, 0.0000e+00, 
 1DIAGNOSTIC,     9, -8.935546875000e-01, 1.797693134862e+308, 0.0000e+00, 0.0000e+00, 
 1DIAGNOSTIC,    10, -8.945312500000e-01, 8.387620016954e-04, 0.0000e+00, 0.0000e+00, 
 1DIAGNOSTIC,    11, -8.955078125000e-01, 7.409940681113e-04, 0.0000e+00, 0.0000e+00, 
 1DIAGNOSTIC,    12, -8.963012695312e-01, 6.430039607273e-04, 0.0000e+00, 0.0000e+00, 
 1DIAGNOSTIC,    13, -8.970947265625e-01, 5.556789342105e-04, 0.0000e+00, 0.0000e+00, 
 1DIAGNOSTIC,    14, -8.977661132812e-01, 4.774044116809e-04, 0.0000e+00, 0.0000e+00, 
 1DIAGNOSTIC,    15, -8.984375000000e-01, 4.086054677587e-04, 0.0000e+00, 0.0000e+00, 
 1DIAGNOSTIC,    16, -8.990478515625e-01, 3.496054071829e-04, 0.0000e+00, 0.0000e+00, 
 1DIAGNOSTIC,    17, -8.996582031250e-01, 3.017793642027e-04, 0.0000e+00, 0.0000e+00, 
 1DIAGNOSTIC,    18, -9.002685546875e-01, 2.636003563610e-04, 0.0000e+00, 0.0000e+00, 
 1DIAGNOSTIC,    19, -9.008789062500e-01, 2.345421285935e-04, 0.0000e+00, 0.0000e+00, 
 1DIAGNOSTIC,    20, -9.014282226562e-01, 2.107241238464e-04, 0.0000e+00, 0.0000e+00, 
  Elapsed time (stage 0): 0


Total elapsed time: 0
