
##########################
# Experiment information #
##########################
SIF_IMG: /project/rrg-glatard/mdugre/containers/ants-p2-vprec.sif
EXPERIMENT_NAME: vprec-space_search
CONFIG: 0001
VFC_BACKENDS: libinterflop_vprec.so --range-binary32=7 --precision-binary32=14 --range-binary64=7 --precision-binary64=14

FIXED_IMG: /templateflow/tpl-MNI152NLin2009cAsym/tpl-MNI152NLin2009cAsym_res-01_desc-brain_T1w.nii.gz
SUBJECT_ID: 0003032
INPUT_IMG: /project/rrg-glatard/mdugre/datasets/corr/RawDataBIDS/BMB_1/derivatives/antsBrainExtraction/sub-0003032/BrainExtractionBrain.nii.gz
OUTPUT_DIR: /project/rrg-glatard/mdugre/datasets/corr/RawDataBIDS/BMB_1/derivatives/vprec-space_search/0001/r7-p14/sub-0003032

ITK_GLOBAL_DEFAULT_NUMBER_OF_THREADS: 8
##########################

VFC_BACKENDS=libinterflop_ieee.so
Info [verificarlo]: loaded backend libinterflop_ieee.so
Info [interflop-ieee]: load backend with:
Info [interflop-ieee]: debug = false
Info [interflop-ieee]: debug-binary = false
Info [interflop-ieee]: no-backend-name = false
Info [interflop-ieee]: print-new-line = false
Info [interflop-ieee]: print-subnormal-normalized = false
Info [interflop-ieee]: count-op = false
All_Command_lines_OK
Using double precision for computations.
=============================================================================
The composite transform comprises the following transforms (in order): 
  1. Center of mass alignment using fixed image: /templateflow/tpl-MNI152NLin2009cAsym/tpl-MNI152NLin2009cAsym_res-01_desc-brain_T1w.nii.gz and moving image: /project/rrg-glatard/mdugre/datasets/corr/RawDataBIDS/BMB_1/derivatives/antsBrainExtraction/sub-0003032/BrainExtractionBrain.nii.gz (type = Euler3DTransform)
=============================================================================
  number of levels = 1
  fixed image: /templateflow/tpl-MNI152NLin2009cAsym/tpl-MNI152NLin2009cAsym_res-01_desc-brain_T1w.nii.gz
  moving image: /project/rrg-glatard/mdugre/datasets/corr/RawDataBIDS/BMB_1/derivatives/antsBrainExtraction/sub-0003032/BrainExtractionBrain.nii.gz
Dimension = 3
Number of stages = 1
Use histogram matching = false
Winsorize image intensities = true
  Lower quantile = 0.005
  Upper quantile = 0.995


Stage 1 State
   Image metric = MattesMI
     Fixed image = Image (0x331d390)
  RTTI typeinfo:   itk::Image<double, 3u>
  Reference Count: 2
  Modified Time: 2330
  Debug: Off
  Object Name: 
  Observers: 
    none
  Source: (none)
  Source output name: (none)
  Release Data: Off
  Data Released: False
  Global Release Data: Off
  PipelineMTime: 0
  UpdateMTime: 1941
  RealTimeStamp: 0 seconds 
  LargestPossibleRegion: 
    Dimension: 3
    Index: [0, 0, 0]
    Size: [193, 229, 193]
  BufferedRegion: 
    Dimension: 3
    Index: [0, 0, 0]
    Size: [193, 229, 193]
  RequestedRegion: 
    Dimension: 3
    Index: [0, 0, 0]
    Size: [193, 229, 193]
  Spacing: [1, 1, 1]
  Origin: [96, 132, -78]
  Direction: 
-1 0 0
0 -1 0
0 0 1

  IndexToPointMatrix: 
-1 0 0
0 -1 0
0 0 1

  PointToIndexMatrix: 
-1 0 0
0 -1 0
0 0 1

  Inverse Direction: 
-1 0 0
0 -1 0
0 0 1

  PixelContainer: 
    ImportImageContainer (0x33e8a90)
      RTTI typeinfo:   itk::ImportImageContainer<unsigned long, double>
      Reference Count: 1
      Modified Time: 1938
      Debug: Off
      Object Name: 
      Observers: 
        none
      Pointer: 0x147334db7010
      Container manages memory: true
      Size: 8530021
      Capacity: 8530021

     Moving image = Image (0x3322390)
  RTTI typeinfo:   itk::Image<double, 3u>
  Reference Count: 2
  Modified Time: 2331
  Debug: Off
  Object Name: 
  Observers: 
    none
  Source: (none)
  Source output name: (none)
  Release Data: Off
  Data Released: False
  Global Release Data: Off
  PipelineMTime: 0
  UpdateMTime: 2328
  RealTimeStamp: 0 seconds 
  LargestPossibleRegion: 
    Dimension: 3
    Index: [0, 0, 0]
    Size: [176, 256, 256]
  BufferedRegion: 
    Dimension: 3
    Index: [0, 0, 0]
    Size: [176, 256, 256]
  RequestedRegion: 
    Dimension: 3
    Index: [0, 0, 0]
    Size: [176, 256, 256]
  Spacing: [1, 1, 1]
  Origin: [-98.1195, 103.084, -121.578]
  Direction: 
1 0 0
0 -1 0
0 0 1

  IndexToPointMatrix: 
1 0 0
0 -1 0
0 0 1

  PointToIndexMatrix: 
1 0 0
0 -1 0
0 0 1

  Inverse Direction: 
1 0 0
0 -1 0
0 0 1

  PixelContainer: 
    ImportImageContainer (0x34c8b90)
      RTTI typeinfo:   itk::ImportImageContainer<unsigned long, double>
      Reference Count: 1
      Modified Time: 2325
      Debug: Off
      Object Name: 
      Observers: 
        none
      Pointer: 0x14732f5b6010
      Container manages memory: true
      Size: 11534336
      Capacity: 11534336

     Weighting = 1
     Sampling strategy = regular
     Number of bins = 32
     Radius = 4
     Sampling percentage  = 0.25
   Transform = Rigid
     Gradient step = 0.1
     Update field sigma (voxel space) = 0
     Total field sigma (voxel space) = 0
     Update field time sigma = 0
     Total field time sigma  = 0
     Number of time indices = 0
     Number of time point samples = 0
Registration using 1 total stages.

Stage 0
  iterations = 0
  convergence threshold = 1e-06
  convergence window size = 10
  number of levels = 1
  using the Mattes MI metric (number of bins = 32, weight = 1, use gradient filter = 0)
  preprocessing:  winsorizing the image intensities
  Shrink factors (level 1 out of 1): [1, 1, 1]
  smoothing sigmas per level: [0]
  regular sampling (percentage = 0.25)

*** Running Euler3DTransform registration ***

  Elapsed time (stage 0): 0.922125


Total elapsed time: 0.923549
VFC_BACKENDS=libinterflop_ieee.so
Info [verificarlo]: loaded backend libinterflop_ieee.so
Info [interflop-ieee]: load backend with:
Info [interflop-ieee]: debug = false
Info [interflop-ieee]: debug-binary = false
Info [interflop-ieee]: no-backend-name = false
Info [interflop-ieee]: print-new-line = false
Info [interflop-ieee]: print-subnormal-normalized = false
Info [interflop-ieee]: count-op = false
All_Command_lines_OK
Using double precision for computations.
=============================================================================
The composite transform comprises the following transforms (in order): 
  1. /project/rrg-glatard/mdugre/datasets/corr/RawDataBIDS/BMB_1/derivatives/vprec-space_search/0001/r7-p14/sub-0003032/align_Composite.h5[0] (type = Euler3DTransform)
  2. /project/rrg-glatard/mdugre/datasets/corr/RawDataBIDS/BMB_1/derivatives/vprec-space_search/0001/r7-p14/sub-0003032/align_Composite.h5[1] (type = Euler3DTransform)
=============================================================================
  number of levels = 4
  fixed image: /templateflow/tpl-MNI152NLin2009cAsym/tpl-MNI152NLin2009cAsym_res-01_desc-brain_T1w.nii.gz
  moving image: /project/rrg-glatard/mdugre/datasets/corr/RawDataBIDS/BMB_1/derivatives/antsBrainExtraction/sub-0003032/BrainExtractionBrain.nii.gz
Dimension = 3
Number of stages = 1
Use histogram matching = false
Winsorize image intensities = true
  Lower quantile = 0.005
  Upper quantile = 0.995


Stage 1 State
   Image metric = MattesMI
     Fixed image = Image (0x3bfe650)
  RTTI typeinfo:   itk::Image<double, 3u>
  Reference Count: 2
  Modified Time: 1578
  Debug: Off
  Object Name: 
  Observers: 
    none
  Source: (none)
  Source output name: (none)
  Release Data: Off
  Data Released: False
  Global Release Data: Off
  PipelineMTime: 0
  UpdateMTime: 1189
  RealTimeStamp: 0 seconds 
  LargestPossibleRegion: 
    Dimension: 3
    Index: [0, 0, 0]
    Size: [193, 229, 193]
  BufferedRegion: 
    Dimension: 3
    Index: [0, 0, 0]
    Size: [193, 229, 193]
  RequestedRegion: 
    Dimension: 3
    Index: [0, 0, 0]
    Size: [193, 229, 193]
  Spacing: [1, 1, 1]
  Origin: [96, 132, -78]
  Direction: 
-1 0 0
0 -1 0
0 0 1

  IndexToPointMatrix: 
-1 0 0
0 -1 0
0 0 1

  PointToIndexMatrix: 
-1 0 0
0 -1 0
0 0 1

  Inverse Direction: 
-1 0 0
0 -1 0
0 0 1

  PixelContainer: 
    ImportImageContainer (0x3cbc210)
      RTTI typeinfo:   itk::ImportImageContainer<unsigned long, double>
      Reference Count: 1
      Modified Time: 1186
      Debug: Off
      Object Name: 
      Observers: 
        none
      Pointer: 0x14b92f49f010
      Container manages memory: true
      Size: 8530021
      Capacity: 8530021

     Moving image = Image (0x3cb96e0)
  RTTI typeinfo:   itk::Image<double, 3u>
  Reference Count: 2
  Modified Time: 1579
  Debug: Off
  Object Name: 
  Observers: 
    none
  Source: (none)
  Source output name: (none)
  Release Data: Off
  Data Released: False
  Global Release Data: Off
  PipelineMTime: 0
  UpdateMTime: 1576
  RealTimeStamp: 0 seconds 
  LargestPossibleRegion: 
    Dimension: 3
    Index: [0, 0, 0]
    Size: [176, 256, 256]
  BufferedRegion: 
    Dimension: 3
    Index: [0, 0, 0]
    Size: [176, 256, 256]
  RequestedRegion: 
    Dimension: 3
    Index: [0, 0, 0]
    Size: [176, 256, 256]
  Spacing: [1, 1, 1]
  Origin: [-98.1195, 103.084, -121.578]
  Direction: 
1 0 0
0 -1 0
0 0 1

  IndexToPointMatrix: 
1 0 0
0 -1 0
0 0 1

  PointToIndexMatrix: 
1 0 0
0 -1 0
0 0 1

  Inverse Direction: 
1 0 0
0 -1 0
0 0 1

  PixelContainer: 
    ImportImageContainer (0x3c8b970)
      RTTI typeinfo:   itk::ImportImageContainer<unsigned long, double>
      Reference Count: 1
      Modified Time: 1573
      Debug: Off
      Object Name: 
      Observers: 
        none
      Pointer: 0x14b929c9e010
      Container manages memory: true
      Size: 11534336
      Capacity: 11534336

     Weighting = 1
     Sampling strategy = regular
     Number of bins = 32
     Radius = 4
     Sampling percentage  = 0.25
   Transform = Rigid
     Gradient step = 0.1
     Update field sigma (voxel space) = 0
     Total field sigma (voxel space) = 0
     Update field time sigma = 0
     Total field time sigma  = 0
     Number of time indices = 0
     Number of time point samples = 0
Registration using 1 total stages.

Stage 0
  iterations = 1000x500x250x100
  convergence threshold = 1e-06
  convergence window size = 10
  number of levels = 4
  using the Mattes MI metric (number of bins = 32, weight = 1, use gradient filter = 0)
  preprocessing:  winsorizing the image intensities
  Shrink factors (level 1 out of 4): [8, 8, 8]
  Shrink factors (level 2 out of 4): [4, 4, 4]
  Shrink factors (level 3 out of 4): [2, 2, 2]
  Shrink factors (level 4 out of 4): [1, 1, 1]
  smoothing sigmas per level: [3, 2, 1, 0]
  regular sampling (percentage = 0.25)

*** Running Euler3DTransform registration ***

DIAGNOSTIC,Iteration,metricValue,convergenceValue,ITERATION_TIME_INDEX,SINCE_LAST
 2DIAGNOSTIC,     1, -5.131071550274e-01, 1.797693134862e+308, 1.1640e+00, 1.1640e+00, 
 2DIAGNOSTIC,     2, -5.145517168442e-01, 1.797693134862e+308, 1.1684e+00, 4.4250e-03, 
 2DIAGNOSTIC,     3, -5.158355060827e-01, 1.797693134862e+308, 1.1730e+00, 4.5669e-03, 
 2DIAGNOSTIC,     4, -5.175544368165e-01, 1.797693134862e+308, 1.1773e+00, 4.3070e-03, 
 2DIAGNOSTIC,     5, -5.198467444846e-01, 1.797693134862e+308, 1.1819e+00, 4.5691e-03, 
 2DIAGNOSTIC,     6, -5.241652456767e-01, 1.797693134862e+308, 1.1865e+00, 4.6589e-03, 
 2DIAGNOSTIC,     7, -5.256222316761e-01, 1.797693134862e+308, 1.1918e+00, 5.3079e-03, 
 2DIAGNOSTIC,     8, -5.254909644666e-01, 1.797693134862e+308, 1.1975e+00, 5.7111e-03, 
 2DIAGNOSTIC,     9, -5.255736731818e-01, 1.797693134862e+308, 1.2034e+00, 5.8391e-03, 
 2DIAGNOSTIC,    10, -5.253955835934e-01, 1.813986011317e-03, 1.2097e+00, 6.2940e-03, 
 2DIAGNOSTIC,    11, -5.252688102406e-01, 1.370053578816e-03, 1.2150e+00, 5.3730e-03, 
 2DIAGNOSTIC,    12, -5.252278943747e-01, 9.411679748364e-04, 1.2197e+00, 4.6210e-03, 
 2DIAGNOSTIC,    13, -5.251315500868e-01, 5.455333298603e-04, 1.2240e+00, 4.2989e-03, 
 2DIAGNOSTIC,    14, -5.249896331197e-01, 2.191814771005e-04, 1.2284e+00, 4.3831e-03, 
 2DIAGNOSTIC,    15, -5.251240219852e-01, 1.097146977699e-06, 1.2339e+00, 5.5821e-03, 
DIAGNOSTIC,Iteration,metricValue,convergenceValue,ITERATION_TIME_INDEX,SINCE_LAST
 2DIAGNOSTIC,     1, -4.123877068868e-01, 1.797693134862e+308, 2.3953e+00, 1.1614e+00, 
 2DIAGNOSTIC,     2, -4.125422183528e-01, 1.797693134862e+308, 2.4294e+00, 3.4063e-02, 
 2DIAGNOSTIC,     3, -4.127718295369e-01, 1.797693134862e+308, 2.4672e+00, 3.7821e-02, 
 2DIAGNOSTIC,     4, -4.129343338323e-01, 1.797693134862e+308, 2.5054e+00, 3.8144e-02, 
 2DIAGNOSTIC,     5, -4.129060416490e-01, 1.797693134862e+308, 2.5431e+00, 3.7776e-02, 
 2DIAGNOSTIC,     6, -4.128921370792e-01, 1.797693134862e+308, 2.5810e+00, 3.7856e-02, 
 2DIAGNOSTIC,     7, -4.129033040191e-01, 1.797693134862e+308, 2.6190e+00, 3.7980e-02, 
 2DIAGNOSTIC,     8, -4.128724784224e-01, 1.797693134862e+308, 2.6567e+00, 3.7761e-02, 
 2DIAGNOSTIC,     9, -4.128683081629e-01, 1.797693134862e+308, 2.6946e+00, 3.7838e-02, 
 2DIAGNOSTIC,    10, -4.128735126035e-01, 5.995242461392e-05, 2.7327e+00, 3.8093e-02, 
 2DIAGNOSTIC,    11, -4.128782207326e-01, 2.571489811451e-05, 2.7706e+00, 3.7897e-02, 
 2DIAGNOSTIC,    12, -4.128692089869e-01, 3.185031817871e-06, 2.8045e+00, 3.3946e-02, 
DIAGNOSTIC,Iteration,metricValue,convergenceValue,ITERATION_TIME_INDEX,SINCE_LAST
 2DIAGNOSTIC,     1, -3.646431550117e-01, 1.797693134862e+308, 4.3881e+00, 1.5836e+00, 
 2DIAGNOSTIC,     2, -3.646542756422e-01, 1.797693134862e+308, 4.7210e+00, 3.3289e-01, 
 2DIAGNOSTIC,     3, -3.646525781311e-01, 1.797693134862e+308, 5.1297e+00, 4.0872e-01, 
 2DIAGNOSTIC,     4, -3.646562335377e-01, 1.797693134862e+308, 5.6929e+00, 5.6317e-01, 
 2DIAGNOSTIC,     5, -3.646553921279e-01, 1.797693134862e+308, 6.0256e+00, 3.3267e-01, 
 2DIAGNOSTIC,     6, -3.646545497656e-01, 1.797693134862e+308, 6.4749e+00, 4.4934e-01, 
 2DIAGNOSTIC,     7, -3.646539535100e-01, 1.797693134862e+308, 6.8080e+00, 3.3312e-01, 
 2DIAGNOSTIC,     8, -3.646533325863e-01, 1.797693134862e+308, 7.1024e+00, 2.9434e-01, 
 2DIAGNOSTIC,     9, -3.646527246610e-01, 1.797693134862e+308, 7.3970e+00, 2.9465e-01, 
 2DIAGNOSTIC,    10, -3.646521727998e-01, 3.725772936086e-06, 7.6920e+00, 2.9498e-01, 
 2DIAGNOSTIC,    11, -3.646524040595e-01, 2.484426927948e-06, 8.0248e+00, 3.3284e-01, 
 2DIAGNOSTIC,    12, -3.646520442821e-01, 2.190057895896e-06, 8.3572e+00, 3.3240e-01, 
 2DIAGNOSTIC,    13, -3.646515676975e-01, 1.845661786140e-06, 8.6897e+00, 3.3246e-01, 
 2DIAGNOSTIC,    14, -3.646503766048e-01, 1.744051370614e-06, 8.9846e+00, 2.9485e-01, 
 2DIAGNOSTIC,    15, -3.646500030146e-01, 1.643148353284e-06, 9.3160e+00, 3.3148e-01, 
 2DIAGNOSTIC,    16, -3.646503172501e-01, 1.572324615340e-06, 9.6472e+00, 3.3116e-01, 
 2DIAGNOSTIC,    17, -3.646492148774e-01, 1.469116049813e-06, 9.9787e+00, 3.3148e-01, 
 2DIAGNOSTIC,    18, -3.646487033280e-01, 1.367977472716e-06, 1.0310e+01, 3.3163e-01, 
 2DIAGNOSTIC,    19, -3.646482668794e-01, 1.273383421152e-06, 1.0604e+01, 2.9413e-01, 
 2DIAGNOSTIC,    20, -3.646480034383e-01, 1.192911364849e-06, 1.0936e+01, 3.3180e-01, 
 2DIAGNOSTIC,    21, -3.646479212613e-01, 1.161906582628e-06, 1.1275e+01, 3.3914e-01, 
 2DIAGNOSTIC,    22, -3.646483106004e-01, 1.167874659883e-06, 1.1608e+01, 3.3222e-01, 
 2DIAGNOSTIC,    23, -3.646478736364e-01, 1.169489950152e-06, 1.1950e+01, 3.4270e-01, 
 2DIAGNOSTIC,    24, -3.646474862712e-01, 1.140462967120e-06, 1.2282e+01, 3.3165e-01, 
 2DIAGNOSTIC,    25, -3.646472293958e-01, 1.111092201952e-06, 1.2576e+01, 2.9404e-01, 
 2DIAGNOSTIC,    26, -3.646472793233e-01, 1.110510947908e-06, 1.2946e+01, 3.6990e-01, 
 2DIAGNOSTIC,    27, -3.646475758171e-01, 1.097048671315e-06, 1.3278e+01, 3.3185e-01, 
 2DIAGNOSTIC,    28, -3.646472392859e-01, 1.068681457210e-06, 1.3609e+01, 3.3110e-01, 
 2DIAGNOSTIC,    29, -3.646469674318e-01, 1.030567198336e-06, 1.3942e+01, 3.3319e-01, 
DIAGNOSTIC,Iteration,metricValue,convergenceValue,ITERATION_TIME_INDEX,SINCE_LAST
 2DIAGNOSTIC,     1, -3.368601123148e-01, 1.797693134862e+308, 1.7068e+01, 3.1258e+00, 
 2DIAGNOSTIC,     2, -3.369836134923e-01, 1.797693134862e+308, 1.9191e+01, 2.1235e+00, 
 2DIAGNOSTIC,     3, -3.370127452195e-01, 1.797693134862e+308, 2.1528e+01, 2.3362e+00, 
 2DIAGNOSTIC,     4, -3.370165915187e-01, 1.797693134862e+308, 2.5803e+01, 4.2755e+00, 
 2DIAGNOSTIC,     5, -3.370167170378e-01, 1.797693134862e+308, 2.8431e+01, 2.6283e+00, 
 2DIAGNOSTIC,     6, -3.370165341635e-01, 1.797693134862e+308, 3.0743e+01, 2.3121e+00, 
 2DIAGNOSTIC,     7, -3.370165016726e-01, 1.797693134862e+308, 3.3380e+01, 2.6361e+00, 
 2DIAGNOSTIC,     8, -3.370163724779e-01, 1.797693134862e+308, 3.5795e+01, 2.4155e+00, 
 2DIAGNOSTIC,     9, -3.370163129949e-01, 1.797693134862e+308, 3.8147e+01, 2.3521e+00, 
 2DIAGNOSTIC,    10, -3.370160954331e-01, 1.895385882177e-05, 4.0218e+01, 2.0705e+00, 
 2DIAGNOSTIC,    11, -3.370161891351e-01, 5.586127287224e-06, 4.2317e+01, 2.0992e+00, 
 2DIAGNOSTIC,    12, -3.370162945765e-01, 2.836261076722e-06, 4.4885e+01, 2.5682e+00, 
 2DIAGNOSTIC,    13, -3.370162315785e-01, 2.371077483812e-06, 4.7240e+01, 2.3547e+00, 
 2DIAGNOSTIC,    14, -3.370160948862e-01, 2.202747905855e-06, 4.9555e+01, 2.3157e+00, 
 2DIAGNOSTIC,    15, -3.370158091495e-01, 2.054826307718e-06, 5.1871e+01, 2.3159e+00, 
 2DIAGNOSTIC,    16, -3.370156688654e-01, 1.914551539306e-06, 5.4233e+01, 2.3620e+00, 
 2DIAGNOSTIC,    17, -3.370156094192e-01, 1.792794682751e-06, 5.6559e+01, 2.3258e+00, 
 2DIAGNOSTIC,    18, -3.370156998699e-01, 1.689863680585e-06, 5.8904e+01, 2.3446e+00, 
 2DIAGNOSTIC,    19, -3.370155681899e-01, 1.596772235365e-06, 6.1232e+01, 2.3284e+00, 
 2DIAGNOSTIC,    20, -3.370155829059e-01, 1.511944701202e-06, 6.3324e+01, 2.0915e+00, 
 2DIAGNOSTIC,    21, -3.370156073299e-01, 1.447145864399e-06, 6.5649e+01, 2.3249e+00, 
 2DIAGNOSTIC,    22, -3.370156283214e-01, 1.399171830736e-06, 6.7775e+01, 2.1262e+00, 
 2DIAGNOSTIC,    23, -3.370157387293e-01, 1.361385109235e-06, 7.0159e+01, 2.3841e+00, 
 2DIAGNOSTIC,    24, -3.370157692584e-01, 1.325220339229e-06, 7.2492e+01, 2.3330e+00, 
 2DIAGNOSTIC,    25, -3.370155006701e-01, 1.273464459814e-06, 7.4830e+01, 2.3381e+00, 
 2DIAGNOSTIC,    26, -3.370153215325e-01, 1.215554327395e-06, 7.7178e+01, 2.3480e+00, 
 2DIAGNOSTIC,    27, -3.370151503923e-01, 1.155403247681e-06, 7.9540e+01, 2.3623e+00, 
 2DIAGNOSTIC,    28, -3.370150325917e-01, 1.100892123400e-06, 8.2099e+01, 2.5590e+00, 
 2DIAGNOSTIC,    29, -3.370148957347e-01, 1.045617326313e-06, 8.4687e+01, 2.5875e+00, 
  Elapsed time (stage 0): 8.5852e+01


Total elapsed time: 8.5854e+01
VFC_BACKENDS=libinterflop_ieee.so
Info [verificarlo]: loaded backend libinterflop_ieee.so
Info [interflop-ieee]: load backend with:
Info [interflop-ieee]: debug = false
Info [interflop-ieee]: debug-binary = false
Info [interflop-ieee]: no-backend-name = false
Info [interflop-ieee]: print-new-line = false
Info [interflop-ieee]: print-subnormal-normalized = false
Info [interflop-ieee]: count-op = false
All_Command_lines_OK
Using double precision for computations.
=============================================================================
The composite transform comprises the following transforms (in order): 
  1. /project/rrg-glatard/mdugre/datasets/corr/RawDataBIDS/BMB_1/derivatives/vprec-space_search/0001/r7-p14/sub-0003032/rigid_Composite.h5[0] (type = Euler3DTransform)
  2. /project/rrg-glatard/mdugre/datasets/corr/RawDataBIDS/BMB_1/derivatives/vprec-space_search/0001/r7-p14/sub-0003032/rigid_Composite.h5[1] (type = Euler3DTransform)
  3. /project/rrg-glatard/mdugre/datasets/corr/RawDataBIDS/BMB_1/derivatives/vprec-space_search/0001/r7-p14/sub-0003032/rigid_Composite.h5[2] (type = Euler3DTransform)
=============================================================================
  number of levels = 4
  fixed image: /templateflow/tpl-MNI152NLin2009cAsym/tpl-MNI152NLin2009cAsym_res-01_desc-brain_T1w.nii.gz
  moving image: /project/rrg-glatard/mdugre/datasets/corr/RawDataBIDS/BMB_1/derivatives/antsBrainExtraction/sub-0003032/BrainExtractionBrain.nii.gz
Dimension = 3
Number of stages = 1
Use histogram matching = false
Winsorize image intensities = true
  Lower quantile = 0.005
  Upper quantile = 0.995


Stage 1 State
   Image metric = MattesMI
     Fixed image = Image (0x3bd6650)
  RTTI typeinfo:   itk::Image<double, 3u>
  Reference Count: 2
  Modified Time: 1592
  Debug: Off
  Object Name: 
  Observers: 
    none
  Source: (none)
  Source output name: (none)
  Release Data: Off
  Data Released: False
  Global Release Data: Off
  PipelineMTime: 0
  UpdateMTime: 1203
  RealTimeStamp: 0 seconds 
  LargestPossibleRegion: 
    Dimension: 3
    Index: [0, 0, 0]
    Size: [193, 229, 193]
  BufferedRegion: 
    Dimension: 3
    Index: [0, 0, 0]
    Size: [193, 229, 193]
  RequestedRegion: 
    Dimension: 3
    Index: [0, 0, 0]
    Size: [193, 229, 193]
  Spacing: [1, 1, 1]
  Origin: [96, 132, -78]
  Direction: 
-1 0 0
0 -1 0
0 0 1

  IndexToPointMatrix: 
-1 0 0
0 -1 0
0 0 1

  PointToIndexMatrix: 
-1 0 0
0 -1 0
0 0 1

  Inverse Direction: 
-1 0 0
0 -1 0
0 0 1

  PixelContainer: 
    ImportImageContainer (0x3ca3290)
      RTTI typeinfo:   itk::ImportImageContainer<unsigned long, double>
      Reference Count: 1
      Modified Time: 1200
      Debug: Off
      Object Name: 
      Observers: 
        none
      Pointer: 0x14d456bb5010
      Container manages memory: true
      Size: 8530021
      Capacity: 8530021

     Moving image = Image (0x3ca2b00)
  RTTI typeinfo:   itk::Image<double, 3u>
  Reference Count: 2
  Modified Time: 1593
  Debug: Off
  Object Name: 
  Observers: 
    none
  Source: (none)
  Source output name: (none)
  Release Data: Off
  Data Released: False
  Global Release Data: Off
  PipelineMTime: 0
  UpdateMTime: 1590
  RealTimeStamp: 0 seconds 
  LargestPossibleRegion: 
    Dimension: 3
    Index: [0, 0, 0]
    Size: [176, 256, 256]
  BufferedRegion: 
    Dimension: 3
    Index: [0, 0, 0]
    Size: [176, 256, 256]
  RequestedRegion: 
    Dimension: 3
    Index: [0, 0, 0]
    Size: [176, 256, 256]
  Spacing: [1, 1, 1]
  Origin: [-98.1195, 103.084, -121.578]
  Direction: 
1 0 0
0 -1 0
0 0 1

  IndexToPointMatrix: 
1 0 0
0 -1 0
0 0 1

  PointToIndexMatrix: 
1 0 0
0 -1 0
0 0 1

  Inverse Direction: 
1 0 0
0 -1 0
0 0 1

  PixelContainer: 
    ImportImageContainer (0x3c640d0)
      RTTI typeinfo:   itk::ImportImageContainer<unsigned long, double>
      Reference Count: 1
      Modified Time: 1587
      Debug: Off
      Object Name: 
      Observers: 
        none
      Pointer: 0x14d4513b4010
      Container manages memory: true
      Size: 11534336
      Capacity: 11534336

     Weighting = 1
     Sampling strategy = regular
     Number of bins = 32
     Radius = 4
     Sampling percentage  = 0.25
   Transform = Affine
     Gradient step = 0.1
     Update field sigma (voxel space) = 0
     Total field sigma (voxel space) = 0
     Update field time sigma = 0
     Total field time sigma  = 0
     Number of time indices = 0
     Number of time point samples = 0
Registration using 1 total stages.

Stage 0
  iterations = 1000x500x250x100
  convergence threshold = 1e-06
  convergence window size = 10
  number of levels = 4
  using the Mattes MI metric (number of bins = 32, weight = 1, use gradient filter = 0)
  preprocessing:  winsorizing the image intensities
  Shrink factors (level 1 out of 4): [8, 8, 8]
  Shrink factors (level 2 out of 4): [4, 4, 4]
  Shrink factors (level 3 out of 4): [2, 2, 2]
  Shrink factors (level 4 out of 4): [1, 1, 1]
  smoothing sigmas per level: [3, 2, 1, 0]
  regular sampling (percentage = 0.25)

*** Running AffineTransform registration ***

DIAGNOSTIC,Iteration,metricValue,convergenceValue,ITERATION_TIME_INDEX,SINCE_LAST
 2DIAGNOSTIC,     1, -5.243909345794e-01, 1.797693134862e+308, 1.1664e+00, 1.1664e+00, 
 2DIAGNOSTIC,     2, -5.258630311900e-01, 1.797693134862e+308, 1.1714e+00, 5.0271e-03, 
 2DIAGNOSTIC,     3, -5.284118857938e-01, 1.797693134862e+308, 1.1764e+00, 4.9782e-03, 
 2DIAGNOSTIC,     4, -5.340248814960e-01, 1.797693134862e+308, 1.1815e+00, 5.0480e-03, 
 2DIAGNOSTIC,     5, -5.446855302655e-01, 1.797693134862e+308, 1.1865e+00, 5.0581e-03, 
 2DIAGNOSTIC,     6, -5.571015559950e-01, 1.797693134862e+308, 1.1918e+00, 5.3270e-03, 
 2DIAGNOSTIC,     7, -6.451812688149e-01, 1.797693134862e+308, 1.1976e+00, 5.7700e-03, 
 2DIAGNOSTIC,     8, -7.675783511932e-01, 1.797693134862e+308, 1.2044e+00, 6.7830e-03, 
 2DIAGNOSTIC,     9, -7.845398885111e-01, 1.797693134862e+308, 1.2110e+00, 6.6359e-03, 
 2DIAGNOSTIC,    10, -7.953518086905e-01, 3.291609713491e-02, 1.2185e+00, 7.4639e-03, 
 2DIAGNOSTIC,    11, -8.002478873010e-01, 3.253439447132e-02, 1.2241e+00, 5.5799e-03, 
 2DIAGNOSTIC,    12, -8.243989157185e-01, 3.015775091868e-02, 1.2303e+00, 6.1860e-03, 
 2DIAGNOSTIC,    13, -8.286363850934e-01, 2.568527017629e-02, 1.2358e+00, 5.5759e-03, 
 2DIAGNOSTIC,    14, -8.315345218917e-01, 1.997223966487e-02, 1.2421e+00, 6.2480e-03, 
 2DIAGNOSTIC,    15, -8.397823436056e-01, 1.397003449422e-02, 1.2498e+00, 7.7100e-03, 
 2DIAGNOSTIC,    16, -8.421799087583e-01, 7.953363507312e-03, 1.2559e+00, 6.1400e-03, 
 2DIAGNOSTIC,    17, -8.449067803773e-01, 4.121105809092e-03, 1.2615e+00, 5.5680e-03, 
 2DIAGNOSTIC,    18, -8.462544911917e-01, 3.141474008393e-03, 1.2678e+00, 6.2649e-03, 
 2DIAGNOSTIC,    19, -8.475503493341e-01, 2.374521990472e-03, 1.2752e+00, 7.4320e-03, 
 2DIAGNOSTIC,    20, -8.478643506272e-01, 1.697083003204e-03, 1.2807e+00, 5.5499e-03, 
 2DIAGNOSTIC,    21, -8.488449630760e-01, 1.033891123768e-03, 1.2863e+00, 5.5850e-03, 
 2DIAGNOSTIC,    22, -8.492368312489e-01, 7.730126972896e-04, 1.2925e+00, 6.1939e-03, 
 2DIAGNOSTIC,    23, -8.494743264231e-01, 5.410513581247e-04, 1.3017e+00, 9.1321e-03, 
 2DIAGNOSTIC,    24, -8.494895308084e-01, 3.240649424600e-04, 1.3072e+00, 5.5840e-03, 
 2DIAGNOSTIC,    25, -8.495632623478e-01, 2.220218328132e-04, 1.3129e+00, 5.6531e-03, 
 2DIAGNOSTIC,    26, -8.496510248645e-01, 1.432497265071e-04, 1.3184e+00, 5.5211e-03, 
 2DIAGNOSTIC,    27, -8.497288013901e-01, 9.615127991159e-05, 1.3241e+00, 5.6338e-03, 
 2DIAGNOSTIC,    28, -8.497747718495e-01, 6.213623488852e-05, 1.3298e+00, 5.7740e-03, 
 2DIAGNOSTIC,    29, -8.497950405532e-01, 4.195621052132e-05, 1.3354e+00, 5.5678e-03, 
 2DIAGNOSTIC,    30, -8.498287883588e-01, 2.346694247386e-05, 1.3409e+00, 5.5401e-03, 
 2DIAGNOSTIC,    31, -8.499016927622e-01, 1.659333372533e-05, 1.3488e+00, 7.8640e-03, 
 2DIAGNOSTIC,    32, -8.499235563159e-01, 1.338242031489e-05, 1.3561e+00, 7.2970e-03, 
 2DIAGNOSTIC,    33, -8.499260446328e-01, 1.190321739183e-05, 1.3623e+00, 6.1650e-03, 
 2DIAGNOSTIC,    34, -8.499307206018e-01, 9.715890248146e-06, 1.3678e+00, 5.5189e-03, 
 2DIAGNOSTIC,    35, -8.499361356981e-01, 7.649018585958e-06, 1.3734e+00, 5.6570e-03, 
 2DIAGNOSTIC,    36, -8.499431437119e-01, 6.003204494988e-06, 1.3791e+00, 5.7130e-03, 
 2DIAGNOSTIC,    37, -8.499530175055e-01, 4.821762519681e-06, 1.3853e+00, 6.1359e-03, 
 2DIAGNOSTIC,    38, -8.499657922244e-01, 3.904444219112e-06, 1.3908e+00, 5.5480e-03, 
 2DIAGNOSTIC,    39, -8.499834285182e-01, 3.103790800492e-06, 1.3964e+00, 5.6000e-03, 
 2DIAGNOSTIC,    40, -8.500672487659e-01, 3.174506325424e-06, 1.4026e+00, 6.1300e-03, 
 2DIAGNOSTIC,    41, -8.501094448046e-01, 4.006777228491e-06, 1.4119e+00, 9.3019e-03, 
 2DIAGNOSTIC,    42, -8.501241423193e-01, 4.805917017008e-06, 1.4174e+00, 5.5790e-03, 
 2DIAGNOSTIC,    43, -8.501294057973e-01, 5.258830137737e-06, 1.4236e+00, 6.1221e-03, 
 2DIAGNOSTIC,    44, -8.501534352985e-01, 5.498043058060e-06, 1.4291e+00, 5.5699e-03, 
 2DIAGNOSTIC,    45, -8.501776036355e-01, 5.494500414580e-06, 1.4370e+00, 7.8762e-03, 
 2DIAGNOSTIC,    46, -8.501903432295e-01, 5.181798735345e-06, 1.4426e+00, 5.5580e-03, 
 2DIAGNOSTIC,    47, -8.501982974079e-01, 4.601900838536e-06, 1.4481e+00, 5.5730e-03, 
 2DIAGNOSTIC,    48, -8.502330364555e-01, 4.038038791610e-06, 1.4538e+00, 5.6338e-03, 
 2DIAGNOSTIC,    49, -8.502572741255e-01, 3.462479897218e-06, 1.4616e+00, 7.8070e-03, 
 2DIAGNOSTIC,    50, -8.502715355233e-01, 3.330174749072e-06, 1.4671e+00, 5.5649e-03, 
 2DIAGNOSTIC,    51, -8.502803057577e-01, 3.304193047383e-06, 1.4727e+00, 5.5060e-03, 
 2DIAGNOSTIC,    52, -8.503223860215e-01, 3.416077420083e-06, 1.4789e+00, 6.2540e-03, 
 2DIAGNOSTIC,    53, -8.503370098551e-01, 3.379007723445e-06, 1.4856e+00, 6.6922e-03, 
 2DIAGNOSTIC,    54, -8.503439731336e-01, 3.277856911402e-06, 1.4911e+00, 5.5251e-03, 
 2DIAGNOSTIC,    55, -8.504248447367e-01, 3.603377391113e-06, 1.4974e+00, 6.2430e-03, 
 2DIAGNOSTIC,    56, -8.504921672705e-01, 4.122142979915e-06, 1.5036e+00, 6.2709e-03, 
 2DIAGNOSTIC,    57, -8.505050317671e-01, 4.399067089041e-06, 1.5099e+00, 6.2561e-03, 
 2DIAGNOSTIC,    58, -8.505525732718e-01, 4.804701060127e-06, 1.5171e+00, 7.1690e-03, 
 2DIAGNOSTIC,    59, -8.506096274971e-01, 5.272771938840e-06, 1.5245e+00, 7.4849e-03, 
 2DIAGNOSTIC,    60, -8.506739321180e-01, 5.720311598765e-06, 1.5317e+00, 7.1430e-03, 
 2DIAGNOSTIC,    61, -8.507201415899e-01, 5.956318743588e-06, 1.5388e+00, 7.0620e-03, 
 2DIAGNOSTIC,    62, -8.507418499287e-01, 6.028975600595e-06, 1.5444e+00, 5.6560e-03, 
 2DIAGNOSTIC,    63, -8.507538025202e-01, 5.728824053589e-06, 1.5508e+00, 6.3870e-03, 
 2DIAGNOSTIC,    64, -8.507641069643e-01, 5.021702605443e-06, 1.5582e+00, 7.3619e-03, 
 2DIAGNOSTIC,    65, -8.507820111345e-01, 4.423504057875e-06, 1.5648e+00, 6.6121e-03, 
 2DIAGNOSTIC,    66, -8.507972571002e-01, 3.904187111065e-06, 1.5703e+00, 5.5301e-03, 
 2DIAGNOSTIC,    67, -8.507995179537e-01, 3.151182261539e-06, 1.5766e+00, 6.3179e-03, 
 2DIAGNOSTIC,    68, -8.508040971506e-01, 2.433079477841e-06, 1.5828e+00, 6.1510e-03, 
 2DIAGNOSTIC,    69, -8.508073407700e-01, 1.848809499255e-06, 1.5891e+00, 6.2959e-03, 
 2DIAGNOSTIC,    70, -8.508080126736e-01, 1.467476843438e-06, 1.5953e+00, 6.2430e-03, 
 2DIAGNOSTIC,    71, -8.508103168856e-01, 1.236978429601e-06, 1.6015e+00, 6.1419e-03, 
 2DIAGNOSTIC,    72, -8.508107242584e-01, 1.045689182723e-06, 1.6077e+00, 6.2940e-03, 
DIAGNOSTIC,Iteration,metricValue,convergenceValue,ITERATION_TIME_INDEX,SINCE_LAST
 2DIAGNOSTIC,     1, -7.073256350190e-01, 1.797693134862e+308, 2.8503e+00, 1.2426e+00, 
 2DIAGNOSTIC,     2, -7.080830340775e-01, 1.797693134862e+308, 2.8946e+00, 4.4286e-02, 
 2DIAGNOSTIC,     3, -7.087980332434e-01, 1.797693134862e+308, 2.9436e+00, 4.8991e-02, 
 2DIAGNOSTIC,     4, -7.094454694921e-01, 1.797693134862e+308, 2.9871e+00, 4.3471e-02, 
 2DIAGNOSTIC,     5, -7.103520061190e-01, 1.797693134862e+308, 3.0351e+00, 4.8010e-02, 
 2DIAGNOSTIC,     6, -7.110064800526e-01, 1.797693134862e+308, 3.0788e+00, 4.3691e-02, 
 2DIAGNOSTIC,     7, -7.111012247190e-01, 1.797693134862e+308, 3.1223e+00, 4.3477e-02, 
 2DIAGNOSTIC,     8, -7.112693953172e-01, 1.797693134862e+308, 3.1838e+00, 6.1551e-02, 
 2DIAGNOSTIC,     9, -7.112921187509e-01, 1.797693134862e+308, 3.2273e+00, 4.3525e-02, 
 2DIAGNOSTIC,    10, -7.113342768077e-01, 3.805974838511e-04, 3.2710e+00, 4.3689e-02, 
 2DIAGNOSTIC,    11, -7.113848581732e-01, 2.669694665843e-04, 3.3280e+00, 5.6985e-02, 
 2DIAGNOSTIC,    12, -7.113964021898e-01, 1.741718649314e-04, 3.3717e+00, 4.3673e-02, 
 2DIAGNOSTIC,    13, -7.113997067244e-01, 1.023182518513e-04, 3.4152e+00, 4.3506e-02, 
 2DIAGNOSTIC,    14, -7.114028494026e-01, 4.978329373495e-05, 3.4632e+00, 4.8025e-02, 
 2DIAGNOSTIC,    15, -7.114105321164e-01, 2.388704023054e-05, 3.5113e+00, 4.8071e-02, 
 2DIAGNOSTIC,    16, -7.114137396346e-01, 1.564074995629e-05, 3.5683e+00, 5.7002e-02, 
 2DIAGNOSTIC,    17, -7.114151774336e-01, 9.273161888972e-06, 3.6119e+00, 4.3577e-02, 
 2DIAGNOSTIC,    18, -7.114164729237e-01, 6.711110860022e-06, 3.6554e+00, 4.3555e-02, 
 2DIAGNOSTIC,    19, -7.114188039796e-01, 4.478512597599e-06, 3.6992e+00, 4.3778e-02, 
 2DIAGNOSTIC,    20, -7.114245186855e-01, 3.137430714242e-06, 3.7653e+00, 6.6049e-02, 
 2DIAGNOSTIC,    21, -7.114251399393e-01, 2.746809475394e-06, 3.8088e+00, 4.3577e-02, 
 2DIAGNOSTIC,    22, -7.114255142256e-01, 2.495573039461e-06, 3.8524e+00, 4.3584e-02, 
 2DIAGNOSTIC,    23, -7.114256990114e-01, 2.230671816358e-06, 3.9092e+00, 5.6744e-02, 
 2DIAGNOSTIC,    24, -7.114257093281e-01, 1.957477861157e-06, 3.9617e+00, 5.2593e-02, 
 2DIAGNOSTIC,    25, -7.114257099565e-01, 1.767343121122e-06, 4.0142e+00, 5.2432e-02, 
 2DIAGNOSTIC,    26, -7.114257101391e-01, 1.594443659818e-06, 4.0668e+00, 5.2645e-02, 
 2DIAGNOSTIC,    27, -7.114257101927e-01, 1.421909129683e-06, 4.1237e+00, 5.6897e-02, 
 2DIAGNOSTIC,    28, -7.114257101999e-01, 1.257405410619e-06, 4.1807e+00, 5.6965e-02, 
 2DIAGNOSTIC,    29, -7.114257102006e-01, 1.122923787997e-06, 4.2376e+00, 5.6886e-02, 
 2DIAGNOSTIC,    30, -7.114257102006e-01, 1.071038475776e-06, 4.2946e+00, 5.7072e-02, 
 2DIAGNOSTIC,    31, -7.114257102006e-01, 1.029460791273e-06, 4.3428e+00, 4.8137e-02, 
DIAGNOSTIC,Iteration,metricValue,convergenceValue,ITERATION_TIME_INDEX,SINCE_LAST
 2DIAGNOSTIC,     1, -6.092723023876e-01, 1.797693134862e+308, 6.0390e+00, 1.6962e+00, 
 2DIAGNOSTIC,     2, -6.096520752259e-01, 1.797693134862e+308, 6.4114e+00, 3.7238e-01, 
 2DIAGNOSTIC,     3, -6.100728844491e-01, 1.797693134862e+308, 6.7842e+00, 3.7280e-01, 
 2DIAGNOSTIC,     4, -6.105207361129e-01, 1.797693134862e+308, 7.2189e+00, 4.3473e-01, 
 2DIAGNOSTIC,     5, -6.111985558646e-01, 1.797693134862e+308, 7.6343e+00, 4.1539e-01, 
 2DIAGNOSTIC,     6, -6.113688591412e-01, 1.797693134862e+308, 8.0066e+00, 3.7236e-01, 
 2DIAGNOSTIC,     7, -6.114076203924e-01, 1.797693134862e+308, 8.4193e+00, 4.1271e-01, 
 2DIAGNOSTIC,     8, -6.114634275677e-01, 1.797693134862e+308, 8.8736e+00, 4.5423e-01, 
 2DIAGNOSTIC,     9, -6.114730901483e-01, 1.797693134862e+308, 9.2435e+00, 3.6994e-01, 
 2DIAGNOSTIC,    10, -6.114997372430e-01, 2.468557838252e-04, 9.6378e+00, 3.9432e-01, 
 2DIAGNOSTIC,    11, -6.115285723579e-01, 1.687699786396e-04, 1.0218e+01, 5.8030e-01, 
 2DIAGNOSTIC,    12, -6.115300251895e-01, 1.037176880629e-04, 1.0609e+01, 3.9080e-01, 
 2DIAGNOSTIC,    13, -6.115329424694e-01, 5.463913917389e-05, 1.1002e+01, 3.9303e-01, 
 2DIAGNOSTIC,    14, -6.115345703706e-01, 2.221295757104e-05, 1.1373e+01, 3.7081e-01, 
 2DIAGNOSTIC,    15, -6.115354069930e-01, 1.321084991622e-05, 1.1787e+01, 4.1396e-01, 
 2DIAGNOSTIC,    16, -6.115354811826e-01, 9.246646690400e-06, 1.2386e+01, 5.9930e-01, 
 2DIAGNOSTIC,    17, -6.115354972576e-01, 6.110249835198e-06, 1.2779e+01, 3.9247e-01, 
 2DIAGNOSTIC,    18, -6.115355515416e-01, 4.386476927125e-06, 1.3150e+01, 3.7174e-01, 
 2DIAGNOSTIC,    19, -6.115356343450e-01, 2.829562987125e-06, 1.3520e+01, 3.6972e-01, 
 2DIAGNOSTIC,    20, -6.115357340490e-01, 1.924857040557e-06, 1.3889e+01, 3.6929e-01, 
 2DIAGNOSTIC,    21, -6.115358780142e-01, 1.717335540198e-06, 1.4259e+01, 3.7019e-01, 
 2DIAGNOSTIC,    22, -6.115361121435e-01, 1.544400416928e-06, 1.4655e+01, 3.9517e-01, 
 2DIAGNOSTIC,    23, -6.115364877404e-01, 1.443134160298e-06, 1.5109e+01, 4.5394e-01, 
 2DIAGNOSTIC,    24, -6.115367503547e-01, 1.380785256411e-06, 1.5478e+01, 3.6988e-01, 
 2DIAGNOSTIC,    25, -6.115371155940e-01, 1.340592434194e-06, 1.5890e+01, 4.1192e-01, 
 2DIAGNOSTIC,    26, -6.115381352633e-01, 1.316639358991e-06, 1.7015e+01, 1.1250e+00, 
 2DIAGNOSTIC,    27, -6.115381352307e-01, 1.285579160432e-06, 1.8141e+01, 1.1253e+00, 
 2DIAGNOSTIC,    28, -6.115381352307e-01, 1.247743251602e-06, 1.8636e+01, 4.9514e-01, 
 2DIAGNOSTIC,    29, -6.115381352307e-01, 1.203539667365e-06, 1.9194e+01, 5.5811e-01, 
 2DIAGNOSTIC,    30, -6.115381352307e-01, 1.153693951296e-06, 1.9628e+01, 4.3426e-01, 
 2DIAGNOSTIC,    31, -6.115381352307e-01, 1.100180913240e-06, 2.0083e+01, 4.5530e-01, 
 2DIAGNOSTIC,    32, -6.115381352307e-01, 1.046357014242e-06, 2.0495e+01, 4.1139e-01, 
DIAGNOSTIC,Iteration,metricValue,convergenceValue,ITERATION_TIME_INDEX,SINCE_LAST
 2DIAGNOSTIC,     1, -5.415145259593e-01, 1.797693134862e+308, 2.4400e+01, 3.9052e+00, 
 2DIAGNOSTIC,     2, -5.417351488790e-01, 1.797693134862e+308, 2.7261e+01, 2.8606e+00, 
 2DIAGNOSTIC,     3, -5.419118216060e-01, 1.797693134862e+308, 2.9957e+01, 2.6964e+00, 
 2DIAGNOSTIC,     4, -5.421052166330e-01, 1.797693134862e+308, 3.2857e+01, 2.9003e+00, 
 2DIAGNOSTIC,     5, -5.423024354287e-01, 1.797693134862e+308, 3.5800e+01, 2.9430e+00, 
 2DIAGNOSTIC,     6, -5.424841357248e-01, 1.797693134862e+308, 3.8944e+01, 3.1439e+00, 
 2DIAGNOSTIC,     7, -5.425524458324e-01, 1.797693134862e+308, 4.3378e+01, 4.4338e+00, 
 2DIAGNOSTIC,     8, -5.425521114614e-01, 1.797693134862e+308, 4.6492e+01, 3.1138e+00, 
 2DIAGNOSTIC,     9, -5.425519175424e-01, 1.797693134862e+308, 4.9640e+01, 3.1481e+00, 
 2DIAGNOSTIC,    10, -5.425518308446e-01, 1.310333820842e-04, 5.3368e+01, 3.7279e+00, 
 2DIAGNOSTIC,    11, -5.425517162878e-01, 8.947643663826e-05, 5.6395e+01, 3.0271e+00, 
 2DIAGNOSTIC,    12, -5.425514542651e-01, 5.665129750426e-05, 5.9562e+01, 3.1671e+00, 
 2DIAGNOSTIC,    13, -5.425512227426e-01, 3.109794958034e-05, 6.2789e+01, 3.2266e+00, 
 2DIAGNOSTIC,    14, -5.425511984301e-01, 1.374522211764e-05, 6.5930e+01, 3.1412e+00, 
 2DIAGNOSTIC,    15, -5.425511321828e-01, 4.394055567847e-06, 6.8984e+01, 3.0546e+00, 
 2DIAGNOSTIC,    16, -5.425510638645e-01, 1.888331863847e-06, 7.1865e+01, 2.8810e+00, 
 2DIAGNOSTIC,    17, -5.425510371527e-01, 1.791975805299e-06, 7.5041e+01, 3.1754e+00, 
 2DIAGNOSTIC,    18, -5.425509143933e-01, 1.700587670801e-06, 7.8370e+01, 3.3294e+00, 
 2DIAGNOSTIC,    19, -5.425509915231e-01, 1.621842138637e-06, 8.1595e+01, 3.2250e+00, 
 2DIAGNOSTIC,    20, -5.425509100882e-01, 1.551318266166e-06, 8.4606e+01, 3.0110e+00, 
 2DIAGNOSTIC,    21, -5.425508272373e-01, 1.486458047796e-06, 8.7413e+01, 2.8072e+00, 
 2DIAGNOSTIC,    22, -5.425507830831e-01, 1.423102446517e-06, 9.0441e+01, 3.0278e+00, 
 2DIAGNOSTIC,    23, -5.425508508405e-01, 1.363687736761e-06, 9.3301e+01, 2.8595e+00, 
 2DIAGNOSTIC,    24, -5.425508301507e-01, 1.310009758816e-06, 9.6327e+01, 3.0261e+00, 
 2DIAGNOSTIC,    25, -5.425509024347e-01, 1.262266951116e-06, 9.9773e+01, 3.4463e+00, 
 2DIAGNOSTIC,    26, -5.425506679558e-01, 1.213101250862e-06, 1.0290e+02, 3.1279e+00, 
 2DIAGNOSTIC,    27, -5.425505855089e-01, 1.166678693397e-06, 1.0607e+02, 3.1724e+00, 
 2DIAGNOSTIC,    28, -5.425503663592e-01, 1.118192495569e-06, 1.0919e+02, 3.1193e+00, 
 2DIAGNOSTIC,    29, -5.425502766285e-01, 1.074568542009e-06, 1.1206e+02, 2.8714e+00, 
 2DIAGNOSTIC,    30, -5.425502174699e-01, 1.033552554937e-06, 1.1505e+02, 2.9875e+00, 
  Elapsed time (stage 0): 1.1688e+02


Total elapsed time: 1.1688e+02
VFC_BACKENDS=libinterflop_vprec.so --range-binary32=7 --precision-binary32=14 --range-binary64=7 --precision-binary64=14
Info [verificarlo]: loaded backend libinterflop_vprec.so
Info [interflop-vprec]: load backend with: 
Info [interflop-vprec]: precision-binary32 = 14
Info [interflop-vprec]: range-binary32 = 7
Info [interflop-vprec]: precision-binary64 = 14
Info [interflop-vprec]: range-binary64 = 7
Info [interflop-vprec]: mode = ob
Info [interflop-vprec]: error-mode = rel
Info [interflop-vprec]: max-abs-error-exponent = -1022
Info [interflop-vprec]: daz = false
Info [interflop-vprec]: ftz = false
Info [interflop-vprec]: 	instrument = none
Info [interflop-vprec]: 	prec-input-file = (null)
Info [interflop-vprec]: 	prec-output-file = (null)
Info [interflop-vprec]: 	prec-log-file = (null)
All_Command_lines_OK
Using double precision for computations.
=============================================================================
The composite transform comprises the following transforms (in order): 
  1. /project/rrg-glatard/mdugre/datasets/corr/RawDataBIDS/BMB_1/derivatives/vprec-space_search/0001/r7-p14/sub-0003032/affine_Composite.h5[0] (type = Euler3DTransform)
  2. /project/rrg-glatard/mdugre/datasets/corr/RawDataBIDS/BMB_1/derivatives/vprec-space_search/0001/r7-p14/sub-0003032/affine_Composite.h5[1] (type = Euler3DTransform)
  3. /project/rrg-glatard/mdugre/datasets/corr/RawDataBIDS/BMB_1/derivatives/vprec-space_search/0001/r7-p14/sub-0003032/affine_Composite.h5[2] (type = Euler3DTransform)
  4. /project/rrg-glatard/mdugre/datasets/corr/RawDataBIDS/BMB_1/derivatives/vprec-space_search/0001/r7-p14/sub-0003032/affine_Composite.h5[3] (type = AffineTransform)
=============================================================================
  number of levels = 4
  fixed image: /templateflow/tpl-MNI152NLin2009cAsym/tpl-MNI152NLin2009cAsym_res-01_desc-brain_T1w.nii.gz
  moving image: /project/rrg-glatard/mdugre/datasets/corr/RawDataBIDS/BMB_1/derivatives/antsBrainExtraction/sub-0003032/BrainExtractionBrain.nii.gz
Dimension = 3
Number of stages = 1
Use histogram matching = false
Winsorize image intensities = true
  Lower quantile = 0.005
  Upper quantile = 0.995


Stage 1 State
   Image metric = CC
     Fixed image = Image (0x3e884c0)
  RTTI typeinfo:   itk::Image<double, 3u>
  Reference Count: 2
  Modified Time: 1606
  Debug: Off
  Object Name: 
  Observers: 
    none
  Source: (none)
  Source output name: (none)
  Release Data: Off
  Data Released: False
  Global Release Data: Off
  PipelineMTime: 0
  UpdateMTime: 1217
  RealTimeStamp: 0 seconds 
  LargestPossibleRegion: 
    Dimension: 3
    Index: [0, 0, 0]
    Size: [193, 229, 193]
  BufferedRegion: 
    Dimension: 3
    Index: [0, 0, 0]
    Size: [193, 229, 193]
  RequestedRegion: 
    Dimension: 3
    Index: [0, 0, 0]
    Size: [193, 229, 193]
  Spacing: [1, 1, 1]
  Origin: [96, 132, -78]
  Direction: 
-1 0 0
0 -1 0
0 0 1

  IndexToPointMatrix: 
-1 0 0
0 -1 0
0 0 1

  PointToIndexMatrix: 
-1 0 0
0 -1 0
0 0 1

  Inverse Direction: 
-1 0 0
0 -1 0
0 0 1

  PixelContainer: 
    ImportImageContainer (0x3f57b10)
      RTTI typeinfo:   itk::ImportImageContainer<unsigned long, double>
      Reference Count: 1
      Modified Time: 1214
      Debug: Off
      Object Name: 
      Observers: 
        none
      Pointer: 0x14c5c60fe010
      Container manages memory: true
      Size: 8530021
      Capacity: 8530021

     Moving image = Image (0x3f5e700)
  RTTI typeinfo:   itk::Image<double, 3u>
  Reference Count: 2
  Modified Time: 1607
  Debug: Off
  Object Name: 
  Observers: 
    none
  Source: (none)
  Source output name: (none)
  Release Data: Off
  Data Released: False
  Global Release Data: Off
  PipelineMTime: 0
  UpdateMTime: 1604
  RealTimeStamp: 0 seconds 
  LargestPossibleRegion: 
    Dimension: 3
    Index: [0, 0, 0]
    Size: [176, 256, 256]
  BufferedRegion: 
    Dimension: 3
    Index: [0, 0, 0]
    Size: [176, 256, 256]
  RequestedRegion: 
    Dimension: 3
    Index: [0, 0, 0]
    Size: [176, 256, 256]
  Spacing: [1, 1, 1]
  Origin: [-98.1211, 103.082, -121.578]
  Direction: 
1 0 0
0 -1 0
0 0 1

  IndexToPointMatrix: 
1 0 0
0 -1 0
0 0 1

  PointToIndexMatrix: 
1 0 0
0 -1 0
0 0 1

  Inverse Direction: 
1 0 0
0 -1 0
0 0 1

  PixelContainer: 
    ImportImageContainer (0x3fdf2d0)
      RTTI typeinfo:   itk::ImportImageContainer<unsigned long, double>
      Reference Count: 1
      Modified Time: 1601
      Debug: Off
      Object Name: 
      Observers: 
        none
      Pointer: 0x14c5c08fd010
      Container manages memory: true
      Size: 11534336
      Capacity: 11534336

     Weighting = 1
     Sampling strategy = none
     Number of bins = 32
     Radius = 4
     Sampling percentage  = 1
   Transform = SyN
     Gradient step = 0.1
     Update field sigma (voxel space) = 3
     Total field sigma (voxel space) = 0
     Update field time sigma = 0
     Total field time sigma  = 0
     Number of time indices = 0
     Number of time point samples = 0
Registration using 1 total stages.

Stage 0
  iterations = 100x70x50x20
  convergence threshold = 1e-06
  convergence window size = 10
  number of levels = 4
  using the CC metric (radius = 4, weight = 1, use gradient filter = 0)
  preprocessing:  winsorizing the image intensities
  Shrink factors (level 1 out of 4): [8, 8, 8]
  Shrink factors (level 2 out of 4): [4, 4, 4]
  Shrink factors (level 3 out of 4): [2, 2, 2]
  Shrink factors (level 4 out of 4): [1, 1, 1]
  smoothing sigmas per level: [3, 2, 1, 0]
  Using default NONE metricSamplingStrategy 

*** Running SyN registration (varianceForUpdateField = 3, varianceForTotalField = 0) ***

XXDIAGNOSTIC,Iteration,metricValue,convergenceValue,ITERATION_TIME_INDEX,SINCE_LAST
 1DIAGNOSTIC,     1, -9.319763183594e-01, 1.797693134862e+308, 0.0000e+00, 0.0000e+00, 
 1DIAGNOSTIC,     2, -9.374389648438e-01, 1.797693134862e+308, 0.0000e+00, 0.0000e+00, 
 1DIAGNOSTIC,     3, -9.420166015625e-01, 1.797693134862e+308, 0.0000e+00, 0.0000e+00, 
 1DIAGNOSTIC,     4, -9.450073242188e-01, 1.797693134862e+308, 0.0000e+00, 0.0000e+00, 
 1DIAGNOSTIC,     5, -9.474487304688e-01, 1.797693134862e+308, 0.0000e+00, 0.0000e+00, 
 1DIAGNOSTIC,     6, -9.502258300781e-01, 1.797693134862e+308, 0.0000e+00, 0.0000e+00, 
 1DIAGNOSTIC,     7, -9.530334472656e-01, 1.797693134862e+308, 0.0000e+00, 0.0000e+00, 
 1DIAGNOSTIC,     8, -9.559020996094e-01, 1.797693134862e+308, 0.0000e+00, 0.0000e+00, 
 1DIAGNOSTIC,     9, -9.585571289062e-01, 1.797693134862e+308, 0.0000e+00, 0.0000e+00, 
 1DIAGNOSTIC,    10, -9.610595703125e-01, 1.845786519915e-03, 0.0000e+00, 0.0000e+00, 
 1DIAGNOSTIC,    11, -9.633178710938e-01, 1.538221830702e-03, 0.0000e+00, 0.0000e+00, 
 1DIAGNOSTIC,    12, -9.652404785156e-01, 1.325953258525e-03, 0.0000e+00, 0.0000e+00, 
 1DIAGNOSTIC,    13, -9.666748046875e-01, 1.163817245413e-03, 0.0000e+00, 0.0000e+00, 
 1DIAGNOSTIC,    14, -9.679565429688e-01, 1.009897976103e-03, 0.0000e+00, 0.0000e+00, 
 1DIAGNOSTIC,    15, -9.690246582031e-01, 8.535568917774e-04, 0.0000e+00, 0.0000e+00, 
 1DIAGNOSTIC,    16, -9.697875976562e-01, 7.039035348786e-04, 0.0000e+00, 0.0000e+00, 
 1DIAGNOSTIC,    17, -9.706420898438e-01, 5.707687366517e-04, 0.0000e+00, 0.0000e+00, 
 1DIAGNOSTIC,    18, -9.710083007812e-01, 4.527630274676e-04, 0.0000e+00, 0.0000e+00, 
 1DIAGNOSTIC,    19, -9.713439941406e-01, 3.517830591380e-04, 0.0000e+00, 0.0000e+00, 
 1DIAGNOSTIC,    20, -9.712829589844e-01, 2.641924832605e-04, 0.0000e+00, 0.0000e+00, 
 1DIAGNOSTIC,    21, -9.714050292969e-01, 1.938246206971e-04, 0.0000e+00, 0.0000e+00, 
 1DIAGNOSTIC,    22, -9.712219238281e-01, 1.350500950287e-04, 0.0000e+00, 0.0000e+00, 
 1DIAGNOSTIC,    23, -9.714355468750e-01, 8.993947846153e-05, 0.0000e+00, 0.0000e+00, 
 1DIAGNOSTIC,    24, -9.714355468750e-01, 5.587044545352e-05, 0.0000e+00, 0.0000e+00, 
 1DIAGNOSTIC,    25, -9.714660644531e-01, 3.234411192160e-05, 0.0000e+00, 0.0000e+00, 
 1DIAGNOSTIC,    26, -9.714050292969e-01, 1.554721754431e-05, 0.0000e+00, 0.0000e+00, 
 1DIAGNOSTIC,    27, -9.714965820312e-01, 8.964806284095e-06, 0.0000e+00, 0.0000e+00, 
 1DIAGNOSTIC,    28, -9.715270996094e-01, 6.150676937967e-06, 0.0000e+00, 0.0000e+00, 
 1DIAGNOSTIC,    29, -9.717102050781e-01, 8.318555202440e-06, 0.0000e+00, 0.0000e+00, 
 1DIAGNOSTIC,    30, -9.715881347656e-01, 7.790346468368e-06, 0.0000e+00, 0.0000e+00, 
 1DIAGNOSTIC,    31, -9.716796875000e-01, 8.824306930333e-06, 0.0000e+00, 0.0000e+00, 
 1DIAGNOSTIC,    32, -9.717102050781e-01, 7.564720505962e-06, 0.0000e+00, 0.0000e+00, 
 1DIAGNOSTIC,    33, -9.718627929688e-01, 8.989550100209e-06, 0.0000e+00, 0.0000e+00, 
 1DIAGNOSTIC,    34, -9.718627929688e-01, 9.514490137578e-06, 0.0000e+00, 0.0000e+00, 
 1DIAGNOSTIC,    35, -9.719848632812e-01, 1.052889007783e-05, 0.0000e+00, 0.0000e+00, 
 1DIAGNOSTIC,    36, -9.718322753906e-01, 8.804127933019e-06, 0.0000e+00, 0.0000e+00, 
 1DIAGNOSTIC,    37, -9.718933105469e-01, 7.658033554046e-06, 0.0000e+00, 0.0000e+00, 
 1DIAGNOSTIC,    38, -9.718322753906e-01, 5.608610749760e-06, 0.0000e+00, 0.0000e+00, 
 1DIAGNOSTIC,    39, -9.718933105469e-01, 5.078651825342e-06, 0.0000e+00, 0.0000e+00, 
 1DIAGNOSTIC,    40, -9.719238281250e-01, 3.468510084505e-06, 0.0000e+00, 0.0000e+00, 
 1DIAGNOSTIC,    41, -9.720764160156e-01, 3.441955213984e-06, 0.0000e+00, 0.0000e+00, 
 1DIAGNOSTIC,    42, -9.719543457031e-01, 2.475215833925e-06, 0.0000e+00, 0.0000e+00, 
 1DIAGNOSTIC,    43, -9.720153808594e-01, 2.883025360882e-06, 0.0000e+00, 0.0000e+00, 
 1DIAGNOSTIC,    44, -9.720458984375e-01, 3.225760917866e-06, 0.0000e+00, 0.0000e+00, 
 1DIAGNOSTIC,    45, -9.721374511719e-01, 4.709595514914e-06, 0.0000e+00, 0.0000e+00, 
 1DIAGNOSTIC,    46, -9.720458984375e-01, 4.146786296851e-06, 0.0000e+00, 0.0000e+00, 
 1DIAGNOSTIC,    47, -9.721069335938e-01, 4.088984154643e-06, 0.0000e+00, 0.0000e+00, 
 1DIAGNOSTIC,    48, -9.720458984375e-01, 2.947875296009e-06, 0.0000e+00, 0.0000e+00, 
 1DIAGNOSTIC,    49, -9.721984863281e-01, 2.904998662536e-06, 0.0000e+00, 0.0000e+00, 
 1DIAGNOSTIC,    50, -9.720458984375e-01, 1.864310284930e-06, 0.0000e+00, 0.0000e+00, 
 1DIAGNOSTIC,    51, -9.721374511719e-01, 2.212469253408e-06, 0.0000e+00, 0.0000e+00, 
 1DIAGNOSTIC,    52, -9.720458984375e-01, 1.169051604723e-06, 0.0000e+00, 0.0000e+00, 
 1DIAGNOSTIC,    53, -9.721374511719e-01, 9.544093875873e-07, 0.0000e+00, 0.0000e+00, 
XXDIAGNOSTIC,Iteration,metricValue,convergenceValue,ITERATION_TIME_INDEX,SINCE_LAST
 1DIAGNOSTIC,     1, -9.076538085938e-01, 1.797693134862e+308, 0.0000e+00, 0.0000e+00, 
 1DIAGNOSTIC,     2, -9.102172851562e-01, 1.797693134862e+308, 0.0000e+00, 0.0000e+00, 
 1DIAGNOSTIC,     3, -9.134826660156e-01, 1.797693134862e+308, 0.0000e+00, 0.0000e+00, 
 1DIAGNOSTIC,     4, -9.164123535156e-01, 1.797693134862e+308, 0.0000e+00, 0.0000e+00, 
 1DIAGNOSTIC,     5, -9.190673828125e-01, 1.797693134862e+308, 0.0000e+00, 0.0000e+00, 
 1DIAGNOSTIC,     6, -9.215393066406e-01, 1.797693134862e+308, 0.0000e+00, 0.0000e+00, 
 1DIAGNOSTIC,     7, -9.236450195312e-01, 1.797693134862e+308, 0.0000e+00, 0.0000e+00, 
 1DIAGNOSTIC,     8, -9.255065917969e-01, 1.797693134862e+308, 0.0000e+00, 0.0000e+00, 
 1DIAGNOSTIC,     9, -9.270019531250e-01, 1.797693134862e+308, 0.0000e+00, 0.0000e+00, 
 1DIAGNOSTIC,    10, -9.282531738281e-01, 1.471142964897e-03, 0.0000e+00, 0.0000e+00, 
 1DIAGNOSTIC,    11, -9.293518066406e-01, 1.205165210200e-03, 0.0000e+00, 0.0000e+00, 
 1DIAGNOSTIC,    12, -9.303283691406e-01, 9.656305479899e-04, 0.0000e+00, 0.0000e+00, 
 1DIAGNOSTIC,    13, -9.311828613281e-01, 7.728436303904e-04, 0.0000e+00, 0.0000e+00, 
 1DIAGNOSTIC,    14, -9.317626953125e-01, 6.141602874290e-04, 0.0000e+00, 0.0000e+00, 
 1DIAGNOSTIC,    15, -9.325256347656e-01, 4.903711278637e-04, 0.0000e+00, 0.0000e+00, 
 1DIAGNOSTIC,    16, -9.332275390625e-01, 3.976564081687e-04, 0.0000e+00, 0.0000e+00, 
 1DIAGNOSTIC,    17, -9.339294433594e-01, 3.295723479497e-04, 0.0000e+00, 0.0000e+00, 
 1DIAGNOSTIC,    18, -9.344787597656e-01, 2.795029142690e-04, 0.0000e+00, 0.0000e+00, 
 1DIAGNOSTIC,    19, -9.349975585938e-01, 2.412698561040e-04, 0.0000e+00, 0.0000e+00, 
 1DIAGNOSTIC,    20, -9.354858398438e-01, 2.110111438553e-04, 0.0000e+00, 0.0000e+00, 
 1DIAGNOSTIC,    21, -9.359130859375e-01, 1.860816996042e-04, 0.0000e+00, 0.0000e+00, 
 1DIAGNOSTIC,    22, -9.360656738281e-01, 1.616694118273e-04, 0.0000e+00, 0.0000e+00, 
 1DIAGNOSTIC,    23, -9.362182617188e-01, 1.378094854835e-04, 0.0000e+00, 0.0000e+00, 
 1DIAGNOSTIC,    24, -9.363708496094e-01, 1.123814413267e-04, 0.0000e+00, 0.0000e+00, 
 1DIAGNOSTIC,    25, -9.365234375000e-01, 8.960818228344e-05, 0.0000e+00, 0.0000e+00, 
 1DIAGNOSTIC,    26, -9.366760253906e-01, 7.017526444168e-05, 0.0000e+00, 0.0000e+00, 
 1DIAGNOSTIC,    27, -9.367980957031e-01, 5.496009268004e-05, 0.0000e+00, 0.0000e+00, 
 1DIAGNOSTIC,    28, -9.369201660156e-01, 4.304292895375e-05, 0.0000e+00, 0.0000e+00, 
 1DIAGNOSTIC,    29, -9.370422363281e-01, 3.464670300789e-05, 0.0000e+00, 0.0000e+00, 
 1DIAGNOSTIC,    30, -9.371643066406e-01, 2.973678875695e-05, 0.0000e+00, 0.0000e+00, 
 1DIAGNOSTIC,    31, -9.372253417969e-01, 2.720285857152e-05, 0.0000e+00, 0.0000e+00, 
 1DIAGNOSTIC,    32, -9.373168945312e-01, 2.465887448806e-05, 0.0000e+00, 0.0000e+00, 
 1DIAGNOSTIC,    33, -9.373779296875e-01, 2.196944941385e-05, 0.0000e+00, 0.0000e+00, 
 1DIAGNOSTIC,    34, -9.374389648438e-01, 1.932907089996e-05, 0.0000e+00, 0.0000e+00, 
 1DIAGNOSTIC,    35, -9.375305175781e-01, 1.718870758296e-05, 0.0000e+00, 0.0000e+00, 
 1DIAGNOSTIC,    36, -9.375610351562e-01, 1.514294120349e-05, 0.0000e+00, 0.0000e+00, 
 1DIAGNOSTIC,    37, -9.376220703125e-01, 1.334898754719e-05, 0.0000e+00, 0.0000e+00, 
 1DIAGNOSTIC,    38, -9.376525878906e-01, 1.165961087669e-05, 0.0000e+00, 0.0000e+00, 
 1DIAGNOSTIC,    39, -9.376831054688e-01, 1.019405319508e-05, 0.0000e+00, 0.0000e+00, 
 1DIAGNOSTIC,    40, -9.377136230469e-01, 9.057665039582e-06, 0.0000e+00, 0.0000e+00, 
 1DIAGNOSTIC,    41, -9.377441406250e-01, 7.849008246515e-06, 0.0000e+00, 0.0000e+00, 
 1DIAGNOSTIC,    42, -9.377746582031e-01, 6.897820857329e-06, 0.0000e+00, 0.0000e+00, 
 1DIAGNOSTIC,    43, -9.377746582031e-01, 5.824443220396e-06, 0.0000e+00, 0.0000e+00, 
 1DIAGNOSTIC,    44, -9.378051757812e-01, 4.935030976930e-06, 0.0000e+00, 0.0000e+00, 
 1DIAGNOSTIC,    45, -9.378356933594e-01, 4.498903705616e-06, 0.0000e+00, 0.0000e+00, 
 1DIAGNOSTIC,    46, -9.378356933594e-01, 3.901693889401e-06, 0.0000e+00, 0.0000e+00, 
 1DIAGNOSTIC,    47, -9.378356933594e-01, 3.414715904652e-06, 0.0000e+00, 0.0000e+00, 
 1DIAGNOSTIC,    48, -9.378356933594e-01, 2.876113329765e-06, 0.0000e+00, 0.0000e+00, 
 1DIAGNOSTIC,    49, -9.378356933594e-01, 2.328241021220e-06, 0.0000e+00, 0.0000e+00, 
 1DIAGNOSTIC,    50, -9.378662109375e-01, 2.001445150106e-06, 0.0000e+00, 0.0000e+00, 
 1DIAGNOSTIC,    51, -9.378662109375e-01, 1.725830957752e-06, 0.0000e+00, 0.0000e+00, 
 1DIAGNOSTIC,    52, -9.378662109375e-01, 1.536308938229e-06, 0.0000e+00, 0.0000e+00, 
 1DIAGNOSTIC,    53, -9.378356933594e-01, 1.085047134530e-06, 0.0000e+00, 0.0000e+00, 
 1DIAGNOSTIC,    54, -9.378356933594e-01, 7.708199158511e-07, 0.0000e+00, 0.0000e+00, 
XXDIAGNOSTIC,Iteration,metricValue,convergenceValue,ITERATION_TIME_INDEX,SINCE_LAST
 1DIAGNOSTIC,     1, -8.889770507812e-01, 1.797693134862e+308, 0.0000e+00, 0.0000e+00, 
 1DIAGNOSTIC,     2, -8.915710449219e-01, 1.797693134862e+308, 0.0000e+00, 0.0000e+00, 
 1DIAGNOSTIC,     3, -8.944702148438e-01, 1.797693134862e+308, 0.0000e+00, 0.0000e+00, 
 1DIAGNOSTIC,     4, -8.971557617188e-01, 1.797693134862e+308, 0.0000e+00, 0.0000e+00, 
 1DIAGNOSTIC,     5, -8.994140625000e-01, 1.797693134862e+308, 0.0000e+00, 0.0000e+00, 
 1DIAGNOSTIC,     6, -9.016113281250e-01, 1.797693134862e+308, 0.0000e+00, 0.0000e+00, 
 1DIAGNOSTIC,     7, -9.034729003906e-01, 1.797693134862e+308, 0.0000e+00, 0.0000e+00, 
 1DIAGNOSTIC,     8, -9.051513671875e-01, 1.797693134862e+308, 0.0000e+00, 0.0000e+00, 
 1DIAGNOSTIC,     9, -9.066772460938e-01, 1.797693134862e+308, 0.0000e+00, 0.0000e+00, 
 1DIAGNOSTIC,    10, -9.080505371094e-01, 1.363920066788e-03, 0.0000e+00, 0.0000e+00, 
 1DIAGNOSTIC,    11, -9.094543457031e-01, 1.133594362876e-03, 0.0000e+00, 0.0000e+00, 
 1DIAGNOSTIC,    12, -9.105529785156e-01, 9.360828380458e-04, 0.0000e+00, 0.0000e+00, 
 1DIAGNOSTIC,    13, -9.115905761719e-01, 7.792072144090e-04, 0.0000e+00, 0.0000e+00, 
 1DIAGNOSTIC,    14, -9.124145507812e-01, 6.524438881401e-04, 0.0000e+00, 0.0000e+00, 
 1DIAGNOSTIC,    15, -9.132690429688e-01, 5.478087275509e-04, 0.0000e+00, 0.0000e+00, 
 1DIAGNOSTIC,    16, -9.139709472656e-01, 4.625318470749e-04, 0.0000e+00, 0.0000e+00, 
 1DIAGNOSTIC,    17, -9.147338867188e-01, 3.928969794681e-04, 0.0000e+00, 0.0000e+00, 
 1DIAGNOSTIC,    18, -9.153137207031e-01, 3.338386391202e-04, 0.0000e+00, 0.0000e+00, 
 1DIAGNOSTIC,    19, -9.159240722656e-01, 2.852006099587e-04, 0.0000e+00, 0.0000e+00, 
 1DIAGNOSTIC,    20, -9.163818359375e-01, 2.433881139724e-04, 0.0000e+00, 0.0000e+00, 
 1DIAGNOSTIC,    21, -9.167480468750e-01, 2.091871541999e-04, 0.0000e+00, 0.0000e+00, 
 1DIAGNOSTIC,    22, -9.171142578125e-01, 1.793219827613e-04, 0.0000e+00, 0.0000e+00, 
 1DIAGNOSTIC,    23, -9.174804687500e-01, 1.543293681734e-04, 0.0000e+00, 0.0000e+00, 
 1DIAGNOSTIC,    24, -9.178161621094e-01, 1.319840053787e-04, 0.0000e+00, 0.0000e+00, 
 1DIAGNOSTIC,    25, -9.181823730469e-01, 1.142895345314e-04, 0.0000e+00, 0.0000e+00, 
 1DIAGNOSTIC,    26, -9.185485839844e-01, 1.000009346255e-04, 0.0000e+00, 0.0000e+00, 
 1DIAGNOSTIC,    27, -9.189147949219e-01, 9.040901148043e-05, 0.0000e+00, 0.0000e+00, 
 1DIAGNOSTIC,    28, -9.193115234375e-01, 8.381485278518e-05, 0.0000e+00, 0.0000e+00, 
 1DIAGNOSTIC,    29, -9.197082519531e-01, 8.057882572402e-05, 0.0000e+00, 0.0000e+00, 
 1DIAGNOSTIC,    30, -9.201660156250e-01, 7.946586378689e-05, 0.0000e+00, 0.0000e+00, 
 1DIAGNOSTIC,    31, -9.206542968750e-01, 7.948371640924e-05, 0.0000e+00, 0.0000e+00, 
 1DIAGNOSTIC,    32, -9.211120605469e-01, 7.997956944669e-05, 0.0000e+00, 0.0000e+00, 
 1DIAGNOSTIC,    33, -9.215087890625e-01, 8.007586894377e-05, 0.0000e+00, 0.0000e+00, 
 1DIAGNOSTIC,    34, -9.218750000000e-01, 7.901308222918e-05, 0.0000e+00, 0.0000e+00, 
 1DIAGNOSTIC,    35, -9.221801757812e-01, 7.648596718181e-05, 0.0000e+00, 0.0000e+00, 
 1DIAGNOSTIC,    36, -9.224548339844e-01, 7.237827392913e-05, 0.0000e+00, 0.0000e+00, 
 1DIAGNOSTIC,    37, -9.226989746094e-01, 6.675258492068e-05, 0.0000e+00, 0.0000e+00, 
 1DIAGNOSTIC,    38, -9.229125976562e-01, 6.009396403378e-05, 0.0000e+00, 0.0000e+00, 
 1DIAGNOSTIC,    39, -9.230957031250e-01, 5.269741376802e-05, 0.0000e+00, 0.0000e+00, 
 1DIAGNOSTIC,    40, -9.232788085938e-01, 4.564292147818e-05, 0.0000e+00, 0.0000e+00, 
 1DIAGNOSTIC,    41, -9.234619140625e-01, 3.968007612297e-05, 0.0000e+00, 0.0000e+00, 
 1DIAGNOSTIC,    42, -9.236145019531e-01, 3.474477769849e-05, 0.0000e+00, 0.0000e+00, 
 1DIAGNOSTIC,    43, -9.237670898438e-01, 3.071263965395e-05, 0.0000e+00, 0.0000e+00, 
 1DIAGNOSTIC,    44, -9.239196777344e-01, 2.762131850308e-05, 0.0000e+00, 0.0000e+00, 
 1DIAGNOSTIC,    45, -9.240722656250e-01, 2.521156016536e-05, 0.0000e+00, 0.0000e+00, 
 1DIAGNOSTIC,    46, -9.241943359375e-01, 2.319831980982e-05, 0.0000e+00, 0.0000e+00, 
 1DIAGNOSTIC,    47, -9.243164062500e-01, 2.150657638622e-05, 0.0000e+00, 0.0000e+00, 
 1DIAGNOSTIC,    48, -9.244689941406e-01, 2.023431610153e-05, 0.0000e+00, 0.0000e+00, 
 1DIAGNOSTIC,    49, -9.245910644531e-01, 1.903556682717e-05, 0.0000e+00, 0.0000e+00, 
 1DIAGNOSTIC,    50, -9.247131347656e-01, 1.798693732342e-05, 0.0000e+00, 0.0000e+00, 
XXDIAGNOSTIC,Iteration,metricValue,convergenceValue,ITERATION_TIME_INDEX,SINCE_LAST
 1DIAGNOSTIC,     1, -8.832092285156e-01, 1.797693134862e+308, 0.0000e+00, 0.0000e+00, 
 1DIAGNOSTIC,     2, -8.845520019531e-01, 1.797693134862e+308, 0.0000e+00, 0.0000e+00, 
 1DIAGNOSTIC,     3, -8.861389160156e-01, 1.797693134862e+308, 0.0000e+00, 0.0000e+00, 
 1DIAGNOSTIC,     4, -8.876647949219e-01, 1.797693134862e+308, 0.0000e+00, 0.0000e+00, 
 1DIAGNOSTIC,     5, -8.890991210938e-01, 1.797693134862e+308, 0.0000e+00, 0.0000e+00, 
 1DIAGNOSTIC,     6, -8.905639648438e-01, 1.797693134862e+308, 0.0000e+00, 0.0000e+00, 
 1DIAGNOSTIC,     7, -8.919372558594e-01, 1.797693134862e+308, 0.0000e+00, 0.0000e+00, 
 1DIAGNOSTIC,     8, -8.933410644531e-01, 1.797693134862e+308, 0.0000e+00, 0.0000e+00, 
 1DIAGNOSTIC,     9, -8.946838378906e-01, 1.797693134862e+308, 0.0000e+00, 0.0000e+00, 
 1DIAGNOSTIC,    10, -8.957824707031e-01, 9.202930352822e-04, 0.0000e+00, 0.0000e+00, 
 1DIAGNOSTIC,    11, -8.965759277344e-01, 8.031432729086e-04, 0.0000e+00, 0.0000e+00, 
 1DIAGNOSTIC,    12, -8.973693847656e-01, 6.899830347405e-04, 0.0000e+00, 0.0000e+00, 
 1DIAGNOSTIC,    13, -8.980712890625e-01, 5.876256880345e-04, 0.0000e+00, 0.0000e+00, 
 1DIAGNOSTIC,    14, -8.986816406250e-01, 4.947490147939e-04, 0.0000e+00, 0.0000e+00, 
 1DIAGNOSTIC,    15, -8.993225097656e-01, 4.128929631737e-04, 0.0000e+00, 0.0000e+00, 
 1DIAGNOSTIC,    16, -8.999023437500e-01, 3.439293774964e-04, 0.0000e+00, 0.0000e+00, 
 1DIAGNOSTIC,    17, -9.005126953125e-01, 2.883193319755e-04, 0.0000e+00, 0.0000e+00, 
 1DIAGNOSTIC,    18, -9.010925292969e-01, 2.469840367987e-04, 0.0000e+00, 0.0000e+00, 
 1DIAGNOSTIC,    19, -9.016723632812e-01, 2.190578500136e-04, 0.0000e+00, 0.0000e+00, 
 1DIAGNOSTIC,    20, -9.022216796875e-01, 1.996486607349e-04, 0.0000e+00, 0.0000e+00, 
  Elapsed time (stage 0): 0


Total elapsed time: 0
