
##########################
# Experiment information #
##########################
SIF_IMG: /project/rrg-glatard/mdugre/containers/ants-p2-vprec.sif
EXPERIMENT_NAME: vprec-space_search
CONFIG: 0001
VFC_BACKENDS: libinterflop_vprec.so --range-binary32=7 --precision-binary32=11 --range-binary64=7 --precision-binary64=11

FIXED_IMG: /templateflow/tpl-MNI152NLin2009cAsym/tpl-MNI152NLin2009cAsym_res-01_desc-brain_T1w.nii.gz
SUBJECT_ID: 0003010
INPUT_IMG: /project/rrg-glatard/mdugre/datasets/corr/RawDataBIDS/BMB_1/derivatives/antsBrainExtraction/sub-0003010/BrainExtractionBrain.nii.gz
OUTPUT_DIR: /project/rrg-glatard/mdugre/datasets/corr/RawDataBIDS/BMB_1/derivatives/vprec-space_search/0001/r7-p11/sub-0003010

ITK_GLOBAL_DEFAULT_NUMBER_OF_THREADS: 8
##########################

VFC_BACKENDS=libinterflop_ieee.so
Info [verificarlo]: loaded backend libinterflop_ieee.so
Info [interflop-ieee]: load backend with:
Info [interflop-ieee]: debug = false
Info [interflop-ieee]: debug-binary = false
Info [interflop-ieee]: no-backend-name = false
Info [interflop-ieee]: print-new-line = false
Info [interflop-ieee]: print-subnormal-normalized = false
Info [interflop-ieee]: count-op = false
All_Command_lines_OK
Using double precision for computations.
=============================================================================
The composite transform comprises the following transforms (in order): 
  1. Center of mass alignment using fixed image: /templateflow/tpl-MNI152NLin2009cAsym/tpl-MNI152NLin2009cAsym_res-01_desc-brain_T1w.nii.gz and moving image: /project/rrg-glatard/mdugre/datasets/corr/RawDataBIDS/BMB_1/derivatives/antsBrainExtraction/sub-0003010/BrainExtractionBrain.nii.gz (type = Euler3DTransform)
=============================================================================
  number of levels = 1
  fixed image: /templateflow/tpl-MNI152NLin2009cAsym/tpl-MNI152NLin2009cAsym_res-01_desc-brain_T1w.nii.gz
  moving image: /project/rrg-glatard/mdugre/datasets/corr/RawDataBIDS/BMB_1/derivatives/antsBrainExtraction/sub-0003010/BrainExtractionBrain.nii.gz
Dimension = 3
Number of stages = 1
Use histogram matching = false
Winsorize image intensities = true
  Lower quantile = 0.005
  Upper quantile = 0.995


Stage 1 State
   Image metric = MattesMI
     Fixed image = Image (0x3ec7390)
  RTTI typeinfo:   itk::Image<double, 3u>
  Reference Count: 2
  Modified Time: 2330
  Debug: Off
  Object Name: 
  Observers: 
    none
  Source: (none)
  Source output name: (none)
  Release Data: Off
  Data Released: False
  Global Release Data: Off
  PipelineMTime: 0
  UpdateMTime: 1941
  RealTimeStamp: 0 seconds 
  LargestPossibleRegion: 
    Dimension: 3
    Index: [0, 0, 0]
    Size: [193, 229, 193]
  BufferedRegion: 
    Dimension: 3
    Index: [0, 0, 0]
    Size: [193, 229, 193]
  RequestedRegion: 
    Dimension: 3
    Index: [0, 0, 0]
    Size: [193, 229, 193]
  Spacing: [1, 1, 1]
  Origin: [96, 132, -78]
  Direction: 
-1 0 0
0 -1 0
0 0 1

  IndexToPointMatrix: 
-1 0 0
0 -1 0
0 0 1

  PointToIndexMatrix: 
-1 0 0
0 -1 0
0 0 1

  Inverse Direction: 
-1 0 0
0 -1 0
0 0 1

  PixelContainer: 
    ImportImageContainer (0x3f92a90)
      RTTI typeinfo:   itk::ImportImageContainer<unsigned long, double>
      Reference Count: 1
      Modified Time: 1938
      Debug: Off
      Object Name: 
      Observers: 
        none
      Pointer: 0x14968ddcf010
      Container manages memory: true
      Size: 8530021
      Capacity: 8530021

     Moving image = Image (0x3ecc390)
  RTTI typeinfo:   itk::Image<double, 3u>
  Reference Count: 2
  Modified Time: 2331
  Debug: Off
  Object Name: 
  Observers: 
    none
  Source: (none)
  Source output name: (none)
  Release Data: Off
  Data Released: False
  Global Release Data: Off
  PipelineMTime: 0
  UpdateMTime: 2328
  RealTimeStamp: 0 seconds 
  LargestPossibleRegion: 
    Dimension: 3
    Index: [0, 0, 0]
    Size: [176, 256, 256]
  BufferedRegion: 
    Dimension: 3
    Index: [0, 0, 0]
    Size: [176, 256, 256]
  RequestedRegion: 
    Dimension: 3
    Index: [0, 0, 0]
    Size: [176, 256, 256]
  Spacing: [1, 1, 1]
  Origin: [-85.6928, 92.6626, -118.566]
  Direction: 
1 0 0
0 -1 0
0 0 1

  IndexToPointMatrix: 
1 0 0
0 -1 0
0 0 1

  PointToIndexMatrix: 
1 0 0
0 -1 0
0 0 1

  Inverse Direction: 
1 0 0
0 -1 0
0 0 1

  PixelContainer: 
    ImportImageContainer (0x4072b90)
      RTTI typeinfo:   itk::ImportImageContainer<unsigned long, double>
      Reference Count: 1
      Modified Time: 2325
      Debug: Off
      Object Name: 
      Observers: 
        none
      Pointer: 0x1496885ce010
      Container manages memory: true
      Size: 11534336
      Capacity: 11534336

     Weighting = 1
     Sampling strategy = regular
     Number of bins = 32
     Radius = 4
     Sampling percentage  = 0.25
   Transform = Rigid
     Gradient step = 0.1
     Update field sigma (voxel space) = 0
     Total field sigma (voxel space) = 0
     Update field time sigma = 0
     Total field time sigma  = 0
     Number of time indices = 0
     Number of time point samples = 0
Registration using 1 total stages.

Stage 0
  iterations = 0
  convergence threshold = 1e-06
  convergence window size = 10
  number of levels = 1
  using the Mattes MI metric (number of bins = 32, weight = 1, use gradient filter = 0)
  preprocessing:  winsorizing the image intensities
  Shrink factors (level 1 out of 1): [1, 1, 1]
  smoothing sigmas per level: [0]
  regular sampling (percentage = 0.25)

*** Running Euler3DTransform registration ***

  Elapsed time (stage 0): 0.977871


Total elapsed time: 0.979258
VFC_BACKENDS=libinterflop_ieee.so
Info [verificarlo]: loaded backend libinterflop_ieee.so
Info [interflop-ieee]: load backend with:
Info [interflop-ieee]: debug = false
Info [interflop-ieee]: debug-binary = false
Info [interflop-ieee]: no-backend-name = false
Info [interflop-ieee]: print-new-line = false
Info [interflop-ieee]: print-subnormal-normalized = false
Info [interflop-ieee]: count-op = false
All_Command_lines_OK
Using double precision for computations.
=============================================================================
The composite transform comprises the following transforms (in order): 
  1. /project/rrg-glatard/mdugre/datasets/corr/RawDataBIDS/BMB_1/derivatives/vprec-space_search/0001/r7-p11/sub-0003010/align_Composite.h5[0] (type = Euler3DTransform)
  2. /project/rrg-glatard/mdugre/datasets/corr/RawDataBIDS/BMB_1/derivatives/vprec-space_search/0001/r7-p11/sub-0003010/align_Composite.h5[1] (type = Euler3DTransform)
=============================================================================
  number of levels = 4
  fixed image: /templateflow/tpl-MNI152NLin2009cAsym/tpl-MNI152NLin2009cAsym_res-01_desc-brain_T1w.nii.gz
  moving image: /project/rrg-glatard/mdugre/datasets/corr/RawDataBIDS/BMB_1/derivatives/antsBrainExtraction/sub-0003010/BrainExtractionBrain.nii.gz
Dimension = 3
Number of stages = 1
Use histogram matching = false
Winsorize image intensities = true
  Lower quantile = 0.005
  Upper quantile = 0.995


Stage 1 State
   Image metric = MattesMI
     Fixed image = Image (0x3528650)
  RTTI typeinfo:   itk::Image<double, 3u>
  Reference Count: 2
  Modified Time: 1578
  Debug: Off
  Object Name: 
  Observers: 
    none
  Source: (none)
  Source output name: (none)
  Release Data: Off
  Data Released: False
  Global Release Data: Off
  PipelineMTime: 0
  UpdateMTime: 1189
  RealTimeStamp: 0 seconds 
  LargestPossibleRegion: 
    Dimension: 3
    Index: [0, 0, 0]
    Size: [193, 229, 193]
  BufferedRegion: 
    Dimension: 3
    Index: [0, 0, 0]
    Size: [193, 229, 193]
  RequestedRegion: 
    Dimension: 3
    Index: [0, 0, 0]
    Size: [193, 229, 193]
  Spacing: [1, 1, 1]
  Origin: [96, 132, -78]
  Direction: 
-1 0 0
0 -1 0
0 0 1

  IndexToPointMatrix: 
-1 0 0
0 -1 0
0 0 1

  PointToIndexMatrix: 
-1 0 0
0 -1 0
0 0 1

  Inverse Direction: 
-1 0 0
0 -1 0
0 0 1

  PixelContainer: 
    ImportImageContainer (0x35e6210)
      RTTI typeinfo:   itk::ImportImageContainer<unsigned long, double>
      Reference Count: 1
      Modified Time: 1186
      Debug: Off
      Object Name: 
      Observers: 
        none
      Pointer: 0x145cbf7f8010
      Container manages memory: true
      Size: 8530021
      Capacity: 8530021

     Moving image = Image (0x35e36e0)
  RTTI typeinfo:   itk::Image<double, 3u>
  Reference Count: 2
  Modified Time: 1579
  Debug: Off
  Object Name: 
  Observers: 
    none
  Source: (none)
  Source output name: (none)
  Release Data: Off
  Data Released: False
  Global Release Data: Off
  PipelineMTime: 0
  UpdateMTime: 1576
  RealTimeStamp: 0 seconds 
  LargestPossibleRegion: 
    Dimension: 3
    Index: [0, 0, 0]
    Size: [176, 256, 256]
  BufferedRegion: 
    Dimension: 3
    Index: [0, 0, 0]
    Size: [176, 256, 256]
  RequestedRegion: 
    Dimension: 3
    Index: [0, 0, 0]
    Size: [176, 256, 256]
  Spacing: [1, 1, 1]
  Origin: [-85.6928, 92.6626, -118.566]
  Direction: 
1 0 0
0 -1 0
0 0 1

  IndexToPointMatrix: 
1 0 0
0 -1 0
0 0 1

  PointToIndexMatrix: 
1 0 0
0 -1 0
0 0 1

  Inverse Direction: 
1 0 0
0 -1 0
0 0 1

  PixelContainer: 
    ImportImageContainer (0x35b5970)
      RTTI typeinfo:   itk::ImportImageContainer<unsigned long, double>
      Reference Count: 1
      Modified Time: 1573
      Debug: Off
      Object Name: 
      Observers: 
        none
      Pointer: 0x145cb9ff7010
      Container manages memory: true
      Size: 11534336
      Capacity: 11534336

     Weighting = 1
     Sampling strategy = regular
     Number of bins = 32
     Radius = 4
     Sampling percentage  = 0.25
   Transform = Rigid
     Gradient step = 0.1
     Update field sigma (voxel space) = 0
     Total field sigma (voxel space) = 0
     Update field time sigma = 0
     Total field time sigma  = 0
     Number of time indices = 0
     Number of time point samples = 0
Registration using 1 total stages.

Stage 0
  iterations = 1000x500x250x100
  convergence threshold = 1e-06
  convergence window size = 10
  number of levels = 4
  using the Mattes MI metric (number of bins = 32, weight = 1, use gradient filter = 0)
  preprocessing:  winsorizing the image intensities
  Shrink factors (level 1 out of 4): [8, 8, 8]
  Shrink factors (level 2 out of 4): [4, 4, 4]
  Shrink factors (level 3 out of 4): [2, 2, 2]
  Shrink factors (level 4 out of 4): [1, 1, 1]
  smoothing sigmas per level: [3, 2, 1, 0]
  regular sampling (percentage = 0.25)

*** Running Euler3DTransform registration ***

DIAGNOSTIC,Iteration,metricValue,convergenceValue,ITERATION_TIME_INDEX,SINCE_LAST
 2DIAGNOSTIC,     1, -4.766681283911e-01, 1.797693134862e+308, 1.5772e+00, 1.5772e+00, 
 2DIAGNOSTIC,     2, -4.767543362574e-01, 1.797693134862e+308, 1.5824e+00, 5.2290e-03, 
 2DIAGNOSTIC,     3, -4.767310717898e-01, 1.797693134862e+308, 1.5875e+00, 5.0249e-03, 
 2DIAGNOSTIC,     4, -4.767018105943e-01, 1.797693134862e+308, 1.5929e+00, 5.4150e-03, 
 2DIAGNOSTIC,     5, -4.766826854458e-01, 1.797693134862e+308, 1.5973e+00, 4.4611e-03, 
 2DIAGNOSTIC,     6, -4.767937322596e-01, 1.797693134862e+308, 1.6022e+00, 4.8859e-03, 
 2DIAGNOSTIC,     7, -4.768829959621e-01, 1.797693134862e+308, 1.6068e+00, 4.5471e-03, 
 2DIAGNOSTIC,     8, -4.770352286580e-01, 1.797693134862e+308, 1.6117e+00, 4.9391e-03, 
 2DIAGNOSTIC,     9, -4.772395041378e-01, 1.797693134862e+308, 1.6167e+00, 4.9770e-03, 
 2DIAGNOSTIC,    10, -4.774266528003e-01, 9.250639642910e-05, 1.6221e+00, 5.4331e-03, 
 2DIAGNOSTIC,    11, -4.775796748597e-01, 1.106844195050e-04, 1.6265e+00, 4.4229e-03, 
 2DIAGNOSTIC,    12, -4.780374470211e-01, 1.430985791919e-04, 1.6310e+00, 4.4880e-03, 
 2DIAGNOSTIC,    13, -4.784088447263e-01, 1.733453711907e-04, 1.6355e+00, 4.4830e-03, 
 2DIAGNOSTIC,    14, -4.788936281238e-01, 2.029330013868e-04, 1.6423e+00, 6.8121e-03, 
 2DIAGNOSTIC,    15, -4.790082987668e-01, 2.137968453790e-04, 1.6479e+00, 5.6031e-03, 
 2DIAGNOSTIC,    16, -4.789489785471e-01, 2.060489858745e-04, 1.6529e+00, 4.9510e-03, 
 2DIAGNOSTIC,    17, -4.788875590073e-01, 1.814944395369e-04, 1.6573e+00, 4.4272e-03, 
 2DIAGNOSTIC,    18, -4.789053850419e-01, 1.484411620629e-04, 1.6625e+00, 5.2080e-03, 
 2DIAGNOSTIC,    19, -4.789221438622e-01, 1.119481966208e-04, 1.6670e+00, 4.4460e-03, 
 2DIAGNOSTIC,    20, -4.788763810627e-01, 7.314464192090e-05, 1.6715e+00, 4.5211e-03, 
 2DIAGNOSTIC,    21, -4.789178380370e-01, 3.694096097633e-05, 1.6761e+00, 4.5950e-03, 
 2DIAGNOSTIC,    22, -4.789759542358e-01, 1.458813950195e-05, 1.6813e+00, 5.1959e-03, 
 2DIAGNOSTIC,    23, -4.790846693836e-01, 4.965987744111e-06, 1.6857e+00, 4.4389e-03, 
 2DIAGNOSTIC,    24, -4.789344399730e-01, 3.929588815968e-06, 1.6903e+00, 4.5559e-03, 
 2DIAGNOSTIC,    25, -4.792710335753e-01, 1.366236462777e-05, 1.6955e+00, 5.2190e-03, 
 2DIAGNOSTIC,    26, -4.792569126157e-01, 1.961389492559e-05, 1.7010e+00, 5.5261e-03, 
 2DIAGNOSTIC,    27, -4.794369308743e-01, 2.598923786890e-05, 1.7089e+00, 7.8950e-03, 
 2DIAGNOSTIC,    28, -4.794586605372e-01, 3.037233709695e-05, 1.7139e+00, 4.9701e-03, 
 2DIAGNOSTIC,    29, -4.794667435622e-01, 3.230192526935e-05, 1.7184e+00, 4.4851e-03, 
 2DIAGNOSTIC,    30, -4.793864774041e-01, 2.864021401867e-05, 1.7235e+00, 5.1630e-03, 
 2DIAGNOSTIC,    31, -4.794241652417e-01, 2.408817192877e-05, 1.7279e+00, 4.3931e-03, 
 2DIAGNOSTIC,    32, -4.794116323963e-01, 1.840076562105e-05, 1.7342e+00, 6.3112e-03, 
 2DIAGNOSTIC,    33, -4.793970218583e-01, 1.322062859825e-05, 1.7390e+00, 4.7600e-03, 
 2DIAGNOSTIC,    34, -4.794558273290e-01, 5.481449791553e-06, 1.7442e+00, 5.2049e-03, 
 2DIAGNOSTIC,    35, -4.794763513963e-01, 3.849912263414e-06, 1.7488e+00, 4.6511e-03, 
 2DIAGNOSTIC,    36, -4.794391762254e-01, 1.097984844739e-06, 1.7541e+00, 5.2650e-03, 
DIAGNOSTIC,Iteration,metricValue,convergenceValue,ITERATION_TIME_INDEX,SINCE_LAST
 2DIAGNOSTIC,     1, -3.859124837757e-01, 1.797693134862e+308, 2.9859e+00, 1.2318e+00, 
 2DIAGNOSTIC,     2, -3.862827646192e-01, 1.797693134862e+308, 3.0210e+00, 3.5156e-02, 
 2DIAGNOSTIC,     3, -3.870201821947e-01, 1.797693134862e+308, 3.0560e+00, 3.4940e-02, 
 2DIAGNOSTIC,     4, -3.876352113453e-01, 1.797693134862e+308, 3.0914e+00, 3.5441e-02, 
 2DIAGNOSTIC,     5, -3.878532297773e-01, 1.797693134862e+308, 3.1301e+00, 3.8734e-02, 
 2DIAGNOSTIC,     6, -3.880848462289e-01, 1.797693134862e+308, 3.1689e+00, 3.8764e-02, 
 2DIAGNOSTIC,     7, -3.881499365332e-01, 1.797693134862e+308, 3.2076e+00, 3.8670e-02, 
 2DIAGNOSTIC,     8, -3.882011803304e-01, 1.797693134862e+308, 3.2418e+00, 3.4276e-02, 
 2DIAGNOSTIC,     9, -3.883633297213e-01, 1.797693134862e+308, 3.2808e+00, 3.8969e-02, 
 2DIAGNOSTIC,    10, -3.885903859202e-01, 4.140333071345e-04, 3.3194e+00, 3.8587e-02, 
 2DIAGNOSTIC,    11, -3.887206718161e-01, 3.023781513423e-04, 3.3664e+00, 4.7009e-02, 
 2DIAGNOSTIC,    12, -3.887711029638e-01, 2.075693906643e-04, 3.4016e+00, 3.5141e-02, 
 2DIAGNOSTIC,    13, -3.888803570996e-01, 1.560865110951e-04, 3.4408e+00, 3.9239e-02, 
 2DIAGNOSTIC,    14, -3.889039102147e-01, 1.310951068208e-04, 3.4917e+00, 5.0885e-02, 
 2DIAGNOSTIC,    15, -3.889004013142e-01, 1.077454455248e-04, 3.5305e+00, 3.8823e-02, 
 2DIAGNOSTIC,    16, -3.888902781910e-01, 8.778967897570e-05, 3.5691e+00, 3.8643e-02, 
 2DIAGNOSTIC,    17, -3.888798732694e-01, 6.477650313163e-05, 3.6080e+00, 3.8827e-02, 
 2DIAGNOSTIC,    18, -3.888759328693e-01, 4.036619120957e-05, 3.6432e+00, 3.5271e-02, 
 2DIAGNOSTIC,    19, -3.888731774351e-01, 2.089941069100e-05, 3.6817e+00, 3.8479e-02, 
 2DIAGNOSTIC,    20, -3.888757641125e-01, 9.948053662515e-06, 3.7203e+00, 3.8552e-02, 
 2DIAGNOSTIC,    21, -3.888720200706e-01, 3.684680864306e-06, 3.7545e+00, 3.4264e-02, 
DIAGNOSTIC,Iteration,metricValue,convergenceValue,ITERATION_TIME_INDEX,SINCE_LAST
 2DIAGNOSTIC,     1, -3.391342860345e-01, 1.797693134862e+308, 5.4447e+00, 1.6901e+00, 
 2DIAGNOSTIC,     2, -3.392215849187e-01, 1.797693134862e+308, 5.7385e+00, 2.9387e-01, 
 2DIAGNOSTIC,     3, -3.396024545792e-01, 1.797693134862e+308, 6.0328e+00, 2.9427e-01, 
 2DIAGNOSTIC,     4, -3.401408052764e-01, 1.797693134862e+308, 6.3262e+00, 2.9342e-01, 
 2DIAGNOSTIC,     5, -3.407726109918e-01, 1.797693134862e+308, 6.8147e+00, 4.8844e-01, 
 2DIAGNOSTIC,     6, -3.408034647190e-01, 1.797693134862e+308, 7.1062e+00, 2.9151e-01, 
 2DIAGNOSTIC,     7, -3.408599270303e-01, 1.797693134862e+308, 7.3989e+00, 2.9269e-01, 
 2DIAGNOSTIC,     8, -3.410108009078e-01, 1.797693134862e+308, 7.6906e+00, 2.9169e-01, 
 2DIAGNOSTIC,     9, -3.413338442778e-01, 1.797693134862e+308, 8.0214e+00, 3.3083e-01, 
 2DIAGNOSTIC,    10, -3.415010056724e-01, 4.658155822355e-04, 8.4660e+00, 4.4464e-01, 
 2DIAGNOSTIC,    11, -3.414950972355e-01, 3.739358588405e-04, 9.2095e+00, 7.4345e-01, 
 2DIAGNOSTIC,    12, -3.414953662501e-01, 2.710495635521e-04, 9.5767e+00, 3.6722e-01, 
 2DIAGNOSTIC,    13, -3.414948687460e-01, 1.836556395508e-04, 9.9084e+00, 3.3171e-01, 
 2DIAGNOSTIC,    14, -3.414943276486e-01, 1.229573462757e-04, 1.0201e+01, 2.9238e-01, 
 2DIAGNOSTIC,    15, -3.414938410995e-01, 9.435660530342e-05, 1.0493e+01, 2.9230e-01, 
 2DIAGNOSTIC,    16, -3.414940660256e-01, 6.275825023296e-05, 1.0823e+01, 3.3021e-01, 
 2DIAGNOSTIC,    17, -3.414930911716e-01, 3.212441396790e-05, 1.1126e+01, 3.0287e-01, 
 2DIAGNOSTIC,    18, -3.414929183996e-01, 8.747088478533e-06, 1.1458e+01, 3.3162e-01, 
 2DIAGNOSTIC,    19, -3.414925856759e-01, 1.133942904075e-06, 1.1752e+01, 2.9374e-01, 
 2DIAGNOSTIC,    20, -3.414924496632e-01, 1.301799035326e-06, 1.2042e+01, 2.9081e-01, 
 2DIAGNOSTIC,    21, -3.414926419542e-01, 1.252950820659e-06, 1.2372e+01, 3.2931e-01, 
 2DIAGNOSTIC,    22, -3.414927287799e-01, 1.246813191774e-06, 1.2775e+01, 4.0303e-01, 
 2DIAGNOSTIC,    23, -3.414923064534e-01, 1.227378242256e-06, 1.3105e+01, 3.3026e-01, 
 2DIAGNOSTIC,    24, -3.414905726152e-01, 1.146168383856e-06, 1.3435e+01, 3.2962e-01, 
 2DIAGNOSTIC,    25, -3.414901042548e-01, 1.057549513322e-06, 1.3728e+01, 2.9325e-01, 
DIAGNOSTIC,Iteration,metricValue,convergenceValue,ITERATION_TIME_INDEX,SINCE_LAST
 2DIAGNOSTIC,     1, -3.172508675705e-01, 1.797693134862e+308, 1.7045e+01, 3.3170e+00, 
 2DIAGNOSTIC,     2, -3.172614474772e-01, 1.797693134862e+308, 1.9123e+01, 2.0778e+00, 
 2DIAGNOSTIC,     3, -3.172945166267e-01, 1.797693134862e+308, 2.1435e+01, 2.3125e+00, 
 2DIAGNOSTIC,     4, -3.173102502128e-01, 1.797693134862e+308, 2.4750e+01, 3.3148e+00, 
 2DIAGNOSTIC,     5, -3.173114965330e-01, 1.797693134862e+308, 2.7386e+01, 2.6357e+00, 
 2DIAGNOSTIC,     6, -3.173115477256e-01, 1.797693134862e+308, 3.0392e+01, 3.0064e+00, 
 2DIAGNOSTIC,     7, -3.173114275177e-01, 1.797693134862e+308, 3.3482e+01, 3.0899e+00, 
 2DIAGNOSTIC,     8, -3.173114556539e-01, 1.797693134862e+308, 3.5953e+01, 2.4714e+00, 
 2DIAGNOSTIC,     9, -3.173113802666e-01, 1.797693134862e+308, 3.8281e+01, 2.3275e+00, 
 2DIAGNOSTIC,    10, -3.173112885958e-01, 1.361551664553e-05, 4.0610e+01, 2.3293e+00, 
 2DIAGNOSTIC,    11, -3.173111278834e-01, 8.191748684550e-06, 4.2918e+01, 2.3083e+00, 
 2DIAGNOSTIC,    12, -3.173111143542e-01, 3.930655585085e-06, 4.5014e+01, 2.0954e+00, 
 2DIAGNOSTIC,    13, -3.173110009744e-01, 2.450078212313e-06, 4.7838e+01, 2.8243e+00, 
 2DIAGNOSTIC,    14, -3.173111698791e-01, 2.195919488829e-06, 5.0686e+01, 2.8482e+00, 
 2DIAGNOSTIC,    15, -3.173111114688e-01, 2.053163895649e-06, 5.3270e+01, 2.5838e+00, 
 2DIAGNOSTIC,    16, -3.173110482942e-01, 1.934198337564e-06, 5.5635e+01, 2.3646e+00, 
 2DIAGNOSTIC,    17, -3.173109830973e-01, 1.824529484488e-06, 5.7756e+01, 2.1211e+00, 
 2DIAGNOSTIC,    18, -3.173109204539e-01, 1.729637903666e-06, 5.9846e+01, 2.0905e+00, 
 2DIAGNOSTIC,    19, -3.173108621487e-01, 1.641835931390e-06, 6.1919e+01, 2.0728e+00, 
 2DIAGNOSTIC,    20, -3.173108800009e-01, 1.562655409300e-06, 6.4493e+01, 2.5736e+00, 
 2DIAGNOSTIC,    21, -3.173108881063e-01, 1.487149128516e-06, 6.6563e+01, 2.0705e+00, 
 2DIAGNOSTIC,    22, -3.173107640260e-01, 1.415686451317e-06, 6.8891e+01, 2.3278e+00, 
 2DIAGNOSTIC,    23, -3.173107728470e-01, 1.349152187122e-06, 7.0963e+01, 2.0716e+00, 
 2DIAGNOSTIC,    24, -3.173107188641e-01, 1.295607497342e-06, 7.3174e+01, 2.2110e+00, 
 2DIAGNOSTIC,    25, -3.173107440152e-01, 1.247938376796e-06, 7.5538e+01, 2.3644e+00, 
 2DIAGNOSTIC,    26, -3.173107624923e-01, 1.204671004063e-06, 7.7849e+01, 2.3109e+00, 
 2DIAGNOSTIC,    27, -3.173106383184e-01, 1.160174554510e-06, 7.9931e+01, 2.0819e+00, 
 2DIAGNOSTIC,    28, -3.173105236695e-01, 1.115096869252e-06, 8.2245e+01, 2.3143e+00, 
 2DIAGNOSTIC,    29, -3.173105385436e-01, 1.073781845572e-06, 8.4352e+01, 2.1072e+00, 
 2DIAGNOSTIC,    30, -3.173105637123e-01, 1.038521908414e-06, 8.6691e+01, 2.3391e+00, 
 2DIAGNOSTIC,    31, -3.173105996853e-01, 1.008888615449e-06, 8.9013e+01, 2.3217e+00, 
  Elapsed time (stage 0): 9.0232e+01


Total elapsed time: 9.0233e+01
VFC_BACKENDS=libinterflop_ieee.so
Info [verificarlo]: loaded backend libinterflop_ieee.so
Info [interflop-ieee]: load backend with:
Info [interflop-ieee]: debug = false
Info [interflop-ieee]: debug-binary = false
Info [interflop-ieee]: no-backend-name = false
Info [interflop-ieee]: print-new-line = false
Info [interflop-ieee]: print-subnormal-normalized = false
Info [interflop-ieee]: count-op = false
All_Command_lines_OK
Using double precision for computations.
=============================================================================
The composite transform comprises the following transforms (in order): 
  1. /project/rrg-glatard/mdugre/datasets/corr/RawDataBIDS/BMB_1/derivatives/vprec-space_search/0001/r7-p11/sub-0003010/rigid_Composite.h5[0] (type = Euler3DTransform)
  2. /project/rrg-glatard/mdugre/datasets/corr/RawDataBIDS/BMB_1/derivatives/vprec-space_search/0001/r7-p11/sub-0003010/rigid_Composite.h5[1] (type = Euler3DTransform)
  3. /project/rrg-glatard/mdugre/datasets/corr/RawDataBIDS/BMB_1/derivatives/vprec-space_search/0001/r7-p11/sub-0003010/rigid_Composite.h5[2] (type = Euler3DTransform)
=============================================================================
  number of levels = 4
  fixed image: /templateflow/tpl-MNI152NLin2009cAsym/tpl-MNI152NLin2009cAsym_res-01_desc-brain_T1w.nii.gz
  moving image: /project/rrg-glatard/mdugre/datasets/corr/RawDataBIDS/BMB_1/derivatives/antsBrainExtraction/sub-0003010/BrainExtractionBrain.nii.gz
Dimension = 3
Number of stages = 1
Use histogram matching = false
Winsorize image intensities = true
  Lower quantile = 0.005
  Upper quantile = 0.995


Stage 1 State
   Image metric = MattesMI
     Fixed image = Image (0x3b00650)
  RTTI typeinfo:   itk::Image<double, 3u>
  Reference Count: 2
  Modified Time: 1592
  Debug: Off
  Object Name: 
  Observers: 
    none
  Source: (none)
  Source output name: (none)
  Release Data: Off
  Data Released: False
  Global Release Data: Off
  PipelineMTime: 0
  UpdateMTime: 1203
  RealTimeStamp: 0 seconds 
  LargestPossibleRegion: 
    Dimension: 3
    Index: [0, 0, 0]
    Size: [193, 229, 193]
  BufferedRegion: 
    Dimension: 3
    Index: [0, 0, 0]
    Size: [193, 229, 193]
  RequestedRegion: 
    Dimension: 3
    Index: [0, 0, 0]
    Size: [193, 229, 193]
  Spacing: [1, 1, 1]
  Origin: [96, 132, -78]
  Direction: 
-1 0 0
0 -1 0
0 0 1

  IndexToPointMatrix: 
-1 0 0
0 -1 0
0 0 1

  PointToIndexMatrix: 
-1 0 0
0 -1 0
0 0 1

  Inverse Direction: 
-1 0 0
0 -1 0
0 0 1

  PixelContainer: 
    ImportImageContainer (0x3bcd290)
      RTTI typeinfo:   itk::ImportImageContainer<unsigned long, double>
      Reference Count: 1
      Modified Time: 1200
      Debug: Off
      Object Name: 
      Observers: 
        none
      Pointer: 0x150065591010
      Container manages memory: true
      Size: 8530021
      Capacity: 8530021

     Moving image = Image (0x3bccb00)
  RTTI typeinfo:   itk::Image<double, 3u>
  Reference Count: 2
  Modified Time: 1593
  Debug: Off
  Object Name: 
  Observers: 
    none
  Source: (none)
  Source output name: (none)
  Release Data: Off
  Data Released: False
  Global Release Data: Off
  PipelineMTime: 0
  UpdateMTime: 1590
  RealTimeStamp: 0 seconds 
  LargestPossibleRegion: 
    Dimension: 3
    Index: [0, 0, 0]
    Size: [176, 256, 256]
  BufferedRegion: 
    Dimension: 3
    Index: [0, 0, 0]
    Size: [176, 256, 256]
  RequestedRegion: 
    Dimension: 3
    Index: [0, 0, 0]
    Size: [176, 256, 256]
  Spacing: [1, 1, 1]
  Origin: [-85.6928, 92.6626, -118.566]
  Direction: 
1 0 0
0 -1 0
0 0 1

  IndexToPointMatrix: 
1 0 0
0 -1 0
0 0 1

  PointToIndexMatrix: 
1 0 0
0 -1 0
0 0 1

  Inverse Direction: 
1 0 0
0 -1 0
0 0 1

  PixelContainer: 
    ImportImageContainer (0x3b8e0d0)
      RTTI typeinfo:   itk::ImportImageContainer<unsigned long, double>
      Reference Count: 1
      Modified Time: 1587
      Debug: Off
      Object Name: 
      Observers: 
        none
      Pointer: 0x15005fd90010
      Container manages memory: true
      Size: 11534336
      Capacity: 11534336

     Weighting = 1
     Sampling strategy = regular
     Number of bins = 32
     Radius = 4
     Sampling percentage  = 0.25
   Transform = Affine
     Gradient step = 0.1
     Update field sigma (voxel space) = 0
     Total field sigma (voxel space) = 0
     Update field time sigma = 0
     Total field time sigma  = 0
     Number of time indices = 0
     Number of time point samples = 0
Registration using 1 total stages.

Stage 0
  iterations = 1000x500x250x100
  convergence threshold = 1e-06
  convergence window size = 10
  number of levels = 4
  using the Mattes MI metric (number of bins = 32, weight = 1, use gradient filter = 0)
  preprocessing:  winsorizing the image intensities
  Shrink factors (level 1 out of 4): [8, 8, 8]
  Shrink factors (level 2 out of 4): [4, 4, 4]
  Shrink factors (level 3 out of 4): [2, 2, 2]
  Shrink factors (level 4 out of 4): [1, 1, 1]
  smoothing sigmas per level: [3, 2, 1, 0]
  regular sampling (percentage = 0.25)

*** Running AffineTransform registration ***

DIAGNOSTIC,Iteration,metricValue,convergenceValue,ITERATION_TIME_INDEX,SINCE_LAST
 2DIAGNOSTIC,     1, -4.788745858745e-01, 1.797693134862e+308, 1.1969e+00, 1.1969e+00, 
 2DIAGNOSTIC,     2, -4.801088364667e-01, 1.797693134862e+308, 1.2024e+00, 5.5599e-03, 
 2DIAGNOSTIC,     3, -4.824612183874e-01, 1.797693134862e+308, 1.2078e+00, 5.4059e-03, 
 2DIAGNOSTIC,     4, -4.868247806471e-01, 1.797693134862e+308, 1.2131e+00, 5.2710e-03, 
 2DIAGNOSTIC,     5, -4.945844999757e-01, 1.797693134862e+308, 1.2187e+00, 5.5511e-03, 
 2DIAGNOSTIC,     6, -5.092946049221e-01, 1.797693134862e+308, 1.2241e+00, 5.4641e-03, 
 2DIAGNOSTIC,     7, -5.450913271401e-01, 1.797693134862e+308, 1.2301e+00, 5.9309e-03, 
 2DIAGNOSTIC,     8, -6.704000617469e-01, 1.797693134862e+308, 1.2376e+00, 7.5679e-03, 
 2DIAGNOSTIC,     9, -7.618632318533e-01, 1.797693134862e+308, 1.2446e+00, 6.9640e-03, 
 2DIAGNOSTIC,    10, -7.952539014127e-01, 3.607814228156e-02, 1.2531e+00, 8.5430e-03, 
 2DIAGNOSTIC,    11, -8.199972816552e-01, 3.895524971144e-02, 1.2602e+00, 7.0820e-03, 
 2DIAGNOSTIC,    12, -8.240888093159e-01, 3.799658432952e-02, 1.2668e+00, 6.5911e-03, 
 2DIAGNOSTIC,    13, -8.299219671931e-01, 3.409228394391e-02, 1.2737e+00, 6.8688e-03, 
 2DIAGNOSTIC,    14, -8.323640304474e-01, 2.804571282005e-02, 1.2803e+00, 6.6671e-03, 
 2DIAGNOSTIC,    15, -8.333915989331e-01, 2.079456570170e-02, 1.2864e+00, 6.0802e-03, 
 2DIAGNOSTIC,    16, -8.340694977906e-01, 1.324927243211e-02, 1.2929e+00, 6.4340e-03, 
 2DIAGNOSTIC,    17, -8.343378426062e-01, 6.433794109003e-03, 1.3011e+00, 8.2030e-03, 
 2DIAGNOSTIC,    18, -8.344526401567e-01, 2.795535480521e-03, 1.3076e+00, 6.5222e-03, 
 2DIAGNOSTIC,    19, -8.344841237315e-01, 1.320673819585e-03, 1.3134e+00, 5.7969e-03, 
 2DIAGNOSTIC,    20, -8.345224861962e-01, 5.660129022670e-04, 1.3206e+00, 7.2682e-03, 
 2DIAGNOSTIC,    21, -8.345429604639e-01, 3.175796385091e-04, 1.3274e+00, 6.7811e-03, 
 2DIAGNOSTIC,    22, -8.345755235372e-01, 1.387387161642e-04, 1.3336e+00, 6.1319e-03, 
 2DIAGNOSTIC,    23, -8.346184966730e-01, 6.547659668071e-05, 1.3412e+00, 7.6022e-03, 
 2DIAGNOSTIC,    24, -8.346219660599e-01, 3.305997942065e-05, 1.3477e+00, 6.5060e-03, 
 2DIAGNOSTIC,    25, -8.346425468584e-01, 1.683071081635e-05, 1.3536e+00, 5.9788e-03, 
 2DIAGNOSTIC,    26, -8.346618801370e-01, 1.091076841923e-05, 1.3621e+00, 8.4221e-03, 
 2DIAGNOSTIC,    27, -8.346643755031e-01, 8.425441556818e-06, 1.3680e+00, 5.9490e-03, 
 2DIAGNOSTIC,    28, -8.346679933336e-01, 7.095116126801e-06, 1.3739e+00, 5.9152e-03, 
 2DIAGNOSTIC,    29, -8.346768538125e-01, 5.849096278231e-06, 1.3805e+00, 6.5820e-03, 
 2DIAGNOSTIC,    30, -8.347244037098e-01, 5.352063714964e-06, 1.3888e+00, 8.3201e-03, 
 2DIAGNOSTIC,    31, -8.347248704776e-01, 4.730559847468e-06, 1.3950e+00, 6.1479e-03, 
 2DIAGNOSTIC,    32, -8.347262099629e-01, 4.211283235953e-06, 1.4017e+00, 6.7592e-03, 
 2DIAGNOSTIC,    33, -8.347296699540e-01, 3.976507380418e-06, 1.4078e+00, 6.0821e-03, 
 2DIAGNOSTIC,    34, -8.347353842106e-01, 3.575139056855e-06, 1.4139e+00, 6.0799e-03, 
 2DIAGNOSTIC,    35, -8.347676837202e-01, 3.509515477840e-06, 1.4207e+00, 6.7520e-03, 
 2DIAGNOSTIC,    36, -8.347727238325e-01, 3.453980317439e-06, 1.4297e+00, 9.0780e-03, 
 2DIAGNOSTIC,    37, -8.347740444097e-01, 3.215289011357e-06, 1.4358e+00, 6.0210e-03, 
 2DIAGNOSTIC,    38, -8.347754169073e-01, 2.830876877961e-06, 1.4419e+00, 6.1378e-03, 
 2DIAGNOSTIC,    39, -8.347773471199e-01, 2.374022770292e-06, 1.4480e+00, 6.1231e-03, 
 2DIAGNOSTIC,    40, -8.347828178947e-01, 2.286333016681e-06, 1.4545e+00, 6.5160e-03, 
 2DIAGNOSTIC,    41, -8.347883768890e-01, 2.120157235035e-06, 1.4612e+00, 6.6700e-03, 
 2DIAGNOSTIC,    42, -8.347926974555e-01, 1.893818177182e-06, 1.4701e+00, 8.9169e-03, 
 2DIAGNOSTIC,    43, -8.347934776034e-01, 1.615360414191e-06, 1.4760e+00, 5.8930e-03, 
 2DIAGNOSTIC,    44, -8.347938514913e-01, 1.316997652073e-06, 1.4819e+00, 5.9159e-03, 
 2DIAGNOSTIC,    45, -8.347945656128e-01, 1.249319637405e-06, 1.4887e+00, 6.8169e-03, 
 2DIAGNOSTIC,    46, -8.347957490565e-01, 1.186712970547e-06, 1.4957e+00, 6.9540e-03, 
 2DIAGNOSTIC,    47, -8.347959272695e-01, 1.095917628355e-06, 1.5029e+00, 7.2460e-03, 
DIAGNOSTIC,Iteration,metricValue,convergenceValue,ITERATION_TIME_INDEX,SINCE_LAST
 2DIAGNOSTIC,     1, -7.089233355763e-01, 1.797693134862e+308, 2.7763e+00, 1.2734e+00, 
 2DIAGNOSTIC,     2, -7.099311715622e-01, 1.797693134862e+308, 2.8227e+00, 4.6415e-02, 
 2DIAGNOSTIC,     3, -7.109350704157e-01, 1.797693134862e+308, 2.8737e+00, 5.0984e-02, 
 2DIAGNOSTIC,     4, -7.118615890810e-01, 1.797693134862e+308, 2.9194e+00, 4.5706e-02, 
 2DIAGNOSTIC,     5, -7.128190945163e-01, 1.797693134862e+308, 2.9649e+00, 4.5516e-02, 
 2DIAGNOSTIC,     6, -7.136766068783e-01, 1.797693134862e+308, 3.0299e+00, 6.4962e-02, 
 2DIAGNOSTIC,     7, -7.140101310064e-01, 1.797693134862e+308, 3.0803e+00, 5.0417e-02, 
 2DIAGNOSTIC,     8, -7.140288667361e-01, 1.797693134862e+308, 3.1308e+00, 5.0529e-02, 
 2DIAGNOSTIC,     9, -7.140641037200e-01, 1.797693134862e+308, 3.1816e+00, 5.0823e-02, 
 2DIAGNOSTIC,    10, -7.141056061766e-01, 4.862729813183e-04, 3.2276e+00, 4.5985e-02, 
 2DIAGNOSTIC,    11, -7.141769293409e-01, 3.358110004981e-04, 3.2925e+00, 6.4878e-02, 
 2DIAGNOSTIC,    12, -7.141893857943e-01, 2.141417286076e-04, 3.3383e+00, 4.5771e-02, 
 2DIAGNOSTIC,    13, -7.141964395065e-01, 1.230912508764e-04, 3.3840e+00, 4.5720e-02, 
 2DIAGNOSTIC,    14, -7.142055565118e-01, 6.043255346976e-05, 3.4296e+00, 4.5651e-02, 
 2DIAGNOSTIC,    15, -7.142191609483e-01, 2.607198873092e-05, 3.4809e+00, 5.1286e-02, 
 2DIAGNOSTIC,    16, -7.142355320703e-01, 1.532824924942e-05, 3.5548e+00, 7.3851e-02, 
 2DIAGNOSTIC,    17, -7.142357403820e-01, 1.244388261715e-05, 3.6009e+00, 4.6151e-02, 
 2DIAGNOSTIC,    18, -7.142374720603e-01, 9.376354462333e-06, 3.6464e+00, 4.5478e-02, 
 2DIAGNOSTIC,    19, -7.142400594369e-01, 6.717640989702e-06, 3.6925e+00, 4.6047e-02, 
 2DIAGNOSTIC,    20, -7.142434571462e-01, 4.708255355645e-06, 3.7386e+00, 4.6115e-02, 
 2DIAGNOSTIC,    21, -7.142473519881e-01, 4.017964138521e-06, 3.7892e+00, 5.0663e-02, 
 2DIAGNOSTIC,    22, -7.142509474389e-01, 3.448170376147e-06, 3.8355e+00, 4.6300e-02, 
 2DIAGNOSTIC,    23, -7.142539783402e-01, 2.917714925083e-06, 3.8810e+00, 4.5477e-02, 
 2DIAGNOSTIC,    24, -7.142584081357e-01, 2.508791865877e-06, 3.9460e+00, 6.4937e-02, 
 2DIAGNOSTIC,    25, -7.142592702895e-01, 2.243334454990e-06, 3.9966e+00, 5.0642e-02, 
 2DIAGNOSTIC,    26, -7.142598032031e-01, 2.166750956330e-06, 4.0429e+00, 4.6352e-02, 
 2DIAGNOSTIC,    27, -7.142617492473e-01, 2.039152466375e-06, 4.0891e+00, 4.6116e-02, 
 2DIAGNOSTIC,    28, -7.142627097361e-01, 1.876642839085e-06, 4.1399e+00, 5.0806e-02, 
 2DIAGNOSTIC,    29, -7.142629122196e-01, 1.692775320666e-06, 4.2148e+00, 7.4978e-02, 
 2DIAGNOSTIC,    30, -7.142629128034e-01, 1.509847552920e-06, 4.2617e+00, 4.6854e-02, 
 2DIAGNOSTIC,    31, -7.142629174314e-01, 1.346418436160e-06, 4.3078e+00, 4.6072e-02, 
 2DIAGNOSTIC,    32, -7.142629238572e-01, 1.207088754160e-06, 4.3553e+00, 4.7533e-02, 
 2DIAGNOSTIC,    33, -7.142629313872e-01, 1.091150795100e-06, 4.4016e+00, 4.6267e-02, 
 2DIAGNOSTIC,    34, -7.142629388871e-01, 1.022078670438e-06, 4.4479e+00, 4.6301e-02, 
DIAGNOSTIC,Iteration,metricValue,convergenceValue,ITERATION_TIME_INDEX,SINCE_LAST
 2DIAGNOSTIC,     1, -6.114020156162e-01, 1.797693134862e+308, 6.1478e+00, 1.6999e+00, 
 2DIAGNOSTIC,     2, -6.119347166903e-01, 1.797693134862e+308, 6.5412e+00, 3.9344e-01, 
 2DIAGNOSTIC,     3, -6.123540490151e-01, 1.797693134862e+308, 6.9359e+00, 3.9466e-01, 
 2DIAGNOSTIC,     4, -6.127016690206e-01, 1.797693134862e+308, 7.3140e+00, 3.7816e-01, 
 2DIAGNOSTIC,     5, -6.130379282002e-01, 1.797693134862e+308, 7.7350e+00, 4.2096e-01, 
 2DIAGNOSTIC,     6, -6.132915952769e-01, 1.797693134862e+308, 8.7512e+00, 1.0162e+00, 
 2DIAGNOSTIC,     7, -6.132915972811e-01, 1.797693134862e+308, 9.1266e+00, 3.7539e-01, 
 2DIAGNOSTIC,     8, -6.132917263897e-01, 1.797693134862e+308, 9.5172e+00, 3.9064e-01, 
 2DIAGNOSTIC,     9, -6.132919440540e-01, 1.797693134862e+308, 9.8933e+00, 3.7604e-01, 
 2DIAGNOSTIC,    10, -6.132923100821e-01, 1.910963032442e-04, 1.0317e+01, 4.2394e-01, 
 2DIAGNOSTIC,    11, -6.132929213073e-01, 1.171810015212e-04, 1.0693e+01, 3.7542e-01, 
 2DIAGNOSTIC,    12, -6.132939309611e-01, 6.584349853841e-05, 1.1067e+01, 3.7434e-01, 
 2DIAGNOSTIC,    13, -6.132955837507e-01, 3.165628312249e-05, 1.1458e+01, 3.9066e-01, 
 2DIAGNOSTIC,    14, -6.132982316572e-01, 1.108503061338e-05, 1.1843e+01, 3.8547e-01, 
 2DIAGNOSTIC,    15, -6.133023359495e-01, 2.748489606838e-06, 1.2218e+01, 3.7524e-01, 
 2DIAGNOSTIC,    16, -6.133083612288e-01, 2.920557491307e-06, 1.2610e+01, 3.9179e-01, 
 2DIAGNOSTIC,    17, -6.133166033517e-01, 3.208721012754e-06, 1.3002e+01, 3.9155e-01, 
 2DIAGNOSTIC,    18, -6.133275865688e-01, 3.624239626424e-06, 1.3382e+01, 3.7991e-01, 
 2DIAGNOSTIC,    19, -6.133541612816e-01, 4.473573591825e-06, 1.3777e+01, 3.9532e-01, 
 2DIAGNOSTIC,    20, -6.133660591012e-01, 5.248847613812e-06, 1.4183e+01, 4.0573e-01, 
 2DIAGNOSTIC,    21, -6.134035786556e-01, 6.452224356857e-06, 1.4723e+01, 5.4070e-01, 
 2DIAGNOSTIC,    22, -6.134120421982e-01, 7.271168531220e-06, 1.5159e+01, 4.3525e-01, 
 2DIAGNOSTIC,    23, -6.134130449019e-01, 7.530647938014e-06, 1.5532e+01, 3.7314e-01, 
 2DIAGNOSTIC,    24, -6.134149065894e-01, 7.284028178144e-06, 1.5944e+01, 4.1231e-01, 
 2DIAGNOSTIC,    25, -6.134159409264e-01, 6.588527586344e-06, 1.7117e+01, 1.1726e+00, 
 2DIAGNOSTIC,    26, -6.134159409204e-01, 5.547430882706e-06, 1.8235e+01, 1.1182e+00, 
 2DIAGNOSTIC,    27, -6.134159409204e-01, 4.316981130459e-06, 1.8711e+01, 4.7585e-01, 
 2DIAGNOSTIC,    28, -6.134159409204e-01, 3.059515252972e-06, 1.9183e+01, 4.7264e-01, 
 2DIAGNOSTIC,    29, -6.134159409204e-01, 2.135309845969e-06, 1.9660e+01, 4.7694e-01, 
 2DIAGNOSTIC,    30, -6.134159409204e-01, 1.343249856949e-06, 2.0078e+01, 4.1772e-01, 
 2DIAGNOSTIC,    31, -6.134159409204e-01, 1.133496855918e-06, 2.0472e+01, 3.9435e-01, 
 2DIAGNOSTIC,    32, -6.134159409204e-01, 1.049462662724e-06, 2.0889e+01, 4.1715e-01, 
DIAGNOSTIC,Iteration,metricValue,convergenceValue,ITERATION_TIME_INDEX,SINCE_LAST
 2DIAGNOSTIC,     1, -5.430308318381e-01, 1.797693134862e+308, 2.4865e+01, 3.9752e+00, 
 2DIAGNOSTIC,     2, -5.432405182661e-01, 1.797693134862e+308, 2.7785e+01, 2.9206e+00, 
 2DIAGNOSTIC,     3, -5.434392166953e-01, 1.797693134862e+308, 3.0523e+01, 2.7379e+00, 
 2DIAGNOSTIC,     4, -5.436348090667e-01, 1.797693134862e+308, 3.3454e+01, 2.9303e+00, 
 2DIAGNOSTIC,     5, -5.437451270491e-01, 1.797693134862e+308, 3.6855e+01, 3.4010e+00, 
 2DIAGNOSTIC,     6, -5.437595209471e-01, 1.797693134862e+308, 4.1040e+01, 4.1859e+00, 
 2DIAGNOSTIC,     7, -5.437662020507e-01, 1.797693134862e+308, 4.4169e+01, 3.1284e+00, 
 2DIAGNOSTIC,     8, -5.437813159513e-01, 1.797693134862e+308, 4.7426e+01, 3.2572e+00, 
 2DIAGNOSTIC,     9, -5.437902887068e-01, 1.797693134862e+308, 5.0643e+01, 3.2173e+00, 
 2DIAGNOSTIC,    10, -5.437919859238e-01, 8.397706903168e-05, 5.3745e+01, 3.1017e+00, 
 2DIAGNOSTIC,    11, -5.437928850579e-01, 4.983668075359e-05, 5.6894e+01, 3.1485e+00, 
 2DIAGNOSTIC,    12, -5.437933508340e-01, 2.626389864557e-05, 5.9806e+01, 2.9127e+00, 
 2DIAGNOSTIC,    13, -5.437938303452e-01, 1.202235688824e-05, 6.2761e+01, 2.9546e+00, 
 2DIAGNOSTIC,    14, -5.437958323857e-01, 6.209269089841e-06, 6.6086e+01, 3.3249e+00, 
 2DIAGNOSTIC,    15, -5.437962442233e-01, 4.664337209762e-06, 6.9422e+01, 3.3364e+00, 
 2DIAGNOSTIC,    16, -5.437980082096e-01, 3.611646331489e-06, 7.2594e+01, 3.1718e+00, 
 2DIAGNOSTIC,    17, -5.437985661619e-01, 2.746062715379e-06, 7.5792e+01, 3.1981e+00, 
 2DIAGNOSTIC,    18, -5.437992409009e-01, 2.347805859365e-06, 7.9027e+01, 3.2346e+00, 
 2DIAGNOSTIC,    19, -5.438016797716e-01, 2.250265579463e-06, 8.2492e+01, 3.4657e+00, 
 2DIAGNOSTIC,    20, -5.438030030910e-01, 2.185680446701e-06, 8.5664e+01, 3.1714e+00, 
 2DIAGNOSTIC,    21, -5.438066755759e-01, 2.185478197261e-06, 8.8530e+01, 2.8660e+00, 
 2DIAGNOSTIC,    22, -5.438076652270e-01, 2.156069536519e-06, 9.2963e+01, 4.4330e+00, 
 2DIAGNOSTIC,    23, -5.438075678458e-01, 2.071282530845e-06, 1.0077e+02, 7.8028e+00, 
 2DIAGNOSTIC,    24, -5.438075678388e-01, 1.973642499827e-06, 1.0864e+02, 7.8767e+00, 
 2DIAGNOSTIC,    25, -5.438075678388e-01, 1.830254794000e-06, 1.1188e+02, 3.2354e+00, 
 2DIAGNOSTIC,    26, -5.438075678388e-01, 1.680103349014e-06, 1.1508e+02, 3.1991e+00, 
 2DIAGNOSTIC,    27, -5.438075678388e-01, 1.508912506408e-06, 1.1866e+02, 3.5815e+00, 
 2DIAGNOSTIC,    28, -5.438075678388e-01, 1.331437191041e-06, 1.2175e+02, 3.0919e+00, 
 2DIAGNOSTIC,    29, -5.438075678388e-01, 1.192138300479e-06, 1.2488e+02, 3.1342e+00, 
 2DIAGNOSTIC,    30, -5.438075678388e-01, 1.074537705245e-06, 1.2816e+02, 3.2740e+00, 
 2DIAGNOSTIC,    31, -5.438075678388e-01, 1.024618265733e-06, 1.3147e+02, 3.3121e+00, 
  Elapsed time (stage 0): 1.3335e+02


Total elapsed time: 1.3335e+02
VFC_BACKENDS=libinterflop_vprec.so --range-binary32=7 --precision-binary32=11 --range-binary64=7 --precision-binary64=11
Info [verificarlo]: loaded backend libinterflop_vprec.so
Info [interflop-vprec]: load backend with: 
Info [interflop-vprec]: precision-binary32 = 11
Info [interflop-vprec]: range-binary32 = 7
Info [interflop-vprec]: precision-binary64 = 11
Info [interflop-vprec]: range-binary64 = 7
Info [interflop-vprec]: mode = ob
Info [interflop-vprec]: error-mode = rel
Info [interflop-vprec]: max-abs-error-exponent = -1022
Info [interflop-vprec]: daz = false
Info [interflop-vprec]: ftz = false
Info [interflop-vprec]: 	instrument = none
Info [interflop-vprec]: 	prec-input-file = (null)
Info [interflop-vprec]: 	prec-output-file = (null)
Info [interflop-vprec]: 	prec-log-file = (null)
All_Command_lines_OK
Using double precision for computations.
=============================================================================
The composite transform comprises the following transforms (in order): 
  1. /project/rrg-glatard/mdugre/datasets/corr/RawDataBIDS/BMB_1/derivatives/vprec-space_search/0001/r7-p11/sub-0003010/affine_Composite.h5[0] (type = Euler3DTransform)
  2. /project/rrg-glatard/mdugre/datasets/corr/RawDataBIDS/BMB_1/derivatives/vprec-space_search/0001/r7-p11/sub-0003010/affine_Composite.h5[1] (type = Euler3DTransform)
  3. /project/rrg-glatard/mdugre/datasets/corr/RawDataBIDS/BMB_1/derivatives/vprec-space_search/0001/r7-p11/sub-0003010/affine_Composite.h5[2] (type = Euler3DTransform)
  4. /project/rrg-glatard/mdugre/datasets/corr/RawDataBIDS/BMB_1/derivatives/vprec-space_search/0001/r7-p11/sub-0003010/affine_Composite.h5[3] (type = AffineTransform)
=============================================================================
  number of levels = 4
  fixed image: /templateflow/tpl-MNI152NLin2009cAsym/tpl-MNI152NLin2009cAsym_res-01_desc-brain_T1w.nii.gz
  moving image: /project/rrg-glatard/mdugre/datasets/corr/RawDataBIDS/BMB_1/derivatives/antsBrainExtraction/sub-0003010/BrainExtractionBrain.nii.gz
Dimension = 3
Number of stages = 1
Use histogram matching = false
Winsorize image intensities = true
  Lower quantile = 0.005
  Upper quantile = 0.995


Stage 1 State
   Image metric = CC
     Fixed image = Image (0x48424c0)
  RTTI typeinfo:   itk::Image<double, 3u>
  Reference Count: 2
  Modified Time: 1606
  Debug: Off
  Object Name: 
  Observers: 
    none
  Source: (none)
  Source output name: (none)
  Release Data: Off
  Data Released: False
  Global Release Data: Off
  PipelineMTime: 0
  UpdateMTime: 1217
  RealTimeStamp: 0 seconds 
  LargestPossibleRegion: 
    Dimension: 3
    Index: [0, 0, 0]
    Size: [193, 229, 193]
  BufferedRegion: 
    Dimension: 3
    Index: [0, 0, 0]
    Size: [193, 229, 193]
  RequestedRegion: 
    Dimension: 3
    Index: [0, 0, 0]
    Size: [193, 229, 193]
  Spacing: [1, 1, 1]
  Origin: [96, 132, -78]
  Direction: 
-1 0 0
0 -1 0
0 0 1

  IndexToPointMatrix: 
-1 0 0
0 -1 0
0 0 1

  PointToIndexMatrix: 
-1 0 0
0 -1 0
0 0 1

  Inverse Direction: 
-1 0 0
0 -1 0
0 0 1

  PixelContainer: 
    ImportImageContainer (0x4911b10)
      RTTI typeinfo:   itk::ImportImageContainer<unsigned long, double>
      Reference Count: 1
      Modified Time: 1214
      Debug: Off
      Object Name: 
      Observers: 
        none
      Pointer: 0x1487f8a6e010
      Container manages memory: true
      Size: 8530021
      Capacity: 8530021

     Moving image = Image (0x4918700)
  RTTI typeinfo:   itk::Image<double, 3u>
  Reference Count: 2
  Modified Time: 1607
  Debug: Off
  Object Name: 
  Observers: 
    none
  Source: (none)
  Source output name: (none)
  Release Data: Off
  Data Released: False
  Global Release Data: Off
  PipelineMTime: 0
  UpdateMTime: 1604
  RealTimeStamp: 0 seconds 
  LargestPossibleRegion: 
    Dimension: 3
    Index: [0, 0, 0]
    Size: [176, 256, 256]
  BufferedRegion: 
    Dimension: 3
    Index: [0, 0, 0]
    Size: [176, 256, 256]
  RequestedRegion: 
    Dimension: 3
    Index: [0, 0, 0]
    Size: [176, 256, 256]
  Spacing: [1, 1, 1]
  Origin: [-85.6875, 92.6562, -118.562]
  Direction: 
1 0 0
0 -1 0
0 0 1

  IndexToPointMatrix: 
1 0 0
0 -1 0
0 0 1

  PointToIndexMatrix: 
1 0 0
0 -1 0
0 0 1

  Inverse Direction: 
1 0 0
0 -1 0
0 0 1

  PixelContainer: 
    ImportImageContainer (0x49992d0)
      RTTI typeinfo:   itk::ImportImageContainer<unsigned long, double>
      Reference Count: 1
      Modified Time: 1601
      Debug: Off
      Object Name: 
      Observers: 
        none
      Pointer: 0x1487f326d010
      Container manages memory: true
      Size: 11534336
      Capacity: 11534336

     Weighting = 1
     Sampling strategy = none
     Number of bins = 32
     Radius = 4
     Sampling percentage  = 1
   Transform = SyN
     Gradient step = 0.1
     Update field sigma (voxel space) = 3
     Total field sigma (voxel space) = 0
     Update field time sigma = 0
     Total field time sigma  = 0
     Number of time indices = 0
     Number of time point samples = 0
Registration using 1 total stages.

Stage 0
  iterations = 100x70x50x20
  convergence threshold = 1e-06
  convergence window size = 10
  number of levels = 4
  using the CC metric (radius = 4, weight = 1, use gradient filter = 0)
  preprocessing:  winsorizing the image intensities
  Shrink factors (level 1 out of 4): [8, 8, 8]
  Shrink factors (level 2 out of 4): [4, 4, 4]
  Shrink factors (level 3 out of 4): [2, 2, 2]
  Shrink factors (level 4 out of 4): [1, 1, 1]
  smoothing sigmas per level: [3, 2, 1, 0]
  Using default NONE metricSamplingStrategy 

*** Running SyN registration (varianceForUpdateField = 3, varianceForTotalField = 0) ***

XXDIAGNOSTIC,Iteration,metricValue,convergenceValue,ITERATION_TIME_INDEX,SINCE_LAST
 1DIAGNOSTIC,     1, -9.343261718750e-01, 1.797693134862e+308, 0.0000e+00, 0.0000e+00, 
 1DIAGNOSTIC,     2, -9.411621093750e-01, 1.797693134862e+308, 0.0000e+00, 0.0000e+00, 
 1DIAGNOSTIC,     3, -9.462890625000e-01, 1.797693134862e+308, 0.0000e+00, 0.0000e+00, 
 1DIAGNOSTIC,     4, -9.494628906250e-01, 1.797693134862e+308, 0.0000e+00, 0.0000e+00, 
 1DIAGNOSTIC,     5, -9.519042968750e-01, 1.797693134862e+308, 0.0000e+00, 0.0000e+00, 
 1DIAGNOSTIC,     6, -9.550781250000e-01, 1.797693134862e+308, 0.0000e+00, 0.0000e+00, 
 1DIAGNOSTIC,     7, -9.592285156250e-01, 1.797693134862e+308, 0.0000e+00, 0.0000e+00, 
 1DIAGNOSTIC,     8, -9.628906250000e-01, 1.797693134862e+308, 0.0000e+00, 0.0000e+00, 
 1DIAGNOSTIC,     9, -9.660644531250e-01, 1.797693134862e+308, 0.0000e+00, 0.0000e+00, 
 1DIAGNOSTIC,    10, -9.687500000000e-01, 2.173255507161e-03, 0.0000e+00, 0.0000e+00, 
 1DIAGNOSTIC,    11, -9.689941406250e-01, 1.756530331249e-03, 0.0000e+00, 0.0000e+00, 
 1DIAGNOSTIC,    12, -9.707031250000e-01, 1.462158919351e-03, 0.0000e+00, 0.0000e+00, 
 1DIAGNOSTIC,    13, -9.711914062500e-01, 1.207698963802e-03, 0.0000e+00, 0.0000e+00, 
 1DIAGNOSTIC,    14, -9.716796875000e-01, 9.573754756243e-04, 0.0000e+00, 0.0000e+00, 
 1DIAGNOSTIC,    15, -9.719238281250e-01, 7.061754641381e-04, 0.0000e+00, 0.0000e+00, 
 1DIAGNOSTIC,    16, -9.724121093750e-01, 4.891191264705e-04, 0.0000e+00, 0.0000e+00, 
 1DIAGNOSTIC,    17, -9.724121093750e-01, 3.241136261592e-04, 0.0000e+00, 0.0000e+00, 
 1DIAGNOSTIC,    18, -9.726562500000e-01, 2.108646255815e-04, 0.0000e+00, 0.0000e+00, 
 1DIAGNOSTIC,    19, -9.726562500000e-01, 1.386068777419e-04, 0.0000e+00, 0.0000e+00, 
 1DIAGNOSTIC,    20, -9.729003906250e-01, 1.042689040201e-04, 0.0000e+00, 0.0000e+00, 
 1DIAGNOSTIC,    21, -9.729003906250e-01, 6.629125382285e-05, 0.0000e+00, 0.0000e+00, 
 1DIAGNOSTIC,    22, -9.729003906250e-01, 4.847174549532e-05, 0.0000e+00, 0.0000e+00, 
 1DIAGNOSTIC,    23, -9.729003906250e-01, 3.389987753735e-05, 0.0000e+00, 0.0000e+00, 
 1DIAGNOSTIC,    24, -9.731445312500e-01, 2.633430616961e-05, 0.0000e+00, 0.0000e+00, 
 1DIAGNOSTIC,    25, -9.731445312500e-01, 1.953476948394e-05, 0.0000e+00, 0.0000e+00, 
 1DIAGNOSTIC,    26, -9.731445312500e-01, 1.701325832499e-05, 0.0000e+00, 0.0000e+00, 
 1DIAGNOSTIC,    27, -9.731445312500e-01, 1.308890949649e-05, 0.0000e+00, 0.0000e+00, 
 1DIAGNOSTIC,    28, -9.731445312500e-01, 1.080081240616e-05, 0.0000e+00, 0.0000e+00, 
 1DIAGNOSTIC,    29, -9.731445312500e-01, 7.538828954531e-06, 0.0000e+00, 0.0000e+00, 
 1DIAGNOSTIC,    30, -9.733886718750e-01, 8.562170430618e-06, 0.0000e+00, 0.0000e+00, 
 1DIAGNOSTIC,    31, -9.731445312500e-01, 6.364473601077e-06, 0.0000e+00, 0.0000e+00, 
 1DIAGNOSTIC,    32, -9.733886718750e-01, 6.063912481223e-06, 0.0000e+00, 0.0000e+00, 
 1DIAGNOSTIC,    33, -9.731445312500e-01, 2.916806185443e-06, 0.0000e+00, 0.0000e+00, 
 1DIAGNOSTIC,    34, -9.733886718750e-01, 3.943746502449e-06, 0.0000e+00, 0.0000e+00, 
 1DIAGNOSTIC,    35, -9.733886718750e-01, 4.459552334614e-06, 0.0000e+00, 0.0000e+00, 
 1DIAGNOSTIC,    36, -9.733886718750e-01, 4.533763104091e-06, 0.0000e+00, 0.0000e+00, 
 1DIAGNOSTIC,    37, -9.733886718750e-01, 4.217024125404e-06, 0.0000e+00, 0.0000e+00, 
 1DIAGNOSTIC,    38, -9.733886718750e-01, 3.526148579441e-06, 0.0000e+00, 0.0000e+00, 
 1DIAGNOSTIC,    39, -9.733886718750e-01, 2.465469206417e-06, 0.0000e+00, 0.0000e+00, 
 1DIAGNOSTIC,    40, -9.733886718750e-01, 3.052364823567e-06, 0.0000e+00, 0.0000e+00, 
 1DIAGNOSTIC,    41, -9.733886718750e-01, 1.528701714784e-06, 0.0000e+00, 0.0000e+00, 
 1DIAGNOSTIC,    42, -9.733886718750e-01, 1.707886101900e-06, 0.0000e+00, 0.0000e+00, 
 1DIAGNOSTIC,    43, -9.733886718750e-01, 1.676768980607e-09, 0.0000e+00, 0.0000e+00, 
XXDIAGNOSTIC,Iteration,metricValue,convergenceValue,ITERATION_TIME_INDEX,SINCE_LAST
 1DIAGNOSTIC,     1, -9.128417968750e-01, 1.797693134862e+308, 0.0000e+00, 0.0000e+00, 
 1DIAGNOSTIC,     2, -9.155273437500e-01, 1.797693134862e+308, 0.0000e+00, 0.0000e+00, 
 1DIAGNOSTIC,     3, -9.189453125000e-01, 1.797693134862e+308, 0.0000e+00, 0.0000e+00, 
 1DIAGNOSTIC,     4, -9.221191406250e-01, 1.797693134862e+308, 0.0000e+00, 0.0000e+00, 
 1DIAGNOSTIC,     5, -9.250488281250e-01, 1.797693134862e+308, 0.0000e+00, 0.0000e+00, 
 1DIAGNOSTIC,     6, -9.272460937500e-01, 1.797693134862e+308, 0.0000e+00, 0.0000e+00, 
 1DIAGNOSTIC,     7, -9.291992187500e-01, 1.797693134862e+308, 0.0000e+00, 0.0000e+00, 
 1DIAGNOSTIC,     8, -9.306640625000e-01, 1.797693134862e+308, 0.0000e+00, 0.0000e+00, 
 1DIAGNOSTIC,     9, -9.318847656250e-01, 1.797693134862e+308, 0.0000e+00, 0.0000e+00, 
 1DIAGNOSTIC,    10, -9.328613281250e-01, 1.420138188578e-03, 0.0000e+00, 0.0000e+00, 
 1DIAGNOSTIC,    11, -9.335937500000e-01, 1.117334907291e-03, 0.0000e+00, 0.0000e+00, 
 1DIAGNOSTIC,    12, -9.343261718750e-01, 8.514156843308e-04, 0.0000e+00, 0.0000e+00, 
 1DIAGNOSTIC,    13, -9.350585937500e-01, 6.465292775207e-04, 0.0000e+00, 0.0000e+00, 
 1DIAGNOSTIC,    14, -9.357910156250e-01, 4.967169515092e-04, 0.0000e+00, 0.0000e+00, 
 1DIAGNOSTIC,    15, -9.362792968750e-01, 3.906804438410e-04, 0.0000e+00, 0.0000e+00, 
 1DIAGNOSTIC,    16, -9.365234375000e-01, 3.083137731429e-04, 0.0000e+00, 0.0000e+00, 
 1DIAGNOSTIC,    17, -9.370117187500e-01, 2.509352193268e-04, 0.0000e+00, 0.0000e+00, 
 1DIAGNOSTIC,    18, -9.375000000000e-01, 2.094325881877e-04, 0.0000e+00, 0.0000e+00, 
 1DIAGNOSTIC,    19, -9.379882812500e-01, 1.799607644332e-04, 0.0000e+00, 0.0000e+00, 
 1DIAGNOSTIC,    20, -9.382324218750e-01, 1.551981874797e-04, 0.0000e+00, 0.0000e+00, 
 1DIAGNOSTIC,    21, -9.384765625000e-01, 1.325417003831e-04, 0.0000e+00, 0.0000e+00, 
 1DIAGNOSTIC,    22, -9.389648437500e-01, 1.163653668721e-04, 0.0000e+00, 0.0000e+00, 
 1DIAGNOSTIC,    23, -9.392089843750e-01, 1.032765812219e-04, 0.0000e+00, 0.0000e+00, 
 1DIAGNOSTIC,    24, -9.394531250000e-01, 9.387505692213e-05, 0.0000e+00, 0.0000e+00, 
 1DIAGNOSTIC,    25, -9.396972656250e-01, 8.539819752192e-05, 0.0000e+00, 0.0000e+00, 
 1DIAGNOSTIC,    26, -9.399414062500e-01, 7.518947762911e-05, 0.0000e+00, 0.0000e+00, 
 1DIAGNOSTIC,    27, -9.401855468750e-01, 6.676545906778e-05, 0.0000e+00, 0.0000e+00, 
 1DIAGNOSTIC,    28, -9.401855468750e-01, 5.781182132816e-05, 0.0000e+00, 0.0000e+00, 
 1DIAGNOSTIC,    29, -9.401855468750e-01, 4.920040197558e-05, 0.0000e+00, 0.0000e+00, 
 1DIAGNOSTIC,    30, -9.401855468750e-01, 3.900311759721e-05, 0.0000e+00, 0.0000e+00, 
 1DIAGNOSTIC,    31, -9.399414062500e-01, 2.564975232270e-05, 0.0000e+00, 0.0000e+00, 
 1DIAGNOSTIC,    32, -9.401855468750e-01, 1.768881018283e-05, 0.0000e+00, 0.0000e+00, 
 1DIAGNOSTIC,    33, -9.399414062500e-01, 8.435831665918e-06, 0.0000e+00, 0.0000e+00, 
 1DIAGNOSTIC,    34, -9.401855468750e-01, 3.350979856133e-06, 0.0000e+00, 0.0000e+00, 
 1DIAGNOSTIC,    35, -9.399414062500e-01, -1.838869477296e-06, 0.0000e+00, 0.0000e+00, 
XXDIAGNOSTIC,Iteration,metricValue,convergenceValue,ITERATION_TIME_INDEX,SINCE_LAST
 1DIAGNOSTIC,     1, -8.977050781250e-01, 1.797693134862e+308, 0.0000e+00, 0.0000e+00, 
 1DIAGNOSTIC,     2, -9.003906250000e-01, 1.797693134862e+308, 0.0000e+00, 0.0000e+00, 
 1DIAGNOSTIC,     3, -9.030761718750e-01, 1.797693134862e+308, 0.0000e+00, 0.0000e+00, 
 1DIAGNOSTIC,     4, -9.057617187500e-01, 1.797693134862e+308, 0.0000e+00, 0.0000e+00, 
 1DIAGNOSTIC,     5, -9.079589843750e-01, 1.797693134862e+308, 0.0000e+00, 0.0000e+00, 
 1DIAGNOSTIC,     6, -9.099121093750e-01, 1.797693134862e+308, 0.0000e+00, 0.0000e+00, 
 1DIAGNOSTIC,     7, -9.116210937500e-01, 1.797693134862e+308, 0.0000e+00, 0.0000e+00, 
 1DIAGNOSTIC,     8, -9.133300781250e-01, 1.797693134862e+308, 0.0000e+00, 0.0000e+00, 
 1DIAGNOSTIC,     9, -9.145507812500e-01, 1.797693134862e+308, 0.0000e+00, 0.0000e+00, 
 1DIAGNOSTIC,    10, -9.160156250000e-01, 1.281255818169e-03, 0.0000e+00, 0.0000e+00, 
 1DIAGNOSTIC,    11, -9.174804687500e-01, 1.061801003705e-03, 0.0000e+00, 0.0000e+00, 
 1DIAGNOSTIC,    12, -9.184570312500e-01, 8.779257451008e-04, 0.0000e+00, 0.0000e+00, 
 1DIAGNOSTIC,    13, -9.196777343750e-01, 7.360267763070e-04, 0.0000e+00, 0.0000e+00, 
 1DIAGNOSTIC,    14, -9.206542968750e-01, 6.283625854475e-04, 0.0000e+00, 0.0000e+00, 
 1DIAGNOSTIC,    15, -9.216308593750e-01, 5.429501407276e-04, 0.0000e+00, 0.0000e+00, 
 1DIAGNOSTIC,    16, -9.221191406250e-01, 4.653187686024e-04, 0.0000e+00, 0.0000e+00, 
 1DIAGNOSTIC,    17, -9.228515625000e-01, 3.983548173067e-04, 0.0000e+00, 0.0000e+00, 
 1DIAGNOSTIC,    18, -9.233398437500e-01, 3.397305318017e-04, 0.0000e+00, 0.0000e+00, 
 1DIAGNOSTIC,    19, -9.238281250000e-01, 2.833320297197e-04, 0.0000e+00, 0.0000e+00, 
 1DIAGNOSTIC,    20, -9.243164062500e-01, 2.362067021719e-04, 0.0000e+00, 0.0000e+00, 
 1DIAGNOSTIC,    21, -9.245605468750e-01, 1.967107413767e-04, 0.0000e+00, 0.0000e+00, 
 1DIAGNOSTIC,    22, -9.250488281250e-01, 1.629116939640e-04, 0.0000e+00, 0.0000e+00, 
 1DIAGNOSTIC,    23, -9.252929687500e-01, 1.362761629681e-04, 0.0000e+00, 0.0000e+00, 
 1DIAGNOSTIC,    24, -9.255371093750e-01, 1.146358124432e-04, 0.0000e+00, 0.0000e+00, 
 1DIAGNOSTIC,    25, -9.257812500000e-01, 9.906376637751e-05, 0.0000e+00, 0.0000e+00, 
 1DIAGNOSTIC,    26, -9.260253906250e-01, 8.393683698197e-05, 0.0000e+00, 0.0000e+00, 
 1DIAGNOSTIC,    27, -9.262695312500e-01, 7.312108455839e-05, 0.0000e+00, 0.0000e+00, 
 1DIAGNOSTIC,    28, -9.265136718750e-01, 6.416716856168e-05, 0.0000e+00, 0.0000e+00, 
 1DIAGNOSTIC,    29, -9.267578125000e-01, 5.749800964806e-05, 0.0000e+00, 0.0000e+00, 
 1DIAGNOSTIC,    30, -9.270019531250e-01, 5.336401944930e-05, 0.0000e+00, 0.0000e+00, 
 1DIAGNOSTIC,    31, -9.272460937500e-01, 4.919063671918e-05, 0.0000e+00, 0.0000e+00, 
 1DIAGNOSTIC,    32, -9.272460937500e-01, 4.528043107566e-05, 0.0000e+00, 0.0000e+00, 
 1DIAGNOSTIC,    33, -9.274902343750e-01, 4.189817833731e-05, 0.0000e+00, 0.0000e+00, 
 1DIAGNOSTIC,    34, -9.277343750000e-01, 3.909616907227e-05, 0.0000e+00, 0.0000e+00, 
 1DIAGNOSTIC,    35, -9.277343750000e-01, 3.480827678413e-05, 0.0000e+00, 0.0000e+00, 
 1DIAGNOSTIC,    36, -9.279785156250e-01, 3.165644432559e-05, 0.0000e+00, 0.0000e+00, 
 1DIAGNOSTIC,    37, -9.279785156250e-01, 2.766176551844e-05, 0.0000e+00, 0.0000e+00, 
 1DIAGNOSTIC,    38, -9.282226562500e-01, 2.519483090991e-05, 0.0000e+00, 0.0000e+00, 
 1DIAGNOSTIC,    39, -9.282226562500e-01, 2.229134905327e-05, 0.0000e+00, 0.0000e+00, 
 1DIAGNOSTIC,    40, -9.284667968750e-01, 2.116192048425e-05, 0.0000e+00, 0.0000e+00, 
 1DIAGNOSTIC,    41, -9.284667968750e-01, 1.990463572602e-05, 0.0000e+00, 0.0000e+00, 
 1DIAGNOSTIC,    42, -9.284667968750e-01, 1.678646863770e-05, 0.0000e+00, 0.0000e+00, 
 1DIAGNOSTIC,    43, -9.287109375000e-01, 1.569056146188e-05, 0.0000e+00, 0.0000e+00, 
 1DIAGNOSTIC,    44, -9.287109375000e-01, 1.481565467707e-05, 0.0000e+00, 0.0000e+00, 
 1DIAGNOSTIC,    45, -9.289550781250e-01, 1.420704975852e-05, 0.0000e+00, 0.0000e+00, 
 1DIAGNOSTIC,    46, -9.289550781250e-01, 1.389581290203e-05, 0.0000e+00, 0.0000e+00, 
 1DIAGNOSTIC,    47, -9.289550781250e-01, 1.226174550230e-05, 0.0000e+00, 0.0000e+00, 
 1DIAGNOSTIC,    48, -9.291992187500e-01, 1.267480333274e-05, 0.0000e+00, 0.0000e+00, 
 1DIAGNOSTIC,    49, -9.291992187500e-01, 1.175750815893e-05, 0.0000e+00, 0.0000e+00, 
 1DIAGNOSTIC,    50, -9.291992187500e-01, 1.127173953877e-05, 0.0000e+00, 0.0000e+00, 
XXDIAGNOSTIC,Iteration,metricValue,convergenceValue,ITERATION_TIME_INDEX,SINCE_LAST
 1DIAGNOSTIC,     1, -8.867187500000e-01, 1.797693134862e+308, 0.0000e+00, 0.0000e+00, 
 1DIAGNOSTIC,     2, -8.879394531250e-01, 1.797693134862e+308, 0.0000e+00, 0.0000e+00, 
 1DIAGNOSTIC,     3, -8.894042968750e-01, 1.797693134862e+308, 0.0000e+00, 0.0000e+00, 
 1DIAGNOSTIC,     4, -8.906250000000e-01, 1.797693134862e+308, 0.0000e+00, 0.0000e+00, 
 1DIAGNOSTIC,     5, -8.918457031250e-01, 1.797693134862e+308, 0.0000e+00, 0.0000e+00, 
 1DIAGNOSTIC,     6, -8.930664062500e-01, 1.797693134862e+308, 0.0000e+00, 0.0000e+00, 
 1DIAGNOSTIC,     7, -8.942871093750e-01, 1.797693134862e+308, 0.0000e+00, 0.0000e+00, 
 1DIAGNOSTIC,     8, -8.955078125000e-01, 1.797693134862e+308, 0.0000e+00, 0.0000e+00, 
 1DIAGNOSTIC,     9, -8.964843750000e-01, 1.797693134862e+308, 0.0000e+00, 0.0000e+00, 
 1DIAGNOSTIC,    10, -8.974609375000e-01, 7.772061395422e-04, 0.0000e+00, 0.0000e+00, 
 1DIAGNOSTIC,    11, -8.984375000000e-01, 6.817458399557e-04, 0.0000e+00, 0.0000e+00, 
 1DIAGNOSTIC,    12, -8.991699218750e-01, 5.919348666109e-04, 0.0000e+00, 0.0000e+00, 
 1DIAGNOSTIC,    13, -8.999023437500e-01, 5.157578656006e-04, 0.0000e+00, 0.0000e+00, 
 1DIAGNOSTIC,    14, -9.006347656250e-01, 4.475297046413e-04, 0.0000e+00, 0.0000e+00, 
 1DIAGNOSTIC,    15, -9.013671875000e-01, 3.884366738270e-04, 0.0000e+00, 0.0000e+00, 
 1DIAGNOSTIC,    16, -9.018554687500e-01, 3.345262515663e-04, 0.0000e+00, 0.0000e+00, 
 1DIAGNOSTIC,    17, -9.025878906250e-01, 2.922982406458e-04, 0.0000e+00, 0.0000e+00, 
 1DIAGNOSTIC,    18, -9.030761718750e-01, 2.575321477454e-04, 0.0000e+00, 0.0000e+00, 
 1DIAGNOSTIC,    19, -9.038085937500e-01, 2.307782861635e-04, 0.0000e+00, 0.0000e+00, 
 1DIAGNOSTIC,    20, -9.045410156250e-01, 2.119176337614e-04, 0.0000e+00, 0.0000e+00, 
  Elapsed time (stage 0): 0


Total elapsed time: 0
