All_Command_lines_OK
Using double precision for computations.
=============================================================================
The composite transform comprises the following transforms (in order): 
  1. Center of mass alignment using fixed image: /templateflow/tpl-MNI152NLin2009cAsym/tpl-MNI152NLin2009cAsym_res-01_desc-brain_T1w.nii.gz and moving image: /project/rrg-glatard/mdugre/datasets/corr/RawDataBIDS/BMB_1/derivatives/antsBrainExtraction/sub-0003036/BrainExtractionBrain.nii.gz (type = Euler3DTransform)
=============================================================================
  number of levels = 4
  number of levels = 4
  number of levels = 4
  fixed image: /templateflow/tpl-MNI152NLin2009cAsym/tpl-MNI152NLin2009cAsym_res-01_desc-brain_T1w.nii.gz
  moving image: /project/rrg-glatard/mdugre/datasets/corr/RawDataBIDS/BMB_1/derivatives/antsBrainExtraction/sub-0003036/BrainExtractionBrain.nii.gz
  fixed image: /templateflow/tpl-MNI152NLin2009cAsym/tpl-MNI152NLin2009cAsym_res-01_desc-brain_T1w.nii.gz
  moving image: /project/rrg-glatard/mdugre/datasets/corr/RawDataBIDS/BMB_1/derivatives/antsBrainExtraction/sub-0003036/BrainExtractionBrain.nii.gz
  fixed image: /templateflow/tpl-MNI152NLin2009cAsym/tpl-MNI152NLin2009cAsym_res-01_desc-brain_T1w.nii.gz
  moving image: /project/rrg-glatard/mdugre/datasets/corr/RawDataBIDS/BMB_1/derivatives/antsBrainExtraction/sub-0003036/BrainExtractionBrain.nii.gz
Dimension = 3
Number of stages = 3
Use histogram matching = false
Winsorize image intensities = true
  Lower quantile = 0.005
  Upper quantile = 0.995


Stage 1 State
   Image metric = MattesMI
     Fixed image = Image (0x559ad8cf4420)
  RTTI typeinfo:   itk::Image<double, 3u>
  Reference Count: 2
  Modified Time: 2368
  Debug: Off
  Object Name: 
  Observers: 
    none
  Source: (none)
  Source output name: (none)
  Release Data: Off
  Data Released: False
  Global Release Data: Off
  PipelineMTime: 0
  UpdateMTime: 1979
  RealTimeStamp: 0 seconds 
  LargestPossibleRegion: 
    Dimension: 3
    Index: [0, 0, 0]
    Size: [193, 229, 193]
  BufferedRegion: 
    Dimension: 3
    Index: [0, 0, 0]
    Size: [193, 229, 193]
  RequestedRegion: 
    Dimension: 3
    Index: [0, 0, 0]
    Size: [193, 229, 193]
  Spacing: [1, 1, 1]
  Origin: [96, 132, -78]
  Direction: 
-1 0 0
0 -1 0
0 0 1

  IndexToPointMatrix: 
-1 0 0
0 -1 0
0 0 1

  PointToIndexMatrix: 
-1 0 0
0 -1 0
0 0 1

  Inverse Direction: 
-1 0 0
0 -1 0
0 0 1

  PixelContainer: 
    ImportImageContainer (0x559ad8cf7910)
      RTTI typeinfo:   itk::ImportImageContainer<unsigned long, double>
      Reference Count: 1
      Modified Time: 1976
      Debug: Off
      Object Name: 
      Observers: 
        none
      Pointer: 0x153b16875010
      Container manages memory: true
      Size: 8530021
      Capacity: 8530021

     Moving image = Image (0x559ad8ceba50)
  RTTI typeinfo:   itk::Image<double, 3u>
  Reference Count: 2
  Modified Time: 2369
  Debug: Off
  Object Name: 
  Observers: 
    none
  Source: (none)
  Source output name: (none)
  Release Data: Off
  Data Released: False
  Global Release Data: Off
  PipelineMTime: 0
  UpdateMTime: 2366
  RealTimeStamp: 0 seconds 
  LargestPossibleRegion: 
    Dimension: 3
    Index: [0, 0, 0]
    Size: [176, 256, 256]
  BufferedRegion: 
    Dimension: 3
    Index: [0, 0, 0]
    Size: [176, 256, 256]
  RequestedRegion: 
    Dimension: 3
    Index: [0, 0, 0]
    Size: [176, 256, 256]
  Spacing: [1, 1, 1]
  Origin: [-105.324, 105.944, -112.07]
  Direction: 
1 0 0
0 -1 0
0 0 1

  IndexToPointMatrix: 
1 0 0
0 -1 0
0 0 1

  PointToIndexMatrix: 
1 0 0
0 -1 0
0 0 1

  Inverse Direction: 
1 0 0
0 -1 0
0 0 1

  PixelContainer: 
    ImportImageContainer (0x559ad8da7d70)
      RTTI typeinfo:   itk::ImportImageContainer<unsigned long, double>
      Reference Count: 1
      Modified Time: 2363
      Debug: Off
      Object Name: 
      Observers: 
        none
      Pointer: 0x153b11074010
      Container manages memory: true
      Size: 11534336
      Capacity: 11534336

     Weighting = 1
     Sampling strategy = regular
     Number of bins = 32
     Radius = 4
     Sampling percentage  = 0.25
   Transform = Rigid
     Gradient step = 0.1
     Update field sigma (voxel space) = 0
     Total field sigma (voxel space) = 0
     Update field time sigma = 0
     Total field time sigma  = 0
     Number of time indices = 0
     Number of time point samples = 0
Stage 2 State
   Image metric = MattesMI
     Fixed image = Image (0x559ad8d4e3e0)
  RTTI typeinfo:   itk::Image<double, 3u>
  Reference Count: 2
  Modified Time: 3144
  Debug: Off
  Object Name: 
  Observers: 
    none
  Source: (none)
  Source output name: (none)
  Release Data: Off
  Data Released: False
  Global Release Data: Off
  PipelineMTime: 0
  UpdateMTime: 2755
  RealTimeStamp: 0 seconds 
  LargestPossibleRegion: 
    Dimension: 3
    Index: [0, 0, 0]
    Size: [193, 229, 193]
  BufferedRegion: 
    Dimension: 3
    Index: [0, 0, 0]
    Size: [193, 229, 193]
  RequestedRegion: 
    Dimension: 3
    Index: [0, 0, 0]
    Size: [193, 229, 193]
  Spacing: [1, 1, 1]
  Origin: [96, 132, -78]
  Direction: 
-1 0 0
0 -1 0
0 0 1

  IndexToPointMatrix: 
-1 0 0
0 -1 0
0 0 1

  PointToIndexMatrix: 
-1 0 0
0 -1 0
0 0 1

  Inverse Direction: 
-1 0 0
0 -1 0
0 0 1

  PixelContainer: 
    ImportImageContainer (0x559ad8cfa940)
      RTTI typeinfo:   itk::ImportImageContainer<unsigned long, double>
      Reference Count: 1
      Modified Time: 2752
      Debug: Off
      Object Name: 
      Observers: 
        none
      Pointer: 0x153b0cf5f010
      Container manages memory: true
      Size: 8530021
      Capacity: 8530021

     Moving image = Image (0x559ad8d4d480)
  RTTI typeinfo:   itk::Image<double, 3u>
  Reference Count: 2
  Modified Time: 3145
  Debug: Off
  Object Name: 
  Observers: 
    none
  Source: (none)
  Source output name: (none)
  Release Data: Off
  Data Released: False
  Global Release Data: Off
  PipelineMTime: 0
  UpdateMTime: 3142
  RealTimeStamp: 0 seconds 
  LargestPossibleRegion: 
    Dimension: 3
    Index: [0, 0, 0]
    Size: [176, 256, 256]
  BufferedRegion: 
    Dimension: 3
    Index: [0, 0, 0]
    Size: [176, 256, 256]
  RequestedRegion: 
    Dimension: 3
    Index: [0, 0, 0]
    Size: [176, 256, 256]
  Spacing: [1, 1, 1]
  Origin: [-105.324, 105.944, -112.07]
  Direction: 
1 0 0
0 -1 0
0 0 1

  IndexToPointMatrix: 
1 0 0
0 -1 0
0 0 1

  PointToIndexMatrix: 
1 0 0
0 -1 0
0 0 1

  Inverse Direction: 
1 0 0
0 -1 0
0 0 1

  PixelContainer: 
    ImportImageContainer (0x559ad8df6bd0)
      RTTI typeinfo:   itk::ImportImageContainer<unsigned long, double>
      Reference Count: 1
      Modified Time: 3139
      Debug: Off
      Object Name: 
      Observers: 
        none
      Pointer: 0x153b0775e010
      Container manages memory: true
      Size: 11534336
      Capacity: 11534336

     Weighting = 1
     Sampling strategy = regular
     Number of bins = 32
     Radius = 4
     Sampling percentage  = 0.25
   Transform = Affine
     Gradient step = 0.1
     Update field sigma (voxel space) = 0
     Total field sigma (voxel space) = 0
     Update field time sigma = 0
     Total field time sigma  = 0
     Number of time indices = 0
     Number of time point samples = 0
Stage 3 State
   Image metric = CC
     Fixed image = Image (0x559ad8d4d740)
  RTTI typeinfo:   itk::Image<double, 3u>
  Reference Count: 2
  Modified Time: 3920
  Debug: Off
  Object Name: 
  Observers: 
    none
  Source: (none)
  Source output name: (none)
  Release Data: Off
  Data Released: False
  Global Release Data: Off
  PipelineMTime: 0
  UpdateMTime: 3531
  RealTimeStamp: 0 seconds 
  LargestPossibleRegion: 
    Dimension: 3
    Index: [0, 0, 0]
    Size: [193, 229, 193]
  BufferedRegion: 
    Dimension: 3
    Index: [0, 0, 0]
    Size: [193, 229, 193]
  RequestedRegion: 
    Dimension: 3
    Index: [0, 0, 0]
    Size: [193, 229, 193]
  Spacing: [1, 1, 1]
  Origin: [96, 132, -78]
  Direction: 
-1 0 0
0 -1 0
0 0 1

  IndexToPointMatrix: 
-1 0 0
0 -1 0
0 0 1

  PointToIndexMatrix: 
-1 0 0
0 -1 0
0 0 1

  Inverse Direction: 
-1 0 0
0 -1 0
0 0 1

  PixelContainer: 
    ImportImageContainer (0x559ad8df4790)
      RTTI typeinfo:   itk::ImportImageContainer<unsigned long, double>
      Reference Count: 1
      Modified Time: 3528
      Debug: Off
      Object Name: 
      Observers: 
        none
      Pointer: 0x153b03649010
      Container manages memory: true
      Size: 8530021
      Capacity: 8530021

     Moving image = Image (0x559ad8df2880)
  RTTI typeinfo:   itk::Image<double, 3u>
  Reference Count: 2
  Modified Time: 3921
  Debug: Off
  Object Name: 
  Observers: 
    none
  Source: (none)
  Source output name: (none)
  Release Data: Off
  Data Released: False
  Global Release Data: Off
  PipelineMTime: 0
  UpdateMTime: 3918
  RealTimeStamp: 0 seconds 
  LargestPossibleRegion: 
    Dimension: 3
    Index: [0, 0, 0]
    Size: [176, 256, 256]
  BufferedRegion: 
    Dimension: 3
    Index: [0, 0, 0]
    Size: [176, 256, 256]
  RequestedRegion: 
    Dimension: 3
    Index: [0, 0, 0]
    Size: [176, 256, 256]
  Spacing: [1, 1, 1]
  Origin: [-105.324, 105.944, -112.07]
  Direction: 
1 0 0
0 -1 0
0 0 1

  IndexToPointMatrix: 
1 0 0
0 -1 0
0 0 1

  PointToIndexMatrix: 
1 0 0
0 -1 0
0 0 1

  Inverse Direction: 
1 0 0
0 -1 0
0 0 1

  PixelContainer: 
    ImportImageContainer (0x559ad8de2410)
      RTTI typeinfo:   itk::ImportImageContainer<unsigned long, double>
      Reference Count: 1
      Modified Time: 3915
      Debug: Off
      Object Name: 
      Observers: 
        none
      Pointer: 0x153afde48010
      Container manages memory: true
      Size: 11534336
      Capacity: 11534336

     Weighting = 1
     Sampling strategy = none
     Number of bins = 32
     Radius = 4
     Sampling percentage  = 1
   Transform = SyN
     Gradient step = 0.1
     Update field sigma (voxel space) = 3
     Total field sigma (voxel space) = 0
     Update field time sigma = 0
     Total field time sigma  = 0
     Number of time indices = 0
     Number of time point samples = 0
Registration using 3 total stages.

Stage 0
  iterations = 1000x500x250x100
  convergence threshold = 1e-06
  convergence window size = 10
  number of levels = 4
  using the Mattes MI metric (number of bins = 32, weight = 1, use gradient filter = 0)
  preprocessing:  winsorizing the image intensities
  Shrink factors (level 1 out of 4): [8, 8, 8]
  Shrink factors (level 2 out of 4): [4, 4, 4]
  Shrink factors (level 3 out of 4): [2, 2, 2]
  Shrink factors (level 4 out of 4): [1, 1, 1]
  smoothing sigmas per level: [3, 2, 1, 0]
  regular sampling (percentage = 0.25)

*** Running Euler3DTransform registration ***

DIAGNOSTIC,Iteration,metricValue,convergenceValue,ITERATION_TIME_INDEX,SINCE_LAST,LIPSCHITZ,PARAMS_NORM,GRAD_NORM
 2DIAGNOSTIC,     1, -5.548774233384e-01, 1.797693134862e+308, 1.8821e-01, 1.8821e-01, 9.776047051991e-01, 1.374593116736e-01, 1.374593116736e-01, 
 2DIAGNOSTIC,     2, -5.552884806110e-01, 1.797693134862e+308, 1.8954e-01, 1.3280e-03, 9.870078336532e-01, 3.782263251953e-01, 2.409719983103e-01, 
 2DIAGNOSTIC,     3, -5.565999926426e-01, 1.797693134862e+308, 1.9092e-01, 1.3812e-03, 9.937573194431e-01, 9.977685905805e-01, 6.219294051137e-01, 
 2DIAGNOSTIC,     4, -5.586163150566e-01, 1.797693134862e+308, 1.9217e-01, 1.2488e-03, 9.961168661921e-01, 1.622663032473e+00, 7.786706160936e-01, 
 2DIAGNOSTIC,     5, -5.614941853147e-01, 1.797693134862e+308, 1.9343e-01, 1.2648e-03, 9.992289445053e-01, 2.779800180514e+00, 1.258478921735e+00, 
 2DIAGNOSTIC,     6, -5.670917027089e-01, 1.797693134862e+308, 1.9491e-01, 1.4789e-03, 9.973101264264e-01, 3.178749198212e+00, 6.992766980523e-01, 
 2DIAGNOSTIC,     7, -5.690599314753e-01, 1.797693134862e+308, 1.9671e-01, 1.8029e-03, 1.001522279431e+00, 3.475179997277e+00, 5.677721905264e-01, 
 2DIAGNOSTIC,     8, -5.695806070555e-01, 1.797693134862e+308, 1.9822e-01, 1.5090e-03, 9.842553690195e-01, 3.358622817752e+00, 1.768274192684e-01, 
 2DIAGNOSTIC,     9, -5.700435408445e-01, 1.797693134862e+308, 1.9958e-01, 1.3571e-03, 9.755559826475e-01, 3.300979163837e+00, 8.714177045105e-02, 
 2DIAGNOSTIC,    10, -5.700876377607e-01, 2.173569876899e-03, 2.0164e-01, 2.0611e-03, 9.835812302009e-01, 3.234523513984e+00, 1.328325975680e-01, 
 2DIAGNOSTIC,    11, -5.701752231175e-01, 1.780355918789e-03, 2.0295e-01, 1.3099e-03, 9.921705005240e-01, 3.087723951206e+00, 3.251453196968e-01, 
 2DIAGNOSTIC,    12, -5.712275737243e-01, 1.354602993371e-03, 2.0463e-01, 1.6830e-03, 9.888914586171e-01, 3.056955899154e+00, 3.350589736155e-01, 
 2DIAGNOSTIC,    13, -5.725278082611e-01, 9.748428180657e-04, 2.0609e-01, 1.4591e-03, 9.933695916769e-01, 3.130835073568e+00, 1.311236606856e-01, 
 2DIAGNOSTIC,    14, -5.728764461912e-01, 6.460310325438e-04, 2.0755e-01, 1.4541e-03, 9.846029561794e-01, 3.193207256321e+00, 1.427018741842e-01, 
 2DIAGNOSTIC,    15, -5.731818817929e-01, 4.057561391686e-04, 2.0897e-01, 1.4210e-03, 9.692739300316e-01, 3.163959820358e+00, 4.227944709158e-02, 
 2DIAGNOSTIC,    16, -5.729869398183e-01, 3.272650000977e-04, 2.1025e-01, 1.2791e-03, 9.829957606242e-01, 3.137724527689e+00, 4.723038158809e-02, 
 2DIAGNOSTIC,    17, -5.729307057352e-01, 2.840702645931e-04, 2.1167e-01, 1.4210e-03, 9.857225171343e-01, 3.131670072944e+00, 6.975144928989e-03, 
 2DIAGNOSTIC,    18, -5.729518905795e-01, 2.337963257009e-04, 2.1318e-01, 1.5080e-03, 9.988549056033e-01, 3.128556911290e+00, 3.520821832683e-03, 
 2DIAGNOSTIC,    19, -5.728866156475e-01, 1.778716485953e-04, 2.1467e-01, 1.4958e-03, 9.767067413041e-01, 3.127546803144e+00, 4.325477208264e-03, 
 2DIAGNOSTIC,    20, -5.727275295318e-01, 1.090212913144e-04, 2.1612e-01, 1.4460e-03, 9.617138192475e-01, 3.127413279385e+00, 2.795931387405e-03, 
 2DIAGNOSTIC,    21, -5.727320844881e-01, 3.891792166136e-05, 2.1733e-01, 1.2159e-03, 9.770526457619e-01, 3.126726382937e+00, 3.490383336475e-03, 
DIAGNOSTIC,Iteration,metricValue,convergenceValue,ITERATION_TIME_INDEX,SINCE_LAST,LIPSCHITZ,PARAMS_NORM,GRAD_NORM
 2DIAGNOSTIC,     1, -4.512209297029e-01, 1.797693134862e+308, 4.1835e-01, 2.0101e-01, 9.455938974200e-01, 3.026828502706e+00, 1.561064829011e-01, 
 2DIAGNOSTIC,     2, -4.525738046279e-01, 1.797693134862e+308, 4.2690e-01, 8.5549e-03, 9.678257542625e-01, 2.805305240705e+00, 2.584162463914e-01, 
 2DIAGNOSTIC,     3, -4.545800365251e-01, 1.797693134862e+308, 4.3595e-01, 9.0442e-03, 9.809730519245e-01, 2.495037159217e+00, 3.723863082928e-01, 
 2DIAGNOSTIC,     4, -4.569217107472e-01, 1.797693134862e+308, 4.4453e-01, 8.5821e-03, 9.887479956478e-01, 2.112578761307e+00, 4.811219516723e-01, 
 2DIAGNOSTIC,     5, -4.591905696416e-01, 1.797693134862e+308, 4.5309e-01, 8.5599e-03, 9.933458796734e-01, 1.681076575172e+00, 6.096648795221e-01, 
 2DIAGNOSTIC,     6, -4.610706097465e-01, 1.797693134862e+308, 4.6136e-01, 8.2738e-03, 9.960649395490e-01, 1.297294881652e+00, 4.902266047913e-01, 
 2DIAGNOSTIC,     7, -4.618349763449e-01, 1.797693134862e+308, 4.7146e-01, 1.0097e-02, 9.960649395490e-01, 1.251025639630e+00, 2.150042205001e-01, 
 2DIAGNOSTIC,     8, -4.619741030005e-01, 1.797693134862e+308, 4.8101e-01, 9.5470e-03, 1.001799282250e+00, 1.163345872291e+00, 1.388629434038e-01, 
 2DIAGNOSTIC,     9, -4.620590539142e-01, 1.797693134862e+308, 4.9073e-01, 9.7182e-03, 1.000455273750e+00, 7.988075157810e-01, 3.724072467442e-01, 
 2DIAGNOSTIC,    10, -4.623311044313e-01, 1.689216940291e-03, 5.0043e-01, 9.7060e-03, 9.949104888883e-01, 9.199457688693e-01, 2.763644022972e-01, 
 2DIAGNOSTIC,    11, -4.625398916193e-01, 1.229010490779e-03, 5.0967e-01, 9.2371e-03, 9.970250386121e-01, 1.006297461804e+00, 9.818855635487e-02, 
 2DIAGNOSTIC,    12, -4.625674844875e-01, 8.067135107726e-04, 5.1814e-01, 8.4710e-03, 1.001970609187e+00, 1.060927442308e+00, 6.147696630549e-02, 
 2DIAGNOSTIC,    13, -4.625898422446e-01, 4.734298662117e-04, 5.2949e-01, 1.1350e-02, 9.948903548667e-01, 1.062410451662e+00, 6.084031827976e-02, 
 2DIAGNOSTIC,    14, -4.626293759978e-01, 2.491811307348e-04, 5.3898e-01, 9.4931e-03, 9.937787556945e-01, 1.018727252422e+00, 7.540396679437e-02, 
 2DIAGNOSTIC,    15, -4.626446221548e-01, 1.246137968657e-04, 5.4864e-01, 9.6540e-03, 9.902481918602e-01, 1.003339197093e+00, 2.150414260169e-02, 
 2DIAGNOSTIC,    16, -4.626455275749e-01, 7.622871229898e-05, 5.7530e-01, 2.6667e-02, 2.940310947558e+02, 1.003338785314e+00, 4.868288878121e-07, 
 2DIAGNOSTIC,    17, -4.626455275699e-01, 5.454309155527e-05, 6.0193e-01, 2.6624e-02, 2.975289066491e+06, 1.003338785273e+00, 4.827372929414e-11, 
 2DIAGNOSTIC,    18, -4.626455275699e-01, 3.532192368703e-05, 6.1268e-01, 1.0755e-02, 6.540306892357e+06, 1.003338785254e+00, 2.196044545147e-11, 
 2DIAGNOSTIC,    19, -4.626455275699e-01, 1.760353763679e-05, 6.2221e-01, 9.5260e-03, 6.540306889579e+06, 1.003338785236e+00, 2.196044544214e-11, 
 2DIAGNOSTIC,    20, -4.626455275699e-01, 8.405483674208e-06, 6.3159e-01, 9.3820e-03, 1.012589751088e+07, 1.003338785224e+00, 1.418420871831e-11, 
 2DIAGNOSTIC,    21, -4.626455275699e-01, 5.589577326763e-06, 6.4078e-01, 9.1870e-03, 1.012589750810e+07, 1.003338785212e+00, 1.418420871442e-11, 
 2DIAGNOSTIC,    22, -4.626455275699e-01, 3.427007966017e-06, 6.5133e-01, 1.0548e-02, 2.536630205414e+07, 1.003338785207e+00, 5.662151024979e-12, 
 2DIAGNOSTIC,    23, -4.626455275699e-01, 1.843002491793e-06, 6.6168e-01, 1.0358e-02, 2.876109141001e+07, 1.003338785203e+00, 4.993824788771e-12, 
 2DIAGNOSTIC,    24, -4.626455275699e-01, 1.353826187961e-06, 6.7080e-01, 9.1181e-03, 2.876109140723e+07, 1.003338785199e+00, 4.993824788289e-12, 
 2DIAGNOSTIC,    25, -4.626455275699e-01, 1.277139887547e-06, 6.8031e-01, 9.5119e-03, 2.876109140445e+07, 1.003338785194e+00, 4.993824787806e-12, 
 2DIAGNOSTIC,    26, -4.626455275699e-01, 1.227843203160e-06, 6.8930e-01, 8.9822e-03, 2.015416447705e+07, 1.003338785188e+00, 7.126442530951e-12, 
 2DIAGNOSTIC,    27, -4.626455275699e-01, 1.182210610261e-06, 6.9921e-01, 9.9120e-03, 3.697491828175e+07, 1.003338785185e+00, 3.884516823734e-12, 
 2DIAGNOSTIC,    28, -4.626455275699e-01, 1.139848332415e-06, 7.0819e-01, 8.9781e-03, 5.724590803414e+07, 1.003338785183e+00, 2.509001812468e-12, 
 2DIAGNOSTIC,    29, -4.626455275699e-01, 1.100416974577e-06, 7.1829e-01, 1.0106e-02, 1.258416679573e+08, 1.003338785182e+00, 1.141382666192e-12, 
 2DIAGNOSTIC,    30, -4.626455275699e-01, 1.063622534846e-06, 7.2756e-01, 9.2659e-03, 1.948412367231e+08, 1.003338785181e+00, 7.372168298644e-13, 
 2DIAGNOSTIC,    31, -4.626455275699e-01, 1.029209061004e-06, 7.3567e-01, 8.1131e-03, 1.152133490304e+08, 1.003338785180e+00, 1.246621126597e-12, 
DIAGNOSTIC,Iteration,metricValue,convergenceValue,ITERATION_TIME_INDEX,SINCE_LAST,LIPSCHITZ,PARAMS_NORM,GRAD_NORM
 2DIAGNOSTIC,     1, -4.050345640314e-01, 1.797693134862e+308, 1.0648e+00, 3.2913e-01, 9.925498129068e-01, 1.041989516609e+00, 1.244681582609e-01, 
 2DIAGNOSTIC,     2, -4.051438281998e-01, 1.797693134862e+308, 1.1476e+00, 8.2844e-02, 9.955941679525e-01, 1.118491564419e+00, 1.514132144213e-01, 
 2DIAGNOSTIC,     3, -4.052609042487e-01, 1.797693134862e+308, 1.2327e+00, 8.5024e-02, 9.973945142870e-01, 1.241247373522e+00, 1.829648955134e-01, 
 2DIAGNOSTIC,     4, -4.053499104700e-01, 1.797693134862e+308, 1.3149e+00, 8.2245e-02, 9.991324417770e-01, 1.289751336815e+00, 1.036999775277e-01, 
 2DIAGNOSTIC,     5, -4.054496637682e-01, 1.797693134862e+308, 1.4358e+00, 1.2086e-01, 1.001886319570e+00, 1.311204058600e+00, 8.926373656408e-02, 
 2DIAGNOSTIC,     6, -4.054922303762e-01, 1.797693134862e+308, 1.5441e+00, 1.0831e-01, 1.002061468607e+00, 1.298106089102e+00, 5.787920022610e-02, 
 2DIAGNOSTIC,     7, -4.055172598557e-01, 1.797693134862e+308, 1.6263e+00, 8.2201e-02, 9.919159525654e-01, 1.216126524455e+00, 1.026533522410e-01, 
 2DIAGNOSTIC,     8, -4.055905420401e-01, 1.797693134862e+308, 1.7081e+00, 8.1855e-02, 9.951987759805e-01, 1.144358162177e+00, 1.101448606389e-01, 
 2DIAGNOSTIC,     9, -4.056208601152e-01, 1.797693134862e+308, 1.7910e+00, 8.2833e-02, 9.971606905454e-01, 1.098474580467e+00, 7.914478282780e-02, 
 2DIAGNOSTIC,    10, -4.056304952026e-01, 9.636924284204e-05, 1.8736e+00, 8.2631e-02, 9.983209118870e-01, 1.072491940473e+00, 4.733027524589e-02, 
 2DIAGNOSTIC,    11, -4.056358291721e-01, 7.140138652285e-05, 1.9558e+00, 8.2185e-02, 9.990822413076e-01, 1.066054581069e+00, 1.182205960366e-02, 
 2DIAGNOSTIC,    12, -4.056423124575e-01, 5.115382403613e-05, 2.0520e+00, 9.6221e-02, 9.990942168539e-01, 1.065078114118e+00, 1.298068039248e-02, 
 2DIAGNOSTIC,    13, -4.056421320799e-01, 3.583522169388e-05, 2.1481e+00, 9.6113e-02, 9.996295669040e-01, 1.054610593143e+00, 1.693988525327e-02, 
 2DIAGNOSTIC,    14, -4.056462936992e-01, 2.420825001412e-05, 2.2703e+00, 1.2215e-01, 9.988974188887e-01, 1.044239415567e+00, 1.218820150591e-02, 
 2DIAGNOSTIC,    15, -4.056451335195e-01, 1.673498870622e-05, 2.5895e+00, 3.1924e-01, 1.509542057972e+02, 1.044239311070e+00, 1.520191912140e-07, 
 2DIAGNOSTIC,    16, -4.056451335052e-01, 1.074669231141e-05, 2.6715e+00, 8.2031e-02, 9.157319260005e+01, 1.044239183965e+00, 2.494843615847e-07, 
 2DIAGNOSTIC,    17, -4.056451335056e-01, 5.620635930542e-06, 2.7541e+00, 8.2565e-02, 5.374519411691e+01, 1.044238969040e+00, 4.218611873262e-07, 
 2DIAGNOSTIC,    18, -4.056451335061e-01, 3.543279422653e-06, 2.8369e+00, 8.2748e-02, 3.137477498005e+01, 1.044238605635e+00, 7.133239918901e-07, 
 2DIAGNOSTIC,    19, -4.056451335071e-01, 2.632155548347e-06, 2.9196e+00, 8.2706e-02, 1.814553545446e+01, 1.044237991202e+00, 1.206115513039e-06, 
 2DIAGNOSTIC,    20, -4.056451335086e-01, 2.058250394572e-06, 3.0020e+00, 8.2410e-02, 1.032213360761e+01, 1.044236952432e+00, 2.039225679941e-06, 
 2DIAGNOSTIC,    21, -4.056451335113e-01, 1.669631060082e-06, 3.0844e+00, 8.2405e-02, 5.695592804737e+00, 1.044235196536e+00, 3.447452156516e-06, 
 2DIAGNOSTIC,    22, -4.056451335156e-01, 1.509619578566e-06, 3.1675e+00, 8.3104e-02, 2.959586113313e+00, 1.044232229193e+00, 5.827170946632e-06, 
 2DIAGNOSTIC,    23, -4.056451335225e-01, 1.348041437463e-06, 3.2499e+00, 8.2385e-02, 1.341588362116e+00, 1.044227216749e+00, 9.846753623526e-06, 
 2DIAGNOSTIC,    24, -4.056451335344e-01, 1.325738034359e-06, 3.3325e+00, 8.2619e-02, 3.847497947130e-01, 1.044218755878e+00, 1.663099987918e-05, 
 2DIAGNOSTIC,    25, -4.056451335614e-01, 1.272697705508e-06, 3.4151e+00, 8.2623e-02, 1.810977433171e-01, 1.044204491750e+00, 2.806652043453e-05, 
 2DIAGNOSTIC,    26, -4.056451336112e-01, 1.223739005698e-06, 3.4977e+00, 8.2585e-02, 5.157241340199e-01, 1.044180494227e+00, 4.729966373940e-05, 
 2DIAGNOSTIC,    27, -4.056451336962e-01, 1.178409395869e-06, 3.5805e+00, 8.2825e-02, 7.136128122043e-01, 1.044140264808e+00, 7.952629894458e-05, 
 2DIAGNOSTIC,    28, -4.056451337762e-01, 1.136319461512e-06, 3.7032e+00, 1.2270e-01, 1.861700549602e-02, 1.044129118611e+00, 2.214349191561e-05, 
 2DIAGNOSTIC,    29, -4.056451337797e-01, 1.097131712612e-06, 3.8774e+00, 1.7417e-01, 2.383240520529e+01, 1.044128663273e+00, 9.058609198534e-07, 
 2DIAGNOSTIC,    30, -4.056451337797e-01, 1.060555523125e-06, 4.0131e+00, 1.3566e-01, 1.618612317083e+02, 1.044128593856e+00, 1.381065937078e-07, 
 2DIAGNOSTIC,    31, -4.056451337797e-01, 1.026337915336e-06, 4.1093e+00, 9.6215e-02, 1.618612316379e+02, 1.044128524441e+00, 1.381042576774e-07, 
DIAGNOSTIC,Iteration,metricValue,convergenceValue,ITERATION_TIME_INDEX,SINCE_LAST,LIPSCHITZ,PARAMS_NORM,GRAD_NORM
 2DIAGNOSTIC,     1, -3.739166549276e-01, 1.797693134862e+308, 4.9156e+00, 8.0635e-01, 9.948178945632e-01, 1.084605487717e+00, 1.498529749706e-01, 
 2DIAGNOSTIC,     2, -3.740507137131e-01, 1.797693134862e+308, 5.3267e+00, 4.1104e-01, 9.969354479396e-01, 1.196917711248e+00, 1.705360321610e-01, 
 2DIAGNOSTIC,     3, -3.740939926799e-01, 1.797693134862e+308, 5.7890e+00, 4.6238e-01, 9.980333274320e-01, 1.323913660097e+00, 1.342561013643e-01, 
 2DIAGNOSTIC,     4, -3.741112884537e-01, 1.797693134862e+308, 6.4835e+00, 6.9450e-01, 9.861540665785e-01, 1.341822588083e+00, 1.876137212899e-02, 
 2DIAGNOSTIC,     5, -3.741116947986e-01, 1.797693134862e+308, 7.0639e+00, 5.8034e-01, 9.189465667444e-01, 1.343950896124e+00, 2.545096495257e-03, 
 2DIAGNOSTIC,     6, -3.741117446226e-01, 1.797693134862e+308, 7.6915e+00, 6.2763e-01, 4.684179054315e-01, 1.344260805972e+00, 3.668635022714e-04, 
 2DIAGNOSTIC,     7, -3.741115730184e-01, 1.797693134862e+308, 8.2070e+00, 5.1551e-01, 1.685304910385e-01, 1.344400809375e+00, 1.654992297113e-04, 
 2DIAGNOSTIC,     8, -3.741115748656e-01, 1.797693134862e+308, 8.6660e+00, 4.5896e-01, 1.811571474059e-01, 1.344599969868e+00, 2.352772853221e-04, 
 2DIAGNOSTIC,     9, -3.741113145531e-01, 1.797693134862e+308, 9.1223e+00, 4.5632e-01, 2.677586842903e-01, 1.344728021903e+00, 1.511375969011e-04, 
 2DIAGNOSTIC,    10, -3.741112279636e-01, 2.293451964390e-05, 9.5264e+00, 4.0406e-01, 2.502830103612e-01, 1.344943924009e+00, 2.546732274872e-04, 
 2DIAGNOSTIC,    11, -3.741110537584e-01, 8.094817356030e-06, 1.0150e+01, 6.2340e-01, 3.314617716798e+00, 1.344981253602e+00, 4.399066687228e-05, 
 2DIAGNOSTIC,    12, -3.741109663506e-01, 3.679196879089e-06, 1.1565e+01, 1.4150e+00, 4.351046579926e+04, 1.344981257301e+00, 4.357662335914e-09, 
 2DIAGNOSTIC,    13, -3.741109663506e-01, 2.350761888786e-06, 1.2020e+01, 4.5562e-01, 6.736484350763e+04, 1.344981259690e+00, 2.814605286768e-09, 
 2DIAGNOSTIC,    14, -3.741109663506e-01, 2.158737135063e-06, 1.2487e+01, 4.6684e-01, 6.736484261928e+04, 1.344981262079e+00, 2.814605102014e-09, 
 2DIAGNOSTIC,    15, -3.741109663506e-01, 2.023170130247e-06, 1.2960e+01, 4.7322e-01, 7.638045157099e+04, 1.344981264185e+00, 2.482385889380e-09, 
 2DIAGNOSTIC,    16, -3.741109663506e-01, 1.916068691474e-06, 1.3425e+01, 4.6413e-01, 1.182551981252e+05, 1.344981265546e+00, 1.603368093951e-09, 
 2DIAGNOSTIC,    17, -3.741109663506e-01, 1.820429700719e-06, 1.3935e+01, 5.1002e-01, 2.169490404396e+05, 1.344981266288e+00, 8.739718369405e-10, 
 2DIAGNOSTIC,    18, -3.741109663506e-01, 1.740355533811e-06, 1.4398e+01, 4.6356e-01, 1.520258187413e+05, 1.344981267346e+00, 1.247202336471e-09, 
 2DIAGNOSTIC,    19, -3.741109663506e-01, 1.660755886569e-06, 1.4854e+01, 4.5566e-01, 2.353718131762e+05, 1.344981268030e+00, 8.055655243446e-10, 
 2DIAGNOSTIC,    20, -3.741109663506e-01, 1.587232787044e-06, 1.5317e+01, 4.6362e-01, 2.668718657456e+05, 1.344981268633e+00, 7.104814000285e-10, 
 2DIAGNOSTIC,    21, -3.741109663506e-01, 1.514809869083e-06, 1.5774e+01, 4.5652e-01, 4.131800841101e+05, 1.344981269023e+00, 4.588985379346e-10, 
 2DIAGNOSTIC,    22, -3.741109663506e-01, 1.445952634641e-06, 1.6232e+01, 4.5806e-01, 3.469234609167e+05, 1.344981269486e+00, 5.465403515558e-10, 
 2DIAGNOSTIC,    23, -3.741109663506e-01, 1.383083172130e-06, 1.6689e+01, 4.5714e-01, 2.431048191369e+05, 1.344981270148e+00, 7.799409315380e-10, 
 2DIAGNOSTIC,    24, -3.741109663506e-01, 1.325452987803e-06, 1.7144e+01, 4.5436e-01, 3.302753704175e+05, 1.344981270636e+00, 5.740895375956e-10, 
 2DIAGNOSTIC,    25, -3.741109663506e-01, 1.272433350186e-06, 1.7603e+01, 4.5976e-01, 3.302753659955e+05, 1.344981271123e+00, 5.740895299092e-10, 
 2DIAGNOSTIC,    26, -3.741109663506e-01, 1.223492258541e-06, 1.8067e+01, 4.6328e-01, 5.113433426269e+05, 1.344981271438e+00, 3.708032986457e-10, 
 2DIAGNOSTIC,    27, -3.741109663506e-01, 1.178176529032e-06, 1.8526e+01, 4.5924e-01, 3.583214847704e+05, 1.344981271887e+00, 5.291552042315e-10, 
 2DIAGNOSTIC,    28, -3.741109663506e-01, 1.136097720129e-06, 1.8988e+01, 4.6181e-01, 5.547653826105e+05, 1.344981272177e+00, 3.417803063944e-10, 
 2DIAGNOSTIC,    29, -3.741109663506e-01, 1.096920969661e-06, 1.9553e+01, 5.6564e-01, 2.248644843950e+06, 1.344981272248e+00, 8.432099739886e-11, 
 2DIAGNOSTIC,    30, -3.741109663506e-01, 1.060356064890e-06, 2.0016e+01, 4.6323e-01, 1.575729065043e+06, 1.344981272351e+00, 1.203303613012e-10, 
 2DIAGNOSTIC,    31, -3.741109663506e-01, 1.026150240703e-06, 2.0422e+01, 4.0541e-01, 9.318419076084e+05, 1.344981272523e+00, 2.034765947732e-10, 
  Elapsed time (stage 0): 2.068959999084e+01


Stage 1
  iterations = 1000x500x250x100
  convergence threshold = 1.000000000000e-06
  convergence window size = 10
  number of levels = 4
  using the Mattes MI metric (number of bins = 32, weight = 1.000000000000e+00, use gradient filter = 0)
  preprocessing:  winsorizing the image intensities
  Shrink factors (level 1 out of 4): [8, 8, 8]
  Shrink factors (level 2 out of 4): [4, 4, 4]
  Shrink factors (level 3 out of 4): [2, 2, 2]
  Shrink factors (level 4 out of 4): [1, 1, 1]
  smoothing sigmas per level: [3, 2, 1, 0]
  regular sampling (percentage = 2.500000000000e-01)

*** Running AffineTransform registration ***

DIAGNOSTIC,Iteration,metricValue,convergenceValue,ITERATION_TIME_INDEX,SINCE_LAST,LIPSCHITZ,PARAMS_NORM,GRAD_NORM
 2DIAGNOSTIC,     1, -5.588198759267e-01, 1.797693134862e+308, 1.8047e-01, 1.8047e-01, 8.779551848955e-01, 1.731204978451e+00, 3.747535407836e-02, 
 2DIAGNOSTIC,     2, -5.607351462580e-01, 1.797693134862e+308, 1.8175e-01, 1.2789e-03, 9.289919025545e-01, 1.731689193975e+00, 6.542555261849e-02, 
 2DIAGNOSTIC,     3, -5.644820935368e-01, 1.797693134862e+308, 1.8311e-01, 1.3618e-03, 9.573969075385e-01, 1.737913441058e+00, 1.089438279195e-01, 
 2DIAGNOSTIC,     4, -5.703784899558e-01, 1.797693134862e+308, 1.8452e-01, 1.4119e-03, 9.747592875505e-01, 1.760114503768e+00, 1.700934069666e-01, 
 2DIAGNOSTIC,     5, -5.798380297562e-01, 1.797693134862e+308, 1.8574e-01, 1.2221e-03, 9.851027964426e-01, 1.830403442415e+00, 2.855183132983e-01, 
 2DIAGNOSTIC,     6, -5.976972094229e-01, 1.797693134862e+308, 1.8702e-01, 1.2791e-03, 9.939473712913e-01, 1.937971572869e+00, 4.559622637895e-01, 
 2DIAGNOSTIC,     7, -6.369843424940e-01, 1.797693134862e+308, 1.8883e-01, 1.8060e-03, 1.000084637258e+00, 2.488022661021e+00, 1.231580309150e+00, 
 2DIAGNOSTIC,     8, -7.254454002315e-01, 1.797693134862e+308, 1.9050e-01, 1.6689e-03, 9.864026791014e-01, 1.585114929665e+00, 2.057705170167e+00, 
 2DIAGNOSTIC,     9, -7.650148967956e-01, 1.797693134862e+308, 1.9184e-01, 1.3430e-03, 9.935540471535e-01, 1.879380185973e+00, 1.059872380701e+00, 
 2DIAGNOSTIC,    10, -7.826755684047e-01, 2.462273733546e-02, 1.9392e-01, 2.0769e-03, 1.008213298177e+00, 2.269413486340e+00, 7.112339668394e-01, 
 2DIAGNOSTIC,    11, -7.966176410464e-01, 2.538830138975e-02, 1.9565e-01, 1.7300e-03, 9.869655585229e-01, 1.796929286296e+00, 9.440990414697e-01, 
 2DIAGNOSTIC,    12, -8.051736301592e-01, 2.409802919508e-02, 1.9716e-01, 1.5080e-03, 9.957098492639e-01, 1.650668493865e+00, 3.649782952631e-01, 
 2DIAGNOSTIC,    13, -8.093652617594e-01, 2.110949235496e-02, 1.9874e-01, 1.5860e-03, 9.843385357848e-01, 1.686765785972e+00, 1.291821488298e-01, 
 2DIAGNOSTIC,    14, -8.122548434242e-01, 1.698497328770e-02, 2.0128e-01, 2.5380e-03, 9.026061871249e-01, 1.684977730592e+00, 1.516235770962e-02, 
 2DIAGNOSTIC,    15, -8.123755105510e-01, 1.226494217081e-02, 2.0298e-01, 1.6980e-03, 9.680962299369e-01, 1.662287721934e+00, 1.049796053483e-01, 
 2DIAGNOSTIC,    16, -8.128655787888e-01, 7.592474203378e-03, 2.0447e-01, 1.4920e-03, 9.799712596539e-01, 1.656469001888e+00, 4.859824334725e-02, 
 2DIAGNOSTIC,    17, -8.132834811289e-01, 3.754476660832e-03, 2.0594e-01, 1.4699e-03, 9.917043287717e-01, 1.658329233169e+00, 9.534413085800e-02, 
 2DIAGNOSTIC,    18, -8.139232414925e-01, 2.017398399684e-03, 2.0762e-01, 1.6840e-03, 1.002161829886e+00, 1.673825378415e+00, 7.763423843811e-02, 
 2DIAGNOSTIC,    19, -8.144444160130e-01, 1.132585651153e-03, 2.0925e-01, 1.6251e-03, 9.905892755685e-01, 1.723410089985e+00, 1.515303755318e-01, 
 2DIAGNOSTIC,    20, -8.147522386419e-01, 5.918623329631e-04, 2.1144e-01, 2.1939e-03, 9.982108562569e-01, 1.758425743628e+00, 1.057802852861e-01, 
 2DIAGNOSTIC,    21, -8.148510931346e-01, 3.129115228807e-04, 2.1285e-01, 1.4040e-03, 9.733387334904e-01, 1.753953552450e+00, 1.085534884729e-01, 
 2DIAGNOSTIC,    22, -8.151102530401e-01, 1.876641520320e-04, 2.1429e-01, 1.4398e-03, 9.906764862907e-01, 1.732160502784e+00, 4.770545699758e-02, 
 2DIAGNOSTIC,    23, -8.153357053580e-01, 1.300022186994e-04, 2.1588e-01, 1.5929e-03, 9.748507663911e-01, 1.721163347994e+00, 7.757001988111e-02, 
 2DIAGNOSTIC,    24, -8.155130929971e-01, 1.148094258518e-04, 2.1735e-01, 1.4670e-03, 1.030617714554e+00, 1.720755810323e+00, 4.154178538046e-02, 
 2DIAGNOSTIC,    25, -8.156239628535e-01, 9.384251950501e-05, 2.1910e-01, 1.7571e-03, 9.481719355645e-01, 1.740445334822e+00, 4.690955727517e-02, 
 2DIAGNOSTIC,    26, -8.158187628331e-01, 7.609235945862e-05, 2.2078e-01, 1.6811e-03, 9.789061909442e-01, 1.811719293989e+00, 1.817896296530e-01, 
 2DIAGNOSTIC,    27, -8.162334519669e-01, 6.430509270743e-05, 2.2245e-01, 1.6642e-03, 9.782668364146e-01, 1.845550361183e+00, 7.700629800815e-02, 
 2DIAGNOSTIC,    28, -8.163493638943e-01, 5.744305778128e-05, 2.2387e-01, 1.4210e-03, 9.865920508726e-01, 1.842230770086e+00, 1.805624613390e-02, 
 2DIAGNOSTIC,    29, -8.164479050624e-01, 5.385019069033e-05, 2.2554e-01, 1.6689e-03, 9.803633673936e-01, 1.821087143235e+00, 4.487498608471e-02, 
 2DIAGNOSTIC,    30, -8.165099495610e-01, 5.027811664793e-05, 2.2771e-01, 2.1760e-03, 1.037469708628e+00, 1.816567058197e+00, 8.438574632022e-03, 
 2DIAGNOSTIC,    31, -8.165124518659e-01, 4.347677740529e-05, 2.2905e-01, 1.3390e-03, 8.808282180642e-01, 1.816825535053e+00, 1.087995365162e-02, 
 2DIAGNOSTIC,    32, -8.165272020667e-01, 3.624236815006e-05, 2.3035e-01, 1.2999e-03, 9.301102475673e-01, 1.819448728739e+00, 1.178865360344e-02, 
 2DIAGNOSTIC,    33, -8.165362865944e-01, 2.876832561700e-05, 2.3177e-01, 1.4141e-03, 9.586691572696e-01, 1.821803162685e+00, 6.757221200672e-03, 
 2DIAGNOSTIC,    34, -8.165403908945e-01, 2.117202460873e-05, 2.3318e-01, 1.4131e-03, 9.755580968405e-01, 1.823599064378e+00, 5.536527099727e-03, 
 2DIAGNOSTIC,    35, -8.165440258141e-01, 1.334877059305e-05, 2.3461e-01, 1.4310e-03, 9.897116268335e-01, 1.827011778615e+00, 8.806478356064e-03, 
 2DIAGNOSTIC,    36, -8.165480889095e-01, 6.776076835531e-06, 2.3670e-01, 2.0850e-03, 1.018360845109e+00, 1.828086215151e+00, 2.526040015786e-03, 
 2DIAGNOSTIC,    37, -8.165488065579e-01, 4.182930522588e-06, 2.3816e-01, 1.4641e-03, 9.653528247853e-01, 1.827490704026e+00, 1.958643314591e-03, 
 2DIAGNOSTIC,    38, -8.165493459647e-01, 2.539322174939e-06, 2.3967e-01, 1.5101e-03, 1.005555294846e+00, 1.826710441393e+00, 2.143547961605e-03, 
 2DIAGNOSTIC,    39, -8.165497851236e-01, 1.752824496968e-06, 2.4341e-01, 3.7420e-03, 6.644310321466e+00, 1.826701345500e+00, 2.873364982986e-05, 
 2DIAGNOSTIC,    40, -8.165497865036e-01, 1.498373647393e-06, 2.4489e-01, 1.4799e-03, 6.167423727294e+00, 1.826706876806e+00, 2.604216194536e-05, 
 2DIAGNOSTIC,    41, -8.165497908979e-01, 1.214437073370e-06, 2.4638e-01, 1.4899e-03, 3.232894918328e+00, 1.826716354813e+00, 4.378288915984e-05, 
 2DIAGNOSTIC,    42, -8.165497980234e-01, 1.035330896106e-06, 2.4783e-01, 1.4510e-03, 1.503215536957e+00, 1.826732259068e+00, 7.314003784657e-05, 
DIAGNOSTIC,Iteration,metricValue,convergenceValue,ITERATION_TIME_INDEX,SINCE_LAST,LIPSCHITZ,PARAMS_NORM,GRAD_NORM
 2DIAGNOSTIC,     1, -6.858554993471e-01, 1.797693134862e+308, 4.4686e-01, 1.9903e-01, 9.357891717476e-01, 1.792759509393e+00, 8.109251177940e-02, 
 2DIAGNOSTIC,     2, -6.867259121240e-01, 1.797693134862e+308, 4.5631e-01, 9.4531e-03, 9.620275140244e-01, 1.747715386602e+00, 1.184597354984e-01, 
 2DIAGNOSTIC,     3, -6.879359577645e-01, 1.797693134862e+308, 4.6569e-01, 9.3720e-03, 9.775441349939e-01, 1.701961177250e+00, 1.414853175039e-01, 
 2DIAGNOSTIC,     4, -6.893257684571e-01, 1.797693134862e+308, 4.7513e-01, 9.4440e-03, 9.867202301820e-01, 1.669656776120e+00, 1.094851630676e-01, 
 2DIAGNOSTIC,     5, -6.908046117977e-01, 1.797693134862e+308, 4.8458e-01, 9.4459e-03, 9.921467159528e-01, 1.658824659979e+00, 4.273581263757e-02, 
 2DIAGNOSTIC,     6, -6.924727434557e-01, 1.797693134862e+308, 4.9562e-01, 1.1039e-02, 9.966774799816e-01, 1.646075979214e+00, 1.153113371256e-01, 
 2DIAGNOSTIC,     7, -6.944876236837e-01, 1.797693134862e+308, 5.1609e-01, 2.0476e-02, 1.035502210962e+00, 1.646296155987e+00, 3.343105301293e-03, 
 2DIAGNOSTIC,     8, -6.944893909289e-01, 1.797693134862e+308, 5.2565e-01, 9.5570e-03, 7.192664285101e-01, 1.647184957265e+00, 2.911390288966e-03, 
 2DIAGNOSTIC,     9, -6.945026767753e-01, 1.797693134862e+308, 5.3478e-01, 9.1271e-03, 8.341291088870e-01, 1.648610391438e+00, 4.668665763771e-03, 
 2DIAGNOSTIC,    10, -6.945241825254e-01, 9.387082059477e-04, 5.4433e-01, 9.5530e-03, 9.019085992509e-01, 1.650849719446e+00, 7.186461141585e-03, 
 2DIAGNOSTIC,    11, -6.945580125045e-01, 7.231884572824e-04, 5.5397e-01, 9.6381e-03, 9.419914920794e-01, 1.654189132715e+00, 1.042844121059e-02, 
 2DIAGNOSTIC,    12, -6.946098084801e-01, 5.095690837870e-04, 5.6330e-01, 9.3338e-03, 9.656953926085e-01, 1.658738300558e+00, 1.384206877059e-02, 
 2DIAGNOSTIC,    13, -6.946861019070e-01, 3.237281942230e-04, 5.7239e-01, 9.0859e-03, 9.797132156908e-01, 1.664006809990e+00, 1.612483310805e-02, 
 2DIAGNOSTIC,    14, -6.947956520475e-01, 1.796094693861e-04, 5.8150e-01, 9.1171e-03, 9.880029637736e-01, 1.668167410537e+00, 1.394535045493e-02, 
 2DIAGNOSTIC,    15, -6.949471468983e-01, 8.251344443204e-05, 5.9100e-01, 9.4960e-03, 9.958940665471e-01, 1.667531327770e+00, 2.503031313062e-03, 
 2DIAGNOSTIC,    16, -6.951595776931e-01, 3.692299809602e-05, 6.0059e-01, 9.5880e-03, 9.958043863737e-01, 1.644284910083e+00, 6.684174261346e-02, 
 2DIAGNOSTIC,    17, -6.953394786089e-01, 4.639519056818e-05, 6.1098e-01, 1.0395e-02, 1.001344597330e+00, 1.620648109708e+00, 1.040183605167e-01, 
 2DIAGNOSTIC,    18, -6.955243701370e-01, 5.491642101148e-05, 6.2489e-01, 1.3907e-02, 1.010373118308e+00, 1.619790415567e+00, 1.006786849851e-02, 
 2DIAGNOSTIC,    19, -6.955329668424e-01, 5.804881212845e-05, 6.3454e-01, 9.6531e-03, 9.806008237767e-01, 1.623555487967e+00, 1.693519506063e-02, 
 2DIAGNOSTIC,    20, -6.955570292475e-01, 5.660589586230e-05, 6.4363e-01, 9.0890e-03, 9.889456112039e-01, 1.627129572043e+00, 1.330811727242e-02, 
 2DIAGNOSTIC,    21, -6.955765700321e-01, 5.119602267747e-05, 6.5255e-01, 8.9152e-03, 9.993649064374e-01, 1.628799602880e+00, 7.916431343794e-03, 
 2DIAGNOSTIC,    22, -6.955920264443e-01, 4.283821228523e-05, 6.6368e-01, 1.1130e-02, 9.830047143216e-01, 1.629285822562e+00, 9.804804383842e-03, 
 2DIAGNOSTIC,    23, -6.955934074597e-01, 3.269528114906e-05, 6.7413e-01, 1.0455e-02, 1.009316416705e+00, 1.628638779661e+00, 5.654837212885e-03, 
 2DIAGNOSTIC,    24, -6.955941928964e-01, 2.236147781377e-05, 6.8412e-01, 9.9881e-03, 9.866174482141e-01, 1.626245543666e+00, 8.620030857885e-03, 
 2DIAGNOSTIC,    25, -6.955957726860e-01, 1.337179752207e-05, 6.9507e-01, 1.0952e-02, 9.738206600647e-01, 1.626756475604e+00, 6.285217678356e-03, 
 2DIAGNOSTIC,    26, -6.955962979535e-01, 7.242194419346e-06, 7.2375e-01, 2.8682e-02, 7.910294584237e+02, 1.626756495255e+00, 7.210475821066e-08, 
 2DIAGNOSTIC,    27, -6.955962979517e-01, 3.653171482564e-06, 7.5184e-01, 2.8088e-02, 2.706321161274e+06, 1.626756495261e+00, 2.110170675017e-11, 
 2DIAGNOSTIC,    28, -6.955962979517e-01, 2.797535397600e-06, 7.6319e-01, 1.1350e-02, 4.964962886205e+06, 1.626756495264e+00, 1.150222345628e-11, 
 2DIAGNOSTIC,    29, -6.955962979517e-01, 1.962773512047e-06, 7.7328e-01, 1.0091e-02, 4.964962871261e+06, 1.626756495267e+00, 1.150222342166e-11, 
 2DIAGNOSTIC,    30, -6.955962979517e-01, 1.425465453772e-06, 7.8343e-01, 1.0150e-02, 7.686884384451e+06, 1.626756495269e+00, 7.429263570523e-12, 
 2DIAGNOSTIC,    31, -6.955962979517e-01, 1.141072274433e-06, 7.9356e-01, 1.0129e-02, 1.044322056500e+07, 1.626756495271e+00, 5.468443038068e-12, 
 2DIAGNOSTIC,    32, -6.955962979517e-01, 1.061545230704e-06, 8.0402e-01, 1.0462e-02, 1.616841576083e+07, 1.626756495271e+00, 3.532056648964e-12, 
DIAGNOSTIC,Iteration,metricValue,convergenceValue,ITERATION_TIME_INDEX,SINCE_LAST,LIPSCHITZ,PARAMS_NORM,GRAD_NORM
 2DIAGNOSTIC,     1, -5.936108626746e-01, 1.797693134862e+308, 1.1369e+00, 3.3291e-01, 9.679601845253e-01, 1.614138633387e+00, 1.176320322572e-01, 
 2DIAGNOSTIC,     2, -5.940629623694e-01, 1.797693134862e+308, 1.2275e+00, 9.0553e-02, 9.810525502180e-01, 1.609152298851e+00, 9.982970827118e-02, 
 2DIAGNOSTIC,     3, -5.943679296696e-01, 1.797693134862e+308, 1.3183e+00, 9.0837e-02, 9.887950087127e-01, 1.606328609888e+00, 5.297402438275e-02, 
 2DIAGNOSTIC,     4, -5.946235794686e-01, 1.797693134862e+308, 1.4085e+00, 9.0133e-02, 9.933736818837e-01, 1.603499186053e+00, 2.840832311329e-02, 
 2DIAGNOSTIC,     5, -5.948250475380e-01, 1.797693134862e+308, 1.5119e+00, 1.0347e-01, 9.957274425999e-01, 1.604885800617e+00, 2.810582994586e-02, 
 2DIAGNOSTIC,     6, -5.949036637722e-01, 1.797693134862e+308, 1.6427e+00, 1.3079e-01, 9.681815116444e-01, 1.605468063768e+00, 1.955624084500e-03, 
 2DIAGNOSTIC,     7, -5.949039895797e-01, 1.797693134862e+308, 1.7329e+00, 9.0126e-02, 9.819908803032e-01, 1.605858074084e+00, 3.680684825145e-03, 
 2DIAGNOSTIC,     8, -5.949066065963e-01, 1.797693134862e+308, 1.8241e+00, 9.1272e-02, 9.893499108526e-01, 1.606204345075e+00, 2.500788259775e-03, 
 2DIAGNOSTIC,     9, -5.949092818104e-01, 1.797693134862e+308, 1.9152e+00, 9.1024e-02, 9.937018354724e-01, 1.606267119843e+00, 5.703717820312e-04, 
 2DIAGNOSTIC,    10, -5.949113504410e-01, 1.256382676679e-04, 2.0052e+00, 9.0051e-02, 9.962754418420e-01, 1.606457002149e+00, 8.072240683034e-04, 
 2DIAGNOSTIC,    11, -5.949130104409e-01, 7.082854282243e-05, 2.0952e+00, 9.0030e-02, 9.977974005901e-01, 1.606218597928e+00, 4.390613878987e-03, 
 2DIAGNOSTIC,    12, -5.949146390686e-01, 3.703170450076e-05, 2.2004e+00, 1.0518e-01, 9.965898651724e-01, 1.607088577954e+00, 7.447342530865e-03, 
 2DIAGNOSTIC,    13, -5.949151397125e-01, 1.642761313511e-05, 2.3880e+00, 1.8758e-01, 9.168658583756e-01, 1.607012187476e+00, 1.260147454311e-03, 
 2DIAGNOSTIC,    14, -5.949151596738e-01, 6.060303390912e-06, 2.5053e+00, 1.1729e-01, 8.870564363008e-01, 1.606962644553e+00, 7.354023263334e-04, 
 2DIAGNOSTIC,    15, -5.949151590596e-01, 3.077831246243e-06, 2.6092e+00, 1.0389e-01, 8.719411389178e-01, 1.606922872019e+00, 5.524187607847e-04, 
 2DIAGNOSTIC,    16, -5.949151613607e-01, 2.729741113316e-06, 2.7710e+00, 1.6180e-01, 4.804708649524e-03, 1.606918158092e+00, 6.199175315569e-05, 
 2DIAGNOSTIC,    17, -5.949151616379e-01, 2.362320616074e-06, 2.9726e+00, 2.0164e-01, 4.373606395303e+01, 1.606918054306e+00, 1.356754103124e-06, 
 2DIAGNOSTIC,    18, -5.949151616380e-01, 2.058851389833e-06, 3.0911e+00, 1.1851e-01, 1.110679517729e+02, 1.606918012886e+00, 5.414040727944e-07, 
 2DIAGNOSTIC,    19, -5.949151616380e-01, 1.827267005323e-06, 3.2083e+00, 1.1722e-01, 2.797405190579e+02, 1.606917996353e+00, 2.160904665889e-07, 
 2DIAGNOSTIC,    20, -5.949151616380e-01, 1.653618144332e-06, 3.3123e+00, 1.0399e-01, 4.336514473829e+02, 1.606917985675e+00, 1.395644244374e-07, 
 2DIAGNOSTIC,    21, -5.949151616380e-01, 1.527524330684e-06, 3.4160e+00, 1.0368e-01, 3.035801832285e+02, 1.606917970437e+00, 1.991581884699e-07, 
 2DIAGNOSTIC,    22, -5.949151616380e-01, 1.446806983670e-06, 3.5216e+00, 1.0564e-01, 4.705607776581e+02, 1.606917960595e+00, 1.286291009336e-07, 
 2DIAGNOSTIC,    23, -5.949151616380e-01, 1.383448116024e-06, 3.6400e+00, 1.1830e-01, 1.180303087690e+03, 1.606917956666e+00, 5.134530976554e-08, 
 2DIAGNOSTIC,    24, -5.949151616380e-01, 1.325760142321e-06, 3.7440e+00, 1.0407e-01, 9.908723339900e+02, 1.606917951987e+00, 6.115055965860e-08, 
 2DIAGNOSTIC,    25, -5.949151616380e-01, 1.272669967439e-06, 3.8480e+00, 1.0394e-01, 9.908723339541e+02, 1.606917947308e+00, 6.114956948860e-08, 
 2DIAGNOSTIC,    26, -5.949151616380e-01, 1.223706122822e-06, 3.9658e+00, 1.1780e-01, 1.818665483094e+03, 1.606917944758e+00, 3.333117248664e-08, 
 2DIAGNOSTIC,    27, -5.949151616380e-01, 1.178374842668e-06, 4.0697e+00, 1.0398e-01, 2.471143234399e+03, 1.606917942881e+00, 2.453379234958e-08, 
 2DIAGNOSTIC,    28, -5.949151616380e-01, 1.136282119917e-06, 4.1871e+00, 1.1734e-01, 4.534335411644e+03, 1.606917941858e+00, 1.337291496967e-08, 
 2DIAGNOSTIC,    29, -5.949151616380e-01, 1.097092870210e-06, 4.2913e+00, 1.0423e-01, 4.534335402482e+03, 1.606917940834e+00, 1.337286761328e-08, 
 2DIAGNOSTIC,    30, -5.949151616380e-01, 1.060516695309e-06, 4.4101e+00, 1.1877e-01, 9.968631720505e+03, 1.606917940369e+00, 6.083497056387e-09, 
 2DIAGNOSTIC,    31, -5.949151616380e-01, 1.026300674063e-06, 4.5140e+00, 1.0392e-01, 1.354344417173e+04, 1.606917940026e+00, 4.477860191927e-09, 
DIAGNOSTIC,Iteration,metricValue,convergenceValue,ITERATION_TIME_INDEX,SINCE_LAST,LIPSCHITZ,PARAMS_NORM,GRAD_NORM
 2DIAGNOSTIC,     1, -5.299039491886e-01, 1.797693134862e+308, 5.3878e+00, 8.7377e-01, 9.870692485760e-01, 1.606415207423e+00, 9.177008260639e-02, 
 2DIAGNOSTIC,     2, -5.300951473557e-01, 1.797693134862e+308, 5.8577e+00, 4.6991e-01, 9.923531156587e-01, 1.605802552611e+00, 4.785273331545e-02, 
 2DIAGNOSTIC,     3, -5.302210078916e-01, 1.797693134862e+308, 6.3260e+00, 4.6833e-01, 9.962714932773e-01, 1.599931141585e+00, 3.907741551458e-02, 
 2DIAGNOSTIC,     4, -5.303076712674e-01, 1.797693134862e+308, 6.9199e+00, 5.9386e-01, 9.886715903831e-01, 1.607091387424e+00, 4.017610459504e-02, 
 2DIAGNOSTIC,     5, -5.303188436347e-01, 1.797693134862e+308, 7.4461e+00, 5.2628e-01, 9.920616643577e-01, 1.610290630637e+00, 1.499571836449e-02, 
 2DIAGNOSTIC,     6, -5.303215901993e-01, 1.797693134862e+308, 7.9747e+00, 5.2860e-01, 9.956663728407e-01, 1.612458007432e+00, 1.126687576754e-02, 
 2DIAGNOSTIC,     7, -5.303249936728e-01, 1.797693134862e+308, 8.4405e+00, 4.6572e-01, 1.000449654273e+00, 1.614781464032e+00, 7.891708223526e-03, 
 2DIAGNOSTIC,     8, -5.303302539944e-01, 1.797693134862e+308, 9.0887e+00, 6.4818e-01, 9.840229737105e-01, 1.615796030095e+00, 5.628679215962e-03, 
 2DIAGNOSTIC,     9, -5.303305027471e-01, 1.797693134862e+308, 9.5560e+00, 4.6730e-01, 9.905516339966e-01, 1.617001593881e+00, 4.548878655017e-03, 
 2DIAGNOSTIC,    10, -5.303311543842e-01, 4.166862769692e-05, 1.0028e+01, 4.7191e-01, 9.944125008924e-01, 1.618020634738e+00, 3.637126326857e-03, 
 2DIAGNOSTIC,    11, -5.303323246349e-01, 2.020521656185e-05, 1.0495e+01, 4.6670e-01, 9.968973945920e-01, 1.619399887952e+00, 5.740192118259e-03, 
 2DIAGNOSTIC,    12, -5.303340385618e-01, 9.272316579920e-06, 1.1022e+01, 5.2726e-01, 9.989986821208e-01, 1.623943676894e+00, 1.537111780990e-02, 
 2DIAGNOSTIC,    13, -5.303392704586e-01, 4.728264823006e-06, 1.2600e+01, 1.5779e+00, 8.293735994609e+01, 1.623943456362e+00, 1.294145498824e-06, 
 2DIAGNOSTIC,    14, -5.303392704379e-01, 3.929949759562e-06, 1.4177e+01, 1.5771e+00, 1.135671304648e+06, 1.623943456345e+00, 9.563435595192e-11, 
 2DIAGNOSTIC,    15, -5.303392704379e-01, 3.490349956933e-06, 1.4892e+01, 7.1511e-01, 5.454613480158e+06, 1.623943456342e+00, 1.991144997467e-11, 
 2DIAGNOSTIC,    16, -5.303392704379e-01, 3.073017387362e-06, 1.5422e+01, 5.2982e-01, 8.445002486436e+06, 1.623943456340e+00, 1.286076653015e-11, 
 2DIAGNOSTIC,    17, -5.303392704379e-01, 2.706233781492e-06, 1.5950e+01, 5.2810e-01, 5.917801248023e+06, 1.623943456337e+00, 1.835296938404e-11, 
 2DIAGNOSTIC,    18, -5.303392704379e-01, 2.457480436396e-06, 1.6477e+01, 5.2677e-01, 5.917801234202e+06, 1.623943456334e+00, 1.835296934118e-11, 
 2DIAGNOSTIC,    19, -5.303392704379e-01, 2.178086794723e-06, 1.7004e+01, 5.2759e-01, 5.917801220378e+06, 1.623943456330e+00, 1.835296929831e-11, 
 2DIAGNOSTIC,    20, -5.303392704379e-01, 1.899230011732e-06, 1.7533e+01, 5.2909e-01, 8.039749190485e+06, 1.623943456328e+00, 1.350903305491e-11, 
 2DIAGNOSTIC,    21, -5.303392704379e-01, 1.648407207629e-06, 1.8067e+01, 5.3372e-01, 8.039749176661e+06, 1.623943456326e+00, 1.350903303168e-11, 
 2DIAGNOSTIC,    22, -5.303392704379e-01, 1.446019075091e-06, 1.8596e+01, 5.2888e-01, 9.115708731883e+06, 1.623943456324e+00, 1.191450804114e-11, 
 2DIAGNOSTIC,    23, -5.303392704379e-01, 1.383144422051e-06, 1.9128e+01, 5.3199e-01, 1.411325631022e+07, 1.623943456323e+00, 7.695557409915e-12, 
 2DIAGNOSTIC,    24, -5.303392704379e-01, 1.325509239640e-06, 1.9722e+01, 5.9390e-01, 3.535501112830e+07, 1.623943456322e+00, 3.071966094333e-12, 
 2DIAGNOSTIC,    25, -5.303392704379e-01, 1.272485191668e-06, 2.0251e+01, 5.2952e-01, 5.473746014751e+07, 1.623943456322e+00, 1.984176886297e-12, 
 2DIAGNOSTIC,    26, -5.303392704379e-01, 1.223540188715e-06, 2.0841e+01, 5.8938e-01, 1.371200276262e+08, 1.623943456322e+00, 7.920575209329e-13, 
 2DIAGNOSTIC,    27, -5.303392704379e-01, 1.178220974452e-06, 2.1371e+01, 5.3063e-01, 1.862913994155e+08, 1.623943456321e+00, 5.830081814915e-13, 
 2DIAGNOSTIC,    28, -5.303392704379e-01, 1.136139047411e-06, 2.1963e+01, 5.9123e-01, 3.417782529942e+08, 1.623943456321e+00, 3.177890044508e-13, 
 2DIAGNOSTIC,    29, -5.303392704379e-01, 1.096959495815e-06, 2.2493e+01, 5.3054e-01, 5.291087552346e+08, 1.623943456321e+00, 2.052592959066e-13, 
 2DIAGNOSTIC,    30, -5.303392704379e-01, 1.060392065329e-06, 2.3028e+01, 5.3477e-01, 8.192129377856e+08, 1.623943456321e+00, 1.325765774355e-13, 
 2DIAGNOSTIC,    31, -5.303392704379e-01, 1.026183955893e-06, 2.3559e+01, 5.3152e-01, 5.741012508841e+08, 1.623943456321e+00, 1.891935340675e-13, 
  Elapsed time (stage 1): 2.386400914192e+01


Stage 2
  iterations = 100x70x50x20
  convergence threshold = 1.000000000000e-06
  convergence window size = 10
  number of levels = 4
  using the CC metric (radius = 4, weight = 1.000000000000e+00, use gradient filter = 0)
  preprocessing:  winsorizing the image intensities
  Shrink factors (level 1 out of 4): [8, 8, 8]
  Shrink factors (level 2 out of 4): [4, 4, 4]
  Shrink factors (level 3 out of 4): [2, 2, 2]
  Shrink factors (level 4 out of 4): [1, 1, 1]
  smoothing sigmas per level: [3, 2, 1, 0]
  Using default NONE metricSamplingStrategy 

*** Running SyN registration (varianceForUpdateField = 3.000000000000e+00, varianceForTotalField = 0.000000000000e+00) ***

XXDIAGNOSTIC,Iteration,metricValue,convergenceValue,ITERATION_TIME_INDEX,SINCE_LAST,M_LIPSCHITZ,M_PARAMS_NORM,M_GRAD_NORM,F_LIPSCHITZ,F_PARAMS_NORM,F_GRAD_NORM
 1DIAGNOSTIC,     1, -9.214878935597e-01, 1.797693134862e+308, 2.1852e-01, 2.1852e-01, 0.000000000000e+00, 0.000000000000e+00, 0.000000000000e+00, 0.000000000000e+00, 0.000000000000e+00, 0.000000000000e+00
 1DIAGNOSTIC,     2, -9.298481340385e-01, 1.797693134862e+308, 2.9368e-01, 7.5159e-02, 1.716637764226e-01, 8.366050150979e+02, 2.981295963296e+02, 1.958427708968e-01, 1.031543107476e+03, 3.778067663183e+02
 1DIAGNOSTIC,     3, -9.372821998420e-01, 1.797693134862e+308, 3.6827e-01, 7.4589e-02, 2.638786426918e-01, 1.846719462540e+03, 3.561874542957e+02, 2.810143260447e-01, 2.096462301290e+03, 3.409800145999e+02
 1DIAGNOSTIC,     4, -9.419228624229e-01, 1.797693134862e+308, 4.4325e-01, 7.4986e-02, 2.529567924336e-01, 3.208745556103e+03, 3.113645288513e+02, 2.619614350001e-01, 3.504358413191e+03, 3.060622528246e+02
 1DIAGNOSTIC,     5, -9.453237282604e-01, 1.797693134862e+308, 5.1748e-01, 7.4231e-02, 4.668574744577e-01, 4.429281520158e+03, 2.662729315505e+02, 4.760635513309e-01, 4.768660654198e+03, 2.757064427914e+02
 1DIAGNOSTIC,     6, -9.477159129852e-01, 1.797693134862e+308, 5.9178e-01, 7.4300e-02, 4.720043477137e-01, 5.577607280463e+03, 2.592747034644e+02, 4.890627618004e-01, 5.905018923299e+03, 2.576597662384e+02
 1DIAGNOSTIC,     7, -9.505680634072e-01, 1.797693134862e+308, 6.6796e-01, 7.6181e-02, 4.556257572177e-01, 6.447836889147e+03, 2.379078342212e+02, 3.997999047213e-01, 6.981573758174e+03, 2.793981883006e+02
 1DIAGNOSTIC,     8, -9.538960924297e-01, 1.797693134862e+308, 7.4338e-01, 7.5418e-02, 3.295573158158e-01, 7.416980028670e+03, 2.391058161382e+02, 2.946891067089e-01, 8.080033005277e+03, 2.951245213865e+02
 1DIAGNOSTIC,     9, -9.574118501747e-01, 1.797693134862e+308, 8.1838e-01, 7.5003e-02, 7.162659022509e-01, 8.217481538814e+03, 1.964674299412e+02, 5.849297107882e-01, 9.187034971697e+03, 2.958782775595e+02
 1DIAGNOSTIC,    10, -9.604645525364e-01, 2.384725286054e-03, 8.9342e-01, 7.5031e-02, 1.823390237067e+00, 8.749670957214e+03, 9.991486285890e+01, 1.734653669114e+00, 9.939357560627e+03, 1.452296705976e+02
 1DIAGNOSTIC,    11, -9.618126967005e-01, 1.847937523599e-03, 9.6800e-01, 7.4583e-02, 1.964648131348e+00, 9.113559098432e+03, 1.163012869611e+02, 2.036172710664e+00, 1.032154433757e+04, 1.187497723981e+02
 1DIAGNOSTIC,    12, -9.629804155545e-01, 1.471892421052e-03, 1.0422e+00, 7.4180e-02, 2.357162619539e+00, 9.609736631855e+03, 9.652792331941e+01, 2.049730929927e+00, 1.099078566945e+04, 1.302448591778e+02
 1DIAGNOSTIC,    13, -9.639571377304e-01, 1.213477310194e-03, 1.1170e+00, 7.4823e-02, 2.108041712143e+00, 9.990833001950e+03, 1.372273795950e+02, 2.033587819246e+00, 1.148911358614e+04, 1.332191259180e+02
 1DIAGNOSTIC,    14, -9.650818839871e-01, 1.003705322873e-03, 1.1917e+00, 7.4650e-02, 2.541814259329e+00, 1.037219079444e+04, 8.633626449027e+01, 2.241979801164e+00, 1.193984806825e+04, 1.084781734760e+02
 1DIAGNOSTIC,    15, -9.656463870388e-01, 8.089473192669e-04, 1.2665e+00, 7.4871e-02, 2.278821419881e+00, 1.076437999024e+04, 1.310605208692e+02, 2.113184636641e+00, 1.249115401708e+04, 1.382432559307e+02
 1DIAGNOSTIC,    16, -9.665236237810e-01, 6.257619659045e-04, 1.3410e+00, 7.4500e-02, 2.514962954408e+00, 1.112316506335e+04, 8.535883378198e+01, 2.293348962047e+00, 1.291011137305e+04, 1.068179843840e+02
 1DIAGNOSTIC,    17, -9.669104385427e-01, 4.633282599650e-04, 1.4162e+00, 7.5188e-02, 2.332485083732e+00, 1.146945255795e+04, 1.318058351494e+02, 2.218275518884e+00, 1.335447444028e+04, 1.271032270073e+02
 1DIAGNOSTIC,    18, -9.675344542642e-01, 3.410541610605e-04, 1.4911e+00, 7.4904e-02, 2.619853593718e+00, 1.178907314766e+04, 8.311393019562e+01, 2.348882325408e+00, 1.371593135137e+04, 1.023186969097e+02
 1DIAGNOSTIC,    19, -9.677677683411e-01, 2.579790980104e-04, 1.5663e+00, 7.5205e-02, 2.414845902928e+00, 1.210690445389e+04, 1.277075334783e+02, 2.271104299349e+00, 1.414014387338e+04, 1.258544821609e+02
 1DIAGNOSTIC,    20, -9.682226991462e-01, 2.114308634314e-04, 1.6414e+00, 7.5031e-02, 2.621926532618e+00, 1.240084487040e+04, 8.204913225768e+01, 2.384462323208e+00, 1.446497894440e+04, 1.002148462167e+02
 1DIAGNOSTIC,    21, -9.683368819418e-01, 1.702382747056e-04, 1.7165e+00, 7.5143e-02, 2.459875138896e+00, 1.268497285058e+04, 1.262484622519e+02, 2.323645088411e+00, 1.483609969659e+04, 1.214232097626e+02
 1DIAGNOSTIC,    22, -9.686573375785e-01, 1.370422783995e-04, 1.7906e+00, 7.4108e-02, 2.653126832831e+00, 1.295479753231e+04, 8.106718102477e+01, 2.410372522110e+00, 1.512796910404e+04, 9.828743392623e+01
 1DIAGNOSTIC,    23, -9.687048165354e-01, 1.070020016293e-04, 1.8651e+00, 7.4487e-02, 2.507249949032e+00, 1.321063154898e+04, 1.237249384210e+02, 2.360300036845e+00, 1.546655995651e+04, 1.189323063857e+02
 1DIAGNOSTIC,    24, -9.689715142626e-01, 8.677470084318e-05, 1.9390e+00, 7.3940e-02, 2.660228932443e+00, 1.346258660172e+04, 8.045051268647e+01, 2.428320888459e+00, 1.573506035615e+04, 9.712404465629e+01
 1DIAGNOSTIC,    25, -9.689856334731e-01, 6.678258370863e-05, 2.0140e+00, 7.4933e-02, 2.541249075274e+00, 1.369206956424e+04, 1.217643309348e+02, 2.385813583259e+00, 1.604364281098e+04, 1.169958179517e+02
 1DIAGNOSTIC,    26, -9.691962003892e-01, 5.458474883949e-05, 2.0879e+00, 7.3929e-02, 2.665645116816e+00, 1.392849102114e+04, 7.994030917754e+01, 2.444908650882e+00, 1.629143603198e+04, 9.617700213602e+01
 1DIAGNOSTIC,    27, -9.691930443278e-01, 4.232344412917e-05, 2.1623e+00, 7.4403e-02, 2.568763815846e+00, 1.413374557824e+04, 1.200488631035e+02, 2.406387436072e+00, 1.657255193492e+04, 1.152873703230e+02
 1DIAGNOSTIC,    28, -9.693754955187e-01, 3.560942630567e-05, 2.2366e+00, 7.4356e-02, 2.666945433771e+00, 1.435750091805e+04, 7.953270115317e+01, 2.460476568593e+00, 1.680315699691e+04, 9.546250868224e+01
 1DIAGNOSTIC,    29, -9.693572584522e-01, 2.817410674168e-05, 2.3111e+00, 7.4457e-02, 2.589456930136e+00, 1.454351986020e+04, 1.190177256378e+02, 2.420760012765e+00, 1.706212229646e+04, 1.141698537225e+02
 1DIAGNOSTIC,    30, -9.695184203838e-01, 2.478205892710e-05, 2.3855e+00, 7.4408e-02, 2.667435815516e+00, 1.475575785125e+04, 7.926213535242e+01, 2.473934652310e+00, 1.727647748322e+04, 9.493870399847e+01
 1DIAGNOSTIC,    31, -9.694899752771e-01, 2.009325710763e-05, 2.4606e+00, 7.5049e-02, 2.607762564518e+00, 1.492351755232e+04, 1.181061199354e+02, 2.433899847544e+00, 1.751499372522e+04, 1.132043311325e+02
 1DIAGNOSTIC,    32, -9.696331007084e-01, 1.821095452681e-05, 2.5347e+00, 7.4118e-02, 2.666996177326e+00, 1.512629583173e+04, 7.910340843445e+01, 2.482985751927e+00, 1.771569617353e+04, 9.460023577419e+01
 1DIAGNOSTIC,    33, -9.695969519683e-01, 1.483440714120e-05, 2.6094e+00, 7.4689e-02, 2.625609451075e+00, 1.526705009534e+04, 1.160336079080e+02, 2.448340749834e+00, 1.792617516976e+04, 1.114070441323e+02
 1DIAGNOSTIC,    34, -9.697211687999e-01, 1.377267739711e-05, 2.6829e+00, 7.3579e-02, 2.663224028180e+00, 1.546679837891e+04, 7.922152428509e+01, 2.489782954717e+00, 1.812191790137e+04, 9.474561171594e+01
 1DIAGNOSTIC,    35, -9.696817841004e-01, 1.127841581527e-05, 2.7576e+00, 7.4670e-02, 2.637745643134e+00, 1.557941753593e+04, 1.137987224166e+02, 2.458070212581e+00, 1.830347578908e+04, 1.095241921419e+02
 1DIAGNOSTIC,    36, -9.697901272128e-01, 1.058511360133e-05, 2.8310e+00, 7.3401e-02, 2.660768230186e+00, 1.577858054431e+04, 7.940239543027e+01, 2.496334643459e+00, 1.849724840225e+04, 9.501389611506e+01
 1DIAGNOSTIC,    37, -9.697512721040e-01, 8.619426903327e-06, 2.9053e+00, 7.4317e-02, 2.646013360723e+00, 1.586834402698e+04, 1.120626637947e+02, 2.464069937418e+00, 1.865489550774e+04, 1.080361833599e+02
 1DIAGNOSTIC,    38, -9.698478270125e-01, 8.215615775055e-06, 2.9790e+00, 7.3639e-02, 2.659735531850e+00, 1.606642080667e+04, 7.951957255810e+01, 2.501948734336e+00, 1.884565358140e+04, 9.519376975999e+01
 1DIAGNOSTIC,    39, -9.698096705843e-01, 6.658383790312e-06, 3.0533e+00, 7.4337e-02, 2.652100723007e+00, 1.614088721025e+04, 1.111807392003e+02, 2.467016341077e+00, 1.898677099638e+04, 1.072254840822e+02
 1DIAGNOSTIC,    40, -9.698976189411e-01, 6.487364331988e-06, 3.1273e+00, 7.3972e-02, 2.660790390888e+00, 1.633565372403e+04, 7.953640932086e+01, 2.507237653583e+00, 1.917116221916e+04, 9.520029829572e+01
 1DIAGNOSTIC,    41, -9.698584784498e-01, 5.256250414067e-06, 3.2016e+00, 7.4295e-02, 2.658782952988e+00, 1.639987886011e+04, 1.108118306397e+02, 2.470090355385e+00, 1.930080537038e+04, 1.068136858198e+02
 1DIAGNOSTIC,    42, -9.699424344693e-01, 5.276756589775e-06, 3.2755e+00, 7.3959e-02, 2.662851387642e+00, 1.659007046119e+04, 7.947085307986e+01, 2.511906653418e+00, 1.947711127834e+04, 9.508144319055e+01
 1DIAGNOSTIC,    43, -9.699005490204e-01, 4.294799171977e-06, 3.3501e+00, 7.4540e-02, 2.665258862055e+00, 1.664606873212e+04, 1.106172399781e+02, 2.472947174195e+00, 1.959743643156e+04, 1.065450606751e+02
 1DIAGNOSTIC,    44, -9.699803620871e-01, 4.409411976457e-06, 3.4236e+00, 7.3494e-02, 2.665175628092e+00, 1.683150366002e+04, 7.938119482132e+01, 2.515836912111e+00, 1.976555369884e+04, 9.493590231832e+01
 1DIAGNOSTIC,    45, -9.699384273037e-01, 3.603374878425e-06, 3.4982e+00, 7.4676e-02, 2.670781797579e+00, 1.688075859630e+04, 1.105752014704e+02, 2.475003456194e+00, 1.987818354605e+04, 1.063989799734e+02
 1DIAGNOSTIC,    46, -9.700145239259e-01, 3.759182987562e-06, 3.5722e+00, 7.3950e-02, 2.668023008877e+00, 1.706091641305e+04, 7.924872274977e+01, 2.519484854562e+00, 2.003726671075e+04, 9.471933679050e+01
 1DIAGNOSTIC,    47, -9.699708265618e-01, 3.070089331380e-06, 3.6457e+00, 7.3475e-02, 2.505328451294e+00, 1.730973267457e+04, 1.106407028241e+02, 2.476986929445e+00, 2.014382934082e+04, 1.063401076623e+02
 1DIAGNOSTIC,    48, -9.700443117312e-01, 3.245034026950e-06, 3.7202e+00, 7.4550e-02, 2.637528111145e+00, 1.743404287569e+04, 7.911295581320e+01, 2.522281278515e+00, 2.029411431671e+04, 9.450645548429e+01
 1DIAGNOSTIC,    49, -9.700498871108e-01, 2.945378190036e-06, 3.7944e+00, 7.4176e-02, 2.691874976577e+00, 1.747386406757e+04, 1.118642410729e+02, 2.475402200193e+00, 2.041788301715e+04, 1.076486189498e+02
 1DIAGNOSTIC,    50, -9.702282656835e-01, 4.018135873477e-06, 3.8681e+00, 7.3654e-02, 2.663654930996e+00, 1.761369190715e+04, 7.807025433284e+01, 2.515575349652e+00, 2.053043974066e+04, 9.271526937768e+01
 1DIAGNOSTIC,    51, -9.701671961879e-01, 4.108298404155e-06, 3.9422e+00, 7.4189e-02, 2.697838027259e+00, 1.764382892648e+04, 1.114870618743e+02, 2.487612128489e+00, 2.063186471490e+04, 1.068622849183e+02
 1DIAGNOSTIC,    52, -9.702352303972e-01, 4.754757999322e-06, 4.0159e+00, 7.3656e-02, 2.675434348218e+00, 1.779560875817e+04, 7.863926608059e+01, 2.527891182806e+00, 2.075947768504e+04, 9.373087848292e+01
 1DIAGNOSTIC,    53, -9.701779123160e-01, 4.414278016091e-06, 4.0896e+00, 7.3725e-02, 2.695012281517e+00, 1.781536361649e+04, 1.105701005602e+02, 2.485806788997e+00, 2.084764919013e+04, 1.059803359213e+02
 1DIAGNOSTIC,    54, -9.702438935848e-01, 4.526449717018e-06, 4.1635e+00, 7.3884e-02, 2.675209627056e+00, 1.797127099630e+04, 7.887667483094e+01, 2.529474748573e+00, 2.097853605671e+04, 9.419361707347e+01
 1DIAGNOSTIC,    55, -9.701897417166e-01, 3.710967761618e-06, 4.2373e+00, 7.3822e-02, 2.528874737400e+00, 1.819370439000e+04, 1.099631105638e+02, 2.486721008514e+00, 2.105702955526e+04, 1.054505909055e+02
 1DIAGNOSTIC,    56, -9.702542781314e-01, 3.383900447504e-06, 4.3112e+00, 7.3897e-02, 2.640439756439e+00, 1.829989033009e+04, 7.906553950845e+01, 2.530976054815e+00, 2.118843951814e+04, 9.455094987383e+01
 1DIAGNOSTIC,    57, -9.702538927453e-01, 2.563768229987e-06, 4.3858e+00, 7.4591e-02, 2.707152596555e+00, 1.830332207446e+04, 1.105407413238e+02, 2.485992571481e+00, 2.128113845454e+04, 1.063124167720e+02
 1DIAGNOSTIC,    58, -9.703288545356e-01, 2.340558810886e-06, 4.4598e+00, 7.3952e-02, 2.666213692203e+00, 1.843189913232e+04, 7.825630762874e+01, 2.522957250273e+00, 2.138121884756e+04, 9.315122839074e+01
 1DIAGNOSTIC,    59, -9.702655745534e-01, 1.632239820432e-06, 4.5338e+00, 7.4048e-02, 2.709828347799e+00, 1.842671280467e+04, 1.099833670244e+02, 2.496228655906e+00, 2.145134212589e+04, 1.054176346246e+02
 1DIAGNOSTIC,    60, -9.703207221233e-01, 2.012660760289e-06, 4.6078e+00, 7.3997e-02, 2.677289027423e+00, 1.857124356183e+04, 7.894953670398e+01, 2.534578632983e+00, 2.157097784972e+04, 9.440581678450e+01
 1DIAGNOSTIC,    61, -9.702629300737e-01, 1.647090140149e-06, 4.6820e+00, 7.4161e-02, 2.543639115697e+00, 1.876975314091e+04, 1.088441472888e+02, 2.491220087214e+00, 2.162692386490e+04, 1.044084072490e+02
 1DIAGNOSTIC,    62, -9.703162462949e-01, 1.772782319543e-06, 4.7557e+00, 7.3732e-02, 2.641770885336e+00, 1.886632715181e+04, 7.907666153605e+01, 2.536833039558e+00, 2.174880545671e+04, 9.469223870632e+01
 1DIAGNOSTIC,    63, -9.703119144249e-01, 1.467367079740e-06, 4.8300e+00, 7.4294e-02, 2.713171663868e+00, 1.884627270420e+04, 1.096530617153e+02, 2.487585650193e+00, 2.182247967616e+04, 1.054230550245e+02
 1DIAGNOSTIC,    64, -9.703794163802e-01, 1.705809367210e-06, 4.9039e+00, 7.3886e-02, 2.669199290150e+00, 1.896476796569e+04, 7.807184978770e+01, 2.528470071237e+00, 2.190981498477e+04, 9.298191955405e+01
 1DIAGNOSTIC,    65, -9.703128028385e-01, 1.263647529951e-06, 4.9779e+00, 7.4014e-02, 2.716577044891e+00, 1.894412073508e+04, 1.096916557394e+02, 2.496406333985e+00, 2.196734979737e+04, 1.049526894946e+02
 1DIAGNOSTIC,    66, -9.703645055535e-01, 1.292928207171e-06, 5.0518e+00, 7.3934e-02, 2.681208125382e+00, 1.907665286060e+04, 7.856314808235e+01, 2.539631115720e+00, 2.207088697344e+04, 9.392879170820e+01
 1DIAGNOSTIC,    67, -9.703028914653e-01, 9.540776014817e-07, 5.1258e+00, 7.3943e-02, 2.550253032235e+00, 1.926898606762e+04, 1.090606948173e+02, 2.491258506775e+00, 2.211969644317e+04, 1.043127247272e+02
XXDIAGNOSTIC,Iteration,metricValue,convergenceValue,ITERATION_TIME_INDEX,SINCE_LAST,M_LIPSCHITZ,M_PARAMS_NORM,M_GRAD_NORM,F_LIPSCHITZ,F_PARAMS_NORM,F_GRAD_NORM
 1DIAGNOSTIC,     1, -9.122513582184e-01, 1.797693134862e+308, 5.8933e+00, 7.6751e-01, 2.550253032235e+00, 1.926898606762e+04, 1.090606948173e+02, 2.491258506775e+00, 2.211969644317e+04, 1.043127247272e+02
 1DIAGNOSTIC,     2, -9.150434382610e-01, 1.797693134862e+308, 6.5192e+00, 6.2595e-01, 1.544102167878e-01, 1.389565473095e+05, 2.605809519197e+02, 1.524191931502e-01, 1.576333350609e+05, 1.943861447487e+02
 1DIAGNOSTIC,     3, -9.186735451525e-01, 1.797693134862e+308, 7.1413e+00, 6.2206e-01, 2.536828208134e-01, 1.378277358164e+05, 3.284698340922e+02, 2.316462346945e-01, 1.553330625589e+05, 2.447961423779e+02
 1DIAGNOSTIC,     4, -9.221282087816e-01, 1.797693134862e+308, 7.7610e+00, 6.1966e-01, 2.087554628355e-01, 1.368975313250e+05, 2.813635605254e+02, 2.662466443681e-01, 1.540592716990e+05, 3.340410822852e+02
 1DIAGNOSTIC,     5, -9.252782692710e-01, 1.797693134862e+308, 8.3799e+00, 6.1892e-01, 1.802800559311e-01, 1.361786633029e+05, 2.550094902431e+02, 2.060535954852e-01, 1.532114524636e+05, 2.962942187492e+02
 1DIAGNOSTIC,     6, -9.279388548358e-01, 1.797693134862e+308, 9.0009e+00, 6.2102e-01, 1.393483849134e-01, 1.356668271214e+05, 2.495055289140e+02, 1.773673575306e-01, 1.527813011322e+05, 2.847113127377e+02
 1DIAGNOSTIC,     7, -9.304034160923e-01, 1.797693134862e+308, 9.6194e+00, 6.1849e-01, 1.577886967660e-01, 1.355160249956e+05, 2.565827438437e+02, 1.824187490741e-01, 1.528344062562e+05, 2.946668105938e+02
 1DIAGNOSTIC,     8, -9.324524035994e-01, 1.797693134862e+308, 1.0238e+01, 6.1896e-01, 1.940313488539e-01, 1.353580116574e+05, 2.223265517972e+02, 1.750083561836e-01, 1.534122688347e+05, 3.225411772109e+02
 1DIAGNOSTIC,     9, -9.342781002918e-01, 1.797693134862e+308, 1.0857e+01, 6.1850e-01, 1.812174421365e-01, 1.351797485474e+05, 1.963365718552e+02, 1.717218098760e-01, 1.541252901410e+05, 2.992761478918e+02
 1DIAGNOSTIC,    10, -9.357546990589e-01, 1.670322403184e-03, 1.1476e+01, 6.1894e-01, 1.565565155615e-01, 1.349862793616e+05, 1.772697664314e+02, 1.622465399303e-01, 1.548788389264e+05, 2.754208322361e+02
 1DIAGNOSTIC,    11, -9.369408321143e-01, 1.372380269873e-03, 1.2096e+01, 6.2006e-01, 1.293818020079e-01, 1.347933986999e+05, 1.641320747196e+02, 1.493366815356e-01, 1.548376829675e+05, 2.602529640354e+02
 1DIAGNOSTIC,    12, -9.379255796097e-01, 1.096846104974e-03, 1.2715e+01, 6.1948e-01, 1.090348337337e-01, 1.346092058572e+05, 1.547931084815e+02, 1.084546845989e-01, 1.558267087445e+05, 2.498409639178e+02
 1DIAGNOSTIC,    13, -9.385689947192e-01, 8.646722580429e-04, 1.3337e+01, 6.2155e-01, 8.841053165540e-02, 1.344713525939e+05, 1.496534272798e+02, 1.044339120148e-01, 1.558827958001e+05, 2.452631307991e+02
 1DIAGNOSTIC,    14, -9.393226120251e-01, 6.785978594529e-04, 1.3958e+01, 6.2070e-01, 8.680658198875e-02, 1.343323190801e+05, 1.437104220874e+02, 9.977463730721e-02, 1.561255350588e+05, 2.392969863289e+02
 1DIAGNOSTIC,    15, -9.397880244519e-01, 5.285921154006e-04, 1.4578e+01, 6.2090e-01, 7.446935038669e-02, 1.335980870123e+05, 1.409488393409e+02, 8.770613211295e-02, 1.564160688060e+05, 2.358253808618e+02
 1DIAGNOSTIC,    16, -9.402043479537e-01, 4.072654790990e-04, 1.5200e+01, 6.2116e-01, 6.252323498955e-02, 1.336649148365e+05, 1.386311360412e+02, 8.040769085550e-02, 1.567302413862e+05, 2.320311338860e+02
 1DIAGNOSTIC,    17, -9.404707422527e-01, 3.115608299129e-04, 1.5823e+01, 6.2346e-01, 6.603183760264e-02, 1.330449637928e+05, 1.384810393880e+02, 8.174409545036e-02, 1.570690123583e+05, 2.294550877534e+02
 1DIAGNOSTIC,    18, -9.408179455961e-01, 2.381415229815e-04, 1.6443e+01, 6.2003e-01, 5.949211116693e-02, 1.331952191334e+05, 1.363288234703e+02, 8.039761993807e-02, 1.574105600430e+05, 2.260077747411e+02
 1DIAGNOSTIC,    19, -9.410265002144e-01, 1.828150189267e-04, 1.7066e+01, 6.2242e-01, 6.180162544233e-02, 1.326441910196e+05, 1.366130888425e+02, 7.708845098433e-02, 1.577648853603e+05, 2.239891725726e+02
 1DIAGNOSTIC,    20, -9.413222484347e-01, 1.429297665819e-04, 1.7687e+01, 6.2122e-01, 5.687650833524e-02, 1.328620034249e+05, 1.349649737805e+02, 8.021371356952e-02, 1.581139297553e+05, 2.210743566951e+02
 1DIAGNOSTIC,    21, -9.414871721411e-01, 1.130509490391e-04, 1.8308e+01, 6.2137e-01, 6.066985228216e-02, 1.323698216321e+05, 1.357997944399e+02, 7.529433657953e-02, 1.584705569260e+05, 2.195139809707e+02
 1DIAGNOSTIC,    22, -9.417469177904e-01, 9.263221536466e-05, 1.8930e+01, 6.2220e-01, 5.948267154560e-02, 1.320199102702e+05, 1.347287111917e+02, 8.112172016246e-02, 1.588177262990e+05, 2.169526638153e+02
 1DIAGNOSTIC,    23, -9.418786081723e-01, 7.550322527307e-05, 1.9552e+01, 6.2163e-01, 6.223850965912e-02, 1.317405587223e+05, 1.360604597641e+02, 7.566414530645e-02, 1.591692239972e+05, 2.157193188852e+02
 1DIAGNOSTIC,    24, -9.420024148863e-01, 6.389302931303e-05, 2.0175e+01, 6.2295e-01, 4.422409846374e-02, 1.315023058313e+05, 1.368081524109e+02, 5.622649562553e-02, 1.595193706720e+05, 2.142003845156e+02
 1DIAGNOSTIC,    25, -9.421197576870e-01, 5.434951236389e-05, 2.0798e+01, 6.2274e-01, 3.953869541093e-02, 1.313029570419e+05, 1.375466346219e+02, 5.000228232445e-02, 1.598654311917e+05, 2.128094783131e+02
 1DIAGNOSTIC,    26, -9.422318933651e-01, 4.668218911805e-05, 2.1420e+01, 6.2210e-01, 3.694437024703e-02, 1.311357324524e+05, 1.381190078736e+02, 4.763518635598e-02, 1.602073676956e+05, 2.115173979869e+02
 1DIAGNOSTIC,    27, -9.423361191434e-01, 3.939108026062e-05, 2.2042e+01, 6.2270e-01, 3.474607550232e-02, 1.309918169677e+05, 1.381774948042e+02, 4.584595077735e-02, 1.605439911607e+05, 2.103083458095e+02
 1DIAGNOSTIC,    28, -9.424346757462e-01, 3.382631714974e-05, 2.2664e+01, 6.2141e-01, 3.365778653046e-02, 1.308703296948e+05, 1.383140325108e+02, 4.430413494071e-02, 1.608758703562e+05, 2.092107581884e+02
 1DIAGNOSTIC,    29, -9.425248964504e-01, 2.863978485469e-05, 2.3285e+01, 6.2138e-01, 3.258564612791e-02, 1.307695696897e+05, 1.384567431568e+02, 4.270257657732e-02, 1.612028916371e+05, 2.082527972743e+02
 1DIAGNOSTIC,    30, -9.426105464568e-01, 2.503958784582e-05, 2.3907e+01, 6.2142e-01, 3.172097950628e-02, 1.306878027895e+05, 1.386135542084e+02, 4.119658114914e-02, 1.615258608776e+05, 2.074531512932e+02
 1DIAGNOSTIC,    31, -9.426985579322e-01, 2.182026914679e-05, 2.4530e+01, 6.2311e-01, 3.094196363785e-02, 1.306244422348e+05, 1.388275059708e+02, 3.985232545331e-02, 1.618454012197e+05, 2.067766608893e+02
 1DIAGNOSTIC,    32, -9.427761363622e-01, 2.000658944223e-05, 2.5151e+01, 6.2163e-01, 3.030354046509e-02, 1.305785488390e+05, 1.390785037365e+02, 3.876399803090e-02, 1.621621599305e+05, 2.061997952261e+02
 1DIAGNOSTIC,    33, -9.428449547682e-01, 1.832275558084e-05, 2.5774e+01, 6.2219e-01, 2.959344689694e-02, 1.305489568642e+05, 1.393540065032e+02, 3.768402808740e-02, 1.624764941446e+05, 2.057089693477e+02
 1DIAGNOSTIC,    34, -9.429210760893e-01, 1.685694563443e-05, 2.6395e+01, 6.2122e-01, 2.885842632835e-02, 1.305346453523e+05, 1.396168321362e+02, 3.660634452639e-02, 1.627891735507e+05, 2.053150113141e+02
 1DIAGNOSTIC,    35, -9.429891527264e-01, 1.554864403751e-05, 2.7016e+01, 6.2104e-01, 2.870717170909e-02, 1.305354582873e+05, 1.399667789447e+02, 3.594865921820e-02, 1.631004925723e+05, 2.049881782387e+02
 1DIAGNOSTIC,    36, -9.430523781158e-01, 1.438000669252e-05, 2.7638e+01, 6.2262e-01, 2.839307345557e-02, 1.305509454790e+05, 1.403871448471e+02, 3.491313134106e-02, 1.634115607891e+05, 2.047648310175e+02
 1DIAGNOSTIC,    37, -9.431134231640e-01, 1.332963231283e-05, 2.8261e+01, 6.2276e-01, 2.845087220139e-02, 1.305812390662e+05, 1.409074909817e+02, 3.407280770074e-02, 1.637232461372e+05, 2.046284988926e+02
 1DIAGNOSTIC,    38, -9.431718463109e-01, 1.238678397296e-05, 2.8883e+01, 6.2148e-01, 2.819994543958e-02, 1.306259106756e+05, 1.414695238556e+02, 3.319648156435e-02, 1.640361239689e+05, 2.045647191185e+02
 1DIAGNOSTIC,    39, -9.432301017756e-01, 1.153246587906e-05, 2.9504e+01, 6.2116e-01, 2.793084592594e-02, 1.306839986011e+05, 1.420489445404e+02, 3.246740107750e-02, 1.643507997830e+05, 2.045750373221e+02
 1DIAGNOSTIC,    40, -9.432871678113e-01, 1.076528062424e-05, 3.0125e+01, 6.2157e-01, 2.733355266575e-02, 1.307540851894e+05, 1.425825760533e+02, 3.190462237377e-02, 1.646674998805e+05, 2.046460563221e+02
 1DIAGNOSTIC,    41, -9.433439773096e-01, 1.014302876465e-05, 3.0747e+01, 6.2132e-01, 2.672132659465e-02, 1.308354008668e+05, 1.430847010995e+02, 3.120855301944e-02, 1.649869841000e+05, 2.047560118431e+02
 1DIAGNOSTIC,    42, -9.433993080821e-01, 9.605443865593e-06, 3.1369e+01, 6.2246e-01, 2.623008661649e-02, 1.309271300328e+05, 1.435706028404e+02, 3.068944114242e-02, 1.653100638523e+05, 2.049395298578e+02
 1DIAGNOSTIC,    43, -9.434524728437e-01, 9.095542864893e-06, 3.1990e+01, 6.2074e-01, 2.611919201240e-02, 1.310287855746e+05, 1.440759919871e+02, 3.030107303252e-02, 1.656372842160e+05, 2.051804150964e+02
 1DIAGNOSTIC,    44, -9.435066487076e-01, 8.697275018364e-06, 3.2611e+01, 6.2092e-01, 2.604981981427e-02, 1.311400112412e+05, 1.446010563642e+02, 2.990229948803e-02, 1.659689984257e+05, 2.054613134319e+02
 1DIAGNOSTIC,    45, -9.435605735987e-01, 8.365605986358e-06, 3.3232e+01, 6.2117e-01, 2.600840618192e-02, 1.312606287137e+05, 1.451418253754e+02, 2.965312521404e-02, 1.663056692472e+05, 2.057820440214e+02
 1DIAGNOSTIC,    46, -9.436145243976e-01, 8.077711317476e-06, 3.3853e+01, 6.2102e-01, 2.593668968478e-02, 1.313904182269e+05, 1.456928413443e+02, 2.952448060400e-02, 1.666477200769e+05, 2.061486016610e+02
 1DIAGNOSTIC,    47, -9.436677506809e-01, 7.822768209254e-06, 3.4474e+01, 6.2106e-01, 2.662006382528e-02, 1.315297142288e+05, 1.463226906372e+02, 2.958064948223e-02, 1.669957345458e+05, 2.065691764010e+02
 1DIAGNOSTIC,    48, -9.437243342846e-01, 7.611474700412e-06, 3.5096e+01, 6.2135e-01, 2.786143611144e-02, 1.316790116428e+05, 1.470615840103e+02, 2.969522664656e-02, 1.673500797835e+05, 2.070216464482e+02
 1DIAGNOSTIC,    49, -9.437748341323e-01, 7.406413774200e-06, 3.5717e+01, 6.2173e-01, 2.901419865509e-02, 1.318387491210e+05, 1.478905746923e+02, 3.004633030675e-02, 1.677113056085e+05, 2.075446414910e+02
 1DIAGNOSTIC,    50, -9.438298054553e-01, 7.232720924521e-06, 3.6339e+01, 6.2178e-01, 2.630626690754e-02, 1.320050752117e+05, 1.484821440034e+02, 3.057084605884e-02, 1.680797716144e+05, 2.081482385968e+02
 1DIAGNOSTIC,    51, -9.438843222903e-01, 7.086044380888e-06, 3.6960e+01, 6.2109e-01, 2.476544973675e-02, 1.321754049847e+05, 1.488997123961e+02, 3.097363617572e-02, 1.684562817117e+05, 2.088143325512e+02
 1DIAGNOSTIC,    52, -9.439380619403e-01, 6.952300930833e-06, 3.7581e+01, 6.2063e-01, 2.359571063311e-02, 1.323479377889e+05, 1.491937688346e+02, 3.098509105355e-02, 1.688409304757e+05, 2.095355932718e+02
 1DIAGNOSTIC,    53, -9.439909520934e-01, 6.813381453752e-06, 3.8202e+01, 6.2090e-01, 2.331034688757e-02, 1.325221319058e+05, 1.494618574556e+02, 3.084999193805e-02, 1.692336943830e+05, 2.102773482822e+02
 1DIAGNOSTIC,    54, -9.440431603437e-01, 6.672528816129e-06, 3.8823e+01, 6.2172e-01, 2.306702973269e-02, 1.326974720516e+05, 1.497177903879e+02, 3.078272144952e-02, 1.696351392463e+05, 2.110448773483e+02
 1DIAGNOSTIC,    55, -9.440898103996e-01, 6.499191097072e-06, 3.9445e+01, 6.2171e-01, 2.300618204748e-02, 1.328740609592e+05, 1.499784854477e+02, 3.097539571896e-02, 1.700461811415e+05, 2.118552141930e+02
 1DIAGNOSTIC,    56, -9.441405213715e-01, 6.322638160881e-06, 4.0066e+01, 6.2132e-01, 2.283255703118e-02, 1.330520070893e+05, 1.502350900557e+02, 3.134455971207e-02, 1.704675558318e+05, 2.127265594794e+02
 1DIAGNOSTIC,    57, -9.441907594303e-01, 6.140995485432e-06, 4.0688e+01, 6.2148e-01, 2.280527212555e-02, 1.332313014061e+05, 1.504920800313e+02, 3.129722869426e-02, 1.708992399908e+05, 2.136132816380e+02
 1DIAGNOSTIC,    58, -9.442406151611e-01, 5.977900444723e-06, 4.1309e+01, 6.2120e-01, 2.287859266754e-02, 1.334118293394e+05, 1.507572635493e+02, 3.153127653125e-02, 1.713417137934e+05, 2.145367150213e+02
 1DIAGNOSTIC,    59, -9.442882517003e-01, 5.795088596376e-06, 4.1931e+01, 6.2201e-01, 2.309326124619e-02, 1.335936710824e+05, 1.510364536004e+02, 3.176849985060e-02, 1.717952946416e+05, 2.154921901063e+02
 1DIAGNOSTIC,    60, -9.443377597897e-01, 5.633932251451e-06, 4.2553e+01, 6.2156e-01, 2.322259442687e-02, 1.337768745726e+05, 1.513257764034e+02, 3.186560739853e-02, 1.722602091306e+05, 2.164725093102e+02
 1DIAGNOSTIC,    61, -9.443869014180e-01, 5.494808529037e-06, 4.3175e+01, 6.2232e-01, 2.321171952628e-02, 1.339610762344e+05, 1.515961355010e+02, 3.196594585170e-02, 1.727361686416e+05, 2.174668484530e+02
 1DIAGNOSTIC,    62, -9.444362222127e-01, 5.377780773003e-06, 4.3797e+01, 6.2206e-01, 2.344724140992e-02, 1.341462111061e+05, 1.518695946660e+02, 3.188366745693e-02, 1.732227215442e+05, 2.184594813319e+02
 1DIAGNOSTIC,    63, -9.444846507146e-01, 5.276396645694e-06, 4.4420e+01, 6.2250e-01, 2.360544218297e-02, 1.343321128268e+05, 1.521429954483e+02, 3.286290463431e-02, 1.737199591964e+05, 2.195300028966e+02
 1DIAGNOSTIC,    64, -9.445330659084e-01, 5.189340796505e-06, 4.5041e+01, 6.2172e-01, 2.378686867532e-02, 1.345184924557e+05, 1.524266094917e+02, 3.395185784158e-02, 1.742276820734e+05, 2.206784783859e+02
 1DIAGNOSTIC,    65, -9.445817114582e-01, 5.090841181769e-06, 4.5664e+01, 6.2321e-01, 2.391781604599e-02, 1.347052188489e+05, 1.527134611959e+02, 3.350307176110e-02, 1.747450141379e+05, 2.218014957029e+02
 1DIAGNOSTIC,    66, -9.446302965098e-01, 5.001278741392e-06, 4.6288e+01, 6.2351e-01, 2.348785730894e-02, 1.348912534618e+05, 1.529369350320e+02, 3.294091195119e-02, 1.752713442628e+05, 2.228911243377e+02
 1DIAGNOSTIC,    67, -9.446792311164e-01, 4.920952494974e-06, 4.6913e+01, 6.2469e-01, 2.322165148594e-02, 1.350763042848e+05, 1.531128521080e+02, 3.274464095840e-02, 1.758059963756e+05, 2.239734883885e+02
 1DIAGNOSTIC,    68, -9.447269827468e-01, 4.843400362220e-06, 4.7535e+01, 6.2264e-01, 2.300747272393e-02, 1.352600459534e+05, 1.532522327835e+02, 3.232396425673e-02, 1.763488663239e+05, 2.250372558915e+02
 1DIAGNOSTIC,    69, -9.447740727680e-01, 4.756283300189e-06, 4.8159e+01, 6.2414e-01, 2.279281610682e-02, 1.354420559091e+05, 1.533445887131e+02, 3.202204179913e-02, 1.768994804006e+05, 2.260885719702e+02
 1DIAGNOSTIC,    70, -9.448213224759e-01, 4.670406135813e-06, 4.8783e+01, 6.2319e-01, 2.274017676328e-02, 1.356221668158e+05, 1.533984810892e+02, 3.188996182418e-02, 1.774577286752e+05, 2.271368082137e+02
XXDIAGNOSTIC,Iteration,metricValue,convergenceValue,ITERATION_TIME_INDEX,SINCE_LAST,M_LIPSCHITZ,M_PARAMS_NORM,M_GRAD_NORM,F_LIPSCHITZ,F_PARAMS_NORM,F_GRAD_NORM
 1DIAGNOSTIC,     1, -8.960844918279e-01, 1.797693134862e+308, 5.4085e+01, 5.3025e+00, 2.274017676328e-02, 1.356221668158e+05, 1.533984810892e+02, 3.188996182418e-02, 1.774577286752e+05, 2.271368082137e+02
 1DIAGNOSTIC,     2, -8.991065341382e-01, 1.797693134862e+308, 5.9156e+01, 5.0708e+00, 1.045215117523e-01, 1.055779315323e+06, 5.680771561634e+02, 1.206293268029e-01, 1.369297331586e+06, 5.783449272416e+02
 1DIAGNOSTIC,     3, -9.021684807976e-01, 1.797693134862e+308, 6.4246e+01, 5.0901e+00, 9.615086505005e-02, 1.056414682003e+06, 5.331465855711e+02, 9.614166009320e-02, 1.367158559050e+06, 5.409046106132e+02
 1DIAGNOSTIC,     4, -9.049344576744e-01, 1.797693134862e+308, 6.9295e+01, 5.0490e+00, 9.455208746034e-02, 1.057205031080e+06, 5.022975298570e+02, 8.988962512817e-02, 1.365244240355e+06, 5.130426715055e+02
 1DIAGNOSTIC,     5, -9.073614568136e-01, 1.797693134862e+308, 7.4342e+01, 5.0474e+00, 8.212302206310e-02, 1.058177823903e+06, 4.842233044017e+02, 8.330369999937e-02, 1.363521501115e+06, 4.919631304572e+02
 1DIAGNOSTIC,     6, -9.095168865003e-01, 1.797693134862e+308, 7.9395e+01, 5.0526e+00, 7.372582463958e-02, 1.059363981379e+06, 4.762148527728e+02, 7.464761873575e-02, 1.362014849569e+06, 4.807844145477e+02
 1DIAGNOSTIC,     7, -9.114548317729e-01, 1.797693134862e+308, 8.4446e+01, 5.0513e+00, 6.992244795383e-02, 1.060793792208e+06, 4.760182429830e+02, 7.581415035769e-02, 1.358371270281e+06, 4.789777906262e+02
 1DIAGNOSTIC,     8, -9.132341105429e-01, 1.797693134862e+308, 8.9492e+01, 5.0454e+00, 7.012682637441e-02, 1.062509160855e+06, 4.834160027276e+02, 6.836723920201e-02, 1.357838300941e+06, 4.859187938994e+02
 1DIAGNOSTIC,     9, -9.147278889711e-01, 1.797693134862e+308, 9.4559e+01, 5.0671e+00, 7.754658337489e-02, 1.062812932272e+06, 4.961096266324e+02, 7.035417369837e-02, 1.357041365192e+06, 4.746392597341e+02
 1DIAGNOSTIC,    10, -9.162682793278e-01, 1.412514240613e-03, 9.9640e+01, 5.0814e+00, 6.641827749011e-02, 1.065410755979e+06, 5.017040873309e+02, 9.180932276303e-02, 1.353690627811e+06, 4.551883099751e+02
 1DIAGNOSTIC,    11, -9.175490222883e-01, 1.160453973544e-03, 1.0473e+02, 5.0938e+00, 7.407731233130e-02, 1.065948330450e+06, 4.915669486003e+02, 7.143699094062e-02, 1.353197088382e+06, 4.411081222377e+02
 1DIAGNOSTIC,    12, -9.186516561452e-01, 9.529800879109e-04, 1.0981e+02, 5.0739e+00, 5.958724169235e-02, 1.068672167122e+06, 4.847132626683e+02, 7.616124585936e-02, 1.349835485906e+06, 4.295441655472e+02
 1DIAGNOSTIC,    13, -9.196957737539e-01, 7.893985302362e-04, 1.1488e+02, 5.0744e+00, 6.522283669489e-02, 1.069290699962e+06, 4.802708601849e+02, 6.920706174218e-02, 1.346923186990e+06, 4.209637997130e+02
 1DIAGNOSTIC,    14, -9.206065777163e-01, 6.588903421694e-04, 1.1995e+02, 5.0672e+00, 5.285243720725e-02, 1.072184370534e+06, 4.786421687297e+02, 6.498241053088e-02, 1.344062862340e+06, 4.147278869473e+02
 1DIAGNOSTIC,    15, -9.213185679760e-01, 5.504211881500e-04, 1.2501e+02, 5.0626e+00, 5.520024052106e-02, 1.072959113352e+06, 4.796764077339e+02, 4.953647951864e-02, 1.343724523691e+06, 4.119185397363e+02
 1DIAGNOSTIC,    16, -9.221148391471e-01, 4.622039293999e-04, 1.3008e+02, 5.0712e+00, 5.703304109595e-02, 1.074226007775e+06, 4.825607334122e+02, 6.005039626813e-02, 1.340509119683e+06, 4.093831649479e+02
 1DIAGNOSTIC,    17, -9.229050781803e-01, 3.914482146122e-04, 1.3512e+02, 5.0360e+00, 5.587398467634e-02, 1.075604716050e+06, 4.860349947732e+02, 4.994831461198e-02, 1.340277051368e+06, 4.085476806089e+02
 1DIAGNOSTIC,    18, -9.234757829031e-01, 3.327650507771e-04, 1.4019e+02, 5.0739e+00, 5.176403120784e-02, 1.077128238901e+06, 4.920892336980e+02, 5.166411349590e-02, 1.337182227083e+06, 4.099178363078e+02
 1DIAGNOSTIC,    19, -9.241937047272e-01, 2.854230164766e-04, 1.4525e+02, 5.0560e+00, 6.084315759794e-02, 1.078574060117e+06, 4.826578229247e+02, 4.800815247467e-02, 1.337136038918e+06, 4.113989044244e+02
 1DIAGNOSTIC,    20, -9.246894426505e-01, 2.477499329881e-04, 1.5033e+02, 5.0781e+00, 5.593627073963e-02, 1.079959910013e+06, 4.732175110610e+02, 5.004382110416e-02, 1.334193338219e+06, 4.143419520032e+02
 1DIAGNOSTIC,    21, -9.253248326321e-01, 2.188310660431e-04, 1.5543e+02, 5.1021e+00, 6.188124233066e-02, 1.081242966151e+06, 4.629626467884e+02, 5.282159767085e-02, 1.331802740886e+06, 4.173057003564e+02
 1DIAGNOSTIC,    22, -9.257427014366e-01, 1.933712092898e-04, 1.6054e+02, 5.1126e+00, 5.419201127221e-02, 1.082463604852e+06, 4.543490653087e+02, 4.878738082671e-02, 1.329566297023e+06, 4.221689897702e+02
 1DIAGNOSTIC,    23, -9.261366881575e-01, 1.713831711522e-04, 1.6561e+02, 5.0709e+00, 4.996326964811e-02, 1.083640934950e+06, 4.477524737421e+02, 4.729866241881e-02, 1.327460587694e+06, 4.267998162316e+02
 1DIAGNOSTIC,    24, -9.265120987414e-01, 1.518100081870e-04, 1.7068e+02, 5.0690e+00, 4.693178496217e-02, 1.084787662904e+06, 4.426753219459e+02, 4.630503402038e-02, 1.325477995897e+06, 4.313754276255e+02
 1DIAGNOSTIC,    25, -9.268702455404e-01, 1.327570386317e-04, 1.7577e+02, 5.0862e+00, 4.433821268552e-02, 1.085917026516e+06, 4.390315471348e+02, 4.589744471573e-02, 1.323615519799e+06, 4.361459447724e+02
 1DIAGNOSTIC,    26, -9.272175348663e-01, 1.162430563239e-04, 1.8085e+02, 5.0789e+00, 4.172597733141e-02, 1.087051903557e+06, 4.374241930328e+02, 4.517294890633e-02, 1.321866729227e+06, 4.408368250296e+02
 1DIAGNOSTIC,    27, -9.275566787727e-01, 1.029758045869e-04, 1.8592e+02, 5.0732e+00, 4.075945157497e-02, 1.088204079263e+06, 4.370283711287e+02, 4.464425357205e-02, 1.320225558463e+06, 4.454502027423e+02
 1DIAGNOSTIC,    28, -9.278877817284e-01, 9.088974463246e-05, 1.9099e+02, 5.0704e+00, 4.037273614410e-02, 1.089379778420e+06, 4.373716675483e+02, 4.417214741952e-02, 1.318686004529e+06, 4.499725113507e+02
 1DIAGNOSTIC,    29, -9.282092858981e-01, 8.217327064457e-05, 1.9607e+02, 5.0839e+00, 4.063746143422e-02, 1.090593479965e+06, 4.390363580707e+02, 4.364116840891e-02, 1.317241485404e+06, 4.543270942900e+02
 1DIAGNOSTIC,    30, -9.285256278406e-01, 7.459848800229e-05, 2.0114e+02, 5.0699e+00, 4.769959263052e-02, 1.091736166260e+06, 4.333154386707e+02, 4.309604558909e-02, 1.315884224409e+06, 4.584475667633e+02
 1DIAGNOSTIC,    31, -9.288269909169e-01, 6.981079356642e-05, 2.0622e+02, 5.0784e+00, 4.655671217107e-02, 1.092813954953e+06, 4.280524823674e+02, 3.940974107322e-02, 1.314577372402e+06, 4.602393087870e+02
 1DIAGNOSTIC,    32, -9.291115506857e-01, 6.551148810056e-05, 2.1134e+02, 5.1179e+00, 4.491834249646e-02, 1.093835166153e+06, 4.233869197671e+02, 5.049200412440e-02, 1.313184632360e+06, 4.529398324656e+02
 1DIAGNOSTIC,    33, -9.293657588224e-01, 6.135192356381e-05, 2.1645e+02, 5.1045e+00, 4.249910247999e-02, 1.094811126027e+06, 4.194410839545e+02, 4.801204918020e-02, 1.311720544431e+06, 4.464538103587e+02
 1DIAGNOSTIC,    34, -9.295961291889e-01, 5.714663622746e-05, 2.2151e+02, 5.0652e+00, 4.038668159280e-02, 1.095751796810e+06, 4.161522769088e+02, 4.543962641367e-02, 1.310198176818e+06, 4.407970147406e+02
 1DIAGNOSTIC,    35, -9.298050813460e-01, 5.278732564041e-05, 2.2658e+02, 5.0734e+00, 3.816938206903e-02, 1.096669188102e+06, 4.136641603375e+02, 4.250884451667e-02, 1.308632148465e+06, 4.360921211026e+02
 1DIAGNOSTIC,    36, -9.299951640414e-01, 4.829097616422e-05, 2.3167e+02, 5.0829e+00, 3.654360301866e-02, 1.097571900283e+06, 4.117743106704e+02, 3.995987126790e-02, 1.307035039008e+06, 4.322298507259e+02
 1DIAGNOSTIC,    37, -9.301738151706e-01, 4.379559818342e-05, 2.3677e+02, 5.1025e+00, 3.538263178507e-02, 1.098465019807e+06, 4.102973502269e+02, 3.806956975623e-02, 1.305416688613e+06, 4.289943326455e+02
 1DIAGNOSTIC,    38, -9.303393824835e-01, 3.943526793078e-05, 2.4184e+02, 5.0743e+00, 3.426094149603e-02, 1.099356424411e+06, 4.093939941829e+02, 3.607862776842e-02, 1.303788218795e+06, 4.265036237055e+02
 1DIAGNOSTIC,    39, -9.304970548588e-01, 3.536745882831e-05, 2.4693e+02, 5.0866e+00, 3.382613479767e-02, 1.100245741704e+06, 4.085231251194e+02, 3.515489984575e-02, 1.302154882758e+06, 4.243311109186e+02
 1DIAGNOSTIC,    40, -9.306476952839e-01, 3.176757747508e-05, 2.5200e+02, 5.0688e+00, 3.351919366727e-02, 1.101131849551e+06, 4.076820525176e+02, 3.356033039829e-02, 1.300529169626e+06, 4.229745655000e+02
 1DIAGNOSTIC,    41, -9.307916585844e-01, 2.869695870563e-05, 2.5716e+02, 5.1615e+00, 3.322938755170e-02, 1.102014444069e+06, 4.069007448735e+02, 3.288912040929e-02, 1.298916084617e+06, 4.219814677067e+02
 1DIAGNOSTIC,    42, -9.309299004060e-01, 2.617443425312e-05, 2.6228e+02, 5.1183e+00, 3.307479633548e-02, 1.102892744347e+06, 4.061097844747e+02, 3.245840897787e-02, 1.297319085744e+06, 4.212357949711e+02
 1DIAGNOSTIC,    43, -9.310620489564e-01, 2.407798011074e-05, 2.6739e+02, 5.1091e+00, 3.292191064235e-02, 1.103765749030e+06, 4.052737803685e+02, 3.190872674936e-02, 1.295753022207e+06, 4.214486828031e+02
 1DIAGNOSTIC,    44, -9.311931659467e-01, 2.234859738659e-05, 2.7245e+02, 5.0673e+00, 3.273320143121e-02, 1.104633741340e+06, 4.044814220422e+02, 3.278828862656e-02, 1.294236142830e+06, 4.228755605981e+02
 1DIAGNOSTIC,    45, -9.313208783365e-01, 2.090575692552e-05, 2.7753e+02, 5.0789e+00, 3.250126114620e-02, 1.105499345686e+06, 4.038769977533e+02, 3.312529494660e-02, 1.292770663428e+06, 4.245525481228e+02
 1DIAGNOSTIC,    46, -9.314463282570e-01, 1.968044812688e-05, 2.8260e+02, 5.0659e+00, 3.241734824625e-02, 1.106363190118e+06, 4.033643219291e+02, 3.382667397844e-02, 1.291360460702e+06, 4.265877866326e+02
 1DIAGNOSTIC,    47, -9.315708802094e-01, 1.865333762656e-05, 2.8767e+02, 5.0683e+00, 3.235902206900e-02, 1.107225843033e+06, 4.029403696460e+02, 3.449923239504e-02, 1.290008635001e+06, 4.289124392098e+02
 1DIAGNOSTIC,    48, -9.316952228473e-01, 1.778522179107e-05, 2.9272e+02, 5.0554e+00, 3.230544778079e-02, 1.108089651695e+06, 4.027130112950e+02, 3.523957568654e-02, 1.288718058209e+06, 4.315065755034e+02
 1DIAGNOSTIC,    49, -9.318174569970e-01, 1.704928709138e-05, 2.9780e+02, 5.0746e+00, 3.233971258832e-02, 1.108954248022e+06, 4.025158511357e+02, 3.855996635583e-02, 1.287503816366e+06, 4.351249136520e+02
 1DIAGNOSTIC,    50, -9.319416810355e-01, 1.644276901210e-05, 3.0286e+02, 5.0597e+00, 3.239735341355e-02, 1.109819819661e+06, 4.023913997477e+02, 4.118024497299e-02, 1.286375027759e+06, 4.394238469084e+02
XXDIAGNOSTIC,Iteration,metricValue,convergenceValue,ITERATION_TIME_INDEX,SINCE_LAST,M_LIPSCHITZ,M_PARAMS_NORM,M_GRAD_NORM,F_LIPSCHITZ,F_PARAMS_NORM,F_GRAD_NORM
 1DIAGNOSTIC,     1, -8.879869570977e-01, 1.797693134862e+308, 3.5153e+02, 4.8677e+01, 3.239735341355e-02, 1.109819819661e+06, 4.023913997477e+02, 4.118024497299e-02, 1.286375027759e+06, 4.394238469084e+02
 1DIAGNOSTIC,     2, -8.887992050044e-01, 1.797693134862e+308, 3.9981e+02, 4.8276e+01, 2.665222662770e-01, 8.811682423217e+06, 5.684671363103e+02, 1.748005126895e-01, 1.020050099299e+07, 6.488770262478e+02
 1DIAGNOSTIC,     3, -8.903001704911e-01, 1.797693134862e+308, 4.4818e+02, 4.8368e+01, 1.814552275001e-01, 8.813727109208e+06, 7.069518505990e+02, 5.725377513750e-02, 1.019057474843e+07, 6.558991097436e+02
 1DIAGNOSTIC,     4, -8.919899328867e-01, 1.797693134862e+308, 4.9649e+02, 4.8309e+01, 6.611755332245e-02, 8.816050048360e+06, 6.874943830250e+02, 6.701181866024e-02, 1.018827937280e+07, 6.799226969214e+02
 1DIAGNOSTIC,     5, -8.935088924302e-01, 1.797693134862e+308, 5.4480e+02, 4.8310e+01, 9.029458435380e-02, 8.818091049618e+06, 6.402601719295e+02, 7.594159190381e-02, 1.018652763425e+07, 7.178604421700e+02
 1DIAGNOSTIC,     6, -8.950029979252e-01, 1.797693134862e+308, 5.9327e+02, 4.8474e+01, 9.298386945859e-02, 8.819764876085e+06, 5.967085623324e+02, 7.015228106800e-02, 1.017993117967e+07, 7.369535447062e+02
 1DIAGNOSTIC,     7, -8.963679178821e-01, 1.797693134862e+308, 6.4170e+02, 4.8424e+01, 9.427137179329e-02, 8.821003019452e+06, 5.563865666811e+02, 6.594051195923e-02, 1.017468353521e+07, 7.235712428276e+02
 1DIAGNOSTIC,     8, -8.974889874234e-01, 1.797693134862e+308, 6.9007e+02, 4.8377e+01, 1.033395417999e-01, 8.817152668287e+06, 5.189914543373e+02, 9.416043665205e-02, 1.017452454317e+07, 6.708071850203e+02
 1DIAGNOSTIC,     9, -8.984709804772e-01, 1.797693134862e+308, 7.3846e+02, 4.8387e+01, 7.994037244040e-02, 8.818431516015e+06, 4.903357136718e+02, 9.473679527236e-02, 1.016722679997e+07, 6.303302159530e+02
 1DIAGNOSTIC,    10, -8.993527551864e-01, 8.664745012107e-04, 7.8687e+02, 4.8410e+01, 8.154633464090e-02, 8.814008028825e+06, 4.675890247248e+02, 7.375830400001e-02, 1.016623245653e+07, 5.983547677507e+02
 1DIAGNOSTIC,    11, -9.001133293159e-01, 7.497590159196e-04, 8.3529e+02, 4.8424e+01, 6.987339070168e-02, 8.810336964598e+06, 4.502874000814e+02, 6.708344566889e-02, 1.016406248420e+07, 5.732099781823e+02
 1DIAGNOSTIC,    12, -9.008155225272e-01, 6.250291289315e-04, 8.8384e+02, 4.8550e+01, 5.538110738530e-02, 8.805920970056e+06, 4.365212800374e+02, 6.072239831835e-02, 1.016159699341e+07, 5.529336484746e+02
 1DIAGNOSTIC,    13, -9.014969250793e-01, 5.159540263482e-04, 9.3239e+02, 4.8545e+01, 5.167262489176e-02, 8.801443625502e+06, 4.259850961111e+02, 6.275764055733e-02, 1.015886483237e+07, 5.333036552490e+02
 1DIAGNOSTIC,    14, -9.021046395406e-01, 4.273868774095e-04, 9.8091e+02, 4.8523e+01, 4.335447865298e-02, 8.797021562092e+06, 4.201118380564e+02, 4.946121484387e-02, 1.015603293670e+07, 5.217452562478e+02
 1DIAGNOSTIC,    15, -9.026734400280e-01, 3.554501538554e-04, 1.0294e+03, 4.8517e+01, 3.864549782723e-02, 8.792741044106e+06, 4.178438204175e+02, 4.162625231012e-02, 1.015321675640e+07, 5.157636588949e+02
 1DIAGNOSTIC,    16, -9.032029515962e-01, 2.997286684209e-04, 1.0779e+03, 4.8519e+01, 4.157096630163e-02, 8.789264845868e+06, 4.182640073895e+02, 4.260942774115e-02, 1.014462479578e+07, 5.140617245436e+02
 1DIAGNOSTIC,    17, -9.036762994384e-01, 2.570507898992e-04, 1.1265e+03, 4.8566e+01, 4.049291908906e-02, 8.786046630257e+06, 4.222350248130e+02, 3.890498816490e-02, 1.013738810622e+07, 5.174530564005e+02
 1DIAGNOSTIC,    18, -9.040224349791e-01, 2.210456851188e-04, 1.1750e+03, 4.8485e+01, 3.643350373238e-02, 8.787731284275e+06, 4.293885212567e+02, 4.019956845766e-02, 1.013053862891e+07, 5.248447821009e+02
 1DIAGNOSTIC,    19, -9.043708437514e-01, 1.904497997749e-04, 1.2234e+03, 4.8411e+01, 4.187206123364e-02, 8.788945510069e+06, 4.387479028676e+02, 4.366614487282e-02, 1.012407886417e+07, 5.342638642951e+02
 1DIAGNOSTIC,    20, -9.048050997849e-01, 1.659894813024e-04, 1.2722e+03, 4.8825e+01, 6.375535759602e-02, 8.785770779815e+06, 4.525238112005e+02, 5.269691041021e-02, 1.011805667629e+07, 5.465916703804e+02
  Elapsed time (stage 2): 1272.58655405


Total elapsed time: 1317.14449692
