
##########################
# Experiment information #
##########################
SIF_IMG: /project/rrg-glatard/mdugre/containers/ants-p2-vprec.sif
EXPERIMENT_NAME: vprec-space_search
CONFIG: 0100
VFC_BACKENDS: libinterflop_vprec.so --range-binary32=7 --precision-binary32=13 --range-binary64=7 --precision-binary64=13

FIXED_IMG: /templateflow/tpl-MNI152NLin2009cAsym/tpl-MNI152NLin2009cAsym_res-01_desc-brain_T1w.nii.gz
SUBJECT_ID: 0003042
INPUT_IMG: /project/rrg-glatard/mdugre/datasets/corr/RawDataBIDS/BMB_1/derivatives/antsBrainExtraction/sub-0003042/BrainExtractionBrain.nii.gz
OUTPUT_DIR: /project/rrg-glatard/mdugre/datasets/corr/RawDataBIDS/BMB_1/derivatives/vprec-space_search/0100/r7-p13/sub-0003042

ITK_GLOBAL_DEFAULT_NUMBER_OF_THREADS: 8
##########################

VFC_BACKENDS=libinterflop_ieee.so
Info [verificarlo]: loaded backend libinterflop_ieee.so
Info [interflop-ieee]: load backend with:
Info [interflop-ieee]: debug = false
Info [interflop-ieee]: debug-binary = false
Info [interflop-ieee]: no-backend-name = false
Info [interflop-ieee]: print-new-line = false
Info [interflop-ieee]: print-subnormal-normalized = false
Info [interflop-ieee]: count-op = false
All_Command_lines_OK
Using double precision for computations.
=============================================================================
The composite transform comprises the following transforms (in order): 
  1. Center of mass alignment using fixed image: /templateflow/tpl-MNI152NLin2009cAsym/tpl-MNI152NLin2009cAsym_res-01_desc-brain_T1w.nii.gz and moving image: /project/rrg-glatard/mdugre/datasets/corr/RawDataBIDS/BMB_1/derivatives/antsBrainExtraction/sub-0003042/BrainExtractionBrain.nii.gz (type = Euler3DTransform)
=============================================================================
  number of levels = 1
  fixed image: /templateflow/tpl-MNI152NLin2009cAsym/tpl-MNI152NLin2009cAsym_res-01_desc-brain_T1w.nii.gz
  moving image: /project/rrg-glatard/mdugre/datasets/corr/RawDataBIDS/BMB_1/derivatives/antsBrainExtraction/sub-0003042/BrainExtractionBrain.nii.gz
Dimension = 3
Number of stages = 1
Use histogram matching = false
Winsorize image intensities = true
  Lower quantile = 0.005
  Upper quantile = 0.995


Stage 1 State
   Image metric = MattesMI
     Fixed image = Image (0x4b3f390)
  RTTI typeinfo:   itk::Image<double, 3u>
  Reference Count: 2
  Modified Time: 2330
  Debug: Off
  Object Name: 
  Observers: 
    none
  Source: (none)
  Source output name: (none)
  Release Data: Off
  Data Released: False
  Global Release Data: Off
  PipelineMTime: 0
  UpdateMTime: 1941
  RealTimeStamp: 0 seconds 
  LargestPossibleRegion: 
    Dimension: 3
    Index: [0, 0, 0]
    Size: [193, 229, 193]
  BufferedRegion: 
    Dimension: 3
    Index: [0, 0, 0]
    Size: [193, 229, 193]
  RequestedRegion: 
    Dimension: 3
    Index: [0, 0, 0]
    Size: [193, 229, 193]
  Spacing: [1, 1, 1]
  Origin: [96, 132, -78]
  Direction: 
-1 0 0
0 -1 0
0 0 1

  IndexToPointMatrix: 
-1 0 0
0 -1 0
0 0 1

  PointToIndexMatrix: 
-1 0 0
0 -1 0
0 0 1

  Inverse Direction: 
-1 0 0
0 -1 0
0 0 1

  PixelContainer: 
    ImportImageContainer (0x4c0aa90)
      RTTI typeinfo:   itk::ImportImageContainer<unsigned long, double>
      Reference Count: 1
      Modified Time: 1938
      Debug: Off
      Object Name: 
      Observers: 
        none
      Pointer: 0x14da2e5f6010
      Container manages memory: true
      Size: 8530021
      Capacity: 8530021

     Moving image = Image (0x4b44390)
  RTTI typeinfo:   itk::Image<double, 3u>
  Reference Count: 2
  Modified Time: 2331
  Debug: Off
  Object Name: 
  Observers: 
    none
  Source: (none)
  Source output name: (none)
  Release Data: Off
  Data Released: False
  Global Release Data: Off
  PipelineMTime: 0
  UpdateMTime: 2328
  RealTimeStamp: 0 seconds 
  LargestPossibleRegion: 
    Dimension: 3
    Index: [0, 0, 0]
    Size: [176, 256, 256]
  BufferedRegion: 
    Dimension: 3
    Index: [0, 0, 0]
    Size: [176, 256, 256]
  RequestedRegion: 
    Dimension: 3
    Index: [0, 0, 0]
    Size: [176, 256, 256]
  Spacing: [1, 1, 1]
  Origin: [-89.9542, 103.506, -133.476]
  Direction: 
1 0 0
0 -1 0
0 0 1

  IndexToPointMatrix: 
1 0 0
0 -1 0
0 0 1

  PointToIndexMatrix: 
1 0 0
0 -1 0
0 0 1

  Inverse Direction: 
1 0 0
0 -1 0
0 0 1

  PixelContainer: 
    ImportImageContainer (0x4ceab90)
      RTTI typeinfo:   itk::ImportImageContainer<unsigned long, double>
      Reference Count: 1
      Modified Time: 2325
      Debug: Off
      Object Name: 
      Observers: 
        none
      Pointer: 0x14da28df5010
      Container manages memory: true
      Size: 11534336
      Capacity: 11534336

     Weighting = 1
     Sampling strategy = regular
     Number of bins = 32
     Radius = 4
     Sampling percentage  = 0.25
   Transform = Rigid
     Gradient step = 0.1
     Update field sigma (voxel space) = 0
     Total field sigma (voxel space) = 0
     Update field time sigma = 0
     Total field time sigma  = 0
     Number of time indices = 0
     Number of time point samples = 0
Registration using 1 total stages.

Stage 0
  iterations = 0
  convergence threshold = 1e-06
  convergence window size = 10
  number of levels = 1
  using the Mattes MI metric (number of bins = 32, weight = 1, use gradient filter = 0)
  preprocessing:  winsorizing the image intensities
  Shrink factors (level 1 out of 1): [1, 1, 1]
  smoothing sigmas per level: [0]
  regular sampling (percentage = 0.25)

*** Running Euler3DTransform registration ***

  Elapsed time (stage 0): 1.0013


Total elapsed time: 1.00319
VFC_BACKENDS=libinterflop_vprec.so --range-binary32=7 --precision-binary32=13 --range-binary64=7 --precision-binary64=13
Info [verificarlo]: loaded backend libinterflop_vprec.so
Info [interflop-vprec]: load backend with: 
Info [interflop-vprec]: precision-binary32 = 13
Info [interflop-vprec]: range-binary32 = 7
Info [interflop-vprec]: precision-binary64 = 13
Info [interflop-vprec]: range-binary64 = 7
Info [interflop-vprec]: mode = ob
Info [interflop-vprec]: error-mode = rel
Info [interflop-vprec]: max-abs-error-exponent = -1022
Info [interflop-vprec]: daz = false
Info [interflop-vprec]: ftz = false
Info [interflop-vprec]: 	instrument = none
Info [interflop-vprec]: 	prec-input-file = (null)
Info [interflop-vprec]: 	prec-output-file = (null)
Info [interflop-vprec]: 	prec-log-file = (null)
All_Command_lines_OK
Using double precision for computations.
=============================================================================
The composite transform comprises the following transforms (in order): 
  1. /project/rrg-glatard/mdugre/datasets/corr/RawDataBIDS/BMB_1/derivatives/vprec-space_search/0100/r7-p13/sub-0003042/align_Composite.h5[0] (type = Euler3DTransform)
  2. /project/rrg-glatard/mdugre/datasets/corr/RawDataBIDS/BMB_1/derivatives/vprec-space_search/0100/r7-p13/sub-0003042/align_Composite.h5[1] (type = Euler3DTransform)
=============================================================================
  number of levels = 4
  fixed image: /templateflow/tpl-MNI152NLin2009cAsym/tpl-MNI152NLin2009cAsym_res-01_desc-brain_T1w.nii.gz
  moving image: /project/rrg-glatard/mdugre/datasets/corr/RawDataBIDS/BMB_1/derivatives/antsBrainExtraction/sub-0003042/BrainExtractionBrain.nii.gz
Dimension = 3
Number of stages = 1
Use histogram matching = false
Winsorize image intensities = true
  Lower quantile = 0.005
  Upper quantile = 0.995


Stage 1 State
   Image metric = MattesMI
     Fixed image = Image (0x32eb300)
  RTTI typeinfo:   itk::Image<double, 3u>
  Reference Count: 2
  Modified Time: 1578
  Debug: Off
  Object Name: 
  Observers: 
    none
  Source: (none)
  Source output name: (none)
  Release Data: Off
  Data Released: False
  Global Release Data: Off
  PipelineMTime: 0
  UpdateMTime: 1189
  RealTimeStamp: 0 seconds 
  LargestPossibleRegion: 
    Dimension: 3
    Index: [0, 0, 0]
    Size: [193, 229, 193]
  BufferedRegion: 
    Dimension: 3
    Index: [0, 0, 0]
    Size: [193, 229, 193]
  RequestedRegion: 
    Dimension: 3
    Index: [0, 0, 0]
    Size: [193, 229, 193]
  Spacing: [1, 1, 1]
  Origin: [96, 132, -78]
  Direction: 
-1 0 0
0 -1 0
0 0 1

  IndexToPointMatrix: 
-1 0 0
0 -1 0
0 0 1

  PointToIndexMatrix: 
-1 0 0
0 -1 0
0 0 1

  Inverse Direction: 
-1 0 0
0 -1 0
0 0 1

  PixelContainer: 
    ImportImageContainer (0x33a9d00)
      RTTI typeinfo:   itk::ImportImageContainer<unsigned long, double>
      Reference Count: 1
      Modified Time: 1186
      Debug: Off
      Object Name: 
      Observers: 
        none
      Pointer: 0x14ab1fa9c010
      Container manages memory: true
      Size: 8530021
      Capacity: 8530021

     Moving image = Image (0x33a6030)
  RTTI typeinfo:   itk::Image<double, 3u>
  Reference Count: 2
  Modified Time: 1579
  Debug: Off
  Object Name: 
  Observers: 
    none
  Source: (none)
  Source output name: (none)
  Release Data: Off
  Data Released: False
  Global Release Data: Off
  PipelineMTime: 0
  UpdateMTime: 1576
  RealTimeStamp: 0 seconds 
  LargestPossibleRegion: 
    Dimension: 3
    Index: [0, 0, 0]
    Size: [176, 256, 256]
  BufferedRegion: 
    Dimension: 3
    Index: [0, 0, 0]
    Size: [176, 256, 256]
  RequestedRegion: 
    Dimension: 3
    Index: [0, 0, 0]
    Size: [176, 256, 256]
  Spacing: [1, 1, 1]
  Origin: [-89.9531, 103.508, -133.469]
  Direction: 
1 0 0
0 -1 0
0 0 1

  IndexToPointMatrix: 
1 0 0
0 -1 0
0 0 1

  PointToIndexMatrix: 
1 0 0
0 -1 0
0 0 1

  Inverse Direction: 
1 0 0
0 -1 0
0 0 1

  PixelContainer: 
    ImportImageContainer (0x3373d70)
      RTTI typeinfo:   itk::ImportImageContainer<unsigned long, double>
      Reference Count: 1
      Modified Time: 1573
      Debug: Off
      Object Name: 
      Observers: 
        none
      Pointer: 0x14ab1a29b010
      Container manages memory: true
      Size: 11534336
      Capacity: 11534336

     Weighting = 1
     Sampling strategy = regular
     Number of bins = 32
     Radius = 4
     Sampling percentage  = 0.25
   Transform = Rigid
     Gradient step = 0.1
     Update field sigma (voxel space) = 0
     Total field sigma (voxel space) = 0
     Update field time sigma = 0
     Total field time sigma  = 0
     Number of time indices = 0
     Number of time point samples = 0
Registration using 1 total stages.

Stage 0
  iterations = 1000x500x250x100
  convergence threshold = 1e-06
  convergence window size = 10
  number of levels = 4
  using the Mattes MI metric (number of bins = 32, weight = 1, use gradient filter = 0)
  preprocessing:  winsorizing the image intensities
  Shrink factors (level 1 out of 4): [8, 8, 8]
  Shrink factors (level 2 out of 4): [4, 4, 4]
  Shrink factors (level 3 out of 4): [2, 2, 2]
  Shrink factors (level 4 out of 4): [1, 1, 1]
  smoothing sigmas per level: [3, 2, 1, 0]
  regular sampling (percentage = 0.25)

*** Running Euler3DTransform registration ***

DIAGNOSTIC,Iteration,metricValue,convergenceValue,ITERATION_TIME_INDEX,SINCE_LAST
 2DIAGNOSTIC,     1, -5.500315351347e-01, 1.797693134862e+308, 0.0000e+00, 0.0000e+00, 
 2DIAGNOSTIC,     2, -5.516207360338e-01, 1.797693134862e+308, 0.0000e+00, 0.0000e+00, 
 2DIAGNOSTIC,     3, -5.565002998547e-01, 1.797693134862e+308, 0.0000e+00, 0.0000e+00, 
 2DIAGNOSTIC,     4, -5.606811913885e-01, 1.797693134862e+308, 0.0000e+00, 0.0000e+00, 
 2DIAGNOSTIC,     5, -5.648400116718e-01, 1.797693134862e+308, 0.0000e+00, 0.0000e+00, 
 2DIAGNOSTIC,     6, -5.702328176005e-01, 1.797693134862e+308, 0.0000e+00, 0.0000e+00, 
 2DIAGNOSTIC,     7, -5.733944742055e-01, 1.797693134862e+308, 0.0000e+00, 0.0000e+00, 
 2DIAGNOSTIC,     8, -5.745626768955e-01, 1.797693134862e+308, 0.0000e+00, 0.0000e+00, 
 2DIAGNOSTIC,     9, -5.766834483481e-01, 1.797693134862e+308, 0.0000e+00, 0.0000e+00, 
 2DIAGNOSTIC,    10, -5.781445721343e-01, 3.496535302341e-03, 0.0000e+00, 0.0000e+00, 
 2DIAGNOSTIC,    11, -5.786705134277e-01, 2.841123514893e-03, 0.0000e+00, 0.0000e+00, 
 2DIAGNOSTIC,    12, -5.793140617716e-01, 2.133360853292e-03, 0.0000e+00, 0.0000e+00, 
 2DIAGNOSTIC,    13, -5.797539930828e-01, 1.548476800839e-03, 0.0000e+00, 0.0000e+00, 
 2DIAGNOSTIC,    14, -5.799738612029e-01, 1.063689985095e-03, 0.0000e+00, 0.0000e+00, 
 2DIAGNOSTIC,    15, -5.804875560512e-01, 6.990271043279e-04, 0.0000e+00, 0.0000e+00, 
 2DIAGNOSTIC,    16, -5.813407255838e-01, 5.092045454077e-04, 0.0000e+00, 0.0000e+00, 
 2DIAGNOSTIC,    17, -5.834332929429e-01, 4.486739350835e-04, 0.0000e+00, 0.0000e+00, 
 2DIAGNOSTIC,    18, -5.866363315480e-01, 4.718542795615e-04, 0.0000e+00, 0.0000e+00, 
 2DIAGNOSTIC,    19, -5.896632967764e-01, 5.810034861074e-04, 0.0000e+00, 0.0000e+00, 
 2DIAGNOSTIC,    20, -5.920025040362e-01, 7.184530886413e-04, 0.0000e+00, 0.0000e+00, 
 2DIAGNOSTIC,    21, -6.229989726297e-01, 1.513206207966e-03, 0.0000e+00, 0.0000e+00, 
 2DIAGNOSTIC,    22, -6.355291833391e-01, 2.362095016720e-03, 0.0000e+00, 0.0000e+00, 
 2DIAGNOSTIC,    23, -6.369448376515e-01, 2.949399647848e-03, 0.0000e+00, 0.0000e+00, 
 2DIAGNOSTIC,    24, -6.386482929268e-01, 3.258341190890e-03, 0.0000e+00, 0.0000e+00, 
 2DIAGNOSTIC,    25, -6.428353952851e-01, 3.326969667797e-03, 0.0000e+00, 0.0000e+00, 
 2DIAGNOSTIC,    26, -6.451225609662e-01, 3.124458187021e-03, 0.0000e+00, 0.0000e+00, 
 2DIAGNOSTIC,    27, -6.469206133743e-01, 2.708181808807e-03, 0.0000e+00, 0.0000e+00, 
 2DIAGNOSTIC,    28, -6.479555195598e-01, 2.149405502116e-03, 0.0000e+00, 0.0000e+00, 
 2DIAGNOSTIC,    29, -6.479639803825e-01, 1.488462250143e-03, 0.0000e+00, 0.0000e+00, 
 2DIAGNOSTIC,    30, -6.478467742845e-01, 7.584229538959e-04, 0.0000e+00, 0.0000e+00, 
 2DIAGNOSTIC,    31, -6.478156466565e-01, 4.769348482524e-04, 0.0000e+00, 0.0000e+00, 
 2DIAGNOSTIC,    32, -6.476770964050e-01, 3.530344021142e-04, 0.0000e+00, 0.0000e+00, 
 2DIAGNOSTIC,    33, -6.476774836245e-01, 2.244547352563e-04, 0.0000e+00, 0.0000e+00, 
 2DIAGNOSTIC,    34, -6.476817735662e-01, 1.055912743880e-04, 0.0000e+00, 0.0000e+00, 
 2DIAGNOSTIC,    35, -6.476757789270e-01, 3.996079437418e-05, 0.0000e+00, 0.0000e+00, 
 2DIAGNOSTIC,    36, -6.476740593750e-01, 3.880295230983e-06, 0.0000e+00, 0.0000e+00, 
DIAGNOSTIC,Iteration,metricValue,convergenceValue,ITERATION_TIME_INDEX,SINCE_LAST
 2DIAGNOSTIC,     1, -5.313223501777e-01, 1.797693134862e+308, 0.0000e+00, 0.0000e+00, 
 2DIAGNOSTIC,     2, -5.320073211005e-01, 1.797693134862e+308, 0.0000e+00, 0.0000e+00, 
 2DIAGNOSTIC,     3, -5.330254825816e-01, 1.797693134862e+308, 0.0000e+00, 0.0000e+00, 
 2DIAGNOSTIC,     4, -5.344210944360e-01, 1.797693134862e+308, 0.0000e+00, 0.0000e+00, 
 2DIAGNOSTIC,     5, -5.362551448989e-01, 1.797693134862e+308, 0.0000e+00, 0.0000e+00, 
 2DIAGNOSTIC,     6, -5.374145117140e-01, 1.797693134862e+308, 0.0000e+00, 0.0000e+00, 
 2DIAGNOSTIC,     7, -5.385476320000e-01, 1.797693134862e+308, 0.0000e+00, 0.0000e+00, 
 2DIAGNOSTIC,     8, -5.389558786182e-01, 1.797693134862e+308, 0.0000e+00, 0.0000e+00, 
 2DIAGNOSTIC,     9, -5.390101251281e-01, 1.797693134862e+308, 0.0000e+00, 0.0000e+00, 
 2DIAGNOSTIC,    10, -5.393661494493e-01, 1.087797306728e-03, 0.0000e+00, 0.0000e+00, 
 2DIAGNOSTIC,    11, -5.393349961935e-01, 8.483527786304e-04, 0.0000e+00, 0.0000e+00, 
 2DIAGNOSTIC,    12, -5.393964353802e-01, 6.061850684901e-04, 0.0000e+00, 0.0000e+00, 
 2DIAGNOSTIC,    13, -5.394087874789e-01, 3.887315211794e-04, 0.0000e+00, 0.0000e+00, 
 2DIAGNOSTIC,    14, -5.395083101499e-01, 2.230687898412e-04, 0.0000e+00, 0.0000e+00, 
 2DIAGNOSTIC,    15, -5.395051777473e-01, 1.233373517208e-04, 0.0000e+00, 0.0000e+00, 
 2DIAGNOSTIC,    16, -5.395179762118e-01, 6.293636792071e-05, 0.0000e+00, 0.0000e+00, 
 2DIAGNOSTIC,    17, -5.395839511867e-01, 4.124513608814e-05, 0.0000e+00, 0.0000e+00, 
 2DIAGNOSTIC,    18, -5.395957033704e-01, 3.070003539820e-05, 0.0000e+00, 0.0000e+00, 
 2DIAGNOSTIC,    19, -5.395834670841e-01, 1.949868362674e-05, 0.0000e+00, 0.0000e+00, 
 2DIAGNOSTIC,    20, -5.395827454399e-01, 1.726879273592e-05, 0.0000e+00, 0.0000e+00, 
 2DIAGNOSTIC,    21, -5.395771835127e-01, 1.289163425088e-05, 0.0000e+00, 0.0000e+00, 
 2DIAGNOSTIC,    22, -5.395888932575e-01, 9.628849605217e-06, 0.0000e+00, 0.0000e+00, 
 2DIAGNOSTIC,    23, -5.396634264093e-01, 7.830566327922e-06, 0.0000e+00, 0.0000e+00, 
 2DIAGNOSTIC,    24, -5.396615996657e-01, 7.744328450569e-06, 0.0000e+00, 0.0000e+00, 
 2DIAGNOSTIC,    25, -5.396576058070e-01, 6.978453929260e-06, 0.0000e+00, 0.0000e+00, 
 2DIAGNOSTIC,    26, -5.396585788868e-01, 6.029560598808e-06, 0.0000e+00, 0.0000e+00, 
 2DIAGNOSTIC,    27, -5.396627678767e-01, 6.075631113225e-06, 0.0000e+00, 0.0000e+00, 
 2DIAGNOSTIC,    28, -5.396622691804e-01, 5.870711584366e-06, 0.0000e+00, 0.0000e+00, 
 2DIAGNOSTIC,    29, -5.396617251284e-01, 5.023936675327e-06, 0.0000e+00, 0.0000e+00, 
 2DIAGNOSTIC,    30, -5.396612069714e-01, 3.893123536568e-06, 0.0000e+00, 0.0000e+00, 
 2DIAGNOSTIC,    31, -5.396612078649e-01, 2.503767460742e-06, 0.0000e+00, 0.0000e+00, 
 2DIAGNOSTIC,    32, -5.396611173324e-01, 1.236668883499e-06, 0.0000e+00, 0.0000e+00, 
 2DIAGNOSTIC,    33, -5.396639447904e-01, 1.281903830329e-06, 0.0000e+00, 0.0000e+00, 
 2DIAGNOSTIC,    34, -5.396639447904e-01, 1.288293415898e-06, 0.0000e+00, 0.0000e+00, 
 2DIAGNOSTIC,    35, -5.396639447904e-01, 1.221274634918e-06, 0.0000e+00, 0.0000e+00, 
 2DIAGNOSTIC,    36, -5.396639447904e-01, 1.160534452090e-06, 0.0000e+00, 0.0000e+00, 
 2DIAGNOSTIC,    37, -5.396639447904e-01, 1.155059289541e-06, 0.0000e+00, 0.0000e+00, 
 2DIAGNOSTIC,    38, -5.396639447904e-01, 1.132534946120e-06, 0.0000e+00, 0.0000e+00, 
 2DIAGNOSTIC,    39, -5.396639447904e-01, 1.093451842054e-06, 0.0000e+00, 0.0000e+00, 
 2DIAGNOSTIC,    40, -5.396639447904e-01, 1.040908771691e-06, 0.0000e+00, 0.0000e+00, 
DIAGNOSTIC,Iteration,metricValue,convergenceValue,ITERATION_TIME_INDEX,SINCE_LAST
 2DIAGNOSTIC,     1, -4.686724205904e-01, 1.797693134862e+308, 0.0000e+00, 0.0000e+00, 
 2DIAGNOSTIC,     2, -4.688969484015e-01, 1.797693134862e+308, 0.0000e+00, 0.0000e+00, 
 2DIAGNOSTIC,     3, -4.691741841463e-01, 1.797693134862e+308, 0.0000e+00, 0.0000e+00, 
 2DIAGNOSTIC,     4, -4.694409928586e-01, 1.797693134862e+308, 0.0000e+00, 0.0000e+00, 
 2DIAGNOSTIC,     5, -4.697624844445e-01, 1.797693134862e+308, 0.0000e+00, 0.0000e+00, 
 2DIAGNOSTIC,     6, -4.701271125387e-01, 1.797693134862e+308, 0.0000e+00, 0.0000e+00, 
 2DIAGNOSTIC,     7, -4.703069557105e-01, 1.797693134862e+308, 0.0000e+00, 0.0000e+00, 
 2DIAGNOSTIC,     8, -4.707857635021e-01, 1.797693134862e+308, 0.0000e+00, 0.0000e+00, 
 2DIAGNOSTIC,     9, -4.709865357458e-01, 1.797693134862e+308, 0.0000e+00, 0.0000e+00, 
 2DIAGNOSTIC,    10, -4.711312875536e-01, 3.595208009379e-04, 0.0000e+00, 0.0000e+00, 
 2DIAGNOSTIC,    11, -4.712156048900e-01, 3.124975652808e-04, 0.0000e+00, 0.0000e+00, 
 2DIAGNOSTIC,    12, -4.715375749327e-01, 2.729892468673e-04, 0.0000e+00, 0.0000e+00, 
 2DIAGNOSTIC,    13, -4.718777027548e-01, 2.433000648137e-04, 0.0000e+00, 0.0000e+00, 
 2DIAGNOSTIC,    14, -4.719959806695e-01, 2.121354498688e-04, 0.0000e+00, 0.0000e+00, 
 2DIAGNOSTIC,    15, -4.720148355665e-01, 1.798146296722e-04, 0.0000e+00, 0.0000e+00, 
 2DIAGNOSTIC,    16, -4.720382745898e-01, 1.502128647652e-04, 0.0000e+00, 0.0000e+00, 
 2DIAGNOSTIC,    17, -4.720394090222e-01, 1.164145547905e-04, 0.0000e+00, 0.0000e+00, 
 2DIAGNOSTIC,    18, -4.720410273624e-01, 9.163545142977e-05, 0.0000e+00, 0.0000e+00, 
 2DIAGNOSTIC,    19, -4.720502018016e-01, 6.782298428434e-05, 0.0000e+00, 0.0000e+00, 
 2DIAGNOSTIC,    20, -4.720413459030e-01, 4.456610702245e-05, 0.0000e+00, 0.0000e+00, 
 2DIAGNOSTIC,    21, -4.720322453575e-01, 2.162638370632e-05, 0.0000e+00, 0.0000e+00, 
 2DIAGNOSTIC,    22, -4.720310746400e-01, 7.514474797160e-06, 0.0000e+00, 0.0000e+00, 
 2DIAGNOSTIC,    23, -4.720297059144e-01, 2.900598437730e-06, 0.0000e+00, 0.0000e+00, 
 2DIAGNOSTIC,    24, -4.720303784843e-01, 1.536369045180e-06, 0.0000e+00, 0.0000e+00, 
DIAGNOSTIC,Iteration,metricValue,convergenceValue,ITERATION_TIME_INDEX,SINCE_LAST
 2DIAGNOSTIC,     1, -4.312434263209e-01, 1.797693134862e+308, 0.0000e+00, 0.0000e+00, 
 2DIAGNOSTIC,     2, -4.313642592076e-01, 1.797693134862e+308, 0.0000e+00, 0.0000e+00, 
 2DIAGNOSTIC,     3, -4.315326591077e-01, 1.797693134862e+308, 0.0000e+00, 0.0000e+00, 
 2DIAGNOSTIC,     4, -4.317237429553e-01, 1.797693134862e+308, 0.0000e+00, 0.0000e+00, 
 2DIAGNOSTIC,     5, -4.319032618400e-01, 1.797693134862e+308, 0.0000e+00, 0.0000e+00, 
 2DIAGNOSTIC,     6, -4.320134894723e-01, 1.797693134862e+308, 0.0000e+00, 0.0000e+00, 
 2DIAGNOSTIC,     7, -4.320803521143e-01, 1.797693134862e+308, 0.0000e+00, 0.0000e+00, 
 2DIAGNOSTIC,     8, -4.320899093729e-01, 1.797693134862e+308, 0.0000e+00, 0.0000e+00, 
 2DIAGNOSTIC,     9, -4.320910937090e-01, 1.797693134862e+308, 0.0000e+00, 0.0000e+00, 
 2DIAGNOSTIC,    10, -4.321022308549e-01, 1.401049432408e-04, 0.0000e+00, 0.0000e+00, 
 2DIAGNOSTIC,    11, -4.321089720833e-01, 9.916199505119e-05, 0.0000e+00, 0.0000e+00, 
 2DIAGNOSTIC,    12, -4.321101654272e-01, 6.309798413463e-05, 0.0000e+00, 0.0000e+00, 
 2DIAGNOSTIC,    13, -4.321102524327e-01, 3.562289547142e-05, 0.0000e+00, 0.0000e+00, 
 2DIAGNOSTIC,    14, -4.321102990614e-01, 1.796720213922e-05, 0.0000e+00, 0.0000e+00, 
 2DIAGNOSTIC,    15, -4.321103240335e-01, 9.050718559750e-06, 0.0000e+00, 0.0000e+00, 
 2DIAGNOSTIC,    16, -4.321103136421e-01, 5.109604070283e-06, 0.0000e+00, 0.0000e+00, 
 2DIAGNOSTIC,    17, -4.321100724308e-01, 3.959230890527e-06, 0.0000e+00, 0.0000e+00, 
 2DIAGNOSTIC,    18, -4.321096250924e-01, 3.122731309528e-06, 0.0000e+00, 0.0000e+00, 
 2DIAGNOSTIC,    19, -4.321096009072e-01, 2.317774916438e-06, 0.0000e+00, 0.0000e+00, 
 2DIAGNOSTIC,    20, -4.321096070058e-01, 1.928336455001e-06, 0.0000e+00, 0.0000e+00, 
 2DIAGNOSTIC,    21, -4.321095657612e-01, 1.785927677640e-06, 0.0000e+00, 0.0000e+00, 
 2DIAGNOSTIC,    22, -4.321096782567e-01, 1.701582342459e-06, 0.0000e+00, 0.0000e+00, 
 2DIAGNOSTIC,    23, -4.321096806852e-01, 1.633183185329e-06, 0.0000e+00, 0.0000e+00, 
 2DIAGNOSTIC,    24, -4.321097200872e-01, 1.577958822212e-06, 0.0000e+00, 0.0000e+00, 
 2DIAGNOSTIC,    25, -4.321096745206e-01, 1.530133391117e-06, 0.0000e+00, 0.0000e+00, 
 2DIAGNOSTIC,    26, -4.321097611298e-01, 1.490171537083e-06, 0.0000e+00, 0.0000e+00, 
 2DIAGNOSTIC,    27, -4.321097641760e-01, 1.447888107318e-06, 0.0000e+00, 0.0000e+00, 
 2DIAGNOSTIC,    28, -4.321097087095e-01, 1.395887875545e-06, 0.0000e+00, 0.0000e+00, 
 2DIAGNOSTIC,    29, -4.321095737672e-01, 1.343090209653e-06, 0.0000e+00, 0.0000e+00, 
 2DIAGNOSTIC,    30, -4.321096609100e-01, 1.295601005182e-06, 0.0000e+00, 0.0000e+00, 
 2DIAGNOSTIC,    31, -4.321096531903e-01, 1.249827970395e-06, 0.0000e+00, 0.0000e+00, 
 2DIAGNOSTIC,    32, -4.321096656266e-01, 1.209713637526e-06, 0.0000e+00, 0.0000e+00, 
 2DIAGNOSTIC,    33, -4.321093857158e-01, 1.166892875104e-06, 0.0000e+00, 0.0000e+00, 
 2DIAGNOSTIC,    34, -4.321095281139e-01, 1.131276153359e-06, 0.0000e+00, 0.0000e+00, 
 2DIAGNOSTIC,    35, -4.321095101522e-01, 1.097305489514e-06, 0.0000e+00, 0.0000e+00, 
 2DIAGNOSTIC,    36, -4.321095311563e-01, 1.068235614993e-06, 0.0000e+00, 0.0000e+00, 
 2DIAGNOSTIC,    37, -4.321095554804e-01, 1.042273782177e-06, 0.0000e+00, 0.0000e+00, 
 2DIAGNOSTIC,    38, -4.321096552097e-01, 1.019264974908e-06, 0.0000e+00, 0.0000e+00, 
  Elapsed time (stage 0): 0.0000e+00


Total elapsed time: 0.0000e+00
VFC_BACKENDS=libinterflop_ieee.so
Info [verificarlo]: loaded backend libinterflop_ieee.so
Info [interflop-ieee]: load backend with:
Info [interflop-ieee]: debug = false
Info [interflop-ieee]: debug-binary = false
Info [interflop-ieee]: no-backend-name = false
Info [interflop-ieee]: print-new-line = false
Info [interflop-ieee]: print-subnormal-normalized = false
Info [interflop-ieee]: count-op = false
All_Command_lines_OK
Using double precision for computations.
=============================================================================
The composite transform comprises the following transforms (in order): 
  1. /project/rrg-glatard/mdugre/datasets/corr/RawDataBIDS/BMB_1/derivatives/vprec-space_search/0100/r7-p13/sub-0003042/rigid_Composite.h5[0] (type = Euler3DTransform)
  2. /project/rrg-glatard/mdugre/datasets/corr/RawDataBIDS/BMB_1/derivatives/vprec-space_search/0100/r7-p13/sub-0003042/rigid_Composite.h5[1] (type = Euler3DTransform)
  3. /project/rrg-glatard/mdugre/datasets/corr/RawDataBIDS/BMB_1/derivatives/vprec-space_search/0100/r7-p13/sub-0003042/rigid_Composite.h5[2] (type = Euler3DTransform)
=============================================================================
  number of levels = 4
  fixed image: /templateflow/tpl-MNI152NLin2009cAsym/tpl-MNI152NLin2009cAsym_res-01_desc-brain_T1w.nii.gz
  moving image: /project/rrg-glatard/mdugre/datasets/corr/RawDataBIDS/BMB_1/derivatives/antsBrainExtraction/sub-0003042/BrainExtractionBrain.nii.gz
Dimension = 3
Number of stages = 1
Use histogram matching = false
Winsorize image intensities = true
  Lower quantile = 0.005
  Upper quantile = 0.995


Stage 1 State
   Image metric = MattesMI
     Fixed image = Image (0x371d650)
  RTTI typeinfo:   itk::Image<double, 3u>
  Reference Count: 2
  Modified Time: 1592
  Debug: Off
  Object Name: 
  Observers: 
    none
  Source: (none)
  Source output name: (none)
  Release Data: Off
  Data Released: False
  Global Release Data: Off
  PipelineMTime: 0
  UpdateMTime: 1203
  RealTimeStamp: 0 seconds 
  LargestPossibleRegion: 
    Dimension: 3
    Index: [0, 0, 0]
    Size: [193, 229, 193]
  BufferedRegion: 
    Dimension: 3
    Index: [0, 0, 0]
    Size: [193, 229, 193]
  RequestedRegion: 
    Dimension: 3
    Index: [0, 0, 0]
    Size: [193, 229, 193]
  Spacing: [1, 1, 1]
  Origin: [96, 132, -78]
  Direction: 
-1 0 0
0 -1 0
0 0 1

  IndexToPointMatrix: 
-1 0 0
0 -1 0
0 0 1

  PointToIndexMatrix: 
-1 0 0
0 -1 0
0 0 1

  Inverse Direction: 
-1 0 0
0 -1 0
0 0 1

  PixelContainer: 
    ImportImageContainer (0x37f2330)
      RTTI typeinfo:   itk::ImportImageContainer<unsigned long, double>
      Reference Count: 1
      Modified Time: 1200
      Debug: Off
      Object Name: 
      Observers: 
        none
      Pointer: 0x14c0bc503010
      Container manages memory: true
      Size: 8530021
      Capacity: 8530021

     Moving image = Image (0x37d83b0)
  RTTI typeinfo:   itk::Image<double, 3u>
  Reference Count: 2
  Modified Time: 1593
  Debug: Off
  Object Name: 
  Observers: 
    none
  Source: (none)
  Source output name: (none)
  Release Data: Off
  Data Released: False
  Global Release Data: Off
  PipelineMTime: 0
  UpdateMTime: 1590
  RealTimeStamp: 0 seconds 
  LargestPossibleRegion: 
    Dimension: 3
    Index: [0, 0, 0]
    Size: [176, 256, 256]
  BufferedRegion: 
    Dimension: 3
    Index: [0, 0, 0]
    Size: [176, 256, 256]
  RequestedRegion: 
    Dimension: 3
    Index: [0, 0, 0]
    Size: [176, 256, 256]
  Spacing: [1, 1, 1]
  Origin: [-89.9542, 103.506, -133.476]
  Direction: 
1 0 0
0 -1 0
0 0 1

  IndexToPointMatrix: 
1 0 0
0 -1 0
0 0 1

  PointToIndexMatrix: 
1 0 0
0 -1 0
0 0 1

  Inverse Direction: 
1 0 0
0 -1 0
0 0 1

  PixelContainer: 
    ImportImageContainer (0x37ecf90)
      RTTI typeinfo:   itk::ImportImageContainer<unsigned long, double>
      Reference Count: 1
      Modified Time: 1587
      Debug: Off
      Object Name: 
      Observers: 
        none
      Pointer: 0x14c0b6d02010
      Container manages memory: true
      Size: 11534336
      Capacity: 11534336

     Weighting = 1
     Sampling strategy = regular
     Number of bins = 32
     Radius = 4
     Sampling percentage  = 0.25
   Transform = Affine
     Gradient step = 0.1
     Update field sigma (voxel space) = 0
     Total field sigma (voxel space) = 0
     Update field time sigma = 0
     Total field time sigma  = 0
     Number of time indices = 0
     Number of time point samples = 0
Registration using 1 total stages.

Stage 0
  iterations = 1000x500x250x100
  convergence threshold = 1e-06
  convergence window size = 10
  number of levels = 4
  using the Mattes MI metric (number of bins = 32, weight = 1, use gradient filter = 0)
  preprocessing:  winsorizing the image intensities
  Shrink factors (level 1 out of 4): [8, 8, 8]
  Shrink factors (level 2 out of 4): [4, 4, 4]
  Shrink factors (level 3 out of 4): [2, 2, 2]
  Shrink factors (level 4 out of 4): [1, 1, 1]
  smoothing sigmas per level: [3, 2, 1, 0]
  regular sampling (percentage = 0.25)

*** Running AffineTransform registration ***

DIAGNOSTIC,Iteration,metricValue,convergenceValue,ITERATION_TIME_INDEX,SINCE_LAST
 2DIAGNOSTIC,     1, -6.514253588418e-01, 1.797693134862e+308, 1.2867e+00, 1.2867e+00, 
 2DIAGNOSTIC,     2, -6.539008973874e-01, 1.797693134862e+308, 1.2941e+00, 7.3259e-03, 
 2DIAGNOSTIC,     3, -6.578947559255e-01, 1.797693134862e+308, 1.3010e+00, 6.8831e-03, 
 2DIAGNOSTIC,     4, -6.637987473936e-01, 1.797693134862e+308, 1.3079e+00, 6.9430e-03, 
 2DIAGNOSTIC,     5, -6.742298254181e-01, 1.797693134862e+308, 1.3159e+00, 7.9899e-03, 
 2DIAGNOSTIC,     6, -6.927927165584e-01, 1.797693134862e+308, 1.3228e+00, 6.8860e-03, 
 2DIAGNOSTIC,     7, -7.185105231828e-01, 1.797693134862e+308, 1.3316e+00, 8.7941e-03, 
 2DIAGNOSTIC,     8, -7.537053126178e-01, 1.797693134862e+308, 1.3405e+00, 8.9481e-03, 
 2DIAGNOSTIC,     9, -7.705678041272e-01, 1.797693134862e+308, 1.3476e+00, 7.0460e-03, 
 2DIAGNOSTIC,    10, -7.925222607732e-01, 1.370543996294e-02, 1.3600e+00, 1.2476e-02, 
 2DIAGNOSTIC,    11, -7.963709503283e-01, 1.367265835997e-02, 1.3683e+00, 8.2529e-03, 
 2DIAGNOSTIC,    12, -8.022052243446e-01, 1.269502393985e-02, 1.3764e+00, 8.0760e-03, 
 2DIAGNOSTIC,    13, -8.078199956376e-01, 1.102311907568e-02, 1.3846e+00, 8.2271e-03, 
 2DIAGNOSTIC,    14, -8.111075940569e-01, 8.869054904782e-03, 1.3924e+00, 7.8089e-03, 
 2DIAGNOSTIC,    15, -8.159946461599e-01, 6.617390073113e-03, 1.4029e+00, 1.0528e-02, 
 2DIAGNOSTIC,    16, -8.159924661427e-01, 4.511373591309e-03, 1.4139e+00, 1.0995e-02, 
 2DIAGNOSTIC,    17, -8.160311491930e-01, 2.829492961253e-03, 1.4228e+00, 8.8952e-03, 
 2DIAGNOSTIC,    18, -8.159301974857e-01, 1.824802151698e-03, 1.4306e+00, 7.7450e-03, 
 2DIAGNOSTIC,    19, -8.158415619075e-01, 1.087659938823e-03, 1.4377e+00, 7.1509e-03, 
 2DIAGNOSTIC,    20, -8.157709150624e-01, 7.394266595865e-04, 1.4455e+00, 7.7510e-03, 
 2DIAGNOSTIC,    21, -8.158126419935e-01, 4.264505805706e-04, 1.4526e+00, 7.1390e-03, 
 2DIAGNOSTIC,    22, -8.157562110575e-01, 2.015123659272e-04, 1.4605e+00, 7.8969e-03, 
 2DIAGNOSTIC,    23, -8.158596035208e-01, 7.065182382703e-05, 1.4681e+00, 7.6411e-03, 
DIAGNOSTIC,Iteration,metricValue,convergenceValue,ITERATION_TIME_INDEX,SINCE_LAST
 2DIAGNOSTIC,     1, -6.996780731383e-01, 1.797693134862e+308, 2.8371e+00, 1.3690e+00, 
 2DIAGNOSTIC,     2, -7.001876355135e-01, 1.797693134862e+308, 2.9062e+00, 6.9070e-02, 
 2DIAGNOSTIC,     3, -7.007065157028e-01, 1.797693134862e+308, 2.9705e+00, 6.4301e-02, 
 2DIAGNOSTIC,     4, -7.011322650219e-01, 1.797693134862e+308, 3.0311e+00, 6.0611e-02, 
 2DIAGNOSTIC,     5, -7.015239256751e-01, 1.797693134862e+308, 3.0984e+00, 6.7276e-02, 
 2DIAGNOSTIC,     6, -7.018729656404e-01, 1.797693134862e+308, 3.1659e+00, 6.7516e-02, 
 2DIAGNOSTIC,     7, -7.019726123787e-01, 1.797693134862e+308, 3.2342e+00, 6.8342e-02, 
 2DIAGNOSTIC,     8, -7.020704502336e-01, 1.797693134862e+308, 3.3053e+00, 7.1077e-02, 
 2DIAGNOSTIC,     9, -7.022295538647e-01, 1.797693134862e+308, 3.3819e+00, 7.6601e-02, 
 2DIAGNOSTIC,    10, -7.023297349630e-01, 2.399563632779e-04, 3.4461e+00, 6.4200e-02, 
 2DIAGNOSTIC,    11, -7.024651366698e-01, 1.773924853835e-04, 3.5169e+00, 7.0788e-02, 
 2DIAGNOSTIC,    12, -7.025316555309e-01, 1.288430856829e-04, 3.6145e+00, 9.7553e-02, 
 2DIAGNOSTIC,    13, -7.025239285530e-01, 9.221182925304e-05, 3.6927e+00, 7.8289e-02, 
 2DIAGNOSTIC,    14, -7.025026385960e-01, 6.420718115542e-05, 3.7653e+00, 7.2550e-02, 
 2DIAGNOSTIC,    15, -7.025040431322e-01, 4.467259037075e-05, 3.8305e+00, 6.5159e-02, 
 2DIAGNOSTIC,    16, -7.024802647958e-01, 3.185230337505e-05, 3.8893e+00, 5.8828e-02, 
 2DIAGNOSTIC,    17, -7.024823877763e-01, 2.020486568344e-05, 3.9491e+00, 5.9800e-02, 
 2DIAGNOSTIC,    18, -7.024852015573e-01, 1.038957836376e-05, 4.0102e+00, 6.1128e-02, 
 2DIAGNOSTIC,    19, -7.024631960462e-01, 3.726681397989e-06, 4.0826e+00, 7.2345e-02, 
DIAGNOSTIC,Iteration,metricValue,convergenceValue,ITERATION_TIME_INDEX,SINCE_LAST
 2DIAGNOSTIC,     1, -5.987499200459e-01, 1.797693134862e+308, 5.9538e+00, 1.8713e+00, 
 2DIAGNOSTIC,     2, -5.993030494563e-01, 1.797693134862e+308, 6.4274e+00, 4.7354e-01, 
 2DIAGNOSTIC,     3, -5.998453215704e-01, 1.797693134862e+308, 6.9058e+00, 4.7839e-01, 
 2DIAGNOSTIC,     4, -6.003084338730e-01, 1.797693134862e+308, 7.3616e+00, 4.5582e-01, 
 2DIAGNOSTIC,     5, -6.011179061698e-01, 1.797693134862e+308, 7.9388e+00, 5.7720e-01, 
 2DIAGNOSTIC,     6, -6.011116931950e-01, 1.797693134862e+308, 8.5677e+00, 6.2888e-01, 
 2DIAGNOSTIC,     7, -6.011111126833e-01, 1.797693134862e+308, 9.1347e+00, 5.6704e-01, 
 2DIAGNOSTIC,     8, -6.011095888142e-01, 1.797693134862e+308, 9.9226e+00, 7.8792e-01, 
 2DIAGNOSTIC,     9, -6.011096543066e-01, 1.797693134862e+308, 1.0468e+01, 5.4540e-01, 
 2DIAGNOSTIC,    10, -6.011084341913e-01, 2.492076240253e-04, 1.0927e+01, 4.5904e-01, 
 2DIAGNOSTIC,    11, -6.011059790879e-01, 1.519694468361e-04, 1.1446e+01, 5.1899e-01, 
 2DIAGNOSTIC,    12, -6.011048260283e-01, 7.948439756220e-05, 1.1944e+01, 4.9820e-01, 
 2DIAGNOSTIC,    13, -6.011050190743e-01, 3.083673328320e-05, 1.2405e+01, 4.6034e-01, 
 2DIAGNOSTIC,    14, -6.011028061030e-01, 1.353472040971e-06, 1.2863e+01, 4.5877e-01, 
 2DIAGNOSTIC,    15, -6.011020862474e-01, 1.405119700343e-06, 1.3388e+01, 5.2441e-01, 
 2DIAGNOSTIC,    16, -6.011028634964e-01, 1.356701672423e-06, 1.4041e+01, 6.5294e-01, 
 2DIAGNOSTIC,    17, -6.011005161874e-01, 1.290349801293e-06, 1.4559e+01, 5.1780e-01, 
 2DIAGNOSTIC,    18, -6.011006547758e-01, 1.249185653467e-06, 1.5009e+01, 4.5086e-01, 
 2DIAGNOSTIC,    19, -6.010996176191e-01, 1.236418452406e-06, 1.5545e+01, 5.3547e-01, 
 2DIAGNOSTIC,    20, -6.010985778374e-01, 1.213902016475e-06, 1.6016e+01, 4.7148e-01, 
 2DIAGNOSTIC,    21, -6.010976917211e-01, 1.153813026226e-06, 1.6530e+01, 5.1411e-01, 
 2DIAGNOSTIC,    22, -6.010979368935e-01, 1.113180267166e-06, 1.6991e+01, 4.6049e-01, 
 2DIAGNOSTIC,    23, -6.010970793944e-01, 1.094499048296e-06, 1.7461e+01, 4.7042e-01, 
 2DIAGNOSTIC,    24, -6.010952424365e-01, 1.025166168477e-06, 1.8032e+01, 5.7059e-01, 
DIAGNOSTIC,Iteration,metricValue,convergenceValue,ITERATION_TIME_INDEX,SINCE_LAST
 2DIAGNOSTIC,     1, -5.350350479261e-01, 1.797693134862e+308, 2.2271e+01, 4.2392e+00, 
 2DIAGNOSTIC,     2, -5.352635567275e-01, 1.797693134862e+308, 2.5336e+01, 3.0653e+00, 
 2DIAGNOSTIC,     3, -5.355407176300e-01, 1.797693134862e+308, 2.8473e+01, 3.1366e+00, 
 2DIAGNOSTIC,     4, -5.358611338989e-01, 1.797693134862e+308, 3.1565e+01, 3.0917e+00, 
 2DIAGNOSTIC,     5, -5.361467962669e-01, 1.797693134862e+308, 3.5089e+01, 3.5242e+00, 
 2DIAGNOSTIC,     6, -5.365761665010e-01, 1.797693134862e+308, 3.9747e+01, 4.6584e+00, 
 2DIAGNOSTIC,     7, -5.365964058836e-01, 1.797693134862e+308, 4.3219e+01, 3.4718e+00, 
 2DIAGNOSTIC,     8, -5.365988174934e-01, 1.797693134862e+308, 4.7980e+01, 4.7607e+00, 
 2DIAGNOSTIC,     9, -5.365995164856e-01, 1.797693134862e+308, 5.1470e+01, 3.4900e+00, 
 2DIAGNOSTIC,    10, -5.365988001395e-01, 2.093074438716e-04, 5.5213e+01, 3.7434e+00, 
 2DIAGNOSTIC,    11, -5.365982016561e-01, 1.470735172004e-04, 5.9101e+01, 3.8880e+00, 
 2DIAGNOSTIC,    12, -5.365981597684e-01, 9.232503006329e-05, 6.2423e+01, 3.3212e+00, 
 2DIAGNOSTIC,    13, -5.365978404809e-01, 4.924284032866e-05, 6.5806e+01, 3.3839e+00, 
 2DIAGNOSTIC,    14, -5.365979215364e-01, 2.010057407922e-05, 7.0417e+01, 4.6107e+00, 
 2DIAGNOSTIC,    15, -5.365979928973e-01, 2.889879641782e-06, 7.3747e+01, 3.3296e+00, 
 2DIAGNOSTIC,    16, -5.365977869302e-01, 1.959037288654e-06, 7.7132e+01, 3.3850e+00, 
 2DIAGNOSTIC,    17, -5.365978332348e-01, 1.771058274425e-06, 8.0485e+01, 3.3534e+00, 
 2DIAGNOSTIC,    18, -5.365977287044e-01, 1.680190228788e-06, 8.3528e+01, 3.0428e+00, 
 2DIAGNOSTIC,    19, -5.365976448304e-01, 1.624545951491e-06, 8.6624e+01, 3.0959e+00, 
 2DIAGNOSTIC,    20, -5.365977304808e-01, 1.562785681426e-06, 8.9995e+01, 3.3715e+00, 
 2DIAGNOSTIC,    21, -5.365976516234e-01, 1.492384048167e-06, 9.2974e+01, 2.9784e+00, 
 2DIAGNOSTIC,    22, -5.365973422038e-01, 1.422405740768e-06, 9.6380e+01, 3.4066e+00, 
 2DIAGNOSTIC,    23, -5.365974360201e-01, 1.355725169648e-06, 9.9802e+01, 3.4213e+00, 
 2DIAGNOSTIC,    24, -5.365973622074e-01, 1.297157689706e-06, 1.0318e+02, 3.3829e+00, 
 2DIAGNOSTIC,    25, -5.365973143076e-01, 1.246522823753e-06, 1.0660e+02, 3.4118e+00, 
 2DIAGNOSTIC,    26, -5.365972828299e-01, 1.197429675678e-06, 1.1020e+02, 3.6002e+00, 
 2DIAGNOSTIC,    27, -5.365970018391e-01, 1.150013847658e-06, 1.1336e+02, 3.1626e+00, 
 2DIAGNOSTIC,    28, -5.365972081897e-01, 1.110773587540e-06, 1.1694e+02, 3.5788e+00, 
 2DIAGNOSTIC,    29, -5.365974530117e-01, 1.079292538120e-06, 1.2055e+02, 3.6108e+00, 
 2DIAGNOSTIC,    30, -5.365974279797e-01, 1.052541792994e-06, 1.2439e+02, 3.8395e+00, 
 2DIAGNOSTIC,    31, -5.365973159556e-01, 1.025325398592e-06, 1.2834e+02, 3.9508e+00, 
  Elapsed time (stage 0): 1.3061e+02


Total elapsed time: 1.3061e+02
VFC_BACKENDS=libinterflop_ieee.so
Info [verificarlo]: loaded backend libinterflop_ieee.so
Info [interflop-ieee]: load backend with:
Info [interflop-ieee]: debug = false
Info [interflop-ieee]: debug-binary = false
Info [interflop-ieee]: no-backend-name = false
Info [interflop-ieee]: print-new-line = false
Info [interflop-ieee]: print-subnormal-normalized = false
Info [interflop-ieee]: count-op = false
All_Command_lines_OK
Using double precision for computations.
=============================================================================
The composite transform comprises the following transforms (in order): 
  1. /project/rrg-glatard/mdugre/datasets/corr/RawDataBIDS/BMB_1/derivatives/vprec-space_search/0100/r7-p13/sub-0003042/affine_Composite.h5[0] (type = Euler3DTransform)
  2. /project/rrg-glatard/mdugre/datasets/corr/RawDataBIDS/BMB_1/derivatives/vprec-space_search/0100/r7-p13/sub-0003042/affine_Composite.h5[1] (type = Euler3DTransform)
  3. /project/rrg-glatard/mdugre/datasets/corr/RawDataBIDS/BMB_1/derivatives/vprec-space_search/0100/r7-p13/sub-0003042/affine_Composite.h5[2] (type = Euler3DTransform)
  4. /project/rrg-glatard/mdugre/datasets/corr/RawDataBIDS/BMB_1/derivatives/vprec-space_search/0100/r7-p13/sub-0003042/affine_Composite.h5[3] (type = AffineTransform)
=============================================================================
  number of levels = 4
  fixed image: /templateflow/tpl-MNI152NLin2009cAsym/tpl-MNI152NLin2009cAsym_res-01_desc-brain_T1w.nii.gz
  moving image: /project/rrg-glatard/mdugre/datasets/corr/RawDataBIDS/BMB_1/derivatives/antsBrainExtraction/sub-0003042/BrainExtractionBrain.nii.gz
Dimension = 3
Number of stages = 1
Use histogram matching = false
Winsorize image intensities = true
  Lower quantile = 0.005
  Upper quantile = 0.995


Stage 1 State
   Image metric = CC
     Fixed image = Image (0x41ac810)
  RTTI typeinfo:   itk::Image<double, 3u>
  Reference Count: 2
  Modified Time: 1606
  Debug: Off
  Object Name: 
  Observers: 
    none
  Source: (none)
  Source output name: (none)
  Release Data: Off
  Data Released: False
  Global Release Data: Off
  PipelineMTime: 0
  UpdateMTime: 1217
  RealTimeStamp: 0 seconds 
  LargestPossibleRegion: 
    Dimension: 3
    Index: [0, 0, 0]
    Size: [193, 229, 193]
  BufferedRegion: 
    Dimension: 3
    Index: [0, 0, 0]
    Size: [193, 229, 193]
  RequestedRegion: 
    Dimension: 3
    Index: [0, 0, 0]
    Size: [193, 229, 193]
  Spacing: [1, 1, 1]
  Origin: [96, 132, -78]
  Direction: 
-1 0 0
0 -1 0
0 0 1

  IndexToPointMatrix: 
-1 0 0
0 -1 0
0 0 1

  PointToIndexMatrix: 
-1 0 0
0 -1 0
0 0 1

  Inverse Direction: 
-1 0 0
0 -1 0
0 0 1

  PixelContainer: 
    ImportImageContainer (0x42273f0)
      RTTI typeinfo:   itk::ImportImageContainer<unsigned long, double>
      Reference Count: 1
      Modified Time: 1214
      Debug: Off
      Object Name: 
      Observers: 
        none
      Pointer: 0x14873efc4010
      Container manages memory: true
      Size: 8530021
      Capacity: 8530021

     Moving image = Image (0x4284460)
  RTTI typeinfo:   itk::Image<double, 3u>
  Reference Count: 2
  Modified Time: 1607
  Debug: Off
  Object Name: 
  Observers: 
    none
  Source: (none)
  Source output name: (none)
  Release Data: Off
  Data Released: False
  Global Release Data: Off
  PipelineMTime: 0
  UpdateMTime: 1604
  RealTimeStamp: 0 seconds 
  LargestPossibleRegion: 
    Dimension: 3
    Index: [0, 0, 0]
    Size: [176, 256, 256]
  BufferedRegion: 
    Dimension: 3
    Index: [0, 0, 0]
    Size: [176, 256, 256]
  RequestedRegion: 
    Dimension: 3
    Index: [0, 0, 0]
    Size: [176, 256, 256]
  Spacing: [1, 1, 1]
  Origin: [-89.9542, 103.506, -133.476]
  Direction: 
1 0 0
0 -1 0
0 0 1

  IndexToPointMatrix: 
1 0 0
0 -1 0
0 0 1

  PointToIndexMatrix: 
1 0 0
0 -1 0
0 0 1

  Inverse Direction: 
1 0 0
0 -1 0
0 0 1

  PixelContainer: 
    ImportImageContainer (0x421cf90)
      RTTI typeinfo:   itk::ImportImageContainer<unsigned long, double>
      Reference Count: 1
      Modified Time: 1601
      Debug: Off
      Object Name: 
      Observers: 
        none
      Pointer: 0x1487397c3010
      Container manages memory: true
      Size: 11534336
      Capacity: 11534336

     Weighting = 1
     Sampling strategy = none
     Number of bins = 32
     Radius = 4
     Sampling percentage  = 1
   Transform = SyN
     Gradient step = 0.1
     Update field sigma (voxel space) = 3
     Total field sigma (voxel space) = 0
     Update field time sigma = 0
     Total field time sigma  = 0
     Number of time indices = 0
     Number of time point samples = 0
Registration using 1 total stages.

Stage 0
  iterations = 100x70x50x20
  convergence threshold = 1e-06
  convergence window size = 10
  number of levels = 4
  using the CC metric (radius = 4, weight = 1, use gradient filter = 0)
  preprocessing:  winsorizing the image intensities
  Shrink factors (level 1 out of 4): [8, 8, 8]
  Shrink factors (level 2 out of 4): [4, 4, 4]
  Shrink factors (level 3 out of 4): [2, 2, 2]
  Shrink factors (level 4 out of 4): [1, 1, 1]
  smoothing sigmas per level: [3, 2, 1, 0]
  Using default NONE metricSamplingStrategy 

*** Running SyN registration (varianceForUpdateField = 3, varianceForTotalField = 0) ***

XXDIAGNOSTIC,Iteration,metricValue,convergenceValue,ITERATION_TIME_INDEX,SINCE_LAST
 1DIAGNOSTIC,     1, -9.225560124016e-01, 1.797693134862e+308, 1.6510e+00, 1.6510e+00, 
 1DIAGNOSTIC,     2, -9.309313027871e-01, 1.797693134862e+308, 2.0129e+00, 3.6185e-01, 
 1DIAGNOSTIC,     3, -9.369183661307e-01, 1.797693134862e+308, 2.3666e+00, 3.5376e-01, 
 1DIAGNOSTIC,     4, -9.409591441469e-01, 1.797693134862e+308, 2.7176e+00, 3.5097e-01, 
 1DIAGNOSTIC,     5, -9.436349871088e-01, 1.797693134862e+308, 3.0645e+00, 3.4692e-01, 
 1DIAGNOSTIC,     6, -9.455393844469e-01, 1.797693134862e+308, 3.4406e+00, 3.7609e-01, 
 1DIAGNOSTIC,     7, -9.478225404278e-01, 1.797693134862e+308, 3.7955e+00, 3.5486e-01, 
 1DIAGNOSTIC,     8, -9.503176664610e-01, 1.797693134862e+308, 4.1606e+00, 3.6511e-01, 
 1DIAGNOSTIC,     9, -9.529138602429e-01, 1.797693134862e+308, 4.5152e+00, 3.5465e-01, 
 1DIAGNOSTIC,    10, -9.552495583181e-01, 1.957565378174e-03, 4.8845e+00, 3.6930e-01, 
 1DIAGNOSTIC,    11, -9.574867246559e-01, 1.493425233127e-03, 5.2466e+00, 3.6208e-01, 
 1DIAGNOSTIC,    12, -9.593552970500e-01, 1.227452889609e-03, 5.6115e+00, 3.6483e-01, 
 1DIAGNOSTIC,    13, -9.606760531141e-01, 1.058859314917e-03, 5.9672e+00, 3.5576e-01, 
 1DIAGNOSTIC,    14, -9.618316003953e-01, 9.288628414389e-04, 6.3232e+00, 3.5600e-01, 
 1DIAGNOSTIC,    15, -9.621808389747e-01, 7.917324653090e-04, 6.6748e+00, 3.5162e-01, 
 1DIAGNOSTIC,    16, -9.621032809392e-01, 6.334199900809e-04, 7.0346e+00, 3.5976e-01, 
 1DIAGNOSTIC,    17, -9.624082979589e-01, 4.810312925450e-04, 7.3868e+00, 3.5222e-01, 
 1DIAGNOSTIC,    18, -9.625958337792e-01, 3.453049236190e-04, 7.7925e+00, 4.0567e-01, 
 1DIAGNOSTIC,    19, -9.627863801852e-01, 2.354275570045e-04, 8.1485e+00, 3.5605e-01, 
 1DIAGNOSTIC,    20, -9.628734138009e-01, 1.506948539560e-04, 8.5052e+00, 3.5661e-01, 
 1DIAGNOSTIC,    21, -9.629975401666e-01, 9.354293154884e-05, 8.8600e+00, 3.5488e-01, 
 1DIAGNOSTIC,    22, -9.631304704008e-01, 5.986954252481e-05, 9.2151e+00, 3.5509e-01, 
 1DIAGNOSTIC,    23, -9.632296744179e-01, 4.162549595422e-05, 9.5728e+00, 3.5772e-01, 
 1DIAGNOSTIC,    24, -9.633384157043e-01, 3.672518119714e-05, 9.9276e+00, 3.5471e-01, 
 1DIAGNOSTIC,    25, -9.634343679869e-01, 3.428053922624e-05, 1.0283e+01, 3.5550e-01, 
 1DIAGNOSTIC,    26, -9.635231793234e-01, 2.898209574081e-05, 1.0638e+01, 3.5470e-01, 
 1DIAGNOSTIC,    27, -9.636163897367e-01, 2.580830849680e-05, 1.0993e+01, 3.5556e-01, 
 1DIAGNOSTIC,    28, -9.636867486391e-01, 2.322875337909e-05, 1.1349e+01, 3.5522e-01, 
 1DIAGNOSTIC,    29, -9.637773222320e-01, 2.161809899850e-05, 1.1703e+01, 3.5427e-01, 
 1DIAGNOSTIC,    30, -9.638378967665e-01, 1.961069449218e-05, 1.2057e+01, 3.5395e-01, 
 1DIAGNOSTIC,    31, -9.639316539702e-01, 1.804391643688e-05, 1.2410e+01, 3.5370e-01, 
 1DIAGNOSTIC,    32, -9.639820261323e-01, 1.664241868558e-05, 1.2766e+01, 3.5559e-01, 
 1DIAGNOSTIC,    33, -9.640739945977e-01, 1.554899781928e-05, 1.3151e+01, 3.8540e-01, 
 1DIAGNOSTIC,    34, -9.641160702067e-01, 1.443090968778e-05, 1.3510e+01, 3.5852e-01, 
 1DIAGNOSTIC,    35, -9.641969585278e-01, 1.358548277054e-05, 1.3870e+01, 3.5961e-01, 
 1DIAGNOSTIC,    36, -9.642333757638e-01, 1.259364310076e-05, 1.4234e+01, 3.6437e-01, 
 1DIAGNOSTIC,    37, -9.643162409346e-01, 1.194780107454e-05, 1.4591e+01, 3.5716e-01, 
 1DIAGNOSTIC,    38, -9.643459353831e-01, 1.104010970299e-05, 1.4948e+01, 3.5692e-01, 
 1DIAGNOSTIC,    39, -9.644288714723e-01, 1.052466937529e-05, 1.5304e+01, 3.5560e-01, 
 1DIAGNOSTIC,    40, -9.644532497961e-01, 9.718476779098e-06, 1.5690e+01, 3.8677e-01, 
 1DIAGNOSTIC,    41, -9.645357517993e-01, 9.375507916225e-06, 1.6058e+01, 3.6721e-01, 
 1DIAGNOSTIC,    42, -9.645550498829e-01, 8.698036900161e-06, 1.6408e+01, 3.5024e-01, 
 1DIAGNOSTIC,    43, -9.646364898521e-01, 8.490594500622e-06, 1.6756e+01, 3.4831e-01, 
 1DIAGNOSTIC,    44, -9.646510530520e-01, 7.914520803499e-06, 1.7120e+01, 3.6409e-01, 
 1DIAGNOSTIC,    45, -9.647302939000e-01, 7.733692670722e-06, 1.7479e+01, 3.5833e-01, 
 1DIAGNOSTIC,    46, -9.647401576535e-01, 7.167893228615e-06, 1.7838e+01, 3.5961e-01, 
 1DIAGNOSTIC,    47, -9.648173691742e-01, 7.019428478375e-06, 1.8200e+01, 3.6213e-01, 
 1DIAGNOSTIC,    48, -9.648255813181e-01, 6.485447182555e-06, 1.8554e+01, 3.5350e-01, 
 1DIAGNOSTIC,    49, -9.649004728979e-01, 6.373987936750e-06, 1.8911e+01, 3.5703e-01, 
 1DIAGNOSTIC,    50, -9.649036694471e-01, 5.864180842460e-06, 1.9269e+01, 3.5797e-01, 
 1DIAGNOSTIC,    51, -9.649757726714e-01, 5.776510317978e-06, 1.9623e+01, 3.5460e-01, 
 1DIAGNOSTIC,    52, -9.649772881744e-01, 5.299539165775e-06, 1.9976e+01, 3.5287e-01, 
 1DIAGNOSTIC,    53, -9.650437267309e-01, 5.222328872140e-06, 2.0331e+01, 3.5468e-01, 
 1DIAGNOSTIC,    54, -9.650420263167e-01, 4.759219692899e-06, 2.0687e+01, 3.5594e-01, 
 1DIAGNOSTIC,    55, -9.651068183677e-01, 4.693971464704e-06, 2.1042e+01, 3.5483e-01, 
 1DIAGNOSTIC,    56, -9.651042992078e-01, 4.259432393620e-06, 2.1398e+01, 3.5598e-01, 
 1DIAGNOSTIC,    57, -9.651653741410e-01, 4.209210455592e-06, 2.1758e+01, 3.6062e-01, 
 1DIAGNOSTIC,    58, -9.651620116360e-01, 3.820663411567e-06, 2.2124e+01, 3.6577e-01, 
 1DIAGNOSTIC,    59, -9.652201549539e-01, 3.804075197074e-06, 2.2499e+01, 3.7478e-01, 
 1DIAGNOSTIC,    60, -9.652164864208e-01, 3.458408343916e-06, 2.2929e+01, 4.3045e-01, 
 1DIAGNOSTIC,    61, -9.652725932538e-01, 3.469778848963e-06, 2.3342e+01, 4.1287e-01, 
 1DIAGNOSTIC,    62, -9.652684912261e-01, 3.172673117800e-06, 2.3742e+01, 4.0025e-01, 
 1DIAGNOSTIC,    63, -9.653216040034e-01, 3.196092862503e-06, 2.4100e+01, 3.5792e-01, 
 1DIAGNOSTIC,    64, -9.653164477516e-01, 2.916658541963e-06, 2.4464e+01, 3.6317e-01, 
 1DIAGNOSTIC,    65, -9.653675003042e-01, 2.945374795942e-06, 2.4823e+01, 3.5977e-01, 
 1DIAGNOSTIC,    66, -9.653607726296e-01, 2.684591163194e-06, 2.5183e+01, 3.6017e-01, 
 1DIAGNOSTIC,    67, -9.654102229583e-01, 2.712534533812e-06, 2.5547e+01, 3.6387e-01, 
 1DIAGNOSTIC,    68, -9.654028475392e-01, 2.467417522127e-06, 2.5910e+01, 3.6253e-01, 
 1DIAGNOSTIC,    69, -9.654502742330e-01, 2.494159140550e-06, 2.6277e+01, 3.6676e-01, 
 1DIAGNOSTIC,    70, -9.654410959824e-01, 2.260551448642e-06, 2.6636e+01, 3.5928e-01, 
 1DIAGNOSTIC,    71, -9.654870085041e-01, 2.289182640943e-06, 2.6991e+01, 3.5552e-01, 
 1DIAGNOSTIC,    72, -9.654768840509e-01, 2.072235462714e-06, 2.7346e+01, 3.5466e-01, 
 1DIAGNOSTIC,    73, -9.655218617264e-01, 2.105955694446e-06, 2.7702e+01, 3.5593e-01, 
 1DIAGNOSTIC,    74, -9.655108660245e-01, 1.904726908999e-06, 2.8065e+01, 3.6256e-01, 
 1DIAGNOSTIC,    75, -9.655537811730e-01, 1.941742498417e-06, 2.8423e+01, 3.5866e-01, 
 1DIAGNOSTIC,    76, -9.655420970246e-01, 1.751837252199e-06, 2.8818e+01, 3.9503e-01, 
 1DIAGNOSTIC,    77, -9.655845640419e-01, 1.795582911255e-06, 2.9222e+01, 4.0342e-01, 
 1DIAGNOSTIC,    78, -9.655732081250e-01, 1.626109262859e-06, 2.9598e+01, 3.7616e-01, 
 1DIAGNOSTIC,    79, -9.656145484876e-01, 1.679893946454e-06, 2.9974e+01, 3.7577e-01, 
 1DIAGNOSTIC,    80, -9.656020957357e-01, 1.521931988326e-06, 3.0371e+01, 3.9749e-01, 
 1DIAGNOSTIC,    81, -9.656423693897e-01, 1.578279216076e-06, 3.0734e+01, 3.6286e-01, 
 1DIAGNOSTIC,    82, -9.656287104084e-01, 1.426005787477e-06, 3.1098e+01, 3.6405e-01, 
 1DIAGNOSTIC,    83, -9.656671503579e-01, 1.478505671575e-06, 3.1462e+01, 3.6435e-01, 
 1DIAGNOSTIC,    84, -9.656529550484e-01, 1.328767973159e-06, 3.1825e+01, 3.6281e-01, 
 1DIAGNOSTIC,    85, -9.656914396246e-01, 1.378065620034e-06, 3.2185e+01, 3.6035e-01, 
 1DIAGNOSTIC,    86, -9.656778361191e-01, 1.235881330495e-06, 3.2550e+01, 3.6432e-01, 
 1DIAGNOSTIC,    87, -9.657157234185e-01, 1.290278352028e-06, 3.2917e+01, 3.6672e-01, 
 1DIAGNOSTIC,    88, -9.657030743313e-01, 1.167381838868e-06, 3.3281e+01, 3.6493e-01, 
 1DIAGNOSTIC,    89, -9.657397645971e-01, 1.232348220307e-06, 3.3645e+01, 3.6361e-01, 
 1DIAGNOSTIC,    90, -9.657272162943e-01, 1.123328865420e-06, 3.4008e+01, 3.6277e-01, 
 1DIAGNOSTIC,    91, -9.657636397831e-01, 1.195116783547e-06, 3.4368e+01, 3.5987e-01, 
 1DIAGNOSTIC,    92, -9.657515142198e-01, 1.095153279170e-06, 3.4725e+01, 3.5685e-01, 
 1DIAGNOSTIC,    93, -9.657869499863e-01, 1.163300604488e-06, 3.5086e+01, 3.6140e-01, 
 1DIAGNOSTIC,    94, -9.657747161921e-01, 1.062129766779e-06, 3.5449e+01, 3.6295e-01, 
 1DIAGNOSTIC,    95, -9.658094636305e-01, 1.124454203437e-06, 3.5815e+01, 3.6630e-01, 
 1DIAGNOSTIC,    96, -9.657974437853e-01, 1.025025996240e-06, 3.6180e+01, 3.6492e-01, 
 1DIAGNOSTIC,    97, -9.658312624763e-01, 1.082291119675e-06, 3.6543e+01, 3.6287e-01, 
 1DIAGNOSTIC,    98, -9.658195359285e-01, 9.870049068640e-07, 3.6932e+01, 3.8874e-01, 
XXDIAGNOSTIC,Iteration,metricValue,convergenceValue,ITERATION_TIME_INDEX,SINCE_LAST
 1DIAGNOSTIC,     1, -9.028952309950e-01, 1.797693134862e+308, 4.2206e+01, 5.2745e+00, 
 1DIAGNOSTIC,     2, -9.056185854765e-01, 1.797693134862e+308, 4.5452e+01, 3.2455e+00, 
 1DIAGNOSTIC,     3, -9.081493079969e-01, 1.797693134862e+308, 4.9211e+01, 3.7593e+00, 
 1DIAGNOSTIC,     4, -9.104275700725e-01, 1.797693134862e+308, 5.2868e+01, 3.6574e+00, 
 1DIAGNOSTIC,     5, -9.123627819749e-01, 1.797693134862e+308, 5.6523e+01, 3.6547e+00, 
 1DIAGNOSTIC,     6, -9.140607795694e-01, 1.797693134862e+308, 5.9722e+01, 3.1985e+00, 
 1DIAGNOSTIC,     7, -9.155957071438e-01, 1.797693134862e+308, 6.2901e+01, 3.1792e+00, 
 1DIAGNOSTIC,     8, -9.170135652967e-01, 1.797693134862e+308, 6.6837e+01, 3.9364e+00, 
 1DIAGNOSTIC,     9, -9.183577729904e-01, 1.797693134862e+308, 7.0314e+01, 3.4773e+00, 
 1DIAGNOSTIC,    10, -9.196272327187e-01, 1.148791966070e-03, 7.3727e+01, 3.4122e+00, 
 1DIAGNOSTIC,    11, -9.208679211787e-01, 9.442053973838e-04, 7.7468e+01, 3.7419e+00, 
 1DIAGNOSTIC,    12, -9.221210953952e-01, 7.913282602375e-04, 8.1253e+01, 3.7849e+00, 
 1DIAGNOSTIC,    13, -9.234080666929e-01, 6.810145873823e-04, 8.4721e+01, 3.4673e+00, 
 1DIAGNOSTIC,    14, -9.246326123325e-01, 6.016618791659e-04, 8.7908e+01, 3.1877e+00, 
 1DIAGNOSTIC,    15, -9.258348535454e-01, 5.423862861085e-04, 9.1105e+01, 3.1969e+00, 
 1DIAGNOSTIC,    16, -9.270363465423e-01, 4.965694206471e-04, 9.4279e+01, 3.1736e+00, 
 1DIAGNOSTIC,    17, -9.280016715463e-01, 4.556108505809e-04, 9.7466e+01, 3.1873e+00, 
 1DIAGNOSTIC,    18, -9.288996128859e-01, 4.166982453156e-04, 1.0062e+02, 3.1576e+00, 
 1DIAGNOSTIC,    19, -9.297332137135e-01, 3.785314007918e-04, 1.0382e+02, 3.1961e+00, 
 1DIAGNOSTIC,    20, -9.304991829564e-01, 3.402754624606e-04, 1.0702e+02, 3.1958e+00, 
 1DIAGNOSTIC,    21, -9.312034179132e-01, 3.023965119183e-04, 1.1020e+02, 3.1799e+00, 
 1DIAGNOSTIC,    22, -9.318335062148e-01, 2.660148895920e-04, 1.1333e+02, 3.1318e+00, 
 1DIAGNOSTIC,    23, -9.324128995085e-01, 2.328652143259e-04, 1.1648e+02, 3.1538e+00, 
 1DIAGNOSTIC,    24, -9.329247170493e-01, 2.028530959787e-04, 1.1970e+02, 3.2173e+00, 
 1DIAGNOSTIC,    25, -9.334033091884e-01, 1.767827080051e-04, 1.2289e+02, 3.1945e+00, 
 1DIAGNOSTIC,    26, -9.338171523011e-01, 1.551667697915e-04, 1.2608e+02, 3.1843e+00, 
 1DIAGNOSTIC,    27, -9.342087006997e-01, 1.359680220524e-04, 1.2922e+02, 3.1383e+00, 
 1DIAGNOSTIC,    28, -9.345624604089e-01, 1.190386654679e-04, 1.3240e+02, 3.1883e+00, 
 1DIAGNOSTIC,    29, -9.348846842251e-01, 1.042714610030e-04, 1.3584e+02, 3.4374e+00, 
 1DIAGNOSTIC,    30, -9.351786528818e-01, 9.148040766706e-05, 1.3900e+02, 3.1550e+00, 
 1DIAGNOSTIC,    31, -9.354478787393e-01, 8.050741499233e-05, 1.4211e+02, 3.1158e+00, 
 1DIAGNOSTIC,    32, -9.356946447309e-01, 7.101592628288e-05, 1.4528e+02, 3.1706e+00, 
 1DIAGNOSTIC,    33, -9.359195407705e-01, 6.286421292925e-05, 1.4849e+02, 3.2081e+00, 
 1DIAGNOSTIC,    34, -9.361280344389e-01, 5.574623869719e-05, 1.5170e+02, 3.2055e+00, 
 1DIAGNOSTIC,    35, -9.363188738500e-01, 4.963787760630e-05, 1.5488e+02, 3.1878e+00, 
 1DIAGNOSTIC,    36, -9.364926773512e-01, 4.418642813197e-05, 1.5804e+02, 3.1593e+00, 
 1DIAGNOSTIC,    37, -9.366505426176e-01, 3.941376539933e-05, 1.6118e+02, 3.1374e+00, 
 1DIAGNOSTIC,    38, -9.368025094052e-01, 3.525774771778e-05, 1.6433e+02, 3.1483e+00, 
 1DIAGNOSTIC,    39, -9.369341830245e-01, 3.156118719577e-05, 1.6741e+02, 3.0802e+00, 
 1DIAGNOSTIC,    40, -9.370694743142e-01, 2.837157557116e-05, 1.7048e+02, 3.0721e+00, 
 1DIAGNOSTIC,    41, -9.371881763190e-01, 2.557135560164e-05, 1.7360e+02, 3.1191e+00, 
 1DIAGNOSTIC,    42, -9.372979851960e-01, 2.310927769769e-05, 1.7669e+02, 3.0889e+00, 
 1DIAGNOSTIC,    43, -9.373988163372e-01, 2.092053661311e-05, 1.7978e+02, 3.0866e+00, 
 1DIAGNOSTIC,    44, -9.375027055917e-01, 1.905261722283e-05, 1.8289e+02, 3.1139e+00, 
 1DIAGNOSTIC,    45, -9.375872253642e-01, 1.736429270505e-05, 1.8601e+02, 3.1217e+00, 
 1DIAGNOSTIC,    46, -9.376705937979e-01, 1.584864238060e-05, 1.8935e+02, 3.3421e+00, 
 1DIAGNOSTIC,    47, -9.377507544777e-01, 1.447897301027e-05, 1.9246e+02, 3.1068e+00, 
 1DIAGNOSTIC,    48, -9.378259122461e-01, 1.327699595575e-05, 1.9557e+02, 3.1078e+00, 
 1DIAGNOSTIC,    49, -9.378988150093e-01, 1.217562876637e-05, 1.9869e+02, 3.1201e+00, 
 1DIAGNOSTIC,    50, -9.379658493686e-01, 1.123738002316e-05, 2.0190e+02, 3.2119e+00, 
 1DIAGNOSTIC,    51, -9.380274566580e-01, 1.038910862076e-05, 2.0502e+02, 3.1238e+00, 
 1DIAGNOSTIC,    52, -9.380931186216e-01, 9.657772070633e-06, 2.0815e+02, 3.1213e+00, 
 1DIAGNOSTIC,    53, -9.381481882313e-01, 8.971695251672e-06, 2.1127e+02, 3.1237e+00, 
 1DIAGNOSTIC,    54, -9.382076196236e-01, 8.423255469913e-06, 2.1436e+02, 3.0896e+00, 
 1DIAGNOSTIC,    55, -9.382632844900e-01, 7.912088607995e-06, 2.1744e+02, 3.0799e+00, 
 1DIAGNOSTIC,    56, -9.383065030110e-01, 7.396695528707e-06, 2.2052e+02, 3.0782e+00, 
 1DIAGNOSTIC,    57, -9.383512726294e-01, 6.906364262281e-06, 2.2360e+02, 3.0821e+00, 
 1DIAGNOSTIC,    58, -9.383914659554e-01, 6.422820009573e-06, 2.2672e+02, 3.1232e+00, 
 1DIAGNOSTIC,    59, -9.384296485041e-01, 5.959078009272e-06, 2.2979e+02, 3.0728e+00, 
 1DIAGNOSTIC,    60, -9.384680156120e-01, 5.520036702907e-06, 2.3286e+02, 3.0699e+00, 
 1DIAGNOSTIC,    61, -9.384991180729e-01, 5.073256010266e-06, 2.3592e+02, 3.0539e+00, 
 1DIAGNOSTIC,    62, -9.385305552035e-01, 4.677452786806e-06, 2.3894e+02, 3.0169e+00, 
 1DIAGNOSTIC,    63, -9.385597966147e-01, 4.296494492639e-06, 2.4253e+02, 3.5927e+00, 
 1DIAGNOSTIC,    64, -9.385886685588e-01, 3.978107003543e-06, 2.4568e+02, 3.1545e+00, 
 1DIAGNOSTIC,    65, -9.386159530153e-01, 3.719903011852e-06, 2.4881e+02, 3.1229e+00, 
 1DIAGNOSTIC,    66, -9.386464174365e-01, 3.495183345137e-06, 2.5197e+02, 3.1644e+00, 
 1DIAGNOSTIC,    67, -9.386708201380e-01, 3.298186995012e-06, 2.5537e+02, 3.3993e+00, 
 1DIAGNOSTIC,    68, -9.387073408546e-01, 3.176170012255e-06, 2.5873e+02, 3.3559e+00, 
 1DIAGNOSTIC,    69, -9.387324459837e-01, 3.071625848013e-06, 2.6248e+02, 3.7506e+00, 
 1DIAGNOSTIC,    70, -9.387532604251e-01, 2.973986834019e-06, 2.6633e+02, 3.8502e+00, 
XXDIAGNOSTIC,Iteration,metricValue,convergenceValue,ITERATION_TIME_INDEX,SINCE_LAST
 1DIAGNOSTIC,     1, -8.931817540030e-01, 1.797693134862e+308, 2.9372e+02, 2.7392e+01, 
 1DIAGNOSTIC,     2, -8.962870014037e-01, 1.797693134862e+308, 3.1860e+02, 2.4885e+01, 
 1DIAGNOSTIC,     3, -8.994797240629e-01, 1.797693134862e+308, 3.4385e+02, 2.5250e+01, 
 1DIAGNOSTIC,     4, -9.023361666193e-01, 1.797693134862e+308, 3.6920e+02, 2.5345e+01, 
 1DIAGNOSTIC,     5, -9.047824248096e-01, 1.797693134862e+308, 3.9595e+02, 2.6749e+01, 
 1DIAGNOSTIC,     6, -9.068820794050e-01, 1.797693134862e+308, 4.2406e+02, 2.8111e+01, 
 1DIAGNOSTIC,     7, -9.087013943075e-01, 1.797693134862e+308, 4.5190e+02, 2.7844e+01, 
 1DIAGNOSTIC,     8, -9.103033056109e-01, 1.797693134862e+308, 4.7966e+02, 2.7756e+01, 
 1DIAGNOSTIC,     9, -9.117142545188e-01, 1.797693134862e+308, 5.1071e+02, 3.1046e+01, 
 1DIAGNOSTIC,    10, -9.128462185434e-01, 1.387383604295e-03, 5.4207e+02, 3.1363e+01, 
 1DIAGNOSTIC,    11, -9.139785830076e-01, 1.110892637295e-03, 5.7311e+02, 3.1043e+01, 
 1DIAGNOSTIC,    12, -9.148672773338e-01, 8.844160520850e-04, 6.0399e+02, 3.0877e+01, 
 1DIAGNOSTIC,    13, -9.158037769963e-01, 7.117892934754e-04, 6.3426e+02, 3.0266e+01, 
 1DIAGNOSTIC,    14, -9.165211920562e-01, 5.785163149780e-04, 6.6426e+02, 3.0008e+01, 
 1DIAGNOSTIC,    15, -9.171663062664e-01, 4.743256368201e-04, 6.9168e+02, 2.7414e+01, 
 1DIAGNOSTIC,    16, -9.177545412565e-01, 3.919119055037e-04, 7.1726e+02, 2.5580e+01, 
 1DIAGNOSTIC,    17, -9.183015396385e-01, 3.263337166485e-04, 7.4454e+02, 2.7280e+01, 
 1DIAGNOSTIC,    18, -9.188202172517e-01, 2.744497145794e-04, 7.6948e+02, 2.4948e+01, 
 1DIAGNOSTIC,    19, -9.191387324952e-01, 2.308878422458e-04, 7.9521e+02, 2.5729e+01, 
 1DIAGNOSTIC,    20, -9.194269028806e-01, 1.923320277634e-04, 8.2053e+02, 2.5318e+01, 
 1DIAGNOSTIC,    21, -9.197000559524e-01, 1.604008485496e-04, 8.4902e+02, 2.8489e+01, 
 1DIAGNOSTIC,    22, -9.199692873600e-01, 1.326891766932e-04, 8.7912e+02, 3.0103e+01, 
 1DIAGNOSTIC,    23, -9.202423194844e-01, 1.113177088265e-04, 9.0591e+02, 2.6785e+01, 
 1DIAGNOSTIC,    24, -9.205264978949e-01, 9.429714999729e-05, 9.3363e+02, 2.7721e+01, 
 1DIAGNOSTIC,    25, -9.208244921789e-01, 8.155224565100e-05, 9.6560e+02, 3.1970e+01, 
 1DIAGNOSTIC,    26, -9.211327018182e-01, 7.284102385050e-05, 9.9604e+02, 3.0443e+01, 
 1DIAGNOSTIC,    27, -9.214486871897e-01, 6.782628401866e-05, 1.0267e+03, 3.0634e+01, 
 1DIAGNOSTIC,    28, -9.217776348880e-01, 6.621178594952e-05, 1.0537e+03, 2.7026e+01, 
 1DIAGNOSTIC,    29, -9.221057814337e-01, 6.541255835921e-05, 1.0804e+03, 2.6732e+01, 
 1DIAGNOSTIC,    30, -9.224340198006e-01, 6.489531518832e-05, 1.1064e+03, 2.5971e+01, 
 1DIAGNOSTIC,    31, -9.227676545913e-01, 6.437975992945e-05, 1.1322e+03, 2.5773e+01, 
 1DIAGNOSTIC,    32, -9.231088021212e-01, 6.374807912009e-05, 1.1586e+03, 2.6455e+01, 
 1DIAGNOSTIC,    33, -9.234565497917e-01, 6.297267505208e-05, 1.1839e+03, 2.5316e+01, 
 1DIAGNOSTIC,    34, -9.238103314356e-01, 6.211009817834e-05, 1.2095e+03, 2.5533e+01, 
 1DIAGNOSTIC,    35, -9.241572403037e-01, 6.113411406491e-05, 1.2355e+03, 2.6002e+01, 
 1DIAGNOSTIC,    36, -9.244926975531e-01, 5.996771773233e-05, 1.2634e+03, 2.7909e+01, 
 1DIAGNOSTIC,    37, -9.248230616702e-01, 5.859518706672e-05, 1.2899e+03, 2.6551e+01, 
 1DIAGNOSTIC,    38, -9.251442791526e-01, 5.703781112791e-05, 1.3166e+03, 2.6665e+01, 
 1DIAGNOSTIC,    39, -9.254552230546e-01, 5.522280860791e-05, 1.3458e+03, 2.9217e+01, 
 1DIAGNOSTIC,    40, -9.257649272778e-01, 5.319529221581e-05, 1.3774e+03, 3.1617e+01, 
 1DIAGNOSTIC,    41, -9.260673237602e-01, 5.101675576479e-05, 1.4063e+03, 2.8893e+01, 
 1DIAGNOSTIC,    42, -9.263558239235e-01, 4.873369724072e-05, 1.4324e+03, 2.6089e+01, 
 1DIAGNOSTIC,    43, -9.266281066245e-01, 4.638560879800e-05, 1.4586e+03, 2.6189e+01, 
 1DIAGNOSTIC,    44, -9.268838061612e-01, 4.402038922116e-05, 1.4883e+03, 2.9702e+01, 
 1DIAGNOSTIC,    45, -9.271259391697e-01, 4.162474966978e-05, 1.5181e+03, 2.9791e+01, 
 1DIAGNOSTIC,    46, -9.273525645642e-01, 3.915381429634e-05, 1.5454e+03, 2.7264e+01, 
 1DIAGNOSTIC,    47, -9.275669375226e-01, 3.665027064101e-05, 1.5736e+03, 2.8272e+01, 
 1DIAGNOSTIC,    48, -9.277695898253e-01, 3.414404044400e-05, 1.5987e+03, 2.5080e+01, 
 1DIAGNOSTIC,    49, -9.279625497911e-01, 3.167579658099e-05, 1.6245e+03, 2.5803e+01, 
 1DIAGNOSTIC,    50, -9.281425501349e-01, 2.932494467595e-05, 1.6501e+03, 2.5604e+01, 
XXDIAGNOSTIC,Iteration,metricValue,convergenceValue,ITERATION_TIME_INDEX,SINCE_LAST
 1DIAGNOSTIC,     1, -8.856204232347e-01, 1.797693134862e+308, 1.8966e+03, 2.4649e+02, 
 1DIAGNOSTIC,     2, -8.868880941871e-01, 1.797693134862e+308, 2.1305e+03, 2.3390e+02, 
 1DIAGNOSTIC,     3, -8.884725067942e-01, 1.797693134862e+308, 2.3680e+03, 2.3748e+02, 
 1DIAGNOSTIC,     4, -8.900635326009e-01, 1.797693134862e+308, 2.6012e+03, 2.3317e+02, 
 1DIAGNOSTIC,     5, -8.915828623421e-01, 1.797693134862e+308, 2.8391e+03, 2.3794e+02, 
 1DIAGNOSTIC,     6, -8.930791617973e-01, 1.797693134862e+308, 3.0722e+03, 2.3314e+02, 
 1DIAGNOSTIC,     7, -8.945478662653e-01, 1.797693134862e+308, 3.3053e+03, 2.3309e+02, 
 1DIAGNOSTIC,     8, -8.958388147366e-01, 1.797693134862e+308, 3.5447e+03, 2.3940e+02, 
 1DIAGNOSTIC,     9, -8.971356097735e-01, 1.797693134862e+308, 3.7767e+03, 2.3191e+02, 
 1DIAGNOSTIC,    10, -8.982545792119e-01, 9.301859924832e-04, 4.0162e+03, 2.3955e+02, 
 1DIAGNOSTIC,    11, -8.993870005484e-01, 8.201284477678e-04, 4.2525e+03, 2.3633e+02, 
 1DIAGNOSTIC,    12, -9.004590394898e-01, 7.163491872890e-04, 4.4887e+03, 2.3613e+02, 
 1DIAGNOSTIC,    13, -9.014692480790e-01, 6.268191945138e-04, 4.7234e+03, 2.3478e+02, 
 1DIAGNOSTIC,    14, -9.023127260606e-01, 5.480282064084e-04, 4.9568e+03, 2.3341e+02, 
 1DIAGNOSTIC,    15, -9.031180361722e-01, 4.786431257747e-04, 5.1939e+03, 2.3708e+02, 
 1DIAGNOSTIC,    16, -9.038915093833e-01, 4.187418726603e-04, 5.4264e+03, 2.3246e+02, 
 1DIAGNOSTIC,    17, -9.046497249944e-01, 3.686033410388e-04, 5.6696e+03, 2.4321e+02, 
 1DIAGNOSTIC,    18, -9.053773844256e-01, 3.252466295993e-04, 5.9039e+03, 2.3429e+02, 
 1DIAGNOSTIC,    19, -9.060732803157e-01, 2.893935360848e-04, 6.1458e+03, 2.4192e+02, 
 1DIAGNOSTIC,    20, -9.067072253888e-01, 2.578353235538e-04, 6.3803e+03, 2.3446e+02, 
  Elapsed time (stage 0): 6382.29


Total elapsed time: 6382.29
