
##########################
# Experiment information #
##########################
SIF_IMG: /project/rrg-glatard/mdugre/containers/ants-p2-vprec.sif
EXPERIMENT_NAME: vprec-space_search
CONFIG: 0100
VFC_BACKENDS: libinterflop_vprec.so --range-binary32=8 --precision-binary32=22 --range-binary64=8 --precision-binary64=22

FIXED_IMG: /templateflow/tpl-MNI152NLin2009cAsym/tpl-MNI152NLin2009cAsym_res-01_desc-brain_T1w.nii.gz
SUBJECT_ID: 0003033
INPUT_IMG: /project/rrg-glatard/mdugre/datasets/corr/RawDataBIDS/BMB_1/derivatives/antsBrainExtraction/sub-0003033/BrainExtractionBrain.nii.gz
OUTPUT_DIR: /project/rrg-glatard/mdugre/datasets/corr/RawDataBIDS/BMB_1/derivatives/vprec-space_search/0100/r8-p22/sub-0003033

ITK_GLOBAL_DEFAULT_NUMBER_OF_THREADS: 8
##########################

VFC_BACKENDS=libinterflop_ieee.so
Info [verificarlo]: loaded backend libinterflop_ieee.so
Info [interflop-ieee]: load backend with:
Info [interflop-ieee]: debug = false
Info [interflop-ieee]: debug-binary = false
Info [interflop-ieee]: no-backend-name = false
Info [interflop-ieee]: print-new-line = false
Info [interflop-ieee]: print-subnormal-normalized = false
Info [interflop-ieee]: count-op = false
All_Command_lines_OK
Using double precision for computations.
=============================================================================
The composite transform comprises the following transforms (in order): 
  1. Center of mass alignment using fixed image: /templateflow/tpl-MNI152NLin2009cAsym/tpl-MNI152NLin2009cAsym_res-01_desc-brain_T1w.nii.gz and moving image: /project/rrg-glatard/mdugre/datasets/corr/RawDataBIDS/BMB_1/derivatives/antsBrainExtraction/sub-0003033/BrainExtractionBrain.nii.gz (type = Euler3DTransform)
=============================================================================
  number of levels = 1
  fixed image: /templateflow/tpl-MNI152NLin2009cAsym/tpl-MNI152NLin2009cAsym_res-01_desc-brain_T1w.nii.gz
  moving image: /project/rrg-glatard/mdugre/datasets/corr/RawDataBIDS/BMB_1/derivatives/antsBrainExtraction/sub-0003033/BrainExtractionBrain.nii.gz
Dimension = 3
Number of stages = 1
Use histogram matching = false
Winsorize image intensities = true
  Lower quantile = 0.005
  Upper quantile = 0.995


Stage 1 State
   Image metric = MattesMI
     Fixed image = Image (0x32a2390)
  RTTI typeinfo:   itk::Image<double, 3u>
  Reference Count: 2
  Modified Time: 2330
  Debug: Off
  Object Name: 
  Observers: 
    none
  Source: (none)
  Source output name: (none)
  Release Data: Off
  Data Released: False
  Global Release Data: Off
  PipelineMTime: 0
  UpdateMTime: 1941
  RealTimeStamp: 0 seconds 
  LargestPossibleRegion: 
    Dimension: 3
    Index: [0, 0, 0]
    Size: [193, 229, 193]
  BufferedRegion: 
    Dimension: 3
    Index: [0, 0, 0]
    Size: [193, 229, 193]
  RequestedRegion: 
    Dimension: 3
    Index: [0, 0, 0]
    Size: [193, 229, 193]
  Spacing: [1, 1, 1]
  Origin: [96, 132, -78]
  Direction: 
-1 0 0
0 -1 0
0 0 1

  IndexToPointMatrix: 
-1 0 0
0 -1 0
0 0 1

  PointToIndexMatrix: 
-1 0 0
0 -1 0
0 0 1

  Inverse Direction: 
-1 0 0
0 -1 0
0 0 1

  PixelContainer: 
    ImportImageContainer (0x336da90)
      RTTI typeinfo:   itk::ImportImageContainer<unsigned long, double>
      Reference Count: 1
      Modified Time: 1938
      Debug: Off
      Object Name: 
      Observers: 
        none
      Pointer: 0x1463063c6010
      Container manages memory: true
      Size: 8530021
      Capacity: 8530021

     Moving image = Image (0x32a7390)
  RTTI typeinfo:   itk::Image<double, 3u>
  Reference Count: 2
  Modified Time: 2331
  Debug: Off
  Object Name: 
  Observers: 
    none
  Source: (none)
  Source output name: (none)
  Release Data: Off
  Data Released: False
  Global Release Data: Off
  PipelineMTime: 0
  UpdateMTime: 2328
  RealTimeStamp: 0 seconds 
  LargestPossibleRegion: 
    Dimension: 3
    Index: [0, 0, 0]
    Size: [176, 256, 256]
  BufferedRegion: 
    Dimension: 3
    Index: [0, 0, 0]
    Size: [176, 256, 256]
  RequestedRegion: 
    Dimension: 3
    Index: [0, 0, 0]
    Size: [176, 256, 256]
  Spacing: [1, 1, 1]
  Origin: [-74.3635, 104.017, -126.791]
  Direction: 
1 0 0
0 -1 0
0 0 1

  IndexToPointMatrix: 
1 0 0
0 -1 0
0 0 1

  PointToIndexMatrix: 
1 0 0
0 -1 0
0 0 1

  Inverse Direction: 
1 0 0
0 -1 0
0 0 1

  PixelContainer: 
    ImportImageContainer (0x344db90)
      RTTI typeinfo:   itk::ImportImageContainer<unsigned long, double>
      Reference Count: 1
      Modified Time: 2325
      Debug: Off
      Object Name: 
      Observers: 
        none
      Pointer: 0x146300bc5010
      Container manages memory: true
      Size: 11534336
      Capacity: 11534336

     Weighting = 1
     Sampling strategy = regular
     Number of bins = 32
     Radius = 4
     Sampling percentage  = 0.25
   Transform = Rigid
     Gradient step = 0.1
     Update field sigma (voxel space) = 0
     Total field sigma (voxel space) = 0
     Update field time sigma = 0
     Total field time sigma  = 0
     Number of time indices = 0
     Number of time point samples = 0
Registration using 1 total stages.

Stage 0
  iterations = 0
  convergence threshold = 1e-06
  convergence window size = 10
  number of levels = 1
  using the Mattes MI metric (number of bins = 32, weight = 1, use gradient filter = 0)
  preprocessing:  winsorizing the image intensities
  Shrink factors (level 1 out of 1): [1, 1, 1]
  smoothing sigmas per level: [0]
  regular sampling (percentage = 0.25)

*** Running Euler3DTransform registration ***

  Elapsed time (stage 0): 0.999326


Total elapsed time: 1.00106
VFC_BACKENDS=libinterflop_vprec.so --range-binary32=8 --precision-binary32=22 --range-binary64=8 --precision-binary64=22
Info [verificarlo]: loaded backend libinterflop_vprec.so
Info [interflop-vprec]: load backend with: 
Info [interflop-vprec]: precision-binary32 = 22
Info [interflop-vprec]: range-binary32 = 8
Info [interflop-vprec]: precision-binary64 = 22
Info [interflop-vprec]: range-binary64 = 8
Info [interflop-vprec]: mode = ob
Info [interflop-vprec]: error-mode = rel
Info [interflop-vprec]: max-abs-error-exponent = -1022
Info [interflop-vprec]: daz = false
Info [interflop-vprec]: ftz = false
Info [interflop-vprec]: 	instrument = none
Info [interflop-vprec]: 	prec-input-file = (null)
Info [interflop-vprec]: 	prec-output-file = (null)
Info [interflop-vprec]: 	prec-log-file = (null)
All_Command_lines_OK
Using double precision for computations.
=============================================================================
The composite transform comprises the following transforms (in order): 
  1. /project/rrg-glatard/mdugre/datasets/corr/RawDataBIDS/BMB_1/derivatives/vprec-space_search/0100/r8-p22/sub-0003033/align_Composite.h5[0] (type = Euler3DTransform)
  2. /project/rrg-glatard/mdugre/datasets/corr/RawDataBIDS/BMB_1/derivatives/vprec-space_search/0100/r8-p22/sub-0003033/align_Composite.h5[1] (type = Euler3DTransform)
=============================================================================
  number of levels = 4
  fixed image: /templateflow/tpl-MNI152NLin2009cAsym/tpl-MNI152NLin2009cAsym_res-01_desc-brain_T1w.nii.gz
  moving image: /project/rrg-glatard/mdugre/datasets/corr/RawDataBIDS/BMB_1/derivatives/antsBrainExtraction/sub-0003033/BrainExtractionBrain.nii.gz
Dimension = 3
Number of stages = 1
Use histogram matching = false
Winsorize image intensities = true
  Lower quantile = 0.005
  Upper quantile = 0.995


Stage 1 State
   Image metric = MattesMI
     Fixed image = Image (0x4d7e300)
  RTTI typeinfo:   itk::Image<double, 3u>
  Reference Count: 2
  Modified Time: 1578
  Debug: Off
  Object Name: 
  Observers: 
    none
  Source: (none)
  Source output name: (none)
  Release Data: Off
  Data Released: False
  Global Release Data: Off
  PipelineMTime: 0
  UpdateMTime: 1189
  RealTimeStamp: 0 seconds 
  LargestPossibleRegion: 
    Dimension: 3
    Index: [0, 0, 0]
    Size: [193, 229, 193]
  BufferedRegion: 
    Dimension: 3
    Index: [0, 0, 0]
    Size: [193, 229, 193]
  RequestedRegion: 
    Dimension: 3
    Index: [0, 0, 0]
    Size: [193, 229, 193]
  Spacing: [1, 1, 1]
  Origin: [96, 132, -78]
  Direction: 
-1 0 0
0 -1 0
0 0 1

  IndexToPointMatrix: 
-1 0 0
0 -1 0
0 0 1

  PointToIndexMatrix: 
-1 0 0
0 -1 0
0 0 1

  Inverse Direction: 
-1 0 0
0 -1 0
0 0 1

  PixelContainer: 
    ImportImageContainer (0x4e3cd00)
      RTTI typeinfo:   itk::ImportImageContainer<unsigned long, double>
      Reference Count: 1
      Modified Time: 1186
      Debug: Off
      Object Name: 
      Observers: 
        none
      Pointer: 0x145de648a010
      Container manages memory: true
      Size: 8530021
      Capacity: 8530021

     Moving image = Image (0x4e39030)
  RTTI typeinfo:   itk::Image<double, 3u>
  Reference Count: 2
  Modified Time: 1579
  Debug: Off
  Object Name: 
  Observers: 
    none
  Source: (none)
  Source output name: (none)
  Release Data: Off
  Data Released: False
  Global Release Data: Off
  PipelineMTime: 0
  UpdateMTime: 1576
  RealTimeStamp: 0 seconds 
  LargestPossibleRegion: 
    Dimension: 3
    Index: [0, 0, 0]
    Size: [176, 256, 256]
  BufferedRegion: 
    Dimension: 3
    Index: [0, 0, 0]
    Size: [176, 256, 256]
  RequestedRegion: 
    Dimension: 3
    Index: [0, 0, 0]
    Size: [176, 256, 256]
  Spacing: [1, 1, 1]
  Origin: [-74.3635, 104.017, -126.791]
  Direction: 
1 0 0
0 -1 0
0 0 1

  IndexToPointMatrix: 
1 0 0
0 -1 0
0 0 1

  PointToIndexMatrix: 
1 0 0
0 -1 0
0 0 1

  Inverse Direction: 
1 0 0
0 -1 0
0 0 1

  PixelContainer: 
    ImportImageContainer (0x4e3c680)
      RTTI typeinfo:   itk::ImportImageContainer<unsigned long, double>
      Reference Count: 1
      Modified Time: 1573
      Debug: Off
      Object Name: 
      Observers: 
        none
      Pointer: 0x145de0c89010
      Container manages memory: true
      Size: 11534336
      Capacity: 11534336

     Weighting = 1
     Sampling strategy = regular
     Number of bins = 32
     Radius = 4
     Sampling percentage  = 0.25
   Transform = Rigid
     Gradient step = 0.1
     Update field sigma (voxel space) = 0
     Total field sigma (voxel space) = 0
     Update field time sigma = 0
     Total field time sigma  = 0
     Number of time indices = 0
     Number of time point samples = 0
Registration using 1 total stages.

Stage 0
  iterations = 1000x500x250x100
  convergence threshold = 1e-06
  convergence window size = 10
  number of levels = 4
  using the Mattes MI metric (number of bins = 32, weight = 1, use gradient filter = 0)
  preprocessing:  winsorizing the image intensities
  Shrink factors (level 1 out of 4): [8, 8, 8]
  Shrink factors (level 2 out of 4): [4, 4, 4]
  Shrink factors (level 3 out of 4): [2, 2, 2]
  Shrink factors (level 4 out of 4): [1, 1, 1]
  smoothing sigmas per level: [3, 2, 1, 0]
  regular sampling (percentage = 0.25)

*** Running Euler3DTransform registration ***

DIAGNOSTIC,Iteration,metricValue,convergenceValue,ITERATION_TIME_INDEX,SINCE_LAST
 2DIAGNOSTIC,     1, -5.735840535955e-01, 1.797693134862e+308, 0.0000e+00, 0.0000e+00, 
 2DIAGNOSTIC,     2, -5.754921586170e-01, 1.797693134862e+308, 0.0000e+00, 0.0000e+00, 
 2DIAGNOSTIC,     3, -5.781521242820e-01, 1.797693134862e+308, 0.0000e+00, 0.0000e+00, 
 2DIAGNOSTIC,     4, -5.831075586782e-01, 1.797693134862e+308, 0.0000e+00, 0.0000e+00, 
 2DIAGNOSTIC,     5, -5.951296828268e-01, 1.797693134862e+308, 0.0000e+00, 0.0000e+00, 
 2DIAGNOSTIC,     6, -6.020773224590e-01, 1.797693134862e+308, 0.0000e+00, 0.0000e+00, 
 2DIAGNOSTIC,     7, -6.083400464249e-01, 1.797693134862e+308, 0.0000e+00, 0.0000e+00, 
 2DIAGNOSTIC,     8, -6.119587159878e-01, 1.797693134862e+308, 0.0000e+00, 0.0000e+00, 
 2DIAGNOSTIC,     9, -6.142875612468e-01, 1.797693134862e+308, 0.0000e+00, 0.0000e+00, 
 2DIAGNOSTIC,    10, -6.153987499083e-01, 5.363916140680e-03, 0.0000e+00, 0.0000e+00, 
 2DIAGNOSTIC,    11, -6.185722311124e-01, 4.601496388466e-03, 0.0000e+00, 0.0000e+00, 
 2DIAGNOSTIC,    12, -6.192527245095e-01, 3.660747206198e-03, 0.0000e+00, 0.0000e+00, 
 2DIAGNOSTIC,    13, -6.194589042820e-01, 2.645977045989e-03, 0.0000e+00, 0.0000e+00, 
 2DIAGNOSTIC,    14, -6.194772005142e-01, 1.702827714571e-03, 0.0000e+00, 0.0000e+00, 
 2DIAGNOSTIC,    15, -6.201184698588e-01, 1.128369806177e-03, 0.0000e+00, 0.0000e+00, 
 2DIAGNOSTIC,    16, -6.212379874133e-01, 7.562759327298e-04, 0.0000e+00, 0.0000e+00, 
 2DIAGNOSTIC,    17, -6.228948706431e-01, 5.753360476497e-04, 0.0000e+00, 0.0000e+00, 
 2DIAGNOSTIC,    18, -6.284910417531e-01, 6.008194008646e-04, 0.0000e+00, 0.0000e+00, 
 2DIAGNOSTIC,    19, -6.337706564697e-01, 7.522559485632e-04, 0.0000e+00, 0.0000e+00, 
 2DIAGNOSTIC,    20, -6.350615995118e-01, 8.707231106846e-04, 0.0000e+00, 0.0000e+00, 
 2DIAGNOSTIC,    21, -6.351371300713e-01, 9.702535060945e-04, 0.0000e+00, 0.0000e+00, 
 2DIAGNOSTIC,    22, -6.350225048115e-01, 9.831390901096e-04, 0.0000e+00, 0.0000e+00, 
 2DIAGNOSTIC,    23, -6.349872519213e-01, 9.052091381474e-04, 0.0000e+00, 0.0000e+00, 
 2DIAGNOSTIC,    24, -6.350825353536e-01, 7.498135307338e-04, 0.0000e+00, 0.0000e+00, 
 2DIAGNOSTIC,    25, -6.350317847851e-01, 5.485903751795e-04, 0.0000e+00, 0.0000e+00, 
 2DIAGNOSTIC,    26, -6.351058174894e-01, 3.349354108369e-04, 0.0000e+00, 0.0000e+00, 
 2DIAGNOSTIC,    27, -6.351459002589e-01, 1.338930879344e-04, 0.0000e+00, 0.0000e+00, 
 2DIAGNOSTIC,    28, -6.351035439617e-01, 2.427434342605e-05, 0.0000e+00, 0.0000e+00, 
 2DIAGNOSTIC,    29, -6.351628426817e-01, 4.386857595289e-06, 0.0000e+00, 0.0000e+00, 
 2DIAGNOSTIC,    30, -6.351435904957e-01, 4.957225021959e-06, 0.0000e+00, 0.0000e+00, 
 2DIAGNOSTIC,    31, -6.351985663956e-01, 7.113483691770e-06, 0.0000e+00, 0.0000e+00, 
 2DIAGNOSTIC,    32, -6.350727195220e-01, 5.104619237001e-06, 0.0000e+00, 0.0000e+00, 
 2DIAGNOSTIC,    33, -6.351676166262e-01, 3.691813382507e-06, 0.0000e+00, 0.0000e+00, 
 2DIAGNOSTIC,    34, -6.351562022864e-01, 3.222997871921e-06, 0.0000e+00, 0.0000e+00, 
 2DIAGNOSTIC,    35, -6.350985273980e-01, 1.108327826096e-06, 0.0000e+00, 0.0000e+00, 
DIAGNOSTIC,Iteration,metricValue,convergenceValue,ITERATION_TIME_INDEX,SINCE_LAST
 2DIAGNOSTIC,     1, -5.124314476137e-01, 1.797693134862e+308, 0.0000e+00, 0.0000e+00, 
 2DIAGNOSTIC,     2, -5.126508295782e-01, 1.797693134862e+308, 0.0000e+00, 0.0000e+00, 
 2DIAGNOSTIC,     3, -5.129709306831e-01, 1.797693134862e+308, 0.0000e+00, 0.0000e+00, 
 2DIAGNOSTIC,     4, -5.136560094069e-01, 1.797693134862e+308, 0.0000e+00, 0.0000e+00, 
 2DIAGNOSTIC,     5, -5.142669317967e-01, 1.797693134862e+308, 0.0000e+00, 0.0000e+00, 
 2DIAGNOSTIC,     6, -5.147975009772e-01, 1.797693134862e+308, 0.0000e+00, 0.0000e+00, 
 2DIAGNOSTIC,     7, -5.168097598437e-01, 1.797693134862e+308, 0.0000e+00, 0.0000e+00, 
 2DIAGNOSTIC,     8, -5.194420792435e-01, 1.797693134862e+308, 0.0000e+00, 0.0000e+00, 
 2DIAGNOSTIC,     9, -5.195218941626e-01, 1.797693134862e+308, 0.0000e+00, 0.0000e+00, 
 2DIAGNOSTIC,    10, -5.196042977307e-01, 1.065853590464e-03, 0.0000e+00, 0.0000e+00, 
 2DIAGNOSTIC,    11, -5.196893601432e-01, 9.893613532607e-04, 0.0000e+00, 0.0000e+00, 
 2DIAGNOSTIC,    12, -5.197764852867e-01, 8.496588079182e-04, 0.0000e+00, 0.0000e+00, 
 2DIAGNOSTIC,    13, -5.198181587953e-01, 6.680823798271e-04, 0.0000e+00, 0.0000e+00, 
 2DIAGNOSTIC,    14, -5.199086451251e-01, 4.830725381921e-04, 0.0000e+00, 0.0000e+00, 
 2DIAGNOSTIC,    15, -5.199307634507e-01, 3.039981811934e-04, 0.0000e+00, 0.0000e+00, 
 2DIAGNOSTIC,    16, -5.199368419162e-01, 1.373056123700e-04, 0.0000e+00, 0.0000e+00, 
 2DIAGNOSTIC,    17, -5.200067611404e-01, 4.277526294441e-05, 0.0000e+00, 0.0000e+00, 
 2DIAGNOSTIC,    18, -5.200872629402e-01, 3.770361022710e-05, 0.0000e+00, 0.0000e+00, 
 2DIAGNOSTIC,    19, -5.201691342770e-01, 3.442346095314e-05, 0.0000e+00, 0.0000e+00, 
 2DIAGNOSTIC,    20, -5.201620146091e-01, 3.045099380145e-05, 0.0000e+00, 0.0000e+00, 
 2DIAGNOSTIC,    21, -5.201545513369e-01, 2.623887318954e-05, 0.0000e+00, 0.0000e+00, 
 2DIAGNOSTIC,    22, -5.201460539949e-01, 2.206993217507e-05, 0.0000e+00, 0.0000e+00, 
 2DIAGNOSTIC,    23, -5.201369733884e-01, 1.701509654539e-05, 0.0000e+00, 0.0000e+00, 
 2DIAGNOSTIC,    24, -5.201281551119e-01, 1.276090318961e-05, 0.0000e+00, 0.0000e+00, 
 2DIAGNOSTIC,    25, -5.201289365187e-01, 8.317273226817e-06, 0.0000e+00, 0.0000e+00, 
 2DIAGNOSTIC,    26, -5.201307797466e-01, 3.725852144580e-06, 0.0000e+00, 0.0000e+00, 
DIAGNOSTIC,Iteration,metricValue,convergenceValue,ITERATION_TIME_INDEX,SINCE_LAST
 2DIAGNOSTIC,     1, -4.498652751939e-01, 1.797693134862e+308, 0.0000e+00, 0.0000e+00, 
 2DIAGNOSTIC,     2, -4.499181995150e-01, 1.797693134862e+308, 0.0000e+00, 0.0000e+00, 
 2DIAGNOSTIC,     3, -4.499404834514e-01, 1.797693134862e+308, 0.0000e+00, 0.0000e+00, 
 2DIAGNOSTIC,     4, -4.499446770253e-01, 1.797693134862e+308, 0.0000e+00, 0.0000e+00, 
 2DIAGNOSTIC,     5, -4.499412082713e-01, 1.797693134862e+308, 0.0000e+00, 0.0000e+00, 
 2DIAGNOSTIC,     6, -4.499400007898e-01, 1.797693134862e+308, 0.0000e+00, 0.0000e+00, 
 2DIAGNOSTIC,     7, -4.499398251138e-01, 1.797693134862e+308, 0.0000e+00, 0.0000e+00, 
 2DIAGNOSTIC,     8, -4.499390481019e-01, 1.797693134862e+308, 0.0000e+00, 0.0000e+00, 
 2DIAGNOSTIC,     9, -4.499352382238e-01, 1.797693134862e+308, 0.0000e+00, 0.0000e+00, 
 2DIAGNOSTIC,    10, -4.499352977073e-01, 8.319794439882e-06, 0.0000e+00, 0.0000e+00, 
 2DIAGNOSTIC,    11, -4.499346371600e-01, 3.130659117570e-06, 0.0000e+00, 0.0000e+00, 
 2DIAGNOSTIC,    12, -4.499337378909e-01, 1.487482742007e-06, 0.0000e+00, 0.0000e+00, 
 2DIAGNOSTIC,    13, -4.499330551422e-01, 1.244805783507e-06, 0.0000e+00, 0.0000e+00, 
 2DIAGNOSTIC,    14, -4.499323867736e-01, 1.311303716875e-06, 0.0000e+00, 0.0000e+00, 
 2DIAGNOSTIC,    15, -4.499324473501e-01, 1.314129720723e-06, 0.0000e+00, 0.0000e+00, 
 2DIAGNOSTIC,    16, -4.499317084417e-01, 1.310514864752e-06, 0.0000e+00, 0.0000e+00, 
 2DIAGNOSTIC,    17, -4.499318842697e-01, 1.369725225554e-06, 0.0000e+00, 0.0000e+00, 
 2DIAGNOSTIC,    18, -4.499320225075e-01, 1.449616813566e-06, 0.0000e+00, 0.0000e+00, 
 2DIAGNOSTIC,    19, -4.499330782985e-01, 1.457876608671e-06, 0.0000e+00, 0.0000e+00, 
 2DIAGNOSTIC,    20, -4.499331262831e-01, 1.487778427366e-06, 0.0000e+00, 0.0000e+00, 
 2DIAGNOSTIC,    21, -4.499333673591e-01, 1.512495729848e-06, 0.0000e+00, 0.0000e+00, 
 2DIAGNOSTIC,    22, -4.499336272718e-01, 1.517237284004e-06, 0.0000e+00, 0.0000e+00, 
 2DIAGNOSTIC,    23, -4.499339145967e-01, 1.503729868811e-06, 0.0000e+00, 0.0000e+00, 
 2DIAGNOSTIC,    24, -4.499336097873e-01, 1.453484839702e-06, 0.0000e+00, 0.0000e+00, 
 2DIAGNOSTIC,    25, -4.499338941201e-01, 1.404659073972e-06, 0.0000e+00, 0.0000e+00, 
 2DIAGNOSTIC,    26, -4.499344065253e-01, 1.341484755168e-06, 0.0000e+00, 0.0000e+00, 
 2DIAGNOSTIC,    27, -4.499342084274e-01, 1.270857167925e-06, 0.0000e+00, 0.0000e+00, 
 2DIAGNOSTIC,    28, -4.499355690822e-01, 1.229844181563e-06, 0.0000e+00, 0.0000e+00, 
 2DIAGNOSTIC,    29, -4.499348627171e-01, 1.189711338286e-06, 0.0000e+00, 0.0000e+00, 
 2DIAGNOSTIC,    30, -4.499348649664e-01, 1.144968242377e-06, 0.0000e+00, 0.0000e+00, 
 2DIAGNOSTIC,    31, -4.499349709478e-01, 1.101918117287e-06, 0.0000e+00, 0.0000e+00, 
 2DIAGNOSTIC,    32, -4.499340947755e-01, 1.041548700821e-06, 0.0000e+00, 0.0000e+00, 
DIAGNOSTIC,Iteration,metricValue,convergenceValue,ITERATION_TIME_INDEX,SINCE_LAST
 2DIAGNOSTIC,     1, -4.117298675888e-01, 1.797693134862e+308, 0.0000e+00, 0.0000e+00, 
 2DIAGNOSTIC,     2, -4.118520167500e-01, 1.797693134862e+308, 0.0000e+00, 0.0000e+00, 
 2DIAGNOSTIC,     3, -4.119417083708e-01, 1.797693134862e+308, 0.0000e+00, 0.0000e+00, 
 2DIAGNOSTIC,     4, -4.119427256533e-01, 1.797693134862e+308, 0.0000e+00, 0.0000e+00, 
 2DIAGNOSTIC,     5, -4.119411100056e-01, 1.797693134862e+308, 0.0000e+00, 0.0000e+00, 
 2DIAGNOSTIC,     6, -4.119410890024e-01, 1.797693134862e+308, 0.0000e+00, 0.0000e+00, 
 2DIAGNOSTIC,     7, -4.119407407271e-01, 1.797693134862e+308, 0.0000e+00, 0.0000e+00, 
 2DIAGNOSTIC,     8, -4.119406520584e-01, 1.797693134862e+308, 2.5600e+02, 2.5600e+02, 
 2DIAGNOSTIC,     9, -4.119405462800e-01, 1.797693134862e+308, 2.5600e+02, 0.0000e+00, 
 2DIAGNOSTIC,    10, -4.119405585355e-01, 2.293355648793e-05, 2.5600e+02, 0.0000e+00, 
 2DIAGNOSTIC,    11, -4.119405607595e-01, 8.265117933476e-06, 2.5600e+02, 0.0000e+00, 
 2DIAGNOSTIC,    12, -4.119405452931e-01, 2.433316103292e-06, 2.5600e+02, 0.0000e+00, 
 2DIAGNOSTIC,    13, -4.119405467461e-01, 2.276043789509e-06, 2.5600e+02, 0.0000e+00, 
 2DIAGNOSTIC,    14, -4.119405426354e-01, 2.208420664979e-06, 2.5600e+02, 0.0000e+00, 
 2DIAGNOSTIC,    15, -4.119405424072e-01, 2.080743025434e-06, 2.5600e+02, 0.0000e+00, 
 2DIAGNOSTIC,    16, -4.119405315719e-01, 1.971308971838e-06, 2.5600e+02, 0.0000e+00, 
 2DIAGNOSTIC,    17, -4.119405425496e-01, 1.862392556805e-06, 2.5600e+02, 0.0000e+00, 
 2DIAGNOSTIC,    18, -4.119405424971e-01, 1.762817760445e-06, 2.5600e+02, 0.0000e+00, 
 2DIAGNOSTIC,    19, -4.119405423692e-01, 1.670001969371e-06, 2.5600e+02, 0.0000e+00, 
 2DIAGNOSTIC,    20, -4.119405423410e-01, 1.587029344621e-06, 2.5600e+02, 0.0000e+00, 
 2DIAGNOSTIC,    21, -4.119405422420e-01, 1.512129406453e-06, 2.5600e+02, 0.0000e+00, 
 2DIAGNOSTIC,    22, -4.119405423850e-01, 1.443566761829e-06, 2.5600e+02, 0.0000e+00, 
 2DIAGNOSTIC,    23, -4.119405424774e-01, 1.381008596160e-06, 2.5600e+02, 0.0000e+00, 
 2DIAGNOSTIC,    24, -4.119405434902e-01, 1.323556042467e-06, 2.5600e+02, 0.0000e+00, 
 2DIAGNOSTIC,    25, -4.119405448620e-01, 1.270714929863e-06, 2.5600e+02, 0.0000e+00, 
 2DIAGNOSTIC,    26, -4.119405450081e-01, 1.221609334925e-06, 2.5600e+02, 0.0000e+00, 
 2DIAGNOSTIC,    27, -4.119405446928e-01, 1.176400919942e-06, 2.5600e+02, 0.0000e+00, 
 2DIAGNOSTIC,    28, -4.119405446378e-01, 1.134403265900e-06, 2.5600e+02, 0.0000e+00, 
 2DIAGNOSTIC,    29, -4.119405448211e-01, 1.095285243821e-06, 2.5600e+02, 0.0000e+00, 
 2DIAGNOSTIC,    30, -4.119405443356e-01, 1.058745490903e-06, 2.5600e+02, 0.0000e+00, 
 2DIAGNOSTIC,    31, -4.119405443478e-01, 1.024547994347e-06, 2.5600e+02, 0.0000e+00, 
  Elapsed time (stage 0): 2.5600e+02


Total elapsed time: 2.5600e+02
VFC_BACKENDS=libinterflop_ieee.so
Info [verificarlo]: loaded backend libinterflop_ieee.so
Info [interflop-ieee]: load backend with:
Info [interflop-ieee]: debug = false
Info [interflop-ieee]: debug-binary = false
Info [interflop-ieee]: no-backend-name = false
Info [interflop-ieee]: print-new-line = false
Info [interflop-ieee]: print-subnormal-normalized = false
Info [interflop-ieee]: count-op = false
All_Command_lines_OK
Using double precision for computations.
=============================================================================
The composite transform comprises the following transforms (in order): 
  1. /project/rrg-glatard/mdugre/datasets/corr/RawDataBIDS/BMB_1/derivatives/vprec-space_search/0100/r8-p22/sub-0003033/rigid_Composite.h5[0] (type = Euler3DTransform)
  2. /project/rrg-glatard/mdugre/datasets/corr/RawDataBIDS/BMB_1/derivatives/vprec-space_search/0100/r8-p22/sub-0003033/rigid_Composite.h5[1] (type = Euler3DTransform)
  3. /project/rrg-glatard/mdugre/datasets/corr/RawDataBIDS/BMB_1/derivatives/vprec-space_search/0100/r8-p22/sub-0003033/rigid_Composite.h5[2] (type = Euler3DTransform)
=============================================================================
  number of levels = 4
  fixed image: /templateflow/tpl-MNI152NLin2009cAsym/tpl-MNI152NLin2009cAsym_res-01_desc-brain_T1w.nii.gz
  moving image: /project/rrg-glatard/mdugre/datasets/corr/RawDataBIDS/BMB_1/derivatives/antsBrainExtraction/sub-0003033/BrainExtractionBrain.nii.gz
Dimension = 3
Number of stages = 1
Use histogram matching = false
Winsorize image intensities = true
  Lower quantile = 0.005
  Upper quantile = 0.995


Stage 1 State
   Image metric = MattesMI
     Fixed image = Image (0x38c6650)
  RTTI typeinfo:   itk::Image<double, 3u>
  Reference Count: 2
  Modified Time: 1592
  Debug: Off
  Object Name: 
  Observers: 
    none
  Source: (none)
  Source output name: (none)
  Release Data: Off
  Data Released: False
  Global Release Data: Off
  PipelineMTime: 0
  UpdateMTime: 1203
  RealTimeStamp: 0 seconds 
  LargestPossibleRegion: 
    Dimension: 3
    Index: [0, 0, 0]
    Size: [193, 229, 193]
  BufferedRegion: 
    Dimension: 3
    Index: [0, 0, 0]
    Size: [193, 229, 193]
  RequestedRegion: 
    Dimension: 3
    Index: [0, 0, 0]
    Size: [193, 229, 193]
  Spacing: [1, 1, 1]
  Origin: [96, 132, -78]
  Direction: 
-1 0 0
0 -1 0
0 0 1

  IndexToPointMatrix: 
-1 0 0
0 -1 0
0 0 1

  PointToIndexMatrix: 
-1 0 0
0 -1 0
0 0 1

  Inverse Direction: 
-1 0 0
0 -1 0
0 0 1

  PixelContainer: 
    ImportImageContainer (0x3983550)
      RTTI typeinfo:   itk::ImportImageContainer<unsigned long, double>
      Reference Count: 1
      Modified Time: 1200
      Debug: Off
      Object Name: 
      Observers: 
        none
      Pointer: 0x154da6b36010
      Container manages memory: true
      Size: 8530021
      Capacity: 8530021

     Moving image = Image (0x39765a0)
  RTTI typeinfo:   itk::Image<double, 3u>
  Reference Count: 2
  Modified Time: 1593
  Debug: Off
  Object Name: 
  Observers: 
    none
  Source: (none)
  Source output name: (none)
  Release Data: Off
  Data Released: False
  Global Release Data: Off
  PipelineMTime: 0
  UpdateMTime: 1590
  RealTimeStamp: 0 seconds 
  LargestPossibleRegion: 
    Dimension: 3
    Index: [0, 0, 0]
    Size: [176, 256, 256]
  BufferedRegion: 
    Dimension: 3
    Index: [0, 0, 0]
    Size: [176, 256, 256]
  RequestedRegion: 
    Dimension: 3
    Index: [0, 0, 0]
    Size: [176, 256, 256]
  Spacing: [1, 1, 1]
  Origin: [-74.3635, 104.017, -126.791]
  Direction: 
1 0 0
0 -1 0
0 0 1

  IndexToPointMatrix: 
1 0 0
0 -1 0
0 0 1

  PointToIndexMatrix: 
1 0 0
0 -1 0
0 0 1

  Inverse Direction: 
1 0 0
0 -1 0
0 0 1

  PixelContainer: 
    ImportImageContainer (0x3976860)
      RTTI typeinfo:   itk::ImportImageContainer<unsigned long, double>
      Reference Count: 1
      Modified Time: 1587
      Debug: Off
      Object Name: 
      Observers: 
        none
      Pointer: 0x154da1335010
      Container manages memory: true
      Size: 11534336
      Capacity: 11534336

     Weighting = 1
     Sampling strategy = regular
     Number of bins = 32
     Radius = 4
     Sampling percentage  = 0.25
   Transform = Affine
     Gradient step = 0.1
     Update field sigma (voxel space) = 0
     Total field sigma (voxel space) = 0
     Update field time sigma = 0
     Total field time sigma  = 0
     Number of time indices = 0
     Number of time point samples = 0
Registration using 1 total stages.

Stage 0
  iterations = 1000x500x250x100
  convergence threshold = 1e-06
  convergence window size = 10
  number of levels = 4
  using the Mattes MI metric (number of bins = 32, weight = 1, use gradient filter = 0)
  preprocessing:  winsorizing the image intensities
  Shrink factors (level 1 out of 4): [8, 8, 8]
  Shrink factors (level 2 out of 4): [4, 4, 4]
  Shrink factors (level 3 out of 4): [2, 2, 2]
  Shrink factors (level 4 out of 4): [1, 1, 1]
  smoothing sigmas per level: [3, 2, 1, 0]
  regular sampling (percentage = 0.25)

*** Running AffineTransform registration ***

DIAGNOSTIC,Iteration,metricValue,convergenceValue,ITERATION_TIME_INDEX,SINCE_LAST
 2DIAGNOSTIC,     1, -6.372218931327e-01, 1.797693134862e+308, 1.2796e+00, 1.2796e+00, 
 2DIAGNOSTIC,     2, -6.390494590210e-01, 1.797693134862e+308, 1.2859e+00, 6.2799e-03, 
 2DIAGNOSTIC,     3, -6.426362855883e-01, 1.797693134862e+308, 1.2919e+00, 6.0489e-03, 
 2DIAGNOSTIC,     4, -6.481582173585e-01, 1.797693134862e+308, 1.2981e+00, 6.1421e-03, 
 2DIAGNOSTIC,     5, -6.584523677472e-01, 1.797693134862e+308, 1.3041e+00, 6.0360e-03, 
 2DIAGNOSTIC,     6, -6.779019824922e-01, 1.797693134862e+308, 1.3107e+00, 6.5491e-03, 
 2DIAGNOSTIC,     7, -7.269051638131e-01, 1.797693134862e+308, 1.3174e+00, 6.7739e-03, 
 2DIAGNOSTIC,     8, -7.705226821985e-01, 1.797693134862e+308, 1.3266e+00, 9.1670e-03, 
 2DIAGNOSTIC,     9, -7.828602811634e-01, 1.797693134862e+308, 1.3359e+00, 9.2752e-03, 
 2DIAGNOSTIC,    10, -7.887126966263e-01, 1.658897855808e-02, 1.3436e+00, 7.7019e-03, 
 2DIAGNOSTIC,    11, -8.030965579670e-01, 1.632892862801e-02, 1.3505e+00, 6.8591e-03, 
 2DIAGNOSTIC,    12, -8.147058008095e-01, 1.505941288651e-02, 1.3572e+00, 6.7101e-03, 
 2DIAGNOSTIC,    13, -8.242710962189e-01, 1.302629234576e-02, 1.3644e+00, 7.2160e-03, 
 2DIAGNOSTIC,    14, -8.325131594047e-01, 1.053510929908e-02, 1.3712e+00, 6.7799e-03, 
 2DIAGNOSTIC,    15, -8.382544750246e-01, 7.888462656454e-03, 1.3911e+00, 1.9981e-02, 
 2DIAGNOSTIC,    16, -8.382542038859e-01, 5.339049565322e-03, 1.3975e+00, 6.3400e-03, 
 2DIAGNOSTIC,    17, -8.382545548600e-01, 3.703893051914e-03, 1.4040e+00, 6.5370e-03, 
 2DIAGNOSTIC,    18, -8.382551483370e-01, 2.838059429152e-03, 1.4103e+00, 6.2950e-03, 
 2DIAGNOSTIC,    19, -8.382561514517e-01, 2.054301401698e-03, 1.4171e+00, 6.8080e-03, 
 2DIAGNOSTIC,    20, -8.382578464306e-01, 1.271176940796e-03, 1.4236e+00, 6.4929e-03, 
 2DIAGNOSTIC,    21, -8.382607128909e-01, 7.036995693131e-04, 1.4302e+00, 6.5579e-03, 
 2DIAGNOSTIC,    22, -8.382655550475e-01, 3.204068716385e-04, 1.4370e+00, 6.8510e-03, 
 2DIAGNOSTIC,    23, -8.382737348448e-01, 9.377678576634e-05, 1.4434e+00, 6.4230e-03, 
 2DIAGNOSTIC,    24, -8.382874794990e-01, 2.356846998654e-06, 1.4504e+00, 6.9540e-03, 
 2DIAGNOSTIC,    25, -8.383104382926e-01, 2.872056446203e-06, 1.4570e+00, 6.6171e-03, 
 2DIAGNOSTIC,    26, -8.383485360982e-01, 3.727404585666e-06, 1.4635e+00, 6.4628e-03, 
 2DIAGNOSTIC,    27, -8.384114587766e-01, 5.129304435164e-06, 1.4706e+00, 7.1099e-03, 
 2DIAGNOSTIC,    28, -8.384721444704e-01, 6.837858426811e-06, 1.4770e+00, 6.3891e-03, 
 2DIAGNOSTIC,    29, -8.384423660355e-01, 7.524593562312e-06, 1.4835e+00, 6.4912e-03, 
 2DIAGNOSTIC,    30, -8.387260175567e-01, 1.101600278769e-05, 1.4901e+00, 6.6679e-03, 
 2DIAGNOSTIC,    31, -8.389602226162e-01, 1.598832188749e-05, 1.4976e+00, 7.4840e-03, 
 2DIAGNOSTIC,    32, -8.392431777934e-01, 2.239508658364e-05, 1.5055e+00, 7.8409e-03, 
 2DIAGNOSTIC,    33, -8.390106067049e-01, 2.392052366369e-05, 1.5122e+00, 6.7039e-03, 
 2DIAGNOSTIC,    34, -8.392402462037e-01, 2.588706872916e-05, 1.5186e+00, 6.4840e-03, 
 2DIAGNOSTIC,    35, -8.395692662514e-01, 2.886518476645e-05, 1.5254e+00, 6.7239e-03, 
 2DIAGNOSTIC,    36, -8.400206896211e-01, 3.368777673348e-05, 1.5324e+00, 7.0260e-03, 
 2DIAGNOSTIC,    37, -8.405453236884e-01, 4.070408730077e-05, 1.5396e+00, 7.2510e-03, 
 2DIAGNOSTIC,    38, -8.409256186040e-01, 4.772694141185e-05, 1.5468e+00, 7.1809e-03, 
 2DIAGNOSTIC,    39, -8.411248468264e-01, 5.143536860229e-05, 1.5538e+00, 6.9928e-03, 
 2DIAGNOSTIC,    40, -8.413704866306e-01, 5.475430706033e-05, 1.5614e+00, 7.5579e-03, 
 2DIAGNOSTIC,    41, -8.414846814455e-01, 5.563159045647e-05, 1.5684e+00, 7.0181e-03, 
 2DIAGNOSTIC,    42, -8.414190148833e-01, 5.311565006685e-05, 1.5754e+00, 6.9540e-03, 
 2DIAGNOSTIC,    43, -8.420982864471e-01, 4.942194005566e-05, 1.5823e+00, 6.9368e-03, 
 2DIAGNOSTIC,    44, -8.424150228436e-01, 4.548464740093e-05, 1.5895e+00, 7.1700e-03, 
 2DIAGNOSTIC,    45, -8.429775925868e-01, 4.438204897962e-05, 1.6000e+00, 1.0518e-02, 
 2DIAGNOSTIC,    46, -8.430907520671e-01, 4.339648739839e-05, 1.6073e+00, 7.2830e-03, 
 2DIAGNOSTIC,    47, -8.434295620864e-01, 4.485533766505e-05, 1.6152e+00, 7.9811e-03, 
 2DIAGNOSTIC,    48, -8.436892203006e-01, 4.662222255937e-05, 1.6218e+00, 6.5651e-03, 
 2DIAGNOSTIC,    49, -8.439457497858e-01, 4.705283245936e-05, 1.6292e+00, 7.3891e-03, 
 2DIAGNOSTIC,    50, -8.439141070581e-01, 4.450646350843e-05, 1.6390e+00, 9.8531e-03, 
 2DIAGNOSTIC,    51, -8.438396728146e-01, 3.826147739771e-05, 1.6464e+00, 7.3938e-03, 
 2DIAGNOSTIC,    52, -8.438975353420e-01, 2.855659171450e-05, 1.6533e+00, 6.8309e-03, 
 2DIAGNOSTIC,    53, -8.437213039619e-01, 1.981143129029e-05, 1.6599e+00, 6.6719e-03, 
 2DIAGNOSTIC,    54, -8.438297616246e-01, 1.225271936427e-05, 1.6665e+00, 6.5410e-03, 
 2DIAGNOSTIC,    55, -8.438373699548e-01, 7.490921857579e-06, 1.6743e+00, 7.8349e-03, 
 2DIAGNOSTIC,    56, -8.438882694195e-01, 3.248724215019e-06, 1.6810e+00, 6.6571e-03, 
DIAGNOSTIC,Iteration,metricValue,convergenceValue,ITERATION_TIME_INDEX,SINCE_LAST
 2DIAGNOSTIC,     1, -7.041573828216e-01, 1.797693134862e+308, 3.0231e+00, 1.3421e+00, 
 2DIAGNOSTIC,     2, -7.049266536192e-01, 1.797693134862e+308, 3.0762e+00, 5.3062e-02, 
 2DIAGNOSTIC,     3, -7.057574509601e-01, 1.797693134862e+308, 3.1279e+00, 5.1725e-02, 
 2DIAGNOSTIC,     4, -7.066361765116e-01, 1.797693134862e+308, 3.1844e+00, 5.6472e-02, 
 2DIAGNOSTIC,     5, -7.074716828964e-01, 1.797693134862e+308, 3.2368e+00, 5.2456e-02, 
 2DIAGNOSTIC,     6, -7.086259834510e-01, 1.797693134862e+308, 3.2994e+00, 6.2587e-02, 
 2DIAGNOSTIC,     7, -7.090473760820e-01, 1.797693134862e+308, 3.3513e+00, 5.1925e-02, 
 2DIAGNOSTIC,     8, -7.092300110961e-01, 1.797693134862e+308, 3.4027e+00, 5.1328e-02, 
 2DIAGNOSTIC,     9, -7.095432258067e-01, 1.797693134862e+308, 3.4688e+00, 6.6098e-02, 
 2DIAGNOSTIC,    10, -7.095492114214e-01, 5.326168177868e-04, 3.5298e+00, 6.1071e-02, 
 2DIAGNOSTIC,    11, -7.095507402796e-01, 3.996888278921e-04, 3.5815e+00, 5.1652e-02, 
 2DIAGNOSTIC,    12, -7.095433052780e-01, 2.786694525652e-04, 3.6480e+00, 6.6488e-02, 
 2DIAGNOSTIC,    13, -7.095481856818e-01, 1.771429720563e-04, 3.7006e+00, 5.2678e-02, 
 2DIAGNOSTIC,    14, -7.095305092216e-01, 9.870400836304e-05, 3.7652e+00, 6.4566e-02, 
 2DIAGNOSTIC,    15, -7.095096876933e-01, 4.304602906618e-05, 3.8305e+00, 6.5298e-02, 
 2DIAGNOSTIC,    16, -7.095163124337e-01, 1.961284378210e-05, 3.8900e+00, 5.9529e-02, 
 2DIAGNOSTIC,    17, -7.095174994742e-01, 7.245901818255e-06, 3.9595e+00, 6.9485e-02, 
DIAGNOSTIC,Iteration,metricValue,convergenceValue,ITERATION_TIME_INDEX,SINCE_LAST
 2DIAGNOSTIC,     1, -6.049571485954e-01, 1.797693134862e+308, 5.7578e+00, 1.7983e+00, 
 2DIAGNOSTIC,     2, -6.054036051960e-01, 1.797693134862e+308, 6.1746e+00, 4.1675e-01, 
 2DIAGNOSTIC,     3, -6.056612936248e-01, 1.797693134862e+308, 6.5962e+00, 4.2158e-01, 
 2DIAGNOSTIC,     4, -6.058357305700e-01, 1.797693134862e+308, 7.0071e+00, 4.1089e-01, 
 2DIAGNOSTIC,     5, -6.060572236734e-01, 1.797693134862e+308, 7.4806e+00, 4.7353e-01, 
 2DIAGNOSTIC,     6, -6.061879904003e-01, 1.797693134862e+308, 8.1892e+00, 7.0864e-01, 
 2DIAGNOSTIC,     7, -6.061830117626e-01, 1.797693134862e+308, 8.6512e+00, 4.6195e-01, 
 2DIAGNOSTIC,     8, -6.061797917792e-01, 1.797693134862e+308, 9.2585e+00, 6.0735e-01, 
 2DIAGNOSTIC,     9, -6.061791778469e-01, 1.797693134862e+308, 9.7144e+00, 4.5582e-01, 
 2DIAGNOSTIC,    10, -6.061774059049e-01, 1.178995935988e-04, 1.0158e+01, 4.4354e-01, 
 2DIAGNOSTIC,    11, -6.061774421941e-01, 6.780496060661e-05, 1.0675e+01, 5.1705e-01, 
 2DIAGNOSTIC,    12, -6.061767532701e-01, 3.758444927814e-05, 1.1218e+01, 5.4282e-01, 
 2DIAGNOSTIC,    13, -6.061757412515e-01, 1.811695140660e-05, 1.1636e+01, 4.1850e-01, 
 2DIAGNOSTIC,    14, -6.061734992284e-01, 5.616080507892e-06, 1.2097e+01, 4.6045e-01, 
 2DIAGNOSTIC,    15, -6.061725351011e-01, 1.254160404029e-06, 1.2617e+01, 5.1995e-01, 
 2DIAGNOSTIC,    16, -6.061717050200e-01, 1.328477101686e-06, 1.3031e+01, 4.1435e-01, 
 2DIAGNOSTIC,    17, -6.061699020324e-01, 1.269036363861e-06, 1.3499e+01, 4.6774e-01, 
 2DIAGNOSTIC,    18, -6.061703878483e-01, 1.201959802764e-06, 1.4001e+01, 5.0220e-01, 
 2DIAGNOSTIC,    19, -6.061695921447e-01, 1.160467402582e-06, 1.4484e+01, 4.8286e-01, 
 2DIAGNOSTIC,    20, -6.061691291887e-01, 1.118525004562e-06, 1.4998e+01, 5.1384e-01, 
 2DIAGNOSTIC,    21, -6.061685666993e-01, 1.112985307673e-06, 1.5457e+01, 4.5897e-01, 
 2DIAGNOSTIC,    22, -6.061690281007e-01, 1.140973596207e-06, 1.5898e+01, 4.4096e-01, 
 2DIAGNOSTIC,    23, -6.061645665144e-01, 1.083755746638e-06, 1.6367e+01, 4.6925e-01, 
 2DIAGNOSTIC,    24, -6.061649890788e-01, 1.026288358449e-06, 1.6777e+01, 4.1011e-01, 
DIAGNOSTIC,Iteration,metricValue,convergenceValue,ITERATION_TIME_INDEX,SINCE_LAST
 2DIAGNOSTIC,     1, -5.384360586665e-01, 1.797693134862e+308, 2.0944e+01, 4.1666e+00, 
 2DIAGNOSTIC,     2, -5.388634857095e-01, 1.797693134862e+308, 2.4024e+01, 3.0807e+00, 
 2DIAGNOSTIC,     3, -5.392267461772e-01, 1.797693134862e+308, 2.7278e+01, 3.2536e+00, 
 2DIAGNOSTIC,     4, -5.395822739246e-01, 1.797693134862e+308, 3.0317e+01, 3.0392e+00, 
 2DIAGNOSTIC,     5, -5.403936481401e-01, 1.797693134862e+308, 3.8534e+01, 8.2174e+00, 
 2DIAGNOSTIC,     6, -5.403937302265e-01, 1.797693134862e+308, 4.2198e+01, 3.6634e+00, 
 2DIAGNOSTIC,     7, -5.403936394936e-01, 1.797693134862e+308, 4.5572e+01, 3.3744e+00, 
 2DIAGNOSTIC,     8, -5.403935369070e-01, 1.797693134862e+308, 4.9045e+01, 3.4722e+00, 
 2DIAGNOSTIC,     9, -5.403934342737e-01, 1.797693134862e+308, 5.2440e+01, 3.3951e+00, 
 2DIAGNOSTIC,    10, -5.403931923764e-01, 2.396533899293e-04, 5.5544e+01, 3.1046e+00, 
 2DIAGNOSTIC,    11, -5.403932411020e-01, 1.521223825823e-04, 5.8634e+01, 3.0899e+00, 
 2DIAGNOSTIC,    12, -5.403933233725e-01, 8.487676642724e-05, 6.2122e+01, 3.4881e+00, 
 2DIAGNOSTIC,    13, -5.403932700879e-01, 3.524978524348e-05, 6.5981e+01, 3.8585e+00, 
 2DIAGNOSTIC,    14, -5.403931793250e-01, 2.226005601347e-06, 6.9258e+01, 3.2774e+00, 
 2DIAGNOSTIC,    15, -5.403929840411e-01, 2.073700602109e-06, 7.2277e+01, 3.0186e+00, 
 2DIAGNOSTIC,    16, -5.403929758977e-01, 1.947416898379e-06, 7.6489e+01, 4.2125e+00, 
 2DIAGNOSTIC,    17, -5.403930071577e-01, 1.837797415229e-06, 7.9867e+01, 3.3782e+00, 
 2DIAGNOSTIC,    18, -5.403929089665e-01, 1.737610186750e-06, 8.3277e+01, 3.4093e+00, 
 2DIAGNOSTIC,    19, -5.403926913011e-01, 1.642338032584e-06, 8.6360e+01, 3.0829e+00, 
 2DIAGNOSTIC,    20, -5.403926455380e-01, 1.552282591820e-06, 8.9748e+01, 3.3880e+00, 
 2DIAGNOSTIC,    21, -5.403927350185e-01, 1.477739025812e-06, 9.3079e+01, 3.3310e+00, 
 2DIAGNOSTIC,    22, -5.403926889403e-01, 1.414137246074e-06, 9.6570e+01, 3.4909e+00, 
 2DIAGNOSTIC,    23, -5.403923888600e-01, 1.351113670806e-06, 1.0005e+02, 3.4849e+00, 
 2DIAGNOSTIC,    24, -5.403924821193e-01, 1.296880597121e-06, 1.0311e+02, 3.0550e+00, 
 2DIAGNOSTIC,    25, -5.403923686339e-01, 1.243078840828e-06, 1.0647e+02, 3.3611e+00, 
 2DIAGNOSTIC,    26, -5.403924838059e-01, 1.198240650514e-06, 1.1002e+02, 3.5523e+00, 
 2DIAGNOSTIC,    27, -5.403922870951e-01, 1.155879830218e-06, 1.1329e+02, 3.2688e+00, 
 2DIAGNOSTIC,    28, -5.403922168560e-01, 1.115845804603e-06, 1.1662e+02, 3.3289e+00, 
 2DIAGNOSTIC,    29, -5.403921388051e-01, 1.075214362982e-06, 1.1959e+02, 2.9646e+00, 
 2DIAGNOSTIC,    30, -5.403919649931e-01, 1.035375250508e-06, 1.2261e+02, 3.0242e+00, 
 2DIAGNOSTIC,    31, -5.403918580592e-01, 1.000229737355e-06, 1.2603e+02, 3.4201e+00, 
  Elapsed time (stage 0): 1.2793e+02


Total elapsed time: 1.2793e+02
VFC_BACKENDS=libinterflop_ieee.so
Info [verificarlo]: loaded backend libinterflop_ieee.so
Info [interflop-ieee]: load backend with:
Info [interflop-ieee]: debug = false
Info [interflop-ieee]: debug-binary = false
Info [interflop-ieee]: no-backend-name = false
Info [interflop-ieee]: print-new-line = false
Info [interflop-ieee]: print-subnormal-normalized = false
Info [interflop-ieee]: count-op = false
All_Command_lines_OK
Using double precision for computations.
=============================================================================
The composite transform comprises the following transforms (in order): 
  1. /project/rrg-glatard/mdugre/datasets/corr/RawDataBIDS/BMB_1/derivatives/vprec-space_search/0100/r8-p22/sub-0003033/affine_Composite.h5[0] (type = Euler3DTransform)
  2. /project/rrg-glatard/mdugre/datasets/corr/RawDataBIDS/BMB_1/derivatives/vprec-space_search/0100/r8-p22/sub-0003033/affine_Composite.h5[1] (type = Euler3DTransform)
  3. /project/rrg-glatard/mdugre/datasets/corr/RawDataBIDS/BMB_1/derivatives/vprec-space_search/0100/r8-p22/sub-0003033/affine_Composite.h5[2] (type = Euler3DTransform)
  4. /project/rrg-glatard/mdugre/datasets/corr/RawDataBIDS/BMB_1/derivatives/vprec-space_search/0100/r8-p22/sub-0003033/affine_Composite.h5[3] (type = AffineTransform)
=============================================================================
  number of levels = 4
  fixed image: /templateflow/tpl-MNI152NLin2009cAsym/tpl-MNI152NLin2009cAsym_res-01_desc-brain_T1w.nii.gz
  moving image: /project/rrg-glatard/mdugre/datasets/corr/RawDataBIDS/BMB_1/derivatives/antsBrainExtraction/sub-0003033/BrainExtractionBrain.nii.gz
Dimension = 3
Number of stages = 1
Use histogram matching = false
Winsorize image intensities = true
  Lower quantile = 0.005
  Upper quantile = 0.995


Stage 1 State
   Image metric = CC
     Fixed image = Image (0x4615810)
  RTTI typeinfo:   itk::Image<double, 3u>
  Reference Count: 2
  Modified Time: 1606
  Debug: Off
  Object Name: 
  Observers: 
    none
  Source: (none)
  Source output name: (none)
  Release Data: Off
  Data Released: False
  Global Release Data: Off
  PipelineMTime: 0
  UpdateMTime: 1217
  RealTimeStamp: 0 seconds 
  LargestPossibleRegion: 
    Dimension: 3
    Index: [0, 0, 0]
    Size: [193, 229, 193]
  BufferedRegion: 
    Dimension: 3
    Index: [0, 0, 0]
    Size: [193, 229, 193]
  RequestedRegion: 
    Dimension: 3
    Index: [0, 0, 0]
    Size: [193, 229, 193]
  Spacing: [1, 1, 1]
  Origin: [96, 132, -78]
  Direction: 
-1 0 0
0 -1 0
0 0 1

  IndexToPointMatrix: 
-1 0 0
0 -1 0
0 0 1

  PointToIndexMatrix: 
-1 0 0
0 -1 0
0 0 1

  Inverse Direction: 
-1 0 0
0 -1 0
0 0 1

  PixelContainer: 
    ImportImageContainer (0x46eb5f0)
      RTTI typeinfo:   itk::ImportImageContainer<unsigned long, double>
      Reference Count: 1
      Modified Time: 1214
      Debug: Off
      Object Name: 
      Observers: 
        none
      Pointer: 0x151349a3f010
      Container manages memory: true
      Size: 8530021
      Capacity: 8530021

     Moving image = Image (0x46ed280)
  RTTI typeinfo:   itk::Image<double, 3u>
  Reference Count: 2
  Modified Time: 1607
  Debug: Off
  Object Name: 
  Observers: 
    none
  Source: (none)
  Source output name: (none)
  Release Data: Off
  Data Released: False
  Global Release Data: Off
  PipelineMTime: 0
  UpdateMTime: 1604
  RealTimeStamp: 0 seconds 
  LargestPossibleRegion: 
    Dimension: 3
    Index: [0, 0, 0]
    Size: [176, 256, 256]
  BufferedRegion: 
    Dimension: 3
    Index: [0, 0, 0]
    Size: [176, 256, 256]
  RequestedRegion: 
    Dimension: 3
    Index: [0, 0, 0]
    Size: [176, 256, 256]
  Spacing: [1, 1, 1]
  Origin: [-74.3635, 104.017, -126.791]
  Direction: 
1 0 0
0 -1 0
0 0 1

  IndexToPointMatrix: 
1 0 0
0 -1 0
0 0 1

  PointToIndexMatrix: 
1 0 0
0 -1 0
0 0 1

  Inverse Direction: 
1 0 0
0 -1 0
0 0 1

  PixelContainer: 
    ImportImageContainer (0x47ade50)
      RTTI typeinfo:   itk::ImportImageContainer<unsigned long, double>
      Reference Count: 1
      Modified Time: 1601
      Debug: Off
      Object Name: 
      Observers: 
        none
      Pointer: 0x15134423e010
      Container manages memory: true
      Size: 11534336
      Capacity: 11534336

     Weighting = 1
     Sampling strategy = none
     Number of bins = 32
     Radius = 4
     Sampling percentage  = 1
   Transform = SyN
     Gradient step = 0.1
     Update field sigma (voxel space) = 3
     Total field sigma (voxel space) = 0
     Update field time sigma = 0
     Total field time sigma  = 0
     Number of time indices = 0
     Number of time point samples = 0
Registration using 1 total stages.

Stage 0
  iterations = 100x70x50x20
  convergence threshold = 1e-06
  convergence window size = 10
  number of levels = 4
  using the CC metric (radius = 4, weight = 1, use gradient filter = 0)
  preprocessing:  winsorizing the image intensities
  Shrink factors (level 1 out of 4): [8, 8, 8]
  Shrink factors (level 2 out of 4): [4, 4, 4]
  Shrink factors (level 3 out of 4): [2, 2, 2]
  Shrink factors (level 4 out of 4): [1, 1, 1]
  smoothing sigmas per level: [3, 2, 1, 0]
  Using default NONE metricSamplingStrategy 

*** Running SyN registration (varianceForUpdateField = 3, varianceForTotalField = 0) ***

XXDIAGNOSTIC,Iteration,metricValue,convergenceValue,ITERATION_TIME_INDEX,SINCE_LAST
 1DIAGNOSTIC,     1, -9.329219461900e-01, 1.797693134862e+308, 1.6849e+00, 1.6849e+00, 
 1DIAGNOSTIC,     2, -9.386516243208e-01, 1.797693134862e+308, 2.0362e+00, 3.5131e-01, 
 1DIAGNOSTIC,     3, -9.428209345144e-01, 1.797693134862e+308, 2.3982e+00, 3.6200e-01, 
 1DIAGNOSTIC,     4, -9.456891336388e-01, 1.797693134862e+308, 2.7528e+00, 3.5461e-01, 
 1DIAGNOSTIC,     5, -9.478772087167e-01, 1.797693134862e+308, 3.1628e+00, 4.1006e-01, 
 1DIAGNOSTIC,     6, -9.499791231395e-01, 1.797693134862e+308, 3.5087e+00, 3.4588e-01, 
 1DIAGNOSTIC,     7, -9.523351636352e-01, 1.797693134862e+308, 3.8712e+00, 3.6249e-01, 
 1DIAGNOSTIC,     8, -9.547692612774e-01, 1.797693134862e+308, 4.2327e+00, 3.6155e-01, 
 1DIAGNOSTIC,     9, -9.572671368120e-01, 1.797693134862e+308, 4.6099e+00, 3.7716e-01, 
 1DIAGNOSTIC,    10, -9.597636083570e-01, 1.650015043739e-03, 4.9846e+00, 3.7470e-01, 
 1DIAGNOSTIC,    11, -9.623013645366e-01, 1.368566144414e-03, 5.3371e+00, 3.5250e-01, 
 1DIAGNOSTIC,    12, -9.646394843731e-01, 1.210372820661e-03, 5.7015e+00, 3.6444e-01, 
 1DIAGNOSTIC,    13, -9.665842680588e-01, 1.106424696704e-03, 6.0516e+00, 3.5006e-01, 
 1DIAGNOSTIC,    14, -9.680322380930e-01, 1.008233947816e-03, 6.4015e+00, 3.4992e-01, 
 1DIAGNOSTIC,    15, -9.690915429683e-01, 8.953503955975e-04, 6.7663e+00, 3.6472e-01, 
 1DIAGNOSTIC,    16, -9.699800174915e-01, 7.697883020025e-04, 7.1139e+00, 3.4766e-01, 
 1DIAGNOSTIC,    17, -9.705322637717e-01, 6.386558777337e-04, 7.5067e+00, 3.9275e-01, 
 1DIAGNOSTIC,    18, -9.709873064345e-01, 5.106089422251e-04, 7.9146e+00, 4.0794e-01, 
 1DIAGNOSTIC,    19, -9.712676530214e-01, 3.920283059171e-04, 8.2739e+00, 3.5928e-01, 
 1DIAGNOSTIC,    20, -9.713596100981e-01, 2.871104812266e-04, 8.6196e+00, 3.4575e-01, 
 1DIAGNOSTIC,    21, -9.713874909300e-01, 2.014794609372e-04, 8.9790e+00, 3.5935e-01, 
 1DIAGNOSTIC,    22, -9.714704590996e-01, 1.372564030400e-04, 9.3355e+00, 3.5650e-01, 
 1DIAGNOSTIC,    23, -9.713946092941e-01, 8.971226835264e-05, 9.7038e+00, 3.6828e-01, 
 1DIAGNOSTIC,    24, -9.713913640903e-01, 5.554202506325e-05, 1.0056e+01, 3.5237e-01, 
 1DIAGNOSTIC,    25, -9.713496945567e-01, 3.092611126975e-05, 1.0435e+01, 3.7873e-01, 
 1DIAGNOSTIC,    26, -9.713547097976e-01, 1.551687129072e-05, 1.0799e+01, 3.6427e-01, 
 1DIAGNOSTIC,    27, -9.713155387450e-01, 5.421236208031e-06, 1.1154e+01, 3.5507e-01, 
 1DIAGNOSTIC,    28, -9.713312124508e-01, 5.683132464351e-07, 1.1508e+01, 3.5379e-01, 
XXDIAGNOSTIC,Iteration,metricValue,convergenceValue,ITERATION_TIME_INDEX,SINCE_LAST
 1DIAGNOSTIC,     1, -9.102748268387e-01, 1.797693134862e+308, 1.5850e+01, 4.3420e+00, 
 1DIAGNOSTIC,     2, -9.130457887836e-01, 1.797693134862e+308, 1.9091e+01, 3.2412e+00, 
 1DIAGNOSTIC,     3, -9.164176914977e-01, 1.797693134862e+308, 2.2163e+01, 3.0717e+00, 
 1DIAGNOSTIC,     4, -9.195331512245e-01, 1.797693134862e+308, 2.5208e+01, 3.0448e+00, 
 1DIAGNOSTIC,     5, -9.220179753061e-01, 1.797693134862e+308, 2.8250e+01, 3.0420e+00, 
 1DIAGNOSTIC,     6, -9.241633331479e-01, 1.797693134862e+308, 3.1311e+01, 3.0609e+00, 
 1DIAGNOSTIC,     7, -9.260018402495e-01, 1.797693134862e+308, 3.4362e+01, 3.0512e+00, 
 1DIAGNOSTIC,     8, -9.275313492591e-01, 1.797693134862e+308, 3.7532e+01, 3.1703e+00, 
 1DIAGNOSTIC,     9, -9.288036225021e-01, 1.797693134862e+308, 4.0551e+01, 3.0183e+00, 
 1DIAGNOSTIC,    10, -9.298116921275e-01, 1.374664571108e-03, 4.3533e+01, 2.9823e+00, 
 1DIAGNOSTIC,    11, -9.307795745555e-01, 1.090108450444e-03, 4.6601e+01, 3.0680e+00, 
 1DIAGNOSTIC,    12, -9.315621799876e-01, 8.455582539059e-04, 4.9734e+01, 3.1330e+00, 
 1DIAGNOSTIC,    13, -9.322770094551e-01, 6.582165755664e-04, 5.2797e+01, 3.0631e+00, 
 1DIAGNOSTIC,    14, -9.327867613124e-01, 5.169972886206e-04, 5.6081e+01, 3.2836e+00, 
 1DIAGNOSTIC,    15, -9.332745522020e-01, 4.079856937975e-04, 5.9642e+01, 3.5616e+00, 
 1DIAGNOSTIC,    16, -9.337548678200e-01, 3.252580661726e-04, 6.2750e+01, 3.1077e+00, 
 1DIAGNOSTIC,    17, -9.343200064575e-01, 2.654112911516e-04, 6.5929e+01, 3.1790e+00, 
 1DIAGNOSTIC,    18, -9.347444758257e-01, 2.207471936356e-04, 6.9273e+01, 3.3443e+00, 
 1DIAGNOSTIC,    19, -9.351432372863e-01, 1.872533874750e-04, 7.2307e+01, 3.0336e+00, 
 1DIAGNOSTIC,    20, -9.355146278131e-01, 1.607897762452e-04, 7.5361e+01, 3.0546e+00, 
 1DIAGNOSTIC,    21, -9.358661017883e-01, 1.410426577480e-04, 7.8603e+01, 3.2418e+00, 
 1DIAGNOSTIC,    22, -9.362069519492e-01, 1.254591775425e-04, 8.1675e+01, 3.0716e+00, 
 1DIAGNOSTIC,    23, -9.365313355977e-01, 1.133213095763e-04, 8.4748e+01, 3.0730e+00, 
 1DIAGNOSTIC,    24, -9.368382442040e-01, 1.020190660989e-04, 8.7807e+01, 3.0593e+00, 
 1DIAGNOSTIC,    25, -9.371259961458e-01, 9.155935940575e-05, 9.0876e+01, 3.0687e+00, 
 1DIAGNOSTIC,    26, -9.374027928840e-01, 8.217746761115e-05, 9.3992e+01, 3.1163e+00, 
 1DIAGNOSTIC,    27, -9.376672383725e-01, 7.516083269937e-05, 9.7116e+01, 3.1236e+00, 
 1DIAGNOSTIC,    28, -9.379199901987e-01, 6.896816750279e-05, 1.0023e+02, 3.1187e+00, 
 1DIAGNOSTIC,    29, -9.381442487653e-01, 6.328065343976e-05, 1.0329e+02, 3.0560e+00, 
 1DIAGNOSTIC,    30, -9.383744927167e-01, 5.815181023593e-05, 1.0636e+02, 3.0667e+00, 
 1DIAGNOSTIC,    31, -9.386006296411e-01, 5.356914886608e-05, 1.0944e+02, 3.0786e+00, 
 1DIAGNOSTIC,    32, -9.388169743376e-01, 4.954118234114e-05, 1.1253e+02, 3.0957e+00, 
 1DIAGNOSTIC,    33, -9.390179836791e-01, 4.595225895059e-05, 1.1563e+02, 3.1007e+00, 
 1DIAGNOSTIC,    34, -9.392229116523e-01, 4.284752051395e-05, 1.1870e+02, 3.0723e+00, 
 1DIAGNOSTIC,    35, -9.394240176900e-01, 4.014652525091e-05, 1.2179e+02, 3.0866e+00, 
 1DIAGNOSTIC,    36, -9.396224245295e-01, 3.783706041700e-05, 1.2498e+02, 3.1873e+00, 
 1DIAGNOSTIC,    37, -9.398101988287e-01, 3.581413074983e-05, 1.2803e+02, 3.0533e+00, 
 1DIAGNOSTIC,    38, -9.399948771514e-01, 3.404138165308e-05, 1.3110e+02, 3.0687e+00, 
 1DIAGNOSTIC,    39, -9.401819986127e-01, 3.237076059150e-05, 1.3416e+02, 3.0627e+00, 
 1DIAGNOSTIC,    40, -9.403632554027e-01, 3.086733591851e-05, 1.3726e+02, 3.0944e+00, 
 1DIAGNOSTIC,    41, -9.405375661494e-01, 2.950535307558e-05, 1.4030e+02, 3.0426e+00, 
 1DIAGNOSTIC,    42, -9.407048527529e-01, 2.821608546799e-05, 1.4337e+02, 3.0747e+00, 
 1DIAGNOSTIC,    43, -9.408497295059e-01, 2.678205061819e-05, 1.4646e+02, 3.0868e+00, 
 1DIAGNOSTIC,    44, -9.409888302887e-01, 2.527657441216e-05, 1.4956e+02, 3.0988e+00, 
 1DIAGNOSTIC,    45, -9.411176560732e-01, 2.369306671983e-05, 1.5288e+02, 3.3199e+00, 
 1DIAGNOSTIC,    46, -9.412328635708e-01, 2.202828708840e-05, 1.5617e+02, 3.2873e+00, 
 1DIAGNOSTIC,    47, -9.413467368975e-01, 2.032242862218e-05, 1.5946e+02, 3.2909e+00, 
 1DIAGNOSTIC,    48, -9.414507984292e-01, 1.861366537636e-05, 1.6251e+02, 3.0471e+00, 
 1DIAGNOSTIC,    49, -9.415473114053e-01, 1.699479097414e-05, 1.6569e+02, 3.1879e+00, 
 1DIAGNOSTIC,    50, -9.416379704005e-01, 1.550802912535e-05, 1.6875e+02, 3.0581e+00, 
 1DIAGNOSTIC,    51, -9.417259045663e-01, 1.419779207944e-05, 1.7197e+02, 3.2222e+00, 
 1DIAGNOSTIC,    52, -9.418116782704e-01, 1.309877437226e-05, 1.7533e+02, 3.3569e+00, 
 1DIAGNOSTIC,    53, -9.418930712255e-01, 1.212408736530e-05, 1.7841e+02, 3.0840e+00, 
 1DIAGNOSTIC,    54, -9.419716937700e-01, 1.129031590264e-05, 1.8173e+02, 3.3145e+00, 
 1DIAGNOSTIC,    55, -9.420391045330e-01, 1.053125623316e-05, 1.8479e+02, 3.0610e+00, 
 1DIAGNOSTIC,    56, -9.421093657481e-01, 9.837993162357e-06, 1.8784e+02, 3.0538e+00, 
 1DIAGNOSTIC,    57, -9.421757426251e-01, 9.227095417359e-06, 1.9086e+02, 3.0205e+00, 
 1DIAGNOSTIC,    58, -9.422358837267e-01, 8.653065010470e-06, 1.9397e+02, 3.1039e+00, 
 1DIAGNOSTIC,    59, -9.422934933334e-01, 8.103889061355e-06, 1.9707e+02, 3.0991e+00, 
 1DIAGNOSTIC,    60, -9.423406855859e-01, 7.535102571010e-06, 2.0017e+02, 3.1003e+00, 
 1DIAGNOSTIC,    61, -9.423906097425e-01, 6.990038716220e-06, 2.0324e+02, 3.0753e+00, 
 1DIAGNOSTIC,    62, -9.424345845050e-01, 6.467054643473e-06, 2.0634e+02, 3.0934e+00, 
 1DIAGNOSTIC,    63, -9.424780451507e-01, 5.981659334527e-06, 2.0943e+02, 3.0925e+00, 
 1DIAGNOSTIC,    64, -9.425187645422e-01, 5.544552236898e-06, 2.1251e+02, 3.0818e+00, 
 1DIAGNOSTIC,    65, -9.425569553129e-01, 5.121989373729e-06, 2.1592e+02, 3.4064e+00, 
 1DIAGNOSTIC,    66, -9.425932848470e-01, 4.750479597849e-06, 2.1905e+02, 3.1319e+00, 
 1DIAGNOSTIC,    67, -9.426231721256e-01, 4.409440602763e-06, 2.2234e+02, 3.2947e+00, 
 1DIAGNOSTIC,    68, -9.426568884339e-01, 4.113454084270e-06, 2.2575e+02, 3.4079e+00, 
 1DIAGNOSTIC,    69, -9.426854924920e-01, 3.849509628173e-06, 2.2884e+02, 3.0873e+00, 
 1DIAGNOSTIC,    70, -9.427161960237e-01, 3.599790820961e-06, 2.3190e+02, 3.0635e+00, 
XXDIAGNOSTIC,Iteration,metricValue,convergenceValue,ITERATION_TIME_INDEX,SINCE_LAST
 1DIAGNOSTIC,     1, -8.900791367477e-01, 1.797693134862e+308, 2.5879e+02, 2.6884e+01, 
 1DIAGNOSTIC,     2, -8.923101685842e-01, 1.797693134862e+308, 2.8425e+02, 2.5466e+01, 
 1DIAGNOSTIC,     3, -8.952791748905e-01, 1.797693134862e+308, 3.1174e+02, 2.7491e+01, 
 1DIAGNOSTIC,     4, -8.978977234994e-01, 1.797693134862e+308, 3.3722e+02, 2.5477e+01, 
 1DIAGNOSTIC,     5, -9.007032160975e-01, 1.797693134862e+308, 3.6282e+02, 2.5596e+01, 
 1DIAGNOSTIC,     6, -9.030199101481e-01, 1.797693134862e+308, 3.8854e+02, 2.5725e+01, 
 1DIAGNOSTIC,     7, -9.048549812296e-01, 1.797693134862e+308, 4.1434e+02, 2.5798e+01, 
 1DIAGNOSTIC,     8, -9.064049058689e-01, 1.797693134862e+308, 4.4010e+02, 2.5761e+01, 
 1DIAGNOSTIC,     9, -9.077358291358e-01, 1.797693134862e+308, 4.6697e+02, 2.6872e+01, 
 1DIAGNOSTIC,    10, -9.089069926126e-01, 1.383530076804e-03, 4.9244e+02, 2.5464e+01, 
 1DIAGNOSTIC,    11, -9.099754418285e-01, 1.133272671808e-03, 5.1765e+02, 2.5216e+01, 
 1DIAGNOSTIC,    12, -9.109535787661e-01, 9.067029795869e-04, 5.4291e+02, 2.5256e+01, 
 1DIAGNOSTIC,    13, -9.118161479254e-01, 7.255325445696e-04, 5.6858e+02, 2.5673e+01, 
 1DIAGNOSTIC,    14, -9.126879019833e-01, 5.820721779312e-04, 5.9617e+02, 2.7586e+01, 
 1DIAGNOSTIC,    15, -9.133409763962e-01, 4.764857782903e-04, 6.2128e+02, 2.5113e+01, 
 1DIAGNOSTIC,    16, -9.140486404786e-01, 3.994555270508e-04, 6.4659e+02, 2.5308e+01, 
 1DIAGNOSTIC,    17, -9.145544235402e-01, 3.376342782801e-04, 6.7384e+02, 2.7248e+01, 
 1DIAGNOSTIC,    18, -9.150061595141e-01, 2.862123283994e-04, 6.9930e+02, 2.5462e+01, 
 1DIAGNOSTIC,    19, -9.154205834456e-01, 2.423652994143e-04, 7.2473e+02, 2.5434e+01, 
 1DIAGNOSTIC,    20, -9.158013980990e-01, 2.045886474113e-04, 7.5011e+02, 2.5382e+01, 
 1DIAGNOSTIC,    21, -9.161615288330e-01, 1.725721063239e-04, 7.7790e+02, 2.7784e+01, 
 1DIAGNOSTIC,    22, -9.165074784316e-01, 1.461485604725e-04, 8.0512e+02, 2.7218e+01, 
 1DIAGNOSTIC,    23, -9.168426283164e-01, 1.245866869668e-04, 8.3156e+02, 2.6448e+01, 
 1DIAGNOSTIC,    24, -9.171740406365e-01, 1.088220156732e-04, 8.5837e+02, 2.6810e+01, 
 1DIAGNOSTIC,    25, -9.175053937760e-01, 9.635121157352e-05, 8.8384e+02, 2.5465e+01, 
 1DIAGNOSTIC,    26, -9.178412352444e-01, 8.831909768626e-05, 9.1346e+02, 2.9620e+01, 
 1DIAGNOSTIC,    27, -9.181822590213e-01, 8.236470737025e-05, 9.3896e+02, 2.5502e+01, 
 1DIAGNOSTIC,    28, -9.185328525423e-01, 7.802304253941e-05, 9.6425e+02, 2.5294e+01, 
 1DIAGNOSTIC,    29, -9.188890357266e-01, 7.491883050059e-05, 9.8960e+02, 2.5349e+01, 
 1DIAGNOSTIC,    30, -9.192548622692e-01, 7.271765395913e-05, 1.0159e+03, 2.6280e+01, 
 1DIAGNOSTIC,    31, -9.196397424716e-01, 7.128539355847e-05, 1.0412e+03, 2.5336e+01, 
 1DIAGNOSTIC,    32, -9.200404291008e-01, 7.047443003825e-05, 1.0666e+03, 2.5332e+01, 
 1DIAGNOSTIC,    33, -9.204626878104e-01, 7.019233307855e-05, 1.0931e+03, 2.6557e+01, 
 1DIAGNOSTIC,    34, -9.209083373196e-01, 7.039294819097e-05, 1.1180e+03, 2.4879e+01, 
 1DIAGNOSTIC,    35, -9.213541881469e-01, 7.081583045446e-05, 1.1434e+03, 2.5381e+01, 
 1DIAGNOSTIC,    36, -9.217651842751e-01, 7.094854927842e-05, 1.1691e+03, 2.5775e+01, 
 1DIAGNOSTIC,    37, -9.221497293238e-01, 7.044187458206e-05, 1.1946e+03, 2.5482e+01, 
 1DIAGNOSTIC,    38, -9.225009122493e-01, 6.901651193973e-05, 1.2201e+03, 2.5492e+01, 
 1DIAGNOSTIC,    39, -9.228118027466e-01, 6.642277858385e-05, 1.2458e+03, 2.5711e+01, 
 1DIAGNOSTIC,    40, -9.230957582520e-01, 6.269437433117e-05, 1.2720e+03, 2.6148e+01, 
 1DIAGNOSTIC,    41, -9.233556977082e-01, 5.807795102071e-05, 1.2973e+03, 2.5309e+01, 
 1DIAGNOSTIC,    42, -9.235987093157e-01, 5.292315132201e-05, 1.3232e+03, 2.5933e+01, 
 1DIAGNOSTIC,    43, -9.238264402903e-01, 4.766760846937e-05, 1.3503e+03, 2.7056e+01, 
 1DIAGNOSTIC,    44, -9.240445079719e-01, 4.279797827543e-05, 1.3782e+03, 2.7950e+01, 
 1DIAGNOSTIC,    45, -9.242546237847e-01, 3.860025180438e-05, 1.4041e+03, 2.5920e+01, 
 1DIAGNOSTIC,    46, -9.244528279854e-01, 3.502486010995e-05, 1.4301e+03, 2.5981e+01, 
 1DIAGNOSTIC,    47, -9.246403081128e-01, 3.205071970678e-05, 1.4569e+03, 2.6750e+01, 
 1DIAGNOSTIC,    48, -9.248192637652e-01, 2.958694985256e-05, 1.4830e+03, 2.6146e+01, 
 1DIAGNOSTIC,    49, -9.249890102315e-01, 2.746211734030e-05, 1.5096e+03, 2.6546e+01, 
 1DIAGNOSTIC,    50, -9.251511726797e-01, 2.558926762021e-05, 1.5366e+03, 2.7011e+01, 
XXDIAGNOSTIC,Iteration,metricValue,convergenceValue,ITERATION_TIME_INDEX,SINCE_LAST
 1DIAGNOSTIC,     1, -8.781699696164e-01, 1.797693134862e+308, 1.7802e+03, 2.4364e+02, 
 1DIAGNOSTIC,     2, -8.792236931271e-01, 1.797693134862e+308, 2.0189e+03, 2.3870e+02, 
 1DIAGNOSTIC,     3, -8.806453936551e-01, 1.797693134862e+308, 2.2525e+03, 2.3362e+02, 
 1DIAGNOSTIC,     4, -8.820805978578e-01, 1.797693134862e+308, 2.4869e+03, 2.3436e+02, 
 1DIAGNOSTIC,     5, -8.835472044122e-01, 1.797693134862e+308, 2.7259e+03, 2.3897e+02, 
 1DIAGNOSTIC,     6, -8.849405773900e-01, 1.797693134862e+308, 2.9709e+03, 2.4499e+02, 
 1DIAGNOSTIC,     7, -8.862273885629e-01, 1.797693134862e+308, 3.2177e+03, 2.4684e+02, 
 1DIAGNOSTIC,     8, -8.873952363154e-01, 1.797693134862e+308, 3.4586e+03, 2.4086e+02, 
 1DIAGNOSTIC,     9, -8.884897142551e-01, 1.797693134862e+308, 3.6985e+03, 2.3998e+02, 
 1DIAGNOSTIC,    10, -8.894977008732e-01, 8.496124024547e-04, 3.9470e+03, 2.4840e+02, 
 1DIAGNOSTIC,    11, -8.903575085288e-01, 7.440809357196e-04, 4.1901e+03, 2.4317e+02, 
 1DIAGNOSTIC,    12, -8.912017176699e-01, 6.398759695003e-04, 4.4310e+03, 2.4089e+02, 
 1DIAGNOSTIC,    13, -8.919042343623e-01, 5.460434631058e-04, 4.6746e+03, 2.4359e+02, 
 1DIAGNOSTIC,    14, -8.925651034985e-01, 4.637361684209e-04, 4.9208e+03, 2.4615e+02, 
 1DIAGNOSTIC,    15, -8.931840909319e-01, 3.943575050298e-04, 5.1666e+03, 2.4586e+02, 
 1DIAGNOSTIC,    16, -8.937684569002e-01, 3.368553320730e-04, 5.4112e+03, 2.4461e+02, 
 1DIAGNOSTIC,    17, -8.943235989654e-01, 2.896175388411e-04, 5.6511e+03, 2.3984e+02, 
 1DIAGNOSTIC,    18, -8.948651837972e-01, 2.511053608169e-04, 5.8906e+03, 2.3954e+02, 
 1DIAGNOSTIC,    19, -8.953972459103e-01, 2.206261543058e-04, 6.1298e+03, 2.3924e+02, 
 1DIAGNOSTIC,    20, -8.959220954487e-01, 1.971021025117e-04, 6.3619e+03, 2.3201e+02, 
  Elapsed time (stage 0): 6363.79


Total elapsed time: 6363.8
