
##########################
# Experiment information #
##########################
SIF_IMG: /project/rrg-glatard/mdugre/containers/ants-p2-vprec.sif
EXPERIMENT_NAME: vprec-space_search
CONFIG: 0100
VFC_BACKENDS: libinterflop_vprec.so --range-binary32=8 --precision-binary32=19 --range-binary64=8 --precision-binary64=19

FIXED_IMG: /templateflow/tpl-MNI152NLin2009cAsym/tpl-MNI152NLin2009cAsym_res-01_desc-brain_T1w.nii.gz
SUBJECT_ID: 0003008
INPUT_IMG: /project/rrg-glatard/mdugre/datasets/corr/RawDataBIDS/BMB_1/derivatives/antsBrainExtraction/sub-0003008/BrainExtractionBrain.nii.gz
OUTPUT_DIR: /project/rrg-glatard/mdugre/datasets/corr/RawDataBIDS/BMB_1/derivatives/vprec-space_search/0100/r8-p19/sub-0003008

ITK_GLOBAL_DEFAULT_NUMBER_OF_THREADS: 8
##########################

VFC_BACKENDS=libinterflop_ieee.so
Info [verificarlo]: loaded backend libinterflop_ieee.so
Info [interflop-ieee]: load backend with:
Info [interflop-ieee]: debug = false
Info [interflop-ieee]: debug-binary = false
Info [interflop-ieee]: no-backend-name = false
Info [interflop-ieee]: print-new-line = false
Info [interflop-ieee]: print-subnormal-normalized = false
Info [interflop-ieee]: count-op = false
All_Command_lines_OK
Using double precision for computations.
=============================================================================
The composite transform comprises the following transforms (in order): 
  1. Center of mass alignment using fixed image: /templateflow/tpl-MNI152NLin2009cAsym/tpl-MNI152NLin2009cAsym_res-01_desc-brain_T1w.nii.gz and moving image: /project/rrg-glatard/mdugre/datasets/corr/RawDataBIDS/BMB_1/derivatives/antsBrainExtraction/sub-0003008/BrainExtractionBrain.nii.gz (type = Euler3DTransform)
=============================================================================
  number of levels = 1
  fixed image: /templateflow/tpl-MNI152NLin2009cAsym/tpl-MNI152NLin2009cAsym_res-01_desc-brain_T1w.nii.gz
  moving image: /project/rrg-glatard/mdugre/datasets/corr/RawDataBIDS/BMB_1/derivatives/antsBrainExtraction/sub-0003008/BrainExtractionBrain.nii.gz
Dimension = 3
Number of stages = 1
Use histogram matching = false
Winsorize image intensities = true
  Lower quantile = 0.005
  Upper quantile = 0.995


Stage 1 State
   Image metric = MattesMI
     Fixed image = Image (0x39be390)
  RTTI typeinfo:   itk::Image<double, 3u>
  Reference Count: 2
  Modified Time: 2330
  Debug: Off
  Object Name: 
  Observers: 
    none
  Source: (none)
  Source output name: (none)
  Release Data: Off
  Data Released: False
  Global Release Data: Off
  PipelineMTime: 0
  UpdateMTime: 1941
  RealTimeStamp: 0 seconds 
  LargestPossibleRegion: 
    Dimension: 3
    Index: [0, 0, 0]
    Size: [193, 229, 193]
  BufferedRegion: 
    Dimension: 3
    Index: [0, 0, 0]
    Size: [193, 229, 193]
  RequestedRegion: 
    Dimension: 3
    Index: [0, 0, 0]
    Size: [193, 229, 193]
  Spacing: [1, 1, 1]
  Origin: [96, 132, -78]
  Direction: 
-1 0 0
0 -1 0
0 0 1

  IndexToPointMatrix: 
-1 0 0
0 -1 0
0 0 1

  PointToIndexMatrix: 
-1 0 0
0 -1 0
0 0 1

  Inverse Direction: 
-1 0 0
0 -1 0
0 0 1

  PixelContainer: 
    ImportImageContainer (0x3a89a90)
      RTTI typeinfo:   itk::ImportImageContainer<unsigned long, double>
      Reference Count: 1
      Modified Time: 1938
      Debug: Off
      Object Name: 
      Observers: 
        none
      Pointer: 0x15508c855010
      Container manages memory: true
      Size: 8530021
      Capacity: 8530021

     Moving image = Image (0x39c3390)
  RTTI typeinfo:   itk::Image<double, 3u>
  Reference Count: 2
  Modified Time: 2331
  Debug: Off
  Object Name: 
  Observers: 
    none
  Source: (none)
  Source output name: (none)
  Release Data: Off
  Data Released: False
  Global Release Data: Off
  PipelineMTime: 0
  UpdateMTime: 2328
  RealTimeStamp: 0 seconds 
  LargestPossibleRegion: 
    Dimension: 3
    Index: [0, 0, 0]
    Size: [176, 256, 256]
  BufferedRegion: 
    Dimension: 3
    Index: [0, 0, 0]
    Size: [176, 256, 256]
  RequestedRegion: 
    Dimension: 3
    Index: [0, 0, 0]
    Size: [176, 256, 256]
  Spacing: [1, 1, 1]
  Origin: [-72.0947, 100.092, -120.373]
  Direction: 
1 0 0
0 -1 0
0 0 1

  IndexToPointMatrix: 
1 0 0
0 -1 0
0 0 1

  PointToIndexMatrix: 
1 0 0
0 -1 0
0 0 1

  Inverse Direction: 
1 0 0
0 -1 0
0 0 1

  PixelContainer: 
    ImportImageContainer (0x3b69b90)
      RTTI typeinfo:   itk::ImportImageContainer<unsigned long, double>
      Reference Count: 1
      Modified Time: 2325
      Debug: Off
      Object Name: 
      Observers: 
        none
      Pointer: 0x155087054010
      Container manages memory: true
      Size: 11534336
      Capacity: 11534336

     Weighting = 1
     Sampling strategy = regular
     Number of bins = 32
     Radius = 4
     Sampling percentage  = 0.25
   Transform = Rigid
     Gradient step = 0.1
     Update field sigma (voxel space) = 0
     Total field sigma (voxel space) = 0
     Update field time sigma = 0
     Total field time sigma  = 0
     Number of time indices = 0
     Number of time point samples = 0
Registration using 1 total stages.

Stage 0
  iterations = 0
  convergence threshold = 1e-06
  convergence window size = 10
  number of levels = 1
  using the Mattes MI metric (number of bins = 32, weight = 1, use gradient filter = 0)
  preprocessing:  winsorizing the image intensities
  Shrink factors (level 1 out of 1): [1, 1, 1]
  smoothing sigmas per level: [0]
  regular sampling (percentage = 0.25)

*** Running Euler3DTransform registration ***

  Elapsed time (stage 0): 0.927034


Total elapsed time: 0.928538
VFC_BACKENDS=libinterflop_vprec.so --range-binary32=8 --precision-binary32=19 --range-binary64=8 --precision-binary64=19
Info [verificarlo]: loaded backend libinterflop_vprec.so
Info [interflop-vprec]: load backend with: 
Info [interflop-vprec]: precision-binary32 = 19
Info [interflop-vprec]: range-binary32 = 8
Info [interflop-vprec]: precision-binary64 = 19
Info [interflop-vprec]: range-binary64 = 8
Info [interflop-vprec]: mode = ob
Info [interflop-vprec]: error-mode = rel
Info [interflop-vprec]: max-abs-error-exponent = -1022
Info [interflop-vprec]: daz = false
Info [interflop-vprec]: ftz = false
Info [interflop-vprec]: 	instrument = none
Info [interflop-vprec]: 	prec-input-file = (null)
Info [interflop-vprec]: 	prec-output-file = (null)
Info [interflop-vprec]: 	prec-log-file = (null)
All_Command_lines_OK
Using double precision for computations.
=============================================================================
The composite transform comprises the following transforms (in order): 
  1. /project/rrg-glatard/mdugre/datasets/corr/RawDataBIDS/BMB_1/derivatives/vprec-space_search/0100/r8-p19/sub-0003008/align_Composite.h5[0] (type = Euler3DTransform)
  2. /project/rrg-glatard/mdugre/datasets/corr/RawDataBIDS/BMB_1/derivatives/vprec-space_search/0100/r8-p19/sub-0003008/align_Composite.h5[1] (type = Euler3DTransform)
=============================================================================
  number of levels = 4
  fixed image: /templateflow/tpl-MNI152NLin2009cAsym/tpl-MNI152NLin2009cAsym_res-01_desc-brain_T1w.nii.gz
  moving image: /project/rrg-glatard/mdugre/datasets/corr/RawDataBIDS/BMB_1/derivatives/antsBrainExtraction/sub-0003008/BrainExtractionBrain.nii.gz
Dimension = 3
Number of stages = 1
Use histogram matching = false
Winsorize image intensities = true
  Lower quantile = 0.005
  Upper quantile = 0.995


Stage 1 State
   Image metric = MattesMI
     Fixed image = Image (0x4530300)
  RTTI typeinfo:   itk::Image<double, 3u>
  Reference Count: 2
  Modified Time: 1578
  Debug: Off
  Object Name: 
  Observers: 
    none
  Source: (none)
  Source output name: (none)
  Release Data: Off
  Data Released: False
  Global Release Data: Off
  PipelineMTime: 0
  UpdateMTime: 1189
  RealTimeStamp: 0 seconds 
  LargestPossibleRegion: 
    Dimension: 3
    Index: [0, 0, 0]
    Size: [193, 229, 193]
  BufferedRegion: 
    Dimension: 3
    Index: [0, 0, 0]
    Size: [193, 229, 193]
  RequestedRegion: 
    Dimension: 3
    Index: [0, 0, 0]
    Size: [193, 229, 193]
  Spacing: [1, 1, 1]
  Origin: [96, 132, -78]
  Direction: 
-1 0 0
0 -1 0
0 0 1

  IndexToPointMatrix: 
-1 0 0
0 -1 0
0 0 1

  PointToIndexMatrix: 
-1 0 0
0 -1 0
0 0 1

  Inverse Direction: 
-1 0 0
0 -1 0
0 0 1

  PixelContainer: 
    ImportImageContainer (0x45eed00)
      RTTI typeinfo:   itk::ImportImageContainer<unsigned long, double>
      Reference Count: 1
      Modified Time: 1186
      Debug: Off
      Object Name: 
      Observers: 
        none
      Pointer: 0x153c95e31010
      Container manages memory: true
      Size: 8530021
      Capacity: 8530021

     Moving image = Image (0x45eb030)
  RTTI typeinfo:   itk::Image<double, 3u>
  Reference Count: 2
  Modified Time: 1579
  Debug: Off
  Object Name: 
  Observers: 
    none
  Source: (none)
  Source output name: (none)
  Release Data: Off
  Data Released: False
  Global Release Data: Off
  PipelineMTime: 0
  UpdateMTime: 1576
  RealTimeStamp: 0 seconds 
  LargestPossibleRegion: 
    Dimension: 3
    Index: [0, 0, 0]
    Size: [176, 256, 256]
  BufferedRegion: 
    Dimension: 3
    Index: [0, 0, 0]
    Size: [176, 256, 256]
  RequestedRegion: 
    Dimension: 3
    Index: [0, 0, 0]
    Size: [176, 256, 256]
  Spacing: [1, 1, 1]
  Origin: [-72.0947, 100.092, -120.374]
  Direction: 
1 0 0
0 -1 0
0 0 1

  IndexToPointMatrix: 
1 0 0
0 -1 0
0 0 1

  PointToIndexMatrix: 
1 0 0
0 -1 0
0 0 1

  Inverse Direction: 
1 0 0
0 -1 0
0 0 1

  PixelContainer: 
    ImportImageContainer (0x45ee680)
      RTTI typeinfo:   itk::ImportImageContainer<unsigned long, double>
      Reference Count: 1
      Modified Time: 1573
      Debug: Off
      Object Name: 
      Observers: 
        none
      Pointer: 0x153c90630010
      Container manages memory: true
      Size: 11534336
      Capacity: 11534336

     Weighting = 1
     Sampling strategy = regular
     Number of bins = 32
     Radius = 4
     Sampling percentage  = 0.25
   Transform = Rigid
     Gradient step = 0.1
     Update field sigma (voxel space) = 0
     Total field sigma (voxel space) = 0
     Update field time sigma = 0
     Total field time sigma  = 0
     Number of time indices = 0
     Number of time point samples = 0
Registration using 1 total stages.

Stage 0
  iterations = 1000x500x250x100
  convergence threshold = 1e-06
  convergence window size = 10
  number of levels = 4
  using the Mattes MI metric (number of bins = 32, weight = 1, use gradient filter = 0)
  preprocessing:  winsorizing the image intensities
  Shrink factors (level 1 out of 4): [8, 8, 8]
  Shrink factors (level 2 out of 4): [4, 4, 4]
  Shrink factors (level 3 out of 4): [2, 2, 2]
  Shrink factors (level 4 out of 4): [1, 1, 1]
  smoothing sigmas per level: [3, 2, 1, 0]
  regular sampling (percentage = 0.25)

*** Running Euler3DTransform registration ***

DIAGNOSTIC,Iteration,metricValue,convergenceValue,ITERATION_TIME_INDEX,SINCE_LAST
 2DIAGNOSTIC,     1, -4.845643234301e-01, 1.797693134862e+308, 0.0000e+00, 0.0000e+00, 
 2DIAGNOSTIC,     2, -4.855355566214e-01, 1.797693134862e+308, 0.0000e+00, 0.0000e+00, 
 2DIAGNOSTIC,     3, -4.878438073791e-01, 1.797693134862e+308, 0.0000e+00, 0.0000e+00, 
 2DIAGNOSTIC,     4, -4.911663339750e-01, 1.797693134862e+308, 0.0000e+00, 0.0000e+00, 
 2DIAGNOSTIC,     5, -4.944582702866e-01, 1.797693134862e+308, 0.0000e+00, 0.0000e+00, 
 2DIAGNOSTIC,     6, -4.980943573224e-01, 1.797693134862e+308, 0.0000e+00, 0.0000e+00, 
 2DIAGNOSTIC,     7, -5.077246934189e-01, 1.797693134862e+308, 0.0000e+00, 0.0000e+00, 
 2DIAGNOSTIC,     8, -5.083460050343e-01, 1.797693134862e+308, 0.0000e+00, 0.0000e+00, 
 2DIAGNOSTIC,     9, -5.084350366433e-01, 1.797693134862e+308, 0.0000e+00, 0.0000e+00, 
 2DIAGNOSTIC,    10, -5.086200333827e-01, 3.818691641013e-03, 0.0000e+00, 0.0000e+00, 
 2DIAGNOSTIC,    11, -5.088942368979e-01, 3.201140846197e-03, 0.0000e+00, 0.0000e+00, 
 2DIAGNOSTIC,    12, -5.090582880140e-01, 2.448633337704e-03, 0.0000e+00, 0.0000e+00, 
 2DIAGNOSTIC,    13, -5.094366913589e-01, 1.708960514015e-03, 0.0000e+00, 0.0000e+00, 
 2DIAGNOSTIC,    14, -5.094997435741e-01, 1.063158029940e-03, 0.0000e+00, 0.0000e+00, 
 2DIAGNOSTIC,    15, -5.093878643882e-01, 5.291551816702e-04, 0.0000e+00, 0.0000e+00, 
 2DIAGNOSTIC,    16, -5.095271064124e-01, 1.389206012069e-04, 0.0000e+00, 0.0000e+00, 
 2DIAGNOSTIC,    17, -5.097534856098e-01, 1.099072191785e-04, 0.0000e+00, 0.0000e+00, 
 2DIAGNOSTIC,    18, -5.097854103005e-01, 9.440106635347e-05, 0.0000e+00, 0.0000e+00, 
 2DIAGNOSTIC,    19, -5.097419020899e-01, 7.340653106758e-05, 0.0000e+00, 0.0000e+00, 
 2DIAGNOSTIC,    20, -5.097271486986e-01, 5.287292910869e-05, 0.0000e+00, 0.0000e+00, 
 2DIAGNOSTIC,    21, -5.097630906485e-01, 3.783709308067e-05, 0.0000e+00, 0.0000e+00, 
 2DIAGNOSTIC,    22, -5.098240408737e-01, 2.609304491808e-05, 0.0000e+00, 0.0000e+00, 
 2DIAGNOSTIC,    23, -5.099944083651e-01, 2.643389987574e-05, 0.0000e+00, 0.0000e+00, 
 2DIAGNOSTIC,    24, -5.101988995850e-01, 3.081240284238e-05, 0.0000e+00, 0.0000e+00, 
 2DIAGNOSTIC,    25, -5.102792228162e-01, 3.128565227491e-05, 0.0000e+00, 0.0000e+00, 
 2DIAGNOSTIC,    26, -5.103276428307e-01, 3.286262118351e-05, 0.0000e+00, 0.0000e+00, 
 2DIAGNOSTIC,    27, -5.104397215046e-01, 3.838331710555e-05, 0.0000e+00, 0.0000e+00, 
 2DIAGNOSTIC,    28, -5.105399476234e-01, 4.258150725944e-05, 0.0000e+00, 0.0000e+00, 
 2DIAGNOSTIC,    29, -5.104731914270e-01, 4.037472096096e-05, 0.0000e+00, 0.0000e+00, 
 2DIAGNOSTIC,    30, -5.104886621339e-01, 3.471376262894e-05, 0.0000e+00, 0.0000e+00, 
 2DIAGNOSTIC,    31, -5.104168466008e-01, 2.563250352296e-05, 0.0000e+00, 0.0000e+00, 
 2DIAGNOSTIC,    32, -5.103482637574e-01, 1.461725126708e-05, 0.0000e+00, 0.0000e+00, 
 2DIAGNOSTIC,    33, -5.103635820041e-01, 6.064798391665e-06, 0.0000e+00, 0.0000e+00, 
 2DIAGNOSTIC,    34, -5.103898218561e-01, 1.318440318990e-06, 0.0000e+00, 0.0000e+00, 
DIAGNOSTIC,Iteration,metricValue,convergenceValue,ITERATION_TIME_INDEX,SINCE_LAST
 2DIAGNOSTIC,     1, -4.049081576411e-01, 1.797693134862e+308, 0.0000e+00, 0.0000e+00, 
 2DIAGNOSTIC,     2, -4.053394443173e-01, 1.797693134862e+308, 0.0000e+00, 0.0000e+00, 
 2DIAGNOSTIC,     3, -4.058422114202e-01, 1.797693134862e+308, 0.0000e+00, 0.0000e+00, 
 2DIAGNOSTIC,     4, -4.063211487850e-01, 1.797693134862e+308, 0.0000e+00, 0.0000e+00, 
 2DIAGNOSTIC,     5, -4.068164167158e-01, 1.797693134862e+308, 0.0000e+00, 0.0000e+00, 
 2DIAGNOSTIC,     6, -4.075316136663e-01, 1.797693134862e+308, 0.0000e+00, 0.0000e+00, 
 2DIAGNOSTIC,     7, -4.107018680589e-01, 1.797693134862e+308, 0.0000e+00, 0.0000e+00, 
 2DIAGNOSTIC,     8, -4.112657265593e-01, 1.797693134862e+308, 0.0000e+00, 0.0000e+00, 
 2DIAGNOSTIC,     9, -4.118970579919e-01, 1.797693134862e+308, 0.0000e+00, 0.0000e+00, 
 2DIAGNOSTIC,    10, -4.132185958501e-01, 1.395759796226e-03, 0.0000e+00, 0.0000e+00, 
 2DIAGNOSTIC,    11, -4.139891105024e-01, 1.368358449287e-03, 0.0000e+00, 0.0000e+00, 
 2DIAGNOSTIC,    12, -4.143697139172e-01, 1.266987602784e-03, 0.0000e+00, 0.0000e+00, 
 2DIAGNOSTIC,    13, -4.145071476958e-01, 1.101471734555e-03, 0.0000e+00, 0.0000e+00, 
 2DIAGNOSTIC,    14, -4.182653107726e-01, 1.071219043398e-03, 0.0000e+00, 0.0000e+00, 
 2DIAGNOSTIC,    15, -4.192633533684e-01, 1.011684397296e-03, 0.0000e+00, 0.0000e+00, 
 2DIAGNOSTIC,    16, -4.195210558525e-01, 9.060314187138e-04, 0.0000e+00, 0.0000e+00, 
 2DIAGNOSTIC,    17, -4.203342959913e-01, 8.942648489491e-04, 0.0000e+00, 0.0000e+00, 
 2DIAGNOSTIC,    18, -4.221637912607e-01, 8.924447520276e-04, 0.0000e+00, 0.0000e+00, 
 2DIAGNOSTIC,    19, -4.248712240757e-01, 9.243206481289e-04, 0.0000e+00, 0.0000e+00, 
 2DIAGNOSTIC,    20, -4.285459531138e-01, 1.035357309561e-03, 0.0000e+00, 0.0000e+00, 
 2DIAGNOSTIC,    21, -4.289672241479e-01, 1.078112580236e-03, 0.0000e+00, 0.0000e+00, 
 2DIAGNOSTIC,    22, -4.289585723086e-01, 1.031559721864e-03, 0.0000e+00, 0.0000e+00, 
 2DIAGNOSTIC,    23, -4.289544622583e-01, 8.948111668136e-04, 0.0000e+00, 0.0000e+00, 
 2DIAGNOSTIC,    24, -4.289579137605e-01, 7.910792192054e-04, 0.0000e+00, 0.0000e+00, 
 2DIAGNOSTIC,    25, -4.289477634452e-01, 6.476119739499e-04, 0.0000e+00, 0.0000e+00, 
 2DIAGNOSTIC,    26, -4.289470339461e-01, 4.620771795928e-04, 0.0000e+00, 0.0000e+00, 
 2DIAGNOSTIC,    27, -4.289525252020e-01, 2.688862352132e-04, 0.0000e+00, 0.0000e+00, 
 2DIAGNOSTIC,    28, -4.289531080259e-01, 1.083873655737e-04, 0.0000e+00, 0.0000e+00, 
 2DIAGNOSTIC,    29, -4.289464790668e-01, 9.989121553984e-06, 0.0000e+00, 0.0000e+00, 
DIAGNOSTIC,Iteration,metricValue,convergenceValue,ITERATION_TIME_INDEX,SINCE_LAST
 2DIAGNOSTIC,     1, -3.736903980261e-01, 1.797693134862e+308, 0.0000e+00, 0.0000e+00, 
 2DIAGNOSTIC,     2, -3.739245869614e-01, 1.797693134862e+308, 0.0000e+00, 0.0000e+00, 
 2DIAGNOSTIC,     3, -3.742286335071e-01, 1.797693134862e+308, 0.0000e+00, 0.0000e+00, 
 2DIAGNOSTIC,     4, -3.744003505407e-01, 1.797693134862e+308, 0.0000e+00, 0.0000e+00, 
 2DIAGNOSTIC,     5, -3.745023318686e-01, 1.797693134862e+308, 0.0000e+00, 0.0000e+00, 
 2DIAGNOSTIC,     6, -3.747151213443e-01, 1.797693134862e+308, 0.0000e+00, 0.0000e+00, 
 2DIAGNOSTIC,     7, -3.752302483249e-01, 1.797693134862e+308, 0.0000e+00, 0.0000e+00, 
 2DIAGNOSTIC,     8, -3.752526955227e-01, 1.797693134862e+308, 0.0000e+00, 0.0000e+00, 
 2DIAGNOSTIC,     9, -3.753226823104e-01, 1.797693134862e+308, 0.0000e+00, 0.0000e+00, 
 2DIAGNOSTIC,    10, -3.753852463817e-01, 3.109860998716e-04, 0.0000e+00, 0.0000e+00, 
 2DIAGNOSTIC,    11, -3.753847478854e-01, 2.479021367770e-04, 0.0000e+00, 0.0000e+00, 
 2DIAGNOSTIC,    12, -3.753788608965e-01, 1.870116138473e-04, 0.0000e+00, 0.0000e+00, 
 2DIAGNOSTIC,    13, -3.753791355974e-01, 1.365134513776e-04, 0.0000e+00, 0.0000e+00, 
 2DIAGNOSTIC,    14, -3.753818177845e-01, 9.085711749018e-05, 0.0000e+00, 0.0000e+00, 
 2DIAGNOSTIC,    15, -3.753880638542e-01, 4.862781286076e-05, 0.0000e+00, 0.0000e+00, 
 2DIAGNOSTIC,    16, -3.753870878436e-01, 1.680443813906e-05, 0.0000e+00, 0.0000e+00, 
 2DIAGNOSTIC,    17, -3.753851913892e-01, 1.031375787840e-05, 0.0000e+00, 0.0000e+00, 
 2DIAGNOSTIC,    18, -3.753897620512e-01, 4.855826424434e-06, 0.0000e+00, 0.0000e+00, 
 2DIAGNOSTIC,    19, -3.753949129365e-01, 2.598500241431e-06, 0.0000e+00, 0.0000e+00, 
 2DIAGNOSTIC,    20, -3.753958382253e-01, 2.875874699826e-06, 0.0000e+00, 0.0000e+00, 
 2DIAGNOSTIC,    21, -3.754020554469e-01, 3.224961539594e-06, 0.0000e+00, 0.0000e+00, 
 2DIAGNOSTIC,    22, -3.754051632692e-01, 3.288792336117e-06, 0.0000e+00, 0.0000e+00, 
 2DIAGNOSTIC,    23, -3.754078625408e-01, 3.268918046168e-06, 0.0000e+00, 0.0000e+00, 
 2DIAGNOSTIC,    24, -3.754170827762e-01, 3.441017314393e-06, 0.0000e+00, 0.0000e+00, 
 2DIAGNOSTIC,    25, -3.754307667017e-01, 3.999652792630e-06, 0.0000e+00, 0.0000e+00, 
 2DIAGNOSTIC,    26, -3.754418521095e-01, 4.548412912517e-06, 0.0000e+00, 0.0000e+00, 
 2DIAGNOSTIC,    27, -3.754544759583e-01, 5.040135988836e-06, 0.0000e+00, 0.0000e+00, 
 2DIAGNOSTIC,    28, -3.754941938090e-01, 6.326966402660e-06, 0.0000e+00, 0.0000e+00, 
 2DIAGNOSTIC,    29, -3.755006589813e-01, 7.313943493667e-06, 0.0000e+00, 0.0000e+00, 
 2DIAGNOSTIC,    30, -3.755024004408e-01, 7.716799118401e-06, 0.0000e+00, 0.0000e+00, 
 2DIAGNOSTIC,    31, -3.755018378249e-01, 7.613382530192e-06, 0.0000e+00, 0.0000e+00, 
 2DIAGNOSTIC,    32, -3.755009201356e-01, 6.943822542599e-06, 0.0000e+00, 0.0000e+00, 
 2DIAGNOSTIC,    33, -3.755013188401e-01, 5.807443172356e-06, 0.0000e+00, 0.0000e+00, 
 2DIAGNOSTIC,    34, -3.755019710149e-01, 4.490140249426e-06, 0.0000e+00, 0.0000e+00, 
 2DIAGNOSTIC,    35, -3.755020673193e-01, 3.217190569407e-06, 0.0000e+00, 0.0000e+00, 
 2DIAGNOSTIC,    36, -3.755017619638e-01, 2.027217464288e-06, 0.0000e+00, 0.0000e+00, 
 2DIAGNOSTIC,    37, -3.755012835779e-01, 1.020866380482e-06, 0.0000e+00, 0.0000e+00, 
DIAGNOSTIC,Iteration,metricValue,convergenceValue,ITERATION_TIME_INDEX,SINCE_LAST
 2DIAGNOSTIC,     1, -3.474957642156e-01, 1.797693134862e+308, 0.0000e+00, 0.0000e+00, 
 2DIAGNOSTIC,     2, -3.475774899742e-01, 1.797693134862e+308, 0.0000e+00, 0.0000e+00, 
 2DIAGNOSTIC,     3, -3.477275649677e-01, 1.797693134862e+308, 0.0000e+00, 0.0000e+00, 
 2DIAGNOSTIC,     4, -3.477882757910e-01, 1.797693134862e+308, 0.0000e+00, 0.0000e+00, 
 2DIAGNOSTIC,     5, -3.478922586105e-01, 1.797693134862e+308, 0.0000e+00, 0.0000e+00, 
 2DIAGNOSTIC,     6, -3.479054478861e-01, 1.797693134862e+308, 0.0000e+00, 0.0000e+00, 
 2DIAGNOSTIC,     7, -3.479046948212e-01, 1.797693134862e+308, 0.0000e+00, 0.0000e+00, 
 2DIAGNOSTIC,     8, -3.479046785035e-01, 1.797693134862e+308, 0.0000e+00, 0.0000e+00, 
 2DIAGNOSTIC,     9, -3.479039987376e-01, 1.797693134862e+308, 0.0000e+00, 0.0000e+00, 
 2DIAGNOSTIC,    10, -3.479040652133e-01, 7.462718515031e-05, 0.0000e+00, 0.0000e+00, 
 2DIAGNOSTIC,    11, -3.479039330016e-01, 4.504697524756e-05, 0.0000e+00, 0.0000e+00, 
 2DIAGNOSTIC,    12, -3.479031738641e-01, 2.200035131135e-05, 0.0000e+00, 0.0000e+00, 
 2DIAGNOSTIC,    13, -3.479035335232e-01, 1.019264623345e-05, 0.0000e+00, 0.0000e+00, 
 2DIAGNOSTIC,    14, -3.479034546801e-01, 2.740713740526e-06, 0.0000e+00, 0.0000e+00, 
 2DIAGNOSTIC,    15, -3.479031677613e-01, 1.866541207290e-06, 0.0000e+00, 0.0000e+00, 
 2DIAGNOSTIC,    16, -3.479031442111e-01, 1.798289632343e-06, 0.0000e+00, 0.0000e+00, 
 2DIAGNOSTIC,    17, -3.479031241348e-01, 1.718015506497e-06, 0.0000e+00, 0.0000e+00, 
 2DIAGNOSTIC,    18, -3.479030863810e-01, 1.658441202042e-06, 0.0000e+00, 0.0000e+00, 
 2DIAGNOSTIC,    19, -3.479029604137e-01, 1.579564753364e-06, 0.0000e+00, 0.0000e+00, 
 2DIAGNOSTIC,    20, -3.479029549718e-01, 1.519844589459e-06, 0.0000e+00, 0.0000e+00, 
 2DIAGNOSTIC,    21, -3.479028738682e-01, 1.464691393130e-06, 0.0000e+00, 0.0000e+00, 
 2DIAGNOSTIC,    22, -3.479028697939e-01, 1.389981675974e-06, 0.0000e+00, 0.0000e+00, 
 2DIAGNOSTIC,    23, -3.479027597283e-01, 1.335496080494e-06, 0.0000e+00, 0.0000e+00, 
 2DIAGNOSTIC,    24, -3.479027746604e-01, 1.287918600705e-06, 0.0000e+00, 0.0000e+00, 
 2DIAGNOSTIC,    25, -3.479031282203e-01, 1.249509262204e-06, 0.0000e+00, 0.0000e+00, 
 2DIAGNOSTIC,    26, -3.479031521903e-01, 1.215546753579e-06, 0.0000e+00, 0.0000e+00, 
 2DIAGNOSTIC,    27, -3.479030415294e-01, 1.180734456124e-06, 0.0000e+00, 0.0000e+00, 
 2DIAGNOSTIC,    28, -3.479030412069e-01, 1.147171464592e-06, 0.0000e+00, 0.0000e+00, 
 2DIAGNOSTIC,    29, -3.479030410960e-01, 1.110978384199e-06, 0.0000e+00, 0.0000e+00, 
 2DIAGNOSTIC,    30, -3.479030413518e-01, 1.075271135319e-06, 0.0000e+00, 0.0000e+00, 
 2DIAGNOSTIC,    31, -3.479030505333e-01, 1.038253351730e-06, 0.0000e+00, 0.0000e+00, 
 2DIAGNOSTIC,    32, -3.479030533699e-01, 1.002403001410e-06, 0.0000e+00, 0.0000e+00, 
  Elapsed time (stage 0): 0.0000e+00


Total elapsed time: 0.0000e+00
VFC_BACKENDS=libinterflop_ieee.so
Info [verificarlo]: loaded backend libinterflop_ieee.so
Info [interflop-ieee]: load backend with:
Info [interflop-ieee]: debug = false
Info [interflop-ieee]: debug-binary = false
Info [interflop-ieee]: no-backend-name = false
Info [interflop-ieee]: print-new-line = false
Info [interflop-ieee]: print-subnormal-normalized = false
Info [interflop-ieee]: count-op = false
All_Command_lines_OK
Using double precision for computations.
=============================================================================
The composite transform comprises the following transforms (in order): 
  1. /project/rrg-glatard/mdugre/datasets/corr/RawDataBIDS/BMB_1/derivatives/vprec-space_search/0100/r8-p19/sub-0003008/rigid_Composite.h5[0] (type = Euler3DTransform)
  2. /project/rrg-glatard/mdugre/datasets/corr/RawDataBIDS/BMB_1/derivatives/vprec-space_search/0100/r8-p19/sub-0003008/rigid_Composite.h5[1] (type = Euler3DTransform)
  3. /project/rrg-glatard/mdugre/datasets/corr/RawDataBIDS/BMB_1/derivatives/vprec-space_search/0100/r8-p19/sub-0003008/rigid_Composite.h5[2] (type = Euler3DTransform)
=============================================================================
  number of levels = 4
  fixed image: /templateflow/tpl-MNI152NLin2009cAsym/tpl-MNI152NLin2009cAsym_res-01_desc-brain_T1w.nii.gz
  moving image: /project/rrg-glatard/mdugre/datasets/corr/RawDataBIDS/BMB_1/derivatives/antsBrainExtraction/sub-0003008/BrainExtractionBrain.nii.gz
Dimension = 3
Number of stages = 1
Use histogram matching = false
Winsorize image intensities = true
  Lower quantile = 0.005
  Upper quantile = 0.995


Stage 1 State
   Image metric = MattesMI
     Fixed image = Image (0x3c21650)
  RTTI typeinfo:   itk::Image<double, 3u>
  Reference Count: 2
  Modified Time: 1592
  Debug: Off
  Object Name: 
  Observers: 
    none
  Source: (none)
  Source output name: (none)
  Release Data: Off
  Data Released: False
  Global Release Data: Off
  PipelineMTime: 0
  UpdateMTime: 1203
  RealTimeStamp: 0 seconds 
  LargestPossibleRegion: 
    Dimension: 3
    Index: [0, 0, 0]
    Size: [193, 229, 193]
  BufferedRegion: 
    Dimension: 3
    Index: [0, 0, 0]
    Size: [193, 229, 193]
  RequestedRegion: 
    Dimension: 3
    Index: [0, 0, 0]
    Size: [193, 229, 193]
  Spacing: [1, 1, 1]
  Origin: [96, 132, -78]
  Direction: 
-1 0 0
0 -1 0
0 0 1

  IndexToPointMatrix: 
-1 0 0
0 -1 0
0 0 1

  PointToIndexMatrix: 
-1 0 0
0 -1 0
0 0 1

  Inverse Direction: 
-1 0 0
0 -1 0
0 0 1

  PixelContainer: 
    ImportImageContainer (0x3cf6330)
      RTTI typeinfo:   itk::ImportImageContainer<unsigned long, double>
      Reference Count: 1
      Modified Time: 1200
      Debug: Off
      Object Name: 
      Observers: 
        none
      Pointer: 0x1510947ac010
      Container manages memory: true
      Size: 8530021
      Capacity: 8530021

     Moving image = Image (0x3cdc6e0)
  RTTI typeinfo:   itk::Image<double, 3u>
  Reference Count: 2
  Modified Time: 1593
  Debug: Off
  Object Name: 
  Observers: 
    none
  Source: (none)
  Source output name: (none)
  Release Data: Off
  Data Released: False
  Global Release Data: Off
  PipelineMTime: 0
  UpdateMTime: 1590
  RealTimeStamp: 0 seconds 
  LargestPossibleRegion: 
    Dimension: 3
    Index: [0, 0, 0]
    Size: [176, 256, 256]
  BufferedRegion: 
    Dimension: 3
    Index: [0, 0, 0]
    Size: [176, 256, 256]
  RequestedRegion: 
    Dimension: 3
    Index: [0, 0, 0]
    Size: [176, 256, 256]
  Spacing: [1, 1, 1]
  Origin: [-72.0947, 100.092, -120.373]
  Direction: 
1 0 0
0 -1 0
0 0 1

  IndexToPointMatrix: 
1 0 0
0 -1 0
0 0 1

  PointToIndexMatrix: 
1 0 0
0 -1 0
0 0 1

  Inverse Direction: 
1 0 0
0 -1 0
0 0 1

  PixelContainer: 
    ImportImageContainer (0x3c51e90)
      RTTI typeinfo:   itk::ImportImageContainer<unsigned long, double>
      Reference Count: 1
      Modified Time: 1587
      Debug: Off
      Object Name: 
      Observers: 
        none
      Pointer: 0x15108efab010
      Container manages memory: true
      Size: 11534336
      Capacity: 11534336

     Weighting = 1
     Sampling strategy = regular
     Number of bins = 32
     Radius = 4
     Sampling percentage  = 0.25
   Transform = Affine
     Gradient step = 0.1
     Update field sigma (voxel space) = 0
     Total field sigma (voxel space) = 0
     Update field time sigma = 0
     Total field time sigma  = 0
     Number of time indices = 0
     Number of time point samples = 0
Registration using 1 total stages.

Stage 0
  iterations = 1000x500x250x100
  convergence threshold = 1e-06
  convergence window size = 10
  number of levels = 4
  using the Mattes MI metric (number of bins = 32, weight = 1, use gradient filter = 0)
  preprocessing:  winsorizing the image intensities
  Shrink factors (level 1 out of 4): [8, 8, 8]
  Shrink factors (level 2 out of 4): [4, 4, 4]
  Shrink factors (level 3 out of 4): [2, 2, 2]
  Shrink factors (level 4 out of 4): [1, 1, 1]
  smoothing sigmas per level: [3, 2, 1, 0]
  regular sampling (percentage = 0.25)

*** Running AffineTransform registration ***

DIAGNOSTIC,Iteration,metricValue,convergenceValue,ITERATION_TIME_INDEX,SINCE_LAST
 2DIAGNOSTIC,     1, -5.266559394257e-01, 1.797693134862e+308, 1.2750e+00, 1.2750e+00, 
 2DIAGNOSTIC,     2, -5.285618814930e-01, 1.797693134862e+308, 1.2811e+00, 6.1431e-03, 
 2DIAGNOSTIC,     3, -5.304788677640e-01, 1.797693134862e+308, 1.2870e+00, 5.8281e-03, 
 2DIAGNOSTIC,     4, -5.360768521208e-01, 1.797693134862e+308, 1.2934e+00, 6.4189e-03, 
 2DIAGNOSTIC,     5, -5.483888320165e-01, 1.797693134862e+308, 1.2995e+00, 6.1550e-03, 
 2DIAGNOSTIC,     6, -5.632412464792e-01, 1.797693134862e+308, 1.3059e+00, 6.3140e-03, 
 2DIAGNOSTIC,     7, -6.130313601745e-01, 1.797693134862e+308, 1.3124e+00, 6.5379e-03, 
 2DIAGNOSTIC,     8, -6.661463236460e-01, 1.797693134862e+308, 1.3197e+00, 7.2601e-03, 
 2DIAGNOSTIC,     9, -7.364615008546e-01, 1.797693134862e+308, 1.3293e+00, 9.6760e-03, 
 2DIAGNOSTIC,    10, -7.754409983943e-01, 2.661201208278e-02, 1.3364e+00, 7.0660e-03, 
 2DIAGNOSTIC,    11, -8.150014789162e-01, 2.927109397839e-02, 1.3449e+00, 8.4920e-03, 
 2DIAGNOSTIC,    12, -8.316841565335e-01, 2.941720754655e-02, 1.3528e+00, 7.9091e-03, 
 2DIAGNOSTIC,    13, -8.411507833933e-01, 2.727300605022e-02, 1.3621e+00, 9.2769e-03, 
 2DIAGNOSTIC,    14, -8.452339134711e-01, 2.336118168509e-02, 1.3689e+00, 6.8350e-03, 
 2DIAGNOSTIC,    15, -8.630859239551e-01, 1.881594280550e-02, 1.3767e+00, 7.7929e-03, 
 2DIAGNOSTIC,    16, -8.657030515847e-01, 1.370522877158e-02, 1.3848e+00, 8.0619e-03, 
 2DIAGNOSTIC,    17, -8.660873734425e-01, 9.277316447546e-03, 1.3919e+00, 7.1170e-03, 
 2DIAGNOSTIC,    18, -8.666381519276e-01, 5.773080883674e-03, 1.4029e+00, 1.0974e-02, 
 2DIAGNOSTIC,    19, -8.662522824850e-01, 3.625663556132e-03, 1.4109e+00, 8.0261e-03, 
 2DIAGNOSTIC,    20, -8.661200283470e-01, 2.138203278121e-03, 1.4189e+00, 7.9770e-03, 
 2DIAGNOSTIC,    21, -8.661646787099e-01, 1.343310767901e-03, 1.4259e+00, 7.0231e-03, 
 2DIAGNOSTIC,    22, -8.660943948661e-01, 7.994118698716e-04, 1.4332e+00, 7.3571e-03, 
 2DIAGNOSTIC,    23, -8.660502836849e-01, 3.947001990903e-04, 1.4401e+00, 6.8951e-03, 
 2DIAGNOSTIC,    24, -8.660395655704e-01, 4.915699367410e-05, 1.4472e+00, 7.0741e-03, 
 2DIAGNOSTIC,    25, -8.663441037421e-01, 3.267037755370e-06, 1.4544e+00, 7.1418e-03, 
 2DIAGNOSTIC,    26, -8.665585109390e-01, 1.693184858209e-06, 1.4622e+00, 7.8619e-03, 
 2DIAGNOSTIC,    27, -8.665239014688e-01, 4.713335058290e-06, 1.4712e+00, 9.0251e-03, 
 2DIAGNOSTIC,    28, -8.663622513816e-01, 1.258313295392e-05, 1.4792e+00, 7.9570e-03, 
 2DIAGNOSTIC,    29, -8.662659513174e-01, 1.277663398101e-05, 1.4872e+00, 7.9670e-03, 
 2DIAGNOSTIC,    30, -8.661927124514e-01, 9.248756123591e-06, 1.4952e+00, 8.0528e-03, 
 2DIAGNOSTIC,    31, -8.662354561768e-01, 6.186671474236e-06, 1.5036e+00, 8.4300e-03, 
 2DIAGNOSTIC,    32, -8.661693364693e-01, 1.339245019001e-06, 1.5128e+00, 9.1770e-03, 
DIAGNOSTIC,Iteration,metricValue,convergenceValue,ITERATION_TIME_INDEX,SINCE_LAST
 2DIAGNOSTIC,     1, -7.314506683534e-01, 1.797693134862e+308, 2.7784e+00, 1.2656e+00, 
 2DIAGNOSTIC,     2, -7.322730366037e-01, 1.797693134862e+308, 2.8344e+00, 5.5968e-02, 
 2DIAGNOSTIC,     3, -7.330387585921e-01, 1.797693134862e+308, 2.8900e+00, 5.5686e-02, 
 2DIAGNOSTIC,     4, -7.336046904363e-01, 1.797693134862e+308, 2.9460e+00, 5.5922e-02, 
 2DIAGNOSTIC,     5, -7.340043803169e-01, 1.797693134862e+308, 3.0135e+00, 6.7571e-02, 
 2DIAGNOSTIC,     6, -7.344309277048e-01, 1.797693134862e+308, 3.1217e+00, 1.0822e-01, 
 2DIAGNOSTIC,     7, -7.344207524636e-01, 1.797693134862e+308, 3.1726e+00, 5.0818e-02, 
 2DIAGNOSTIC,     8, -7.344400370796e-01, 1.797693134862e+308, 3.2258e+00, 5.3201e-02, 
 2DIAGNOSTIC,     9, -7.344483917122e-01, 1.797693134862e+308, 3.2880e+00, 6.2196e-02, 
 2DIAGNOSTIC,    10, -7.344607928481e-01, 2.490121528601e-04, 3.3400e+00, 5.2075e-02, 
 2DIAGNOSTIC,    11, -7.345324263117e-01, 1.541604427689e-04, 3.3903e+00, 5.0288e-02, 
 2DIAGNOSTIC,    12, -7.345707822181e-01, 8.896784514609e-05, 3.4466e+00, 5.6290e-02, 
 2DIAGNOSTIC,    13, -7.346469500430e-01, 5.095857052326e-05, 3.5024e+00, 5.5766e-02, 
 2DIAGNOSTIC,    14, -7.347054220103e-01, 3.104811814733e-05, 3.5580e+00, 5.5609e-02, 
 2DIAGNOSTIC,    15, -7.347767323082e-01, 2.299933273707e-05, 3.6267e+00, 6.8675e-02, 
 2DIAGNOSTIC,    16, -7.348141348003e-01, 2.525036948052e-05, 3.6836e+00, 5.6948e-02, 
 2DIAGNOSTIC,    17, -7.347946618275e-01, 2.440371807889e-05, 3.7524e+00, 6.8806e-02, 
 2DIAGNOSTIC,    18, -7.347353098501e-01, 2.074269078205e-05, 3.8535e+00, 1.0108e-01, 
 2DIAGNOSTIC,    19, -7.347353645488e-01, 1.591442469779e-05, 4.0270e+00, 1.7350e-01, 
 2DIAGNOSTIC,    20, -7.347353645488e-01, 1.042926076437e-05, 4.1114e+00, 8.4362e-02, 
 2DIAGNOSTIC,    21, -7.347353645488e-01, 5.945250203386e-06, 4.1746e+00, 6.3202e-02, 
 2DIAGNOSTIC,    22, -7.347353645488e-01, 2.132154442780e-06, 4.2372e+00, 6.2613e-02, 
DIAGNOSTIC,Iteration,metricValue,convergenceValue,ITERATION_TIME_INDEX,SINCE_LAST
 2DIAGNOSTIC,     1, -6.209485161709e-01, 1.797693134862e+308, 5.9792e+00, 1.7420e+00, 
 2DIAGNOSTIC,     2, -6.215591400483e-01, 1.797693134862e+308, 6.4007e+00, 4.2154e-01, 
 2DIAGNOSTIC,     3, -6.221343185487e-01, 1.797693134862e+308, 6.8313e+00, 4.3052e-01, 
 2DIAGNOSTIC,     4, -6.228712426205e-01, 1.797693134862e+308, 7.2443e+00, 4.1306e-01, 
 2DIAGNOSTIC,     5, -6.243538891980e-01, 1.797693134862e+308, 7.7585e+00, 5.1422e-01, 
 2DIAGNOSTIC,     6, -6.250330634419e-01, 1.797693134862e+308, 8.1793e+00, 4.2078e-01, 
 2DIAGNOSTIC,     7, -6.251257786287e-01, 1.797693134862e+308, 8.6941e+00, 5.1476e-01, 
 2DIAGNOSTIC,     8, -6.251431138346e-01, 1.797693134862e+308, 9.1882e+00, 4.9416e-01, 
 2DIAGNOSTIC,     9, -6.251544318389e-01, 1.797693134862e+308, 9.7158e+00, 5.2754e-01, 
 2DIAGNOSTIC,    10, -6.251496030854e-01, 4.870454796687e-04, 1.0426e+01, 7.1019e-01, 
 2DIAGNOSTIC,    11, -6.251474574674e-01, 3.428801815875e-04, 1.0935e+01, 5.0889e-01, 
 2DIAGNOSTIC,    12, -6.251482064452e-01, 2.159914086526e-04, 1.1397e+01, 4.6218e-01, 
 2DIAGNOSTIC,    13, -6.251477425905e-01, 1.097771231660e-04, 1.1859e+01, 4.6158e-01, 
 2DIAGNOSTIC,    14, -6.251465211245e-01, 3.186705177242e-05, 1.2328e+01, 4.6904e-01, 
 2DIAGNOSTIC,    15, -6.251462372224e-01, 6.108806171579e-06, 1.2761e+01, 4.3297e-01, 
 2DIAGNOSTIC,    16, -6.251453264904e-01, 2.445492585046e-06, 1.3232e+01, 4.7163e-01, 
 2DIAGNOSTIC,    17, -6.251452625762e-01, 1.641142228476e-06, 1.3682e+01, 4.5014e-01, 
 2DIAGNOSTIC,    18, -6.251450253275e-01, 1.369465215208e-06, 1.4196e+01, 5.1399e-01, 
 2DIAGNOSTIC,    19, -6.251427693875e-01, 1.383913737218e-06, 1.4672e+01, 4.7537e-01, 
 2DIAGNOSTIC,    20, -6.251405935952e-01, 1.267777116058e-06, 1.5080e+01, 4.0826e-01, 
 2DIAGNOSTIC,    21, -6.251414637653e-01, 1.165315927906e-06, 1.5501e+01, 4.2106e-01, 
 2DIAGNOSTIC,    22, -6.251415672441e-01, 1.120757231778e-06, 1.5956e+01, 4.5470e-01, 
 2DIAGNOSTIC,    23, -6.251422409201e-01, 1.114815798238e-06, 1.6421e+01, 4.6528e-01, 
 2DIAGNOSTIC,    24, -6.251442345212e-01, 1.150023456471e-06, 1.6914e+01, 4.9324e-01, 
 2DIAGNOSTIC,    25, -6.251446135585e-01, 1.201022150413e-06, 1.7371e+01, 4.5638e-01, 
 2DIAGNOSTIC,    26, -6.251436137746e-01, 1.221119579453e-06, 1.7839e+01, 4.6862e-01, 
 2DIAGNOSTIC,    27, -6.251434854113e-01, 1.236843351120e-06, 1.8353e+01, 5.1410e-01, 
 2DIAGNOSTIC,    28, -6.251399236800e-01, 1.184775741708e-06, 1.8846e+01, 4.9250e-01, 
 2DIAGNOSTIC,    29, -6.251375372208e-01, 1.060852686759e-06, 1.9263e+01, 4.1730e-01, 
DIAGNOSTIC,Iteration,metricValue,convergenceValue,ITERATION_TIME_INDEX,SINCE_LAST
 2DIAGNOSTIC,     1, -5.524126444512e-01, 1.797693134862e+308, 2.3320e+01, 4.0568e+00, 
 2DIAGNOSTIC,     2, -5.527065525817e-01, 1.797693134862e+308, 2.6213e+01, 2.8932e+00, 
 2DIAGNOSTIC,     3, -5.529754794528e-01, 1.797693134862e+308, 2.9214e+01, 3.0007e+00, 
 2DIAGNOSTIC,     4, -5.533772805117e-01, 1.797693134862e+308, 3.2132e+01, 2.9180e+00, 
 2DIAGNOSTIC,     5, -5.541124073383e-01, 1.797693134862e+308, 3.8613e+01, 6.4809e+00, 
 2DIAGNOSTIC,     6, -5.541125714021e-01, 1.797693134862e+308, 4.2162e+01, 3.5493e+00, 
 2DIAGNOSTIC,     7, -5.541128289639e-01, 1.797693134862e+308, 4.5725e+01, 3.5627e+00, 
 2DIAGNOSTIC,     8, -5.541131964316e-01, 1.797693134862e+308, 4.9802e+01, 4.0776e+00, 
 2DIAGNOSTIC,     9, -5.541129171418e-01, 1.797693134862e+308, 5.3275e+01, 3.4722e+00, 
 2DIAGNOSTIC,    10, -5.541126379755e-01, 2.121655836010e-04, 5.6260e+01, 2.9859e+00, 
 2DIAGNOSTIC,    11, -5.541130776743e-01, 1.390149095198e-04, 5.9404e+01, 3.1436e+00, 
 2DIAGNOSTIC,    12, -5.541136537918e-01, 7.884637527461e-05, 6.2706e+01, 3.3023e+00, 
 2DIAGNOSTIC,    13, -5.541138052981e-01, 3.157974294453e-05, 6.6418e+01, 3.7119e+00, 
 2DIAGNOSTIC,    14, -5.541137109832e-01, 2.378415051865e-06, 6.9366e+01, 2.9476e+00, 
 2DIAGNOSTIC,    15, -5.541138484751e-01, 2.220868568034e-06, 7.2692e+01, 3.3258e+00, 
 2DIAGNOSTIC,    16, -5.541143809382e-01, 2.095696601659e-06, 7.6486e+01, 3.7945e+00, 
 2DIAGNOSTIC,    17, -5.541142989132e-01, 1.979383724190e-06, 8.0058e+01, 3.5721e+00, 
 2DIAGNOSTIC,    18, -5.541140962025e-01, 1.871319622954e-06, 8.3392e+01, 3.3335e+00, 
 2DIAGNOSTIC,    19, -5.541140501595e-01, 1.757276133919e-06, 8.6567e+01, 3.1758e+00, 
 2DIAGNOSTIC,    20, -5.541140041094e-01, 1.638405986333e-06, 8.9400e+01, 2.8326e+00, 
 2DIAGNOSTIC,    21, -5.541140238616e-01, 1.537008670401e-06, 9.2554e+01, 3.1544e+00, 
 2DIAGNOSTIC,    22, -5.541141278885e-01, 1.458563841067e-06, 9.6346e+01, 3.7916e+00, 
 2DIAGNOSTIC,    23, -5.541140215152e-01, 1.387121393970e-06, 9.9892e+01, 3.5463e+00, 
 2DIAGNOSTIC,    24, -5.541137886904e-01, 1.314468865234e-06, 1.0288e+02, 2.9882e+00, 
 2DIAGNOSTIC,    25, -5.541137317643e-01, 1.250120172262e-06, 1.0581e+02, 2.9275e+00, 
 2DIAGNOSTIC,    26, -5.541137331104e-01, 1.203310691235e-06, 1.0917e+02, 3.3575e+00, 
 2DIAGNOSTIC,    27, -5.541136967603e-01, 1.159630603327e-06, 1.1237e+02, 3.2046e+00, 
 2DIAGNOSTIC,    28, -5.541136603649e-01, 1.116537565606e-06, 1.1524e+02, 2.8700e+00, 
 2DIAGNOSTIC,    29, -5.541136440008e-01, 1.077341308324e-06, 1.1823e+02, 2.9862e+00, 
 2DIAGNOSTIC,    30, -5.541137142273e-01, 1.043057053896e-06, 1.2119e+02, 2.9631e+00, 
 2DIAGNOSTIC,    31, -5.541137891092e-01, 1.014042371648e-06, 1.2466e+02, 3.4719e+00, 
  Elapsed time (stage 0): 1.2648e+02


Total elapsed time: 1.2648e+02
VFC_BACKENDS=libinterflop_ieee.so
Info [verificarlo]: loaded backend libinterflop_ieee.so
Info [interflop-ieee]: load backend with:
Info [interflop-ieee]: debug = false
Info [interflop-ieee]: debug-binary = false
Info [interflop-ieee]: no-backend-name = false
Info [interflop-ieee]: print-new-line = false
Info [interflop-ieee]: print-subnormal-normalized = false
Info [interflop-ieee]: count-op = false
All_Command_lines_OK
Using double precision for computations.
=============================================================================
The composite transform comprises the following transforms (in order): 
  1. /project/rrg-glatard/mdugre/datasets/corr/RawDataBIDS/BMB_1/derivatives/vprec-space_search/0100/r8-p19/sub-0003008/affine_Composite.h5[0] (type = Euler3DTransform)
  2. /project/rrg-glatard/mdugre/datasets/corr/RawDataBIDS/BMB_1/derivatives/vprec-space_search/0100/r8-p19/sub-0003008/affine_Composite.h5[1] (type = Euler3DTransform)
  3. /project/rrg-glatard/mdugre/datasets/corr/RawDataBIDS/BMB_1/derivatives/vprec-space_search/0100/r8-p19/sub-0003008/affine_Composite.h5[2] (type = Euler3DTransform)
  4. /project/rrg-glatard/mdugre/datasets/corr/RawDataBIDS/BMB_1/derivatives/vprec-space_search/0100/r8-p19/sub-0003008/affine_Composite.h5[3] (type = AffineTransform)
=============================================================================
  number of levels = 4
  fixed image: /templateflow/tpl-MNI152NLin2009cAsym/tpl-MNI152NLin2009cAsym_res-01_desc-brain_T1w.nii.gz
  moving image: /project/rrg-glatard/mdugre/datasets/corr/RawDataBIDS/BMB_1/derivatives/antsBrainExtraction/sub-0003008/BrainExtractionBrain.nii.gz
Dimension = 3
Number of stages = 1
Use histogram matching = false
Winsorize image intensities = true
  Lower quantile = 0.005
  Upper quantile = 0.995


Stage 1 State
   Image metric = CC
     Fixed image = Image (0x3a15810)
  RTTI typeinfo:   itk::Image<double, 3u>
  Reference Count: 2
  Modified Time: 1606
  Debug: Off
  Object Name: 
  Observers: 
    none
  Source: (none)
  Source output name: (none)
  Release Data: Off
  Data Released: False
  Global Release Data: Off
  PipelineMTime: 0
  UpdateMTime: 1217
  RealTimeStamp: 0 seconds 
  LargestPossibleRegion: 
    Dimension: 3
    Index: [0, 0, 0]
    Size: [193, 229, 193]
  BufferedRegion: 
    Dimension: 3
    Index: [0, 0, 0]
    Size: [193, 229, 193]
  RequestedRegion: 
    Dimension: 3
    Index: [0, 0, 0]
    Size: [193, 229, 193]
  Spacing: [1, 1, 1]
  Origin: [96, 132, -78]
  Direction: 
-1 0 0
0 -1 0
0 0 1

  IndexToPointMatrix: 
-1 0 0
0 -1 0
0 0 1

  PointToIndexMatrix: 
-1 0 0
0 -1 0
0 0 1

  Inverse Direction: 
-1 0 0
0 -1 0
0 0 1

  PixelContainer: 
    ImportImageContainer (0x3aeb5f0)
      RTTI typeinfo:   itk::ImportImageContainer<unsigned long, double>
      Reference Count: 1
      Modified Time: 1214
      Debug: Off
      Object Name: 
      Observers: 
        none
      Pointer: 0x1467529d8010
      Container manages memory: true
      Size: 8530021
      Capacity: 8530021

     Moving image = Image (0x3aed280)
  RTTI typeinfo:   itk::Image<double, 3u>
  Reference Count: 2
  Modified Time: 1607
  Debug: Off
  Object Name: 
  Observers: 
    none
  Source: (none)
  Source output name: (none)
  Release Data: Off
  Data Released: False
  Global Release Data: Off
  PipelineMTime: 0
  UpdateMTime: 1604
  RealTimeStamp: 0 seconds 
  LargestPossibleRegion: 
    Dimension: 3
    Index: [0, 0, 0]
    Size: [176, 256, 256]
  BufferedRegion: 
    Dimension: 3
    Index: [0, 0, 0]
    Size: [176, 256, 256]
  RequestedRegion: 
    Dimension: 3
    Index: [0, 0, 0]
    Size: [176, 256, 256]
  Spacing: [1, 1, 1]
  Origin: [-72.0947, 100.092, -120.373]
  Direction: 
1 0 0
0 -1 0
0 0 1

  IndexToPointMatrix: 
1 0 0
0 -1 0
0 0 1

  PointToIndexMatrix: 
1 0 0
0 -1 0
0 0 1

  Inverse Direction: 
1 0 0
0 -1 0
0 0 1

  PixelContainer: 
    ImportImageContainer (0x3bade50)
      RTTI typeinfo:   itk::ImportImageContainer<unsigned long, double>
      Reference Count: 1
      Modified Time: 1601
      Debug: Off
      Object Name: 
      Observers: 
        none
      Pointer: 0x14674d1d7010
      Container manages memory: true
      Size: 11534336
      Capacity: 11534336

     Weighting = 1
     Sampling strategy = none
     Number of bins = 32
     Radius = 4
     Sampling percentage  = 1
   Transform = SyN
     Gradient step = 0.1
     Update field sigma (voxel space) = 3
     Total field sigma (voxel space) = 0
     Update field time sigma = 0
     Total field time sigma  = 0
     Number of time indices = 0
     Number of time point samples = 0
Registration using 1 total stages.

Stage 0
  iterations = 100x70x50x20
  convergence threshold = 1e-06
  convergence window size = 10
  number of levels = 4
  using the CC metric (radius = 4, weight = 1, use gradient filter = 0)
  preprocessing:  winsorizing the image intensities
  Shrink factors (level 1 out of 4): [8, 8, 8]
  Shrink factors (level 2 out of 4): [4, 4, 4]
  Shrink factors (level 3 out of 4): [2, 2, 2]
  Shrink factors (level 4 out of 4): [1, 1, 1]
  smoothing sigmas per level: [3, 2, 1, 0]
  Using default NONE metricSamplingStrategy 

*** Running SyN registration (varianceForUpdateField = 3, varianceForTotalField = 0) ***

XXDIAGNOSTIC,Iteration,metricValue,convergenceValue,ITERATION_TIME_INDEX,SINCE_LAST
 1DIAGNOSTIC,     1, -9.378103289041e-01, 1.797693134862e+308, 1.5363e+00, 1.5363e+00, 
 1DIAGNOSTIC,     2, -9.439431837323e-01, 1.797693134862e+308, 1.8740e+00, 3.3776e-01, 
 1DIAGNOSTIC,     3, -9.476275875826e-01, 1.797693134862e+308, 2.2230e+00, 3.4902e-01, 
 1DIAGNOSTIC,     4, -9.497242566059e-01, 1.797693134862e+308, 2.5614e+00, 3.3836e-01, 
 1DIAGNOSTIC,     5, -9.533600892309e-01, 1.797693134862e+308, 2.9187e+00, 3.5733e-01, 
 1DIAGNOSTIC,     6, -9.576618998319e-01, 1.797693134862e+308, 3.2563e+00, 3.3758e-01, 
 1DIAGNOSTIC,     7, -9.613326314188e-01, 1.797693134862e+308, 3.6147e+00, 3.5836e-01, 
 1DIAGNOSTIC,     8, -9.650369916446e-01, 1.797693134862e+308, 4.0099e+00, 3.9524e-01, 
 1DIAGNOSTIC,     9, -9.664008898192e-01, 1.797693134862e+308, 4.4012e+00, 3.9127e-01, 
 1DIAGNOSTIC,    10, -9.679475509848e-01, 2.029968631956e-03, 4.7881e+00, 3.8689e-01, 
 1DIAGNOSTIC,    11, -9.688983534763e-01, 1.636701379076e-03, 5.1814e+00, 3.9334e-01, 
 1DIAGNOSTIC,    12, -9.699211145942e-01, 1.337873918058e-03, 5.5411e+00, 3.5974e-01, 
 1DIAGNOSTIC,    13, -9.706301742308e-01, 1.064832901998e-03, 5.9170e+00, 3.7586e-01, 
 1DIAGNOSTIC,    14, -9.712160411889e-01, 7.909938595070e-04, 6.3075e+00, 3.9049e-01, 
 1DIAGNOSTIC,    15, -9.716940711122e-01, 5.624136061146e-04, 6.6882e+00, 3.8074e-01, 
 1DIAGNOSTIC,    16, -9.721025455757e-01, 3.973540746548e-04, 7.0298e+00, 3.4153e-01, 
 1DIAGNOSTIC,    17, -9.725162284411e-01, 2.850887331624e-04, 7.4171e+00, 3.8732e-01, 
 1DIAGNOSTIC,    18, -9.727683933749e-01, 2.238418498863e-04, 7.8064e+00, 3.8936e-01, 
 1DIAGNOSTIC,    19, -9.730942083037e-01, 1.743857812187e-04, 8.2038e+00, 3.9738e-01, 
 1DIAGNOSTIC,    20, -9.732461642239e-01, 1.387250495434e-04, 8.5897e+00, 3.8586e-01, 
 1DIAGNOSTIC,    21, -9.735629811996e-01, 1.112745704072e-04, 8.9649e+00, 3.7519e-01, 
 1DIAGNOSTIC,    22, -9.736633940278e-01, 9.092268396049e-05, 9.2982e+00, 3.3333e-01, 
 1DIAGNOSTIC,    23, -9.738725980144e-01, 7.564928368981e-05, 9.6544e+00, 3.5616e-01, 
 1DIAGNOSTIC,    24, -9.739332881391e-01, 6.252970064858e-05, 9.9870e+00, 3.3259e-01, 
 1DIAGNOSTIC,    25, -9.740585326107e-01, 5.176745470146e-05, 1.0340e+01, 3.5256e-01, 
 1DIAGNOSTIC,    26, -9.740929272638e-01, 4.200159962383e-05, 1.0675e+01, 3.3551e-01, 
 1DIAGNOSTIC,    27, -9.742281553405e-01, 3.507446560531e-05, 1.1010e+01, 3.3460e-01, 
 1DIAGNOSTIC,    28, -9.742462643810e-01, 2.820679553259e-05, 1.1356e+01, 3.4641e-01, 
 1DIAGNOSTIC,    29, -9.743615837991e-01, 2.373868710218e-05, 1.1692e+01, 3.3626e-01, 
 1DIAGNOSTIC,    30, -9.743626035517e-01, 1.885357259961e-05, 1.2024e+01, 3.3194e-01, 
 1DIAGNOSTIC,    31, -9.744635453696e-01, 1.656978448380e-05, 1.2382e+01, 3.5813e-01, 
 1DIAGNOSTIC,    32, -9.744553217593e-01, 1.374286256692e-05, 1.2713e+01, 3.3086e-01, 
 1DIAGNOSTIC,    33, -9.745511279899e-01, 1.259986899426e-05, 1.3050e+01, 3.3666e-01, 
 1DIAGNOSTIC,    34, -9.745371941930e-01, 1.078850259199e-05, 1.3402e+01, 3.5230e-01, 
 1DIAGNOSTIC,    35, -9.746551151164e-01, 1.019850260425e-05, 1.3745e+01, 3.4249e-01, 
 1DIAGNOSTIC,    36, -9.746318543997e-01, 8.805331026700e-06, 1.4099e+01, 3.5387e-01, 
 1DIAGNOSTIC,    37, -9.747225340778e-01, 8.543661746595e-06, 1.4431e+01, 3.3288e-01, 
 1DIAGNOSTIC,    38, -9.746965463035e-01, 7.471947685318e-06, 1.4781e+01, 3.4963e-01, 
 1DIAGNOSTIC,    39, -9.747864538510e-01, 7.382274996290e-06, 1.5126e+01, 3.4453e-01, 
 1DIAGNOSTIC,    40, -9.747548142333e-01, 6.412526938726e-06, 1.5460e+01, 3.3425e-01, 
 1DIAGNOSTIC,    41, -9.748442888004e-01, 6.333725992274e-06, 1.5797e+01, 3.3705e-01, 
 1DIAGNOSTIC,    42, -9.748089029677e-01, 5.397424510115e-06, 1.6165e+01, 3.6844e-01, 
 1DIAGNOSTIC,    43, -9.749583435423e-01, 5.753333247399e-06, 1.6508e+01, 3.4286e-01, 
 1DIAGNOSTIC,    44, -9.749193536292e-01, 5.216752807922e-06, 1.6845e+01, 3.3701e-01, 
 1DIAGNOSTIC,    45, -9.750096315210e-01, 5.654075767452e-06, 1.7189e+01, 3.4386e-01, 
 1DIAGNOSTIC,    46, -9.749663448945e-01, 5.154151349780e-06, 1.7527e+01, 3.3773e-01, 
 1DIAGNOSTIC,    47, -9.750562107708e-01, 5.391431209652e-06, 1.7863e+01, 3.3655e-01, 
 1DIAGNOSTIC,    48, -9.750087722284e-01, 4.686637664668e-06, 1.8231e+01, 3.6810e-01, 
 1DIAGNOSTIC,    49, -9.750987982519e-01, 4.718840514097e-06, 1.8568e+01, 3.3653e-01, 
 1DIAGNOSTIC,    50, -9.750481876182e-01, 3.857855539576e-06, 1.8905e+01, 3.3714e-01, 
 1DIAGNOSTIC,    51, -9.751397934175e-01, 3.785247716548e-06, 1.9243e+01, 3.3784e-01, 
 1DIAGNOSTIC,    52, -9.750853845699e-01, 2.871640509047e-06, 1.9584e+01, 3.4062e-01, 
 1DIAGNOSTIC,    53, -9.751778117621e-01, 3.131825360936e-06, 1.9916e+01, 3.3204e-01, 
 1DIAGNOSTIC,    54, -9.751195686754e-01, 2.587316111500e-06, 2.0251e+01, 3.3565e-01, 
 1DIAGNOSTIC,    55, -9.752160565535e-01, 2.884710251141e-06, 2.0582e+01, 3.3122e-01, 
 1DIAGNOSTIC,    56, -9.751554280028e-01, 2.381790476198e-06, 2.0922e+01, 3.3987e-01, 
 1DIAGNOSTIC,    57, -9.752539070623e-01, 2.709491659956e-06, 2.1275e+01, 3.5261e-01, 
 1DIAGNOSTIC,    58, -9.751899285163e-01, 2.232645780285e-06, 2.1614e+01, 3.3875e-01, 
 1DIAGNOSTIC,    59, -9.752900867413e-01, 2.573654266071e-06, 2.1949e+01, 3.3494e-01, 
 1DIAGNOSTIC,    60, -9.752227767644e-01, 2.108200665863e-06, 2.2284e+01, 3.3502e-01, 
 1DIAGNOSTIC,    61, -9.753242492023e-01, 2.452608403754e-06, 2.2630e+01, 3.4612e-01, 
 1DIAGNOSTIC,    62, -9.752539389081e-01, 1.987661984663e-06, 2.3037e+01, 4.0697e-01, 
 1DIAGNOSTIC,    63, -9.753279535922e-01, 2.189016264875e-06, 2.3425e+01, 3.8861e-01, 
 1DIAGNOSTIC,    64, -9.752827467812e-01, 1.728996919907e-06, 2.3807e+01, 3.8150e-01, 
 1DIAGNOSTIC,    65, -9.753598750757e-01, 1.961172606743e-06, 2.4160e+01, 3.5314e-01, 
 1DIAGNOSTIC,    66, -9.752826789604e-01, 1.412863235167e-06, 2.4499e+01, 3.3853e-01, 
 1DIAGNOSTIC,    67, -9.753908049083e-01, 1.714960899873e-06, 2.4862e+01, 3.6384e-01, 
 1DIAGNOSTIC,    68, -9.753105483299e-01, 1.244132865910e-06, 2.5199e+01, 3.3694e-01, 
 1DIAGNOSTIC,    69, -9.754043200703e-01, 1.553817704957e-06, 2.5537e+01, 3.3734e-01, 
 1DIAGNOSTIC,    70, -9.753393915815e-01, 1.174768505167e-06, 2.5880e+01, 3.4375e-01, 
 1DIAGNOSTIC,    71, -9.754360697337e-01, 1.571849121999e-06, 2.6228e+01, 3.4789e-01, 
 1DIAGNOSTIC,    72, -9.753684894503e-01, 1.270535540131e-06, 2.6561e+01, 3.3250e-01, 
 1DIAGNOSTIC,    73, -9.754619082118e-01, 1.582975855761e-06, 2.6901e+01, 3.3974e-01, 
 1DIAGNOSTIC,    74, -9.753791563487e-01, 1.253602109244e-06, 2.7245e+01, 3.4435e-01, 
 1DIAGNOSTIC,    75, -9.754910217153e-01, 1.610053438850e-06, 2.7598e+01, 3.5297e-01, 
 1DIAGNOSTIC,    76, -9.754003329967e-01, 1.172373972918e-06, 2.7928e+01, 3.3016e-01, 
 1DIAGNOSTIC,    77, -9.755176071887e-01, 1.549939572746e-06, 2.8268e+01, 3.4000e-01, 
 1DIAGNOSTIC,    78, -9.754244708079e-01, 1.137431295904e-06, 2.8600e+01, 3.3161e-01, 
 1DIAGNOSTIC,    79, -9.755419661812e-01, 1.466066364765e-06, 2.8961e+01, 3.6159e-01, 
 1DIAGNOSTIC,    80, -9.754466460029e-01, 1.076772510966e-06, 2.9291e+01, 3.3019e-01, 
 1DIAGNOSTIC,    81, -9.755636932617e-01, 1.421149815115e-06, 2.9626e+01, 3.3430e-01, 
 1DIAGNOSTIC,    82, -9.754667175775e-01, 1.050790872191e-06, 2.9964e+01, 3.3833e-01, 
 1DIAGNOSTIC,    83, -9.755830063310e-01, 1.383671615235e-06, 3.0299e+01, 3.3473e-01, 
 1DIAGNOSTIC,    84, -9.754836344292e-01, 9.564903126792e-07, 3.0630e+01, 3.3127e-01, 
XXDIAGNOSTIC,Iteration,metricValue,convergenceValue,ITERATION_TIME_INDEX,SINCE_LAST
 1DIAGNOSTIC,     1, -9.207986059514e-01, 1.797693134862e+308, 3.4769e+01, 4.1387e+00, 
 1DIAGNOSTIC,     2, -9.227285297571e-01, 1.797693134862e+308, 3.7835e+01, 3.0666e+00, 
 1DIAGNOSTIC,     3, -9.253059193633e-01, 1.797693134862e+308, 4.0731e+01, 2.8953e+00, 
 1DIAGNOSTIC,     4, -9.283047234075e-01, 1.797693134862e+308, 4.3643e+01, 2.9120e+00, 
 1DIAGNOSTIC,     5, -9.309415632658e-01, 1.797693134862e+308, 4.6554e+01, 2.9117e+00, 
 1DIAGNOSTIC,     6, -9.333768769737e-01, 1.797693134862e+308, 4.9434e+01, 2.8794e+00, 
 1DIAGNOSTIC,     7, -9.353478183951e-01, 1.797693134862e+308, 5.2315e+01, 2.8816e+00, 
 1DIAGNOSTIC,     8, -9.371620601901e-01, 1.797693134862e+308, 5.5309e+01, 2.9932e+00, 
 1DIAGNOSTIC,     9, -9.386863793321e-01, 1.797693134862e+308, 5.8432e+01, 3.1236e+00, 
 1DIAGNOSTIC,    10, -9.400079672195e-01, 1.381558998433e-03, 6.1527e+01, 3.0945e+00, 
 1DIAGNOSTIC,    11, -9.410510228821e-01, 1.158312042059e-03, 6.4631e+01, 3.1043e+00, 
 1DIAGNOSTIC,    12, -9.420782942799e-01, 9.432329578908e-04, 6.7576e+01, 2.9446e+00, 
 1DIAGNOSTIC,    13, -9.430425503662e-01, 7.582941501878e-04, 7.0464e+01, 2.8879e+00, 
 1DIAGNOSTIC,    14, -9.438970830683e-01, 6.140096428527e-04, 7.3434e+01, 2.9708e+00, 
 1DIAGNOSTIC,    15, -9.446261436236e-01, 5.006070427405e-04, 7.6369e+01, 2.9351e+00, 
 1DIAGNOSTIC,    16, -9.451435038863e-01, 4.112787120671e-04, 7.9317e+01, 2.9475e+00, 
 1DIAGNOSTIC,    17, -9.456504304934e-01, 3.386148897664e-04, 8.2217e+01, 2.9001e+00, 
 1DIAGNOSTIC,    18, -9.459859857807e-01, 2.787218304757e-04, 8.5127e+01, 2.9099e+00, 
 1DIAGNOSTIC,    19, -9.463575802545e-01, 2.294012618948e-04, 8.8042e+01, 2.9152e+00, 
 1DIAGNOSTIC,    20, -9.465937259000e-01, 1.872420751248e-04, 9.0959e+01, 2.9165e+00, 
 1DIAGNOSTIC,    21, -9.468010845146e-01, 1.496792922615e-04, 9.3876e+01, 2.9177e+00, 
 1DIAGNOSTIC,    22, -9.469881784334e-01, 1.182496153319e-04, 9.6782e+01, 2.9059e+00, 
 1DIAGNOSTIC,    23, -9.471837686306e-01, 9.371406198885e-05, 9.9706e+01, 2.9234e+00, 
 1DIAGNOSTIC,    24, -9.473811084160e-01, 7.566229582139e-05, 1.0262e+02, 2.9179e+00, 
 1DIAGNOSTIC,    25, -9.475852029530e-01, 6.326109696347e-05, 1.0558e+02, 2.9601e+00, 
 1DIAGNOSTIC,    26, -9.478017716586e-01, 5.441423394138e-05, 1.0850e+02, 2.9161e+00, 
 1DIAGNOSTIC,    27, -9.480248315955e-01, 4.931885643049e-05, 1.1144e+02, 2.9431e+00, 
 1DIAGNOSTIC,    28, -9.482595651484e-01, 4.610167733728e-05, 1.1437e+02, 2.9301e+00, 
 1DIAGNOSTIC,    29, -9.485031912722e-01, 4.520303343392e-05, 1.1730e+02, 2.9317e+00, 
 1DIAGNOSTIC,    30, -9.487471352960e-01, 4.496800038252e-05, 1.2021e+02, 2.9029e+00, 
 1DIAGNOSTIC,    31, -9.489574086296e-01, 4.460939825590e-05, 1.2315e+02, 2.9412e+00, 
 1DIAGNOSTIC,    32, -9.491530734133e-01, 4.371301802636e-05, 1.2608e+02, 2.9301e+00, 
 1DIAGNOSTIC,    33, -9.491628015804e-01, 4.065770543837e-05, 1.2899e+02, 2.9110e+00, 
 1DIAGNOSTIC,    34, -9.491868478557e-01, 3.598081789929e-05, 1.3188e+02, 2.8884e+00, 
 1DIAGNOSTIC,    35, -9.487398883219e-01, 2.612713468239e-05, 1.3481e+02, 2.9341e+00, 
 1DIAGNOSTIC,    36, -9.489598042297e-01, 1.815420055515e-05, 1.3777e+02, 2.9587e+00, 
 1DIAGNOSTIC,    37, -9.490347555540e-01, 1.127669121813e-05, 1.4072e+02, 2.9454e+00, 
 1DIAGNOSTIC,    38, -9.491198104374e-01, 6.242446641533e-06, 1.4364e+02, 2.9279e+00, 
 1DIAGNOSTIC,    39, -9.486626067517e-01, -6.812562507244e-07, 1.4656e+02, 2.9187e+00, 
XXDIAGNOSTIC,Iteration,metricValue,convergenceValue,ITERATION_TIME_INDEX,SINCE_LAST
 1DIAGNOSTIC,     1, -9.011038287546e-01, 1.797693134862e+308, 1.7220e+02, 2.5634e+01, 
 1DIAGNOSTIC,     2, -9.031312442776e-01, 1.797693134862e+308, 1.9753e+02, 2.5334e+01, 
 1DIAGNOSTIC,     3, -9.060134500329e-01, 1.797693134862e+308, 2.2297e+02, 2.5437e+01, 
 1DIAGNOSTIC,     4, -9.085368878742e-01, 1.797693134862e+308, 2.4913e+02, 2.6163e+01, 
 1DIAGNOSTIC,     5, -9.108333779246e-01, 1.797693134862e+308, 2.7297e+02, 2.3835e+01, 
 1DIAGNOSTIC,     6, -9.128566008920e-01, 1.797693134862e+308, 2.9718e+02, 2.4218e+01, 
 1DIAGNOSTIC,     7, -9.146249195305e-01, 1.797693134862e+308, 3.2110e+02, 2.3921e+01, 
 1DIAGNOSTIC,     8, -9.161949698055e-01, 1.797693134862e+308, 3.4612e+02, 2.5016e+01, 
 1DIAGNOSTIC,     9, -9.176104811726e-01, 1.797693134862e+308, 3.7037e+02, 2.4246e+01, 
 1DIAGNOSTIC,    10, -9.187373356224e-01, 1.270092385157e-03, 3.9476e+02, 2.4394e+01, 
 1DIAGNOSTIC,    11, -9.196657889734e-01, 1.046188996871e-03, 4.1912e+02, 2.4354e+01, 
 1DIAGNOSTIC,    12, -9.206225874157e-01, 8.425646982965e-04, 4.4461e+02, 2.5492e+01, 
 1DIAGNOSTIC,    13, -9.213672308738e-01, 6.803859070653e-04, 4.6889e+02, 2.4283e+01, 
 1DIAGNOSTIC,    14, -9.221416143010e-01, 5.523486408225e-04, 4.9331e+02, 2.4416e+01, 
 1DIAGNOSTIC,    15, -9.227375810300e-01, 4.505016366662e-04, 5.1854e+02, 2.5232e+01, 
 1DIAGNOSTIC,    16, -9.232761985915e-01, 3.695858987103e-04, 5.4313e+02, 2.4588e+01, 
 1DIAGNOSTIC,    17, -9.237714950994e-01, 3.052732781216e-04, 5.6780e+02, 2.4675e+01, 
 1DIAGNOSTIC,    18, -9.242343492330e-01, 2.546929216024e-04, 5.9253e+02, 2.4726e+01, 
 1DIAGNOSTIC,    19, -9.246715131930e-01, 2.159313865748e-04, 6.1685e+02, 2.4319e+01, 
 1DIAGNOSTIC,    20, -9.250851385117e-01, 1.847915389711e-04, 6.4115e+02, 2.4303e+01, 
 1DIAGNOSTIC,    21, -9.254838033927e-01, 1.588962916202e-04, 6.6557e+02, 2.4421e+01, 
 1DIAGNOSTIC,    22, -9.258701399972e-01, 1.394006395400e-04, 6.8993e+02, 2.4356e+01, 
 1DIAGNOSTIC,    23, -9.262475255804e-01, 1.235845547090e-04, 7.1405e+02, 2.4119e+01, 
 1DIAGNOSTIC,    24, -9.266218396912e-01, 1.122924255687e-04, 7.3837e+02, 2.4326e+01, 
 1DIAGNOSTIC,    25, -9.269918749904e-01, 1.033003649641e-04, 7.6272e+02, 2.4351e+01, 
 1DIAGNOSTIC,    26, -9.273637768305e-01, 9.610960766736e-05, 7.8724e+02, 2.4512e+01, 
 1DIAGNOSTIC,    27, -9.277318146739e-01, 9.028237073401e-05, 8.1151e+02, 2.4274e+01, 
 1DIAGNOSTIC,    28, -9.280645370968e-01, 8.513997723951e-05, 8.3600e+02, 2.4490e+01, 
 1DIAGNOSTIC,    29, -9.283659216067e-01, 8.019691767768e-05, 8.6001e+02, 2.4011e+01, 
 1DIAGNOSTIC,    30, -9.286390810896e-01, 7.509408132541e-05, 8.8422e+02, 2.4212e+01, 
 1DIAGNOSTIC,    31, -9.288870542427e-01, 6.967559600830e-05, 9.0827e+02, 2.4046e+01, 
 1DIAGNOSTIC,    32, -9.291136053783e-01, 6.392978691083e-05, 9.3271e+02, 2.4445e+01, 
 1DIAGNOSTIC,    33, -9.293207769423e-01, 5.796451426153e-05, 9.5683e+02, 2.4121e+01, 
 1DIAGNOSTIC,    34, -9.295169281007e-01, 5.205895998094e-05, 9.8147e+02, 2.4640e+01, 
 1DIAGNOSTIC,    35, -9.297010942061e-01, 4.646017239958e-05, 1.0058e+03, 2.4284e+01, 
 1DIAGNOSTIC,    36, -9.298781225415e-01, 4.148424343127e-05, 1.0300e+03, 2.4209e+01, 
 1DIAGNOSTIC,    37, -9.300480163960e-01, 3.734316394493e-05, 1.0543e+03, 2.4307e+01, 
 1DIAGNOSTIC,    38, -9.302131635494e-01, 3.393648570749e-05, 1.0786e+03, 2.4374e+01, 
 1DIAGNOSTIC,    39, -9.303783574001e-01, 3.119337009430e-05, 1.1037e+03, 2.5035e+01, 
 1DIAGNOSTIC,    40, -9.305378053900e-01, 2.898183162978e-05, 1.1281e+03, 2.4395e+01, 
 1DIAGNOSTIC,    41, -9.306957799993e-01, 2.720201342274e-05, 1.1524e+03, 2.4349e+01, 
 1DIAGNOSTIC,    42, -9.308488341631e-01, 2.573428381737e-05, 1.1767e+03, 2.4263e+01, 
 1DIAGNOSTIC,    43, -9.310008842223e-01, 2.448996776715e-05, 1.2013e+03, 2.4579e+01, 
 1DIAGNOSTIC,    44, -9.311514098733e-01, 2.342810358088e-05, 1.2260e+03, 2.4706e+01, 
 1DIAGNOSTIC,    45, -9.312925630098e-01, 2.243892624159e-05, 1.2507e+03, 2.4754e+01, 
 1DIAGNOSTIC,    46, -9.314285910016e-01, 2.148305833533e-05, 1.2753e+03, 2.4572e+01, 
 1DIAGNOSTIC,    47, -9.315592541181e-01, 2.052192856943e-05, 1.3000e+03, 2.4670e+01, 
 1DIAGNOSTIC,    48, -9.316847353712e-01, 1.953944451674e-05, 1.3248e+03, 2.4788e+01, 
 1DIAGNOSTIC,    49, -9.318069990462e-01, 1.857069806282e-05, 1.3498e+03, 2.5010e+01, 
 1DIAGNOSTIC,    50, -9.319285328504e-01, 1.762993524944e-05, 1.3748e+03, 2.4989e+01, 
XXDIAGNOSTIC,Iteration,metricValue,convergenceValue,ITERATION_TIME_INDEX,SINCE_LAST
 1DIAGNOSTIC,     1, -8.889813419235e-01, 1.797693134862e+308, 1.6065e+03, 2.3179e+02, 
 1DIAGNOSTIC,     2, -8.899416805560e-01, 1.797693134862e+308, 1.8399e+03, 2.3337e+02, 
 1DIAGNOSTIC,     3, -8.915092594549e-01, 1.797693134862e+308, 2.0740e+03, 2.3406e+02, 
 1DIAGNOSTIC,     4, -8.930346123247e-01, 1.797693134862e+308, 2.3125e+03, 2.3855e+02, 
 1DIAGNOSTIC,     5, -8.946384761808e-01, 1.797693134862e+308, 2.5510e+03, 2.3844e+02, 
 1DIAGNOSTIC,     6, -8.959729699813e-01, 1.797693134862e+308, 2.7870e+03, 2.3603e+02, 
 1DIAGNOSTIC,     7, -8.973332823599e-01, 1.797693134862e+308, 3.0220e+03, 2.3497e+02, 
 1DIAGNOSTIC,     8, -8.986035732143e-01, 1.797693134862e+308, 3.2567e+03, 2.3468e+02, 
 1DIAGNOSTIC,     9, -8.998318438385e-01, 1.797693134862e+308, 3.4929e+03, 2.3624e+02, 
 1DIAGNOSTIC,    10, -9.010202437818e-01, 8.886643465947e-04, 3.7286e+03, 2.3570e+02, 
 1DIAGNOSTIC,    11, -9.021830596668e-01, 7.932002138604e-04, 3.9646e+03, 2.3599e+02, 
 1DIAGNOSTIC,    12, -9.032758159235e-01, 6.962677750390e-04, 4.2044e+03, 2.3982e+02, 
 1DIAGNOSTIC,    13, -9.043257478517e-01, 6.147402785679e-04, 4.4451e+03, 2.4073e+02, 
 1DIAGNOSTIC,    14, -9.051039792731e-01, 5.406344801552e-04, 4.6806e+03, 2.3543e+02, 
 1DIAGNOSTIC,    15, -9.058328520838e-01, 4.760927330217e-04, 4.9170e+03, 2.3648e+02, 
 1DIAGNOSTIC,    16, -9.065300562237e-01, 4.158677576411e-04, 5.1539e+03, 2.3687e+02, 
 1DIAGNOSTIC,    17, -9.071908730241e-01, 3.617603775085e-04, 5.3892e+03, 2.3525e+02, 
 1DIAGNOSTIC,    18, -9.078053583752e-01, 3.131119332148e-04, 5.6270e+03, 2.3779e+02, 
 1DIAGNOSTIC,    19, -9.083893719056e-01, 2.705645706177e-04, 5.8639e+03, 2.3697e+02, 
 1DIAGNOSTIC,    20, -9.089370813960e-01, 2.344187808631e-04, 6.0930e+03, 2.2906e+02, 
  Elapsed time (stage 0): 6094.85


Total elapsed time: 6094.85
