
##########################
# Experiment information #
##########################
SIF_IMG: /project/rrg-glatard/mdugre/containers/ants-p2-vprec.sif
EXPERIMENT_NAME: vprec-space_search
CONFIG: 0100
VFC_BACKENDS: libinterflop_vprec.so --range-binary32=7 --precision-binary32=7 --range-binary64=7 --precision-binary64=7

FIXED_IMG: /templateflow/tpl-MNI152NLin2009cAsym/tpl-MNI152NLin2009cAsym_res-01_desc-brain_T1w.nii.gz
SUBJECT_ID: 0003004
INPUT_IMG: /project/rrg-glatard/mdugre/datasets/corr/RawDataBIDS/BMB_1/derivatives/antsBrainExtraction/sub-0003004/BrainExtractionBrain.nii.gz
OUTPUT_DIR: /project/rrg-glatard/mdugre/datasets/corr/RawDataBIDS/BMB_1/derivatives/vprec-space_search/0100/r7-p7/sub-0003004

ITK_GLOBAL_DEFAULT_NUMBER_OF_THREADS: 8
##########################

VFC_BACKENDS=libinterflop_ieee.so
Info [verificarlo]: loaded backend libinterflop_ieee.so
Info [interflop-ieee]: load backend with:
Info [interflop-ieee]: debug = false
Info [interflop-ieee]: debug-binary = false
Info [interflop-ieee]: no-backend-name = false
Info [interflop-ieee]: print-new-line = false
Info [interflop-ieee]: print-subnormal-normalized = false
Info [interflop-ieee]: count-op = false
All_Command_lines_OK
Using double precision for computations.
=============================================================================
The composite transform comprises the following transforms (in order): 
  1. Center of mass alignment using fixed image: /templateflow/tpl-MNI152NLin2009cAsym/tpl-MNI152NLin2009cAsym_res-01_desc-brain_T1w.nii.gz and moving image: /project/rrg-glatard/mdugre/datasets/corr/RawDataBIDS/BMB_1/derivatives/antsBrainExtraction/sub-0003004/BrainExtractionBrain.nii.gz (type = Euler3DTransform)
=============================================================================
  number of levels = 1
  fixed image: /templateflow/tpl-MNI152NLin2009cAsym/tpl-MNI152NLin2009cAsym_res-01_desc-brain_T1w.nii.gz
  moving image: /project/rrg-glatard/mdugre/datasets/corr/RawDataBIDS/BMB_1/derivatives/antsBrainExtraction/sub-0003004/BrainExtractionBrain.nii.gz
Dimension = 3
Number of stages = 1
Use histogram matching = false
Winsorize image intensities = true
  Lower quantile = 0.005
  Upper quantile = 0.995


Stage 1 State
   Image metric = MattesMI
     Fixed image = Image (0x517f390)
  RTTI typeinfo:   itk::Image<double, 3u>
  Reference Count: 2
  Modified Time: 2334
  Debug: Off
  Object Name: 
  Observers: 
    none
  Source: (none)
  Source output name: (none)
  Release Data: Off
  Data Released: False
  Global Release Data: Off
  PipelineMTime: 0
  UpdateMTime: 1943
  RealTimeStamp: 0 seconds 
  LargestPossibleRegion: 
    Dimension: 3
    Index: [0, 0, 0]
    Size: [193, 229, 193]
  BufferedRegion: 
    Dimension: 3
    Index: [0, 0, 0]
    Size: [193, 229, 193]
  RequestedRegion: 
    Dimension: 3
    Index: [0, 0, 0]
    Size: [193, 229, 193]
  Spacing: [1, 1, 1]
  Origin: [96, 132, -78]
  Direction: 
-1 0 0
0 -1 0
0 0 1

  IndexToPointMatrix: 
-1 0 0
0 -1 0
0 0 1

  PointToIndexMatrix: 
-1 0 0
0 -1 0
0 0 1

  Inverse Direction: 
-1 0 0
0 -1 0
0 0 1

  PixelContainer: 
    ImportImageContainer (0x524aa90)
      RTTI typeinfo:   itk::ImportImageContainer<unsigned long, double>
      Reference Count: 1
      Modified Time: 1940
      Debug: Off
      Object Name: 
      Observers: 
        none
      Pointer: 0x14f722355010
      Container manages memory: true
      Size: 8530021
      Capacity: 8530021

     Moving image = Image (0x517d290)
  RTTI typeinfo:   itk::Image<double, 3u>
  Reference Count: 2
  Modified Time: 2335
  Debug: Off
  Object Name: 
  Observers: 
    none
  Source: (none)
  Source output name: (none)
  Release Data: Off
  Data Released: False
  Global Release Data: Off
  PipelineMTime: 0
  UpdateMTime: 2332
  RealTimeStamp: 0 seconds 
  LargestPossibleRegion: 
    Dimension: 3
    Index: [0, 0, 0]
    Size: [176, 256, 256]
  BufferedRegion: 
    Dimension: 3
    Index: [0, 0, 0]
    Size: [176, 256, 256]
  RequestedRegion: 
    Dimension: 3
    Index: [0, 0, 0]
    Size: [176, 256, 256]
  Spacing: [1, 1, 1]
  Origin: [-91.5482, 112.526, -105.567]
  Direction: 
1 0 0
0 -1 0
0 0 1

  IndexToPointMatrix: 
1 0 0
0 -1 0
0 0 1

  PointToIndexMatrix: 
1 0 0
0 -1 0
0 0 1

  Inverse Direction: 
1 0 0
0 -1 0
0 0 1

  PixelContainer: 
    ImportImageContainer (0x51aa850)
      RTTI typeinfo:   itk::ImportImageContainer<unsigned long, double>
      Reference Count: 1
      Modified Time: 2329
      Debug: Off
      Object Name: 
      Observers: 
        none
      Pointer: 0x14f71cb54010
      Container manages memory: true
      Size: 11534336
      Capacity: 11534336

     Weighting = 1
     Sampling strategy = regular
     Number of bins = 32
     Radius = 4
     Sampling percentage  = 0.25
   Transform = Rigid
     Gradient step = 0.1
     Update field sigma (voxel space) = 0
     Total field sigma (voxel space) = 0
     Update field time sigma = 0
     Total field time sigma  = 0
     Number of time indices = 0
     Number of time point samples = 0
Registration using 1 total stages.

Stage 0
  iterations = 0
  convergence threshold = 1e-06
  convergence window size = 10
  number of levels = 1
  using the Mattes MI metric (number of bins = 32, weight = 1, use gradient filter = 0)
  preprocessing:  winsorizing the image intensities
  Shrink factors (level 1 out of 1): [1, 1, 1]
  smoothing sigmas per level: [0]
  regular sampling (percentage = 0.25)

*** Running Euler3DTransform registration ***

  Elapsed time (stage 0): 0.974634


Total elapsed time: 0.976094
VFC_BACKENDS=libinterflop_vprec.so --range-binary32=7 --precision-binary32=7 --range-binary64=7 --precision-binary64=7
Info [verificarlo]: loaded backend libinterflop_vprec.so
Info [interflop-vprec]: load backend with: 
Info [interflop-vprec]: precision-binary32 = 7
Info [interflop-vprec]: range-binary32 = 7
Info [interflop-vprec]: precision-binary64 = 7
Info [interflop-vprec]: range-binary64 = 7
Info [interflop-vprec]: mode = ob
Info [interflop-vprec]: error-mode = rel
Info [interflop-vprec]: max-abs-error-exponent = -1022
Info [interflop-vprec]: daz = false
Info [interflop-vprec]: ftz = false
Info [interflop-vprec]: 	instrument = none
Info [interflop-vprec]: 	prec-input-file = (null)
Info [interflop-vprec]: 	prec-output-file = (null)
Info [interflop-vprec]: 	prec-log-file = (null)
All_Command_lines_OK
Using double precision for computations.
=============================================================================
The composite transform comprises the following transforms (in order): 
  1. /project/rrg-glatard/mdugre/datasets/corr/RawDataBIDS/BMB_1/derivatives/vprec-space_search/0100/r7-p7/sub-0003004/align_Composite.h5[0] (type = Euler3DTransform)
  2. /project/rrg-glatard/mdugre/datasets/corr/RawDataBIDS/BMB_1/derivatives/vprec-space_search/0100/r7-p7/sub-0003004/align_Composite.h5[1] (type = Euler3DTransform)
=============================================================================
  number of levels = 4
  fixed image: /templateflow/tpl-MNI152NLin2009cAsym/tpl-MNI152NLin2009cAsym_res-01_desc-brain_T1w.nii.gz
  moving image: /project/rrg-glatard/mdugre/datasets/corr/RawDataBIDS/BMB_1/derivatives/antsBrainExtraction/sub-0003004/BrainExtractionBrain.nii.gz
Dimension = 3
Number of stages = 1
Use histogram matching = false
Winsorize image intensities = true
  Lower quantile = 0.005
  Upper quantile = 0.995


Stage 1 State
   Image metric = MattesMI
     Fixed image = Image (0x486b300)
  RTTI typeinfo:   itk::Image<double, 3u>
  Reference Count: 2
  Modified Time: 1578
  Debug: Off
  Object Name: 
  Observers: 
    none
  Source: (none)
  Source output name: (none)
  Release Data: Off
  Data Released: False
  Global Release Data: Off
  PipelineMTime: 0
  UpdateMTime: 1189
  RealTimeStamp: 0 seconds 
  LargestPossibleRegion: 
    Dimension: 3
    Index: [0, 0, 0]
    Size: [193, 229, 193]
  BufferedRegion: 
    Dimension: 3
    Index: [0, 0, 0]
    Size: [193, 229, 193]
  RequestedRegion: 
    Dimension: 3
    Index: [0, 0, 0]
    Size: [193, 229, 193]
  Spacing: [1, 1, 1]
  Origin: [96, 132, -78]
  Direction: 
-1 0 0
0 -1 0
0 0 1

  IndexToPointMatrix: 
-1 0 0
0 -1 0
0 0 1

  PointToIndexMatrix: 
-1 0 0
0 -1 0
0 0 1

  Inverse Direction: 
-1 0 0
0 -1 0
0 0 1

  PixelContainer: 
    ImportImageContainer (0x4929d00)
      RTTI typeinfo:   itk::ImportImageContainer<unsigned long, double>
      Reference Count: 1
      Modified Time: 1186
      Debug: Off
      Object Name: 
      Observers: 
        none
      Pointer: 0x14d046c59010
      Container manages memory: true
      Size: 8530021
      Capacity: 8530021

     Moving image = Image (0x4926030)
  RTTI typeinfo:   itk::Image<double, 3u>
  Reference Count: 2
  Modified Time: 1579
  Debug: Off
  Object Name: 
  Observers: 
    none
  Source: (none)
  Source output name: (none)
  Release Data: Off
  Data Released: False
  Global Release Data: Off
  PipelineMTime: 0
  UpdateMTime: 1576
  RealTimeStamp: 0 seconds 
  LargestPossibleRegion: 
    Dimension: 3
    Index: [0, 0, 0]
    Size: [176, 256, 256]
  BufferedRegion: 
    Dimension: 3
    Index: [0, 0, 0]
    Size: [176, 256, 256]
  RequestedRegion: 
    Dimension: 3
    Index: [0, 0, 0]
    Size: [176, 256, 256]
  Spacing: [1, 1, 1]
  Origin: [-91.5, 112.5, -105.5]
  Direction: 
1 0 0
0 -1 0
0 0 1

  IndexToPointMatrix: 
1 0 0
0 -1 0
0 0 1

  PointToIndexMatrix: 
1 0 0
0 -1 0
0 0 1

  Inverse Direction: 
1 0 0
0 -1 0
0 0 1

  PixelContainer: 
    ImportImageContainer (0x48f3d70)
      RTTI typeinfo:   itk::ImportImageContainer<unsigned long, double>
      Reference Count: 1
      Modified Time: 1573
      Debug: Off
      Object Name: 
      Observers: 
        none
      Pointer: 0x14d041458010
      Container manages memory: true
      Size: 11534336
      Capacity: 11534336

     Weighting = 1
     Sampling strategy = regular
     Number of bins = 32
     Radius = 4
     Sampling percentage  = 0.25
   Transform = Rigid
     Gradient step = 0.1
     Update field sigma (voxel space) = 0
     Total field sigma (voxel space) = 0
     Update field time sigma = 0
     Total field time sigma  = 0
     Number of time indices = 0
     Number of time point samples = 0
Registration using 1 total stages.

Stage 0
  iterations = 1000x500x250x100
  convergence threshold = 1e-06
  convergence window size = 10
  number of levels = 4
  using the Mattes MI metric (number of bins = 32, weight = 1, use gradient filter = 0)
  preprocessing:  winsorizing the image intensities
  Shrink factors (level 1 out of 4): [8, 8, 8]
  Shrink factors (level 2 out of 4): [4, 4, 4]
  Shrink factors (level 3 out of 4): [2, 2, 2]
  Shrink factors (level 4 out of 4): [1, 1, 1]
  smoothing sigmas per level: [3, 2, 1, 0]
  regular sampling (percentage = 0.25)

*** Running Euler3DTransform registration ***

DIAGNOSTIC,Iteration,metricValue,convergenceValue,ITERATION_TIME_INDEX,SINCE_LAST
 2DIAGNOSTIC,     1, -5.385781316743e-01, 1.797693134862e+308, 0.0000e+00, 0.0000e+00, 
 2DIAGNOSTIC,     2, -5.387620888242e-01, 1.797693134862e+308, 0.0000e+00, 0.0000e+00, 
 2DIAGNOSTIC,     3, -5.394698804461e-01, 1.797693134862e+308, 0.0000e+00, 0.0000e+00, 
 2DIAGNOSTIC,     4, -5.415830934621e-01, 1.797693134862e+308, 0.0000e+00, 0.0000e+00, 
 2DIAGNOSTIC,     5, -5.416029416623e-01, 1.797693134862e+308, 0.0000e+00, 0.0000e+00, 
 2DIAGNOSTIC,     6, -5.411217434078e-01, 1.797693134862e+308, 0.0000e+00, 0.0000e+00, 
 2DIAGNOSTIC,     7, -5.417500175871e-01, 1.797693134862e+308, 0.0000e+00, 0.0000e+00, 
 2DIAGNOSTIC,     8, -5.442774965080e-01, 1.797693134862e+308, 0.0000e+00, 0.0000e+00, 
 2DIAGNOSTIC,     9, -5.442162175564e-01, 1.797693134862e+308, 0.0000e+00, 0.0000e+00, 
 2DIAGNOSTIC,    10, -5.445076268785e-01, 7.376664443125e-04, 0.0000e+00, 0.0000e+00, 
 2DIAGNOSTIC,    11, -5.469494007095e-01, 7.519262937723e-04, 0.0000e+00, 0.0000e+00, 
 2DIAGNOSTIC,    12, -5.476436104394e-01, 7.309635496516e-04, 0.0000e+00, 0.0000e+00, 
 2DIAGNOSTIC,    13, -5.516092408044e-01, 8.311900336965e-04, 0.0000e+00, 0.0000e+00, 
 2DIAGNOSTIC,    14, -5.516048006921e-01, 9.175257931225e-04, 0.0000e+00, 0.0000e+00, 
 2DIAGNOSTIC,    15, -5.549326329399e-01, 1.027798281645e-03, 0.0000e+00, 0.0000e+00, 
 2DIAGNOSTIC,    16, -5.561949090307e-01, 1.053624075343e-03, 0.0000e+00, 0.0000e+00, 
 2DIAGNOSTIC,    17, -5.645013985481e-01, 1.247977418629e-03, 0.0000e+00, 0.0000e+00, 
 2DIAGNOSTIC,    18, -5.740944694111e-01, 1.648055171175e-03, 0.0000e+00, 0.0000e+00, 
 2DIAGNOSTIC,    19, -5.764395805662e-01, 1.908626428400e-03, 0.0000e+00, 0.0000e+00, 
 2DIAGNOSTIC,    20, -6.001457366670e-01, 2.581484971843e-03, 0.0000e+00, 0.0000e+00, 
 2DIAGNOSTIC,    21, -6.184668475369e-01, 3.433677358250e-03, 0.0000e+00, 0.0000e+00, 
 2DIAGNOSTIC,    22, -6.175547117120e-01, 3.866083927911e-03, 0.0000e+00, 0.0000e+00, 
 2DIAGNOSTIC,    23, -6.198572819313e-01, 4.045269033383e-03, 0.0000e+00, 0.0000e+00, 
 2DIAGNOSTIC,    24, -6.244422103730e-01, 3.926842623993e-03, 0.0000e+00, 0.0000e+00, 
 2DIAGNOSTIC,    25, -6.253341801492e-01, 3.529693090605e-03, 0.0000e+00, 0.0000e+00, 
 2DIAGNOSTIC,    26, -6.197694047204e-01, 2.746142459189e-03, 0.0000e+00, 0.0000e+00, 
 2DIAGNOSTIC,    27, -6.145247352035e-01, 1.830585929268e-03, 0.0000e+00, 0.0000e+00, 
 2DIAGNOSTIC,    28, -6.183598174867e-01, 1.060995494091e-03, 0.0000e+00, 0.0000e+00, 
 2DIAGNOSTIC,    29, -6.182858508834e-01, 2.737304407907e-04, 0.0000e+00, 0.0000e+00, 
DIAGNOSTIC,Iteration,metricValue,convergenceValue,ITERATION_TIME_INDEX,SINCE_LAST
 2DIAGNOSTIC,     1, -4.891059688367e-01, 1.797693134862e+308, 0.0000e+00, 0.0000e+00, 
 2DIAGNOSTIC,     2, -4.881125044460e-01, 1.797693134862e+308, 0.0000e+00, 0.0000e+00, 
 2DIAGNOSTIC,     3, -4.878656082929e-01, 1.797693134862e+308, 0.0000e+00, 0.0000e+00, 
 2DIAGNOSTIC,     4, -4.879559130576e-01, 1.797693134862e+308, 0.0000e+00, 0.0000e+00, 
 2DIAGNOSTIC,     5, -4.883615607813e-01, 1.797693134862e+308, 0.0000e+00, 0.0000e+00, 
 2DIAGNOSTIC,     6, -4.888245827901e-01, 1.797693134862e+308, 0.0000e+00, 0.0000e+00, 
 2DIAGNOSTIC,     7, -4.889938463730e-01, 1.797693134862e+308, 0.0000e+00, 0.0000e+00, 
 2DIAGNOSTIC,     8, -4.892098225603e-01, 1.797693134862e+308, 0.0000e+00, 0.0000e+00, 
 2DIAGNOSTIC,     9, -4.894425868239e-01, 1.797693134862e+308, 0.0000e+00, 0.0000e+00, 
 2DIAGNOSTIC,    10, -4.899264911471e-01, 2.025669941239e-04, 0.0000e+00, 0.0000e+00, 
 2DIAGNOSTIC,    11, -4.902556743716e-01, 2.857329707519e-04, 0.0000e+00, 0.0000e+00, 
 2DIAGNOSTIC,    12, -4.904589811787e-01, 2.915549974392e-04, 0.0000e+00, 0.0000e+00, 
 2DIAGNOSTIC,    13, -4.877854021683e-01, 1.403524780927e-04, 0.0000e+00, 0.0000e+00, 
DIAGNOSTIC,Iteration,metricValue,convergenceValue,ITERATION_TIME_INDEX,SINCE_LAST
 2DIAGNOSTIC,     1, -4.201418000843e-01, 1.797693134862e+308, 0.0000e+00, 0.0000e+00, 
 2DIAGNOSTIC,     2, -4.183644040926e-01, 1.797693134862e+308, 0.0000e+00, 0.0000e+00, 
 2DIAGNOSTIC,     3, -4.184212993145e-01, 1.797693134862e+308, 0.0000e+00, 0.0000e+00, 
 2DIAGNOSTIC,     4, -4.187106241570e-01, 1.797693134862e+308, 0.0000e+00, 0.0000e+00, 
 2DIAGNOSTIC,     5, -4.188545607200e-01, 1.797693134862e+308, 0.0000e+00, 0.0000e+00, 
 2DIAGNOSTIC,     6, -4.189889425402e-01, 1.797693134862e+308, 0.0000e+00, 0.0000e+00, 
 2DIAGNOSTIC,     7, -4.191806287007e-01, 1.797693134862e+308, 0.0000e+00, 0.0000e+00, 
 2DIAGNOSTIC,     8, -4.192755098866e-01, 1.797693134862e+308, 0.0000e+00, 0.0000e+00, 
 2DIAGNOSTIC,     9, -4.192724900738e-01, 1.797693134862e+308, 0.0000e+00, 0.0000e+00, 
 2DIAGNOSTIC,    10, -4.193850101095e-01, 5.952676461835e-05, 0.0000e+00, 0.0000e+00, 
 2DIAGNOSTIC,    11, -4.195480413102e-01, 1.631100930873e-04, 0.0000e+00, 0.0000e+00, 
 2DIAGNOSTIC,    12, -4.197265790493e-01, 1.443676970995e-04, 0.0000e+00, 0.0000e+00, 
 2DIAGNOSTIC,    13, -4.198580778606e-01, 1.248914505986e-04, 0.0000e+00, 0.0000e+00, 
 2DIAGNOSTIC,    14, -4.201639829150e-01, 1.256658984538e-04, 0.0000e+00, 0.0000e+00, 
 2DIAGNOSTIC,    15, -4.204405149143e-01, 1.335520641322e-04, 0.0000e+00, 0.0000e+00, 
 2DIAGNOSTIC,    16, -4.205492523817e-01, 1.380467735679e-04, 0.0000e+00, 0.0000e+00, 
 2DIAGNOSTIC,    17, -4.205248796251e-01, 1.359865454695e-04, 0.0000e+00, 0.0000e+00, 
 2DIAGNOSTIC,    18, -4.205248796251e-01, 1.253822485995e-04, 0.0000e+00, 0.0000e+00, 
 2DIAGNOSTIC,    19, -4.205248796251e-01, 1.040658423315e-04, 0.0000e+00, 0.0000e+00, 
 2DIAGNOSTIC,    20, -4.205248796251e-01, 7.878792707153e-05, 0.0000e+00, 0.0000e+00, 
 2DIAGNOSTIC,    21, -4.205248796251e-01, 5.379956097819e-05, 0.0000e+00, 0.0000e+00, 
 2DIAGNOSTIC,    22, -4.205248796251e-01, 3.167405867380e-05, 0.0000e+00, 0.0000e+00, 
 2DIAGNOSTIC,    23, -4.205248796251e-01, 1.227816335570e-05, 0.0000e+00, 0.0000e+00, 
 2DIAGNOSTIC,    24, -4.205248796251e-01, 1.775785767294e-06, 0.0000e+00, 0.0000e+00, 
DIAGNOSTIC,Iteration,metricValue,convergenceValue,ITERATION_TIME_INDEX,SINCE_LAST
 2DIAGNOSTIC,     1, -3.838234734442e-01, 1.797693134862e+308, 0.0000e+00, 0.0000e+00, 
 2DIAGNOSTIC,     2, -3.860270150219e-01, 1.797693134862e+308, 0.0000e+00, 0.0000e+00, 
 2DIAGNOSTIC,     3, -3.860383501838e-01, 1.797693134862e+308, 0.0000e+00, 0.0000e+00, 
 2DIAGNOSTIC,     4, -3.862530036084e-01, 1.797693134862e+308, 0.0000e+00, 0.0000e+00, 
 2DIAGNOSTIC,     5, -3.853610908465e-01, 1.797693134862e+308, 0.0000e+00, 0.0000e+00, 
 2DIAGNOSTIC,     6, -3.852964705782e-01, 1.797693134862e+308, 0.0000e+00, 0.0000e+00, 
 2DIAGNOSTIC,     7, -3.853006083735e-01, 1.797693134862e+308, 0.0000e+00, 0.0000e+00, 
 2DIAGNOSTIC,     8, -3.850524297657e-01, 1.797693134862e+308, 0.0000e+00, 0.0000e+00, 
 2DIAGNOSTIC,     9, -3.846545268010e-01, 1.797693134862e+308, 0.0000e+00, 0.0000e+00, 
  Elapsed time (stage 0): 0.0000e+00


Total elapsed time: 0.0000e+00
VFC_BACKENDS=libinterflop_ieee.so
Info [verificarlo]: loaded backend libinterflop_ieee.so
Info [interflop-ieee]: load backend with:
Info [interflop-ieee]: debug = false
Info [interflop-ieee]: debug-binary = false
Info [interflop-ieee]: no-backend-name = false
Info [interflop-ieee]: print-new-line = false
Info [interflop-ieee]: print-subnormal-normalized = false
Info [interflop-ieee]: count-op = false
All_Command_lines_OK
Using double precision for computations.
=============================================================================
The composite transform comprises the following transforms (in order): 
  1. /project/rrg-glatard/mdugre/datasets/corr/RawDataBIDS/BMB_1/derivatives/vprec-space_search/0100/r7-p7/sub-0003004/rigid_Composite.h5[0] (type = Euler3DTransform)
  2. /project/rrg-glatard/mdugre/datasets/corr/RawDataBIDS/BMB_1/derivatives/vprec-space_search/0100/r7-p7/sub-0003004/rigid_Composite.h5[1] (type = Euler3DTransform)
  3. /project/rrg-glatard/mdugre/datasets/corr/RawDataBIDS/BMB_1/derivatives/vprec-space_search/0100/r7-p7/sub-0003004/rigid_Composite.h5[2] (type = Euler3DTransform)
=============================================================================
  number of levels = 4
  fixed image: /templateflow/tpl-MNI152NLin2009cAsym/tpl-MNI152NLin2009cAsym_res-01_desc-brain_T1w.nii.gz
  moving image: /project/rrg-glatard/mdugre/datasets/corr/RawDataBIDS/BMB_1/derivatives/antsBrainExtraction/sub-0003004/BrainExtractionBrain.nii.gz
Dimension = 3
Number of stages = 1
Use histogram matching = false
Winsorize image intensities = true
  Lower quantile = 0.005
  Upper quantile = 0.995


Stage 1 State
   Image metric = MattesMI
     Fixed image = Image (0x4661650)
  RTTI typeinfo:   itk::Image<double, 3u>
  Reference Count: 2
  Modified Time: 1594
  Debug: Off
  Object Name: 
  Observers: 
    none
  Source: (none)
  Source output name: (none)
  Release Data: Off
  Data Released: False
  Global Release Data: Off
  PipelineMTime: 0
  UpdateMTime: 1203
  RealTimeStamp: 0 seconds 
  LargestPossibleRegion: 
    Dimension: 3
    Index: [0, 0, 0]
    Size: [193, 229, 193]
  BufferedRegion: 
    Dimension: 3
    Index: [0, 0, 0]
    Size: [193, 229, 193]
  RequestedRegion: 
    Dimension: 3
    Index: [0, 0, 0]
    Size: [193, 229, 193]
  Spacing: [1, 1, 1]
  Origin: [96, 132, -78]
  Direction: 
-1 0 0
0 -1 0
0 0 1

  IndexToPointMatrix: 
-1 0 0
0 -1 0
0 0 1

  PointToIndexMatrix: 
-1 0 0
0 -1 0
0 0 1

  Inverse Direction: 
-1 0 0
0 -1 0
0 0 1

  PixelContainer: 
    ImportImageContainer (0x4736330)
      RTTI typeinfo:   itk::ImportImageContainer<unsigned long, double>
      Reference Count: 1
      Modified Time: 1200
      Debug: Off
      Object Name: 
      Observers: 
        none
      Pointer: 0x151973bbf010
      Container manages memory: true
      Size: 8530021
      Capacity: 8530021

     Moving image = Image (0x471c3b0)
  RTTI typeinfo:   itk::Image<double, 3u>
  Reference Count: 2
  Modified Time: 1595
  Debug: Off
  Object Name: 
  Observers: 
    none
  Source: (none)
  Source output name: (none)
  Release Data: Off
  Data Released: False
  Global Release Data: Off
  PipelineMTime: 0
  UpdateMTime: 1592
  RealTimeStamp: 0 seconds 
  LargestPossibleRegion: 
    Dimension: 3
    Index: [0, 0, 0]
    Size: [176, 256, 256]
  BufferedRegion: 
    Dimension: 3
    Index: [0, 0, 0]
    Size: [176, 256, 256]
  RequestedRegion: 
    Dimension: 3
    Index: [0, 0, 0]
    Size: [176, 256, 256]
  Spacing: [1, 1, 1]
  Origin: [-91.5482, 112.526, -105.567]
  Direction: 
1 0 0
0 -1 0
0 0 1

  IndexToPointMatrix: 
1 0 0
0 -1 0
0 0 1

  PointToIndexMatrix: 
1 0 0
0 -1 0
0 0 1

  Inverse Direction: 
1 0 0
0 -1 0
0 0 1

  PixelContainer: 
    ImportImageContainer (0x4730f90)
      RTTI typeinfo:   itk::ImportImageContainer<unsigned long, double>
      Reference Count: 1
      Modified Time: 1589
      Debug: Off
      Object Name: 
      Observers: 
        none
      Pointer: 0x15196e3be010
      Container manages memory: true
      Size: 11534336
      Capacity: 11534336

     Weighting = 1
     Sampling strategy = regular
     Number of bins = 32
     Radius = 4
     Sampling percentage  = 0.25
   Transform = Affine
     Gradient step = 0.1
     Update field sigma (voxel space) = 0
     Total field sigma (voxel space) = 0
     Update field time sigma = 0
     Total field time sigma  = 0
     Number of time indices = 0
     Number of time point samples = 0
Registration using 1 total stages.

Stage 0
  iterations = 1000x500x250x100
  convergence threshold = 1e-06
  convergence window size = 10
  number of levels = 4
  using the Mattes MI metric (number of bins = 32, weight = 1, use gradient filter = 0)
  preprocessing:  winsorizing the image intensities
  Shrink factors (level 1 out of 4): [8, 8, 8]
  Shrink factors (level 2 out of 4): [4, 4, 4]
  Shrink factors (level 3 out of 4): [2, 2, 2]
  Shrink factors (level 4 out of 4): [1, 1, 1]
  smoothing sigmas per level: [3, 2, 1, 0]
  regular sampling (percentage = 0.25)

*** Running AffineTransform registration ***

DIAGNOSTIC,Iteration,metricValue,convergenceValue,ITERATION_TIME_INDEX,SINCE_LAST
 2DIAGNOSTIC,     1, -6.094079056364e-01, 1.797693134862e+308, 1.2094e+00, 1.2094e+00, 
 2DIAGNOSTIC,     2, -6.119970942382e-01, 1.797693134862e+308, 1.2156e+00, 6.1281e-03, 
 2DIAGNOSTIC,     3, -6.164026478436e-01, 1.797693134862e+308, 1.2216e+00, 6.0332e-03, 
 2DIAGNOSTIC,     4, -6.247283152168e-01, 1.797693134862e+308, 1.2276e+00, 6.0191e-03, 
 2DIAGNOSTIC,     5, -6.350608719092e-01, 1.797693134862e+308, 1.2336e+00, 5.9390e-03, 
 2DIAGNOSTIC,     6, -6.537173284867e-01, 1.797693134862e+308, 1.2395e+00, 5.9519e-03, 
 2DIAGNOSTIC,     7, -7.131896816282e-01, 1.797693134862e+308, 1.2454e+00, 5.9299e-03, 
 2DIAGNOSTIC,     8, -7.470866476371e-01, 1.797693134862e+308, 1.2533e+00, 7.8981e-03, 
 2DIAGNOSTIC,     9, -7.621091265682e-01, 1.797693134862e+308, 1.2597e+00, 6.3820e-03, 
 2DIAGNOSTIC,    10, -7.896859920275e-01, 1.881010300509e-02, 1.2671e+00, 7.3631e-03, 
 2DIAGNOSTIC,    11, -8.179104158808e-01, 1.934219814164e-02, 1.2765e+00, 9.4211e-03, 
 2DIAGNOSTIC,    12, -8.204363119537e-01, 1.818724550349e-02, 1.2824e+00, 5.8610e-03, 
 2DIAGNOSTIC,    13, -8.251011019416e-01, 1.589053124134e-02, 1.2884e+00, 6.0339e-03, 
 2DIAGNOSTIC,    14, -8.300711805540e-01, 1.293568942669e-02, 1.2949e+00, 6.5510e-03, 
 2DIAGNOSTIC,    15, -8.310141430753e-01, 9.557979027138e-03, 1.3015e+00, 6.5501e-03, 
 2DIAGNOSTIC,    16, -8.315229284859e-01, 6.218280819866e-03, 1.3073e+00, 5.8420e-03, 
 2DIAGNOSTIC,    17, -8.321758380317e-01, 4.104926438941e-03, 1.3141e+00, 6.7379e-03, 
 2DIAGNOSTIC,    18, -8.326608765323e-01, 2.613514190357e-03, 1.3201e+00, 6.0592e-03, 
 2DIAGNOSTIC,    19, -8.335816931403e-01, 1.364711102270e-03, 1.3261e+00, 5.9550e-03, 
 2DIAGNOSTIC,    20, -8.355336825064e-01, 6.716507870848e-04, 1.3328e+00, 6.7191e-03, 
 2DIAGNOSTIC,    21, -8.394014709457e-01, 5.635459866853e-04, 1.3397e+00, 6.9160e-03, 
 2DIAGNOSTIC,    22, -8.409761571378e-01, 4.812223381963e-04, 1.3497e+00, 9.9518e-03, 
 2DIAGNOSTIC,    23, -8.411026512456e-01, 4.379108242695e-04, 1.3558e+00, 6.0918e-03, 
 2DIAGNOSTIC,    24, -8.409744996128e-01, 4.332172903610e-04, 1.3619e+00, 6.1572e-03, 
 2DIAGNOSTIC,    25, -8.410971075245e-01, 4.039898305389e-04, 1.3682e+00, 6.3202e-03, 
 2DIAGNOSTIC,    26, -8.416146656774e-01, 3.528585665673e-04, 1.3741e+00, 5.8939e-03, 
 2DIAGNOSTIC,    27, -8.421767263103e-01, 2.889372693123e-04, 1.3801e+00, 6.0010e-03, 
 2DIAGNOSTIC,    28, -8.432893591853e-01, 2.243270354178e-04, 1.3886e+00, 8.4510e-03, 
 2DIAGNOSTIC,    29, -8.429139496123e-01, 1.503888999666e-04, 1.3943e+00, 5.7459e-03, 
 2DIAGNOSTIC,    30, -8.429256634789e-01, 9.074300380126e-05, 1.4004e+00, 6.0289e-03, 
 2DIAGNOSTIC,    31, -8.428146063124e-01, 7.017664502036e-05, 1.4076e+00, 7.2200e-03, 
 2DIAGNOSTIC,    32, -8.431755144427e-01, 6.608185154212e-05, 1.4175e+00, 9.9061e-03, 
 2DIAGNOSTIC,    33, -8.432805624336e-01, 5.844071200592e-05, 1.4239e+00, 6.4051e-03, 
 2DIAGNOSTIC,    34, -8.431788626380e-01, 4.355034940243e-05, 1.4298e+00, 5.9161e-03, 
 2DIAGNOSTIC,    35, -8.430751466437e-01, 2.594915521731e-05, 1.4356e+00, 5.8289e-03, 
 2DIAGNOSTIC,    36, -8.433539921690e-01, 1.490192898605e-05, 1.4415e+00, 5.8880e-03, 
 2DIAGNOSTIC,    37, -8.433675016669e-01, 8.217271752254e-06, 1.4473e+00, 5.7712e-03, 
 2DIAGNOSTIC,    38, -8.433768848098e-01, 1.183688339511e-05, 1.4539e+00, 6.5751e-03, 
 2DIAGNOSTIC,    39, -8.438960228967e-01, 1.562758533117e-05, 1.4611e+00, 7.2360e-03, 
 2DIAGNOSTIC,    40, -8.437702961274e-01, 1.675902157304e-05, 1.4681e+00, 7.0300e-03, 
 2DIAGNOSTIC,    41, -8.436422923213e-01, 1.419624496703e-05, 1.4748e+00, 6.7019e-03, 
 2DIAGNOSTIC,    42, -8.435118585082e-01, 1.246523852757e-05, 1.4821e+00, 7.2720e-03, 
 2DIAGNOSTIC,    43, -8.435119085697e-01, 1.060787833961e-05, 1.4896e+00, 7.5269e-03, 
 2DIAGNOSTIC,    44, -8.435119575256e-01, 7.038352154633e-06, 1.4963e+00, 6.6140e-03, 
 2DIAGNOSTIC,    45, -8.435121909091e-01, 2.149530158924e-06, 1.5020e+00, 5.7411e-03, 
DIAGNOSTIC,Iteration,metricValue,convergenceValue,ITERATION_TIME_INDEX,SINCE_LAST
 2DIAGNOSTIC,     1, -7.031263025100e-01, 1.797693134862e+308, 2.7428e+00, 1.2408e+00, 
 2DIAGNOSTIC,     2, -7.045239460101e-01, 1.797693134862e+308, 2.7915e+00, 4.8664e-02, 
 2DIAGNOSTIC,     3, -7.059692395712e-01, 1.797693134862e+308, 2.8388e+00, 4.7348e-02, 
 2DIAGNOSTIC,     4, -7.070136284220e-01, 1.797693134862e+308, 2.8957e+00, 5.6891e-02, 
 2DIAGNOSTIC,     5, -7.078158604028e-01, 1.797693134862e+308, 2.9434e+00, 4.7726e-02, 
 2DIAGNOSTIC,     6, -7.086222585361e-01, 1.797693134862e+308, 2.9913e+00, 4.7905e-02, 
 2DIAGNOSTIC,     7, -7.091221770277e-01, 1.797693134862e+308, 3.0543e+00, 6.2962e-02, 
 2DIAGNOSTIC,     8, -7.093125788955e-01, 1.797693134862e+308, 3.1088e+00, 5.4465e-02, 
 2DIAGNOSTIC,     9, -7.094447266829e-01, 1.797693134862e+308, 3.1577e+00, 4.8895e-02, 
 2DIAGNOSTIC,    10, -7.097565079824e-01, 5.814285273800e-04, 3.2152e+00, 5.7530e-02, 
 2DIAGNOSTIC,    11, -7.101889095874e-01, 4.213383283859e-04, 3.2823e+00, 6.7068e-02, 
 2DIAGNOSTIC,    12, -7.102736856367e-01, 2.989486304822e-04, 3.3303e+00, 4.8060e-02, 
 2DIAGNOSTIC,    13, -7.103133283131e-01, 2.143955673696e-04, 3.3928e+00, 6.2521e-02, 
 2DIAGNOSTIC,    14, -7.103054226782e-01, 1.523521714597e-04, 3.4473e+00, 5.4428e-02, 
 2DIAGNOSTIC,    15, -7.102882816050e-01, 1.053877543303e-04, 3.5118e+00, 6.4571e-02, 
 2DIAGNOSTIC,    16, -7.102805688265e-01, 7.442250549954e-05, 3.5606e+00, 4.8762e-02, 
 2DIAGNOSTIC,    17, -7.102481022887e-01, 5.142070656300e-05, 3.6085e+00, 4.7894e-02, 
 2DIAGNOSTIC,    18, -7.102423980149e-01, 3.066615559379e-05, 3.6618e+00, 5.3290e-02, 
 2DIAGNOSTIC,    19, -7.102341026844e-01, 1.198131899906e-05, 3.7104e+00, 4.8624e-02, 
DIAGNOSTIC,Iteration,metricValue,convergenceValue,ITERATION_TIME_INDEX,SINCE_LAST
 2DIAGNOSTIC,     1, -5.983213025915e-01, 1.797693134862e+308, 5.5681e+00, 1.8577e+00, 
 2DIAGNOSTIC,     2, -5.987324717652e-01, 1.797693134862e+308, 5.9484e+00, 3.8031e-01, 
 2DIAGNOSTIC,     3, -5.991202566733e-01, 1.797693134862e+308, 6.3305e+00, 3.8214e-01, 
 2DIAGNOSTIC,     4, -5.994423145991e-01, 1.797693134862e+308, 6.7156e+00, 3.8505e-01, 
 2DIAGNOSTIC,     5, -5.998821349129e-01, 1.797693134862e+308, 7.0961e+00, 3.8057e-01, 
 2DIAGNOSTIC,     6, -6.006207687060e-01, 1.797693134862e+308, 7.5625e+00, 4.6633e-01, 
 2DIAGNOSTIC,     7, -6.009046866408e-01, 1.797693134862e+308, 8.2984e+00, 7.3598e-01, 
 2DIAGNOSTIC,     8, -6.009033695386e-01, 1.797693134862e+308, 8.7735e+00, 4.7510e-01, 
 2DIAGNOSTIC,     9, -6.009019629447e-01, 1.797693134862e+308, 9.2028e+00, 4.2925e-01, 
 2DIAGNOSTIC,    10, -6.009029376348e-01, 3.126817011950e-04, 9.6611e+00, 4.5835e-01, 
 2DIAGNOSTIC,    11, -6.009012655816e-01, 2.300098108597e-04, 1.0041e+01, 3.7958e-01, 
 2DIAGNOSTIC,    12, -6.009026833498e-01, 1.567561086763e-04, 1.0448e+01, 4.0680e-01, 
 2DIAGNOSTIC,    13, -6.009050372275e-01, 9.534016801911e-05, 1.0880e+01, 4.3200e-01, 
 2DIAGNOSTIC,    14, -6.009060709583e-01, 4.522807034708e-05, 1.1320e+01, 4.4093e-01, 
 2DIAGNOSTIC,    15, -6.009079890786e-01, 1.126570241504e-05, 1.1766e+01, 4.4573e-01, 
 2DIAGNOSTIC,    16, -6.009078717355e-01, 2.324986064201e-06, 1.2193e+01, 4.2690e-01, 
 2DIAGNOSTIC,    17, -6.009076301053e-01, 2.307333813192e-06, 1.2642e+01, 4.4939e-01, 
 2DIAGNOSTIC,    18, -6.009066811075e-01, 2.192250536430e-06, 1.3078e+01, 4.3539e-01, 
 2DIAGNOSTIC,    19, -6.009059800620e-01, 1.996638764441e-06, 1.3567e+01, 4.8905e-01, 
 2DIAGNOSTIC,    20, -6.009050056905e-01, 1.792490751856e-06, 1.4005e+01, 4.3854e-01, 
 2DIAGNOSTIC,    21, -6.009049843758e-01, 1.551026323106e-06, 1.4438e+01, 4.3207e-01, 
 2DIAGNOSTIC,    22, -6.009047055122e-01, 1.351927274809e-06, 1.4879e+01, 4.4197e-01, 
 2DIAGNOSTIC,    23, -6.009031305471e-01, 1.195131507113e-06, 1.5349e+01, 4.6989e-01, 
 2DIAGNOSTIC,    24, -6.008994889528e-01, 1.017688874304e-06, 1.5788e+01, 4.3821e-01, 
DIAGNOSTIC,Iteration,metricValue,convergenceValue,ITERATION_TIME_INDEX,SINCE_LAST
 2DIAGNOSTIC,     1, -5.308698487942e-01, 1.797693134862e+308, 1.9738e+01, 3.9502e+00, 
 2DIAGNOSTIC,     2, -5.312740497124e-01, 1.797693134862e+308, 2.2635e+01, 2.8976e+00, 
 2DIAGNOSTIC,     3, -5.317139238994e-01, 1.797693134862e+308, 2.5535e+01, 2.8996e+00, 
 2DIAGNOSTIC,     4, -5.325377603514e-01, 1.797693134862e+308, 2.8827e+01, 3.2925e+00, 
 2DIAGNOSTIC,     5, -5.326029069882e-01, 1.797693134862e+308, 3.2820e+01, 3.9923e+00, 
 2DIAGNOSTIC,     6, -5.326187526681e-01, 1.797693134862e+308, 3.5655e+01, 2.8353e+00, 
 2DIAGNOSTIC,     7, -5.326691319329e-01, 1.797693134862e+308, 3.8701e+01, 3.0462e+00, 
 2DIAGNOSTIC,     8, -5.326929265031e-01, 1.797693134862e+308, 4.1613e+01, 2.9121e+00, 
 2DIAGNOSTIC,     9, -5.327104564664e-01, 1.797693134862e+308, 4.4504e+01, 2.8911e+00, 
 2DIAGNOSTIC,    10, -5.327703492761e-01, 2.117942365836e-04, 4.8945e+01, 4.4405e+00, 
 2DIAGNOSTIC,    11, -5.327732396478e-01, 1.287864254205e-04, 5.2422e+01, 3.4774e+00, 
 2DIAGNOSTIC,    12, -5.327740189547e-01, 6.628024849339e-05, 5.5648e+01, 3.2257e+00, 
 2DIAGNOSTIC,    13, -5.327739738398e-01, 2.480145630102e-05, 5.8730e+01, 3.0814e+00, 
 2DIAGNOSTIC,    14, -5.327739953154e-01, 1.858295925850e-05, 6.1845e+01, 3.1149e+00, 
 2DIAGNOSTIC,    15, -5.327736785498e-01, 1.399337795290e-05, 6.4709e+01, 2.8641e+00, 
 2DIAGNOSTIC,    16, -5.327730877805e-01, 9.360157559618e-06, 6.7853e+01, 3.1442e+00, 
 2DIAGNOSTIC,    17, -5.327723917434e-01, 6.169306737164e-06, 7.1011e+01, 3.1585e+00, 
 2DIAGNOSTIC,    18, -5.327724289726e-01, 3.650977487404e-06, 7.3802e+01, 2.7904e+00, 
 2DIAGNOSTIC,    19, -5.327733536314e-01, 1.694391511653e-06, 7.6587e+01, 2.7857e+00, 
 2DIAGNOSTIC,    20, -5.327757243715e-01, 1.590547552582e-06, 7.9450e+01, 2.8628e+00, 
 2DIAGNOSTIC,    21, -5.327777318264e-01, 1.619493291333e-06, 8.2338e+01, 2.8874e+00, 
 2DIAGNOSTIC,    22, -5.327843907112e-01, 1.816441909309e-06, 8.5091e+01, 2.7531e+00, 
 2DIAGNOSTIC,    23, -5.327944256469e-01, 2.190117681961e-06, 8.8017e+01, 2.9262e+00, 
 2DIAGNOSTIC,    24, -5.328118881565e-01, 2.841176603860e-06, 9.0834e+01, 2.8170e+00, 
 2DIAGNOSTIC,    25, -5.329168895246e-01, 5.525700333464e-06, 9.6361e+01, 5.5273e+00, 
 2DIAGNOSTIC,    26, -5.329163392330e-01, 7.525590360428e-06, 1.0084e+02, 4.4826e+00, 
 2DIAGNOSTIC,    27, -5.329163993300e-01, 8.799924172333e-06, 1.0368e+02, 2.8346e+00, 
 2DIAGNOSTIC,    28, -5.329163379798e-01, 9.292063943865e-06, 1.0676e+02, 3.0821e+00, 
 2DIAGNOSTIC,    29, -5.329162674282e-01, 8.983445464399e-06, 1.1015e+02, 3.3939e+00, 
 2DIAGNOSTIC,    30, -5.329159045988e-01, 7.956217583462e-06, 1.1330e+02, 3.1434e+00, 
 2DIAGNOSTIC,    31, -5.329158195828e-01, 6.372892586190e-06, 1.1619e+02, 2.8910e+00, 
 2DIAGNOSTIC,    32, -5.329157663733e-01, 4.519368602796e-06, 1.1932e+02, 3.1311e+00, 
 2DIAGNOSTIC,    33, -5.329157122204e-01, 2.617444694937e-06, 1.2238e+02, 3.0565e+00, 
  Elapsed time (stage 0): 1.2410e+02


Total elapsed time: 1.2410e+02
VFC_BACKENDS=libinterflop_ieee.so
Info [verificarlo]: loaded backend libinterflop_ieee.so
Info [interflop-ieee]: load backend with:
Info [interflop-ieee]: debug = false
Info [interflop-ieee]: debug-binary = false
Info [interflop-ieee]: no-backend-name = false
Info [interflop-ieee]: print-new-line = false
Info [interflop-ieee]: print-subnormal-normalized = false
Info [interflop-ieee]: count-op = false
All_Command_lines_OK
Using double precision for computations.
=============================================================================
The composite transform comprises the following transforms (in order): 
  1. /project/rrg-glatard/mdugre/datasets/corr/RawDataBIDS/BMB_1/derivatives/vprec-space_search/0100/r7-p7/sub-0003004/affine_Composite.h5[0] (type = Euler3DTransform)
  2. /project/rrg-glatard/mdugre/datasets/corr/RawDataBIDS/BMB_1/derivatives/vprec-space_search/0100/r7-p7/sub-0003004/affine_Composite.h5[1] (type = Euler3DTransform)
  3. /project/rrg-glatard/mdugre/datasets/corr/RawDataBIDS/BMB_1/derivatives/vprec-space_search/0100/r7-p7/sub-0003004/affine_Composite.h5[2] (type = Euler3DTransform)
  4. /project/rrg-glatard/mdugre/datasets/corr/RawDataBIDS/BMB_1/derivatives/vprec-space_search/0100/r7-p7/sub-0003004/affine_Composite.h5[3] (type = AffineTransform)
=============================================================================
  number of levels = 4
  fixed image: /templateflow/tpl-MNI152NLin2009cAsym/tpl-MNI152NLin2009cAsym_res-01_desc-brain_T1w.nii.gz
  moving image: /project/rrg-glatard/mdugre/datasets/corr/RawDataBIDS/BMB_1/derivatives/antsBrainExtraction/sub-0003004/BrainExtractionBrain.nii.gz
Dimension = 3
Number of stages = 1
Use histogram matching = false
Winsorize image intensities = true
  Lower quantile = 0.005
  Upper quantile = 0.995


Stage 1 State
   Image metric = CC
     Fixed image = Image (0x451f810)
  RTTI typeinfo:   itk::Image<double, 3u>
  Reference Count: 2
  Modified Time: 1608
  Debug: Off
  Object Name: 
  Observers: 
    none
  Source: (none)
  Source output name: (none)
  Release Data: Off
  Data Released: False
  Global Release Data: Off
  PipelineMTime: 0
  UpdateMTime: 1217
  RealTimeStamp: 0 seconds 
  LargestPossibleRegion: 
    Dimension: 3
    Index: [0, 0, 0]
    Size: [193, 229, 193]
  BufferedRegion: 
    Dimension: 3
    Index: [0, 0, 0]
    Size: [193, 229, 193]
  RequestedRegion: 
    Dimension: 3
    Index: [0, 0, 0]
    Size: [193, 229, 193]
  Spacing: [1, 1, 1]
  Origin: [96, 132, -78]
  Direction: 
-1 0 0
0 -1 0
0 0 1

  IndexToPointMatrix: 
-1 0 0
0 -1 0
0 0 1

  PointToIndexMatrix: 
-1 0 0
0 -1 0
0 0 1

  Inverse Direction: 
-1 0 0
0 -1 0
0 0 1

  PixelContainer: 
    ImportImageContainer (0x459a3f0)
      RTTI typeinfo:   itk::ImportImageContainer<unsigned long, double>
      Reference Count: 1
      Modified Time: 1214
      Debug: Off
      Object Name: 
      Observers: 
        none
      Pointer: 0x152305e5b010
      Container manages memory: true
      Size: 8530021
      Capacity: 8530021

     Moving image = Image (0x45f7460)
  RTTI typeinfo:   itk::Image<double, 3u>
  Reference Count: 2
  Modified Time: 1609
  Debug: Off
  Object Name: 
  Observers: 
    none
  Source: (none)
  Source output name: (none)
  Release Data: Off
  Data Released: False
  Global Release Data: Off
  PipelineMTime: 0
  UpdateMTime: 1606
  RealTimeStamp: 0 seconds 
  LargestPossibleRegion: 
    Dimension: 3
    Index: [0, 0, 0]
    Size: [176, 256, 256]
  BufferedRegion: 
    Dimension: 3
    Index: [0, 0, 0]
    Size: [176, 256, 256]
  RequestedRegion: 
    Dimension: 3
    Index: [0, 0, 0]
    Size: [176, 256, 256]
  Spacing: [1, 1, 1]
  Origin: [-91.5482, 112.526, -105.567]
  Direction: 
1 0 0
0 -1 0
0 0 1

  IndexToPointMatrix: 
1 0 0
0 -1 0
0 0 1

  PointToIndexMatrix: 
1 0 0
0 -1 0
0 0 1

  Inverse Direction: 
1 0 0
0 -1 0
0 0 1

  PixelContainer: 
    ImportImageContainer (0x458ff90)
      RTTI typeinfo:   itk::ImportImageContainer<unsigned long, double>
      Reference Count: 1
      Modified Time: 1603
      Debug: Off
      Object Name: 
      Observers: 
        none
      Pointer: 0x15230065a010
      Container manages memory: true
      Size: 11534336
      Capacity: 11534336

     Weighting = 1
     Sampling strategy = none
     Number of bins = 32
     Radius = 4
     Sampling percentage  = 1
   Transform = SyN
     Gradient step = 0.1
     Update field sigma (voxel space) = 3
     Total field sigma (voxel space) = 0
     Update field time sigma = 0
     Total field time sigma  = 0
     Number of time indices = 0
     Number of time point samples = 0
Registration using 1 total stages.

Stage 0
  iterations = 100x70x50x20
  convergence threshold = 1e-06
  convergence window size = 10
  number of levels = 4
  using the CC metric (radius = 4, weight = 1, use gradient filter = 0)
  preprocessing:  winsorizing the image intensities
  Shrink factors (level 1 out of 4): [8, 8, 8]
  Shrink factors (level 2 out of 4): [4, 4, 4]
  Shrink factors (level 3 out of 4): [2, 2, 2]
  Shrink factors (level 4 out of 4): [1, 1, 1]
  smoothing sigmas per level: [3, 2, 1, 0]
  Using default NONE metricSamplingStrategy 

*** Running SyN registration (varianceForUpdateField = 3, varianceForTotalField = 0) ***

XXDIAGNOSTIC,Iteration,metricValue,convergenceValue,ITERATION_TIME_INDEX,SINCE_LAST
 1DIAGNOSTIC,     1, -9.251464067988e-01, 1.797693134862e+308, 1.4512e+00, 1.4512e+00, 
 1DIAGNOSTIC,     2, -9.328761283875e-01, 1.797693134862e+308, 1.7857e+00, 3.3448e-01, 
 1DIAGNOSTIC,     3, -9.392185484541e-01, 1.797693134862e+308, 2.1154e+00, 3.2967e-01, 
 1DIAGNOSTIC,     4, -9.432597973786e-01, 1.797693134862e+308, 2.4480e+00, 3.3261e-01, 
 1DIAGNOSTIC,     5, -9.466583601004e-01, 1.797693134862e+308, 2.7770e+00, 3.2901e-01, 
 1DIAGNOSTIC,     6, -9.493525039916e-01, 1.797693134862e+308, 3.1054e+00, 3.2844e-01, 
 1DIAGNOSTIC,     7, -9.522028143289e-01, 1.797693134862e+308, 3.4381e+00, 3.3271e-01, 
 1DIAGNOSTIC,     8, -9.555958158607e-01, 1.797693134862e+308, 3.7674e+00, 3.2924e-01, 
 1DIAGNOSTIC,     9, -9.592468852468e-01, 1.797693134862e+308, 4.0987e+00, 3.3133e-01, 
 1DIAGNOSTIC,    10, -9.633350717975e-01, 2.325187882050e-03, 4.4266e+00, 3.2791e-01, 
 1DIAGNOSTIC,    11, -9.667940553807e-01, 1.932942377787e-03, 4.7529e+00, 3.2624e-01, 
 1DIAGNOSTIC,    12, -9.683084480221e-01, 1.661217418617e-03, 5.0844e+00, 3.3154e-01, 
 1DIAGNOSTIC,    13, -9.685239351573e-01, 1.432050410797e-03, 5.4114e+00, 3.2700e-01, 
 1DIAGNOSTIC,    14, -9.684115744055e-01, 1.189356284035e-03, 5.7396e+00, 3.2820e-01, 
 1DIAGNOSTIC,    15, -9.690990635700e-01, 9.513375362497e-04, 6.0675e+00, 3.2789e-01, 
 1DIAGNOSTIC,    16, -9.691221054835e-01, 7.056547570926e-04, 6.3954e+00, 3.2787e-01, 
 1DIAGNOSTIC,    17, -9.695028033083e-01, 4.807204977725e-04, 6.7308e+00, 3.3541e-01, 
 1DIAGNOSTIC,    18, -9.694343777720e-01, 2.916851192511e-04, 7.0583e+00, 3.2754e-01, 
 1DIAGNOSTIC,    19, -9.698549733242e-01, 1.588791209789e-04, 7.3849e+00, 3.2658e-01, 
 1DIAGNOSTIC,    20, -9.697839813653e-01, 8.311269672934e-05, 7.7122e+00, 3.2729e-01, 
 1DIAGNOSTIC,    21, -9.701452834179e-01, 6.042817007738e-05, 8.0404e+00, 3.2823e-01, 
 1DIAGNOSTIC,    22, -9.700577975252e-01, 5.346502385405e-05, 8.3683e+00, 3.2791e-01, 
 1DIAGNOSTIC,    23, -9.703765107162e-01, 4.933320920368e-05, 8.6959e+00, 3.2758e-01, 
 1DIAGNOSTIC,    24, -9.702794583220e-01, 3.817782307965e-05, 9.0236e+00, 3.2770e-01, 
 1DIAGNOSTIC,    25, -9.705733319008e-01, 3.615801483312e-05, 9.3512e+00, 3.2756e-01, 
 1DIAGNOSTIC,    26, -9.704661777994e-01, 2.989187120252e-05, 9.6781e+00, 3.2694e-01, 
 1DIAGNOSTIC,    27, -9.707344929071e-01, 2.861200863376e-05, 1.0010e+01, 3.3158e-01, 
 1DIAGNOSTIC,    28, -9.706206709903e-01, 2.274720755462e-05, 1.0338e+01, 3.2814e-01, 
 1DIAGNOSTIC,    29, -9.708687058402e-01, 2.215681421645e-05, 1.0666e+01, 3.2808e-01, 
 1DIAGNOSTIC,    30, -9.707479459345e-01, 1.758549321887e-05, 1.0997e+01, 3.3096e-01, 
 1DIAGNOSTIC,    31, -9.709708750866e-01, 1.740085103021e-05, 1.1329e+01, 3.3240e-01, 
 1DIAGNOSTIC,    32, -9.708464328075e-01, 1.360225370998e-05, 1.1659e+01, 3.3019e-01, 
 1DIAGNOSTIC,    33, -9.710534836744e-01, 1.362276827175e-05, 1.1987e+01, 3.2781e-01, 
 1DIAGNOSTIC,    34, -9.709255512105e-01, 1.038074558573e-05, 1.2315e+01, 3.2797e-01, 
 1DIAGNOSTIC,    35, -9.711177587866e-01, 1.060080976794e-05, 1.2643e+01, 3.2787e-01, 
 1DIAGNOSTIC,    36, -9.709899765776e-01, 7.868450796263e-06, 1.2970e+01, 3.2668e-01, 
 1DIAGNOSTIC,    37, -9.711713409562e-01, 8.273974790907e-06, 1.3297e+01, 3.2745e-01, 
 1DIAGNOSTIC,    38, -9.710445250246e-01, 5.999650835330e-06, 1.3624e+01, 3.2702e-01, 
 1DIAGNOSTIC,    39, -9.712163488521e-01, 6.589297768884e-06, 1.3952e+01, 3.2760e-01, 
 1DIAGNOSTIC,    40, -9.710901385957e-01, 4.703796262662e-06, 1.4279e+01, 3.2692e-01, 
 1DIAGNOSTIC,    41, -9.712566646054e-01, 5.397605041396e-06, 1.4606e+01, 3.2768e-01, 
 1DIAGNOSTIC,    42, -9.711324352173e-01, 3.803349876406e-06, 1.4936e+01, 3.2997e-01, 
 1DIAGNOSTIC,    43, -9.712944328995e-01, 4.577810032571e-06, 1.5264e+01, 3.2774e-01, 
 1DIAGNOSTIC,    44, -9.711721891953e-01, 3.212490786258e-06, 1.5595e+01, 3.3087e-01, 
 1DIAGNOSTIC,    45, -9.713293227651e-01, 4.009590225031e-06, 1.5926e+01, 3.3052e-01, 
 1DIAGNOSTIC,    46, -9.712080699290e-01, 2.803767874517e-06, 1.6255e+01, 3.2968e-01, 
 1DIAGNOSTIC,    47, -9.713619263969e-01, 3.597018996184e-06, 1.6583e+01, 3.2734e-01, 
 1DIAGNOSTIC,    48, -9.712360771307e-01, 2.474010186066e-06, 1.6910e+01, 3.2741e-01, 
 1DIAGNOSTIC,    49, -9.713873621581e-01, 3.212540310948e-06, 1.7256e+01, 3.4637e-01, 
 1DIAGNOSTIC,    50, -9.712623805522e-01, 2.146288480880e-06, 1.7586e+01, 3.2937e-01, 
 1DIAGNOSTIC,    51, -9.714141104580e-01, 2.858667045188e-06, 1.7913e+01, 3.2764e-01, 
 1DIAGNOSTIC,    52, -9.712905710520e-01, 1.878803346202e-06, 1.8258e+01, 3.4508e-01, 
 1DIAGNOSTIC,    53, -9.714396934828e-01, 2.584773968219e-06, 1.8590e+01, 3.3134e-01, 
 1DIAGNOSTIC,    54, -9.713164518754e-01, 1.691465710697e-06, 1.8949e+01, 3.5910e-01, 
 1DIAGNOSTIC,    55, -9.714647192182e-01, 2.398993151322e-06, 1.9277e+01, 3.2803e-01, 
 1DIAGNOSTIC,    56, -9.713424723429e-01, 1.583624386590e-06, 1.9612e+01, 3.3533e-01, 
 1DIAGNOSTIC,    57, -9.714903421831e-01, 2.295784657918e-06, 1.9944e+01, 3.3198e-01, 
 1DIAGNOSTIC,    58, -9.713677380632e-01, 1.515044619319e-06, 2.0278e+01, 3.3413e-01, 
 1DIAGNOSTIC,    59, -9.715146606395e-01, 2.192560941298e-06, 2.0606e+01, 3.2791e-01, 
 1DIAGNOSTIC,    60, -9.713919826761e-01, 1.434585847906e-06, 2.0961e+01, 3.5443e-01, 
 1DIAGNOSTIC,    61, -9.715379625587e-01, 2.086072461608e-06, 2.1317e+01, 3.5657e-01, 
 1DIAGNOSTIC,    62, -9.714151571555e-01, 1.359348771057e-06, 2.1657e+01, 3.3959e-01, 
 1DIAGNOSTIC,    63, -9.715595524326e-01, 1.979337282340e-06, 2.1989e+01, 3.3172e-01, 
 1DIAGNOSTIC,    64, -9.714369188694e-01, 1.271753335003e-06, 2.2339e+01, 3.5036e-01, 
 1DIAGNOSTIC,    65, -9.715803762211e-01, 1.864622518426e-06, 2.2667e+01, 3.2856e-01, 
 1DIAGNOSTIC,    66, -9.714576990759e-01, 1.180601871809e-06, 2.2998e+01, 3.3027e-01, 
 1DIAGNOSTIC,    67, -9.715991536161e-01, 1.751867261309e-06, 2.3348e+01, 3.5060e-01, 
 1DIAGNOSTIC,    68, -9.714756364492e-01, 1.085250762832e-06, 2.3678e+01, 3.2925e-01, 
 1DIAGNOSTIC,    69, -9.716161433551e-01, 1.634605311863e-06, 2.4026e+01, 3.4810e-01, 
 1DIAGNOSTIC,    70, -9.714929451576e-01, 9.896437798626e-07, 2.4356e+01, 3.3034e-01, 
XXDIAGNOSTIC,Iteration,metricValue,convergenceValue,ITERATION_TIME_INDEX,SINCE_LAST
 1DIAGNOSTIC,     1, -9.109274968943e-01, 1.797693134862e+308, 2.8527e+01, 4.1705e+00, 
 1DIAGNOSTIC,     2, -9.138897205817e-01, 1.797693134862e+308, 3.1428e+01, 2.9011e+00, 
 1DIAGNOSTIC,     3, -9.173458543465e-01, 1.797693134862e+308, 3.4357e+01, 2.9290e+00, 
 1DIAGNOSTIC,     4, -9.201394817254e-01, 1.797693134862e+308, 3.7399e+01, 3.0424e+00, 
 1DIAGNOSTIC,     5, -9.225492238897e-01, 1.797693134862e+308, 4.0268e+01, 2.8688e+00, 
 1DIAGNOSTIC,     6, -9.247360103697e-01, 1.797693134862e+308, 4.3123e+01, 2.8549e+00, 
 1DIAGNOSTIC,     7, -9.266721227362e-01, 1.797693134862e+308, 4.6015e+01, 2.8927e+00, 
 1DIAGNOSTIC,     8, -9.282878218040e-01, 1.797693134862e+308, 4.8894e+01, 2.8786e+00, 
 1DIAGNOSTIC,     9, -9.296529060780e-01, 1.797693134862e+308, 5.1755e+01, 2.8606e+00, 
 1DIAGNOSTIC,    10, -9.308415802003e-01, 1.382739040184e-03, 5.4647e+01, 2.8926e+00, 
 1DIAGNOSTIC,    11, -9.318893587896e-01, 1.107285508070e-03, 5.7595e+01, 2.9480e+00, 
 1DIAGNOSTIC,    12, -9.328420807670e-01, 8.777441599114e-04, 6.0535e+01, 2.9401e+00, 
 1DIAGNOSTIC,    13, -9.335372712363e-01, 7.017744179589e-04, 6.3485e+01, 2.9494e+00, 
 1DIAGNOSTIC,    14, -9.342694045676e-01, 5.642017335208e-04, 6.6391e+01, 2.9060e+00, 
 1DIAGNOSTIC,    15, -9.348018292228e-01, 4.532402346589e-04, 6.9293e+01, 2.9018e+00, 
 1DIAGNOSTIC,    16, -9.353453546003e-01, 3.665858293721e-04, 7.2174e+01, 2.8811e+00, 
 1DIAGNOSTIC,    17, -9.359112894265e-01, 3.012241717796e-04, 7.5094e+01, 2.9206e+00, 
 1DIAGNOSTIC,    18, -9.366284865609e-01, 2.547869445828e-04, 7.7971e+01, 2.8762e+00, 
 1DIAGNOSTIC,    19, -9.370926542836e-01, 2.188733041003e-04, 8.0894e+01, 2.9230e+00, 
 1DIAGNOSTIC,    20, -9.377005483996e-01, 1.936428788705e-04, 8.3814e+01, 2.9200e+00, 
 1DIAGNOSTIC,    21, -9.380666821643e-01, 1.732492933040e-04, 8.6697e+01, 2.8829e+00, 
 1DIAGNOSTIC,    22, -9.383975959815e-01, 1.563651316561e-04, 8.9592e+01, 2.8958e+00, 
 1DIAGNOSTIC,    23, -9.387005747997e-01, 1.395120006077e-04, 9.2496e+01, 2.9036e+00, 
 1DIAGNOSTIC,    24, -9.389866221586e-01, 1.239517727889e-04, 9.5413e+01, 2.9168e+00, 
 1DIAGNOSTIC,    25, -9.392487597386e-01, 1.077246820863e-04, 9.8337e+01, 2.9247e+00, 
 1DIAGNOSTIC,    26, -9.394838653216e-01, 9.178600993028e-05, 1.0125e+02, 2.9076e+00, 
 1DIAGNOSTIC,    27, -9.397099811791e-01, 7.732626500184e-05, 1.0412e+02, 2.8759e+00, 
 1DIAGNOSTIC,    28, -9.399201146729e-01, 6.675716727878e-05, 1.0700e+02, 2.8769e+00, 
 1DIAGNOSTIC,    29, -9.401116013598e-01, 5.747518280529e-05, 1.0989e+02, 2.8880e+00, 
 1DIAGNOSTIC,    30, -9.402884399222e-01, 5.138962651544e-05, 1.1275e+02, 2.8645e+00, 
 1DIAGNOSTIC,    31, -9.404459120417e-01, 4.602350715640e-05, 1.1562e+02, 2.8701e+00, 
 1DIAGNOSTIC,    32, -9.405863759140e-01, 4.116729018647e-05, 1.1852e+02, 2.8950e+00, 
 1DIAGNOSTIC,    33, -9.407101014610e-01, 3.668629579805e-05, 1.2145e+02, 2.9320e+00, 
 1DIAGNOSTIC,    34, -9.408233714899e-01, 3.261324326410e-05, 1.2434e+02, 2.8915e+00, 
 1DIAGNOSTIC,    35, -9.409257784361e-01, 2.889942850394e-05, 1.2723e+02, 2.8889e+00, 
 1DIAGNOSTIC,    36, -9.410205003052e-01, 2.548598558501e-05, 1.3027e+02, 3.0444e+00, 
 1DIAGNOSTIC,    37, -9.411115980198e-01, 2.249523445177e-05, 1.3332e+02, 3.0512e+00, 
 1DIAGNOSTIC,    38, -9.411944748401e-01, 1.992057819132e-05, 1.3624e+02, 2.9196e+00, 
 1DIAGNOSTIC,    39, -9.412756449584e-01, 1.776152531153e-05, 1.3915e+02, 2.9070e+00, 
 1DIAGNOSTIC,    40, -9.413539172588e-01, 1.601175367109e-05, 1.4207e+02, 2.9179e+00, 
 1DIAGNOSTIC,    41, -9.414298316511e-01, 1.460594851458e-05, 1.4499e+02, 2.9217e+00, 
 1DIAGNOSTIC,    42, -9.415059127765e-01, 1.349630775742e-05, 1.4789e+02, 2.8959e+00, 
 1DIAGNOSTIC,    43, -9.415809349816e-01, 1.260961737693e-05, 1.5084e+02, 2.9585e+00, 
 1DIAGNOSTIC,    44, -9.416560426649e-01, 1.191503131031e-05, 1.5374e+02, 2.8962e+00, 
 1DIAGNOSTIC,    45, -9.417289355281e-01, 1.135080767153e-05, 1.5665e+02, 2.9118e+00, 
 1DIAGNOSTIC,    46, -9.418004151523e-01, 1.087726062463e-05, 1.5959e+02, 2.9371e+00, 
 1DIAGNOSTIC,    47, -9.418769552943e-01, 1.052064702100e-05, 1.6250e+02, 2.9134e+00, 
 1DIAGNOSTIC,    48, -9.419556645097e-01, 1.024585535022e-05, 1.6541e+02, 2.9040e+00, 
 1DIAGNOSTIC,    49, -9.420302223991e-01, 1.001700185798e-05, 1.6830e+02, 2.8967e+00, 
 1DIAGNOSTIC,    50, -9.421049920515e-01, 9.818719741945e-06, 1.7121e+02, 2.9057e+00, 
 1DIAGNOSTIC,    51, -9.421750651272e-01, 9.606741023137e-06, 1.7409e+02, 2.8853e+00, 
 1DIAGNOSTIC,    52, -9.422467515316e-01, 9.393864839138e-06, 1.7698e+02, 2.8854e+00, 
 1DIAGNOSTIC,    53, -9.423147109241e-01, 9.154225278835e-06, 1.7989e+02, 2.9137e+00, 
 1DIAGNOSTIC,    54, -9.423822069304e-01, 8.894425946964e-06, 1.8279e+02, 2.8936e+00, 
 1DIAGNOSTIC,    55, -9.424400806825e-01, 8.559720866622e-06, 1.8568e+02, 2.8929e+00, 
 1DIAGNOSTIC,    56, -9.424978138167e-01, 8.162762774436e-06, 1.8861e+02, 2.9289e+00, 
 1DIAGNOSTIC,    57, -9.425594648851e-01, 7.776817409391e-06, 1.9152e+02, 2.9147e+00, 
 1DIAGNOSTIC,    58, -9.426254398558e-01, 7.457649995726e-06, 1.9443e+02, 2.9061e+00, 
 1DIAGNOSTIC,    59, -9.426801751664e-01, 7.140140907119e-06, 1.9733e+02, 2.8980e+00, 
 1DIAGNOSTIC,    60, -9.427453572901e-01, 6.899909749676e-06, 2.0022e+02, 2.8956e+00, 
 1DIAGNOSTIC,    61, -9.427963606989e-01, 6.648706011622e-06, 2.0313e+02, 2.9083e+00, 
 1DIAGNOSTIC,    62, -9.428567838869e-01, 6.455282691300e-06, 2.0605e+02, 2.9147e+00, 
 1DIAGNOSTIC,    63, -9.429024523762e-01, 6.234135127407e-06, 2.0898e+02, 2.9306e+00, 
 1DIAGNOSTIC,    64, -9.429645721936e-01, 6.077357565328e-06, 2.1190e+02, 2.9184e+00, 
 1DIAGNOSTIC,    65, -9.429569208403e-01, 5.615224751305e-06, 2.1480e+02, 2.9054e+00, 
 1DIAGNOSTIC,    66, -9.429369552634e-01, 4.848556132316e-06, 2.1769e+02, 2.8928e+00, 
 1DIAGNOSTIC,    67, -9.427405354121e-01, 3.074516558347e-06, 2.2060e+02, 2.9070e+00, 
 1DIAGNOSTIC,    68, -9.428231465107e-01, 1.783068683897e-06, 2.2350e+02, 2.9029e+00, 
 1DIAGNOSTIC,    69, -9.426854743880e-01, 9.855482372909e-09, 2.2644e+02, 2.9371e+00, 
XXDIAGNOSTIC,Iteration,metricValue,convergenceValue,ITERATION_TIME_INDEX,SINCE_LAST
 1DIAGNOSTIC,     1, -8.967859015095e-01, 1.797693134862e+308, 2.5154e+02, 2.5100e+01, 
 1DIAGNOSTIC,     2, -8.992573376370e-01, 1.797693134862e+308, 2.7540e+02, 2.3855e+01, 
 1DIAGNOSTIC,     3, -9.023264261313e-01, 1.797693134862e+308, 2.9900e+02, 2.3600e+01, 
 1DIAGNOSTIC,     4, -9.051229071117e-01, 1.797693134862e+308, 3.2276e+02, 2.3763e+01, 
 1DIAGNOSTIC,     5, -9.076115101833e-01, 1.797693134862e+308, 3.4685e+02, 2.4091e+01, 
 1DIAGNOSTIC,     6, -9.098535783909e-01, 1.797693134862e+308, 3.7091e+02, 2.4064e+01, 
 1DIAGNOSTIC,     7, -9.116639996513e-01, 1.797693134862e+308, 3.9483e+02, 2.3920e+01, 
 1DIAGNOSTIC,     8, -9.132116322911e-01, 1.797693134862e+308, 4.1894e+02, 2.4106e+01, 
 1DIAGNOSTIC,     9, -9.145617612060e-01, 1.797693134862e+308, 4.4297e+02, 2.4032e+01, 
 1DIAGNOSTIC,    10, -9.156331460921e-01, 1.358594269736e-03, 4.6696e+02, 2.3994e+01, 
 1DIAGNOSTIC,    11, -9.167071737076e-01, 1.101180549896e-03, 4.9126e+02, 2.4298e+01, 
 1DIAGNOSTIC,    12, -9.175312479589e-01, 8.729991627213e-04, 5.1538e+02, 2.4116e+01, 
 1DIAGNOSTIC,    13, -9.182290796992e-01, 6.910901662628e-04, 5.3973e+02, 2.4348e+01, 
 1DIAGNOSTIC,    14, -9.188368478015e-01, 5.478697118849e-04, 5.6379e+02, 2.4064e+01, 
 1DIAGNOSTIC,    15, -9.193838158745e-01, 4.364106449063e-04, 5.8800e+02, 2.4214e+01, 
 1DIAGNOSTIC,    16, -9.198924690856e-01, 3.521351727560e-04, 6.1219e+02, 2.4183e+01, 
 1DIAGNOSTIC,    17, -9.203705882498e-01, 2.870423937280e-04, 6.3633e+02, 2.4144e+01, 
 1DIAGNOSTIC,    18, -9.208353397386e-01, 2.373064650728e-04, 6.6016e+02, 2.3825e+01, 
 1DIAGNOSTIC,    19, -9.212916702382e-01, 2.003203323043e-04, 6.8451e+02, 2.4353e+01, 
 1DIAGNOSTIC,    20, -9.217270064177e-01, 1.716975239164e-04, 7.0859e+02, 2.4083e+01, 
 1DIAGNOSTIC,    21, -9.221545807162e-01, 1.519643038885e-04, 7.3264e+02, 2.4050e+01, 
 1DIAGNOSTIC,    22, -9.225698344600e-01, 1.372950980857e-04, 7.5677e+02, 2.4129e+01, 
 1DIAGNOSTIC,    23, -9.229650510914e-01, 1.257892241349e-04, 7.8079e+02, 2.4020e+01, 
 1DIAGNOSTIC,    24, -9.233468656438e-01, 1.162409139004e-04, 8.0488e+02, 2.4084e+01, 
 1DIAGNOSTIC,    25, -9.237230648380e-01, 1.079996295764e-04, 8.2908e+02, 2.4207e+01, 
 1DIAGNOSTIC,    26, -9.240919010570e-01, 1.007082394855e-04, 8.5329e+02, 2.4204e+01, 
 1DIAGNOSTIC,    27, -9.244591232250e-01, 9.418515299471e-05, 8.7765e+02, 2.4360e+01, 
 1DIAGNOSTIC,    28, -9.248193643654e-01, 8.838423587477e-05, 9.0185e+02, 2.4208e+01, 
 1DIAGNOSTIC,    29, -9.251803336235e-01, 8.338270473263e-05, 9.2606e+02, 2.4202e+01, 
 1DIAGNOSTIC,    30, -9.255328970349e-01, 7.897626459556e-05, 9.5024e+02, 2.4181e+01, 
 1DIAGNOSTIC,    31, -9.258827586194e-01, 7.515574770790e-05, 9.7452e+02, 2.4281e+01, 
 1DIAGNOSTIC,    32, -9.262317512949e-01, 7.186033030469e-05, 9.9896e+02, 2.4440e+01, 
 1DIAGNOSTIC,    33, -9.265741171108e-01, 6.888110107110e-05, 1.0232e+03, 2.4215e+01, 
 1DIAGNOSTIC,    34, -9.269105311224e-01, 6.609001523441e-05, 1.0473e+03, 2.4147e+01, 
 1DIAGNOSTIC,    35, -9.272429475265e-01, 6.345944668154e-05, 1.0717e+03, 2.4381e+01, 
 1DIAGNOSTIC,    36, -9.275676971819e-01, 6.091559225737e-05, 1.0958e+03, 2.4136e+01, 
 1DIAGNOSTIC,    37, -9.278806348413e-01, 5.841356467831e-05, 1.1200e+03, 2.4145e+01, 
 1DIAGNOSTIC,    38, -9.281739135197e-01, 5.581454870547e-05, 1.1442e+03, 2.4268e+01, 
 1DIAGNOSTIC,    39, -9.284468103349e-01, 5.307513288088e-05, 1.1687e+03, 2.4485e+01, 
 1DIAGNOSTIC,    40, -9.287000416481e-01, 5.011434509233e-05, 1.1929e+03, 2.4203e+01, 
 1DIAGNOSTIC,    41, -9.289369916279e-01, 4.696046478276e-05, 1.2175e+03, 2.4523e+01, 
 1DIAGNOSTIC,    42, -9.291609590552e-01, 4.371072511130e-05, 1.2418e+03, 2.4323e+01, 
 1DIAGNOSTIC,    43, -9.293747964713e-01, 4.045635180706e-05, 1.2661e+03, 2.4341e+01, 
 1DIAGNOSTIC,    44, -9.295774794536e-01, 3.729193967039e-05, 1.2902e+03, 2.4091e+01, 
 1DIAGNOSTIC,    45, -9.297719146412e-01, 3.434274625938e-05, 1.3147e+03, 2.4466e+01, 
 1DIAGNOSTIC,    46, -9.299585898899e-01, 3.169392996067e-05, 1.3390e+03, 2.4285e+01, 
 1DIAGNOSTIC,    47, -9.301394681329e-01, 2.939362718911e-05, 1.3633e+03, 2.4350e+01, 
 1DIAGNOSTIC,    48, -9.303091250254e-01, 2.737829689908e-05, 1.3876e+03, 2.4257e+01, 
 1DIAGNOSTIC,    49, -9.304692485570e-01, 2.557927295471e-05, 1.4117e+03, 2.4121e+01, 
 1DIAGNOSTIC,    50, -9.306212722980e-01, 2.393304718667e-05, 1.4360e+03, 2.4285e+01, 
XXDIAGNOSTIC,Iteration,metricValue,convergenceValue,ITERATION_TIME_INDEX,SINCE_LAST
 1DIAGNOSTIC,     1, -8.869673559645e-01, 1.797693134862e+308, 1.6629e+03, 2.2688e+02, 
 1DIAGNOSTIC,     2, -8.882741643749e-01, 1.797693134862e+308, 1.8874e+03, 2.2452e+02, 
 1DIAGNOSTIC,     3, -8.898539168658e-01, 1.797693134862e+308, 2.1098e+03, 2.2246e+02, 
 1DIAGNOSTIC,     4, -8.913581296198e-01, 1.797693134862e+308, 2.3321e+03, 2.2224e+02, 
 1DIAGNOSTIC,     5, -8.928355442420e-01, 1.797693134862e+308, 2.5558e+03, 2.2371e+02, 
 1DIAGNOSTIC,     6, -8.942142211934e-01, 1.797693134862e+308, 2.7780e+03, 2.2222e+02, 
 1DIAGNOSTIC,     7, -8.954978630657e-01, 1.797693134862e+308, 2.9972e+03, 2.1924e+02, 
 1DIAGNOSTIC,     8, -8.967194844370e-01, 1.797693134862e+308, 3.2188e+03, 2.2153e+02, 
 1DIAGNOSTIC,     9, -8.979246111044e-01, 1.797693134862e+308, 3.4398e+03, 2.2106e+02, 
 1DIAGNOSTIC,    10, -8.990189170082e-01, 8.769704969854e-04, 3.6588e+03, 2.1902e+02, 
 1DIAGNOSTIC,    11, -8.999019797557e-01, 7.622309096313e-04, 3.8824e+03, 2.2358e+02, 
 1DIAGNOSTIC,    12, -9.008055181738e-01, 6.564505332145e-04, 4.1037e+03, 2.2131e+02, 
 1DIAGNOSTIC,    13, -9.015647605774e-01, 5.644166014308e-04, 4.3250e+03, 2.2124e+02, 
 1DIAGNOSTIC,    14, -9.024357979722e-01, 4.877323071993e-04, 4.5474e+03, 2.2242e+02, 
 1DIAGNOSTIC,    15, -9.031520702926e-01, 4.227512815980e-04, 4.7711e+03, 2.2372e+02, 
 1DIAGNOSTIC,    16, -9.039219971981e-01, 3.695089558019e-04, 4.9930e+03, 2.2188e+02, 
 1DIAGNOSTIC,    17, -9.045073044266e-01, 3.231505942683e-04, 5.2167e+03, 2.2374e+02, 
 1DIAGNOSTIC,    18, -9.050880096289e-01, 2.836277838618e-04, 5.4405e+03, 2.2378e+02, 
 1DIAGNOSTIC,    19, -9.056574986642e-01, 2.513620860759e-04, 5.6626e+03, 2.2213e+02, 
 1DIAGNOSTIC,    20, -9.061734313886e-01, 2.243084474777e-04, 5.8849e+03, 2.2222e+02, 
  Elapsed time (stage 0): 5886.67


Total elapsed time: 5886.68
