
##########################
# Experiment information #
##########################
SIF_IMG: /project/rrg-glatard/mdugre/containers/ants-p2-vprec.sif
EXPERIMENT_NAME: vprec-space_search
CONFIG: 0100
VFC_BACKENDS: libinterflop_vprec.so --range-binary32=7 --precision-binary32=9 --range-binary64=7 --precision-binary64=9

FIXED_IMG: /templateflow/tpl-MNI152NLin2009cAsym/tpl-MNI152NLin2009cAsym_res-01_desc-brain_T1w.nii.gz
SUBJECT_ID: 0003041
INPUT_IMG: /project/rrg-glatard/mdugre/datasets/corr/RawDataBIDS/BMB_1/derivatives/antsBrainExtraction/sub-0003041/BrainExtractionBrain.nii.gz
OUTPUT_DIR: /project/rrg-glatard/mdugre/datasets/corr/RawDataBIDS/BMB_1/derivatives/vprec-space_search/0100/r7-p9/sub-0003041

ITK_GLOBAL_DEFAULT_NUMBER_OF_THREADS: 8
##########################

VFC_BACKENDS=libinterflop_ieee.so
Info [verificarlo]: loaded backend libinterflop_ieee.so
Info [interflop-ieee]: load backend with:
Info [interflop-ieee]: debug = false
Info [interflop-ieee]: debug-binary = false
Info [interflop-ieee]: no-backend-name = false
Info [interflop-ieee]: print-new-line = false
Info [interflop-ieee]: print-subnormal-normalized = false
Info [interflop-ieee]: count-op = false
All_Command_lines_OK
Using double precision for computations.
=============================================================================
The composite transform comprises the following transforms (in order): 
  1. Center of mass alignment using fixed image: /templateflow/tpl-MNI152NLin2009cAsym/tpl-MNI152NLin2009cAsym_res-01_desc-brain_T1w.nii.gz and moving image: /project/rrg-glatard/mdugre/datasets/corr/RawDataBIDS/BMB_1/derivatives/antsBrainExtraction/sub-0003041/BrainExtractionBrain.nii.gz (type = Euler3DTransform)
=============================================================================
  number of levels = 1
  fixed image: /templateflow/tpl-MNI152NLin2009cAsym/tpl-MNI152NLin2009cAsym_res-01_desc-brain_T1w.nii.gz
  moving image: /project/rrg-glatard/mdugre/datasets/corr/RawDataBIDS/BMB_1/derivatives/antsBrainExtraction/sub-0003041/BrainExtractionBrain.nii.gz
Dimension = 3
Number of stages = 1
Use histogram matching = false
Winsorize image intensities = true
  Lower quantile = 0.005
  Upper quantile = 0.995


Stage 1 State
   Image metric = MattesMI
     Fixed image = Image (0x4f18390)
  RTTI typeinfo:   itk::Image<double, 3u>
  Reference Count: 2
  Modified Time: 2330
  Debug: Off
  Object Name: 
  Observers: 
    none
  Source: (none)
  Source output name: (none)
  Release Data: Off
  Data Released: False
  Global Release Data: Off
  PipelineMTime: 0
  UpdateMTime: 1941
  RealTimeStamp: 0 seconds 
  LargestPossibleRegion: 
    Dimension: 3
    Index: [0, 0, 0]
    Size: [193, 229, 193]
  BufferedRegion: 
    Dimension: 3
    Index: [0, 0, 0]
    Size: [193, 229, 193]
  RequestedRegion: 
    Dimension: 3
    Index: [0, 0, 0]
    Size: [193, 229, 193]
  Spacing: [1, 1, 1]
  Origin: [96, 132, -78]
  Direction: 
-1 0 0
0 -1 0
0 0 1

  IndexToPointMatrix: 
-1 0 0
0 -1 0
0 0 1

  PointToIndexMatrix: 
-1 0 0
0 -1 0
0 0 1

  Inverse Direction: 
-1 0 0
0 -1 0
0 0 1

  PixelContainer: 
    ImportImageContainer (0x4fe3a90)
      RTTI typeinfo:   itk::ImportImageContainer<unsigned long, double>
      Reference Count: 1
      Modified Time: 1938
      Debug: Off
      Object Name: 
      Observers: 
        none
      Pointer: 0x146dff3ea010
      Container manages memory: true
      Size: 8530021
      Capacity: 8530021

     Moving image = Image (0x4f1d390)
  RTTI typeinfo:   itk::Image<double, 3u>
  Reference Count: 2
  Modified Time: 2331
  Debug: Off
  Object Name: 
  Observers: 
    none
  Source: (none)
  Source output name: (none)
  Release Data: Off
  Data Released: False
  Global Release Data: Off
  PipelineMTime: 0
  UpdateMTime: 2328
  RealTimeStamp: 0 seconds 
  LargestPossibleRegion: 
    Dimension: 3
    Index: [0, 0, 0]
    Size: [176, 256, 256]
  BufferedRegion: 
    Dimension: 3
    Index: [0, 0, 0]
    Size: [176, 256, 256]
  RequestedRegion: 
    Dimension: 3
    Index: [0, 0, 0]
    Size: [176, 256, 256]
  Spacing: [1, 1, 1]
  Origin: [-92.3193, 108.325, -119.169]
  Direction: 
1 0 0
0 -1 0
0 0 1

  IndexToPointMatrix: 
1 0 0
0 -1 0
0 0 1

  PointToIndexMatrix: 
1 0 0
0 -1 0
0 0 1

  Inverse Direction: 
1 0 0
0 -1 0
0 0 1

  PixelContainer: 
    ImportImageContainer (0x50c3b90)
      RTTI typeinfo:   itk::ImportImageContainer<unsigned long, double>
      Reference Count: 1
      Modified Time: 2325
      Debug: Off
      Object Name: 
      Observers: 
        none
      Pointer: 0x146df9be9010
      Container manages memory: true
      Size: 11534336
      Capacity: 11534336

     Weighting = 1
     Sampling strategy = regular
     Number of bins = 32
     Radius = 4
     Sampling percentage  = 0.25
   Transform = Rigid
     Gradient step = 0.1
     Update field sigma (voxel space) = 0
     Total field sigma (voxel space) = 0
     Update field time sigma = 0
     Total field time sigma  = 0
     Number of time indices = 0
     Number of time point samples = 0
Registration using 1 total stages.

Stage 0
  iterations = 0
  convergence threshold = 1e-06
  convergence window size = 10
  number of levels = 1
  using the Mattes MI metric (number of bins = 32, weight = 1, use gradient filter = 0)
  preprocessing:  winsorizing the image intensities
  Shrink factors (level 1 out of 1): [1, 1, 1]
  smoothing sigmas per level: [0]
  regular sampling (percentage = 0.25)

*** Running Euler3DTransform registration ***

  Elapsed time (stage 0): 0.977522


Total elapsed time: 0.979108
VFC_BACKENDS=libinterflop_vprec.so --range-binary32=7 --precision-binary32=9 --range-binary64=7 --precision-binary64=9
Info [verificarlo]: loaded backend libinterflop_vprec.so
Info [interflop-vprec]: load backend with: 
Info [interflop-vprec]: precision-binary32 = 9
Info [interflop-vprec]: range-binary32 = 7
Info [interflop-vprec]: precision-binary64 = 9
Info [interflop-vprec]: range-binary64 = 7
Info [interflop-vprec]: mode = ob
Info [interflop-vprec]: error-mode = rel
Info [interflop-vprec]: max-abs-error-exponent = -1022
Info [interflop-vprec]: daz = false
Info [interflop-vprec]: ftz = false
Info [interflop-vprec]: 	instrument = none
Info [interflop-vprec]: 	prec-input-file = (null)
Info [interflop-vprec]: 	prec-output-file = (null)
Info [interflop-vprec]: 	prec-log-file = (null)
All_Command_lines_OK
Using double precision for computations.
=============================================================================
The composite transform comprises the following transforms (in order): 
  1. /project/rrg-glatard/mdugre/datasets/corr/RawDataBIDS/BMB_1/derivatives/vprec-space_search/0100/r7-p9/sub-0003041/align_Composite.h5[0] (type = Euler3DTransform)
  2. /project/rrg-glatard/mdugre/datasets/corr/RawDataBIDS/BMB_1/derivatives/vprec-space_search/0100/r7-p9/sub-0003041/align_Composite.h5[1] (type = Euler3DTransform)
=============================================================================
  number of levels = 4
  fixed image: /templateflow/tpl-MNI152NLin2009cAsym/tpl-MNI152NLin2009cAsym_res-01_desc-brain_T1w.nii.gz
  moving image: /project/rrg-glatard/mdugre/datasets/corr/RawDataBIDS/BMB_1/derivatives/antsBrainExtraction/sub-0003041/BrainExtractionBrain.nii.gz
Dimension = 3
Number of stages = 1
Use histogram matching = false
Winsorize image intensities = true
  Lower quantile = 0.005
  Upper quantile = 0.995


Stage 1 State
   Image metric = MattesMI
     Fixed image = Image (0x470a300)
  RTTI typeinfo:   itk::Image<double, 3u>
  Reference Count: 2
  Modified Time: 1578
  Debug: Off
  Object Name: 
  Observers: 
    none
  Source: (none)
  Source output name: (none)
  Release Data: Off
  Data Released: False
  Global Release Data: Off
  PipelineMTime: 0
  UpdateMTime: 1189
  RealTimeStamp: 0 seconds 
  LargestPossibleRegion: 
    Dimension: 3
    Index: [0, 0, 0]
    Size: [193, 229, 193]
  BufferedRegion: 
    Dimension: 3
    Index: [0, 0, 0]
    Size: [193, 229, 193]
  RequestedRegion: 
    Dimension: 3
    Index: [0, 0, 0]
    Size: [193, 229, 193]
  Spacing: [1, 1, 1]
  Origin: [96, 132, -78]
  Direction: 
-1 0 0
0 -1 0
0 0 1

  IndexToPointMatrix: 
-1 0 0
0 -1 0
0 0 1

  PointToIndexMatrix: 
-1 0 0
0 -1 0
0 0 1

  Inverse Direction: 
-1 0 0
0 -1 0
0 0 1

  PixelContainer: 
    ImportImageContainer (0x47c8d00)
      RTTI typeinfo:   itk::ImportImageContainer<unsigned long, double>
      Reference Count: 1
      Modified Time: 1186
      Debug: Off
      Object Name: 
      Observers: 
        none
      Pointer: 0x1490e449f010
      Container manages memory: true
      Size: 8530021
      Capacity: 8530021

     Moving image = Image (0x47c5030)
  RTTI typeinfo:   itk::Image<double, 3u>
  Reference Count: 2
  Modified Time: 1579
  Debug: Off
  Object Name: 
  Observers: 
    none
  Source: (none)
  Source output name: (none)
  Release Data: Off
  Data Released: False
  Global Release Data: Off
  PipelineMTime: 0
  UpdateMTime: 1576
  RealTimeStamp: 0 seconds 
  LargestPossibleRegion: 
    Dimension: 3
    Index: [0, 0, 0]
    Size: [176, 256, 256]
  BufferedRegion: 
    Dimension: 3
    Index: [0, 0, 0]
    Size: [176, 256, 256]
  RequestedRegion: 
    Dimension: 3
    Index: [0, 0, 0]
    Size: [176, 256, 256]
  Spacing: [1, 1, 1]
  Origin: [-92.375, 108.375, -119.125]
  Direction: 
1 0 0
0 -1 0
0 0 1

  IndexToPointMatrix: 
1 0 0
0 -1 0
0 0 1

  PointToIndexMatrix: 
1 0 0
0 -1 0
0 0 1

  Inverse Direction: 
1 0 0
0 -1 0
0 0 1

  PixelContainer: 
    ImportImageContainer (0x4792d70)
      RTTI typeinfo:   itk::ImportImageContainer<unsigned long, double>
      Reference Count: 1
      Modified Time: 1573
      Debug: Off
      Object Name: 
      Observers: 
        none
      Pointer: 0x1490dec9e010
      Container manages memory: true
      Size: 11534336
      Capacity: 11534336

     Weighting = 1
     Sampling strategy = regular
     Number of bins = 32
     Radius = 4
     Sampling percentage  = 0.25
   Transform = Rigid
     Gradient step = 0.1
     Update field sigma (voxel space) = 0
     Total field sigma (voxel space) = 0
     Update field time sigma = 0
     Total field time sigma  = 0
     Number of time indices = 0
     Number of time point samples = 0
Registration using 1 total stages.

Stage 0
  iterations = 1000x500x250x100
  convergence threshold = 1e-06
  convergence window size = 10
  number of levels = 4
  using the Mattes MI metric (number of bins = 32, weight = 1, use gradient filter = 0)
  preprocessing:  winsorizing the image intensities
  Shrink factors (level 1 out of 4): [8, 8, 8]
  Shrink factors (level 2 out of 4): [4, 4, 4]
  Shrink factors (level 3 out of 4): [2, 2, 2]
  Shrink factors (level 4 out of 4): [1, 1, 1]
  smoothing sigmas per level: [3, 2, 1, 0]
  regular sampling (percentage = 0.25)

*** Running Euler3DTransform registration ***

DIAGNOSTIC,Iteration,metricValue,convergenceValue,ITERATION_TIME_INDEX,SINCE_LAST
 2DIAGNOSTIC,     1, -5.600166851161e-01, 1.797693134862e+308, 0.0000e+00, 0.0000e+00, 
 2DIAGNOSTIC,     2, -5.606881024333e-01, 1.797693134862e+308, 0.0000e+00, 0.0000e+00, 
 2DIAGNOSTIC,     3, -5.613857353448e-01, 1.797693134862e+308, 0.0000e+00, 0.0000e+00, 
 2DIAGNOSTIC,     4, -5.618063026237e-01, 1.797693134862e+308, 0.0000e+00, 0.0000e+00, 
 2DIAGNOSTIC,     5, -5.646958782303e-01, 1.797693134862e+308, 0.0000e+00, 0.0000e+00, 
 2DIAGNOSTIC,     6, -5.661394395320e-01, 1.797693134862e+308, 0.0000e+00, 0.0000e+00, 
 2DIAGNOSTIC,     7, -5.665324412946e-01, 1.797693134862e+308, 0.0000e+00, 0.0000e+00, 
 2DIAGNOSTIC,     8, -5.666446291737e-01, 1.797693134862e+308, 0.0000e+00, 0.0000e+00, 
 2DIAGNOSTIC,     9, -5.671026915376e-01, 1.797693134862e+308, 0.0000e+00, 0.0000e+00, 
 2DIAGNOSTIC,    10, -5.684113314333e-01, 1.014085982062e-03, 0.0000e+00, 0.0000e+00, 
 2DIAGNOSTIC,    11, -5.689463204624e-01, 8.732940424127e-04, 0.0000e+00, 0.0000e+00, 
 2DIAGNOSTIC,    12, -5.690244673808e-01, 7.104907468556e-04, 0.0000e+00, 0.0000e+00, 
 2DIAGNOSTIC,    13, -5.705815650958e-01, 5.984541954849e-04, 0.0000e+00, 0.0000e+00, 
 2DIAGNOSTIC,    14, -5.736016834268e-01, 5.675869178998e-04, 0.0000e+00, 0.0000e+00, 
 2DIAGNOSTIC,    15, -5.751562712014e-01, 6.333079484694e-04, 0.0000e+00, 0.0000e+00, 
 2DIAGNOSTIC,    16, -5.770172204641e-01, 7.360325143880e-04, 0.0000e+00, 0.0000e+00, 
 2DIAGNOSTIC,    17, -5.848125239817e-01, 9.999653668054e-04, 0.0000e+00, 0.0000e+00, 
 2DIAGNOSTIC,    18, -6.024506075148e-01, 1.625451762586e-03, 0.0000e+00, 0.0000e+00, 
 2DIAGNOSTIC,    19, -6.206485000894e-01, 2.502617963099e-03, 0.0000e+00, 0.0000e+00, 
 2DIAGNOSTIC,    20, -6.255741696087e-01, 3.200796101997e-03, 0.0000e+00, 0.0000e+00, 
 2DIAGNOSTIC,    21, -6.267158400201e-01, 3.577673987491e-03, 0.0000e+00, 0.0000e+00, 
 2DIAGNOSTIC,    22, -6.258425212280e-01, 3.570460134832e-03, 0.0000e+00, 0.0000e+00, 
 2DIAGNOSTIC,    23, -6.266031238894e-01, 3.273215823718e-03, 0.0000e+00, 0.0000e+00, 
 2DIAGNOSTIC,    24, -6.246190420418e-01, 2.711875701134e-03, 0.0000e+00, 0.0000e+00, 
 2DIAGNOSTIC,    25, -6.246377431712e-01, 1.979509862478e-03, 0.0000e+00, 0.0000e+00, 
 2DIAGNOSTIC,    26, -6.256645710784e-01, 1.179637273770e-03, 0.0000e+00, 0.0000e+00, 
 2DIAGNOSTIC,    27, -6.248506729490e-01, 4.520503270361e-04, 0.0000e+00, 0.0000e+00, 
 2DIAGNOSTIC,    28, -6.241410698907e-01, 2.120188478243e-05, 0.0000e+00, 0.0000e+00, 
DIAGNOSTIC,Iteration,metricValue,convergenceValue,ITERATION_TIME_INDEX,SINCE_LAST
 2DIAGNOSTIC,     1, -5.116904235566e-01, 1.797693134862e+308, 0.0000e+00, 0.0000e+00, 
 2DIAGNOSTIC,     2, -5.117198051509e-01, 1.797693134862e+308, 0.0000e+00, 0.0000e+00, 
 2DIAGNOSTIC,     3, -5.118874266655e-01, 1.797693134862e+308, 0.0000e+00, 0.0000e+00, 
 2DIAGNOSTIC,     4, -5.119943316225e-01, 1.797693134862e+308, 0.0000e+00, 0.0000e+00, 
 2DIAGNOSTIC,     5, -5.119710583985e-01, 1.797693134862e+308, 0.0000e+00, 0.0000e+00, 
 2DIAGNOSTIC,     6, -5.120026861206e-01, 1.797693134862e+308, 0.0000e+00, 0.0000e+00, 
 2DIAGNOSTIC,     7, -5.120542167410e-01, 1.797693134862e+308, 0.0000e+00, 0.0000e+00, 
 2DIAGNOSTIC,     8, -5.120781678075e-01, 1.797693134862e+308, 0.0000e+00, 0.0000e+00, 
 2DIAGNOSTIC,     9, -5.120896882039e-01, 1.797693134862e+308, 0.0000e+00, 0.0000e+00, 
 2DIAGNOSTIC,    10, -5.120796763145e-01, 4.882352020256e-05, 0.0000e+00, 0.0000e+00, 
 2DIAGNOSTIC,    11, -5.120734432549e-01, 3.265680285272e-05, 0.0000e+00, 0.0000e+00, 
 2DIAGNOSTIC,    12, -5.120670500069e-01, 1.709733374794e-05, 0.0000e+00, 0.0000e+00, 
 2DIAGNOSTIC,    13, -5.120666853535e-01, 9.380293002820e-06, 0.0000e+00, 0.0000e+00, 
 2DIAGNOSTIC,    14, -5.120644228639e-01, 6.122896309482e-06, 0.0000e+00, 0.0000e+00, 
 2DIAGNOSTIC,    15, -5.120557371536e-01, 1.565736060985e-06, 0.0000e+00, 0.0000e+00, 
DIAGNOSTIC,Iteration,metricValue,convergenceValue,ITERATION_TIME_INDEX,SINCE_LAST
 2DIAGNOSTIC,     1, -4.462648452574e-01, 1.797693134862e+308, 0.0000e+00, 0.0000e+00, 
 2DIAGNOSTIC,     2, -4.462196935454e-01, 1.797693134862e+308, 0.0000e+00, 0.0000e+00, 
 2DIAGNOSTIC,     3, -4.462414559353e-01, 1.797693134862e+308, 0.0000e+00, 0.0000e+00, 
 2DIAGNOSTIC,     4, -4.461846884481e-01, 1.797693134862e+308, 0.0000e+00, 0.0000e+00, 
 2DIAGNOSTIC,     5, -4.462616882948e-01, 1.797693134862e+308, 0.0000e+00, 0.0000e+00, 
 2DIAGNOSTIC,     6, -4.462658811582e-01, 1.797693134862e+308, 0.0000e+00, 0.0000e+00, 
 2DIAGNOSTIC,     7, -4.462268909977e-01, 1.797693134862e+308, 0.0000e+00, 0.0000e+00, 
 2DIAGNOSTIC,     8, -4.461620608745e-01, 1.797693134862e+308, 0.0000e+00, 0.0000e+00, 
 2DIAGNOSTIC,     9, -4.460852357501e-01, 1.797693134862e+308, 0.0000e+00, 0.0000e+00, 
DIAGNOSTIC,Iteration,metricValue,convergenceValue,ITERATION_TIME_INDEX,SINCE_LAST
 2DIAGNOSTIC,     1, -4.126102488199e-01, 1.797693134862e+308, 0.0000e+00, 0.0000e+00, 
 2DIAGNOSTIC,     2, -4.125756373220e-01, 1.797693134862e+308, 0.0000e+00, 0.0000e+00, 
 2DIAGNOSTIC,     3, -4.125098409340e-01, 1.797693134862e+308, 0.0000e+00, 0.0000e+00, 
 2DIAGNOSTIC,     4, -4.124806938534e-01, 1.797693134862e+308, 0.0000e+00, 0.0000e+00, 
 2DIAGNOSTIC,     5, -4.124200093920e-01, 1.797693134862e+308, 0.0000e+00, 0.0000e+00, 
 2DIAGNOSTIC,     6, -4.135408395395e-01, 1.797693134862e+308, 0.0000e+00, 0.0000e+00, 
 2DIAGNOSTIC,     7, -4.135592762690e-01, 1.797693134862e+308, 0.0000e+00, 0.0000e+00, 
 2DIAGNOSTIC,     8, -4.135655081386e-01, 1.797693134862e+308, 0.0000e+00, 0.0000e+00, 
 2DIAGNOSTIC,     9, -4.135436560658e-01, 1.797693134862e+308, 0.0000e+00, 0.0000e+00, 
 2DIAGNOSTIC,    10, -4.134584633962e-01, 2.149818474709e-04, 0.0000e+00, 0.0000e+00, 
 2DIAGNOSTIC,    11, -4.134585995233e-01, 1.873857775045e-04, 0.0000e+00, 0.0000e+00, 
 2DIAGNOSTIC,    12, -4.134629832050e-01, 1.455524477222e-04, 0.0000e+00, 0.0000e+00, 
 2DIAGNOSTIC,    13, -4.134589717007e-01, 9.424671266722e-05, 0.0000e+00, 0.0000e+00, 
 2DIAGNOSTIC,    14, -4.134576589091e-01, 4.101272049460e-05, 0.0000e+00, 0.0000e+00, 
  Elapsed time (stage 0): 0.0000e+00


Total elapsed time: 0.0000e+00
VFC_BACKENDS=libinterflop_ieee.so
Info [verificarlo]: loaded backend libinterflop_ieee.so
Info [interflop-ieee]: load backend with:
Info [interflop-ieee]: debug = false
Info [interflop-ieee]: debug-binary = false
Info [interflop-ieee]: no-backend-name = false
Info [interflop-ieee]: print-new-line = false
Info [interflop-ieee]: print-subnormal-normalized = false
Info [interflop-ieee]: count-op = false
All_Command_lines_OK
Using double precision for computations.
=============================================================================
The composite transform comprises the following transforms (in order): 
  1. /project/rrg-glatard/mdugre/datasets/corr/RawDataBIDS/BMB_1/derivatives/vprec-space_search/0100/r7-p9/sub-0003041/rigid_Composite.h5[0] (type = Euler3DTransform)
  2. /project/rrg-glatard/mdugre/datasets/corr/RawDataBIDS/BMB_1/derivatives/vprec-space_search/0100/r7-p9/sub-0003041/rigid_Composite.h5[1] (type = Euler3DTransform)
  3. /project/rrg-glatard/mdugre/datasets/corr/RawDataBIDS/BMB_1/derivatives/vprec-space_search/0100/r7-p9/sub-0003041/rigid_Composite.h5[2] (type = Euler3DTransform)
=============================================================================
  number of levels = 4
  fixed image: /templateflow/tpl-MNI152NLin2009cAsym/tpl-MNI152NLin2009cAsym_res-01_desc-brain_T1w.nii.gz
  moving image: /project/rrg-glatard/mdugre/datasets/corr/RawDataBIDS/BMB_1/derivatives/antsBrainExtraction/sub-0003041/BrainExtractionBrain.nii.gz
Dimension = 3
Number of stages = 1
Use histogram matching = false
Winsorize image intensities = true
  Lower quantile = 0.005
  Upper quantile = 0.995


Stage 1 State
   Image metric = MattesMI
     Fixed image = Image (0x518a650)
  RTTI typeinfo:   itk::Image<double, 3u>
  Reference Count: 2
  Modified Time: 1592
  Debug: Off
  Object Name: 
  Observers: 
    none
  Source: (none)
  Source output name: (none)
  Release Data: Off
  Data Released: False
  Global Release Data: Off
  PipelineMTime: 0
  UpdateMTime: 1203
  RealTimeStamp: 0 seconds 
  LargestPossibleRegion: 
    Dimension: 3
    Index: [0, 0, 0]
    Size: [193, 229, 193]
  BufferedRegion: 
    Dimension: 3
    Index: [0, 0, 0]
    Size: [193, 229, 193]
  RequestedRegion: 
    Dimension: 3
    Index: [0, 0, 0]
    Size: [193, 229, 193]
  Spacing: [1, 1, 1]
  Origin: [96, 132, -78]
  Direction: 
-1 0 0
0 -1 0
0 0 1

  IndexToPointMatrix: 
-1 0 0
0 -1 0
0 0 1

  PointToIndexMatrix: 
-1 0 0
0 -1 0
0 0 1

  Inverse Direction: 
-1 0 0
0 -1 0
0 0 1

  PixelContainer: 
    ImportImageContainer (0x525f330)
      RTTI typeinfo:   itk::ImportImageContainer<unsigned long, double>
      Reference Count: 1
      Modified Time: 1200
      Debug: Off
      Object Name: 
      Observers: 
        none
      Pointer: 0x15445072b010
      Container manages memory: true
      Size: 8530021
      Capacity: 8530021

     Moving image = Image (0x52453b0)
  RTTI typeinfo:   itk::Image<double, 3u>
  Reference Count: 2
  Modified Time: 1593
  Debug: Off
  Object Name: 
  Observers: 
    none
  Source: (none)
  Source output name: (none)
  Release Data: Off
  Data Released: False
  Global Release Data: Off
  PipelineMTime: 0
  UpdateMTime: 1590
  RealTimeStamp: 0 seconds 
  LargestPossibleRegion: 
    Dimension: 3
    Index: [0, 0, 0]
    Size: [176, 256, 256]
  BufferedRegion: 
    Dimension: 3
    Index: [0, 0, 0]
    Size: [176, 256, 256]
  RequestedRegion: 
    Dimension: 3
    Index: [0, 0, 0]
    Size: [176, 256, 256]
  Spacing: [1, 1, 1]
  Origin: [-92.3193, 108.325, -119.169]
  Direction: 
1 0 0
0 -1 0
0 0 1

  IndexToPointMatrix: 
1 0 0
0 -1 0
0 0 1

  PointToIndexMatrix: 
1 0 0
0 -1 0
0 0 1

  Inverse Direction: 
1 0 0
0 -1 0
0 0 1

  PixelContainer: 
    ImportImageContainer (0x5259f90)
      RTTI typeinfo:   itk::ImportImageContainer<unsigned long, double>
      Reference Count: 1
      Modified Time: 1587
      Debug: Off
      Object Name: 
      Observers: 
        none
      Pointer: 0x15444af2a010
      Container manages memory: true
      Size: 11534336
      Capacity: 11534336

     Weighting = 1
     Sampling strategy = regular
     Number of bins = 32
     Radius = 4
     Sampling percentage  = 0.25
   Transform = Affine
     Gradient step = 0.1
     Update field sigma (voxel space) = 0
     Total field sigma (voxel space) = 0
     Update field time sigma = 0
     Total field time sigma  = 0
     Number of time indices = 0
     Number of time point samples = 0
Registration using 1 total stages.

Stage 0
  iterations = 1000x500x250x100
  convergence threshold = 1e-06
  convergence window size = 10
  number of levels = 4
  using the Mattes MI metric (number of bins = 32, weight = 1, use gradient filter = 0)
  preprocessing:  winsorizing the image intensities
  Shrink factors (level 1 out of 4): [8, 8, 8]
  Shrink factors (level 2 out of 4): [4, 4, 4]
  Shrink factors (level 3 out of 4): [2, 2, 2]
  Shrink factors (level 4 out of 4): [1, 1, 1]
  smoothing sigmas per level: [3, 2, 1, 0]
  regular sampling (percentage = 0.25)

*** Running AffineTransform registration ***

DIAGNOSTIC,Iteration,metricValue,convergenceValue,ITERATION_TIME_INDEX,SINCE_LAST
 2DIAGNOSTIC,     1, -6.283384244186e-01, 1.797693134862e+308, 1.3623e+00, 1.3623e+00, 
 2DIAGNOSTIC,     2, -6.301507368580e-01, 1.797693134862e+308, 1.3684e+00, 6.1030e-03, 
 2DIAGNOSTIC,     3, -6.332215894650e-01, 1.797693134862e+308, 1.3742e+00, 5.7971e-03, 
 2DIAGNOSTIC,     4, -6.382596580250e-01, 1.797693134862e+308, 1.3808e+00, 6.5658e-03, 
 2DIAGNOSTIC,     5, -6.477364481702e-01, 1.797693134862e+308, 1.3869e+00, 6.1522e-03, 
 2DIAGNOSTIC,     6, -6.734384756218e-01, 1.797693134862e+308, 1.3928e+00, 5.8849e-03, 
 2DIAGNOSTIC,     7, -7.096287903541e-01, 1.797693134862e+308, 1.3998e+00, 7.0000e-03, 
 2DIAGNOSTIC,     8, -7.526904910492e-01, 1.797693134862e+308, 1.4084e+00, 8.5888e-03, 
 2DIAGNOSTIC,     9, -7.939198675004e-01, 1.797693134862e+308, 1.4162e+00, 7.7682e-03, 
 2DIAGNOSTIC,    10, -8.214801220789e-01, 1.877539935280e-02, 1.4229e+00, 6.7780e-03, 
 2DIAGNOSTIC,    11, -8.504340680594e-01, 2.006069062692e-02, 1.4306e+00, 7.6950e-03, 
 2DIAGNOSTIC,    12, -8.636801449124e-01, 1.977100803558e-02, 1.4370e+00, 6.4020e-03, 
 2DIAGNOSTIC,    13, -8.696566543211e-01, 1.802889910570e-02, 1.4439e+00, 6.8729e-03, 
 2DIAGNOSTIC,    14, -8.715982164338e-01, 1.515484139415e-02, 1.4507e+00, 6.7940e-03, 
 2DIAGNOSTIC,    15, -8.741796029423e-01, 1.165793907614e-02, 1.4588e+00, 8.1000e-03, 
 2DIAGNOSTIC,    16, -8.746744194363e-01, 8.210020720817e-03, 1.4644e+00, 5.5649e-03, 
 2DIAGNOSTIC,    17, -8.754541641907e-01, 5.271402282729e-03, 1.4701e+00, 5.7170e-03, 
 2DIAGNOSTIC,    18, -8.760513542648e-01, 3.103595896887e-03, 1.4760e+00, 5.8661e-03, 
 2DIAGNOSTIC,    19, -8.766499209658e-01, 1.707464142404e-03, 1.4824e+00, 6.4158e-03, 
 2DIAGNOSTIC,    20, -8.774323560636e-01, 8.141332217113e-04, 1.4892e+00, 6.8128e-03, 
 2DIAGNOSTIC,    21, -8.778181366328e-01, 4.401442128050e-04, 1.4995e+00, 1.0357e-02, 
 2DIAGNOSTIC,    22, -8.782100267552e-01, 2.841280917189e-04, 1.5059e+00, 6.4020e-03, 
 2DIAGNOSTIC,    23, -8.778556166918e-01, 2.038524961517e-04, 1.5131e+00, 7.1349e-03, 
 2DIAGNOSTIC,    24, -8.780956006733e-01, 1.436930705578e-04, 1.5198e+00, 6.7148e-03, 
 2DIAGNOSTIC,    25, -8.779962112501e-01, 1.104894812220e-04, 1.5260e+00, 6.2351e-03, 
 2DIAGNOSTIC,    26, -8.778826555276e-01, 7.481264098123e-05, 1.5323e+00, 6.3159e-03, 
 2DIAGNOSTIC,    27, -8.779256454141e-01, 4.587470442944e-05, 1.5387e+00, 6.3870e-03, 
 2DIAGNOSTIC,    28, -8.779848621724e-01, 2.319210458263e-05, 1.5443e+00, 5.6119e-03, 
 2DIAGNOSTIC,    29, -8.780683458970e-01, 8.165740144922e-06, 1.5504e+00, 6.0811e-03, 
 2DIAGNOSTIC,    30, -8.783747069162e-01, 6.095886081033e-06, 1.5569e+00, 6.4838e-03, 
 2DIAGNOSTIC,    31, -8.789501319246e-01, 1.431789169455e-05, 1.5657e+00, 8.7759e-03, 
 2DIAGNOSTIC,    32, -8.787489029289e-01, 2.280373052169e-05, 1.5718e+00, 6.0949e-03, 
 2DIAGNOSTIC,    33, -8.792345693502e-01, 3.012519496110e-05, 1.5788e+00, 7.0589e-03, 
 2DIAGNOSTIC,    34, -8.801893114579e-01, 4.630616690040e-05, 1.5851e+00, 6.2380e-03, 
 2DIAGNOSTIC,    35, -8.819228654318e-01, 7.304232433524e-05, 1.5930e+00, 7.9389e-03, 
 2DIAGNOSTIC,    36, -8.831632868131e-01, 1.017519266327e-04, 1.5994e+00, 6.3791e-03, 
 2DIAGNOSTIC,    37, -8.838243634740e-01, 1.258108030921e-04, 1.6069e+00, 7.5560e-03, 
 2DIAGNOSTIC,    38, -8.842862287472e-01, 1.415651068775e-04, 1.6139e+00, 6.9911e-03, 
 2DIAGNOSTIC,    39, -8.845864707122e-01, 1.463154041130e-04, 1.6199e+00, 5.9600e-03, 
 2DIAGNOSTIC,    40, -8.848728740761e-01, 1.416833514808e-04, 1.6258e+00, 5.8808e-03, 
 2DIAGNOSTIC,    41, -8.849471221123e-01, 1.292853837118e-04, 1.6350e+00, 9.1908e-03, 
 2DIAGNOSTIC,    42, -8.850935061354e-01, 1.049386130448e-04, 1.6419e+00, 6.9692e-03, 
 2DIAGNOSTIC,    43, -8.850999755562e-01, 7.578403307810e-05, 1.6486e+00, 6.6910e-03, 
 2DIAGNOSTIC,    44, -8.851083182955e-01, 4.809074202487e-05, 1.6549e+00, 6.2540e-03, 
 2DIAGNOSTIC,    45, -8.851162095989e-01, 3.013779124784e-05, 1.6609e+00, 6.0539e-03, 
 2DIAGNOSTIC,    46, -8.852714759336e-01, 2.040628085728e-05, 1.6679e+00, 6.9211e-03, 
 2DIAGNOSTIC,    47, -8.852909311658e-01, 1.404895805169e-05, 1.6740e+00, 6.0949e-03, 
 2DIAGNOSTIC,    48, -8.852977457459e-01, 9.976237104768e-06, 1.6802e+00, 6.2349e-03, 
 2DIAGNOSTIC,    49, -8.850178928726e-01, 5.313630661859e-06, 1.6873e+00, 7.1230e-03, 
 2DIAGNOSTIC,    50, -8.850187552425e-01, 2.393389544178e-06, 1.6969e+00, 9.6238e-03, 
DIAGNOSTIC,Iteration,metricValue,convergenceValue,ITERATION_TIME_INDEX,SINCE_LAST
 2DIAGNOSTIC,     1, -7.185346738355e-01, 1.797693134862e+308, 2.9823e+00, 1.2854e+00, 
 2DIAGNOSTIC,     2, -7.195777567185e-01, 1.797693134862e+308, 3.0425e+00, 6.0149e-02, 
 2DIAGNOSTIC,     3, -7.206255891467e-01, 1.797693134862e+308, 3.1059e+00, 6.3459e-02, 
 2DIAGNOSTIC,     4, -7.214494578740e-01, 1.797693134862e+308, 3.1684e+00, 6.2427e-02, 
 2DIAGNOSTIC,     5, -7.223259992458e-01, 1.797693134862e+308, 3.2347e+00, 6.6330e-02, 
 2DIAGNOSTIC,     6, -7.233589065816e-01, 1.797693134862e+308, 3.3095e+00, 7.4845e-02, 
 2DIAGNOSTIC,     7, -7.246018922880e-01, 1.797693134862e+308, 3.4015e+00, 9.1932e-02, 
 2DIAGNOSTIC,     8, -7.256527942170e-01, 1.797693134862e+308, 3.4845e+00, 8.3031e-02, 
 2DIAGNOSTIC,     9, -7.259559589939e-01, 1.797693134862e+308, 3.5698e+00, 8.5261e-02, 
 2DIAGNOSTIC,    10, -7.260562831283e-01, 7.213887836197e-04, 3.6210e+00, 5.1243e-02, 
 2DIAGNOSTIC,    11, -7.262842782960e-01, 5.879116890408e-04, 3.6778e+00, 5.6767e-02, 
 2DIAGNOSTIC,    12, -7.264177044213e-01, 4.617009751168e-04, 3.7415e+00, 6.3709e-02, 
 2DIAGNOSTIC,    13, -7.264823636462e-01, 3.465764028267e-04, 3.8046e+00, 6.3084e-02, 
 2DIAGNOSTIC,    14, -7.265283218965e-01, 2.411503093663e-04, 3.8838e+00, 7.9214e-02, 
 2DIAGNOSTIC,    15, -7.265381391382e-01, 1.512348150516e-04, 3.9455e+00, 6.1740e-02, 
 2DIAGNOSTIC,    16, -7.265513931604e-01, 8.405994648622e-05, 4.0083e+00, 6.2752e-02, 
 2DIAGNOSTIC,    17, -7.265700794193e-01, 4.573995321565e-05, 4.0934e+00, 8.5149e-02, 
 2DIAGNOSTIC,    18, -7.265734395863e-01, 3.049133226951e-05, 4.1569e+00, 6.3476e-02, 
 2DIAGNOSTIC,    19, -7.265765070818e-01, 2.054112953861e-05, 4.2306e+00, 7.3663e-02, 
 2DIAGNOSTIC,    20, -7.265806970967e-01, 1.180698700756e-05, 4.3055e+00, 7.4969e-02, 
 2DIAGNOSTIC,    21, -7.265902844083e-01, 7.342463406841e-06, 4.3985e+00, 9.2938e-02, 
 2DIAGNOSTIC,    22, -7.265909780533e-01, 5.101326331289e-06, 4.4892e+00, 9.0719e-02, 
 2DIAGNOSTIC,    23, -7.265916543787e-01, 3.811260121986e-06, 4.6105e+00, 1.2127e-01, 
 2DIAGNOSTIC,    24, -7.265917813088e-01, 3.158462167807e-06, 4.6859e+00, 7.5452e-02, 
 2DIAGNOSTIC,    25, -7.265925724814e-01, 2.549321640337e-06, 4.7598e+00, 7.3843e-02, 
 2DIAGNOSTIC,    26, -7.265935805652e-01, 2.072723634158e-06, 4.8362e+00, 7.6466e-02, 
 2DIAGNOSTIC,    27, -7.265944972827e-01, 1.835448687711e-06, 4.9132e+00, 7.7018e-02, 
 2DIAGNOSTIC,    28, -7.265949054001e-01, 1.607567105794e-06, 4.9886e+00, 7.5358e-02, 
 2DIAGNOSTIC,    29, -7.265950703660e-01, 1.394989002597e-06, 5.0615e+00, 7.2889e-02, 
 2DIAGNOSTIC,    30, -7.265954680182e-01, 1.225165684564e-06, 5.1378e+00, 7.6308e-02, 
 2DIAGNOSTIC,    31, -7.265966367079e-01, 1.186391292138e-06, 5.2141e+00, 7.6324e-02, 
 2DIAGNOSTIC,    32, -7.265992343530e-01, 1.174689939813e-06, 5.3082e+00, 9.4123e-02, 
 2DIAGNOSTIC,    33, -7.265993186561e-01, 1.155251935836e-06, 5.4189e+00, 1.1062e-01, 
 2DIAGNOSTIC,    34, -7.265993348217e-01, 1.121130011102e-06, 5.4928e+00, 7.3973e-02, 
 2DIAGNOSTIC,    35, -7.265994362041e-01, 1.081684588292e-06, 5.5667e+00, 7.3879e-02, 
 2DIAGNOSTIC,    36, -7.265995685757e-01, 1.039985612222e-06, 5.6233e+00, 5.6577e-02, 
DIAGNOSTIC,Iteration,metricValue,convergenceValue,ITERATION_TIME_INDEX,SINCE_LAST
 2DIAGNOSTIC,     1, -6.154560661943e-01, 1.797693134862e+308, 7.3179e+00, 1.6946e+00, 
 2DIAGNOSTIC,     2, -6.160744727934e-01, 1.797693134862e+308, 7.6979e+00, 3.8001e-01, 
 2DIAGNOSTIC,     3, -6.166467686862e-01, 1.797693134862e+308, 8.0785e+00, 3.8063e-01, 
 2DIAGNOSTIC,     4, -6.172192667744e-01, 1.797693134862e+308, 8.4590e+00, 3.8049e-01, 
 2DIAGNOSTIC,     5, -6.179871368801e-01, 1.797693134862e+308, 8.8448e+00, 3.8579e-01, 
 2DIAGNOSTIC,     6, -6.198368802487e-01, 1.797693134862e+308, 9.2868e+00, 4.4196e-01, 
 2DIAGNOSTIC,     7, -6.210527143437e-01, 1.797693134862e+308, 1.0015e+01, 7.2833e-01, 
 2DIAGNOSTIC,     8, -6.210243100709e-01, 1.797693134862e+308, 1.0482e+01, 4.6707e-01, 
 2DIAGNOSTIC,     9, -6.210218574463e-01, 1.797693134862e+308, 1.0910e+01, 4.2806e-01, 
 2DIAGNOSTIC,    10, -6.210181925940e-01, 6.946276107884e-04, 1.1662e+01, 7.5172e-01, 
 2DIAGNOSTIC,    11, -6.210186454943e-01, 5.477292035018e-04, 1.2115e+01, 4.5272e-01, 
 2DIAGNOSTIC,    12, -6.210166875849e-01, 3.991989595758e-04, 1.2551e+01, 4.3620e-01, 
 2DIAGNOSTIC,    13, -6.210138927331e-01, 2.585627591972e-04, 1.2982e+01, 4.3077e-01, 
 2DIAGNOSTIC,    14, -6.210124556972e-01, 1.341965123611e-04, 1.3489e+01, 5.0719e-01, 
 2DIAGNOSTIC,    15, -6.210108633097e-01, 3.666158988251e-05, 1.4014e+01, 5.2471e-01, 
DIAGNOSTIC,Iteration,metricValue,convergenceValue,ITERATION_TIME_INDEX,SINCE_LAST
 2DIAGNOSTIC,     1, -5.555791060636e-01, 1.797693134862e+308, 1.7830e+01, 3.8161e+00, 
 2DIAGNOSTIC,     2, -5.558775793588e-01, 1.797693134862e+308, 2.0984e+01, 3.1547e+00, 
 2DIAGNOSTIC,     3, -5.560566501842e-01, 1.797693134862e+308, 2.3859e+01, 2.8745e+00, 
 2DIAGNOSTIC,     4, -5.561669253560e-01, 1.797693134862e+308, 2.7243e+01, 3.3845e+00, 
 2DIAGNOSTIC,     5, -5.562598474187e-01, 1.797693134862e+308, 3.3270e+01, 6.0263e+00, 
 2DIAGNOSTIC,     6, -5.562597193178e-01, 1.797693134862e+308, 3.6323e+01, 3.0538e+00, 
 2DIAGNOSTIC,     7, -5.562600390265e-01, 1.797693134862e+308, 3.9727e+01, 3.4036e+00, 
 2DIAGNOSTIC,     8, -5.562603902257e-01, 1.797693134862e+308, 4.3150e+01, 3.4232e+00, 
 2DIAGNOSTIC,     9, -5.562606818269e-01, 1.797693134862e+308, 4.7388e+01, 4.2383e+00, 
 2DIAGNOSTIC,    10, -5.562605803876e-01, 6.464314891247e-05, 5.0640e+01, 3.2516e+00, 
 2DIAGNOSTIC,    11, -5.562606077496e-01, 3.203658423563e-05, 5.3823e+01, 3.1829e+00, 
 2DIAGNOSTIC,    12, -5.562600704634e-01, 1.484271701641e-05, 5.6789e+01, 2.9656e+00, 
 2DIAGNOSTIC,    13, -5.562600992697e-01, 6.154036385250e-06, 5.9813e+01, 3.0240e+00, 
 2DIAGNOSTIC,    14, -5.562600039730e-01, 2.294263212549e-06, 6.3054e+01, 3.2418e+00, 
 2DIAGNOSTIC,    15, -5.562597737711e-01, 2.105293045396e-06, 6.6018e+01, 2.9633e+00, 
 2DIAGNOSTIC,    16, -5.562595843972e-01, 1.931494456514e-06, 6.9175e+01, 3.1578e+00, 
 2DIAGNOSTIC,    17, -5.562595789124e-01, 1.792883781854e-06, 7.2185e+01, 3.0095e+00, 
 2DIAGNOSTIC,    18, -5.562595695444e-01, 1.686265106361e-06, 7.4807e+01, 2.6223e+00, 
 2DIAGNOSTIC,    19, -5.562593589252e-01, 1.600410342778e-06, 7.7626e+01, 2.8189e+00, 
 2DIAGNOSTIC,    20, -5.562598762364e-01, 1.540745863476e-06, 8.0645e+01, 3.0190e+00, 
 2DIAGNOSTIC,    21, -5.562601066543e-01, 1.497708699179e-06, 8.3898e+01, 3.2528e+00, 
 2DIAGNOSTIC,    22, -5.562599645316e-01, 1.444210825305e-06, 8.6767e+01, 2.8686e+00, 
 2DIAGNOSTIC,    23, -5.562599199393e-01, 1.395479639732e-06, 8.9864e+01, 3.0972e+00, 
 2DIAGNOSTIC,    24, -5.562597367433e-01, 1.343923886551e-06, 9.3300e+01, 3.4360e+00, 
 2DIAGNOSTIC,    25, -5.562597969047e-01, 1.291267344952e-06, 9.6629e+01, 3.3292e+00, 
 2DIAGNOSTIC,    26, -5.562598883268e-01, 1.238711230249e-06, 9.9426e+01, 2.7966e+00, 
 2DIAGNOSTIC,    27, -5.562596095018e-01, 1.183298878014e-06, 1.0247e+02, 3.0436e+00, 
 2DIAGNOSTIC,    28, -5.562598520642e-01, 1.136136435625e-06, 1.0570e+02, 3.2312e+00, 
 2DIAGNOSTIC,    29, -5.562597026311e-01, 1.085530811323e-06, 1.0906e+02, 3.3599e+00, 
 2DIAGNOSTIC,    30, -5.562596464304e-01, 1.047115767171e-06, 1.1238e+02, 3.3168e+00, 
 2DIAGNOSTIC,    31, -5.562594450905e-01, 1.012977057652e-06, 1.1551e+02, 3.1363e+00, 
  Elapsed time (stage 0): 1.1750e+02


Total elapsed time: 1.1750e+02
VFC_BACKENDS=libinterflop_ieee.so
Info [verificarlo]: loaded backend libinterflop_ieee.so
Info [interflop-ieee]: load backend with:
Info [interflop-ieee]: debug = false
Info [interflop-ieee]: debug-binary = false
Info [interflop-ieee]: no-backend-name = false
Info [interflop-ieee]: print-new-line = false
Info [interflop-ieee]: print-subnormal-normalized = false
Info [interflop-ieee]: count-op = false
All_Command_lines_OK
Using double precision for computations.
=============================================================================
The composite transform comprises the following transforms (in order): 
  1. /project/rrg-glatard/mdugre/datasets/corr/RawDataBIDS/BMB_1/derivatives/vprec-space_search/0100/r7-p9/sub-0003041/affine_Composite.h5[0] (type = Euler3DTransform)
  2. /project/rrg-glatard/mdugre/datasets/corr/RawDataBIDS/BMB_1/derivatives/vprec-space_search/0100/r7-p9/sub-0003041/affine_Composite.h5[1] (type = Euler3DTransform)
  3. /project/rrg-glatard/mdugre/datasets/corr/RawDataBIDS/BMB_1/derivatives/vprec-space_search/0100/r7-p9/sub-0003041/affine_Composite.h5[2] (type = Euler3DTransform)
  4. /project/rrg-glatard/mdugre/datasets/corr/RawDataBIDS/BMB_1/derivatives/vprec-space_search/0100/r7-p9/sub-0003041/affine_Composite.h5[3] (type = AffineTransform)
=============================================================================
  number of levels = 4
  fixed image: /templateflow/tpl-MNI152NLin2009cAsym/tpl-MNI152NLin2009cAsym_res-01_desc-brain_T1w.nii.gz
  moving image: /project/rrg-glatard/mdugre/datasets/corr/RawDataBIDS/BMB_1/derivatives/antsBrainExtraction/sub-0003041/BrainExtractionBrain.nii.gz
Dimension = 3
Number of stages = 1
Use histogram matching = false
Winsorize image intensities = true
  Lower quantile = 0.005
  Upper quantile = 0.995


Stage 1 State
   Image metric = CC
     Fixed image = Image (0x441f810)
  RTTI typeinfo:   itk::Image<double, 3u>
  Reference Count: 2
  Modified Time: 1606
  Debug: Off
  Object Name: 
  Observers: 
    none
  Source: (none)
  Source output name: (none)
  Release Data: Off
  Data Released: False
  Global Release Data: Off
  PipelineMTime: 0
  UpdateMTime: 1217
  RealTimeStamp: 0 seconds 
  LargestPossibleRegion: 
    Dimension: 3
    Index: [0, 0, 0]
    Size: [193, 229, 193]
  BufferedRegion: 
    Dimension: 3
    Index: [0, 0, 0]
    Size: [193, 229, 193]
  RequestedRegion: 
    Dimension: 3
    Index: [0, 0, 0]
    Size: [193, 229, 193]
  Spacing: [1, 1, 1]
  Origin: [96, 132, -78]
  Direction: 
-1 0 0
0 -1 0
0 0 1

  IndexToPointMatrix: 
-1 0 0
0 -1 0
0 0 1

  PointToIndexMatrix: 
-1 0 0
0 -1 0
0 0 1

  Inverse Direction: 
-1 0 0
0 -1 0
0 0 1

  PixelContainer: 
    ImportImageContainer (0x449a3f0)
      RTTI typeinfo:   itk::ImportImageContainer<unsigned long, double>
      Reference Count: 1
      Modified Time: 1214
      Debug: Off
      Object Name: 
      Observers: 
        none
      Pointer: 0x15179da77010
      Container manages memory: true
      Size: 8530021
      Capacity: 8530021

     Moving image = Image (0x44f7460)
  RTTI typeinfo:   itk::Image<double, 3u>
  Reference Count: 2
  Modified Time: 1607
  Debug: Off
  Object Name: 
  Observers: 
    none
  Source: (none)
  Source output name: (none)
  Release Data: Off
  Data Released: False
  Global Release Data: Off
  PipelineMTime: 0
  UpdateMTime: 1604
  RealTimeStamp: 0 seconds 
  LargestPossibleRegion: 
    Dimension: 3
    Index: [0, 0, 0]
    Size: [176, 256, 256]
  BufferedRegion: 
    Dimension: 3
    Index: [0, 0, 0]
    Size: [176, 256, 256]
  RequestedRegion: 
    Dimension: 3
    Index: [0, 0, 0]
    Size: [176, 256, 256]
  Spacing: [1, 1, 1]
  Origin: [-92.3193, 108.325, -119.169]
  Direction: 
1 0 0
0 -1 0
0 0 1

  IndexToPointMatrix: 
1 0 0
0 -1 0
0 0 1

  PointToIndexMatrix: 
1 0 0
0 -1 0
0 0 1

  Inverse Direction: 
1 0 0
0 -1 0
0 0 1

  PixelContainer: 
    ImportImageContainer (0x448ff90)
      RTTI typeinfo:   itk::ImportImageContainer<unsigned long, double>
      Reference Count: 1
      Modified Time: 1601
      Debug: Off
      Object Name: 
      Observers: 
        none
      Pointer: 0x151798276010
      Container manages memory: true
      Size: 11534336
      Capacity: 11534336

     Weighting = 1
     Sampling strategy = none
     Number of bins = 32
     Radius = 4
     Sampling percentage  = 1
   Transform = SyN
     Gradient step = 0.1
     Update field sigma (voxel space) = 3
     Total field sigma (voxel space) = 0
     Update field time sigma = 0
     Total field time sigma  = 0
     Number of time indices = 0
     Number of time point samples = 0
Registration using 1 total stages.

Stage 0
  iterations = 100x70x50x20
  convergence threshold = 1e-06
  convergence window size = 10
  number of levels = 4
  using the CC metric (radius = 4, weight = 1, use gradient filter = 0)
  preprocessing:  winsorizing the image intensities
  Shrink factors (level 1 out of 4): [8, 8, 8]
  Shrink factors (level 2 out of 4): [4, 4, 4]
  Shrink factors (level 3 out of 4): [2, 2, 2]
  Shrink factors (level 4 out of 4): [1, 1, 1]
  smoothing sigmas per level: [3, 2, 1, 0]
  Using default NONE metricSamplingStrategy 

*** Running SyN registration (varianceForUpdateField = 3, varianceForTotalField = 0) ***

XXDIAGNOSTIC,Iteration,metricValue,convergenceValue,ITERATION_TIME_INDEX,SINCE_LAST
 1DIAGNOSTIC,     1, -9.178086285469e-01, 1.797693134862e+308, 2.2643e+00, 2.2643e+00, 
 1DIAGNOSTIC,     2, -9.283832415235e-01, 1.797693134862e+308, 2.7733e+00, 5.0898e-01, 
 1DIAGNOSTIC,     3, -9.352586968570e-01, 1.797693134862e+308, 3.2931e+00, 5.1982e-01, 
 1DIAGNOSTIC,     4, -9.391231690817e-01, 1.797693134862e+308, 3.6276e+00, 3.3448e-01, 
 1DIAGNOSTIC,     5, -9.413658929745e-01, 1.797693134862e+308, 3.9524e+00, 3.2482e-01, 
 1DIAGNOSTIC,     6, -9.437624922802e-01, 1.797693134862e+308, 4.2788e+00, 3.2640e-01, 
 1DIAGNOSTIC,     7, -9.475910864219e-01, 1.797693134862e+308, 4.6037e+00, 3.2493e-01, 
 1DIAGNOSTIC,     8, -9.518853813554e-01, 1.797693134862e+308, 4.9280e+00, 3.2435e-01, 
 1DIAGNOSTIC,     9, -9.555390707146e-01, 1.797693134862e+308, 5.2531e+00, 3.2509e-01, 
 1DIAGNOSTIC,    10, -9.586863672269e-01, 2.435836667539e-03, 5.5802e+00, 3.2705e-01, 
 1DIAGNOSTIC,    11, -9.613317436523e-01, 1.932660779585e-03, 5.9060e+00, 3.2580e-01, 
 1DIAGNOSTIC,    12, -9.635556619960e-01, 1.657843034734e-03, 6.2379e+00, 3.3188e-01, 
 1DIAGNOSTIC,    13, -9.643081143708e-01, 1.449980671347e-03, 6.5669e+00, 3.2906e-01, 
 1DIAGNOSTIC,    14, -9.641704749148e-01, 1.220531845691e-03, 6.8934e+00, 3.2649e-01, 
 1DIAGNOSTIC,    15, -9.649499082631e-01, 9.717453344354e-04, 7.2206e+00, 3.2713e-01, 
 1DIAGNOSTIC,    16, -9.649168352913e-01, 7.085061856774e-04, 7.5748e+00, 3.5421e-01, 
 1DIAGNOSTIC,    17, -9.651848155596e-01, 4.824833576294e-04, 7.9438e+00, 3.6907e-01, 
 1DIAGNOSTIC,    18, -9.650009303302e-01, 3.050983808536e-04, 8.2984e+00, 3.5461e-01, 
 1DIAGNOSTIC,    19, -9.652271430529e-01, 1.791959616641e-04, 8.6427e+00, 3.4429e-01, 
 1DIAGNOSTIC,    20, -9.650628906792e-01, 9.323547254449e-05, 8.9856e+00, 3.4285e-01, 
 1DIAGNOSTIC,    21, -9.652884446788e-01, 4.697448944287e-05, 9.3175e+00, 3.3191e-01, 
 1DIAGNOSTIC,    22, -9.651294967828e-01, 2.842602133641e-05, 9.6802e+00, 3.6265e-01, 
 1DIAGNOSTIC,    23, -9.653404731002e-01, 2.169698348326e-05, 1.0012e+01, 3.3218e-01, 
 1DIAGNOSTIC,    24, -9.652143548219e-01, 1.005094871570e-05, 1.0339e+01, 3.2623e-01, 
 1DIAGNOSTIC,    25, -9.654076184364e-01, 1.016935826204e-05, 1.0666e+01, 3.2753e-01, 
 1DIAGNOSTIC,    26, -9.652891213729e-01, 7.568380130683e-06, 1.0995e+01, 3.2907e-01, 
 1DIAGNOSTIC,    27, -9.654637347511e-01, 9.547509784512e-06, 1.1321e+01, 3.2583e-01, 
 1DIAGNOSTIC,    28, -9.653513221793e-01, 7.340198177774e-06, 1.1686e+01, 3.6521e-01, 
 1DIAGNOSTIC,    29, -9.655157267532e-01, 8.792483180399e-06, 1.2035e+01, 3.4874e-01, 
 1DIAGNOSTIC,    30, -9.654068827975e-01, 6.613972334507e-06, 1.2364e+01, 3.2877e-01, 
 1DIAGNOSTIC,    31, -9.655665967770e-01, 7.826789695430e-06, 1.2708e+01, 3.4436e-01, 
 1DIAGNOSTIC,    32, -9.654619247307e-01, 5.785244076399e-06, 1.3037e+01, 3.2887e-01, 
 1DIAGNOSTIC,    33, -9.656173245040e-01, 6.778475954081e-06, 1.3363e+01, 3.2612e-01, 
 1DIAGNOSTIC,    34, -9.655168576189e-01, 5.105081777604e-06, 1.3688e+01, 3.2471e-01, 
 1DIAGNOSTIC,    35, -9.656673928990e-01, 6.107485381733e-06, 1.4053e+01, 3.6523e-01, 
 1DIAGNOSTIC,    36, -9.655714360763e-01, 4.723610960225e-06, 1.4379e+01, 3.2612e-01, 
 1DIAGNOSTIC,    37, -9.657185785255e-01, 5.683469500462e-06, 1.4706e+01, 3.2695e-01, 
 1DIAGNOSTIC,    38, -9.656247279050e-01, 4.461275720288e-06, 1.5033e+01, 3.2738e-01, 
 1DIAGNOSTIC,    39, -9.657759503520e-01, 5.406864024431e-06, 1.5377e+01, 3.4399e-01, 
 1DIAGNOSTIC,    40, -9.656793469664e-01, 4.285515195712e-06, 1.5726e+01, 3.4840e-01, 
 1DIAGNOSTIC,    41, -9.658398890871e-01, 5.249454177573e-06, 1.6052e+01, 3.2662e-01, 
 1DIAGNOSTIC,    42, -9.657381041408e-01, 4.226455129291e-06, 1.6382e+01, 3.2950e-01, 
 1DIAGNOSTIC,    43, -9.659101465513e-01, 5.222546314878e-06, 1.6708e+01, 3.2597e-01, 
 1DIAGNOSTIC,    44, -9.658003578083e-01, 4.273510578485e-06, 1.7036e+01, 3.2757e-01, 
 1DIAGNOSTIC,    45, -9.659844358853e-01, 5.275109146729e-06, 1.7369e+01, 3.3340e-01, 
 1DIAGNOSTIC,    46, -9.658650469144e-01, 4.355066889335e-06, 1.7694e+01, 3.2519e-01, 
 1DIAGNOSTIC,    47, -9.660602002446e-01, 5.325126688337e-06, 1.8021e+01, 3.2698e-01, 
 1DIAGNOSTIC,    48, -9.659305119441e-01, 4.376147365415e-06, 1.8349e+01, 3.2819e-01, 
 1DIAGNOSTIC,    49, -9.661368386115e-01, 5.316038388225e-06, 1.8677e+01, 3.2725e-01, 
 1DIAGNOSTIC,    50, -9.659988201747e-01, 4.326437533946e-06, 1.9025e+01, 3.4896e-01, 
 1DIAGNOSTIC,    51, -9.662134153711e-01, 5.245265602243e-06, 1.9354e+01, 3.2846e-01, 
 1DIAGNOSTIC,    52, -9.660674331311e-01, 4.219121386876e-06, 1.9682e+01, 3.2757e-01, 
 1DIAGNOSTIC,    53, -9.662868317947e-01, 5.118401792632e-06, 2.0025e+01, 3.4395e-01, 
 1DIAGNOSTIC,    54, -9.661348255860e-01, 4.059393480950e-06, 2.0354e+01, 3.2863e-01, 
 1DIAGNOSTIC,    55, -9.663563120863e-01, 4.935012422869e-06, 2.0680e+01, 3.2560e-01, 
 1DIAGNOSTIC,    56, -9.661990527795e-01, 3.842652000614e-06, 2.1005e+01, 3.2492e-01, 
 1DIAGNOSTIC,    57, -9.664193505508e-01, 4.678338567217e-06, 2.1338e+01, 3.3343e-01, 
 1DIAGNOSTIC,    58, -9.662575270276e-01, 3.546247018555e-06, 2.1667e+01, 3.2856e-01, 
 1DIAGNOSTIC,    59, -9.664763873746e-01, 4.343923378659e-06, 2.1993e+01, 3.2624e-01, 
 1DIAGNOSTIC,    60, -9.663116783748e-01, 3.201218160224e-06, 2.2320e+01, 3.2675e-01, 
 1DIAGNOSTIC,    61, -9.665271862341e-01, 3.971915034231e-06, 2.2646e+01, 3.2671e-01, 
 1DIAGNOSTIC,    62, -9.663604038479e-01, 2.839799656502e-06, 2.2973e+01, 3.2713e-01, 
 1DIAGNOSTIC,    63, -9.665738689547e-01, 3.598268693134e-06, 2.3318e+01, 3.4463e-01, 
 1DIAGNOSTIC,    64, -9.664045278887e-01, 2.497694682774e-06, 2.3644e+01, 3.2557e-01, 
 1DIAGNOSTIC,    65, -9.666150631311e-01, 3.249471362394e-06, 2.3988e+01, 3.4398e-01, 
 1DIAGNOSTIC,    66, -9.664428456843e-01, 2.185727928740e-06, 2.4343e+01, 3.5586e-01, 
 1DIAGNOSTIC,    67, -9.666515201481e-01, 2.927530963991e-06, 2.4694e+01, 3.5014e-01, 
 1DIAGNOSTIC,    68, -9.664777641025e-01, 1.902764413492e-06, 2.5021e+01, 3.2715e-01, 
 1DIAGNOSTIC,    69, -9.666853901736e-01, 2.640443850604e-06, 2.5369e+01, 3.4860e-01, 
 1DIAGNOSTIC,    70, -9.665104340185e-01, 1.664969043748e-06, 2.5696e+01, 3.2645e-01, 
 1DIAGNOSTIC,    71, -9.667183546237e-01, 2.405861405427e-06, 2.6023e+01, 3.2694e-01, 
 1DIAGNOSTIC,    72, -9.665426368541e-01, 1.485049500790e-06, 2.6348e+01, 3.2563e-01, 
 1DIAGNOSTIC,    73, -9.667503324013e-01, 2.235714175940e-06, 2.6676e+01, 3.2772e-01, 
 1DIAGNOSTIC,    74, -9.665738692008e-01, 1.366555123046e-06, 2.7006e+01, 3.3019e-01, 
 1DIAGNOSTIC,    75, -9.667807905092e-01, 2.115945302771e-06, 2.7356e+01, 3.4924e-01, 
 1DIAGNOSTIC,    76, -9.666043774814e-01, 1.283269857611e-06, 2.7689e+01, 3.3355e-01, 
 1DIAGNOSTIC,    77, -9.668106162129e-01, 2.020786988990e-06, 2.8018e+01, 3.2940e-01, 
 1DIAGNOSTIC,    78, -9.666338472627e-01, 1.214108869258e-06, 2.8344e+01, 3.2532e-01, 
 1DIAGNOSTIC,    79, -9.668395839273e-01, 1.934911396644e-06, 2.8679e+01, 3.3476e-01, 
 1DIAGNOSTIC,    80, -9.666614591776e-01, 1.144578333008e-06, 2.9010e+01, 3.3113e-01, 
 1DIAGNOSTIC,    81, -9.668678718290e-01, 1.850904753692e-06, 2.9340e+01, 3.3079e-01, 
 1DIAGNOSTIC,    82, -9.666873527394e-01, 1.075410697677e-06, 2.9669e+01, 3.2856e-01, 
 1DIAGNOSTIC,    83, -9.668917061550e-01, 1.756141997602e-06, 2.9996e+01, 3.2647e-01, 
 1DIAGNOSTIC,    84, -9.667097801517e-01, 9.885917525553e-07, 3.0335e+01, 3.3917e-01, 
XXDIAGNOSTIC,Iteration,metricValue,convergenceValue,ITERATION_TIME_INDEX,SINCE_LAST
 1DIAGNOSTIC,     1, -9.087413513690e-01, 1.797693134862e+308, 3.4390e+01, 4.0556e+00, 
 1DIAGNOSTIC,     2, -9.121913944062e-01, 1.797693134862e+308, 3.7254e+01, 2.8635e+00, 
 1DIAGNOSTIC,     3, -9.161762715571e-01, 1.797693134862e+308, 4.0089e+01, 2.8354e+00, 
 1DIAGNOSTIC,     4, -9.195350800368e-01, 1.797693134862e+308, 4.2906e+01, 2.8165e+00, 
 1DIAGNOSTIC,     5, -9.225740061651e-01, 1.797693134862e+308, 4.5753e+01, 2.8477e+00, 
 1DIAGNOSTIC,     6, -9.250927628081e-01, 1.797693134862e+308, 4.8833e+01, 3.0792e+00, 
 1DIAGNOSTIC,     7, -9.272077227127e-01, 1.797693134862e+308, 5.2404e+01, 3.5711e+00, 
 1DIAGNOSTIC,     8, -9.290125628664e-01, 1.797693134862e+308, 5.5680e+01, 3.2762e+00, 
 1DIAGNOSTIC,     9, -9.303423285512e-01, 1.797693134862e+308, 5.8542e+01, 2.8621e+00, 
 1DIAGNOSTIC,    10, -9.314919760687e-01, 1.593919352944e-03, 6.1393e+01, 2.8514e+00, 
 1DIAGNOSTIC,    11, -9.325042229352e-01, 1.252147295062e-03, 6.4266e+01, 2.8729e+00, 
 1DIAGNOSTIC,    12, -9.334206594876e-01, 9.660125887619e-04, 6.7157e+01, 2.8908e+00, 
 1DIAGNOSTIC,    13, -9.341188185794e-01, 7.467141097236e-04, 7.0034e+01, 2.8775e+00, 
 1DIAGNOSTIC,    14, -9.348728606047e-01, 5.806119732396e-04, 7.2905e+01, 2.8708e+00, 
 1DIAGNOSTIC,    15, -9.354510171955e-01, 4.571894901095e-04, 7.5763e+01, 2.8579e+00, 
 1DIAGNOSTIC,    16, -9.359784554557e-01, 3.652787128505e-04, 7.8614e+01, 2.8508e+00, 
 1DIAGNOSTIC,    17, -9.364757867866e-01, 2.973177179563e-04, 8.1465e+01, 2.8505e+00, 
 1DIAGNOSTIC,    18, -9.369384656065e-01, 2.478666843803e-04, 8.4309e+01, 2.8448e+00, 
 1DIAGNOSTIC,    19, -9.375727130506e-01, 2.121599367837e-04, 8.7169e+01, 2.8597e+00, 
 1DIAGNOSTIC,    20, -9.381500589891e-01, 1.865319115479e-04, 9.0045e+01, 2.8764e+00, 
 1DIAGNOSTIC,    21, -9.386846118385e-01, 1.683807987579e-04, 9.2929e+01, 2.8835e+00, 
 1DIAGNOSTIC,    22, -9.391696810332e-01, 1.556314998356e-04, 9.5807e+01, 2.8779e+00, 
 1DIAGNOSTIC,    23, -9.394175572254e-01, 1.419341473959e-04, 9.8691e+01, 2.8843e+00, 
 1DIAGNOSTIC,    24, -9.396701925340e-01, 1.289112515013e-04, 1.0158e+02, 2.8852e+00, 
 1DIAGNOSTIC,    25, -9.399417596320e-01, 1.151926324114e-04, 1.0442e+02, 2.8473e+00, 
 1DIAGNOSTIC,    26, -9.401923530736e-01, 1.008189762948e-04, 1.0728e+02, 2.8572e+00, 
 1DIAGNOSTIC,    27, -9.404255292217e-01, 8.631528163441e-05, 1.1014e+02, 2.8579e+00, 
 1DIAGNOSTIC,    28, -9.406447302935e-01, 7.216139213229e-05, 1.1299e+02, 2.8547e+00, 
 1DIAGNOSTIC,    29, -9.408463310986e-01, 6.099170597100e-05, 1.1586e+02, 2.8656e+00, 
 1DIAGNOSTIC,    30, -9.410367884532e-01, 5.259768150761e-05, 1.1873e+02, 2.8728e+00, 
 1DIAGNOSTIC,    31, -9.412147570406e-01, 4.675431244077e-05, 1.2160e+02, 2.8689e+00, 
 1DIAGNOSTIC,    32, -9.413827283182e-01, 4.311746840563e-05, 1.2447e+02, 2.8740e+00, 
 1DIAGNOSTIC,    33, -9.415394252976e-01, 3.939807618034e-05, 1.2732e+02, 2.8417e+00, 
 1DIAGNOSTIC,    34, -9.416857783217e-01, 3.577531170922e-05, 1.3016e+02, 2.8468e+00, 
 1DIAGNOSTIC,    35, -9.418268624247e-01, 3.259683538554e-05, 1.3301e+02, 2.8442e+00, 
 1DIAGNOSTIC,    36, -9.419610290010e-01, 2.979532734588e-05, 1.3588e+02, 2.8733e+00, 
 1DIAGNOSTIC,    37, -9.420851227482e-01, 2.729560010743e-05, 1.3879e+02, 2.9113e+00, 
 1DIAGNOSTIC,    38, -9.421964375041e-01, 2.502469461622e-05, 1.4191e+02, 3.1199e+00, 
 1DIAGNOSTIC,    39, -9.423164309782e-01, 2.304563136903e-05, 1.4477e+02, 2.8562e+00, 
 1DIAGNOSTIC,    40, -9.424282712558e-01, 2.131403081950e-05, 1.4765e+02, 2.8817e+00, 
 1DIAGNOSTIC,    41, -9.425356459668e-01, 1.979790884700e-05, 1.5053e+02, 2.8790e+00, 
 1DIAGNOSTIC,    42, -9.426391180339e-01, 1.847974500125e-05, 1.5340e+02, 2.8727e+00, 
 1DIAGNOSTIC,    43, -9.427367506089e-01, 1.730713714386e-05, 1.5629e+02, 2.8844e+00, 
 1DIAGNOSTIC,    44, -9.428375515923e-01, 1.629043110312e-05, 1.5917e+02, 2.8878e+00, 
 1DIAGNOSTIC,    45, -9.429307578856e-01, 1.539009271165e-05, 1.6205e+02, 2.8803e+00, 
 1DIAGNOSTIC,    46, -9.430182740751e-01, 1.457018188353e-05, 1.6493e+02, 2.8804e+00, 
 1DIAGNOSTIC,    47, -9.431030288396e-01, 1.379250077045e-05, 1.6781e+02, 2.8779e+00, 
 1DIAGNOSTIC,    48, -9.431871416975e-01, 1.301135409508e-05, 1.7069e+02, 2.8741e+00, 
 1DIAGNOSTIC,    49, -9.432663690196e-01, 1.229760472963e-05, 1.7357e+02, 2.8857e+00, 
 1DIAGNOSTIC,    50, -9.433398963327e-01, 1.160715814648e-05, 1.7644e+02, 2.8725e+00, 
 1DIAGNOSTIC,    51, -9.434186628511e-01, 1.098760511323e-05, 1.7933e+02, 2.8894e+00, 
 1DIAGNOSTIC,    52, -9.434801825769e-01, 1.034803713428e-05, 1.8222e+02, 2.8870e+00, 
 1DIAGNOSTIC,    53, -9.435480677817e-01, 9.734863399370e-06, 1.8512e+02, 2.9022e+00, 
 1DIAGNOSTIC,    54, -9.436165261783e-01, 9.207086912311e-06, 1.8801e+02, 2.8861e+00, 
 1DIAGNOSTIC,    55, -9.436794558348e-01, 8.720874469126e-06, 1.9133e+02, 3.3230e+00, 
 1DIAGNOSTIC,    56, -9.437422507579e-01, 8.274361795534e-06, 1.9421e+02, 2.8811e+00, 
 1DIAGNOSTIC,    57, -9.438036884806e-01, 7.871701523443e-06, 1.9711e+02, 2.8937e+00, 
 1DIAGNOSTIC,    58, -9.438670795827e-01, 7.542433533535e-06, 1.9998e+02, 2.8778e+00, 
 1DIAGNOSTIC,    59, -9.439273088417e-01, 7.259254091785e-06, 2.0287e+02, 2.8823e+00, 
 1DIAGNOSTIC,    60, -9.439844627422e-01, 6.990018993458e-06, 2.0575e+02, 2.8821e+00, 
 1DIAGNOSTIC,    61, -9.440408258633e-01, 6.773757385677e-06, 2.0864e+02, 2.8945e+00, 
 1DIAGNOSTIC,    62, -9.440962203315e-01, 6.527033818104e-06, 2.1153e+02, 2.8874e+00, 
 1DIAGNOSTIC,    63, -9.441498016755e-01, 6.285728442523e-06, 2.1443e+02, 2.8947e+00, 
 1DIAGNOSTIC,    64, -9.442034874968e-01, 6.067029183651e-06, 2.1730e+02, 2.8762e+00, 
 1DIAGNOSTIC,    65, -9.442565480232e-01, 5.852962579496e-06, 2.2019e+02, 2.8872e+00, 
 1DIAGNOSTIC,    66, -9.443084776716e-01, 5.649216295905e-06, 2.2309e+02, 2.8972e+00, 
 1DIAGNOSTIC,    67, -9.443596234836e-01, 5.456267337760e-06, 2.2597e+02, 2.8879e+00, 
 1DIAGNOSTIC,    68, -9.444069937437e-01, 5.276268023449e-06, 2.2884e+02, 2.8702e+00, 
 1DIAGNOSTIC,    69, -9.444528120449e-01, 5.098195047373e-06, 2.3174e+02, 2.8942e+00, 
 1DIAGNOSTIC,    70, -9.444904820018e-01, 4.883093605875e-06, 2.3462e+02, 2.8784e+00, 
XXDIAGNOSTIC,Iteration,metricValue,convergenceValue,ITERATION_TIME_INDEX,SINCE_LAST
 1DIAGNOSTIC,     1, -8.982831212281e-01, 1.797693134862e+308, 2.5956e+02, 2.4938e+01, 
 1DIAGNOSTIC,     2, -9.003164273832e-01, 1.797693134862e+308, 2.8317e+02, 2.3614e+01, 
 1DIAGNOSTIC,     3, -9.032237774680e-01, 1.797693134862e+308, 3.0663e+02, 2.3457e+01, 
 1DIAGNOSTIC,     4, -9.057707024078e-01, 1.797693134862e+308, 3.3235e+02, 2.5723e+01, 
 1DIAGNOSTIC,     5, -9.081804366902e-01, 1.797693134862e+308, 3.5573e+02, 2.3376e+01, 
 1DIAGNOSTIC,     6, -9.102619610433e-01, 1.797693134862e+308, 3.8105e+02, 2.5323e+01, 
 1DIAGNOSTIC,     7, -9.120849251241e-01, 1.797693134862e+308, 4.0471e+02, 2.3662e+01, 
 1DIAGNOSTIC,     8, -9.137058985024e-01, 1.797693134862e+308, 4.2828e+02, 2.3566e+01, 
 1DIAGNOSTIC,     9, -9.151720889811e-01, 1.797693134862e+308, 4.5408e+02, 2.5805e+01, 
 1DIAGNOSTIC,    10, -9.164858768917e-01, 1.312049537003e-03, 4.7947e+02, 2.5385e+01, 
 1DIAGNOSTIC,    11, -9.176392417742e-01, 1.093862210912e-03, 5.0327e+02, 2.3802e+01, 
 1DIAGNOSTIC,    12, -9.185544155822e-01, 8.899422686436e-04, 5.2929e+02, 2.6022e+01, 
 1DIAGNOSTIC,    13, -9.191750527259e-01, 7.212988098341e-04, 5.5298e+02, 2.3693e+01, 
 1DIAGNOSTIC,    14, -9.198983183433e-01, 5.836791092284e-04, 5.7671e+02, 2.3721e+01, 
 1DIAGNOSTIC,    15, -9.203602854781e-01, 4.703122505889e-04, 6.0038e+02, 2.3670e+01, 
 1DIAGNOSTIC,    16, -9.207852803424e-01, 3.765104024991e-04, 6.2574e+02, 2.5364e+01, 
 1DIAGNOSTIC,    17, -9.211857133249e-01, 2.996406871097e-04, 6.5206e+02, 2.6323e+01, 
 1DIAGNOSTIC,    18, -9.215693166653e-01, 2.381404856576e-04, 6.7565e+02, 2.3586e+01, 
 1DIAGNOSTIC,    19, -9.219414516633e-01, 1.909620953030e-04, 6.9955e+02, 2.3899e+01, 
 1DIAGNOSTIC,    20, -9.223091876301e-01, 1.567256453412e-04, 7.2326e+02, 2.3707e+01, 
 1DIAGNOSTIC,    21, -9.227984908469e-01, 1.353785495600e-04, 7.4852e+02, 2.5268e+01, 
 1DIAGNOSTIC,    22, -9.231562484014e-01, 1.212539504129e-04, 7.7628e+02, 2.7760e+01, 
 1DIAGNOSTIC,    23, -9.235084322226e-01, 1.100772146588e-04, 8.0128e+02, 2.4996e+01, 
 1DIAGNOSTIC,    24, -9.238655976334e-01, 1.035144357698e-04, 8.2512e+02, 2.3843e+01, 
 1DIAGNOSTIC,    25, -9.242265921176e-01, 9.796719278714e-05, 8.5042e+02, 2.5295e+01, 
 1DIAGNOSTIC,    26, -9.245846697663e-01, 9.295444308745e-05, 8.7393e+02, 2.3513e+01, 
 1DIAGNOSTIC,    27, -9.249315728092e-01, 8.814638928903e-05, 8.9747e+02, 2.3541e+01, 
 1DIAGNOSTIC,    28, -9.252693057178e-01, 8.339443296689e-05, 9.2100e+02, 2.3532e+01, 
 1DIAGNOSTIC,    29, -9.255999829877e-01, 7.863797854079e-05, 9.4454e+02, 2.3541e+01, 
 1DIAGNOSTIC,    30, -9.259301393277e-01, 7.394726409318e-05, 9.6842e+02, 2.3878e+01, 
 1DIAGNOSTIC,    31, -9.262528864994e-01, 7.068623550941e-05, 9.9565e+02, 2.7226e+01, 
 1DIAGNOSTIC,    32, -9.265569483357e-01, 6.735356626571e-05, 1.0193e+03, 2.3652e+01, 
 1DIAGNOSTIC,    33, -9.268531509485e-01, 6.393951557872e-05, 1.0432e+03, 2.3910e+01, 
 1DIAGNOSTIC,    34, -9.271271125784e-01, 6.042036554255e-05, 1.0698e+03, 2.6554e+01, 
 1DIAGNOSTIC,    35, -9.273704944292e-01, 5.672392432234e-05, 1.0935e+03, 2.3708e+01, 
 1DIAGNOSTIC,    36, -9.275920422522e-01, 5.284510954315e-05, 1.1196e+03, 2.6135e+01, 
 1DIAGNOSTIC,    37, -9.277900190818e-01, 4.873012570937e-05, 1.1455e+03, 2.5880e+01, 
 1DIAGNOSTIC,    38, -9.279689689578e-01, 4.442542234014e-05, 1.1692e+03, 2.3704e+01, 
 1DIAGNOSTIC,    39, -9.281329940920e-01, 4.005893681253e-05, 1.1930e+03, 2.3822e+01, 
 1DIAGNOSTIC,    40, -9.282834023550e-01, 3.583574789292e-05, 1.2166e+03, 2.3627e+01, 
 1DIAGNOSTIC,    41, -9.284212543308e-01, 3.190564954387e-05, 1.2402e+03, 2.3579e+01, 
 1DIAGNOSTIC,    42, -9.285511575461e-01, 2.834252865980e-05, 1.2640e+03, 2.3736e+01, 
 1DIAGNOSTIC,    43, -9.286778471239e-01, 2.530995103037e-05, 1.2878e+03, 2.3836e+01, 
 1DIAGNOSTIC,    44, -9.287945218090e-01, 2.277430023712e-05, 1.3116e+03, 2.3836e+01, 
 1DIAGNOSTIC,    45, -9.289041072152e-01, 2.063420906175e-05, 1.3355e+03, 2.3861e+01, 
 1DIAGNOSTIC,    46, -9.290105843445e-01, 1.885585262015e-05, 1.3616e+03, 2.6161e+01, 
 1DIAGNOSTIC,    47, -9.291144053651e-01, 1.737193434688e-05, 1.3896e+03, 2.7994e+01, 
 1DIAGNOSTIC,    48, -9.292165806958e-01, 1.613512813122e-05, 1.4135e+03, 2.3816e+01, 
 1DIAGNOSTIC,    49, -9.293121571317e-01, 1.508005940743e-05, 1.4423e+03, 2.8886e+01, 
 1DIAGNOSTIC,    50, -9.294110305348e-01, 1.420453979859e-05, 1.4684e+03, 2.6094e+01, 
XXDIAGNOSTIC,Iteration,metricValue,convergenceValue,ITERATION_TIME_INDEX,SINCE_LAST
 1DIAGNOSTIC,     1, -8.866113875116e-01, 1.797693134862e+308, 1.7023e+03, 2.3382e+02, 
 1DIAGNOSTIC,     2, -8.879810551539e-01, 1.797693134862e+308, 1.9267e+03, 2.2442e+02, 
 1DIAGNOSTIC,     3, -8.897321835500e-01, 1.797693134862e+308, 2.1512e+03, 2.2453e+02, 
 1DIAGNOSTIC,     4, -8.913211324856e-01, 1.797693134862e+308, 2.3745e+03, 2.2329e+02, 
 1DIAGNOSTIC,     5, -8.927094372337e-01, 1.797693134862e+308, 2.5938e+03, 2.1930e+02, 
 1DIAGNOSTIC,     6, -8.938803172876e-01, 1.797693134862e+308, 2.8139e+03, 2.2013e+02, 
 1DIAGNOSTIC,     7, -8.949022135862e-01, 1.797693134862e+308, 3.0347e+03, 2.2075e+02, 
 1DIAGNOSTIC,     8, -8.959015434185e-01, 1.797693134862e+308, 3.2548e+03, 2.2012e+02, 
 1DIAGNOSTIC,     9, -8.967269740911e-01, 1.797693134862e+308, 3.4776e+03, 2.2282e+02, 
 1DIAGNOSTIC,    10, -8.976245974497e-01, 7.943167066639e-04, 3.7000e+03, 2.2239e+02, 
 1DIAGNOSTIC,    11, -8.984654471333e-01, 6.633549739772e-04, 3.9229e+03, 2.2287e+02, 
 1DIAGNOSTIC,    12, -8.994528163191e-01, 5.566690872622e-04, 4.1446e+03, 2.2173e+02, 
 1DIAGNOSTIC,    13, -9.005211020950e-01, 4.844758081808e-04, 4.3659e+03, 2.2132e+02, 
 1DIAGNOSTIC,    14, -9.015498838345e-01, 4.374652791869e-04, 4.5880e+03, 2.2211e+02, 
 1DIAGNOSTIC,    15, -9.025390311705e-01, 4.067752774915e-04, 4.8100e+03, 2.2198e+02, 
 1DIAGNOSTIC,    16, -9.034955831761e-01, 3.845560069930e-04, 5.0308e+03, 2.2083e+02, 
 1DIAGNOSTIC,    17, -9.042946223012e-01, 3.632211218011e-04, 5.2499e+03, 2.1910e+02, 
 1DIAGNOSTIC,    18, -9.050390977108e-01, 3.412480369870e-04, 5.4715e+03, 2.2158e+02, 
 1DIAGNOSTIC,    19, -9.057414974637e-01, 3.152787885486e-04, 5.6944e+03, 2.2292e+02, 
 1DIAGNOSTIC,    20, -9.064491378473e-01, 2.879325700200e-04, 5.9170e+03, 2.2254e+02, 
  Elapsed time (stage 0): 5918.83


Total elapsed time: 5918.83
