srun: Step created for StepId=1515140.30

##########################
# Experiment information #
##########################
SIF_IMG: /project/rrg-glatard/mdugre/containers/ants-p2-vprec.sif
EXPERIMENT_NAME: vprec-space_search
CONFIG: 0100
VFC_BACKENDS: libinterflop_vprec.so --range-binary32=7 --precision-binary32=11 --range-binary64=7 --precision-binary64=11

FIXED_IMG: /templateflow/tpl-MNI152NLin2009cAsym/tpl-MNI152NLin2009cAsym_res-01_desc-brain_T1w.nii.gz
SUBJECT_ID: 0003040
INPUT_IMG: /project/rrg-glatard/mdugre/datasets/corr/RawDataBIDS/BMB_1/derivatives/antsBrainExtraction/sub-0003040/BrainExtractionBrain.nii.gz
OUTPUT_DIR: /project/rrg-glatard/mdugre/datasets/corr/RawDataBIDS/BMB_1/derivatives/vprec-space_search/0100/r7-p11/sub-0003040

ITK_GLOBAL_DEFAULT_NUMBER_OF_THREADS: 8
##########################

VFC_BACKENDS=libinterflop_ieee.so
Info [verificarlo]: loaded backend libinterflop_ieee.so
Info [interflop-ieee]: load backend with:
Info [interflop-ieee]: debug = false
Info [interflop-ieee]: debug-binary = false
Info [interflop-ieee]: no-backend-name = false
Info [interflop-ieee]: print-new-line = false
Info [interflop-ieee]: print-subnormal-normalized = false
Info [interflop-ieee]: count-op = false
All_Command_lines_OK
Using double precision for computations.
=============================================================================
The composite transform comprises the following transforms (in order): 
  1. Center of mass alignment using fixed image: /templateflow/tpl-MNI152NLin2009cAsym/tpl-MNI152NLin2009cAsym_res-01_desc-brain_T1w.nii.gz and moving image: /project/rrg-glatard/mdugre/datasets/corr/RawDataBIDS/BMB_1/derivatives/antsBrainExtraction/sub-0003040/BrainExtractionBrain.nii.gz (type = Euler3DTransform)
=============================================================================
  number of levels = 1
  fixed image: /templateflow/tpl-MNI152NLin2009cAsym/tpl-MNI152NLin2009cAsym_res-01_desc-brain_T1w.nii.gz
  moving image: /project/rrg-glatard/mdugre/datasets/corr/RawDataBIDS/BMB_1/derivatives/antsBrainExtraction/sub-0003040/BrainExtractionBrain.nii.gz
Dimension = 3
Number of stages = 1
Use histogram matching = false
Winsorize image intensities = true
  Lower quantile = 0.005
  Upper quantile = 0.995


Stage 1 State
   Image metric = MattesMI
     Fixed image = Image (0x386b390)
  RTTI typeinfo:   itk::Image<double, 3u>
  Reference Count: 2
  Modified Time: 2334
  Debug: Off
  Object Name: 
  Observers: 
    none
  Source: (none)
  Source output name: (none)
  Release Data: Off
  Data Released: False
  Global Release Data: Off
  PipelineMTime: 0
  UpdateMTime: 1943
  RealTimeStamp: 0 seconds 
  LargestPossibleRegion: 
    Dimension: 3
    Index: [0, 0, 0]
    Size: [193, 229, 193]
  BufferedRegion: 
    Dimension: 3
    Index: [0, 0, 0]
    Size: [193, 229, 193]
  RequestedRegion: 
    Dimension: 3
    Index: [0, 0, 0]
    Size: [193, 229, 193]
  Spacing: [1, 1, 1]
  Origin: [96, 132, -78]
  Direction: 
-1 0 0
0 -1 0
0 0 1

  IndexToPointMatrix: 
-1 0 0
0 -1 0
0 0 1

  PointToIndexMatrix: 
-1 0 0
0 -1 0
0 0 1

  Inverse Direction: 
-1 0 0
0 -1 0
0 0 1

  PixelContainer: 
    ImportImageContainer (0x3936a90)
      RTTI typeinfo:   itk::ImportImageContainer<unsigned long, double>
      Reference Count: 1
      Modified Time: 1940
      Debug: Off
      Object Name: 
      Observers: 
        none
      Pointer: 0x14cc2aa93010
      Container manages memory: true
      Size: 8530021
      Capacity: 8530021

     Moving image = Image (0x3869290)
  RTTI typeinfo:   itk::Image<double, 3u>
  Reference Count: 2
  Modified Time: 2335
  Debug: Off
  Object Name: 
  Observers: 
    none
  Source: (none)
  Source output name: (none)
  Release Data: Off
  Data Released: False
  Global Release Data: Off
  PipelineMTime: 0
  UpdateMTime: 2332
  RealTimeStamp: 0 seconds 
  LargestPossibleRegion: 
    Dimension: 3
    Index: [0, 0, 0]
    Size: [176, 256, 256]
  BufferedRegion: 
    Dimension: 3
    Index: [0, 0, 0]
    Size: [176, 256, 256]
  RequestedRegion: 
    Dimension: 3
    Index: [0, 0, 0]
    Size: [176, 256, 256]
  Spacing: [1, 1, 1]
  Origin: [-98.5925, 102.878, -120.144]
  Direction: 
1 0 0
0 -1 0
0 0 1

  IndexToPointMatrix: 
1 0 0
0 -1 0
0 0 1

  PointToIndexMatrix: 
1 0 0
0 -1 0
0 0 1

  Inverse Direction: 
1 0 0
0 -1 0
0 0 1

  PixelContainer: 
    ImportImageContainer (0x3896850)
      RTTI typeinfo:   itk::ImportImageContainer<unsigned long, double>
      Reference Count: 1
      Modified Time: 2329
      Debug: Off
      Object Name: 
      Observers: 
        none
      Pointer: 0x14cc25292010
      Container manages memory: true
      Size: 11534336
      Capacity: 11534336

     Weighting = 1
     Sampling strategy = regular
     Number of bins = 32
     Radius = 4
     Sampling percentage  = 0.25
   Transform = Rigid
     Gradient step = 0.1
     Update field sigma (voxel space) = 0
     Total field sigma (voxel space) = 0
     Update field time sigma = 0
     Total field time sigma  = 0
     Number of time indices = 0
     Number of time point samples = 0
Registration using 1 total stages.

Stage 0
  iterations = 0
  convergence threshold = 1e-06
  convergence window size = 10
  number of levels = 1
  using the Mattes MI metric (number of bins = 32, weight = 1, use gradient filter = 0)
  preprocessing:  winsorizing the image intensities
  Shrink factors (level 1 out of 1): [1, 1, 1]
  smoothing sigmas per level: [0]
  regular sampling (percentage = 0.25)

*** Running Euler3DTransform registration ***

  Elapsed time (stage 0): 0.93445


Total elapsed time: 0.936011
VFC_BACKENDS=libinterflop_vprec.so --range-binary32=7 --precision-binary32=11 --range-binary64=7 --precision-binary64=11
Info [verificarlo]: loaded backend libinterflop_vprec.so
Info [interflop-vprec]: load backend with: 
Info [interflop-vprec]: precision-binary32 = 11
Info [interflop-vprec]: range-binary32 = 7
Info [interflop-vprec]: precision-binary64 = 11
Info [interflop-vprec]: range-binary64 = 7
Info [interflop-vprec]: mode = ob
Info [interflop-vprec]: error-mode = rel
Info [interflop-vprec]: max-abs-error-exponent = -1022
Info [interflop-vprec]: daz = false
Info [interflop-vprec]: ftz = false
Info [interflop-vprec]: 	instrument = none
Info [interflop-vprec]: 	prec-input-file = (null)
Info [interflop-vprec]: 	prec-output-file = (null)
Info [interflop-vprec]: 	prec-log-file = (null)
All_Command_lines_OK
Using double precision for computations.
=============================================================================
The composite transform comprises the following transforms (in order): 
  1. /project/rrg-glatard/mdugre/datasets/corr/RawDataBIDS/BMB_1/derivatives/vprec-space_search/0100/r7-p11/sub-0003040/align_Composite.h5[0] (type = Euler3DTransform)
  2. /project/rrg-glatard/mdugre/datasets/corr/RawDataBIDS/BMB_1/derivatives/vprec-space_search/0100/r7-p11/sub-0003040/align_Composite.h5[1] (type = Euler3DTransform)
=============================================================================
  number of levels = 4
  fixed image: /templateflow/tpl-MNI152NLin2009cAsym/tpl-MNI152NLin2009cAsym_res-01_desc-brain_T1w.nii.gz
  moving image: /project/rrg-glatard/mdugre/datasets/corr/RawDataBIDS/BMB_1/derivatives/antsBrainExtraction/sub-0003040/BrainExtractionBrain.nii.gz
Dimension = 3
Number of stages = 1
Use histogram matching = false
Winsorize image intensities = true
  Lower quantile = 0.005
  Upper quantile = 0.995


Stage 1 State
   Image metric = MattesMI
     Fixed image = Image (0x449a300)
  RTTI typeinfo:   itk::Image<double, 3u>
  Reference Count: 2
  Modified Time: 1578
  Debug: Off
  Object Name: 
  Observers: 
    none
  Source: (none)
  Source output name: (none)
  Release Data: Off
  Data Released: False
  Global Release Data: Off
  PipelineMTime: 0
  UpdateMTime: 1189
  RealTimeStamp: 0 seconds 
  LargestPossibleRegion: 
    Dimension: 3
    Index: [0, 0, 0]
    Size: [193, 229, 193]
  BufferedRegion: 
    Dimension: 3
    Index: [0, 0, 0]
    Size: [193, 229, 193]
  RequestedRegion: 
    Dimension: 3
    Index: [0, 0, 0]
    Size: [193, 229, 193]
  Spacing: [1, 1, 1]
  Origin: [96, 132, -78]
  Direction: 
-1 0 0
0 -1 0
0 0 1

  IndexToPointMatrix: 
-1 0 0
0 -1 0
0 0 1

  PointToIndexMatrix: 
-1 0 0
0 -1 0
0 0 1

  Inverse Direction: 
-1 0 0
0 -1 0
0 0 1

  PixelContainer: 
    ImportImageContainer (0x4558d00)
      RTTI typeinfo:   itk::ImportImageContainer<unsigned long, double>
      Reference Count: 1
      Modified Time: 1186
      Debug: Off
      Object Name: 
      Observers: 
        none
      Pointer: 0x14ab987de010
      Container manages memory: true
      Size: 8530021
      Capacity: 8530021

     Moving image = Image (0x4555030)
  RTTI typeinfo:   itk::Image<double, 3u>
  Reference Count: 2
  Modified Time: 1579
  Debug: Off
  Object Name: 
  Observers: 
    none
  Source: (none)
  Source output name: (none)
  Release Data: Off
  Data Released: False
  Global Release Data: Off
  PipelineMTime: 0
  UpdateMTime: 1576
  RealTimeStamp: 0 seconds 
  LargestPossibleRegion: 
    Dimension: 3
    Index: [0, 0, 0]
    Size: [176, 256, 256]
  BufferedRegion: 
    Dimension: 3
    Index: [0, 0, 0]
    Size: [176, 256, 256]
  RequestedRegion: 
    Dimension: 3
    Index: [0, 0, 0]
    Size: [176, 256, 256]
  Spacing: [1, 1, 1]
  Origin: [-98.5938, 102.875, -120.156]
  Direction: 
1 0 0
0 -1 0
0 0 1

  IndexToPointMatrix: 
1 0 0
0 -1 0
0 0 1

  PointToIndexMatrix: 
1 0 0
0 -1 0
0 0 1

  Inverse Direction: 
1 0 0
0 -1 0
0 0 1

  PixelContainer: 
    ImportImageContainer (0x4522d70)
      RTTI typeinfo:   itk::ImportImageContainer<unsigned long, double>
      Reference Count: 1
      Modified Time: 1573
      Debug: Off
      Object Name: 
      Observers: 
        none
      Pointer: 0x14ab92fdd010
      Container manages memory: true
      Size: 11534336
      Capacity: 11534336

     Weighting = 1
     Sampling strategy = regular
     Number of bins = 32
     Radius = 4
     Sampling percentage  = 0.25
   Transform = Rigid
     Gradient step = 0.1
     Update field sigma (voxel space) = 0
     Total field sigma (voxel space) = 0
     Update field time sigma = 0
     Total field time sigma  = 0
     Number of time indices = 0
     Number of time point samples = 0
Registration using 1 total stages.

Stage 0
  iterations = 1000x500x250x100
  convergence threshold = 1e-06
  convergence window size = 10
  number of levels = 4
  using the Mattes MI metric (number of bins = 32, weight = 1, use gradient filter = 0)
  preprocessing:  winsorizing the image intensities
  Shrink factors (level 1 out of 4): [8, 8, 8]
  Shrink factors (level 2 out of 4): [4, 4, 4]
  Shrink factors (level 3 out of 4): [2, 2, 2]
  Shrink factors (level 4 out of 4): [1, 1, 1]
  smoothing sigmas per level: [3, 2, 1, 0]
  regular sampling (percentage = 0.25)

*** Running Euler3DTransform registration ***

DIAGNOSTIC,Iteration,metricValue,convergenceValue,ITERATION_TIME_INDEX,SINCE_LAST
 2DIAGNOSTIC,     1, -5.235246716454e-01, 1.797693134862e+308, 0.0000e+00, 0.0000e+00, 
 2DIAGNOSTIC,     2, -5.236271434430e-01, 1.797693134862e+308, 0.0000e+00, 0.0000e+00, 
 2DIAGNOSTIC,     3, -5.238839975144e-01, 1.797693134862e+308, 0.0000e+00, 0.0000e+00, 
 2DIAGNOSTIC,     4, -5.243602769452e-01, 1.797693134862e+308, 0.0000e+00, 0.0000e+00, 
 2DIAGNOSTIC,     5, -5.241424084738e-01, 1.797693134862e+308, 0.0000e+00, 0.0000e+00, 
 2DIAGNOSTIC,     6, -5.244409304185e-01, 1.797693134862e+308, 0.0000e+00, 0.0000e+00, 
 2DIAGNOSTIC,     7, -5.246022347550e-01, 1.797693134862e+308, 0.0000e+00, 0.0000e+00, 
 2DIAGNOSTIC,     8, -5.244755474365e-01, 1.797693134862e+308, 0.0000e+00, 0.0000e+00, 
 2DIAGNOSTIC,     9, -5.244702952969e-01, 1.797693134862e+308, 0.0000e+00, 0.0000e+00, 
 2DIAGNOSTIC,    10, -5.244003985270e-01, 1.187349670447e-04, 0.0000e+00, 0.0000e+00, 
 2DIAGNOSTIC,    11, -5.243830939880e-01, 7.227858056062e-05, 0.0000e+00, 0.0000e+00, 
 2DIAGNOSTIC,    12, -5.243701138708e-01, 3.072434106259e-05, 0.0000e+00, 0.0000e+00, 
 2DIAGNOSTIC,    13, -5.243717746486e-01, 3.120927742295e-06, 0.0000e+00, 0.0000e+00, 
DIAGNOSTIC,Iteration,metricValue,convergenceValue,ITERATION_TIME_INDEX,SINCE_LAST
 2DIAGNOSTIC,     1, -4.286508408620e-01, 1.797693134862e+308, 0.0000e+00, 0.0000e+00, 
 2DIAGNOSTIC,     2, -4.291821749362e-01, 1.797693134862e+308, 0.0000e+00, 0.0000e+00, 
 2DIAGNOSTIC,     3, -4.300727873349e-01, 1.797693134862e+308, 0.0000e+00, 0.0000e+00, 
 2DIAGNOSTIC,     4, -4.312920274408e-01, 1.797693134862e+308, 0.0000e+00, 0.0000e+00, 
 2DIAGNOSTIC,     5, -4.333490405716e-01, 1.797693134862e+308, 0.0000e+00, 0.0000e+00, 
 2DIAGNOSTIC,     6, -4.372808304133e-01, 1.797693134862e+308, 0.0000e+00, 0.0000e+00, 
 2DIAGNOSTIC,     7, -4.443247851836e-01, 1.797693134862e+308, 0.0000e+00, 0.0000e+00, 
 2DIAGNOSTIC,     8, -4.580037420782e-01, 1.797693134862e+308, 0.0000e+00, 0.0000e+00, 
 2DIAGNOSTIC,     9, -4.834415363148e-01, 1.797693134862e+308, 0.0000e+00, 0.0000e+00, 
 2DIAGNOSTIC,    10, -5.495783851421e-01, 1.222549694641e-02, 0.0000e+00, 0.0000e+00, 
 2DIAGNOSTIC,    11, -6.086394742631e-01, 1.844119214289e-02, 0.0000e+00, 0.0000e+00, 
 2DIAGNOSTIC,    12, -6.091034407484e-01, 2.174249577902e-02, 0.0000e+00, 0.0000e+00, 
 2DIAGNOSTIC,    13, -6.099161970180e-01, 2.262745522982e-02, 0.0000e+00, 0.0000e+00, 
 2DIAGNOSTIC,    14, -6.107675298523e-01, 2.143301223774e-02, 0.0000e+00, 0.0000e+00, 
 2DIAGNOSTIC,    15, -6.118332671999e-01, 1.857136784160e-02, 0.0000e+00, 0.0000e+00, 
 2DIAGNOSTIC,    16, -6.132095931836e-01, 1.460778543293e-02, 0.0000e+00, 0.0000e+00, 
 2DIAGNOSTIC,    17, -6.148400875999e-01, 1.016973221288e-02, 0.0000e+00, 0.0000e+00, 
 2DIAGNOSTIC,    18, -6.165364379280e-01, 5.874442035830e-03, 0.0000e+00, 0.0000e+00, 
 2DIAGNOSTIC,    19, -6.173013499859e-01, 2.275274432413e-03, 0.0000e+00, 0.0000e+00, 
 2DIAGNOSTIC,    20, -6.176772552891e-01, 6.128249181635e-04, 0.0000e+00, 0.0000e+00, 
 2DIAGNOSTIC,    21, -6.178471440011e-01, 5.691532059136e-04, 0.0000e+00, 0.0000e+00, 
 2DIAGNOSTIC,    22, -6.177129692384e-01, 4.845890832432e-04, 0.0000e+00, 0.0000e+00, 
 2DIAGNOSTIC,    23, -6.179713124936e-01, 3.873088299916e-04, 0.0000e+00, 0.0000e+00, 
 2DIAGNOSTIC,    24, -6.180666554203e-01, 2.832726096193e-04, 0.0000e+00, 0.0000e+00, 
 2DIAGNOSTIC,    25, -6.180635494872e-01, 1.840252241098e-04, 0.0000e+00, 0.0000e+00, 
 2DIAGNOSTIC,    26, -6.180132024460e-01, 1.020913563961e-04, 0.0000e+00, 0.0000e+00, 
 2DIAGNOSTIC,    27, -6.179856942995e-01, 4.719173267045e-05, 0.0000e+00, 0.0000e+00, 
 2DIAGNOSTIC,    28, -6.180779003510e-01, 2.445163588917e-05, 0.0000e+00, 0.0000e+00, 
 2DIAGNOSTIC,    29, -6.180774965088e-01, 1.423899435105e-05, 0.0000e+00, 0.0000e+00, 
 2DIAGNOSTIC,    30, -6.180763365067e-01, 9.731841625948e-06, 0.0000e+00, 0.0000e+00, 
 2DIAGNOSTIC,    31, -6.180755995269e-01, 7.559782367890e-06, 0.0000e+00, 0.0000e+00, 
 2DIAGNOSTIC,    32, -6.180755175482e-01, 2.617025185635e-06, 0.0000e+00, 0.0000e+00, 
 2DIAGNOSTIC,    33, -6.180717186457e-01, 1.546964980087e-06, 0.0000e+00, 0.0000e+00, 
 2DIAGNOSTIC,    34, -6.180717223561e-01, 1.784902152940e-06, 0.0000e+00, 0.0000e+00, 
 2DIAGNOSTIC,    35, -6.180761939193e-01, 1.895562838992e-06, 0.0000e+00, 0.0000e+00, 
 2DIAGNOSTIC,    36, -6.180823389472e-01, 1.232329377307e-06, 0.0000e+00, 0.0000e+00, 
DIAGNOSTIC,Iteration,metricValue,convergenceValue,ITERATION_TIME_INDEX,SINCE_LAST
 2DIAGNOSTIC,     1, -5.399853645115e-01, 1.797693134862e+308, 0.0000e+00, 0.0000e+00, 
 2DIAGNOSTIC,     2, -5.401342654646e-01, 1.797693134862e+308, 0.0000e+00, 0.0000e+00, 
 2DIAGNOSTIC,     3, -5.402617747929e-01, 1.797693134862e+308, 0.0000e+00, 0.0000e+00, 
 2DIAGNOSTIC,     4, -5.404047403841e-01, 1.797693134862e+308, 0.0000e+00, 0.0000e+00, 
 2DIAGNOSTIC,     5, -5.405050105078e-01, 1.797693134862e+308, 0.0000e+00, 0.0000e+00, 
 2DIAGNOSTIC,     6, -5.407030649912e-01, 1.797693134862e+308, 0.0000e+00, 0.0000e+00, 
 2DIAGNOSTIC,     7, -5.406457974025e-01, 1.797693134862e+308, 0.0000e+00, 0.0000e+00, 
 2DIAGNOSTIC,     8, -5.407365419155e-01, 1.797693134862e+308, 0.0000e+00, 0.0000e+00, 
 2DIAGNOSTIC,     9, -5.407596169531e-01, 1.797693134862e+308, 0.0000e+00, 0.0000e+00, 
 2DIAGNOSTIC,    10, -5.407655558160e-01, 9.492001147257e-05, 0.0000e+00, 0.0000e+00, 
 2DIAGNOSTIC,    11, -5.407632944776e-01, 6.773007153928e-05, 0.0000e+00, 0.0000e+00, 
 2DIAGNOSTIC,    12, -5.407592960114e-01, 4.535641569862e-05, 0.0000e+00, 0.0000e+00, 
 2DIAGNOSTIC,    13, -5.407584539397e-01, 2.741781801441e-05, 0.0000e+00, 0.0000e+00, 
 2DIAGNOSTIC,    14, -5.407587004028e-01, 1.484720500231e-05, 0.0000e+00, 0.0000e+00, 
 2DIAGNOSTIC,    15, -5.407599735669e-01, 5.976594722776e-06, 0.0000e+00, 0.0000e+00, 
 2DIAGNOSTIC,    16, -5.407599735669e-01, 4.276436608205e-06, 0.0000e+00, 0.0000e+00, 
DIAGNOSTIC,Iteration,metricValue,convergenceValue,ITERATION_TIME_INDEX,SINCE_LAST
 2DIAGNOSTIC,     1, -4.884548690905e-01, 1.797693134862e+308, 0.0000e+00, 0.0000e+00, 
 2DIAGNOSTIC,     2, -4.885262097530e-01, 1.797693134862e+308, 0.0000e+00, 0.0000e+00, 
 2DIAGNOSTIC,     3, -4.885625222149e-01, 1.797693134862e+308, 0.0000e+00, 0.0000e+00, 
 2DIAGNOSTIC,     4, -4.885601312865e-01, 1.797693134862e+308, 0.0000e+00, 0.0000e+00, 
 2DIAGNOSTIC,     5, -4.885983993575e-01, 1.797693134862e+308, 0.0000e+00, 0.0000e+00, 
 2DIAGNOSTIC,     6, -4.886120481938e-01, 1.797693134862e+308, 0.0000e+00, 0.0000e+00, 
 2DIAGNOSTIC,     7, -4.886113538188e-01, 1.797693134862e+308, 0.0000e+00, 0.0000e+00, 
 2DIAGNOSTIC,     8, -4.886107684585e-01, 1.797693134862e+308, 0.0000e+00, 0.0000e+00, 
 2DIAGNOSTIC,     9, -4.886086364871e-01, 1.797693134862e+308, 0.0000e+00, 0.0000e+00, 
 2DIAGNOSTIC,    10, -4.886084102055e-01, 1.661867035128e-05, 0.0000e+00, 0.0000e+00, 
 2DIAGNOSTIC,    11, -4.886076845056e-01, 8.534750173372e-06, 0.0000e+00, 0.0000e+00, 
 2DIAGNOSTIC,    12, -4.886068608656e-01, 4.427403357141e-06, 0.0000e+00, 0.0000e+00, 
 2DIAGNOSTIC,    13, -4.886072427226e-01, 2.229668800632e-06, 0.0000e+00, 0.0000e+00, 
  Elapsed time (stage 0): 0.0000e+00


Total elapsed time: 0.0000e+00
VFC_BACKENDS=libinterflop_ieee.so
Info [verificarlo]: loaded backend libinterflop_ieee.so
Info [interflop-ieee]: load backend with:
Info [interflop-ieee]: debug = false
Info [interflop-ieee]: debug-binary = false
Info [interflop-ieee]: no-backend-name = false
Info [interflop-ieee]: print-new-line = false
Info [interflop-ieee]: print-subnormal-normalized = false
Info [interflop-ieee]: count-op = false
All_Command_lines_OK
Using double precision for computations.
=============================================================================
The composite transform comprises the following transforms (in order): 
  1. /project/rrg-glatard/mdugre/datasets/corr/RawDataBIDS/BMB_1/derivatives/vprec-space_search/0100/r7-p11/sub-0003040/rigid_Composite.h5[0] (type = Euler3DTransform)
  2. /project/rrg-glatard/mdugre/datasets/corr/RawDataBIDS/BMB_1/derivatives/vprec-space_search/0100/r7-p11/sub-0003040/rigid_Composite.h5[1] (type = Euler3DTransform)
  3. /project/rrg-glatard/mdugre/datasets/corr/RawDataBIDS/BMB_1/derivatives/vprec-space_search/0100/r7-p11/sub-0003040/rigid_Composite.h5[2] (type = Euler3DTransform)
=============================================================================
  number of levels = 4
  fixed image: /templateflow/tpl-MNI152NLin2009cAsym/tpl-MNI152NLin2009cAsym_res-01_desc-brain_T1w.nii.gz
  moving image: /project/rrg-glatard/mdugre/datasets/corr/RawDataBIDS/BMB_1/derivatives/antsBrainExtraction/sub-0003040/BrainExtractionBrain.nii.gz
Dimension = 3
Number of stages = 1
Use histogram matching = false
Winsorize image intensities = true
  Lower quantile = 0.005
  Upper quantile = 0.995


Stage 1 State
   Image metric = MattesMI
     Fixed image = Image (0x34a0650)
  RTTI typeinfo:   itk::Image<double, 3u>
  Reference Count: 2
  Modified Time: 1594
  Debug: Off
  Object Name: 
  Observers: 
    none
  Source: (none)
  Source output name: (none)
  Release Data: Off
  Data Released: False
  Global Release Data: Off
  PipelineMTime: 0
  UpdateMTime: 1203
  RealTimeStamp: 0 seconds 
  LargestPossibleRegion: 
    Dimension: 3
    Index: [0, 0, 0]
    Size: [193, 229, 193]
  BufferedRegion: 
    Dimension: 3
    Index: [0, 0, 0]
    Size: [193, 229, 193]
  RequestedRegion: 
    Dimension: 3
    Index: [0, 0, 0]
    Size: [193, 229, 193]
  Spacing: [1, 1, 1]
  Origin: [96, 132, -78]
  Direction: 
-1 0 0
0 -1 0
0 0 1

  IndexToPointMatrix: 
-1 0 0
0 -1 0
0 0 1

  PointToIndexMatrix: 
-1 0 0
0 -1 0
0 0 1

  Inverse Direction: 
-1 0 0
0 -1 0
0 0 1

  PixelContainer: 
    ImportImageContainer (0x3575330)
      RTTI typeinfo:   itk::ImportImageContainer<unsigned long, double>
      Reference Count: 1
      Modified Time: 1200
      Debug: Off
      Object Name: 
      Observers: 
        none
      Pointer: 0x1527856a4010
      Container manages memory: true
      Size: 8530021
      Capacity: 8530021

     Moving image = Image (0x355b3b0)
  RTTI typeinfo:   itk::Image<double, 3u>
  Reference Count: 2
  Modified Time: 1595
  Debug: Off
  Object Name: 
  Observers: 
    none
  Source: (none)
  Source output name: (none)
  Release Data: Off
  Data Released: False
  Global Release Data: Off
  PipelineMTime: 0
  UpdateMTime: 1592
  RealTimeStamp: 0 seconds 
  LargestPossibleRegion: 
    Dimension: 3
    Index: [0, 0, 0]
    Size: [176, 256, 256]
  BufferedRegion: 
    Dimension: 3
    Index: [0, 0, 0]
    Size: [176, 256, 256]
  RequestedRegion: 
    Dimension: 3
    Index: [0, 0, 0]
    Size: [176, 256, 256]
  Spacing: [1, 1, 1]
  Origin: [-98.5925, 102.878, -120.144]
  Direction: 
1 0 0
0 -1 0
0 0 1

  IndexToPointMatrix: 
1 0 0
0 -1 0
0 0 1

  PointToIndexMatrix: 
1 0 0
0 -1 0
0 0 1

  Inverse Direction: 
1 0 0
0 -1 0
0 0 1

  PixelContainer: 
    ImportImageContainer (0x356ff90)
      RTTI typeinfo:   itk::ImportImageContainer<unsigned long, double>
      Reference Count: 1
      Modified Time: 1589
      Debug: Off
      Object Name: 
      Observers: 
        none
      Pointer: 0x15277fea3010
      Container manages memory: true
      Size: 11534336
      Capacity: 11534336

     Weighting = 1
     Sampling strategy = regular
     Number of bins = 32
     Radius = 4
     Sampling percentage  = 0.25
   Transform = Affine
     Gradient step = 0.1
     Update field sigma (voxel space) = 0
     Total field sigma (voxel space) = 0
     Update field time sigma = 0
     Total field time sigma  = 0
     Number of time indices = 0
     Number of time point samples = 0
Registration using 1 total stages.

Stage 0
  iterations = 1000x500x250x100
  convergence threshold = 1e-06
  convergence window size = 10
  number of levels = 4
  using the Mattes MI metric (number of bins = 32, weight = 1, use gradient filter = 0)
  preprocessing:  winsorizing the image intensities
  Shrink factors (level 1 out of 4): [8, 8, 8]
  Shrink factors (level 2 out of 4): [4, 4, 4]
  Shrink factors (level 3 out of 4): [2, 2, 2]
  Shrink factors (level 4 out of 4): [1, 1, 1]
  smoothing sigmas per level: [3, 2, 1, 0]
  regular sampling (percentage = 0.25)

*** Running AffineTransform registration ***

DIAGNOSTIC,Iteration,metricValue,convergenceValue,ITERATION_TIME_INDEX,SINCE_LAST
 2DIAGNOSTIC,     1, -7.453864901197e-01, 1.797693134862e+308, 1.2895e+00, 1.2895e+00, 
 2DIAGNOSTIC,     2, -7.482819814027e-01, 1.797693134862e+308, 1.2955e+00, 5.9900e-03, 
 2DIAGNOSTIC,     3, -7.530834004495e-01, 1.797693134862e+308, 1.3015e+00, 5.9869e-03, 
 2DIAGNOSTIC,     4, -7.617222861882e-01, 1.797693134862e+308, 1.3075e+00, 5.9988e-03, 
 2DIAGNOSTIC,     5, -7.753252821002e-01, 1.797693134862e+308, 1.3135e+00, 5.9969e-03, 
 2DIAGNOSTIC,     6, -7.942553351044e-01, 1.797693134862e+308, 1.3202e+00, 6.7170e-03, 
 2DIAGNOSTIC,     7, -8.215949225131e-01, 1.797693134862e+308, 1.3280e+00, 7.7369e-03, 
 2DIAGNOSTIC,     8, -8.243162651829e-01, 1.797693134862e+308, 1.3350e+00, 7.0510e-03, 
 2DIAGNOSTIC,     9, -8.246262444430e-01, 1.797693134862e+308, 1.3422e+00, 7.1521e-03, 
 2DIAGNOSTIC,    10, -8.250454631579e-01, 8.213174259337e-03, 1.3494e+00, 7.2541e-03, 
 2DIAGNOSTIC,    11, -8.274537160845e-01, 6.979672297056e-03, 1.3590e+00, 9.6080e-03, 
 2DIAGNOSTIC,    12, -8.284513497671e-01, 5.440476059320e-03, 1.3663e+00, 7.2691e-03, 
 2DIAGNOSTIC,    13, -8.284966563334e-01, 3.793379569403e-03, 1.3729e+00, 6.5711e-03, 
 2DIAGNOSTIC,    14, -8.284589834215e-01, 2.273505834510e-03, 1.3802e+00, 7.3321e-03, 
 2DIAGNOSTIC,    15, -8.288219719910e-01, 1.082741983131e-03, 1.3874e+00, 7.2420e-03, 
 2DIAGNOSTIC,    16, -8.289373420744e-01, 3.504566553001e-04, 1.3947e+00, 7.2691e-03, 
 2DIAGNOSTIC,    17, -8.288195211637e-01, 2.388460509928e-04, 1.4033e+00, 8.6429e-03, 
 2DIAGNOSTIC,    18, -8.288627531630e-01, 1.731415671592e-04, 1.4107e+00, 7.3712e-03, 
 2DIAGNOSTIC,    19, -8.287151013965e-01, 1.022861407504e-04, 1.4180e+00, 7.3240e-03, 
 2DIAGNOSTIC,    20, -8.285526201238e-01, 3.282828678479e-05, 1.4255e+00, 7.4449e-03, 
 2DIAGNOSTIC,    21, -8.285352217140e-01, 6.774867984824e-06, 1.4323e+00, 6.7790e-03, 
DIAGNOSTIC,Iteration,metricValue,convergenceValue,ITERATION_TIME_INDEX,SINCE_LAST
 2DIAGNOSTIC,     1, -7.202395858570e-01, 1.797693134862e+308, 2.6352e+00, 1.2029e+00, 
 2DIAGNOSTIC,     2, -7.202861696969e-01, 1.797693134862e+308, 2.6940e+00, 5.8854e-02, 
 2DIAGNOSTIC,     3, -7.202675479306e-01, 1.797693134862e+308, 2.7767e+00, 8.2648e-02, 
 2DIAGNOSTIC,     4, -7.202669901666e-01, 1.797693134862e+308, 2.8353e+00, 5.8659e-02, 
 2DIAGNOSTIC,     5, -7.202523213927e-01, 1.797693134862e+308, 2.8971e+00, 6.1757e-02, 
 2DIAGNOSTIC,     6, -7.202555357626e-01, 1.797693134862e+308, 2.9636e+00, 6.6570e-02, 
 2DIAGNOSTIC,     7, -7.202556943781e-01, 1.797693134862e+308, 3.0241e+00, 6.0466e-02, 
 2DIAGNOSTIC,     8, -7.202542193461e-01, 1.797693134862e+308, 3.0849e+00, 6.0742e-02, 
 2DIAGNOSTIC,     9, -7.202527144646e-01, 1.797693134862e+308, 3.1468e+00, 6.1964e-02, 
 2DIAGNOSTIC,    10, -7.202534285840e-01, 2.017658594949e-06, 3.2010e+00, 5.4163e-02, 
DIAGNOSTIC,Iteration,metricValue,convergenceValue,ITERATION_TIME_INDEX,SINCE_LAST
 2DIAGNOSTIC,     1, -6.172962914106e-01, 1.797693134862e+308, 4.9570e+00, 1.7560e+00, 
 2DIAGNOSTIC,     2, -6.175611847807e-01, 1.797693134862e+308, 5.4382e+00, 4.8125e-01, 
 2DIAGNOSTIC,     3, -6.176167820483e-01, 1.797693134862e+308, 6.0441e+00, 6.0591e-01, 
 2DIAGNOSTIC,     4, -6.176163271029e-01, 1.797693134862e+308, 6.5297e+00, 4.8554e-01, 
 2DIAGNOSTIC,     5, -6.176144423551e-01, 1.797693134862e+308, 7.0297e+00, 5.0000e-01, 
 2DIAGNOSTIC,     6, -6.176150932885e-01, 1.797693134862e+308, 7.5240e+00, 4.9433e-01, 
 2DIAGNOSTIC,     7, -6.176107450742e-01, 1.797693134862e+308, 8.0387e+00, 5.1474e-01, 
 2DIAGNOSTIC,     8, -6.176113612514e-01, 1.797693134862e+308, 8.5221e+00, 4.8339e-01, 
 2DIAGNOSTIC,     9, -6.176229077982e-01, 1.797693134862e+308, 9.1353e+00, 6.1318e-01, 
 2DIAGNOSTIC,    10, -6.176241638409e-01, 2.046095200411e-05, 9.6291e+00, 4.9383e-01, 
 2DIAGNOSTIC,    11, -6.176241325044e-01, 5.898349052680e-06, 1.0134e+01, 5.0441e-01, 
 2DIAGNOSTIC,    12, -6.176276514152e-01, 3.734858486829e-06, 1.0679e+01, 5.4568e-01, 
 2DIAGNOSTIC,    13, -6.176227691870e-01, 3.597517765574e-06, 1.1280e+01, 6.0096e-01, 
 2DIAGNOSTIC,    14, -6.176257428613e-01, 3.457127891515e-06, 1.1831e+01, 5.5098e-01, 
 2DIAGNOSTIC,    15, -6.176253180155e-01, 3.149925660736e-06, 1.2335e+01, 5.0422e-01, 
 2DIAGNOSTIC,    16, -6.176235567824e-01, 2.762624808833e-06, 1.2811e+01, 4.7517e-01, 
 2DIAGNOSTIC,    17, -6.176208840193e-01, 2.164821157481e-06, 1.3309e+01, 4.9858e-01, 
 2DIAGNOSTIC,    18, -6.176205596423e-01, 1.608405059750e-06, 1.3813e+01, 5.0403e-01, 
 2DIAGNOSTIC,    19, -6.176209481828e-01, 1.412881761011e-06, 1.4320e+01, 5.0649e-01, 
 2DIAGNOSTIC,    20, -6.176189959547e-01, 1.243060683422e-06, 1.4824e+01, 5.0413e-01, 
 2DIAGNOSTIC,    21, -6.176181327304e-01, 1.101859938013e-06, 1.5312e+01, 4.8842e-01, 
 2DIAGNOSTIC,    22, -6.176179625696e-01, 1.086897243228e-06, 1.5815e+01, 5.0273e-01, 
DIAGNOSTIC,Iteration,metricValue,convergenceValue,ITERATION_TIME_INDEX,SINCE_LAST
 2DIAGNOSTIC,     1, -5.450945871901e-01, 1.797693134862e+308, 1.9771e+01, 3.9563e+00, 
 2DIAGNOSTIC,     2, -5.454582119146e-01, 1.797693134862e+308, 2.2680e+01, 2.9084e+00, 
 2DIAGNOSTIC,     3, -5.458248261489e-01, 1.797693134862e+308, 2.5539e+01, 2.8593e+00, 
 2DIAGNOSTIC,     4, -5.462433740148e-01, 1.797693134862e+308, 2.8461e+01, 2.9223e+00, 
 2DIAGNOSTIC,     5, -5.470716698761e-01, 1.797693134862e+308, 3.1721e+01, 3.2599e+00, 
 2DIAGNOSTIC,     6, -5.473276223467e-01, 1.797693134862e+308, 3.5278e+01, 3.5571e+00, 
 2DIAGNOSTIC,     7, -5.474231518289e-01, 1.797693134862e+308, 3.8468e+01, 3.1897e+00, 
 2DIAGNOSTIC,     8, -5.477478525571e-01, 1.797693134862e+308, 4.1938e+01, 3.4699e+00, 
 2DIAGNOSTIC,     9, -5.479861173763e-01, 1.797693134862e+308, 4.8097e+01, 6.1592e+00, 
 2DIAGNOSTIC,    10, -5.479855017977e-01, 3.692212123302e-04, 5.2172e+01, 4.0755e+00, 
 2DIAGNOSTIC,    11, -5.479853805388e-01, 2.849175398751e-04, 5.5612e+01, 3.4399e+00, 
 2DIAGNOSTIC,    12, -5.479855367606e-01, 2.055091198453e-04, 5.9303e+01, 3.6910e+00, 
 2DIAGNOSTIC,    13, -5.479852050740e-01, 1.344778713468e-04, 6.2316e+01, 3.0131e+00, 
 2DIAGNOSTIC,    14, -5.479852098386e-01, 7.624542834470e-05, 6.5512e+01, 3.1957e+00, 
 2DIAGNOSTIC,    15, -5.479854518408e-01, 4.766308890380e-05, 6.9275e+01, 3.7631e+00, 
 2DIAGNOSTIC,    16, -5.479855480076e-01, 2.695766075249e-05, 7.2408e+01, 3.1325e+00, 
 2DIAGNOSTIC,    17, -5.479853845876e-01, 9.109026214892e-06, 7.5894e+01, 3.4860e+00, 
 2DIAGNOSTIC,    18, -5.479852073827e-01, 1.742382884154e-06, 7.9657e+01, 3.7633e+00, 
 2DIAGNOSTIC,    19, -5.479849697732e-01, 1.659962560692e-06, 8.3343e+01, 3.6863e+00, 
 2DIAGNOSTIC,    20, -5.479849858121e-01, 1.571662116853e-06, 8.6789e+01, 3.4459e+00, 
 2DIAGNOSTIC,    21, -5.479848610636e-01, 1.487201999266e-06, 8.9926e+01, 3.1365e+00, 
 2DIAGNOSTIC,    22, -5.479847460820e-01, 1.414505939122e-06, 9.3073e+01, 3.1476e+00, 
 2DIAGNOSTIC,    23, -5.479847745896e-01, 1.344608948441e-06, 9.6126e+01, 3.0526e+00, 
 2DIAGNOSTIC,    24, -5.479846839604e-01, 1.282232926489e-06, 9.9215e+01, 3.0896e+00, 
 2DIAGNOSTIC,    25, -5.479847655676e-01, 1.235622219292e-06, 1.0227e+02, 3.0573e+00, 
 2DIAGNOSTIC,    26, -5.479849032338e-01, 1.200792724226e-06, 1.0572e+02, 3.4519e+00, 
 2DIAGNOSTIC,    27, -5.479848531545e-01, 1.166677035466e-06, 1.0946e+02, 3.7363e+00, 
 2DIAGNOSTIC,    28, -5.479846108249e-01, 1.128572293271e-06, 1.1277e+02, 3.3090e+00, 
 2DIAGNOSTIC,    29, -5.479846461967e-01, 1.090372095759e-06, 1.1589e+02, 3.1187e+00, 
 2DIAGNOSTIC,    30, -5.479845670127e-01, 1.054257886345e-06, 1.1931e+02, 3.4221e+00, 
 2DIAGNOSTIC,    31, -5.479844665896e-01, 1.017325939497e-06, 1.2240e+02, 3.0909e+00, 
  Elapsed time (stage 0): 1.2427e+02


Total elapsed time: 1.2427e+02
VFC_BACKENDS=libinterflop_ieee.so
Info [verificarlo]: loaded backend libinterflop_ieee.so
Info [interflop-ieee]: load backend with:
Info [interflop-ieee]: debug = false
Info [interflop-ieee]: debug-binary = false
Info [interflop-ieee]: no-backend-name = false
Info [interflop-ieee]: print-new-line = false
Info [interflop-ieee]: print-subnormal-normalized = false
Info [interflop-ieee]: count-op = false
All_Command_lines_OK
Using double precision for computations.
=============================================================================
The composite transform comprises the following transforms (in order): 
  1. /project/rrg-glatard/mdugre/datasets/corr/RawDataBIDS/BMB_1/derivatives/vprec-space_search/0100/r7-p11/sub-0003040/affine_Composite.h5[0] (type = Euler3DTransform)
  2. /project/rrg-glatard/mdugre/datasets/corr/RawDataBIDS/BMB_1/derivatives/vprec-space_search/0100/r7-p11/sub-0003040/affine_Composite.h5[1] (type = Euler3DTransform)
  3. /project/rrg-glatard/mdugre/datasets/corr/RawDataBIDS/BMB_1/derivatives/vprec-space_search/0100/r7-p11/sub-0003040/affine_Composite.h5[2] (type = Euler3DTransform)
  4. /project/rrg-glatard/mdugre/datasets/corr/RawDataBIDS/BMB_1/derivatives/vprec-space_search/0100/r7-p11/sub-0003040/affine_Composite.h5[3] (type = AffineTransform)
=============================================================================
  number of levels = 4
  fixed image: /templateflow/tpl-MNI152NLin2009cAsym/tpl-MNI152NLin2009cAsym_res-01_desc-brain_T1w.nii.gz
  moving image: /project/rrg-glatard/mdugre/datasets/corr/RawDataBIDS/BMB_1/derivatives/antsBrainExtraction/sub-0003040/BrainExtractionBrain.nii.gz
Dimension = 3
Number of stages = 1
Use histogram matching = false
Winsorize image intensities = true
  Lower quantile = 0.005
  Upper quantile = 0.995


Stage 1 State
   Image metric = CC
     Fixed image = Image (0x4283810)
  RTTI typeinfo:   itk::Image<double, 3u>
  Reference Count: 2
  Modified Time: 1608
  Debug: Off
  Object Name: 
  Observers: 
    none
  Source: (none)
  Source output name: (none)
  Release Data: Off
  Data Released: False
  Global Release Data: Off
  PipelineMTime: 0
  UpdateMTime: 1217
  RealTimeStamp: 0 seconds 
  LargestPossibleRegion: 
    Dimension: 3
    Index: [0, 0, 0]
    Size: [193, 229, 193]
  BufferedRegion: 
    Dimension: 3
    Index: [0, 0, 0]
    Size: [193, 229, 193]
  RequestedRegion: 
    Dimension: 3
    Index: [0, 0, 0]
    Size: [193, 229, 193]
  Spacing: [1, 1, 1]
  Origin: [96, 132, -78]
  Direction: 
-1 0 0
0 -1 0
0 0 1

  IndexToPointMatrix: 
-1 0 0
0 -1 0
0 0 1

  PointToIndexMatrix: 
-1 0 0
0 -1 0
0 0 1

  Inverse Direction: 
-1 0 0
0 -1 0
0 0 1

  PixelContainer: 
    ImportImageContainer (0x42fe3f0)
      RTTI typeinfo:   itk::ImportImageContainer<unsigned long, double>
      Reference Count: 1
      Modified Time: 1214
      Debug: Off
      Object Name: 
      Observers: 
        none
      Pointer: 0x14f7c7c6f010
      Container manages memory: true
      Size: 8530021
      Capacity: 8530021

     Moving image = Image (0x435b460)
  RTTI typeinfo:   itk::Image<double, 3u>
  Reference Count: 2
  Modified Time: 1609
  Debug: Off
  Object Name: 
  Observers: 
    none
  Source: (none)
  Source output name: (none)
  Release Data: Off
  Data Released: False
  Global Release Data: Off
  PipelineMTime: 0
  UpdateMTime: 1606
  RealTimeStamp: 0 seconds 
  LargestPossibleRegion: 
    Dimension: 3
    Index: [0, 0, 0]
    Size: [176, 256, 256]
  BufferedRegion: 
    Dimension: 3
    Index: [0, 0, 0]
    Size: [176, 256, 256]
  RequestedRegion: 
    Dimension: 3
    Index: [0, 0, 0]
    Size: [176, 256, 256]
  Spacing: [1, 1, 1]
  Origin: [-98.5925, 102.878, -120.144]
  Direction: 
1 0 0
0 -1 0
0 0 1

  IndexToPointMatrix: 
1 0 0
0 -1 0
0 0 1

  PointToIndexMatrix: 
1 0 0
0 -1 0
0 0 1

  Inverse Direction: 
1 0 0
0 -1 0
0 0 1

  PixelContainer: 
    ImportImageContainer (0x42f3f90)
      RTTI typeinfo:   itk::ImportImageContainer<unsigned long, double>
      Reference Count: 1
      Modified Time: 1603
      Debug: Off
      Object Name: 
      Observers: 
        none
      Pointer: 0x14f7c246e010
      Container manages memory: true
      Size: 11534336
      Capacity: 11534336

     Weighting = 1
     Sampling strategy = none
     Number of bins = 32
     Radius = 4
     Sampling percentage  = 1
   Transform = SyN
     Gradient step = 0.1
     Update field sigma (voxel space) = 3
     Total field sigma (voxel space) = 0
     Update field time sigma = 0
     Total field time sigma  = 0
     Number of time indices = 0
     Number of time point samples = 0
Registration using 1 total stages.

Stage 0
  iterations = 100x70x50x20
  convergence threshold = 1e-06
  convergence window size = 10
  number of levels = 4
  using the CC metric (radius = 4, weight = 1, use gradient filter = 0)
  preprocessing:  winsorizing the image intensities
  Shrink factors (level 1 out of 4): [8, 8, 8]
  Shrink factors (level 2 out of 4): [4, 4, 4]
  Shrink factors (level 3 out of 4): [2, 2, 2]
  Shrink factors (level 4 out of 4): [1, 1, 1]
  smoothing sigmas per level: [3, 2, 1, 0]
  Using default NONE metricSamplingStrategy 

*** Running SyN registration (varianceForUpdateField = 3, varianceForTotalField = 0) ***

XXDIAGNOSTIC,Iteration,metricValue,convergenceValue,ITERATION_TIME_INDEX,SINCE_LAST
 1DIAGNOSTIC,     1, -9.345313060621e-01, 1.797693134862e+308, 1.5035e+00, 1.5035e+00, 
 1DIAGNOSTIC,     2, -9.392197574531e-01, 1.797693134862e+308, 1.8426e+00, 3.3905e-01, 
 1DIAGNOSTIC,     3, -9.432903077283e-01, 1.797693134862e+308, 2.1863e+00, 3.4368e-01, 
 1DIAGNOSTIC,     4, -9.468565862610e-01, 1.797693134862e+308, 2.5312e+00, 3.4497e-01, 
 1DIAGNOSTIC,     5, -9.499223233354e-01, 1.797693134862e+308, 2.8639e+00, 3.3271e-01, 
 1DIAGNOSTIC,     6, -9.525819308493e-01, 1.797693134862e+308, 3.2046e+00, 3.4066e-01, 
 1DIAGNOSTIC,     7, -9.553158556403e-01, 1.797693134862e+308, 3.5482e+00, 3.4358e-01, 
 1DIAGNOSTIC,     8, -9.589719794934e-01, 1.797693134862e+308, 3.8958e+00, 3.4760e-01, 
 1DIAGNOSTIC,     9, -9.624289214082e-01, 1.797693134862e+308, 4.2425e+00, 3.4674e-01, 
 1DIAGNOSTIC,    10, -9.650815777931e-01, 1.982708847282e-03, 4.5791e+00, 3.3660e-01, 
 1DIAGNOSTIC,    11, -9.677391563886e-01, 1.716587588265e-03, 4.9169e+00, 3.3783e-01, 
 1DIAGNOSTIC,    12, -9.684525935717e-01, 1.474075370990e-03, 5.2610e+00, 3.4401e-01, 
 1DIAGNOSTIC,    13, -9.689012036695e-01, 1.238945339380e-03, 5.6107e+00, 3.4979e-01, 
 1DIAGNOSTIC,    14, -9.693536599837e-01, 1.009838280868e-03, 5.9496e+00, 3.3882e-01, 
 1DIAGNOSTIC,    15, -9.697204146063e-01, 7.867989967568e-04, 6.2895e+00, 3.3990e-01, 
 1DIAGNOSTIC,    16, -9.699557619938e-01, 5.731732009460e-04, 6.6327e+00, 3.4325e-01, 
 1DIAGNOSTIC,    17, -9.702708386184e-01, 3.849495144638e-04, 6.9850e+00, 3.5229e-01, 
 1DIAGNOSTIC,    18, -9.703830753444e-01, 2.439689301306e-04, 7.3335e+00, 3.4847e-01, 
 1DIAGNOSTIC,    19, -9.706894706407e-01, 1.536210709036e-04, 7.6763e+00, 3.4280e-01, 
 1DIAGNOSTIC,    20, -9.707400836103e-01, 9.724701582208e-05, 8.0198e+00, 3.4357e-01, 
 1DIAGNOSTIC,    21, -9.709270273400e-01, 7.732067226201e-05, 8.3703e+00, 3.5043e-01, 
 1DIAGNOSTIC,    22, -9.708748852210e-01, 6.093452239976e-05, 8.7180e+00, 3.4775e-01, 
 1DIAGNOSTIC,    23, -9.710216656573e-01, 4.801911612701e-05, 9.0607e+00, 3.4272e-01, 
 1DIAGNOSTIC,    24, -9.710081266042e-01, 3.710012543262e-05, 9.4047e+00, 3.4399e-01, 
 1DIAGNOSTIC,    25, -9.711174192238e-01, 2.929907162025e-05, 9.7500e+00, 3.4530e-01, 
 1DIAGNOSTIC,    26, -9.710906074189e-01, 2.176081684531e-05, 1.0098e+01, 3.4789e-01, 
 1DIAGNOSTIC,    27, -9.711718359657e-01, 1.721498208156e-05, 1.0441e+01, 3.4288e-01, 
 1DIAGNOSTIC,    28, -9.711385660110e-01, 1.223074325069e-05, 1.0776e+01, 3.3476e-01, 
 1DIAGNOSTIC,    29, -9.712035266737e-01, 1.033042980668e-05, 1.1119e+01, 3.4314e-01, 
 1DIAGNOSTIC,    30, -9.711662346945e-01, 7.755547975080e-06, 1.1458e+01, 3.3933e-01, 
 1DIAGNOSTIC,    31, -9.712633625548e-01, 7.455396803982e-06, 1.1800e+01, 3.4208e-01, 
 1DIAGNOSTIC,    32, -9.712231241051e-01, 5.660579690654e-06, 1.2138e+01, 3.3814e-01, 
 1DIAGNOSTIC,    33, -9.712705364872e-01, 5.294150903876e-06, 1.2481e+01, 3.4276e-01, 
 1DIAGNOSTIC,    34, -9.712288838158e-01, 4.032930139709e-06, 1.2826e+01, 3.4498e-01, 
 1DIAGNOSTIC,    35, -9.712676461556e-01, 3.816185820203e-06, 1.3169e+01, 3.4272e-01, 
 1DIAGNOSTIC,    36, -9.712253845673e-01, 2.739132030135e-06, 1.3514e+01, 3.4552e-01, 
 1DIAGNOSTIC,    37, -9.712577071377e-01, 2.466247170974e-06, 1.3860e+01, 3.4603e-01, 
 1DIAGNOSTIC,    38, -9.712150744600e-01, 1.451655911994e-06, 1.4206e+01, 3.4529e-01, 
 1DIAGNOSTIC,    39, -9.712437669975e-01, 1.159909389467e-06, 1.4559e+01, 3.5357e-01, 
 1DIAGNOSTIC,    40, -9.712020174686e-01, 2.421130522907e-07, 1.4909e+01, 3.4975e-01, 
XXDIAGNOSTIC,Iteration,metricValue,convergenceValue,ITERATION_TIME_INDEX,SINCE_LAST
 1DIAGNOSTIC,     1, -9.095059149379e-01, 1.797693134862e+308, 1.9088e+01, 4.1787e+00, 
 1DIAGNOSTIC,     2, -9.125960964084e-01, 1.797693134862e+308, 2.2031e+01, 2.9439e+00, 
 1DIAGNOSTIC,     3, -9.166332242939e-01, 1.797693134862e+308, 2.4949e+01, 2.9176e+00, 
 1DIAGNOSTIC,     4, -9.199529413480e-01, 1.797693134862e+308, 2.7857e+01, 2.9078e+00, 
 1DIAGNOSTIC,     5, -9.229461187162e-01, 1.797693134862e+308, 3.0772e+01, 2.9148e+00, 
 1DIAGNOSTIC,     6, -9.255429961546e-01, 1.797693134862e+308, 3.3651e+01, 2.8789e+00, 
 1DIAGNOSTIC,     7, -9.276943106770e-01, 1.797693134862e+308, 3.6629e+01, 2.9785e+00, 
 1DIAGNOSTIC,     8, -9.296010065466e-01, 1.797693134862e+308, 3.9596e+01, 2.9670e+00, 
 1DIAGNOSTIC,     9, -9.312543386755e-01, 1.797693134862e+308, 4.2534e+01, 2.9380e+00, 
 1DIAGNOSTIC,    10, -9.326185275045e-01, 1.621913411625e-03, 4.5394e+01, 2.8596e+00, 
 1DIAGNOSTIC,    11, -9.336853104972e-01, 1.302036894771e-03, 4.8366e+01, 2.9722e+00, 
 1DIAGNOSTIC,    12, -9.347088474869e-01, 1.023165272340e-03, 5.1301e+01, 2.9351e+00, 
 1DIAGNOSTIC,    13, -9.353384337549e-01, 8.043988442761e-04, 5.4225e+01, 2.9237e+00, 
 1DIAGNOSTIC,    14, -9.359233768931e-01, 6.289089708249e-04, 5.7130e+01, 2.9055e+00, 
 1DIAGNOSTIC,    15, -9.364726607041e-01, 4.913878794313e-04, 6.0024e+01, 2.8936e+00, 
 1DIAGNOSTIC,    16, -9.369875910923e-01, 3.852538344893e-04, 6.2919e+01, 2.8948e+00, 
 1DIAGNOSTIC,    17, -9.374636084911e-01, 3.031540231398e-04, 6.5803e+01, 2.8844e+00, 
 1DIAGNOSTIC,    18, -9.379218592549e-01, 2.421606050787e-04, 6.8677e+01, 2.8737e+00, 
 1DIAGNOSTIC,    19, -9.383556455797e-01, 1.986103446060e-04, 7.1572e+01, 2.8953e+00, 
 1DIAGNOSTIC,    20, -9.387468304813e-01, 1.676802830324e-04, 7.4462e+01, 2.8901e+00, 
 1DIAGNOSTIC,    21, -9.390976341638e-01, 1.445446330183e-04, 7.7474e+01, 3.0119e+00, 
 1DIAGNOSTIC,    22, -9.394082582804e-01, 1.285374644148e-04, 8.0338e+01, 2.8639e+00, 
 1DIAGNOSTIC,    23, -9.396890797361e-01, 1.139841543445e-04, 8.3194e+01, 2.8555e+00, 
 1DIAGNOSTIC,    24, -9.399478533750e-01, 1.006932804497e-04, 8.6055e+01, 2.8619e+00, 
 1DIAGNOSTIC,    25, -9.401865333367e-01, 8.863975788175e-05, 8.8922e+01, 2.8662e+00, 
 1DIAGNOSTIC,    26, -9.404040432988e-01, 7.779542579447e-05, 9.1812e+01, 2.8904e+00, 
 1DIAGNOSTIC,    27, -9.406127331670e-01, 6.818865524134e-05, 9.4695e+01, 2.8834e+00, 
 1DIAGNOSTIC,    28, -9.408083341804e-01, 5.998124217105e-05, 9.7710e+01, 3.0145e+00, 
 1DIAGNOSTIC,    29, -9.409925287445e-01, 5.319947006511e-05, 1.0058e+02, 2.8673e+00, 
 1DIAGNOSTIC,    30, -9.411651006880e-01, 4.760040525101e-05, 1.0344e+02, 2.8663e+00, 
 1DIAGNOSTIC,    31, -9.413209557397e-01, 4.287727566920e-05, 1.0632e+02, 2.8728e+00, 
 1DIAGNOSTIC,    32, -9.414699018170e-01, 3.880681358441e-05, 1.0917e+02, 2.8500e+00, 
 1DIAGNOSTIC,    33, -9.416100810447e-01, 3.523287468259e-05, 1.1203e+02, 2.8630e+00, 
 1DIAGNOSTIC,    34, -9.417395846722e-01, 3.204845641264e-05, 1.1488e+02, 2.8496e+00, 
 1DIAGNOSTIC,    35, -9.418553001409e-01, 2.913468663145e-05, 1.1776e+02, 2.8856e+00, 
 1DIAGNOSTIC,    36, -9.419647459053e-01, 2.642962090520e-05, 1.2065e+02, 2.8875e+00, 
 1DIAGNOSTIC,    37, -9.420631754867e-01, 2.393386219989e-05, 1.2357e+02, 2.9191e+00, 
 1DIAGNOSTIC,    38, -9.421571530146e-01, 2.166073508810e-05, 1.2665e+02, 3.0821e+00, 
 1DIAGNOSTIC,    39, -9.422438379913e-01, 1.960481141869e-05, 1.2954e+02, 2.8876e+00, 
 1DIAGNOSTIC,    40, -9.423162003820e-01, 1.769929552303e-05, 1.3242e+02, 2.8761e+00, 
 1DIAGNOSTIC,    41, -9.423910727764e-01, 1.596526665221e-05, 1.3528e+02, 2.8594e+00, 
 1DIAGNOSTIC,    42, -9.424616571730e-01, 1.443173489511e-05, 1.3813e+02, 2.8577e+00, 
 1DIAGNOSTIC,    43, -9.425267574399e-01, 1.309461379138e-05, 1.4100e+02, 2.8637e+00, 
 1DIAGNOSTIC,    44, -9.425881159029e-01, 1.193974415959e-05, 1.4386e+02, 2.8672e+00, 
 1DIAGNOSTIC,    45, -9.426470749245e-01, 1.092885565009e-05, 1.4672e+02, 2.8529e+00, 
 1DIAGNOSTIC,    46, -9.427016502000e-01, 1.005405548448e-05, 1.4958e+02, 2.8634e+00, 
 1DIAGNOSTIC,    47, -9.427480747406e-01, 9.243197702288e-06, 1.5242e+02, 2.8425e+00, 
 1DIAGNOSTIC,    48, -9.427808150459e-01, 8.436799825789e-06, 1.5527e+02, 2.8512e+00, 
 1DIAGNOSTIC,    49, -9.427928846016e-01, 7.524379990319e-06, 1.5812e+02, 2.8420e+00, 
 1DIAGNOSTIC,    50, -9.428009714857e-01, 6.473037702973e-06, 1.6096e+02, 2.8415e+00, 
 1DIAGNOSTIC,    51, -9.427993395534e-01, 5.332932883597e-06, 1.6382e+02, 2.8610e+00, 
 1DIAGNOSTIC,    52, -9.427898999757e-01, 4.136782457982e-06, 1.6670e+02, 2.8769e+00, 
 1DIAGNOSTIC,    53, -9.427742222390e-01, 2.927801016024e-06, 1.6956e+02, 2.8602e+00, 
 1DIAGNOSTIC,    54, -9.427528488983e-01, 1.763485237678e-06, 1.7246e+02, 2.8989e+00, 
 1DIAGNOSTIC,    55, -9.427271090052e-01, 7.103566051561e-07, 1.7533e+02, 2.8786e+00, 
XXDIAGNOSTIC,Iteration,metricValue,convergenceValue,ITERATION_TIME_INDEX,SINCE_LAST
 1DIAGNOSTIC,     1, -8.899870473802e-01, 1.797693134862e+308, 2.0013e+02, 2.4797e+01, 
 1DIAGNOSTIC,     2, -8.921220247259e-01, 1.797693134862e+308, 2.2338e+02, 2.3254e+01, 
 1DIAGNOSTIC,     3, -8.947872715413e-01, 1.797693134862e+308, 2.4716e+02, 2.3777e+01, 
 1DIAGNOSTIC,     4, -8.975363770564e-01, 1.797693134862e+308, 2.7074e+02, 2.3577e+01, 
 1DIAGNOSTIC,     5, -8.997820541048e-01, 1.797693134862e+308, 2.9552e+02, 2.4786e+01, 
 1DIAGNOSTIC,     6, -9.020170752544e-01, 1.797693134862e+308, 3.2026e+02, 2.4740e+01, 
 1DIAGNOSTIC,     7, -9.038027634261e-01, 1.797693134862e+308, 3.4631e+02, 2.6042e+01, 
 1DIAGNOSTIC,     8, -9.052994884375e-01, 1.797693134862e+308, 3.7255e+02, 2.6247e+01, 
 1DIAGNOSTIC,     9, -9.066829991817e-01, 1.797693134862e+308, 3.9877e+02, 2.6213e+01, 
 1DIAGNOSTIC,    10, -9.079665197408e-01, 1.309777240574e-03, 4.2522e+02, 2.6452e+01, 
 1DIAGNOSTIC,    11, -9.091773834870e-01, 1.088824168569e-03, 4.5134e+02, 2.6124e+01, 
 1DIAGNOSTIC,    12, -9.103337030141e-01, 8.928403848316e-04, 4.7661e+02, 2.5272e+01, 
 1DIAGNOSTIC,    13, -9.114602624203e-01, 7.375519852096e-04, 5.0161e+02, 2.4995e+01, 
 1DIAGNOSTIC,    14, -9.125710576617e-01, 6.237390949260e-04, 5.2632e+02, 2.4715e+01, 
 1DIAGNOSTIC,    15, -9.136406869569e-01, 5.369928733976e-04, 5.5082e+02, 2.4496e+01, 
 1DIAGNOSTIC,    16, -9.146568589471e-01, 4.752399216069e-04, 5.7550e+02, 2.4677e+01, 
 1DIAGNOSTIC,    17, -9.155991459332e-01, 4.270688011699e-04, 5.9980e+02, 2.4303e+01, 
 1DIAGNOSTIC,    18, -9.163226167067e-01, 3.832322099484e-04, 6.2413e+02, 2.4325e+01, 
 1DIAGNOSTIC,    19, -9.169772686377e-01, 3.419790024545e-04, 6.4856e+02, 2.4430e+01, 
 1DIAGNOSTIC,    20, -9.175178590589e-01, 3.015063016238e-04, 6.7300e+02, 2.4441e+01, 
 1DIAGNOSTIC,    21, -9.179726601744e-01, 2.615177394007e-04, 6.9779e+02, 2.4789e+01, 
 1DIAGNOSTIC,    22, -9.183642710266e-01, 2.226828293089e-04, 7.2243e+02, 2.4645e+01, 
 1DIAGNOSTIC,    23, -9.186981083285e-01, 1.861990324322e-04, 7.4693e+02, 2.4495e+01, 
 1DIAGNOSTIC,    24, -9.189830026080e-01, 1.534452714952e-04, 7.7139e+02, 2.4459e+01, 
 1DIAGNOSTIC,    25, -9.192340871668e-01, 1.253618205180e-04, 7.9557e+02, 2.4184e+01, 
 1DIAGNOSTIC,    26, -9.194596037727e-01, 1.025112664848e-04, 8.1971e+02, 2.4140e+01, 
 1DIAGNOSTIC,    27, -9.196714930975e-01, 8.504177462863e-05, 8.4394e+02, 2.4229e+01, 
 1DIAGNOSTIC,    28, -9.198737990707e-01, 7.111158664326e-05, 8.6822e+02, 2.4282e+01, 
 1DIAGNOSTIC,    29, -9.200717057535e-01, 6.061098131604e-05, 8.9418e+02, 2.5961e+01, 
 1DIAGNOSTIC,    30, -9.202721353324e-01, 5.280684283870e-05, 9.1956e+02, 2.5380e+01, 
 1DIAGNOSTIC,    31, -9.204711212678e-01, 4.711014835424e-05, 9.4492e+02, 2.5353e+01, 
 1DIAGNOSTIC,    32, -9.206688857890e-01, 4.307921460528e-05, 9.6942e+02, 2.4507e+01, 
 1DIAGNOSTIC,    33, -9.208654297983e-01, 4.025351800379e-05, 9.9389e+02, 2.4469e+01, 
 1DIAGNOSTIC,    34, -9.210675741898e-01, 3.827656227522e-05, 1.0182e+03, 2.4315e+01, 
 1DIAGNOSTIC,    35, -9.212777286545e-01, 3.692134014132e-05, 1.0423e+03, 2.4080e+01, 
 1DIAGNOSTIC,    36, -9.215048125474e-01, 3.608507226058e-05, 1.0660e+03, 2.3710e+01, 
 1DIAGNOSTIC,    37, -9.217470339046e-01, 3.571902791680e-05, 1.0899e+03, 2.3937e+01, 
 1DIAGNOSTIC,    38, -9.220037364673e-01, 3.576727051528e-05, 1.1135e+03, 2.3556e+01, 
 1DIAGNOSTIC,    39, -9.222591938078e-01, 3.605611216772e-05, 1.1374e+03, 2.3945e+01, 
 1DIAGNOSTIC,    40, -9.225165923118e-01, 3.648813047893e-05, 1.1615e+03, 2.4079e+01, 
 1DIAGNOSTIC,    41, -9.227799524820e-01, 3.695824791687e-05, 1.1858e+03, 2.4282e+01, 
 1DIAGNOSTIC,    42, -9.230521537961e-01, 3.738718117401e-05, 1.2099e+03, 2.4102e+01, 
 1DIAGNOSTIC,    43, -9.233292424508e-01, 3.767680707923e-05, 1.2342e+03, 2.4279e+01, 
 1DIAGNOSTIC,    44, -9.235802208182e-01, 3.758202642960e-05, 1.2583e+03, 2.4094e+01, 
 1DIAGNOSTIC,    45, -9.238053140354e-01, 3.693746330028e-05, 1.2828e+03, 2.4505e+01, 
 1DIAGNOSTIC,    46, -9.240130927417e-01, 3.575831136115e-05, 1.3078e+03, 2.5060e+01, 
 1DIAGNOSTIC,    47, -9.242079107161e-01, 3.412320609861e-05, 1.3327e+03, 2.4834e+01, 
 1DIAGNOSTIC,    48, -9.243888425965e-01, 3.214703662420e-05, 1.3578e+03, 2.5164e+01, 
 1DIAGNOSTIC,    49, -9.245596762846e-01, 2.990364863443e-05, 1.3827e+03, 2.4840e+01, 
 1DIAGNOSTIC,    50, -9.247291524623e-01, 2.756766111034e-05, 1.4074e+03, 2.4720e+01, 
XXDIAGNOSTIC,Iteration,metricValue,convergenceValue,ITERATION_TIME_INDEX,SINCE_LAST
 1DIAGNOSTIC,     1, -8.794872692244e-01, 1.797693134862e+308, 1.6320e+03, 2.2457e+02, 
 1DIAGNOSTIC,     2, -8.807449393831e-01, 1.797693134862e+308, 1.8581e+03, 2.2612e+02, 
 1DIAGNOSTIC,     3, -8.822678043956e-01, 1.797693134862e+308, 2.0877e+03, 2.2959e+02, 
 1DIAGNOSTIC,     4, -8.837943459119e-01, 1.797693134862e+308, 2.3141e+03, 2.2642e+02, 
 1DIAGNOSTIC,     5, -8.852281260143e-01, 1.797693134862e+308, 2.5348e+03, 2.2071e+02, 
 1DIAGNOSTIC,     6, -8.865889145063e-01, 1.797693134862e+308, 2.7571e+03, 2.2234e+02, 
 1DIAGNOSTIC,     7, -8.879649573915e-01, 1.797693134862e+308, 2.9768e+03, 2.1962e+02, 
 1DIAGNOSTIC,     8, -8.892797096715e-01, 1.797693134862e+308, 3.2001e+03, 2.2331e+02, 
 1DIAGNOSTIC,     9, -8.904508671190e-01, 1.797693134862e+308, 3.4201e+03, 2.1998e+02, 
 1DIAGNOSTIC,    10, -8.915721922969e-01, 8.906882273012e-04, 3.6551e+03, 2.3506e+02, 
 1DIAGNOSTIC,    11, -8.926187419735e-01, 7.839499445195e-04, 3.8879e+03, 2.3275e+02, 
 1DIAGNOSTIC,    12, -8.934996229321e-01, 6.813109936944e-04, 4.1120e+03, 2.2413e+02, 
 1DIAGNOSTIC,    13, -8.944018487908e-01, 5.922754607089e-04, 4.3368e+03, 2.2478e+02, 
 1DIAGNOSTIC,    14, -8.951259174292e-01, 5.132580358480e-04, 4.5585e+03, 2.2169e+02, 
 1DIAGNOSTIC,    15, -8.958829242397e-01, 4.444149153322e-04, 4.7802e+03, 2.2174e+02, 
 1DIAGNOSTIC,    16, -8.964852523243e-01, 3.823548265866e-04, 5.0037e+03, 2.2349e+02, 
 1DIAGNOSTIC,    17, -8.970337769983e-01, 3.283665508963e-04, 5.2261e+03, 2.2241e+02, 
 1DIAGNOSTIC,    18, -8.975361690216e-01, 2.821467829387e-04, 5.4537e+03, 2.2759e+02, 
 1DIAGNOSTIC,    19, -8.980054924524e-01, 2.420524616839e-04, 5.6832e+03, 2.2955e+02, 
 1DIAGNOSTIC,    20, -8.984403309557e-01, 2.081602817829e-04, 5.9044e+03, 2.2118e+02, 
  Elapsed time (stage 0): 5906.31


Total elapsed time: 5906.32
