
##########################
# Experiment information #
##########################
SIF_IMG: /project/rrg-glatard/mdugre/containers/ants-p2-vprec.sif
EXPERIMENT_NAME: vprec-space_search
CONFIG: 0100
VFC_BACKENDS: libinterflop_vprec.so --range-binary32=8 --precision-binary32=18 --range-binary64=8 --precision-binary64=18

FIXED_IMG: /templateflow/tpl-MNI152NLin2009cAsym/tpl-MNI152NLin2009cAsym_res-01_desc-brain_T1w.nii.gz
SUBJECT_ID: 0003013
INPUT_IMG: /project/rrg-glatard/mdugre/datasets/corr/RawDataBIDS/BMB_1/derivatives/antsBrainExtraction/sub-0003013/BrainExtractionBrain.nii.gz
OUTPUT_DIR: /project/rrg-glatard/mdugre/datasets/corr/RawDataBIDS/BMB_1/derivatives/vprec-space_search/0100/r8-p18/sub-0003013

ITK_GLOBAL_DEFAULT_NUMBER_OF_THREADS: 8
##########################

VFC_BACKENDS=libinterflop_ieee.so
Info [verificarlo]: loaded backend libinterflop_ieee.so
Info [interflop-ieee]: load backend with:
Info [interflop-ieee]: debug = false
Info [interflop-ieee]: debug-binary = false
Info [interflop-ieee]: no-backend-name = false
Info [interflop-ieee]: print-new-line = false
Info [interflop-ieee]: print-subnormal-normalized = false
Info [interflop-ieee]: count-op = false
All_Command_lines_OK
Using double precision for computations.
=============================================================================
The composite transform comprises the following transforms (in order): 
  1. Center of mass alignment using fixed image: /templateflow/tpl-MNI152NLin2009cAsym/tpl-MNI152NLin2009cAsym_res-01_desc-brain_T1w.nii.gz and moving image: /project/rrg-glatard/mdugre/datasets/corr/RawDataBIDS/BMB_1/derivatives/antsBrainExtraction/sub-0003013/BrainExtractionBrain.nii.gz (type = Euler3DTransform)
=============================================================================
  number of levels = 1
  fixed image: /templateflow/tpl-MNI152NLin2009cAsym/tpl-MNI152NLin2009cAsym_res-01_desc-brain_T1w.nii.gz
  moving image: /project/rrg-glatard/mdugre/datasets/corr/RawDataBIDS/BMB_1/derivatives/antsBrainExtraction/sub-0003013/BrainExtractionBrain.nii.gz
Dimension = 3
Number of stages = 1
Use histogram matching = false
Winsorize image intensities = true
  Lower quantile = 0.005
  Upper quantile = 0.995


Stage 1 State
   Image metric = MattesMI
     Fixed image = Image (0x5036390)
  RTTI typeinfo:   itk::Image<double, 3u>
  Reference Count: 2
  Modified Time: 2334
  Debug: Off
  Object Name: 
  Observers: 
    none
  Source: (none)
  Source output name: (none)
  Release Data: Off
  Data Released: False
  Global Release Data: Off
  PipelineMTime: 0
  UpdateMTime: 1943
  RealTimeStamp: 0 seconds 
  LargestPossibleRegion: 
    Dimension: 3
    Index: [0, 0, 0]
    Size: [193, 229, 193]
  BufferedRegion: 
    Dimension: 3
    Index: [0, 0, 0]
    Size: [193, 229, 193]
  RequestedRegion: 
    Dimension: 3
    Index: [0, 0, 0]
    Size: [193, 229, 193]
  Spacing: [1, 1, 1]
  Origin: [96, 132, -78]
  Direction: 
-1 0 0
0 -1 0
0 0 1

  IndexToPointMatrix: 
-1 0 0
0 -1 0
0 0 1

  PointToIndexMatrix: 
-1 0 0
0 -1 0
0 0 1

  Inverse Direction: 
-1 0 0
0 -1 0
0 0 1

  PixelContainer: 
    ImportImageContainer (0x5101a90)
      RTTI typeinfo:   itk::ImportImageContainer<unsigned long, double>
      Reference Count: 1
      Modified Time: 1940
      Debug: Off
      Object Name: 
      Observers: 
        none
      Pointer: 0x14646b224010
      Container manages memory: true
      Size: 8530021
      Capacity: 8530021

     Moving image = Image (0x503b390)
  RTTI typeinfo:   itk::Image<double, 3u>
  Reference Count: 2
  Modified Time: 2335
  Debug: Off
  Object Name: 
  Observers: 
    none
  Source: (none)
  Source output name: (none)
  Release Data: Off
  Data Released: False
  Global Release Data: Off
  PipelineMTime: 0
  UpdateMTime: 2332
  RealTimeStamp: 0 seconds 
  LargestPossibleRegion: 
    Dimension: 3
    Index: [0, 0, 0]
    Size: [176, 256, 256]
  BufferedRegion: 
    Dimension: 3
    Index: [0, 0, 0]
    Size: [176, 256, 256]
  RequestedRegion: 
    Dimension: 3
    Index: [0, 0, 0]
    Size: [176, 256, 256]
  Spacing: [1, 1, 1]
  Origin: [-95.2239, 100.87, -126.398]
  Direction: 
1 0 0
0 -1 0
0 0 1

  IndexToPointMatrix: 
1 0 0
0 -1 0
0 0 1

  PointToIndexMatrix: 
1 0 0
0 -1 0
0 0 1

  Inverse Direction: 
1 0 0
0 -1 0
0 0 1

  PixelContainer: 
    ImportImageContainer (0x5061850)
      RTTI typeinfo:   itk::ImportImageContainer<unsigned long, double>
      Reference Count: 1
      Modified Time: 2329
      Debug: Off
      Object Name: 
      Observers: 
        none
      Pointer: 0x146465a23010
      Container manages memory: true
      Size: 11534336
      Capacity: 11534336

     Weighting = 1
     Sampling strategy = regular
     Number of bins = 32
     Radius = 4
     Sampling percentage  = 0.25
   Transform = Rigid
     Gradient step = 0.1
     Update field sigma (voxel space) = 0
     Total field sigma (voxel space) = 0
     Update field time sigma = 0
     Total field time sigma  = 0
     Number of time indices = 0
     Number of time point samples = 0
Registration using 1 total stages.

Stage 0
  iterations = 0
  convergence threshold = 1e-06
  convergence window size = 10
  number of levels = 1
  using the Mattes MI metric (number of bins = 32, weight = 1, use gradient filter = 0)
  preprocessing:  winsorizing the image intensities
  Shrink factors (level 1 out of 1): [1, 1, 1]
  smoothing sigmas per level: [0]
  regular sampling (percentage = 0.25)

*** Running Euler3DTransform registration ***

  Elapsed time (stage 0): 0.942443


Total elapsed time: 0.94391
VFC_BACKENDS=libinterflop_vprec.so --range-binary32=8 --precision-binary32=18 --range-binary64=8 --precision-binary64=18
Info [verificarlo]: loaded backend libinterflop_vprec.so
Info [interflop-vprec]: load backend with: 
Info [interflop-vprec]: precision-binary32 = 18
Info [interflop-vprec]: range-binary32 = 8
Info [interflop-vprec]: precision-binary64 = 18
Info [interflop-vprec]: range-binary64 = 8
Info [interflop-vprec]: mode = ob
Info [interflop-vprec]: error-mode = rel
Info [interflop-vprec]: max-abs-error-exponent = -1022
Info [interflop-vprec]: daz = false
Info [interflop-vprec]: ftz = false
Info [interflop-vprec]: 	instrument = none
Info [interflop-vprec]: 	prec-input-file = (null)
Info [interflop-vprec]: 	prec-output-file = (null)
Info [interflop-vprec]: 	prec-log-file = (null)
All_Command_lines_OK
Using double precision for computations.
=============================================================================
The composite transform comprises the following transforms (in order): 
  1. /project/rrg-glatard/mdugre/datasets/corr/RawDataBIDS/BMB_1/derivatives/vprec-space_search/0100/r8-p18/sub-0003013/align_Composite.h5[0] (type = Euler3DTransform)
  2. /project/rrg-glatard/mdugre/datasets/corr/RawDataBIDS/BMB_1/derivatives/vprec-space_search/0100/r8-p18/sub-0003013/align_Composite.h5[1] (type = Euler3DTransform)
=============================================================================
  number of levels = 4
  fixed image: /templateflow/tpl-MNI152NLin2009cAsym/tpl-MNI152NLin2009cAsym_res-01_desc-brain_T1w.nii.gz
  moving image: /project/rrg-glatard/mdugre/datasets/corr/RawDataBIDS/BMB_1/derivatives/antsBrainExtraction/sub-0003013/BrainExtractionBrain.nii.gz
Dimension = 3
Number of stages = 1
Use histogram matching = false
Winsorize image intensities = true
  Lower quantile = 0.005
  Upper quantile = 0.995


Stage 1 State
   Image metric = MattesMI
     Fixed image = Image (0x37ad300)
  RTTI typeinfo:   itk::Image<double, 3u>
  Reference Count: 2
  Modified Time: 1578
  Debug: Off
  Object Name: 
  Observers: 
    none
  Source: (none)
  Source output name: (none)
  Release Data: Off
  Data Released: False
  Global Release Data: Off
  PipelineMTime: 0
  UpdateMTime: 1189
  RealTimeStamp: 0 seconds 
  LargestPossibleRegion: 
    Dimension: 3
    Index: [0, 0, 0]
    Size: [193, 229, 193]
  BufferedRegion: 
    Dimension: 3
    Index: [0, 0, 0]
    Size: [193, 229, 193]
  RequestedRegion: 
    Dimension: 3
    Index: [0, 0, 0]
    Size: [193, 229, 193]
  Spacing: [1, 1, 1]
  Origin: [96, 132, -78]
  Direction: 
-1 0 0
0 -1 0
0 0 1

  IndexToPointMatrix: 
-1 0 0
0 -1 0
0 0 1

  PointToIndexMatrix: 
-1 0 0
0 -1 0
0 0 1

  Inverse Direction: 
-1 0 0
0 -1 0
0 0 1

  PixelContainer: 
    ImportImageContainer (0x38704b0)
      RTTI typeinfo:   itk::ImportImageContainer<unsigned long, double>
      Reference Count: 1
      Modified Time: 1186
      Debug: Off
      Object Name: 
      Observers: 
        none
      Pointer: 0x14b701a78010
      Container manages memory: true
      Size: 8530021
      Capacity: 8530021

     Moving image = Image (0x38701c0)
  RTTI typeinfo:   itk::Image<double, 3u>
  Reference Count: 2
  Modified Time: 1579
  Debug: Off
  Object Name: 
  Observers: 
    none
  Source: (none)
  Source output name: (none)
  Release Data: Off
  Data Released: False
  Global Release Data: Off
  PipelineMTime: 0
  UpdateMTime: 1576
  RealTimeStamp: 0 seconds 
  LargestPossibleRegion: 
    Dimension: 3
    Index: [0, 0, 0]
    Size: [176, 256, 256]
  BufferedRegion: 
    Dimension: 3
    Index: [0, 0, 0]
    Size: [176, 256, 256]
  RequestedRegion: 
    Dimension: 3
    Index: [0, 0, 0]
    Size: [176, 256, 256]
  Spacing: [1, 1, 1]
  Origin: [-95.2239, 100.87, -126.398]
  Direction: 
1 0 0
0 -1 0
0 0 1

  IndexToPointMatrix: 
1 0 0
0 -1 0
0 0 1

  PointToIndexMatrix: 
1 0 0
0 -1 0
0 0 1

  Inverse Direction: 
1 0 0
0 -1 0
0 0 1

  PixelContainer: 
    ImportImageContainer (0x3933010)
      RTTI typeinfo:   itk::ImportImageContainer<unsigned long, double>
      Reference Count: 1
      Modified Time: 1573
      Debug: Off
      Object Name: 
      Observers: 
        none
      Pointer: 0x14b6fc277010
      Container manages memory: true
      Size: 11534336
      Capacity: 11534336

     Weighting = 1
     Sampling strategy = regular
     Number of bins = 32
     Radius = 4
     Sampling percentage  = 0.25
   Transform = Rigid
     Gradient step = 0.1
     Update field sigma (voxel space) = 0
     Total field sigma (voxel space) = 0
     Update field time sigma = 0
     Total field time sigma  = 0
     Number of time indices = 0
     Number of time point samples = 0
Registration using 1 total stages.

Stage 0
  iterations = 1000x500x250x100
  convergence threshold = 1e-06
  convergence window size = 10
  number of levels = 4
  using the Mattes MI metric (number of bins = 32, weight = 1, use gradient filter = 0)
  preprocessing:  winsorizing the image intensities
  Shrink factors (level 1 out of 4): [8, 8, 8]
  Shrink factors (level 2 out of 4): [4, 4, 4]
  Shrink factors (level 3 out of 4): [2, 2, 2]
  Shrink factors (level 4 out of 4): [1, 1, 1]
  smoothing sigmas per level: [3, 2, 1, 0]
  regular sampling (percentage = 0.25)

*** Running Euler3DTransform registration ***

DIAGNOSTIC,Iteration,metricValue,convergenceValue,ITERATION_TIME_INDEX,SINCE_LAST
 2DIAGNOSTIC,     1, -4.992016640410e-01, 1.797693134862e+308, 0.0000e+00, 0.0000e+00, 
 2DIAGNOSTIC,     2, -5.003409176218e-01, 1.797693134862e+308, 0.0000e+00, 0.0000e+00, 
 2DIAGNOSTIC,     3, -5.020560752841e-01, 1.797693134862e+308, 0.0000e+00, 0.0000e+00, 
 2DIAGNOSTIC,     4, -5.036829140200e-01, 1.797693134862e+308, 0.0000e+00, 0.0000e+00, 
 2DIAGNOSTIC,     5, -5.051670037523e-01, 1.797693134862e+308, 0.0000e+00, 0.0000e+00, 
 2DIAGNOSTIC,     6, -5.061252955157e-01, 1.797693134862e+308, 0.0000e+00, 0.0000e+00, 
 2DIAGNOSTIC,     7, -5.084695835181e-01, 1.797693134862e+308, 0.0000e+00, 0.0000e+00, 
 2DIAGNOSTIC,     8, -5.179406029774e-01, 1.797693134862e+308, 0.0000e+00, 0.0000e+00, 
 2DIAGNOSTIC,     9, -5.205047242575e-01, 1.797693134862e+308, 0.0000e+00, 0.0000e+00, 
 2DIAGNOSTIC,    10, -5.206025219305e-01, 2.941489047013e-03, 0.0000e+00, 0.0000e+00, 
 2DIAGNOSTIC,    11, -5.204693706275e-01, 2.766192745697e-03, 0.0000e+00, 0.0000e+00, 
 2DIAGNOSTIC,    12, -5.204305392828e-01, 2.422705834301e-03, 0.0000e+00, 0.0000e+00, 
 2DIAGNOSTIC,    13, -5.203811477625e-01, 1.977962168232e-03, 0.0000e+00, 0.0000e+00, 
 2DIAGNOSTIC,    14, -5.203253601457e-01, 1.478031692861e-03, 0.0000e+00, 0.0000e+00, 
 2DIAGNOSTIC,    15, -5.202587811105e-01, 9.689914937543e-04, 0.0000e+00, 0.0000e+00, 
 2DIAGNOSTIC,    16, -5.202794426853e-01, 4.729814862277e-04, 0.0000e+00, 0.0000e+00, 
 2DIAGNOSTIC,    17, -5.200770900268e-01, 5.473593860314e-05, 0.0000e+00, 0.0000e+00, 
DIAGNOSTIC,Iteration,metricValue,convergenceValue,ITERATION_TIME_INDEX,SINCE_LAST
 2DIAGNOSTIC,     1, -4.233443305868e-01, 1.797693134862e+308, 0.0000e+00, 0.0000e+00, 
 2DIAGNOSTIC,     2, -4.239424074664e-01, 1.797693134862e+308, 0.0000e+00, 0.0000e+00, 
 2DIAGNOSTIC,     3, -4.250062564361e-01, 1.797693134862e+308, 0.0000e+00, 0.0000e+00, 
 2DIAGNOSTIC,     4, -4.263294779458e-01, 1.797693134862e+308, 0.0000e+00, 0.0000e+00, 
 2DIAGNOSTIC,     5, -4.279050665939e-01, 1.797693134862e+308, 0.0000e+00, 0.0000e+00, 
 2DIAGNOSTIC,     6, -4.288607775512e-01, 1.797693134862e+308, 0.0000e+00, 0.0000e+00, 
 2DIAGNOSTIC,     7, -4.294445937833e-01, 1.797693134862e+308, 0.0000e+00, 0.0000e+00, 
 2DIAGNOSTIC,     8, -4.321606355382e-01, 1.797693134862e+308, 0.0000e+00, 0.0000e+00, 
 2DIAGNOSTIC,     9, -4.324711322690e-01, 1.797693134862e+308, 0.0000e+00, 0.0000e+00, 
 2DIAGNOSTIC,    10, -4.325377659813e-01, 1.548307082696e-03, 0.0000e+00, 0.0000e+00, 
 2DIAGNOSTIC,    11, -4.327551177785e-01, 1.316241184766e-03, 0.0000e+00, 0.0000e+00, 
 2DIAGNOSTIC,    12, -4.331579820697e-01, 1.059999427729e-03, 0.0000e+00, 0.0000e+00, 
 2DIAGNOSTIC,    13, -4.331589281392e-01, 7.992849908067e-04, 0.0000e+00, 0.0000e+00, 
 2DIAGNOSTIC,    14, -4.333795365136e-01, 5.752422104997e-04, 0.0000e+00, 0.0000e+00, 
 2DIAGNOSTIC,    15, -4.346253072017e-01, 4.542386190571e-04, 0.0000e+00, 0.0000e+00, 
 2DIAGNOSTIC,    16, -4.348824095433e-01, 3.564283008533e-04, 0.0000e+00, 0.0000e+00, 
 2DIAGNOSTIC,    17, -4.351880467541e-01, 2.694638543039e-04, 0.0000e+00, 0.0000e+00, 
 2DIAGNOSTIC,    18, -4.352431150896e-01, 2.694028070637e-04, 0.0000e+00, 0.0000e+00, 
 2DIAGNOSTIC,    19, -4.352375460230e-01, 2.553220206977e-04, 0.0000e+00, 0.0000e+00, 
 2DIAGNOSTIC,    20, -4.352280215034e-01, 2.203807975632e-04, 0.0000e+00, 0.0000e+00, 
 2DIAGNOSTIC,    21, -4.352269376994e-01, 1.746740345362e-04, 0.0000e+00, 0.0000e+00, 
 2DIAGNOSTIC,    22, -4.352310540199e-01, 1.296697693051e-04, 0.0000e+00, 0.0000e+00, 
 2DIAGNOSTIC,    23, -4.352238054733e-01, 7.673910092626e-05, 0.0000e+00, 0.0000e+00, 
 2DIAGNOSTIC,    24, -4.352221590411e-01, 2.644151272966e-05, 0.0000e+00, 0.0000e+00, 
 2DIAGNOSTIC,    25, -4.352225530753e-01, 1.056234360888e-05, 0.0000e+00, 0.0000e+00, 
 2DIAGNOSTIC,    26, -4.352225649939e-01, 1.332968263219e-06, 0.0000e+00, 0.0000e+00, 
DIAGNOSTIC,Iteration,metricValue,convergenceValue,ITERATION_TIME_INDEX,SINCE_LAST
 2DIAGNOSTIC,     1, -3.792067274833e-01, 1.797693134862e+308, 0.0000e+00, 0.0000e+00, 
 2DIAGNOSTIC,     2, -3.794113974979e-01, 1.797693134862e+308, 0.0000e+00, 0.0000e+00, 
 2DIAGNOSTIC,     3, -3.796830046299e-01, 1.797693134862e+308, 0.0000e+00, 0.0000e+00, 
 2DIAGNOSTIC,     4, -3.798996994073e-01, 1.797693134862e+308, 0.0000e+00, 0.0000e+00, 
 2DIAGNOSTIC,     5, -3.799832401755e-01, 1.797693134862e+308, 0.0000e+00, 0.0000e+00, 
 2DIAGNOSTIC,     6, -3.800954881955e-01, 1.797693134862e+308, 0.0000e+00, 0.0000e+00, 
 2DIAGNOSTIC,     7, -3.802130246607e-01, 1.797693134862e+308, 0.0000e+00, 0.0000e+00, 
 2DIAGNOSTIC,     8, -3.804231334001e-01, 1.797693134862e+308, 0.0000e+00, 0.0000e+00, 
 2DIAGNOSTIC,     9, -3.806513478891e-01, 1.797693134862e+308, 0.0000e+00, 0.0000e+00, 
 2DIAGNOSTIC,    10, -3.807484907728e-01, 2.506510295442e-04, 0.0000e+00, 0.0000e+00, 
 2DIAGNOSTIC,    11, -3.808735424123e-01, 2.166733816585e-04, 0.0000e+00, 0.0000e+00, 
 2DIAGNOSTIC,    12, -3.808688249118e-01, 1.813037998346e-04, 0.0000e+00, 0.0000e+00, 
 2DIAGNOSTIC,    13, -3.808649754097e-01, 1.503629029448e-04, 0.0000e+00, 0.0000e+00, 
 2DIAGNOSTIC,    14, -3.808638631155e-01, 1.218139373218e-04, 0.0000e+00, 0.0000e+00, 
 2DIAGNOSTIC,    15, -3.808626240448e-01, 9.019190313408e-05, 0.0000e+00, 0.0000e+00, 
 2DIAGNOSTIC,    16, -3.808618143015e-01, 5.967343292883e-05, 0.0000e+00, 0.0000e+00, 
 2DIAGNOSTIC,    17, -3.808617582230e-01, 3.251052800794e-05, 0.0000e+00, 0.0000e+00, 
 2DIAGNOSTIC,    18, -3.808617491594e-01, 1.412231313041e-05, 0.0000e+00, 0.0000e+00, 
 2DIAGNOSTIC,    19, -3.808615016053e-01, 5.437057983643e-06, 0.0000e+00, 0.0000e+00, 
DIAGNOSTIC,Iteration,metricValue,convergenceValue,ITERATION_TIME_INDEX,SINCE_LAST
 2DIAGNOSTIC,     1, -3.525232901233e-01, 1.797693134862e+308, 0.0000e+00, 0.0000e+00, 
 2DIAGNOSTIC,     2, -3.525579141061e-01, 1.797693134862e+308, 0.0000e+00, 0.0000e+00, 
 2DIAGNOSTIC,     3, -3.526070995662e-01, 1.797693134862e+308, 0.0000e+00, 0.0000e+00, 
 2DIAGNOSTIC,     4, -3.526295994856e-01, 1.797693134862e+308, 0.0000e+00, 0.0000e+00, 
 2DIAGNOSTIC,     5, -3.526831329314e-01, 1.797693134862e+308, 0.0000e+00, 0.0000e+00, 
 2DIAGNOSTIC,     6, -3.526914116216e-01, 1.797693134862e+308, 0.0000e+00, 0.0000e+00, 
 2DIAGNOSTIC,     7, -3.527241637348e-01, 1.797693134862e+308, 0.0000e+00, 0.0000e+00, 
 2DIAGNOSTIC,     8, -3.528949963584e-01, 1.797693134862e+308, 0.0000e+00, 0.0000e+00, 
 2DIAGNOSTIC,     9, -3.528999477541e-01, 1.797693134862e+308, 0.0000e+00, 0.0000e+00, 
 2DIAGNOSTIC,    10, -3.529361514094e-01, 8.045035955730e-05, 0.0000e+00, 0.0000e+00, 
 2DIAGNOSTIC,    11, -3.529787076765e-01, 7.628573970529e-05, 0.0000e+00, 0.0000e+00, 
 2DIAGNOSTIC,    12, -3.530290951219e-01, 7.179222642589e-05, 0.0000e+00, 0.0000e+00, 
 2DIAGNOSTIC,    13, -3.530545901067e-01, 6.617352157559e-05, 0.0000e+00, 0.0000e+00, 
 2DIAGNOSTIC,    14, -3.531520766054e-01, 6.240221295885e-05, 0.0000e+00, 0.0000e+00, 
 2DIAGNOSTIC,    15, -3.531703952789e-01, 5.752796779795e-05, 0.0000e+00, 0.0000e+00, 
 2DIAGNOSTIC,    16, -3.531732576237e-01, 4.880356707866e-05, 0.0000e+00, 0.0000e+00, 
 2DIAGNOSTIC,    17, -3.531730091569e-01, 3.816319779096e-05, 0.0000e+00, 0.0000e+00, 
 2DIAGNOSTIC,    18, -3.531735783955e-01, 3.303629105558e-05, 0.0000e+00, 0.0000e+00, 
 2DIAGNOSTIC,    19, -3.531736579578e-01, 2.570081240395e-05, 0.0000e+00, 0.0000e+00, 
 2DIAGNOSTIC,    20, -3.531735294515e-01, 1.828246290678e-05, 0.0000e+00, 0.0000e+00, 
 2DIAGNOSTIC,    21, -3.531734669860e-01, 1.165775843372e-05, 0.0000e+00, 0.0000e+00, 
 2DIAGNOSTIC,    22, -3.531734725434e-01, 6.558846124771e-06, 0.0000e+00, 0.0000e+00, 
 2DIAGNOSTIC,    23, -3.531734837204e-01, 2.228031290991e-06, 0.0000e+00, 0.0000e+00, 
 2DIAGNOSTIC,    24, -3.531734875393e-01, 1.432049210943e-06, 0.0000e+00, 0.0000e+00, 
 2DIAGNOSTIC,    25, -3.531734851525e-01, 1.276181338161e-06, 0.0000e+00, 0.0000e+00, 
 2DIAGNOSTIC,    26, -3.531734846024e-01, 1.220004393343e-06, 0.0000e+00, 0.0000e+00, 
 2DIAGNOSTIC,    27, -3.531734872557e-01, 1.159403670438e-06, 0.0000e+00, 0.0000e+00, 
 2DIAGNOSTIC,    28, -3.531735171576e-01, 1.120950369575e-06, 0.0000e+00, 0.0000e+00, 
 2DIAGNOSTIC,    29, -3.531734647957e-01, 1.086394864340e-06, 0.0000e+00, 0.0000e+00, 
 2DIAGNOSTIC,    30, -3.531734654620e-01, 1.050847321937e-06, 0.0000e+00, 0.0000e+00, 
 2DIAGNOSTIC,    31, -3.531734625983e-01, 1.015856507344e-06, 0.0000e+00, 0.0000e+00, 
  Elapsed time (stage 0): 0.0000e+00


Total elapsed time: 0.0000e+00
VFC_BACKENDS=libinterflop_ieee.so
Info [verificarlo]: loaded backend libinterflop_ieee.so
Info [interflop-ieee]: load backend with:
Info [interflop-ieee]: debug = false
Info [interflop-ieee]: debug-binary = false
Info [interflop-ieee]: no-backend-name = false
Info [interflop-ieee]: print-new-line = false
Info [interflop-ieee]: print-subnormal-normalized = false
Info [interflop-ieee]: count-op = false
All_Command_lines_OK
Using double precision for computations.
=============================================================================
The composite transform comprises the following transforms (in order): 
  1. /project/rrg-glatard/mdugre/datasets/corr/RawDataBIDS/BMB_1/derivatives/vprec-space_search/0100/r8-p18/sub-0003013/rigid_Composite.h5[0] (type = Euler3DTransform)
  2. /project/rrg-glatard/mdugre/datasets/corr/RawDataBIDS/BMB_1/derivatives/vprec-space_search/0100/r8-p18/sub-0003013/rigid_Composite.h5[1] (type = Euler3DTransform)
  3. /project/rrg-glatard/mdugre/datasets/corr/RawDataBIDS/BMB_1/derivatives/vprec-space_search/0100/r8-p18/sub-0003013/rigid_Composite.h5[2] (type = Euler3DTransform)
=============================================================================
  number of levels = 4
  fixed image: /templateflow/tpl-MNI152NLin2009cAsym/tpl-MNI152NLin2009cAsym_res-01_desc-brain_T1w.nii.gz
  moving image: /project/rrg-glatard/mdugre/datasets/corr/RawDataBIDS/BMB_1/derivatives/antsBrainExtraction/sub-0003013/BrainExtractionBrain.nii.gz
Dimension = 3
Number of stages = 1
Use histogram matching = false
Winsorize image intensities = true
  Lower quantile = 0.005
  Upper quantile = 0.995


Stage 1 State
   Image metric = MattesMI
     Fixed image = Image (0x3d2a650)
  RTTI typeinfo:   itk::Image<double, 3u>
  Reference Count: 2
  Modified Time: 1594
  Debug: Off
  Object Name: 
  Observers: 
    none
  Source: (none)
  Source output name: (none)
  Release Data: Off
  Data Released: False
  Global Release Data: Off
  PipelineMTime: 0
  UpdateMTime: 1203
  RealTimeStamp: 0 seconds 
  LargestPossibleRegion: 
    Dimension: 3
    Index: [0, 0, 0]
    Size: [193, 229, 193]
  BufferedRegion: 
    Dimension: 3
    Index: [0, 0, 0]
    Size: [193, 229, 193]
  RequestedRegion: 
    Dimension: 3
    Index: [0, 0, 0]
    Size: [193, 229, 193]
  Spacing: [1, 1, 1]
  Origin: [96, 132, -78]
  Direction: 
-1 0 0
0 -1 0
0 0 1

  IndexToPointMatrix: 
-1 0 0
0 -1 0
0 0 1

  PointToIndexMatrix: 
-1 0 0
0 -1 0
0 0 1

  Inverse Direction: 
-1 0 0
0 -1 0
0 0 1

  PixelContainer: 
    ImportImageContainer (0x3d371f0)
      RTTI typeinfo:   itk::ImportImageContainer<unsigned long, double>
      Reference Count: 1
      Modified Time: 1200
      Debug: Off
      Object Name: 
      Observers: 
        none
      Pointer: 0x145a2be42010
      Container manages memory: true
      Size: 8530021
      Capacity: 8530021

     Moving image = Image (0x3dda710)
  RTTI typeinfo:   itk::Image<double, 3u>
  Reference Count: 2
  Modified Time: 1595
  Debug: Off
  Object Name: 
  Observers: 
    none
  Source: (none)
  Source output name: (none)
  Release Data: Off
  Data Released: False
  Global Release Data: Off
  PipelineMTime: 0
  UpdateMTime: 1592
  RealTimeStamp: 0 seconds 
  LargestPossibleRegion: 
    Dimension: 3
    Index: [0, 0, 0]
    Size: [176, 256, 256]
  BufferedRegion: 
    Dimension: 3
    Index: [0, 0, 0]
    Size: [176, 256, 256]
  RequestedRegion: 
    Dimension: 3
    Index: [0, 0, 0]
    Size: [176, 256, 256]
  Spacing: [1, 1, 1]
  Origin: [-95.2239, 100.87, -126.398]
  Direction: 
1 0 0
0 -1 0
0 0 1

  IndexToPointMatrix: 
1 0 0
0 -1 0
0 0 1

  PointToIndexMatrix: 
1 0 0
0 -1 0
0 0 1

  Inverse Direction: 
1 0 0
0 -1 0
0 0 1

  PixelContainer: 
    ImportImageContainer (0x3e7b050)
      RTTI typeinfo:   itk::ImportImageContainer<unsigned long, double>
      Reference Count: 1
      Modified Time: 1589
      Debug: Off
      Object Name: 
      Observers: 
        none
      Pointer: 0x145a26641010
      Container manages memory: true
      Size: 11534336
      Capacity: 11534336

     Weighting = 1
     Sampling strategy = regular
     Number of bins = 32
     Radius = 4
     Sampling percentage  = 0.25
   Transform = Affine
     Gradient step = 0.1
     Update field sigma (voxel space) = 0
     Total field sigma (voxel space) = 0
     Update field time sigma = 0
     Total field time sigma  = 0
     Number of time indices = 0
     Number of time point samples = 0
Registration using 1 total stages.

Stage 0
  iterations = 1000x500x250x100
  convergence threshold = 1e-06
  convergence window size = 10
  number of levels = 4
  using the Mattes MI metric (number of bins = 32, weight = 1, use gradient filter = 0)
  preprocessing:  winsorizing the image intensities
  Shrink factors (level 1 out of 4): [8, 8, 8]
  Shrink factors (level 2 out of 4): [4, 4, 4]
  Shrink factors (level 3 out of 4): [2, 2, 2]
  Shrink factors (level 4 out of 4): [1, 1, 1]
  smoothing sigmas per level: [3, 2, 1, 0]
  regular sampling (percentage = 0.25)

*** Running AffineTransform registration ***

DIAGNOSTIC,Iteration,metricValue,convergenceValue,ITERATION_TIME_INDEX,SINCE_LAST
 2DIAGNOSTIC,     1, -5.335611784342e-01, 1.797693134862e+308, 1.1688e+00, 1.1688e+00, 
 2DIAGNOSTIC,     2, -5.351523438238e-01, 1.797693134862e+308, 1.1744e+00, 5.6109e-03, 
 2DIAGNOSTIC,     3, -5.375822555308e-01, 1.797693134862e+308, 1.1798e+00, 5.4569e-03, 
 2DIAGNOSTIC,     4, -5.420296371196e-01, 1.797693134862e+308, 1.1851e+00, 5.2931e-03, 
 2DIAGNOSTIC,     5, -5.491204542739e-01, 1.797693134862e+308, 1.1910e+00, 5.8539e-03, 
 2DIAGNOSTIC,     6, -5.609778545595e-01, 1.797693134862e+308, 1.1963e+00, 5.3091e-03, 
 2DIAGNOSTIC,     7, -5.851594375352e-01, 1.797693134862e+308, 1.2023e+00, 6.0241e-03, 
 2DIAGNOSTIC,     8, -6.282170704915e-01, 1.797693134862e+308, 1.2083e+00, 5.9781e-03, 
 2DIAGNOSTIC,     9, -7.237321823214e-01, 1.797693134862e+308, 1.2164e+00, 8.1170e-03, 
 2DIAGNOSTIC,    10, -7.642390238755e-01, 2.294798674275e-02, 1.2248e+00, 8.3690e-03, 
 2DIAGNOSTIC,    11, -7.825177812152e-01, 2.587982077352e-02, 1.2316e+00, 6.8109e-03, 
 2DIAGNOSTIC,    12, -8.008080892737e-01, 2.665811929356e-02, 1.2377e+00, 6.1140e-03, 
 2DIAGNOSTIC,    13, -8.254398691695e-01, 2.575295572317e-02, 1.2453e+00, 7.5490e-03, 
 2DIAGNOSTIC,    14, -8.308732701151e-01, 2.295464664784e-02, 1.2525e+00, 7.1909e-03, 
 2DIAGNOSTIC,    15, -8.323927924637e-01, 1.880149118755e-02, 1.2591e+00, 6.5970e-03, 
 2DIAGNOSTIC,    16, -8.335208796597e-01, 1.395849310563e-02, 1.2657e+00, 6.6020e-03, 
 2DIAGNOSTIC,    17, -8.356919870928e-01, 9.180678786363e-03, 1.2737e+00, 8.0760e-03, 
 2DIAGNOSTIC,    18, -8.362968326160e-01, 5.135238386916e-03, 1.2796e+00, 5.9001e-03, 
 2DIAGNOSTIC,    19, -8.369561920961e-01, 3.151629561211e-03, 1.2861e+00, 6.5150e-03, 
 2DIAGNOSTIC,    20, -8.380219113812e-01, 1.944422576329e-03, 1.2936e+00, 7.4730e-03, 
 2DIAGNOSTIC,    21, -8.382415898558e-01, 1.038047550186e-03, 1.2995e+00, 5.8949e-03, 
 2DIAGNOSTIC,    22, -8.386418043809e-01, 4.541229721668e-04, 1.3063e+00, 6.7620e-03, 
 2DIAGNOSTIC,    23, -8.388263729475e-01, 3.061119802743e-04, 1.3141e+00, 7.8609e-03, 
 2DIAGNOSTIC,    24, -8.388758105404e-01, 2.324340302468e-04, 1.3201e+00, 5.9619e-03, 
 2DIAGNOSTIC,    25, -8.389234858165e-01, 1.679553924851e-04, 1.3264e+00, 6.3498e-03, 
 2DIAGNOSTIC,    26, -8.389681349963e-01, 1.100843127678e-04, 1.3323e+00, 5.8761e-03, 
 2DIAGNOSTIC,    27, -8.391270886097e-01, 7.983009601129e-05, 1.3433e+00, 1.0931e-02, 
 2DIAGNOSTIC,    28, -8.391275657977e-01, 5.271162680587e-05, 1.3501e+00, 6.8572e-03, 
 2DIAGNOSTIC,    29, -8.391295069541e-01, 3.121644156202e-05, 1.3567e+00, 6.5520e-03, 
 2DIAGNOSTIC,    30, -8.391323320517e-01, 2.196644002708e-05, 1.3633e+00, 6.6202e-03, 
 2DIAGNOSTIC,    31, -8.390082197079e-01, 1.245563589673e-05, 1.3697e+00, 6.4290e-03, 
 2DIAGNOSTIC,    32, -8.390128019574e-01, 7.234998414048e-06, 1.3763e+00, 6.6030e-03, 
 2DIAGNOSTIC,    33, -8.390181679097e-01, 3.905977053124e-06, 1.3822e+00, 5.8699e-03, 
 2DIAGNOSTIC,    34, -8.390244178905e-01, 1.128342735884e-06, 1.3883e+00, 6.0859e-03, 
DIAGNOSTIC,Iteration,metricValue,convergenceValue,ITERATION_TIME_INDEX,SINCE_LAST
 2DIAGNOSTIC,     1, -7.117972836421e-01, 1.797693134862e+308, 2.5689e+00, 1.1806e+00, 
 2DIAGNOSTIC,     2, -7.122750060428e-01, 1.797693134862e+308, 2.6159e+00, 4.7030e-02, 
 2DIAGNOSTIC,     3, -7.125880700637e-01, 1.797693134862e+308, 2.6636e+00, 4.7707e-02, 
 2DIAGNOSTIC,     4, -7.128363114739e-01, 1.797693134862e+308, 2.7151e+00, 5.1450e-02, 
 2DIAGNOSTIC,     5, -7.131288456317e-01, 1.797693134862e+308, 2.7619e+00, 4.6805e-02, 
 2DIAGNOSTIC,     6, -7.134483815061e-01, 1.797693134862e+308, 2.8151e+00, 5.3211e-02, 
 2DIAGNOSTIC,     7, -7.135119234263e-01, 1.797693134862e+308, 2.8792e+00, 6.4081e-02, 
 2DIAGNOSTIC,     8, -7.135770600084e-01, 1.797693134862e+308, 2.9624e+00, 8.3199e-02, 
 2DIAGNOSTIC,     9, -7.135775590863e-01, 1.797693134862e+308, 3.0119e+00, 4.9553e-02, 
 2DIAGNOSTIC,    10, -7.135788940604e-01, 1.619063237798e-04, 3.0736e+00, 6.1664e-02, 
 2DIAGNOSTIC,    11, -7.135914169089e-01, 1.087727908828e-04, 3.1338e+00, 6.0194e-02, 
 2DIAGNOSTIC,    12, -7.136016340342e-01, 7.107789243907e-05, 3.1935e+00, 5.9719e-02, 
 2DIAGNOSTIC,    13, -7.136272540840e-01, 4.339520630206e-05, 3.2524e+00, 5.8859e-02, 
 2DIAGNOSTIC,    14, -7.136468657783e-01, 2.345628552305e-05, 3.3119e+00, 5.9514e-02, 
 2DIAGNOSTIC,    15, -7.137765923889e-01, 1.526188587440e-05, 3.3777e+00, 6.5838e-02, 
 2DIAGNOSTIC,    16, -7.139842212946e-01, 1.990736554970e-05, 3.5523e+00, 1.7460e-01, 
 2DIAGNOSTIC,    17, -7.139842196068e-01, 2.369998782688e-05, 3.6138e+00, 6.1443e-02, 
 2DIAGNOSTIC,    18, -7.139842204538e-01, 2.659091719332e-05, 3.6686e+00, 5.4802e-02, 
 2DIAGNOSTIC,    19, -7.139842218859e-01, 2.694529176132e-05, 3.7204e+00, 5.1853e-02, 
 2DIAGNOSTIC,    20, -7.139842243067e-01, 2.488575485884e-05, 3.7719e+00, 5.1441e-02, 
 2DIAGNOSTIC,    21, -7.139842283981e-01, 2.102090839666e-05, 3.8214e+00, 4.9484e-02, 
 2DIAGNOSTIC,    22, -7.139842353105e-01, 1.588683283237e-05, 3.8795e+00, 5.8130e-02, 
 2DIAGNOSTIC,    23, -7.139842469815e-01, 1.036842749542e-05, 3.9305e+00, 5.0998e-02, 
 2DIAGNOSTIC,    24, -7.139842666601e-01, 4.773631542727e-06, 3.9793e+00, 4.8829e-02, 
 2DIAGNOSTIC,    25, -7.139842996687e-01, 1.275506779502e-06, 4.0288e+00, 4.9488e-02, 
 2DIAGNOSTIC,    26, -7.139843549585e-01, 1.227992026683e-06, 4.0773e+00, 4.8498e-02, 
 2DIAGNOSTIC,    27, -7.139844473235e-01, 1.184964234936e-06, 4.1263e+00, 4.9000e-02, 
 2DIAGNOSTIC,    28, -7.139845998797e-01, 1.146591129438e-06, 4.1733e+00, 4.6962e-02, 
 2DIAGNOSTIC,    29, -7.139848494557e-01, 1.113341567389e-06, 4.2207e+00, 4.7473e-02, 
 2DIAGNOSTIC,    30, -7.139852504008e-01, 1.086106094041e-06, 4.2694e+00, 4.8670e-02, 
 2DIAGNOSTIC,    31, -7.139858713349e-01, 1.066179460295e-06, 4.3169e+00, 4.7529e-02, 
 2DIAGNOSTIC,    32, -7.139867985850e-01, 1.055244648704e-06, 4.3663e+00, 4.9338e-02, 
 2DIAGNOSTIC,    33, -7.139881734367e-01, 1.055759490484e-06, 4.4201e+00, 5.3791e-02, 
 2DIAGNOSTIC,    34, -7.139900911177e-01, 1.069991492516e-06, 4.4693e+00, 4.9249e-02, 
 2DIAGNOSTIC,    35, -7.139928067771e-01, 1.101599090642e-06, 4.5182e+00, 4.8848e-02, 
 2DIAGNOSTIC,    36, -7.139963683103e-01, 1.152676995415e-06, 4.5716e+00, 5.3412e-02, 
 2DIAGNOSTIC,    37, -7.140012228045e-01, 1.228062265105e-06, 4.6239e+00, 5.2353e-02, 
 2DIAGNOSTIC,    38, -7.139908427339e-01, 1.156443601991e-06, 4.7128e+00, 8.8905e-02, 
DIAGNOSTIC,Iteration,metricValue,convergenceValue,ITERATION_TIME_INDEX,SINCE_LAST
 2DIAGNOSTIC,     1, -6.071162086661e-01, 1.797693134862e+308, 6.4944e+00, 1.7815e+00, 
 2DIAGNOSTIC,     2, -6.077748648295e-01, 1.797693134862e+308, 6.9217e+00, 4.2729e-01, 
 2DIAGNOSTIC,     3, -6.081733738688e-01, 1.797693134862e+308, 7.3184e+00, 3.9673e-01, 
 2DIAGNOSTIC,     4, -6.084947885742e-01, 1.797693134862e+308, 7.7048e+00, 3.8636e-01, 
 2DIAGNOSTIC,     5, -6.087791574366e-01, 1.797693134862e+308, 8.1439e+00, 4.3916e-01, 
 2DIAGNOSTIC,     6, -6.090096052997e-01, 1.797693134862e+308, 8.7420e+00, 5.9808e-01, 
 2DIAGNOSTIC,     7, -6.090159222578e-01, 1.797693134862e+308, 9.1758e+00, 4.3384e-01, 
 2DIAGNOSTIC,     8, -6.090295151425e-01, 1.797693134862e+308, 9.5595e+00, 3.8364e-01, 
 2DIAGNOSTIC,     9, -6.090560559460e-01, 1.797693134862e+308, 9.9401e+00, 3.8064e-01, 
 2DIAGNOSTIC,    10, -6.090789571304e-01, 1.883331130579e-04, 1.0319e+01, 3.7929e-01, 
 2DIAGNOSTIC,    11, -6.090995985541e-01, 1.144541560803e-04, 1.0793e+01, 4.7394e-01, 
 2DIAGNOSTIC,    12, -6.091011777011e-01, 6.843839270967e-05, 1.1221e+01, 4.2743e-01, 
 2DIAGNOSTIC,    13, -6.091007286433e-01, 3.779987623460e-05, 1.1649e+01, 4.2789e-01, 
 2DIAGNOSTIC,    14, -6.090998597831e-01, 1.883760682746e-05, 1.2031e+01, 3.8187e-01, 
 2DIAGNOSTIC,    15, -6.090991530312e-01, 9.509637043797e-06, 1.2413e+01, 3.8279e-01, 
 2DIAGNOSTIC,    16, -6.090998852111e-01, 7.415911672304e-06, 1.2841e+01, 4.2765e-01, 
 2DIAGNOSTIC,    17, -6.090993082373e-01, 5.231025315959e-06, 1.3235e+01, 3.9430e-01, 
 2DIAGNOSTIC,    18, -6.091000521966e-01, 3.347208827213e-06, 1.3616e+01, 3.8110e-01, 
 2DIAGNOSTIC,    19, -6.090982032545e-01, 2.112810885121e-06, 1.4043e+01, 4.2642e-01, 
 2DIAGNOSTIC,    20, -6.090943311165e-01, 1.393353055157e-06, 1.4638e+01, 5.9569e-01, 
 2DIAGNOSTIC,    21, -6.090943574960e-01, 1.220924517167e-06, 1.5018e+01, 3.7922e-01, 
 2DIAGNOSTIC,    22, -6.090943819787e-01, 1.123947730518e-06, 1.5442e+01, 4.2456e-01, 
 2DIAGNOSTIC,    23, -6.090944012726e-01, 1.056079091157e-06, 1.5867e+01, 4.2445e-01, 
 2DIAGNOSTIC,    24, -6.090944727913e-01, 1.010280971527e-06, 1.6392e+01, 5.2532e-01, 
DIAGNOSTIC,Iteration,metricValue,convergenceValue,ITERATION_TIME_INDEX,SINCE_LAST
 2DIAGNOSTIC,     1, -5.405387141838e-01, 1.797693134862e+308, 2.0290e+01, 3.8978e+00, 
 2DIAGNOSTIC,     2, -5.408469680693e-01, 1.797693134862e+308, 2.3079e+01, 2.7890e+00, 
 2DIAGNOSTIC,     3, -5.411143122587e-01, 1.797693134862e+308, 2.5837e+01, 2.7581e+00, 
 2DIAGNOSTIC,     4, -5.413411823850e-01, 1.797693134862e+308, 2.8859e+01, 3.0222e+00, 
 2DIAGNOSTIC,     5, -5.415102946509e-01, 1.797693134862e+308, 3.2191e+01, 3.3316e+00, 
 2DIAGNOSTIC,     6, -5.415170871168e-01, 1.797693134862e+308, 3.6276e+01, 4.0850e+00, 
 2DIAGNOSTIC,     7, -5.415176913396e-01, 1.797693134862e+308, 3.9197e+01, 2.9213e+00, 
 2DIAGNOSTIC,     8, -5.415193607945e-01, 1.797693134862e+308, 4.2156e+01, 2.9593e+00, 
 2DIAGNOSTIC,     9, -5.415209443943e-01, 1.797693134862e+308, 4.5128e+01, 2.9719e+00, 
 2DIAGNOSTIC,    10, -5.415231795933e-01, 1.051035273362e-04, 4.8011e+01, 2.8831e+00, 
 2DIAGNOSTIC,    11, -5.415250653082e-01, 5.853830700737e-05, 5.1216e+01, 3.2047e+00, 
 2DIAGNOSTIC,    12, -5.415290671303e-01, 2.831216187019e-05, 5.5235e+01, 4.0187e+00, 
 2DIAGNOSTIC,    13, -5.415287123359e-01, 1.102361235701e-05, 5.8013e+01, 2.7780e+00, 
 2DIAGNOSTIC,    14, -5.415292619976e-01, 3.778162681711e-06, 6.1405e+01, 3.3921e+00, 
 2DIAGNOSTIC,    15, -5.415295570339e-01, 3.284867364520e-06, 6.4241e+01, 2.8359e+00, 
 2DIAGNOSTIC,    16, -5.415300805128e-01, 2.985465699643e-06, 6.7314e+01, 3.0730e+00, 
 2DIAGNOSTIC,    17, -5.415306291696e-01, 2.663030576576e-06, 7.0314e+01, 3.0000e+00, 
 2DIAGNOSTIC,    18, -5.415311889845e-01, 2.368237134134e-06, 7.3145e+01, 2.8306e+00, 
 2DIAGNOSTIC,    19, -5.415335660919e-01, 2.158640706434e-06, 7.5900e+01, 2.7556e+00, 
 2DIAGNOSTIC,    20, -5.415362683923e-01, 2.052707096724e-06, 7.8643e+01, 2.7424e+00, 
 2DIAGNOSTIC,    21, -5.415400791465e-01, 2.052189767315e-06, 8.1433e+01, 2.7901e+00, 
 2DIAGNOSTIC,    22, -5.415512928274e-01, 2.363905755830e-06, 8.4195e+01, 2.7629e+00, 
 2DIAGNOSTIC,    23, -5.415639952478e-01, 2.838625981071e-06, 8.9496e+01, 5.3008e+00, 
 2DIAGNOSTIC,    24, -5.415651673464e-01, 3.170388395132e-06, 9.3555e+01, 4.0586e+00, 
 2DIAGNOSTIC,    25, -5.415651050478e-01, 3.312187482389e-06, 9.6962e+01, 3.4072e+00, 
 2DIAGNOSTIC,    26, -5.415650557186e-01, 3.263575317700e-06, 1.0001e+02, 3.0496e+00, 
 2DIAGNOSTIC,    27, -5.415649735576e-01, 3.032097825338e-06, 1.0334e+02, 3.3293e+00, 
 2DIAGNOSTIC,    28, -5.415649001165e-01, 2.647055073746e-06, 1.0643e+02, 3.0927e+00, 
 2DIAGNOSTIC,    29, -5.415647129291e-01, 2.187058473775e-06, 1.0917e+02, 2.7404e+00, 
 2DIAGNOSTIC,    30, -5.415647092497e-01, 1.705969228626e-06, 1.1196e+02, 2.7909e+00, 
 2DIAGNOSTIC,    31, -5.415647742013e-01, 1.257888570166e-06, 1.1527e+02, 3.3016e+00, 
  Elapsed time (stage 0): 1.1700e+02


Total elapsed time: 1.1700e+02
VFC_BACKENDS=libinterflop_ieee.so
Info [verificarlo]: loaded backend libinterflop_ieee.so
Info [interflop-ieee]: load backend with:
Info [interflop-ieee]: debug = false
Info [interflop-ieee]: debug-binary = false
Info [interflop-ieee]: no-backend-name = false
Info [interflop-ieee]: print-new-line = false
Info [interflop-ieee]: print-subnormal-normalized = false
Info [interflop-ieee]: count-op = false
All_Command_lines_OK
Using double precision for computations.
=============================================================================
The composite transform comprises the following transforms (in order): 
  1. /project/rrg-glatard/mdugre/datasets/corr/RawDataBIDS/BMB_1/derivatives/vprec-space_search/0100/r8-p18/sub-0003013/affine_Composite.h5[0] (type = Euler3DTransform)
  2. /project/rrg-glatard/mdugre/datasets/corr/RawDataBIDS/BMB_1/derivatives/vprec-space_search/0100/r8-p18/sub-0003013/affine_Composite.h5[1] (type = Euler3DTransform)
  3. /project/rrg-glatard/mdugre/datasets/corr/RawDataBIDS/BMB_1/derivatives/vprec-space_search/0100/r8-p18/sub-0003013/affine_Composite.h5[2] (type = Euler3DTransform)
  4. /project/rrg-glatard/mdugre/datasets/corr/RawDataBIDS/BMB_1/derivatives/vprec-space_search/0100/r8-p18/sub-0003013/affine_Composite.h5[3] (type = AffineTransform)
=============================================================================
  number of levels = 4
  fixed image: /templateflow/tpl-MNI152NLin2009cAsym/tpl-MNI152NLin2009cAsym_res-01_desc-brain_T1w.nii.gz
  moving image: /project/rrg-glatard/mdugre/datasets/corr/RawDataBIDS/BMB_1/derivatives/antsBrainExtraction/sub-0003013/BrainExtractionBrain.nii.gz
Dimension = 3
Number of stages = 1
Use histogram matching = false
Winsorize image intensities = true
  Lower quantile = 0.005
  Upper quantile = 0.995


Stage 1 State
   Image metric = CC
     Fixed image = Image (0x4bdd810)
  RTTI typeinfo:   itk::Image<double, 3u>
  Reference Count: 2
  Modified Time: 1608
  Debug: Off
  Object Name: 
  Observers: 
    none
  Source: (none)
  Source output name: (none)
  Release Data: Off
  Data Released: False
  Global Release Data: Off
  PipelineMTime: 0
  UpdateMTime: 1217
  RealTimeStamp: 0 seconds 
  LargestPossibleRegion: 
    Dimension: 3
    Index: [0, 0, 0]
    Size: [193, 229, 193]
  BufferedRegion: 
    Dimension: 3
    Index: [0, 0, 0]
    Size: [193, 229, 193]
  RequestedRegion: 
    Dimension: 3
    Index: [0, 0, 0]
    Size: [193, 229, 193]
  Spacing: [1, 1, 1]
  Origin: [96, 132, -78]
  Direction: 
-1 0 0
0 -1 0
0 0 1

  IndexToPointMatrix: 
-1 0 0
0 -1 0
0 0 1

  PointToIndexMatrix: 
-1 0 0
0 -1 0
0 0 1

  Inverse Direction: 
-1 0 0
0 -1 0
0 0 1

  PixelContainer: 
    ImportImageContainer (0x4beaa70)
      RTTI typeinfo:   itk::ImportImageContainer<unsigned long, double>
      Reference Count: 1
      Modified Time: 1214
      Debug: Off
      Object Name: 
      Observers: 
        none
      Pointer: 0x150e527c2010
      Container manages memory: true
      Size: 8530021
      Capacity: 8530021

     Moving image = Image (0x4bef870)
  RTTI typeinfo:   itk::Image<double, 3u>
  Reference Count: 2
  Modified Time: 1609
  Debug: Off
  Object Name: 
  Observers: 
    none
  Source: (none)
  Source output name: (none)
  Release Data: Off
  Data Released: False
  Global Release Data: Off
  PipelineMTime: 0
  UpdateMTime: 1606
  RealTimeStamp: 0 seconds 
  LargestPossibleRegion: 
    Dimension: 3
    Index: [0, 0, 0]
    Size: [176, 256, 256]
  BufferedRegion: 
    Dimension: 3
    Index: [0, 0, 0]
    Size: [176, 256, 256]
  RequestedRegion: 
    Dimension: 3
    Index: [0, 0, 0]
    Size: [176, 256, 256]
  Spacing: [1, 1, 1]
  Origin: [-95.2239, 100.87, -126.398]
  Direction: 
1 0 0
0 -1 0
0 0 1

  IndexToPointMatrix: 
1 0 0
0 -1 0
0 0 1

  PointToIndexMatrix: 
1 0 0
0 -1 0
0 0 1

  Inverse Direction: 
1 0 0
0 -1 0
0 0 1

  PixelContainer: 
    ImportImageContainer (0x4c50490)
      RTTI typeinfo:   itk::ImportImageContainer<unsigned long, double>
      Reference Count: 1
      Modified Time: 1603
      Debug: Off
      Object Name: 
      Observers: 
        none
      Pointer: 0x150e4cfc1010
      Container manages memory: true
      Size: 11534336
      Capacity: 11534336

     Weighting = 1
     Sampling strategy = none
     Number of bins = 32
     Radius = 4
     Sampling percentage  = 1
   Transform = SyN
     Gradient step = 0.1
     Update field sigma (voxel space) = 3
     Total field sigma (voxel space) = 0
     Update field time sigma = 0
     Total field time sigma  = 0
     Number of time indices = 0
     Number of time point samples = 0
Registration using 1 total stages.

Stage 0
  iterations = 100x70x50x20
  convergence threshold = 1e-06
  convergence window size = 10
  number of levels = 4
  using the CC metric (radius = 4, weight = 1, use gradient filter = 0)
  preprocessing:  winsorizing the image intensities
  Shrink factors (level 1 out of 4): [8, 8, 8]
  Shrink factors (level 2 out of 4): [4, 4, 4]
  Shrink factors (level 3 out of 4): [2, 2, 2]
  Shrink factors (level 4 out of 4): [1, 1, 1]
  smoothing sigmas per level: [3, 2, 1, 0]
  Using default NONE metricSamplingStrategy 

*** Running SyN registration (varianceForUpdateField = 3, varianceForTotalField = 0) ***

XXDIAGNOSTIC,Iteration,metricValue,convergenceValue,ITERATION_TIME_INDEX,SINCE_LAST
 1DIAGNOSTIC,     1, -9.234014257670e-01, 1.797693134862e+308, 2.6987e+00, 2.6987e+00, 
 1DIAGNOSTIC,     2, -9.330435985637e-01, 1.797693134862e+308, 3.0438e+00, 3.4507e-01, 
 1DIAGNOSTIC,     3, -9.401628368829e-01, 1.797693134862e+308, 3.3833e+00, 3.3955e-01, 
 1DIAGNOSTIC,     4, -9.453363879052e-01, 1.797693134862e+308, 3.7111e+00, 3.2781e-01, 
 1DIAGNOSTIC,     5, -9.490098470452e-01, 1.797693134862e+308, 4.0512e+00, 3.4005e-01, 
 1DIAGNOSTIC,     6, -9.527546452360e-01, 1.797693134862e+308, 4.3825e+00, 3.3136e-01, 
 1DIAGNOSTIC,     7, -9.567810583098e-01, 1.797693134862e+308, 4.7178e+00, 3.3524e-01, 
 1DIAGNOSTIC,     8, -9.606767933684e-01, 1.797693134862e+308, 5.0575e+00, 3.3971e-01, 
 1DIAGNOSTIC,     9, -9.642519043880e-01, 1.797693134862e+308, 5.4031e+00, 3.4559e-01, 
 1DIAGNOSTIC,    10, -9.674337169265e-01, 2.747445294169e-03, 5.7314e+00, 3.2832e-01, 
 1DIAGNOSTIC,    11, -9.695906848362e-01, 2.169666039645e-03, 6.0597e+00, 3.2832e-01, 
 1DIAGNOSTIC,    12, -9.699369038536e-01, 1.740626369867e-03, 6.3873e+00, 3.2761e-01, 
 1DIAGNOSTIC,    13, -9.713481350264e-01, 1.415723509475e-03, 6.7140e+00, 3.2669e-01, 
 1DIAGNOSTIC,    14, -9.716511931257e-01, 1.124410545779e-03, 7.0409e+00, 3.2694e-01, 
 1DIAGNOSTIC,    15, -9.721519253268e-01, 8.517694461194e-04, 7.3669e+00, 3.2593e-01, 
 1DIAGNOSTIC,    16, -9.722035792616e-01, 6.054473989188e-04, 7.6940e+00, 3.2716e-01, 
 1DIAGNOSTIC,    17, -9.725805910675e-01, 4.093660785675e-04, 8.0219e+00, 3.2783e-01, 
 1DIAGNOSTIC,    18, -9.727119686253e-01, 2.631142638148e-04, 8.3491e+00, 3.2725e-01, 
 1DIAGNOSTIC,    19, -9.727472361598e-01, 1.634324861951e-04, 8.6760e+00, 3.2688e-01, 
 1DIAGNOSTIC,    20, -9.729411629060e-01, 1.082095894483e-04, 9.0031e+00, 3.2709e-01, 
 1DIAGNOSTIC,    21, -9.729325521312e-01, 7.870649479277e-05, 9.3293e+00, 3.2627e-01, 
 1DIAGNOSTIC,    22, -9.731552508813e-01, 5.192015478329e-05, 9.6871e+00, 3.5777e-01, 
 1DIAGNOSTIC,    23, -9.731149770277e-01, 4.026406179095e-05, 1.0015e+01, 3.2777e-01, 
 1DIAGNOSTIC,    24, -9.733600510567e-01, 3.262066199659e-05, 1.0343e+01, 3.2771e-01, 
 1DIAGNOSTIC,    25, -9.732997734450e-01, 2.783472381426e-05, 1.0668e+01, 3.2568e-01, 
 1DIAGNOSTIC,    26, -9.735333323598e-01, 2.409160556346e-05, 1.0996e+01, 3.2814e-01, 
 1DIAGNOSTIC,    27, -9.734554228531e-01, 2.166501492767e-05, 1.1324e+01, 3.2742e-01, 
 1DIAGNOSTIC,    28, -9.736811546951e-01, 2.128586001686e-05, 1.1670e+01, 3.4666e-01, 
 1DIAGNOSTIC,    29, -9.735861023089e-01, 1.832917971069e-05, 1.1996e+01, 3.2557e-01, 
 1DIAGNOSTIC,    30, -9.738152253413e-01, 1.815280373078e-05, 1.2324e+01, 3.2798e-01, 
 1DIAGNOSTIC,    31, -9.737057483262e-01, 1.515171698078e-05, 1.2653e+01, 3.2878e-01, 
 1DIAGNOSTIC,    32, -9.739356498931e-01, 1.523119120606e-05, 1.2985e+01, 3.3195e-01, 
 1DIAGNOSTIC,    33, -9.738138959805e-01, 1.241114834578e-05, 1.3315e+01, 3.3009e-01, 
 1DIAGNOSTIC,    34, -9.740434733453e-01, 1.284632048048e-05, 1.3647e+01, 3.3182e-01, 
 1DIAGNOSTIC,    35, -9.739137599620e-01, 1.043360435938e-05, 1.3980e+01, 3.3337e-01, 
 1DIAGNOSTIC,    36, -9.741378823053e-01, 1.105557812053e-05, 1.4313e+01, 3.3318e-01, 
 1DIAGNOSTIC,    37, -9.740048960860e-01, 8.912147785107e-06, 1.4647e+01, 3.3349e-01, 
 1DIAGNOSTIC,    38, -9.742240588108e-01, 9.623151515318e-06, 1.4977e+01, 3.3006e-01, 
 1DIAGNOSTIC,    39, -9.740844523526e-01, 7.607329587777e-06, 1.5307e+01, 3.3038e-01, 
 1DIAGNOSTIC,    40, -9.742954786111e-01, 8.344769663826e-06, 1.5639e+01, 3.3161e-01, 
 1DIAGNOSTIC,    41, -9.741528675403e-01, 6.439100642675e-06, 1.5967e+01, 3.2834e-01, 
 1DIAGNOSTIC,    42, -9.743626320479e-01, 7.223218940599e-06, 1.6293e+01, 3.2611e-01, 
 1DIAGNOSTIC,    43, -9.742139535588e-01, 5.428151564058e-06, 1.6621e+01, 3.2814e-01, 
 1DIAGNOSTIC,    44, -9.744239655001e-01, 6.264556515614e-06, 1.6949e+01, 3.2788e-01, 
 1DIAGNOSTIC,    45, -9.742730218102e-01, 4.628886124645e-06, 1.7277e+01, 3.2764e-01, 
 1DIAGNOSTIC,    46, -9.744736822773e-01, 5.461183188085e-06, 1.7604e+01, 3.2730e-01, 
 1DIAGNOSTIC,    47, -9.743205161217e-01, 3.945218056307e-06, 1.7934e+01, 3.2937e-01, 
 1DIAGNOSTIC,    48, -9.745128000024e-01, 4.754058850406e-06, 1.8262e+01, 3.2799e-01, 
 1DIAGNOSTIC,    49, -9.743555552772e-01, 3.295355495113e-06, 1.8592e+01, 3.3063e-01, 
 1DIAGNOSTIC,    50, -9.745474091577e-01, 4.062229144904e-06, 1.8926e+01, 3.3396e-01, 
 1DIAGNOSTIC,    51, -9.743891346936e-01, 2.677268481400e-06, 1.9256e+01, 3.2976e-01, 
 1DIAGNOSTIC,    52, -9.745786088628e-01, 3.456352168633e-06, 1.9586e+01, 3.2977e-01, 
 1DIAGNOSTIC,    53, -9.744211280866e-01, 2.178826124802e-06, 1.9916e+01, 3.2994e-01, 
 1DIAGNOSTIC,    54, -9.745993963975e-01, 2.959045440221e-06, 2.0241e+01, 3.2581e-01, 
 1DIAGNOSTIC,    55, -9.744424601781e-01, 1.786286694439e-06, 2.0570e+01, 3.2816e-01, 
 1DIAGNOSTIC,    56, -9.746081156847e-01, 2.507544687492e-06, 2.0906e+01, 3.3605e-01, 
 1DIAGNOSTIC,    57, -9.744525984111e-01, 1.377947301998e-06, 2.1241e+01, 3.3578e-01, 
 1DIAGNOSTIC,    58, -9.746125397165e-01, 2.036924412592e-06, 2.1578e+01, 3.3701e-01, 
 1DIAGNOSTIC,    59, -9.744591682463e-01, 9.381195964081e-07, 2.1932e+01, 3.5375e-01, 
XXDIAGNOSTIC,Iteration,metricValue,convergenceValue,ITERATION_TIME_INDEX,SINCE_LAST
 1DIAGNOSTIC,     1, -9.119788820107e-01, 1.797693134862e+308, 2.5957e+01, 4.0249e+00, 
 1DIAGNOSTIC,     2, -9.144652026751e-01, 1.797693134862e+308, 2.8975e+01, 3.0178e+00, 
 1DIAGNOSTIC,     3, -9.178264593792e-01, 1.797693134862e+308, 3.1803e+01, 2.8278e+00, 
 1DIAGNOSTIC,     4, -9.207462786480e-01, 1.797693134862e+308, 3.4765e+01, 2.9624e+00, 
 1DIAGNOSTIC,     5, -9.232268167114e-01, 1.797693134862e+308, 3.7611e+01, 2.8461e+00, 
 1DIAGNOSTIC,     6, -9.253307404810e-01, 1.797693134862e+308, 4.0456e+01, 2.8451e+00, 
 1DIAGNOSTIC,     7, -9.271531166482e-01, 1.797693134862e+308, 4.3295e+01, 2.8387e+00, 
 1DIAGNOSTIC,     8, -9.287890141656e-01, 1.797693134862e+308, 4.6159e+01, 2.8641e+00, 
 1DIAGNOSTIC,     9, -9.302895195712e-01, 1.797693134862e+308, 4.9012e+01, 2.8526e+00, 
 1DIAGNOSTIC,    10, -9.317211166072e-01, 1.376338483021e-03, 5.1861e+01, 2.8493e+00, 
 1DIAGNOSTIC,    11, -9.331361421034e-01, 1.132716119650e-03, 5.4757e+01, 2.8956e+00, 
 1DIAGNOSTIC,    12, -9.343744157898e-01, 9.224773883440e-04, 5.7625e+01, 2.8687e+00, 
 1DIAGNOSTIC,    13, -9.354432981290e-01, 7.651766526158e-04, 6.0530e+01, 2.9052e+00, 
 1DIAGNOSTIC,    14, -9.361973955491e-01, 6.408145187721e-04, 6.3630e+01, 3.0998e+00, 
 1DIAGNOSTIC,    15, -9.368752178079e-01, 5.387416791330e-04, 6.6498e+01, 2.8683e+00, 
 1DIAGNOSTIC,    16, -9.374999156787e-01, 4.519330848527e-04, 6.9378e+01, 2.8791e+00, 
 1DIAGNOSTIC,    17, -9.380821962830e-01, 3.767342587305e-04, 7.2272e+01, 2.8941e+00, 
 1DIAGNOSTIC,    18, -9.386420301348e-01, 3.122274009948e-04, 7.5151e+01, 2.8789e+00, 
 1DIAGNOSTIC,    19, -9.391711694321e-01, 2.581280581140e-04, 7.8056e+01, 2.9053e+00, 
 1DIAGNOSTIC,    20, -9.396651019290e-01, 2.147284313852e-04, 8.0956e+01, 2.8999e+00, 
 1DIAGNOSTIC,    21, -9.401277047070e-01, 1.826115092715e-04, 8.3861e+01, 2.9053e+00, 
 1DIAGNOSTIC,    22, -9.405638592854e-01, 1.594504657478e-04, 8.6790e+01, 2.9289e+00, 
 1DIAGNOSTIC,    23, -9.409549266100e-01, 1.427058700599e-04, 8.9686e+01, 2.8959e+00, 
 1DIAGNOSTIC,    24, -9.413106508172e-01, 1.280580697163e-04, 9.2546e+01, 2.8603e+00, 
 1DIAGNOSTIC,    25, -9.415021395691e-01, 1.131510354059e-04, 9.5488e+01, 2.9420e+00, 
 1DIAGNOSTIC,    26, -9.418047381169e-01, 9.966522358139e-05, 9.8356e+01, 2.8675e+00, 
 1DIAGNOSTIC,    27, -9.419530324519e-01, 8.601888591829e-05, 1.0134e+02, 2.9858e+00, 
 1DIAGNOSTIC,    28, -9.422234283234e-01, 7.429203148786e-05, 1.0426e+02, 2.9221e+00, 
 1DIAGNOSTIC,    29, -9.423438067826e-01, 6.318178060450e-05, 1.0721e+02, 2.9474e+00, 
 1DIAGNOSTIC,    30, -9.424539915286e-01, 5.302783416408e-05, 1.1027e+02, 3.0610e+00, 
 1DIAGNOSTIC,    31, -9.425628963713e-01, 4.417115339535e-05, 1.1321e+02, 2.9422e+00, 
 1DIAGNOSTIC,    32, -9.426669320424e-01, 3.684211113318e-05, 1.1611e+02, 2.9001e+00, 
 1DIAGNOSTIC,    33, -9.427639389128e-01, 3.098242930167e-05, 1.1902e+02, 2.9091e+00, 
 1DIAGNOSTIC,    34, -9.428580831431e-01, 2.662064887275e-05, 1.2193e+02, 2.9023e+00, 
 1DIAGNOSTIC,    35, -9.429510175397e-01, 2.249694859600e-05, 1.2482e+02, 2.8973e+00, 
 1DIAGNOSTIC,    36, -9.430386719903e-01, 1.983258777534e-05, 1.2793e+02, 3.1074e+00, 
 1DIAGNOSTIC,    37, -9.431159390867e-01, 1.730640933917e-05, 1.3083e+02, 2.9040e+00, 
 1DIAGNOSTIC,    38, -9.431860160668e-01, 1.605111503244e-05, 1.3385e+02, 3.0165e+00, 
 1DIAGNOSTIC,    39, -9.432446767963e-01, 1.478925600892e-05, 1.3693e+02, 3.0830e+00, 
 1DIAGNOSTIC,    40, -9.432994189777e-01, 1.349488777654e-05, 1.3985e+02, 2.9156e+00, 
 1DIAGNOSTIC,    41, -9.433450402484e-01, 1.218135989030e-05, 1.4274e+02, 2.8908e+00, 
 1DIAGNOSTIC,    42, -9.433916058068e-01, 1.091830962267e-05, 1.4564e+02, 2.9021e+00, 
 1DIAGNOSTIC,    43, -9.434276679412e-01, 9.671114879293e-06, 1.4855e+02, 2.9039e+00, 
 1DIAGNOSTIC,    44, -9.434629676781e-01, 8.509829385120e-06, 1.5145e+02, 2.9048e+00, 
 1DIAGNOSTIC,    45, -9.433667243632e-01, 6.623520743591e-06, 1.5457e+02, 3.1225e+00, 
 1DIAGNOSTIC,    46, -9.432325596043e-01, 3.962070320700e-06, 1.5771e+02, 3.1335e+00, 
 1DIAGNOSTIC,    47, -9.430063293245e-01, 1.522092799890e-07, 1.6063e+02, 2.9231e+00, 
XXDIAGNOSTIC,Iteration,metricValue,convergenceValue,ITERATION_TIME_INDEX,SINCE_LAST
 1DIAGNOSTIC,     1, -8.982430855123e-01, 1.797693134862e+308, 1.8581e+02, 2.5182e+01, 
 1DIAGNOSTIC,     2, -9.005040585877e-01, 1.797693134862e+308, 2.0930e+02, 2.3487e+01, 
 1DIAGNOSTIC,     3, -9.033712565485e-01, 1.797693134862e+308, 2.3279e+02, 2.3489e+01, 
 1DIAGNOSTIC,     4, -9.060200431622e-01, 1.797693134862e+308, 2.5671e+02, 2.3925e+01, 
 1DIAGNOSTIC,     5, -9.086193037901e-01, 1.797693134862e+308, 2.8040e+02, 2.3684e+01, 
 1DIAGNOSTIC,     6, -9.106677668625e-01, 1.797693134862e+308, 3.0448e+02, 2.4082e+01, 
 1DIAGNOSTIC,     7, -9.124919961715e-01, 1.797693134862e+308, 3.2843e+02, 2.3948e+01, 
 1DIAGNOSTIC,     8, -9.141242668405e-01, 1.797693134862e+308, 3.5289e+02, 2.4459e+01, 
 1DIAGNOSTIC,     9, -9.154357723898e-01, 1.797693134862e+308, 3.7768e+02, 2.4794e+01, 
 1DIAGNOSTIC,    10, -9.167514023481e-01, 1.331372625161e-03, 4.0236e+02, 2.4682e+01, 
 1DIAGNOSTIC,    11, -9.179520413437e-01, 1.100034714172e-03, 4.2647e+02, 2.4106e+01, 
 1DIAGNOSTIC,    12, -9.189400530137e-01, 8.924569759198e-04, 4.5068e+02, 2.4208e+01, 
 1DIAGNOSTIC,    13, -9.198326614984e-01, 7.259651555814e-04, 4.7488e+02, 2.4205e+01, 
 1DIAGNOSTIC,    14, -9.205720053877e-01, 5.921628217474e-04, 4.9948e+02, 2.4596e+01, 
 1DIAGNOSTIC,    15, -9.213803257742e-01, 4.925408993656e-04, 5.2376e+02, 2.4285e+01, 
 1DIAGNOSTIC,    16, -9.220002665647e-01, 4.116738265365e-04, 5.4931e+02, 2.5550e+01, 
 1DIAGNOSTIC,    17, -9.225489026593e-01, 3.455829868433e-04, 5.7352e+02, 2.4203e+01, 
 1DIAGNOSTIC,    18, -9.230442551764e-01, 2.915924279966e-04, 5.9768e+02, 2.4165e+01, 
 1DIAGNOSTIC,    19, -9.234932013197e-01, 2.449014967323e-04, 6.2196e+02, 2.4281e+01, 
 1DIAGNOSTIC,    20, -9.239048712447e-01, 2.067730656535e-04, 6.4682e+02, 2.4861e+01, 
 1DIAGNOSTIC,    21, -9.242861748170e-01, 1.763033734206e-04, 6.7087e+02, 2.4047e+01, 
 1DIAGNOSTIC,    22, -9.246393201162e-01, 1.510132955181e-04, 6.9494e+02, 2.4075e+01, 
 1DIAGNOSTIC,    23, -9.249724027918e-01, 1.303186987360e-04, 7.1915e+02, 2.4210e+01, 
 1DIAGNOSTIC,    24, -9.252878189897e-01, 1.126919683123e-04, 7.4318e+02, 2.4023e+01, 
 1DIAGNOSTIC,    25, -9.255900215969e-01, 9.964833855216e-05, 7.6796e+02, 2.4785e+01, 
 1DIAGNOSTIC,    26, -9.258827725396e-01, 8.911074701630e-05, 7.9279e+02, 2.4826e+01, 
 1DIAGNOSTIC,    27, -9.261646030987e-01, 8.049320810576e-05, 8.1728e+02, 2.4492e+01, 
 1DIAGNOSTIC,    28, -9.264360159947e-01, 7.339234516918e-05, 8.4188e+02, 2.4606e+01, 
 1DIAGNOSTIC,    29, -9.267032931085e-01, 6.751444812521e-05, 8.6735e+02, 2.5467e+01, 
 1DIAGNOSTIC,    30, -9.269668553598e-01, 6.263131858883e-05, 8.9162e+02, 2.4271e+01, 
 1DIAGNOSTIC,    31, -9.272273561739e-01, 5.856378746567e-05, 9.1664e+02, 2.5012e+01, 
 1DIAGNOSTIC,    32, -9.274849365153e-01, 5.513040496664e-05, 9.4049e+02, 2.3857e+01, 
 1DIAGNOSTIC,    33, -9.277442000763e-01, 5.225525253826e-05, 9.6480e+02, 2.4309e+01, 
 1DIAGNOSTIC,    34, -9.280025069328e-01, 4.983303698120e-05, 9.8924e+02, 2.4434e+01, 
 1DIAGNOSTIC,    35, -9.282620693277e-01, 4.780240355935e-05, 1.0133e+03, 2.4059e+01, 
 1DIAGNOSTIC,    36, -9.285212888804e-01, 4.610444090918e-05, 1.0376e+03, 2.4264e+01, 
 1DIAGNOSTIC,    37, -9.287824166847e-01, 4.467294379169e-05, 1.0618e+03, 2.4288e+01, 
 1DIAGNOSTIC,    38, -9.290421200548e-01, 4.340687442814e-05, 1.0859e+03, 2.4040e+01, 
 1DIAGNOSTIC,    39, -9.292902103306e-01, 4.217708461126e-05, 1.1099e+03, 2.4034e+01, 
 1DIAGNOSTIC,    40, -9.295308772789e-01, 4.090827841190e-05, 1.1361e+03, 2.6154e+01, 
 1DIAGNOSTIC,    41, -9.297648544601e-01, 3.955052888772e-05, 1.1599e+03, 2.3820e+01, 
 1DIAGNOSTIC,    42, -9.299879214194e-01, 3.804109991657e-05, 1.1837e+03, 2.3767e+01, 
 1DIAGNOSTIC,    43, -9.301926766637e-01, 3.632637341668e-05, 1.2074e+03, 2.3737e+01, 
 1DIAGNOSTIC,    44, -9.303756385307e-01, 3.434320417935e-05, 1.2312e+03, 2.3776e+01, 
 1DIAGNOSTIC,    45, -9.305430980837e-01, 3.212501333971e-05, 1.2551e+03, 2.3925e+01, 
 1DIAGNOSTIC,    46, -9.306975733584e-01, 2.973523904862e-05, 1.2791e+03, 2.4029e+01, 
 1DIAGNOSTIC,    47, -9.308408459335e-01, 2.728458783390e-05, 1.3033e+03, 2.4141e+01, 
 1DIAGNOSTIC,    48, -9.309720835702e-01, 2.486716296327e-05, 1.3279e+03, 2.4599e+01, 
 1DIAGNOSTIC,    49, -9.310945877929e-01, 2.253250540880e-05, 1.3520e+03, 2.4085e+01, 
 1DIAGNOSTIC,    50, -9.312102330569e-01, 2.036282219557e-05, 1.3766e+03, 2.4616e+01, 
XXDIAGNOSTIC,Iteration,metricValue,convergenceValue,ITERATION_TIME_INDEX,SINCE_LAST
 1DIAGNOSTIC,     1, -8.897761719347e-01, 1.797693134862e+308, 1.6090e+03, 2.3241e+02, 
 1DIAGNOSTIC,     2, -8.908231523896e-01, 1.797693134862e+308, 1.8348e+03, 2.2586e+02, 
 1DIAGNOSTIC,     3, -8.921690363837e-01, 1.797693134862e+308, 2.0605e+03, 2.2567e+02, 
 1DIAGNOSTIC,     4, -8.934489437258e-01, 1.797693134862e+308, 2.2848e+03, 2.2433e+02, 
 1DIAGNOSTIC,     5, -8.946629172003e-01, 1.797693134862e+308, 2.5073e+03, 2.2241e+02, 
 1DIAGNOSTIC,     6, -8.959255417511e-01, 1.797693134862e+308, 2.7329e+03, 2.2564e+02, 
 1DIAGNOSTIC,     7, -8.972097190810e-01, 1.797693134862e+308, 2.9608e+03, 2.2790e+02, 
 1DIAGNOSTIC,     8, -8.984978278311e-01, 1.797693134862e+308, 3.1877e+03, 2.2686e+02, 
 1DIAGNOSTIC,     9, -8.996561823353e-01, 1.797693134862e+308, 3.4116e+03, 2.2390e+02, 
 1DIAGNOSTIC,    10, -9.007427668403e-01, 7.996943023713e-04, 3.6370e+03, 2.2541e+02, 
 1DIAGNOSTIC,    11, -9.018268401924e-01, 7.196926817244e-04, 3.8654e+03, 2.2838e+02, 
 1DIAGNOSTIC,    12, -9.028619474787e-01, 6.429319770479e-04, 4.0910e+03, 2.2568e+02, 
 1DIAGNOSTIC,    13, -9.036946684896e-01, 5.725779655076e-04, 4.3203e+03, 2.2922e+02, 
 1DIAGNOSTIC,    14, -9.045526594018e-01, 5.084403654780e-04, 4.5468e+03, 2.2657e+02, 
 1DIAGNOSTIC,    15, -9.053487250852e-01, 4.486052270278e-04, 4.7745e+03, 2.2767e+02, 
 1DIAGNOSTIC,    16, -9.061130463838e-01, 3.948896988090e-04, 4.9994e+03, 2.2489e+02, 
 1DIAGNOSTIC,    17, -9.067494877231e-01, 3.465678977479e-04, 5.2246e+03, 2.2521e+02, 
 1DIAGNOSTIC,    18, -9.073381995959e-01, 3.044208604788e-04, 5.4524e+03, 2.2783e+02, 
 1DIAGNOSTIC,    19, -9.079051139941e-01, 2.670747840484e-04, 5.6859e+03, 2.3345e+02, 
 1DIAGNOSTIC,    20, -9.084272571711e-01, 2.338603309988e-04, 5.9190e+03, 2.3313e+02, 
  Elapsed time (stage 0): 5920.88


Total elapsed time: 5920.88
