
##########################
# Experiment information #
##########################
SIF_IMG: /project/rrg-glatard/mdugre/containers/ants-p2-vprec.sif
EXPERIMENT_NAME: vprec-space_search
CONFIG: 0100
VFC_BACKENDS: libinterflop_vprec.so --range-binary32=8 --precision-binary32=15 --range-binary64=8 --precision-binary64=15

FIXED_IMG: /templateflow/tpl-MNI152NLin2009cAsym/tpl-MNI152NLin2009cAsym_res-01_desc-brain_T1w.nii.gz
SUBJECT_ID: 0003024
INPUT_IMG: /project/rrg-glatard/mdugre/datasets/corr/RawDataBIDS/BMB_1/derivatives/antsBrainExtraction/sub-0003024/BrainExtractionBrain.nii.gz
OUTPUT_DIR: /project/rrg-glatard/mdugre/datasets/corr/RawDataBIDS/BMB_1/derivatives/vprec-space_search/0100/r8-p15/sub-0003024

ITK_GLOBAL_DEFAULT_NUMBER_OF_THREADS: 8
##########################

VFC_BACKENDS=libinterflop_ieee.so
Info [verificarlo]: loaded backend libinterflop_ieee.so
Info [interflop-ieee]: load backend with:
Info [interflop-ieee]: debug = false
Info [interflop-ieee]: debug-binary = false
Info [interflop-ieee]: no-backend-name = false
Info [interflop-ieee]: print-new-line = false
Info [interflop-ieee]: print-subnormal-normalized = false
Info [interflop-ieee]: count-op = false
All_Command_lines_OK
Using double precision for computations.
=============================================================================
The composite transform comprises the following transforms (in order): 
  1. Center of mass alignment using fixed image: /templateflow/tpl-MNI152NLin2009cAsym/tpl-MNI152NLin2009cAsym_res-01_desc-brain_T1w.nii.gz and moving image: /project/rrg-glatard/mdugre/datasets/corr/RawDataBIDS/BMB_1/derivatives/antsBrainExtraction/sub-0003024/BrainExtractionBrain.nii.gz (type = Euler3DTransform)
=============================================================================
  number of levels = 1
  fixed image: /templateflow/tpl-MNI152NLin2009cAsym/tpl-MNI152NLin2009cAsym_res-01_desc-brain_T1w.nii.gz
  moving image: /project/rrg-glatard/mdugre/datasets/corr/RawDataBIDS/BMB_1/derivatives/antsBrainExtraction/sub-0003024/BrainExtractionBrain.nii.gz
Dimension = 3
Number of stages = 1
Use histogram matching = false
Winsorize image intensities = true
  Lower quantile = 0.005
  Upper quantile = 0.995


Stage 1 State
   Image metric = MattesMI
     Fixed image = Image (0x4e1f390)
  RTTI typeinfo:   itk::Image<double, 3u>
  Reference Count: 2
  Modified Time: 2330
  Debug: Off
  Object Name: 
  Observers: 
    none
  Source: (none)
  Source output name: (none)
  Release Data: Off
  Data Released: False
  Global Release Data: Off
  PipelineMTime: 0
  UpdateMTime: 1941
  RealTimeStamp: 0 seconds 
  LargestPossibleRegion: 
    Dimension: 3
    Index: [0, 0, 0]
    Size: [193, 229, 193]
  BufferedRegion: 
    Dimension: 3
    Index: [0, 0, 0]
    Size: [193, 229, 193]
  RequestedRegion: 
    Dimension: 3
    Index: [0, 0, 0]
    Size: [193, 229, 193]
  Spacing: [1, 1, 1]
  Origin: [96, 132, -78]
  Direction: 
-1 0 0
0 -1 0
0 0 1

  IndexToPointMatrix: 
-1 0 0
0 -1 0
0 0 1

  PointToIndexMatrix: 
-1 0 0
0 -1 0
0 0 1

  Inverse Direction: 
-1 0 0
0 -1 0
0 0 1

  PixelContainer: 
    ImportImageContainer (0x4eeaa90)
      RTTI typeinfo:   itk::ImportImageContainer<unsigned long, double>
      Reference Count: 1
      Modified Time: 1938
      Debug: Off
      Object Name: 
      Observers: 
        none
      Pointer: 0x14639fe80010
      Container manages memory: true
      Size: 8530021
      Capacity: 8530021

     Moving image = Image (0x4e24390)
  RTTI typeinfo:   itk::Image<double, 3u>
  Reference Count: 2
  Modified Time: 2331
  Debug: Off
  Object Name: 
  Observers: 
    none
  Source: (none)
  Source output name: (none)
  Release Data: Off
  Data Released: False
  Global Release Data: Off
  PipelineMTime: 0
  UpdateMTime: 2328
  RealTimeStamp: 0 seconds 
  LargestPossibleRegion: 
    Dimension: 3
    Index: [0, 0, 0]
    Size: [176, 256, 256]
  BufferedRegion: 
    Dimension: 3
    Index: [0, 0, 0]
    Size: [176, 256, 256]
  RequestedRegion: 
    Dimension: 3
    Index: [0, 0, 0]
    Size: [176, 256, 256]
  Spacing: [1, 1, 1]
  Origin: [-87.5, 96.8795, -140.855]
  Direction: 
1 0 0
0 -1 0
0 0 1

  IndexToPointMatrix: 
1 0 0
0 -1 0
0 0 1

  PointToIndexMatrix: 
1 0 0
0 -1 0
0 0 1

  Inverse Direction: 
1 0 0
0 -1 0
0 0 1

  PixelContainer: 
    ImportImageContainer (0x4fcab90)
      RTTI typeinfo:   itk::ImportImageContainer<unsigned long, double>
      Reference Count: 1
      Modified Time: 2325
      Debug: Off
      Object Name: 
      Observers: 
        none
      Pointer: 0x14639a67f010
      Container manages memory: true
      Size: 11534336
      Capacity: 11534336

     Weighting = 1
     Sampling strategy = regular
     Number of bins = 32
     Radius = 4
     Sampling percentage  = 0.25
   Transform = Rigid
     Gradient step = 0.1
     Update field sigma (voxel space) = 0
     Total field sigma (voxel space) = 0
     Update field time sigma = 0
     Total field time sigma  = 0
     Number of time indices = 0
     Number of time point samples = 0
Registration using 1 total stages.

Stage 0
  iterations = 0
  convergence threshold = 1e-06
  convergence window size = 10
  number of levels = 1
  using the Mattes MI metric (number of bins = 32, weight = 1, use gradient filter = 0)
  preprocessing:  winsorizing the image intensities
  Shrink factors (level 1 out of 1): [1, 1, 1]
  smoothing sigmas per level: [0]
  regular sampling (percentage = 0.25)

*** Running Euler3DTransform registration ***

  Elapsed time (stage 0): 0.938542


Total elapsed time: 0.939996
VFC_BACKENDS=libinterflop_vprec.so --range-binary32=8 --precision-binary32=15 --range-binary64=8 --precision-binary64=15
Info [verificarlo]: loaded backend libinterflop_vprec.so
Info [interflop-vprec]: load backend with: 
Info [interflop-vprec]: precision-binary32 = 15
Info [interflop-vprec]: range-binary32 = 8
Info [interflop-vprec]: precision-binary64 = 15
Info [interflop-vprec]: range-binary64 = 8
Info [interflop-vprec]: mode = ob
Info [interflop-vprec]: error-mode = rel
Info [interflop-vprec]: max-abs-error-exponent = -1022
Info [interflop-vprec]: daz = false
Info [interflop-vprec]: ftz = false
Info [interflop-vprec]: 	instrument = none
Info [interflop-vprec]: 	prec-input-file = (null)
Info [interflop-vprec]: 	prec-output-file = (null)
Info [interflop-vprec]: 	prec-log-file = (null)
All_Command_lines_OK
Using double precision for computations.
=============================================================================
The composite transform comprises the following transforms (in order): 
  1. /project/rrg-glatard/mdugre/datasets/corr/RawDataBIDS/BMB_1/derivatives/vprec-space_search/0100/r8-p15/sub-0003024/align_Composite.h5[0] (type = Euler3DTransform)
  2. /project/rrg-glatard/mdugre/datasets/corr/RawDataBIDS/BMB_1/derivatives/vprec-space_search/0100/r8-p15/sub-0003024/align_Composite.h5[1] (type = Euler3DTransform)
=============================================================================
  number of levels = 4
  fixed image: /templateflow/tpl-MNI152NLin2009cAsym/tpl-MNI152NLin2009cAsym_res-01_desc-brain_T1w.nii.gz
  moving image: /project/rrg-glatard/mdugre/datasets/corr/RawDataBIDS/BMB_1/derivatives/antsBrainExtraction/sub-0003024/BrainExtractionBrain.nii.gz
Dimension = 3
Number of stages = 1
Use histogram matching = false
Winsorize image intensities = true
  Lower quantile = 0.005
  Upper quantile = 0.995


Stage 1 State
   Image metric = MattesMI
     Fixed image = Image (0x4968300)
  RTTI typeinfo:   itk::Image<double, 3u>
  Reference Count: 2
  Modified Time: 1578
  Debug: Off
  Object Name: 
  Observers: 
    none
  Source: (none)
  Source output name: (none)
  Release Data: Off
  Data Released: False
  Global Release Data: Off
  PipelineMTime: 0
  UpdateMTime: 1189
  RealTimeStamp: 0 seconds 
  LargestPossibleRegion: 
    Dimension: 3
    Index: [0, 0, 0]
    Size: [193, 229, 193]
  BufferedRegion: 
    Dimension: 3
    Index: [0, 0, 0]
    Size: [193, 229, 193]
  RequestedRegion: 
    Dimension: 3
    Index: [0, 0, 0]
    Size: [193, 229, 193]
  Spacing: [1, 1, 1]
  Origin: [96, 132, -78]
  Direction: 
-1 0 0
0 -1 0
0 0 1

  IndexToPointMatrix: 
-1 0 0
0 -1 0
0 0 1

  PointToIndexMatrix: 
-1 0 0
0 -1 0
0 0 1

  Inverse Direction: 
-1 0 0
0 -1 0
0 0 1

  PixelContainer: 
    ImportImageContainer (0x4a26d00)
      RTTI typeinfo:   itk::ImportImageContainer<unsigned long, double>
      Reference Count: 1
      Modified Time: 1186
      Debug: Off
      Object Name: 
      Observers: 
        none
      Pointer: 0x14d75b349010
      Container manages memory: true
      Size: 8530021
      Capacity: 8530021

     Moving image = Image (0x4a23030)
  RTTI typeinfo:   itk::Image<double, 3u>
  Reference Count: 2
  Modified Time: 1579
  Debug: Off
  Object Name: 
  Observers: 
    none
  Source: (none)
  Source output name: (none)
  Release Data: Off
  Data Released: False
  Global Release Data: Off
  PipelineMTime: 0
  UpdateMTime: 1576
  RealTimeStamp: 0 seconds 
  LargestPossibleRegion: 
    Dimension: 3
    Index: [0, 0, 0]
    Size: [176, 256, 256]
  BufferedRegion: 
    Dimension: 3
    Index: [0, 0, 0]
    Size: [176, 256, 256]
  RequestedRegion: 
    Dimension: 3
    Index: [0, 0, 0]
    Size: [176, 256, 256]
  Spacing: [1, 1, 1]
  Origin: [-87.5, 96.8789, -140.855]
  Direction: 
1 0 0
0 -1 0
0 0 1

  IndexToPointMatrix: 
1 0 0
0 -1 0
0 0 1

  PointToIndexMatrix: 
1 0 0
0 -1 0
0 0 1

  Inverse Direction: 
1 0 0
0 -1 0
0 0 1

  PixelContainer: 
    ImportImageContainer (0x4a26680)
      RTTI typeinfo:   itk::ImportImageContainer<unsigned long, double>
      Reference Count: 1
      Modified Time: 1573
      Debug: Off
      Object Name: 
      Observers: 
        none
      Pointer: 0x14d755b48010
      Container manages memory: true
      Size: 11534336
      Capacity: 11534336

     Weighting = 1
     Sampling strategy = regular
     Number of bins = 32
     Radius = 4
     Sampling percentage  = 0.25
   Transform = Rigid
     Gradient step = 0.1
     Update field sigma (voxel space) = 0
     Total field sigma (voxel space) = 0
     Update field time sigma = 0
     Total field time sigma  = 0
     Number of time indices = 0
     Number of time point samples = 0
Registration using 1 total stages.

Stage 0
  iterations = 1000x500x250x100
  convergence threshold = 1e-06
  convergence window size = 10
  number of levels = 4
  using the Mattes MI metric (number of bins = 32, weight = 1, use gradient filter = 0)
  preprocessing:  winsorizing the image intensities
  Shrink factors (level 1 out of 4): [8, 8, 8]
  Shrink factors (level 2 out of 4): [4, 4, 4]
  Shrink factors (level 3 out of 4): [2, 2, 2]
  Shrink factors (level 4 out of 4): [1, 1, 1]
  smoothing sigmas per level: [3, 2, 1, 0]
  regular sampling (percentage = 0.25)

*** Running Euler3DTransform registration ***

DIAGNOSTIC,Iteration,metricValue,convergenceValue,ITERATION_TIME_INDEX,SINCE_LAST
 2DIAGNOSTIC,     1, -5.378824409633e-01, 1.797693134862e+308, 0.0000e+00, 0.0000e+00, 
 2DIAGNOSTIC,     2, -5.393059402547e-01, 1.797693134862e+308, 0.0000e+00, 0.0000e+00, 
 2DIAGNOSTIC,     3, -5.414135829220e-01, 1.797693134862e+308, 0.0000e+00, 0.0000e+00, 
 2DIAGNOSTIC,     4, -5.441354549766e-01, 1.797693134862e+308, 0.0000e+00, 0.0000e+00, 
 2DIAGNOSTIC,     5, -5.473784957578e-01, 1.797693134862e+308, 0.0000e+00, 0.0000e+00, 
 2DIAGNOSTIC,     6, -5.517372693491e-01, 1.797693134862e+308, 0.0000e+00, 0.0000e+00, 
 2DIAGNOSTIC,     7, -5.625162557230e-01, 1.797693134862e+308, 0.0000e+00, 0.0000e+00, 
 2DIAGNOSTIC,     8, -5.672127606188e-01, 1.797693134862e+308, 0.0000e+00, 0.0000e+00, 
 2DIAGNOSTIC,     9, -5.669719624514e-01, 1.797693134862e+308, 0.0000e+00, 0.0000e+00, 
 2DIAGNOSTIC,    10, -5.692097868700e-01, 4.266314441016e-03, 0.0000e+00, 0.0000e+00, 
 2DIAGNOSTIC,    11, -5.698140702945e-01, 3.818875541042e-03, 0.0000e+00, 0.0000e+00, 
 2DIAGNOSTIC,    12, -5.702068977898e-01, 3.175931219453e-03, 0.0000e+00, 0.0000e+00, 
 2DIAGNOSTIC,    13, -5.673425212333e-01, 2.317449373456e-03, 0.0000e+00, 0.0000e+00, 
 2DIAGNOSTIC,    14, -5.680477653757e-01, 1.506200262741e-03, 0.0000e+00, 0.0000e+00, 
 2DIAGNOSTIC,    15, -5.703345790520e-01, 8.552522472659e-04, 0.0000e+00, 0.0000e+00, 
 2DIAGNOSTIC,    16, -5.731022361251e-01, 4.234553683850e-04, 0.0000e+00, 0.0000e+00, 
 2DIAGNOSTIC,    17, -5.750136952689e-01, 3.795562289722e-04, 0.0000e+00, 0.0000e+00, 
 2DIAGNOSTIC,    18, -5.810776635300e-01, 6.112809952596e-04, 0.0000e+00, 0.0000e+00, 
 2DIAGNOSTIC,    19, -5.815534879416e-01, 7.632533863380e-04, 0.0000e+00, 0.0000e+00, 
 2DIAGNOSTIC,    20, -5.821601782006e-01, 9.000984257216e-04, 0.0000e+00, 0.0000e+00, 
 2DIAGNOSTIC,    21, -5.823117643963e-01, 9.578317497411e-04, 0.0000e+00, 0.0000e+00, 
 2DIAGNOSTIC,    22, -5.830628027355e-01, 9.487777125551e-04, 0.0000e+00, 0.0000e+00, 
 2DIAGNOSTIC,    23, -5.839078396350e-01, 8.063888868614e-04, 0.0000e+00, 0.0000e+00, 
 2DIAGNOSTIC,    24, -5.861689188916e-01, 6.617805331126e-04, 0.0000e+00, 0.0000e+00, 
 2DIAGNOSTIC,    25, -5.870228776871e-01, 5.298379573050e-04, 0.0000e+00, 0.0000e+00, 
 2DIAGNOSTIC,    26, -5.871949882668e-01, 4.159565551441e-04, 0.0000e+00, 0.0000e+00, 
 2DIAGNOSTIC,    27, -5.874970105125e-01, 3.102660526790e-04, 0.0000e+00, 0.0000e+00, 
 2DIAGNOSTIC,    28, -5.879358627889e-01, 2.987150799152e-04, 0.0000e+00, 0.0000e+00, 
 2DIAGNOSTIC,    29, -5.882657642002e-01, 2.728354778405e-04, 0.0000e+00, 0.0000e+00, 
 2DIAGNOSTIC,    30, -5.888281108007e-01, 2.423954202362e-04, 0.0000e+00, 0.0000e+00, 
 2DIAGNOSTIC,    31, -5.889212352624e-01, 1.953054776643e-04, 0.0000e+00, 0.0000e+00, 
 2DIAGNOSTIC,    32, -5.888757222367e-01, 1.441123978947e-04, 0.0000e+00, 0.0000e+00, 
 2DIAGNOSTIC,    33, -5.898219085362e-01, 1.087418601215e-04, 0.0000e+00, 0.0000e+00, 
 2DIAGNOSTIC,    34, -5.901573185670e-01, 1.023954824461e-04, 0.0000e+00, 0.0000e+00, 
 2DIAGNOSTIC,    35, -5.907243279194e-01, 1.068519783665e-04, 0.0000e+00, 0.0000e+00, 
 2DIAGNOSTIC,    36, -5.911124350978e-01, 1.087211982327e-04, 0.0000e+00, 0.0000e+00, 
 2DIAGNOSTIC,    37, -5.928171352722e-01, 1.270376247977e-04, 0.0000e+00, 0.0000e+00, 
 2DIAGNOSTIC,    38, -5.931050455670e-01, 1.411208722761e-04, 0.0000e+00, 0.0000e+00, 
 2DIAGNOSTIC,    39, -5.930368037924e-01, 1.443145614030e-04, 0.0000e+00, 0.0000e+00, 
 2DIAGNOSTIC,    40, -5.931418953005e-01, 1.423178681721e-04, 0.0000e+00, 0.0000e+00, 
 2DIAGNOSTIC,    41, -5.930397331036e-01, 1.268727490042e-04, 0.0000e+00, 0.0000e+00, 
 2DIAGNOSTIC,    42, -5.930623622765e-01, 9.939666254924e-05, 0.0000e+00, 0.0000e+00, 
 2DIAGNOSTIC,    43, -5.932411201381e-01, 7.661681996895e-05, 0.0000e+00, 0.0000e+00, 
 2DIAGNOSTIC,    44, -5.934448719520e-01, 5.379325914733e-05, 0.0000e+00, 0.0000e+00, 
 2DIAGNOSTIC,    45, -5.935863519155e-01, 3.479363726100e-05, 0.0000e+00, 0.0000e+00, 
 2DIAGNOSTIC,    46, -5.935948293564e-01, 1.715619885140e-05, 0.0000e+00, 0.0000e+00, 
 2DIAGNOSTIC,    47, -5.936573346194e-01, 1.715530783232e-05, 0.0000e+00, 0.0000e+00, 
 2DIAGNOSTIC,    48, -5.940379762179e-01, 2.240344279270e-05, 0.0000e+00, 0.0000e+00, 
 2DIAGNOSTIC,    49, -5.944139764030e-01, 2.825180688493e-05, 0.0000e+00, 0.0000e+00, 
 2DIAGNOSTIC,    50, -5.947127601860e-01, 3.516070990484e-05, 0.0000e+00, 0.0000e+00, 
 2DIAGNOSTIC,    51, -5.946608424282e-01, 3.706644179806e-05, 0.0000e+00, 0.0000e+00, 
 2DIAGNOSTIC,    52, -5.947183999560e-01, 3.624223441338e-05, 0.0000e+00, 0.0000e+00, 
 2DIAGNOSTIC,    53, -5.948711422464e-01, 3.501271352127e-05, 0.0000e+00, 0.0000e+00, 
 2DIAGNOSTIC,    54, -5.954651312121e-01, 3.761454535272e-05, 0.0000e+00, 0.0000e+00, 
 2DIAGNOSTIC,    55, -5.960038024693e-01, 4.249727102531e-05, 0.0000e+00, 0.0000e+00, 
 2DIAGNOSTIC,    56, -5.966024895815e-01, 4.850540771446e-05, 0.0000e+00, 0.0000e+00, 
 2DIAGNOSTIC,    57, -5.966144223125e-01, 5.030346427354e-05, 0.0000e+00, 0.0000e+00, 
 2DIAGNOSTIC,    58, -5.969232770316e-01, 5.309199748478e-05, 0.0000e+00, 0.0000e+00, 
 2DIAGNOSTIC,    59, -5.976312834861e-01, 5.954466127555e-05, 0.0000e+00, 0.0000e+00, 
 2DIAGNOSTIC,    60, -5.977459157348e-01, 6.326612106215e-05, 0.0000e+00, 0.0000e+00, 
 2DIAGNOSTIC,    61, -5.980532040499e-01, 6.293966403723e-05, 0.0000e+00, 0.0000e+00, 
 2DIAGNOSTIC,    62, -5.980907902605e-01, 5.746783067537e-05, 0.0000e+00, 0.0000e+00, 
 2DIAGNOSTIC,    63, -5.981887838659e-01, 4.860592843821e-05, 0.0000e+00, 0.0000e+00, 
 2DIAGNOSTIC,    64, -5.983947084158e-01, 4.134873185982e-05, 0.0000e+00, 0.0000e+00, 
 2DIAGNOSTIC,    65, -5.984142760722e-01, 3.441153826959e-05, 0.0000e+00, 0.0000e+00, 
 2DIAGNOSTIC,    66, -5.984494398420e-01, 2.919716183634e-05, 0.0000e+00, 0.0000e+00, 
 2DIAGNOSTIC,    67, -5.984498725735e-01, 2.148507263311e-05, 0.0000e+00, 0.0000e+00, 
 2DIAGNOSTIC,    68, -5.984748797843e-01, 1.426142368166e-05, 0.0000e+00, 0.0000e+00, 
 2DIAGNOSTIC,    69, -5.984763389563e-01, 1.090648155239e-05, 0.0000e+00, 0.0000e+00, 
 2DIAGNOSTIC,    70, -5.984899253723e-01, 7.483875968307e-06, 0.0000e+00, 0.0000e+00, 
 2DIAGNOSTIC,    71, -5.985126408214e-01, 5.764670395555e-06, 0.0000e+00, 0.0000e+00, 
 2DIAGNOSTIC,    72, -5.985317295597e-01, 3.963380046842e-06, 0.0000e+00, 0.0000e+00, 
 2DIAGNOSTIC,    73, -5.985708670064e-01, 2.752160151852e-06, 0.0000e+00, 0.0000e+00, 
 2DIAGNOSTIC,    74, -5.987942908579e-01, 4.166515254103e-06, 0.0000e+00, 0.0000e+00, 
 2DIAGNOSTIC,    75, -5.988769326621e-01, 5.804875345119e-06, 0.0000e+00, 0.0000e+00, 
 2DIAGNOSTIC,    76, -5.990556434406e-01, 8.254086836744e-06, 0.0000e+00, 0.0000e+00, 
 2DIAGNOSTIC,    77, -5.991872020656e-01, 1.070772897890e-05, 0.0000e+00, 0.0000e+00, 
 2DIAGNOSTIC,    78, -5.992296968824e-01, 1.251827265455e-05, 0.0000e+00, 0.0000e+00, 
 2DIAGNOSTIC,    79, -5.993107366449e-01, 1.361798230772e-05, 0.0000e+00, 0.0000e+00, 
 2DIAGNOSTIC,    80, -5.994218858739e-01, 1.415843761239e-05, 0.0000e+00, 0.0000e+00, 
 2DIAGNOSTIC,    81, -5.994398750011e-01, 1.359271150605e-05, 0.0000e+00, 0.0000e+00, 
 2DIAGNOSTIC,    82, -5.994847429718e-01, 1.215918903175e-05, 0.0000e+00, 0.0000e+00, 
 2DIAGNOSTIC,    83, -5.994943041495e-01, 9.892234696083e-06, 0.0000e+00, 0.0000e+00, 
 2DIAGNOSTIC,    84, -5.995597970820e-01, 8.433364316059e-06, 0.0000e+00, 0.0000e+00, 
 2DIAGNOSTIC,    85, -5.995751040560e-01, 6.757401908981e-06, 0.0000e+00, 0.0000e+00, 
 2DIAGNOSTIC,    86, -5.996042191474e-01, 5.663923395328e-06, 0.0000e+00, 0.0000e+00, 
 2DIAGNOSTIC,    87, -5.995326532671e-01, 4.427524100653e-06, 0.0000e+00, 0.0000e+00, 
 2DIAGNOSTIC,    88, -5.995611341254e-01, 3.227979375709e-06, 0.0000e+00, 0.0000e+00, 
 2DIAGNOSTIC,    89, -5.996999049624e-01, 2.951013884566e-06, 0.0000e+00, 0.0000e+00, 
 2DIAGNOSTIC,    90, -5.997440299479e-01, 3.238662352762e-06, 0.0000e+00, 0.0000e+00, 
 2DIAGNOSTIC,    91, -5.997816909556e-01, 3.542082013913e-06, 0.0000e+00, 0.0000e+00, 
 2DIAGNOSTIC,    92, -5.998793858996e-01, 4.300068169111e-06, 0.0000e+00, 0.0000e+00, 
 2DIAGNOSTIC,    93, -6.001367450502e-01, 6.029932420932e-06, 0.0000e+00, 0.0000e+00, 
 2DIAGNOSTIC,    94, -6.012488724457e-01, 1.317741783360e-05, 0.0000e+00, 0.0000e+00, 
 2DIAGNOSTIC,    95, -6.019564253544e-01, 2.245472293087e-05, 0.0000e+00, 0.0000e+00, 
 2DIAGNOSTIC,    96, -6.026016795639e-01, 3.279201464127e-05, 0.0000e+00, 0.0000e+00, 
 2DIAGNOSTIC,    97, -6.030141359211e-01, 4.150333480908e-05, 0.0000e+00, 0.0000e+00, 
 2DIAGNOSTIC,    98, -6.070890288471e-01, 6.622903014908e-05, 0.0000e+00, 0.0000e+00, 
 2DIAGNOSTIC,    99, -6.069628894522e-01, 8.352787003819e-05, 0.0000e+00, 0.0000e+00, 
 2DIAGNOSTIC,   100, -6.069785188092e-01, 9.292418520007e-05, 0.0000e+00, 0.0000e+00, 
 2DIAGNOSTIC,   101, -6.073734016171e-01, 9.555369846979e-05, 0.0000e+00, 0.0000e+00, 
 2DIAGNOSTIC,   102, -6.086423375343e-01, 9.527031328726e-05, 0.0000e+00, 0.0000e+00, 
 2DIAGNOSTIC,   103, -6.099541934373e-01, 9.260503195809e-05, 0.0000e+00, 0.0000e+00, 
 2DIAGNOSTIC,   104, -6.108475812230e-01, 9.018209020453e-05, 0.0000e+00, 0.0000e+00, 
 2DIAGNOSTIC,   105, -6.120859701021e-01, 8.831305465738e-05, 0.0000e+00, 0.0000e+00, 
 2DIAGNOSTIC,   106, -6.122838333822e-01, 8.187972307962e-05, 0.0000e+00, 0.0000e+00, 
 2DIAGNOSTIC,   107, -6.123081476071e-01, 6.908618780040e-05, 0.0000e+00, 0.0000e+00, 
 2DIAGNOSTIC,   108, -6.122577063422e-01, 6.780699621146e-05, 0.0000e+00, 0.0000e+00, 
 2DIAGNOSTIC,   109, -6.124010456418e-01, 6.011328353287e-05, 0.0000e+00, 0.0000e+00, 
 2DIAGNOSTIC,   110, -6.123913851565e-01, 4.678000933013e-05, 0.0000e+00, 0.0000e+00, 
 2DIAGNOSTIC,   111, -6.124109670410e-01, 3.093146464335e-05, 0.0000e+00, 0.0000e+00, 
 2DIAGNOSTIC,   112, -6.126378883637e-01, 1.879837168259e-05, 0.0000e+00, 0.0000e+00, 
 2DIAGNOSTIC,   113, -6.125938569823e-01, 1.042535555207e-05, 0.0000e+00, 0.0000e+00, 
 2DIAGNOSTIC,   114, -6.126225529127e-01, 4.977657920818e-06, 0.0000e+00, 0.0000e+00, 
 2DIAGNOSTIC,   115, -6.125911455445e-01, 4.193911429187e-06, 0.0000e+00, 0.0000e+00, 
 2DIAGNOSTIC,   116, -6.125332722719e-01, 3.627861905706e-06, 0.0000e+00, 0.0000e+00, 
 2DIAGNOSTIC,   117, -6.125853024763e-01, 3.066597213289e-06, 0.0000e+00, 0.0000e+00, 
 2DIAGNOSTIC,   118, -6.126596538824e-01, 2.316359820641e-06, 0.0000e+00, 0.0000e+00, 
 2DIAGNOSTIC,   119, -6.125222499969e-01, 1.413682088058e-06, 0.0000e+00, 0.0000e+00, 
DIAGNOSTIC,Iteration,metricValue,convergenceValue,ITERATION_TIME_INDEX,SINCE_LAST
 2DIAGNOSTIC,     1, -4.767276518160e-01, 1.797693134862e+308, 0.0000e+00, 0.0000e+00, 
 2DIAGNOSTIC,     2, -4.770880933102e-01, 1.797693134862e+308, 0.0000e+00, 0.0000e+00, 
 2DIAGNOSTIC,     3, -4.775162926677e-01, 1.797693134862e+308, 0.0000e+00, 0.0000e+00, 
 2DIAGNOSTIC,     4, -4.779939866672e-01, 1.797693134862e+308, 0.0000e+00, 0.0000e+00, 
 2DIAGNOSTIC,     5, -4.786161395185e-01, 1.797693134862e+308, 0.0000e+00, 0.0000e+00, 
 2DIAGNOSTIC,     6, -4.816020685022e-01, 1.797693134862e+308, 0.0000e+00, 0.0000e+00, 
 2DIAGNOSTIC,     7, -4.834845025372e-01, 1.797693134862e+308, 0.0000e+00, 0.0000e+00, 
 2DIAGNOSTIC,     8, -4.843227319124e-01, 1.797693134862e+308, 0.0000e+00, 0.0000e+00, 
 2DIAGNOSTIC,     9, -4.865136705947e-01, 1.797693134862e+308, 0.0000e+00, 0.0000e+00, 
 2DIAGNOSTIC,    10, -4.885423037495e-01, 1.650175993321e-03, 0.0000e+00, 0.0000e+00, 
 2DIAGNOSTIC,    11, -4.897290392692e-01, 1.677122218814e-03, 0.0000e+00, 0.0000e+00, 
 2DIAGNOSTIC,    12, -4.900008650525e-01, 1.579765558090e-03, 0.0000e+00, 0.0000e+00, 
 2DIAGNOSTIC,    13, -4.899856950584e-01, 1.376453835317e-03, 0.0000e+00, 0.0000e+00, 
 2DIAGNOSTIC,    14, -4.899775742523e-01, 1.098628810899e-03, 0.0000e+00, 0.0000e+00, 
 2DIAGNOSTIC,    15, -4.899670652880e-01, 7.786545054832e-04, 0.0000e+00, 0.0000e+00, 
 2DIAGNOSTIC,    16, -4.899697113748e-01, 5.362059526831e-04, 0.0000e+00, 0.0000e+00, 
 2DIAGNOSTIC,    17, -4.899659637637e-01, 3.391350531831e-04, 0.0000e+00, 0.0000e+00, 
 2DIAGNOSTIC,    18, -4.899690525276e-01, 1.597947897548e-04, 0.0000e+00, 0.0000e+00, 
 2DIAGNOSTIC,    19, -4.899754648651e-01, 5.139709011698e-05, 0.0000e+00, 0.0000e+00, 
 2DIAGNOSTIC,    20, -4.899768494617e-01, 7.829834814843e-06, 0.0000e+00, 0.0000e+00, 
DIAGNOSTIC,Iteration,metricValue,convergenceValue,ITERATION_TIME_INDEX,SINCE_LAST
 2DIAGNOSTIC,     1, -4.277193611067e-01, 1.797693134862e+308, 0.0000e+00, 0.0000e+00, 
 2DIAGNOSTIC,     2, -4.277373583642e-01, 1.797693134862e+308, 0.0000e+00, 0.0000e+00, 
 2DIAGNOSTIC,     3, -4.277449400569e-01, 1.797693134862e+308, 0.0000e+00, 0.0000e+00, 
 2DIAGNOSTIC,     4, -4.277406753574e-01, 1.797693134862e+308, 0.0000e+00, 0.0000e+00, 
 2DIAGNOSTIC,     5, -4.277673887666e-01, 1.797693134862e+308, 0.0000e+00, 0.0000e+00, 
 2DIAGNOSTIC,     6, -4.278080515539e-01, 1.797693134862e+308, 0.0000e+00, 0.0000e+00, 
 2DIAGNOSTIC,     7, -4.278498648369e-01, 1.797693134862e+308, 0.0000e+00, 0.0000e+00, 
 2DIAGNOSTIC,     8, -4.278971826708e-01, 1.797693134862e+308, 0.0000e+00, 0.0000e+00, 
 2DIAGNOSTIC,     9, -4.279060401145e-01, 1.797693134862e+308, 0.0000e+00, 0.0000e+00, 
 2DIAGNOSTIC,    10, -4.278969701986e-01, 3.592272606209e-05, 0.0000e+00, 0.0000e+00, 
 2DIAGNOSTIC,    11, -4.278911677240e-01, 3.148959856222e-05, 0.0000e+00, 0.0000e+00, 
 2DIAGNOSTIC,    12, -4.278890375196e-01, 2.609055197353e-05, 0.0000e+00, 0.0000e+00, 
 2DIAGNOSTIC,    13, -4.278903279875e-01, 1.987378206028e-05, 0.0000e+00, 0.0000e+00, 
 2DIAGNOSTIC,    14, -4.278880620327e-01, 1.266573444669e-05, 0.0000e+00, 0.0000e+00, 
 2DIAGNOSTIC,    15, -4.278844519560e-01, 6.520623233017e-06, 0.0000e+00, 0.0000e+00, 
 2DIAGNOSTIC,    16, -4.278849829331e-01, 2.453662466886e-06, 0.0000e+00, 0.0000e+00, 
DIAGNOSTIC,Iteration,metricValue,convergenceValue,ITERATION_TIME_INDEX,SINCE_LAST
 2DIAGNOSTIC,     1, -3.907287632690e-01, 1.797693134862e+308, 0.0000e+00, 0.0000e+00, 
 2DIAGNOSTIC,     2, -3.907648503286e-01, 1.797693134862e+308, 0.0000e+00, 0.0000e+00, 
 2DIAGNOSTIC,     3, -3.908005402445e-01, 1.797693134862e+308, 0.0000e+00, 0.0000e+00, 
 2DIAGNOSTIC,     4, -3.908269245435e-01, 1.797693134862e+308, 0.0000e+00, 0.0000e+00, 
 2DIAGNOSTIC,     5, -3.908287754930e-01, 1.797693134862e+308, 0.0000e+00, 0.0000e+00, 
 2DIAGNOSTIC,     6, -3.908330045728e-01, 1.797693134862e+308, 0.0000e+00, 0.0000e+00, 
 2DIAGNOSTIC,     7, -3.908682012887e-01, 1.797693134862e+308, 0.0000e+00, 0.0000e+00, 
 2DIAGNOSTIC,     8, -3.909033279606e-01, 1.797693134862e+308, 0.0000e+00, 0.0000e+00, 
 2DIAGNOSTIC,     9, -3.909099878821e-01, 1.797693134862e+308, 0.0000e+00, 0.0000e+00, 
 2DIAGNOSTIC,    10, -3.909009514172e-01, 3.184106360882e-05, 0.0000e+00, 0.0000e+00, 
 2DIAGNOSTIC,    11, -3.909057831271e-01, 2.474641923068e-05, 0.0000e+00, 0.0000e+00, 
 2DIAGNOSTIC,    12, -3.908947581937e-01, 1.831716156793e-05, 0.0000e+00, 0.0000e+00, 
 2DIAGNOSTIC,    13, -3.908911889971e-01, 1.320924097054e-05, 0.0000e+00, 0.0000e+00, 
 2DIAGNOSTIC,    14, -3.908907909328e-01, 9.239872279715e-06, 0.0000e+00, 0.0000e+00, 
 2DIAGNOSTIC,    15, -3.908886646686e-01, 5.202136815527e-06, 0.0000e+00, 0.0000e+00, 
 2DIAGNOSTIC,    16, -3.908876194838e-01, 1.522577586427e-06, 0.0000e+00, 0.0000e+00, 
  Elapsed time (stage 0): 0.0000e+00


Total elapsed time: 0.0000e+00
VFC_BACKENDS=libinterflop_ieee.so
Info [verificarlo]: loaded backend libinterflop_ieee.so
Info [interflop-ieee]: load backend with:
Info [interflop-ieee]: debug = false
Info [interflop-ieee]: debug-binary = false
Info [interflop-ieee]: no-backend-name = false
Info [interflop-ieee]: print-new-line = false
Info [interflop-ieee]: print-subnormal-normalized = false
Info [interflop-ieee]: count-op = false
All_Command_lines_OK
Using double precision for computations.
=============================================================================
The composite transform comprises the following transforms (in order): 
  1. /project/rrg-glatard/mdugre/datasets/corr/RawDataBIDS/BMB_1/derivatives/vprec-space_search/0100/r8-p15/sub-0003024/rigid_Composite.h5[0] (type = Euler3DTransform)
  2. /project/rrg-glatard/mdugre/datasets/corr/RawDataBIDS/BMB_1/derivatives/vprec-space_search/0100/r8-p15/sub-0003024/rigid_Composite.h5[1] (type = Euler3DTransform)
  3. /project/rrg-glatard/mdugre/datasets/corr/RawDataBIDS/BMB_1/derivatives/vprec-space_search/0100/r8-p15/sub-0003024/rigid_Composite.h5[2] (type = Euler3DTransform)
=============================================================================
  number of levels = 4
  fixed image: /templateflow/tpl-MNI152NLin2009cAsym/tpl-MNI152NLin2009cAsym_res-01_desc-brain_T1w.nii.gz
  moving image: /project/rrg-glatard/mdugre/datasets/corr/RawDataBIDS/BMB_1/derivatives/antsBrainExtraction/sub-0003024/BrainExtractionBrain.nii.gz
Dimension = 3
Number of stages = 1
Use histogram matching = false
Winsorize image intensities = true
  Lower quantile = 0.005
  Upper quantile = 0.995


Stage 1 State
   Image metric = MattesMI
     Fixed image = Image (0x39d3650)
  RTTI typeinfo:   itk::Image<double, 3u>
  Reference Count: 2
  Modified Time: 1592
  Debug: Off
  Object Name: 
  Observers: 
    none
  Source: (none)
  Source output name: (none)
  Release Data: Off
  Data Released: False
  Global Release Data: Off
  PipelineMTime: 0
  UpdateMTime: 1203
  RealTimeStamp: 0 seconds 
  LargestPossibleRegion: 
    Dimension: 3
    Index: [0, 0, 0]
    Size: [193, 229, 193]
  BufferedRegion: 
    Dimension: 3
    Index: [0, 0, 0]
    Size: [193, 229, 193]
  RequestedRegion: 
    Dimension: 3
    Index: [0, 0, 0]
    Size: [193, 229, 193]
  Spacing: [1, 1, 1]
  Origin: [96, 132, -78]
  Direction: 
-1 0 0
0 -1 0
0 0 1

  IndexToPointMatrix: 
-1 0 0
0 -1 0
0 0 1

  PointToIndexMatrix: 
-1 0 0
0 -1 0
0 0 1

  Inverse Direction: 
-1 0 0
0 -1 0
0 0 1

  PixelContainer: 
    ImportImageContainer (0x3aa8330)
      RTTI typeinfo:   itk::ImportImageContainer<unsigned long, double>
      Reference Count: 1
      Modified Time: 1200
      Debug: Off
      Object Name: 
      Observers: 
        none
      Pointer: 0x148d59bc1010
      Container manages memory: true
      Size: 8530021
      Capacity: 8530021

     Moving image = Image (0x3a8e6e0)
  RTTI typeinfo:   itk::Image<double, 3u>
  Reference Count: 2
  Modified Time: 1593
  Debug: Off
  Object Name: 
  Observers: 
    none
  Source: (none)
  Source output name: (none)
  Release Data: Off
  Data Released: False
  Global Release Data: Off
  PipelineMTime: 0
  UpdateMTime: 1590
  RealTimeStamp: 0 seconds 
  LargestPossibleRegion: 
    Dimension: 3
    Index: [0, 0, 0]
    Size: [176, 256, 256]
  BufferedRegion: 
    Dimension: 3
    Index: [0, 0, 0]
    Size: [176, 256, 256]
  RequestedRegion: 
    Dimension: 3
    Index: [0, 0, 0]
    Size: [176, 256, 256]
  Spacing: [1, 1, 1]
  Origin: [-87.5, 96.8795, -140.855]
  Direction: 
1 0 0
0 -1 0
0 0 1

  IndexToPointMatrix: 
1 0 0
0 -1 0
0 0 1

  PointToIndexMatrix: 
1 0 0
0 -1 0
0 0 1

  Inverse Direction: 
1 0 0
0 -1 0
0 0 1

  PixelContainer: 
    ImportImageContainer (0x3a03e90)
      RTTI typeinfo:   itk::ImportImageContainer<unsigned long, double>
      Reference Count: 1
      Modified Time: 1587
      Debug: Off
      Object Name: 
      Observers: 
        none
      Pointer: 0x148d543c0010
      Container manages memory: true
      Size: 11534336
      Capacity: 11534336

     Weighting = 1
     Sampling strategy = regular
     Number of bins = 32
     Radius = 4
     Sampling percentage  = 0.25
   Transform = Affine
     Gradient step = 0.1
     Update field sigma (voxel space) = 0
     Total field sigma (voxel space) = 0
     Update field time sigma = 0
     Total field time sigma  = 0
     Number of time indices = 0
     Number of time point samples = 0
Registration using 1 total stages.

Stage 0
  iterations = 1000x500x250x100
  convergence threshold = 1e-06
  convergence window size = 10
  number of levels = 4
  using the Mattes MI metric (number of bins = 32, weight = 1, use gradient filter = 0)
  preprocessing:  winsorizing the image intensities
  Shrink factors (level 1 out of 4): [8, 8, 8]
  Shrink factors (level 2 out of 4): [4, 4, 4]
  Shrink factors (level 3 out of 4): [2, 2, 2]
  Shrink factors (level 4 out of 4): [1, 1, 1]
  smoothing sigmas per level: [3, 2, 1, 0]
  regular sampling (percentage = 0.25)

*** Running AffineTransform registration ***

DIAGNOSTIC,Iteration,metricValue,convergenceValue,ITERATION_TIME_INDEX,SINCE_LAST
 2DIAGNOSTIC,     1, -6.034526743220e-01, 1.797693134862e+308, 1.2392e+00, 1.2392e+00, 
 2DIAGNOSTIC,     2, -6.049615202082e-01, 1.797693134862e+308, 1.2456e+00, 6.4259e-03, 
 2DIAGNOSTIC,     3, -6.074495918998e-01, 1.797693134862e+308, 1.2520e+00, 6.4189e-03, 
 2DIAGNOSTIC,     4, -6.115730688084e-01, 1.797693134862e+308, 1.2585e+00, 6.5160e-03, 
 2DIAGNOSTIC,     5, -6.181708086302e-01, 1.797693134862e+308, 1.2649e+00, 6.3930e-03, 
 2DIAGNOSTIC,     6, -6.445070413902e-01, 1.797693134862e+308, 1.2717e+00, 6.7520e-03, 
 2DIAGNOSTIC,     7, -7.463951365048e-01, 1.797693134862e+308, 1.2795e+00, 7.8721e-03, 
 2DIAGNOSTIC,     8, -8.034556422056e-01, 1.797693134862e+308, 1.2872e+00, 7.6380e-03, 
 2DIAGNOSTIC,     9, -8.337358678527e-01, 1.797693134862e+308, 1.2977e+00, 1.0510e-02, 
 2DIAGNOSTIC,    10, -8.441558259526e-01, 2.652142169548e-02, 1.3045e+00, 6.8319e-03, 
 2DIAGNOSTIC,    11, -8.697829563598e-01, 2.667819134274e-02, 1.3113e+00, 6.8119e-03, 
 2DIAGNOSTIC,    12, -8.902219575973e-01, 2.505011829591e-02, 1.3188e+00, 7.4930e-03, 
 2DIAGNOSTIC,    13, -8.936080586239e-01, 2.163490770839e-02, 1.3264e+00, 7.5881e-03, 
 2DIAGNOSTIC,    14, -8.944033283601e-01, 1.704322853962e-02, 1.3339e+00, 7.4470e-03, 
 2DIAGNOSTIC,    15, -8.973341015130e-01, 1.190852635749e-02, 1.3425e+00, 8.6849e-03, 
 2DIAGNOSTIC,    16, -8.989466593938e-01, 7.039530733349e-03, 1.3488e+00, 6.2099e-03, 
 2DIAGNOSTIC,    17, -9.007561142722e-01, 4.399518474583e-03, 1.3559e+00, 7.1518e-03, 
 2DIAGNOSTIC,    18, -9.010358717438e-01, 2.844809393546e-03, 1.3629e+00, 7.0171e-03, 
 2DIAGNOSTIC,    19, -9.011582134626e-01, 1.799954030234e-03, 1.3695e+00, 6.5730e-03, 
 2DIAGNOSTIC,    20, -9.019245925612e-01, 8.999536876726e-04, 1.3765e+00, 7.0510e-03, 
 2DIAGNOSTIC,    21, -9.020014490586e-01, 4.392288110737e-04, 1.3829e+00, 6.3660e-03, 
 2DIAGNOSTIC,    22, -9.020949500947e-01, 3.140590610774e-04, 1.3909e+00, 8.0228e-03, 
 2DIAGNOSTIC,    23, -9.021165959014e-01, 2.246924822449e-04, 1.3974e+00, 6.4330e-03, 
 2DIAGNOSTIC,    24, -9.029916314292e-01, 1.465828886246e-04, 1.4042e+00, 6.8460e-03, 
 2DIAGNOSTIC,    25, -9.030276800018e-01, 1.024138527928e-04, 1.4121e+00, 7.8499e-03, 
 2DIAGNOSTIC,    26, -9.030378416754e-01, 7.365259928472e-05, 1.4195e+00, 7.4220e-03, 
 2DIAGNOSTIC,    27, -9.030561049196e-01, 6.409849183873e-05, 1.4261e+00, 6.5720e-03, 
 2DIAGNOSTIC,    28, -9.030753618170e-01, 5.310848174281e-05, 1.4324e+00, 6.3691e-03, 
 2DIAGNOSTIC,    29, -9.030854164012e-01, 3.922138100516e-05, 1.4414e+00, 8.9529e-03, 
 2DIAGNOSTIC,    30, -9.030864046926e-01, 3.146766481855e-05, 1.4471e+00, 5.6849e-03, 
 2DIAGNOSTIC,    31, -9.030888477358e-01, 2.240000947479e-05, 1.4536e+00, 6.5341e-03, 
 2DIAGNOSTIC,    32, -9.030903310860e-01, 1.305369184614e-05, 1.4601e+00, 6.5291e-03, 
 2DIAGNOSTIC,    33, -9.030914757798e-01, 3.163672785064e-06, 1.4666e+00, 6.5150e-03, 
 2DIAGNOSTIC,    34, -9.030925281209e-01, 2.425356424710e-06, 1.4725e+00, 5.8680e-03, 
DIAGNOSTIC,Iteration,metricValue,convergenceValue,ITERATION_TIME_INDEX,SINCE_LAST
 2DIAGNOSTIC,     1, -7.397029921908e-01, 1.797693134862e+308, 2.7491e+00, 1.2766e+00, 
 2DIAGNOSTIC,     2, -7.401694351555e-01, 1.797693134862e+308, 2.7958e+00, 4.6682e-02, 
 2DIAGNOSTIC,     3, -7.407545447583e-01, 1.797693134862e+308, 2.8406e+00, 4.4853e-02, 
 2DIAGNOSTIC,     4, -7.414001639688e-01, 1.797693134862e+308, 2.8859e+00, 4.5238e-02, 
 2DIAGNOSTIC,     5, -7.422618621011e-01, 1.797693134862e+308, 2.9358e+00, 4.9946e-02, 
 2DIAGNOSTIC,     6, -7.425295820712e-01, 1.797693134862e+308, 2.9868e+00, 5.0956e-02, 
 2DIAGNOSTIC,     7, -7.429791558256e-01, 1.797693134862e+308, 3.0459e+00, 5.9156e-02, 
 2DIAGNOSTIC,     8, -7.429456274047e-01, 1.797693134862e+308, 3.1125e+00, 6.6599e-02, 
 2DIAGNOSTIC,     9, -7.429707269287e-01, 1.797693134862e+308, 3.1651e+00, 5.2549e-02, 
 2DIAGNOSTIC,    10, -7.430613595829e-01, 3.144594574216e-04, 3.2115e+00, 4.6417e-02, 
 2DIAGNOSTIC,    11, -7.430725780165e-01, 2.262628386611e-04, 3.2579e+00, 4.6457e-02, 
 2DIAGNOSTIC,    12, -7.431624028723e-01, 1.504411734799e-04, 3.3102e+00, 5.2277e-02, 
 2DIAGNOSTIC,    13, -7.432797622471e-01, 9.347451000728e-05, 3.3580e+00, 4.7799e-02, 
 2DIAGNOSTIC,    14, -7.432936971196e-01, 5.396749687277e-05, 3.4144e+00, 5.6336e-02, 
 2DIAGNOSTIC,    15, -7.433427235214e-01, 3.821081482271e-05, 3.4759e+00, 6.1507e-02, 
 2DIAGNOSTIC,    16, -7.433373688979e-01, 2.708192351321e-05, 3.5318e+00, 5.5965e-02, 
 2DIAGNOSTIC,    17, -7.433270927653e-01, 2.488475158489e-05, 3.5778e+00, 4.6005e-02, 
 2DIAGNOSTIC,    18, -7.433051384921e-01, 1.960980607209e-05, 3.6248e+00, 4.6955e-02, 
 2DIAGNOSTIC,    19, -7.433144467765e-01, 1.390160364393e-05, 3.6758e+00, 5.1006e-02, 
 2DIAGNOSTIC,    20, -7.433198263524e-01, 9.487551053546e-06, 3.7214e+00, 4.5619e-02, 
 2DIAGNOSTIC,    21, -7.433141115117e-01, 4.833797884761e-06, 3.7720e+00, 5.0547e-02, 
 2DIAGNOSTIC,    22, -7.433242123881e-01, 2.001691037500e-06, 3.8192e+00, 4.7249e-02, 
DIAGNOSTIC,Iteration,metricValue,convergenceValue,ITERATION_TIME_INDEX,SINCE_LAST
 2DIAGNOSTIC,     1, -6.296828407861e-01, 1.797693134862e+308, 5.5712e+00, 1.7520e+00, 
 2DIAGNOSTIC,     2, -6.301848856641e-01, 1.797693134862e+308, 5.9929e+00, 4.2164e-01, 
 2DIAGNOSTIC,     3, -6.306334095706e-01, 1.797693134862e+308, 6.3769e+00, 3.8407e-01, 
 2DIAGNOSTIC,     4, -6.312254340579e-01, 1.797693134862e+308, 6.7584e+00, 3.8150e-01, 
 2DIAGNOSTIC,     5, -6.328871733602e-01, 1.797693134862e+308, 7.1890e+00, 4.3060e-01, 
 2DIAGNOSTIC,     6, -6.348069800190e-01, 1.797693134862e+308, 7.8392e+00, 6.5012e-01, 
 2DIAGNOSTIC,     7, -6.348298859599e-01, 1.797693134862e+308, 8.2353e+00, 3.9611e-01, 
 2DIAGNOSTIC,     8, -6.348492187150e-01, 1.797693134862e+308, 8.6257e+00, 3.9046e-01, 
 2DIAGNOSTIC,     9, -6.348811302224e-01, 1.797693134862e+308, 9.0972e+00, 4.7142e-01, 
 2DIAGNOSTIC,    10, -6.348912108635e-01, 6.440472659837e-04, 9.5420e+00, 4.4481e-01, 
 2DIAGNOSTIC,    11, -6.348787024483e-01, 4.885663510171e-04, 1.0014e+01, 4.7180e-01, 
 2DIAGNOSTIC,    12, -6.348740333886e-01, 3.346837489686e-04, 1.0497e+01, 4.8324e-01, 
 2DIAGNOSTIC,    13, -6.348725527142e-01, 1.911641978578e-04, 1.0974e+01, 4.7711e-01, 
 2DIAGNOSTIC,    14, -6.348716484401e-01, 6.919865338285e-05, 1.1434e+01, 4.6004e-01, 
 2DIAGNOSTIC,    15, -6.348722758957e-01, 5.498083121516e-06, 1.1962e+01, 5.2784e-01, 
 2DIAGNOSTIC,    16, -6.348710912895e-01, 3.259366481032e-06, 1.2456e+01, 4.9402e-01, 
 2DIAGNOSTIC,    17, -6.348719737721e-01, 1.799462814950e-06, 1.2935e+01, 4.7863e-01, 
DIAGNOSTIC,Iteration,metricValue,convergenceValue,ITERATION_TIME_INDEX,SINCE_LAST
 2DIAGNOSTIC,     1, -5.591076717736e-01, 1.797693134862e+308, 1.6702e+01, 3.7669e+00, 
 2DIAGNOSTIC,     2, -5.591841878885e-01, 1.797693134862e+308, 1.9641e+01, 2.9393e+00, 
 2DIAGNOSTIC,     3, -5.591920811309e-01, 1.797693134862e+308, 2.2906e+01, 3.2654e+00, 
 2DIAGNOSTIC,     4, -5.591940727909e-01, 1.797693134862e+308, 2.5849e+01, 2.9431e+00, 
 2DIAGNOSTIC,     5, -5.591956161512e-01, 1.797693134862e+308, 2.8788e+01, 2.9387e+00, 
 2DIAGNOSTIC,     6, -5.591952133898e-01, 1.797693134862e+308, 3.2092e+01, 3.3044e+00, 
 2DIAGNOSTIC,     7, -5.591944053261e-01, 1.797693134862e+308, 3.5076e+01, 2.9837e+00, 
 2DIAGNOSTIC,     8, -5.591947055883e-01, 1.797693134862e+308, 3.8373e+01, 3.2970e+00, 
 2DIAGNOSTIC,     9, -5.591938553462e-01, 1.797693134862e+308, 4.1399e+01, 3.0259e+00, 
 2DIAGNOSTIC,    10, -5.591937671606e-01, 8.084311576922e-06, 4.5446e+01, 4.0468e+00, 
 2DIAGNOSTIC,    11, -5.591936345045e-01, 3.363528148947e-06, 4.8433e+01, 2.9875e+00, 
 2DIAGNOSTIC,    12, -5.591935666672e-01, 2.617828948948e-06, 5.1391e+01, 2.9572e+00, 
 2DIAGNOSTIC,    13, -5.591934205621e-01, 2.290965324767e-06, 5.4303e+01, 2.9123e+00, 
 2DIAGNOSTIC,    14, -5.591933017199e-01, 2.091229038062e-06, 5.7586e+01, 3.2828e+00, 
 2DIAGNOSTIC,    15, -5.591926479632e-01, 1.965207897359e-06, 6.0819e+01, 3.2331e+00, 
 2DIAGNOSTIC,    16, -5.591925405773e-01, 1.853964834431e-06, 6.4073e+01, 3.2545e+00, 
 2DIAGNOSTIC,    17, -5.591925553102e-01, 1.743700013372e-06, 6.6852e+01, 2.7786e+00, 
 2DIAGNOSTIC,    18, -5.591924285568e-01, 1.662701350769e-06, 6.9515e+01, 2.6631e+00, 
 2DIAGNOSTIC,    19, -5.591923139253e-01, 1.574289279521e-06, 7.2255e+01, 2.7397e+00, 
 2DIAGNOSTIC,    20, -5.591923640820e-01, 1.503405588667e-06, 7.4966e+01, 2.7117e+00, 
 2DIAGNOSTIC,    21, -5.591924488674e-01, 1.446169565877e-06, 7.7969e+01, 3.0031e+00, 
 2DIAGNOSTIC,    22, -5.591925498234e-01, 1.401053561771e-06, 8.0930e+01, 2.9609e+00, 
 2DIAGNOSTIC,    23, -5.591924051945e-01, 1.357528303388e-06, 8.4120e+01, 3.1897e+00, 
 2DIAGNOSTIC,    24, -5.591922880532e-01, 1.315589390441e-06, 8.7091e+01, 2.9707e+00, 
 2DIAGNOSTIC,    25, -5.591922698652e-01, 1.264343464313e-06, 8.9716e+01, 2.6249e+00, 
 2DIAGNOSTIC,    26, -5.591921944647e-01, 1.214047282948e-06, 9.2723e+01, 3.0074e+00, 
 2DIAGNOSTIC,    27, -5.591922380407e-01, 1.169491921735e-06, 9.5318e+01, 2.5955e+00, 
 2DIAGNOSTIC,    28, -5.591921227327e-01, 1.124638699446e-06, 9.8328e+01, 3.0097e+00, 
 2DIAGNOSTIC,    29, -5.591923277236e-01, 1.085654598838e-06, 1.0173e+02, 3.4060e+00, 
 2DIAGNOSTIC,    30, -5.591922653370e-01, 1.049971605070e-06, 1.0477e+02, 3.0391e+00, 
 2DIAGNOSTIC,    31, -5.591920297104e-01, 1.015049659242e-06, 1.0743e+02, 2.6610e+00, 
  Elapsed time (stage 0): 1.0907e+02


Total elapsed time: 1.0907e+02
VFC_BACKENDS=libinterflop_ieee.so
Info [verificarlo]: loaded backend libinterflop_ieee.so
Info [interflop-ieee]: load backend with:
Info [interflop-ieee]: debug = false
Info [interflop-ieee]: debug-binary = false
Info [interflop-ieee]: no-backend-name = false
Info [interflop-ieee]: print-new-line = false
Info [interflop-ieee]: print-subnormal-normalized = false
Info [interflop-ieee]: count-op = false
All_Command_lines_OK
Using double precision for computations.
=============================================================================
The composite transform comprises the following transforms (in order): 
  1. /project/rrg-glatard/mdugre/datasets/corr/RawDataBIDS/BMB_1/derivatives/vprec-space_search/0100/r8-p15/sub-0003024/affine_Composite.h5[0] (type = Euler3DTransform)
  2. /project/rrg-glatard/mdugre/datasets/corr/RawDataBIDS/BMB_1/derivatives/vprec-space_search/0100/r8-p15/sub-0003024/affine_Composite.h5[1] (type = Euler3DTransform)
  3. /project/rrg-glatard/mdugre/datasets/corr/RawDataBIDS/BMB_1/derivatives/vprec-space_search/0100/r8-p15/sub-0003024/affine_Composite.h5[2] (type = Euler3DTransform)
  4. /project/rrg-glatard/mdugre/datasets/corr/RawDataBIDS/BMB_1/derivatives/vprec-space_search/0100/r8-p15/sub-0003024/affine_Composite.h5[3] (type = AffineTransform)
=============================================================================
  number of levels = 4
  fixed image: /templateflow/tpl-MNI152NLin2009cAsym/tpl-MNI152NLin2009cAsym_res-01_desc-brain_T1w.nii.gz
  moving image: /project/rrg-glatard/mdugre/datasets/corr/RawDataBIDS/BMB_1/derivatives/antsBrainExtraction/sub-0003024/BrainExtractionBrain.nii.gz
Dimension = 3
Number of stages = 1
Use histogram matching = false
Winsorize image intensities = true
  Lower quantile = 0.005
  Upper quantile = 0.995


Stage 1 State
   Image metric = CC
     Fixed image = Image (0x3db6810)
  RTTI typeinfo:   itk::Image<double, 3u>
  Reference Count: 2
  Modified Time: 1606
  Debug: Off
  Object Name: 
  Observers: 
    none
  Source: (none)
  Source output name: (none)
  Release Data: Off
  Data Released: False
  Global Release Data: Off
  PipelineMTime: 0
  UpdateMTime: 1217
  RealTimeStamp: 0 seconds 
  LargestPossibleRegion: 
    Dimension: 3
    Index: [0, 0, 0]
    Size: [193, 229, 193]
  BufferedRegion: 
    Dimension: 3
    Index: [0, 0, 0]
    Size: [193, 229, 193]
  RequestedRegion: 
    Dimension: 3
    Index: [0, 0, 0]
    Size: [193, 229, 193]
  Spacing: [1, 1, 1]
  Origin: [96, 132, -78]
  Direction: 
-1 0 0
0 -1 0
0 0 1

  IndexToPointMatrix: 
-1 0 0
0 -1 0
0 0 1

  PointToIndexMatrix: 
-1 0 0
0 -1 0
0 0 1

  Inverse Direction: 
-1 0 0
0 -1 0
0 0 1

  PixelContainer: 
    ImportImageContainer (0x3e8c5f0)
      RTTI typeinfo:   itk::ImportImageContainer<unsigned long, double>
      Reference Count: 1
      Modified Time: 1214
      Debug: Off
      Object Name: 
      Observers: 
        none
      Pointer: 0x14c45fd77010
      Container manages memory: true
      Size: 8530021
      Capacity: 8530021

     Moving image = Image (0x3e8e280)
  RTTI typeinfo:   itk::Image<double, 3u>
  Reference Count: 2
  Modified Time: 1607
  Debug: Off
  Object Name: 
  Observers: 
    none
  Source: (none)
  Source output name: (none)
  Release Data: Off
  Data Released: False
  Global Release Data: Off
  PipelineMTime: 0
  UpdateMTime: 1604
  RealTimeStamp: 0 seconds 
  LargestPossibleRegion: 
    Dimension: 3
    Index: [0, 0, 0]
    Size: [176, 256, 256]
  BufferedRegion: 
    Dimension: 3
    Index: [0, 0, 0]
    Size: [176, 256, 256]
  RequestedRegion: 
    Dimension: 3
    Index: [0, 0, 0]
    Size: [176, 256, 256]
  Spacing: [1, 1, 1]
  Origin: [-87.5, 96.8795, -140.855]
  Direction: 
1 0 0
0 -1 0
0 0 1

  IndexToPointMatrix: 
1 0 0
0 -1 0
0 0 1

  PointToIndexMatrix: 
1 0 0
0 -1 0
0 0 1

  Inverse Direction: 
1 0 0
0 -1 0
0 0 1

  PixelContainer: 
    ImportImageContainer (0x3f4ee50)
      RTTI typeinfo:   itk::ImportImageContainer<unsigned long, double>
      Reference Count: 1
      Modified Time: 1601
      Debug: Off
      Object Name: 
      Observers: 
        none
      Pointer: 0x14c45a576010
      Container manages memory: true
      Size: 11534336
      Capacity: 11534336

     Weighting = 1
     Sampling strategy = none
     Number of bins = 32
     Radius = 4
     Sampling percentage  = 1
   Transform = SyN
     Gradient step = 0.1
     Update field sigma (voxel space) = 3
     Total field sigma (voxel space) = 0
     Update field time sigma = 0
     Total field time sigma  = 0
     Number of time indices = 0
     Number of time point samples = 0
Registration using 1 total stages.

Stage 0
  iterations = 100x70x50x20
  convergence threshold = 1e-06
  convergence window size = 10
  number of levels = 4
  using the CC metric (radius = 4, weight = 1, use gradient filter = 0)
  preprocessing:  winsorizing the image intensities
  Shrink factors (level 1 out of 4): [8, 8, 8]
  Shrink factors (level 2 out of 4): [4, 4, 4]
  Shrink factors (level 3 out of 4): [2, 2, 2]
  Shrink factors (level 4 out of 4): [1, 1, 1]
  smoothing sigmas per level: [3, 2, 1, 0]
  Using default NONE metricSamplingStrategy 

*** Running SyN registration (varianceForUpdateField = 3, varianceForTotalField = 0) ***

XXDIAGNOSTIC,Iteration,metricValue,convergenceValue,ITERATION_TIME_INDEX,SINCE_LAST
 1DIAGNOSTIC,     1, -9.299390803449e-01, 1.797693134862e+308, 1.6103e+00, 1.6103e+00, 
 1DIAGNOSTIC,     2, -9.374863747849e-01, 1.797693134862e+308, 1.9800e+00, 3.6979e-01, 
 1DIAGNOSTIC,     3, -9.430019593586e-01, 1.797693134862e+308, 2.3511e+00, 3.7109e-01, 
 1DIAGNOSTIC,     4, -9.464928949108e-01, 1.797693134862e+308, 2.7205e+00, 3.6940e-01, 
 1DIAGNOSTIC,     5, -9.490780006036e-01, 1.797693134862e+308, 3.0856e+00, 3.6510e-01, 
 1DIAGNOSTIC,     6, -9.511212110711e-01, 1.797693134862e+308, 3.4545e+00, 3.6882e-01, 
 1DIAGNOSTIC,     7, -9.528075192235e-01, 1.797693134862e+308, 3.8210e+00, 3.6656e-01, 
 1DIAGNOSTIC,     8, -9.543386547122e-01, 1.797693134862e+308, 4.1834e+00, 3.6234e-01, 
 1DIAGNOSTIC,     9, -9.557078938249e-01, 1.797693134862e+308, 4.5628e+00, 3.7945e-01, 
 1DIAGNOSTIC,    10, -9.569661803045e-01, 1.628340315206e-03, 4.9315e+00, 3.6870e-01, 
 1DIAGNOSTIC,    11, -9.580687434153e-01, 1.146439607709e-03, 5.2957e+00, 3.6416e-01, 
 1DIAGNOSTIC,    12, -9.591133873551e-01, 8.546522176473e-04, 5.6556e+00, 3.5990e-01, 
 1DIAGNOSTIC,    13, -9.600528753882e-01, 6.781787937026e-04, 6.0149e+00, 3.5930e-01, 
 1DIAGNOSTIC,    14, -9.609852640263e-01, 5.591005951289e-04, 6.3746e+00, 3.5970e-01, 
 1DIAGNOSTIC,    15, -9.617857888867e-01, 4.717909997999e-04, 6.7351e+00, 3.6056e-01, 
 1DIAGNOSTIC,    16, -9.624834890229e-01, 4.029818061620e-04, 7.0922e+00, 3.5706e-01, 
 1DIAGNOSTIC,    17, -9.631009923436e-01, 3.453769758118e-04, 7.4438e+00, 3.5161e-01, 
 1DIAGNOSTIC,    18, -9.637021113677e-01, 2.973917094508e-04, 7.7942e+00, 3.5044e-01, 
 1DIAGNOSTIC,    19, -9.642317803059e-01, 2.564759115919e-04, 8.1692e+00, 3.7491e-01, 
 1DIAGNOSTIC,    20, -9.647378263083e-01, 2.219683474406e-04, 8.5445e+00, 3.7530e-01, 
 1DIAGNOSTIC,    21, -9.651808115127e-01, 1.918880085201e-04, 8.9087e+00, 3.6421e-01, 
 1DIAGNOSTIC,    22, -9.655846711168e-01, 1.661659454011e-04, 9.2724e+00, 3.6371e-01, 
 1DIAGNOSTIC,    23, -9.659154003344e-01, 1.434784453377e-04, 9.6418e+00, 3.6937e-01, 
 1DIAGNOSTIC,    24, -9.662427585224e-01, 1.247952625097e-04, 1.0027e+01, 3.8494e-01, 
 1DIAGNOSTIC,    25, -9.665364098612e-01, 1.088664290399e-04, 1.0398e+01, 3.7121e-01, 
 1DIAGNOSTIC,    26, -9.668032702501e-01, 9.493790532077e-05, 1.0773e+01, 3.7517e-01, 
 1DIAGNOSTIC,    27, -9.670446993167e-01, 8.254596437073e-05, 1.1137e+01, 3.6421e-01, 
 1DIAGNOSTIC,    28, -9.672604583902e-01, 7.193399383972e-05, 1.1521e+01, 3.8407e-01, 
 1DIAGNOSTIC,    29, -9.674602818399e-01, 6.274098313772e-05, 1.1880e+01, 3.5863e-01, 
 1DIAGNOSTIC,    30, -9.676298175635e-01, 5.492908108604e-05, 1.2234e+01, 3.5409e-01, 
 1DIAGNOSTIC,    31, -9.677982017120e-01, 4.829986409853e-05, 1.2582e+01, 3.4839e-01, 
 1DIAGNOSTIC,    32, -9.679521697199e-01, 4.271876645982e-05, 1.2933e+01, 3.5047e-01, 
 1DIAGNOSTIC,    33, -9.680930355430e-01, 3.769832637445e-05, 1.3281e+01, 3.4851e-01, 
 1DIAGNOSTIC,    34, -9.682223610243e-01, 3.341917426847e-05, 1.3635e+01, 3.5385e-01, 
 1DIAGNOSTIC,    35, -9.683407875690e-01, 2.974496133410e-05, 1.4024e+01, 3.8882e-01, 
 1DIAGNOSTIC,    36, -9.684438605654e-01, 2.653871474008e-05, 1.4390e+01, 3.6556e-01, 
 1DIAGNOSTIC,    37, -9.685436523352e-01, 2.376211296909e-05, 1.4739e+01, 3.4942e-01, 
 1DIAGNOSTIC,    38, -9.686347252664e-01, 2.130975397395e-05, 1.5088e+01, 3.4930e-01, 
 1DIAGNOSTIC,    39, -9.687180362452e-01, 1.915696353098e-05, 1.5437e+01, 3.4856e-01, 
 1DIAGNOSTIC,    40, -9.687949622071e-01, 1.716271143948e-05, 1.5789e+01, 3.5235e-01, 
 1DIAGNOSTIC,    41, -9.688672647708e-01, 1.542025256709e-05, 1.6137e+01, 3.4746e-01, 
 1DIAGNOSTIC,    42, -9.689346788741e-01, 1.390262781389e-05, 1.6482e+01, 3.4534e-01, 
 1DIAGNOSTIC,    43, -9.689976012867e-01, 1.258355842402e-05, 1.6850e+01, 3.6771e-01, 
 1DIAGNOSTIC,    44, -9.690561005773e-01, 1.143886502077e-05, 1.7218e+01, 3.6789e-01, 
 1DIAGNOSTIC,    45, -9.691098350458e-01, 1.043858151156e-05, 1.7589e+01, 3.7157e-01, 
 1DIAGNOSTIC,    46, -9.691606709945e-01, 9.527176001046e-06, 1.7936e+01, 3.4692e-01, 
 1DIAGNOSTIC,    47, -9.691629089153e-01, 8.439084479235e-06, 1.8310e+01, 3.7417e-01, 
 1DIAGNOSTIC,    48, -9.691941378418e-01, 7.403754270854e-06, 1.8659e+01, 3.4897e-01, 
 1DIAGNOSTIC,    49, -9.692376106049e-01, 6.519306020011e-06, 1.9006e+01, 3.4648e-01, 
 1DIAGNOSTIC,    50, -9.692784512231e-01, 5.789535194450e-06, 1.9350e+01, 3.4425e-01, 
 1DIAGNOSTIC,    51, -9.693166272861e-01, 5.226043057451e-06, 1.9711e+01, 3.6113e-01, 
 1DIAGNOSTIC,    52, -9.693515642961e-01, 4.821602585886e-06, 2.0064e+01, 3.5312e-01, 
 1DIAGNOSTIC,    53, -9.693839229834e-01, 4.555151601759e-06, 2.0419e+01, 3.5436e-01, 
 1DIAGNOSTIC,    54, -9.694138027459e-01, 4.392558128983e-06, 2.0768e+01, 3.4912e-01, 
 1DIAGNOSTIC,    55, -9.694414415967e-01, 4.297818889682e-06, 2.1117e+01, 3.4897e-01, 
 1DIAGNOSTIC,    56, -9.694674088159e-01, 4.255131743815e-06, 2.1466e+01, 3.4909e-01, 
 1DIAGNOSTIC,    57, -9.694920192135e-01, 3.996435821673e-06, 2.1812e+01, 3.4628e-01, 
 1DIAGNOSTIC,    58, -9.695152677320e-01, 3.689188465581e-06, 2.2156e+01, 3.4387e-01, 
 1DIAGNOSTIC,    59, -9.695375713665e-01, 3.415456597444e-06, 2.2503e+01, 3.4663e-01, 
 1DIAGNOSTIC,    60, -9.695612003100e-01, 3.187592446000e-06, 2.2851e+01, 3.4839e-01, 
 1DIAGNOSTIC,    61, -9.695842696232e-01, 3.004116200273e-06, 2.3199e+01, 3.4823e-01, 
 1DIAGNOSTIC,    62, -9.695932829449e-01, 2.793507382630e-06, 2.3548e+01, 3.4850e-01, 
 1DIAGNOSTIC,    63, -9.696140171850e-01, 2.617601938908e-06, 2.3894e+01, 3.4642e-01, 
 1DIAGNOSTIC,    64, -9.696338144196e-01, 2.469484739136e-06, 2.4243e+01, 3.4875e-01, 
 1DIAGNOSTIC,    65, -9.696530867387e-01, 2.345318363614e-06, 2.4603e+01, 3.6007e-01, 
 1DIAGNOSTIC,    66, -9.696719145189e-01, 2.243997843362e-06, 2.4950e+01, 3.4725e-01, 
 1DIAGNOSTIC,    67, -9.696902526550e-01, 2.163728998639e-06, 2.5294e+01, 3.4406e-01, 
 1DIAGNOSTIC,    68, -9.697081999027e-01, 2.100009408368e-06, 2.5641e+01, 3.4634e-01, 
 1DIAGNOSTIC,    69, -9.697254408026e-01, 2.046833195563e-06, 2.5993e+01, 3.5228e-01, 
 1DIAGNOSTIC,    70, -9.697421286290e-01, 2.009423823050e-06, 2.6345e+01, 3.5163e-01, 
 1DIAGNOSTIC,    71, -9.697583374167e-01, 1.985822277837e-06, 2.6694e+01, 3.4908e-01, 
 1DIAGNOSTIC,    72, -9.697740866428e-01, 1.914166971361e-06, 2.7046e+01, 3.5236e-01, 
 1DIAGNOSTIC,    73, -9.697891987740e-01, 1.845497056605e-06, 2.7398e+01, 3.5182e-01, 
 1DIAGNOSTIC,    74, -9.698036457839e-01, 1.777485517671e-06, 2.7748e+01, 3.5042e-01, 
 1DIAGNOSTIC,    75, -9.698176447687e-01, 1.710501720882e-06, 2.8097e+01, 3.4830e-01, 
 1DIAGNOSTIC,    76, -9.698312761261e-01, 1.645540901788e-06, 2.8442e+01, 3.4511e-01, 
 1DIAGNOSTIC,    77, -9.698451218307e-01, 1.585558977110e-06, 2.8784e+01, 3.4190e-01, 
 1DIAGNOSTIC,    78, -9.698586105288e-01, 1.531269768134e-06, 2.9127e+01, 3.4311e-01, 
 1DIAGNOSTIC,    79, -9.698717513522e-01, 1.481889739745e-06, 2.9470e+01, 3.4341e-01, 
 1DIAGNOSTIC,    80, -9.698844059299e-01, 1.436365589028e-06, 2.9811e+01, 3.4116e-01, 
 1DIAGNOSTIC,    81, -9.698966391995e-01, 1.393902262706e-06, 3.0155e+01, 3.4394e-01, 
 1DIAGNOSTIC,    82, -9.699085441522e-01, 1.353949847091e-06, 3.0498e+01, 3.4267e-01, 
 1DIAGNOSTIC,    83, -9.699200164221e-01, 1.314871558342e-06, 3.0836e+01, 3.3819e-01, 
 1DIAGNOSTIC,    84, -9.699307229618e-01, 1.273894374170e-06, 3.1180e+01, 3.4401e-01, 
 1DIAGNOSTIC,    85, -9.699409468502e-01, 1.230407223253e-06, 3.1518e+01, 3.3770e-01, 
 1DIAGNOSTIC,    86, -9.699509032346e-01, 1.185044647366e-06, 3.1856e+01, 3.3825e-01, 
 1DIAGNOSTIC,    87, -9.699606982746e-01, 1.141034992196e-06, 3.2205e+01, 3.4903e-01, 
 1DIAGNOSTIC,    88, -9.699701971414e-01, 1.099087947140e-06, 3.2553e+01, 3.4750e-01, 
 1DIAGNOSTIC,    89, -9.699796208157e-01, 1.060605301063e-06, 3.2891e+01, 3.3887e-01, 
 1DIAGNOSTIC,    90, -9.699887690789e-01, 1.025533233017e-06, 3.3227e+01, 3.3585e-01, 
 1DIAGNOSTIC,    91, -9.699975867967e-01, 9.935784281677e-07, 3.3569e+01, 3.4176e-01, 
XXDIAGNOSTIC,Iteration,metricValue,convergenceValue,ITERATION_TIME_INDEX,SINCE_LAST
 1DIAGNOSTIC,     1, -9.049628415486e-01, 1.797693134862e+308, 3.7790e+01, 4.2213e+00, 
 1DIAGNOSTIC,     2, -9.080548125370e-01, 1.797693134862e+308, 4.0702e+01, 2.9115e+00, 
 1DIAGNOSTIC,     3, -9.110723415371e-01, 1.797693134862e+308, 4.3598e+01, 2.8958e+00, 
 1DIAGNOSTIC,     4, -9.139001346917e-01, 1.797693134862e+308, 4.6683e+01, 3.0853e+00, 
 1DIAGNOSTIC,     5, -9.166477602716e-01, 1.797693134862e+308, 4.9700e+01, 3.0169e+00, 
 1DIAGNOSTIC,     6, -9.187109224752e-01, 1.797693134862e+308, 5.2763e+01, 3.0635e+00, 
 1DIAGNOSTIC,     7, -9.208665737779e-01, 1.797693134862e+308, 5.5768e+01, 3.0046e+00, 
 1DIAGNOSTIC,     8, -9.224981887836e-01, 1.797693134862e+308, 5.8770e+01, 3.0019e+00, 
 1DIAGNOSTIC,     9, -9.240195300780e-01, 1.797693134862e+308, 6.1709e+01, 2.9389e+00, 
 1DIAGNOSTIC,    10, -9.254197752142e-01, 1.430072585172e-03, 6.4600e+01, 2.8915e+00, 
 1DIAGNOSTIC,    11, -9.267062423647e-01, 1.168076174918e-03, 6.7439e+01, 2.8388e+00, 
 1DIAGNOSTIC,    12, -9.278921824164e-01, 9.546218366940e-04, 7.0297e+01, 2.8577e+00, 
 1DIAGNOSTIC,    13, -9.289979738849e-01, 7.852198287174e-04, 7.3131e+01, 2.8339e+00, 
 1DIAGNOSTIC,    14, -9.300376653837e-01, 6.533578004528e-04, 7.5982e+01, 2.8518e+00, 
 1DIAGNOSTIC,    15, -9.310247632056e-01, 5.559040207358e-04, 7.8865e+01, 2.8825e+00, 
 1DIAGNOSTIC,    16, -9.318681797850e-01, 4.751272738340e-04, 8.1725e+01, 2.8597e+00, 
 1DIAGNOSTIC,    17, -9.326666203075e-01, 4.134277920166e-04, 8.4578e+01, 2.8536e+00, 
 1DIAGNOSTIC,    18, -9.334342954044e-01, 3.612028364969e-04, 8.7428e+01, 2.8503e+00, 
 1DIAGNOSTIC,    19, -9.341595905052e-01, 3.171605242475e-04, 9.0286e+01, 2.8572e+00, 
 1DIAGNOSTIC,    20, -9.348388853625e-01, 2.798384768418e-04, 9.3135e+01, 2.8499e+00, 
 1DIAGNOSTIC,    21, -9.354701478727e-01, 2.479400423129e-04, 9.5996e+01, 2.8608e+00, 
 1DIAGNOSTIC,    22, -9.360700484795e-01, 2.206274817072e-04, 9.8853e+01, 2.8568e+00, 
 1DIAGNOSTIC,    23, -9.366392107389e-01, 1.972965536710e-04, 1.0172e+02, 2.8674e+00, 
 1DIAGNOSTIC,    24, -9.371799815974e-01, 1.775107954398e-04, 1.0459e+02, 2.8687e+00, 
 1DIAGNOSTIC,    25, -9.376680172067e-01, 1.606758931882e-04, 1.0746e+02, 2.8701e+00, 
 1DIAGNOSTIC,    26, -9.381143158264e-01, 1.451925733378e-04, 1.1038e+02, 2.9181e+00, 
 1DIAGNOSTIC,    27, -9.385186766893e-01, 1.307984567297e-04, 1.1333e+02, 2.9530e+00, 
 1DIAGNOSTIC,    28, -9.388858431512e-01, 1.174818056390e-04, 1.1625e+02, 2.9246e+00, 
 1DIAGNOSTIC,    29, -9.392214451664e-01, 1.051701204078e-04, 1.1922e+02, 2.9620e+00, 
 1DIAGNOSTIC,    30, -9.395223807722e-01, 9.372999975851e-05, 1.2219e+02, 2.9689e+00, 
 1DIAGNOSTIC,    31, -9.397971863977e-01, 8.310262224303e-05, 1.2519e+02, 3.0010e+00, 
 1DIAGNOSTIC,    32, -9.400478282348e-01, 7.340225228246e-05, 1.2812e+02, 2.9289e+00, 
 1DIAGNOSTIC,    33, -9.402794593144e-01, 6.475567031221e-05, 1.3107e+02, 2.9523e+00, 
 1DIAGNOSTIC,    34, -9.404959875500e-01, 5.729376409117e-05, 1.3404e+02, 2.9676e+00, 
 1DIAGNOSTIC,    35, -9.406943111809e-01, 5.082667035169e-05, 1.3701e+02, 2.9785e+00, 
 1DIAGNOSTIC,    36, -9.408762370335e-01, 4.524281637199e-05, 1.3993e+02, 2.9165e+00, 
 1DIAGNOSTIC,    37, -9.410418901360e-01, 4.039076876218e-05, 1.4282e+02, 2.8935e+00, 
 1DIAGNOSTIC,    38, -9.411935814172e-01, 3.614957764149e-05, 1.4570e+02, 2.8770e+00, 
 1DIAGNOSTIC,    39, -9.413336617481e-01, 3.244053033158e-05, 1.4858e+02, 2.8782e+00, 
 1DIAGNOSTIC,    40, -9.414638305275e-01, 2.915126299331e-05, 1.5147e+02, 2.8874e+00, 
 1DIAGNOSTIC,    41, -9.415856324881e-01, 2.623379215997e-05, 1.5435e+02, 2.8882e+00, 
 1DIAGNOSTIC,    42, -9.417012710685e-01, 2.365386679732e-05, 1.5728e+02, 2.9238e+00, 
 1DIAGNOSTIC,    43, -9.418158013961e-01, 2.143266131570e-05, 1.6016e+02, 2.8829e+00, 
 1DIAGNOSTIC,    44, -9.419188780900e-01, 1.952186958861e-05, 1.6305e+02, 2.8910e+00, 
 1DIAGNOSTIC,    45, -9.420191565038e-01, 1.789745870919e-05, 1.6594e+02, 2.8913e+00, 
 1DIAGNOSTIC,    46, -9.421154676699e-01, 1.652075584014e-05, 1.6883e+02, 2.8905e+00, 
 1DIAGNOSTIC,    47, -9.422047357648e-01, 1.531973076494e-05, 1.7172e+02, 2.8873e+00, 
 1DIAGNOSTIC,    48, -9.422871294082e-01, 1.423385859448e-05, 1.7459e+02, 2.8725e+00, 
 1DIAGNOSTIC,    49, -9.423608464510e-01, 1.320523649373e-05, 1.7751e+02, 2.9113e+00, 
 1DIAGNOSTIC,    50, -9.424271253441e-01, 1.219710935106e-05, 1.8039e+02, 2.8876e+00, 
 1DIAGNOSTIC,    51, -9.424873247177e-01, 1.119361828369e-05, 1.8327e+02, 2.8765e+00, 
 1DIAGNOSTIC,    52, -9.425404598173e-01, 1.018990858458e-05, 1.8615e+02, 2.8782e+00, 
 1DIAGNOSTIC,    53, -9.425860402323e-01, 9.214108240951e-06, 1.8906e+02, 2.9117e+00, 
 1DIAGNOSTIC,    54, -9.426261886353e-01, 8.245427609768e-06, 1.9195e+02, 2.8875e+00, 
 1DIAGNOSTIC,    55, -9.426683910805e-01, 7.356107018297e-06, 1.9483e+02, 2.8857e+00, 
 1DIAGNOSTIC,    56, -9.427016821819e-01, 6.542216791732e-06, 1.9772e+02, 2.8918e+00, 
 1DIAGNOSTIC,    57, -9.427299081089e-01, 5.802417384404e-06, 2.0060e+02, 2.8796e+00, 
 1DIAGNOSTIC,    58, -9.427550439176e-01, 5.142200548345e-06, 2.0349e+02, 2.8877e+00, 
 1DIAGNOSTIC,    59, -9.427775533174e-01, 4.553133395178e-06, 2.0641e+02, 2.9218e+00, 
 1DIAGNOSTIC,    60, -9.427975254836e-01, 4.029003699120e-06, 2.0930e+02, 2.8832e+00, 
 1DIAGNOSTIC,    61, -9.428148640067e-01, 3.567122535731e-06, 2.1218e+02, 2.8863e+00, 
 1DIAGNOSTIC,    62, -9.428330516500e-01, 3.173589526468e-06, 2.1514e+02, 2.9604e+00, 
 1DIAGNOSTIC,    63, -9.428458245175e-01, 2.814973190511e-06, 2.1806e+02, 2.9207e+00, 
 1DIAGNOSTIC,    64, -9.428581004279e-01, 2.490831649909e-06, 2.2100e+02, 2.9397e+00, 
 1DIAGNOSTIC,    65, -9.428717421666e-01, 2.243280644715e-06, 2.2398e+02, 2.9761e+00, 
 1DIAGNOSTIC,    66, -9.428786469608e-01, 2.016857032206e-06, 2.2691e+02, 2.9339e+00, 
 1DIAGNOSTIC,    67, -9.428848626500e-01, 1.804098574042e-06, 2.2982e+02, 2.9060e+00, 
 1DIAGNOSTIC,    68, -9.428910017803e-01, 1.608074418957e-06, 2.3276e+02, 2.9432e+00, 
 1DIAGNOSTIC,    69, -9.428998642154e-01, 1.444631492266e-06, 2.3565e+02, 2.8882e+00, 
 1DIAGNOSTIC,    70, -9.429026567001e-01, 1.288150621134e-06, 2.3859e+02, 2.9396e+00, 
XXDIAGNOSTIC,Iteration,metricValue,convergenceValue,ITERATION_TIME_INDEX,SINCE_LAST
 1DIAGNOSTIC,     1, -9.000014971552e-01, 1.797693134862e+308, 2.6444e+02, 2.5845e+01, 
 1DIAGNOSTIC,     2, -9.014713493085e-01, 1.797693134862e+308, 2.8888e+02, 2.4448e+01, 
 1DIAGNOSTIC,     3, -9.032817056237e-01, 1.797693134862e+308, 3.1357e+02, 2.4683e+01, 
 1DIAGNOSTIC,     4, -9.051683041301e-01, 1.797693134862e+308, 3.3932e+02, 2.5752e+01, 
 1DIAGNOSTIC,     5, -9.071631289044e-01, 1.797693134862e+308, 3.6551e+02, 2.6188e+01, 
 1DIAGNOSTIC,     6, -9.089888744969e-01, 1.797693134862e+308, 3.9197e+02, 2.6465e+01, 
 1DIAGNOSTIC,     7, -9.108427204468e-01, 1.797693134862e+308, 4.1804e+02, 2.6072e+01, 
 1DIAGNOSTIC,     8, -9.127317592350e-01, 1.797693134862e+308, 4.4442e+02, 2.6377e+01, 
 1DIAGNOSTIC,     9, -9.146460574825e-01, 1.797693134862e+308, 4.7083e+02, 2.6411e+01, 
 1DIAGNOSTIC,    10, -9.160497385535e-01, 1.165750944206e-03, 4.9711e+02, 2.6280e+01, 
 1DIAGNOSTIC,    11, -9.173825565162e-01, 1.044076470184e-03, 5.2332e+02, 2.6203e+01, 
 1DIAGNOSTIC,    12, -9.185388053129e-01, 9.170229575909e-04, 5.4943e+02, 2.6118e+01, 
 1DIAGNOSTIC,    13, -9.195543393556e-01, 7.940182708143e-04, 5.7558e+02, 2.6148e+01, 
 1DIAGNOSTIC,    14, -9.202957988097e-01, 6.744636177725e-04, 6.0180e+02, 2.6221e+01, 
 1DIAGNOSTIC,    15, -9.211103589132e-01, 5.674979608041e-04, 6.2822e+02, 2.6416e+01, 
 1DIAGNOSTIC,    16, -9.216881260499e-01, 4.684272723740e-04, 6.5466e+02, 2.6438e+01, 
 1DIAGNOSTIC,    17, -9.222154067336e-01, 3.812281565840e-04, 6.8111e+02, 2.6449e+01, 
 1DIAGNOSTIC,    18, -9.227022258276e-01, 3.092302726983e-04, 7.0721e+02, 2.6109e+01, 
 1DIAGNOSTIC,    19, -9.233064659302e-01, 2.572411005102e-04, 7.3376e+02, 2.6541e+01, 
 1DIAGNOSTIC,    20, -9.237188132124e-01, 2.145251161026e-04, 7.6016e+02, 2.6403e+01, 
 1DIAGNOSTIC,    21, -9.242612425183e-01, 1.835239041034e-04, 7.8652e+02, 2.6366e+01, 
 1DIAGNOSTIC,    22, -9.246234820566e-01, 1.595201636938e-04, 8.1314e+02, 2.6617e+01, 
 1DIAGNOSTIC,    23, -9.249748385473e-01, 1.411253953442e-04, 8.3941e+02, 2.6266e+01, 
 1DIAGNOSTIC,    24, -9.253241198978e-01, 1.250453482512e-04, 8.6548e+02, 2.6075e+01, 
 1DIAGNOSTIC,    25, -9.256707811230e-01, 1.128862401754e-04, 8.9128e+02, 2.5800e+01, 
 1DIAGNOSTIC,    26, -9.260221789090e-01, 1.021172131196e-04, 9.1700e+02, 2.5719e+01, 
 1DIAGNOSTIC,    27, -9.263747598689e-01, 9.263931101435e-05, 9.4262e+02, 2.5615e+01, 
 1DIAGNOSTIC,    28, -9.267300352623e-01, 8.439911554458e-05, 9.6840e+02, 2.5783e+01, 
 1DIAGNOSTIC,    29, -9.270916035932e-01, 7.909616831685e-05, 9.9457e+02, 2.6173e+01, 
 1DIAGNOSTIC,    30, -9.274536202305e-01, 7.461889175792e-05, 1.0203e+03, 2.5690e+01, 
 1DIAGNOSTIC,    31, -9.278083501389e-01, 7.233433328461e-05, 1.0456e+03, 2.5361e+01, 
 1DIAGNOSTIC,    32, -9.281228267149e-01, 6.989559984297e-05, 1.0714e+03, 2.5765e+01, 
 1DIAGNOSTIC,    33, -9.283877672179e-01, 6.677607434336e-05, 1.0972e+03, 2.5777e+01, 
 1DIAGNOSTIC,    34, -9.286118923978e-01, 6.274743097969e-05, 1.1231e+03, 2.5951e+01, 
 1DIAGNOSTIC,    35, -9.289612780971e-01, 5.916374973214e-05, 1.1491e+03, 2.6000e+01, 
 1DIAGNOSTIC,    36, -9.291086672412e-01, 5.442531500787e-05, 1.1754e+03, 2.6318e+01, 
 1DIAGNOSTIC,    37, -9.292365409935e-01, 4.882944151137e-05, 1.2015e+03, 2.6049e+01, 
 1DIAGNOSTIC,    38, -9.293534547129e-01, 4.277702889055e-05, 1.2277e+03, 2.6251e+01, 
 1DIAGNOSTIC,    39, -9.294620007261e-01, 3.671202021844e-05, 1.2539e+03, 2.6206e+01, 
 1DIAGNOSTIC,    40, -9.295625158823e-01, 3.103041697802e-05, 1.2798e+03, 2.5847e+01, 
 1DIAGNOSTIC,    41, -9.296595762403e-01, 2.609826928156e-05, 1.3057e+03, 2.5935e+01, 
 1DIAGNOSTIC,    42, -9.297544706867e-01, 2.197713315698e-05, 1.3318e+03, 2.6053e+01, 
 1DIAGNOSTIC,    43, -9.298525986218e-01, 1.860851099428e-05, 1.3579e+03, 2.6116e+01, 
 1DIAGNOSTIC,    44, -9.299522850647e-01, 1.589402844072e-05, 1.3837e+03, 2.5850e+01, 
 1DIAGNOSTIC,    45, -9.300533714869e-01, 1.491398529118e-05, 1.4097e+03, 2.5910e+01, 
 1DIAGNOSTIC,    46, -9.301440208508e-01, 1.419342024273e-05, 1.4357e+03, 2.6038e+01, 
 1DIAGNOSTIC,    47, -9.302237805440e-01, 1.355698187666e-05, 1.4618e+03, 2.6097e+01, 
 1DIAGNOSTIC,    48, -9.302981516432e-01, 1.292778096589e-05, 1.4875e+03, 2.5688e+01, 
 1DIAGNOSTIC,    49, -9.303677912783e-01, 1.225578639410e-05, 1.5137e+03, 2.6230e+01, 
 1DIAGNOSTIC,    50, -9.304301166855e-01, 1.148815696209e-05, 1.5398e+03, 2.6075e+01, 
XXDIAGNOSTIC,Iteration,metricValue,convergenceValue,ITERATION_TIME_INDEX,SINCE_LAST
 1DIAGNOSTIC,     1, -8.826699018150e-01, 1.797693134862e+308, 1.7860e+03, 2.4620e+02, 
 1DIAGNOSTIC,     2, -8.842773050017e-01, 1.797693134862e+308, 2.0289e+03, 2.4288e+02, 
 1DIAGNOSTIC,     3, -8.860817231516e-01, 1.797693134862e+308, 2.2757e+03, 2.4686e+02, 
 1DIAGNOSTIC,     4, -8.878807979663e-01, 1.797693134862e+308, 2.5215e+03, 2.4580e+02, 
 1DIAGNOSTIC,     5, -8.895244235273e-01, 1.797693134862e+308, 2.7674e+03, 2.4586e+02, 
 1DIAGNOSTIC,     6, -8.910352230591e-01, 1.797693134862e+308, 3.0105e+03, 2.4316e+02, 
 1DIAGNOSTIC,     7, -8.923849773833e-01, 1.797693134862e+308, 3.2545e+03, 2.4392e+02, 
 1DIAGNOSTIC,     8, -8.937502501696e-01, 1.797693134862e+308, 3.4997e+03, 2.4524e+02, 
 1DIAGNOSTIC,     9, -8.949534957610e-01, 1.797693134862e+308, 3.7445e+03, 2.4475e+02, 
 1DIAGNOSTIC,    10, -8.960257475348e-01, 9.747330690932e-04, 3.9806e+03, 2.3613e+02, 
 1DIAGNOSTIC,    11, -8.970743258851e-01, 8.340206418148e-04, 4.2118e+03, 2.3119e+02, 
 1DIAGNOSTIC,    12, -8.979141434741e-01, 7.065220485369e-04, 4.4522e+03, 2.4048e+02, 
 1DIAGNOSTIC,    13, -8.986717720036e-01, 5.972147815523e-04, 4.6946e+03, 2.4232e+02, 
 1DIAGNOSTIC,    14, -8.992637516177e-01, 5.033243057088e-04, 4.9379e+03, 2.4329e+02, 
 1DIAGNOSTIC,    15, -8.999364908480e-01, 4.249276028607e-04, 5.1799e+03, 2.4205e+02, 
 1DIAGNOSTIC,    16, -9.004400754838e-01, 3.571575497527e-04, 5.4208e+03, 2.4088e+02, 
 1DIAGNOSTIC,    17, -9.009298009988e-01, 2.986790111846e-04, 5.6627e+03, 2.4187e+02, 
 1DIAGNOSTIC,    18, -9.014028940220e-01, 2.514527239115e-04, 5.9057e+03, 2.4301e+02, 
 1DIAGNOSTIC,    19, -9.018598889229e-01, 2.135458130297e-04, 6.1486e+03, 2.4295e+02, 
 1DIAGNOSTIC,    20, -9.023031556975e-01, 1.834846799649e-04, 6.3921e+03, 2.4347e+02, 
  Elapsed time (stage 0): 6394.05


Total elapsed time: 6394.05
