
##########################
# Experiment information #
##########################
SIF_IMG: /project/rrg-glatard/mdugre/containers/ants-p2-vprec.sif
EXPERIMENT_NAME: vprec-space_search
CONFIG: 0100
VFC_BACKENDS: libinterflop_vprec.so --range-binary32=7 --precision-binary32=21 --range-binary64=7 --precision-binary64=21

FIXED_IMG: /templateflow/tpl-MNI152NLin2009cAsym/tpl-MNI152NLin2009cAsym_res-01_desc-brain_T1w.nii.gz
SUBJECT_ID: 0003016
INPUT_IMG: /project/rrg-glatard/mdugre/datasets/corr/RawDataBIDS/BMB_1/derivatives/antsBrainExtraction/sub-0003016/BrainExtractionBrain.nii.gz
OUTPUT_DIR: /project/rrg-glatard/mdugre/datasets/corr/RawDataBIDS/BMB_1/derivatives/vprec-space_search/0100/r7-p21/sub-0003016

ITK_GLOBAL_DEFAULT_NUMBER_OF_THREADS: 8
##########################

VFC_BACKENDS=libinterflop_ieee.so
Info [verificarlo]: loaded backend libinterflop_ieee.so
Info [interflop-ieee]: load backend with:
Info [interflop-ieee]: debug = false
Info [interflop-ieee]: debug-binary = false
Info [interflop-ieee]: no-backend-name = false
Info [interflop-ieee]: print-new-line = false
Info [interflop-ieee]: print-subnormal-normalized = false
Info [interflop-ieee]: count-op = false
All_Command_lines_OK
Using double precision for computations.
=============================================================================
The composite transform comprises the following transforms (in order): 
  1. Center of mass alignment using fixed image: /templateflow/tpl-MNI152NLin2009cAsym/tpl-MNI152NLin2009cAsym_res-01_desc-brain_T1w.nii.gz and moving image: /project/rrg-glatard/mdugre/datasets/corr/RawDataBIDS/BMB_1/derivatives/antsBrainExtraction/sub-0003016/BrainExtractionBrain.nii.gz (type = Euler3DTransform)
=============================================================================
  number of levels = 1
  fixed image: /templateflow/tpl-MNI152NLin2009cAsym/tpl-MNI152NLin2009cAsym_res-01_desc-brain_T1w.nii.gz
  moving image: /project/rrg-glatard/mdugre/datasets/corr/RawDataBIDS/BMB_1/derivatives/antsBrainExtraction/sub-0003016/BrainExtractionBrain.nii.gz
Dimension = 3
Number of stages = 1
Use histogram matching = false
Winsorize image intensities = true
  Lower quantile = 0.005
  Upper quantile = 0.995


Stage 1 State
   Image metric = MattesMI
     Fixed image = Image (0x3b53390)
  RTTI typeinfo:   itk::Image<double, 3u>
  Reference Count: 2
  Modified Time: 2330
  Debug: Off
  Object Name: 
  Observers: 
    none
  Source: (none)
  Source output name: (none)
  Release Data: Off
  Data Released: False
  Global Release Data: Off
  PipelineMTime: 0
  UpdateMTime: 1941
  RealTimeStamp: 0 seconds 
  LargestPossibleRegion: 
    Dimension: 3
    Index: [0, 0, 0]
    Size: [193, 229, 193]
  BufferedRegion: 
    Dimension: 3
    Index: [0, 0, 0]
    Size: [193, 229, 193]
  RequestedRegion: 
    Dimension: 3
    Index: [0, 0, 0]
    Size: [193, 229, 193]
  Spacing: [1, 1, 1]
  Origin: [96, 132, -78]
  Direction: 
-1 0 0
0 -1 0
0 0 1

  IndexToPointMatrix: 
-1 0 0
0 -1 0
0 0 1

  PointToIndexMatrix: 
-1 0 0
0 -1 0
0 0 1

  Inverse Direction: 
-1 0 0
0 -1 0
0 0 1

  PixelContainer: 
    ImportImageContainer (0x3c1ea90)
      RTTI typeinfo:   itk::ImportImageContainer<unsigned long, double>
      Reference Count: 1
      Modified Time: 1938
      Debug: Off
      Object Name: 
      Observers: 
        none
      Pointer: 0x14b69b3b1010
      Container manages memory: true
      Size: 8530021
      Capacity: 8530021

     Moving image = Image (0x3b58390)
  RTTI typeinfo:   itk::Image<double, 3u>
  Reference Count: 2
  Modified Time: 2331
  Debug: Off
  Object Name: 
  Observers: 
    none
  Source: (none)
  Source output name: (none)
  Release Data: Off
  Data Released: False
  Global Release Data: Off
  PipelineMTime: 0
  UpdateMTime: 2328
  RealTimeStamp: 0 seconds 
  LargestPossibleRegion: 
    Dimension: 3
    Index: [0, 0, 0]
    Size: [176, 256, 256]
  BufferedRegion: 
    Dimension: 3
    Index: [0, 0, 0]
    Size: [176, 256, 256]
  RequestedRegion: 
    Dimension: 3
    Index: [0, 0, 0]
    Size: [176, 256, 256]
  Spacing: [1, 1, 1]
  Origin: [-87.5, 93.2651, -125.795]
  Direction: 
1 0 0
0 -1 0
0 0 1

  IndexToPointMatrix: 
1 0 0
0 -1 0
0 0 1

  PointToIndexMatrix: 
1 0 0
0 -1 0
0 0 1

  Inverse Direction: 
1 0 0
0 -1 0
0 0 1

  PixelContainer: 
    ImportImageContainer (0x3cfeb90)
      RTTI typeinfo:   itk::ImportImageContainer<unsigned long, double>
      Reference Count: 1
      Modified Time: 2325
      Debug: Off
      Object Name: 
      Observers: 
        none
      Pointer: 0x14b695bb0010
      Container manages memory: true
      Size: 11534336
      Capacity: 11534336

     Weighting = 1
     Sampling strategy = regular
     Number of bins = 32
     Radius = 4
     Sampling percentage  = 0.25
   Transform = Rigid
     Gradient step = 0.1
     Update field sigma (voxel space) = 0
     Total field sigma (voxel space) = 0
     Update field time sigma = 0
     Total field time sigma  = 0
     Number of time indices = 0
     Number of time point samples = 0
Registration using 1 total stages.

Stage 0
  iterations = 0
  convergence threshold = 1e-06
  convergence window size = 10
  number of levels = 1
  using the Mattes MI metric (number of bins = 32, weight = 1, use gradient filter = 0)
  preprocessing:  winsorizing the image intensities
  Shrink factors (level 1 out of 1): [1, 1, 1]
  smoothing sigmas per level: [0]
  regular sampling (percentage = 0.25)

*** Running Euler3DTransform registration ***

  Elapsed time (stage 0): 0.924625


Total elapsed time: 0.926051
VFC_BACKENDS=libinterflop_vprec.so --range-binary32=7 --precision-binary32=21 --range-binary64=7 --precision-binary64=21
Info [verificarlo]: loaded backend libinterflop_vprec.so
Info [interflop-vprec]: load backend with: 
Info [interflop-vprec]: precision-binary32 = 21
Info [interflop-vprec]: range-binary32 = 7
Info [interflop-vprec]: precision-binary64 = 21
Info [interflop-vprec]: range-binary64 = 7
Info [interflop-vprec]: mode = ob
Info [interflop-vprec]: error-mode = rel
Info [interflop-vprec]: max-abs-error-exponent = -1022
Info [interflop-vprec]: daz = false
Info [interflop-vprec]: ftz = false
Info [interflop-vprec]: 	instrument = none
Info [interflop-vprec]: 	prec-input-file = (null)
Info [interflop-vprec]: 	prec-output-file = (null)
Info [interflop-vprec]: 	prec-log-file = (null)
All_Command_lines_OK
Using double precision for computations.
=============================================================================
The composite transform comprises the following transforms (in order): 
  1. /project/rrg-glatard/mdugre/datasets/corr/RawDataBIDS/BMB_1/derivatives/vprec-space_search/0100/r7-p21/sub-0003016/align_Composite.h5[0] (type = Euler3DTransform)
  2. /project/rrg-glatard/mdugre/datasets/corr/RawDataBIDS/BMB_1/derivatives/vprec-space_search/0100/r7-p21/sub-0003016/align_Composite.h5[1] (type = Euler3DTransform)
=============================================================================
  number of levels = 4
  fixed image: /templateflow/tpl-MNI152NLin2009cAsym/tpl-MNI152NLin2009cAsym_res-01_desc-brain_T1w.nii.gz
  moving image: /project/rrg-glatard/mdugre/datasets/corr/RawDataBIDS/BMB_1/derivatives/antsBrainExtraction/sub-0003016/BrainExtractionBrain.nii.gz
Dimension = 3
Number of stages = 1
Use histogram matching = false
Winsorize image intensities = true
  Lower quantile = 0.005
  Upper quantile = 0.995


Stage 1 State
   Image metric = MattesMI
     Fixed image = Image (0x351f300)
  RTTI typeinfo:   itk::Image<double, 3u>
  Reference Count: 2
  Modified Time: 1578
  Debug: Off
  Object Name: 
  Observers: 
    none
  Source: (none)
  Source output name: (none)
  Release Data: Off
  Data Released: False
  Global Release Data: Off
  PipelineMTime: 0
  UpdateMTime: 1189
  RealTimeStamp: 0 seconds 
  LargestPossibleRegion: 
    Dimension: 3
    Index: [0, 0, 0]
    Size: [193, 229, 193]
  BufferedRegion: 
    Dimension: 3
    Index: [0, 0, 0]
    Size: [193, 229, 193]
  RequestedRegion: 
    Dimension: 3
    Index: [0, 0, 0]
    Size: [193, 229, 193]
  Spacing: [1, 1, 1]
  Origin: [96, 132, -78]
  Direction: 
-1 0 0
0 -1 0
0 0 1

  IndexToPointMatrix: 
-1 0 0
0 -1 0
0 0 1

  PointToIndexMatrix: 
-1 0 0
0 -1 0
0 0 1

  Inverse Direction: 
-1 0 0
0 -1 0
0 0 1

  PixelContainer: 
    ImportImageContainer (0x35e24b0)
      RTTI typeinfo:   itk::ImportImageContainer<unsigned long, double>
      Reference Count: 1
      Modified Time: 1186
      Debug: Off
      Object Name: 
      Observers: 
        none
      Pointer: 0x1471da1c2010
      Container manages memory: true
      Size: 8530021
      Capacity: 8530021

     Moving image = Image (0x35e21c0)
  RTTI typeinfo:   itk::Image<double, 3u>
  Reference Count: 2
  Modified Time: 1579
  Debug: Off
  Object Name: 
  Observers: 
    none
  Source: (none)
  Source output name: (none)
  Release Data: Off
  Data Released: False
  Global Release Data: Off
  PipelineMTime: 0
  UpdateMTime: 1576
  RealTimeStamp: 0 seconds 
  LargestPossibleRegion: 
    Dimension: 3
    Index: [0, 0, 0]
    Size: [176, 256, 256]
  BufferedRegion: 
    Dimension: 3
    Index: [0, 0, 0]
    Size: [176, 256, 256]
  RequestedRegion: 
    Dimension: 3
    Index: [0, 0, 0]
    Size: [176, 256, 256]
  Spacing: [1, 1, 1]
  Origin: [-87.5, 93.2651, -125.795]
  Direction: 
1 0 0
0 -1 0
0 0 1

  IndexToPointMatrix: 
1 0 0
0 -1 0
0 0 1

  PointToIndexMatrix: 
1 0 0
0 -1 0
0 0 1

  Inverse Direction: 
1 0 0
0 -1 0
0 0 1

  PixelContainer: 
    ImportImageContainer (0x36a5010)
      RTTI typeinfo:   itk::ImportImageContainer<unsigned long, double>
      Reference Count: 1
      Modified Time: 1573
      Debug: Off
      Object Name: 
      Observers: 
        none
      Pointer: 0x1471d49c1010
      Container manages memory: true
      Size: 11534336
      Capacity: 11534336

     Weighting = 1
     Sampling strategy = regular
     Number of bins = 32
     Radius = 4
     Sampling percentage  = 0.25
   Transform = Rigid
     Gradient step = 0.1
     Update field sigma (voxel space) = 0
     Total field sigma (voxel space) = 0
     Update field time sigma = 0
     Total field time sigma  = 0
     Number of time indices = 0
     Number of time point samples = 0
Registration using 1 total stages.

Stage 0
  iterations = 1000x500x250x100
  convergence threshold = 1e-06
  convergence window size = 10
  number of levels = 4
  using the Mattes MI metric (number of bins = 32, weight = 1, use gradient filter = 0)
  preprocessing:  winsorizing the image intensities
  Shrink factors (level 1 out of 4): [8, 8, 8]
  Shrink factors (level 2 out of 4): [4, 4, 4]
  Shrink factors (level 3 out of 4): [2, 2, 2]
  Shrink factors (level 4 out of 4): [1, 1, 1]
  smoothing sigmas per level: [3, 2, 1, 0]
  regular sampling (percentage = 0.25)

*** Running Euler3DTransform registration ***

DIAGNOSTIC,Iteration,metricValue,convergenceValue,ITERATION_TIME_INDEX,SINCE_LAST
 2DIAGNOSTIC,     1, -6.953522583256e-01, 1.797693134862e+308, 0.0000e+00, 0.0000e+00, 
 2DIAGNOSTIC,     2, -6.972620277359e-01, 1.797693134862e+308, 0.0000e+00, 0.0000e+00, 
 2DIAGNOSTIC,     3, -7.004456763923e-01, 1.797693134862e+308, 0.0000e+00, 0.0000e+00, 
 2DIAGNOSTIC,     4, -7.062794637876e-01, 1.797693134862e+308, 0.0000e+00, 0.0000e+00, 
 2DIAGNOSTIC,     5, -7.145489667761e-01, 1.797693134862e+308, 0.0000e+00, 0.0000e+00, 
 2DIAGNOSTIC,     6, -7.230011189667e-01, 1.797693134862e+308, 0.0000e+00, 0.0000e+00, 
 2DIAGNOSTIC,     7, -7.377673767647e-01, 1.797693134862e+308, 0.0000e+00, 0.0000e+00, 
 2DIAGNOSTIC,     8, -7.470461952802e-01, 1.797693134862e+308, 0.0000e+00, 0.0000e+00, 
 2DIAGNOSTIC,     9, -7.562402535884e-01, 1.797693134862e+308, 0.0000e+00, 0.0000e+00, 
 2DIAGNOSTIC,    10, -7.627932198456e-01, 6.588787895204e-03, 0.0000e+00, 0.0000e+00, 
 2DIAGNOSTIC,    11, -7.862148616498e-01, 6.946521911659e-03, 0.0000e+00, 0.0000e+00, 
 2DIAGNOSTIC,    12, -7.942949917962e-01, 6.916915885080e-03, 0.0000e+00, 0.0000e+00, 
 2DIAGNOSTIC,    13, -8.017432567464e-01, 6.580359547737e-03, 0.0000e+00, 0.0000e+00, 
 2DIAGNOSTIC,    14, -8.061326000045e-01, 5.982121682365e-03, 0.0000e+00, 0.0000e+00, 
 2DIAGNOSTIC,    15, -8.385327681791e-01, 5.937153245289e-03, 0.0000e+00, 0.0000e+00, 
 2DIAGNOSTIC,    16, -8.402789367766e-01, 5.564700145302e-03, 0.0000e+00, 0.0000e+00, 
 2DIAGNOSTIC,    17, -8.411516368484e-01, 5.077163888732e-03, 0.0000e+00, 0.0000e+00, 
 2DIAGNOSTIC,    18, -8.414838203661e-01, 4.392246924646e-03, 0.0000e+00, 0.0000e+00, 
 2DIAGNOSTIC,    19, -8.431625047865e-01, 3.592757240050e-03, 0.0000e+00, 0.0000e+00, 
 2DIAGNOSTIC,    20, -8.438978167145e-01, 2.662657970717e-03, 0.0000e+00, 0.0000e+00, 
 2DIAGNOSTIC,    21, -8.440566661837e-01, 1.988674814707e-03, 0.0000e+00, 0.0000e+00, 
 2DIAGNOSTIC,    22, -8.441631481856e-01, 1.337944630969e-03, 0.0000e+00, 0.0000e+00, 
 2DIAGNOSTIC,    23, -8.439707788949e-01, 7.426956730716e-04, 0.0000e+00, 0.0000e+00, 
 2DIAGNOSTIC,    24, -8.444335571935e-01, 1.907986058448e-04, 0.0000e+00, 0.0000e+00, 
 2DIAGNOSTIC,    25, -8.452399625735e-01, 1.466128075509e-04, 0.0000e+00, 0.0000e+00, 
 2DIAGNOSTIC,    26, -8.451709045511e-01, 1.153628089992e-04, 0.0000e+00, 0.0000e+00, 
 2DIAGNOSTIC,    27, -8.451233044028e-01, 8.736558623142e-05, 0.0000e+00, 0.0000e+00, 
 2DIAGNOSTIC,    28, -8.448842477697e-01, 5.430512859345e-05, 0.0000e+00, 0.0000e+00, 
 2DIAGNOSTIC,    29, -8.450918773658e-01, 4.161407300059e-05, 0.0000e+00, 0.0000e+00, 
 2DIAGNOSTIC,    30, -8.457049946739e-01, 4.165070427048e-05, 0.0000e+00, 0.0000e+00, 
 2DIAGNOSTIC,    31, -8.457549618168e-01, 4.004030399910e-05, 0.0000e+00, 0.0000e+00, 
 2DIAGNOSTIC,    32, -8.456477282352e-01, 3.523813422533e-05, 0.0000e+00, 0.0000e+00, 
 2DIAGNOSTIC,    33, -8.455528371532e-01, 2.455400812682e-05, 0.0000e+00, 0.0000e+00, 
 2DIAGNOSTIC,    34, -8.454394486844e-01, 1.565171669154e-05, 0.0000e+00, 0.0000e+00, 
 2DIAGNOSTIC,    35, -8.453442460322e-01, 1.293663828956e-05, 0.0000e+00, 0.0000e+00, 
 2DIAGNOSTIC,    36, -8.454182487598e-01, 9.280143998532e-06, 0.0000e+00, 0.0000e+00, 
 2DIAGNOSTIC,    37, -8.455388154725e-01, 5.886380569076e-06, 0.0000e+00, 0.0000e+00, 
 2DIAGNOSTIC,    38, -8.458099342291e-01, 2.507654303013e-06, 0.0000e+00, 0.0000e+00, 
 2DIAGNOSTIC,    39, -8.458847763487e-01, 1.509644073416e-06, 0.0000e+00, 0.0000e+00, 
 2DIAGNOSTIC,    40, -8.459227917385e-01, 6.221217094451e-06, 0.0000e+00, 0.0000e+00, 
 2DIAGNOSTIC,    41, -8.459430309325e-01, 1.080505973479e-05, 0.0000e+00, 0.0000e+00, 
 2DIAGNOSTIC,    42, -8.458210668626e-01, 1.227602248565e-05, 0.0000e+00, 0.0000e+00, 
 2DIAGNOSTIC,    43, -8.458428357391e-01, 1.200350010561e-05, 0.0000e+00, 0.0000e+00, 
 2DIAGNOSTIC,    44, -8.457477019991e-01, 9.025362210438e-06, 0.0000e+00, 0.0000e+00, 
 2DIAGNOSTIC,    45, -8.459423743899e-01, 6.195564541751e-06, 0.0000e+00, 0.0000e+00, 
 2DIAGNOSTIC,    46, -8.457010035650e-01, 1.661166915256e-06, 0.0000e+00, 0.0000e+00, 
DIAGNOSTIC,Iteration,metricValue,convergenceValue,ITERATION_TIME_INDEX,SINCE_LAST
 2DIAGNOSTIC,     1, -6.985907975488e-01, 1.797693134862e+308, 0.0000e+00, 0.0000e+00, 
 2DIAGNOSTIC,     2, -6.990218091066e-01, 1.797693134862e+308, 0.0000e+00, 0.0000e+00, 
 2DIAGNOSTIC,     3, -6.992716429429e-01, 1.797693134862e+308, 0.0000e+00, 0.0000e+00, 
 2DIAGNOSTIC,     4, -6.994489669349e-01, 1.797693134862e+308, 0.0000e+00, 0.0000e+00, 
 2DIAGNOSTIC,     5, -6.997057585222e-01, 1.797693134862e+308, 0.0000e+00, 0.0000e+00, 
 2DIAGNOSTIC,     6, -7.007499387882e-01, 1.797693134862e+308, 0.0000e+00, 0.0000e+00, 
 2DIAGNOSTIC,     7, -7.013222870565e-01, 1.797693134862e+308, 0.0000e+00, 0.0000e+00, 
 2DIAGNOSTIC,     8, -7.013835933936e-01, 1.797693134862e+308, 0.0000e+00, 0.0000e+00, 
 2DIAGNOSTIC,     9, -7.013908369156e-01, 1.797693134862e+308, 0.0000e+00, 0.0000e+00, 
 2DIAGNOSTIC,    10, -7.013789816349e-01, 3.030395918204e-04, 0.0000e+00, 0.0000e+00, 
 2DIAGNOSTIC,    11, -7.013737697028e-01, 2.402734808604e-04, 0.0000e+00, 0.0000e+00, 
 2DIAGNOSTIC,    12, -7.013634226215e-01, 1.804350696095e-04, 0.0000e+00, 0.0000e+00, 
 2DIAGNOSTIC,    13, -7.013384318642e-01, 1.211521965309e-04, 0.0000e+00, 0.0000e+00, 
 2DIAGNOSTIC,    14, -7.013414996102e-01, 6.522264793291e-05, 0.0000e+00, 0.0000e+00, 
 2DIAGNOSTIC,    15, -7.013459081136e-01, 1.747005706432e-05, 0.0000e+00, 0.0000e+00, 
DIAGNOSTIC,Iteration,metricValue,convergenceValue,ITERATION_TIME_INDEX,SINCE_LAST
 2DIAGNOSTIC,     1, -6.003845180105e-01, 1.797693134862e+308, 0.0000e+00, 0.0000e+00, 
 2DIAGNOSTIC,     2, -6.007933754424e-01, 1.797693134862e+308, 0.0000e+00, 0.0000e+00, 
 2DIAGNOSTIC,     3, -6.010764732961e-01, 1.797693134862e+308, 0.0000e+00, 0.0000e+00, 
 2DIAGNOSTIC,     4, -6.011395462285e-01, 1.797693134862e+308, 0.0000e+00, 0.0000e+00, 
 2DIAGNOSTIC,     5, -6.012065225502e-01, 1.797693134862e+308, 0.0000e+00, 0.0000e+00, 
 2DIAGNOSTIC,     6, -6.012785387369e-01, 1.797693134862e+308, 0.0000e+00, 0.0000e+00, 
 2DIAGNOSTIC,     7, -6.012870167323e-01, 1.797693134862e+308, 0.0000e+00, 0.0000e+00, 
 2DIAGNOSTIC,     8, -6.013068613429e-01, 1.797693134862e+308, 0.0000e+00, 0.0000e+00, 
 2DIAGNOSTIC,     9, -6.013028613198e-01, 1.797693134862e+308, 0.0000e+00, 0.0000e+00, 
 2DIAGNOSTIC,    10, -6.013047119109e-01, 7.920254697193e-05, 0.0000e+00, 0.0000e+00, 
 2DIAGNOSTIC,    11, -6.013025729126e-01, 4.035418927352e-05, 0.0000e+00, 0.0000e+00, 
 2DIAGNOSTIC,    12, -6.013040223493e-01, 2.052393390686e-05, 0.0000e+00, 0.0000e+00, 
 2DIAGNOSTIC,    13, -6.013054066286e-01, 1.246990320890e-05, 0.0000e+00, 0.0000e+00, 
 2DIAGNOSTIC,    14, -6.013054527225e-01, 6.754892939040e-06, 0.0000e+00, 0.0000e+00, 
 2DIAGNOSTIC,    15, -6.013055020834e-01, 3.454884857867e-06, 0.0000e+00, 0.0000e+00, 
 2DIAGNOSTIC,    16, -6.013041608496e-01, 2.532938379471e-06, 0.0000e+00, 0.0000e+00, 
 2DIAGNOSTIC,    17, -6.013041167094e-01, 1.888296408889e-06, 0.0000e+00, 0.0000e+00, 
 2DIAGNOSTIC,    18, -6.013040838275e-01, 1.835839591950e-06, 0.0000e+00, 0.0000e+00, 
 2DIAGNOSTIC,    19, -6.013040894632e-01, 1.681336655984e-06, 0.0000e+00, 0.0000e+00, 
 2DIAGNOSTIC,    20, -6.013040728697e-01, 1.587658249737e-06, 0.0000e+00, 0.0000e+00, 
 2DIAGNOSTIC,    21, -6.013040960339e-01, 1.455713974391e-06, 0.0000e+00, 0.0000e+00, 
 2DIAGNOSTIC,    22, -6.013040834870e-01, 1.371640926312e-06, 0.0000e+00, 0.0000e+00, 
 2DIAGNOSTIC,    23, -6.013040868965e-01, 1.330096811476e-06, 0.0000e+00, 0.0000e+00, 
 2DIAGNOSTIC,    24, -6.013040549537e-01, 1.297081824343e-06, 0.0000e+00, 0.0000e+00, 
 2DIAGNOSTIC,    25, -6.013039998286e-01, 1.270157743982e-06, 0.0000e+00, 0.0000e+00, 
 2DIAGNOSTIC,    26, -6.013039590194e-01, 1.220589229155e-06, 0.0000e+00, 0.0000e+00, 
 2DIAGNOSTIC,    27, -6.013039687681e-01, 1.174534914460e-06, 0.0000e+00, 0.0000e+00, 
 2DIAGNOSTIC,    28, -6.013039723655e-01, 1.131743729517e-06, 0.0000e+00, 0.0000e+00, 
 2DIAGNOSTIC,    29, -6.013039456560e-01, 1.092126605935e-06, 0.0000e+00, 0.0000e+00, 
 2DIAGNOSTIC,    30, -6.013039630394e-01, 1.055778310305e-06, 0.0000e+00, 0.0000e+00, 
 2DIAGNOSTIC,    31, -6.013039732180e-01, 1.022851376327e-06, 0.0000e+00, 0.0000e+00, 
DIAGNOSTIC,Iteration,metricValue,convergenceValue,ITERATION_TIME_INDEX,SINCE_LAST
 2DIAGNOSTIC,     1, -5.412584332464e-01, 1.797693134862e+308, 0.0000e+00, 0.0000e+00, 
 2DIAGNOSTIC,     2, -5.414234261205e-01, 1.797693134862e+308, 0.0000e+00, 0.0000e+00, 
 2DIAGNOSTIC,     3, -5.414544528400e-01, 1.797693134862e+308, 0.0000e+00, 0.0000e+00, 
 2DIAGNOSTIC,     4, -5.414647505193e-01, 1.797693134862e+308, 0.0000e+00, 0.0000e+00, 
 2DIAGNOSTIC,     5, -5.414968328071e-01, 1.797693134862e+308, 0.0000e+00, 0.0000e+00, 
 2DIAGNOSTIC,     6, -5.415107117903e-01, 1.797693134862e+308, 0.0000e+00, 0.0000e+00, 
 2DIAGNOSTIC,     7, -5.415079134781e-01, 1.797693134862e+308, 0.0000e+00, 0.0000e+00, 
 2DIAGNOSTIC,     8, -5.415160146239e-01, 1.797693134862e+308, 0.0000e+00, 0.0000e+00, 
 2DIAGNOSTIC,     9, -5.415196272743e-01, 1.797693134862e+308, 0.0000e+00, 0.0000e+00, 
 2DIAGNOSTIC,    10, -5.415312086915e-01, 2.536068722639e-05, 0.0000e+00, 0.0000e+00, 
 2DIAGNOSTIC,    11, -5.415387417592e-01, 1.384141900179e-05, 0.0000e+00, 0.0000e+00, 
 2DIAGNOSTIC,    12, -5.415400368231e-01, 1.052130167775e-05, 0.0000e+00, 0.0000e+00, 
 2DIAGNOSTIC,    13, -5.415426851488e-01, 8.378321296063e-06, 0.0000e+00, 0.0000e+00, 
 2DIAGNOSTIC,    14, -5.415419402030e-01, 6.328568929154e-06, 0.0000e+00, 0.0000e+00, 
 2DIAGNOSTIC,    15, -5.415417027505e-01, 5.280191261656e-06, 0.0000e+00, 0.0000e+00, 
 2DIAGNOSTIC,    16, -5.415418261339e-01, 4.536091316634e-06, 0.0000e+00, 0.0000e+00, 
 2DIAGNOSTIC,    17, -5.415414581327e-01, 3.545034825476e-06, 0.0000e+00, 0.0000e+00, 
 2DIAGNOSTIC,    18, -5.415415843115e-01, 2.753109281578e-06, 0.0000e+00, 0.0000e+00, 
 2DIAGNOSTIC,    19, -5.415413356119e-01, 2.040182313867e-06, 0.0000e+00, 0.0000e+00, 
 2DIAGNOSTIC,    20, -5.415412322296e-01, 1.662074931345e-06, 5.1200e+02, 5.1200e+02, 
 2DIAGNOSTIC,    21, -5.415411333188e-01, 1.498931251176e-06, 5.1200e+02, 0.0000e+00, 
 2DIAGNOSTIC,    22, -5.415412123610e-01, 1.383013958745e-06, 5.1200e+02, 0.0000e+00, 
 2DIAGNOSTIC,    23, -5.415412837220e-01, 1.345656762249e-06, 5.1200e+02, 0.0000e+00, 
 2DIAGNOSTIC,    24, -5.415412778687e-01, 1.298749711449e-06, 5.1200e+02, 0.0000e+00, 
 2DIAGNOSTIC,    25, -5.415412525708e-01, 1.252734935057e-06, 5.1200e+02, 0.0000e+00, 
 2DIAGNOSTIC,    26, -5.415411766397e-01, 1.213458073065e-06, 5.1200e+02, 0.0000e+00, 
 2DIAGNOSTIC,    27, -5.415414319439e-01, 1.175841717278e-06, 5.1200e+02, 0.0000e+00, 
 2DIAGNOSTIC,    28, -5.415415592432e-01, 1.145916710854e-06, 5.1200e+02, 0.0000e+00, 
 2DIAGNOSTIC,    29, -5.415411099952e-01, 1.104655916934e-06, 5.1200e+02, 0.0000e+00, 
 2DIAGNOSTIC,    30, -5.415410530130e-01, 1.063165616898e-06, 5.1200e+02, 0.0000e+00, 
 2DIAGNOSTIC,    31, -5.415409790876e-01, 1.021241092990e-06, 5.1200e+02, 0.0000e+00, 
  Elapsed time (stage 0): 5.1200e+02


Total elapsed time: 5.1200e+02
VFC_BACKENDS=libinterflop_ieee.so
Info [verificarlo]: loaded backend libinterflop_ieee.so
Info [interflop-ieee]: load backend with:
Info [interflop-ieee]: debug = false
Info [interflop-ieee]: debug-binary = false
Info [interflop-ieee]: no-backend-name = false
Info [interflop-ieee]: print-new-line = false
Info [interflop-ieee]: print-subnormal-normalized = false
Info [interflop-ieee]: count-op = false
All_Command_lines_OK
Using double precision for computations.
=============================================================================
The composite transform comprises the following transforms (in order): 
  1. /project/rrg-glatard/mdugre/datasets/corr/RawDataBIDS/BMB_1/derivatives/vprec-space_search/0100/r7-p21/sub-0003016/rigid_Composite.h5[0] (type = Euler3DTransform)
  2. /project/rrg-glatard/mdugre/datasets/corr/RawDataBIDS/BMB_1/derivatives/vprec-space_search/0100/r7-p21/sub-0003016/rigid_Composite.h5[1] (type = Euler3DTransform)
  3. /project/rrg-glatard/mdugre/datasets/corr/RawDataBIDS/BMB_1/derivatives/vprec-space_search/0100/r7-p21/sub-0003016/rigid_Composite.h5[2] (type = Euler3DTransform)
=============================================================================
  number of levels = 4
  fixed image: /templateflow/tpl-MNI152NLin2009cAsym/tpl-MNI152NLin2009cAsym_res-01_desc-brain_T1w.nii.gz
  moving image: /project/rrg-glatard/mdugre/datasets/corr/RawDataBIDS/BMB_1/derivatives/antsBrainExtraction/sub-0003016/BrainExtractionBrain.nii.gz
Dimension = 3
Number of stages = 1
Use histogram matching = false
Winsorize image intensities = true
  Lower quantile = 0.005
  Upper quantile = 0.995


Stage 1 State
   Image metric = MattesMI
     Fixed image = Image (0x50ac650)
  RTTI typeinfo:   itk::Image<double, 3u>
  Reference Count: 2
  Modified Time: 1592
  Debug: Off
  Object Name: 
  Observers: 
    none
  Source: (none)
  Source output name: (none)
  Release Data: Off
  Data Released: False
  Global Release Data: Off
  PipelineMTime: 0
  UpdateMTime: 1203
  RealTimeStamp: 0 seconds 
  LargestPossibleRegion: 
    Dimension: 3
    Index: [0, 0, 0]
    Size: [193, 229, 193]
  BufferedRegion: 
    Dimension: 3
    Index: [0, 0, 0]
    Size: [193, 229, 193]
  RequestedRegion: 
    Dimension: 3
    Index: [0, 0, 0]
    Size: [193, 229, 193]
  Spacing: [1, 1, 1]
  Origin: [96, 132, -78]
  Direction: 
-1 0 0
0 -1 0
0 0 1

  IndexToPointMatrix: 
-1 0 0
0 -1 0
0 0 1

  PointToIndexMatrix: 
-1 0 0
0 -1 0
0 0 1

  Inverse Direction: 
-1 0 0
0 -1 0
0 0 1

  PixelContainer: 
    ImportImageContainer (0x50b91f0)
      RTTI typeinfo:   itk::ImportImageContainer<unsigned long, double>
      Reference Count: 1
      Modified Time: 1200
      Debug: Off
      Object Name: 
      Observers: 
        none
      Pointer: 0x1550d8a92010
      Container manages memory: true
      Size: 8530021
      Capacity: 8530021

     Moving image = Image (0x515c710)
  RTTI typeinfo:   itk::Image<double, 3u>
  Reference Count: 2
  Modified Time: 1593
  Debug: Off
  Object Name: 
  Observers: 
    none
  Source: (none)
  Source output name: (none)
  Release Data: Off
  Data Released: False
  Global Release Data: Off
  PipelineMTime: 0
  UpdateMTime: 1590
  RealTimeStamp: 0 seconds 
  LargestPossibleRegion: 
    Dimension: 3
    Index: [0, 0, 0]
    Size: [176, 256, 256]
  BufferedRegion: 
    Dimension: 3
    Index: [0, 0, 0]
    Size: [176, 256, 256]
  RequestedRegion: 
    Dimension: 3
    Index: [0, 0, 0]
    Size: [176, 256, 256]
  Spacing: [1, 1, 1]
  Origin: [-87.5, 93.2651, -125.795]
  Direction: 
1 0 0
0 -1 0
0 0 1

  IndexToPointMatrix: 
1 0 0
0 -1 0
0 0 1

  PointToIndexMatrix: 
1 0 0
0 -1 0
0 0 1

  Inverse Direction: 
1 0 0
0 -1 0
0 0 1

  PixelContainer: 
    ImportImageContainer (0x51fd050)
      RTTI typeinfo:   itk::ImportImageContainer<unsigned long, double>
      Reference Count: 1
      Modified Time: 1587
      Debug: Off
      Object Name: 
      Observers: 
        none
      Pointer: 0x1550d3291010
      Container manages memory: true
      Size: 11534336
      Capacity: 11534336

     Weighting = 1
     Sampling strategy = regular
     Number of bins = 32
     Radius = 4
     Sampling percentage  = 0.25
   Transform = Affine
     Gradient step = 0.1
     Update field sigma (voxel space) = 0
     Total field sigma (voxel space) = 0
     Update field time sigma = 0
     Total field time sigma  = 0
     Number of time indices = 0
     Number of time point samples = 0
Registration using 1 total stages.

Stage 0
  iterations = 1000x500x250x100
  convergence threshold = 1e-06
  convergence window size = 10
  number of levels = 4
  using the Mattes MI metric (number of bins = 32, weight = 1, use gradient filter = 0)
  preprocessing:  winsorizing the image intensities
  Shrink factors (level 1 out of 4): [8, 8, 8]
  Shrink factors (level 2 out of 4): [4, 4, 4]
  Shrink factors (level 3 out of 4): [2, 2, 2]
  Shrink factors (level 4 out of 4): [1, 1, 1]
  smoothing sigmas per level: [3, 2, 1, 0]
  regular sampling (percentage = 0.25)

*** Running AffineTransform registration ***

DIAGNOSTIC,Iteration,metricValue,convergenceValue,ITERATION_TIME_INDEX,SINCE_LAST
 2DIAGNOSTIC,     1, -8.406924240070e-01, 1.797693134862e+308, 1.1373e+00, 1.1373e+00, 
 2DIAGNOSTIC,     2, -8.428867173387e-01, 1.797693134862e+308, 1.1424e+00, 5.0910e-03, 
 2DIAGNOSTIC,     3, -8.461492435896e-01, 1.797693134862e+308, 1.1475e+00, 5.0812e-03, 
 2DIAGNOSTIC,     4, -8.515959198351e-01, 1.797693134862e+308, 1.1527e+00, 5.1911e-03, 
 2DIAGNOSTIC,     5, -8.597201420852e-01, 1.797693134862e+308, 1.1585e+00, 5.8601e-03, 
 2DIAGNOSTIC,     6, -8.800591981996e-01, 1.797693134862e+308, 1.1648e+00, 6.3219e-03, 
 2DIAGNOSTIC,     7, -8.832774823644e-01, 1.797693134862e+308, 1.1705e+00, 5.6870e-03, 
 2DIAGNOSTIC,     8, -8.911020856542e-01, 1.797693134862e+308, 1.1777e+00, 7.2019e-03, 
 2DIAGNOSTIC,     9, -8.916180682790e-01, 1.797693134862e+308, 1.1840e+00, 6.2561e-03, 
 2DIAGNOSTIC,    10, -8.912793854386e-01, 4.682176834386e-03, 1.1898e+00, 5.8270e-03, 
 2DIAGNOSTIC,    11, -8.908844492618e-01, 3.884900441307e-03, 1.1962e+00, 6.4158e-03, 
 2DIAGNOSTIC,    12, -8.909424906831e-01, 2.936152663553e-03, 1.2020e+00, 5.8119e-03, 
 2DIAGNOSTIC,    13, -8.909425197214e-01, 1.956505158723e-03, 1.2090e+00, 6.9468e-03, 
 2DIAGNOSTIC,    14, -8.908360785069e-01, 1.066729110655e-03, 1.2148e+00, 5.8310e-03, 
 2DIAGNOSTIC,    15, -8.907292396042e-01, 3.652986730512e-04, 1.2205e+00, 5.7020e-03, 
 2DIAGNOSTIC,    16, -8.905021135370e-01, 1.277208162158e-04, 1.2267e+00, 6.1829e-03, 
DIAGNOSTIC,Iteration,metricValue,convergenceValue,ITERATION_TIME_INDEX,SINCE_LAST
 2DIAGNOSTIC,     1, -7.582724426308e-01, 1.797693134862e+308, 2.4180e+00, 1.1913e+00, 
 2DIAGNOSTIC,     2, -7.592936653874e-01, 1.797693134862e+308, 2.4596e+00, 4.1593e-02, 
 2DIAGNOSTIC,     3, -7.601374344286e-01, 1.797693134862e+308, 2.5012e+00, 4.1627e-02, 
 2DIAGNOSTIC,     4, -7.606197215034e-01, 1.797693134862e+308, 2.5478e+00, 4.6569e-02, 
 2DIAGNOSTIC,     5, -7.605655618642e-01, 1.797693134862e+308, 2.6064e+00, 5.8633e-02, 
 2DIAGNOSTIC,     6, -7.605643184222e-01, 1.797693134862e+308, 2.6538e+00, 4.7387e-02, 
 2DIAGNOSTIC,     7, -7.605327717825e-01, 1.797693134862e+308, 2.7004e+00, 4.6641e-02, 
 2DIAGNOSTIC,     8, -7.605262578119e-01, 1.797693134862e+308, 2.7476e+00, 4.7178e-02, 
 2DIAGNOSTIC,     9, -7.605112549259e-01, 1.797693134862e+308, 2.7934e+00, 4.5769e-02, 
 2DIAGNOSTIC,    10, -7.604943123599e-01, 1.347058383843e-04, 2.8391e+00, 4.5762e-02, 
 2DIAGNOSTIC,    11, -7.604822803584e-01, 5.049774330169e-05, 2.8855e+00, 4.6412e-02, 
 2DIAGNOSTIC,    12, -7.605092321262e-01, 8.130844182455e-06, 2.9274e+00, 4.1824e-02, 
DIAGNOSTIC,Iteration,metricValue,convergenceValue,ITERATION_TIME_INDEX,SINCE_LAST
 2DIAGNOSTIC,     1, -6.350386358347e-01, 1.797693134862e+308, 4.6213e+00, 1.6940e+00, 
 2DIAGNOSTIC,     2, -6.356992244172e-01, 1.797693134862e+308, 4.9829e+00, 3.6159e-01, 
 2DIAGNOSTIC,     3, -6.360804533629e-01, 1.797693134862e+308, 5.3457e+00, 3.6280e-01, 
 2DIAGNOSTIC,     4, -6.368213669840e-01, 1.797693134862e+308, 6.0826e+00, 7.3693e-01, 
 2DIAGNOSTIC,     5, -6.368246267718e-01, 1.797693134862e+308, 6.5278e+00, 4.4514e-01, 
 2DIAGNOSTIC,     6, -6.368244785321e-01, 1.797693134862e+308, 6.9731e+00, 4.4528e-01, 
 2DIAGNOSTIC,     7, -6.368221718968e-01, 1.797693134862e+308, 7.3756e+00, 4.0257e-01, 
 2DIAGNOSTIC,     8, -6.368210894319e-01, 1.797693134862e+308, 7.7765e+00, 4.0085e-01, 
 2DIAGNOSTIC,     9, -6.368184921624e-01, 1.797693134862e+308, 8.1372e+00, 3.6073e-01, 
 2DIAGNOSTIC,    10, -6.368188369062e-01, 1.495796678219e-04, 8.4963e+00, 3.5910e-01, 
 2DIAGNOSTIC,    11, -6.368194166222e-01, 7.438334199573e-05, 8.8569e+00, 3.6061e-01, 
 2DIAGNOSTIC,    12, -6.368203940315e-01, 2.985927608447e-05, 9.2586e+00, 4.0170e-01, 
 2DIAGNOSTIC,    13, -6.368212473041e-01, 2.126591765864e-06, 9.7057e+00, 4.4708e-01, 
 2DIAGNOSTIC,    14, -6.368202314613e-01, 1.979980254141e-06, 1.0108e+01, 4.0245e-01, 
 2DIAGNOSTIC,    15, -6.368178134426e-01, 1.905209355196e-06, 1.0469e+01, 3.6089e-01, 
 2DIAGNOSTIC,    16, -6.368170590012e-01, 1.836295903099e-06, 1.0828e+01, 3.5928e-01, 
 2DIAGNOSTIC,    17, -6.368164233829e-01, 1.711199906697e-06, 1.1229e+01, 4.0076e-01, 
 2DIAGNOSTIC,    18, -6.368155129793e-01, 1.566497087858e-06, 1.1590e+01, 3.6127e-01, 
 2DIAGNOSTIC,    19, -6.368135393997e-01, 1.349276184247e-06, 1.1991e+01, 4.0077e-01, 
 2DIAGNOSTIC,    20, -6.368140700541e-01, 1.205607354726e-06, 1.2351e+01, 3.5952e-01, 
 2DIAGNOSTIC,    21, -6.368121571913e-01, 1.081824697130e-06, 1.2878e+01, 5.2712e-01, 
 2DIAGNOSTIC,    22, -6.368123407582e-01, 1.032701209776e-06, 1.3278e+01, 4.0021e-01, 
 2DIAGNOSTIC,    23, -6.368112014945e-01, 1.020862769499e-06, 1.3680e+01, 4.0221e-01, 
DIAGNOSTIC,Iteration,metricValue,convergenceValue,ITERATION_TIME_INDEX,SINCE_LAST
 2DIAGNOSTIC,     1, -5.658889732603e-01, 1.797693134862e+308, 1.7305e+01, 3.6247e+00, 
 2DIAGNOSTIC,     2, -5.664395657935e-01, 1.797693134862e+308, 1.9914e+01, 2.6093e+00, 
 2DIAGNOSTIC,     3, -5.671510625722e-01, 1.797693134862e+308, 2.2536e+01, 2.6216e+00, 
 2DIAGNOSTIC,     4, -5.680264892970e-01, 1.797693134862e+308, 2.5155e+01, 2.6188e+00, 
 2DIAGNOSTIC,     5, -5.702502755967e-01, 1.797693134862e+308, 2.8586e+01, 3.4313e+00, 
 2DIAGNOSTIC,     6, -5.703944194181e-01, 1.797693134862e+308, 3.3667e+01, 5.0812e+00, 
 2DIAGNOSTIC,     7, -5.703942584475e-01, 1.797693134862e+308, 3.7660e+01, 3.9927e+00, 
 2DIAGNOSTIC,     8, -5.703944046243e-01, 1.797693134862e+308, 4.0829e+01, 3.1693e+00, 
 2DIAGNOSTIC,     9, -5.703941938761e-01, 1.797693134862e+308, 4.3984e+01, 3.1553e+00, 
 2DIAGNOSTIC,    10, -5.703942883994e-01, 5.709524615586e-04, 4.6865e+01, 2.8803e+00, 
 2DIAGNOSTIC,    11, -5.703942002367e-01, 3.896028502422e-04, 4.9783e+01, 2.9181e+00, 
 2DIAGNOSTIC,    12, -5.703939889846e-01, 2.278519001178e-04, 5.2370e+01, 2.5875e+00, 
 2DIAGNOSTIC,    13, -5.703939871656e-01, 9.818258717063e-05, 5.5212e+01, 2.8421e+00, 
 2DIAGNOSTIC,    14, -5.703941345735e-01, 7.382313197621e-06, 5.8151e+01, 2.9389e+00, 
 2DIAGNOSTIC,    15, -5.703941610824e-01, 2.098572493586e-06, 6.1366e+01, 3.2146e+00, 
 2DIAGNOSTIC,    16, -5.703941076661e-01, 1.973110114628e-06, 6.4305e+01, 2.9390e+00, 
 2DIAGNOSTIC,    17, -5.703938711146e-01, 1.852515562825e-06, 6.6945e+01, 2.6404e+00, 
 2DIAGNOSTIC,    18, -5.703939757486e-01, 1.754616797751e-06, 6.9594e+01, 2.6485e+00, 
 2DIAGNOSTIC,    19, -5.703940034744e-01, 1.663191694708e-06, 7.2575e+01, 2.9814e+00, 
 2DIAGNOSTIC,    20, -5.703938820156e-01, 1.581370811930e-06, 7.5487e+01, 2.9117e+00, 
 2DIAGNOSTIC,    21, -5.703938472134e-01, 1.505837127123e-06, 7.8688e+01, 3.2014e+00, 
 2DIAGNOSTIC,    22, -5.703936111302e-01, 1.428173031441e-06, 8.1647e+01, 2.9588e+00, 
 2DIAGNOSTIC,    23, -5.703932377272e-01, 1.350914288913e-06, 8.4340e+01, 2.6929e+00, 
 2DIAGNOSTIC,    24, -5.703930648303e-01, 1.282755999532e-06, 8.7258e+01, 2.9185e+00, 
 2DIAGNOSTIC,    25, -5.703929966903e-01, 1.223341249822e-06, 8.9944e+01, 2.6859e+00, 
 2DIAGNOSTIC,    26, -5.703929845909e-01, 1.172058181891e-06, 9.2613e+01, 2.6683e+00, 
 2DIAGNOSTIC,    27, -5.703927687629e-01, 1.121128426713e-06, 9.5558e+01, 2.9456e+00, 
 2DIAGNOSTIC,    28, -5.703923215963e-01, 1.073396182938e-06, 9.8841e+01, 3.2830e+00, 
 2DIAGNOSTIC,    29, -5.703923896839e-01, 1.036857327302e-06, 1.0179e+02, 2.9530e+00, 
 2DIAGNOSTIC,    30, -5.703921512905e-01, 1.002258720628e-06, 1.0473e+02, 2.9392e+00, 
  Elapsed time (stage 0): 1.0629e+02


Total elapsed time: 1.0630e+02
VFC_BACKENDS=libinterflop_ieee.so
Info [verificarlo]: loaded backend libinterflop_ieee.so
Info [interflop-ieee]: load backend with:
Info [interflop-ieee]: debug = false
Info [interflop-ieee]: debug-binary = false
Info [interflop-ieee]: no-backend-name = false
Info [interflop-ieee]: print-new-line = false
Info [interflop-ieee]: print-subnormal-normalized = false
Info [interflop-ieee]: count-op = false
All_Command_lines_OK
Using double precision for computations.
=============================================================================
The composite transform comprises the following transforms (in order): 
  1. /project/rrg-glatard/mdugre/datasets/corr/RawDataBIDS/BMB_1/derivatives/vprec-space_search/0100/r7-p21/sub-0003016/affine_Composite.h5[0] (type = Euler3DTransform)
  2. /project/rrg-glatard/mdugre/datasets/corr/RawDataBIDS/BMB_1/derivatives/vprec-space_search/0100/r7-p21/sub-0003016/affine_Composite.h5[1] (type = Euler3DTransform)
  3. /project/rrg-glatard/mdugre/datasets/corr/RawDataBIDS/BMB_1/derivatives/vprec-space_search/0100/r7-p21/sub-0003016/affine_Composite.h5[2] (type = Euler3DTransform)
  4. /project/rrg-glatard/mdugre/datasets/corr/RawDataBIDS/BMB_1/derivatives/vprec-space_search/0100/r7-p21/sub-0003016/affine_Composite.h5[3] (type = AffineTransform)
=============================================================================
  number of levels = 4
  fixed image: /templateflow/tpl-MNI152NLin2009cAsym/tpl-MNI152NLin2009cAsym_res-01_desc-brain_T1w.nii.gz
  moving image: /project/rrg-glatard/mdugre/datasets/corr/RawDataBIDS/BMB_1/derivatives/antsBrainExtraction/sub-0003016/BrainExtractionBrain.nii.gz
Dimension = 3
Number of stages = 1
Use histogram matching = false
Winsorize image intensities = true
  Lower quantile = 0.005
  Upper quantile = 0.995


Stage 1 State
   Image metric = CC
     Fixed image = Image (0x3923810)
  RTTI typeinfo:   itk::Image<double, 3u>
  Reference Count: 2
  Modified Time: 1606
  Debug: Off
  Object Name: 
  Observers: 
    none
  Source: (none)
  Source output name: (none)
  Release Data: Off
  Data Released: False
  Global Release Data: Off
  PipelineMTime: 0
  UpdateMTime: 1217
  RealTimeStamp: 0 seconds 
  LargestPossibleRegion: 
    Dimension: 3
    Index: [0, 0, 0]
    Size: [193, 229, 193]
  BufferedRegion: 
    Dimension: 3
    Index: [0, 0, 0]
    Size: [193, 229, 193]
  RequestedRegion: 
    Dimension: 3
    Index: [0, 0, 0]
    Size: [193, 229, 193]
  Spacing: [1, 1, 1]
  Origin: [96, 132, -78]
  Direction: 
-1 0 0
0 -1 0
0 0 1

  IndexToPointMatrix: 
-1 0 0
0 -1 0
0 0 1

  PointToIndexMatrix: 
-1 0 0
0 -1 0
0 0 1

  Inverse Direction: 
-1 0 0
0 -1 0
0 0 1

  PixelContainer: 
    ImportImageContainer (0x3930a70)
      RTTI typeinfo:   itk::ImportImageContainer<unsigned long, double>
      Reference Count: 1
      Modified Time: 1214
      Debug: Off
      Object Name: 
      Observers: 
        none
      Pointer: 0x1473dbfcb010
      Container manages memory: true
      Size: 8530021
      Capacity: 8530021

     Moving image = Image (0x3935870)
  RTTI typeinfo:   itk::Image<double, 3u>
  Reference Count: 2
  Modified Time: 1607
  Debug: Off
  Object Name: 
  Observers: 
    none
  Source: (none)
  Source output name: (none)
  Release Data: Off
  Data Released: False
  Global Release Data: Off
  PipelineMTime: 0
  UpdateMTime: 1604
  RealTimeStamp: 0 seconds 
  LargestPossibleRegion: 
    Dimension: 3
    Index: [0, 0, 0]
    Size: [176, 256, 256]
  BufferedRegion: 
    Dimension: 3
    Index: [0, 0, 0]
    Size: [176, 256, 256]
  RequestedRegion: 
    Dimension: 3
    Index: [0, 0, 0]
    Size: [176, 256, 256]
  Spacing: [1, 1, 1]
  Origin: [-87.5, 93.2651, -125.795]
  Direction: 
1 0 0
0 -1 0
0 0 1

  IndexToPointMatrix: 
1 0 0
0 -1 0
0 0 1

  PointToIndexMatrix: 
1 0 0
0 -1 0
0 0 1

  Inverse Direction: 
1 0 0
0 -1 0
0 0 1

  PixelContainer: 
    ImportImageContainer (0x3996490)
      RTTI typeinfo:   itk::ImportImageContainer<unsigned long, double>
      Reference Count: 1
      Modified Time: 1601
      Debug: Off
      Object Name: 
      Observers: 
        none
      Pointer: 0x1473d67ca010
      Container manages memory: true
      Size: 11534336
      Capacity: 11534336

     Weighting = 1
     Sampling strategy = none
     Number of bins = 32
     Radius = 4
     Sampling percentage  = 1
   Transform = SyN
     Gradient step = 0.1
     Update field sigma (voxel space) = 3
     Total field sigma (voxel space) = 0
     Update field time sigma = 0
     Total field time sigma  = 0
     Number of time indices = 0
     Number of time point samples = 0
Registration using 1 total stages.

Stage 0
  iterations = 100x70x50x20
  convergence threshold = 1e-06
  convergence window size = 10
  number of levels = 4
  using the CC metric (radius = 4, weight = 1, use gradient filter = 0)
  preprocessing:  winsorizing the image intensities
  Shrink factors (level 1 out of 4): [8, 8, 8]
  Shrink factors (level 2 out of 4): [4, 4, 4]
  Shrink factors (level 3 out of 4): [2, 2, 2]
  Shrink factors (level 4 out of 4): [1, 1, 1]
  smoothing sigmas per level: [3, 2, 1, 0]
  Using default NONE metricSamplingStrategy 

*** Running SyN registration (varianceForUpdateField = 3, varianceForTotalField = 0) ***

XXDIAGNOSTIC,Iteration,metricValue,convergenceValue,ITERATION_TIME_INDEX,SINCE_LAST
 1DIAGNOSTIC,     1, -9.380951614791e-01, 1.797693134862e+308, 1.5337e+00, 1.5337e+00, 
 1DIAGNOSTIC,     2, -9.470868973879e-01, 1.797693134862e+308, 1.8764e+00, 3.4272e-01, 
 1DIAGNOSTIC,     3, -9.539513835429e-01, 1.797693134862e+308, 2.2182e+00, 3.4184e-01, 
 1DIAGNOSTIC,     4, -9.573132338834e-01, 1.797693134862e+308, 2.5589e+00, 3.4069e-01, 
 1DIAGNOSTIC,     5, -9.597021836456e-01, 1.797693134862e+308, 2.8970e+00, 3.3805e-01, 
 1DIAGNOSTIC,     6, -9.622482491638e-01, 1.797693134862e+308, 3.2354e+00, 3.3843e-01, 
 1DIAGNOSTIC,     7, -9.655557792466e-01, 1.797693134862e+308, 3.5748e+00, 3.3935e-01, 
 1DIAGNOSTIC,     8, -9.692289680611e-01, 1.797693134862e+308, 3.9130e+00, 3.3828e-01, 
 1DIAGNOSTIC,     9, -9.726214070680e-01, 1.797693134862e+308, 4.2588e+00, 3.4576e-01, 
 1DIAGNOSTIC,    10, -9.731454203691e-01, 2.145426325248e-03, 4.6110e+00, 3.5218e-01, 
 1DIAGNOSTIC,    11, -9.733708012754e-01, 1.583435287046e-03, 4.9561e+00, 3.4508e-01, 
 1DIAGNOSTIC,    12, -9.738945771807e-01, 1.205337450114e-03, 5.3050e+00, 3.4895e-01, 
 1DIAGNOSTIC,    13, -9.739850338981e-01, 9.327912411240e-04, 5.6461e+00, 3.4112e-01, 
 1DIAGNOSTIC,    14, -9.746370876872e-01, 6.986211386926e-04, 5.9861e+00, 3.4001e-01, 
 1DIAGNOSTIC,    15, -9.746223956922e-01, 4.790179539049e-04, 6.3272e+00, 3.4106e-01, 
 1DIAGNOSTIC,    16, -9.751433561036e-01, 2.999845871178e-04, 6.6683e+00, 3.4114e-01, 
 1DIAGNOSTIC,    17, -9.750523859734e-01, 1.692592879904e-04, 7.0088e+00, 3.4050e-01, 
 1DIAGNOSTIC,    18, -9.754139738870e-01, 1.022746769368e-04, 7.3492e+00, 3.4037e-01, 
 1DIAGNOSTIC,    19, -9.752637006929e-01, 8.297782004231e-05, 7.6861e+00, 3.3695e-01, 
 1DIAGNOSTIC,    20, -9.756522882366e-01, 7.154524869152e-05, 8.0248e+00, 3.3867e-01, 
 1DIAGNOSTIC,    21, -9.754955924373e-01, 5.539699846623e-05, 8.3673e+00, 3.4247e-01, 
 1DIAGNOSTIC,    22, -9.756125888122e-01, 4.438380052339e-05, 8.7067e+00, 3.3938e-01, 
 1DIAGNOSTIC,    23, -9.754087229815e-01, 2.868904374231e-05, 9.0479e+00, 3.4123e-01, 
 1DIAGNOSTIC,    24, -9.758086777608e-01, 2.473129097650e-05, 9.3878e+00, 3.3987e-01, 
 1DIAGNOSTIC,    25, -9.756888549153e-01, 1.699508342322e-05, 9.7286e+00, 3.4087e-01, 
 1DIAGNOSTIC,    26, -9.755201413562e-01, 1.246811995069e-05, 1.0069e+01, 3.4012e-01, 
 1DIAGNOSTIC,    27, -9.753530636481e-01, 4.456002320408e-06, 1.0407e+01, 3.3807e-01, 
 1DIAGNOSTIC,    28, -9.754445886936e-01, 1.545624194882e-06, 1.0746e+01, 3.3901e-01, 
 1DIAGNOSTIC,    29, -9.752698944125e-01, -4.727496655144e-06, 1.1085e+01, 3.3912e-01, 
XXDIAGNOSTIC,Iteration,metricValue,convergenceValue,ITERATION_TIME_INDEX,SINCE_LAST
 1DIAGNOSTIC,     1, -9.212951346777e-01, 1.797693134862e+308, 1.5258e+01, 4.1733e+00, 
 1DIAGNOSTIC,     2, -9.233334147790e-01, 1.797693134862e+308, 1.8227e+01, 2.9684e+00, 
 1DIAGNOSTIC,     3, -9.263011777461e-01, 1.797693134862e+308, 2.1184e+01, 2.9576e+00, 
 1DIAGNOSTIC,     4, -9.287550600972e-01, 1.797693134862e+308, 2.4137e+01, 2.9530e+00, 
 1DIAGNOSTIC,     5, -9.307901620144e-01, 1.797693134862e+308, 2.7056e+01, 2.9190e+00, 
 1DIAGNOSTIC,     6, -9.324674112398e-01, 1.797693134862e+308, 3.0021e+01, 2.9646e+00, 
 1DIAGNOSTIC,     7, -9.338968061666e-01, 1.797693134862e+308, 3.3005e+01, 2.9843e+00, 
 1DIAGNOSTIC,     8, -9.351669615844e-01, 1.797693134862e+308, 3.5994e+01, 2.9892e+00, 
 1DIAGNOSTIC,     9, -9.362391297144e-01, 1.797693134862e+308, 3.8988e+01, 2.9941e+00, 
 1DIAGNOSTIC,    10, -9.372257443971e-01, 1.105983147268e-03, 4.1950e+01, 2.9616e+00, 
 1DIAGNOSTIC,    11, -9.381257416129e-01, 8.871386649893e-04, 4.4950e+01, 3.0003e+00, 
 1DIAGNOSTIC,    12, -9.389668206587e-01, 6.975430706922e-04, 4.7975e+01, 3.0251e+00, 
 1DIAGNOSTIC,    13, -9.397595796588e-01, 5.616618258857e-04, 5.0958e+01, 2.9827e+00, 
 1DIAGNOSTIC,    14, -9.403934583432e-01, 4.608772158007e-04, 5.3896e+01, 2.9384e+00, 
 1DIAGNOSTIC,    15, -9.409642252588e-01, 3.840675308716e-04, 5.6895e+01, 2.9985e+00, 
 1DIAGNOSTIC,    16, -9.414812545000e-01, 3.231471633401e-04, 5.9909e+01, 3.0144e+00, 
 1DIAGNOSTIC,    17, -9.419610768682e-01, 2.735862625086e-04, 6.2923e+01, 3.0138e+00, 
 1DIAGNOSTIC,    18, -9.424034954972e-01, 2.330405678202e-04, 6.5941e+01, 3.0182e+00, 
 1DIAGNOSTIC,    19, -9.428141289906e-01, 1.987941984232e-04, 6.8960e+01, 3.0190e+00, 
 1DIAGNOSTIC,    20, -9.431928128195e-01, 1.701871240723e-04, 7.1983e+01, 3.0221e+00, 
 1DIAGNOSTIC,    21, -9.435425946817e-01, 1.464665018447e-04, 7.4998e+01, 3.0154e+00, 
 1DIAGNOSTIC,    22, -9.438718648744e-01, 1.273090791493e-04, 7.8003e+01, 3.0054e+00, 
 1DIAGNOSTIC,    23, -9.441774523973e-01, 1.123772453696e-04, 8.1015e+01, 3.0121e+00, 
 1DIAGNOSTIC,    24, -9.444631756081e-01, 9.977396909067e-05, 8.4044e+01, 3.0287e+00, 
 1DIAGNOSTIC,    25, -9.447280048015e-01, 8.895424692329e-05, 8.7068e+01, 3.0239e+00, 
 1DIAGNOSTIC,    26, -9.449818664949e-01, 7.960487354561e-05, 9.0082e+01, 3.0135e+00, 
 1DIAGNOSTIC,    27, -9.452230705216e-01, 7.156282863140e-05, 9.3103e+01, 3.0215e+00, 
 1DIAGNOSTIC,    28, -9.454480633646e-01, 6.459083746826e-05, 9.6117e+01, 3.0136e+00, 
 1DIAGNOSTIC,    29, -9.456598422210e-01, 5.853192404749e-05, 9.9136e+01, 3.0198e+00, 
 1DIAGNOSTIC,    30, -9.458612804633e-01, 5.323459428438e-05, 1.0214e+02, 3.0079e+00, 
 1DIAGNOSTIC,    31, -9.460520258422e-01, 4.855505152743e-05, 1.0512e+02, 2.9783e+00, 
 1DIAGNOSTIC,    32, -9.462362577433e-01, 4.446254359920e-05, 1.0809e+02, 2.9627e+00, 
 1DIAGNOSTIC,    33, -9.464104251806e-01, 4.084083729465e-05, 1.1111e+02, 3.0248e+00, 
 1DIAGNOSTIC,    34, -9.465750398504e-01, 3.760692680216e-05, 1.1412e+02, 3.0070e+00, 
 1DIAGNOSTIC,    35, -9.467352528022e-01, 3.470291995763e-05, 1.1712e+02, 3.0077e+00, 
 1DIAGNOSTIC,    36, -9.468897344480e-01, 3.213451582003e-05, 1.2015e+02, 3.0246e+00, 
 1DIAGNOSTIC,    37, -9.470404700738e-01, 2.989464387339e-05, 1.2318e+02, 3.0345e+00, 
 1DIAGNOSTIC,    38, -9.471777367358e-01, 2.785338586366e-05, 1.2621e+02, 3.0218e+00, 
 1DIAGNOSTIC,    39, -9.473109686000e-01, 2.598482581007e-05, 1.2925e+02, 3.0452e+00, 
 1DIAGNOSTIC,    40, -9.474459243362e-01, 2.432112411900e-05, 1.3228e+02, 3.0293e+00, 
 1DIAGNOSTIC,    41, -9.475774048788e-01, 2.283709464246e-05, 1.3528e+02, 3.0021e+00, 
 1DIAGNOSTIC,    42, -9.477040202171e-01, 2.152477319134e-05, 1.3831e+02, 3.0283e+00, 
 1DIAGNOSTIC,    43, -9.478259519377e-01, 2.034519397501e-05, 1.4133e+02, 3.0169e+00, 
 1DIAGNOSTIC,    44, -9.479433956037e-01, 1.925836464076e-05, 1.4435e+02, 3.0204e+00, 
 1DIAGNOSTIC,    45, -9.480543430736e-01, 1.824365988239e-05, 1.4737e+02, 3.0233e+00, 
 1DIAGNOSTIC,    46, -9.481583187452e-01, 1.726890798479e-05, 1.5036e+02, 2.9927e+00, 
 1DIAGNOSTIC,    47, -9.482554502424e-01, 1.632202855444e-05, 1.5336e+02, 2.9922e+00, 
 1DIAGNOSTIC,    48, -9.483458167349e-01, 1.533060813052e-05, 1.5636e+02, 2.9999e+00, 
 1DIAGNOSTIC,    49, -9.484239855360e-01, 1.425931826445e-05, 1.5932e+02, 2.9608e+00, 
 1DIAGNOSTIC,    50, -9.484975394259e-01, 1.316969383281e-05, 1.6225e+02, 2.9351e+00, 
 1DIAGNOSTIC,    51, -9.485735121819e-01, 1.213384468009e-05, 1.6523e+02, 2.9803e+00, 
 1DIAGNOSTIC,    52, -9.486388806075e-01, 1.113232489216e-05, 1.6822e+02, 2.9901e+00, 
 1DIAGNOSTIC,    53, -9.486991904510e-01, 1.018349232428e-05, 1.7123e+02, 3.0071e+00, 
 1DIAGNOSTIC,    54, -9.487529015379e-01, 9.294951839350e-06, 1.7423e+02, 3.0056e+00, 
 1DIAGNOSTIC,    55, -9.488082066614e-01, 8.504049792746e-06, 1.7722e+02, 2.9821e+00, 
 1DIAGNOSTIC,    56, -9.488560788008e-01, 7.786154817793e-06, 1.8020e+02, 2.9832e+00, 
 1DIAGNOSTIC,    57, -9.488988916714e-01, 7.130273569696e-06, 1.8319e+02, 2.9867e+00, 
 1DIAGNOSTIC,    58, -9.489437772299e-01, 6.561568762328e-06, 1.8616e+02, 2.9690e+00, 
 1DIAGNOSTIC,    59, -9.489826323620e-01, 6.024626637690e-06, 1.8911e+02, 2.9501e+00, 
 1DIAGNOSTIC,    60, -9.490221981985e-01, 5.538430581844e-06, 1.9204e+02, 2.9388e+00, 
 1DIAGNOSTIC,    61, -9.490530127889e-01, 5.107318981297e-06, 1.9499e+02, 2.9467e+00, 
 1DIAGNOSTIC,    62, -9.490840101931e-01, 4.712414239796e-06, 1.9793e+02, 2.9354e+00, 
 1DIAGNOSTIC,    63, -9.491138943939e-01, 4.352489831213e-06, 2.0086e+02, 2.9318e+00, 
 1DIAGNOSTIC,    64, -9.491436223927e-01, 4.020414068561e-06, 2.0380e+02, 2.9391e+00, 
 1DIAGNOSTIC,    65, -9.491677546860e-01, 3.722787217289e-06, 2.0674e+02, 2.9398e+00, 
 1DIAGNOSTIC,    66, -9.491935061315e-01, 3.455812183778e-06, 2.0969e+02, 2.9565e+00, 
 1DIAGNOSTIC,    67, -9.492165204745e-01, 3.202421202456e-06, 2.1262e+02, 2.9210e+00, 
 1DIAGNOSTIC,    68, -9.492391453594e-01, 2.989169654563e-06, 2.1554e+02, 2.9221e+00, 
 1DIAGNOSTIC,    69, -9.492594493382e-01, 2.793464962811e-06, 2.1849e+02, 2.9481e+00, 
 1DIAGNOSTIC,    70, -9.492798705383e-01, 2.634247209447e-06, 2.2144e+02, 2.9579e+00, 
XXDIAGNOSTIC,Iteration,metricValue,convergenceValue,ITERATION_TIME_INDEX,SINCE_LAST
 1DIAGNOSTIC,     1, -8.955131857994e-01, 1.797693134862e+308, 2.4716e+02, 2.5719e+01, 
 1DIAGNOSTIC,     2, -8.977588412174e-01, 1.797693134862e+308, 2.7195e+02, 2.4791e+01, 
 1DIAGNOSTIC,     3, -9.005320481939e-01, 1.797693134862e+308, 2.9672e+02, 2.4770e+01, 
 1DIAGNOSTIC,     4, -9.030320744560e-01, 1.797693134862e+308, 3.2120e+02, 2.4479e+01, 
 1DIAGNOSTIC,     5, -9.052874389245e-01, 1.797693134862e+308, 3.4560e+02, 2.4400e+01, 
 1DIAGNOSTIC,     6, -9.073566205982e-01, 1.797693134862e+308, 3.7037e+02, 2.4766e+01, 
 1DIAGNOSTIC,     7, -9.092577067761e-01, 1.797693134862e+308, 3.9492e+02, 2.4549e+01, 
 1DIAGNOSTIC,     8, -9.108690677015e-01, 1.797693134862e+308, 4.1944e+02, 2.4519e+01, 
 1DIAGNOSTIC,     9, -9.124231442228e-01, 1.797693134862e+308, 4.4375e+02, 2.4316e+01, 
 1DIAGNOSTIC,    10, -9.136832840708e-01, 1.305232594876e-03, 4.6838e+02, 2.4624e+01, 
 1DIAGNOSTIC,    11, -9.149478824292e-01, 1.091530356234e-03, 4.9303e+02, 2.4657e+01, 
 1DIAGNOSTIC,    12, -9.159724040398e-01, 9.000989752665e-04, 5.1760e+02, 2.4566e+01, 
 1DIAGNOSTIC,    13, -9.169099868736e-01, 7.456373543090e-04, 5.4212e+02, 2.4523e+01, 
 1DIAGNOSTIC,    14, -9.177558438817e-01, 6.198194806320e-04, 5.6658e+02, 2.4458e+01, 
 1DIAGNOSTIC,    15, -9.185178383947e-01, 5.166449996151e-04, 5.9081e+02, 2.4227e+01, 
 1DIAGNOSTIC,    16, -9.192038107284e-01, 4.324013336427e-04, 6.1508e+02, 2.4275e+01, 
 1DIAGNOSTIC,    17, -9.198330935629e-01, 3.644767292769e-04, 6.3927e+02, 2.4183e+01, 
 1DIAGNOSTIC,    18, -9.204084083356e-01, 3.080804721476e-04, 6.6368e+02, 2.4414e+01, 
 1DIAGNOSTIC,    19, -9.209475740951e-01, 2.632810688368e-04, 6.8830e+02, 2.4618e+01, 
 1DIAGNOSTIC,    20, -9.214452150383e-01, 2.256937020278e-04, 7.1285e+02, 2.4553e+01, 
 1DIAGNOSTIC,    21, -9.217525686104e-01, 1.938779309294e-04, 7.3708e+02, 2.4225e+01, 
 1DIAGNOSTIC,    22, -9.222080617416e-01, 1.677768370004e-04, 7.6124e+02, 2.4167e+01, 
 1DIAGNOSTIC,    23, -9.224880794988e-01, 1.446240258920e-04, 7.8596e+02, 2.4721e+01, 
 1DIAGNOSTIC,    24, -9.227687560675e-01, 1.244151374142e-04, 8.1068e+02, 2.4720e+01, 
 1DIAGNOSTIC,    25, -9.232170263202e-01, 1.091909534916e-04, 8.3607e+02, 2.5392e+01, 
 1DIAGNOSTIC,    26, -9.234924760252e-01, 9.630376596168e-05, 8.6112e+02, 2.5048e+01, 
 1DIAGNOSTIC,    27, -9.237733895030e-01, 8.578893834237e-05, 8.8587e+02, 2.4744e+01, 
 1DIAGNOSTIC,    28, -9.240660566862e-01, 7.757750433261e-05, 9.1063e+02, 2.4758e+01, 
 1DIAGNOSTIC,    29, -9.243715691822e-01, 7.164412374630e-05, 9.3511e+02, 2.4482e+01, 
 1DIAGNOSTIC,    30, -9.246495517776e-01, 6.737176012241e-05, 9.5980e+02, 2.4688e+01, 
 1DIAGNOSTIC,    31, -9.250402605850e-01, 6.396835403560e-05, 9.8443e+02, 2.4631e+01, 
 1DIAGNOSTIC,    32, -9.251979989983e-01, 6.069268081112e-05, 1.0089e+03, 2.4433e+01, 
 1DIAGNOSTIC,    33, -9.253188472704e-01, 5.571811100766e-05, 1.0328e+03, 2.3969e+01, 
 1DIAGNOSTIC,    34, -9.254248279788e-01, 4.929978146705e-05, 1.0567e+03, 2.3916e+01, 
 1DIAGNOSTIC,    35, -9.255242163995e-01, 4.345298635393e-05, 1.0810e+03, 2.4272e+01, 
 1DIAGNOSTIC,    36, -9.256154150588e-01, 3.698147451772e-05, 1.1056e+03, 2.4584e+01, 
 1DIAGNOSTIC,    37, -9.257030003000e-01, 3.047625875966e-05, 1.1298e+03, 2.4175e+01, 
 1DIAGNOSTIC,    38, -9.257967636501e-01, 2.463070871108e-05, 1.1540e+03, 2.4220e+01, 
 1DIAGNOSTIC,    39, -9.259025158966e-01, 2.005811924486e-05, 1.1781e+03, 2.4077e+01, 
 1DIAGNOSTIC,    40, -9.260196981624e-01, 1.686053108720e-05, 1.2026e+03, 2.4574e+01, 
 1DIAGNOSTIC,    41, -9.261540975468e-01, 1.622007040656e-05, 1.2275e+03, 2.4805e+01, 
 1DIAGNOSTIC,    42, -9.263068125061e-01, 1.639794165239e-05, 1.2521e+03, 2.4668e+01, 
 1DIAGNOSTIC,    43, -9.264797402580e-01, 1.716204328038e-05, 1.2768e+03, 2.4700e+01, 
 1DIAGNOSTIC,    44, -9.266725773338e-01, 1.839551795698e-05, 1.3014e+03, 2.4581e+01, 
 1DIAGNOSTIC,    45, -9.268899817921e-01, 2.003448635248e-05, 1.3261e+03, 2.4683e+01, 
 1DIAGNOSTIC,    46, -9.271330673052e-01, 2.197247779556e-05, 1.3508e+03, 2.4677e+01, 
 1DIAGNOSTIC,    47, -9.273638667560e-01, 2.385544550839e-05, 1.3753e+03, 2.4504e+01, 
 1DIAGNOSTIC,    48, -9.275631203045e-01, 2.530227708401e-05, 1.3994e+03, 2.4153e+01, 
 1DIAGNOSTIC,    49, -9.277376701648e-01, 2.607845105679e-05, 1.4234e+03, 2.3946e+01, 
 1DIAGNOSTIC,    50, -9.278919381034e-01, 2.604308084108e-05, 1.4473e+03, 2.3925e+01, 
XXDIAGNOSTIC,Iteration,metricValue,convergenceValue,ITERATION_TIME_INDEX,SINCE_LAST
 1DIAGNOSTIC,     1, -8.774796869432e-01, 1.797693134862e+308, 1.6783e+03, 2.3105e+02, 
 1DIAGNOSTIC,     2, -8.787292017218e-01, 1.797693134862e+308, 1.9058e+03, 2.2746e+02, 
 1DIAGNOSTIC,     3, -8.802757145996e-01, 1.797693134862e+308, 2.1358e+03, 2.3003e+02, 
 1DIAGNOSTIC,     4, -8.818051804448e-01, 1.797693134862e+308, 2.3661e+03, 2.3024e+02, 
 1DIAGNOSTIC,     5, -8.833890879030e-01, 1.797693134862e+308, 2.5926e+03, 2.2650e+02, 
 1DIAGNOSTIC,     6, -8.849261965775e-01, 1.797693134862e+308, 2.8165e+03, 2.2398e+02, 
 1DIAGNOSTIC,     7, -8.862672948228e-01, 1.797693134862e+308, 3.0420e+03, 2.2547e+02, 
 1DIAGNOSTIC,     8, -8.875047177972e-01, 1.797693134862e+308, 3.2647e+03, 2.2273e+02, 
 1DIAGNOSTIC,     9, -8.886473418200e-01, 1.797693134862e+308, 3.4922e+03, 2.2747e+02, 
 1DIAGNOSTIC,    10, -8.895519189500e-01, 9.083439027403e-04, 3.7187e+03, 2.2652e+02, 
 1DIAGNOSTIC,    11, -8.904106312774e-01, 7.838114835007e-04, 3.9418e+03, 2.2303e+02, 
 1DIAGNOSTIC,    12, -8.912117438406e-01, 6.642594578392e-04, 4.1675e+03, 2.2575e+02, 
 1DIAGNOSTIC,    13, -8.919639470598e-01, 5.595470393204e-04, 4.3925e+03, 2.2495e+02, 
 1DIAGNOSTIC,    14, -8.926980154084e-01, 4.704636291049e-04, 4.6171e+03, 2.2465e+02, 
 1DIAGNOSTIC,    15, -8.932542065001e-01, 3.957158426335e-04, 4.8401e+03, 2.2301e+02, 
 1DIAGNOSTIC,    16, -8.937544077738e-01, 3.346790368506e-04, 5.0684e+03, 2.2823e+02, 
 1DIAGNOSTIC,    17, -8.942246072003e-01, 2.839591262657e-04, 5.2950e+03, 2.2665e+02, 
 1DIAGNOSTIC,    18, -8.946605698107e-01, 2.421836981947e-04, 5.5227e+03, 2.2769e+02, 
 1DIAGNOSTIC,    19, -8.950705155324e-01, 2.084006271819e-04, 5.7497e+03, 2.2704e+02, 
 1DIAGNOSTIC,    20, -8.954608213253e-01, 1.792757574173e-04, 5.9750e+03, 2.2529e+02, 
  Elapsed time (stage 0): 5976.85


Total elapsed time: 5976.85
