
##########################
# Experiment information #
##########################
SIF_IMG: /project/rrg-glatard/mdugre/containers/ants-p2-vprec.sif
EXPERIMENT_NAME: vprec-space_search
CONFIG: 0100
VFC_BACKENDS: libinterflop_vprec.so --range-binary32=7 --precision-binary32=13 --range-binary64=7 --precision-binary64=13

FIXED_IMG: /templateflow/tpl-MNI152NLin2009cAsym/tpl-MNI152NLin2009cAsym_res-01_desc-brain_T1w.nii.gz
SUBJECT_ID: 0003037
INPUT_IMG: /project/rrg-glatard/mdugre/datasets/corr/RawDataBIDS/BMB_1/derivatives/antsBrainExtraction/sub-0003037/BrainExtractionBrain.nii.gz
OUTPUT_DIR: /project/rrg-glatard/mdugre/datasets/corr/RawDataBIDS/BMB_1/derivatives/vprec-space_search/0100/r7-p13/sub-0003037

ITK_GLOBAL_DEFAULT_NUMBER_OF_THREADS: 8
##########################

VFC_BACKENDS=libinterflop_ieee.so
Info [verificarlo]: loaded backend libinterflop_ieee.so
Info [interflop-ieee]: load backend with:
Info [interflop-ieee]: debug = false
Info [interflop-ieee]: debug-binary = false
Info [interflop-ieee]: no-backend-name = false
Info [interflop-ieee]: print-new-line = false
Info [interflop-ieee]: print-subnormal-normalized = false
Info [interflop-ieee]: count-op = false
All_Command_lines_OK
Using double precision for computations.
=============================================================================
The composite transform comprises the following transforms (in order): 
  1. Center of mass alignment using fixed image: /templateflow/tpl-MNI152NLin2009cAsym/tpl-MNI152NLin2009cAsym_res-01_desc-brain_T1w.nii.gz and moving image: /project/rrg-glatard/mdugre/datasets/corr/RawDataBIDS/BMB_1/derivatives/antsBrainExtraction/sub-0003037/BrainExtractionBrain.nii.gz (type = Euler3DTransform)
=============================================================================
  number of levels = 1
  fixed image: /templateflow/tpl-MNI152NLin2009cAsym/tpl-MNI152NLin2009cAsym_res-01_desc-brain_T1w.nii.gz
  moving image: /project/rrg-glatard/mdugre/datasets/corr/RawDataBIDS/BMB_1/derivatives/antsBrainExtraction/sub-0003037/BrainExtractionBrain.nii.gz
Dimension = 3
Number of stages = 1
Use histogram matching = false
Winsorize image intensities = true
  Lower quantile = 0.005
  Upper quantile = 0.995


Stage 1 State
   Image metric = MattesMI
     Fixed image = Image (0x4ac2390)
  RTTI typeinfo:   itk::Image<double, 3u>
  Reference Count: 2
  Modified Time: 2330
  Debug: Off
  Object Name: 
  Observers: 
    none
  Source: (none)
  Source output name: (none)
  Release Data: Off
  Data Released: False
  Global Release Data: Off
  PipelineMTime: 0
  UpdateMTime: 1941
  RealTimeStamp: 0 seconds 
  LargestPossibleRegion: 
    Dimension: 3
    Index: [0, 0, 0]
    Size: [193, 229, 193]
  BufferedRegion: 
    Dimension: 3
    Index: [0, 0, 0]
    Size: [193, 229, 193]
  RequestedRegion: 
    Dimension: 3
    Index: [0, 0, 0]
    Size: [193, 229, 193]
  Spacing: [1, 1, 1]
  Origin: [96, 132, -78]
  Direction: 
-1 0 0
0 -1 0
0 0 1

  IndexToPointMatrix: 
-1 0 0
0 -1 0
0 0 1

  PointToIndexMatrix: 
-1 0 0
0 -1 0
0 0 1

  Inverse Direction: 
-1 0 0
0 -1 0
0 0 1

  PixelContainer: 
    ImportImageContainer (0x4b8da90)
      RTTI typeinfo:   itk::ImportImageContainer<unsigned long, double>
      Reference Count: 1
      Modified Time: 1938
      Debug: Off
      Object Name: 
      Observers: 
        none
      Pointer: 0x1516c8f7a010
      Container manages memory: true
      Size: 8530021
      Capacity: 8530021

     Moving image = Image (0x4ac7390)
  RTTI typeinfo:   itk::Image<double, 3u>
  Reference Count: 2
  Modified Time: 2331
  Debug: Off
  Object Name: 
  Observers: 
    none
  Source: (none)
  Source output name: (none)
  Release Data: Off
  Data Released: False
  Global Release Data: Off
  PipelineMTime: 0
  UpdateMTime: 2328
  RealTimeStamp: 0 seconds 
  LargestPossibleRegion: 
    Dimension: 3
    Index: [0, 0, 0]
    Size: [176, 256, 256]
  BufferedRegion: 
    Dimension: 3
    Index: [0, 0, 0]
    Size: [176, 256, 256]
  RequestedRegion: 
    Dimension: 3
    Index: [0, 0, 0]
    Size: [176, 256, 256]
  Spacing: [1, 1, 1]
  Origin: [-96.1092, 110.735, -124.086]
  Direction: 
1 0 0
0 -1 0
0 0 1

  IndexToPointMatrix: 
1 0 0
0 -1 0
0 0 1

  PointToIndexMatrix: 
1 0 0
0 -1 0
0 0 1

  Inverse Direction: 
1 0 0
0 -1 0
0 0 1

  PixelContainer: 
    ImportImageContainer (0x4c6db90)
      RTTI typeinfo:   itk::ImportImageContainer<unsigned long, double>
      Reference Count: 1
      Modified Time: 2325
      Debug: Off
      Object Name: 
      Observers: 
        none
      Pointer: 0x1516c3779010
      Container manages memory: true
      Size: 11534336
      Capacity: 11534336

     Weighting = 1
     Sampling strategy = regular
     Number of bins = 32
     Radius = 4
     Sampling percentage  = 0.25
   Transform = Rigid
     Gradient step = 0.1
     Update field sigma (voxel space) = 0
     Total field sigma (voxel space) = 0
     Update field time sigma = 0
     Total field time sigma  = 0
     Number of time indices = 0
     Number of time point samples = 0
Registration using 1 total stages.

Stage 0
  iterations = 0
  convergence threshold = 1e-06
  convergence window size = 10
  number of levels = 1
  using the Mattes MI metric (number of bins = 32, weight = 1, use gradient filter = 0)
  preprocessing:  winsorizing the image intensities
  Shrink factors (level 1 out of 1): [1, 1, 1]
  smoothing sigmas per level: [0]
  regular sampling (percentage = 0.25)

*** Running Euler3DTransform registration ***

  Elapsed time (stage 0): 1.04572


Total elapsed time: 1.04732
VFC_BACKENDS=libinterflop_vprec.so --range-binary32=7 --precision-binary32=13 --range-binary64=7 --precision-binary64=13
Info [verificarlo]: loaded backend libinterflop_vprec.so
Info [interflop-vprec]: load backend with: 
Info [interflop-vprec]: precision-binary32 = 13
Info [interflop-vprec]: range-binary32 = 7
Info [interflop-vprec]: precision-binary64 = 13
Info [interflop-vprec]: range-binary64 = 7
Info [interflop-vprec]: mode = ob
Info [interflop-vprec]: error-mode = rel
Info [interflop-vprec]: max-abs-error-exponent = -1022
Info [interflop-vprec]: daz = false
Info [interflop-vprec]: ftz = false
Info [interflop-vprec]: 	instrument = none
Info [interflop-vprec]: 	prec-input-file = (null)
Info [interflop-vprec]: 	prec-output-file = (null)
Info [interflop-vprec]: 	prec-log-file = (null)
All_Command_lines_OK
Using double precision for computations.
=============================================================================
The composite transform comprises the following transforms (in order): 
  1. /project/rrg-glatard/mdugre/datasets/corr/RawDataBIDS/BMB_1/derivatives/vprec-space_search/0100/r7-p13/sub-0003037/align_Composite.h5[0] (type = Euler3DTransform)
  2. /project/rrg-glatard/mdugre/datasets/corr/RawDataBIDS/BMB_1/derivatives/vprec-space_search/0100/r7-p13/sub-0003037/align_Composite.h5[1] (type = Euler3DTransform)
=============================================================================
  number of levels = 4
  fixed image: /templateflow/tpl-MNI152NLin2009cAsym/tpl-MNI152NLin2009cAsym_res-01_desc-brain_T1w.nii.gz
  moving image: /project/rrg-glatard/mdugre/datasets/corr/RawDataBIDS/BMB_1/derivatives/antsBrainExtraction/sub-0003037/BrainExtractionBrain.nii.gz
Dimension = 3
Number of stages = 1
Use histogram matching = false
Winsorize image intensities = true
  Lower quantile = 0.005
  Upper quantile = 0.995


Stage 1 State
   Image metric = MattesMI
     Fixed image = Image (0x4771300)
  RTTI typeinfo:   itk::Image<double, 3u>
  Reference Count: 2
  Modified Time: 1578
  Debug: Off
  Object Name: 
  Observers: 
    none
  Source: (none)
  Source output name: (none)
  Release Data: Off
  Data Released: False
  Global Release Data: Off
  PipelineMTime: 0
  UpdateMTime: 1189
  RealTimeStamp: 0 seconds 
  LargestPossibleRegion: 
    Dimension: 3
    Index: [0, 0, 0]
    Size: [193, 229, 193]
  BufferedRegion: 
    Dimension: 3
    Index: [0, 0, 0]
    Size: [193, 229, 193]
  RequestedRegion: 
    Dimension: 3
    Index: [0, 0, 0]
    Size: [193, 229, 193]
  Spacing: [1, 1, 1]
  Origin: [96, 132, -78]
  Direction: 
-1 0 0
0 -1 0
0 0 1

  IndexToPointMatrix: 
-1 0 0
0 -1 0
0 0 1

  PointToIndexMatrix: 
-1 0 0
0 -1 0
0 0 1

  Inverse Direction: 
-1 0 0
0 -1 0
0 0 1

  PixelContainer: 
    ImportImageContainer (0x482fd00)
      RTTI typeinfo:   itk::ImportImageContainer<unsigned long, double>
      Reference Count: 1
      Modified Time: 1186
      Debug: Off
      Object Name: 
      Observers: 
        none
      Pointer: 0x152ff4dba010
      Container manages memory: true
      Size: 8530021
      Capacity: 8530021

     Moving image = Image (0x482c030)
  RTTI typeinfo:   itk::Image<double, 3u>
  Reference Count: 2
  Modified Time: 1579
  Debug: Off
  Object Name: 
  Observers: 
    none
  Source: (none)
  Source output name: (none)
  Release Data: Off
  Data Released: False
  Global Release Data: Off
  PipelineMTime: 0
  UpdateMTime: 1576
  RealTimeStamp: 0 seconds 
  LargestPossibleRegion: 
    Dimension: 3
    Index: [0, 0, 0]
    Size: [176, 256, 256]
  BufferedRegion: 
    Dimension: 3
    Index: [0, 0, 0]
    Size: [176, 256, 256]
  RequestedRegion: 
    Dimension: 3
    Index: [0, 0, 0]
    Size: [176, 256, 256]
  Spacing: [1, 1, 1]
  Origin: [-96.1094, 110.734, -124.086]
  Direction: 
1 0 0
0 -1 0
0 0 1

  IndexToPointMatrix: 
1 0 0
0 -1 0
0 0 1

  PointToIndexMatrix: 
1 0 0
0 -1 0
0 0 1

  Inverse Direction: 
1 0 0
0 -1 0
0 0 1

  PixelContainer: 
    ImportImageContainer (0x47f9d70)
      RTTI typeinfo:   itk::ImportImageContainer<unsigned long, double>
      Reference Count: 1
      Modified Time: 1573
      Debug: Off
      Object Name: 
      Observers: 
        none
      Pointer: 0x152fef5b9010
      Container manages memory: true
      Size: 11534336
      Capacity: 11534336

     Weighting = 1
     Sampling strategy = regular
     Number of bins = 32
     Radius = 4
     Sampling percentage  = 0.25
   Transform = Rigid
     Gradient step = 0.1
     Update field sigma (voxel space) = 0
     Total field sigma (voxel space) = 0
     Update field time sigma = 0
     Total field time sigma  = 0
     Number of time indices = 0
     Number of time point samples = 0
Registration using 1 total stages.

Stage 0
  iterations = 1000x500x250x100
  convergence threshold = 1e-06
  convergence window size = 10
  number of levels = 4
  using the Mattes MI metric (number of bins = 32, weight = 1, use gradient filter = 0)
  preprocessing:  winsorizing the image intensities
  Shrink factors (level 1 out of 4): [8, 8, 8]
  Shrink factors (level 2 out of 4): [4, 4, 4]
  Shrink factors (level 3 out of 4): [2, 2, 2]
  Shrink factors (level 4 out of 4): [1, 1, 1]
  smoothing sigmas per level: [3, 2, 1, 0]
  regular sampling (percentage = 0.25)

*** Running Euler3DTransform registration ***

DIAGNOSTIC,Iteration,metricValue,convergenceValue,ITERATION_TIME_INDEX,SINCE_LAST
 2DIAGNOSTIC,     1, -5.479775996579e-01, 1.797693134862e+308, 0.0000e+00, 0.0000e+00, 
 2DIAGNOSTIC,     2, -5.495653672358e-01, 1.797693134862e+308, 0.0000e+00, 0.0000e+00, 
 2DIAGNOSTIC,     3, -5.532878029849e-01, 1.797693134862e+308, 0.0000e+00, 0.0000e+00, 
 2DIAGNOSTIC,     4, -5.534468618240e-01, 1.797693134862e+308, 0.0000e+00, 0.0000e+00, 
 2DIAGNOSTIC,     5, -5.534878873445e-01, 1.797693134862e+308, 0.0000e+00, 0.0000e+00, 
 2DIAGNOSTIC,     6, -5.532407246067e-01, 1.797693134862e+308, 0.0000e+00, 0.0000e+00, 
 2DIAGNOSTIC,     7, -5.532295592467e-01, 1.797693134862e+308, 0.0000e+00, 0.0000e+00, 
 2DIAGNOSTIC,     8, -5.532213356534e-01, 1.797693134862e+308, 0.0000e+00, 0.0000e+00, 
 2DIAGNOSTIC,     9, -5.531984495150e-01, 1.797693134862e+308, 0.0000e+00, 0.0000e+00, 
 2DIAGNOSTIC,    10, -5.531548293865e-01, 4.238249191338e-04, 0.0000e+00, 0.0000e+00, 
 2DIAGNOSTIC,    11, -5.531912296830e-01, 1.536104483597e-04, 0.0000e+00, 0.0000e+00, 
DIAGNOSTIC,Iteration,metricValue,convergenceValue,ITERATION_TIME_INDEX,SINCE_LAST
 2DIAGNOSTIC,     1, -4.429561609564e-01, 1.797693134862e+308, 0.0000e+00, 0.0000e+00, 
 2DIAGNOSTIC,     2, -4.432494896588e-01, 1.797693134862e+308, 0.0000e+00, 0.0000e+00, 
 2DIAGNOSTIC,     3, -4.437467726125e-01, 1.797693134862e+308, 0.0000e+00, 0.0000e+00, 
 2DIAGNOSTIC,     4, -4.445159064822e-01, 1.797693134862e+308, 0.0000e+00, 0.0000e+00, 
 2DIAGNOSTIC,     5, -4.456021760664e-01, 1.797693134862e+308, 0.0000e+00, 0.0000e+00, 
 2DIAGNOSTIC,     6, -4.471542916525e-01, 1.797693134862e+308, 0.0000e+00, 0.0000e+00, 
 2DIAGNOSTIC,     7, -4.490062018474e-01, 1.797693134862e+308, 0.0000e+00, 0.0000e+00, 
 2DIAGNOSTIC,     8, -4.517589423760e-01, 1.797693134862e+308, 0.0000e+00, 0.0000e+00, 
 2DIAGNOSTIC,     9, -4.519773596045e-01, 1.797693134862e+308, 0.0000e+00, 0.0000e+00, 
 2DIAGNOSTIC,    10, -4.527644367064e-01, 1.618572718274e-03, 0.0000e+00, 0.0000e+00, 
 2DIAGNOSTIC,    11, -4.560873083152e-01, 1.683486854457e-03, 0.0000e+00, 0.0000e+00, 
 2DIAGNOSTIC,    12, -4.563110693278e-01, 1.608068631131e-03, 0.0000e+00, 0.0000e+00, 
 2DIAGNOSTIC,    13, -4.564920621941e-01, 1.433097093929e-03, 0.0000e+00, 0.0000e+00, 
 2DIAGNOSTIC,    14, -4.565315542268e-01, 1.192591491271e-03, 0.0000e+00, 0.0000e+00, 
 2DIAGNOSTIC,    15, -4.565102327734e-01, 9.209242653181e-04, 0.0000e+00, 0.0000e+00, 
 2DIAGNOSTIC,    16, -4.565151729635e-01, 6.580437981751e-04, 0.0000e+00, 0.0000e+00, 
 2DIAGNOSTIC,    17, -4.565602801854e-01, 4.334931040024e-04, 0.0000e+00, 0.0000e+00, 
 2DIAGNOSTIC,    18, -4.565553238462e-01, 2.923125300592e-04, 0.0000e+00, 0.0000e+00, 
 2DIAGNOSTIC,    19, -4.565331351772e-01, 1.464660875906e-04, 0.0000e+00, 0.0000e+00, 
 2DIAGNOSTIC,    20, -4.565332959574e-01, 2.393113380718e-05, 0.0000e+00, 0.0000e+00, 
 2DIAGNOSTIC,    21, -4.565279918792e-01, 1.032510098813e-05, 0.0000e+00, 0.0000e+00, 
 2DIAGNOSTIC,    22, -4.565271832976e-01, 3.374053117788e-06, 0.0000e+00, 0.0000e+00, 
 2DIAGNOSTIC,    23, -4.565283951970e-01, 1.822886880151e-06, 0.0000e+00, 0.0000e+00, 
 2DIAGNOSTIC,    24, -4.565283951970e-01, 1.467644625962e-06, 0.0000e+00, 0.0000e+00, 
DIAGNOSTIC,Iteration,metricValue,convergenceValue,ITERATION_TIME_INDEX,SINCE_LAST
 2DIAGNOSTIC,     1, -3.949393056688e-01, 1.797693134862e+308, 0.0000e+00, 0.0000e+00, 
 2DIAGNOSTIC,     2, -3.950725330654e-01, 1.797693134862e+308, 0.0000e+00, 0.0000e+00, 
 2DIAGNOSTIC,     3, -3.952667356402e-01, 1.797693134862e+308, 0.0000e+00, 0.0000e+00, 
 2DIAGNOSTIC,     4, -3.954654806635e-01, 1.797693134862e+308, 0.0000e+00, 0.0000e+00, 
 2DIAGNOSTIC,     5, -3.955794104461e-01, 1.797693134862e+308, 0.0000e+00, 0.0000e+00, 
 2DIAGNOSTIC,     6, -3.958155321398e-01, 1.797693134862e+308, 0.0000e+00, 0.0000e+00, 
 2DIAGNOSTIC,     7, -3.961823531283e-01, 1.797693134862e+308, 0.0000e+00, 0.0000e+00, 
 2DIAGNOSTIC,     8, -3.966570545050e-01, 1.797693134862e+308, 0.0000e+00, 0.0000e+00, 
 2DIAGNOSTIC,     9, -3.966824411963e-01, 1.797693134862e+308, 0.0000e+00, 0.0000e+00, 
 2DIAGNOSTIC,    10, -3.966831883592e-01, 3.269935173832e-04, 0.0000e+00, 0.0000e+00, 
 2DIAGNOSTIC,    11, -3.966649996410e-01, 2.807546486786e-04, 0.0000e+00, 0.0000e+00, 
 2DIAGNOSTIC,    12, -3.966640690188e-01, 2.247431263994e-04, 0.0000e+00, 0.0000e+00, 
 2DIAGNOSTIC,    13, -3.966640352641e-01, 1.675261936495e-04, 0.0000e+00, 0.0000e+00, 
 2DIAGNOSTIC,    14, -3.966637581537e-01, 1.138797419696e-04, 0.0000e+00, 0.0000e+00, 
 2DIAGNOSTIC,    15, -3.966637581537e-01, 6.295967395974e-05, 0.0000e+00, 0.0000e+00, 
 2DIAGNOSTIC,    16, -3.966633301215e-01, 2.326258775644e-05, 0.0000e+00, 0.0000e+00, 
 2DIAGNOSTIC,    17, -3.966620958098e-01, 1.194152505879e-06, 0.0000e+00, 0.0000e+00, 
DIAGNOSTIC,Iteration,metricValue,convergenceValue,ITERATION_TIME_INDEX,SINCE_LAST
 2DIAGNOSTIC,     1, -3.644087925979e-01, 1.797693134862e+308, 0.0000e+00, 0.0000e+00, 
 2DIAGNOSTIC,     2, -3.644493115902e-01, 1.797693134862e+308, 0.0000e+00, 0.0000e+00, 
 2DIAGNOSTIC,     3, -3.644688546936e-01, 1.797693134862e+308, 0.0000e+00, 0.0000e+00, 
 2DIAGNOSTIC,     4, -3.644668322113e-01, 1.797693134862e+308, 0.0000e+00, 0.0000e+00, 
 2DIAGNOSTIC,     5, -3.644670869041e-01, 1.797693134862e+308, 0.0000e+00, 0.0000e+00, 
 2DIAGNOSTIC,     6, -3.645012889537e-01, 1.797693134862e+308, 0.0000e+00, 0.0000e+00, 
 2DIAGNOSTIC,     7, -3.645096362033e-01, 1.797693134862e+308, 0.0000e+00, 0.0000e+00, 
 2DIAGNOSTIC,     8, -3.645483442880e-01, 1.797693134862e+308, 0.0000e+00, 0.0000e+00, 
 2DIAGNOSTIC,     9, -3.645617359945e-01, 1.797693134862e+308, 0.0000e+00, 0.0000e+00, 
 2DIAGNOSTIC,    10, -3.645722243140e-01, 3.063384453551e-05, 0.0000e+00, 0.0000e+00, 
 2DIAGNOSTIC,    11, -3.645675982623e-01, 2.582451335374e-05, 0.0000e+00, 0.0000e+00, 
 2DIAGNOSTIC,    12, -3.645644919539e-01, 2.221484061109e-05, 0.0000e+00, 0.0000e+00, 
 2DIAGNOSTIC,    13, -3.645623552938e-01, 1.849640755854e-05, 0.0000e+00, 0.0000e+00, 
 2DIAGNOSTIC,    14, -3.645595659442e-01, 1.363680202721e-05, 0.0000e+00, 0.0000e+00, 
 2DIAGNOSTIC,    15, -3.645580586830e-01, 8.344780917643e-06, 0.0000e+00, 0.0000e+00, 
 2DIAGNOSTIC,    16, -3.645648329552e-01, 5.206043133504e-06, 0.0000e+00, 0.0000e+00, 
 2DIAGNOSTIC,    17, -3.645531877424e-01, 1.985671338425e-06, 0.0000e+00, 0.0000e+00, 
  Elapsed time (stage 0): 0.0000e+00


Total elapsed time: 0.0000e+00
VFC_BACKENDS=libinterflop_ieee.so
Info [verificarlo]: loaded backend libinterflop_ieee.so
Info [interflop-ieee]: load backend with:
Info [interflop-ieee]: debug = false
Info [interflop-ieee]: debug-binary = false
Info [interflop-ieee]: no-backend-name = false
Info [interflop-ieee]: print-new-line = false
Info [interflop-ieee]: print-subnormal-normalized = false
Info [interflop-ieee]: count-op = false
All_Command_lines_OK
Using double precision for computations.
=============================================================================
The composite transform comprises the following transforms (in order): 
  1. /project/rrg-glatard/mdugre/datasets/corr/RawDataBIDS/BMB_1/derivatives/vprec-space_search/0100/r7-p13/sub-0003037/rigid_Composite.h5[0] (type = Euler3DTransform)
  2. /project/rrg-glatard/mdugre/datasets/corr/RawDataBIDS/BMB_1/derivatives/vprec-space_search/0100/r7-p13/sub-0003037/rigid_Composite.h5[1] (type = Euler3DTransform)
  3. /project/rrg-glatard/mdugre/datasets/corr/RawDataBIDS/BMB_1/derivatives/vprec-space_search/0100/r7-p13/sub-0003037/rigid_Composite.h5[2] (type = Euler3DTransform)
=============================================================================
  number of levels = 4
  fixed image: /templateflow/tpl-MNI152NLin2009cAsym/tpl-MNI152NLin2009cAsym_res-01_desc-brain_T1w.nii.gz
  moving image: /project/rrg-glatard/mdugre/datasets/corr/RawDataBIDS/BMB_1/derivatives/antsBrainExtraction/sub-0003037/BrainExtractionBrain.nii.gz
Dimension = 3
Number of stages = 1
Use histogram matching = false
Winsorize image intensities = true
  Lower quantile = 0.005
  Upper quantile = 0.995


Stage 1 State
   Image metric = MattesMI
     Fixed image = Image (0x4efb650)
  RTTI typeinfo:   itk::Image<double, 3u>
  Reference Count: 2
  Modified Time: 1592
  Debug: Off
  Object Name: 
  Observers: 
    none
  Source: (none)
  Source output name: (none)
  Release Data: Off
  Data Released: False
  Global Release Data: Off
  PipelineMTime: 0
  UpdateMTime: 1203
  RealTimeStamp: 0 seconds 
  LargestPossibleRegion: 
    Dimension: 3
    Index: [0, 0, 0]
    Size: [193, 229, 193]
  BufferedRegion: 
    Dimension: 3
    Index: [0, 0, 0]
    Size: [193, 229, 193]
  RequestedRegion: 
    Dimension: 3
    Index: [0, 0, 0]
    Size: [193, 229, 193]
  Spacing: [1, 1, 1]
  Origin: [96, 132, -78]
  Direction: 
-1 0 0
0 -1 0
0 0 1

  IndexToPointMatrix: 
-1 0 0
0 -1 0
0 0 1

  PointToIndexMatrix: 
-1 0 0
0 -1 0
0 0 1

  Inverse Direction: 
-1 0 0
0 -1 0
0 0 1

  PixelContainer: 
    ImportImageContainer (0x4fd0330)
      RTTI typeinfo:   itk::ImportImageContainer<unsigned long, double>
      Reference Count: 1
      Modified Time: 1200
      Debug: Off
      Object Name: 
      Observers: 
        none
      Pointer: 0x14f95ce89010
      Container manages memory: true
      Size: 8530021
      Capacity: 8530021

     Moving image = Image (0x4fb63b0)
  RTTI typeinfo:   itk::Image<double, 3u>
  Reference Count: 2
  Modified Time: 1593
  Debug: Off
  Object Name: 
  Observers: 
    none
  Source: (none)
  Source output name: (none)
  Release Data: Off
  Data Released: False
  Global Release Data: Off
  PipelineMTime: 0
  UpdateMTime: 1590
  RealTimeStamp: 0 seconds 
  LargestPossibleRegion: 
    Dimension: 3
    Index: [0, 0, 0]
    Size: [176, 256, 256]
  BufferedRegion: 
    Dimension: 3
    Index: [0, 0, 0]
    Size: [176, 256, 256]
  RequestedRegion: 
    Dimension: 3
    Index: [0, 0, 0]
    Size: [176, 256, 256]
  Spacing: [1, 1, 1]
  Origin: [-96.1092, 110.735, -124.086]
  Direction: 
1 0 0
0 -1 0
0 0 1

  IndexToPointMatrix: 
1 0 0
0 -1 0
0 0 1

  PointToIndexMatrix: 
1 0 0
0 -1 0
0 0 1

  Inverse Direction: 
1 0 0
0 -1 0
0 0 1

  PixelContainer: 
    ImportImageContainer (0x4fcaf90)
      RTTI typeinfo:   itk::ImportImageContainer<unsigned long, double>
      Reference Count: 1
      Modified Time: 1587
      Debug: Off
      Object Name: 
      Observers: 
        none
      Pointer: 0x14f957688010
      Container manages memory: true
      Size: 11534336
      Capacity: 11534336

     Weighting = 1
     Sampling strategy = regular
     Number of bins = 32
     Radius = 4
     Sampling percentage  = 0.25
   Transform = Affine
     Gradient step = 0.1
     Update field sigma (voxel space) = 0
     Total field sigma (voxel space) = 0
     Update field time sigma = 0
     Total field time sigma  = 0
     Number of time indices = 0
     Number of time point samples = 0
Registration using 1 total stages.

Stage 0
  iterations = 1000x500x250x100
  convergence threshold = 1e-06
  convergence window size = 10
  number of levels = 4
  using the Mattes MI metric (number of bins = 32, weight = 1, use gradient filter = 0)
  preprocessing:  winsorizing the image intensities
  Shrink factors (level 1 out of 4): [8, 8, 8]
  Shrink factors (level 2 out of 4): [4, 4, 4]
  Shrink factors (level 3 out of 4): [2, 2, 2]
  Shrink factors (level 4 out of 4): [1, 1, 1]
  smoothing sigmas per level: [3, 2, 1, 0]
  regular sampling (percentage = 0.25)

*** Running AffineTransform registration ***

DIAGNOSTIC,Iteration,metricValue,convergenceValue,ITERATION_TIME_INDEX,SINCE_LAST
 2DIAGNOSTIC,     1, -5.529897963316e-01, 1.797693134862e+308, 4.4013e+00, 4.4013e+00, 
 2DIAGNOSTIC,     2, -5.547695753697e-01, 1.797693134862e+308, 4.4233e+00, 2.2033e-02, 
 2DIAGNOSTIC,     3, -5.583081464898e-01, 1.797693134862e+308, 4.4439e+00, 2.0525e-02, 
 2DIAGNOSTIC,     4, -5.643801023071e-01, 1.797693134862e+308, 4.4638e+00, 1.9929e-02, 
 2DIAGNOSTIC,     5, -5.753899646530e-01, 1.797693134862e+308, 4.4841e+00, 2.0308e-02, 
 2DIAGNOSTIC,     6, -6.055288866640e-01, 1.797693134862e+308, 4.5047e+00, 2.0607e-02, 
 2DIAGNOSTIC,     7, -6.522876648040e-01, 1.797693134862e+308, 4.5261e+00, 2.1355e-02, 
 2DIAGNOSTIC,     8, -7.011767169922e-01, 1.797693134862e+308, 4.5512e+00, 2.5153e-02, 
 2DIAGNOSTIC,     9, -7.731060644621e-01, 1.797693134862e+308, 4.5814e+00, 3.0197e-02, 
 2DIAGNOSTIC,    10, -8.058672156537e-01, 2.643324171792e-02, 4.6058e+00, 2.4350e-02, 
 2DIAGNOSTIC,    11, -8.123145918120e-01, 2.728026426866e-02, 4.6301e+00, 2.4297e-02, 
 2DIAGNOSTIC,    12, -8.262280413170e-01, 2.608862537140e-02, 4.6539e+00, 2.3860e-02, 
 2DIAGNOSTIC,    13, -8.360554700472e-01, 2.319408258479e-02, 4.6776e+00, 2.3658e-02, 
 2DIAGNOSTIC,    14, -8.369272375076e-01, 1.891041615872e-02, 4.7082e+00, 3.0670e-02, 
 2DIAGNOSTIC,    15, -8.367310426126e-01, 1.390055666410e-02, 4.7295e+00, 2.1303e-02, 
 2DIAGNOSTIC,    16, -8.372904069467e-01, 9.149266521490e-03, 4.7533e+00, 2.3711e-02, 
 2DIAGNOSTIC,    17, -8.374313318290e-01, 5.307281445648e-03, 4.7774e+00, 2.4163e-02, 
 2DIAGNOSTIC,    18, -8.373272138389e-01, 2.501843223088e-03, 4.7994e+00, 2.2014e-02, 
 2DIAGNOSTIC,    19, -8.375023795757e-01, 1.272833319756e-03, 4.8240e+00, 2.4536e-02, 
 2DIAGNOSTIC,    20, -8.374596108626e-01, 7.029772886301e-04, 4.8458e+00, 2.1790e-02, 
 2DIAGNOSTIC,    21, -8.371937863291e-01, 2.379634318201e-04, 4.8673e+00, 2.1569e-02, 
 2DIAGNOSTIC,    22, -8.372164954881e-01, 3.616559945310e-05, 4.8911e+00, 2.3752e-02, 
 2DIAGNOSTIC,    23, -8.369640890265e-01, 8.744703516667e-06, 4.9149e+00, 2.3815e-02, 
DIAGNOSTIC,Iteration,metricValue,convergenceValue,ITERATION_TIME_INDEX,SINCE_LAST
 2DIAGNOSTIC,     1, -6.960696856285e-01, 1.797693134862e+308, 9.4707e+00, 4.5558e+00, 
 2DIAGNOSTIC,     2, -6.971240379589e-01, 1.797693134862e+308, 9.6559e+00, 1.8513e-01, 
 2DIAGNOSTIC,     3, -6.978743193307e-01, 1.797693134862e+308, 9.9293e+00, 2.7344e-01, 
 2DIAGNOSTIC,     4, -6.981899839396e-01, 1.797693134862e+308, 1.0188e+01, 2.5859e-01, 
 2DIAGNOSTIC,     5, -6.984675166300e-01, 1.797693134862e+308, 1.0506e+01, 3.1846e-01, 
 2DIAGNOSTIC,     6, -6.986278343656e-01, 1.797693134862e+308, 1.0827e+01, 3.2109e-01, 
 2DIAGNOSTIC,     7, -6.986383737184e-01, 1.797693134862e+308, 1.1156e+01, 3.2848e-01, 
 2DIAGNOSTIC,     8, -6.986372528912e-01, 1.797693134862e+308, 1.1407e+01, 2.5068e-01, 
 2DIAGNOSTIC,     9, -6.986341896210e-01, 1.797693134862e+308, 1.1616e+01, 2.0895e-01, 
 2DIAGNOSTIC,    10, -6.986342131608e-01, 1.927092591908e-04, 1.1902e+01, 2.8688e-01, 
 2DIAGNOSTIC,    11, -6.986322615220e-01, 9.781837133481e-05, 1.2194e+01, 2.9166e-01, 
 2DIAGNOSTIC,    12, -6.986340391648e-01, 4.559550456727e-05, 1.2556e+01, 3.6165e-01, 
 2DIAGNOSTIC,    13, -6.986189408314e-01, 2.045508956586e-05, 1.2900e+01, 3.4415e-01, 
 2DIAGNOSTIC,    14, -6.986226463377e-01, 6.401669231326e-06, 1.3235e+01, 3.3526e-01, 
 2DIAGNOSTIC,    15, -6.986199764251e-01, 1.176124662966e-06, 1.3575e+01, 3.4021e-01, 
 2DIAGNOSTIC,    16, -6.986357380476e-01, 1.158071191845e-06, 1.3903e+01, 3.2790e-01, 
 2DIAGNOSTIC,    17, -6.986597508417e-01, 2.036427423732e-06, 1.4259e+01, 3.5567e-01, 
 2DIAGNOSTIC,    18, -6.986733898491e-01, 3.079325751783e-06, 1.4679e+01, 4.1960e-01, 
 2DIAGNOSTIC,    19, -6.986659419284e-01, 3.669285545134e-06, 1.5057e+01, 3.7796e-01, 
 2DIAGNOSTIC,    20, -6.986591528893e-01, 3.888875917887e-06, 1.5348e+01, 2.9142e-01, 
 2DIAGNOSTIC,    21, -6.986282105108e-01, 3.232360751539e-06, 1.5714e+01, 3.6634e-01, 
 2DIAGNOSTIC,    22, -6.986248045534e-01, 2.456221531354e-06, 1.6083e+01, 3.6829e-01, 
 2DIAGNOSTIC,    23, -6.986351008833e-01, 1.558244268764e-06, 1.6380e+01, 2.9712e-01, 
DIAGNOSTIC,Iteration,metricValue,convergenceValue,ITERATION_TIME_INDEX,SINCE_LAST
 2DIAGNOSTIC,     1, -5.899194596437e-01, 1.797693134862e+308, 2.3646e+01, 7.2663e+00, 
 2DIAGNOSTIC,     2, -5.903009897928e-01, 1.797693134862e+308, 2.6013e+01, 2.3672e+00, 
 2DIAGNOSTIC,     3, -5.906745347020e-01, 1.797693134862e+308, 2.8373e+01, 2.3602e+00, 
 2DIAGNOSTIC,     4, -5.910817360668e-01, 1.797693134862e+308, 3.0701e+01, 2.3275e+00, 
 2DIAGNOSTIC,     5, -5.916449648366e-01, 1.797693134862e+308, 3.3016e+01, 2.3148e+00, 
 2DIAGNOSTIC,     6, -5.920282266107e-01, 1.797693134862e+308, 3.5699e+01, 2.6833e+00, 
 2DIAGNOSTIC,     7, -5.923391904031e-01, 1.797693134862e+308, 3.9759e+01, 4.0600e+00, 
 2DIAGNOSTIC,     8, -5.924175416909e-01, 1.797693134862e+308, 4.3137e+01, 3.3780e+00, 
 2DIAGNOSTIC,     9, -5.924239214308e-01, 1.797693134862e+308, 4.5823e+01, 2.6864e+00, 
 2DIAGNOSTIC,    10, -5.924206322126e-01, 3.025110249754e-04, 4.8458e+01, 2.6345e+00, 
 2DIAGNOSTIC,    11, -5.924202886187e-01, 2.212213539108e-04, 5.1422e+01, 2.9642e+00, 
 2DIAGNOSTIC,    12, -5.924211614613e-01, 1.490895698131e-04, 5.4411e+01, 2.9889e+00, 
 2DIAGNOSTIC,    13, -5.924207538043e-01, 8.858790606495e-05, 5.6791e+01, 2.3799e+00, 
 2DIAGNOSTIC,    14, -5.924192460099e-01, 4.259824759272e-05, 5.9163e+01, 2.3718e+00, 
 2DIAGNOSTIC,    15, -5.924171269678e-01, 1.684150592919e-05, 6.1556e+01, 2.3939e+00, 
 2DIAGNOSTIC,    16, -5.924189653342e-01, 4.280847814592e-06, 6.3937e+01, 2.3800e+00, 
 2DIAGNOSTIC,    17, -5.924244051577e-01, 1.859228343434e-06, 6.6600e+01, 2.6632e+00, 
 2DIAGNOSTIC,    18, -5.924247348300e-01, 1.796645585542e-06, 6.9229e+01, 2.6297e+00, 
 2DIAGNOSTIC,    19, -5.924251501253e-01, 1.915472211692e-06, 7.1880e+01, 2.6511e+00, 
 2DIAGNOSTIC,    20, -5.924298106066e-01, 2.036121027747e-06, 7.4480e+01, 2.5994e+00, 
 2DIAGNOSTIC,    21, -5.924365644926e-01, 2.245361273426e-06, 7.6793e+01, 2.3129e+00, 
 2DIAGNOSTIC,    22, -5.924387045644e-01, 2.427282943959e-06, 7.9098e+01, 2.3055e+00, 
 2DIAGNOSTIC,    23, -5.924457013853e-01, 2.641600172423e-06, 8.0600e+01, 1.5020e+00, 
 2DIAGNOSTIC,    24, -5.924630770375e-01, 3.039161049899e-06, 8.1686e+01, 1.0862e+00, 
 2DIAGNOSTIC,    25, -5.925024737155e-01, 3.950859766733e-06, 8.2606e+01, 9.1908e-01, 
 2DIAGNOSTIC,    26, -5.925338160075e-01, 5.133010983226e-06, 8.3461e+01, 8.5565e-01, 
 2DIAGNOSTIC,    27, -5.925821571393e-01, 6.812667660616e-06, 8.4263e+01, 8.0174e-01, 
 2DIAGNOSTIC,    28, -5.926051419910e-01, 8.233675875817e-06, 8.4879e+01, 6.1620e-01, 
 2DIAGNOSTIC,    29, -5.926107160875e-01, 8.984696945234e-06, 8.5481e+01, 6.0147e-01, 
 2DIAGNOSTIC,    30, -5.926078870279e-01, 8.969244229183e-06, 8.6343e+01, 8.6206e-01, 
 2DIAGNOSTIC,    31, -5.926074958772e-01, 8.304273867471e-06, 8.6959e+01, 6.1593e-01, 
 2DIAGNOSTIC,    32, -5.926065741216e-01, 7.005084403655e-06, 8.7552e+01, 5.9296e-01, 
 2DIAGNOSTIC,    33, -5.926067776067e-01, 5.317484269532e-06, 8.8077e+01, 5.2561e-01, 
 2DIAGNOSTIC,    34, -5.926070864807e-01, 3.563384206488e-06, 8.8755e+01, 6.7820e-01, 
 2DIAGNOSTIC,    35, -5.926047592736e-01, 2.169138146987e-06, 8.9421e+01, 6.6586e-01, 
 2DIAGNOSTIC,    36, -5.926024132935e-01, 1.106824854540e-06, 9.0096e+01, 6.7463e-01, 
DIAGNOSTIC,Iteration,metricValue,convergenceValue,ITERATION_TIME_INDEX,SINCE_LAST
 2DIAGNOSTIC,     1, -5.280609574014e-01, 1.797693134862e+308, 9.6628e+01, 6.5323e+00, 
 2DIAGNOSTIC,     2, -5.282841781390e-01, 1.797693134862e+308, 1.0080e+02, 4.1688e+00, 
 2DIAGNOSTIC,     3, -5.285036296578e-01, 1.797693134862e+308, 1.0417e+02, 3.3697e+00, 
 2DIAGNOSTIC,     4, -5.288751535199e-01, 1.797693134862e+308, 1.0833e+02, 4.1603e+00, 
 2DIAGNOSTIC,     5, -5.290931772405e-01, 1.797693134862e+308, 1.1560e+02, 7.2776e+00, 
 2DIAGNOSTIC,     6, -5.290936828484e-01, 1.797693134862e+308, 1.1926e+02, 3.6541e+00, 
 2DIAGNOSTIC,     7, -5.290941161236e-01, 1.797693134862e+308, 1.2256e+02, 3.3048e+00, 
 2DIAGNOSTIC,     8, -5.290944196910e-01, 1.797693134862e+308, 1.2566e+02, 3.0927e+00, 
 2DIAGNOSTIC,     9, -5.290946395741e-01, 1.797693134862e+308, 1.2903e+02, 3.3774e+00, 
 2DIAGNOSTIC,    10, -5.290953270606e-01, 1.246152820678e-04, 1.3272e+02, 3.6855e+00, 
 2DIAGNOSTIC,    11, -5.290960834266e-01, 7.537266745722e-05, 1.3678e+02, 4.0581e+00, 
 2DIAGNOSTIC,    12, -5.290957281749e-01, 3.789962087788e-05, 1.4021e+02, 3.4345e+00, 
 2DIAGNOSTIC,    13, -5.290955948512e-01, 1.174674220084e-05, 1.4391e+02, 3.7028e+00, 
 2DIAGNOSTIC,    14, -5.290958398480e-01, 2.516874899924e-06, 1.4733e+02, 3.4107e+00, 
 2DIAGNOSTIC,    15, -5.290958583210e-01, 2.305486916890e-06, 1.5064e+02, 3.3099e+00, 
 2DIAGNOSTIC,    16, -5.290969548750e-01, 2.156815857191e-06, 1.5373e+02, 3.0909e+00, 
 2DIAGNOSTIC,    17, -5.290987638871e-01, 2.080458498505e-06, 1.5736e+02, 3.6320e+00, 
 2DIAGNOSTIC,    18, -5.290995649063e-01, 2.025643055813e-06, 1.6076e+02, 3.4056e+00, 
 2DIAGNOSTIC,    19, -5.291008931064e-01, 1.996380904631e-06, 1.6423e+02, 3.4626e+00, 
 2DIAGNOSTIC,    20, -5.291029523229e-01, 2.013067966981e-06, 1.6786e+02, 3.6327e+00, 
 2DIAGNOSTIC,    21, -5.291021348685e-01, 1.986186041268e-06, 1.7134e+02, 3.4850e+00, 
 2DIAGNOSTIC,    22, -5.291036263183e-01, 1.946472556226e-06, 1.7503e+02, 3.6832e+00, 
 2DIAGNOSTIC,    23, -5.291026021793e-01, 1.835599988037e-06, 1.7846e+02, 3.4295e+00, 
 2DIAGNOSTIC,    24, -5.291037422154e-01, 1.723542387110e-06, 1.8161e+02, 3.1484e+00, 
 2DIAGNOSTIC,    25, -5.291055747868e-01, 1.621715103067e-06, 1.8465e+02, 3.0428e+00, 
 2DIAGNOSTIC,    26, -5.291057063250e-01, 1.518710552220e-06, 1.8800e+02, 3.3475e+00, 
 2DIAGNOSTIC,    27, -5.291064994697e-01, 1.448230736834e-06, 1.9143e+02, 3.4357e+00, 
 2DIAGNOSTIC,    28, -5.291073568774e-01, 1.388953582940e-06, 1.9483e+02, 3.3979e+00, 
 2DIAGNOSTIC,    29, -5.291097823770e-01, 1.377965588051e-06, 2.0121e+02, 6.3823e+00, 
 2DIAGNOSTIC,    30, -5.291097234142e-01, 1.375952676783e-06, 2.0464e+02, 3.4271e+00, 
 2DIAGNOSTIC,    31, -5.291097528801e-01, 1.330490322110e-06, 2.0810e+02, 3.4592e+00, 
 2DIAGNOSTIC,    32, -5.291095198505e-01, 1.281750391206e-06, 2.1148e+02, 3.3829e+00, 
 2DIAGNOSTIC,    33, -5.291094851661e-01, 1.190984410850e-06, 2.1483e+02, 3.3504e+00, 
 2DIAGNOSTIC,    34, -5.291094540021e-01, 1.100224199066e-06, 2.1857e+02, 3.7439e+00, 
 2DIAGNOSTIC,    35, -5.291094149417e-01, 1.026677522945e-06, 2.2191e+02, 3.3371e+00, 
  Elapsed time (stage 0): 2.2392e+02


Total elapsed time: 2.2392e+02
VFC_BACKENDS=libinterflop_ieee.so
Info [verificarlo]: loaded backend libinterflop_ieee.so
Info [interflop-ieee]: load backend with:
Info [interflop-ieee]: debug = false
Info [interflop-ieee]: debug-binary = false
Info [interflop-ieee]: no-backend-name = false
Info [interflop-ieee]: print-new-line = false
Info [interflop-ieee]: print-subnormal-normalized = false
Info [interflop-ieee]: count-op = false
All_Command_lines_OK
Using double precision for computations.
=============================================================================
The composite transform comprises the following transforms (in order): 
  1. /project/rrg-glatard/mdugre/datasets/corr/RawDataBIDS/BMB_1/derivatives/vprec-space_search/0100/r7-p13/sub-0003037/affine_Composite.h5[0] (type = Euler3DTransform)
  2. /project/rrg-glatard/mdugre/datasets/corr/RawDataBIDS/BMB_1/derivatives/vprec-space_search/0100/r7-p13/sub-0003037/affine_Composite.h5[1] (type = Euler3DTransform)
  3. /project/rrg-glatard/mdugre/datasets/corr/RawDataBIDS/BMB_1/derivatives/vprec-space_search/0100/r7-p13/sub-0003037/affine_Composite.h5[2] (type = Euler3DTransform)
  4. /project/rrg-glatard/mdugre/datasets/corr/RawDataBIDS/BMB_1/derivatives/vprec-space_search/0100/r7-p13/sub-0003037/affine_Composite.h5[3] (type = AffineTransform)
=============================================================================
  number of levels = 4
  fixed image: /templateflow/tpl-MNI152NLin2009cAsym/tpl-MNI152NLin2009cAsym_res-01_desc-brain_T1w.nii.gz
  moving image: /project/rrg-glatard/mdugre/datasets/corr/RawDataBIDS/BMB_1/derivatives/antsBrainExtraction/sub-0003037/BrainExtractionBrain.nii.gz
Dimension = 3
Number of stages = 1
Use histogram matching = false
Winsorize image intensities = true
  Lower quantile = 0.005
  Upper quantile = 0.995


Stage 1 State
   Image metric = CC
     Fixed image = Image (0x41f0810)
  RTTI typeinfo:   itk::Image<double, 3u>
  Reference Count: 2
  Modified Time: 1606
  Debug: Off
  Object Name: 
  Observers: 
    none
  Source: (none)
  Source output name: (none)
  Release Data: Off
  Data Released: False
  Global Release Data: Off
  PipelineMTime: 0
  UpdateMTime: 1217
  RealTimeStamp: 0 seconds 
  LargestPossibleRegion: 
    Dimension: 3
    Index: [0, 0, 0]
    Size: [193, 229, 193]
  BufferedRegion: 
    Dimension: 3
    Index: [0, 0, 0]
    Size: [193, 229, 193]
  RequestedRegion: 
    Dimension: 3
    Index: [0, 0, 0]
    Size: [193, 229, 193]
  Spacing: [1, 1, 1]
  Origin: [96, 132, -78]
  Direction: 
-1 0 0
0 -1 0
0 0 1

  IndexToPointMatrix: 
-1 0 0
0 -1 0
0 0 1

  PointToIndexMatrix: 
-1 0 0
0 -1 0
0 0 1

  Inverse Direction: 
-1 0 0
0 -1 0
0 0 1

  PixelContainer: 
    ImportImageContainer (0x426b3f0)
      RTTI typeinfo:   itk::ImportImageContainer<unsigned long, double>
      Reference Count: 1
      Modified Time: 1214
      Debug: Off
      Object Name: 
      Observers: 
        none
      Pointer: 0x14c2c049f010
      Container manages memory: true
      Size: 8530021
      Capacity: 8530021

     Moving image = Image (0x42c8460)
  RTTI typeinfo:   itk::Image<double, 3u>
  Reference Count: 2
  Modified Time: 1607
  Debug: Off
  Object Name: 
  Observers: 
    none
  Source: (none)
  Source output name: (none)
  Release Data: Off
  Data Released: False
  Global Release Data: Off
  PipelineMTime: 0
  UpdateMTime: 1604
  RealTimeStamp: 0 seconds 
  LargestPossibleRegion: 
    Dimension: 3
    Index: [0, 0, 0]
    Size: [176, 256, 256]
  BufferedRegion: 
    Dimension: 3
    Index: [0, 0, 0]
    Size: [176, 256, 256]
  RequestedRegion: 
    Dimension: 3
    Index: [0, 0, 0]
    Size: [176, 256, 256]
  Spacing: [1, 1, 1]
  Origin: [-96.1092, 110.735, -124.086]
  Direction: 
1 0 0
0 -1 0
0 0 1

  IndexToPointMatrix: 
1 0 0
0 -1 0
0 0 1

  PointToIndexMatrix: 
1 0 0
0 -1 0
0 0 1

  Inverse Direction: 
1 0 0
0 -1 0
0 0 1

  PixelContainer: 
    ImportImageContainer (0x4260f90)
      RTTI typeinfo:   itk::ImportImageContainer<unsigned long, double>
      Reference Count: 1
      Modified Time: 1601
      Debug: Off
      Object Name: 
      Observers: 
        none
      Pointer: 0x14c2bac9e010
      Container manages memory: true
      Size: 11534336
      Capacity: 11534336

     Weighting = 1
     Sampling strategy = none
     Number of bins = 32
     Radius = 4
     Sampling percentage  = 1
   Transform = SyN
     Gradient step = 0.1
     Update field sigma (voxel space) = 3
     Total field sigma (voxel space) = 0
     Update field time sigma = 0
     Total field time sigma  = 0
     Number of time indices = 0
     Number of time point samples = 0
Registration using 1 total stages.

Stage 0
  iterations = 100x70x50x20
  convergence threshold = 1e-06
  convergence window size = 10
  number of levels = 4
  using the CC metric (radius = 4, weight = 1, use gradient filter = 0)
  preprocessing:  winsorizing the image intensities
  Shrink factors (level 1 out of 4): [8, 8, 8]
  Shrink factors (level 2 out of 4): [4, 4, 4]
  Shrink factors (level 3 out of 4): [2, 2, 2]
  Shrink factors (level 4 out of 4): [1, 1, 1]
  smoothing sigmas per level: [3, 2, 1, 0]
  Using default NONE metricSamplingStrategy 

*** Running SyN registration (varianceForUpdateField = 3, varianceForTotalField = 0) ***

XXDIAGNOSTIC,Iteration,metricValue,convergenceValue,ITERATION_TIME_INDEX,SINCE_LAST
 1DIAGNOSTIC,     1, -9.174875446489e-01, 1.797693134862e+308, 1.5778e+00, 1.5778e+00, 
 1DIAGNOSTIC,     2, -9.261350030872e-01, 1.797693134862e+308, 1.9105e+00, 3.3271e-01, 
 1DIAGNOSTIC,     3, -9.328320060894e-01, 1.797693134862e+308, 2.2572e+00, 3.4669e-01, 
 1DIAGNOSTIC,     4, -9.377598162137e-01, 1.797693134862e+308, 2.5928e+00, 3.3562e-01, 
 1DIAGNOSTIC,     5, -9.414170558382e-01, 1.797693134862e+308, 2.9265e+00, 3.3371e-01, 
 1DIAGNOSTIC,     6, -9.439824002638e-01, 1.797693134862e+308, 3.2622e+00, 3.3571e-01, 
 1DIAGNOSTIC,     7, -9.464964893748e-01, 1.797693134862e+308, 3.6084e+00, 3.4615e-01, 
 1DIAGNOSTIC,     8, -9.491884966897e-01, 1.797693134862e+308, 3.9392e+00, 3.3081e-01, 
 1DIAGNOSTIC,     9, -9.520230411808e-01, 1.797693134862e+308, 4.2755e+00, 3.3633e-01, 
 1DIAGNOSTIC,    10, -9.549608531255e-01, 2.302782350070e-03, 4.6222e+00, 3.4667e-01, 
 1DIAGNOSTIC,    11, -9.579627645538e-01, 1.791991380953e-03, 4.9645e+00, 3.4234e-01, 
 1DIAGNOSTIC,    12, -9.606908859827e-01, 1.489267970718e-03, 5.3176e+00, 3.5308e-01, 
 1DIAGNOSTIC,    13, -9.630917205426e-01, 1.307485182825e-03, 5.6651e+00, 3.4754e-01, 
 1DIAGNOSTIC,    14, -9.650207833242e-01, 1.178797796211e-03, 6.0181e+00, 3.5299e-01, 
 1DIAGNOSTIC,    15, -9.663459560949e-01, 1.058789471230e-03, 6.3634e+00, 3.4532e-01, 
 1DIAGNOSTIC,    16, -9.660781423990e-01, 8.995442920520e-04, 6.7066e+00, 3.4318e-01, 
 1DIAGNOSTIC,    17, -9.663811789984e-01, 7.262723266692e-04, 7.0549e+00, 3.4833e-01, 
 1DIAGNOSTIC,    18, -9.660947932416e-01, 5.449228404448e-04, 7.3965e+00, 3.4156e-01, 
 1DIAGNOSTIC,    19, -9.664028349850e-01, 3.813896761449e-04, 7.7405e+00, 3.4398e-01, 
 1DIAGNOSTIC,    20, -9.662162817277e-01, 2.395069545219e-04, 8.0880e+00, 3.4756e-01, 
 1DIAGNOSTIC,    21, -9.664370880629e-01, 1.347300313255e-04, 8.4290e+00, 3.4091e-01, 
 1DIAGNOSTIC,    22, -9.663669761627e-01, 6.277291140068e-05, 8.7629e+00, 3.3398e-01, 
 1DIAGNOSTIC,    23, -9.666195003322e-01, 2.527000347699e-05, 9.1035e+00, 3.4061e-01, 
 1DIAGNOSTIC,    24, -9.665487611989e-01, 1.119808815437e-05, 9.4635e+00, 3.5999e-01, 
 1DIAGNOSTIC,    25, -9.667829124689e-01, 1.603891716798e-05, 9.8001e+00, 3.3656e-01, 
 1DIAGNOSTIC,    26, -9.667028537601e-01, 1.498485434649e-05, 1.0147e+01, 3.4696e-01, 
 1DIAGNOSTIC,    27, -9.669228680069e-01, 1.860898091954e-05, 1.0489e+01, 3.4193e-01, 
 1DIAGNOSTIC,    28, -9.668325051751e-01, 1.617544965050e-05, 1.0836e+01, 3.4666e-01, 
 1DIAGNOSTIC,    29, -9.669882656461e-01, 1.734751075089e-05, 1.1189e+01, 3.5343e-01, 
 1DIAGNOSTIC,    30, -9.668848928145e-01, 1.395297463697e-05, 1.1533e+01, 3.4440e-01, 
 1DIAGNOSTIC,    31, -9.671139163171e-01, 1.393391154850e-05, 1.1871e+01, 3.3791e-01, 
 1DIAGNOSTIC,    32, -9.670183265501e-01, 1.104088780021e-05, 1.2250e+01, 3.7895e-01, 
 1DIAGNOSTIC,    33, -9.672392722584e-01, 1.169640111352e-05, 1.2603e+01, 3.5226e-01, 
 1DIAGNOSTIC,    34, -9.671322099155e-01, 9.659521787365e-06, 1.2945e+01, 3.4256e-01, 
 1DIAGNOSTIC,    35, -9.673301881934e-01, 1.063999670359e-05, 1.3282e+01, 3.3706e-01, 
 1DIAGNOSTIC,    36, -9.672192614582e-01, 8.975392707750e-06, 1.3620e+01, 3.3824e-01, 
 1DIAGNOSTIC,    37, -9.673532259139e-01, 9.519649196502e-06, 1.3957e+01, 3.3692e-01, 
 1DIAGNOSTIC,    38, -9.672340762351e-01, 7.523980173625e-06, 1.4309e+01, 3.5208e-01, 
 1DIAGNOSTIC,    39, -9.674369936702e-01, 7.776980082141e-06, 1.4645e+01, 3.3511e-01, 
 1DIAGNOSTIC,    40, -9.673329590729e-01, 5.731961239010e-06, 1.5009e+01, 3.6483e-01, 
 1DIAGNOSTIC,    41, -9.675119865152e-01, 6.319957986587e-06, 1.5379e+01, 3.6954e-01, 
 1DIAGNOSTIC,    42, -9.674023365602e-01, 4.841984006104e-06, 1.5727e+01, 3.4791e-01, 
 1DIAGNOSTIC,    43, -9.675051548701e-01, 5.327220241977e-06, 1.6093e+01, 3.6657e-01, 
 1DIAGNOSTIC,    44, -9.673937813794e-01, 3.824294453263e-06, 1.6428e+01, 3.3500e-01, 
 1DIAGNOSTIC,    45, -9.675487852312e-01, 4.451701470332e-06, 1.6765e+01, 3.3646e-01, 
 1DIAGNOSTIC,    46, -9.674594338883e-01, 3.352541376400e-06, 1.7107e+01, 3.4194e-01, 
 1DIAGNOSTIC,    47, -9.675336870936e-01, 3.404250050309e-06, 1.7452e+01, 3.4475e-01, 
 1DIAGNOSTIC,    48, -9.674372295304e-01, 1.829290308800e-06, 1.7791e+01, 3.3957e-01, 
 1DIAGNOSTIC,    49, -9.675773326486e-01, 2.316781144141e-06, 1.8142e+01, 3.5087e-01, 
 1DIAGNOSTIC,    50, -9.674959884542e-01, 1.466346147144e-06, 1.8486e+01, 3.4431e-01, 
 1DIAGNOSTIC,    51, -9.675619758698e-01, 2.023343166523e-06, 1.8832e+01, 3.4546e-01, 
 1DIAGNOSTIC,    52, -9.674679946143e-01, 1.250881097897e-06, 1.9174e+01, 3.4230e-01, 
 1DIAGNOSTIC,    53, -9.675466108532e-01, 1.495284136614e-06, 1.9520e+01, 3.4559e-01, 
 1DIAGNOSTIC,    54, -9.674588185444e-01, 5.095541039148e-07, 1.9865e+01, 3.4522e-01, 
XXDIAGNOSTIC,Iteration,metricValue,convergenceValue,ITERATION_TIME_INDEX,SINCE_LAST
 1DIAGNOSTIC,     1, -9.046529232366e-01, 1.797693134862e+308, 2.3993e+01, 4.1279e+00, 
 1DIAGNOSTIC,     2, -9.085924561221e-01, 1.797693134862e+308, 2.7125e+01, 3.1320e+00, 
 1DIAGNOSTIC,     3, -9.128305519712e-01, 1.797693134862e+308, 3.0453e+01, 3.3284e+00, 
 1DIAGNOSTIC,     4, -9.166644713692e-01, 1.797693134862e+308, 3.3801e+01, 3.3478e+00, 
 1DIAGNOSTIC,     5, -9.199869094020e-01, 1.797693134862e+308, 3.6720e+01, 2.9191e+00, 
 1DIAGNOSTIC,     6, -9.228454021056e-01, 1.797693134862e+308, 3.9650e+01, 2.9301e+00, 
 1DIAGNOSTIC,     7, -9.251843052772e-01, 1.797693134862e+308, 4.2566e+01, 2.9155e+00, 
 1DIAGNOSTIC,     8, -9.271276796030e-01, 1.797693134862e+308, 4.5471e+01, 2.9056e+00, 
 1DIAGNOSTIC,     9, -9.288219318964e-01, 1.797693134862e+308, 4.8374e+01, 2.9023e+00, 
 1DIAGNOSTIC,    10, -9.302660511853e-01, 1.788536460046e-03, 5.1282e+01, 2.9085e+00, 
 1DIAGNOSTIC,    11, -9.315237828186e-01, 1.417679198784e-03, 5.4238e+01, 2.9555e+00, 
 1DIAGNOSTIC,    12, -9.325966607971e-01, 1.109469892035e-03, 5.7174e+01, 2.9367e+00, 
 1DIAGNOSTIC,    13, -9.335517921710e-01, 8.708423908389e-04, 6.0142e+01, 2.9674e+00, 
 1DIAGNOSTIC,    14, -9.341706944652e-01, 6.844554065198e-04, 6.3256e+01, 3.1144e+00, 
 1DIAGNOSTIC,    15, -9.347529114867e-01, 5.400383491165e-04, 6.6241e+01, 2.9853e+00, 
 1DIAGNOSTIC,    16, -9.353173796507e-01, 4.295236121435e-04, 6.9281e+01, 3.0390e+00, 
 1DIAGNOSTIC,    17, -9.357447956292e-01, 3.421031115181e-04, 7.2246e+01, 2.9654e+00, 
 1DIAGNOSTIC,    18, -9.362664186434e-01, 2.746075307762e-04, 7.5375e+01, 3.1290e+00, 
 1DIAGNOSTIC,    19, -9.366560772009e-01, 2.222434979128e-04, 7.8311e+01, 2.9365e+00, 
 1DIAGNOSTIC,    20, -9.370281089659e-01, 1.822138418980e-04, 8.1466e+01, 3.1544e+00, 
 1DIAGNOSTIC,    21, -9.373902543958e-01, 1.525565827312e-04, 8.4374e+01, 2.9080e+00, 
 1DIAGNOSTIC,    22, -9.377446230516e-01, 1.310947856256e-04, 8.7266e+01, 2.8920e+00, 
 1DIAGNOSTIC,    23, -9.380876216118e-01, 1.164923419432e-04, 9.0171e+01, 2.9055e+00, 
 1DIAGNOSTIC,    24, -9.384222835196e-01, 1.043285264103e-04, 9.3512e+01, 3.3406e+00, 
 1DIAGNOSTIC,    25, -9.387502148300e-01, 9.447358364489e-05, 9.6425e+01, 2.9133e+00, 
 1DIAGNOSTIC,    26, -9.390730443965e-01, 8.695682653827e-05, 9.9318e+01, 2.8929e+00, 
 1DIAGNOSTIC,    27, -9.393916787491e-01, 8.022974506316e-05, 1.0224e+02, 2.9170e+00, 
 1DIAGNOSTIC,    28, -9.397178680500e-01, 7.568428332191e-05, 1.0512e+02, 2.8896e+00, 
 1DIAGNOSTIC,    29, -9.400304182685e-01, 7.171696039578e-05, 1.0802e+02, 2.8976e+00, 
 1DIAGNOSTIC,    30, -9.403433631103e-01, 6.822602879476e-05, 1.1092e+02, 2.8929e+00, 
 1DIAGNOSTIC,    31, -9.406555851353e-01, 6.516279562237e-05, 1.1381e+02, 2.8928e+00, 
 1DIAGNOSTIC,    32, -9.409542961584e-01, 6.236345856789e-05, 1.1672e+02, 2.9071e+00, 
 1DIAGNOSTIC,    33, -9.412323698142e-01, 5.958230564613e-05, 1.1964e+02, 2.9295e+00, 
 1DIAGNOSTIC,    34, -9.414977846826e-01, 5.671850690270e-05, 1.2266e+02, 3.0151e+00, 
 1DIAGNOSTIC,    35, -9.417512093391e-01, 5.372164150690e-05, 1.2562e+02, 2.9623e+00, 
 1DIAGNOSTIC,    36, -9.419896735474e-01, 5.056175808520e-05, 1.2853e+02, 2.9044e+00, 
 1DIAGNOSTIC,    37, -9.422154150209e-01, 4.727039653027e-05, 1.3144e+02, 2.9120e+00, 
 1DIAGNOSTIC,    38, -9.424288253546e-01, 4.400842715165e-05, 1.3434e+02, 2.9027e+00, 
 1DIAGNOSTIC,    39, -9.426310504965e-01, 4.077140716784e-05, 1.3726e+02, 2.9163e+00, 
 1DIAGNOSTIC,    40, -9.428230054255e-01, 3.768080220579e-05, 1.4017e+02, 2.9122e+00, 
 1DIAGNOSTIC,    41, -9.430048090928e-01, 3.484359454059e-05, 1.4307e+02, 2.8959e+00, 
 1DIAGNOSTIC,    42, -9.431789252397e-01, 3.227425220693e-05, 1.4600e+02, 2.9324e+00, 
 1DIAGNOSTIC,    43, -9.433458729150e-01, 2.992414241365e-05, 1.4892e+02, 2.9237e+00, 
 1DIAGNOSTIC,    44, -9.434985073594e-01, 2.774524029943e-05, 1.5184e+02, 2.9233e+00, 
 1DIAGNOSTIC,    45, -9.436461576778e-01, 2.575764359030e-05, 1.5479e+02, 2.9412e+00, 
 1DIAGNOSTIC,    46, -9.437852273972e-01, 2.392469082101e-05, 1.5772e+02, 2.9369e+00, 
 1DIAGNOSTIC,    47, -9.439144419986e-01, 2.221309865566e-05, 1.6063e+02, 2.9035e+00, 
 1DIAGNOSTIC,    48, -9.440457349664e-01, 2.066714425443e-05, 1.6355e+02, 2.9284e+00, 
 1DIAGNOSTIC,    49, -9.441658000310e-01, 1.924113499123e-05, 1.6648e+02, 2.9288e+00, 
 1DIAGNOSTIC,    50, -9.442762358713e-01, 1.790549124564e-05, 1.6940e+02, 2.9135e+00, 
 1DIAGNOSTIC,    51, -9.443863350917e-01, 1.668488843455e-05, 1.7236e+02, 2.9583e+00, 
 1DIAGNOSTIC,    52, -9.444857023280e-01, 1.554734693662e-05, 1.7533e+02, 2.9756e+00, 
 1DIAGNOSTIC,    53, -9.439429294702e-01, 1.084989939835e-05, 1.7831e+02, 2.9758e+00, 
 1DIAGNOSTIC,    54, -9.439080509723e-01, 6.091367755586e-06, 1.8128e+02, 2.9776e+00, 
 1DIAGNOSTIC,    55, -9.434019956174e-01, -1.036372768458e-06, 1.8436e+02, 3.0742e+00, 
XXDIAGNOSTIC,Iteration,metricValue,convergenceValue,ITERATION_TIME_INDEX,SINCE_LAST
 1DIAGNOSTIC,     1, -8.956771070083e-01, 1.797693134862e+308, 2.1019e+02, 2.5836e+01, 
 1DIAGNOSTIC,     2, -8.982528477891e-01, 1.797693134862e+308, 2.3388e+02, 2.3690e+01, 
 1DIAGNOSTIC,     3, -9.012960130221e-01, 1.797693134862e+308, 2.5784e+02, 2.3961e+01, 
 1DIAGNOSTIC,     4, -9.042034301104e-01, 1.797693134862e+308, 2.8175e+02, 2.3903e+01, 
 1DIAGNOSTIC,     5, -9.065034705798e-01, 1.797693134862e+308, 3.0671e+02, 2.4965e+01, 
 1DIAGNOSTIC,     6, -9.085935484942e-01, 1.797693134862e+308, 3.3254e+02, 2.5822e+01, 
 1DIAGNOSTIC,     7, -9.103994372650e-01, 1.797693134862e+308, 3.5600e+02, 2.3460e+01, 
 1DIAGNOSTIC,     8, -9.119786556013e-01, 1.797693134862e+308, 3.8122e+02, 2.5222e+01, 
 1DIAGNOSTIC,     9, -9.133935445834e-01, 1.797693134862e+308, 4.0512e+02, 2.3901e+01, 
 1DIAGNOSTIC,    10, -9.146889599336e-01, 1.350624401981e-03, 4.2887e+02, 2.3754e+01, 
 1DIAGNOSTIC,    11, -9.155776861802e-01, 1.094448939151e-03, 4.5261e+02, 2.3739e+01, 
 1DIAGNOSTIC,    12, -9.165529796716e-01, 8.748796599732e-04, 4.7645e+02, 2.3835e+01, 
 1DIAGNOSTIC,    13, -9.174998304576e-01, 7.052612734589e-04, 5.0068e+02, 2.4233e+01, 
 1DIAGNOSTIC,    14, -9.182867429870e-01, 5.776829237305e-04, 5.2587e+02, 2.5196e+01, 
 1DIAGNOSTIC,    15, -9.190413570173e-01, 4.775477534149e-04, 5.5016e+02, 2.4290e+01, 
 1DIAGNOSTIC,    16, -9.197490333816e-01, 4.004432370965e-04, 5.7529e+02, 2.5130e+01, 
 1DIAGNOSTIC,    17, -9.204150600078e-01, 3.406422478210e-04, 5.9934e+02, 2.4041e+01, 
 1DIAGNOSTIC,    18, -9.210158623341e-01, 2.934692179944e-04, 6.2362e+02, 2.4280e+01, 
 1DIAGNOSTIC,    19, -9.215444489316e-01, 2.556945129353e-04, 6.4803e+02, 2.4419e+01, 
 1DIAGNOSTIC,    20, -9.220085133765e-01, 2.253147209425e-04, 6.7208e+02, 2.4049e+01, 
 1DIAGNOSTIC,    21, -9.224237233385e-01, 1.960759382172e-04, 6.9607e+02, 2.3988e+01, 
 1DIAGNOSTIC,    22, -9.228000951381e-01, 1.702003706590e-04, 7.2018e+02, 2.4113e+01, 
 1DIAGNOSTIC,    23, -9.231402654719e-01, 1.480110772314e-04, 7.4436e+02, 2.4176e+01, 
 1DIAGNOSTIC,    24, -9.234580038023e-01, 1.280765745587e-04, 7.6813e+02, 2.3770e+01, 
 1DIAGNOSTIC,    25, -9.237524576166e-01, 1.107318344446e-04, 7.9159e+02, 2.3461e+01, 
 1DIAGNOSTIC,    26, -9.240316147210e-01, 9.608006919154e-05, 8.1582e+02, 2.4229e+01, 
 1DIAGNOSTIC,    27, -9.242965094858e-01, 8.415999568583e-05, 8.4153e+02, 2.5710e+01, 
 1DIAGNOSTIC,    28, -9.245505482191e-01, 7.463183338364e-05, 8.6545e+02, 2.3924e+01, 
 1DIAGNOSTIC,    29, -9.247955278553e-01, 6.700193109101e-05, 8.9099e+02, 2.5533e+01, 
 1DIAGNOSTIC,    30, -9.250362452239e-01, 6.085163680025e-05, 9.1489e+02, 2.3901e+01, 
 1DIAGNOSTIC,    31, -9.252721273949e-01, 5.587391226025e-05, 9.3830e+02, 2.3413e+01, 
 1DIAGNOSTIC,    32, -9.255053815905e-01, 5.184672040674e-05, 9.6332e+02, 2.5015e+01, 
 1DIAGNOSTIC,    33, -9.257403477340e-01, 4.857707080126e-05, 9.8923e+02, 2.5909e+01, 
 1DIAGNOSTIC,    34, -9.259838927137e-01, 4.603398889434e-05, 1.0156e+03, 2.6332e+01, 
 1DIAGNOSTIC,    35, -9.262283879271e-01, 4.406126063302e-05, 1.0425e+03, 2.6906e+01, 
 1DIAGNOSTIC,    36, -9.264565663090e-01, 4.240347317479e-05, 1.0684e+03, 2.5973e+01, 
 1DIAGNOSTIC,    37, -9.266810145477e-01, 4.093138279786e-05, 1.0948e+03, 2.6376e+01, 
 1DIAGNOSTIC,    38, -9.268965464220e-01, 3.949934119933e-05, 1.1251e+03, 3.0269e+01, 
 1DIAGNOSTIC,    39, -9.271098315355e-01, 3.804598779488e-05, 1.1501e+03, 2.5029e+01, 
 1DIAGNOSTIC,    40, -9.273190262837e-01, 3.654986978355e-05, 1.1753e+03, 2.5146e+01, 
 1DIAGNOSTIC,    41, -9.275303017963e-01, 3.504809500984e-05, 1.2041e+03, 2.8836e+01, 
 1DIAGNOSTIC,    42, -9.277375185820e-01, 3.354999582903e-05, 1.2302e+03, 2.6143e+01, 
 1DIAGNOSTIC,    43, -9.279422889104e-01, 3.211091859770e-05, 1.2595e+03, 2.9237e+01, 
 1DIAGNOSTIC,    44, -9.281401563399e-01, 3.079990170197e-05, 1.2845e+03, 2.5059e+01, 
 1DIAGNOSTIC,    45, -9.283238558477e-01, 2.957566014082e-05, 1.3119e+03, 2.7379e+01, 
 1DIAGNOSTIC,    46, -9.284996723602e-01, 2.832268811160e-05, 1.3366e+03, 2.4664e+01, 
 1DIAGNOSTIC,    47, -9.286662038652e-01, 2.701632848828e-05, 1.3655e+03, 2.8916e+01, 
 1DIAGNOSTIC,    48, -9.288248927891e-01, 2.561950558953e-05, 1.3917e+03, 2.6189e+01, 
 1DIAGNOSTIC,    49, -9.289779914105e-01, 2.416937962651e-05, 1.4161e+03, 2.4377e+01, 
 1DIAGNOSTIC,    50, -9.291246044197e-01, 2.269271388706e-05, 1.4405e+03, 2.4472e+01, 
XXDIAGNOSTIC,Iteration,metricValue,convergenceValue,ITERATION_TIME_INDEX,SINCE_LAST
 1DIAGNOSTIC,     1, -8.849590823663e-01, 1.797693134862e+308, 1.6668e+03, 2.2623e+02, 
 1DIAGNOSTIC,     2, -8.862976859211e-01, 1.797693134862e+308, 1.8901e+03, 2.2331e+02, 
 1DIAGNOSTIC,     3, -8.882533533671e-01, 1.797693134862e+308, 2.1131e+03, 2.2298e+02, 
 1DIAGNOSTIC,     4, -8.901319787628e-01, 1.797693134862e+308, 2.3531e+03, 2.4005e+02, 
 1DIAGNOSTIC,     5, -8.918114695495e-01, 1.797693134862e+308, 2.5734e+03, 2.2034e+02, 
 1DIAGNOSTIC,     6, -8.932115150409e-01, 1.797693134862e+308, 2.8087e+03, 2.3524e+02, 
 1DIAGNOSTIC,     7, -8.944099825818e-01, 1.797693134862e+308, 3.0696e+03, 2.6091e+02, 
 1DIAGNOSTIC,     8, -8.955211773043e-01, 1.797693134862e+308, 3.3157e+03, 2.4608e+02, 
 1DIAGNOSTIC,     9, -8.966452172545e-01, 1.797693134862e+308, 3.5407e+03, 2.2505e+02, 
 1DIAGNOSTIC,    10, -8.977352707393e-01, 9.319775308083e-04, 3.7626e+03, 2.2187e+02, 
 1DIAGNOSTIC,    11, -8.986489663719e-01, 7.885005879085e-04, 3.9843e+03, 2.2177e+02, 
 1DIAGNOSTIC,    12, -8.994170019304e-01, 6.537055361371e-04, 4.2061e+03, 2.2177e+02, 
 1DIAGNOSTIC,    13, -9.001388300559e-01, 5.457364793617e-04, 4.4536e+03, 2.4751e+02, 
 1DIAGNOSTIC,    14, -9.008399400138e-01, 4.617185126002e-04, 4.6860e+03, 2.3241e+02, 
 1DIAGNOSTIC,    15, -9.015086721599e-01, 3.960858601970e-04, 4.9092e+03, 2.2319e+02, 
 1DIAGNOSTIC,    16, -9.021523711388e-01, 3.426758011812e-04, 5.1309e+03, 2.2166e+02, 
 1DIAGNOSTIC,    17, -9.027784977401e-01, 2.979509583269e-04, 5.3523e+03, 2.2137e+02, 
 1DIAGNOSTIC,    18, -9.033840234892e-01, 2.607655806145e-04, 5.5731e+03, 2.2081e+02, 
 1DIAGNOSTIC,    19, -9.039682036941e-01, 2.316323091561e-04, 5.7939e+03, 2.2086e+02, 
 1DIAGNOSTIC,    20, -9.045094046540e-01, 2.095910348531e-04, 6.0172e+03, 2.2326e+02, 
  Elapsed time (stage 0): 6019.11


Total elapsed time: 6019.12
