
##########################
# Experiment information #
##########################
SIF_IMG: /project/rrg-glatard/mdugre/containers/ants-p2-vprec.sif
EXPERIMENT_NAME: vprec-space_search
CONFIG: 0100
VFC_BACKENDS: libinterflop_vprec.so --range-binary32=7 --precision-binary32=13 --range-binary64=7 --precision-binary64=13

FIXED_IMG: /templateflow/tpl-MNI152NLin2009cAsym/tpl-MNI152NLin2009cAsym_res-01_desc-brain_T1w.nii.gz
SUBJECT_ID: 0003051
INPUT_IMG: /project/rrg-glatard/mdugre/datasets/corr/RawDataBIDS/BMB_1/derivatives/antsBrainExtraction/sub-0003051/BrainExtractionBrain.nii.gz
OUTPUT_DIR: /project/rrg-glatard/mdugre/datasets/corr/RawDataBIDS/BMB_1/derivatives/vprec-space_search/0100/r7-p13/sub-0003051

ITK_GLOBAL_DEFAULT_NUMBER_OF_THREADS: 8
##########################

VFC_BACKENDS=libinterflop_ieee.so
Info [verificarlo]: loaded backend libinterflop_ieee.so
Info [interflop-ieee]: load backend with:
Info [interflop-ieee]: debug = false
Info [interflop-ieee]: debug-binary = false
Info [interflop-ieee]: no-backend-name = false
Info [interflop-ieee]: print-new-line = false
Info [interflop-ieee]: print-subnormal-normalized = false
Info [interflop-ieee]: count-op = false
All_Command_lines_OK
Using double precision for computations.
=============================================================================
The composite transform comprises the following transforms (in order): 
  1. Center of mass alignment using fixed image: /templateflow/tpl-MNI152NLin2009cAsym/tpl-MNI152NLin2009cAsym_res-01_desc-brain_T1w.nii.gz and moving image: /project/rrg-glatard/mdugre/datasets/corr/RawDataBIDS/BMB_1/derivatives/antsBrainExtraction/sub-0003051/BrainExtractionBrain.nii.gz (type = Euler3DTransform)
=============================================================================
  number of levels = 1
  fixed image: /templateflow/tpl-MNI152NLin2009cAsym/tpl-MNI152NLin2009cAsym_res-01_desc-brain_T1w.nii.gz
  moving image: /project/rrg-glatard/mdugre/datasets/corr/RawDataBIDS/BMB_1/derivatives/antsBrainExtraction/sub-0003051/BrainExtractionBrain.nii.gz
Dimension = 3
Number of stages = 1
Use histogram matching = false
Winsorize image intensities = true
  Lower quantile = 0.005
  Upper quantile = 0.995


Stage 1 State
   Image metric = MattesMI
     Fixed image = Image (0x36f2390)
  RTTI typeinfo:   itk::Image<double, 3u>
  Reference Count: 2
  Modified Time: 2330
  Debug: Off
  Object Name: 
  Observers: 
    none
  Source: (none)
  Source output name: (none)
  Release Data: Off
  Data Released: False
  Global Release Data: Off
  PipelineMTime: 0
  UpdateMTime: 1941
  RealTimeStamp: 0 seconds 
  LargestPossibleRegion: 
    Dimension: 3
    Index: [0, 0, 0]
    Size: [193, 229, 193]
  BufferedRegion: 
    Dimension: 3
    Index: [0, 0, 0]
    Size: [193, 229, 193]
  RequestedRegion: 
    Dimension: 3
    Index: [0, 0, 0]
    Size: [193, 229, 193]
  Spacing: [1, 1, 1]
  Origin: [96, 132, -78]
  Direction: 
-1 0 0
0 -1 0
0 0 1

  IndexToPointMatrix: 
-1 0 0
0 -1 0
0 0 1

  PointToIndexMatrix: 
-1 0 0
0 -1 0
0 0 1

  Inverse Direction: 
-1 0 0
0 -1 0
0 0 1

  PixelContainer: 
    ImportImageContainer (0x37bda90)
      RTTI typeinfo:   itk::ImportImageContainer<unsigned long, double>
      Reference Count: 1
      Modified Time: 1938
      Debug: Off
      Object Name: 
      Observers: 
        none
      Pointer: 0x149825897010
      Container manages memory: true
      Size: 8530021
      Capacity: 8530021

     Moving image = Image (0x36f7390)
  RTTI typeinfo:   itk::Image<double, 3u>
  Reference Count: 2
  Modified Time: 2331
  Debug: Off
  Object Name: 
  Observers: 
    none
  Source: (none)
  Source output name: (none)
  Release Data: Off
  Data Released: False
  Global Release Data: Off
  PipelineMTime: 0
  UpdateMTime: 2328
  RealTimeStamp: 0 seconds 
  LargestPossibleRegion: 
    Dimension: 3
    Index: [0, 0, 0]
    Size: [176, 256, 256]
  BufferedRegion: 
    Dimension: 3
    Index: [0, 0, 0]
    Size: [176, 256, 256]
  RequestedRegion: 
    Dimension: 3
    Index: [0, 0, 0]
    Size: [176, 256, 256]
  Spacing: [1, 1, 1]
  Origin: [-88.8452, 91.7534, -119.169]
  Direction: 
1 0 0
0 -1 0
0 0 1

  IndexToPointMatrix: 
1 0 0
0 -1 0
0 0 1

  PointToIndexMatrix: 
1 0 0
0 -1 0
0 0 1

  Inverse Direction: 
1 0 0
0 -1 0
0 0 1

  PixelContainer: 
    ImportImageContainer (0x389db90)
      RTTI typeinfo:   itk::ImportImageContainer<unsigned long, double>
      Reference Count: 1
      Modified Time: 2325
      Debug: Off
      Object Name: 
      Observers: 
        none
      Pointer: 0x149820096010
      Container manages memory: true
      Size: 11534336
      Capacity: 11534336

     Weighting = 1
     Sampling strategy = regular
     Number of bins = 32
     Radius = 4
     Sampling percentage  = 0.25
   Transform = Rigid
     Gradient step = 0.1
     Update field sigma (voxel space) = 0
     Total field sigma (voxel space) = 0
     Update field time sigma = 0
     Total field time sigma  = 0
     Number of time indices = 0
     Number of time point samples = 0
Registration using 1 total stages.

Stage 0
  iterations = 0
  convergence threshold = 1e-06
  convergence window size = 10
  number of levels = 1
  using the Mattes MI metric (number of bins = 32, weight = 1, use gradient filter = 0)
  preprocessing:  winsorizing the image intensities
  Shrink factors (level 1 out of 1): [1, 1, 1]
  smoothing sigmas per level: [0]
  regular sampling (percentage = 0.25)

*** Running Euler3DTransform registration ***

  Elapsed time (stage 0): 0.972446


Total elapsed time: 0.974107
VFC_BACKENDS=libinterflop_vprec.so --range-binary32=7 --precision-binary32=13 --range-binary64=7 --precision-binary64=13
Info [verificarlo]: loaded backend libinterflop_vprec.so
Info [interflop-vprec]: load backend with: 
Info [interflop-vprec]: precision-binary32 = 13
Info [interflop-vprec]: range-binary32 = 7
Info [interflop-vprec]: precision-binary64 = 13
Info [interflop-vprec]: range-binary64 = 7
Info [interflop-vprec]: mode = ob
Info [interflop-vprec]: error-mode = rel
Info [interflop-vprec]: max-abs-error-exponent = -1022
Info [interflop-vprec]: daz = false
Info [interflop-vprec]: ftz = false
Info [interflop-vprec]: 	instrument = none
Info [interflop-vprec]: 	prec-input-file = (null)
Info [interflop-vprec]: 	prec-output-file = (null)
Info [interflop-vprec]: 	prec-log-file = (null)
All_Command_lines_OK
Using double precision for computations.
=============================================================================
The composite transform comprises the following transforms (in order): 
  1. /project/rrg-glatard/mdugre/datasets/corr/RawDataBIDS/BMB_1/derivatives/vprec-space_search/0100/r7-p13/sub-0003051/align_Composite.h5[0] (type = Euler3DTransform)
  2. /project/rrg-glatard/mdugre/datasets/corr/RawDataBIDS/BMB_1/derivatives/vprec-space_search/0100/r7-p13/sub-0003051/align_Composite.h5[1] (type = Euler3DTransform)
=============================================================================
  number of levels = 4
  fixed image: /templateflow/tpl-MNI152NLin2009cAsym/tpl-MNI152NLin2009cAsym_res-01_desc-brain_T1w.nii.gz
  moving image: /project/rrg-glatard/mdugre/datasets/corr/RawDataBIDS/BMB_1/derivatives/antsBrainExtraction/sub-0003051/BrainExtractionBrain.nii.gz
Dimension = 3
Number of stages = 1
Use histogram matching = false
Winsorize image intensities = true
  Lower quantile = 0.005
  Upper quantile = 0.995


Stage 1 State
   Image metric = MattesMI
     Fixed image = Image (0x44f8300)
  RTTI typeinfo:   itk::Image<double, 3u>
  Reference Count: 2
  Modified Time: 1578
  Debug: Off
  Object Name: 
  Observers: 
    none
  Source: (none)
  Source output name: (none)
  Release Data: Off
  Data Released: False
  Global Release Data: Off
  PipelineMTime: 0
  UpdateMTime: 1189
  RealTimeStamp: 0 seconds 
  LargestPossibleRegion: 
    Dimension: 3
    Index: [0, 0, 0]
    Size: [193, 229, 193]
  BufferedRegion: 
    Dimension: 3
    Index: [0, 0, 0]
    Size: [193, 229, 193]
  RequestedRegion: 
    Dimension: 3
    Index: [0, 0, 0]
    Size: [193, 229, 193]
  Spacing: [1, 1, 1]
  Origin: [96, 132, -78]
  Direction: 
-1 0 0
0 -1 0
0 0 1

  IndexToPointMatrix: 
-1 0 0
0 -1 0
0 0 1

  PointToIndexMatrix: 
-1 0 0
0 -1 0
0 0 1

  Inverse Direction: 
-1 0 0
0 -1 0
0 0 1

  PixelContainer: 
    ImportImageContainer (0x45b6d00)
      RTTI typeinfo:   itk::ImportImageContainer<unsigned long, double>
      Reference Count: 1
      Modified Time: 1186
      Debug: Off
      Object Name: 
      Observers: 
        none
      Pointer: 0x14730205f010
      Container manages memory: true
      Size: 8530021
      Capacity: 8530021

     Moving image = Image (0x45b3030)
  RTTI typeinfo:   itk::Image<double, 3u>
  Reference Count: 2
  Modified Time: 1579
  Debug: Off
  Object Name: 
  Observers: 
    none
  Source: (none)
  Source output name: (none)
  Release Data: Off
  Data Released: False
  Global Release Data: Off
  PipelineMTime: 0
  UpdateMTime: 1576
  RealTimeStamp: 0 seconds 
  LargestPossibleRegion: 
    Dimension: 3
    Index: [0, 0, 0]
    Size: [176, 256, 256]
  BufferedRegion: 
    Dimension: 3
    Index: [0, 0, 0]
    Size: [176, 256, 256]
  RequestedRegion: 
    Dimension: 3
    Index: [0, 0, 0]
    Size: [176, 256, 256]
  Spacing: [1, 1, 1]
  Origin: [-88.8438, 91.75, -119.172]
  Direction: 
1 0 0
0 -1 0
0 0 1

  IndexToPointMatrix: 
1 0 0
0 -1 0
0 0 1

  PointToIndexMatrix: 
1 0 0
0 -1 0
0 0 1

  Inverse Direction: 
1 0 0
0 -1 0
0 0 1

  PixelContainer: 
    ImportImageContainer (0x4580d70)
      RTTI typeinfo:   itk::ImportImageContainer<unsigned long, double>
      Reference Count: 1
      Modified Time: 1573
      Debug: Off
      Object Name: 
      Observers: 
        none
      Pointer: 0x1472fc85e010
      Container manages memory: true
      Size: 11534336
      Capacity: 11534336

     Weighting = 1
     Sampling strategy = regular
     Number of bins = 32
     Radius = 4
     Sampling percentage  = 0.25
   Transform = Rigid
     Gradient step = 0.1
     Update field sigma (voxel space) = 0
     Total field sigma (voxel space) = 0
     Update field time sigma = 0
     Total field time sigma  = 0
     Number of time indices = 0
     Number of time point samples = 0
Registration using 1 total stages.

Stage 0
  iterations = 1000x500x250x100
  convergence threshold = 1e-06
  convergence window size = 10
  number of levels = 4
  using the Mattes MI metric (number of bins = 32, weight = 1, use gradient filter = 0)
  preprocessing:  winsorizing the image intensities
  Shrink factors (level 1 out of 4): [8, 8, 8]
  Shrink factors (level 2 out of 4): [4, 4, 4]
  Shrink factors (level 3 out of 4): [2, 2, 2]
  Shrink factors (level 4 out of 4): [1, 1, 1]
  smoothing sigmas per level: [3, 2, 1, 0]
  regular sampling (percentage = 0.25)

*** Running Euler3DTransform registration ***

DIAGNOSTIC,Iteration,metricValue,convergenceValue,ITERATION_TIME_INDEX,SINCE_LAST
 2DIAGNOSTIC,     1, -6.803512566197e-01, 1.797693134862e+308, 0.0000e+00, 0.0000e+00, 
 2DIAGNOSTIC,     2, -6.820931993463e-01, 1.797693134862e+308, 0.0000e+00, 0.0000e+00, 
 2DIAGNOSTIC,     3, -6.853298056370e-01, 1.797693134862e+308, 0.0000e+00, 0.0000e+00, 
 2DIAGNOSTIC,     4, -6.891337757818e-01, 1.797693134862e+308, 0.0000e+00, 0.0000e+00, 
 2DIAGNOSTIC,     5, -6.918345623384e-01, 1.797693134862e+308, 0.0000e+00, 0.0000e+00, 
 2DIAGNOSTIC,     6, -6.980531996627e-01, 1.797693134862e+308, 0.0000e+00, 0.0000e+00, 
 2DIAGNOSTIC,     7, -6.984479574975e-01, 1.797693134862e+308, 0.0000e+00, 0.0000e+00, 
 2DIAGNOSTIC,     8, -7.001141622424e-01, 1.797693134862e+308, 0.0000e+00, 0.0000e+00, 
 2DIAGNOSTIC,     9, -7.023064127179e-01, 1.797693134862e+308, 0.0000e+00, 0.0000e+00, 
 2DIAGNOSTIC,    10, -7.041216817581e-01, 2.348493848465e-03, 0.0000e+00, 0.0000e+00, 
 2DIAGNOSTIC,    11, -7.042577115728e-01, 1.930008252704e-03, 0.0000e+00, 0.0000e+00, 
 2DIAGNOSTIC,    12, -7.043659992495e-01, 1.473183267056e-03, 0.0000e+00, 0.0000e+00, 
 2DIAGNOSTIC,    13, -7.047115331739e-01, 1.067926807508e-03, 0.0000e+00, 0.0000e+00, 
 2DIAGNOSTIC,    14, -7.049164041620e-01, 7.399255421776e-04, 0.0000e+00, 0.0000e+00, 
 2DIAGNOSTIC,    15, -7.053067664544e-01, 4.678826602404e-04, 0.0000e+00, 0.0000e+00, 
 2DIAGNOSTIC,    16, -7.053222598452e-01, 3.471522632999e-04, 0.0000e+00, 0.0000e+00, 
 2DIAGNOSTIC,    17, -7.053003982308e-01, 2.182856896460e-04, 0.0000e+00, 0.0000e+00, 
 2DIAGNOSTIC,    18, -7.052799463031e-01, 1.202725025518e-04, 0.0000e+00, 0.0000e+00, 
 2DIAGNOSTIC,    19, -7.052692466253e-01, 6.727238155880e-05, 0.0000e+00, 0.0000e+00, 
 2DIAGNOSTIC,    20, -7.051989733590e-01, 4.893845534840e-05, 0.0000e+00, 0.0000e+00, 
 2DIAGNOSTIC,    21, -7.053611176322e-01, 3.384257150043e-05, 0.0000e+00, 0.0000e+00, 
 2DIAGNOSTIC,    22, -7.054630584035e-01, 2.091028184038e-05, 0.0000e+00, 0.0000e+00, 
 2DIAGNOSTIC,    23, -7.053431634045e-01, 1.126056265239e-05, 0.0000e+00, 0.0000e+00, 
 2DIAGNOSTIC,    24, -7.054416052207e-01, 6.595348224565e-06, 0.0000e+00, 0.0000e+00, 
 2DIAGNOSTIC,    25, -7.051797734146e-01, 3.877404887213e-06, 0.0000e+00, 0.0000e+00, 
 2DIAGNOSTIC,    26, -7.052047130961e-01, 1.846661533911e-06, 0.0000e+00, 0.0000e+00, 
DIAGNOSTIC,Iteration,metricValue,convergenceValue,ITERATION_TIME_INDEX,SINCE_LAST
 2DIAGNOSTIC,     1, -5.816075648739e-01, 1.797693134862e+308, 0.0000e+00, 0.0000e+00, 
 2DIAGNOSTIC,     2, -5.818868540414e-01, 1.797693134862e+308, 0.0000e+00, 0.0000e+00, 
 2DIAGNOSTIC,     3, -5.823987778688e-01, 1.797693134862e+308, 0.0000e+00, 0.0000e+00, 
 2DIAGNOSTIC,     4, -5.830549956682e-01, 1.797693134862e+308, 0.0000e+00, 0.0000e+00, 
 2DIAGNOSTIC,     5, -5.839043744987e-01, 1.797693134862e+308, 0.0000e+00, 0.0000e+00, 
 2DIAGNOSTIC,     6, -5.852903307323e-01, 1.797693134862e+308, 0.0000e+00, 0.0000e+00, 
 2DIAGNOSTIC,     7, -5.870506136517e-01, 1.797693134862e+308, 0.0000e+00, 0.0000e+00, 
 2DIAGNOSTIC,     8, -5.893954791446e-01, 1.797693134862e+308, 0.0000e+00, 0.0000e+00, 
 2DIAGNOSTIC,     9, -5.930193532868e-01, 1.797693134862e+308, 0.0000e+00, 0.0000e+00, 
 2DIAGNOSTIC,    10, -5.954459412084e-01, 1.485749878947e-03, 0.0000e+00, 0.0000e+00, 
 2DIAGNOSTIC,    11, -5.956143767598e-01, 1.542618411249e-03, 0.0000e+00, 0.0000e+00, 
 2DIAGNOSTIC,    12, -5.956686959973e-01, 1.467365621483e-03, 0.0000e+00, 0.0000e+00, 
 2DIAGNOSTIC,    13, -5.957907266994e-01, 1.295088395088e-03, 0.0000e+00, 0.0000e+00, 
 2DIAGNOSTIC,    14, -5.961105716335e-01, 1.062052453606e-03, 0.0000e+00, 0.0000e+00, 
 2DIAGNOSTIC,    15, -5.970768501309e-01, 8.207206054530e-04, 0.0000e+00, 0.0000e+00, 
 2DIAGNOSTIC,    16, -5.987591258765e-01, 6.272970123362e-04, 0.0000e+00, 0.0000e+00, 
 2DIAGNOSTIC,    17, -5.989429226823e-01, 4.539990325272e-04, 0.0000e+00, 0.0000e+00, 
 2DIAGNOSTIC,    18, -5.989419133860e-01, 3.199304615428e-04, 0.0000e+00, 0.0000e+00, 
 2DIAGNOSTIC,    19, -5.989558223210e-01, 2.615430583953e-04, 0.0000e+00, 0.0000e+00, 
 2DIAGNOSTIC,    20, -5.990028933816e-01, 2.437912247102e-04, 0.0000e+00, 0.0000e+00, 
 2DIAGNOSTIC,    21, -5.992464649799e-01, 2.139893212519e-04, 0.0000e+00, 0.0000e+00, 
 2DIAGNOSTIC,    22, -5.995427310366e-01, 1.747816086513e-04, 0.0000e+00, 0.0000e+00, 
 2DIAGNOSTIC,    23, -5.996894863609e-01, 1.289535091927e-04, 0.0000e+00, 0.0000e+00, 
 2DIAGNOSTIC,    24, -5.993767627579e-01, 7.517765297653e-05, 0.0000e+00, 0.0000e+00, 
 2DIAGNOSTIC,    25, -5.994030429342e-01, 3.724104171161e-05, 0.0000e+00, 0.0000e+00, 
 2DIAGNOSTIC,    26, -5.994031144486e-01, 2.964379110575e-05, 0.0000e+00, 0.0000e+00, 
 2DIAGNOSTIC,    27, -5.994065497153e-01, 2.310162890760e-05, 0.0000e+00, 0.0000e+00, 
 2DIAGNOSTIC,    28, -5.994067911302e-01, 1.501198737883e-05, 0.0000e+00, 0.0000e+00, 
 2DIAGNOSTIC,    29, -5.993969311603e-01, 6.448807343830e-06, 0.0000e+00, 0.0000e+00, 
DIAGNOSTIC,Iteration,metricValue,convergenceValue,ITERATION_TIME_INDEX,SINCE_LAST
 2DIAGNOSTIC,     1, -5.160028112542e-01, 1.797693134862e+308, 0.0000e+00, 0.0000e+00, 
 2DIAGNOSTIC,     2, -5.163022972232e-01, 1.797693134862e+308, 0.0000e+00, 0.0000e+00, 
 2DIAGNOSTIC,     3, -5.165984554992e-01, 1.797693134862e+308, 0.0000e+00, 0.0000e+00, 
 2DIAGNOSTIC,     4, -5.168965252778e-01, 1.797693134862e+308, 0.0000e+00, 0.0000e+00, 
 2DIAGNOSTIC,     5, -5.172019430981e-01, 1.797693134862e+308, 0.0000e+00, 0.0000e+00, 
 2DIAGNOSTIC,     6, -5.173462271573e-01, 1.797693134862e+308, 0.0000e+00, 0.0000e+00, 
 2DIAGNOSTIC,     7, -5.173613974096e-01, 1.797693134862e+308, 0.0000e+00, 0.0000e+00, 
 2DIAGNOSTIC,     8, -5.173546422248e-01, 1.797693134862e+308, 0.0000e+00, 0.0000e+00, 
 2DIAGNOSTIC,     9, -5.173606794131e-01, 1.797693134862e+308, 0.0000e+00, 0.0000e+00, 
 2DIAGNOSTIC,    10, -5.174068793848e-01, 1.743279378224e-04, 0.0000e+00, 0.0000e+00, 
 2DIAGNOSTIC,    11, -5.174166308347e-01, 1.144827114020e-04, 0.0000e+00, 0.0000e+00, 
 2DIAGNOSTIC,    12, -5.174456372736e-01, 6.970265339212e-05, 0.0000e+00, 0.0000e+00, 
 2DIAGNOSTIC,    13, -5.174385087338e-01, 3.793263870627e-05, 0.0000e+00, 0.0000e+00, 
 2DIAGNOSTIC,    14, -5.174098909517e-01, 1.786057817169e-05, 0.0000e+00, 0.0000e+00, 
 2DIAGNOSTIC,    15, -5.174270508337e-01, 1.077248756849e-05, 0.0000e+00, 0.0000e+00, 
 2DIAGNOSTIC,    16, -5.174156706064e-01, 8.323023411833e-06, 0.0000e+00, 0.0000e+00, 
 2DIAGNOSTIC,    17, -5.174061222246e-01, 5.819903007707e-06, 0.0000e+00, 0.0000e+00, 
 2DIAGNOSTIC,    18, -5.174252756397e-01, 3.679782202774e-06, 0.0000e+00, 0.0000e+00, 
 2DIAGNOSTIC,    19, -5.174259593018e-01, 1.785464949132e-06, 0.0000e+00, 0.0000e+00, 
 2DIAGNOSTIC,    20, -5.174449295938e-01, 1.891705959933e-06, 0.0000e+00, 0.0000e+00, 
 2DIAGNOSTIC,    21, -5.174087685925e-01, 1.263756587697e-06, 0.0000e+00, 0.0000e+00, 
 2DIAGNOSTIC,    22, -5.174316521300e-01, 2.082106031982e-06, 0.0000e+00, 0.0000e+00, 
 2DIAGNOSTIC,    23, -5.174389560526e-01, 2.798424868569e-06, 0.0000e+00, 0.0000e+00, 
 2DIAGNOSTIC,    24, -5.173949953689e-01, 1.655860656126e-06, 0.0000e+00, 0.0000e+00, 
 2DIAGNOSTIC,    25, -5.174261341553e-01, 1.707887638452e-06, 0.0000e+00, 0.0000e+00, 
 2DIAGNOSTIC,    26, -5.174088012539e-01, 1.127528432468e-06, 0.0000e+00, 0.0000e+00, 
DIAGNOSTIC,Iteration,metricValue,convergenceValue,ITERATION_TIME_INDEX,SINCE_LAST
 2DIAGNOSTIC,     1, -4.686149956341e-01, 1.797693134862e+308, 0.0000e+00, 0.0000e+00, 
 2DIAGNOSTIC,     2, -4.687639301837e-01, 1.797693134862e+308, 0.0000e+00, 0.0000e+00, 
 2DIAGNOSTIC,     3, -4.688926469973e-01, 1.797693134862e+308, 0.0000e+00, 0.0000e+00, 
 2DIAGNOSTIC,     4, -4.689762803733e-01, 1.797693134862e+308, 0.0000e+00, 0.0000e+00, 
 2DIAGNOSTIC,     5, -4.690564120391e-01, 1.797693134862e+308, 0.0000e+00, 0.0000e+00, 
 2DIAGNOSTIC,     6, -4.691498002239e-01, 1.797693134862e+308, 0.0000e+00, 0.0000e+00, 
 2DIAGNOSTIC,     7, -4.693604129477e-01, 1.797693134862e+308, 0.0000e+00, 0.0000e+00, 
 2DIAGNOSTIC,     8, -4.694497743604e-01, 1.797693134862e+308, 0.0000e+00, 0.0000e+00, 
 2DIAGNOSTIC,     9, -4.694127504407e-01, 1.797693134862e+308, 0.0000e+00, 0.0000e+00, 
 2DIAGNOSTIC,    10, -4.694357049096e-01, 1.234420336456e-04, 0.0000e+00, 0.0000e+00, 
 2DIAGNOSTIC,    11, -4.694565999171e-01, 9.671111410163e-05, 0.0000e+00, 0.0000e+00, 
 2DIAGNOSTIC,    12, -4.694551728344e-01, 7.320014963129e-05, 0.0000e+00, 0.0000e+00, 
 2DIAGNOSTIC,    13, -4.694659271947e-01, 5.342470805647e-05, 0.0000e+00, 0.0000e+00, 
 2DIAGNOSTIC,    14, -4.694696372573e-01, 3.578101928220e-05, 0.0000e+00, 0.0000e+00, 
 2DIAGNOSTIC,    15, -4.694858217134e-01, 2.140694127857e-05, 0.0000e+00, 0.0000e+00, 
 2DIAGNOSTIC,    16, -4.694857817302e-01, 1.040237147575e-05, 0.0000e+00, 0.0000e+00, 
 2DIAGNOSTIC,    17, -4.694943648378e-01, 7.679955515205e-06, 0.0000e+00, 0.0000e+00, 
 2DIAGNOSTIC,    18, -4.694906769362e-01, 7.695065968934e-06, 0.0000e+00, 0.0000e+00, 
 2DIAGNOSTIC,    19, -4.695039636024e-01, 6.426478415061e-06, 0.0000e+00, 0.0000e+00, 
 2DIAGNOSTIC,    20, -4.695053828437e-01, 5.585052581338e-06, 0.0000e+00, 0.0000e+00, 
 2DIAGNOSTIC,    21, -4.695051916233e-01, 5.087102152114e-06, 0.0000e+00, 0.0000e+00, 
 2DIAGNOSTIC,    22, -4.695049694837e-01, 4.289784224613e-06, 0.0000e+00, 0.0000e+00, 
 2DIAGNOSTIC,    23, -4.694980917516e-01, 3.430164244804e-06, 0.0000e+00, 0.0000e+00, 
 2DIAGNOSTIC,    24, -4.694947674986e-01, 2.479908114729e-06, 0.0000e+00, 0.0000e+00, 
 2DIAGNOSTIC,    25, -4.694956876263e-01, 1.938569036353e-06, 0.0000e+00, 0.0000e+00, 
 2DIAGNOSTIC,    26, -4.694959519319e-01, 1.401987386254e-06, 0.0000e+00, 0.0000e+00, 
 2DIAGNOSTIC,    27, -4.694962411195e-01, 1.118795621494e-06, 0.0000e+00, 0.0000e+00, 
  Elapsed time (stage 0): 0.0000e+00


Total elapsed time: 0.0000e+00
VFC_BACKENDS=libinterflop_ieee.so
Info [verificarlo]: loaded backend libinterflop_ieee.so
Info [interflop-ieee]: load backend with:
Info [interflop-ieee]: debug = false
Info [interflop-ieee]: debug-binary = false
Info [interflop-ieee]: no-backend-name = false
Info [interflop-ieee]: print-new-line = false
Info [interflop-ieee]: print-subnormal-normalized = false
Info [interflop-ieee]: count-op = false
All_Command_lines_OK
Using double precision for computations.
=============================================================================
The composite transform comprises the following transforms (in order): 
  1. /project/rrg-glatard/mdugre/datasets/corr/RawDataBIDS/BMB_1/derivatives/vprec-space_search/0100/r7-p13/sub-0003051/rigid_Composite.h5[0] (type = Euler3DTransform)
  2. /project/rrg-glatard/mdugre/datasets/corr/RawDataBIDS/BMB_1/derivatives/vprec-space_search/0100/r7-p13/sub-0003051/rigid_Composite.h5[1] (type = Euler3DTransform)
  3. /project/rrg-glatard/mdugre/datasets/corr/RawDataBIDS/BMB_1/derivatives/vprec-space_search/0100/r7-p13/sub-0003051/rigid_Composite.h5[2] (type = Euler3DTransform)
=============================================================================
  number of levels = 4
  fixed image: /templateflow/tpl-MNI152NLin2009cAsym/tpl-MNI152NLin2009cAsym_res-01_desc-brain_T1w.nii.gz
  moving image: /project/rrg-glatard/mdugre/datasets/corr/RawDataBIDS/BMB_1/derivatives/antsBrainExtraction/sub-0003051/BrainExtractionBrain.nii.gz
Dimension = 3
Number of stages = 1
Use histogram matching = false
Winsorize image intensities = true
  Lower quantile = 0.005
  Upper quantile = 0.995


Stage 1 State
   Image metric = MattesMI
     Fixed image = Image (0x32e0650)
  RTTI typeinfo:   itk::Image<double, 3u>
  Reference Count: 2
  Modified Time: 1592
  Debug: Off
  Object Name: 
  Observers: 
    none
  Source: (none)
  Source output name: (none)
  Release Data: Off
  Data Released: False
  Global Release Data: Off
  PipelineMTime: 0
  UpdateMTime: 1203
  RealTimeStamp: 0 seconds 
  LargestPossibleRegion: 
    Dimension: 3
    Index: [0, 0, 0]
    Size: [193, 229, 193]
  BufferedRegion: 
    Dimension: 3
    Index: [0, 0, 0]
    Size: [193, 229, 193]
  RequestedRegion: 
    Dimension: 3
    Index: [0, 0, 0]
    Size: [193, 229, 193]
  Spacing: [1, 1, 1]
  Origin: [96, 132, -78]
  Direction: 
-1 0 0
0 -1 0
0 0 1

  IndexToPointMatrix: 
-1 0 0
0 -1 0
0 0 1

  PointToIndexMatrix: 
-1 0 0
0 -1 0
0 0 1

  Inverse Direction: 
-1 0 0
0 -1 0
0 0 1

  PixelContainer: 
    ImportImageContainer (0x33b5330)
      RTTI typeinfo:   itk::ImportImageContainer<unsigned long, double>
      Reference Count: 1
      Modified Time: 1200
      Debug: Off
      Object Name: 
      Observers: 
        none
      Pointer: 0x153a32576010
      Container manages memory: true
      Size: 8530021
      Capacity: 8530021

     Moving image = Image (0x339b3b0)
  RTTI typeinfo:   itk::Image<double, 3u>
  Reference Count: 2
  Modified Time: 1593
  Debug: Off
  Object Name: 
  Observers: 
    none
  Source: (none)
  Source output name: (none)
  Release Data: Off
  Data Released: False
  Global Release Data: Off
  PipelineMTime: 0
  UpdateMTime: 1590
  RealTimeStamp: 0 seconds 
  LargestPossibleRegion: 
    Dimension: 3
    Index: [0, 0, 0]
    Size: [176, 256, 256]
  BufferedRegion: 
    Dimension: 3
    Index: [0, 0, 0]
    Size: [176, 256, 256]
  RequestedRegion: 
    Dimension: 3
    Index: [0, 0, 0]
    Size: [176, 256, 256]
  Spacing: [1, 1, 1]
  Origin: [-88.8452, 91.7534, -119.169]
  Direction: 
1 0 0
0 -1 0
0 0 1

  IndexToPointMatrix: 
1 0 0
0 -1 0
0 0 1

  PointToIndexMatrix: 
1 0 0
0 -1 0
0 0 1

  Inverse Direction: 
1 0 0
0 -1 0
0 0 1

  PixelContainer: 
    ImportImageContainer (0x33aff90)
      RTTI typeinfo:   itk::ImportImageContainer<unsigned long, double>
      Reference Count: 1
      Modified Time: 1587
      Debug: Off
      Object Name: 
      Observers: 
        none
      Pointer: 0x153a2cd75010
      Container manages memory: true
      Size: 11534336
      Capacity: 11534336

     Weighting = 1
     Sampling strategy = regular
     Number of bins = 32
     Radius = 4
     Sampling percentage  = 0.25
   Transform = Affine
     Gradient step = 0.1
     Update field sigma (voxel space) = 0
     Total field sigma (voxel space) = 0
     Update field time sigma = 0
     Total field time sigma  = 0
     Number of time indices = 0
     Number of time point samples = 0
Registration using 1 total stages.

Stage 0
  iterations = 1000x500x250x100
  convergence threshold = 1e-06
  convergence window size = 10
  number of levels = 4
  using the Mattes MI metric (number of bins = 32, weight = 1, use gradient filter = 0)
  preprocessing:  winsorizing the image intensities
  Shrink factors (level 1 out of 4): [8, 8, 8]
  Shrink factors (level 2 out of 4): [4, 4, 4]
  Shrink factors (level 3 out of 4): [2, 2, 2]
  Shrink factors (level 4 out of 4): [1, 1, 1]
  smoothing sigmas per level: [3, 2, 1, 0]
  regular sampling (percentage = 0.25)

*** Running AffineTransform registration ***

DIAGNOSTIC,Iteration,metricValue,convergenceValue,ITERATION_TIME_INDEX,SINCE_LAST
 2DIAGNOSTIC,     1, -7.116388792007e-01, 1.797693134862e+308, 1.2382e+00, 1.2382e+00, 
 2DIAGNOSTIC,     2, -7.140696104395e-01, 1.797693134862e+308, 1.2445e+00, 6.3190e-03, 
 2DIAGNOSTIC,     3, -7.180540848066e-01, 1.797693134862e+308, 1.2509e+00, 6.3362e-03, 
 2DIAGNOSTIC,     4, -7.242283315354e-01, 1.797693134862e+308, 1.2574e+00, 6.4950e-03, 
 2DIAGNOSTIC,     5, -7.334222880712e-01, 1.797693134862e+308, 1.2649e+00, 7.5409e-03, 
 2DIAGNOSTIC,     6, -7.553164688567e-01, 1.797693134862e+308, 1.2720e+00, 7.0920e-03, 
 2DIAGNOSTIC,     7, -7.775720400628e-01, 1.797693134862e+308, 1.2791e+00, 7.0930e-03, 
 2DIAGNOSTIC,     8, -8.082602564540e-01, 1.797693134862e+308, 1.2890e+00, 9.8989e-03, 
 2DIAGNOSTIC,     9, -8.170977692243e-01, 1.797693134862e+308, 1.2982e+00, 9.2390e-03, 
 2DIAGNOSTIC,    10, -8.303061271781e-01, 1.125670003400e-02, 1.3068e+00, 8.5931e-03, 
 2DIAGNOSTIC,    11, -8.396065958917e-01, 1.104212131675e-02, 1.3163e+00, 9.5210e-03, 
 2DIAGNOSTIC,    12, -8.424072318563e-01, 1.002874854076e-02, 1.3242e+00, 7.8919e-03, 
 2DIAGNOSTIC,    13, -8.455170450773e-01, 8.479201334414e-03, 1.3321e+00, 7.8969e-03, 
 2DIAGNOSTIC,    14, -8.464778137024e-01, 6.591645342099e-03, 1.3401e+00, 7.9858e-03, 
 2DIAGNOSTIC,    15, -8.466130081053e-01, 4.598504142773e-03, 1.3479e+00, 7.8249e-03, 
 2DIAGNOSTIC,    16, -8.466559585458e-01, 2.938713901410e-03, 1.3552e+00, 7.2579e-03, 
 2DIAGNOSTIC,    17, -8.468625814502e-01, 1.677158228939e-03, 1.3629e+00, 7.7469e-03, 
 2DIAGNOSTIC,    18, -8.470637392498e-01, 1.021790207677e-03, 1.3738e+00, 1.0818e-02, 
 2DIAGNOSTIC,    19, -8.471528074168e-01, 5.074867018467e-04, 1.3804e+00, 6.6140e-03, 
 2DIAGNOSTIC,    20, -8.470828704552e-01, 2.300772518115e-04, 1.3875e+00, 7.1740e-03, 
 2DIAGNOSTIC,    21, -8.472230673760e-01, 1.177201455673e-04, 1.3954e+00, 7.8671e-03, 
 2DIAGNOSTIC,    22, -8.474932400411e-01, 5.314214086817e-05, 1.4026e+00, 7.1712e-03, 
 2DIAGNOSTIC,    23, -8.477220741325e-01, 4.011768262532e-05, 1.4102e+00, 7.5738e-03, 
 2DIAGNOSTIC,    24, -8.481693181875e-01, 4.515675868687e-05, 1.4169e+00, 6.7401e-03, 
 2DIAGNOSTIC,    25, -8.492976727088e-01, 6.336124036594e-05, 1.4250e+00, 8.1348e-03, 
 2DIAGNOSTIC,    26, -8.499599954683e-01, 8.337934807653e-05, 1.4318e+00, 6.7689e-03, 
 2DIAGNOSTIC,    27, -8.518429501870e-01, 1.210033684623e-04, 1.4406e+00, 8.7481e-03, 
 2DIAGNOSTIC,    28, -8.523530314718e-01, 1.529517761077e-04, 1.4489e+00, 8.3730e-03, 
 2DIAGNOSTIC,    29, -8.522749031194e-01, 1.685942143753e-04, 1.4565e+00, 7.5259e-03, 
 2DIAGNOSTIC,    30, -8.521766389626e-01, 1.656109136373e-04, 1.4640e+00, 7.5641e-03, 
 2DIAGNOSTIC,    31, -8.520621288525e-01, 1.474525771829e-04, 1.4726e+00, 8.6169e-03, 
 2DIAGNOSTIC,    32, -8.519478918531e-01, 1.181121383966e-04, 1.4807e+00, 8.0690e-03, 
 2DIAGNOSTIC,    33, -8.517088290281e-01, 7.938094507293e-05, 1.4882e+00, 7.5052e-03, 
 2DIAGNOSTIC,    34, -8.516108472525e-01, 3.922701804447e-05, 1.4965e+00, 8.2471e-03, 
 2DIAGNOSTIC,    35, -8.514953236196e-01, 7.933209511292e-06, 1.5041e+00, 7.6571e-03, 
DIAGNOSTIC,Iteration,metricValue,convergenceValue,ITERATION_TIME_INDEX,SINCE_LAST
 2DIAGNOSTIC,     1, -7.242380105474e-01, 1.797693134862e+308, 2.9164e+00, 1.4123e+00, 
 2DIAGNOSTIC,     2, -7.247709983789e-01, 1.797693134862e+308, 2.9715e+00, 5.5132e-02, 
 2DIAGNOSTIC,     3, -7.251808123069e-01, 1.797693134862e+308, 3.0269e+00, 5.5412e-02, 
 2DIAGNOSTIC,     4, -7.255377356765e-01, 1.797693134862e+308, 3.0825e+00, 5.5553e-02, 
 2DIAGNOSTIC,     5, -7.260974501269e-01, 1.797693134862e+308, 3.1376e+00, 5.5118e-02, 
 2DIAGNOSTIC,     6, -7.264893653597e-01, 1.797693134862e+308, 3.1983e+00, 6.0660e-02, 
 2DIAGNOSTIC,     7, -7.266564018288e-01, 1.797693134862e+308, 3.2660e+00, 6.7723e-02, 
 2DIAGNOSTIC,     8, -7.270020963688e-01, 1.797693134862e+308, 3.3530e+00, 8.7000e-02, 
 2DIAGNOSTIC,     9, -7.270753552510e-01, 1.797693134862e+308, 3.4374e+00, 8.4413e-02, 
 2DIAGNOSTIC,    10, -7.270814647377e-01, 2.663382204756e-04, 3.4982e+00, 6.0788e-02, 
 2DIAGNOSTIC,    11, -7.270736721358e-01, 1.983380572512e-04, 3.5518e+00, 5.3661e-02, 
 2DIAGNOSTIC,    12, -7.270687579750e-01, 1.413066733020e-04, 3.6150e+00, 6.3200e-02, 
 2DIAGNOSTIC,    13, -7.270407190500e-01, 9.192317338828e-05, 3.6773e+00, 6.2238e-02, 
 2DIAGNOSTIC,    14, -7.270368749171e-01, 5.104944599943e-05, 3.7327e+00, 5.5441e-02, 
 2DIAGNOSTIC,    15, -7.270364340935e-01, 2.565621193279e-05, 3.7891e+00, 5.6337e-02, 
 2DIAGNOSTIC,    16, -7.270524214593e-01, 1.126174432199e-05, 3.8505e+00, 6.1453e-02, 
DIAGNOSTIC,Iteration,metricValue,convergenceValue,ITERATION_TIME_INDEX,SINCE_LAST
 2DIAGNOSTIC,     1, -6.142993478110e-01, 1.797693134862e+308, 5.6964e+00, 1.8459e+00, 
 2DIAGNOSTIC,     2, -6.146570289957e-01, 1.797693134862e+308, 6.1178e+00, 4.2136e-01, 
 2DIAGNOSTIC,     3, -6.150544654614e-01, 1.797693134862e+308, 6.5530e+00, 4.3521e-01, 
 2DIAGNOSTIC,     4, -6.154374436192e-01, 1.797693134862e+308, 6.9872e+00, 4.3426e-01, 
 2DIAGNOSTIC,     5, -6.158632362332e-01, 1.797693134862e+308, 7.4345e+00, 4.4725e-01, 
 2DIAGNOSTIC,     6, -6.171542161997e-01, 1.797693134862e+308, 7.9097e+00, 4.7520e-01, 
 2DIAGNOSTIC,     7, -6.174235370073e-01, 1.797693134862e+308, 8.6546e+00, 7.4486e-01, 
 2DIAGNOSTIC,     8, -6.174009642827e-01, 1.797693134862e+308, 9.1461e+00, 4.9153e-01, 
 2DIAGNOSTIC,     9, -6.174072799089e-01, 1.797693134862e+308, 9.6287e+00, 4.8258e-01, 
 2DIAGNOSTIC,    10, -6.174042209711e-01, 3.857912097267e-04, 1.0158e+01, 5.2887e-01, 
 2DIAGNOSTIC,    11, -6.174020217301e-01, 2.939640716284e-04, 1.0626e+01, 4.6800e-01, 
 2DIAGNOSTIC,    12, -6.174018422297e-01, 2.047614472133e-04, 1.1306e+01, 6.8049e-01, 
 2DIAGNOSTIC,    13, -6.174026601242e-01, 1.256933364986e-04, 1.1788e+01, 4.8233e-01, 
 2DIAGNOSTIC,    14, -6.174002471212e-01, 5.952690687423e-05, 1.2255e+01, 4.6698e-01, 
 2DIAGNOSTIC,    15, -6.173985010714e-01, 8.952206173016e-06, 1.2747e+01, 4.9192e-01, 
 2DIAGNOSTIC,    16, -6.173985022302e-01, 1.043288792149e-06, 1.3210e+01, 4.6288e-01, 
 2DIAGNOSTIC,    17, -6.173962243162e-01, 1.409259930772e-06, 1.3743e+01, 5.3277e-01, 
 2DIAGNOSTIC,    18, -6.173956707707e-01, 1.179657559032e-06, 1.4203e+01, 4.6020e-01, 
 2DIAGNOSTIC,    19, -6.173948416684e-01, 1.164136117379e-06, 1.4636e+01, 4.3247e-01, 
 2DIAGNOSTIC,    20, -6.173943578410e-01, 1.118235189161e-06, 1.5106e+01, 4.7044e-01, 
 2DIAGNOSTIC,    21, -6.173949800625e-01, 1.085926738122e-06, 1.5585e+01, 4.7876e-01, 
 2DIAGNOSTIC,    22, -6.173942715754e-01, 1.076502077681e-06, 1.6017e+01, 4.3182e-01, 
 2DIAGNOSTIC,    23, -6.173939911509e-01, 1.115126899529e-06, 1.6514e+01, 4.9743e-01, 
 2DIAGNOSTIC,    24, -6.173949141962e-01, 1.147925784567e-06, 1.6995e+01, 4.8049e-01, 
 2DIAGNOSTIC,    25, -6.173943963477e-01, 1.151876166713e-06, 1.7421e+01, 4.2602e-01, 
 2DIAGNOSTIC,    26, -6.173931062642e-01, 1.145184181234e-06, 1.7900e+01, 4.7923e-01, 
 2DIAGNOSTIC,    27, -6.173937247590e-01, 1.119059967872e-06, 1.8377e+01, 4.7738e-01, 
 2DIAGNOSTIC,    28, -6.173951608306e-01, 1.114813843905e-06, 1.8804e+01, 4.2660e-01, 
 2DIAGNOSTIC,    29, -6.173971586490e-01, 1.130592536785e-06, 1.9297e+01, 4.9338e-01, 
 2DIAGNOSTIC,    30, -6.173974821575e-01, 1.138962246412e-06, 1.9770e+01, 4.7335e-01, 
 2DIAGNOSTIC,    31, -6.173983362328e-01, 1.162709022499e-06, 2.0256e+01, 4.8591e-01, 
 2DIAGNOSTIC,    32, -6.173982624168e-01, 1.160997927824e-06, 2.0745e+01, 4.8844e-01, 
 2DIAGNOSTIC,    33, -6.173946051227e-01, 1.087674944118e-06, 2.1180e+01, 4.3534e-01, 
 2DIAGNOSTIC,    34, -6.173974091262e-01, 1.058636414711e-06, 2.1649e+01, 4.6862e-01, 
 2DIAGNOSTIC,    35, -6.173968071662e-01, 1.003909947488e-06, 2.2117e+01, 4.6792e-01, 
DIAGNOSTIC,Iteration,metricValue,convergenceValue,ITERATION_TIME_INDEX,SINCE_LAST
 2DIAGNOSTIC,     1, -5.502136203617e-01, 1.797693134862e+308, 2.6251e+01, 4.1340e+00, 
 2DIAGNOSTIC,     2, -5.504430276001e-01, 1.797693134862e+308, 2.9175e+01, 2.9247e+00, 
 2DIAGNOSTIC,     3, -5.505906083350e-01, 1.797693134862e+308, 3.2388e+01, 3.2121e+00, 
 2DIAGNOSTIC,     4, -5.507990551715e-01, 1.797693134862e+308, 3.7058e+01, 4.6708e+00, 
 2DIAGNOSTIC,     5, -5.507999043753e-01, 1.797693134862e+308, 4.1348e+01, 4.2894e+00, 
 2DIAGNOSTIC,     6, -5.507998617206e-01, 1.797693134862e+308, 4.4591e+01, 3.2433e+00, 
 2DIAGNOSTIC,     7, -5.508006815308e-01, 1.797693134862e+308, 4.7575e+01, 2.9841e+00, 
 2DIAGNOSTIC,     8, -5.508021894046e-01, 1.797693134862e+308, 5.0841e+01, 3.2656e+00, 
 2DIAGNOSTIC,     9, -5.508049211798e-01, 1.797693134862e+308, 5.3885e+01, 3.0437e+00, 
 2DIAGNOSTIC,    10, -5.508057328072e-01, 5.776336096860e-05, 5.6888e+01, 3.0037e+00, 
 2DIAGNOSTIC,    11, -5.508080815974e-01, 2.908581789095e-05, 6.0048e+01, 3.1598e+00, 
 2DIAGNOSTIC,    12, -5.508120040660e-01, 1.280024312988e-05, 6.3077e+01, 3.0286e+00, 
 2DIAGNOSTIC,    13, -5.508148184050e-01, 3.833341865905e-06, 6.6448e+01, 3.3716e+00, 
 2DIAGNOSTIC,    14, -5.508142853167e-01, 3.683628796949e-06, 6.9967e+01, 3.5187e+00, 
 2DIAGNOSTIC,    15, -5.508135293151e-01, 3.432252860078e-06, 7.4254e+01, 4.2865e+00, 
 2DIAGNOSTIC,    16, -5.508128184489e-01, 3.069139187906e-06, 7.8497e+01, 4.2434e+00, 
 2DIAGNOSTIC,    17, -5.508127828992e-01, 2.670632923779e-06, 8.1850e+01, 3.3529e+00, 
 2DIAGNOSTIC,    18, -5.508128501729e-01, 2.284575542535e-06, 8.4817e+01, 2.9669e+00, 
 2DIAGNOSTIC,    19, -5.508126834586e-01, 1.962438420294e-06, 8.8152e+01, 3.3352e+00, 
 2DIAGNOSTIC,    20, -5.508126566824e-01, 1.667250291673e-06, 9.1486e+01, 3.3337e+00, 
 2DIAGNOSTIC,    21, -5.508126773326e-01, 1.449490311486e-06, 9.4784e+01, 3.2988e+00, 
 2DIAGNOSTIC,    22, -5.508125003566e-01, 1.343146067673e-06, 9.8070e+01, 3.2854e+00, 
 2DIAGNOSTIC,    23, -5.508124359908e-01, 1.317357307705e-06, 1.0108e+02, 3.0098e+00, 
 2DIAGNOSTIC,    24, -5.508124235513e-01, 1.288485810505e-06, 1.0439e+02, 3.3092e+00, 
 2DIAGNOSTIC,    25, -5.508123953301e-01, 1.249603504193e-06, 1.0756e+02, 3.1727e+00, 
 2DIAGNOSTIC,    26, -5.508122265046e-01, 1.198390730144e-06, 1.1048e+02, 2.9192e+00, 
 2DIAGNOSTIC,    27, -5.508124138052e-01, 1.156301712497e-06, 1.1422e+02, 3.7366e+00, 
 2DIAGNOSTIC,    28, -5.508123749833e-01, 1.119790279031e-06, 1.1715e+02, 2.9306e+00, 
 2DIAGNOSTIC,    29, -5.508122652178e-01, 1.082411222555e-06, 1.2012e+02, 2.9711e+00, 
 2DIAGNOSTIC,    30, -5.508125524717e-01, 1.053435503294e-06, 1.2371e+02, 3.5925e+00, 
 2DIAGNOSTIC,    31, -5.508128041926e-01, 1.031459684553e-06, 1.2701e+02, 3.3032e+00, 
  Elapsed time (stage 0): 1.2884e+02


Total elapsed time: 1.2884e+02
VFC_BACKENDS=libinterflop_ieee.so
Info [verificarlo]: loaded backend libinterflop_ieee.so
Info [interflop-ieee]: load backend with:
Info [interflop-ieee]: debug = false
Info [interflop-ieee]: debug-binary = false
Info [interflop-ieee]: no-backend-name = false
Info [interflop-ieee]: print-new-line = false
Info [interflop-ieee]: print-subnormal-normalized = false
Info [interflop-ieee]: count-op = false
All_Command_lines_OK
Using double precision for computations.
=============================================================================
The composite transform comprises the following transforms (in order): 
  1. /project/rrg-glatard/mdugre/datasets/corr/RawDataBIDS/BMB_1/derivatives/vprec-space_search/0100/r7-p13/sub-0003051/affine_Composite.h5[0] (type = Euler3DTransform)
  2. /project/rrg-glatard/mdugre/datasets/corr/RawDataBIDS/BMB_1/derivatives/vprec-space_search/0100/r7-p13/sub-0003051/affine_Composite.h5[1] (type = Euler3DTransform)
  3. /project/rrg-glatard/mdugre/datasets/corr/RawDataBIDS/BMB_1/derivatives/vprec-space_search/0100/r7-p13/sub-0003051/affine_Composite.h5[2] (type = Euler3DTransform)
  4. /project/rrg-glatard/mdugre/datasets/corr/RawDataBIDS/BMB_1/derivatives/vprec-space_search/0100/r7-p13/sub-0003051/affine_Composite.h5[3] (type = AffineTransform)
=============================================================================
  number of levels = 4
  fixed image: /templateflow/tpl-MNI152NLin2009cAsym/tpl-MNI152NLin2009cAsym_res-01_desc-brain_T1w.nii.gz
  moving image: /project/rrg-glatard/mdugre/datasets/corr/RawDataBIDS/BMB_1/derivatives/antsBrainExtraction/sub-0003051/BrainExtractionBrain.nii.gz
Dimension = 3
Number of stages = 1
Use histogram matching = false
Winsorize image intensities = true
  Lower quantile = 0.005
  Upper quantile = 0.995


Stage 1 State
   Image metric = CC
     Fixed image = Image (0x416a810)
  RTTI typeinfo:   itk::Image<double, 3u>
  Reference Count: 2
  Modified Time: 1606
  Debug: Off
  Object Name: 
  Observers: 
    none
  Source: (none)
  Source output name: (none)
  Release Data: Off
  Data Released: False
  Global Release Data: Off
  PipelineMTime: 0
  UpdateMTime: 1217
  RealTimeStamp: 0 seconds 
  LargestPossibleRegion: 
    Dimension: 3
    Index: [0, 0, 0]
    Size: [193, 229, 193]
  BufferedRegion: 
    Dimension: 3
    Index: [0, 0, 0]
    Size: [193, 229, 193]
  RequestedRegion: 
    Dimension: 3
    Index: [0, 0, 0]
    Size: [193, 229, 193]
  Spacing: [1, 1, 1]
  Origin: [96, 132, -78]
  Direction: 
-1 0 0
0 -1 0
0 0 1

  IndexToPointMatrix: 
-1 0 0
0 -1 0
0 0 1

  PointToIndexMatrix: 
-1 0 0
0 -1 0
0 0 1

  Inverse Direction: 
-1 0 0
0 -1 0
0 0 1

  PixelContainer: 
    ImportImageContainer (0x41e53f0)
      RTTI typeinfo:   itk::ImportImageContainer<unsigned long, double>
      Reference Count: 1
      Modified Time: 1214
      Debug: Off
      Object Name: 
      Observers: 
        none
      Pointer: 0x14e86ec76010
      Container manages memory: true
      Size: 8530021
      Capacity: 8530021

     Moving image = Image (0x4242460)
  RTTI typeinfo:   itk::Image<double, 3u>
  Reference Count: 2
  Modified Time: 1607
  Debug: Off
  Object Name: 
  Observers: 
    none
  Source: (none)
  Source output name: (none)
  Release Data: Off
  Data Released: False
  Global Release Data: Off
  PipelineMTime: 0
  UpdateMTime: 1604
  RealTimeStamp: 0 seconds 
  LargestPossibleRegion: 
    Dimension: 3
    Index: [0, 0, 0]
    Size: [176, 256, 256]
  BufferedRegion: 
    Dimension: 3
    Index: [0, 0, 0]
    Size: [176, 256, 256]
  RequestedRegion: 
    Dimension: 3
    Index: [0, 0, 0]
    Size: [176, 256, 256]
  Spacing: [1, 1, 1]
  Origin: [-88.8452, 91.7534, -119.169]
  Direction: 
1 0 0
0 -1 0
0 0 1

  IndexToPointMatrix: 
1 0 0
0 -1 0
0 0 1

  PointToIndexMatrix: 
1 0 0
0 -1 0
0 0 1

  Inverse Direction: 
1 0 0
0 -1 0
0 0 1

  PixelContainer: 
    ImportImageContainer (0x41daf90)
      RTTI typeinfo:   itk::ImportImageContainer<unsigned long, double>
      Reference Count: 1
      Modified Time: 1601
      Debug: Off
      Object Name: 
      Observers: 
        none
      Pointer: 0x14e869475010
      Container manages memory: true
      Size: 11534336
      Capacity: 11534336

     Weighting = 1
     Sampling strategy = none
     Number of bins = 32
     Radius = 4
     Sampling percentage  = 1
   Transform = SyN
     Gradient step = 0.1
     Update field sigma (voxel space) = 3
     Total field sigma (voxel space) = 0
     Update field time sigma = 0
     Total field time sigma  = 0
     Number of time indices = 0
     Number of time point samples = 0
Registration using 1 total stages.

Stage 0
  iterations = 100x70x50x20
  convergence threshold = 1e-06
  convergence window size = 10
  number of levels = 4
  using the CC metric (radius = 4, weight = 1, use gradient filter = 0)
  preprocessing:  winsorizing the image intensities
  Shrink factors (level 1 out of 4): [8, 8, 8]
  Shrink factors (level 2 out of 4): [4, 4, 4]
  Shrink factors (level 3 out of 4): [2, 2, 2]
  Shrink factors (level 4 out of 4): [1, 1, 1]
  smoothing sigmas per level: [3, 2, 1, 0]
  Using default NONE metricSamplingStrategy 

*** Running SyN registration (varianceForUpdateField = 3, varianceForTotalField = 0) ***

XXDIAGNOSTIC,Iteration,metricValue,convergenceValue,ITERATION_TIME_INDEX,SINCE_LAST
 1DIAGNOSTIC,     1, -9.295879092966e-01, 1.797693134862e+308, 1.7007e+00, 1.7007e+00, 
 1DIAGNOSTIC,     2, -9.418539602127e-01, 1.797693134862e+308, 2.0668e+00, 3.6619e-01, 
 1DIAGNOSTIC,     3, -9.502482892875e-01, 1.797693134862e+308, 2.4355e+00, 3.6868e-01, 
 1DIAGNOSTIC,     4, -9.556209745270e-01, 1.797693134862e+308, 2.7962e+00, 3.6065e-01, 
 1DIAGNOSTIC,     5, -9.593926972175e-01, 1.797693134862e+308, 3.1588e+00, 3.6262e-01, 
 1DIAGNOSTIC,     6, -9.625907476316e-01, 1.797693134862e+308, 3.5163e+00, 3.5752e-01, 
 1DIAGNOSTIC,     7, -9.650037414837e-01, 1.797693134862e+308, 3.8853e+00, 3.6898e-01, 
 1DIAGNOSTIC,     8, -9.669152143557e-01, 1.797693134862e+308, 4.3156e+00, 4.3026e-01, 
 1DIAGNOSTIC,     9, -9.688640517116e-01, 1.797693134862e+308, 4.7339e+00, 4.1838e-01, 
 1DIAGNOSTIC,    10, -9.700175134962e-01, 2.397903035824e-03, 5.1371e+00, 4.0319e-01, 
 1DIAGNOSTIC,    11, -9.707808775418e-01, 1.604649945165e-03, 5.5309e+00, 3.9375e-01, 
 1DIAGNOSTIC,    12, -9.712329027411e-01, 1.111961391047e-03, 5.9295e+00, 3.9865e-01, 
 1DIAGNOSTIC,    13, -9.716649354571e-01, 7.947485462642e-04, 6.3399e+00, 4.1036e-01, 
 1DIAGNOSTIC,    14, -9.718891612245e-01, 5.681998809198e-04, 6.7536e+00, 4.1372e-01, 
 1DIAGNOSTIC,    15, -9.721400088791e-01, 3.986999629992e-04, 7.1237e+00, 3.7012e-01, 
 1DIAGNOSTIC,    16, -9.723106129925e-01, 2.758585703700e-04, 7.4786e+00, 3.5486e-01, 
 1DIAGNOSTIC,    17, -9.724220620104e-01, 1.858359257066e-04, 7.8241e+00, 3.4551e-01, 
 1DIAGNOSTIC,    18, -9.725547789771e-01, 1.218212372937e-04, 8.1735e+00, 3.4940e-01, 
 1DIAGNOSTIC,    19, -9.726230818278e-01, 8.443337959204e-05, 8.5159e+00, 3.4237e-01, 
 1DIAGNOSTIC,    20, -9.727294588030e-01, 6.149020491292e-05, 8.8614e+00, 3.4557e-01, 
 1DIAGNOSTIC,    21, -9.727650564493e-01, 4.626157013267e-05, 9.2142e+00, 3.5272e-01, 
 1DIAGNOSTIC,    22, -9.728525602235e-01, 3.537648036376e-05, 9.5750e+00, 3.6082e-01, 
 1DIAGNOSTIC,    23, -9.728516391626e-01, 2.773990447859e-05, 9.9291e+00, 3.5414e-01, 
 1DIAGNOSTIC,    24, -9.729186790459e-01, 2.180069296382e-05, 1.0275e+01, 3.4604e-01, 
 1DIAGNOSTIC,    25, -9.728704965501e-01, 1.675545917009e-05, 1.0632e+01, 3.5665e-01, 
 1DIAGNOSTIC,    26, -9.729209676216e-01, 1.315040098930e-05, 1.0998e+01, 3.6570e-01, 
 1DIAGNOSTIC,    27, -9.729100162205e-01, 9.744849434785e-06, 1.1361e+01, 3.6369e-01, 
 1DIAGNOSTIC,    28, -9.729493524486e-01, 7.577556286845e-06, 1.1722e+01, 3.6102e-01, 
 1DIAGNOSTIC,    29, -9.729308385463e-01, 5.431549016915e-06, 1.2080e+01, 3.5819e-01, 
 1DIAGNOSTIC,    30, -9.729638843084e-01, 4.397637034255e-06, 1.2436e+01, 3.5553e-01, 
 1DIAGNOSTIC,    31, -9.729386332069e-01, 3.189124306288e-06, 1.2787e+01, 3.5073e-01, 
 1DIAGNOSTIC,    32, -9.729034349796e-01, 2.338824831007e-06, 1.3138e+01, 3.5143e-01, 
 1DIAGNOSTIC,    33, -9.728751890773e-01, 1.144945414151e-06, 1.3501e+01, 3.6304e-01, 
 1DIAGNOSTIC,    34, -9.728973841930e-01, 7.913006610308e-07, 1.3880e+01, 3.7895e-01, 
XXDIAGNOSTIC,Iteration,metricValue,convergenceValue,ITERATION_TIME_INDEX,SINCE_LAST
 1DIAGNOSTIC,     1, -9.144991898994e-01, 1.797693134862e+308, 1.8204e+01, 4.3239e+00, 
 1DIAGNOSTIC,     2, -9.183012048015e-01, 1.797693134862e+308, 2.1195e+01, 2.9911e+00, 
 1DIAGNOSTIC,     3, -9.215721103089e-01, 1.797693134862e+308, 2.4229e+01, 3.0335e+00, 
 1DIAGNOSTIC,     4, -9.244809817743e-01, 1.797693134862e+308, 2.7324e+01, 3.0952e+00, 
 1DIAGNOSTIC,     5, -9.268725597841e-01, 1.797693134862e+308, 3.0420e+01, 3.0966e+00, 
 1DIAGNOSTIC,     6, -9.287790180084e-01, 1.797693134862e+308, 3.3484e+01, 3.0633e+00, 
 1DIAGNOSTIC,     7, -9.305063299570e-01, 1.797693134862e+308, 3.6483e+01, 2.9989e+00, 
 1DIAGNOSTIC,     8, -9.320671775499e-01, 1.797693134862e+308, 3.9464e+01, 2.9815e+00, 
 1DIAGNOSTIC,     9, -9.335349829829e-01, 1.797693134862e+308, 4.2490e+01, 3.0260e+00, 
 1DIAGNOSTIC,    10, -9.349693034103e-01, 1.361262526456e-03, 4.5588e+01, 3.0982e+00, 
 1DIAGNOSTIC,    11, -9.362820621225e-01, 1.082476903585e-03, 4.8919e+01, 3.3310e+00, 
 1DIAGNOSTIC,    12, -9.374155857057e-01, 8.782026638129e-04, 5.1982e+01, 3.0628e+00, 
 1DIAGNOSTIC,    13, -9.383752580639e-01, 7.248551324622e-04, 5.5018e+01, 3.0358e+00, 
 1DIAGNOSTIC,    14, -9.391948193317e-01, 6.084237916002e-04, 5.8054e+01, 3.0362e+00, 
 1DIAGNOSTIC,    15, -9.398009374496e-01, 5.126464801415e-04, 6.1221e+01, 3.1672e+00, 
 1DIAGNOSTIC,    16, -9.403495768770e-01, 4.284139214205e-04, 6.4266e+01, 3.0450e+00, 
 1DIAGNOSTIC,    17, -9.408375444240e-01, 3.542213472402e-04, 6.7391e+01, 3.1245e+00, 
 1DIAGNOSTIC,    18, -9.412916941119e-01, 2.895284784838e-04, 7.0514e+01, 3.1228e+00, 
 1DIAGNOSTIC,    19, -9.414951161691e-01, 2.314628583391e-04, 7.3558e+01, 3.0446e+00, 
 1DIAGNOSTIC,    20, -9.419378937477e-01, 1.862515519821e-04, 7.6599e+01, 3.0413e+00, 
 1DIAGNOSTIC,    21, -9.421423617183e-01, 1.498408530244e-04, 7.9656e+01, 3.0567e+00, 
 1DIAGNOSTIC,    22, -9.423634106141e-01, 1.214281036693e-04, 8.2753e+01, 3.0971e+00, 
 1DIAGNOSTIC,    23, -9.426018898249e-01, 9.994491392756e-05, 8.5906e+01, 3.1532e+00, 
 1DIAGNOSTIC,    24, -9.428500132612e-01, 8.442644460036e-05, 8.8970e+01, 3.0639e+00, 
 1DIAGNOSTIC,    25, -9.430668977256e-01, 7.221924728991e-05, 9.2325e+01, 3.3552e+00, 
 1DIAGNOSTIC,    26, -9.432511913570e-01, 6.273202433747e-05, 9.5769e+01, 3.4431e+00, 
 1DIAGNOSTIC,    27, -9.434223607782e-01, 5.549474673300e-05, 9.9012e+01, 3.2438e+00, 
 1DIAGNOSTIC,    28, -9.435747533125e-01, 5.021291036264e-05, 1.0212e+02, 3.1094e+00, 
 1DIAGNOSTIC,    29, -9.437107915096e-01, 4.409503795558e-05, 1.0573e+02, 3.6074e+00, 
 1DIAGNOSTIC,    30, -9.438270882880e-01, 3.994113511304e-05, 1.0877e+02, 3.0365e+00, 
 1DIAGNOSTIC,    31, -9.439349699961e-01, 3.540435547802e-05, 1.1197e+02, 3.2005e+00, 
 1DIAGNOSTIC,    32, -9.440370844657e-01, 3.092319561672e-05, 1.1508e+02, 3.1105e+00, 
 1DIAGNOSTIC,    33, -9.441307519048e-01, 2.688508328651e-05, 1.1807e+02, 2.9902e+00, 
 1DIAGNOSTIC,    34, -9.442206482311e-01, 2.360338792556e-05, 1.2108e+02, 3.0159e+00, 
 1DIAGNOSTIC,    35, -9.443015347025e-01, 2.090734459436e-05, 1.2420e+02, 3.1164e+00, 
 1DIAGNOSTIC,    36, -9.443727002249e-01, 1.858502466787e-05, 1.2719e+02, 2.9958e+00, 
 1DIAGNOSTIC,    37, -9.444465180711e-01, 1.668785673575e-05, 1.3017e+02, 2.9769e+00, 
 1DIAGNOSTIC,    38, -9.445168128256e-01, 1.513622738700e-05, 1.3324e+02, 3.0688e+00, 
 1DIAGNOSTIC,    39, -9.445869192926e-01, 1.388431208341e-05, 1.3627e+02, 3.0288e+00, 
 1DIAGNOSTIC,    40, -9.446385485739e-01, 1.270409204342e-05, 1.3928e+02, 3.0099e+00, 
 1DIAGNOSTIC,    41, -9.447042793713e-01, 1.171642138686e-05, 1.4225e+02, 2.9667e+00, 
 1DIAGNOSTIC,    42, -9.447659742977e-01, 1.089718474087e-05, 1.4546e+02, 3.2116e+00, 
 1DIAGNOSTIC,    43, -9.448290215461e-01, 1.023517784348e-05, 1.4848e+02, 3.0221e+00, 
 1DIAGNOSTIC,    44, -9.448891412668e-01, 9.715282409031e-06, 1.5151e+02, 3.0278e+00, 
 1DIAGNOSTIC,    45, -9.449564543423e-01, 9.346761852127e-06, 1.5457e+02, 3.0629e+00, 
 1DIAGNOSTIC,    46, -9.450151376204e-01, 9.010209025530e-06, 1.5778e+02, 3.2057e+00, 
 1DIAGNOSTIC,    47, -9.450845225363e-01, 8.802779989454e-06, 1.6106e+02, 3.2826e+00, 
 1DIAGNOSTIC,    48, -9.451416163970e-01, 8.616351621211e-06, 1.6439e+02, 3.3327e+00, 
 1DIAGNOSTIC,    49, -9.452117402933e-01, 8.535204352116e-06, 1.6741e+02, 3.0214e+00, 
 1DIAGNOSTIC,    50, -9.452578421665e-01, 8.281582638089e-06, 1.7049e+02, 3.0815e+00, 
 1DIAGNOSTIC,    51, -9.452401253934e-01, 7.583557816934e-06, 1.7381e+02, 3.3138e+00, 
 1DIAGNOSTIC,    52, -9.451437308991e-01, 6.047094065313e-06, 1.7693e+02, 3.1186e+00, 
 1DIAGNOSTIC,    53, -9.451373061132e-01, 4.381244134023e-06, 1.8001e+02, 3.0802e+00, 
 1DIAGNOSTIC,    54, -9.450640542121e-01, 2.324886147563e-06, 1.8308e+02, 3.0705e+00, 
 1DIAGNOSTIC,    55, -9.450863248050e-01, 6.672161674375e-07, 1.8623e+02, 3.1570e+00, 
XXDIAGNOSTIC,Iteration,metricValue,convergenceValue,ITERATION_TIME_INDEX,SINCE_LAST
 1DIAGNOSTIC,     1, -8.951860378018e-01, 1.797693134862e+308, 2.1269e+02, 2.6456e+01, 
 1DIAGNOSTIC,     2, -8.959423859616e-01, 1.797693134862e+308, 2.3740e+02, 2.4712e+01, 
 1DIAGNOSTIC,     3, -8.973236794689e-01, 1.797693134862e+308, 2.6414e+02, 2.6735e+01, 
 1DIAGNOSTIC,     4, -8.986316147223e-01, 1.797693134862e+308, 2.9225e+02, 2.8110e+01, 
 1DIAGNOSTIC,     5, -8.998362996329e-01, 1.797693134862e+308, 3.1751e+02, 2.5259e+01, 
 1DIAGNOSTIC,     6, -9.009807652593e-01, 1.797693134862e+308, 3.4282e+02, 2.5312e+01, 
 1DIAGNOSTIC,     7, -9.020974974645e-01, 1.797693134862e+308, 3.6977e+02, 2.6950e+01, 
 1DIAGNOSTIC,     8, -9.032007457288e-01, 1.797693134862e+308, 3.9605e+02, 2.6279e+01, 
 1DIAGNOSTIC,     9, -9.043109435234e-01, 1.797693134862e+308, 4.2197e+02, 2.5919e+01, 
 1DIAGNOSTIC,    10, -9.053145463259e-01, 7.410360247323e-04, 4.4934e+02, 2.7373e+01, 
 1DIAGNOSTIC,    11, -9.064016347528e-01, 6.678080167339e-04, 4.7430e+02, 2.4960e+01, 
 1DIAGNOSTIC,    12, -9.074930120103e-01, 5.949082190562e-04, 4.9930e+02, 2.4996e+01, 
 1DIAGNOSTIC,    13, -9.085653355199e-01, 5.384744218767e-04, 5.2421e+02, 2.4910e+01, 
 1DIAGNOSTIC,    14, -9.098163590552e-01, 4.983613097673e-04, 5.5273e+02, 2.8526e+01, 
 1DIAGNOSTIC,    15, -9.111953523233e-01, 4.718726161950e-04, 5.8783e+02, 3.5102e+01, 
 1DIAGNOSTIC,    16, -9.123992936670e-01, 4.511356117743e-04, 6.1341e+02, 2.5576e+01, 
 1DIAGNOSTIC,    17, -9.135637885148e-01, 4.332042989709e-04, 6.3858e+02, 2.5165e+01, 
 1DIAGNOSTIC,    18, -9.147005120539e-01, 4.160824098410e-04, 6.6439e+02, 2.5816e+01, 
 1DIAGNOSTIC,    19, -9.157403631895e-01, 3.974635004413e-04, 6.9009e+02, 2.5693e+01, 
 1DIAGNOSTIC,    20, -9.166904634519e-01, 3.741247261457e-04, 7.1549e+02, 2.5410e+01, 
 1DIAGNOSTIC,    21, -9.175755581230e-01, 3.474209516359e-04, 7.4162e+02, 2.6124e+01, 
 1DIAGNOSTIC,    22, -9.184037492728e-01, 3.179579124192e-04, 7.6712e+02, 2.5506e+01, 
 1DIAGNOSTIC,    23, -9.191828353659e-01, 2.863533506628e-04, 7.9345e+02, 2.6323e+01, 
 1DIAGNOSTIC,    24, -9.200715962578e-01, 2.582289949994e-04, 8.2041e+02, 2.6967e+01, 
 1DIAGNOSTIC,    25, -9.206912654091e-01, 2.329270703179e-04, 8.4588e+02, 2.5462e+01, 
 1DIAGNOSTIC,    26, -9.213949334594e-01, 2.105279727259e-04, 8.7100e+02, 2.5124e+01, 
 1DIAGNOSTIC,    27, -9.219198647842e-01, 1.893876314252e-04, 8.9845e+02, 2.7453e+01, 
 1DIAGNOSTIC,    28, -9.224153019545e-01, 1.700136946067e-04, 9.2492e+02, 2.6469e+01, 
 1DIAGNOSTIC,    29, -9.228915621853e-01, 1.521577448095e-04, 9.5029e+02, 2.5369e+01, 
 1DIAGNOSTIC,    30, -9.233506778958e-01, 1.356965289131e-04, 9.7519e+02, 2.4902e+01, 
 1DIAGNOSTIC,    31, -9.237720432276e-01, 1.205605836442e-04, 1.0000e+03, 2.4856e+01, 
 1DIAGNOSTIC,    32, -9.241458767141e-01, 1.066375981332e-04, 1.0271e+03, 2.7044e+01, 
 1DIAGNOSTIC,    33, -9.244780022389e-01, 9.388728230370e-05, 1.0526e+03, 2.5519e+01, 
 1DIAGNOSTIC,    34, -9.247774854777e-01, 8.386810324251e-05, 1.0798e+03, 2.7171e+01, 
 1DIAGNOSTIC,    35, -9.250466599175e-01, 7.432232418736e-05, 1.1081e+03, 2.8308e+01, 
 1DIAGNOSTIC,    36, -9.252921183942e-01, 6.645243454800e-05, 1.1355e+03, 2.7400e+01, 
 1DIAGNOSTIC,    37, -9.255215784987e-01, 5.904353318496e-05, 1.1646e+03, 2.9115e+01, 
 1DIAGNOSTIC,    38, -9.257347021427e-01, 5.221937053682e-05, 1.1905e+03, 2.5932e+01, 
 1DIAGNOSTIC,    39, -9.259378047315e-01, 4.620177057772e-05, 1.2159e+03, 2.5354e+01, 
 1DIAGNOSTIC,    40, -9.261299350559e-01, 4.115852430081e-05, 1.2411e+03, 2.5233e+01, 
 1DIAGNOSTIC,    41, -9.263151128825e-01, 3.705459929569e-05, 1.2669e+03, 2.5771e+01, 
 1DIAGNOSTIC,    42, -9.264976233911e-01, 3.375029564817e-05, 1.2939e+03, 2.7018e+01, 
 1DIAGNOSTIC,    43, -9.266804562663e-01, 3.112330624489e-05, 1.3219e+03, 2.7981e+01, 
 1DIAGNOSTIC,    44, -9.268669553517e-01, 2.910071397479e-05, 1.3505e+03, 2.8629e+01, 
 1DIAGNOSTIC,    45, -9.270561105925e-01, 2.757823975482e-05, 1.3783e+03, 2.7808e+01, 
 1DIAGNOSTIC,    46, -9.272370003700e-01, 2.639185732995e-05, 1.4035e+03, 2.5167e+01, 
 1DIAGNOSTIC,    47, -9.274098611632e-01, 2.542053485146e-05, 1.4284e+03, 2.4945e+01, 
 1DIAGNOSTIC,    48, -9.275733501631e-01, 2.452453878756e-05, 1.4535e+03, 2.5051e+01, 
 1DIAGNOSTIC,    49, -9.277301593739e-01, 2.362900988660e-05, 1.4797e+03, 2.6218e+01, 
 1DIAGNOSTIC,    50, -9.278821325498e-01, 2.267380813597e-05, 1.5069e+03, 2.7202e+01, 
XXDIAGNOSTIC,Iteration,metricValue,convergenceValue,ITERATION_TIME_INDEX,SINCE_LAST
 1DIAGNOSTIC,     1, -8.831777444577e-01, 1.797693134862e+308, 1.7551e+03, 2.4821e+02, 
 1DIAGNOSTIC,     2, -8.845357105749e-01, 1.797693134862e+308, 1.9897e+03, 2.3455e+02, 
 1DIAGNOSTIC,     3, -8.861362318360e-01, 1.797693134862e+308, 2.2449e+03, 2.5527e+02, 
 1DIAGNOSTIC,     4, -8.875479107347e-01, 1.797693134862e+308, 2.4798e+03, 2.3488e+02, 
 1DIAGNOSTIC,     5, -8.888970511543e-01, 1.797693134862e+308, 2.7087e+03, 2.2889e+02, 
 1DIAGNOSTIC,     6, -8.901149215960e-01, 1.797693134862e+308, 2.9434e+03, 2.3471e+02, 
 1DIAGNOSTIC,     7, -8.912534975401e-01, 1.797693134862e+308, 3.1797e+03, 2.3624e+02, 
 1DIAGNOSTIC,     8, -8.922807843812e-01, 1.797693134862e+308, 3.4098e+03, 2.3013e+02, 
 1DIAGNOSTIC,     9, -8.932138091755e-01, 1.797693134862e+308, 3.6424e+03, 2.3263e+02, 
 1DIAGNOSTIC,    10, -8.940885118605e-01, 7.939130704217e-04, 3.8759e+03, 2.3352e+02, 
 1DIAGNOSTIC,    11, -8.949133489584e-01, 6.729140201485e-04, 4.1093e+03, 2.3337e+02, 
 1DIAGNOSTIC,    12, -8.957107771725e-01, 5.685924609372e-04, 4.3427e+03, 2.3338e+02, 
 1DIAGNOSTIC,    13, -8.963896148095e-01, 4.845749397761e-04, 4.5754e+03, 2.3269e+02, 
 1DIAGNOSTIC,    14, -8.970453769748e-01, 4.153798767907e-04, 4.8112e+03, 2.3581e+02, 
 1DIAGNOSTIC,    15, -8.976957022876e-01, 3.597525529593e-04, 5.0418e+03, 2.3059e+02, 
 1DIAGNOSTIC,    16, -8.983511864010e-01, 3.151419558260e-04, 5.2718e+03, 2.3004e+02, 
 1DIAGNOSTIC,    17, -8.990087920389e-01, 2.802023820537e-04, 5.5014e+03, 2.2960e+02, 
 1DIAGNOSTIC,    18, -8.996871776102e-01, 2.532740798707e-04, 5.7319e+03, 2.3051e+02, 
 1DIAGNOSTIC,    19, -9.002681482638e-01, 2.309354314020e-04, 5.9624e+03, 2.3043e+02, 
 1DIAGNOSTIC,    20, -9.008699526735e-01, 2.127636544762e-04, 6.1902e+03, 2.2785e+02, 
  Elapsed time (stage 0): 6192.17


Total elapsed time: 6192.18
