
##########################
# Experiment information #
##########################
SIF_IMG: /project/rrg-glatard/mdugre/containers/ants-p2-vprec.sif
EXPERIMENT_NAME: vprec-space_search
CONFIG: 0100
VFC_BACKENDS: libinterflop_vprec.so --range-binary32=7 --precision-binary32=22 --range-binary64=7 --precision-binary64=22

FIXED_IMG: /templateflow/tpl-MNI152NLin2009cAsym/tpl-MNI152NLin2009cAsym_res-01_desc-brain_T1w.nii.gz
SUBJECT_ID: 0003060
INPUT_IMG: /project/rrg-glatard/mdugre/datasets/corr/RawDataBIDS/BMB_1/derivatives/antsBrainExtraction/sub-0003060/BrainExtractionBrain.nii.gz
OUTPUT_DIR: /project/rrg-glatard/mdugre/datasets/corr/RawDataBIDS/BMB_1/derivatives/vprec-space_search/0100/r7-p22/sub-0003060

ITK_GLOBAL_DEFAULT_NUMBER_OF_THREADS: 8
##########################

VFC_BACKENDS=libinterflop_ieee.so
Info [verificarlo]: loaded backend libinterflop_ieee.so
Info [interflop-ieee]: load backend with:
Info [interflop-ieee]: debug = false
Info [interflop-ieee]: debug-binary = false
Info [interflop-ieee]: no-backend-name = false
Info [interflop-ieee]: print-new-line = false
Info [interflop-ieee]: print-subnormal-normalized = false
Info [interflop-ieee]: count-op = false
All_Command_lines_OK
Using double precision for computations.
=============================================================================
The composite transform comprises the following transforms (in order): 
  1. Center of mass alignment using fixed image: /templateflow/tpl-MNI152NLin2009cAsym/tpl-MNI152NLin2009cAsym_res-01_desc-brain_T1w.nii.gz and moving image: /project/rrg-glatard/mdugre/datasets/corr/RawDataBIDS/BMB_1/derivatives/antsBrainExtraction/sub-0003060/BrainExtractionBrain.nii.gz (type = Euler3DTransform)
=============================================================================
  number of levels = 1
  fixed image: /templateflow/tpl-MNI152NLin2009cAsym/tpl-MNI152NLin2009cAsym_res-01_desc-brain_T1w.nii.gz
  moving image: /project/rrg-glatard/mdugre/datasets/corr/RawDataBIDS/BMB_1/derivatives/antsBrainExtraction/sub-0003060/BrainExtractionBrain.nii.gz
Dimension = 3
Number of stages = 1
Use histogram matching = false
Winsorize image intensities = true
  Lower quantile = 0.005
  Upper quantile = 0.995


Stage 1 State
   Image metric = MattesMI
     Fixed image = Image (0x3d5d390)
  RTTI typeinfo:   itk::Image<double, 3u>
  Reference Count: 2
  Modified Time: 2330
  Debug: Off
  Object Name: 
  Observers: 
    none
  Source: (none)
  Source output name: (none)
  Release Data: Off
  Data Released: False
  Global Release Data: Off
  PipelineMTime: 0
  UpdateMTime: 1941
  RealTimeStamp: 0 seconds 
  LargestPossibleRegion: 
    Dimension: 3
    Index: [0, 0, 0]
    Size: [193, 229, 193]
  BufferedRegion: 
    Dimension: 3
    Index: [0, 0, 0]
    Size: [193, 229, 193]
  RequestedRegion: 
    Dimension: 3
    Index: [0, 0, 0]
    Size: [193, 229, 193]
  Spacing: [1, 1, 1]
  Origin: [96, 132, -78]
  Direction: 
-1 0 0
0 -1 0
0 0 1

  IndexToPointMatrix: 
-1 0 0
0 -1 0
0 0 1

  PointToIndexMatrix: 
-1 0 0
0 -1 0
0 0 1

  Inverse Direction: 
-1 0 0
0 -1 0
0 0 1

  PixelContainer: 
    ImportImageContainer (0x3e28a90)
      RTTI typeinfo:   itk::ImportImageContainer<unsigned long, double>
      Reference Count: 1
      Modified Time: 1938
      Debug: Off
      Object Name: 
      Observers: 
        none
      Pointer: 0x14e8f37aa010
      Container manages memory: true
      Size: 8530021
      Capacity: 8530021

     Moving image = Image (0x3d62390)
  RTTI typeinfo:   itk::Image<double, 3u>
  Reference Count: 2
  Modified Time: 2331
  Debug: Off
  Object Name: 
  Observers: 
    none
  Source: (none)
  Source output name: (none)
  Release Data: Off
  Data Released: False
  Global Release Data: Off
  PipelineMTime: 0
  UpdateMTime: 2328
  RealTimeStamp: 0 seconds 
  LargestPossibleRegion: 
    Dimension: 3
    Index: [0, 0, 0]
    Size: [176, 256, 256]
  BufferedRegion: 
    Dimension: 3
    Index: [0, 0, 0]
    Size: [176, 256, 256]
  RequestedRegion: 
    Dimension: 3
    Index: [0, 0, 0]
    Size: [176, 256, 256]
  Spacing: [1, 1, 1]
  Origin: [-84.6529, 101.382, -128.883]
  Direction: 
1 0 0
0 -1 0
0 0 1

  IndexToPointMatrix: 
1 0 0
0 -1 0
0 0 1

  PointToIndexMatrix: 
1 0 0
0 -1 0
0 0 1

  Inverse Direction: 
1 0 0
0 -1 0
0 0 1

  PixelContainer: 
    ImportImageContainer (0x3f08b90)
      RTTI typeinfo:   itk::ImportImageContainer<unsigned long, double>
      Reference Count: 1
      Modified Time: 2325
      Debug: Off
      Object Name: 
      Observers: 
        none
      Pointer: 0x14e8edfa9010
      Container manages memory: true
      Size: 11534336
      Capacity: 11534336

     Weighting = 1
     Sampling strategy = regular
     Number of bins = 32
     Radius = 4
     Sampling percentage  = 0.25
   Transform = Rigid
     Gradient step = 0.1
     Update field sigma (voxel space) = 0
     Total field sigma (voxel space) = 0
     Update field time sigma = 0
     Total field time sigma  = 0
     Number of time indices = 0
     Number of time point samples = 0
Registration using 1 total stages.

Stage 0
  iterations = 0
  convergence threshold = 1e-06
  convergence window size = 10
  number of levels = 1
  using the Mattes MI metric (number of bins = 32, weight = 1, use gradient filter = 0)
  preprocessing:  winsorizing the image intensities
  Shrink factors (level 1 out of 1): [1, 1, 1]
  smoothing sigmas per level: [0]
  regular sampling (percentage = 0.25)

*** Running Euler3DTransform registration ***

  Elapsed time (stage 0): 1.00469


Total elapsed time: 1.00624
VFC_BACKENDS=libinterflop_vprec.so --range-binary32=7 --precision-binary32=22 --range-binary64=7 --precision-binary64=22
Info [verificarlo]: loaded backend libinterflop_vprec.so
Info [interflop-vprec]: load backend with: 
Info [interflop-vprec]: precision-binary32 = 22
Info [interflop-vprec]: range-binary32 = 7
Info [interflop-vprec]: precision-binary64 = 22
Info [interflop-vprec]: range-binary64 = 7
Info [interflop-vprec]: mode = ob
Info [interflop-vprec]: error-mode = rel
Info [interflop-vprec]: max-abs-error-exponent = -1022
Info [interflop-vprec]: daz = false
Info [interflop-vprec]: ftz = false
Info [interflop-vprec]: 	instrument = none
Info [interflop-vprec]: 	prec-input-file = (null)
Info [interflop-vprec]: 	prec-output-file = (null)
Info [interflop-vprec]: 	prec-log-file = (null)
All_Command_lines_OK
Using double precision for computations.
=============================================================================
The composite transform comprises the following transforms (in order): 
  1. /project/rrg-glatard/mdugre/datasets/corr/RawDataBIDS/BMB_1/derivatives/vprec-space_search/0100/r7-p22/sub-0003060/align_Composite.h5[0] (type = Euler3DTransform)
  2. /project/rrg-glatard/mdugre/datasets/corr/RawDataBIDS/BMB_1/derivatives/vprec-space_search/0100/r7-p22/sub-0003060/align_Composite.h5[1] (type = Euler3DTransform)
=============================================================================
  number of levels = 4
  fixed image: /templateflow/tpl-MNI152NLin2009cAsym/tpl-MNI152NLin2009cAsym_res-01_desc-brain_T1w.nii.gz
  moving image: /project/rrg-glatard/mdugre/datasets/corr/RawDataBIDS/BMB_1/derivatives/antsBrainExtraction/sub-0003060/BrainExtractionBrain.nii.gz
Dimension = 3
Number of stages = 1
Use histogram matching = false
Winsorize image intensities = true
  Lower quantile = 0.005
  Upper quantile = 0.995


Stage 1 State
   Image metric = MattesMI
     Fixed image = Image (0x44c1300)
  RTTI typeinfo:   itk::Image<double, 3u>
  Reference Count: 2
  Modified Time: 1578
  Debug: Off
  Object Name: 
  Observers: 
    none
  Source: (none)
  Source output name: (none)
  Release Data: Off
  Data Released: False
  Global Release Data: Off
  PipelineMTime: 0
  UpdateMTime: 1189
  RealTimeStamp: 0 seconds 
  LargestPossibleRegion: 
    Dimension: 3
    Index: [0, 0, 0]
    Size: [193, 229, 193]
  BufferedRegion: 
    Dimension: 3
    Index: [0, 0, 0]
    Size: [193, 229, 193]
  RequestedRegion: 
    Dimension: 3
    Index: [0, 0, 0]
    Size: [193, 229, 193]
  Spacing: [1, 1, 1]
  Origin: [96, 132, -78]
  Direction: 
-1 0 0
0 -1 0
0 0 1

  IndexToPointMatrix: 
-1 0 0
0 -1 0
0 0 1

  PointToIndexMatrix: 
-1 0 0
0 -1 0
0 0 1

  Inverse Direction: 
-1 0 0
0 -1 0
0 0 1

  PixelContainer: 
    ImportImageContainer (0x457fd00)
      RTTI typeinfo:   itk::ImportImageContainer<unsigned long, double>
      Reference Count: 1
      Modified Time: 1186
      Debug: Off
      Object Name: 
      Observers: 
        none
      Pointer: 0x152fdddec010
      Container manages memory: true
      Size: 8530021
      Capacity: 8530021

     Moving image = Image (0x457c030)
  RTTI typeinfo:   itk::Image<double, 3u>
  Reference Count: 2
  Modified Time: 1579
  Debug: Off
  Object Name: 
  Observers: 
    none
  Source: (none)
  Source output name: (none)
  Release Data: Off
  Data Released: False
  Global Release Data: Off
  PipelineMTime: 0
  UpdateMTime: 1576
  RealTimeStamp: 0 seconds 
  LargestPossibleRegion: 
    Dimension: 3
    Index: [0, 0, 0]
    Size: [176, 256, 256]
  BufferedRegion: 
    Dimension: 3
    Index: [0, 0, 0]
    Size: [176, 256, 256]
  RequestedRegion: 
    Dimension: 3
    Index: [0, 0, 0]
    Size: [176, 256, 256]
  Spacing: [1, 1, 1]
  Origin: [-84.6529, 101.382, -128.883]
  Direction: 
1 0 0
0 -1 0
0 0 1

  IndexToPointMatrix: 
1 0 0
0 -1 0
0 0 1

  PointToIndexMatrix: 
1 0 0
0 -1 0
0 0 1

  Inverse Direction: 
1 0 0
0 -1 0
0 0 1

  PixelContainer: 
    ImportImageContainer (0x457f680)
      RTTI typeinfo:   itk::ImportImageContainer<unsigned long, double>
      Reference Count: 1
      Modified Time: 1573
      Debug: Off
      Object Name: 
      Observers: 
        none
      Pointer: 0x152fd85eb010
      Container manages memory: true
      Size: 11534336
      Capacity: 11534336

     Weighting = 1
     Sampling strategy = regular
     Number of bins = 32
     Radius = 4
     Sampling percentage  = 0.25
   Transform = Rigid
     Gradient step = 0.1
     Update field sigma (voxel space) = 0
     Total field sigma (voxel space) = 0
     Update field time sigma = 0
     Total field time sigma  = 0
     Number of time indices = 0
     Number of time point samples = 0
Registration using 1 total stages.

Stage 0
  iterations = 1000x500x250x100
  convergence threshold = 1e-06
  convergence window size = 10
  number of levels = 4
  using the Mattes MI metric (number of bins = 32, weight = 1, use gradient filter = 0)
  preprocessing:  winsorizing the image intensities
  Shrink factors (level 1 out of 4): [8, 8, 8]
  Shrink factors (level 2 out of 4): [4, 4, 4]
  Shrink factors (level 3 out of 4): [2, 2, 2]
  Shrink factors (level 4 out of 4): [1, 1, 1]
  smoothing sigmas per level: [3, 2, 1, 0]
  regular sampling (percentage = 0.25)

*** Running Euler3DTransform registration ***

DIAGNOSTIC,Iteration,metricValue,convergenceValue,ITERATION_TIME_INDEX,SINCE_LAST
 2DIAGNOSTIC,     1, -5.370922963931e-01, 1.797693134862e+308, 0.0000e+00, 0.0000e+00, 
 2DIAGNOSTIC,     2, -5.382950693351e-01, 1.797693134862e+308, 0.0000e+00, 0.0000e+00, 
 2DIAGNOSTIC,     3, -5.403618400905e-01, 1.797693134862e+308, 0.0000e+00, 0.0000e+00, 
 2DIAGNOSTIC,     4, -5.433285082690e-01, 1.797693134862e+308, 0.0000e+00, 0.0000e+00, 
 2DIAGNOSTIC,     5, -5.455999430920e-01, 1.797693134862e+308, 0.0000e+00, 0.0000e+00, 
 2DIAGNOSTIC,     6, -5.467290698409e-01, 1.797693134862e+308, 0.0000e+00, 0.0000e+00, 
 2DIAGNOSTIC,     7, -5.505945463677e-01, 1.797693134862e+308, 0.0000e+00, 0.0000e+00, 
 2DIAGNOSTIC,     8, -5.575874531188e-01, 1.797693134862e+308, 0.0000e+00, 0.0000e+00, 
 2DIAGNOSTIC,     9, -5.572862833645e-01, 1.797693134862e+308, 0.0000e+00, 0.0000e+00, 
 2DIAGNOSTIC,    10, -5.590210789411e-01, 2.815919434157e-03, 0.0000e+00, 0.0000e+00, 
 2DIAGNOSTIC,    11, -5.635180595689e-01, 2.711534243740e-03, 0.0000e+00, 0.0000e+00, 
 2DIAGNOSTIC,    12, -5.641825119311e-01, 2.454371951547e-03, 0.0000e+00, 0.0000e+00, 
 2DIAGNOSTIC,    13, -5.641223853157e-01, 2.092091585607e-03, 0.0000e+00, 0.0000e+00, 
 2DIAGNOSTIC,    14, -5.643887092103e-01, 1.714429323780e-03, 0.0000e+00, 0.0000e+00, 
 2DIAGNOSTIC,    15, -5.643908556526e-01, 1.312892796017e-03, 0.0000e+00, 0.0000e+00, 
 2DIAGNOSTIC,    16, -5.643753372007e-01, 8.745231587070e-04, 0.0000e+00, 0.0000e+00, 
 2DIAGNOSTIC,    17, -5.644269593794e-01, 5.205323077201e-04, 0.0000e+00, 0.0000e+00, 
 2DIAGNOSTIC,    18, -5.644576797950e-01, 3.613128485585e-04, 0.0000e+00, 0.0000e+00, 
 2DIAGNOSTIC,    19, -5.643708916659e-01, 1.756762390454e-04, 0.0000e+00, 0.0000e+00, 
 2DIAGNOSTIC,    20, -5.643625647994e-01, 3.381560803302e-05, 0.0000e+00, 0.0000e+00, 
 2DIAGNOSTIC,    21, -5.643251812627e-01, 1.077062298227e-05, 0.0000e+00, 0.0000e+00, 
 2DIAGNOSTIC,    22, -5.642652396881e-01, 3.099528782385e-06, 0.0000e+00, 0.0000e+00, 
DIAGNOSTIC,Iteration,metricValue,convergenceValue,ITERATION_TIME_INDEX,SINCE_LAST
 2DIAGNOSTIC,     1, -4.476432300125e-01, 1.797693134862e+308, 0.0000e+00, 0.0000e+00, 
 2DIAGNOSTIC,     2, -4.479380098942e-01, 1.797693134862e+308, 0.0000e+00, 0.0000e+00, 
 2DIAGNOSTIC,     3, -4.483026871416e-01, 1.797693134862e+308, 0.0000e+00, 0.0000e+00, 
 2DIAGNOSTIC,     4, -4.487195191245e-01, 1.797693134862e+308, 0.0000e+00, 0.0000e+00, 
 2DIAGNOSTIC,     5, -4.490195692092e-01, 1.797693134862e+308, 0.0000e+00, 0.0000e+00, 
 2DIAGNOSTIC,     6, -4.493939928577e-01, 1.797693134862e+308, 0.0000e+00, 0.0000e+00, 
 2DIAGNOSTIC,     7, -4.498613747568e-01, 1.797693134862e+308, 0.0000e+00, 0.0000e+00, 
 2DIAGNOSTIC,     8, -4.504857454951e-01, 1.797693134862e+308, 0.0000e+00, 0.0000e+00, 
 2DIAGNOSTIC,     9, -4.509628565430e-01, 1.797693134862e+308, 0.0000e+00, 0.0000e+00, 
 2DIAGNOSTIC,    10, -4.524162875442e-01, 6.066092045882e-04, 0.0000e+00, 0.0000e+00, 
 2DIAGNOSTIC,    11, -4.551715114723e-01, 7.587092337844e-04, 0.0000e+00, 0.0000e+00, 
 2DIAGNOSTIC,    12, -4.564611811875e-01, 8.971312187346e-04, 0.0000e+00, 0.0000e+00, 
 2DIAGNOSTIC,    13, -4.613075990495e-01, 1.185123717577e-03, 0.0000e+00, 0.0000e+00, 
 2DIAGNOSTIC,    14, -4.632178192548e-01, 1.423886617660e-03, 0.0000e+00, 0.0000e+00, 
 2DIAGNOSTIC,    15, -4.644841489107e-01, 1.565464871099e-03, 0.0000e+00, 0.0000e+00, 
 2DIAGNOSTIC,    16, -4.645589536872e-01, 1.563792360113e-03, 0.0000e+00, 0.0000e+00, 
 2DIAGNOSTIC,    17, -4.645846140215e-01, 1.437079570793e-03, 0.0000e+00, 0.0000e+00, 
 2DIAGNOSTIC,    18, -4.645878511414e-01, 1.213268425366e-03, 0.0000e+00, 0.0000e+00, 
 2DIAGNOSTIC,    19, -4.645769121215e-01, 9.153088243361e-04, 0.0000e+00, 0.0000e+00, 
 2DIAGNOSTIC,    20, -4.645724915392e-01, 6.076764056266e-04, 0.0000e+00, 0.0000e+00, 
 2DIAGNOSTIC,    21, -4.645682230818e-01, 3.564329552416e-04, 0.0000e+00, 0.0000e+00, 
 2DIAGNOSTIC,    22, -4.645580747634e-01, 1.287887062948e-04, 0.0000e+00, 0.0000e+00, 
 2DIAGNOSTIC,    23, -4.645393801958e-01, 3.885456284088e-05, 0.0000e+00, 0.0000e+00, 
 2DIAGNOSTIC,    24, -4.645391278440e-01, 1.586238609685e-06, 0.0000e+00, 0.0000e+00, 
DIAGNOSTIC,Iteration,metricValue,convergenceValue,ITERATION_TIME_INDEX,SINCE_LAST
 2DIAGNOSTIC,     1, -4.029253263177e-01, 1.797693134862e+308, 0.0000e+00, 0.0000e+00, 
 2DIAGNOSTIC,     2, -4.029651223964e-01, 1.797693134862e+308, 0.0000e+00, 0.0000e+00, 
 2DIAGNOSTIC,     3, -4.030362987147e-01, 1.797693134862e+308, 0.0000e+00, 0.0000e+00, 
 2DIAGNOSTIC,     4, -4.031217524189e-01, 1.797693134862e+308, 0.0000e+00, 0.0000e+00, 
 2DIAGNOSTIC,     5, -4.032423304734e-01, 1.797693134862e+308, 0.0000e+00, 0.0000e+00, 
 2DIAGNOSTIC,     6, -4.033653756869e-01, 1.797693134862e+308, 0.0000e+00, 0.0000e+00, 
 2DIAGNOSTIC,     7, -4.035308108572e-01, 1.797693134862e+308, 2.5600e+02, 2.5600e+02, 
 2DIAGNOSTIC,     8, -4.037667114206e-01, 1.797693134862e+308, 2.5600e+02, 0.0000e+00, 
 2DIAGNOSTIC,     9, -4.039035863332e-01, 1.797693134862e+308, 2.5600e+02, 0.0000e+00, 
 2DIAGNOSTIC,    10, -4.038258537451e-01, 1.754144494200e-04, 2.5600e+02, 0.0000e+00, 
 2DIAGNOSTIC,    11, -4.038610465946e-01, 1.570337888829e-04, 2.5600e+02, 0.0000e+00, 
 2DIAGNOSTIC,    12, -4.039285413215e-01, 1.340261143270e-04, 2.5600e+02, 0.0000e+00, 
 2DIAGNOSTIC,    13, -4.039259864878e-01, 1.060462552416e-04, 2.5600e+02, 0.0000e+00, 
 2DIAGNOSTIC,    14, -4.039276269152e-01, 7.700372198063e-05, 2.5600e+02, 0.0000e+00, 
 2DIAGNOSTIC,    15, -4.039268591172e-01, 5.082798637455e-05, 2.5600e+02, 0.0000e+00, 
 2DIAGNOSTIC,    16, -4.039246566854e-01, 2.876969889139e-05, 2.5600e+02, 0.0000e+00, 
 2DIAGNOSTIC,    17, -4.039228853715e-01, 1.330927776189e-05, 2.5600e+02, 0.0000e+00, 
 2DIAGNOSTIC,    18, -4.039227337327e-01, 7.558014013399e-06, 2.5600e+02, 0.0000e+00, 
 2DIAGNOSTIC,    19, -4.039218395065e-01, 7.051910043597e-06, 2.5600e+02, 0.0000e+00, 
 2DIAGNOSTIC,    20, -4.039206583796e-01, 3.310399568461e-06, 2.5600e+02, 0.0000e+00, 
DIAGNOSTIC,Iteration,metricValue,convergenceValue,ITERATION_TIME_INDEX,SINCE_LAST
 2DIAGNOSTIC,     1, -3.737812115098e-01, 1.797693134862e+308, 2.5600e+02, 0.0000e+00, 
 2DIAGNOSTIC,     2, -3.738118437896e-01, 1.797693134862e+308, 2.5600e+02, 0.0000e+00, 
 2DIAGNOSTIC,     3, -3.738211412130e-01, 1.797693134862e+308, 2.5600e+02, 0.0000e+00, 
 2DIAGNOSTIC,     4, -3.738204277688e-01, 1.797693134862e+308, 2.5600e+02, 0.0000e+00, 
 2DIAGNOSTIC,     5, -3.738201687865e-01, 1.797693134862e+308, 2.5600e+02, 0.0000e+00, 
 2DIAGNOSTIC,     6, -3.738199139511e-01, 1.797693134862e+308, 2.5600e+02, 0.0000e+00, 
 2DIAGNOSTIC,     7, -3.738199446150e-01, 1.797693134862e+308, 2.5600e+02, 0.0000e+00, 
 2DIAGNOSTIC,     8, -3.738198126352e-01, 1.797693134862e+308, 2.5600e+02, 0.0000e+00, 
 2DIAGNOSTIC,     9, -3.738198364570e-01, 1.797693134862e+308, 2.5600e+02, 0.0000e+00, 
 2DIAGNOSTIC,    10, -3.738198373327e-01, 6.551995099191e-06, 2.5600e+02, 0.0000e+00, 
 2DIAGNOSTIC,    11, -3.738198373050e-01, 3.320985684077e-06, 2.5600e+02, 0.0000e+00, 
 2DIAGNOSTIC,    12, -3.738198372658e-01, 2.512747391992e-06, 2.5600e+02, 0.0000e+00, 
 2DIAGNOSTIC,    13, -3.738198370999e-01, 2.385560462587e-06, 2.5600e+02, 0.0000e+00, 
 2DIAGNOSTIC,    14, -3.738198236976e-01, 2.242546369560e-06, 2.5600e+02, 0.0000e+00, 
 2DIAGNOSTIC,    15, -3.738198236471e-01, 2.108125385203e-06, 2.5600e+02, 0.0000e+00, 
 2DIAGNOSTIC,    16, -3.738198236282e-01, 1.979119160680e-06, 2.5600e+02, 0.0000e+00, 
 2DIAGNOSTIC,    17, -3.738198236036e-01, 1.867360481210e-06, 2.5600e+02, 0.0000e+00, 
 2DIAGNOSTIC,    18, -3.738198234612e-01, 1.762479729141e-06, 2.5600e+02, 0.0000e+00, 
 2DIAGNOSTIC,    19, -3.738198234340e-01, 1.669768396807e-06, 2.5600e+02, 0.0000e+00, 
 2DIAGNOSTIC,    20, -3.738198154435e-01, 1.586215341527e-06, 2.5600e+02, 0.0000e+00, 
 2DIAGNOSTIC,    21, -3.738198154435e-01, 1.510773303445e-06, 2.5600e+02, 0.0000e+00, 
 2DIAGNOSTIC,    22, -3.738198154435e-01, 1.442318206583e-06, 2.5600e+02, 0.0000e+00, 
 2DIAGNOSTIC,    23, -3.738198154245e-01, 1.379930435225e-06, 5.1200e+02, 2.5600e+02, 
 2DIAGNOSTIC,    24, -3.738198154245e-01, 1.322395596255e-06, 5.1200e+02, 0.0000e+00, 
 2DIAGNOSTIC,    25, -3.738198154245e-01, 1.269543943985e-06, 5.1200e+02, 0.0000e+00, 
 2DIAGNOSTIC,    26, -3.738198153193e-01, 1.220825729203e-06, 5.1200e+02, 0.0000e+00, 
 2DIAGNOSTIC,    27, -3.738198153193e-01, 1.175769787538e-06, 5.1200e+02, 0.0000e+00, 
 2DIAGNOSTIC,    28, -3.738198153193e-01, 1.133966172580e-06, 5.1200e+02, 0.0000e+00, 
 2DIAGNOSTIC,    29, -3.738198153193e-01, 1.095072164344e-06, 5.1200e+02, 0.0000e+00, 
 2DIAGNOSTIC,    30, -3.738198153193e-01, 1.058569512914e-06, 5.1200e+02, 0.0000e+00, 
 2DIAGNOSTIC,    31, -3.738198153174e-01, 1.024422767698e-06, 5.1200e+02, 0.0000e+00, 
  Elapsed time (stage 0): 5.1200e+02


Total elapsed time: 5.1200e+02
VFC_BACKENDS=libinterflop_ieee.so
Info [verificarlo]: loaded backend libinterflop_ieee.so
Info [interflop-ieee]: load backend with:
Info [interflop-ieee]: debug = false
Info [interflop-ieee]: debug-binary = false
Info [interflop-ieee]: no-backend-name = false
Info [interflop-ieee]: print-new-line = false
Info [interflop-ieee]: print-subnormal-normalized = false
Info [interflop-ieee]: count-op = false
All_Command_lines_OK
Using double precision for computations.
=============================================================================
The composite transform comprises the following transforms (in order): 
  1. /project/rrg-glatard/mdugre/datasets/corr/RawDataBIDS/BMB_1/derivatives/vprec-space_search/0100/r7-p22/sub-0003060/rigid_Composite.h5[0] (type = Euler3DTransform)
  2. /project/rrg-glatard/mdugre/datasets/corr/RawDataBIDS/BMB_1/derivatives/vprec-space_search/0100/r7-p22/sub-0003060/rigid_Composite.h5[1] (type = Euler3DTransform)
  3. /project/rrg-glatard/mdugre/datasets/corr/RawDataBIDS/BMB_1/derivatives/vprec-space_search/0100/r7-p22/sub-0003060/rigid_Composite.h5[2] (type = Euler3DTransform)
=============================================================================
  number of levels = 4
  fixed image: /templateflow/tpl-MNI152NLin2009cAsym/tpl-MNI152NLin2009cAsym_res-01_desc-brain_T1w.nii.gz
  moving image: /project/rrg-glatard/mdugre/datasets/corr/RawDataBIDS/BMB_1/derivatives/antsBrainExtraction/sub-0003060/BrainExtractionBrain.nii.gz
Dimension = 3
Number of stages = 1
Use histogram matching = false
Winsorize image intensities = true
  Lower quantile = 0.005
  Upper quantile = 0.995


Stage 1 State
   Image metric = MattesMI
     Fixed image = Image (0x51b4650)
  RTTI typeinfo:   itk::Image<double, 3u>
  Reference Count: 2
  Modified Time: 1592
  Debug: Off
  Object Name: 
  Observers: 
    none
  Source: (none)
  Source output name: (none)
  Release Data: Off
  Data Released: False
  Global Release Data: Off
  PipelineMTime: 0
  UpdateMTime: 1203
  RealTimeStamp: 0 seconds 
  LargestPossibleRegion: 
    Dimension: 3
    Index: [0, 0, 0]
    Size: [193, 229, 193]
  BufferedRegion: 
    Dimension: 3
    Index: [0, 0, 0]
    Size: [193, 229, 193]
  RequestedRegion: 
    Dimension: 3
    Index: [0, 0, 0]
    Size: [193, 229, 193]
  Spacing: [1, 1, 1]
  Origin: [96, 132, -78]
  Direction: 
-1 0 0
0 -1 0
0 0 1

  IndexToPointMatrix: 
-1 0 0
0 -1 0
0 0 1

  PointToIndexMatrix: 
-1 0 0
0 -1 0
0 0 1

  Inverse Direction: 
-1 0 0
0 -1 0
0 0 1

  PixelContainer: 
    ImportImageContainer (0x5271550)
      RTTI typeinfo:   itk::ImportImageContainer<unsigned long, double>
      Reference Count: 1
      Modified Time: 1200
      Debug: Off
      Object Name: 
      Observers: 
        none
      Pointer: 0x14bde733b010
      Container manages memory: true
      Size: 8530021
      Capacity: 8530021

     Moving image = Image (0x52645a0)
  RTTI typeinfo:   itk::Image<double, 3u>
  Reference Count: 2
  Modified Time: 1593
  Debug: Off
  Object Name: 
  Observers: 
    none
  Source: (none)
  Source output name: (none)
  Release Data: Off
  Data Released: False
  Global Release Data: Off
  PipelineMTime: 0
  UpdateMTime: 1590
  RealTimeStamp: 0 seconds 
  LargestPossibleRegion: 
    Dimension: 3
    Index: [0, 0, 0]
    Size: [176, 256, 256]
  BufferedRegion: 
    Dimension: 3
    Index: [0, 0, 0]
    Size: [176, 256, 256]
  RequestedRegion: 
    Dimension: 3
    Index: [0, 0, 0]
    Size: [176, 256, 256]
  Spacing: [1, 1, 1]
  Origin: [-84.6529, 101.382, -128.883]
  Direction: 
1 0 0
0 -1 0
0 0 1

  IndexToPointMatrix: 
1 0 0
0 -1 0
0 0 1

  PointToIndexMatrix: 
1 0 0
0 -1 0
0 0 1

  Inverse Direction: 
1 0 0
0 -1 0
0 0 1

  PixelContainer: 
    ImportImageContainer (0x5264860)
      RTTI typeinfo:   itk::ImportImageContainer<unsigned long, double>
      Reference Count: 1
      Modified Time: 1587
      Debug: Off
      Object Name: 
      Observers: 
        none
      Pointer: 0x14bde1b3a010
      Container manages memory: true
      Size: 11534336
      Capacity: 11534336

     Weighting = 1
     Sampling strategy = regular
     Number of bins = 32
     Radius = 4
     Sampling percentage  = 0.25
   Transform = Affine
     Gradient step = 0.1
     Update field sigma (voxel space) = 0
     Total field sigma (voxel space) = 0
     Update field time sigma = 0
     Total field time sigma  = 0
     Number of time indices = 0
     Number of time point samples = 0
Registration using 1 total stages.

Stage 0
  iterations = 1000x500x250x100
  convergence threshold = 1e-06
  convergence window size = 10
  number of levels = 4
  using the Mattes MI metric (number of bins = 32, weight = 1, use gradient filter = 0)
  preprocessing:  winsorizing the image intensities
  Shrink factors (level 1 out of 4): [8, 8, 8]
  Shrink factors (level 2 out of 4): [4, 4, 4]
  Shrink factors (level 3 out of 4): [2, 2, 2]
  Shrink factors (level 4 out of 4): [1, 1, 1]
  smoothing sigmas per level: [3, 2, 1, 0]
  regular sampling (percentage = 0.25)

*** Running AffineTransform registration ***

DIAGNOSTIC,Iteration,metricValue,convergenceValue,ITERATION_TIME_INDEX,SINCE_LAST
 2DIAGNOSTIC,     1, -5.701168963409e-01, 1.797693134862e+308, 1.1541e+00, 1.1541e+00, 
 2DIAGNOSTIC,     2, -5.721796562240e-01, 1.797693134862e+308, 1.1607e+00, 6.5830e-03, 
 2DIAGNOSTIC,     3, -5.754156034097e-01, 1.797693134862e+308, 1.1669e+00, 6.1989e-03, 
 2DIAGNOSTIC,     4, -5.805697472028e-01, 1.797693134862e+308, 1.1731e+00, 6.2220e-03, 
 2DIAGNOSTIC,     5, -5.909582402759e-01, 1.797693134862e+308, 1.1797e+00, 6.5680e-03, 
 2DIAGNOSTIC,     6, -6.093070022638e-01, 1.797693134862e+308, 1.1863e+00, 6.6059e-03, 
 2DIAGNOSTIC,     7, -6.341916040607e-01, 1.797693134862e+308, 1.1932e+00, 6.9461e-03, 
 2DIAGNOSTIC,     8, -6.806003108238e-01, 1.797693134862e+308, 1.2015e+00, 8.2901e-03, 
 2DIAGNOSTIC,     9, -7.756729428390e-01, 1.797693134862e+308, 1.2094e+00, 7.9038e-03, 
 2DIAGNOSTIC,    10, -8.063010572406e-01, 2.292844093080e-02, 1.2180e+00, 8.6040e-03, 
 2DIAGNOSTIC,    11, -8.166089359011e-01, 2.479404954878e-02, 1.2269e+00, 8.8379e-03, 
 2DIAGNOSTIC,    12, -8.273611089027e-01, 2.456153192361e-02, 1.2351e+00, 8.2030e-03, 
 2DIAGNOSTIC,    13, -8.356090350529e-01, 2.252094762517e-02, 1.2431e+00, 7.9908e-03, 
 2DIAGNOSTIC,    14, -8.402063388163e-01, 1.905090373578e-02, 1.2510e+00, 7.8969e-03, 
 2DIAGNOSTIC,    15, -8.417424188130e-01, 1.473090180698e-02, 1.2598e+00, 8.8670e-03, 
 2DIAGNOSTIC,    16, -8.428526777061e-01, 1.022909389716e-02, 1.2687e+00, 8.8611e-03, 
 2DIAGNOSTIC,    17, -8.437188230234e-01, 6.015977433639e-03, 1.2767e+00, 8.0440e-03, 
 2DIAGNOSTIC,    18, -8.437019934349e-01, 2.751741396052e-03, 1.2849e+00, 8.1871e-03, 
 2DIAGNOSTIC,    19, -8.436721692922e-01, 1.555698977328e-03, 1.2920e+00, 7.0598e-03, 
 2DIAGNOSTIC,    20, -8.437872427105e-01, 9.431038744590e-04, 1.2994e+00, 7.4079e-03, 
 2DIAGNOSTIC,    21, -8.439138522861e-01, 4.964625814198e-04, 1.3068e+00, 7.4439e-03, 
 2DIAGNOSTIC,    22, -8.441043815039e-01, 2.355509177547e-04, 1.3180e+00, 1.1172e-02, 
 2DIAGNOSTIC,    23, -8.441439901973e-01, 1.127785558614e-04, 1.3254e+00, 7.3409e-03, 
 2DIAGNOSTIC,    24, -8.441816108933e-01, 6.342014175795e-05, 1.3325e+00, 7.1611e-03, 
 2DIAGNOSTIC,    25, -8.442719933306e-01, 3.667354491593e-05, 1.3396e+00, 7.0889e-03, 
 2DIAGNOSTIC,    26, -8.445120954919e-01, 2.781121469368e-05, 1.3475e+00, 7.8959e-03, 
 2DIAGNOSTIC,    27, -8.447086116047e-01, 3.169509604156e-05, 1.3552e+00, 7.6561e-03, 
 2DIAGNOSTIC,    28, -8.447877028223e-01, 3.325955336104e-05, 1.3645e+00, 9.3081e-03, 
 2DIAGNOSTIC,    29, -8.448180214549e-01, 3.175281235525e-05, 1.3722e+00, 7.7779e-03, 
 2DIAGNOSTIC,    30, -8.448366050069e-01, 2.911238627731e-05, 1.3800e+00, 7.8011e-03, 
 2DIAGNOSTIC,    31, -8.448985881809e-01, 2.614728990567e-05, 1.3876e+00, 7.5381e-03, 
 2DIAGNOSTIC,    32, -8.450287443495e-01, 2.462238108970e-05, 1.3979e+00, 1.0266e-02, 
 2DIAGNOSTIC,    33, -8.450800729147e-01, 2.196339980719e-05, 1.4050e+00, 7.1499e-03, 
 2DIAGNOSTIC,    34, -8.450958896553e-01, 1.810304381417e-05, 1.4123e+00, 7.3030e-03, 
 2DIAGNOSTIC,    35, -8.451007771771e-01, 1.383005529282e-05, 1.4201e+00, 7.8459e-03, 
 2DIAGNOSTIC,    36, -8.451039195504e-01, 1.098743091694e-05, 1.4294e+00, 9.2669e-03, 
 2DIAGNOSTIC,    37, -8.451053141590e-01, 9.248103740710e-06, 1.4368e+00, 7.3450e-03, 
 2DIAGNOSTIC,    38, -8.451060210346e-01, 7.562736119546e-06, 1.4438e+00, 7.0550e-03, 
 2DIAGNOSTIC,    39, -8.449789574776e-01, 4.461256752582e-06, 1.4534e+00, 9.5971e-03, 
 2DIAGNOSTIC,    40, -8.449801275725e-01, 1.397999369497e-06, 1.4611e+00, 7.7310e-03, 
DIAGNOSTIC,Iteration,metricValue,convergenceValue,ITERATION_TIME_INDEX,SINCE_LAST
 2DIAGNOSTIC,     1, -7.142503637245e-01, 1.797693134862e+308, 2.8595e+00, 1.3983e+00, 
 2DIAGNOSTIC,     2, -7.149753043536e-01, 1.797693134862e+308, 2.9105e+00, 5.1024e-02, 
 2DIAGNOSTIC,     3, -7.156641531935e-01, 1.797693134862e+308, 2.9618e+00, 5.1313e-02, 
 2DIAGNOSTIC,     4, -7.162221991676e-01, 1.797693134862e+308, 3.0167e+00, 5.4859e-02, 
 2DIAGNOSTIC,     5, -7.170412627161e-01, 1.797693134862e+308, 3.0832e+00, 6.6536e-02, 
 2DIAGNOSTIC,     6, -7.177447882549e-01, 1.797693134862e+308, 3.1605e+00, 7.7352e-02, 
 2DIAGNOSTIC,     7, -7.177630795849e-01, 1.797693134862e+308, 3.2163e+00, 5.5761e-02, 
 2DIAGNOSTIC,     8, -7.178064342256e-01, 1.797693134862e+308, 3.2710e+00, 5.4683e-02, 
 2DIAGNOSTIC,     9, -7.178603592259e-01, 1.797693134862e+308, 3.3254e+00, 5.4387e-02, 
 2DIAGNOSTIC,    10, -7.179198404635e-01, 3.414143528697e-04, 3.3807e+00, 5.5336e-02, 
 2DIAGNOSTIC,    11, -7.179840757335e-01, 2.368069561371e-04, 3.4359e+00, 5.5160e-02, 
 2DIAGNOSTIC,    12, -7.180220614470e-01, 1.537918976047e-04, 3.4964e+00, 6.0551e-02, 
 2DIAGNOSTIC,    13, -7.180412989685e-01, 9.166363556043e-05, 3.5692e+00, 7.2771e-02, 
 2DIAGNOSTIC,    14, -7.180561122825e-01, 4.611153033474e-05, 3.6309e+00, 6.1687e-02, 
 2DIAGNOSTIC,    15, -7.180483607661e-01, 2.353829833560e-05, 3.6920e+00, 6.1106e-02, 
 2DIAGNOSTIC,    16, -7.180490408493e-01, 1.927079501965e-05, 3.7408e+00, 4.8797e-02, 
 2DIAGNOSTIC,    17, -7.180364399625e-01, 1.403735052515e-05, 3.7920e+00, 5.1213e-02, 
 2DIAGNOSTIC,    18, -7.180374150438e-01, 9.236737472246e-06, 3.8438e+00, 5.1761e-02, 
 2DIAGNOSTIC,    19, -7.180385561617e-01, 5.382105831613e-06, 3.9044e+00, 6.0592e-02, 
 2DIAGNOSTIC,    20, -7.180395282114e-01, 2.742165339936e-06, 3.9604e+00, 5.6025e-02, 
 2DIAGNOSTIC,    21, -7.180498594414e-01, 1.643041892298e-06, 4.0165e+00, 5.6145e-02, 
 2DIAGNOSTIC,    22, -7.180479157075e-01, 1.271010174643e-06, 4.0682e+00, 5.1699e-02, 
 2DIAGNOSTIC,    23, -7.180375712388e-01, 1.096102205535e-06, 4.1342e+00, 6.5980e-02, 
 2DIAGNOSTIC,    24, -7.180284336700e-01, 1.063715288380e-06, 4.2010e+00, 6.6833e-02, 
DIAGNOSTIC,Iteration,metricValue,convergenceValue,ITERATION_TIME_INDEX,SINCE_LAST
 2DIAGNOSTIC,     1, -6.112439610878e-01, 1.797693134862e+308, 6.0953e+00, 1.8942e+00, 
 2DIAGNOSTIC,     2, -6.117495353068e-01, 1.797693134862e+308, 6.5530e+00, 4.5773e-01, 
 2DIAGNOSTIC,     3, -6.122606780160e-01, 1.797693134862e+308, 7.0143e+00, 4.6135e-01, 
 2DIAGNOSTIC,     4, -6.127946988600e-01, 1.797693134862e+308, 7.4771e+00, 4.6281e-01, 
 2DIAGNOSTIC,     5, -6.135231444047e-01, 1.797693134862e+308, 7.8856e+00, 4.0841e-01, 
 2DIAGNOSTIC,     6, -6.136609971835e-01, 1.797693134862e+308, 8.4033e+00, 5.1770e-01, 
 2DIAGNOSTIC,     7, -6.137623360016e-01, 1.797693134862e+308, 8.8102e+00, 4.0699e-01, 
 2DIAGNOSTIC,     8, -6.137922053203e-01, 1.797693134862e+308, 9.3684e+00, 5.5817e-01, 
 2DIAGNOSTIC,     9, -6.138087053766e-01, 1.797693134862e+308, 9.8265e+00, 4.5808e-01, 
 2DIAGNOSTIC,    10, -6.138247428211e-01, 2.780767381871e-04, 1.0236e+01, 4.0981e-01, 
 2DIAGNOSTIC,    11, -6.138376885785e-01, 1.844736311823e-04, 1.0677e+01, 4.4066e-01, 
 2DIAGNOSTIC,    12, -6.138537764617e-01, 1.104122625846e-04, 1.1389e+01, 7.1234e-01, 
 2DIAGNOSTIC,    13, -6.138532320388e-01, 5.604323783784e-05, 1.1903e+01, 5.1406e-01, 
 2DIAGNOSTIC,    14, -6.138556955515e-01, 2.175708696488e-05, 1.2413e+01, 5.0996e-01, 
 2DIAGNOSTIC,    15, -6.138572313597e-01, 1.274422219094e-05, 1.2921e+01, 5.0758e-01, 
 2DIAGNOSTIC,    16, -6.138574788132e-01, 7.808018403194e-06, 1.3380e+01, 4.5912e-01, 
 2DIAGNOSTIC,    17, -6.138579426597e-01, 5.674081325277e-06, 1.3892e+01, 5.1179e-01, 
 2DIAGNOSTIC,    18, -6.138595056844e-01, 4.232400834643e-06, 1.4403e+01, 5.1155e-01, 
 2DIAGNOSTIC,    19, -6.138587977610e-01, 3.096394946465e-06, 1.4912e+01, 5.0866e-01, 
 2DIAGNOSTIC,    20, -6.138564783379e-01, 2.255735249708e-06, 1.5364e+01, 4.5186e-01, 
 2DIAGNOSTIC,    21, -6.138568035457e-01, 1.718232543468e-06, 1.5820e+01, 4.5658e-01, 
 2DIAGNOSTIC,    22, -6.138559742320e-01, 1.532174755556e-06, 1.6280e+01, 4.5985e-01, 
 2DIAGNOSTIC,    23, -6.138565880317e-01, 1.354026546677e-06, 1.6745e+01, 4.6458e-01, 
 2DIAGNOSTIC,    24, -6.138573246067e-01, 1.254504194900e-06, 1.7216e+01, 4.7065e-01, 
 2DIAGNOSTIC,    25, -6.138581453481e-01, 1.214032497920e-06, 1.7752e+01, 5.3665e-01, 
 2DIAGNOSTIC,    26, -6.138576678318e-01, 1.178054729982e-06, 1.8211e+01, 4.5877e-01, 
 2DIAGNOSTIC,    27, -6.138561277498e-01, 1.129840579567e-06, 1.8721e+01, 5.1038e-01, 
 2DIAGNOSTIC,    28, -6.138579312913e-01, 1.146025611243e-06, 1.9279e+01, 5.5771e-01, 
 2DIAGNOSTIC,    29, -6.138520275624e-01, 1.053984225188e-06, 1.9734e+01, 4.5530e-01, 
 2DIAGNOSTIC,    30, -6.138629399294e-01, 1.107034448423e-06, 2.0295e+01, 5.6027e-01, 
 2DIAGNOSTIC,    31, -6.138651348153e-01, 1.185457813815e-06, 2.0814e+01, 5.1923e-01, 
 2DIAGNOSTIC,    32, -6.138612192654e-01, 1.175217459674e-06, 2.1374e+01, 5.5968e-01, 
 2DIAGNOSTIC,    33, -6.138646584477e-01, 1.209477905842e-06, 2.2701e+01, 1.3273e+00, 
 2DIAGNOSTIC,    34, -6.138646584403e-01, 1.226950591685e-06, 2.4033e+01, 1.3317e+00, 
 2DIAGNOSTIC,    35, -6.138646584403e-01, 1.224413501782e-06, 2.4644e+01, 6.1142e-01, 
 2DIAGNOSTIC,    36, -6.138646584403e-01, 1.185414923829e-06, 2.5153e+01, 5.0919e-01, 
 2DIAGNOSTIC,    37, -6.138646584403e-01, 1.101806119119e-06, 2.5667e+01, 5.1396e-01, 
 2DIAGNOSTIC,    38, -6.138646584403e-01, 1.025132482652e-06, 2.6180e+01, 5.1328e-01, 
DIAGNOSTIC,Iteration,metricValue,convergenceValue,ITERATION_TIME_INDEX,SINCE_LAST
 2DIAGNOSTIC,     1, -5.416047073489e-01, 1.797693134862e+308, 3.0568e+01, 4.3872e+00, 
 2DIAGNOSTIC,     2, -5.418710541477e-01, 1.797693134862e+308, 3.3743e+01, 3.1755e+00, 
 2DIAGNOSTIC,     3, -5.421296653512e-01, 1.797693134862e+308, 3.6618e+01, 2.8751e+00, 
 2DIAGNOSTIC,     4, -5.424002367236e-01, 1.797693134862e+308, 4.0222e+01, 3.6033e+00, 
 2DIAGNOSTIC,     5, -5.426827045703e-01, 1.797693134862e+308, 4.3794e+01, 3.5722e+00, 
 2DIAGNOSTIC,     6, -5.427135095407e-01, 1.797693134862e+308, 4.8177e+01, 4.3834e+00, 
 2DIAGNOSTIC,     7, -5.427127485679e-01, 1.797693134862e+308, 5.2823e+01, 4.6461e+00, 
 2DIAGNOSTIC,     8, -5.427130924546e-01, 1.797693134862e+308, 5.7054e+01, 4.2308e+00, 
 2DIAGNOSTIC,     9, -5.427130023401e-01, 1.797693134862e+308, 6.1547e+01, 4.4932e+00, 
 2DIAGNOSTIC,    10, -5.427130274143e-01, 1.291662553101e-04, 6.4731e+01, 3.1832e+00, 
 2DIAGNOSTIC,    11, -5.427129073884e-01, 7.839419870663e-05, 6.7677e+01, 2.9470e+00, 
 2DIAGNOSTIC,    12, -5.427127985243e-01, 4.095762147407e-05, 7.1308e+01, 3.6302e+00, 
 2DIAGNOSTIC,    13, -5.427126895957e-01, 1.608669936658e-05, 7.4339e+01, 3.0310e+00, 
 2DIAGNOSTIC,    14, -5.427125994815e-01, 3.363107004217e-06, 7.7497e+01, 3.1578e+00, 
 2DIAGNOSTIC,    15, -5.427125293480e-01, 2.068733659544e-06, 8.0731e+01, 3.2348e+00, 
 2DIAGNOSTIC,    16, -5.427125044354e-01, 1.949666275758e-06, 8.3739e+01, 3.0077e+00, 
 2DIAGNOSTIC,    17, -5.427124187808e-01, 1.821832404804e-06, 8.7379e+01, 3.6396e+00, 
 2DIAGNOSTIC,    18, -5.427125198337e-01, 1.725898369526e-06, 9.0681e+01, 3.3029e+00, 
 2DIAGNOSTIC,    19, -5.427121186635e-01, 1.630230777594e-06, 9.3945e+01, 3.2638e+00, 
 2DIAGNOSTIC,    20, -5.427120160297e-01, 1.546578192714e-06, 9.7176e+01, 3.2303e+00, 
 2DIAGNOSTIC,    21, -5.427120483993e-01, 1.472865701610e-06, 1.0047e+02, 3.2983e+00, 
 2DIAGNOSTIC,    22, -5.427120794624e-01, 1.407792153268e-06, 1.0378e+02, 3.3071e+00, 
 2DIAGNOSTIC,    23, -5.427119734383e-01, 1.347065464612e-06, 1.0723e+02, 3.4467e+00, 
 2DIAGNOSTIC,    24, -5.427120024345e-01, 1.293708958849e-06, 1.1090e+02, 3.6720e+00, 
 2DIAGNOSTIC,    25, -5.427120304019e-01, 1.246802508258e-06, 1.1407e+02, 3.1736e+00, 
 2DIAGNOSTIC,    26, -5.427121717296e-01, 1.208175328060e-06, 1.1779e+02, 3.7142e+00, 
 2DIAGNOSTIC,    27, -5.427121452713e-01, 1.171447987273e-06, 1.2130e+02, 3.5134e+00, 
 2DIAGNOSTIC,    28, -5.427120028758e-01, 1.137510387869e-06, 1.2462e+02, 3.3156e+00, 
 2DIAGNOSTIC,    29, -5.427119502817e-01, 1.097777443088e-06, 1.2829e+02, 3.6720e+00, 
 2DIAGNOSTIC,    30, -5.427118596880e-01, 1.057185098352e-06, 1.3127e+02, 2.9811e+00, 
 2DIAGNOSTIC,    31, -5.427116644993e-01, 1.016701459210e-06, 1.3428e+02, 3.0142e+00, 
  Elapsed time (stage 0): 1.3612e+02


Total elapsed time: 1.3613e+02
VFC_BACKENDS=libinterflop_ieee.so
Info [verificarlo]: loaded backend libinterflop_ieee.so
Info [interflop-ieee]: load backend with:
Info [interflop-ieee]: debug = false
Info [interflop-ieee]: debug-binary = false
Info [interflop-ieee]: no-backend-name = false
Info [interflop-ieee]: print-new-line = false
Info [interflop-ieee]: print-subnormal-normalized = false
Info [interflop-ieee]: count-op = false
All_Command_lines_OK
Using double precision for computations.
=============================================================================
The composite transform comprises the following transforms (in order): 
  1. /project/rrg-glatard/mdugre/datasets/corr/RawDataBIDS/BMB_1/derivatives/vprec-space_search/0100/r7-p22/sub-0003060/affine_Composite.h5[0] (type = Euler3DTransform)
  2. /project/rrg-glatard/mdugre/datasets/corr/RawDataBIDS/BMB_1/derivatives/vprec-space_search/0100/r7-p22/sub-0003060/affine_Composite.h5[1] (type = Euler3DTransform)
  3. /project/rrg-glatard/mdugre/datasets/corr/RawDataBIDS/BMB_1/derivatives/vprec-space_search/0100/r7-p22/sub-0003060/affine_Composite.h5[2] (type = Euler3DTransform)
  4. /project/rrg-glatard/mdugre/datasets/corr/RawDataBIDS/BMB_1/derivatives/vprec-space_search/0100/r7-p22/sub-0003060/affine_Composite.h5[3] (type = AffineTransform)
=============================================================================
  number of levels = 4
  fixed image: /templateflow/tpl-MNI152NLin2009cAsym/tpl-MNI152NLin2009cAsym_res-01_desc-brain_T1w.nii.gz
  moving image: /project/rrg-glatard/mdugre/datasets/corr/RawDataBIDS/BMB_1/derivatives/antsBrainExtraction/sub-0003060/BrainExtractionBrain.nii.gz
Dimension = 3
Number of stages = 1
Use histogram matching = false
Winsorize image intensities = true
  Lower quantile = 0.005
  Upper quantile = 0.995


Stage 1 State
   Image metric = CC
     Fixed image = Image (0x35dc810)
  RTTI typeinfo:   itk::Image<double, 3u>
  Reference Count: 2
  Modified Time: 1606
  Debug: Off
  Object Name: 
  Observers: 
    none
  Source: (none)
  Source output name: (none)
  Release Data: Off
  Data Released: False
  Global Release Data: Off
  PipelineMTime: 0
  UpdateMTime: 1217
  RealTimeStamp: 0 seconds 
  LargestPossibleRegion: 
    Dimension: 3
    Index: [0, 0, 0]
    Size: [193, 229, 193]
  BufferedRegion: 
    Dimension: 3
    Index: [0, 0, 0]
    Size: [193, 229, 193]
  RequestedRegion: 
    Dimension: 3
    Index: [0, 0, 0]
    Size: [193, 229, 193]
  Spacing: [1, 1, 1]
  Origin: [96, 132, -78]
  Direction: 
-1 0 0
0 -1 0
0 0 1

  IndexToPointMatrix: 
-1 0 0
0 -1 0
0 0 1

  PointToIndexMatrix: 
-1 0 0
0 -1 0
0 0 1

  Inverse Direction: 
-1 0 0
0 -1 0
0 0 1

  PixelContainer: 
    ImportImageContainer (0x36b25f0)
      RTTI typeinfo:   itk::ImportImageContainer<unsigned long, double>
      Reference Count: 1
      Modified Time: 1214
      Debug: Off
      Object Name: 
      Observers: 
        none
      Pointer: 0x14de3e7bc010
      Container manages memory: true
      Size: 8530021
      Capacity: 8530021

     Moving image = Image (0x36b4280)
  RTTI typeinfo:   itk::Image<double, 3u>
  Reference Count: 2
  Modified Time: 1607
  Debug: Off
  Object Name: 
  Observers: 
    none
  Source: (none)
  Source output name: (none)
  Release Data: Off
  Data Released: False
  Global Release Data: Off
  PipelineMTime: 0
  UpdateMTime: 1604
  RealTimeStamp: 0 seconds 
  LargestPossibleRegion: 
    Dimension: 3
    Index: [0, 0, 0]
    Size: [176, 256, 256]
  BufferedRegion: 
    Dimension: 3
    Index: [0, 0, 0]
    Size: [176, 256, 256]
  RequestedRegion: 
    Dimension: 3
    Index: [0, 0, 0]
    Size: [176, 256, 256]
  Spacing: [1, 1, 1]
  Origin: [-84.6529, 101.382, -128.883]
  Direction: 
1 0 0
0 -1 0
0 0 1

  IndexToPointMatrix: 
1 0 0
0 -1 0
0 0 1

  PointToIndexMatrix: 
1 0 0
0 -1 0
0 0 1

  Inverse Direction: 
1 0 0
0 -1 0
0 0 1

  PixelContainer: 
    ImportImageContainer (0x3774e50)
      RTTI typeinfo:   itk::ImportImageContainer<unsigned long, double>
      Reference Count: 1
      Modified Time: 1601
      Debug: Off
      Object Name: 
      Observers: 
        none
      Pointer: 0x14de38fbb010
      Container manages memory: true
      Size: 11534336
      Capacity: 11534336

     Weighting = 1
     Sampling strategy = none
     Number of bins = 32
     Radius = 4
     Sampling percentage  = 1
   Transform = SyN
     Gradient step = 0.1
     Update field sigma (voxel space) = 3
     Total field sigma (voxel space) = 0
     Update field time sigma = 0
     Total field time sigma  = 0
     Number of time indices = 0
     Number of time point samples = 0
Registration using 1 total stages.

Stage 0
  iterations = 100x70x50x20
  convergence threshold = 1e-06
  convergence window size = 10
  number of levels = 4
  using the CC metric (radius = 4, weight = 1, use gradient filter = 0)
  preprocessing:  winsorizing the image intensities
  Shrink factors (level 1 out of 4): [8, 8, 8]
  Shrink factors (level 2 out of 4): [4, 4, 4]
  Shrink factors (level 3 out of 4): [2, 2, 2]
  Shrink factors (level 4 out of 4): [1, 1, 1]
  smoothing sigmas per level: [3, 2, 1, 0]
  Using default NONE metricSamplingStrategy 

*** Running SyN registration (varianceForUpdateField = 3, varianceForTotalField = 0) ***

XXDIAGNOSTIC,Iteration,metricValue,convergenceValue,ITERATION_TIME_INDEX,SINCE_LAST
 1DIAGNOSTIC,     1, -9.325075295922e-01, 1.797693134862e+308, 1.6717e+00, 1.6717e+00, 
 1DIAGNOSTIC,     2, -9.410975803066e-01, 1.797693134862e+308, 2.0639e+00, 3.9218e-01, 
 1DIAGNOSTIC,     3, -9.468154048458e-01, 1.797693134862e+308, 2.4550e+00, 3.9114e-01, 
 1DIAGNOSTIC,     4, -9.496218224297e-01, 1.797693134862e+308, 2.8085e+00, 3.5344e-01, 
 1DIAGNOSTIC,     5, -9.521828375410e-01, 1.797693134862e+308, 3.1907e+00, 3.8223e-01, 
 1DIAGNOSTIC,     6, -9.544873669255e-01, 1.797693134862e+308, 3.5763e+00, 3.8553e-01, 
 1DIAGNOSTIC,     7, -9.566906292096e-01, 1.797693134862e+308, 3.9116e+00, 3.3530e-01, 
 1DIAGNOSTIC,     8, -9.588753338986e-01, 1.797693134862e+308, 4.2769e+00, 3.6535e-01, 
 1DIAGNOSTIC,     9, -9.610731469990e-01, 1.797693134862e+308, 4.6557e+00, 3.7877e-01, 
 1DIAGNOSTIC,    10, -9.631773114519e-01, 1.803095771843e-03, 5.0310e+00, 3.7536e-01, 
 1DIAGNOSTIC,    11, -9.650145840630e-01, 1.351595265624e-03, 5.3653e+00, 3.3432e-01, 
 1DIAGNOSTIC,    12, -9.666757365843e-01, 1.106470124218e-03, 5.7488e+00, 3.8351e-01, 
 1DIAGNOSTIC,    13, -9.681428743870e-01, 9.630315915933e-04, 6.0829e+00, 3.3404e-01, 
 1DIAGNOSTIC,    14, -9.693493193204e-01, 8.371501711827e-04, 6.4382e+00, 3.5536e-01, 
 1DIAGNOSTIC,    15, -9.703529943331e-01, 7.217698397412e-04, 6.8048e+00, 3.6655e-01, 
 1DIAGNOSTIC,    16, -9.711828642050e-01, 6.124807458117e-04, 7.2053e+00, 4.0046e-01, 
 1DIAGNOSTIC,    17, -9.718894247507e-01, 5.101823537613e-04, 7.5545e+00, 3.4925e-01, 
 1DIAGNOSTIC,    18, -9.724494703475e-01, 4.170200005032e-04, 7.9389e+00, 3.8441e-01, 
 1DIAGNOSTIC,    19, -9.729935097475e-01, 3.375002049831e-04, 8.3369e+00, 3.9795e-01, 
 1DIAGNOSTIC,    20, -9.733566372206e-01, 2.708796948978e-04, 8.7261e+00, 3.8920e-01, 
 1DIAGNOSTIC,    21, -9.737668053335e-01, 2.168857825014e-04, 9.1186e+00, 3.9257e-01, 
 1DIAGNOSTIC,    22, -9.738934362627e-01, 1.714099865911e-04, 9.5316e+00, 4.1300e-01, 
 1DIAGNOSTIC,    23, -9.742633942903e-01, 1.374198863264e-04, 9.9588e+00, 4.2712e-01, 
 1DIAGNOSTIC,    24, -9.740870584496e-01, 1.059443054610e-04, 1.0346e+01, 3.8749e-01, 
 1DIAGNOSTIC,    25, -9.742867368042e-01, 8.134294924470e-05, 1.0718e+01, 3.7147e-01, 
 1DIAGNOSTIC,    26, -9.741322751398e-01, 5.861520490599e-05, 1.1108e+01, 3.9004e-01, 
 1DIAGNOSTIC,    27, -9.743948251556e-01, 4.271237511095e-05, 1.1507e+01, 3.9896e-01, 
 1DIAGNOSTIC,    28, -9.742276177380e-01, 2.799989409772e-05, 1.1859e+01, 3.5217e-01, 
 1DIAGNOSTIC,    29, -9.744620202607e-01, 1.971096524328e-05, 1.2192e+01, 3.3316e-01, 
 1DIAGNOSTIC,    30, -9.742983574527e-01, 1.207343743113e-05, 1.2525e+01, 3.3270e-01, 
 1DIAGNOSTIC,    31, -9.745659786263e-01, 1.036107733381e-05, 1.2869e+01, 3.4416e-01, 
 1DIAGNOSTIC,    32, -9.744034078355e-01, 7.372798351904e-06, 1.3205e+01, 3.3576e-01, 
 1DIAGNOSTIC,    33, -9.746133503327e-01, 9.231248907157e-06, 1.3538e+01, 3.3373e-01, 
 1DIAGNOSTIC,    34, -9.744337675604e-01, 7.033926768436e-06, 1.3870e+01, 3.3115e-01, 
 1DIAGNOSTIC,    35, -9.746875432547e-01, 8.284049976225e-06, 1.4207e+01, 3.3790e-01, 
 1DIAGNOSTIC,    36, -9.745190271596e-01, 6.004015520766e-06, 1.4551e+01, 3.4399e-01, 
 1DIAGNOSTIC,    37, -9.747169753571e-01, 7.105378339336e-06, 1.4884e+01, 3.3290e-01, 
 1DIAGNOSTIC,    38, -9.745301367348e-01, 4.738370585979e-06, 1.5237e+01, 3.5235e-01, 
 1DIAGNOSTIC,    39, -9.747709215930e-01, 5.788639084778e-06, 1.5571e+01, 3.3439e-01, 
 1DIAGNOSTIC,    40, -9.746024217844e-01, 3.762647599950e-06, 1.5928e+01, 3.5726e-01, 
 1DIAGNOSTIC,    41, -9.748220410574e-01, 5.115572844681e-06, 1.6264e+01, 3.3542e-01, 
 1DIAGNOSTIC,    42, -9.746399300863e-01, 3.507387555272e-06, 1.6599e+01, 3.3500e-01, 
 1DIAGNOSTIC,    43, -9.748622424816e-01, 4.745657108850e-06, 1.6932e+01, 3.3287e-01, 
 1DIAGNOSTIC,    44, -9.746838625279e-01, 3.065121655127e-06, 1.7269e+01, 3.3783e-01, 
 1DIAGNOSTIC,    45, -9.748677969396e-01, 4.156594921621e-06, 1.7659e+01, 3.8948e-01, 
 1DIAGNOSTIC,    46, -9.746777536237e-01, 2.518641477812e-06, 1.8044e+01, 3.8494e-01, 
 1DIAGNOSTIC,    47, -9.749043498014e-01, 3.499265048067e-06, 1.8433e+01, 3.8874e-01, 
 1DIAGNOSTIC,    48, -9.747326598132e-01, 1.895166298962e-06, 1.8779e+01, 3.4679e-01, 
 1DIAGNOSTIC,    49, -9.749367284230e-01, 2.965147165503e-06, 1.9133e+01, 3.5349e-01, 
 1DIAGNOSTIC,    50, -9.747502952348e-01, 1.625311791233e-06, 1.9488e+01, 3.5497e-01, 
 1DIAGNOSTIC,    51, -9.749571065530e-01, 2.762690924460e-06, 1.9820e+01, 3.3184e-01, 
 1DIAGNOSTIC,    52, -9.747777846250e-01, 1.540987724650e-06, 2.0212e+01, 3.9211e-01, 
 1DIAGNOSTIC,    53, -9.750089465669e-01, 2.841055505947e-06, 2.0599e+01, 3.8747e-01, 
 1DIAGNOSTIC,    54, -9.747861897269e-01, 1.638632806583e-06, 2.0990e+01, 3.9091e-01, 
 1DIAGNOSTIC,    55, -9.750172205349e-01, 2.661595874722e-06, 2.1381e+01, 3.9055e-01, 
 1DIAGNOSTIC,    56, -9.748512495119e-01, 1.517379814214e-06, 2.1800e+01, 4.1900e-01, 
 1DIAGNOSTIC,    57, -9.750217680735e-01, 2.413758726311e-06, 2.2192e+01, 3.9245e-01, 
 1DIAGNOSTIC,    58, -9.748535727842e-01, 1.332152431154e-06, 2.2528e+01, 3.3552e-01, 
 1DIAGNOSTIC,    59, -9.750215197855e-01, 2.114903358601e-06, 2.2925e+01, 3.9767e-01, 
 1DIAGNOSTIC,    60, -9.748545764762e-01, 9.418442712475e-07, 2.3309e+01, 3.8407e-01, 
XXDIAGNOSTIC,Iteration,metricValue,convergenceValue,ITERATION_TIME_INDEX,SINCE_LAST
 1DIAGNOSTIC,     1, -9.150074069133e-01, 1.797693134862e+308, 2.7997e+01, 4.6875e+00, 
 1DIAGNOSTIC,     2, -9.177753753983e-01, 1.797693134862e+308, 3.1238e+01, 3.2412e+00, 
 1DIAGNOSTIC,     3, -9.205927327106e-01, 1.797693134862e+308, 3.4134e+01, 2.8961e+00, 
 1DIAGNOSTIC,     4, -9.236906870383e-01, 1.797693134862e+308, 3.7055e+01, 2.9212e+00, 
 1DIAGNOSTIC,     5, -9.264455518517e-01, 1.797693134862e+308, 4.0316e+01, 3.2604e+00, 
 1DIAGNOSTIC,     6, -9.289635204831e-01, 1.797693134862e+308, 4.3613e+01, 3.2973e+00, 
 1DIAGNOSTIC,     7, -9.313797376377e-01, 1.797693134862e+308, 4.6520e+01, 2.9064e+00, 
 1DIAGNOSTIC,     8, -9.334189430944e-01, 1.797693134862e+308, 4.9406e+01, 2.8863e+00, 
 1DIAGNOSTIC,     9, -9.351860289397e-01, 1.797693134862e+308, 5.2289e+01, 2.8830e+00, 
 1DIAGNOSTIC,    10, -9.367209666175e-01, 1.534271174610e-03, 5.5175e+01, 2.8857e+00, 
 1DIAGNOSTIC,    11, -9.381101214930e-01, 1.287894471999e-03, 5.8675e+01, 3.5003e+00, 
 1DIAGNOSTIC,    12, -9.393576390604e-01, 1.068911212189e-03, 6.2174e+01, 3.4995e+00, 
 1DIAGNOSTIC,    13, -9.402753257729e-01, 8.741661377297e-04, 6.5497e+01, 3.3223e+00, 
 1DIAGNOSTIC,    14, -9.410837128030e-01, 7.127054004146e-04, 6.8395e+01, 2.8984e+00, 
 1DIAGNOSTIC,    15, -9.417063265499e-01, 5.760829482433e-04, 7.1894e+01, 3.4988e+00, 
 1DIAGNOSTIC,    16, -9.422592315113e-01, 4.618175563085e-04, 7.4808e+01, 2.9143e+00, 
 1DIAGNOSTIC,    17, -9.427554401935e-01, 3.703654032802e-04, 7.7722e+01, 2.9135e+00, 
 1DIAGNOSTIC,    18, -9.432025249626e-01, 2.967090310473e-04, 8.0679e+01, 2.9575e+00, 
 1DIAGNOSTIC,    19, -9.436047991232e-01, 2.379304308539e-04, 8.4143e+01, 3.4643e+00, 
 1DIAGNOSTIC,    20, -9.439702006999e-01, 1.916915563433e-04, 8.7167e+01, 3.0236e+00, 
 1DIAGNOSTIC,    21, -9.442984998573e-01, 1.567260388160e-04, 9.0532e+01, 3.3646e+00, 
 1DIAGNOSTIC,    22, -9.446003088869e-01, 1.316520716967e-04, 9.3439e+01, 2.9077e+00, 
 1DIAGNOSTIC,    23, -9.448784070975e-01, 1.121799540796e-04, 9.6331e+01, 2.8912e+00, 
 1DIAGNOSTIC,    24, -9.451321950022e-01, 9.725184447532e-05, 9.9229e+01, 2.8988e+00, 
 1DIAGNOSTIC,    25, -9.453674858372e-01, 8.481347748836e-05, 1.0216e+02, 2.9264e+00, 
 1DIAGNOSTIC,    26, -9.455835127545e-01, 7.434919096790e-05, 1.0507e+02, 2.9130e+00, 
 1DIAGNOSTIC,    27, -9.457837239741e-01, 6.550854333447e-05, 1.0797e+02, 2.9056e+00, 
 1DIAGNOSTIC,    28, -9.459674514390e-01, 5.798547122547e-05, 1.1135e+02, 3.3759e+00, 
 1DIAGNOSTIC,    29, -9.461349760567e-01, 5.149982631213e-05, 1.1453e+02, 3.1816e+00, 
 1DIAGNOSTIC,    30, -9.462872669167e-01, 4.585170595064e-05, 1.1817e+02, 3.6382e+00, 
 1DIAGNOSTIC,    31, -9.464367495734e-01, 4.094501741052e-05, 1.2108e+02, 2.9054e+00, 
 1DIAGNOSTIC,    32, -9.465790532722e-01, 3.671575298369e-05, 1.2397e+02, 2.8993e+00, 
 1DIAGNOSTIC,    33, -9.467167378474e-01, 3.312507941866e-05, 1.2708e+02, 3.1035e+00, 
 1DIAGNOSTIC,    34, -9.468399051006e-01, 3.000878135032e-05, 1.3062e+02, 3.5374e+00, 
 1DIAGNOSTIC,    35, -9.469605874270e-01, 2.735297000526e-05, 1.3409e+02, 3.4741e+00, 
 1DIAGNOSTIC,    36, -9.470711342000e-01, 2.504179323399e-05, 1.3760e+02, 3.5110e+00, 
 1DIAGNOSTIC,    37, -9.471777915193e-01, 2.303471343562e-05, 1.4124e+02, 3.6429e+00, 
 1DIAGNOSTIC,    38, -9.472729729990e-01, 2.121396433333e-05, 1.4448e+02, 3.2352e+00, 
 1DIAGNOSTIC,    39, -9.473679856860e-01, 1.955870995308e-05, 1.4776e+02, 3.2785e+00, 
 1DIAGNOSTIC,    40, -9.474506051580e-01, 1.795217712474e-05, 1.5117e+02, 3.4077e+00, 
 1DIAGNOSTIC,    41, -9.475337638286e-01, 1.648235389828e-05, 1.5432e+02, 3.1561e+00, 
 1DIAGNOSTIC,    42, -9.476085161526e-01, 1.512475753949e-05, 1.5766e+02, 3.3343e+00, 
 1DIAGNOSTIC,    43, -9.476544736911e-01, 1.373202427399e-05, 1.6061e+02, 2.9565e+00, 
 1DIAGNOSTIC,    44, -9.473400942318e-01, 9.837509501585e-06, 1.6354e+02, 2.9322e+00, 
 1DIAGNOSTIC,    45, -9.474581895840e-01, 6.904777579180e-06, 1.6706e+02, 3.5119e+00, 
 1DIAGNOSTIC,    46, -9.472171970245e-01, 2.594071546413e-06, 1.6995e+02, 2.8960e+00, 
 1DIAGNOSTIC,    47, -9.473272613634e-01, -3.137684352061e-07, 1.7287e+02, 2.9138e+00, 
XXDIAGNOSTIC,Iteration,metricValue,convergenceValue,ITERATION_TIME_INDEX,SINCE_LAST
 1DIAGNOSTIC,     1, -9.001368189897e-01, 1.797693134862e+308, 1.9901e+02, 2.6140e+01, 
 1DIAGNOSTIC,     2, -9.023134191049e-01, 1.797693134862e+308, 2.2476e+02, 2.5750e+01, 
 1DIAGNOSTIC,     3, -9.048944194298e-01, 1.797693134862e+308, 2.4846e+02, 2.3699e+01, 
 1DIAGNOSTIC,     4, -9.072167470351e-01, 1.797693134862e+308, 2.7484e+02, 2.6380e+01, 
 1DIAGNOSTIC,     5, -9.092783347614e-01, 1.797693134862e+308, 2.9979e+02, 2.4957e+01, 
 1DIAGNOSTIC,     6, -9.111376578045e-01, 1.797693134862e+308, 3.2474e+02, 2.4949e+01, 
 1DIAGNOSTIC,     7, -9.128546594857e-01, 1.797693134862e+308, 3.4838e+02, 2.3641e+01, 
 1DIAGNOSTIC,     8, -9.144570037737e-01, 1.797693134862e+308, 3.7281e+02, 2.4427e+01, 
 1DIAGNOSTIC,     9, -9.159587492652e-01, 1.797693134862e+308, 3.9932e+02, 2.6509e+01, 
 1DIAGNOSTIC,    10, -9.173787284650e-01, 1.216053415193e-03, 4.2373e+02, 2.4407e+01, 
 1DIAGNOSTIC,    11, -9.186967791971e-01, 1.028246234331e-03, 4.4857e+02, 2.4842e+01, 
 1DIAGNOSTIC,    12, -9.196416551371e-01, 8.598928610899e-04, 4.7470e+02, 2.6134e+01, 
 1DIAGNOSTIC,    13, -9.206552297801e-01, 7.255168192270e-04, 4.9908e+02, 2.4377e+01, 
 1DIAGNOSTIC,    14, -9.213510757991e-01, 6.110673898776e-04, 5.2318e+02, 2.4098e+01, 
 1DIAGNOSTIC,    15, -9.220981471048e-01, 5.140301740346e-04, 5.4814e+02, 2.4962e+01, 
 1DIAGNOSTIC,    16, -9.225569647950e-01, 4.267286626420e-04, 5.7238e+02, 2.4241e+01, 
 1DIAGNOSTIC,    17, -9.231036663577e-01, 3.516860598904e-04, 5.9666e+02, 2.4285e+01, 
 1DIAGNOSTIC,    18, -9.234197223094e-01, 2.854218224205e-04, 6.2065e+02, 2.3982e+01, 
 1DIAGNOSTIC,    19, -9.238680949940e-01, 2.314158517692e-04, 6.4679e+02, 2.6142e+01, 
 1DIAGNOSTIC,    20, -9.241232898622e-01, 1.870958625912e-04, 6.7253e+02, 2.5745e+01, 
 1DIAGNOSTIC,    21, -9.243786373144e-01, 1.528115778989e-04, 6.9897e+02, 2.6433e+01, 
 1DIAGNOSTIC,    22, -9.246416998169e-01, 1.243279863804e-04, 7.2316e+02, 2.4190e+01, 
 1DIAGNOSTIC,    23, -9.249202258136e-01, 1.040895617427e-04, 7.4737e+02, 2.4219e+01, 
 1DIAGNOSTIC,    24, -9.252151879503e-01, 8.849547316738e-05, 7.7156e+02, 2.4189e+01, 
 1DIAGNOSTIC,    25, -9.255221456550e-01, 7.892196221519e-05, 7.9762e+02, 2.6061e+01, 
 1DIAGNOSTIC,    26, -9.258447351705e-01, 7.195887581384e-05, 8.2295e+02, 2.5326e+01, 
 1DIAGNOSTIC,    27, -9.261855668573e-01, 6.895342219597e-05, 8.4714e+02, 2.4191e+01, 
 1DIAGNOSTIC,    28, -9.265382482841e-01, 6.701710906869e-05, 8.7361e+02, 2.6474e+01, 
 1DIAGNOSTIC,    29, -9.268912960950e-01, 6.745990260633e-05, 8.9945e+02, 2.5839e+01, 
 1DIAGNOSTIC,    30, -9.272452134110e-01, 6.780201634681e-05, 9.2396e+02, 2.4511e+01, 
 1DIAGNOSTIC,    31, -9.275901747853e-01, 6.771876365736e-05, 9.5141e+02, 2.7449e+01, 
 1DIAGNOSTIC,    32, -9.279256578054e-01, 6.703042607403e-05, 9.7711e+02, 2.5695e+01, 
 1DIAGNOSTIC,    33, -9.282564899122e-01, 6.575504902834e-05, 1.0021e+03, 2.4943e+01, 
 1DIAGNOSTIC,    34, -9.285874798174e-01, 6.402186124672e-05, 1.0263e+03, 2.4226e+01, 
 1DIAGNOSTIC,    35, -9.289193698369e-01, 6.196150088633e-05, 1.0503e+03, 2.3994e+01, 
 1DIAGNOSTIC,    36, -9.292309883927e-01, 5.957970383212e-05, 1.0758e+03, 2.5560e+01, 
 1DIAGNOSTIC,    37, -9.295039887442e-01, 5.679833675155e-05, 1.1032e+03, 2.7409e+01, 
 1DIAGNOSTIC,    38, -9.297442248654e-01, 5.359647675940e-05, 1.1303e+03, 2.7071e+01, 
 1DIAGNOSTIC,    39, -9.299592365889e-01, 4.997054418939e-05, 1.1549e+03, 2.4547e+01, 
 1DIAGNOSTIC,    40, -9.301511930859e-01, 4.599381372578e-05, 1.1813e+03, 2.6482e+01, 
 1DIAGNOSTIC,    41, -9.303149893350e-01, 4.167623131191e-05, 1.2084e+03, 2.7090e+01, 
 1DIAGNOSTIC,    42, -9.304554919210e-01, 3.711422562939e-05, 1.2325e+03, 2.4071e+01, 
 1DIAGNOSTIC,    43, -9.305762687351e-01, 3.249348607940e-05, 1.2582e+03, 2.5657e+01, 
 1DIAGNOSTIC,    44, -9.306824232274e-01, 2.807211582631e-05, 1.2850e+03, 2.6852e+01, 
 1DIAGNOSTIC,    45, -9.307743707953e-01, 2.409700216168e-05, 1.3112e+03, 2.6211e+01, 
 1DIAGNOSTIC,    46, -9.308611059357e-01, 2.069402980616e-05, 1.3352e+03, 2.3945e+01, 
 1DIAGNOSTIC,    47, -9.309373287912e-01, 1.778337714657e-05, 1.3592e+03, 2.4069e+01, 
 1DIAGNOSTIC,    48, -9.310067402581e-01, 1.531937758129e-05, 1.3870e+03, 2.7744e+01, 
 1DIAGNOSTIC,    49, -9.310759100099e-01, 1.331662163056e-05, 1.4117e+03, 2.4697e+01, 
 1DIAGNOSTIC,    50, -9.311399908413e-01, 1.173738413119e-05, 1.4373e+03, 2.5639e+01, 
XXDIAGNOSTIC,Iteration,metricValue,convergenceValue,ITERATION_TIME_INDEX,SINCE_LAST
 1DIAGNOSTIC,     1, -8.852431907925e-01, 1.797693134862e+308, 1.6642e+03, 2.2684e+02, 
 1DIAGNOSTIC,     2, -8.862201966351e-01, 1.797693134862e+308, 1.8875e+03, 2.2333e+02, 
 1DIAGNOSTIC,     3, -8.876397000818e-01, 1.797693134862e+308, 2.1105e+03, 2.2296e+02, 
 1DIAGNOSTIC,     4, -8.888943598528e-01, 1.797693134862e+308, 2.3332e+03, 2.2278e+02, 
 1DIAGNOSTIC,     5, -8.901536388718e-01, 1.797693134862e+308, 2.5549e+03, 2.2163e+02, 
 1DIAGNOSTIC,     6, -8.914227273385e-01, 1.797693134862e+308, 2.7770e+03, 2.2218e+02, 
 1DIAGNOSTIC,     7, -8.926606115509e-01, 1.797693134862e+308, 2.9992e+03, 2.2211e+02, 
 1DIAGNOSTIC,     8, -8.938961482534e-01, 1.797693134862e+308, 3.2207e+03, 2.2160e+02, 
 1DIAGNOSTIC,     9, -8.951279983030e-01, 1.797693134862e+308, 3.4417e+03, 2.2098e+02, 
 1DIAGNOSTIC,    10, -8.963273452393e-01, 8.080765343660e-04, 3.6636e+03, 2.2185e+02, 
 1DIAGNOSTIC,    11, -8.973917423430e-01, 7.301460653678e-04, 3.8863e+03, 2.2272e+02, 
 1DIAGNOSTIC,    12, -8.984955081082e-01, 6.544718274569e-04, 4.1103e+03, 2.2401e+02, 
 1DIAGNOSTIC,    13, -8.994093921951e-01, 5.880917627092e-04, 4.3344e+03, 2.2412e+02, 
 1DIAGNOSTIC,    14, -9.002836497146e-01, 5.258659757082e-04, 4.5588e+03, 2.2437e+02, 
 1DIAGNOSTIC,    15, -9.009973452738e-01, 4.654800738920e-04, 4.7838e+03, 2.2501e+02, 
 1DIAGNOSTIC,    16, -9.017598530073e-01, 4.101345554384e-04, 5.0083e+03, 2.2452e+02, 
 1DIAGNOSTIC,    17, -9.025030756463e-01, 3.603176283178e-04, 5.2300e+03, 2.2170e+02, 
 1DIAGNOSTIC,    18, -9.030948934078e-01, 3.147371928395e-04, 5.4524e+03, 2.2232e+02, 
 1DIAGNOSTIC,    19, -9.037865768281e-01, 2.767934576949e-04, 5.6767e+03, 2.2431e+02, 
 1DIAGNOSTIC,    20, -9.043049569491e-01, 2.440282475546e-04, 5.9028e+03, 2.2610e+02, 
  Elapsed time (stage 0): 5904.66


Total elapsed time: 5904.66
