
##########################
# Experiment information #
##########################
SIF_IMG: /project/rrg-glatard/mdugre/containers/ants-p2-vprec.sif
EXPERIMENT_NAME: vprec-space_search
CONFIG: 0100
VFC_BACKENDS: libinterflop_vprec.so --range-binary32=8 --precision-binary32=11 --range-binary64=8 --precision-binary64=11

FIXED_IMG: /templateflow/tpl-MNI152NLin2009cAsym/tpl-MNI152NLin2009cAsym_res-01_desc-brain_T1w.nii.gz
SUBJECT_ID: 0003054
INPUT_IMG: /project/rrg-glatard/mdugre/datasets/corr/RawDataBIDS/BMB_1/derivatives/antsBrainExtraction/sub-0003054/BrainExtractionBrain.nii.gz
OUTPUT_DIR: /project/rrg-glatard/mdugre/datasets/corr/RawDataBIDS/BMB_1/derivatives/vprec-space_search/0100/r8-p11/sub-0003054

ITK_GLOBAL_DEFAULT_NUMBER_OF_THREADS: 8
##########################

VFC_BACKENDS=libinterflop_ieee.so
Info [verificarlo]: loaded backend libinterflop_ieee.so
Info [interflop-ieee]: load backend with:
Info [interflop-ieee]: debug = false
Info [interflop-ieee]: debug-binary = false
Info [interflop-ieee]: no-backend-name = false
Info [interflop-ieee]: print-new-line = false
Info [interflop-ieee]: print-subnormal-normalized = false
Info [interflop-ieee]: count-op = false
All_Command_lines_OK
Using double precision for computations.
=============================================================================
The composite transform comprises the following transforms (in order): 
  1. Center of mass alignment using fixed image: /templateflow/tpl-MNI152NLin2009cAsym/tpl-MNI152NLin2009cAsym_res-01_desc-brain_T1w.nii.gz and moving image: /project/rrg-glatard/mdugre/datasets/corr/RawDataBIDS/BMB_1/derivatives/antsBrainExtraction/sub-0003054/BrainExtractionBrain.nii.gz (type = Euler3DTransform)
=============================================================================
  number of levels = 1
  fixed image: /templateflow/tpl-MNI152NLin2009cAsym/tpl-MNI152NLin2009cAsym_res-01_desc-brain_T1w.nii.gz
  moving image: /project/rrg-glatard/mdugre/datasets/corr/RawDataBIDS/BMB_1/derivatives/antsBrainExtraction/sub-0003054/BrainExtractionBrain.nii.gz
Dimension = 3
Number of stages = 1
Use histogram matching = false
Winsorize image intensities = true
  Lower quantile = 0.005
  Upper quantile = 0.995


Stage 1 State
   Image metric = MattesMI
     Fixed image = Image (0x4516390)
  RTTI typeinfo:   itk::Image<double, 3u>
  Reference Count: 2
  Modified Time: 2330
  Debug: Off
  Object Name: 
  Observers: 
    none
  Source: (none)
  Source output name: (none)
  Release Data: Off
  Data Released: False
  Global Release Data: Off
  PipelineMTime: 0
  UpdateMTime: 1941
  RealTimeStamp: 0 seconds 
  LargestPossibleRegion: 
    Dimension: 3
    Index: [0, 0, 0]
    Size: [193, 229, 193]
  BufferedRegion: 
    Dimension: 3
    Index: [0, 0, 0]
    Size: [193, 229, 193]
  RequestedRegion: 
    Dimension: 3
    Index: [0, 0, 0]
    Size: [193, 229, 193]
  Spacing: [1, 1, 1]
  Origin: [96, 132, -78]
  Direction: 
-1 0 0
0 -1 0
0 0 1

  IndexToPointMatrix: 
-1 0 0
0 -1 0
0 0 1

  PointToIndexMatrix: 
-1 0 0
0 -1 0
0 0 1

  Inverse Direction: 
-1 0 0
0 -1 0
0 0 1

  PixelContainer: 
    ImportImageContainer (0x45e1a90)
      RTTI typeinfo:   itk::ImportImageContainer<unsigned long, double>
      Reference Count: 1
      Modified Time: 1938
      Debug: Off
      Object Name: 
      Observers: 
        none
      Pointer: 0x153a1f251010
      Container manages memory: true
      Size: 8530021
      Capacity: 8530021

     Moving image = Image (0x451b390)
  RTTI typeinfo:   itk::Image<double, 3u>
  Reference Count: 2
  Modified Time: 2331
  Debug: Off
  Object Name: 
  Observers: 
    none
  Source: (none)
  Source output name: (none)
  Release Data: Off
  Data Released: False
  Global Release Data: Off
  PipelineMTime: 0
  UpdateMTime: 2328
  RealTimeStamp: 0 seconds 
  LargestPossibleRegion: 
    Dimension: 3
    Index: [0, 0, 0]
    Size: [176, 256, 256]
  BufferedRegion: 
    Dimension: 3
    Index: [0, 0, 0]
    Size: [176, 256, 256]
  RequestedRegion: 
    Dimension: 3
    Index: [0, 0, 0]
    Size: [176, 256, 256]
  Spacing: [1, 1, 1]
  Origin: [-92.285, 99.2892, -131.201]
  Direction: 
1 0 0
0 -1 0
0 0 1

  IndexToPointMatrix: 
1 0 0
0 -1 0
0 0 1

  PointToIndexMatrix: 
1 0 0
0 -1 0
0 0 1

  Inverse Direction: 
1 0 0
0 -1 0
0 0 1

  PixelContainer: 
    ImportImageContainer (0x46c1b90)
      RTTI typeinfo:   itk::ImportImageContainer<unsigned long, double>
      Reference Count: 1
      Modified Time: 2325
      Debug: Off
      Object Name: 
      Observers: 
        none
      Pointer: 0x153a19a50010
      Container manages memory: true
      Size: 11534336
      Capacity: 11534336

     Weighting = 1
     Sampling strategy = regular
     Number of bins = 32
     Radius = 4
     Sampling percentage  = 0.25
   Transform = Rigid
     Gradient step = 0.1
     Update field sigma (voxel space) = 0
     Total field sigma (voxel space) = 0
     Update field time sigma = 0
     Total field time sigma  = 0
     Number of time indices = 0
     Number of time point samples = 0
Registration using 1 total stages.

Stage 0
  iterations = 0
  convergence threshold = 1e-06
  convergence window size = 10
  number of levels = 1
  using the Mattes MI metric (number of bins = 32, weight = 1, use gradient filter = 0)
  preprocessing:  winsorizing the image intensities
  Shrink factors (level 1 out of 1): [1, 1, 1]
  smoothing sigmas per level: [0]
  regular sampling (percentage = 0.25)

*** Running Euler3DTransform registration ***

  Elapsed time (stage 0): 0.931753


Total elapsed time: 0.933166
VFC_BACKENDS=libinterflop_vprec.so --range-binary32=8 --precision-binary32=11 --range-binary64=8 --precision-binary64=11
Info [verificarlo]: loaded backend libinterflop_vprec.so
Info [interflop-vprec]: load backend with: 
Info [interflop-vprec]: precision-binary32 = 11
Info [interflop-vprec]: range-binary32 = 8
Info [interflop-vprec]: precision-binary64 = 11
Info [interflop-vprec]: range-binary64 = 8
Info [interflop-vprec]: mode = ob
Info [interflop-vprec]: error-mode = rel
Info [interflop-vprec]: max-abs-error-exponent = -1022
Info [interflop-vprec]: daz = false
Info [interflop-vprec]: ftz = false
Info [interflop-vprec]: 	instrument = none
Info [interflop-vprec]: 	prec-input-file = (null)
Info [interflop-vprec]: 	prec-output-file = (null)
Info [interflop-vprec]: 	prec-log-file = (null)
All_Command_lines_OK
Using double precision for computations.
=============================================================================
The composite transform comprises the following transforms (in order): 
  1. /project/rrg-glatard/mdugre/datasets/corr/RawDataBIDS/BMB_1/derivatives/vprec-space_search/0100/r8-p11/sub-0003054/align_Composite.h5[0] (type = Euler3DTransform)
  2. /project/rrg-glatard/mdugre/datasets/corr/RawDataBIDS/BMB_1/derivatives/vprec-space_search/0100/r8-p11/sub-0003054/align_Composite.h5[1] (type = Euler3DTransform)
=============================================================================
  number of levels = 4
  fixed image: /templateflow/tpl-MNI152NLin2009cAsym/tpl-MNI152NLin2009cAsym_res-01_desc-brain_T1w.nii.gz
  moving image: /project/rrg-glatard/mdugre/datasets/corr/RawDataBIDS/BMB_1/derivatives/antsBrainExtraction/sub-0003054/BrainExtractionBrain.nii.gz
Dimension = 3
Number of stages = 1
Use histogram matching = false
Winsorize image intensities = true
  Lower quantile = 0.005
  Upper quantile = 0.995


Stage 1 State
   Image metric = MattesMI
     Fixed image = Image (0x40c5300)
  RTTI typeinfo:   itk::Image<double, 3u>
  Reference Count: 2
  Modified Time: 1578
  Debug: Off
  Object Name: 
  Observers: 
    none
  Source: (none)
  Source output name: (none)
  Release Data: Off
  Data Released: False
  Global Release Data: Off
  PipelineMTime: 0
  UpdateMTime: 1189
  RealTimeStamp: 0 seconds 
  LargestPossibleRegion: 
    Dimension: 3
    Index: [0, 0, 0]
    Size: [193, 229, 193]
  BufferedRegion: 
    Dimension: 3
    Index: [0, 0, 0]
    Size: [193, 229, 193]
  RequestedRegion: 
    Dimension: 3
    Index: [0, 0, 0]
    Size: [193, 229, 193]
  Spacing: [1, 1, 1]
  Origin: [96, 132, -78]
  Direction: 
-1 0 0
0 -1 0
0 0 1

  IndexToPointMatrix: 
-1 0 0
0 -1 0
0 0 1

  PointToIndexMatrix: 
-1 0 0
0 -1 0
0 0 1

  Inverse Direction: 
-1 0 0
0 -1 0
0 0 1

  PixelContainer: 
    ImportImageContainer (0x41884b0)
      RTTI typeinfo:   itk::ImportImageContainer<unsigned long, double>
      Reference Count: 1
      Modified Time: 1186
      Debug: Off
      Object Name: 
      Observers: 
        none
      Pointer: 0x14c2d021a010
      Container manages memory: true
      Size: 8530021
      Capacity: 8530021

     Moving image = Image (0x41881c0)
  RTTI typeinfo:   itk::Image<double, 3u>
  Reference Count: 2
  Modified Time: 1579
  Debug: Off
  Object Name: 
  Observers: 
    none
  Source: (none)
  Source output name: (none)
  Release Data: Off
  Data Released: False
  Global Release Data: Off
  PipelineMTime: 0
  UpdateMTime: 1576
  RealTimeStamp: 0 seconds 
  LargestPossibleRegion: 
    Dimension: 3
    Index: [0, 0, 0]
    Size: [176, 256, 256]
  BufferedRegion: 
    Dimension: 3
    Index: [0, 0, 0]
    Size: [176, 256, 256]
  RequestedRegion: 
    Dimension: 3
    Index: [0, 0, 0]
    Size: [176, 256, 256]
  Spacing: [1, 1, 1]
  Origin: [-92.2812, 99.2812, -131.188]
  Direction: 
1 0 0
0 -1 0
0 0 1

  IndexToPointMatrix: 
1 0 0
0 -1 0
0 0 1

  PointToIndexMatrix: 
1 0 0
0 -1 0
0 0 1

  Inverse Direction: 
1 0 0
0 -1 0
0 0 1

  PixelContainer: 
    ImportImageContainer (0x424b010)
      RTTI typeinfo:   itk::ImportImageContainer<unsigned long, double>
      Reference Count: 1
      Modified Time: 1573
      Debug: Off
      Object Name: 
      Observers: 
        none
      Pointer: 0x14c2caa19010
      Container manages memory: true
      Size: 11534336
      Capacity: 11534336

     Weighting = 1
     Sampling strategy = regular
     Number of bins = 32
     Radius = 4
     Sampling percentage  = 0.25
   Transform = Rigid
     Gradient step = 0.1
     Update field sigma (voxel space) = 0
     Total field sigma (voxel space) = 0
     Update field time sigma = 0
     Total field time sigma  = 0
     Number of time indices = 0
     Number of time point samples = 0
Registration using 1 total stages.

Stage 0
  iterations = 1000x500x250x100
  convergence threshold = 1e-06
  convergence window size = 10
  number of levels = 4
  using the Mattes MI metric (number of bins = 32, weight = 1, use gradient filter = 0)
  preprocessing:  winsorizing the image intensities
  Shrink factors (level 1 out of 4): [8, 8, 8]
  Shrink factors (level 2 out of 4): [4, 4, 4]
  Shrink factors (level 3 out of 4): [2, 2, 2]
  Shrink factors (level 4 out of 4): [1, 1, 1]
  smoothing sigmas per level: [3, 2, 1, 0]
  regular sampling (percentage = 0.25)

*** Running Euler3DTransform registration ***

DIAGNOSTIC,Iteration,metricValue,convergenceValue,ITERATION_TIME_INDEX,SINCE_LAST
 2DIAGNOSTIC,     1, -5.480721991006e-01, 1.797693134862e+308, 0.0000e+00, 0.0000e+00, 
 2DIAGNOSTIC,     2, -5.483820475516e-01, 1.797693134862e+308, 0.0000e+00, 0.0000e+00, 
 2DIAGNOSTIC,     3, -5.483275501863e-01, 1.797693134862e+308, 0.0000e+00, 0.0000e+00, 
 2DIAGNOSTIC,     4, -5.483374524616e-01, 1.797693134862e+308, 0.0000e+00, 0.0000e+00, 
 2DIAGNOSTIC,     5, -5.483379987820e-01, 1.797693134862e+308, 0.0000e+00, 0.0000e+00, 
 2DIAGNOSTIC,     6, -5.483379738239e-01, 1.797693134862e+308, 0.0000e+00, 0.0000e+00, 
 2DIAGNOSTIC,     7, -5.483379738250e-01, 1.797693134862e+308, 0.0000e+00, 0.0000e+00, 
 2DIAGNOSTIC,     8, -5.483386532021e-01, 1.797693134862e+308, 0.0000e+00, 0.0000e+00, 
 2DIAGNOSTIC,     9, -5.483373968014e-01, 1.797693134862e+308, 0.0000e+00, 0.0000e+00, 
 2DIAGNOSTIC,    10, -5.483373395561e-01, 1.214383716153e-05, 0.0000e+00, 0.0000e+00, 
DIAGNOSTIC,Iteration,metricValue,convergenceValue,ITERATION_TIME_INDEX,SINCE_LAST
 2DIAGNOSTIC,     1, -4.487176148162e-01, 1.797693134862e+308, 0.0000e+00, 0.0000e+00, 
 2DIAGNOSTIC,     2, -4.489798069752e-01, 1.797693134862e+308, 0.0000e+00, 0.0000e+00, 
 2DIAGNOSTIC,     3, -4.492055091912e-01, 1.797693134862e+308, 0.0000e+00, 0.0000e+00, 
 2DIAGNOSTIC,     4, -4.496455756476e-01, 1.797693134862e+308, 0.0000e+00, 0.0000e+00, 
 2DIAGNOSTIC,     5, -4.505298250656e-01, 1.797693134862e+308, 0.0000e+00, 0.0000e+00, 
 2DIAGNOSTIC,     6, -4.516165929091e-01, 1.797693134862e+308, 0.0000e+00, 0.0000e+00, 
 2DIAGNOSTIC,     7, -4.534202442556e-01, 1.797693134862e+308, 0.0000e+00, 0.0000e+00, 
 2DIAGNOSTIC,     8, -4.558931914711e-01, 1.797693134862e+308, 0.0000e+00, 0.0000e+00, 
 2DIAGNOSTIC,     9, -4.570862574002e-01, 1.797693134862e+308, 0.0000e+00, 0.0000e+00, 
 2DIAGNOSTIC,    10, -4.572934492891e-01, 1.401028999657e-03, 0.0000e+00, 0.0000e+00, 
 2DIAGNOSTIC,    11, -4.579037372342e-01, 1.370409133511e-03, 0.0000e+00, 0.0000e+00, 
 2DIAGNOSTIC,    12, -4.578644676889e-01, 1.232480831406e-03, 0.0000e+00, 0.0000e+00, 
 2DIAGNOSTIC,    13, -4.584132585046e-01, 1.040782328319e-03, 0.0000e+00, 0.0000e+00, 
 2DIAGNOSTIC,    14, -4.585913755235e-01, 8.090417700422e-04, 0.0000e+00, 0.0000e+00, 
 2DIAGNOSTIC,    15, -4.586134626500e-01, 5.733920843706e-04, 0.0000e+00, 0.0000e+00, 
 2DIAGNOSTIC,    16, -4.586455138540e-01, 3.585196230331e-04, 0.0000e+00, 0.0000e+00, 
 2DIAGNOSTIC,    17, -4.586368583234e-01, 2.001361273383e-04, 0.0000e+00, 0.0000e+00, 
 2DIAGNOSTIC,    18, -4.585720190064e-01, 1.235110577291e-04, 0.0000e+00, 0.0000e+00, 
 2DIAGNOSTIC,    19, -4.585684679538e-01, 8.259140045418e-05, 0.0000e+00, 0.0000e+00, 
 2DIAGNOSTIC,    20, -4.585569511182e-01, 4.388488399939e-05, 0.0000e+00, 0.0000e+00, 
 2DIAGNOSTIC,    21, -4.585834891884e-01, 2.399882522430e-05, 0.0000e+00, 0.0000e+00, 
 2DIAGNOSTIC,    22, -4.585827878434e-01, 2.165306816737e-06, 0.0000e+00, 0.0000e+00, 
DIAGNOSTIC,Iteration,metricValue,convergenceValue,ITERATION_TIME_INDEX,SINCE_LAST
 2DIAGNOSTIC,     1, -3.964109511628e-01, 1.797693134862e+308, 0.0000e+00, 0.0000e+00, 
 2DIAGNOSTIC,     2, -3.964314526478e-01, 1.797693134862e+308, 0.0000e+00, 0.0000e+00, 
 2DIAGNOSTIC,     3, -3.964313997953e-01, 1.797693134862e+308, 0.0000e+00, 0.0000e+00, 
 2DIAGNOSTIC,     4, -3.964335189318e-01, 1.797693134862e+308, 0.0000e+00, 0.0000e+00, 
 2DIAGNOSTIC,     5, -3.964330029084e-01, 1.797693134862e+308, 0.0000e+00, 0.0000e+00, 
 2DIAGNOSTIC,     6, -3.964327594525e-01, 1.797693134862e+308, 0.0000e+00, 0.0000e+00, 
 2DIAGNOSTIC,     7, -3.965342426096e-01, 1.797693134862e+308, 0.0000e+00, 0.0000e+00, 
 2DIAGNOSTIC,     8, -3.965595629919e-01, 1.797693134862e+308, 0.0000e+00, 0.0000e+00, 
 2DIAGNOSTIC,     9, -3.965604787461e-01, 1.797693134862e+308, 0.0000e+00, 0.0000e+00, 
 2DIAGNOSTIC,    10, -3.965598140582e-01, 2.857398159854e-05, 0.0000e+00, 0.0000e+00, 
 2DIAGNOSTIC,    11, -3.965599044994e-01, 2.643839058504e-05, 0.0000e+00, 0.0000e+00, 
 2DIAGNOSTIC,    12, -3.965569161087e-01, 2.322709270536e-05, 0.0000e+00, 0.0000e+00, 
 2DIAGNOSTIC,    13, -3.965565860966e-01, 1.834791841657e-05, 0.0000e+00, 0.0000e+00, 
 2DIAGNOSTIC,    14, -3.965555634107e-01, 1.263471128744e-05, 0.0000e+00, 0.0000e+00, 
 2DIAGNOSTIC,    15, -3.965552444661e-01, 6.568422298042e-06, 0.0000e+00, 0.0000e+00, 
DIAGNOSTIC,Iteration,metricValue,convergenceValue,ITERATION_TIME_INDEX,SINCE_LAST
 2DIAGNOSTIC,     1, -3.667044316834e-01, 1.797693134862e+308, 0.0000e+00, 0.0000e+00, 
 2DIAGNOSTIC,     2, -3.666730469370e-01, 1.797693134862e+308, 0.0000e+00, 0.0000e+00, 
 2DIAGNOSTIC,     3, -3.666781726829e-01, 1.797693134862e+308, 0.0000e+00, 0.0000e+00, 
 2DIAGNOSTIC,     4, -3.666598631803e-01, 1.797693134862e+308, 0.0000e+00, 0.0000e+00, 
 2DIAGNOSTIC,     5, -3.666594038879e-01, 1.797693134862e+308, 0.0000e+00, 0.0000e+00, 
 2DIAGNOSTIC,     6, -3.666594096255e-01, 1.797693134862e+308, 0.0000e+00, 0.0000e+00, 
 2DIAGNOSTIC,     7, -3.666593350428e-01, 1.797693134862e+308, 0.0000e+00, 0.0000e+00, 
 2DIAGNOSTIC,     8, -3.666583236088e-01, 1.797693134862e+308, 0.0000e+00, 0.0000e+00, 
 2DIAGNOSTIC,     9, -3.666517684715e-01, 1.797693134862e+308, 0.0000e+00, 0.0000e+00, 
  Elapsed time (stage 0): 0.0000e+00


Total elapsed time: 0.0000e+00
VFC_BACKENDS=libinterflop_ieee.so
Info [verificarlo]: loaded backend libinterflop_ieee.so
Info [interflop-ieee]: load backend with:
Info [interflop-ieee]: debug = false
Info [interflop-ieee]: debug-binary = false
Info [interflop-ieee]: no-backend-name = false
Info [interflop-ieee]: print-new-line = false
Info [interflop-ieee]: print-subnormal-normalized = false
Info [interflop-ieee]: count-op = false
All_Command_lines_OK
Using double precision for computations.
=============================================================================
The composite transform comprises the following transforms (in order): 
  1. /project/rrg-glatard/mdugre/datasets/corr/RawDataBIDS/BMB_1/derivatives/vprec-space_search/0100/r8-p11/sub-0003054/rigid_Composite.h5[0] (type = Euler3DTransform)
  2. /project/rrg-glatard/mdugre/datasets/corr/RawDataBIDS/BMB_1/derivatives/vprec-space_search/0100/r8-p11/sub-0003054/rigid_Composite.h5[1] (type = Euler3DTransform)
  3. /project/rrg-glatard/mdugre/datasets/corr/RawDataBIDS/BMB_1/derivatives/vprec-space_search/0100/r8-p11/sub-0003054/rigid_Composite.h5[2] (type = Euler3DTransform)
=============================================================================
  number of levels = 4
  fixed image: /templateflow/tpl-MNI152NLin2009cAsym/tpl-MNI152NLin2009cAsym_res-01_desc-brain_T1w.nii.gz
  moving image: /project/rrg-glatard/mdugre/datasets/corr/RawDataBIDS/BMB_1/derivatives/antsBrainExtraction/sub-0003054/BrainExtractionBrain.nii.gz
Dimension = 3
Number of stages = 1
Use histogram matching = false
Winsorize image intensities = true
  Lower quantile = 0.005
  Upper quantile = 0.995


Stage 1 State
   Image metric = MattesMI
     Fixed image = Image (0x38f3650)
  RTTI typeinfo:   itk::Image<double, 3u>
  Reference Count: 2
  Modified Time: 1592
  Debug: Off
  Object Name: 
  Observers: 
    none
  Source: (none)
  Source output name: (none)
  Release Data: Off
  Data Released: False
  Global Release Data: Off
  PipelineMTime: 0
  UpdateMTime: 1203
  RealTimeStamp: 0 seconds 
  LargestPossibleRegion: 
    Dimension: 3
    Index: [0, 0, 0]
    Size: [193, 229, 193]
  BufferedRegion: 
    Dimension: 3
    Index: [0, 0, 0]
    Size: [193, 229, 193]
  RequestedRegion: 
    Dimension: 3
    Index: [0, 0, 0]
    Size: [193, 229, 193]
  Spacing: [1, 1, 1]
  Origin: [96, 132, -78]
  Direction: 
-1 0 0
0 -1 0
0 0 1

  IndexToPointMatrix: 
-1 0 0
0 -1 0
0 0 1

  PointToIndexMatrix: 
-1 0 0
0 -1 0
0 0 1

  Inverse Direction: 
-1 0 0
0 -1 0
0 0 1

  PixelContainer: 
    ImportImageContainer (0x3900280)
      RTTI typeinfo:   itk::ImportImageContainer<unsigned long, double>
      Reference Count: 1
      Modified Time: 1200
      Debug: Off
      Object Name: 
      Observers: 
        none
      Pointer: 0x145fb9a73010
      Container manages memory: true
      Size: 8530021
      Capacity: 8530021

     Moving image = Image (0x39a35a0)
  RTTI typeinfo:   itk::Image<double, 3u>
  Reference Count: 2
  Modified Time: 1593
  Debug: Off
  Object Name: 
  Observers: 
    none
  Source: (none)
  Source output name: (none)
  Release Data: Off
  Data Released: False
  Global Release Data: Off
  PipelineMTime: 0
  UpdateMTime: 1590
  RealTimeStamp: 0 seconds 
  LargestPossibleRegion: 
    Dimension: 3
    Index: [0, 0, 0]
    Size: [176, 256, 256]
  BufferedRegion: 
    Dimension: 3
    Index: [0, 0, 0]
    Size: [176, 256, 256]
  RequestedRegion: 
    Dimension: 3
    Index: [0, 0, 0]
    Size: [176, 256, 256]
  Spacing: [1, 1, 1]
  Origin: [-92.285, 99.2892, -131.201]
  Direction: 
1 0 0
0 -1 0
0 0 1

  IndexToPointMatrix: 
1 0 0
0 -1 0
0 0 1

  PointToIndexMatrix: 
1 0 0
0 -1 0
0 0 1

  Inverse Direction: 
1 0 0
0 -1 0
0 0 1

  PixelContainer: 
    ImportImageContainer (0x3aa4110)
      RTTI typeinfo:   itk::ImportImageContainer<unsigned long, double>
      Reference Count: 1
      Modified Time: 1587
      Debug: Off
      Object Name: 
      Observers: 
        none
      Pointer: 0x145fb4272010
      Container manages memory: true
      Size: 11534336
      Capacity: 11534336

     Weighting = 1
     Sampling strategy = regular
     Number of bins = 32
     Radius = 4
     Sampling percentage  = 0.25
   Transform = Affine
     Gradient step = 0.1
     Update field sigma (voxel space) = 0
     Total field sigma (voxel space) = 0
     Update field time sigma = 0
     Total field time sigma  = 0
     Number of time indices = 0
     Number of time point samples = 0
Registration using 1 total stages.

Stage 0
  iterations = 1000x500x250x100
  convergence threshold = 1e-06
  convergence window size = 10
  number of levels = 4
  using the Mattes MI metric (number of bins = 32, weight = 1, use gradient filter = 0)
  preprocessing:  winsorizing the image intensities
  Shrink factors (level 1 out of 4): [8, 8, 8]
  Shrink factors (level 2 out of 4): [4, 4, 4]
  Shrink factors (level 3 out of 4): [2, 2, 2]
  Shrink factors (level 4 out of 4): [1, 1, 1]
  smoothing sigmas per level: [3, 2, 1, 0]
  regular sampling (percentage = 0.25)

*** Running AffineTransform registration ***

DIAGNOSTIC,Iteration,metricValue,convergenceValue,ITERATION_TIME_INDEX,SINCE_LAST
 2DIAGNOSTIC,     1, -5.657296143431e-01, 1.797693134862e+308, 1.1695e+00, 1.1695e+00, 
 2DIAGNOSTIC,     2, -5.671843115243e-01, 1.797693134862e+308, 1.1752e+00, 5.6839e-03, 
 2DIAGNOSTIC,     3, -5.694730242518e-01, 1.797693134862e+308, 1.1814e+00, 6.2230e-03, 
 2DIAGNOSTIC,     4, -5.735355706002e-01, 1.797693134862e+308, 1.1870e+00, 5.6162e-03, 
 2DIAGNOSTIC,     5, -5.792850700351e-01, 1.797693134862e+308, 1.1927e+00, 5.6860e-03, 
 2DIAGNOSTIC,     6, -5.857456942756e-01, 1.797693134862e+308, 1.1987e+00, 5.9791e-03, 
 2DIAGNOSTIC,     7, -6.132608979777e-01, 1.797693134862e+308, 1.2054e+00, 6.7341e-03, 
 2DIAGNOSTIC,     8, -7.055190718196e-01, 1.797693134862e+308, 1.2122e+00, 6.7589e-03, 
 2DIAGNOSTIC,     9, -7.529897092521e-01, 1.797693134862e+308, 1.2187e+00, 6.5150e-03, 
 2DIAGNOSTIC,    10, -7.834664075430e-01, 2.235617096246e-02, 1.2270e+00, 8.3048e-03, 
 2DIAGNOSTIC,    11, -7.933520019886e-01, 2.415980929198e-02, 1.2336e+00, 6.5608e-03, 
 2DIAGNOSTIC,    12, -7.975568999158e-01, 2.367034245756e-02, 1.2398e+00, 6.2690e-03, 
 2DIAGNOSTIC,    13, -8.021056857614e-01, 2.133890941838e-02, 1.2481e+00, 8.2450e-03, 
 2DIAGNOSTIC,    14, -8.039494050833e-01, 1.763982742185e-02, 1.2545e+00, 6.4409e-03, 
 2DIAGNOSTIC,    15, -8.096289507277e-01, 1.326338782746e-02, 1.2620e+00, 7.4971e-03, 
 2DIAGNOSTIC,    16, -8.131375592149e-01, 8.593091402172e-03, 1.2689e+00, 6.8238e-03, 
 2DIAGNOSTIC,    17, -8.142946855283e-01, 4.418563240576e-03, 1.2762e+00, 7.3149e-03, 
 2DIAGNOSTIC,    18, -8.156422493373e-01, 2.441784951204e-03, 1.2835e+00, 7.2930e-03, 
 2DIAGNOSTIC,    19, -8.168411665735e-01, 1.483182053774e-03, 1.2952e+00, 1.1775e-02, 
 2DIAGNOSTIC,    20, -8.168412990525e-01, 1.093789018885e-03, 1.3013e+00, 6.0821e-03, 
 2DIAGNOSTIC,    21, -8.168792542903e-01, 8.292055319155e-04, 1.3080e+00, 6.6772e-03, 
 2DIAGNOSTIC,    22, -8.169385628175e-01, 5.898643837347e-04, 1.3151e+00, 7.1270e-03, 
 2DIAGNOSTIC,    23, -8.169045375354e-01, 3.959286985126e-04, 1.3215e+00, 6.3319e-03, 
 2DIAGNOSTIC,    24, -8.170020340110e-01, 2.124110624580e-04, 1.3274e+00, 5.9750e-03, 
 2DIAGNOSTIC,    25, -8.169964297335e-01, 1.116480346443e-04, 1.3335e+00, 6.0279e-03, 
 2DIAGNOSTIC,    26, -8.171084737469e-01, 6.250412098659e-05, 1.3399e+00, 6.4580e-03, 
 2DIAGNOSTIC,    27, -8.173233531780e-01, 3.063804364848e-05, 1.3458e+00, 5.8849e-03, 
 2DIAGNOSTIC,    28, -8.175592570084e-01, 1.949484235688e-05, 1.3517e+00, 5.8630e-03, 
 2DIAGNOSTIC,    29, -8.176651677535e-01, 2.450328543598e-05, 1.3575e+00, 5.8482e-03, 
 2DIAGNOSTIC,    30, -8.179061729119e-01, 3.001129271701e-05, 1.3641e+00, 6.5761e-03, 
 2DIAGNOSTIC,    31, -8.179786538257e-01, 3.369227861540e-05, 1.3728e+00, 8.7130e-03, 
 2DIAGNOSTIC,    32, -8.179826246435e-01, 3.478513727560e-05, 1.3787e+00, 5.8959e-03, 
 2DIAGNOSTIC,    33, -8.180007926951e-01, 3.241935703609e-05, 1.3845e+00, 5.8310e-03, 
 2DIAGNOSTIC,    34, -8.180308202771e-01, 2.865841191272e-05, 1.3916e+00, 7.1130e-03, 
 2DIAGNOSTIC,    35, -8.182297199848e-01, 2.454632197191e-05, 1.3988e+00, 7.1142e-03, 
 2DIAGNOSTIC,    36, -8.182671187351e-01, 1.989848286563e-05, 1.4047e+00, 5.9109e-03, 
 2DIAGNOSTIC,    37, -8.182727481016e-01, 1.593427329178e-05, 1.4121e+00, 7.4570e-03, 
 2DIAGNOSTIC,    38, -8.182762922737e-01, 1.314511953193e-05, 1.4182e+00, 6.0601e-03, 
 2DIAGNOSTIC,    39, -8.182831551896e-01, 1.035058443033e-05, 1.4255e+00, 7.3462e-03, 
 2DIAGNOSTIC,    40, -8.182929847776e-01, 9.071849650322e-06, 1.4322e+00, 6.6810e-03, 
 2DIAGNOSTIC,    41, -8.181745611312e-01, 6.653498974402e-06, 1.4389e+00, 6.6659e-03, 
 2DIAGNOSTIC,    42, -8.181822289349e-01, 3.960531513136e-06, 1.4456e+00, 6.7711e-03, 
 2DIAGNOSTIC,    43, -8.181887310356e-01, 1.315221949846e-06, 1.4529e+00, 7.2341e-03, 
DIAGNOSTIC,Iteration,metricValue,convergenceValue,ITERATION_TIME_INDEX,SINCE_LAST
 2DIAGNOSTIC,     1, -6.941466769553e-01, 1.797693134862e+308, 2.7534e+00, 1.3005e+00, 
 2DIAGNOSTIC,     2, -6.948360156113e-01, 1.797693134862e+308, 2.7994e+00, 4.5996e-02, 
 2DIAGNOSTIC,     3, -6.955921181007e-01, 1.797693134862e+308, 2.8466e+00, 4.7248e-02, 
 2DIAGNOSTIC,     4, -6.963572728507e-01, 1.797693134862e+308, 2.8929e+00, 4.6240e-02, 
 2DIAGNOSTIC,     5, -6.973635401569e-01, 1.797693134862e+308, 2.9393e+00, 4.6403e-02, 
 2DIAGNOSTIC,     6, -6.981889093972e-01, 1.797693134862e+308, 2.9963e+00, 5.7051e-02, 
 2DIAGNOSTIC,     7, -6.992495218151e-01, 1.797693134862e+308, 3.0456e+00, 4.9305e-02, 
 2DIAGNOSTIC,     8, -6.993346696428e-01, 1.797693134862e+308, 3.0957e+00, 5.0098e-02, 
 2DIAGNOSTIC,     9, -6.993403348464e-01, 1.797693134862e+308, 3.1478e+00, 5.2103e-02, 
 2DIAGNOSTIC,    10, -6.993290887578e-01, 5.424306377985e-04, 3.2050e+00, 5.7161e-02, 
 2DIAGNOSTIC,    11, -6.993364603635e-01, 4.086683159773e-04, 3.2502e+00, 4.5197e-02, 
 2DIAGNOSTIC,    12, -6.993391908846e-01, 2.837719922646e-04, 3.2993e+00, 4.9055e-02, 
 2DIAGNOSTIC,    13, -6.993556069290e-01, 1.768949521652e-04, 3.3548e+00, 5.5541e-02, 
 2DIAGNOSTIC,    14, -6.993496057792e-01, 9.148975499232e-05, 3.4046e+00, 4.9813e-02, 
 2DIAGNOSTIC,    15, -6.993289094078e-01, 3.585967585569e-05, 3.4491e+00, 4.4524e-02, 
 2DIAGNOSTIC,    16, -6.993243516121e-01, 4.259668957715e-06, 3.4952e+00, 4.6020e-02, 
 2DIAGNOSTIC,    17, -6.993239957558e-01, 1.493232573355e-06, 3.5443e+00, 4.9093e-02, 
 2DIAGNOSTIC,    18, -6.993318408869e-01, 1.154053754851e-06, 3.5944e+00, 5.0176e-02, 
 2DIAGNOSTIC,    19, -6.993520792820e-01, 1.468358294891e-06, 3.6424e+00, 4.7961e-02, 
 2DIAGNOSTIC,    20, -6.993519552626e-01, 1.538935068698e-06, 3.6986e+00, 5.6221e-02, 
 2DIAGNOSTIC,    21, -6.993596099336e-01, 1.909683954998e-06, 3.7483e+00, 4.9699e-02, 
 2DIAGNOSTIC,    22, -6.993560458204e-01, 2.180204989530e-06, 3.8342e+00, 8.5886e-02, 
 2DIAGNOSTIC,    23, -6.993663410602e-01, 2.828238241465e-06, 3.8801e+00, 4.5933e-02, 
 2DIAGNOSTIC,    24, -6.993666950222e-01, 3.190314131110e-06, 3.9255e+00, 4.5375e-02, 
 2DIAGNOSTIC,    25, -6.993674356674e-01, 3.027040270651e-06, 3.9712e+00, 4.5718e-02, 
 2DIAGNOSTIC,    26, -6.993685905629e-01, 2.665571950264e-06, 4.0170e+00, 4.5745e-02, 
 2DIAGNOSTIC,    27, -6.993704321479e-01, 2.217457555874e-06, 4.0630e+00, 4.6056e-02, 
 2DIAGNOSTIC,    28, -6.993731561400e-01, 1.847655589630e-06, 4.1104e+00, 4.7403e-02, 
 2DIAGNOSTIC,    29, -6.993890905288e-01, 1.943029051418e-06, 4.1564e+00, 4.5942e-02, 
 2DIAGNOSTIC,    30, -6.994179806617e-01, 2.335307167603e-06, 4.2040e+00, 4.7649e-02, 
 2DIAGNOSTIC,    31, -6.994332611555e-01, 2.877518225176e-06, 4.2579e+00, 5.3910e-02, 
 2DIAGNOSTIC,    32, -6.994922642563e-01, 3.913150472684e-06, 4.3916e+00, 1.3367e-01, 
 2DIAGNOSTIC,    33, -6.994922631600e-01, 4.722155762617e-06, 4.4389e+00, 4.7269e-02, 
 2DIAGNOSTIC,    34, -6.994922641533e-01, 5.138187342612e-06, 4.4846e+00, 4.5780e-02, 
 2DIAGNOSTIC,    35, -6.994922658328e-01, 5.144352134008e-06, 4.5321e+00, 4.7421e-02, 
 2DIAGNOSTIC,    36, -6.994922686723e-01, 4.756620185353e-06, 4.5795e+00, 4.7421e-02, 
 2DIAGNOSTIC,    37, -6.994922734723e-01, 4.036513629325e-06, 4.6261e+00, 4.6572e-02, 
 2DIAGNOSTIC,    38, -6.994922815848e-01, 3.080232388344e-06, 4.6728e+00, 4.6787e-02, 
 2DIAGNOSTIC,    39, -6.994922952909e-01, 2.128936533924e-06, 4.7172e+00, 4.4342e-02, 
 2DIAGNOSTIC,    40, -6.994923187653e-01, 1.396791988191e-06, 4.7640e+00, 4.6840e-02, 
DIAGNOSTIC,Iteration,metricValue,convergenceValue,ITERATION_TIME_INDEX,SINCE_LAST
 2DIAGNOSTIC,     1, -5.975102572917e-01, 1.797693134862e+308, 6.5309e+00, 1.7669e+00, 
 2DIAGNOSTIC,     2, -5.980958579839e-01, 1.797693134862e+308, 6.9155e+00, 3.8458e-01, 
 2DIAGNOSTIC,     3, -5.985602053899e-01, 1.797693134862e+308, 7.3043e+00, 3.8880e-01, 
 2DIAGNOSTIC,     4, -5.988850487715e-01, 1.797693134862e+308, 7.6860e+00, 3.8171e-01, 
 2DIAGNOSTIC,     5, -5.991841054208e-01, 1.797693134862e+308, 8.0645e+00, 3.7843e-01, 
 2DIAGNOSTIC,     6, -5.994686693021e-01, 1.797693134862e+308, 8.4467e+00, 3.8225e-01, 
 2DIAGNOSTIC,     7, -5.996111698496e-01, 1.797693134862e+308, 8.9618e+00, 5.1504e-01, 
 2DIAGNOSTIC,     8, -5.996751248770e-01, 1.797693134862e+308, 9.3458e+00, 3.8404e-01, 
 2DIAGNOSTIC,     9, -5.996960385367e-01, 1.797693134862e+308, 9.7749e+00, 4.2908e-01, 
 2DIAGNOSTIC,    10, -5.997920922915e-01, 2.332148489591e-04, 1.0392e+01, 6.1663e-01, 
 2DIAGNOSTIC,    11, -5.997821162092e-01, 1.574823375842e-04, 1.0901e+01, 5.0937e-01, 
 2DIAGNOSTIC,    12, -5.997802918179e-01, 1.033457877472e-04, 1.1334e+01, 4.3336e-01, 
 2DIAGNOSTIC,    13, -5.997794427244e-01, 6.531940678031e-05, 1.1760e+01, 4.2623e-01, 
 2DIAGNOSTIC,    14, -5.997796927247e-01, 3.789974772145e-05, 1.2182e+01, 4.2160e-01, 
 2DIAGNOSTIC,    15, -5.997787751362e-01, 2.008811058310e-05, 1.2560e+01, 3.7768e-01, 
 2DIAGNOSTIC,    16, -5.997780572997e-01, 1.117683286553e-05, 1.3000e+01, 4.4041e-01, 
 2DIAGNOSTIC,    17, -5.997784244265e-01, 6.456041715695e-06, 1.3465e+01, 4.6524e-01, 
 2DIAGNOSTIC,    18, -5.997774766115e-01, 3.506602904921e-06, 1.3917e+01, 4.5120e-01, 
 2DIAGNOSTIC,    19, -5.997738878863e-01, 1.067187146098e-06, 1.4348e+01, 4.3123e-01, 
 2DIAGNOSTIC,    20, -5.997728939238e-01, 1.190632324108e-06, 1.4801e+01, 4.5293e-01, 
 2DIAGNOSTIC,    21, -5.997719909705e-01, 1.094707984622e-06, 1.5220e+01, 4.1920e-01, 
DIAGNOSTIC,Iteration,metricValue,convergenceValue,ITERATION_TIME_INDEX,SINCE_LAST
 2DIAGNOSTIC,     1, -5.357084520446e-01, 1.797693134862e+308, 1.9007e+01, 3.7873e+00, 
 2DIAGNOSTIC,     2, -5.361104684709e-01, 1.797693134862e+308, 2.1825e+01, 2.8175e+00, 
 2DIAGNOSTIC,     3, -5.364706136171e-01, 1.797693134862e+308, 2.4515e+01, 2.6898e+00, 
 2DIAGNOSTIC,     4, -5.369354540272e-01, 1.797693134862e+308, 2.7539e+01, 3.0244e+00, 
 2DIAGNOSTIC,     5, -5.374035667455e-01, 1.797693134862e+308, 3.0580e+01, 3.0410e+00, 
 2DIAGNOSTIC,     6, -5.375025160639e-01, 1.797693134862e+308, 3.6820e+01, 6.2400e+00, 
 2DIAGNOSTIC,     7, -5.375020868551e-01, 1.797693134862e+308, 4.0102e+01, 3.2820e+00, 
 2DIAGNOSTIC,     8, -5.375017920565e-01, 1.797693134862e+308, 4.3108e+01, 3.0061e+00, 
 2DIAGNOSTIC,     9, -5.375017380524e-01, 1.797693134862e+308, 4.6143e+01, 3.0348e+00, 
 2DIAGNOSTIC,    10, -5.375013856711e-01, 2.155794001663e-04, 4.8917e+01, 2.7742e+00, 
 2DIAGNOSTIC,    11, -5.375012041016e-01, 1.344525847998e-04, 5.1979e+01, 3.0622e+00, 
 2DIAGNOSTIC,    12, -5.375012610171e-01, 7.290441415828e-05, 5.5048e+01, 3.0689e+00, 
 2DIAGNOSTIC,    13, -5.375009242868e-01, 2.888685765004e-05, 5.7966e+01, 2.9175e+00, 
 2DIAGNOSTIC,    14, -5.375006350475e-01, 5.855097143709e-06, 6.1346e+01, 3.3801e+00, 
 2DIAGNOSTIC,    15, -5.375006811122e-01, 1.982083615057e-06, 6.4452e+01, 3.1059e+00, 
 2DIAGNOSTIC,    16, -5.375005868756e-01, 1.875136698581e-06, 6.7208e+01, 2.7566e+00, 
 2DIAGNOSTIC,    17, -5.375005207330e-01, 1.775917092418e-06, 7.0362e+01, 3.1533e+00, 
 2DIAGNOSTIC,    18, -5.375002953995e-01, 1.681402930560e-06, 7.3508e+01, 3.1468e+00, 
 2DIAGNOSTIC,    19, -5.375003481742e-01, 1.605369433728e-06, 7.7068e+01, 3.5597e+00, 
 2DIAGNOSTIC,    20, -5.375002421576e-01, 1.531176807242e-06, 8.0220e+01, 3.1517e+00, 
 2DIAGNOSTIC,    21, -5.375001259587e-01, 1.461925046367e-06, 8.2932e+01, 2.7127e+00, 
 2DIAGNOSTIC,    22, -5.375000226427e-01, 1.403141791992e-06, 8.5711e+01, 2.7782e+00, 
 2DIAGNOSTIC,    23, -5.375000759262e-01, 1.347262533882e-06, 8.8756e+01, 3.0450e+00, 
 2DIAGNOSTIC,    24, -5.375000170059e-01, 1.291600075171e-06, 9.2111e+01, 3.3554e+00, 
 2DIAGNOSTIC,    25, -5.374999234825e-01, 1.242629202251e-06, 9.4847e+01, 2.7364e+00, 
 2DIAGNOSTIC,    26, -5.374997236938e-01, 1.194402454906e-06, 9.7618e+01, 2.7708e+00, 
 2DIAGNOSTIC,    27, -5.374998418160e-01, 1.153759303173e-06, 1.0065e+02, 3.0309e+00, 
 2DIAGNOSTIC,    28, -5.374998108758e-01, 1.113284277231e-06, 1.0342e+02, 2.7691e+00, 
 2DIAGNOSTIC,    29, -5.374998514463e-01, 1.079493113856e-06, 1.0657e+02, 3.1469e+00, 
 2DIAGNOSTIC,    30, -5.375000597602e-01, 1.051540397326e-06, 1.0983e+02, 3.2649e+00, 
 2DIAGNOSTIC,    31, -5.374998625267e-01, 1.020905437112e-06, 1.1347e+02, 3.6397e+00, 
  Elapsed time (stage 0): 1.1530e+02


Total elapsed time: 1.1530e+02
VFC_BACKENDS=libinterflop_ieee.so
Info [verificarlo]: loaded backend libinterflop_ieee.so
Info [interflop-ieee]: load backend with:
Info [interflop-ieee]: debug = false
Info [interflop-ieee]: debug-binary = false
Info [interflop-ieee]: no-backend-name = false
Info [interflop-ieee]: print-new-line = false
Info [interflop-ieee]: print-subnormal-normalized = false
Info [interflop-ieee]: count-op = false
All_Command_lines_OK
Using double precision for computations.
=============================================================================
The composite transform comprises the following transforms (in order): 
  1. /project/rrg-glatard/mdugre/datasets/corr/RawDataBIDS/BMB_1/derivatives/vprec-space_search/0100/r8-p11/sub-0003054/affine_Composite.h5[0] (type = Euler3DTransform)
  2. /project/rrg-glatard/mdugre/datasets/corr/RawDataBIDS/BMB_1/derivatives/vprec-space_search/0100/r8-p11/sub-0003054/affine_Composite.h5[1] (type = Euler3DTransform)
  3. /project/rrg-glatard/mdugre/datasets/corr/RawDataBIDS/BMB_1/derivatives/vprec-space_search/0100/r8-p11/sub-0003054/affine_Composite.h5[2] (type = Euler3DTransform)
  4. /project/rrg-glatard/mdugre/datasets/corr/RawDataBIDS/BMB_1/derivatives/vprec-space_search/0100/r8-p11/sub-0003054/affine_Composite.h5[3] (type = AffineTransform)
=============================================================================
  number of levels = 4
  fixed image: /templateflow/tpl-MNI152NLin2009cAsym/tpl-MNI152NLin2009cAsym_res-01_desc-brain_T1w.nii.gz
  moving image: /project/rrg-glatard/mdugre/datasets/corr/RawDataBIDS/BMB_1/derivatives/antsBrainExtraction/sub-0003054/BrainExtractionBrain.nii.gz
Dimension = 3
Number of stages = 1
Use histogram matching = false
Winsorize image intensities = true
  Lower quantile = 0.005
  Upper quantile = 0.995


Stage 1 State
   Image metric = CC
     Fixed image = Image (0x3cc0810)
  RTTI typeinfo:   itk::Image<double, 3u>
  Reference Count: 2
  Modified Time: 1606
  Debug: Off
  Object Name: 
  Observers: 
    none
  Source: (none)
  Source output name: (none)
  Release Data: Off
  Data Released: False
  Global Release Data: Off
  PipelineMTime: 0
  UpdateMTime: 1217
  RealTimeStamp: 0 seconds 
  LargestPossibleRegion: 
    Dimension: 3
    Index: [0, 0, 0]
    Size: [193, 229, 193]
  BufferedRegion: 
    Dimension: 3
    Index: [0, 0, 0]
    Size: [193, 229, 193]
  RequestedRegion: 
    Dimension: 3
    Index: [0, 0, 0]
    Size: [193, 229, 193]
  Spacing: [1, 1, 1]
  Origin: [96, 132, -78]
  Direction: 
-1 0 0
0 -1 0
0 0 1

  IndexToPointMatrix: 
-1 0 0
0 -1 0
0 0 1

  PointToIndexMatrix: 
-1 0 0
0 -1 0
0 0 1

  Inverse Direction: 
-1 0 0
0 -1 0
0 0 1

  PixelContainer: 
    ImportImageContainer (0x3ccdaa0)
      RTTI typeinfo:   itk::ImportImageContainer<unsigned long, double>
      Reference Count: 1
      Modified Time: 1214
      Debug: Off
      Object Name: 
      Observers: 
        none
      Pointer: 0x154aeee7e010
      Container manages memory: true
      Size: 8530021
      Capacity: 8530021

     Moving image = Image (0x3cd2700)
  RTTI typeinfo:   itk::Image<double, 3u>
  Reference Count: 2
  Modified Time: 1607
  Debug: Off
  Object Name: 
  Observers: 
    none
  Source: (none)
  Source output name: (none)
  Release Data: Off
  Data Released: False
  Global Release Data: Off
  PipelineMTime: 0
  UpdateMTime: 1604
  RealTimeStamp: 0 seconds 
  LargestPossibleRegion: 
    Dimension: 3
    Index: [0, 0, 0]
    Size: [176, 256, 256]
  BufferedRegion: 
    Dimension: 3
    Index: [0, 0, 0]
    Size: [176, 256, 256]
  RequestedRegion: 
    Dimension: 3
    Index: [0, 0, 0]
    Size: [176, 256, 256]
  Spacing: [1, 1, 1]
  Origin: [-92.285, 99.2892, -131.201]
  Direction: 
1 0 0
0 -1 0
0 0 1

  IndexToPointMatrix: 
1 0 0
0 -1 0
0 0 1

  PointToIndexMatrix: 
1 0 0
0 -1 0
0 0 1

  Inverse Direction: 
1 0 0
0 -1 0
0 0 1

  PixelContainer: 
    ImportImageContainer (0x3d4a1d0)
      RTTI typeinfo:   itk::ImportImageContainer<unsigned long, double>
      Reference Count: 1
      Modified Time: 1601
      Debug: Off
      Object Name: 
      Observers: 
        none
      Pointer: 0x154ae967d010
      Container manages memory: true
      Size: 11534336
      Capacity: 11534336

     Weighting = 1
     Sampling strategy = none
     Number of bins = 32
     Radius = 4
     Sampling percentage  = 1
   Transform = SyN
     Gradient step = 0.1
     Update field sigma (voxel space) = 3
     Total field sigma (voxel space) = 0
     Update field time sigma = 0
     Total field time sigma  = 0
     Number of time indices = 0
     Number of time point samples = 0
Registration using 1 total stages.

Stage 0
  iterations = 100x70x50x20
  convergence threshold = 1e-06
  convergence window size = 10
  number of levels = 4
  using the CC metric (radius = 4, weight = 1, use gradient filter = 0)
  preprocessing:  winsorizing the image intensities
  Shrink factors (level 1 out of 4): [8, 8, 8]
  Shrink factors (level 2 out of 4): [4, 4, 4]
  Shrink factors (level 3 out of 4): [2, 2, 2]
  Shrink factors (level 4 out of 4): [1, 1, 1]
  smoothing sigmas per level: [3, 2, 1, 0]
  Using default NONE metricSamplingStrategy 

*** Running SyN registration (varianceForUpdateField = 3, varianceForTotalField = 0) ***

XXDIAGNOSTIC,Iteration,metricValue,convergenceValue,ITERATION_TIME_INDEX,SINCE_LAST
 1DIAGNOSTIC,     1, -9.221088632434e-01, 1.797693134862e+308, 1.6122e+00, 1.6122e+00, 
 1DIAGNOSTIC,     2, -9.300867737497e-01, 1.797693134862e+308, 1.9765e+00, 3.6427e-01, 
 1DIAGNOSTIC,     3, -9.356628726624e-01, 1.797693134862e+308, 2.3367e+00, 3.6027e-01, 
 1DIAGNOSTIC,     4, -9.393862775664e-01, 1.797693134862e+308, 2.6950e+00, 3.5825e-01, 
 1DIAGNOSTIC,     5, -9.422543271647e-01, 1.797693134862e+308, 3.0565e+00, 3.6155e-01, 
 1DIAGNOSTIC,     6, -9.447461961492e-01, 1.797693134862e+308, 3.4198e+00, 3.6325e-01, 
 1DIAGNOSTIC,     7, -9.474628772596e-01, 1.797693134862e+308, 3.7837e+00, 3.6391e-01, 
 1DIAGNOSTIC,     8, -9.501873898585e-01, 1.797693134862e+308, 4.1412e+00, 3.5746e-01, 
 1DIAGNOSTIC,     9, -9.527242983426e-01, 1.797693134862e+308, 4.5282e+00, 3.8704e-01, 
 1DIAGNOSTIC,    10, -9.550244959604e-01, 2.026878446893e-03, 4.9299e+00, 4.0168e-01, 
 1DIAGNOSTIC,    11, -9.570649745904e-01, 1.575307174418e-03, 5.3003e+00, 3.7041e-01, 
 1DIAGNOSTIC,    12, -9.588161766667e-01, 1.299869673091e-03, 5.6630e+00, 3.6272e-01, 
 1DIAGNOSTIC,    13, -9.603420328931e-01, 1.112470895227e-03, 6.0330e+00, 3.6996e-01, 
 1DIAGNOSTIC,    14, -9.616847509020e-01, 9.587717261628e-04, 6.3849e+00, 3.5197e-01, 
 1DIAGNOSTIC,    15, -9.629081705616e-01, 8.195059331151e-04, 6.7541e+00, 3.6921e-01, 
 1DIAGNOSTIC,    16, -9.640322352251e-01, 6.897726113964e-04, 7.1178e+00, 3.6364e-01, 
 1DIAGNOSTIC,    17, -9.649336048998e-01, 5.750622712344e-04, 7.5097e+00, 3.9193e-01, 
 1DIAGNOSTIC,    18, -9.657775756142e-01, 4.789320439889e-04, 7.8686e+00, 3.5887e-01, 
 1DIAGNOSTIC,    19, -9.663864547625e-01, 3.976861566918e-04, 8.2284e+00, 3.5984e-01, 
 1DIAGNOSTIC,    20, -9.668432960205e-01, 3.285225912317e-04, 8.5898e+00, 3.6141e-01, 
 1DIAGNOSTIC,    21, -9.671766325639e-01, 2.689019266601e-04, 8.9495e+00, 3.5968e-01, 
 1DIAGNOSTIC,    22, -9.673873092946e-01, 2.160722615372e-04, 9.3094e+00, 3.5985e-01, 
 1DIAGNOSTIC,    23, -9.675507668279e-01, 1.694464827652e-04, 9.6626e+00, 3.5326e-01, 
 1DIAGNOSTIC,    24, -9.676739781247e-01, 1.289607334436e-04, 1.0017e+01, 3.5429e-01, 
 1DIAGNOSTIC,    25, -9.677574618535e-01, 9.512613917766e-05, 1.0366e+01, 3.4923e-01, 
 1DIAGNOSTIC,    26, -9.678451430559e-01, 6.882298927167e-05, 1.0719e+01, 3.5278e-01, 
 1DIAGNOSTIC,    27, -9.679508128075e-01, 4.905481680241e-05, 1.1107e+01, 3.8816e-01, 
 1DIAGNOSTIC,    28, -9.680736665791e-01, 3.634124230759e-05, 1.1466e+01, 3.5847e-01, 
 1DIAGNOSTIC,    29, -9.681710213518e-01, 2.832620288289e-05, 1.1822e+01, 3.5606e-01, 
 1DIAGNOSTIC,    30, -9.682481290790e-01, 2.350088994189e-05, 1.2176e+01, 3.5430e-01, 
 1DIAGNOSTIC,    31, -9.683265925413e-01, 2.077780334238e-05, 1.2534e+01, 3.5809e-01, 
 1DIAGNOSTIC,    32, -9.683882474382e-01, 1.884248863576e-05, 1.2892e+01, 3.5844e-01, 
 1DIAGNOSTIC,    33, -9.684494033392e-01, 1.732098240233e-05, 1.3249e+01, 3.5679e-01, 
 1DIAGNOSTIC,    34, -9.685557380615e-01, 1.632437178879e-05, 1.3608e+01, 3.5928e-01, 
 1DIAGNOSTIC,    35, -9.685964550294e-01, 1.495470908356e-05, 1.3965e+01, 3.5619e-01, 
 1DIAGNOSTIC,    36, -9.686690206099e-01, 1.364027854910e-05, 1.4329e+01, 3.6437e-01, 
 1DIAGNOSTIC,    37, -9.686930703385e-01, 1.220287629338e-05, 1.4692e+01, 3.6249e-01, 
 1DIAGNOSTIC,    38, -9.687429251613e-01, 1.109735867757e-05, 1.5047e+01, 3.5589e-01, 
 1DIAGNOSTIC,    39, -9.687634042717e-01, 9.948391293497e-06, 1.5405e+01, 3.5754e-01, 
 1DIAGNOSTIC,    40, -9.687957319565e-01, 8.786154441050e-06, 1.5767e+01, 3.6193e-01, 
 1DIAGNOSTIC,    41, -9.688095025530e-01, 7.580465114274e-06, 1.6128e+01, 3.6109e-01, 
 1DIAGNOSTIC,    42, -9.688457374623e-01, 6.470755265119e-06, 1.6490e+01, 3.6197e-01, 
 1DIAGNOSTIC,    43, -9.688594772296e-01, 5.364351449336e-06, 1.6847e+01, 3.5727e-01, 
 1DIAGNOSTIC,    44, -9.688940608831e-01, 4.812391269485e-06, 1.7205e+01, 3.5812e-01, 
 1DIAGNOSTIC,    45, -9.689221016732e-01, 4.334033822571e-06, 1.7563e+01, 3.5722e-01, 
 1DIAGNOSTIC,    46, -9.689527095373e-01, 4.190567284783e-06, 1.7947e+01, 3.8492e-01, 
 1DIAGNOSTIC,    47, -9.689634922453e-01, 3.929437350950e-06, 1.8304e+01, 3.5632e-01, 
 1DIAGNOSTIC,    48, -9.689911938839e-01, 3.846045830938e-06, 1.8669e+01, 3.6514e-01, 
 1DIAGNOSTIC,    49, -9.690009936458e-01, 3.637685431417e-06, 1.9025e+01, 3.5641e-01, 
 1DIAGNOSTIC,    50, -9.690264310898e-01, 3.491728974400e-06, 1.9380e+01, 3.5421e-01, 
 1DIAGNOSTIC,    51, -9.690344325015e-01, 3.197736416435e-06, 1.9734e+01, 3.5452e-01, 
 1DIAGNOSTIC,    52, -9.690531295026e-01, 2.982442681449e-06, 2.0088e+01, 3.5373e-01, 
 1DIAGNOSTIC,    53, -9.690596791959e-01, 2.657273125983e-06, 2.0442e+01, 3.5424e-01, 
 1DIAGNOSTIC,    54, -9.690756607829e-01, 2.421149458448e-06, 2.0798e+01, 3.5600e-01, 
 1DIAGNOSTIC,    55, -9.690788212559e-01, 2.180964473113e-06, 2.1151e+01, 3.5333e-01, 
 1DIAGNOSTIC,    56, -9.690928666666e-01, 2.031708939622e-06, 2.1505e+01, 3.5331e-01, 
 1DIAGNOSTIC,    57, -9.690984989943e-01, 1.828635800616e-06, 2.1887e+01, 3.8192e-01, 
 1DIAGNOSTIC,    58, -9.691106910280e-01, 1.713695563711e-06, 2.2234e+01, 3.4773e-01, 
 1DIAGNOSTIC,    59, -9.691168171744e-01, 1.567197711414e-06, 2.2583e+01, 3.4858e-01, 
 1DIAGNOSTIC,    60, -9.691284890375e-01, 1.509556432175e-06, 2.2940e+01, 3.5747e-01, 
 1DIAGNOSTIC,    61, -9.691359751572e-01, 1.432263630880e-06, 2.3300e+01, 3.5911e-01, 
 1DIAGNOSTIC,    62, -9.691466735041e-01, 1.409477212697e-06, 2.3659e+01, 3.5907e-01, 
 1DIAGNOSTIC,    63, -9.691549099419e-01, 1.368475293216e-06, 2.4022e+01, 3.6331e-01, 
 1DIAGNOSTIC,    64, -9.691639224540e-01, 1.361059735173e-06, 2.4387e+01, 3.6493e-01, 
 1DIAGNOSTIC,    65, -9.691715806278e-01, 1.318358219964e-06, 2.4742e+01, 3.5469e-01, 
 1DIAGNOSTIC,    66, -9.691776596506e-01, 1.286842443250e-06, 2.5096e+01, 3.5479e-01, 
 1DIAGNOSTIC,    67, -9.691854914207e-01, 1.237099241887e-06, 2.5456e+01, 3.6014e-01, 
 1DIAGNOSTIC,    68, -9.691906500628e-01, 1.190190772122e-06, 2.5822e+01, 3.6527e-01, 
 1DIAGNOSTIC,    69, -9.691990987616e-01, 1.136531150183e-06, 2.6181e+01, 3.5909e-01, 
 1DIAGNOSTIC,    70, -9.692030802965e-01, 1.084653239726e-06, 2.6540e+01, 3.5912e-01, 
 1DIAGNOSTIC,    71, -9.692130125485e-01, 1.045402131136e-06, 2.6899e+01, 3.5946e-01, 
 1DIAGNOSTIC,    72, -9.692169097725e-01, 1.008482804170e-06, 2.7264e+01, 3.6456e-01, 
 1DIAGNOSTIC,    73, -9.692269663930e-01, 9.914181761765e-07, 2.7622e+01, 3.5763e-01, 
XXDIAGNOSTIC,Iteration,metricValue,convergenceValue,ITERATION_TIME_INDEX,SINCE_LAST
 1DIAGNOSTIC,     1, -9.075106319277e-01, 1.797693134862e+308, 3.1889e+01, 4.2670e+00, 
 1DIAGNOSTIC,     2, -9.096215793507e-01, 1.797693134862e+308, 3.4877e+01, 2.9888e+00, 
 1DIAGNOSTIC,     3, -9.121388123922e-01, 1.797693134862e+308, 3.7943e+01, 3.0661e+00, 
 1DIAGNOSTIC,     4, -9.148159996165e-01, 1.797693134862e+308, 4.1026e+01, 3.0826e+00, 
 1DIAGNOSTIC,     5, -9.173190971970e-01, 1.797693134862e+308, 4.4142e+01, 3.1164e+00, 
 1DIAGNOSTIC,     6, -9.201514042977e-01, 1.797693134862e+308, 4.7358e+01, 3.2153e+00, 
 1DIAGNOSTIC,     7, -9.223365859216e-01, 1.797693134862e+308, 5.0376e+01, 3.0185e+00, 
 1DIAGNOSTIC,     8, -9.243242718399e-01, 1.797693134862e+308, 5.3356e+01, 2.9796e+00, 
 1DIAGNOSTIC,     9, -9.261331368713e-01, 1.797693134862e+308, 5.6332e+01, 2.9764e+00, 
 1DIAGNOSTIC,    10, -9.276829710106e-01, 1.462033221573e-03, 5.9417e+01, 3.0850e+00, 
 1DIAGNOSTIC,    11, -9.291627768721e-01, 1.259284963213e-03, 6.2518e+01, 3.1010e+00, 
 1DIAGNOSTIC,    12, -9.305935179576e-01, 1.067905533047e-03, 6.5667e+01, 3.1491e+00, 
 1DIAGNOSTIC,    13, -9.318044918583e-01, 8.974812140566e-04, 6.8792e+01, 3.1240e+00, 
 1DIAGNOSTIC,    14, -9.330451812521e-01, 7.557895968347e-04, 7.1907e+01, 3.1155e+00, 
 1DIAGNOSTIC,    15, -9.341281771199e-01, 6.368593992476e-04, 7.5081e+01, 3.1739e+00, 
 1DIAGNOSTIC,    16, -9.348828552934e-01, 5.429776701299e-04, 7.8208e+01, 3.1276e+00, 
 1DIAGNOSTIC,    17, -9.357740272036e-01, 4.655408415410e-04, 8.1367e+01, 3.1583e+00, 
 1DIAGNOSTIC,    18, -9.363789384830e-01, 3.976012070474e-04, 8.4547e+01, 3.1800e+00, 
 1DIAGNOSTIC,    19, -9.368940557717e-01, 3.373564652629e-04, 8.7639e+01, 3.0925e+00, 
 1DIAGNOSTIC,    20, -9.373393587096e-01, 2.822720871839e-04, 9.0701e+01, 3.0619e+00, 
 1DIAGNOSTIC,    21, -9.377310855726e-01, 2.333568074337e-04, 9.3695e+01, 2.9935e+00, 
 1DIAGNOSTIC,    22, -9.379690702175e-01, 1.902801265732e-04, 9.6658e+01, 2.9631e+00, 
 1DIAGNOSTIC,    23, -9.381759417770e-01, 1.519454125712e-04, 9.9620e+01, 2.9622e+00, 
 1DIAGNOSTIC,    24, -9.383747858084e-01, 1.208877809266e-04, 1.0251e+02, 2.8903e+00, 
 1DIAGNOSTIC,    25, -9.385534620902e-01, 9.642905717413e-05, 1.0538e+02, 2.8729e+00, 
 1DIAGNOSTIC,    26, -9.387159381242e-01, 7.550256215991e-05, 1.0828e+02, 2.8985e+00, 
 1DIAGNOSTIC,    27, -9.388650543854e-01, 6.082637214087e-05, 1.1144e+02, 3.1609e+00, 
 1DIAGNOSTIC,    28, -9.389917101685e-01, 4.949120578715e-05, 1.1462e+02, 3.1772e+00, 
 1DIAGNOSTIC,    29, -9.391042143390e-01, 4.090944365731e-05, 1.1779e+02, 3.1657e+00, 
 1DIAGNOSTIC,    30, -9.392108476452e-01, 3.467590011860e-05, 1.2095e+02, 3.1599e+00, 
 1DIAGNOSTIC,    31, -9.393156793738e-01, 3.051405582350e-05, 1.2409e+02, 3.1425e+00, 
 1DIAGNOSTIC,    32, -9.394117954028e-01, 2.697077444318e-05, 1.2721e+02, 3.1272e+00, 
 1DIAGNOSTIC,    33, -9.395047852783e-01, 2.392051138925e-05, 1.3035e+02, 3.1375e+00, 
 1DIAGNOSTIC,    34, -9.395912211366e-01, 2.140396606123e-05, 1.3349e+02, 3.1363e+00, 
 1DIAGNOSTIC,    35, -9.396650081742e-01, 1.926152797489e-05, 1.3661e+02, 3.1247e+00, 
 1DIAGNOSTIC,    36, -9.397340706945e-01, 1.743122716963e-05, 1.3969e+02, 3.0795e+00, 
 1DIAGNOSTIC,    37, -9.397947126443e-01, 1.583433037008e-05, 1.4274e+02, 3.0490e+00, 
 1DIAGNOSTIC,    38, -9.398450671802e-01, 1.429952896940e-05, 1.4585e+02, 3.1072e+00, 
 1DIAGNOSTIC,    39, -9.398957995271e-01, 1.282285392598e-05, 1.4896e+02, 3.1144e+00, 
 1DIAGNOSTIC,    40, -9.399397767755e-01, 1.140837555852e-05, 1.5209e+02, 3.1306e+00, 
 1DIAGNOSTIC,    41, -9.399793813984e-01, 1.011195463381e-05, 1.5522e+02, 3.1294e+00, 
 1DIAGNOSTIC,    42, -9.400137544828e-01, 8.921324575129e-06, 1.5833e+02, 3.1102e+00, 
 1DIAGNOSTIC,    43, -9.400442796704e-01, 7.871275681630e-06, 1.6147e+02, 3.1353e+00, 
 1DIAGNOSTIC,    44, -9.400643898198e-01, 6.916500397337e-06, 1.6462e+02, 3.1521e+00, 
 1DIAGNOSTIC,    45, -9.400956452020e-01, 6.115589251430e-06, 1.6775e+02, 3.1282e+00, 
 1DIAGNOSTIC,    46, -9.401196156058e-01, 5.439031603605e-06, 1.7089e+02, 3.1417e+00, 
 1DIAGNOSTIC,    47, -9.401377817170e-01, 4.841779438273e-06, 1.7402e+02, 3.1241e+00, 
 1DIAGNOSTIC,    48, -9.401534213725e-01, 4.285032714001e-06, 1.7716e+02, 3.1486e+00, 
 1DIAGNOSTIC,    49, -9.401672211343e-01, 3.801371029340e-06, 1.8050e+02, 3.3380e+00, 
 1DIAGNOSTIC,    50, -9.401793052050e-01, 3.371575007738e-06, 1.8380e+02, 3.2980e+00, 
 1DIAGNOSTIC,    51, -9.401945392920e-01, 3.019169913659e-06, 1.8694e+02, 3.1419e+00, 
 1DIAGNOSTIC,    52, -9.402038405979e-01, 2.702719777835e-06, 1.9007e+02, 3.1232e+00, 
 1DIAGNOSTIC,    53, -9.402135830032e-01, 2.428630913206e-06, 1.9320e+02, 3.1370e+00, 
 1DIAGNOSTIC,    54, -9.402192274923e-01, 2.131442666305e-06, 1.9635e+02, 3.1484e+00, 
 1DIAGNOSTIC,    55, -9.402335282856e-01, 1.946905942109e-06, 1.9948e+02, 3.1322e+00, 
 1DIAGNOSTIC,    56, -9.402389129160e-01, 1.793843496793e-06, 2.0261e+02, 3.1226e+00, 
 1DIAGNOSTIC,    57, -9.402430044172e-01, 1.646222993697e-06, 2.0577e+02, 3.1646e+00, 
 1DIAGNOSTIC,    58, -9.402429908779e-01, 1.481119980763e-06, 2.0897e+02, 3.2031e+00, 
 1DIAGNOSTIC,    59, -9.402448156535e-01, 1.312455817734e-06, 2.1203e+02, 3.0550e+00, 
 1DIAGNOSTIC,    60, -9.402489026556e-01, 1.155073018545e-06, 2.1519e+02, 3.1600e+00, 
 1DIAGNOSTIC,    61, -9.402548421654e-01, 1.046967786803e-06, 2.1839e+02, 3.1972e+00, 
 1DIAGNOSTIC,    62, -9.402636766894e-01, 9.801805188683e-07, 2.2159e+02, 3.2098e+00, 
XXDIAGNOSTIC,Iteration,metricValue,convergenceValue,ITERATION_TIME_INDEX,SINCE_LAST
 1DIAGNOSTIC,     1, -8.943575670120e-01, 1.797693134862e+308, 2.4927e+02, 2.7671e+01, 
 1DIAGNOSTIC,     2, -8.964000178203e-01, 1.797693134862e+308, 2.7536e+02, 2.6095e+01, 
 1DIAGNOSTIC,     3, -8.990323015755e-01, 1.797693134862e+308, 3.0148e+02, 2.6117e+01, 
 1DIAGNOSTIC,     4, -9.017382906822e-01, 1.797693134862e+308, 3.2819e+02, 2.6709e+01, 
 1DIAGNOSTIC,     5, -9.042791757511e-01, 1.797693134862e+308, 3.5450e+02, 2.6316e+01, 
 1DIAGNOSTIC,     6, -9.064908860162e-01, 1.797693134862e+308, 3.8105e+02, 2.6550e+01, 
 1DIAGNOSTIC,     7, -9.083333682646e-01, 1.797693134862e+308, 4.0777e+02, 2.6719e+01, 
 1DIAGNOSTIC,     8, -9.099687884169e-01, 1.797693134862e+308, 4.3395e+02, 2.6174e+01, 
 1DIAGNOSTIC,     9, -9.114304269772e-01, 1.797693134862e+308, 4.6005e+02, 2.6109e+01, 
 1DIAGNOSTIC,    10, -9.127571558639e-01, 1.343452887251e-03, 4.8599e+02, 2.5934e+01, 
 1DIAGNOSTIC,    11, -9.139718426145e-01, 1.125251513840e-03, 5.1158e+02, 2.5594e+01, 
 1DIAGNOSTIC,    12, -9.150949961609e-01, 9.247371560275e-04, 5.3740e+02, 2.5818e+01, 
 1DIAGNOSTIC,    13, -9.161336656945e-01, 7.594653993491e-04, 5.6381e+02, 2.6409e+01, 
 1DIAGNOSTIC,    14, -9.169631616051e-01, 6.272783879954e-04, 5.9022e+02, 2.6415e+01, 
 1DIAGNOSTIC,    15, -9.178630305330e-01, 5.267769155885e-04, 6.1618e+02, 2.5959e+01, 
 1DIAGNOSTIC,    16, -9.185876504691e-01, 4.475068708633e-04, 6.4189e+02, 2.5711e+01, 
 1DIAGNOSTIC,    17, -9.192771533752e-01, 3.826135675463e-04, 6.6786e+02, 2.5963e+01, 
 1DIAGNOSTIC,    18, -9.199352640987e-01, 3.291555567324e-04, 6.9412e+02, 2.6262e+01, 
 1DIAGNOSTIC,    19, -9.205685838418e-01, 2.850515684211e-04, 7.2041e+02, 2.6296e+01, 
 1DIAGNOSTIC,    20, -9.211767462972e-01, 2.488742628625e-04, 7.4908e+02, 2.8661e+01, 
 1DIAGNOSTIC,    21, -9.217652934596e-01, 2.195695213710e-04, 7.7549e+02, 2.6419e+01, 
 1DIAGNOSTIC,    22, -9.223378860704e-01, 1.963197006179e-04, 8.0221e+02, 2.6715e+01, 
 1DIAGNOSTIC,    23, -9.229007786010e-01, 1.783457172562e-04, 8.3001e+02, 2.7799e+01, 
 1DIAGNOSTIC,    24, -9.234542103759e-01, 1.629666040824e-04, 8.5710e+02, 2.7089e+01, 
 1DIAGNOSTIC,    25, -9.239863596414e-01, 1.512748735831e-04, 8.8319e+02, 2.6091e+01, 
 1DIAGNOSTIC,    26, -9.245004066279e-01, 1.410207145778e-04, 9.1124e+02, 2.8053e+01, 
 1DIAGNOSTIC,    27, -9.249828337687e-01, 1.316943821903e-04, 9.3677e+02, 2.5529e+01, 
 1DIAGNOSTIC,    28, -9.254324706938e-01, 1.228727233346e-04, 9.6347e+02, 2.6699e+01, 
 1DIAGNOSTIC,    29, -9.258615058480e-01, 1.144092142853e-04, 9.9020e+02, 2.6732e+01, 
 1DIAGNOSTIC,    30, -9.262503389132e-01, 1.059903833984e-04, 1.0163e+03, 2.6118e+01, 
 1DIAGNOSTIC,    31, -9.266073468997e-01, 9.753957107804e-05, 1.0424e+03, 2.6059e+01, 
 1DIAGNOSTIC,    32, -9.269341170217e-01, 8.909145108761e-05, 1.0681e+03, 2.5732e+01, 
 1DIAGNOSTIC,    33, -9.272416845194e-01, 8.088597053153e-05, 1.0937e+03, 2.5617e+01, 
 1DIAGNOSTIC,    34, -9.275257058467e-01, 7.312193893325e-05, 1.1196e+03, 2.5827e+01, 
 1DIAGNOSTIC,    35, -9.277920703796e-01, 6.592930515480e-05, 1.1456e+03, 2.6020e+01, 
 1DIAGNOSTIC,    36, -9.280403074608e-01, 5.943891017265e-05, 1.1719e+03, 2.6343e+01, 
 1DIAGNOSTIC,    37, -9.282755620165e-01, 5.366686628875e-05, 1.1983e+03, 2.6362e+01, 
 1DIAGNOSTIC,    38, -9.284930725385e-01, 4.853900647666e-05, 1.2244e+03, 2.6129e+01, 
 1DIAGNOSTIC,    39, -9.287006150710e-01, 4.412214839484e-05, 1.2507e+03, 2.6304e+01, 
 1DIAGNOSTIC,    40, -9.288944345957e-01, 4.025075638992e-05, 1.2776e+03, 2.6921e+01, 
 1DIAGNOSTIC,    41, -9.290778250766e-01, 3.683368242961e-05, 1.3039e+03, 2.6279e+01, 
 1DIAGNOSTIC,    42, -9.292582667102e-01, 3.382752654710e-05, 1.3303e+03, 2.6365e+01, 
 1DIAGNOSTIC,    43, -9.294229289204e-01, 3.115639549110e-05, 1.3564e+03, 2.6079e+01, 
 1DIAGNOSTIC,    44, -9.295820464601e-01, 2.877645652398e-05, 1.3822e+03, 2.5845e+01, 
 1DIAGNOSTIC,    45, -9.297322913108e-01, 2.664717633542e-05, 1.4084e+03, 2.6160e+01, 
 1DIAGNOSTIC,    46, -9.298792936054e-01, 2.475152718050e-05, 1.4346e+03, 2.6252e+01, 
 1DIAGNOSTIC,    47, -9.300179858552e-01, 2.306133077576e-05, 1.4617e+03, 2.7090e+01, 
 1DIAGNOSTIC,    48, -9.301531137692e-01, 2.153939702510e-05, 1.4886e+03, 2.6932e+01, 
 1DIAGNOSTIC,    49, -9.302818934266e-01, 2.017407497098e-05, 1.5149e+03, 2.6252e+01, 
 1DIAGNOSTIC,    50, -9.304028692461e-01, 1.891248227294e-05, 1.5410e+03, 2.6116e+01, 
XXDIAGNOSTIC,Iteration,metricValue,convergenceValue,ITERATION_TIME_INDEX,SINCE_LAST
 1DIAGNOSTIC,     1, -8.862144222283e-01, 1.797693134862e+308, 1.7890e+03, 2.4799e+02, 
 1DIAGNOSTIC,     2, -8.874099784024e-01, 1.797693134862e+308, 2.0244e+03, 2.3542e+02, 
 1DIAGNOSTIC,     3, -8.890654872715e-01, 1.797693134862e+308, 2.2625e+03, 2.3804e+02, 
 1DIAGNOSTIC,     4, -8.906952672364e-01, 1.797693134862e+308, 2.4989e+03, 2.3644e+02, 
 1DIAGNOSTIC,     5, -8.922161190854e-01, 1.797693134862e+308, 2.7357e+03, 2.3679e+02, 
 1DIAGNOSTIC,     6, -8.936639844416e-01, 1.797693134862e+308, 2.9714e+03, 2.3577e+02, 
 1DIAGNOSTIC,     7, -8.949732687457e-01, 1.797693134862e+308, 3.2083e+03, 2.3690e+02, 
 1DIAGNOSTIC,     8, -8.961577169271e-01, 1.797693134862e+308, 3.4469e+03, 2.3859e+02, 
 1DIAGNOSTIC,     9, -8.972445300100e-01, 1.797693134862e+308, 3.6853e+03, 2.3837e+02, 
 1DIAGNOSTIC,    10, -8.981773558649e-01, 8.874273997394e-04, 3.9222e+03, 2.3691e+02, 
 1DIAGNOSTIC,    11, -8.990609235877e-01, 7.627029933572e-04, 4.1616e+03, 2.3941e+02, 
 1DIAGNOSTIC,    12, -8.999264109214e-01, 6.445421110757e-04, 4.3983e+03, 2.3664e+02, 
 1DIAGNOSTIC,    13, -9.007514362173e-01, 5.465585468540e-04, 4.6356e+03, 2.3738e+02, 
 1DIAGNOSTIC,    14, -9.015597164228e-01, 4.678815298698e-04, 4.8752e+03, 2.3960e+02, 
 1DIAGNOSTIC,    15, -9.022239641732e-01, 4.029039016461e-04, 5.1126e+03, 2.3740e+02, 
 1DIAGNOSTIC,    16, -9.029853440248e-01, 3.527097409366e-04, 5.3497e+03, 2.3708e+02, 
 1DIAGNOSTIC,    17, -9.035808561019e-01, 3.112061721331e-04, 5.5886e+03, 2.3887e+02, 
 1DIAGNOSTIC,    18, -9.041488879965e-01, 2.762370534042e-04, 5.8261e+03, 2.3755e+02, 
 1DIAGNOSTIC,    19, -9.046881589128e-01, 2.463645099410e-04, 6.0653e+03, 2.3913e+02, 
 1DIAGNOSTIC,    20, -9.053306694831e-01, 2.214357745518e-04, 6.3025e+03, 2.3725e+02, 
  Elapsed time (stage 0): 6304.47


Total elapsed time: 6304.47
