
##########################
# Experiment information #
##########################
SIF_IMG: /project/rrg-glatard/mdugre/containers/ants-p2-vprec.sif
EXPERIMENT_NAME: vprec-space_search
CONFIG: 0110
VFC_BACKENDS: libinterflop_vprec.so --range-binary32=7 --precision-binary32=7 --range-binary64=7 --precision-binary64=7

FIXED_IMG: /templateflow/tpl-MNI152NLin2009cAsym/tpl-MNI152NLin2009cAsym_res-01_desc-brain_T1w.nii.gz
SUBJECT_ID: 0003002
INPUT_IMG: /project/rrg-glatard/mdugre/datasets/corr/RawDataBIDS/BMB_1/derivatives/antsBrainExtraction/sub-0003002/BrainExtractionBrain.nii.gz
OUTPUT_DIR: /project/rrg-glatard/mdugre/datasets/corr/RawDataBIDS/BMB_1/derivatives/vprec-space_search/0110/r7-p7/sub-0003002

ITK_GLOBAL_DEFAULT_NUMBER_OF_THREADS: 8
##########################

VFC_BACKENDS=libinterflop_ieee.so
Info [verificarlo]: loaded backend libinterflop_ieee.so
Info [interflop-ieee]: load backend with:
Info [interflop-ieee]: debug = false
Info [interflop-ieee]: debug-binary = false
Info [interflop-ieee]: no-backend-name = false
Info [interflop-ieee]: print-new-line = false
Info [interflop-ieee]: print-subnormal-normalized = false
Info [interflop-ieee]: count-op = false
All_Command_lines_OK
Using double precision for computations.
=============================================================================
The composite transform comprises the following transforms (in order): 
  1. Center of mass alignment using fixed image: /templateflow/tpl-MNI152NLin2009cAsym/tpl-MNI152NLin2009cAsym_res-01_desc-brain_T1w.nii.gz and moving image: /project/rrg-glatard/mdugre/datasets/corr/RawDataBIDS/BMB_1/derivatives/antsBrainExtraction/sub-0003002/BrainExtractionBrain.nii.gz (type = Euler3DTransform)
=============================================================================
  number of levels = 1
  fixed image: /templateflow/tpl-MNI152NLin2009cAsym/tpl-MNI152NLin2009cAsym_res-01_desc-brain_T1w.nii.gz
  moving image: /project/rrg-glatard/mdugre/datasets/corr/RawDataBIDS/BMB_1/derivatives/antsBrainExtraction/sub-0003002/BrainExtractionBrain.nii.gz
Dimension = 3
Number of stages = 1
Use histogram matching = false
Winsorize image intensities = true
  Lower quantile = 0.005
  Upper quantile = 0.995


Stage 1 State
   Image metric = MattesMI
     Fixed image = Image (0x4d91390)
  RTTI typeinfo:   itk::Image<double, 3u>
  Reference Count: 2
  Modified Time: 2330
  Debug: Off
  Object Name: 
  Observers: 
    none
  Source: (none)
  Source output name: (none)
  Release Data: Off
  Data Released: False
  Global Release Data: Off
  PipelineMTime: 0
  UpdateMTime: 1941
  RealTimeStamp: 0 seconds 
  LargestPossibleRegion: 
    Dimension: 3
    Index: [0, 0, 0]
    Size: [193, 229, 193]
  BufferedRegion: 
    Dimension: 3
    Index: [0, 0, 0]
    Size: [193, 229, 193]
  RequestedRegion: 
    Dimension: 3
    Index: [0, 0, 0]
    Size: [193, 229, 193]
  Spacing: [1, 1, 1]
  Origin: [96, 132, -78]
  Direction: 
-1 0 0
0 -1 0
0 0 1

  IndexToPointMatrix: 
-1 0 0
0 -1 0
0 0 1

  PointToIndexMatrix: 
-1 0 0
0 -1 0
0 0 1

  Inverse Direction: 
-1 0 0
0 -1 0
0 0 1

  PixelContainer: 
    ImportImageContainer (0x4e5ca90)
      RTTI typeinfo:   itk::ImportImageContainer<unsigned long, double>
      Reference Count: 1
      Modified Time: 1938
      Debug: Off
      Object Name: 
      Observers: 
        none
      Pointer: 0x14f4716ac010
      Container manages memory: true
      Size: 8530021
      Capacity: 8530021

     Moving image = Image (0x4d96390)
  RTTI typeinfo:   itk::Image<double, 3u>
  Reference Count: 2
  Modified Time: 2331
  Debug: Off
  Object Name: 
  Observers: 
    none
  Source: (none)
  Source output name: (none)
  Release Data: Off
  Data Released: False
  Global Release Data: Off
  PipelineMTime: 0
  UpdateMTime: 2328
  RealTimeStamp: 0 seconds 
  LargestPossibleRegion: 
    Dimension: 3
    Index: [0, 0, 0]
    Size: [176, 256, 256]
  BufferedRegion: 
    Dimension: 3
    Index: [0, 0, 0]
    Size: [176, 256, 256]
  RequestedRegion: 
    Dimension: 3
    Index: [0, 0, 0]
    Size: [176, 256, 256]
  Spacing: [1, 1, 1]
  Origin: [-103.957, 93.3698, -120.922]
  Direction: 
1 0 0
0 -1 0
0 0 1

  IndexToPointMatrix: 
1 0 0
0 -1 0
0 0 1

  PointToIndexMatrix: 
1 0 0
0 -1 0
0 0 1

  Inverse Direction: 
1 0 0
0 -1 0
0 0 1

  PixelContainer: 
    ImportImageContainer (0x4f3cb90)
      RTTI typeinfo:   itk::ImportImageContainer<unsigned long, double>
      Reference Count: 1
      Modified Time: 2325
      Debug: Off
      Object Name: 
      Observers: 
        none
      Pointer: 0x14f46beab010
      Container manages memory: true
      Size: 11534336
      Capacity: 11534336

     Weighting = 1
     Sampling strategy = regular
     Number of bins = 32
     Radius = 4
     Sampling percentage  = 0.25
   Transform = Rigid
     Gradient step = 0.1
     Update field sigma (voxel space) = 0
     Total field sigma (voxel space) = 0
     Update field time sigma = 0
     Total field time sigma  = 0
     Number of time indices = 0
     Number of time point samples = 0
Registration using 1 total stages.

Stage 0
  iterations = 0
  convergence threshold = 1e-06
  convergence window size = 10
  number of levels = 1
  using the Mattes MI metric (number of bins = 32, weight = 1, use gradient filter = 0)
  preprocessing:  winsorizing the image intensities
  Shrink factors (level 1 out of 1): [1, 1, 1]
  smoothing sigmas per level: [0]
  regular sampling (percentage = 0.25)

*** Running Euler3DTransform registration ***

  Elapsed time (stage 0): 0.978741


Total elapsed time: 0.980192
VFC_BACKENDS=libinterflop_vprec.so --range-binary32=7 --precision-binary32=7 --range-binary64=7 --precision-binary64=7
Info [verificarlo]: loaded backend libinterflop_vprec.so
Info [interflop-vprec]: load backend with: 
Info [interflop-vprec]: precision-binary32 = 7
Info [interflop-vprec]: range-binary32 = 7
Info [interflop-vprec]: precision-binary64 = 7
Info [interflop-vprec]: range-binary64 = 7
Info [interflop-vprec]: mode = ob
Info [interflop-vprec]: error-mode = rel
Info [interflop-vprec]: max-abs-error-exponent = -1022
Info [interflop-vprec]: daz = false
Info [interflop-vprec]: ftz = false
Info [interflop-vprec]: 	instrument = none
Info [interflop-vprec]: 	prec-input-file = (null)
Info [interflop-vprec]: 	prec-output-file = (null)
Info [interflop-vprec]: 	prec-log-file = (null)
All_Command_lines_OK
Using double precision for computations.
=============================================================================
The composite transform comprises the following transforms (in order): 
  1. /project/rrg-glatard/mdugre/datasets/corr/RawDataBIDS/BMB_1/derivatives/vprec-space_search/0110/r7-p7/sub-0003002/align_Composite.h5[0] (type = Euler3DTransform)
  2. /project/rrg-glatard/mdugre/datasets/corr/RawDataBIDS/BMB_1/derivatives/vprec-space_search/0110/r7-p7/sub-0003002/align_Composite.h5[1] (type = Euler3DTransform)
=============================================================================
  number of levels = 4
  fixed image: /templateflow/tpl-MNI152NLin2009cAsym/tpl-MNI152NLin2009cAsym_res-01_desc-brain_T1w.nii.gz
  moving image: /project/rrg-glatard/mdugre/datasets/corr/RawDataBIDS/BMB_1/derivatives/antsBrainExtraction/sub-0003002/BrainExtractionBrain.nii.gz
Dimension = 3
Number of stages = 1
Use histogram matching = false
Winsorize image intensities = true
  Lower quantile = 0.005
  Upper quantile = 0.995


Stage 1 State
   Image metric = MattesMI
     Fixed image = Image (0x36c0300)
  RTTI typeinfo:   itk::Image<double, 3u>
  Reference Count: 2
  Modified Time: 1578
  Debug: Off
  Object Name: 
  Observers: 
    none
  Source: (none)
  Source output name: (none)
  Release Data: Off
  Data Released: False
  Global Release Data: Off
  PipelineMTime: 0
  UpdateMTime: 1189
  RealTimeStamp: 0 seconds 
  LargestPossibleRegion: 
    Dimension: 3
    Index: [0, 0, 0]
    Size: [193, 229, 193]
  BufferedRegion: 
    Dimension: 3
    Index: [0, 0, 0]
    Size: [193, 229, 193]
  RequestedRegion: 
    Dimension: 3
    Index: [0, 0, 0]
    Size: [193, 229, 193]
  Spacing: [1, 1, 1]
  Origin: [96, 132, -78]
  Direction: 
-1 0 0
0 -1 0
0 0 1

  IndexToPointMatrix: 
-1 0 0
0 -1 0
0 0 1

  PointToIndexMatrix: 
-1 0 0
0 -1 0
0 0 1

  Inverse Direction: 
-1 0 0
0 -1 0
0 0 1

  PixelContainer: 
    ImportImageContainer (0x377ed00)
      RTTI typeinfo:   itk::ImportImageContainer<unsigned long, double>
      Reference Count: 1
      Modified Time: 1186
      Debug: Off
      Object Name: 
      Observers: 
        none
      Pointer: 0x150852a78010
      Container manages memory: true
      Size: 8530021
      Capacity: 8530021

     Moving image = Image (0x377b030)
  RTTI typeinfo:   itk::Image<double, 3u>
  Reference Count: 2
  Modified Time: 1579
  Debug: Off
  Object Name: 
  Observers: 
    none
  Source: (none)
  Source output name: (none)
  Release Data: Off
  Data Released: False
  Global Release Data: Off
  PipelineMTime: 0
  UpdateMTime: 1576
  RealTimeStamp: 0 seconds 
  LargestPossibleRegion: 
    Dimension: 3
    Index: [0, 0, 0]
    Size: [176, 256, 256]
  BufferedRegion: 
    Dimension: 3
    Index: [0, 0, 0]
    Size: [176, 256, 256]
  RequestedRegion: 
    Dimension: 3
    Index: [0, 0, 0]
    Size: [176, 256, 256]
  Spacing: [1, 1, 1]
  Origin: [-104, 93.5, -121]
  Direction: 
1 0 0
0 -1 0
0 0 1

  IndexToPointMatrix: 
1 0 0
0 -1 0
0 0 1

  PointToIndexMatrix: 
1 0 0
0 -1 0
0 0 1

  Inverse Direction: 
1 0 0
0 -1 0
0 0 1

  PixelContainer: 
    ImportImageContainer (0x3748d70)
      RTTI typeinfo:   itk::ImportImageContainer<unsigned long, double>
      Reference Count: 1
      Modified Time: 1573
      Debug: Off
      Object Name: 
      Observers: 
        none
      Pointer: 0x15084d277010
      Container manages memory: true
      Size: 11534336
      Capacity: 11534336

     Weighting = 1
     Sampling strategy = regular
     Number of bins = 32
     Radius = 4
     Sampling percentage  = 0.25
   Transform = Rigid
     Gradient step = 0.1
     Update field sigma (voxel space) = 0
     Total field sigma (voxel space) = 0
     Update field time sigma = 0
     Total field time sigma  = 0
     Number of time indices = 0
     Number of time point samples = 0
Registration using 1 total stages.

Stage 0
  iterations = 1000x500x250x100
  convergence threshold = 1e-06
  convergence window size = 10
  number of levels = 4
  using the Mattes MI metric (number of bins = 32, weight = 1, use gradient filter = 0)
  preprocessing:  winsorizing the image intensities
  Shrink factors (level 1 out of 4): [8, 8, 8]
  Shrink factors (level 2 out of 4): [4, 4, 4]
  Shrink factors (level 3 out of 4): [2, 2, 2]
  Shrink factors (level 4 out of 4): [1, 1, 1]
  smoothing sigmas per level: [3, 2, 1, 0]
  regular sampling (percentage = 0.25)

*** Running Euler3DTransform registration ***

DIAGNOSTIC,Iteration,metricValue,convergenceValue,ITERATION_TIME_INDEX,SINCE_LAST
 2DIAGNOSTIC,     1, -5.330605987122e-01, 1.797693134862e+308, 0.0000e+00, 0.0000e+00, 
 2DIAGNOSTIC,     2, -5.331051229775e-01, 1.797693134862e+308, 0.0000e+00, 0.0000e+00, 
 2DIAGNOSTIC,     3, -5.338320621393e-01, 1.797693134862e+308, 0.0000e+00, 0.0000e+00, 
 2DIAGNOSTIC,     4, -5.338230898704e-01, 1.797693134862e+308, 0.0000e+00, 0.0000e+00, 
 2DIAGNOSTIC,     5, -5.335342268202e-01, 1.797693134862e+308, 0.0000e+00, 0.0000e+00, 
 2DIAGNOSTIC,     6, -5.333646010749e-01, 1.797693134862e+308, 0.0000e+00, 0.0000e+00, 
 2DIAGNOSTIC,     7, -5.333667565812e-01, 1.797693134862e+308, 0.0000e+00, 0.0000e+00, 
 2DIAGNOSTIC,     8, -5.334051696624e-01, 1.797693134862e+308, 0.0000e+00, 0.0000e+00, 
 2DIAGNOSTIC,     9, -5.333380147149e-01, 1.797693134862e+308, 0.0000e+00, 0.0000e+00, 
DIAGNOSTIC,Iteration,metricValue,convergenceValue,ITERATION_TIME_INDEX,SINCE_LAST
 2DIAGNOSTIC,     1, -4.201626684076e-01, 1.797693134862e+308, 0.0000e+00, 0.0000e+00, 
 2DIAGNOSTIC,     2, -4.202380190753e-01, 1.797693134862e+308, 0.0000e+00, 0.0000e+00, 
 2DIAGNOSTIC,     3, -4.202221045616e-01, 1.797693134862e+308, 0.0000e+00, 0.0000e+00, 
 2DIAGNOSTIC,     4, -4.202229406967e-01, 1.797693134862e+308, 0.0000e+00, 0.0000e+00, 
 2DIAGNOSTIC,     5, -4.202116713266e-01, 1.797693134862e+308, 0.0000e+00, 0.0000e+00, 
 2DIAGNOSTIC,     6, -4.202135916040e-01, 1.797693134862e+308, 0.0000e+00, 0.0000e+00, 
 2DIAGNOSTIC,     7, -4.201805317812e-01, 1.797693134862e+308, 0.0000e+00, 0.0000e+00, 
 2DIAGNOSTIC,     8, -4.201805317812e-01, 1.797693134862e+308, 0.0000e+00, 0.0000e+00, 
 2DIAGNOSTIC,     9, -4.201800136877e-01, 1.797693134862e+308, 0.0000e+00, 0.0000e+00, 
DIAGNOSTIC,Iteration,metricValue,convergenceValue,ITERATION_TIME_INDEX,SINCE_LAST
 2DIAGNOSTIC,     1, -3.665392162812e-01, 1.797693134862e+308, 0.0000e+00, 0.0000e+00, 
 2DIAGNOSTIC,     2, -3.666960213336e-01, 1.797693134862e+308, 0.0000e+00, 0.0000e+00, 
 2DIAGNOSTIC,     3, -3.669341162458e-01, 1.797693134862e+308, 0.0000e+00, 0.0000e+00, 
 2DIAGNOSTIC,     4, -3.673676166701e-01, 1.797693134862e+308, 0.0000e+00, 0.0000e+00, 
 2DIAGNOSTIC,     5, -3.679393361194e-01, 1.797693134862e+308, 0.0000e+00, 0.0000e+00, 
 2DIAGNOSTIC,     6, -3.689379816891e-01, 1.797693134862e+308, 0.0000e+00, 0.0000e+00, 
 2DIAGNOSTIC,     7, -3.703258920214e-01, 1.797693134862e+308, 0.0000e+00, 0.0000e+00, 
 2DIAGNOSTIC,     8, -3.741005475712e-01, 1.797693134862e+308, 0.0000e+00, 0.0000e+00, 
 2DIAGNOSTIC,     9, -3.763884242057e-01, 1.797693134862e+308, 0.0000e+00, 0.0000e+00, 
 2DIAGNOSTIC,    10, -3.809895880751e-01, 2.259716675042e-03, 0.0000e+00, 0.0000e+00, 
 2DIAGNOSTIC,    11, -3.808963197801e-01, 2.495693290598e-03, 0.0000e+00, 0.0000e+00, 
 2DIAGNOSTIC,    12, -3.830840440405e-01, 2.618765737357e-03, 0.0000e+00, 0.0000e+00, 
 2DIAGNOSTIC,    13, -3.830669807183e-01, 2.497349489645e-03, 0.0000e+00, 0.0000e+00, 
 2DIAGNOSTIC,    14, -3.830756536895e-01, 2.188735223012e-03, 0.0000e+00, 0.0000e+00, 
 2DIAGNOSTIC,    15, -3.831005151057e-01, 1.754048382039e-03, 0.0000e+00, 0.0000e+00, 
 2DIAGNOSTIC,    16, -3.830963764591e-01, 1.260931408876e-03, 0.0000e+00, 0.0000e+00, 
 2DIAGNOSTIC,    17, -3.830961474259e-01, 7.717967258034e-04, 0.0000e+00, 0.0000e+00, 
 2DIAGNOSTIC,    18, -3.830817996412e-01, 4.230912179208e-04, 0.0000e+00, 0.0000e+00, 
 2DIAGNOSTIC,    19, -3.830826137006e-01, 1.600221732653e-04, 0.0000e+00, 0.0000e+00, 
 2DIAGNOSTIC,    20, -3.830769440602e-01, 8.282349230821e-05, 0.0000e+00, 0.0000e+00, 
DIAGNOSTIC,Iteration,metricValue,convergenceValue,ITERATION_TIME_INDEX,SINCE_LAST
 2DIAGNOSTIC,     1, -3.522765380354e-01, 1.797693134862e+308, 0.0000e+00, 0.0000e+00, 
 2DIAGNOSTIC,     2, -3.522860852758e-01, 1.797693134862e+308, 0.0000e+00, 0.0000e+00, 
 2DIAGNOSTIC,     3, -3.522704994305e-01, 1.797693134862e+308, 0.0000e+00, 0.0000e+00, 
 2DIAGNOSTIC,     4, -3.524075810393e-01, 1.797693134862e+308, 0.0000e+00, 0.0000e+00, 
 2DIAGNOSTIC,     5, -3.524625773741e-01, 1.797693134862e+308, 0.0000e+00, 0.0000e+00, 
 2DIAGNOSTIC,     6, -3.527952818516e-01, 1.797693134862e+308, 0.0000e+00, 0.0000e+00, 
 2DIAGNOSTIC,     7, -3.525163710666e-01, 1.797693134862e+308, 0.0000e+00, 0.0000e+00, 
 2DIAGNOSTIC,     8, -3.525129830883e-01, 1.797693134862e+308, 0.0000e+00, 0.0000e+00, 
 2DIAGNOSTIC,     9, -3.525085687919e-01, 1.797693134862e+308, 0.0000e+00, 0.0000e+00, 
 2DIAGNOSTIC,    10, -3.525083345312e-01, 5.650450784228e-05, 0.0000e+00, 0.0000e+00, 
 2DIAGNOSTIC,    11, -3.525111137288e-01, 3.530149232281e-05, 0.0000e+00, 0.0000e+00, 
 2DIAGNOSTIC,    12, -3.525029890337e-01, 1.480330632665e-05, 0.0000e+00, 0.0000e+00, 
  Elapsed time (stage 0): 0.0000e+00


Total elapsed time: 0.0000e+00
VFC_BACKENDS=libinterflop_vprec.so --range-binary32=7 --precision-binary32=7 --range-binary64=7 --precision-binary64=7
Info [verificarlo]: loaded backend libinterflop_vprec.so
Info [interflop-vprec]: load backend with: 
Info [interflop-vprec]: precision-binary32 = 7
Info [interflop-vprec]: range-binary32 = 7
Info [interflop-vprec]: precision-binary64 = 7
Info [interflop-vprec]: range-binary64 = 7
Info [interflop-vprec]: mode = ob
Info [interflop-vprec]: error-mode = rel
Info [interflop-vprec]: max-abs-error-exponent = -1022
Info [interflop-vprec]: daz = false
Info [interflop-vprec]: ftz = false
Info [interflop-vprec]: 	instrument = none
Info [interflop-vprec]: 	prec-input-file = (null)
Info [interflop-vprec]: 	prec-output-file = (null)
Info [interflop-vprec]: 	prec-log-file = (null)
All_Command_lines_OK
Using double precision for computations.
=============================================================================
The composite transform comprises the following transforms (in order): 
  1. /project/rrg-glatard/mdugre/datasets/corr/RawDataBIDS/BMB_1/derivatives/vprec-space_search/0110/r7-p7/sub-0003002/rigid_Composite.h5[0] (type = Euler3DTransform)
  2. /project/rrg-glatard/mdugre/datasets/corr/RawDataBIDS/BMB_1/derivatives/vprec-space_search/0110/r7-p7/sub-0003002/rigid_Composite.h5[1] (type = Euler3DTransform)
  3. /project/rrg-glatard/mdugre/datasets/corr/RawDataBIDS/BMB_1/derivatives/vprec-space_search/0110/r7-p7/sub-0003002/rigid_Composite.h5[2] (type = Euler3DTransform)
=============================================================================
  number of levels = 4
  fixed image: /templateflow/tpl-MNI152NLin2009cAsym/tpl-MNI152NLin2009cAsym_res-01_desc-brain_T1w.nii.gz
  moving image: /project/rrg-glatard/mdugre/datasets/corr/RawDataBIDS/BMB_1/derivatives/antsBrainExtraction/sub-0003002/BrainExtractionBrain.nii.gz
Dimension = 3
Number of stages = 1
Use histogram matching = false
Winsorize image intensities = true
  Lower quantile = 0.005
  Upper quantile = 0.995


Stage 1 State
   Image metric = MattesMI
     Fixed image = Image (0x4511300)
  RTTI typeinfo:   itk::Image<double, 3u>
  Reference Count: 2
  Modified Time: 1592
  Debug: Off
  Object Name: 
  Observers: 
    none
  Source: (none)
  Source output name: (none)
  Release Data: Off
  Data Released: False
  Global Release Data: Off
  PipelineMTime: 0
  UpdateMTime: 1203
  RealTimeStamp: 0 seconds 
  LargestPossibleRegion: 
    Dimension: 3
    Index: [0, 0, 0]
    Size: [193, 229, 193]
  BufferedRegion: 
    Dimension: 3
    Index: [0, 0, 0]
    Size: [193, 229, 193]
  RequestedRegion: 
    Dimension: 3
    Index: [0, 0, 0]
    Size: [193, 229, 193]
  Spacing: [1, 1, 1]
  Origin: [96, 132, -78]
  Direction: 
-1 0 0
0 -1 0
0 0 1

  IndexToPointMatrix: 
-1 0 0
0 -1 0
0 0 1

  PointToIndexMatrix: 
-1 0 0
0 -1 0
0 0 1

  Inverse Direction: 
-1 0 0
0 -1 0
0 0 1

  PixelContainer: 
    ImportImageContainer (0x4589c30)
      RTTI typeinfo:   itk::ImportImageContainer<unsigned long, double>
      Reference Count: 1
      Modified Time: 1200
      Debug: Off
      Object Name: 
      Observers: 
        none
      Pointer: 0x146c77908010
      Container manages memory: true
      Size: 8530021
      Capacity: 8530021

     Moving image = Image (0x45df450)
  RTTI typeinfo:   itk::Image<double, 3u>
  Reference Count: 2
  Modified Time: 1593
  Debug: Off
  Object Name: 
  Observers: 
    none
  Source: (none)
  Source output name: (none)
  Release Data: Off
  Data Released: False
  Global Release Data: Off
  PipelineMTime: 0
  UpdateMTime: 1590
  RealTimeStamp: 0 seconds 
  LargestPossibleRegion: 
    Dimension: 3
    Index: [0, 0, 0]
    Size: [176, 256, 256]
  BufferedRegion: 
    Dimension: 3
    Index: [0, 0, 0]
    Size: [176, 256, 256]
  RequestedRegion: 
    Dimension: 3
    Index: [0, 0, 0]
    Size: [176, 256, 256]
  Spacing: [1, 1, 1]
  Origin: [-104, 93.5, -121]
  Direction: 
1 0 0
0 -1 0
0 0 1

  IndexToPointMatrix: 
1 0 0
0 -1 0
0 0 1

  PointToIndexMatrix: 
1 0 0
0 -1 0
0 0 1

  Inverse Direction: 
1 0 0
0 -1 0
0 0 1

  PixelContainer: 
    ImportImageContainer (0x4588850)
      RTTI typeinfo:   itk::ImportImageContainer<unsigned long, double>
      Reference Count: 1
      Modified Time: 1587
      Debug: Off
      Object Name: 
      Observers: 
        none
      Pointer: 0x146c72107010
      Container manages memory: true
      Size: 11534336
      Capacity: 11534336

     Weighting = 1
     Sampling strategy = regular
     Number of bins = 32
     Radius = 4
     Sampling percentage  = 0.25
   Transform = Affine
     Gradient step = 0.1
     Update field sigma (voxel space) = 0
     Total field sigma (voxel space) = 0
     Update field time sigma = 0
     Total field time sigma  = 0
     Number of time indices = 0
     Number of time point samples = 0
Registration using 1 total stages.

Stage 0
  iterations = 1000x500x250x100
  convergence threshold = 1e-06
  convergence window size = 10
  number of levels = 4
  using the Mattes MI metric (number of bins = 32, weight = 1, use gradient filter = 0)
  preprocessing:  winsorizing the image intensities
  Shrink factors (level 1 out of 4): [8, 8, 8]
  Shrink factors (level 2 out of 4): [4, 4, 4]
  Shrink factors (level 3 out of 4): [2, 2, 2]
  Shrink factors (level 4 out of 4): [1, 1, 1]
  smoothing sigmas per level: [3, 2, 1, 0]
  regular sampling (percentage = 0.25)

*** Running AffineTransform registration ***

DIAGNOSTIC,Iteration,metricValue,convergenceValue,ITERATION_TIME_INDEX,SINCE_LAST
 2DIAGNOSTIC,     1, -5.617220044231e-01, 1.797693134862e+308, 0.0000e+00, 0.0000e+00, 
 2DIAGNOSTIC,     2, -5.617220044231e-01, 1.797693134862e+308, 0.0000e+00, 0.0000e+00, 
 2DIAGNOSTIC,     3, -5.617831637817e-01, 1.797693134862e+308, 0.0000e+00, 0.0000e+00, 
 2DIAGNOSTIC,     4, -5.617831637817e-01, 1.797693134862e+308, 0.0000e+00, 0.0000e+00, 
 2DIAGNOSTIC,     5, -5.617220044231e-01, 1.797693134862e+308, 0.0000e+00, 0.0000e+00, 
 2DIAGNOSTIC,     6, -5.617220044231e-01, 1.797693134862e+308, 0.0000e+00, 0.0000e+00, 
 2DIAGNOSTIC,     7, -5.617831634453e-01, 1.797693134862e+308, 0.0000e+00, 0.0000e+00, 
 2DIAGNOSTIC,     8, -5.617220040867e-01, 1.797693134862e+308, 0.0000e+00, 0.0000e+00, 
 2DIAGNOSTIC,     9, -5.617220040023e-01, 1.797693134862e+308, 0.0000e+00, 0.0000e+00, 
DIAGNOSTIC,Iteration,metricValue,convergenceValue,ITERATION_TIME_INDEX,SINCE_LAST
 2DIAGNOSTIC,     1, -4.454327381564e-01, 1.797693134862e+308, 0.0000e+00, 0.0000e+00, 
 2DIAGNOSTIC,     2, -4.454327381567e-01, 1.797693134862e+308, 0.0000e+00, 0.0000e+00, 
 2DIAGNOSTIC,     3, -4.454315710651e-01, 1.797693134862e+308, 0.0000e+00, 0.0000e+00, 
 2DIAGNOSTIC,     4, -4.454315707563e-01, 1.797693134862e+308, 0.0000e+00, 0.0000e+00, 
 2DIAGNOSTIC,     5, -4.454315703161e-01, 1.797693134862e+308, 0.0000e+00, 0.0000e+00, 
 2DIAGNOSTIC,     6, -4.454315703161e-01, 1.797693134862e+308, 0.0000e+00, 0.0000e+00, 
 2DIAGNOSTIC,     7, -4.454315703211e-01, 1.797693134862e+308, 0.0000e+00, 0.0000e+00, 
 2DIAGNOSTIC,     8, -4.454296073015e-01, 1.797693134862e+308, 0.0000e+00, 0.0000e+00, 
 2DIAGNOSTIC,     9, -4.454435993910e-01, 1.797693134862e+308, 0.0000e+00, 0.0000e+00, 
DIAGNOSTIC,Iteration,metricValue,convergenceValue,ITERATION_TIME_INDEX,SINCE_LAST
 2DIAGNOSTIC,     1, -3.847672495459e-01, 1.797693134862e+308, 0.0000e+00, 0.0000e+00, 
 2DIAGNOSTIC,     2, -3.847673973516e-01, 1.797693134862e+308, 0.0000e+00, 0.0000e+00, 
 2DIAGNOSTIC,     3, -3.847673224693e-01, 1.797693134862e+308, 0.0000e+00, 0.0000e+00, 
 2DIAGNOSTIC,     4, -3.847673224692e-01, 1.797693134862e+308, 0.0000e+00, 0.0000e+00, 
 2DIAGNOSTIC,     5, -3.847673224664e-01, 1.797693134862e+308, 0.0000e+00, 0.0000e+00, 
 2DIAGNOSTIC,     6, -3.847673248354e-01, 1.797693134862e+308, 0.0000e+00, 0.0000e+00, 
 2DIAGNOSTIC,     7, -3.847673248354e-01, 1.797693134862e+308, 0.0000e+00, 0.0000e+00, 
 2DIAGNOSTIC,     8, -3.847671573760e-01, 1.797693134862e+308, 0.0000e+00, 0.0000e+00, 
 2DIAGNOSTIC,     9, -3.847671573760e-01, 1.797693134862e+308, 0.0000e+00, 0.0000e+00, 
DIAGNOSTIC,Iteration,metricValue,convergenceValue,ITERATION_TIME_INDEX,SINCE_LAST
 2DIAGNOSTIC,     1, -3.542372484542e-01, 1.797693134862e+308, 0.0000e+00, 0.0000e+00, 
 2DIAGNOSTIC,     2, -3.542413206368e-01, 1.797693134862e+308, 0.0000e+00, 0.0000e+00, 
 2DIAGNOSTIC,     3, -3.542430136220e-01, 1.797693134862e+308, 0.0000e+00, 0.0000e+00, 
 2DIAGNOSTIC,     4, -3.542441516034e-01, 1.797693134862e+308, 0.0000e+00, 0.0000e+00, 
 2DIAGNOSTIC,     5, -3.542462062066e-01, 1.797693134862e+308, 0.0000e+00, 0.0000e+00, 
 2DIAGNOSTIC,     6, -3.542414296002e-01, 1.797693134862e+308, 0.0000e+00, 0.0000e+00, 
 2DIAGNOSTIC,     7, -3.542396205033e-01, 1.797693134862e+308, 0.0000e+00, 0.0000e+00, 
 2DIAGNOSTIC,     8, -3.542373571076e-01, 1.797693134862e+308, 0.0000e+00, 0.0000e+00, 
 2DIAGNOSTIC,     9, -3.542376731174e-01, 1.797693134862e+308, 0.0000e+00, 0.0000e+00, 
  Elapsed time (stage 0): 0.0000e+00


Total elapsed time: 0.0000e+00
VFC_BACKENDS=libinterflop_ieee.so
Info [verificarlo]: loaded backend libinterflop_ieee.so
Info [interflop-ieee]: load backend with:
Info [interflop-ieee]: debug = false
Info [interflop-ieee]: debug-binary = false
Info [interflop-ieee]: no-backend-name = false
Info [interflop-ieee]: print-new-line = false
Info [interflop-ieee]: print-subnormal-normalized = false
Info [interflop-ieee]: count-op = false
All_Command_lines_OK
Using double precision for computations.
=============================================================================
The composite transform comprises the following transforms (in order): 
  1. /project/rrg-glatard/mdugre/datasets/corr/RawDataBIDS/BMB_1/derivatives/vprec-space_search/0110/r7-p7/sub-0003002/affine_Composite.h5[0] (type = Euler3DTransform)
  2. /project/rrg-glatard/mdugre/datasets/corr/RawDataBIDS/BMB_1/derivatives/vprec-space_search/0110/r7-p7/sub-0003002/affine_Composite.h5[1] (type = Euler3DTransform)
  3. /project/rrg-glatard/mdugre/datasets/corr/RawDataBIDS/BMB_1/derivatives/vprec-space_search/0110/r7-p7/sub-0003002/affine_Composite.h5[2] (type = Euler3DTransform)
  4. /project/rrg-glatard/mdugre/datasets/corr/RawDataBIDS/BMB_1/derivatives/vprec-space_search/0110/r7-p7/sub-0003002/affine_Composite.h5[3] (type = AffineTransform)
=============================================================================
  number of levels = 4
  fixed image: /templateflow/tpl-MNI152NLin2009cAsym/tpl-MNI152NLin2009cAsym_res-01_desc-brain_T1w.nii.gz
  moving image: /project/rrg-glatard/mdugre/datasets/corr/RawDataBIDS/BMB_1/derivatives/antsBrainExtraction/sub-0003002/BrainExtractionBrain.nii.gz
Dimension = 3
Number of stages = 1
Use histogram matching = false
Winsorize image intensities = true
  Lower quantile = 0.005
  Upper quantile = 0.995


Stage 1 State
   Image metric = CC
     Fixed image = Image (0x3a70810)
  RTTI typeinfo:   itk::Image<double, 3u>
  Reference Count: 2
  Modified Time: 1606
  Debug: Off
  Object Name: 
  Observers: 
    none
  Source: (none)
  Source output name: (none)
  Release Data: Off
  Data Released: False
  Global Release Data: Off
  PipelineMTime: 0
  UpdateMTime: 1217
  RealTimeStamp: 0 seconds 
  LargestPossibleRegion: 
    Dimension: 3
    Index: [0, 0, 0]
    Size: [193, 229, 193]
  BufferedRegion: 
    Dimension: 3
    Index: [0, 0, 0]
    Size: [193, 229, 193]
  RequestedRegion: 
    Dimension: 3
    Index: [0, 0, 0]
    Size: [193, 229, 193]
  Spacing: [1, 1, 1]
  Origin: [96, 132, -78]
  Direction: 
-1 0 0
0 -1 0
0 0 1

  IndexToPointMatrix: 
-1 0 0
0 -1 0
0 0 1

  PointToIndexMatrix: 
-1 0 0
0 -1 0
0 0 1

  Inverse Direction: 
-1 0 0
0 -1 0
0 0 1

  PixelContainer: 
    ImportImageContainer (0x3ae8fb0)
      RTTI typeinfo:   itk::ImportImageContainer<unsigned long, double>
      Reference Count: 1
      Modified Time: 1214
      Debug: Off
      Object Name: 
      Observers: 
        none
      Pointer: 0x151e94572010
      Container manages memory: true
      Size: 8530021
      Capacity: 8530021

     Moving image = Image (0x3b482f0)
  RTTI typeinfo:   itk::Image<double, 3u>
  Reference Count: 2
  Modified Time: 1607
  Debug: Off
  Object Name: 
  Observers: 
    none
  Source: (none)
  Source output name: (none)
  Release Data: Off
  Data Released: False
  Global Release Data: Off
  PipelineMTime: 0
  UpdateMTime: 1604
  RealTimeStamp: 0 seconds 
  LargestPossibleRegion: 
    Dimension: 3
    Index: [0, 0, 0]
    Size: [176, 256, 256]
  BufferedRegion: 
    Dimension: 3
    Index: [0, 0, 0]
    Size: [176, 256, 256]
  RequestedRegion: 
    Dimension: 3
    Index: [0, 0, 0]
    Size: [176, 256, 256]
  Spacing: [1, 1, 1]
  Origin: [-103.957, 93.3698, -120.922]
  Direction: 
1 0 0
0 -1 0
0 0 1

  IndexToPointMatrix: 
1 0 0
0 -1 0
0 0 1

  PointToIndexMatrix: 
1 0 0
0 -1 0
0 0 1

  Inverse Direction: 
1 0 0
0 -1 0
0 0 1

  PixelContainer: 
    ImportImageContainer (0x3af90f0)
      RTTI typeinfo:   itk::ImportImageContainer<unsigned long, double>
      Reference Count: 1
      Modified Time: 1601
      Debug: Off
      Object Name: 
      Observers: 
        none
      Pointer: 0x151e8ed71010
      Container manages memory: true
      Size: 11534336
      Capacity: 11534336

     Weighting = 1
     Sampling strategy = none
     Number of bins = 32
     Radius = 4
     Sampling percentage  = 1
   Transform = SyN
     Gradient step = 0.1
     Update field sigma (voxel space) = 3
     Total field sigma (voxel space) = 0
     Update field time sigma = 0
     Total field time sigma  = 0
     Number of time indices = 0
     Number of time point samples = 0
Registration using 1 total stages.

Stage 0
  iterations = 100x70x50x20
  convergence threshold = 1e-06
  convergence window size = 10
  number of levels = 4
  using the CC metric (radius = 4, weight = 1, use gradient filter = 0)
  preprocessing:  winsorizing the image intensities
  Shrink factors (level 1 out of 4): [8, 8, 8]
  Shrink factors (level 2 out of 4): [4, 4, 4]
  Shrink factors (level 3 out of 4): [2, 2, 2]
  Shrink factors (level 4 out of 4): [1, 1, 1]
  smoothing sigmas per level: [3, 2, 1, 0]
  Using default NONE metricSamplingStrategy 

*** Running SyN registration (varianceForUpdateField = 3, varianceForTotalField = 0) ***

XXDIAGNOSTIC,Iteration,metricValue,convergenceValue,ITERATION_TIME_INDEX,SINCE_LAST
 1DIAGNOSTIC,     1, -6.284660865823e-01, 1.797693134862e+308, 1.5517e+00, 1.5517e+00, 
 1DIAGNOSTIC,     2, -6.691471990890e-01, 1.797693134862e+308, 1.8996e+00, 3.4781e-01, 
 1DIAGNOSTIC,     3, -7.102098246644e-01, 1.797693134862e+308, 2.2484e+00, 3.4886e-01, 
 1DIAGNOSTIC,     4, -7.488238952393e-01, 1.797693134862e+308, 2.6022e+00, 3.5383e-01, 
 1DIAGNOSTIC,     5, -7.826784619065e-01, 1.797693134862e+308, 2.9572e+00, 3.5492e-01, 
 1DIAGNOSTIC,     6, -8.135463019810e-01, 1.797693134862e+308, 3.2993e+00, 3.4215e-01, 
 1DIAGNOSTIC,     7, -8.369860527112e-01, 1.797693134862e+308, 3.6457e+00, 3.4636e-01, 
 1DIAGNOSTIC,     8, -8.580365468400e-01, 1.797693134862e+308, 3.9894e+00, 3.4369e-01, 
 1DIAGNOSTIC,     9, -8.766169378632e-01, 1.797693134862e+308, 4.3286e+00, 3.3922e-01, 
 1DIAGNOSTIC,    10, -8.924125455462e-01, 2.164520750815e-02, 4.6716e+00, 3.4304e-01, 
 1DIAGNOSTIC,    11, -9.054988303912e-01, 1.708678437765e-02, 5.0207e+00, 3.4904e-01, 
 1DIAGNOSTIC,    12, -9.164475785772e-01, 1.336214801430e-02, 5.3715e+00, 3.5083e-01, 
 1DIAGNOSTIC,    13, -9.254379837059e-01, 1.041350221461e-02, 5.7265e+00, 3.5495e-01, 
 1DIAGNOSTIC,    14, -9.326347763329e-01, 8.117272496037e-03, 6.0793e+00, 3.5286e-01, 
 1DIAGNOSTIC,    15, -9.389883211225e-01, 6.334691150532e-03, 6.4306e+00, 3.5127e-01, 
 1DIAGNOSTIC,    16, -9.434391069949e-01, 4.967152503365e-03, 6.7857e+00, 3.5516e-01, 
 1DIAGNOSTIC,    17, -9.466369552054e-01, 3.847416313634e-03, 7.1403e+00, 3.5453e-01, 
 1DIAGNOSTIC,    18, -9.489777043025e-01, 2.943238460510e-03, 7.5001e+00, 3.5981e-01, 
 1DIAGNOSTIC,    19, -9.504749308151e-01, 2.221067232231e-03, 7.8516e+00, 3.5153e-01, 
 1DIAGNOSTIC,    20, -9.517552822906e-01, 1.652717215220e-03, 8.1973e+00, 3.4571e-01, 
 1DIAGNOSTIC,    21, -9.525225057103e-01, 1.205347672632e-03, 8.5491e+00, 3.5182e-01, 
 1DIAGNOSTIC,    22, -9.531749993176e-01, 8.616162027864e-04, 8.9051e+00, 3.5591e-01, 
 1DIAGNOSTIC,    23, -9.537109734415e-01, 6.041224849331e-04, 9.2507e+00, 3.4562e-01, 
 1DIAGNOSTIC,    24, -9.541805612182e-01, 4.160625162400e-04, 9.6032e+00, 3.5249e-01, 
 1DIAGNOSTIC,    25, -9.546160309492e-01, 2.924808254395e-04, 9.9488e+00, 3.4565e-01, 
 1DIAGNOSTIC,    26, -9.549802694062e-01, 2.109592539367e-04, 1.0296e+01, 3.4699e-01, 
 1DIAGNOSTIC,    27, -9.553075147672e-01, 1.577795533504e-04, 1.0647e+01, 3.5155e-01, 
 1DIAGNOSTIC,    28, -9.556386494583e-01, 1.242811822638e-04, 1.1005e+01, 3.5734e-01, 
 1DIAGNOSTIC,    29, -9.559363842866e-01, 1.011655729084e-04, 1.1356e+01, 3.5175e-01, 
 1DIAGNOSTIC,    30, -9.561857072368e-01, 8.638087072568e-05, 1.1706e+01, 3.4981e-01, 
 1DIAGNOSTIC,    31, -9.564152521027e-01, 7.468088382181e-05, 1.2060e+01, 3.5330e-01, 
 1DIAGNOSTIC,    32, -9.566267172082e-01, 6.528563188531e-05, 1.2405e+01, 3.4499e-01, 
 1DIAGNOSTIC,    33, -9.568231747032e-01, 5.736204020243e-05, 1.2750e+01, 3.4549e-01, 
 1DIAGNOSTIC,    34, -9.570546048997e-01, 5.103172681461e-05, 1.3096e+01, 3.4612e-01, 
 1DIAGNOSTIC,    35, -9.572231391856e-01, 4.571547167798e-05, 1.3448e+01, 3.5158e-01, 
 1DIAGNOSTIC,    36, -9.573813646630e-01, 4.099469209006e-05, 1.3794e+01, 3.4605e-01, 
 1DIAGNOSTIC,    37, -9.575305067966e-01, 3.674047495190e-05, 1.4146e+01, 3.5227e-01, 
 1DIAGNOSTIC,    38, -9.576698646082e-01, 3.315268108620e-05, 1.4492e+01, 3.4614e-01, 
 1DIAGNOSTIC,    39, -9.578012857631e-01, 3.009329036362e-05, 1.4849e+01, 3.5642e-01, 
 1DIAGNOSTIC,    40, -9.579259453685e-01, 2.730237109343e-05, 1.5200e+01, 3.5138e-01, 
 1DIAGNOSTIC,    41, -9.580438596281e-01, 2.475704476084e-05, 1.5552e+01, 3.5171e-01, 
 1DIAGNOSTIC,    42, -9.581556485718e-01, 2.243489714072e-05, 1.5903e+01, 3.5083e-01, 
 1DIAGNOSTIC,    43, -9.582539882066e-01, 2.026300691093e-05, 1.6254e+01, 3.5127e-01, 
 1DIAGNOSTIC,    44, -9.583557307656e-01, 1.867105142343e-05, 1.6617e+01, 3.6277e-01, 
 1DIAGNOSTIC,    45, -9.584526681081e-01, 1.725489196085e-05, 1.6973e+01, 3.5677e-01, 
 1DIAGNOSTIC,    46, -9.585450511515e-01, 1.599670039238e-05, 1.7325e+01, 3.5197e-01, 
 1DIAGNOSTIC,    47, -9.586341093736e-01, 1.488915698263e-05, 1.7676e+01, 3.5065e-01, 
 1DIAGNOSTIC,    48, -9.587187553194e-01, 1.390401721575e-05, 1.8039e+01, 3.6317e-01, 
 1DIAGNOSTIC,    49, -9.588000970851e-01, 1.302578940894e-05, 1.8390e+01, 3.5083e-01, 
 1DIAGNOSTIC,    50, -9.588780815043e-01, 1.224062001982e-05, 1.8737e+01, 3.4658e-01, 
 1DIAGNOSTIC,    51, -9.589530395078e-01, 1.153363361195e-05, 1.9085e+01, 3.4837e-01, 
 1DIAGNOSTIC,    52, -9.590246179141e-01, 1.088992372622e-05, 1.9444e+01, 3.5873e-01, 
 1DIAGNOSTIC,    53, -9.590934226651e-01, 1.025000894109e-05, 1.9787e+01, 3.4335e-01, 
 1DIAGNOSTIC,    54, -9.591569879246e-01, 9.644605588201e-06, 2.0131e+01, 3.4405e-01, 
 1DIAGNOSTIC,    55, -9.592207292662e-01, 9.085818148076e-06, 2.0474e+01, 3.4314e-01, 
 1DIAGNOSTIC,    56, -9.592823337382e-01, 8.570075649941e-06, 2.0836e+01, 3.6155e-01, 
 1DIAGNOSTIC,    57, -9.593417297914e-01, 8.098925257761e-06, 2.1187e+01, 3.5154e-01, 
 1DIAGNOSTIC,    58, -9.593988643418e-01, 7.665462914256e-06, 2.1540e+01, 3.5282e-01, 
 1DIAGNOSTIC,    59, -9.594478899731e-01, 7.236467290412e-06, 2.1887e+01, 3.4673e-01, 
 1DIAGNOSTIC,    60, -9.595011279510e-01, 6.845353287901e-06, 2.2230e+01, 3.4308e-01, 
 1DIAGNOSTIC,    61, -9.595524744455e-01, 6.489822092472e-06, 2.2584e+01, 3.5381e-01, 
 1DIAGNOSTIC,    62, -9.596019611256e-01, 6.165373831055e-06, 2.2931e+01, 3.4738e-01, 
 1DIAGNOSTIC,    63, -9.596497736066e-01, 5.871019948530e-06, 2.3281e+01, 3.5021e-01, 
 1DIAGNOSTIC,    64, -9.596959527885e-01, 5.591213303843e-06, 2.3628e+01, 3.4662e-01, 
 1DIAGNOSTIC,    65, -9.597406483385e-01, 5.336700341186e-06, 2.3969e+01, 3.4154e-01, 
 1DIAGNOSTIC,    66, -9.597848083665e-01, 5.109462915168e-06, 2.4316e+01, 3.4610e-01, 
 1DIAGNOSTIC,    67, -9.598264894514e-01, 4.900883604771e-06, 2.4657e+01, 3.4166e-01, 
 1DIAGNOSTIC,    68, -9.598665879137e-01, 4.706813961745e-06, 2.5010e+01, 3.5252e-01, 
 1DIAGNOSTIC,    69, -9.599052871658e-01, 4.495409082712e-06, 2.5363e+01, 3.5328e-01, 
 1DIAGNOSTIC,    70, -9.599426890440e-01, 4.293832131408e-06, 2.5717e+01, 3.5420e-01, 
 1DIAGNOSTIC,    71, -9.599788541749e-01, 4.101337708756e-06, 2.6078e+01, 3.6123e-01, 
 1DIAGNOSTIC,    72, -9.600138414163e-01, 3.917406245123e-06, 2.6422e+01, 3.4388e-01, 
 1DIAGNOSTIC,    73, -9.600475635325e-01, 3.741699738526e-06, 2.6767e+01, 3.4511e-01, 
 1DIAGNOSTIC,    74, -9.600801423803e-01, 3.574165703828e-06, 2.7114e+01, 3.4618e-01, 
 1DIAGNOSTIC,    75, -9.601115611830e-01, 3.414807011867e-06, 2.7461e+01, 3.4758e-01, 
 1DIAGNOSTIC,    76, -9.601169137945e-01, 3.167429743727e-06, 2.7803e+01, 3.4167e-01, 
 1DIAGNOSTIC,    77, -9.601465921746e-01, 2.944422839941e-06, 2.8144e+01, 3.4087e-01, 
 1DIAGNOSTIC,    78, -9.601753856764e-01, 2.748736549331e-06, 2.8489e+01, 3.4518e-01, 
 1DIAGNOSTIC,    79, -9.602033936838e-01, 2.585731719575e-06, 2.8825e+01, 3.3576e-01, 
 1DIAGNOSTIC,    80, -9.602305025526e-01, 2.460091877833e-06, 2.9160e+01, 3.3503e-01, 
 1DIAGNOSTIC,    81, -9.602570376130e-01, 2.373843995594e-06, 2.9507e+01, 3.4746e-01, 
 1DIAGNOSTIC,    82, -9.602826725262e-01, 2.321950986329e-06, 2.9844e+01, 3.3636e-01, 
 1DIAGNOSTIC,    83, -9.603075635117e-01, 2.296169545547e-06, 3.0191e+01, 3.4791e-01, 
 1DIAGNOSTIC,    84, -9.603331601436e-01, 2.294166423864e-06, 3.0528e+01, 3.3679e-01, 
 1DIAGNOSTIC,    85, -9.603565170168e-01, 2.303989069238e-06, 3.0866e+01, 3.3799e-01, 
 1DIAGNOSTIC,    86, -9.603788573097e-01, 2.223613551792e-06, 3.1207e+01, 3.4114e-01, 
 1DIAGNOSTIC,    87, -9.604002654203e-01, 2.143151252675e-06, 3.1547e+01, 3.3973e-01, 
 1DIAGNOSTIC,    88, -9.604210923361e-01, 2.062766492299e-06, 3.1888e+01, 3.4075e-01, 
 1DIAGNOSTIC,    89, -9.604413877428e-01, 1.983294440670e-06, 3.2230e+01, 3.4185e-01, 
 1DIAGNOSTIC,    90, -9.604614108119e-01, 1.906225344298e-06, 3.2571e+01, 3.4093e-01, 
 1DIAGNOSTIC,    91, -9.604808627194e-01, 1.833093213933e-06, 3.2922e+01, 3.5147e-01, 
 1DIAGNOSTIC,    92, -9.605011122616e-01, 1.768489198568e-06, 3.3263e+01, 3.4055e-01, 
 1DIAGNOSTIC,    93, -9.605191169716e-01, 1.706390532206e-06, 3.3613e+01, 3.5082e-01, 
 1DIAGNOSTIC,    94, -9.605364521343e-01, 1.651320796228e-06, 3.3955e+01, 3.4199e-01, 
 1DIAGNOSTIC,    95, -9.605535058047e-01, 1.598608959636e-06, 3.4303e+01, 3.4722e-01, 
 1DIAGNOSTIC,    96, -9.605700308129e-01, 1.546624016021e-06, 3.4645e+01, 3.4210e-01, 
 1DIAGNOSTIC,    97, -9.605875635136e-01, 1.498971725827e-06, 3.4992e+01, 3.4731e-01, 
 1DIAGNOSTIC,    98, -9.606033334773e-01, 1.451305990482e-06, 3.5333e+01, 3.4049e-01, 
 1DIAGNOSTIC,    99, -9.606186254951e-01, 1.403909945146e-06, 3.5675e+01, 3.4193e-01, 
 1DIAGNOSTIC,   100, -9.606335140240e-01, 1.357888721383e-06, 3.6017e+01, 3.4241e-01, 
XXDIAGNOSTIC,Iteration,metricValue,convergenceValue,ITERATION_TIME_INDEX,SINCE_LAST
 1DIAGNOSTIC,     1, -9.170967752969e-01, 1.797693134862e+308, 4.0184e+01, 4.1674e+00, 
 1DIAGNOSTIC,     2, -9.188784616332e-01, 1.797693134862e+308, 4.3281e+01, 3.0966e+00, 
 1DIAGNOSTIC,     3, -9.211346126196e-01, 1.797693134862e+308, 4.6255e+01, 2.9738e+00, 
 1DIAGNOSTIC,     4, -9.229795892197e-01, 1.797693134862e+308, 4.9318e+01, 3.0636e+00, 
 1DIAGNOSTIC,     5, -9.245272814828e-01, 1.797693134862e+308, 5.2309e+01, 2.9906e+00, 
 1DIAGNOSTIC,     6, -9.258368111882e-01, 1.797693134862e+308, 5.5363e+01, 3.0540e+00, 
 1DIAGNOSTIC,     7, -9.269684030755e-01, 1.797693134862e+308, 5.8569e+01, 3.2062e+00, 
 1DIAGNOSTIC,     8, -9.279593696471e-01, 1.797693134862e+308, 6.1575e+01, 3.0058e+00, 
 1DIAGNOSTIC,     9, -9.288364964669e-01, 1.797693134862e+308, 6.4575e+01, 3.0003e+00, 
 1DIAGNOSTIC,    10, -9.296395772060e-01, 8.675221950794e-04, 6.7566e+01, 2.9904e+00, 
 1DIAGNOSTIC,    11, -9.302019409465e-01, 6.916235946281e-04, 7.0578e+01, 3.0130e+00, 
 1DIAGNOSTIC,    12, -9.307218199656e-01, 5.414044104082e-04, 7.3575e+01, 2.9961e+00, 
 1DIAGNOSTIC,    13, -9.311985511950e-01, 4.295547283612e-04, 7.6635e+01, 3.0605e+00, 
 1DIAGNOSTIC,    14, -9.316656314877e-01, 3.449998942189e-04, 7.9718e+01, 3.0832e+00, 
 1DIAGNOSTIC,    15, -9.320882103833e-01, 2.802548435271e-04, 8.2798e+01, 3.0793e+00, 
 1DIAGNOSTIC,    16, -9.324937480272e-01, 2.306394888981e-04, 8.5729e+01, 2.9317e+00, 
 1DIAGNOSTIC,    17, -9.328919404805e-01, 1.931320013321e-04, 8.8723e+01, 2.9939e+00, 
 1DIAGNOSTIC,    18, -9.332637310644e-01, 1.650436804753e-04, 9.1628e+01, 2.9049e+00, 
 1DIAGNOSTIC,    19, -9.336144107865e-01, 1.442981722108e-04, 9.4561e+01, 2.9331e+00, 
 1DIAGNOSTIC,    20, -9.339409363514e-01, 1.295038776456e-04, 9.7481e+01, 2.9195e+00, 
 1DIAGNOSTIC,    21, -9.342538057259e-01, 1.168159582614e-04, 1.0055e+02, 3.0697e+00, 
 1DIAGNOSTIC,    22, -9.345378332799e-01, 1.055655537254e-04, 1.0346e+02, 2.9056e+00, 
 1DIAGNOSTIC,    23, -9.348000455055e-01, 9.525703501102e-05, 1.0637e+02, 2.9097e+00, 
 1DIAGNOSTIC,    24, -9.350417570461e-01, 8.594133052307e-05, 1.0932e+02, 2.9563e+00, 
 1DIAGNOSTIC,    25, -9.352613518417e-01, 7.718838787065e-05, 1.1232e+02, 3.0030e+00, 
 1DIAGNOSTIC,    26, -9.354627354483e-01, 6.901670656258e-05, 1.1535e+02, 3.0269e+00, 
 1DIAGNOSTIC,    27, -9.356598850645e-01, 6.172611354465e-05, 1.1847e+02, 3.1170e+00, 
 1DIAGNOSTIC,    28, -9.358306204642e-01, 5.509264634061e-05, 1.2153e+02, 3.0565e+00, 
 1DIAGNOSTIC,    29, -9.359687559960e-01, 4.890964274284e-05, 1.2456e+02, 3.0307e+00, 
 1DIAGNOSTIC,    30, -9.361076411061e-01, 4.330515775234e-05, 1.2754e+02, 2.9890e+00, 
 1DIAGNOSTIC,    31, -9.362328441290e-01, 3.832689604511e-05, 1.3056e+02, 3.0157e+00, 
 1DIAGNOSTIC,    32, -9.363525136676e-01, 3.392769281978e-05, 1.3368e+02, 3.1229e+00, 
 1DIAGNOSTIC,    33, -9.364522097712e-01, 2.997682451852e-05, 1.3672e+02, 3.0321e+00, 
 1DIAGNOSTIC,    34, -9.365394728045e-01, 2.642728255614e-05, 1.3973e+02, 3.0109e+00, 
 1DIAGNOSTIC,    35, -9.366171140387e-01, 2.322280451421e-05, 1.4273e+02, 3.0001e+00, 
 1DIAGNOSTIC,    36, -9.366893473129e-01, 2.036109596014e-05, 1.4580e+02, 3.0751e+00, 
 1DIAGNOSTIC,    37, -9.367528825989e-01, 1.792180010321e-05, 1.4881e+02, 3.0118e+00, 
 1DIAGNOSTIC,    38, -9.368089931562e-01, 1.578867820693e-05, 1.5183e+02, 3.0177e+00, 
 1DIAGNOSTIC,    39, -9.368436172467e-01, 1.367377157262e-05, 1.5492e+02, 3.0910e+00, 
 1DIAGNOSTIC,    40, -9.368862202565e-01, 1.180978279996e-05, 1.5795e+02, 3.0251e+00, 
 1DIAGNOSTIC,    41, -9.369315589061e-01, 1.023649772886e-05, 1.6103e+02, 3.0850e+00, 
 1DIAGNOSTIC,    42, -9.369673801280e-01, 8.947330029770e-06, 1.6402e+02, 2.9850e+00, 
 1DIAGNOSTIC,    43, -9.369998608194e-01, 7.862727549515e-06, 1.6707e+02, 3.0489e+00, 
 1DIAGNOSTIC,    44, -9.370293271086e-01, 6.948519181999e-06, 1.7005e+02, 2.9884e+00, 
 1DIAGNOSTIC,    45, -9.370527324150e-01, 6.155702473903e-06, 1.7313e+02, 3.0708e+00, 
 1DIAGNOSTIC,    46, -9.370710704240e-01, 5.466973625860e-06, 1.7615e+02, 3.0253e+00, 
 1DIAGNOSTIC,    47, -9.370925433353e-01, 4.894405302464e-06, 1.7913e+02, 2.9801e+00, 
 1DIAGNOSTIC,    48, -9.371073945847e-01, 4.389084810878e-06, 1.8228e+02, 3.1476e+00, 
 1DIAGNOSTIC,    49, -9.371265149107e-01, 3.877698276526e-06, 1.8534e+02, 3.0661e+00, 
 1DIAGNOSTIC,    50, -9.371350404509e-01, 3.383455767225e-06, 1.8834e+02, 3.0004e+00, 
 1DIAGNOSTIC,    51, -9.371465465010e-01, 2.982547497705e-06, 1.9132e+02, 2.9755e+00, 
 1DIAGNOSTIC,    52, -9.371560565004e-01, 2.633085701954e-06, 1.9428e+02, 2.9560e+00, 
 1DIAGNOSTIC,    53, -9.371639966689e-01, 2.331568984250e-06, 1.9723e+02, 2.9586e+00, 
 1DIAGNOSTIC,    54, -9.371639756341e-01, 2.038869523987e-06, 2.0014e+02, 2.9026e+00, 
 1DIAGNOSTIC,    55, -9.371680708554e-01, 1.769912535088e-06, 2.0303e+02, 2.8938e+00, 
 1DIAGNOSTIC,    56, -9.371698481035e-01, 1.503673339311e-06, 2.0607e+02, 3.0348e+00, 
 1DIAGNOSTIC,    57, -9.371695902780e-01, 1.268861265648e-06, 2.0909e+02, 3.0248e+00, 
 1DIAGNOSTIC,    58, -9.371702012364e-01, 1.053465872033e-06, 2.1213e+02, 3.0346e+00, 
 1DIAGNOSTIC,    59, -9.371741169111e-01, 9.159466271558e-07, 2.1501e+02, 2.8857e+00, 
XXDIAGNOSTIC,Iteration,metricValue,convergenceValue,ITERATION_TIME_INDEX,SINCE_LAST
 1DIAGNOSTIC,     1, -9.159544217300e-01, 1.797693134862e+308, 2.4138e+02, 2.6370e+01, 
 1DIAGNOSTIC,     2, -9.177461469474e-01, 1.797693134862e+308, 2.6519e+02, 2.3813e+01, 
 1DIAGNOSTIC,     3, -9.197902018204e-01, 1.797693134862e+308, 2.8937e+02, 2.4179e+01, 
 1DIAGNOSTIC,     4, -9.218104694086e-01, 1.797693134862e+308, 3.1364e+02, 2.4266e+01, 
 1DIAGNOSTIC,     5, -9.237441684174e-01, 1.797693134862e+308, 3.3787e+02, 2.4231e+01, 
 1DIAGNOSTIC,     6, -9.255982855145e-01, 1.797693134862e+308, 3.6244e+02, 2.4568e+01, 
 1DIAGNOSTIC,     7, -9.273926886433e-01, 1.797693134862e+308, 3.8712e+02, 2.4680e+01, 
 1DIAGNOSTIC,     8, -9.289884438097e-01, 1.797693134862e+308, 4.1225e+02, 2.5136e+01, 
 1DIAGNOSTIC,     9, -9.304453925848e-01, 1.797693134862e+308, 4.3683e+02, 2.4571e+01, 
 1DIAGNOSTIC,    10, -9.316361402049e-01, 1.114623170431e-03, 4.6180e+02, 2.4976e+01, 
 1DIAGNOSTIC,    11, -9.326980203792e-01, 9.555307747119e-04, 4.8732e+02, 2.5523e+01, 
 1DIAGNOSTIC,    12, -9.336362793973e-01, 8.065957780714e-04, 5.1195e+02, 2.4629e+01, 
 1DIAGNOSTIC,    13, -9.344448572668e-01, 6.745870146583e-04, 5.3702e+02, 2.5069e+01, 
 1DIAGNOSTIC,    14, -9.351503614484e-01, 5.595060820434e-04, 5.6155e+02, 2.4530e+01, 
 1DIAGNOSTIC,    15, -9.357748080548e-01, 4.606670014137e-04, 5.8701e+02, 2.5454e+01, 
 1DIAGNOSTIC,    16, -9.363310986014e-01, 3.777900748370e-04, 6.1145e+02, 2.4447e+01, 
 1DIAGNOSTIC,    17, -9.368296400037e-01, 3.109206602749e-04, 6.3691e+02, 2.5461e+01, 
 1DIAGNOSTIC,    18, -9.372827815475e-01, 2.573537537586e-04, 6.6216e+02, 2.5248e+01, 
 1DIAGNOSTIC,    19, -9.376980505926e-01, 2.155790717584e-04, 6.8698e+02, 2.4823e+01, 
 1DIAGNOSTIC,    20, -9.380846714176e-01, 1.819483747524e-04, 7.1144e+02, 2.4453e+01, 
 1DIAGNOSTIC,    21, -9.384414837633e-01, 1.551254331040e-04, 7.3603e+02, 2.4596e+01, 
 1DIAGNOSTIC,    22, -9.387782174092e-01, 1.339033452146e-04, 7.6010e+02, 2.4064e+01, 
 1DIAGNOSTIC,    23, -9.390962765128e-01, 1.169209080190e-04, 7.8399e+02, 2.3895e+01, 
 1DIAGNOSTIC,    24, -9.394040273052e-01, 1.032608184663e-04, 8.0836e+02, 2.4362e+01, 
 1DIAGNOSTIC,    25, -9.396969562865e-01, 9.218539333410e-05, 8.3328e+02, 2.4922e+01, 
 1DIAGNOSTIC,    26, -9.399850042668e-01, 8.320144167480e-05, 8.5752e+02, 2.4241e+01, 
 1DIAGNOSTIC,    27, -9.402664523199e-01, 7.586576410250e-05, 8.8200e+02, 2.4483e+01, 
 1DIAGNOSTIC,    28, -9.405447459552e-01, 6.987717949549e-05, 9.0601e+02, 2.4009e+01, 
 1DIAGNOSTIC,    29, -9.408207592992e-01, 6.498498179527e-05, 9.3038e+02, 2.4367e+01, 
 1DIAGNOSTIC,    30, -9.410994957412e-01, 6.105386840644e-05, 9.5437e+02, 2.3990e+01, 
 1DIAGNOSTIC,    31, -9.413793923158e-01, 5.787604508170e-05, 9.7864e+02, 2.4275e+01, 
 1DIAGNOSTIC,    32, -9.416651725635e-01, 5.536092477120e-05, 1.0026e+03, 2.4006e+01, 
 1DIAGNOSTIC,    33, -9.419569506089e-01, 5.339665516124e-05, 1.0274e+03, 2.4732e+01, 
 1DIAGNOSTIC,    34, -9.422595965508e-01, 5.196710446166e-05, 1.0513e+03, 2.3918e+01, 
 1DIAGNOSTIC,    35, -9.425511847426e-01, 5.078509809436e-05, 1.0762e+03, 2.4869e+01, 
 1DIAGNOSTIC,    36, -9.428325626130e-01, 4.967758742944e-05, 1.1009e+03, 2.4686e+01, 
 1DIAGNOSTIC,    37, -9.431093885613e-01, 4.851952631950e-05, 1.1251e+03, 2.4265e+01, 
 1DIAGNOSTIC,    38, -9.433799079200e-01, 4.721889485432e-05, 1.1495e+03, 2.4429e+01, 
 1DIAGNOSTIC,    39, -9.436479299497e-01, 4.574944693049e-05, 1.1741e+03, 2.4511e+01, 
 1DIAGNOSTIC,    40, -9.439075931039e-01, 4.410670369834e-05, 1.1984e+03, 2.4318e+01, 
 1DIAGNOSTIC,    41, -9.441673489657e-01, 4.236253075841e-05, 1.2228e+03, 2.4398e+01, 
 1DIAGNOSTIC,    42, -9.444174003149e-01, 4.055794273014e-05, 1.2477e+03, 2.4901e+01, 
 1DIAGNOSTIC,    43, -9.446481716931e-01, 3.867629855373e-05, 1.2726e+03, 2.4951e+01, 
 1DIAGNOSTIC,    44, -9.448653422386e-01, 3.679749881408e-05, 1.2969e+03, 2.4243e+01, 
 1DIAGNOSTIC,    45, -9.450675279463e-01, 3.484257013320e-05, 1.3214e+03, 2.4499e+01, 
 1DIAGNOSTIC,    46, -9.452565740105e-01, 3.277087816538e-05, 1.3459e+03, 2.4523e+01, 
 1DIAGNOSTIC,    47, -9.454334851982e-01, 3.060889294482e-05, 1.3706e+03, 2.4697e+01, 
 1DIAGNOSTIC,    48, -9.456012103944e-01, 2.840621961111e-05, 1.3954e+03, 2.4765e+01, 
 1DIAGNOSTIC,    49, -9.457562418624e-01, 2.622292318653e-05, 1.4200e+03, 2.4613e+01, 
 1DIAGNOSTIC,    50, -9.458983750902e-01, 2.408202703204e-05, 1.4449e+03, 2.4925e+01, 
XXDIAGNOSTIC,Iteration,metricValue,convergenceValue,ITERATION_TIME_INDEX,SINCE_LAST
 1DIAGNOSTIC,     1, -9.115582578172e-01, 1.797693134862e+308, 1.6711e+03, 2.2625e+02, 
 1DIAGNOSTIC,     2, -9.127135654361e-01, 1.797693134862e+308, 1.8897e+03, 2.1857e+02, 
 1DIAGNOSTIC,     3, -9.140583092476e-01, 1.797693134862e+308, 2.1083e+03, 2.1864e+02, 
 1DIAGNOSTIC,     4, -9.153840518271e-01, 1.797693134862e+308, 2.3256e+03, 2.1727e+02, 
 1DIAGNOSTIC,     5, -9.166686929062e-01, 1.797693134862e+308, 2.5444e+03, 2.1879e+02, 
 1DIAGNOSTIC,     6, -9.178723347566e-01, 1.797693134862e+308, 2.7635e+03, 2.1913e+02, 
 1DIAGNOSTIC,     7, -9.190135234319e-01, 1.797693134862e+308, 2.9815e+03, 2.1792e+02, 
 1DIAGNOSTIC,     8, -9.200994697802e-01, 1.797693134862e+308, 3.1983e+03, 2.1681e+02, 
 1DIAGNOSTIC,     9, -9.211311310620e-01, 1.797693134862e+308, 3.4170e+03, 2.1871e+02, 
 1DIAGNOSTIC,    10, -9.220929762138e-01, 7.476945358702e-04, 3.6339e+03, 2.1690e+02, 
 1DIAGNOSTIC,    11, -9.229836848953e-01, 6.537415924435e-04, 3.8528e+03, 2.1893e+02, 
 1DIAGNOSTIC,    12, -9.237986105909e-01, 5.673045253568e-04, 4.0725e+03, 2.1967e+02, 
 1DIAGNOSTIC,    13, -9.243923340244e-01, 4.887703459754e-04, 4.2933e+03, 2.2079e+02, 
 1DIAGNOSTIC,    14, -9.249553616016e-01, 4.185995420650e-04, 4.5133e+03, 2.2005e+02, 
 1DIAGNOSTIC,    15, -9.255004237770e-01, 3.570839944471e-04, 4.7338e+03, 2.2051e+02, 
 1DIAGNOSTIC,    16, -9.260077841847e-01, 3.033420127071e-04, 4.9538e+03, 2.1995e+02, 
 1DIAGNOSTIC,    17, -9.264992354642e-01, 2.574993570660e-04, 5.1725e+03, 2.1870e+02, 
 1DIAGNOSTIC,    18, -9.269623040926e-01, 2.194340824857e-04, 5.3934e+03, 2.2087e+02, 
 1DIAGNOSTIC,    19, -9.274011492397e-01, 1.888519668511e-04, 5.6141e+03, 2.2075e+02, 
 1DIAGNOSTIC,    20, -9.278324342955e-01, 1.651643754499e-04, 5.8337e+03, 2.1962e+02, 
  Elapsed time (stage 0): 5835.56


Total elapsed time: 5835.57
