
##########################
# Experiment information #
##########################
SIF_IMG: /project/rrg-glatard/mdugre/containers/ants-p2-vprec.sif
EXPERIMENT_NAME: vprec-space_search
CONFIG: 0110
VFC_BACKENDS: libinterflop_vprec.so --range-binary32=7 --precision-binary32=17 --range-binary64=7 --precision-binary64=17

FIXED_IMG: /templateflow/tpl-MNI152NLin2009cAsym/tpl-MNI152NLin2009cAsym_res-01_desc-brain_T1w.nii.gz
SUBJECT_ID: 0003013
INPUT_IMG: /project/rrg-glatard/mdugre/datasets/corr/RawDataBIDS/BMB_1/derivatives/antsBrainExtraction/sub-0003013/BrainExtractionBrain.nii.gz
OUTPUT_DIR: /project/rrg-glatard/mdugre/datasets/corr/RawDataBIDS/BMB_1/derivatives/vprec-space_search/0110/r7-p17/sub-0003013

ITK_GLOBAL_DEFAULT_NUMBER_OF_THREADS: 8
##########################

VFC_BACKENDS=libinterflop_ieee.so
Info [verificarlo]: loaded backend libinterflop_ieee.so
Info [interflop-ieee]: load backend with:
Info [interflop-ieee]: debug = false
Info [interflop-ieee]: debug-binary = false
Info [interflop-ieee]: no-backend-name = false
Info [interflop-ieee]: print-new-line = false
Info [interflop-ieee]: print-subnormal-normalized = false
Info [interflop-ieee]: count-op = false
All_Command_lines_OK
Using double precision for computations.
=============================================================================
The composite transform comprises the following transforms (in order): 
  1. Center of mass alignment using fixed image: /templateflow/tpl-MNI152NLin2009cAsym/tpl-MNI152NLin2009cAsym_res-01_desc-brain_T1w.nii.gz and moving image: /project/rrg-glatard/mdugre/datasets/corr/RawDataBIDS/BMB_1/derivatives/antsBrainExtraction/sub-0003013/BrainExtractionBrain.nii.gz (type = Euler3DTransform)
=============================================================================
  number of levels = 1
  fixed image: /templateflow/tpl-MNI152NLin2009cAsym/tpl-MNI152NLin2009cAsym_res-01_desc-brain_T1w.nii.gz
  moving image: /project/rrg-glatard/mdugre/datasets/corr/RawDataBIDS/BMB_1/derivatives/antsBrainExtraction/sub-0003013/BrainExtractionBrain.nii.gz
Dimension = 3
Number of stages = 1
Use histogram matching = false
Winsorize image intensities = true
  Lower quantile = 0.005
  Upper quantile = 0.995


Stage 1 State
   Image metric = MattesMI
     Fixed image = Image (0x47cc390)
  RTTI typeinfo:   itk::Image<double, 3u>
  Reference Count: 2
  Modified Time: 2334
  Debug: Off
  Object Name: 
  Observers: 
    none
  Source: (none)
  Source output name: (none)
  Release Data: Off
  Data Released: False
  Global Release Data: Off
  PipelineMTime: 0
  UpdateMTime: 1943
  RealTimeStamp: 0 seconds 
  LargestPossibleRegion: 
    Dimension: 3
    Index: [0, 0, 0]
    Size: [193, 229, 193]
  BufferedRegion: 
    Dimension: 3
    Index: [0, 0, 0]
    Size: [193, 229, 193]
  RequestedRegion: 
    Dimension: 3
    Index: [0, 0, 0]
    Size: [193, 229, 193]
  Spacing: [1, 1, 1]
  Origin: [96, 132, -78]
  Direction: 
-1 0 0
0 -1 0
0 0 1

  IndexToPointMatrix: 
-1 0 0
0 -1 0
0 0 1

  PointToIndexMatrix: 
-1 0 0
0 -1 0
0 0 1

  Inverse Direction: 
-1 0 0
0 -1 0
0 0 1

  PixelContainer: 
    ImportImageContainer (0x4897a90)
      RTTI typeinfo:   itk::ImportImageContainer<unsigned long, double>
      Reference Count: 1
      Modified Time: 1940
      Debug: Off
      Object Name: 
      Observers: 
        none
      Pointer: 0x14e305d88010
      Container manages memory: true
      Size: 8530021
      Capacity: 8530021

     Moving image = Image (0x47d1390)
  RTTI typeinfo:   itk::Image<double, 3u>
  Reference Count: 2
  Modified Time: 2335
  Debug: Off
  Object Name: 
  Observers: 
    none
  Source: (none)
  Source output name: (none)
  Release Data: Off
  Data Released: False
  Global Release Data: Off
  PipelineMTime: 0
  UpdateMTime: 2332
  RealTimeStamp: 0 seconds 
  LargestPossibleRegion: 
    Dimension: 3
    Index: [0, 0, 0]
    Size: [176, 256, 256]
  BufferedRegion: 
    Dimension: 3
    Index: [0, 0, 0]
    Size: [176, 256, 256]
  RequestedRegion: 
    Dimension: 3
    Index: [0, 0, 0]
    Size: [176, 256, 256]
  Spacing: [1, 1, 1]
  Origin: [-95.2239, 100.87, -126.398]
  Direction: 
1 0 0
0 -1 0
0 0 1

  IndexToPointMatrix: 
1 0 0
0 -1 0
0 0 1

  PointToIndexMatrix: 
1 0 0
0 -1 0
0 0 1

  Inverse Direction: 
1 0 0
0 -1 0
0 0 1

  PixelContainer: 
    ImportImageContainer (0x47f7850)
      RTTI typeinfo:   itk::ImportImageContainer<unsigned long, double>
      Reference Count: 1
      Modified Time: 2329
      Debug: Off
      Object Name: 
      Observers: 
        none
      Pointer: 0x14e300587010
      Container manages memory: true
      Size: 11534336
      Capacity: 11534336

     Weighting = 1
     Sampling strategy = regular
     Number of bins = 32
     Radius = 4
     Sampling percentage  = 0.25
   Transform = Rigid
     Gradient step = 0.1
     Update field sigma (voxel space) = 0
     Total field sigma (voxel space) = 0
     Update field time sigma = 0
     Total field time sigma  = 0
     Number of time indices = 0
     Number of time point samples = 0
Registration using 1 total stages.

Stage 0
  iterations = 0
  convergence threshold = 1e-06
  convergence window size = 10
  number of levels = 1
  using the Mattes MI metric (number of bins = 32, weight = 1, use gradient filter = 0)
  preprocessing:  winsorizing the image intensities
  Shrink factors (level 1 out of 1): [1, 1, 1]
  smoothing sigmas per level: [0]
  regular sampling (percentage = 0.25)

*** Running Euler3DTransform registration ***

  Elapsed time (stage 0): 0.933763


Total elapsed time: 0.935231
VFC_BACKENDS=libinterflop_vprec.so --range-binary32=7 --precision-binary32=17 --range-binary64=7 --precision-binary64=17
Info [verificarlo]: loaded backend libinterflop_vprec.so
Info [interflop-vprec]: load backend with: 
Info [interflop-vprec]: precision-binary32 = 17
Info [interflop-vprec]: range-binary32 = 7
Info [interflop-vprec]: precision-binary64 = 17
Info [interflop-vprec]: range-binary64 = 7
Info [interflop-vprec]: mode = ob
Info [interflop-vprec]: error-mode = rel
Info [interflop-vprec]: max-abs-error-exponent = -1022
Info [interflop-vprec]: daz = false
Info [interflop-vprec]: ftz = false
Info [interflop-vprec]: 	instrument = none
Info [interflop-vprec]: 	prec-input-file = (null)
Info [interflop-vprec]: 	prec-output-file = (null)
Info [interflop-vprec]: 	prec-log-file = (null)
All_Command_lines_OK
Using double precision for computations.
=============================================================================
The composite transform comprises the following transforms (in order): 
  1. /project/rrg-glatard/mdugre/datasets/corr/RawDataBIDS/BMB_1/derivatives/vprec-space_search/0110/r7-p17/sub-0003013/align_Composite.h5[0] (type = Euler3DTransform)
  2. /project/rrg-glatard/mdugre/datasets/corr/RawDataBIDS/BMB_1/derivatives/vprec-space_search/0110/r7-p17/sub-0003013/align_Composite.h5[1] (type = Euler3DTransform)
=============================================================================
  number of levels = 4
  fixed image: /templateflow/tpl-MNI152NLin2009cAsym/tpl-MNI152NLin2009cAsym_res-01_desc-brain_T1w.nii.gz
  moving image: /project/rrg-glatard/mdugre/datasets/corr/RawDataBIDS/BMB_1/derivatives/antsBrainExtraction/sub-0003013/BrainExtractionBrain.nii.gz
Dimension = 3
Number of stages = 1
Use histogram matching = false
Winsorize image intensities = true
  Lower quantile = 0.005
  Upper quantile = 0.995


Stage 1 State
   Image metric = MattesMI
     Fixed image = Image (0x4194300)
  RTTI typeinfo:   itk::Image<double, 3u>
  Reference Count: 2
  Modified Time: 1578
  Debug: Off
  Object Name: 
  Observers: 
    none
  Source: (none)
  Source output name: (none)
  Release Data: Off
  Data Released: False
  Global Release Data: Off
  PipelineMTime: 0
  UpdateMTime: 1189
  RealTimeStamp: 0 seconds 
  LargestPossibleRegion: 
    Dimension: 3
    Index: [0, 0, 0]
    Size: [193, 229, 193]
  BufferedRegion: 
    Dimension: 3
    Index: [0, 0, 0]
    Size: [193, 229, 193]
  RequestedRegion: 
    Dimension: 3
    Index: [0, 0, 0]
    Size: [193, 229, 193]
  Spacing: [1, 1, 1]
  Origin: [96, 132, -78]
  Direction: 
-1 0 0
0 -1 0
0 0 1

  IndexToPointMatrix: 
-1 0 0
0 -1 0
0 0 1

  PointToIndexMatrix: 
-1 0 0
0 -1 0
0 0 1

  Inverse Direction: 
-1 0 0
0 -1 0
0 0 1

  PixelContainer: 
    ImportImageContainer (0x42574b0)
      RTTI typeinfo:   itk::ImportImageContainer<unsigned long, double>
      Reference Count: 1
      Modified Time: 1186
      Debug: Off
      Object Name: 
      Observers: 
        none
      Pointer: 0x14be7721e010
      Container manages memory: true
      Size: 8530021
      Capacity: 8530021

     Moving image = Image (0x42571c0)
  RTTI typeinfo:   itk::Image<double, 3u>
  Reference Count: 2
  Modified Time: 1579
  Debug: Off
  Object Name: 
  Observers: 
    none
  Source: (none)
  Source output name: (none)
  Release Data: Off
  Data Released: False
  Global Release Data: Off
  PipelineMTime: 0
  UpdateMTime: 1576
  RealTimeStamp: 0 seconds 
  LargestPossibleRegion: 
    Dimension: 3
    Index: [0, 0, 0]
    Size: [176, 256, 256]
  BufferedRegion: 
    Dimension: 3
    Index: [0, 0, 0]
    Size: [176, 256, 256]
  RequestedRegion: 
    Dimension: 3
    Index: [0, 0, 0]
    Size: [176, 256, 256]
  Spacing: [1, 1, 1]
  Origin: [-95.2236, 100.87, -126.397]
  Direction: 
1 0 0
0 -1 0
0 0 1

  IndexToPointMatrix: 
1 0 0
0 -1 0
0 0 1

  PointToIndexMatrix: 
1 0 0
0 -1 0
0 0 1

  Inverse Direction: 
1 0 0
0 -1 0
0 0 1

  PixelContainer: 
    ImportImageContainer (0x431a010)
      RTTI typeinfo:   itk::ImportImageContainer<unsigned long, double>
      Reference Count: 1
      Modified Time: 1573
      Debug: Off
      Object Name: 
      Observers: 
        none
      Pointer: 0x14be71a1d010
      Container manages memory: true
      Size: 11534336
      Capacity: 11534336

     Weighting = 1
     Sampling strategy = regular
     Number of bins = 32
     Radius = 4
     Sampling percentage  = 0.25
   Transform = Rigid
     Gradient step = 0.1
     Update field sigma (voxel space) = 0
     Total field sigma (voxel space) = 0
     Update field time sigma = 0
     Total field time sigma  = 0
     Number of time indices = 0
     Number of time point samples = 0
Registration using 1 total stages.

Stage 0
  iterations = 1000x500x250x100
  convergence threshold = 1e-06
  convergence window size = 10
  number of levels = 4
  using the Mattes MI metric (number of bins = 32, weight = 1, use gradient filter = 0)
  preprocessing:  winsorizing the image intensities
  Shrink factors (level 1 out of 4): [8, 8, 8]
  Shrink factors (level 2 out of 4): [4, 4, 4]
  Shrink factors (level 3 out of 4): [2, 2, 2]
  Shrink factors (level 4 out of 4): [1, 1, 1]
  smoothing sigmas per level: [3, 2, 1, 0]
  regular sampling (percentage = 0.25)

*** Running Euler3DTransform registration ***

DIAGNOSTIC,Iteration,metricValue,convergenceValue,ITERATION_TIME_INDEX,SINCE_LAST
 2DIAGNOSTIC,     1, -4.997191729893e-01, 1.797693134862e+308, 0.0000e+00, 0.0000e+00, 
 2DIAGNOSTIC,     2, -5.008387867147e-01, 1.797693134862e+308, 0.0000e+00, 0.0000e+00, 
 2DIAGNOSTIC,     3, -5.024685294051e-01, 1.797693134862e+308, 0.0000e+00, 0.0000e+00, 
 2DIAGNOSTIC,     4, -5.039446362247e-01, 1.797693134862e+308, 0.0000e+00, 0.0000e+00, 
 2DIAGNOSTIC,     5, -5.052438138856e-01, 1.797693134862e+308, 0.0000e+00, 0.0000e+00, 
 2DIAGNOSTIC,     6, -5.062126777246e-01, 1.797693134862e+308, 0.0000e+00, 0.0000e+00, 
 2DIAGNOSTIC,     7, -5.085471273209e-01, 1.797693134862e+308, 0.0000e+00, 0.0000e+00, 
 2DIAGNOSTIC,     8, -5.189381455764e-01, 1.797693134862e+308, 0.0000e+00, 0.0000e+00, 
 2DIAGNOSTIC,     9, -5.243276054814e-01, 1.797693134862e+308, 0.0000e+00, 0.0000e+00, 
 2DIAGNOSTIC,    10, -5.241861464365e-01, 3.286835192093e-03, 0.0000e+00, 0.0000e+00, 
 2DIAGNOSTIC,    11, -5.242179251131e-01, 3.211977159699e-03, 0.0000e+00, 0.0000e+00, 
 2DIAGNOSTIC,    12, -5.242949963895e-01, 2.917902502889e-03, 0.0000e+00, 0.0000e+00, 
 2DIAGNOSTIC,    13, -5.244434790832e-01, 2.473746358105e-03, 0.0000e+00, 0.0000e+00, 
 2DIAGNOSTIC,    14, -5.246425985832e-01, 1.931684141695e-03, 0.0000e+00, 0.0000e+00, 
 2DIAGNOSTIC,    15, -5.253716264297e-01, 1.367502455978e-03, 0.0000e+00, 0.0000e+00, 
 2DIAGNOSTIC,    16, -5.268654278531e-01, 8.394371663561e-04, 0.0000e+00, 0.0000e+00, 
 2DIAGNOSTIC,    17, -5.273150903580e-01, 3.793279209699e-04, 0.0000e+00, 0.0000e+00, 
 2DIAGNOSTIC,    18, -5.273223380296e-01, 2.500382707821e-04, 0.0000e+00, 0.0000e+00, 
 2DIAGNOSTIC,    19, -5.272957259201e-01, 2.675861267625e-04, 0.0000e+00, 0.0000e+00, 
 2DIAGNOSTIC,    20, -5.272877823276e-01, 2.543403822708e-04, 0.0000e+00, 0.0000e+00, 
 2DIAGNOSTIC,    21, -5.273433359160e-01, 2.204354961540e-04, 0.0000e+00, 0.0000e+00, 
 2DIAGNOSTIC,    22, -5.272515589257e-01, 1.687450480672e-04, 0.0000e+00, 0.0000e+00, 
 2DIAGNOSTIC,    23, -5.272356760543e-01, 1.098267852441e-04, 0.0000e+00, 0.0000e+00, 
 2DIAGNOSTIC,    24, -5.272623568489e-01, 5.100236749166e-05, 0.0000e+00, 0.0000e+00, 
 2DIAGNOSTIC,    25, -5.273897500094e-01, 1.016066536448e-05, 0.0000e+00, 0.0000e+00, 
 2DIAGNOSTIC,    26, -5.274814130658e-01, 4.640637816820e-06, 0.0000e+00, 0.0000e+00, 
 2DIAGNOSTIC,    27, -5.275668588656e-01, 1.004404117554e-05, 0.0000e+00, 0.0000e+00, 
 2DIAGNOSTIC,    28, -5.286598630884e-01, 3.573058499646e-05, 0.0000e+00, 0.0000e+00, 
 2DIAGNOSTIC,    29, -5.346369331094e-01, 1.676956449597e-04, 0.0000e+00, 0.0000e+00, 
 2DIAGNOSTIC,    30, -5.360782258616e-01, 2.979736701798e-04, 0.0000e+00, 0.0000e+00, 
 2DIAGNOSTIC,    31, -5.363026433639e-01, 3.973147070734e-04, 0.0000e+00, 0.0000e+00, 
 2DIAGNOSTIC,    32, -5.366222468354e-01, 4.584185134464e-04, 0.0000e+00, 0.0000e+00, 
 2DIAGNOSTIC,    33, -5.366633345847e-01, 4.724239245484e-04, 0.0000e+00, 0.0000e+00, 
 2DIAGNOSTIC,    34, -5.366469777205e-01, 4.393460739323e-04, 0.0000e+00, 0.0000e+00, 
 2DIAGNOSTIC,    35, -5.365916534906e-01, 3.673067554674e-04, 0.0000e+00, 0.0000e+00, 
 2DIAGNOSTIC,    36, -5.365393359499e-01, 2.666455441595e-04, 0.0000e+00, 0.0000e+00, 
 2DIAGNOSTIC,    37, -5.365629536188e-01, 1.487299788830e-04, 0.0000e+00, 0.0000e+00, 
 2DIAGNOSTIC,    38, -5.366080372551e-01, 3.711026726359e-05, 0.0000e+00, 0.0000e+00, 
 2DIAGNOSTIC,    39, -5.366779713786e-01, 1.134583465594e-05, 0.0000e+00, 0.0000e+00, 
 2DIAGNOSTIC,    40, -5.369596688284e-01, 9.177556504938e-06, 0.0000e+00, 0.0000e+00, 
 2DIAGNOSTIC,    41, -5.377080882965e-01, 1.895918866997e-05, 0.0000e+00, 0.0000e+00, 
 2DIAGNOSTIC,    42, -5.380490363990e-01, 3.477841974623e-05, 0.0000e+00, 0.0000e+00, 
 2DIAGNOSTIC,    43, -5.382175601995e-01, 4.925143449983e-05, 0.0000e+00, 0.0000e+00, 
 2DIAGNOSTIC,    44, -5.384091959384e-01, 6.069570370608e-05, 0.0000e+00, 0.0000e+00, 
 2DIAGNOSTIC,    45, -5.383378507148e-01, 6.433074061161e-05, 0.0000e+00, 0.0000e+00, 
 2DIAGNOSTIC,    46, -5.383469933233e-01, 6.113321190515e-05, 0.0000e+00, 0.0000e+00, 
 2DIAGNOSTIC,    47, -5.383528156614e-01, 5.259439698631e-05, 0.0000e+00, 0.0000e+00, 
 2DIAGNOSTIC,    48, -5.383615582258e-01, 4.013794815464e-05, 0.0000e+00, 0.0000e+00, 
 2DIAGNOSTIC,    49, -5.383586336600e-01, 2.518831327723e-05, 0.0000e+00, 0.0000e+00, 
 2DIAGNOSTIC,    50, -5.383593415824e-01, 1.138951715466e-05, 0.0000e+00, 0.0000e+00, 
 2DIAGNOSTIC,    51, -5.383583868079e-01, 4.953388399509e-06, 0.0000e+00, 0.0000e+00, 
 2DIAGNOSTIC,    52, -5.383625813305e-01, 1.885860441378e-06, 0.0000e+00, 0.0000e+00, 
DIAGNOSTIC,Iteration,metricValue,convergenceValue,ITERATION_TIME_INDEX,SINCE_LAST
 2DIAGNOSTIC,     1, -4.334596045310e-01, 1.797693134862e+308, 0.0000e+00, 0.0000e+00, 
 2DIAGNOSTIC,     2, -4.338673861061e-01, 1.797693134862e+308, 0.0000e+00, 0.0000e+00, 
 2DIAGNOSTIC,     3, -4.344062763490e-01, 1.797693134862e+308, 0.0000e+00, 0.0000e+00, 
 2DIAGNOSTIC,     4, -4.349446167311e-01, 1.797693134862e+308, 0.0000e+00, 0.0000e+00, 
 2DIAGNOSTIC,     5, -4.354264663276e-01, 1.797693134862e+308, 0.0000e+00, 0.0000e+00, 
 2DIAGNOSTIC,     6, -4.355317862593e-01, 1.797693134862e+308, 0.0000e+00, 0.0000e+00, 
 2DIAGNOSTIC,     7, -4.355480319009e-01, 1.797693134862e+308, 0.0000e+00, 0.0000e+00, 
 2DIAGNOSTIC,     8, -4.355857303757e-01, 1.797693134862e+308, 0.0000e+00, 0.0000e+00, 
 2DIAGNOSTIC,     9, -4.356221857096e-01, 1.797693134862e+308, 0.0000e+00, 0.0000e+00, 
 2DIAGNOSTIC,    10, -4.356522956612e-01, 3.202149777958e-04, 0.0000e+00, 0.0000e+00, 
 2DIAGNOSTIC,    11, -4.356573116437e-01, 2.066366187531e-04, 0.0000e+00, 0.0000e+00, 
 2DIAGNOSTIC,    12, -4.356758687904e-01, 1.168890308857e-04, 0.0000e+00, 0.0000e+00, 
 2DIAGNOSTIC,    13, -4.357129494453e-01, 5.914741842417e-05, 0.0000e+00, 0.0000e+00, 
 2DIAGNOSTIC,    14, -4.357213835897e-01, 2.936926314505e-05, 0.0000e+00, 0.0000e+00, 
 2DIAGNOSTIC,    15, -4.357392599258e-01, 2.274229403032e-05, 0.0000e+00, 0.0000e+00, 
 2DIAGNOSTIC,    16, -4.357365471452e-01, 1.926019503318e-05, 0.0000e+00, 0.0000e+00, 
 2DIAGNOSTIC,    17, -4.357318306125e-01, 1.503202864922e-05, 0.0000e+00, 0.0000e+00, 
 2DIAGNOSTIC,    18, -4.357304581489e-01, 1.134053886467e-05, 0.0000e+00, 0.0000e+00, 
 2DIAGNOSTIC,    19, -4.357299355327e-01, 8.352786626573e-06, 0.0000e+00, 0.0000e+00, 
 2DIAGNOSTIC,    20, -4.357307290197e-01, 6.060057588901e-06, 0.0000e+00, 0.0000e+00, 
 2DIAGNOSTIC,    21, -4.357306775750e-01, 3.722422318754e-06, 0.0000e+00, 0.0000e+00, 
 2DIAGNOSTIC,    22, -4.357306422543e-01, 1.922640324115e-06, 0.0000e+00, 0.0000e+00, 
 2DIAGNOSTIC,    23, -4.357306422543e-01, 1.285596599926e-06, 0.0000e+00, 0.0000e+00, 
DIAGNOSTIC,Iteration,metricValue,convergenceValue,ITERATION_TIME_INDEX,SINCE_LAST
 2DIAGNOSTIC,     1, -3.793981159893e-01, 1.797693134862e+308, 0.0000e+00, 0.0000e+00, 
 2DIAGNOSTIC,     2, -3.796395789762e-01, 1.797693134862e+308, 0.0000e+00, 0.0000e+00, 
 2DIAGNOSTIC,     3, -3.800611242871e-01, 1.797693134862e+308, 0.0000e+00, 0.0000e+00, 
 2DIAGNOSTIC,     4, -3.805574218178e-01, 1.797693134862e+308, 0.0000e+00, 0.0000e+00, 
 2DIAGNOSTIC,     5, -3.807887777910e-01, 1.797693134862e+308, 0.0000e+00, 0.0000e+00, 
 2DIAGNOSTIC,     6, -3.808508936223e-01, 1.797693134862e+308, 0.0000e+00, 0.0000e+00, 
 2DIAGNOSTIC,     7, -3.808617780716e-01, 1.797693134862e+308, 0.0000e+00, 0.0000e+00, 
 2DIAGNOSTIC,     8, -3.808782063936e-01, 1.797693134862e+308, 0.0000e+00, 0.0000e+00, 
 2DIAGNOSTIC,     9, -3.808997901408e-01, 1.797693134862e+308, 0.0000e+00, 0.0000e+00, 
 2DIAGNOSTIC,    10, -3.809196422271e-01, 2.532723324290e-04, 0.0000e+00, 0.0000e+00, 
 2DIAGNOSTIC,    11, -3.809639072752e-01, 1.629856470387e-04, 0.0000e+00, 0.0000e+00, 
 2DIAGNOSTIC,    12, -3.809650992173e-01, 8.829144033960e-05, 0.0000e+00, 0.0000e+00, 
 2DIAGNOSTIC,    13, -3.809765836511e-01, 4.166496649387e-05, 0.0000e+00, 0.0000e+00, 
 2DIAGNOSTIC,    14, -3.809827520494e-01, 2.463145831882e-05, 0.0000e+00, 0.0000e+00, 
 2DIAGNOSTIC,    15, -3.809889409762e-01, 1.955345875597e-05, 0.0000e+00, 0.0000e+00, 
 2DIAGNOSTIC,    16, -3.809906602157e-01, 1.646570441520e-05, 0.0000e+00, 0.0000e+00, 
 2DIAGNOSTIC,    17, -3.809898087042e-01, 1.284810428347e-05, 0.0000e+00, 0.0000e+00, 
 2DIAGNOSTIC,    18, -3.809865380496e-01, 9.173966677919e-06, 0.0000e+00, 0.0000e+00, 
 2DIAGNOSTIC,    19, -3.809902665138e-01, 6.190572008451e-06, 0.0000e+00, 0.0000e+00, 
 2DIAGNOSTIC,    20, -3.809921077057e-01, 3.843484023651e-06, 0.0000e+00, 0.0000e+00, 
 2DIAGNOSTIC,    21, -3.809933814170e-01, 3.130907789528e-06, 0.0000e+00, 0.0000e+00, 
 2DIAGNOSTIC,    22, -3.809890649833e-01, 2.221996863415e-06, 0.0000e+00, 0.0000e+00, 
 2DIAGNOSTIC,    23, -3.809847336608e-01, 1.554964808456e-06, 0.0000e+00, 0.0000e+00, 
 2DIAGNOSTIC,    24, -3.809876926689e-01, 1.205878365620e-06, 0.0000e+00, 0.0000e+00, 
 2DIAGNOSTIC,    25, -3.809889054148e-01, 1.104738986062e-06, 0.0000e+00, 0.0000e+00, 
 2DIAGNOSTIC,    26, -3.809894630476e-01, 1.090369212510e-06, 0.0000e+00, 0.0000e+00, 
 2DIAGNOSTIC,    27, -3.809888766799e-01, 1.057076856090e-06, 0.0000e+00, 0.0000e+00, 
DIAGNOSTIC,Iteration,metricValue,convergenceValue,ITERATION_TIME_INDEX,SINCE_LAST
 2DIAGNOSTIC,     1, -3.528761795463e-01, 1.797693134862e+308, 0.0000e+00, 0.0000e+00, 
 2DIAGNOSTIC,     2, -3.529270654043e-01, 1.797693134862e+308, 0.0000e+00, 0.0000e+00, 
 2DIAGNOSTIC,     3, -3.529520690535e-01, 1.797693134862e+308, 0.0000e+00, 0.0000e+00, 
 2DIAGNOSTIC,     4, -3.529724528876e-01, 1.797693134862e+308, 0.0000e+00, 0.0000e+00, 
 2DIAGNOSTIC,     5, -3.529884130172e-01, 1.797693134862e+308, 0.0000e+00, 0.0000e+00, 
 2DIAGNOSTIC,     6, -3.529890660986e-01, 1.797693134862e+308, 0.0000e+00, 0.0000e+00, 
 2DIAGNOSTIC,     7, -3.529979501647e-01, 1.797693134862e+308, 0.0000e+00, 0.0000e+00, 
 2DIAGNOSTIC,     8, -3.530087744108e-01, 1.797693134862e+308, 0.0000e+00, 0.0000e+00, 
 2DIAGNOSTIC,     9, -3.530075061139e-01, 1.797693134862e+308, 0.0000e+00, 0.0000e+00, 
 2DIAGNOSTIC,    10, -3.530084650839e-01, 2.363263479058e-05, 0.0000e+00, 0.0000e+00, 
 2DIAGNOSTIC,    11, -3.530090704303e-01, 1.507728199841e-05, 0.0000e+00, 0.0000e+00, 
 2DIAGNOSTIC,    12, -3.530092811342e-01, 1.025242700298e-05, 0.0000e+00, 0.0000e+00, 
 2DIAGNOSTIC,    13, -3.530085229165e-01, 6.947249362649e-06, 0.0000e+00, 0.0000e+00, 
 2DIAGNOSTIC,    14, -3.530084513812e-01, 4.854660056244e-06, 0.0000e+00, 0.0000e+00, 
 2DIAGNOSTIC,    15, -3.530079314517e-01, 3.645399401772e-06, 0.0000e+00, 0.0000e+00, 
 2DIAGNOSTIC,    16, -3.530079258801e-01, 2.470229650373e-06, 0.0000e+00, 0.0000e+00, 
 2DIAGNOSTIC,    17, -3.530079265580e-01, 1.792785905598e-06, 0.0000e+00, 0.0000e+00, 
 2DIAGNOSTIC,    18, -3.530079265580e-01, 1.683103595156e-06, 0.0000e+00, 0.0000e+00, 
 2DIAGNOSTIC,    19, -3.530079264152e-01, 1.536955110890e-06, 0.0000e+00, 0.0000e+00, 
 2DIAGNOSTIC,    20, -3.530079264152e-01, 1.454536106144e-06, 0.0000e+00, 0.0000e+00, 
 2DIAGNOSTIC,    21, -3.530079254631e-01, 1.413811911037e-06, 0.0000e+00, 0.0000e+00, 
 2DIAGNOSTIC,    22, -3.530079254631e-01, 1.393002339575e-06, 0.0000e+00, 0.0000e+00, 
 2DIAGNOSTIC,    23, -3.530079248440e-01, 1.350917075635e-06, 0.0000e+00, 0.0000e+00, 
 2DIAGNOSTIC,    24, -3.530079235445e-01, 1.312140388759e-06, 0.0000e+00, 0.0000e+00, 
 2DIAGNOSTIC,    25, -3.530079235445e-01, 1.259759584107e-06, 0.0000e+00, 0.0000e+00, 
 2DIAGNOSTIC,    26, -3.530079212524e-01, 1.211184255230e-06, 0.0000e+00, 0.0000e+00, 
 2DIAGNOSTIC,    27, -3.530079212524e-01, 1.166260064710e-06, 0.0000e+00, 0.0000e+00, 
 2DIAGNOSTIC,    28, -3.530079214256e-01, 1.124585242950e-06, 0.0000e+00, 0.0000e+00, 
 2DIAGNOSTIC,    29, -3.530079214256e-01, 1.085816704084e-06, 0.0000e+00, 0.0000e+00, 
 2DIAGNOSTIC,    30, -3.530079209573e-01, 1.049655651897e-06, 0.0000e+00, 0.0000e+00, 
 2DIAGNOSTIC,    31, -3.530079209573e-01, 1.015833782030e-06, 0.0000e+00, 0.0000e+00, 
  Elapsed time (stage 0): 0.0000e+00


Total elapsed time: 0.0000e+00
VFC_BACKENDS=libinterflop_vprec.so --range-binary32=7 --precision-binary32=17 --range-binary64=7 --precision-binary64=17
Info [verificarlo]: loaded backend libinterflop_vprec.so
Info [interflop-vprec]: load backend with: 
Info [interflop-vprec]: precision-binary32 = 17
Info [interflop-vprec]: range-binary32 = 7
Info [interflop-vprec]: precision-binary64 = 17
Info [interflop-vprec]: range-binary64 = 7
Info [interflop-vprec]: mode = ob
Info [interflop-vprec]: error-mode = rel
Info [interflop-vprec]: max-abs-error-exponent = -1022
Info [interflop-vprec]: daz = false
Info [interflop-vprec]: ftz = false
Info [interflop-vprec]: 	instrument = none
Info [interflop-vprec]: 	prec-input-file = (null)
Info [interflop-vprec]: 	prec-output-file = (null)
Info [interflop-vprec]: 	prec-log-file = (null)
All_Command_lines_OK
Using double precision for computations.
=============================================================================
The composite transform comprises the following transforms (in order): 
  1. /project/rrg-glatard/mdugre/datasets/corr/RawDataBIDS/BMB_1/derivatives/vprec-space_search/0110/r7-p17/sub-0003013/rigid_Composite.h5[0] (type = Euler3DTransform)
  2. /project/rrg-glatard/mdugre/datasets/corr/RawDataBIDS/BMB_1/derivatives/vprec-space_search/0110/r7-p17/sub-0003013/rigid_Composite.h5[1] (type = Euler3DTransform)
  3. /project/rrg-glatard/mdugre/datasets/corr/RawDataBIDS/BMB_1/derivatives/vprec-space_search/0110/r7-p17/sub-0003013/rigid_Composite.h5[2] (type = Euler3DTransform)
=============================================================================
  number of levels = 4
  fixed image: /templateflow/tpl-MNI152NLin2009cAsym/tpl-MNI152NLin2009cAsym_res-01_desc-brain_T1w.nii.gz
  moving image: /project/rrg-glatard/mdugre/datasets/corr/RawDataBIDS/BMB_1/derivatives/antsBrainExtraction/sub-0003013/BrainExtractionBrain.nii.gz
Dimension = 3
Number of stages = 1
Use histogram matching = false
Winsorize image intensities = true
  Lower quantile = 0.005
  Upper quantile = 0.995


Stage 1 State
   Image metric = MattesMI
     Fixed image = Image (0x4b86300)
  RTTI typeinfo:   itk::Image<double, 3u>
  Reference Count: 2
  Modified Time: 1592
  Debug: Off
  Object Name: 
  Observers: 
    none
  Source: (none)
  Source output name: (none)
  Release Data: Off
  Data Released: False
  Global Release Data: Off
  PipelineMTime: 0
  UpdateMTime: 1203
  RealTimeStamp: 0 seconds 
  LargestPossibleRegion: 
    Dimension: 3
    Index: [0, 0, 0]
    Size: [193, 229, 193]
  BufferedRegion: 
    Dimension: 3
    Index: [0, 0, 0]
    Size: [193, 229, 193]
  RequestedRegion: 
    Dimension: 3
    Index: [0, 0, 0]
    Size: [193, 229, 193]
  Spacing: [1, 1, 1]
  Origin: [96, 132, -78]
  Direction: 
-1 0 0
0 -1 0
0 0 1

  IndexToPointMatrix: 
-1 0 0
0 -1 0
0 0 1

  PointToIndexMatrix: 
-1 0 0
0 -1 0
0 0 1

  Inverse Direction: 
-1 0 0
0 -1 0
0 0 1

  PixelContainer: 
    ImportImageContainer (0x4bfec30)
      RTTI typeinfo:   itk::ImportImageContainer<unsigned long, double>
      Reference Count: 1
      Modified Time: 1200
      Debug: Off
      Object Name: 
      Observers: 
        none
      Pointer: 0x14770f5d9010
      Container manages memory: true
      Size: 8530021
      Capacity: 8530021

     Moving image = Image (0x4c363c0)
  RTTI typeinfo:   itk::Image<double, 3u>
  Reference Count: 2
  Modified Time: 1593
  Debug: Off
  Object Name: 
  Observers: 
    none
  Source: (none)
  Source output name: (none)
  Release Data: Off
  Data Released: False
  Global Release Data: Off
  PipelineMTime: 0
  UpdateMTime: 1590
  RealTimeStamp: 0 seconds 
  LargestPossibleRegion: 
    Dimension: 3
    Index: [0, 0, 0]
    Size: [176, 256, 256]
  BufferedRegion: 
    Dimension: 3
    Index: [0, 0, 0]
    Size: [176, 256, 256]
  RequestedRegion: 
    Dimension: 3
    Index: [0, 0, 0]
    Size: [176, 256, 256]
  Spacing: [1, 1, 1]
  Origin: [-95.2236, 100.87, -126.397]
  Direction: 
1 0 0
0 -1 0
0 0 1

  IndexToPointMatrix: 
1 0 0
0 -1 0
0 0 1

  PointToIndexMatrix: 
1 0 0
0 -1 0
0 0 1

  Inverse Direction: 
1 0 0
0 -1 0
0 0 1

  PixelContainer: 
    ImportImageContainer (0x4d16fd0)
      RTTI typeinfo:   itk::ImportImageContainer<unsigned long, double>
      Reference Count: 1
      Modified Time: 1587
      Debug: Off
      Object Name: 
      Observers: 
        none
      Pointer: 0x147709dd8010
      Container manages memory: true
      Size: 11534336
      Capacity: 11534336

     Weighting = 1
     Sampling strategy = regular
     Number of bins = 32
     Radius = 4
     Sampling percentage  = 0.25
   Transform = Affine
     Gradient step = 0.1
     Update field sigma (voxel space) = 0
     Total field sigma (voxel space) = 0
     Update field time sigma = 0
     Total field time sigma  = 0
     Number of time indices = 0
     Number of time point samples = 0
Registration using 1 total stages.

Stage 0
  iterations = 1000x500x250x100
  convergence threshold = 1e-06
  convergence window size = 10
  number of levels = 4
  using the Mattes MI metric (number of bins = 32, weight = 1, use gradient filter = 0)
  preprocessing:  winsorizing the image intensities
  Shrink factors (level 1 out of 4): [8, 8, 8]
  Shrink factors (level 2 out of 4): [4, 4, 4]
  Shrink factors (level 3 out of 4): [2, 2, 2]
  Shrink factors (level 4 out of 4): [1, 1, 1]
  smoothing sigmas per level: [3, 2, 1, 0]
  regular sampling (percentage = 0.25)

*** Running AffineTransform registration ***

DIAGNOSTIC,Iteration,metricValue,convergenceValue,ITERATION_TIME_INDEX,SINCE_LAST
 2DIAGNOSTIC,     1, -5.317907514747e-01, 1.797693134862e+308, 0.0000e+00, 0.0000e+00, 
 2DIAGNOSTIC,     2, -5.334404205915e-01, 1.797693134862e+308, 0.0000e+00, 0.0000e+00, 
 2DIAGNOSTIC,     3, -5.361323141834e-01, 1.797693134862e+308, 0.0000e+00, 0.0000e+00, 
 2DIAGNOSTIC,     4, -5.402125069210e-01, 1.797693134862e+308, 0.0000e+00, 0.0000e+00, 
 2DIAGNOSTIC,     5, -5.472946834532e-01, 1.797693134862e+308, 0.0000e+00, 0.0000e+00, 
 2DIAGNOSTIC,     6, -5.588750482169e-01, 1.797693134862e+308, 0.0000e+00, 0.0000e+00, 
 2DIAGNOSTIC,     7, -5.765553251357e-01, 1.797693134862e+308, 0.0000e+00, 0.0000e+00, 
 2DIAGNOSTIC,     8, -7.057857534451e-01, 1.797693134862e+308, 0.0000e+00, 0.0000e+00, 
 2DIAGNOSTIC,     9, -7.314910048592e-01, 1.797693134862e+308, 0.0000e+00, 0.0000e+00, 
 2DIAGNOSTIC,    10, -7.466811021149e-01, 2.488056639639e-02, 0.0000e+00, 0.0000e+00, 
 2DIAGNOSTIC,    11, -7.927245153364e-01, 2.735100694407e-02, 0.0000e+00, 0.0000e+00, 
 2DIAGNOSTIC,    12, -8.239929357876e-01, 2.797221349904e-02, 0.0000e+00, 0.0000e+00, 
 2DIAGNOSTIC,    13, -8.325367738102e-01, 2.627801672565e-02, 0.0000e+00, 0.0000e+00, 
 2DIAGNOSTIC,    14, -8.359755393232e-01, 2.277330183079e-02, 0.0000e+00, 0.0000e+00, 
 2DIAGNOSTIC,    15, -8.367563845542e-01, 1.807827582966e-02, 0.0000e+00, 0.0000e+00, 
 2DIAGNOSTIC,    16, -8.377210185975e-01, 1.280804206058e-02, 0.0000e+00, 0.0000e+00, 
 2DIAGNOSTIC,    17, -8.381901292243e-01, 7.466150351026e-03, 0.0000e+00, 0.0000e+00, 
 2DIAGNOSTIC,    18, -8.384503953451e-01, 5.059785501066e-03, 0.0000e+00, 0.0000e+00, 
 2DIAGNOSTIC,    19, -8.389725012201e-01, 3.053079344536e-03, 0.0000e+00, 0.0000e+00, 
 2DIAGNOSTIC,    20, -8.389742735898e-01, 1.285334329050e-03, 0.0000e+00, 0.0000e+00, 
 2DIAGNOSTIC,    21, -8.389947262624e-01, 4.440942807400e-04, 0.0000e+00, 0.0000e+00, 
 2DIAGNOSTIC,    22, -8.390279914350e-01, 2.026013595854e-04, 0.0000e+00, 0.0000e+00, 
 2DIAGNOSTIC,    23, -8.390643991043e-01, 1.099205715595e-04, 0.0000e+00, 0.0000e+00, 
 2DIAGNOSTIC,    24, -8.391125036508e-01, 7.178575734638e-05, 0.0000e+00, 0.0000e+00, 
 2DIAGNOSTIC,    25, -8.391593287095e-01, 4.293542765294e-05, 0.0000e+00, 0.0000e+00, 
 2DIAGNOSTIC,    26, -8.392221382540e-01, 2.775183303855e-05, 0.0000e+00, 0.0000e+00, 
 2DIAGNOSTIC,    27, -8.391160953575e-01, 1.643246450871e-05, 0.0000e+00, 0.0000e+00, 
 2DIAGNOSTIC,    28, -8.391566262235e-01, 8.511447789593e-06, 0.0000e+00, 0.0000e+00, 
 2DIAGNOSTIC,    29, -8.391626539102e-01, 7.354263638362e-06, 0.0000e+00, 0.0000e+00, 
 2DIAGNOSTIC,    30, -8.391702723218e-01, 5.793456302729e-06, 0.0000e+00, 0.0000e+00, 
 2DIAGNOSTIC,    31, -8.391825854825e-01, 4.301900929891e-06, 0.0000e+00, 0.0000e+00, 
 2DIAGNOSTIC,    32, -8.392985227237e-01, 4.368958475977e-06, 0.0000e+00, 0.0000e+00, 
 2DIAGNOSTIC,    33, -8.392990701753e-01, 4.501780178995e-06, 0.0000e+00, 0.0000e+00, 
 2DIAGNOSTIC,    34, -8.393088811531e-01, 4.919340444796e-06, 0.0000e+00, 0.0000e+00, 
 2DIAGNOSTIC,    35, -8.391881708459e-01, 4.149934654980e-06, 0.0000e+00, 0.0000e+00, 
 2DIAGNOSTIC,    36, -8.391905275888e-01, 3.860960296004e-06, 0.0000e+00, 0.0000e+00, 
 2DIAGNOSTIC,    37, -8.391937291367e-01, 2.247373942981e-06, 0.0000e+00, 0.0000e+00, 
 2DIAGNOSTIC,    38, -8.392017403999e-01, 1.045825811334e-06, 0.0000e+00, 0.0000e+00, 
DIAGNOSTIC,Iteration,metricValue,convergenceValue,ITERATION_TIME_INDEX,SINCE_LAST
 2DIAGNOSTIC,     1, -7.115346796923e-01, 1.797693134862e+308, 0.0000e+00, 0.0000e+00, 
 2DIAGNOSTIC,     2, -7.120670738025e-01, 1.797693134862e+308, 0.0000e+00, 0.0000e+00, 
 2DIAGNOSTIC,     3, -7.123814805488e-01, 1.797693134862e+308, 0.0000e+00, 0.0000e+00, 
 2DIAGNOSTIC,     4, -7.126366859984e-01, 1.797693134862e+308, 0.0000e+00, 0.0000e+00, 
 2DIAGNOSTIC,     5, -7.129359764107e-01, 1.797693134862e+308, 0.0000e+00, 0.0000e+00, 
 2DIAGNOSTIC,     6, -7.133730163865e-01, 1.797693134862e+308, 0.0000e+00, 0.0000e+00, 
 2DIAGNOSTIC,     7, -7.133726781693e-01, 1.797693134862e+308, 0.0000e+00, 0.0000e+00, 
 2DIAGNOSTIC,     8, -7.133808338944e-01, 1.797693134862e+308, 0.0000e+00, 0.0000e+00, 
 2DIAGNOSTIC,     9, -7.133977163628e-01, 1.797693134862e+308, 0.0000e+00, 0.0000e+00, 
 2DIAGNOSTIC,    10, -7.134133934322e-01, 1.689534795949e-04, 0.0000e+00, 0.0000e+00, 
 2DIAGNOSTIC,    11, -7.134178071190e-01, 1.113801127582e-04, 0.0000e+00, 0.0000e+00, 
 2DIAGNOSTIC,    12, -7.134422878081e-01, 7.209935145709e-05, 0.0000e+00, 0.0000e+00, 
 2DIAGNOSTIC,    13, -7.134768099432e-01, 4.337896277144e-05, 0.0000e+00, 0.0000e+00, 
 2DIAGNOSTIC,    14, -7.135259785652e-01, 2.358740429520e-05, 0.0000e+00, 0.0000e+00, 
 2DIAGNOSTIC,    15, -7.135528060416e-01, 1.279968936387e-05, 0.0000e+00, 0.0000e+00, 
 2DIAGNOSTIC,    16, -7.135612443653e-01, 1.349073150607e-05, 0.0000e+00, 0.0000e+00, 
 2DIAGNOSTIC,    17, -7.136042373537e-01, 1.405260773121e-05, 0.0000e+00, 0.0000e+00, 
 2DIAGNOSTIC,    18, -7.136275320115e-01, 1.408215338172e-05, 0.0000e+00, 0.0000e+00, 
 2DIAGNOSTIC,    19, -7.136741221169e-01, 1.427474137039e-05, 0.0000e+00, 0.0000e+00, 
 2DIAGNOSTIC,    20, -7.137145560807e-01, 1.438795979285e-05, 0.0000e+00, 0.0000e+00, 
 2DIAGNOSTIC,    21, -7.138924599511e-01, 1.675412068981e-05, 0.0000e+00, 0.0000e+00, 
 2DIAGNOSTIC,    22, -7.139774157371e-01, 1.937867791396e-05, 0.0000e+00, 0.0000e+00, 
 2DIAGNOSTIC,    23, -7.139869171161e-01, 2.083580969833e-05, 0.0000e+00, 0.0000e+00, 
 2DIAGNOSTIC,    24, -7.139910009551e-01, 2.127500783265e-05, 0.0000e+00, 0.0000e+00, 
 2DIAGNOSTIC,    25, -7.139908558799e-01, 2.023805374715e-05, 0.0000e+00, 0.0000e+00, 
 2DIAGNOSTIC,    26, -7.139906751435e-01, 1.756971004342e-05, 0.0000e+00, 0.0000e+00, 
 2DIAGNOSTIC,    27, -7.139935718933e-01, 1.421326332122e-05, 0.0000e+00, 0.0000e+00, 
 2DIAGNOSTIC,    28, -7.139932095740e-01, 1.021349511376e-05, 0.0000e+00, 0.0000e+00, 
 2DIAGNOSTIC,    29, -7.139928884007e-01, 6.298855777916e-06, 0.0000e+00, 0.0000e+00, 
 2DIAGNOSTIC,    30, -7.139929682481e-01, 2.638989819524e-06, 0.0000e+00, 0.0000e+00, 
 2DIAGNOSTIC,    31, -7.139929406809e-01, 1.321513975049e-06, 0.0000e+00, 0.0000e+00, 
 2DIAGNOSTIC,    32, -7.139929106237e-01, 1.111280526260e-06, 0.0000e+00, 0.0000e+00, 
 2DIAGNOSTIC,    33, -7.139929001896e-01, 1.014888711917e-06, 0.0000e+00, 0.0000e+00, 
DIAGNOSTIC,Iteration,metricValue,convergenceValue,ITERATION_TIME_INDEX,SINCE_LAST
 2DIAGNOSTIC,     1, -6.070654513256e-01, 1.797693134862e+308, 0.0000e+00, 0.0000e+00, 
 2DIAGNOSTIC,     2, -6.077414614863e-01, 1.797693134862e+308, 0.0000e+00, 0.0000e+00, 
 2DIAGNOSTIC,     3, -6.081720037051e-01, 1.797693134862e+308, 0.0000e+00, 0.0000e+00, 
 2DIAGNOSTIC,     4, -6.085205804836e-01, 1.797693134862e+308, 0.0000e+00, 0.0000e+00, 
 2DIAGNOSTIC,     5, -6.088298533828e-01, 1.797693134862e+308, 0.0000e+00, 0.0000e+00, 
 2DIAGNOSTIC,     6, -6.090366641692e-01, 1.797693134862e+308, 0.0000e+00, 0.0000e+00, 
 2DIAGNOSTIC,     7, -6.091001405880e-01, 1.797693134862e+308, 0.0000e+00, 0.0000e+00, 
 2DIAGNOSTIC,     8, -6.091066304624e-01, 1.797693134862e+308, 0.0000e+00, 0.0000e+00, 
 2DIAGNOSTIC,     9, -6.091086028422e-01, 1.797693134862e+308, 0.0000e+00, 0.0000e+00, 
 2DIAGNOSTIC,    10, -6.091124381624e-01, 1.993990226148e-04, 0.0000e+00, 0.0000e+00, 
 2DIAGNOSTIC,    11, -6.091138344797e-01, 1.194580942831e-04, 0.0000e+00, 0.0000e+00, 
 2DIAGNOSTIC,    12, -6.091121563423e-01, 6.844422003763e-05, 0.0000e+00, 0.0000e+00, 
 2DIAGNOSTIC,    13, -6.091132659706e-01, 3.473268073420e-05, 0.0000e+00, 0.0000e+00, 
 2DIAGNOSTIC,    14, -6.091134319617e-01, 1.435454003419e-05, 0.0000e+00, 0.0000e+00, 
 2DIAGNOSTIC,    15, -6.091119522098e-01, 5.009623315927e-06, 0.0000e+00, 0.0000e+00, 
 2DIAGNOSTIC,    16, -6.091137150812e-01, 2.603567286069e-06, 0.0000e+00, 0.0000e+00, 
 2DIAGNOSTIC,    17, -6.091132137232e-01, 2.147709278581e-06, 0.0000e+00, 0.0000e+00, 
 2DIAGNOSTIC,    18, -6.091129053063e-01, 1.875971492829e-06, 0.0000e+00, 0.0000e+00, 
 2DIAGNOSTIC,    19, -6.091140789887e-01, 1.696320374521e-06, 0.0000e+00, 0.0000e+00, 
 2DIAGNOSTIC,    20, -6.091144646386e-01, 1.628018887694e-06, 0.0000e+00, 0.0000e+00, 
 2DIAGNOSTIC,    21, -6.091131097377e-01, 1.563153656819e-06, 0.0000e+00, 0.0000e+00, 
 2DIAGNOSTIC,    22, -6.091140111949e-01, 1.482106752056e-06, 0.0000e+00, 0.0000e+00, 
 2DIAGNOSTIC,    23, -6.091142599409e-01, 1.430470389252e-06, 0.0000e+00, 0.0000e+00, 
 2DIAGNOSTIC,    24, -6.091137312990e-01, 1.370751056405e-06, 0.0000e+00, 0.0000e+00, 
 2DIAGNOSTIC,    25, -6.091137002315e-01, 1.281524822053e-06, 0.0000e+00, 0.0000e+00, 
 2DIAGNOSTIC,    26, -6.091137022762e-01, 1.229691539817e-06, 0.0000e+00, 0.0000e+00, 
 2DIAGNOSTIC,    27, -6.091137013495e-01, 1.171497107114e-06, 0.0000e+00, 0.0000e+00, 
 2DIAGNOSTIC,    28, -6.091137011363e-01, 1.110937135250e-06, 0.0000e+00, 0.0000e+00, 
 2DIAGNOSTIC,    29, -6.091137010104e-01, 1.074724504134e-06, 0.0000e+00, 0.0000e+00, 
 2DIAGNOSTIC,    30, -6.091137008892e-01, 1.048911182917e-06, 0.0000e+00, 0.0000e+00, 
 2DIAGNOSTIC,    31, -6.091137021567e-01, 1.004037584247e-06, 0.0000e+00, 0.0000e+00, 
DIAGNOSTIC,Iteration,metricValue,convergenceValue,ITERATION_TIME_INDEX,SINCE_LAST
 2DIAGNOSTIC,     1, -5.405171956525e-01, 1.797693134862e+308, 0.0000e+00, 0.0000e+00, 
 2DIAGNOSTIC,     2, -5.408455125279e-01, 1.797693134862e+308, 0.0000e+00, 0.0000e+00, 
 2DIAGNOSTIC,     3, -5.411255068408e-01, 1.797693134862e+308, 0.0000e+00, 0.0000e+00, 
 2DIAGNOSTIC,     4, -5.413503479503e-01, 1.797693134862e+308, 0.0000e+00, 0.0000e+00, 
 2DIAGNOSTIC,     5, -5.415305537364e-01, 1.797693134862e+308, 0.0000e+00, 0.0000e+00, 
 2DIAGNOSTIC,     6, -5.415378301380e-01, 1.797693134862e+308, 0.0000e+00, 0.0000e+00, 
 2DIAGNOSTIC,     7, -5.415537674530e-01, 1.797693134862e+308, 0.0000e+00, 0.0000e+00, 
 2DIAGNOSTIC,     8, -5.415736448414e-01, 1.797693134862e+308, 0.0000e+00, 0.0000e+00, 
 2DIAGNOSTIC,     9, -5.415812607021e-01, 1.797693134862e+308, 0.0000e+00, 0.0000e+00, 
 2DIAGNOSTIC,    10, -5.415811855168e-01, 1.143282894219e-04, 0.0000e+00, 0.0000e+00, 
 2DIAGNOSTIC,    11, -5.415809539661e-01, 6.578906590525e-05, 0.0000e+00, 0.0000e+00, 
 2DIAGNOSTIC,    12, -5.415810136718e-01, 3.395265674376e-05, 0.0000e+00, 0.0000e+00, 
 2DIAGNOSTIC,    13, -5.415807685936e-01, 1.529932177279e-05, 0.0000e+00, 0.0000e+00, 
 2DIAGNOSTIC,    14, -5.415809646551e-01, 6.392258299071e-06, 0.0000e+00, 0.0000e+00, 
 2DIAGNOSTIC,    15, -5.415808313518e-01, 4.606569919546e-06, 0.0000e+00, 0.0000e+00, 
 2DIAGNOSTIC,    16, -5.415808387476e-01, 3.050474209829e-06, 0.0000e+00, 0.0000e+00, 
 2DIAGNOSTIC,    17, -5.415808465697e-01, 2.055578376604e-06, 0.0000e+00, 0.0000e+00, 
 2DIAGNOSTIC,    18, -5.415808470729e-01, 1.725776842543e-06, 0.0000e+00, 0.0000e+00, 
 2DIAGNOSTIC,    19, -5.415808470729e-01, 1.643344647063e-06, 0.0000e+00, 0.0000e+00, 
 2DIAGNOSTIC,    20, -5.415808470729e-01, 1.568697466460e-06, 0.0000e+00, 0.0000e+00, 
 2DIAGNOSTIC,    21, -5.415808470729e-01, 1.495959786331e-06, 0.0000e+00, 0.0000e+00, 
 2DIAGNOSTIC,    22, -5.415808470729e-01, 1.431830350146e-06, 0.0000e+00, 0.0000e+00, 
 2DIAGNOSTIC,    23, -5.415808470729e-01, 1.367543027216e-06, 0.0000e+00, 0.0000e+00, 
 2DIAGNOSTIC,    24, -5.415808470729e-01, 1.313199416653e-06, 0.0000e+00, 0.0000e+00, 
 2DIAGNOSTIC,    25, -5.415808470729e-01, 1.260355158295e-06, 0.0000e+00, 0.0000e+00, 
 2DIAGNOSTIC,    26, -5.415808470729e-01, 1.211704185031e-06, 0.0000e+00, 0.0000e+00, 
 2DIAGNOSTIC,    27, -5.415808470729e-01, 1.166808453759e-06, 0.0000e+00, 0.0000e+00, 
 2DIAGNOSTIC,    28, -5.415808470729e-01, 1.125129545906e-06, 0.0000e+00, 0.0000e+00, 
 2DIAGNOSTIC,    29, -5.415808470729e-01, 1.086325523501e-06, 0.0000e+00, 0.0000e+00, 
 2DIAGNOSTIC,    30, -5.415808470729e-01, 1.050108851770e-06, 0.0000e+00, 0.0000e+00, 
 2DIAGNOSTIC,    31, -5.415808470729e-01, 1.016229102993e-06, 0.0000e+00, 0.0000e+00, 
  Elapsed time (stage 0): 0.0000e+00


Total elapsed time: 0.0000e+00
VFC_BACKENDS=libinterflop_ieee.so
Info [verificarlo]: loaded backend libinterflop_ieee.so
Info [interflop-ieee]: load backend with:
Info [interflop-ieee]: debug = false
Info [interflop-ieee]: debug-binary = false
Info [interflop-ieee]: no-backend-name = false
Info [interflop-ieee]: print-new-line = false
Info [interflop-ieee]: print-subnormal-normalized = false
Info [interflop-ieee]: count-op = false
All_Command_lines_OK
Using double precision for computations.
=============================================================================
The composite transform comprises the following transforms (in order): 
  1. /project/rrg-glatard/mdugre/datasets/corr/RawDataBIDS/BMB_1/derivatives/vprec-space_search/0110/r7-p17/sub-0003013/affine_Composite.h5[0] (type = Euler3DTransform)
  2. /project/rrg-glatard/mdugre/datasets/corr/RawDataBIDS/BMB_1/derivatives/vprec-space_search/0110/r7-p17/sub-0003013/affine_Composite.h5[1] (type = Euler3DTransform)
  3. /project/rrg-glatard/mdugre/datasets/corr/RawDataBIDS/BMB_1/derivatives/vprec-space_search/0110/r7-p17/sub-0003013/affine_Composite.h5[2] (type = Euler3DTransform)
  4. /project/rrg-glatard/mdugre/datasets/corr/RawDataBIDS/BMB_1/derivatives/vprec-space_search/0110/r7-p17/sub-0003013/affine_Composite.h5[3] (type = AffineTransform)
=============================================================================
  number of levels = 4
  fixed image: /templateflow/tpl-MNI152NLin2009cAsym/tpl-MNI152NLin2009cAsym_res-01_desc-brain_T1w.nii.gz
  moving image: /project/rrg-glatard/mdugre/datasets/corr/RawDataBIDS/BMB_1/derivatives/antsBrainExtraction/sub-0003013/BrainExtractionBrain.nii.gz
Dimension = 3
Number of stages = 1
Use histogram matching = false
Winsorize image intensities = true
  Lower quantile = 0.005
  Upper quantile = 0.995


Stage 1 State
   Image metric = CC
     Fixed image = Image (0x4fdd810)
  RTTI typeinfo:   itk::Image<double, 3u>
  Reference Count: 2
  Modified Time: 1608
  Debug: Off
  Object Name: 
  Observers: 
    none
  Source: (none)
  Source output name: (none)
  Release Data: Off
  Data Released: False
  Global Release Data: Off
  PipelineMTime: 0
  UpdateMTime: 1217
  RealTimeStamp: 0 seconds 
  LargestPossibleRegion: 
    Dimension: 3
    Index: [0, 0, 0]
    Size: [193, 229, 193]
  BufferedRegion: 
    Dimension: 3
    Index: [0, 0, 0]
    Size: [193, 229, 193]
  RequestedRegion: 
    Dimension: 3
    Index: [0, 0, 0]
    Size: [193, 229, 193]
  Spacing: [1, 1, 1]
  Origin: [96, 132, -78]
  Direction: 
-1 0 0
0 -1 0
0 0 1

  IndexToPointMatrix: 
-1 0 0
0 -1 0
0 0 1

  PointToIndexMatrix: 
-1 0 0
0 -1 0
0 0 1

  Inverse Direction: 
-1 0 0
0 -1 0
0 0 1

  PixelContainer: 
    ImportImageContainer (0x4fe9ac0)
      RTTI typeinfo:   itk::ImportImageContainer<unsigned long, double>
      Reference Count: 1
      Modified Time: 1214
      Debug: Off
      Object Name: 
      Observers: 
        none
      Pointer: 0x1525c7a6a010
      Container manages memory: true
      Size: 8530021
      Capacity: 8530021

     Moving image = Image (0x50b3b30)
  RTTI typeinfo:   itk::Image<double, 3u>
  Reference Count: 2
  Modified Time: 1609
  Debug: Off
  Object Name: 
  Observers: 
    none
  Source: (none)
  Source output name: (none)
  Release Data: Off
  Data Released: False
  Global Release Data: Off
  PipelineMTime: 0
  UpdateMTime: 1606
  RealTimeStamp: 0 seconds 
  LargestPossibleRegion: 
    Dimension: 3
    Index: [0, 0, 0]
    Size: [176, 256, 256]
  BufferedRegion: 
    Dimension: 3
    Index: [0, 0, 0]
    Size: [176, 256, 256]
  RequestedRegion: 
    Dimension: 3
    Index: [0, 0, 0]
    Size: [176, 256, 256]
  Spacing: [1, 1, 1]
  Origin: [-95.2239, 100.87, -126.398]
  Direction: 
1 0 0
0 -1 0
0 0 1

  IndexToPointMatrix: 
1 0 0
0 -1 0
0 0 1

  PointToIndexMatrix: 
1 0 0
0 -1 0
0 0 1

  Inverse Direction: 
1 0 0
0 -1 0
0 0 1

  PixelContainer: 
    ImportImageContainer (0x504e150)
      RTTI typeinfo:   itk::ImportImageContainer<unsigned long, double>
      Reference Count: 1
      Modified Time: 1603
      Debug: Off
      Object Name: 
      Observers: 
        none
      Pointer: 0x1525c2269010
      Container manages memory: true
      Size: 11534336
      Capacity: 11534336

     Weighting = 1
     Sampling strategy = none
     Number of bins = 32
     Radius = 4
     Sampling percentage  = 1
   Transform = SyN
     Gradient step = 0.1
     Update field sigma (voxel space) = 3
     Total field sigma (voxel space) = 0
     Update field time sigma = 0
     Total field time sigma  = 0
     Number of time indices = 0
     Number of time point samples = 0
Registration using 1 total stages.

Stage 0
  iterations = 100x70x50x20
  convergence threshold = 1e-06
  convergence window size = 10
  number of levels = 4
  using the CC metric (radius = 4, weight = 1, use gradient filter = 0)
  preprocessing:  winsorizing the image intensities
  Shrink factors (level 1 out of 4): [8, 8, 8]
  Shrink factors (level 2 out of 4): [4, 4, 4]
  Shrink factors (level 3 out of 4): [2, 2, 2]
  Shrink factors (level 4 out of 4): [1, 1, 1]
  smoothing sigmas per level: [3, 2, 1, 0]
  Using default NONE metricSamplingStrategy 

*** Running SyN registration (varianceForUpdateField = 3, varianceForTotalField = 0) ***

XXDIAGNOSTIC,Iteration,metricValue,convergenceValue,ITERATION_TIME_INDEX,SINCE_LAST
 1DIAGNOSTIC,     1, -9.237316682091e-01, 1.797693134862e+308, 1.4677e+00, 1.4677e+00, 
 1DIAGNOSTIC,     2, -9.334484947266e-01, 1.797693134862e+308, 1.7989e+00, 3.3119e-01, 
 1DIAGNOSTIC,     3, -9.406165745610e-01, 1.797693134862e+308, 2.1286e+00, 3.2974e-01, 
 1DIAGNOSTIC,     4, -9.455934121078e-01, 1.797693134862e+308, 2.4570e+00, 3.2838e-01, 
 1DIAGNOSTIC,     5, -9.491630163932e-01, 1.797693134862e+308, 2.7869e+00, 3.2987e-01, 
 1DIAGNOSTIC,     6, -9.530768466802e-01, 1.797693134862e+308, 3.1122e+00, 3.2531e-01, 
 1DIAGNOSTIC,     7, -9.570823624243e-01, 1.797693134862e+308, 3.4442e+00, 3.3204e-01, 
 1DIAGNOSTIC,     8, -9.609046530066e-01, 1.797693134862e+308, 3.7757e+00, 3.3142e-01, 
 1DIAGNOSTIC,     9, -9.644095732421e-01, 1.797693134862e+308, 4.1023e+00, 3.2665e-01, 
 1DIAGNOSTIC,    10, -9.675815583968e-01, 2.731432467482e-03, 4.4290e+00, 3.2674e-01, 
 1DIAGNOSTIC,    11, -9.698032263937e-01, 2.155528763846e-03, 4.7553e+00, 3.2620e-01, 
 1DIAGNOSTIC,    12, -9.708918095914e-01, 1.749215280139e-03, 5.0812e+00, 3.2595e-01, 
 1DIAGNOSTIC,    13, -9.712360795810e-01, 1.419207406276e-03, 5.4074e+00, 3.2617e-01, 
 1DIAGNOSTIC,    14, -9.721057768505e-01, 1.131961938892e-03, 5.7332e+00, 3.2585e-01, 
 1DIAGNOSTIC,    15, -9.720828017002e-01, 8.492754119094e-04, 6.0594e+00, 3.2618e-01, 
 1DIAGNOSTIC,    16, -9.730609744928e-01, 6.146436236356e-04, 6.3881e+00, 3.2870e-01, 
 1DIAGNOSTIC,    17, -9.730953363468e-01, 4.211250965611e-04, 6.7140e+00, 3.2593e-01, 
 1DIAGNOSTIC,    18, -9.734922521442e-01, 2.796676188128e-04, 7.0593e+00, 3.4527e-01, 
 1DIAGNOSTIC,    19, -9.733486586396e-01, 1.790456963459e-04, 7.3851e+00, 3.2578e-01, 
 1DIAGNOSTIC,    20, -9.737637750287e-01, 1.245705245751e-04, 7.7094e+00, 3.2433e-01, 
 1DIAGNOSTIC,    21, -9.736412026841e-01, 9.293355137915e-05, 8.0364e+00, 3.2698e-01, 
 1DIAGNOSTIC,    22, -9.739300865008e-01, 7.418212785452e-05, 8.3626e+00, 3.2623e-01, 
 1DIAGNOSTIC,    23, -9.737782087843e-01, 5.251280009150e-05, 8.6875e+00, 3.2489e-01, 
 1DIAGNOSTIC,    24, -9.740666504894e-01, 4.234417727671e-05, 9.0124e+00, 3.2485e-01, 
 1DIAGNOSTIC,    25, -9.739251194132e-01, 2.682472006547e-05, 9.3371e+00, 3.2471e-01, 
 1DIAGNOSTIC,    26, -9.741742797572e-01, 2.409573029391e-05, 9.6613e+00, 3.2424e-01, 
 1DIAGNOSTIC,    27, -9.740260953190e-01, 1.802008691033e-05, 9.9858e+00, 3.2444e-01, 
 1DIAGNOSTIC,    28, -9.742653219953e-01, 1.762018996627e-05, 1.0310e+01, 3.2433e-01, 
 1DIAGNOSTIC,    29, -9.741140771597e-01, 1.252607932462e-05, 1.0635e+01, 3.2525e-01, 
 1DIAGNOSTIC,    30, -9.743434691678e-01, 1.311554626379e-05, 1.0961e+01, 3.2607e-01, 
 1DIAGNOSTIC,    31, -9.741904092819e-01, 9.786307285486e-06, 1.1289e+01, 3.2771e-01, 
 1DIAGNOSTIC,    32, -9.744092691687e-01, 1.060667197006e-05, 1.1617e+01, 3.2811e-01, 
 1DIAGNOSTIC,    33, -9.742524923987e-01, 7.597242869563e-06, 1.1945e+01, 3.2758e-01, 
 1DIAGNOSTIC,    34, -9.744662159820e-01, 8.568168281146e-06, 1.2271e+01, 3.2634e-01, 
 1DIAGNOSTIC,    35, -9.743079775447e-01, 6.138161446578e-06, 1.2598e+01, 3.2720e-01, 
 1DIAGNOSTIC,    36, -9.745210230065e-01, 7.204421648040e-06, 1.2925e+01, 3.2643e-01, 
 1DIAGNOSTIC,    37, -9.743617288280e-01, 5.074298124758e-06, 1.3251e+01, 3.2636e-01, 
 1DIAGNOSTIC,    38, -9.745750431491e-01, 6.234351304927e-06, 1.3577e+01, 3.2632e-01, 
 1DIAGNOSTIC,    39, -9.744149202162e-01, 4.386258955325e-06, 1.3903e+01, 3.2526e-01, 
 1DIAGNOSTIC,    40, -9.746220614468e-01, 5.570944289782e-06, 1.4228e+01, 3.2487e-01, 
 1DIAGNOSTIC,    41, -9.744612347114e-01, 3.911959406903e-06, 1.4552e+01, 3.2460e-01, 
 1DIAGNOSTIC,    42, -9.746643454317e-01, 5.053991730966e-06, 1.4878e+01, 3.2621e-01, 
 1DIAGNOSTIC,    43, -9.745029093386e-01, 3.482703663623e-06, 1.5204e+01, 3.2602e-01, 
 1DIAGNOSTIC,    44, -9.747005315236e-01, 4.532975455929e-06, 1.5530e+01, 3.2598e-01, 
 1DIAGNOSTIC,    45, -9.745387118485e-01, 3.012415053818e-06, 1.5856e+01, 3.2596e-01, 
 1DIAGNOSTIC,    46, -9.747258970675e-01, 3.955715649203e-06, 1.6183e+01, 3.2667e-01, 
 1DIAGNOSTIC,    47, -9.745660889729e-01, 2.486070858659e-06, 1.6509e+01, 3.2616e-01, 
 1DIAGNOSTIC,    48, -9.747376203844e-01, 3.317638996300e-06, 1.6837e+01, 3.2772e-01, 
 1DIAGNOSTIC,    49, -9.745785567370e-01, 1.887663398398e-06, 1.7165e+01, 3.2809e-01, 
 1DIAGNOSTIC,    50, -9.747439331348e-01, 2.639101497438e-06, 1.7495e+01, 3.2996e-01, 
 1DIAGNOSTIC,    51, -9.745854054343e-01, 1.273331551838e-06, 1.7821e+01, 3.2640e-01, 
 1DIAGNOSTIC,    52, -9.747505947970e-01, 2.029741079775e-06, 1.8147e+01, 3.2540e-01, 
 1DIAGNOSTIC,    53, -9.745961582145e-01, 8.178461355854e-07, 1.8471e+01, 3.2451e-01, 
XXDIAGNOSTIC,Iteration,metricValue,convergenceValue,ITERATION_TIME_INDEX,SINCE_LAST
 1DIAGNOSTIC,     1, -9.125084483234e-01, 1.797693134862e+308, 2.2456e+01, 3.9843e+00, 
 1DIAGNOSTIC,     2, -9.149842726735e-01, 1.797693134862e+308, 2.5300e+01, 2.8449e+00, 
 1DIAGNOSTIC,     3, -9.183631104703e-01, 1.797693134862e+308, 2.8145e+01, 2.8447e+00, 
 1DIAGNOSTIC,     4, -9.212861662335e-01, 1.797693134862e+308, 3.0991e+01, 2.8459e+00, 
 1DIAGNOSTIC,     5, -9.237822987001e-01, 1.797693134862e+308, 3.3825e+01, 2.8339e+00, 
 1DIAGNOSTIC,     6, -9.258878841561e-01, 1.797693134862e+308, 3.6653e+01, 2.8276e+00, 
 1DIAGNOSTIC,     7, -9.277068226734e-01, 1.797693134862e+308, 3.9485e+01, 2.8322e+00, 
 1DIAGNOSTIC,     8, -9.294490638357e-01, 1.797693134862e+308, 4.2351e+01, 2.8665e+00, 
 1DIAGNOSTIC,     9, -9.309191378648e-01, 1.797693134862e+308, 4.5221e+01, 2.8693e+00, 
 1DIAGNOSTIC,    10, -9.323350108644e-01, 1.383931013636e-03, 4.8042e+01, 2.8217e+00, 
 1DIAGNOSTIC,    11, -9.337394011456e-01, 1.139363194721e-03, 5.0876e+01, 2.8336e+00, 
 1DIAGNOSTIC,    12, -9.349659072174e-01, 9.270921210148e-04, 5.3717e+01, 2.8416e+00, 
 1DIAGNOSTIC,    13, -9.360292507909e-01, 7.678414169304e-04, 5.6583e+01, 2.8653e+00, 
 1DIAGNOSTIC,    14, -9.367725694330e-01, 6.413446154789e-04, 5.9437e+01, 2.8544e+00, 
 1DIAGNOSTIC,    15, -9.374477817828e-01, 5.376450290524e-04, 6.2300e+01, 2.8625e+00, 
 1DIAGNOSTIC,    16, -9.380757295899e-01, 4.495969989804e-04, 6.5136e+01, 2.8365e+00, 
 1DIAGNOSTIC,    17, -9.386639747759e-01, 3.734730305880e-04, 6.7978e+01, 2.8417e+00, 
 1DIAGNOSTIC,    18, -9.392212885510e-01, 3.101955523640e-04, 7.0809e+01, 2.8314e+00, 
 1DIAGNOSTIC,    19, -9.397409811143e-01, 2.567305805086e-04, 7.3647e+01, 2.8377e+00, 
 1DIAGNOSTIC,    20, -9.402279415046e-01, 2.136739161265e-04, 7.6478e+01, 2.8316e+00, 
 1DIAGNOSTIC,    21, -9.406895539050e-01, 1.817805329342e-04, 7.9322e+01, 2.8432e+00, 
 1DIAGNOSTIC,    22, -9.411143002298e-01, 1.585600577672e-04, 8.2166e+01, 2.8442e+00, 
 1DIAGNOSTIC,    23, -9.415087197183e-01, 1.418114643201e-04, 8.5017e+01, 2.8517e+00, 
 1DIAGNOSTIC,    24, -9.418568443208e-01, 1.270038538275e-04, 8.7849e+01, 2.8318e+00, 
 1DIAGNOSTIC,    25, -9.420445081678e-01, 1.119660574936e-04, 9.0747e+01, 2.8973e+00, 
 1DIAGNOSTIC,    26, -9.423401185094e-01, 9.841836314137e-05, 9.3616e+01, 2.8691e+00, 
 1DIAGNOSTIC,    27, -9.424902108400e-01, 8.491537956269e-05, 9.6467e+01, 2.8513e+00, 
 1DIAGNOSTIC,    28, -9.426242989115e-01, 7.191141434471e-05, 9.9380e+01, 2.9130e+00, 
 1DIAGNOSTIC,    29, -9.427520513640e-01, 5.985306740922e-05, 1.0226e+02, 2.8793e+00, 
 1DIAGNOSTIC,    30, -9.428718510963e-01, 4.913466071772e-05, 1.0514e+02, 2.8818e+00, 
 1DIAGNOSTIC,    31, -9.429824105970e-01, 4.010182375048e-05, 1.0803e+02, 2.8869e+00, 
 1DIAGNOSTIC,    32, -9.430868854120e-01, 3.289024897167e-05, 1.1092e+02, 2.8941e+00, 
 1DIAGNOSTIC,    33, -9.431849508053e-01, 2.757648138516e-05, 1.1382e+02, 2.9011e+00, 
 1DIAGNOSTIC,    34, -9.432790278591e-01, 2.398430112151e-05, 1.1679e+02, 2.9685e+00, 
 1DIAGNOSTIC,    35, -9.433648127603e-01, 2.072076900693e-05, 1.1968e+02, 2.8871e+00, 
 1DIAGNOSTIC,    36, -9.434415394088e-01, 1.887227985354e-05, 1.2265e+02, 2.9758e+00, 
 1DIAGNOSTIC,    37, -9.435120988723e-01, 1.720337285756e-05, 1.2567e+02, 3.0109e+00, 
 1DIAGNOSTIC,    38, -9.435769602860e-01, 1.563648693754e-05, 1.2860e+02, 2.9316e+00, 
 1DIAGNOSTIC,    39, -9.436303002639e-01, 1.413123895241e-05, 1.3157e+02, 2.9771e+00, 
 1DIAGNOSTIC,    40, -9.436844099600e-01, 1.273681010363e-05, 1.3453e+02, 2.9538e+00, 
 1DIAGNOSTIC,    41, -9.437299192041e-01, 1.141201682798e-05, 1.3746e+02, 2.9334e+00, 
 1DIAGNOSTIC,    42, -9.437784469174e-01, 1.022795565168e-05, 1.4039e+02, 2.9336e+00, 
 1DIAGNOSTIC,    43, -9.438125235595e-01, 9.113548682316e-06, 1.4340e+02, 3.0054e+00, 
 1DIAGNOSTIC,    44, -9.438535723978e-01, 8.171987129008e-06, 1.4629e+02, 2.8902e+00, 
 1DIAGNOSTIC,    45, -9.438815186608e-01, 7.316495139957e-06, 1.4929e+02, 3.0011e+00, 
 1DIAGNOSTIC,    46, -9.439178197911e-01, 6.602948753848e-06, 1.5224e+02, 2.9460e+00, 
 1DIAGNOSTIC,    47, -9.439375022599e-01, 5.926919886781e-06, 1.5518e+02, 2.9462e+00, 
 1DIAGNOSTIC,    48, -9.439682042223e-01, 5.375687394921e-06, 1.5821e+02, 3.0282e+00, 
 1DIAGNOSTIC,    49, -9.439803067892e-01, 4.793314041105e-06, 1.6121e+02, 3.0013e+00, 
 1DIAGNOSTIC,    50, -9.438676219718e-01, 3.479163836993e-06, 1.6421e+02, 3.0005e+00, 
 1DIAGNOSTIC,    51, -9.437210376918e-01, 1.360745879021e-06, 1.6718e+02, 2.9659e+00, 
 1DIAGNOSTIC,    52, -9.435319962026e-01, -1.550397529526e-06, 1.7005e+02, 2.8726e+00, 
XXDIAGNOSTIC,Iteration,metricValue,convergenceValue,ITERATION_TIME_INDEX,SINCE_LAST
 1DIAGNOSTIC,     1, -8.988248991162e-01, 1.797693134862e+308, 1.9463e+02, 2.4576e+01, 
 1DIAGNOSTIC,     2, -9.010884025327e-01, 1.797693134862e+308, 2.1798e+02, 2.3348e+01, 
 1DIAGNOSTIC,     3, -9.039596365431e-01, 1.797693134862e+308, 2.4163e+02, 2.3651e+01, 
 1DIAGNOSTIC,     4, -9.066007433041e-01, 1.797693134862e+308, 2.6526e+02, 2.3634e+01, 
 1DIAGNOSTIC,     5, -9.091772362672e-01, 1.797693134862e+308, 2.8859e+02, 2.3327e+01, 
 1DIAGNOSTIC,     6, -9.111930231316e-01, 1.797693134862e+308, 3.1185e+02, 2.3258e+01, 
 1DIAGNOSTIC,     7, -9.129909260011e-01, 1.797693134862e+308, 3.3519e+02, 2.3340e+01, 
 1DIAGNOSTIC,     8, -9.144520656479e-01, 1.797693134862e+308, 3.5851e+02, 2.3320e+01, 
 1DIAGNOSTIC,     9, -9.157390890134e-01, 1.797693134862e+308, 3.8187e+02, 2.3361e+01, 
 1DIAGNOSTIC,    10, -9.168935853225e-01, 1.302185518667e-03, 4.0514e+02, 2.3277e+01, 
 1DIAGNOSTIC,    11, -9.178281447497e-01, 1.059650337877e-03, 4.2865e+02, 2.3511e+01, 
 1DIAGNOSTIC,    12, -9.188175448657e-01, 8.465744701148e-04, 4.5197e+02, 2.3317e+01, 
 1DIAGNOSTIC,    13, -9.196405086536e-01, 6.778778162086e-04, 4.7565e+02, 2.3680e+01, 
 1DIAGNOSTIC,    14, -9.205564731954e-01, 5.502510058570e-04, 4.9925e+02, 2.3601e+01, 
 1DIAGNOSTIC,    15, -9.212886219552e-01, 4.576317510673e-04, 5.2280e+02, 2.3552e+01, 
 1DIAGNOSTIC,    16, -9.219360253658e-01, 3.860897325067e-04, 5.4627e+02, 2.3467e+01, 
 1DIAGNOSTIC,    17, -9.225122506646e-01, 3.306594294774e-04, 5.6984e+02, 2.3567e+01, 
 1DIAGNOSTIC,    18, -9.231559265558e-01, 2.869870122453e-04, 5.9338e+02, 2.3543e+01, 
 1DIAGNOSTIC,    19, -9.236193974554e-01, 2.497006932323e-04, 6.1696e+02, 2.3577e+01, 
 1DIAGNOSTIC,    20, -9.240443708010e-01, 2.174165934475e-04, 6.4037e+02, 2.3411e+01, 
 1DIAGNOSTIC,    21, -9.244374005875e-01, 1.875307907655e-04, 6.6397e+02, 2.3597e+01, 
 1DIAGNOSTIC,    22, -9.248073217594e-01, 1.620000258787e-04, 6.8749e+02, 2.3523e+01, 
 1DIAGNOSTIC,    23, -9.251558245489e-01, 1.392108371858e-04, 7.1099e+02, 2.3499e+01, 
 1DIAGNOSTIC,    24, -9.254896661445e-01, 1.213749648289e-04, 7.3460e+02, 2.3609e+01, 
 1DIAGNOSTIC,    25, -9.258141094046e-01, 1.066716605711e-04, 7.5813e+02, 2.3538e+01, 
 1DIAGNOSTIC,    26, -9.261263133823e-01, 9.450823078294e-05, 7.8218e+02, 2.4043e+01, 
 1DIAGNOSTIC,    27, -9.264268487691e-01, 8.435818722216e-05, 8.0647e+02, 2.4295e+01, 
 1DIAGNOSTIC,    28, -9.267156798235e-01, 7.729666933880e-05, 8.3030e+02, 2.3833e+01, 
 1DIAGNOSTIC,    29, -9.269989898969e-01, 7.140696271756e-05, 8.5389e+02, 2.3584e+01, 
 1DIAGNOSTIC,    30, -9.272760333256e-01, 6.641580914210e-05, 8.7785e+02, 2.3961e+01, 
 1DIAGNOSTIC,    31, -9.275493721644e-01, 6.212876996194e-05, 9.0243e+02, 2.4583e+01, 
 1DIAGNOSTIC,    32, -9.278208220699e-01, 5.844412993199e-05, 9.2653e+02, 2.4100e+01, 
 1DIAGNOSTIC,    33, -9.280913758941e-01, 5.526396640615e-05, 9.4996e+02, 2.3424e+01, 
 1DIAGNOSTIC,    34, -9.283612066634e-01, 5.253618662342e-05, 9.7362e+02, 2.3666e+01, 
 1DIAGNOSTIC,    35, -9.286331616424e-01, 5.026208040655e-05, 9.9779e+02, 2.4165e+01, 
 1DIAGNOSTIC,    36, -9.289072793300e-01, 4.839028628179e-05, 1.0223e+03, 2.4492e+01, 
 1DIAGNOSTIC,    37, -9.291770275363e-01, 4.679957000320e-05, 1.0464e+03, 2.4118e+01, 
 1DIAGNOSTIC,    38, -9.294363621700e-01, 4.531563608681e-05, 1.0701e+03, 2.3751e+01, 
 1DIAGNOSTIC,    39, -9.296878886505e-01, 4.385085537147e-05, 1.0940e+03, 2.3812e+01, 
 1DIAGNOSTIC,    40, -9.299327734901e-01, 4.233254162548e-05, 1.1178e+03, 2.3879e+01, 
 1DIAGNOSTIC,    41, -9.301706095530e-01, 4.072257054923e-05, 1.1416e+03, 2.3806e+01, 
 1DIAGNOSTIC,    42, -9.303889946206e-01, 3.892625930478e-05, 1.1661e+03, 2.4502e+01, 
 1DIAGNOSTIC,    43, -9.305879278224e-01, 3.689378989719e-05, 1.1904e+03, 2.4304e+01, 
 1DIAGNOSTIC,    44, -9.307697776829e-01, 3.462574038124e-05, 1.2141e+03, 2.3681e+01, 
 1DIAGNOSTIC,    45, -9.309377714325e-01, 3.219239697078e-05, 1.2376e+03, 2.3492e+01, 
 1DIAGNOSTIC,    46, -9.310958329877e-01, 2.971089975243e-05, 1.2611e+03, 2.3472e+01, 
 1DIAGNOSTIC,    47, -9.312451635876e-01, 2.727082588634e-05, 1.2848e+03, 2.3701e+01, 
 1DIAGNOSTIC,    48, -9.313865349361e-01, 2.492684804313e-05, 1.3084e+03, 2.3575e+01, 
 1DIAGNOSTIC,    49, -9.315152211875e-01, 2.271494034952e-05, 1.3320e+03, 2.3654e+01, 
 1DIAGNOSTIC,    50, -9.316378579639e-01, 2.071246879922e-05, 1.3559e+03, 2.3890e+01, 
XXDIAGNOSTIC,Iteration,metricValue,convergenceValue,ITERATION_TIME_INDEX,SINCE_LAST
 1DIAGNOSTIC,     1, -8.902135441226e-01, 1.797693134862e+308, 1.5801e+03, 2.2414e+02, 
 1DIAGNOSTIC,     2, -8.912791118330e-01, 1.797693134862e+308, 1.7990e+03, 2.1893e+02, 
 1DIAGNOSTIC,     3, -8.926586249625e-01, 1.797693134862e+308, 2.0198e+03, 2.2085e+02, 
 1DIAGNOSTIC,     4, -8.939665116864e-01, 1.797693134862e+308, 2.2394e+03, 2.1960e+02, 
 1DIAGNOSTIC,     5, -8.952133199243e-01, 1.797693134862e+308, 2.4586e+03, 2.1918e+02, 
 1DIAGNOSTIC,     6, -8.964398912666e-01, 1.797693134862e+308, 2.6791e+03, 2.2046e+02, 
 1DIAGNOSTIC,     7, -8.977481617125e-01, 1.797693134862e+308, 2.8986e+03, 2.1948e+02, 
 1DIAGNOSTIC,     8, -8.990639040876e-01, 1.797693134862e+308, 3.1187e+03, 2.2014e+02, 
 1DIAGNOSTIC,     9, -9.003659746254e-01, 1.797693134862e+308, 3.3377e+03, 2.1898e+02, 
 1DIAGNOSTIC,    10, -9.015766229008e-01, 8.206319224900e-04, 3.5588e+03, 2.2117e+02, 
 1DIAGNOSTIC,    11, -9.027248398640e-01, 7.448428567112e-04, 3.7797e+03, 2.2089e+02, 
 1DIAGNOSTIC,    12, -9.037872467936e-01, 6.705508969238e-04, 4.0015e+03, 2.2181e+02, 
 1DIAGNOSTIC,    13, -9.045639707688e-01, 5.992129439082e-04, 4.2219e+03, 2.2038e+02, 
 1DIAGNOSTIC,    14, -9.052871576982e-01, 5.293506787364e-04, 4.4415e+03, 2.1963e+02, 
 1DIAGNOSTIC,    15, -9.059783937639e-01, 4.611607899728e-04, 4.6620e+03, 2.2050e+02, 
 1DIAGNOSTIC,    16, -9.066397022514e-01, 3.962348487167e-04, 4.8813e+03, 2.1922e+02, 
 1DIAGNOSTIC,    17, -9.072433493697e-01, 3.377581038146e-04, 5.1026e+03, 2.2136e+02, 
 1DIAGNOSTIC,    18, -9.078253583634e-01, 2.877118671832e-04, 5.3251e+03, 2.2247e+02, 
 1DIAGNOSTIC,    19, -9.083671451656e-01, 2.467808019451e-04, 5.5466e+03, 2.2151e+02, 
 1DIAGNOSTIC,    20, -9.088767959667e-01, 2.139760455957e-04, 5.7667e+03, 2.2013e+02, 
  Elapsed time (stage 0): 5768.52


Total elapsed time: 5768.52
