
##########################
# Experiment information #
##########################
SIF_IMG: /project/rrg-glatard/mdugre/containers/ants-p2-vprec.sif
EXPERIMENT_NAME: vprec-space_search
CONFIG: 0110
VFC_BACKENDS: libinterflop_vprec.so --range-binary32=8 --precision-binary32=21 --range-binary64=8 --precision-binary64=21

FIXED_IMG: /templateflow/tpl-MNI152NLin2009cAsym/tpl-MNI152NLin2009cAsym_res-01_desc-brain_T1w.nii.gz
SUBJECT_ID: 0003021
INPUT_IMG: /project/rrg-glatard/mdugre/datasets/corr/RawDataBIDS/BMB_1/derivatives/antsBrainExtraction/sub-0003021/BrainExtractionBrain.nii.gz
OUTPUT_DIR: /project/rrg-glatard/mdugre/datasets/corr/RawDataBIDS/BMB_1/derivatives/vprec-space_search/0110/r8-p21/sub-0003021

ITK_GLOBAL_DEFAULT_NUMBER_OF_THREADS: 8
##########################

VFC_BACKENDS=libinterflop_ieee.so
Info [verificarlo]: loaded backend libinterflop_ieee.so
Info [interflop-ieee]: load backend with:
Info [interflop-ieee]: debug = false
Info [interflop-ieee]: debug-binary = false
Info [interflop-ieee]: no-backend-name = false
Info [interflop-ieee]: print-new-line = false
Info [interflop-ieee]: print-subnormal-normalized = false
Info [interflop-ieee]: count-op = false
All_Command_lines_OK
Using double precision for computations.
=============================================================================
The composite transform comprises the following transforms (in order): 
  1. Center of mass alignment using fixed image: /templateflow/tpl-MNI152NLin2009cAsym/tpl-MNI152NLin2009cAsym_res-01_desc-brain_T1w.nii.gz and moving image: /project/rrg-glatard/mdugre/datasets/corr/RawDataBIDS/BMB_1/derivatives/antsBrainExtraction/sub-0003021/BrainExtractionBrain.nii.gz (type = Euler3DTransform)
=============================================================================
  number of levels = 1
  fixed image: /templateflow/tpl-MNI152NLin2009cAsym/tpl-MNI152NLin2009cAsym_res-01_desc-brain_T1w.nii.gz
  moving image: /project/rrg-glatard/mdugre/datasets/corr/RawDataBIDS/BMB_1/derivatives/antsBrainExtraction/sub-0003021/BrainExtractionBrain.nii.gz
Dimension = 3
Number of stages = 1
Use histogram matching = false
Winsorize image intensities = true
  Lower quantile = 0.005
  Upper quantile = 0.995


Stage 1 State
   Image metric = MattesMI
     Fixed image = Image (0x3f6a390)
  RTTI typeinfo:   itk::Image<double, 3u>
  Reference Count: 2
  Modified Time: 2330
  Debug: Off
  Object Name: 
  Observers: 
    none
  Source: (none)
  Source output name: (none)
  Release Data: Off
  Data Released: False
  Global Release Data: Off
  PipelineMTime: 0
  UpdateMTime: 1941
  RealTimeStamp: 0 seconds 
  LargestPossibleRegion: 
    Dimension: 3
    Index: [0, 0, 0]
    Size: [193, 229, 193]
  BufferedRegion: 
    Dimension: 3
    Index: [0, 0, 0]
    Size: [193, 229, 193]
  RequestedRegion: 
    Dimension: 3
    Index: [0, 0, 0]
    Size: [193, 229, 193]
  Spacing: [1, 1, 1]
  Origin: [96, 132, -78]
  Direction: 
-1 0 0
0 -1 0
0 0 1

  IndexToPointMatrix: 
-1 0 0
0 -1 0
0 0 1

  PointToIndexMatrix: 
-1 0 0
0 -1 0
0 0 1

  Inverse Direction: 
-1 0 0
0 -1 0
0 0 1

  PixelContainer: 
    ImportImageContainer (0x4035a90)
      RTTI typeinfo:   itk::ImportImageContainer<unsigned long, double>
      Reference Count: 1
      Modified Time: 1938
      Debug: Off
      Object Name: 
      Observers: 
        none
      Pointer: 0x146777563010
      Container manages memory: true
      Size: 8530021
      Capacity: 8530021

     Moving image = Image (0x3f6f390)
  RTTI typeinfo:   itk::Image<double, 3u>
  Reference Count: 2
  Modified Time: 2331
  Debug: Off
  Object Name: 
  Observers: 
    none
  Source: (none)
  Source output name: (none)
  Release Data: Off
  Data Released: False
  Global Release Data: Off
  PipelineMTime: 0
  UpdateMTime: 2328
  RealTimeStamp: 0 seconds 
  LargestPossibleRegion: 
    Dimension: 3
    Index: [0, 0, 0]
    Size: [176, 256, 256]
  BufferedRegion: 
    Dimension: 3
    Index: [0, 0, 0]
    Size: [176, 256, 256]
  RequestedRegion: 
    Dimension: 3
    Index: [0, 0, 0]
    Size: [176, 256, 256]
  Spacing: [1, 1, 1]
  Origin: [-92.1464, 106.518, -129.634]
  Direction: 
1 0 0
0 -1 0
0 0 1

  IndexToPointMatrix: 
1 0 0
0 -1 0
0 0 1

  PointToIndexMatrix: 
1 0 0
0 -1 0
0 0 1

  Inverse Direction: 
1 0 0
0 -1 0
0 0 1

  PixelContainer: 
    ImportImageContainer (0x4115b90)
      RTTI typeinfo:   itk::ImportImageContainer<unsigned long, double>
      Reference Count: 1
      Modified Time: 2325
      Debug: Off
      Object Name: 
      Observers: 
        none
      Pointer: 0x146771d62010
      Container manages memory: true
      Size: 11534336
      Capacity: 11534336

     Weighting = 1
     Sampling strategy = regular
     Number of bins = 32
     Radius = 4
     Sampling percentage  = 0.25
   Transform = Rigid
     Gradient step = 0.1
     Update field sigma (voxel space) = 0
     Total field sigma (voxel space) = 0
     Update field time sigma = 0
     Total field time sigma  = 0
     Number of time indices = 0
     Number of time point samples = 0
Registration using 1 total stages.

Stage 0
  iterations = 0
  convergence threshold = 1e-06
  convergence window size = 10
  number of levels = 1
  using the Mattes MI metric (number of bins = 32, weight = 1, use gradient filter = 0)
  preprocessing:  winsorizing the image intensities
  Shrink factors (level 1 out of 1): [1, 1, 1]
  smoothing sigmas per level: [0]
  regular sampling (percentage = 0.25)

*** Running Euler3DTransform registration ***

  Elapsed time (stage 0): 0.930551


Total elapsed time: 0.932019
VFC_BACKENDS=libinterflop_vprec.so --range-binary32=8 --precision-binary32=21 --range-binary64=8 --precision-binary64=21
Info [verificarlo]: loaded backend libinterflop_vprec.so
Info [interflop-vprec]: load backend with: 
Info [interflop-vprec]: precision-binary32 = 21
Info [interflop-vprec]: range-binary32 = 8
Info [interflop-vprec]: precision-binary64 = 21
Info [interflop-vprec]: range-binary64 = 8
Info [interflop-vprec]: mode = ob
Info [interflop-vprec]: error-mode = rel
Info [interflop-vprec]: max-abs-error-exponent = -1022
Info [interflop-vprec]: daz = false
Info [interflop-vprec]: ftz = false
Info [interflop-vprec]: 	instrument = none
Info [interflop-vprec]: 	prec-input-file = (null)
Info [interflop-vprec]: 	prec-output-file = (null)
Info [interflop-vprec]: 	prec-log-file = (null)
All_Command_lines_OK
Using double precision for computations.
=============================================================================
The composite transform comprises the following transforms (in order): 
  1. /project/rrg-glatard/mdugre/datasets/corr/RawDataBIDS/BMB_1/derivatives/vprec-space_search/0110/r8-p21/sub-0003021/align_Composite.h5[0] (type = Euler3DTransform)
  2. /project/rrg-glatard/mdugre/datasets/corr/RawDataBIDS/BMB_1/derivatives/vprec-space_search/0110/r8-p21/sub-0003021/align_Composite.h5[1] (type = Euler3DTransform)
=============================================================================
  number of levels = 4
  fixed image: /templateflow/tpl-MNI152NLin2009cAsym/tpl-MNI152NLin2009cAsym_res-01_desc-brain_T1w.nii.gz
  moving image: /project/rrg-glatard/mdugre/datasets/corr/RawDataBIDS/BMB_1/derivatives/antsBrainExtraction/sub-0003021/BrainExtractionBrain.nii.gz
Dimension = 3
Number of stages = 1
Use histogram matching = false
Winsorize image intensities = true
  Lower quantile = 0.005
  Upper quantile = 0.995


Stage 1 State
   Image metric = MattesMI
     Fixed image = Image (0x4f63300)
  RTTI typeinfo:   itk::Image<double, 3u>
  Reference Count: 2
  Modified Time: 1578
  Debug: Off
  Object Name: 
  Observers: 
    none
  Source: (none)
  Source output name: (none)
  Release Data: Off
  Data Released: False
  Global Release Data: Off
  PipelineMTime: 0
  UpdateMTime: 1189
  RealTimeStamp: 0 seconds 
  LargestPossibleRegion: 
    Dimension: 3
    Index: [0, 0, 0]
    Size: [193, 229, 193]
  BufferedRegion: 
    Dimension: 3
    Index: [0, 0, 0]
    Size: [193, 229, 193]
  RequestedRegion: 
    Dimension: 3
    Index: [0, 0, 0]
    Size: [193, 229, 193]
  Spacing: [1, 1, 1]
  Origin: [96, 132, -78]
  Direction: 
-1 0 0
0 -1 0
0 0 1

  IndexToPointMatrix: 
-1 0 0
0 -1 0
0 0 1

  PointToIndexMatrix: 
-1 0 0
0 -1 0
0 0 1

  Inverse Direction: 
-1 0 0
0 -1 0
0 0 1

  PixelContainer: 
    ImportImageContainer (0x5021d00)
      RTTI typeinfo:   itk::ImportImageContainer<unsigned long, double>
      Reference Count: 1
      Modified Time: 1186
      Debug: Off
      Object Name: 
      Observers: 
        none
      Pointer: 0x14e7f0ab1010
      Container manages memory: true
      Size: 8530021
      Capacity: 8530021

     Moving image = Image (0x501e030)
  RTTI typeinfo:   itk::Image<double, 3u>
  Reference Count: 2
  Modified Time: 1579
  Debug: Off
  Object Name: 
  Observers: 
    none
  Source: (none)
  Source output name: (none)
  Release Data: Off
  Data Released: False
  Global Release Data: Off
  PipelineMTime: 0
  UpdateMTime: 1576
  RealTimeStamp: 0 seconds 
  LargestPossibleRegion: 
    Dimension: 3
    Index: [0, 0, 0]
    Size: [176, 256, 256]
  BufferedRegion: 
    Dimension: 3
    Index: [0, 0, 0]
    Size: [176, 256, 256]
  RequestedRegion: 
    Dimension: 3
    Index: [0, 0, 0]
    Size: [176, 256, 256]
  Spacing: [1, 1, 1]
  Origin: [-92.1464, 106.518, -129.634]
  Direction: 
1 0 0
0 -1 0
0 0 1

  IndexToPointMatrix: 
1 0 0
0 -1 0
0 0 1

  PointToIndexMatrix: 
1 0 0
0 -1 0
0 0 1

  Inverse Direction: 
1 0 0
0 -1 0
0 0 1

  PixelContainer: 
    ImportImageContainer (0x5021680)
      RTTI typeinfo:   itk::ImportImageContainer<unsigned long, double>
      Reference Count: 1
      Modified Time: 1573
      Debug: Off
      Object Name: 
      Observers: 
        none
      Pointer: 0x14e7eb2b0010
      Container manages memory: true
      Size: 11534336
      Capacity: 11534336

     Weighting = 1
     Sampling strategy = regular
     Number of bins = 32
     Radius = 4
     Sampling percentage  = 0.25
   Transform = Rigid
     Gradient step = 0.1
     Update field sigma (voxel space) = 0
     Total field sigma (voxel space) = 0
     Update field time sigma = 0
     Total field time sigma  = 0
     Number of time indices = 0
     Number of time point samples = 0
Registration using 1 total stages.

Stage 0
  iterations = 1000x500x250x100
  convergence threshold = 1e-06
  convergence window size = 10
  number of levels = 4
  using the Mattes MI metric (number of bins = 32, weight = 1, use gradient filter = 0)
  preprocessing:  winsorizing the image intensities
  Shrink factors (level 1 out of 4): [8, 8, 8]
  Shrink factors (level 2 out of 4): [4, 4, 4]
  Shrink factors (level 3 out of 4): [2, 2, 2]
  Shrink factors (level 4 out of 4): [1, 1, 1]
  smoothing sigmas per level: [3, 2, 1, 0]
  regular sampling (percentage = 0.25)

*** Running Euler3DTransform registration ***

DIAGNOSTIC,Iteration,metricValue,convergenceValue,ITERATION_TIME_INDEX,SINCE_LAST
 2DIAGNOSTIC,     1, -5.495250653709e-01, 1.797693134862e+308, 0.0000e+00, 0.0000e+00, 
 2DIAGNOSTIC,     2, -5.522467452251e-01, 1.797693134862e+308, 0.0000e+00, 0.0000e+00, 
 2DIAGNOSTIC,     3, -5.561671994149e-01, 1.797693134862e+308, 0.0000e+00, 0.0000e+00, 
 2DIAGNOSTIC,     4, -5.614440383208e-01, 1.797693134862e+308, 0.0000e+00, 0.0000e+00, 
 2DIAGNOSTIC,     5, -5.686655423371e-01, 1.797693134862e+308, 0.0000e+00, 0.0000e+00, 
 2DIAGNOSTIC,     6, -5.834628808478e-01, 1.797693134862e+308, 0.0000e+00, 0.0000e+00, 
 2DIAGNOSTIC,     7, -5.861576991924e-01, 1.797693134862e+308, 0.0000e+00, 0.0000e+00, 
 2DIAGNOSTIC,     8, -5.878975851251e-01, 1.797693134862e+308, 0.0000e+00, 0.0000e+00, 
 2DIAGNOSTIC,     9, -5.904027774529e-01, 1.797693134862e+308, 0.0000e+00, 0.0000e+00, 
 2DIAGNOSTIC,    10, -5.904193365293e-01, 5.486926741946e-03, 0.0000e+00, 0.0000e+00, 
 2DIAGNOSTIC,    11, -5.905253154249e-01, 4.410209810729e-03, 0.0000e+00, 0.0000e+00, 
 2DIAGNOSTIC,    12, -5.906863499209e-01, 3.241860011998e-03, 0.0000e+00, 0.0000e+00, 
 2DIAGNOSTIC,    13, -5.908907733326e-01, 2.126739780557e-03, 0.0000e+00, 0.0000e+00, 
 2DIAGNOSTIC,    14, -5.911116228298e-01, 1.173788966885e-03, 0.0000e+00, 0.0000e+00, 
 2DIAGNOSTIC,    15, -5.913213761064e-01, 4.748542126615e-04, 0.0000e+00, 0.0000e+00, 
 2DIAGNOSTIC,    16, -5.913875357686e-01, 2.768201029059e-04, 0.0000e+00, 0.0000e+00, 
 2DIAGNOSTIC,    17, -5.913876779621e-01, 1.543680343315e-04, 0.0000e+00, 0.0000e+00, 
 2DIAGNOSTIC,    18, -5.914457055247e-01, 7.865443144885e-05, 0.0000e+00, 0.0000e+00, 
 2DIAGNOSTIC,    19, -5.915026241711e-01, 6.978935872468e-05, 0.0000e+00, 0.0000e+00, 
 2DIAGNOSTIC,    20, -5.920637785980e-01, 6.952762649737e-05, 0.0000e+00, 0.0000e+00, 
 2DIAGNOSTIC,    21, -5.926994522156e-01, 7.985395456306e-05, 0.0000e+00, 0.0000e+00, 
 2DIAGNOSTIC,    22, -5.941104468321e-01, 1.165071096275e-04, 0.0000e+00, 0.0000e+00, 
 2DIAGNOSTIC,    23, -5.940512738805e-01, 1.416560818062e-04, 0.0000e+00, 0.0000e+00, 
 2DIAGNOSTIC,    24, -5.944880275825e-01, 1.652839210325e-04, 0.0000e+00, 0.0000e+00, 
 2DIAGNOSTIC,    25, -5.947039593981e-01, 1.798221583685e-04, 0.0000e+00, 0.0000e+00, 
 2DIAGNOSTIC,    26, -5.958907944673e-01, 1.995061878943e-04, 0.0000e+00, 0.0000e+00, 
 2DIAGNOSTIC,    27, -5.967849337834e-01, 2.143614349359e-04, 0.0000e+00, 0.0000e+00, 
 2DIAGNOSTIC,    28, -5.975689931209e-01, 2.226585848550e-04, 0.0000e+00, 0.0000e+00, 
 2DIAGNOSTIC,    29, -5.985818353266e-01, 2.275813162970e-04, 0.0000e+00, 0.0000e+00, 
 2DIAGNOSTIC,    30, -5.990601788281e-01, 2.272818137068e-04, 0.0000e+00, 0.0000e+00, 
 2DIAGNOSTIC,    31, -5.992243103070e-01, 2.173619589661e-04, 0.0000e+00, 0.0000e+00, 
 2DIAGNOSTIC,    32, -5.992823690387e-01, 2.098882088035e-04, 0.0000e+00, 0.0000e+00, 
 2DIAGNOSTIC,    33, -5.996182882909e-01, 1.870869249601e-04, 0.0000e+00, 0.0000e+00, 
 2DIAGNOSTIC,    34, -5.997944257120e-01, 1.566297291136e-04, 0.0000e+00, 0.0000e+00, 
 2DIAGNOSTIC,    35, -5.998879637051e-01, 1.171154497768e-04, 0.0000e+00, 0.0000e+00, 
 2DIAGNOSTIC,    36, -5.999041296292e-01, 8.493283289170e-05, 0.0000e+00, 0.0000e+00, 
 2DIAGNOSTIC,    37, -5.999095060143e-01, 5.823536775785e-05, 0.0000e+00, 0.0000e+00, 
 2DIAGNOSTIC,    38, -5.999111007916e-01, 3.715425659518e-05, 0.0000e+00, 0.0000e+00, 
 2DIAGNOSTIC,    39, -5.999162881458e-01, 2.611138896433e-05, 0.0000e+00, 0.0000e+00, 
 2DIAGNOSTIC,    40, -5.999183041782e-01, 1.899601476686e-05, 0.0000e+00, 0.0000e+00, 
 2DIAGNOSTIC,    41, -5.999186562717e-01, 1.248551188813e-05, 0.0000e+00, 0.0000e+00, 
 2DIAGNOSTIC,    42, -5.999257972034e-01, 5.851825481917e-06, 0.0000e+00, 0.0000e+00, 
 2DIAGNOSTIC,    43, -5.999267437495e-01, 2.772968655407e-06, 0.0000e+00, 0.0000e+00, 
 2DIAGNOSTIC,    44, -5.999265114487e-01, 1.539827909399e-06, 0.0000e+00, 0.0000e+00, 
 2DIAGNOSTIC,    45, -5.999265905765e-01, 1.282751218266e-06, 0.0000e+00, 0.0000e+00, 
 2DIAGNOSTIC,    46, -5.999264212716e-01, 1.149389363918e-06, 0.0000e+00, 0.0000e+00, 
 2DIAGNOSTIC,    47, -5.999264541677e-01, 1.033591665589e-06, 0.0000e+00, 0.0000e+00, 
DIAGNOSTIC,Iteration,metricValue,convergenceValue,ITERATION_TIME_INDEX,SINCE_LAST
 2DIAGNOSTIC,     1, -4.725388410606e-01, 1.797693134862e+308, 0.0000e+00, 0.0000e+00, 
 2DIAGNOSTIC,     2, -4.726859081444e-01, 1.797693134862e+308, 0.0000e+00, 0.0000e+00, 
 2DIAGNOSTIC,     3, -4.728968514190e-01, 1.797693134862e+308, 0.0000e+00, 0.0000e+00, 
 2DIAGNOSTIC,     4, -4.732753719847e-01, 1.797693134862e+308, 0.0000e+00, 0.0000e+00, 
 2DIAGNOSTIC,     5, -4.738154959439e-01, 1.797693134862e+308, 0.0000e+00, 0.0000e+00, 
 2DIAGNOSTIC,     6, -4.756196145554e-01, 1.797693134862e+308, 0.0000e+00, 0.0000e+00, 
 2DIAGNOSTIC,     7, -4.762977653629e-01, 1.797693134862e+308, 0.0000e+00, 0.0000e+00, 
 2DIAGNOSTIC,     8, -4.765034179245e-01, 1.797693134862e+308, 0.0000e+00, 0.0000e+00, 
 2DIAGNOSTIC,     9, -4.772233948737e-01, 1.797693134862e+308, 0.0000e+00, 0.0000e+00, 
 2DIAGNOSTIC,    10, -4.778010327561e-01, 8.092189654352e-04, 0.0000e+00, 0.0000e+00, 
 2DIAGNOSTIC,    11, -4.780757440333e-01, 7.539955688542e-04, 0.0000e+00, 0.0000e+00, 
 2DIAGNOSTIC,    12, -4.785570297700e-01, 6.719218650890e-04, 0.0000e+00, 0.0000e+00, 
 2DIAGNOSTIC,    13, -4.785937176157e-01, 5.542357516515e-04, 0.0000e+00, 0.0000e+00, 
 2DIAGNOSTIC,    14, -4.787616435208e-01, 4.271509301155e-04, 0.0000e+00, 0.0000e+00, 
 2DIAGNOSTIC,    15, -4.787982544496e-01, 2.992864247007e-04, 0.0000e+00, 0.0000e+00, 
 2DIAGNOSTIC,    16, -4.788117080948e-01, 2.275818143774e-04, 0.0000e+00, 0.0000e+00, 
 2DIAGNOSTIC,    17, -4.788296889332e-01, 1.682232029682e-04, 0.0000e+00, 0.0000e+00, 
 2DIAGNOSTIC,    18, -4.788312120774e-01, 1.065951911895e-04, 0.0000e+00, 0.0000e+00, 
 2DIAGNOSTIC,    19, -4.788161421891e-01, 6.363913797330e-05, 0.0000e+00, 0.0000e+00, 
 2DIAGNOSTIC,    20, -4.788181822434e-01, 3.645806237131e-05, 0.0000e+00, 0.0000e+00, 
 2DIAGNOSTIC,    21, -4.788043713483e-01, 1.571415688626e-05, 0.0000e+00, 0.0000e+00, 
 2DIAGNOSTIC,    22, -4.788080116136e-01, 8.710414553074e-06, 0.0000e+00, 0.0000e+00, 
 2DIAGNOSTIC,    23, -4.788031210235e-01, 2.348007205159e-06, 0.0000e+00, 0.0000e+00, 
DIAGNOSTIC,Iteration,metricValue,convergenceValue,ITERATION_TIME_INDEX,SINCE_LAST
 2DIAGNOSTIC,     1, -4.176912637277e-01, 1.797693134862e+308, 0.0000e+00, 0.0000e+00, 
 2DIAGNOSTIC,     2, -4.177928588288e-01, 1.797693134862e+308, 0.0000e+00, 0.0000e+00, 
 2DIAGNOSTIC,     3, -4.179051633189e-01, 1.797693134862e+308, 0.0000e+00, 0.0000e+00, 
 2DIAGNOSTIC,     4, -4.179123116088e-01, 1.797693134862e+308, 0.0000e+00, 0.0000e+00, 
 2DIAGNOSTIC,     5, -4.179118422117e-01, 1.797693134862e+308, 0.0000e+00, 0.0000e+00, 
 2DIAGNOSTIC,     6, -4.179105814760e-01, 1.797693134862e+308, 0.0000e+00, 0.0000e+00, 
 2DIAGNOSTIC,     7, -4.179108158771e-01, 1.797693134862e+308, 0.0000e+00, 0.0000e+00, 
 2DIAGNOSTIC,     8, -4.179087089395e-01, 1.797693134862e+308, 0.0000e+00, 0.0000e+00, 
 2DIAGNOSTIC,     9, -4.179083115358e-01, 1.797693134862e+308, 0.0000e+00, 0.0000e+00, 
 2DIAGNOSTIC,    10, -4.179066924323e-01, 2.480397002656e-05, 0.0000e+00, 0.0000e+00, 
 2DIAGNOSTIC,    11, -4.179067031759e-01, 9.755498010369e-06, 0.0000e+00, 0.0000e+00, 
 2DIAGNOSTIC,    12, -4.179066188616e-01, 2.174402820534e-06, 0.0000e+00, 0.0000e+00, 
 2DIAGNOSTIC,    13, -4.179058603385e-01, 1.627316962391e-06, 0.0000e+00, 0.0000e+00, 
 2DIAGNOSTIC,    14, -4.179058729417e-01, 1.583120633170e-06, 0.0000e+00, 0.0000e+00, 
 2DIAGNOSTIC,    15, -4.179058841705e-01, 1.588238516981e-06, 0.0000e+00, 0.0000e+00, 
 2DIAGNOSTIC,    16, -4.179050320226e-01, 1.550074349196e-06, 0.0000e+00, 0.0000e+00, 
 2DIAGNOSTIC,    17, -4.179050642939e-01, 1.569961347307e-06, 0.0000e+00, 0.0000e+00, 
 2DIAGNOSTIC,    18, -4.179050363351e-01, 1.534801783748e-06, 0.0000e+00, 0.0000e+00, 
 2DIAGNOSTIC,    19, -4.179050236132e-01, 1.511668219795e-06, 0.0000e+00, 0.0000e+00, 
 2DIAGNOSTIC,    20, -4.179050229323e-01, 1.450725815096e-06, 0.0000e+00, 0.0000e+00, 
 2DIAGNOSTIC,    21, -4.179049832028e-01, 1.408090622677e-06, 0.0000e+00, 0.0000e+00, 
 2DIAGNOSTIC,    22, -4.179050898273e-01, 1.380959664524e-06, 0.0000e+00, 0.0000e+00, 
 2DIAGNOSTIC,    23, -4.179050865818e-01, 1.339402858701e-06, 0.0000e+00, 0.0000e+00, 
 2DIAGNOSTIC,    24, -4.179050851992e-01, 1.305628937069e-06, 0.0000e+00, 0.0000e+00, 
 2DIAGNOSTIC,    25, -4.179050860751e-01, 1.277620125383e-06, 0.0000e+00, 0.0000e+00, 
 2DIAGNOSTIC,    26, -4.179050864226e-01, 1.229113287246e-06, 0.0000e+00, 0.0000e+00, 
 2DIAGNOSTIC,    27, -4.179050861912e-01, 1.184596220415e-06, 0.0000e+00, 0.0000e+00, 
 2DIAGNOSTIC,    28, -4.179050859399e-01, 1.142093096915e-06, 0.0000e+00, 0.0000e+00, 
 2DIAGNOSTIC,    29, -4.179050855644e-01, 1.101813656007e-06, 0.0000e+00, 0.0000e+00, 
 2DIAGNOSTIC,    30, -4.179050855084e-01, 1.063924112046e-06, 0.0000e+00, 0.0000e+00, 
 2DIAGNOSTIC,    31, -4.179050870175e-01, 1.027360122439e-06, 0.0000e+00, 0.0000e+00, 
DIAGNOSTIC,Iteration,metricValue,convergenceValue,ITERATION_TIME_INDEX,SINCE_LAST
 2DIAGNOSTIC,     1, -3.856127171936e-01, 1.797693134862e+308, 0.0000e+00, 0.0000e+00, 
 2DIAGNOSTIC,     2, -3.857025663170e-01, 1.797693134862e+308, 0.0000e+00, 0.0000e+00, 
 2DIAGNOSTIC,     3, -3.858354685069e-01, 1.797693134862e+308, 0.0000e+00, 0.0000e+00, 
 2DIAGNOSTIC,     4, -3.859836062662e-01, 1.797693134862e+308, 0.0000e+00, 0.0000e+00, 
 2DIAGNOSTIC,     5, -3.860297148029e-01, 1.797693134862e+308, 0.0000e+00, 0.0000e+00, 
 2DIAGNOSTIC,     6, -3.860597337204e-01, 1.797693134862e+308, 0.0000e+00, 0.0000e+00, 
 2DIAGNOSTIC,     7, -3.860989521132e-01, 1.797693134862e+308, 0.0000e+00, 0.0000e+00, 
 2DIAGNOSTIC,     8, -3.860991422077e-01, 1.797693134862e+308, 0.0000e+00, 0.0000e+00, 
 2DIAGNOSTIC,     9, -3.860991562680e-01, 1.797693134862e+308, 0.0000e+00, 0.0000e+00, 
 2DIAGNOSTIC,    10, -3.860989164101e-01, 8.246291271125e-05, 0.0000e+00, 0.0000e+00, 
 2DIAGNOSTIC,    11, -3.860989307822e-01, 5.286884896642e-05, 0.0000e+00, 0.0000e+00, 
 2DIAGNOSTIC,    12, -3.860987966441e-01, 2.910705757893e-05, 0.0000e+00, 0.0000e+00, 
 2DIAGNOSTIC,    13, -3.860987476556e-01, 1.394833149405e-05, 0.0000e+00, 0.0000e+00, 
 2DIAGNOSTIC,    14, -3.860987528030e-01, 7.685722116693e-06, 0.0000e+00, 0.0000e+00, 
 2DIAGNOSTIC,    15, -3.860986864505e-01, 4.005574021443e-06, 0.0000e+00, 0.0000e+00, 
 2DIAGNOSTIC,    16, -3.860986172683e-01, 1.939648166513e-06, 0.0000e+00, 0.0000e+00, 
 2DIAGNOSTIC,    17, -3.860986270264e-01, 1.820268281896e-06, 0.0000e+00, 0.0000e+00, 
 2DIAGNOSTIC,    18, -3.860986126204e-01, 1.726136090209e-06, 0.0000e+00, 0.0000e+00, 
 2DIAGNOSTIC,    19, -3.860986126204e-01, 1.646682947609e-06, 0.0000e+00, 0.0000e+00, 
 2DIAGNOSTIC,    20, -3.860986126204e-01, 1.569074408354e-06, 0.0000e+00, 0.0000e+00, 
 2DIAGNOSTIC,    21, -3.860986126204e-01, 1.501727530558e-06, 0.0000e+00, 0.0000e+00, 
 2DIAGNOSTIC,    22, -3.860986126204e-01, 1.437451313695e-06, 0.0000e+00, 0.0000e+00, 
 2DIAGNOSTIC,    23, -3.860985820041e-01, 1.377140054756e-06, 0.0000e+00, 0.0000e+00, 
 2DIAGNOSTIC,    24, -3.860985820041e-01, 1.322815520968e-06, 0.0000e+00, 0.0000e+00, 
 2DIAGNOSTIC,    25, -3.860985815117e-01, 1.271331924464e-06, 0.0000e+00, 0.0000e+00, 
 2DIAGNOSTIC,    26, -3.860985815117e-01, 1.222091136857e-06, 0.0000e+00, 0.0000e+00, 
 2DIAGNOSTIC,    27, -3.860985815117e-01, 1.177067934219e-06, 0.0000e+00, 0.0000e+00, 
 2DIAGNOSTIC,    28, -3.860985815117e-01, 1.135151511136e-06, 0.0000e+00, 0.0000e+00, 
 2DIAGNOSTIC,    29, -3.860985815117e-01, 1.096364221721e-06, 0.0000e+00, 0.0000e+00, 
 2DIAGNOSTIC,    30, -3.860985815117e-01, 1.060344093605e-06, 0.0000e+00, 0.0000e+00, 
 2DIAGNOSTIC,    31, -3.860985815117e-01, 1.026776108921e-06, 0.0000e+00, 0.0000e+00, 
  Elapsed time (stage 0): 0.0000e+00


Total elapsed time: 0.0000e+00
VFC_BACKENDS=libinterflop_vprec.so --range-binary32=8 --precision-binary32=21 --range-binary64=8 --precision-binary64=21
Info [verificarlo]: loaded backend libinterflop_vprec.so
Info [interflop-vprec]: load backend with: 
Info [interflop-vprec]: precision-binary32 = 21
Info [interflop-vprec]: range-binary32 = 8
Info [interflop-vprec]: precision-binary64 = 21
Info [interflop-vprec]: range-binary64 = 8
Info [interflop-vprec]: mode = ob
Info [interflop-vprec]: error-mode = rel
Info [interflop-vprec]: max-abs-error-exponent = -1022
Info [interflop-vprec]: daz = false
Info [interflop-vprec]: ftz = false
Info [interflop-vprec]: 	instrument = none
Info [interflop-vprec]: 	prec-input-file = (null)
Info [interflop-vprec]: 	prec-output-file = (null)
Info [interflop-vprec]: 	prec-log-file = (null)
All_Command_lines_OK
Using double precision for computations.
=============================================================================
The composite transform comprises the following transforms (in order): 
  1. /project/rrg-glatard/mdugre/datasets/corr/RawDataBIDS/BMB_1/derivatives/vprec-space_search/0110/r8-p21/sub-0003021/rigid_Composite.h5[0] (type = Euler3DTransform)
  2. /project/rrg-glatard/mdugre/datasets/corr/RawDataBIDS/BMB_1/derivatives/vprec-space_search/0110/r8-p21/sub-0003021/rigid_Composite.h5[1] (type = Euler3DTransform)
  3. /project/rrg-glatard/mdugre/datasets/corr/RawDataBIDS/BMB_1/derivatives/vprec-space_search/0110/r8-p21/sub-0003021/rigid_Composite.h5[2] (type = Euler3DTransform)
=============================================================================
  number of levels = 4
  fixed image: /templateflow/tpl-MNI152NLin2009cAsym/tpl-MNI152NLin2009cAsym_res-01_desc-brain_T1w.nii.gz
  moving image: /project/rrg-glatard/mdugre/datasets/corr/RawDataBIDS/BMB_1/derivatives/antsBrainExtraction/sub-0003021/BrainExtractionBrain.nii.gz
Dimension = 3
Number of stages = 1
Use histogram matching = false
Winsorize image intensities = true
  Lower quantile = 0.005
  Upper quantile = 0.995


Stage 1 State
   Image metric = MattesMI
     Fixed image = Image (0x3ac2300)
  RTTI typeinfo:   itk::Image<double, 3u>
  Reference Count: 2
  Modified Time: 1592
  Debug: Off
  Object Name: 
  Observers: 
    none
  Source: (none)
  Source output name: (none)
  Release Data: Off
  Data Released: False
  Global Release Data: Off
  PipelineMTime: 0
  UpdateMTime: 1203
  RealTimeStamp: 0 seconds 
  LargestPossibleRegion: 
    Dimension: 3
    Index: [0, 0, 0]
    Size: [193, 229, 193]
  BufferedRegion: 
    Dimension: 3
    Index: [0, 0, 0]
    Size: [193, 229, 193]
  RequestedRegion: 
    Dimension: 3
    Index: [0, 0, 0]
    Size: [193, 229, 193]
  Spacing: [1, 1, 1]
  Origin: [96, 132, -78]
  Direction: 
-1 0 0
0 -1 0
0 0 1

  IndexToPointMatrix: 
-1 0 0
0 -1 0
0 0 1

  PointToIndexMatrix: 
-1 0 0
0 -1 0
0 0 1

  Inverse Direction: 
-1 0 0
0 -1 0
0 0 1

  PixelContainer: 
    ImportImageContainer (0x3b3d070)
      RTTI typeinfo:   itk::ImportImageContainer<unsigned long, double>
      Reference Count: 1
      Modified Time: 1200
      Debug: Off
      Object Name: 
      Observers: 
        none
      Pointer: 0x14bc2c3f3010
      Container manages memory: true
      Size: 8530021
      Capacity: 8530021

     Moving image = Image (0x3b720e0)
  RTTI typeinfo:   itk::Image<double, 3u>
  Reference Count: 2
  Modified Time: 1593
  Debug: Off
  Object Name: 
  Observers: 
    none
  Source: (none)
  Source output name: (none)
  Release Data: Off
  Data Released: False
  Global Release Data: Off
  PipelineMTime: 0
  UpdateMTime: 1590
  RealTimeStamp: 0 seconds 
  LargestPossibleRegion: 
    Dimension: 3
    Index: [0, 0, 0]
    Size: [176, 256, 256]
  BufferedRegion: 
    Dimension: 3
    Index: [0, 0, 0]
    Size: [176, 256, 256]
  RequestedRegion: 
    Dimension: 3
    Index: [0, 0, 0]
    Size: [176, 256, 256]
  Spacing: [1, 1, 1]
  Origin: [-92.1464, 106.518, -129.634]
  Direction: 
1 0 0
0 -1 0
0 0 1

  IndexToPointMatrix: 
1 0 0
0 -1 0
0 0 1

  PointToIndexMatrix: 
1 0 0
0 -1 0
0 0 1

  Inverse Direction: 
1 0 0
0 -1 0
0 0 1

  PixelContainer: 
    ImportImageContainer (0x3b3bc90)
      RTTI typeinfo:   itk::ImportImageContainer<unsigned long, double>
      Reference Count: 1
      Modified Time: 1587
      Debug: Off
      Object Name: 
      Observers: 
        none
      Pointer: 0x14bc26bf2010
      Container manages memory: true
      Size: 11534336
      Capacity: 11534336

     Weighting = 1
     Sampling strategy = regular
     Number of bins = 32
     Radius = 4
     Sampling percentage  = 0.25
   Transform = Affine
     Gradient step = 0.1
     Update field sigma (voxel space) = 0
     Total field sigma (voxel space) = 0
     Update field time sigma = 0
     Total field time sigma  = 0
     Number of time indices = 0
     Number of time point samples = 0
Registration using 1 total stages.

Stage 0
  iterations = 1000x500x250x100
  convergence threshold = 1e-06
  convergence window size = 10
  number of levels = 4
  using the Mattes MI metric (number of bins = 32, weight = 1, use gradient filter = 0)
  preprocessing:  winsorizing the image intensities
  Shrink factors (level 1 out of 4): [8, 8, 8]
  Shrink factors (level 2 out of 4): [4, 4, 4]
  Shrink factors (level 3 out of 4): [2, 2, 2]
  Shrink factors (level 4 out of 4): [1, 1, 1]
  smoothing sigmas per level: [3, 2, 1, 0]
  regular sampling (percentage = 0.25)

*** Running AffineTransform registration ***

DIAGNOSTIC,Iteration,metricValue,convergenceValue,ITERATION_TIME_INDEX,SINCE_LAST
 2DIAGNOSTIC,     1, -5.982957549270e-01, 1.797693134862e+308, 0.0000e+00, 0.0000e+00, 
 2DIAGNOSTIC,     2, -6.002275714984e-01, 1.797693134862e+308, 0.0000e+00, 0.0000e+00, 
 2DIAGNOSTIC,     3, -6.032458927497e-01, 1.797693134862e+308, 0.0000e+00, 0.0000e+00, 
 2DIAGNOSTIC,     4, -6.079964242185e-01, 1.797693134862e+308, 0.0000e+00, 0.0000e+00, 
 2DIAGNOSTIC,     5, -6.159903895043e-01, 1.797693134862e+308, 0.0000e+00, 0.0000e+00, 
 2DIAGNOSTIC,     6, -6.340376534583e-01, 1.797693134862e+308, 0.0000e+00, 0.0000e+00, 
 2DIAGNOSTIC,     7, -6.587368780619e-01, 1.797693134862e+308, 0.0000e+00, 0.0000e+00, 
 2DIAGNOSTIC,     8, -7.920188807982e-01, 1.797693134862e+308, 0.0000e+00, 0.0000e+00, 
 2DIAGNOSTIC,     9, -8.146726798747e-01, 1.797693134862e+308, 0.0000e+00, 0.0000e+00, 
 2DIAGNOSTIC,    10, -8.588990232971e-01, 2.543931866730e-02, 0.0000e+00, 0.0000e+00, 
 2DIAGNOSTIC,    11, -8.654451714994e-01, 2.675060342082e-02, 0.0000e+00, 0.0000e+00, 
 2DIAGNOSTIC,    12, -8.654182979242e-01, 2.550293254604e-02, 0.0000e+00, 0.0000e+00, 
 2DIAGNOSTIC,    13, -8.648458365417e-01, 2.225525879892e-02, 0.0000e+00, 0.0000e+00, 
 2DIAGNOSTIC,    14, -8.648571236255e-01, 1.768026158080e-02, 0.0000e+00, 0.0000e+00, 
 2DIAGNOSTIC,    15, -8.647503682681e-01, 1.245285015764e-02, 0.0000e+00, 0.0000e+00, 
 2DIAGNOSTIC,    16, -8.647332205426e-01, 7.301928346316e-03, 0.0000e+00, 0.0000e+00, 
 2DIAGNOSTIC,    17, -8.648238915641e-01, 2.664580308557e-03, 0.0000e+00, 0.0000e+00, 
 2DIAGNOSTIC,    18, -8.647446317454e-01, 1.131023944290e-03, 0.0000e+00, 0.0000e+00, 
 2DIAGNOSTIC,    19, -8.647014526606e-01, 9.363684602617e-05, 0.0000e+00, 0.0000e+00, 
DIAGNOSTIC,Iteration,metricValue,convergenceValue,ITERATION_TIME_INDEX,SINCE_LAST
 2DIAGNOSTIC,     1, -7.260690347154e-01, 1.797693134862e+308, 0.0000e+00, 0.0000e+00, 
 2DIAGNOSTIC,     2, -7.266099683122e-01, 1.797693134862e+308, 0.0000e+00, 0.0000e+00, 
 2DIAGNOSTIC,     3, -7.271381915609e-01, 1.797693134862e+308, 0.0000e+00, 0.0000e+00, 
 2DIAGNOSTIC,     4, -7.272309090189e-01, 1.797693134862e+308, 0.0000e+00, 0.0000e+00, 
 2DIAGNOSTIC,     5, -7.272519019509e-01, 1.797693134862e+308, 0.0000e+00, 0.0000e+00, 
 2DIAGNOSTIC,     6, -7.272526726068e-01, 1.797693134862e+308, 0.0000e+00, 0.0000e+00, 
 2DIAGNOSTIC,     7, -7.273169425920e-01, 1.797693134862e+308, 0.0000e+00, 0.0000e+00, 
 2DIAGNOSTIC,     8, -7.272822215957e-01, 1.797693134862e+308, 0.0000e+00, 0.0000e+00, 
 2DIAGNOSTIC,     9, -7.272906363192e-01, 1.797693134862e+308, 0.0000e+00, 0.0000e+00, 
 2DIAGNOSTIC,    10, -7.272984642176e-01, 8.001362649232e-05, 0.0000e+00, 0.0000e+00, 
 2DIAGNOSTIC,    11, -7.272853081682e-01, 3.424029231491e-05, 0.0000e+00, 0.0000e+00, 
 2DIAGNOSTIC,    12, -7.272611515060e-01, 9.663168233823e-06, 0.0000e+00, 0.0000e+00, 
 2DIAGNOSTIC,    13, -7.272615786013e-01, 4.087327381830e-06, 0.0000e+00, 0.0000e+00, 
 2DIAGNOSTIC,    14, -7.272620278425e-01, 1.757764169205e-06, 0.0000e+00, 0.0000e+00, 
DIAGNOSTIC,Iteration,metricValue,convergenceValue,ITERATION_TIME_INDEX,SINCE_LAST
 2DIAGNOSTIC,     1, -6.130258587513e-01, 1.797693134862e+308, 0.0000e+00, 0.0000e+00, 
 2DIAGNOSTIC,     2, -6.135383280338e-01, 1.797693134862e+308, 0.0000e+00, 0.0000e+00, 
 2DIAGNOSTIC,     3, -6.141874187503e-01, 1.797693134862e+308, 0.0000e+00, 0.0000e+00, 
 2DIAGNOSTIC,     4, -6.150060819610e-01, 1.797693134862e+308, 0.0000e+00, 0.0000e+00, 
 2DIAGNOSTIC,     5, -6.160741197595e-01, 1.797693134862e+308, 0.0000e+00, 0.0000e+00, 
 2DIAGNOSTIC,     6, -6.174629930302e-01, 1.797693134862e+308, 0.0000e+00, 0.0000e+00, 
 2DIAGNOSTIC,     7, -6.189112712708e-01, 1.797693134862e+308, 0.0000e+00, 0.0000e+00, 
 2DIAGNOSTIC,     8, -6.189123311347e-01, 1.797693134862e+308, 0.0000e+00, 0.0000e+00, 
 2DIAGNOSTIC,     9, -6.189128744958e-01, 1.797693134862e+308, 0.0000e+00, 0.0000e+00, 
 2DIAGNOSTIC,    10, -6.189133508602e-01, 7.386228740056e-04, 0.0000e+00, 0.0000e+00, 
 2DIAGNOSTIC,    11, -6.189115776613e-01, 5.814365443295e-04, 0.0000e+00, 0.0000e+00, 
 2DIAGNOSTIC,    12, -6.189125449740e-01, 4.175847963694e-04, 0.0000e+00, 0.0000e+00, 
 2DIAGNOSTIC,    13, -6.189121528868e-01, 2.647781861717e-04, 0.0000e+00, 0.0000e+00, 
 2DIAGNOSTIC,    14, -6.189123749318e-01, 1.372959075165e-04, 0.0000e+00, 0.0000e+00, 
 2DIAGNOSTIC,    15, -6.189148587985e-01, 4.670433898188e-05, 0.0000e+00, 0.0000e+00, 
 2DIAGNOSTIC,    16, -6.189176640855e-01, 2.221359088062e-06, 0.0000e+00, 0.0000e+00, 
 2DIAGNOSTIC,    17, -6.189204396578e-01, 2.247634592674e-06, 0.0000e+00, 0.0000e+00, 
 2DIAGNOSTIC,    18, -6.189273239826e-01, 2.438861494133e-06, 0.0000e+00, 0.0000e+00, 
 2DIAGNOSTIC,    19, -6.189322878869e-01, 2.678022760612e-06, 0.0000e+00, 0.0000e+00, 
 2DIAGNOSTIC,    20, -6.189341891296e-01, 2.854913328153e-06, 0.0000e+00, 0.0000e+00, 
 2DIAGNOSTIC,    21, -6.189336611284e-01, 2.847687803134e-06, 0.0000e+00, 0.0000e+00, 
 2DIAGNOSTIC,    22, -6.189308646073e-01, 2.680758676356e-06, 0.0000e+00, 0.0000e+00, 
 2DIAGNOSTIC,    23, -6.189277866468e-01, 2.344435711912e-06, 0.0000e+00, 0.0000e+00, 
 2DIAGNOSTIC,    24, -6.189250746059e-01, 1.897529578986e-06, 0.0000e+00, 0.0000e+00, 
 2DIAGNOSTIC,    25, -6.189243917338e-01, 1.466418531181e-06, 0.0000e+00, 0.0000e+00, 
 2DIAGNOSTIC,    26, -6.189220614151e-01, 1.059605762264e-06, 0.0000e+00, 0.0000e+00, 
DIAGNOSTIC,Iteration,metricValue,convergenceValue,ITERATION_TIME_INDEX,SINCE_LAST
 2DIAGNOSTIC,     1, -5.439200777696e-01, 1.797693134862e+308, 0.0000e+00, 0.0000e+00, 
 2DIAGNOSTIC,     2, -5.442377589765e-01, 1.797693134862e+308, 0.0000e+00, 0.0000e+00, 
 2DIAGNOSTIC,     3, -5.445500320220e-01, 1.797693134862e+308, 0.0000e+00, 0.0000e+00, 
 2DIAGNOSTIC,     4, -5.449634947200e-01, 1.797693134862e+308, 0.0000e+00, 0.0000e+00, 
 2DIAGNOSTIC,     5, -5.455714856243e-01, 1.797693134862e+308, 5.1200e+02, 5.1200e+02, 
 2DIAGNOSTIC,     6, -5.455862602984e-01, 1.797693134862e+308, 5.1200e+02, 0.0000e+00, 
 2DIAGNOSTIC,     7, -5.455868489615e-01, 1.797693134862e+308, 5.1200e+02, 0.0000e+00, 
 2DIAGNOSTIC,     8, -5.455934421984e-01, 1.797693134862e+308, 5.1200e+02, 0.0000e+00, 
 2DIAGNOSTIC,     9, -5.456010247481e-01, 1.797693134862e+308, 5.1200e+02, 0.0000e+00, 
 2DIAGNOSTIC,    10, -5.456064486366e-01, 2.066954259988e-04, 5.1200e+02, 0.0000e+00, 
 2DIAGNOSTIC,    11, -5.456092992933e-01, 1.333439862655e-04, 5.1200e+02, 0.0000e+00, 
 2DIAGNOSTIC,    12, -5.456128148535e-01, 7.474351958127e-05, 5.1200e+02, 0.0000e+00, 
 2DIAGNOSTIC,    13, -5.456173815310e-01, 3.118396752305e-05, 5.1200e+02, 0.0000e+00, 
 2DIAGNOSTIC,    14, -5.456142762812e-01, 5.869544138115e-06, 5.1200e+02, 0.0000e+00, 
 2DIAGNOSTIC,    15, -5.456144663385e-01, 4.728931444611e-06, 5.1200e+02, 0.0000e+00, 
 2DIAGNOSTIC,    16, -5.456143580856e-01, 3.974353479347e-06, 5.1200e+02, 0.0000e+00, 
 2DIAGNOSTIC,    17, -5.456143671810e-01, 3.140064354278e-06, 5.1200e+02, 0.0000e+00, 
 2DIAGNOSTIC,    18, -5.456143647056e-01, 2.467150879468e-06, 5.1200e+02, 0.0000e+00, 
 2DIAGNOSTIC,    19, -5.456143560326e-01, 2.007426885532e-06, 5.1200e+02, 0.0000e+00, 
 2DIAGNOSTIC,    20, -5.456143558760e-01, 1.705483166879e-06, 5.1200e+02, 0.0000e+00, 
 2DIAGNOSTIC,    21, -5.456143558760e-01, 1.490220981906e-06, 5.1200e+02, 0.0000e+00, 
 2DIAGNOSTIC,    22, -5.456143558760e-01, 1.376425830188e-06, 5.1200e+02, 0.0000e+00, 
 2DIAGNOSTIC,    23, -5.456143558760e-01, 1.384752608351e-06, 5.1200e+02, 0.0000e+00, 
 2DIAGNOSTIC,    24, -5.456143558760e-01, 1.324876321887e-06, 5.1200e+02, 0.0000e+00, 
 2DIAGNOSTIC,    25, -5.456143558760e-01, 1.274074019397e-06, 5.1200e+02, 0.0000e+00, 
 2DIAGNOSTIC,    26, -5.456143558760e-01, 1.225038724413e-06, 5.1200e+02, 0.0000e+00, 
 2DIAGNOSTIC,    27, -5.456143558760e-01, 1.179847832884e-06, 5.1200e+02, 0.0000e+00, 
 2DIAGNOSTIC,    28, -5.456143558760e-01, 1.137860753932e-06, 5.1200e+02, 0.0000e+00, 
 2DIAGNOSTIC,    29, -5.456143558760e-01, 1.098614760685e-06, 5.1200e+02, 0.0000e+00, 
 2DIAGNOSTIC,    30, -5.456143558760e-01, 1.061983235170e-06, 5.1200e+02, 0.0000e+00, 
 2DIAGNOSTIC,    31, -5.456143558760e-01, 1.027715722954e-06, 5.1200e+02, 0.0000e+00, 
  Elapsed time (stage 0): 5.1200e+02


Total elapsed time: 5.1200e+02
VFC_BACKENDS=libinterflop_ieee.so
Info [verificarlo]: loaded backend libinterflop_ieee.so
Info [interflop-ieee]: load backend with:
Info [interflop-ieee]: debug = false
Info [interflop-ieee]: debug-binary = false
Info [interflop-ieee]: no-backend-name = false
Info [interflop-ieee]: print-new-line = false
Info [interflop-ieee]: print-subnormal-normalized = false
Info [interflop-ieee]: count-op = false
All_Command_lines_OK
Using double precision for computations.
=============================================================================
The composite transform comprises the following transforms (in order): 
  1. /project/rrg-glatard/mdugre/datasets/corr/RawDataBIDS/BMB_1/derivatives/vprec-space_search/0110/r8-p21/sub-0003021/affine_Composite.h5[0] (type = Euler3DTransform)
  2. /project/rrg-glatard/mdugre/datasets/corr/RawDataBIDS/BMB_1/derivatives/vprec-space_search/0110/r8-p21/sub-0003021/affine_Composite.h5[1] (type = Euler3DTransform)
  3. /project/rrg-glatard/mdugre/datasets/corr/RawDataBIDS/BMB_1/derivatives/vprec-space_search/0110/r8-p21/sub-0003021/affine_Composite.h5[2] (type = Euler3DTransform)
  4. /project/rrg-glatard/mdugre/datasets/corr/RawDataBIDS/BMB_1/derivatives/vprec-space_search/0110/r8-p21/sub-0003021/affine_Composite.h5[3] (type = AffineTransform)
=============================================================================
  number of levels = 4
  fixed image: /templateflow/tpl-MNI152NLin2009cAsym/tpl-MNI152NLin2009cAsym_res-01_desc-brain_T1w.nii.gz
  moving image: /project/rrg-glatard/mdugre/datasets/corr/RawDataBIDS/BMB_1/derivatives/antsBrainExtraction/sub-0003021/BrainExtractionBrain.nii.gz
Dimension = 3
Number of stages = 1
Use histogram matching = false
Winsorize image intensities = true
  Lower quantile = 0.005
  Upper quantile = 0.995


Stage 1 State
   Image metric = CC
     Fixed image = Image (0x403c810)
  RTTI typeinfo:   itk::Image<double, 3u>
  Reference Count: 2
  Modified Time: 1606
  Debug: Off
  Object Name: 
  Observers: 
    none
  Source: (none)
  Source output name: (none)
  Release Data: Off
  Data Released: False
  Global Release Data: Off
  PipelineMTime: 0
  UpdateMTime: 1217
  RealTimeStamp: 0 seconds 
  LargestPossibleRegion: 
    Dimension: 3
    Index: [0, 0, 0]
    Size: [193, 229, 193]
  BufferedRegion: 
    Dimension: 3
    Index: [0, 0, 0]
    Size: [193, 229, 193]
  RequestedRegion: 
    Dimension: 3
    Index: [0, 0, 0]
    Size: [193, 229, 193]
  Spacing: [1, 1, 1]
  Origin: [96, 132, -78]
  Direction: 
-1 0 0
0 -1 0
0 0 1

  IndexToPointMatrix: 
-1 0 0
0 -1 0
0 0 1

  PointToIndexMatrix: 
-1 0 0
0 -1 0
0 0 1

  Inverse Direction: 
-1 0 0
0 -1 0
0 0 1

  PixelContainer: 
    ImportImageContainer (0x4049760)
      RTTI typeinfo:   itk::ImportImageContainer<unsigned long, double>
      Reference Count: 1
      Modified Time: 1214
      Debug: Off
      Object Name: 
      Observers: 
        none
      Pointer: 0x15450b06d010
      Container manages memory: true
      Size: 8530021
      Capacity: 8530021

     Moving image = Image (0x4112b40)
  RTTI typeinfo:   itk::Image<double, 3u>
  Reference Count: 2
  Modified Time: 1607
  Debug: Off
  Object Name: 
  Observers: 
    none
  Source: (none)
  Source output name: (none)
  Release Data: Off
  Data Released: False
  Global Release Data: Off
  PipelineMTime: 0
  UpdateMTime: 1604
  RealTimeStamp: 0 seconds 
  LargestPossibleRegion: 
    Dimension: 3
    Index: [0, 0, 0]
    Size: [176, 256, 256]
  BufferedRegion: 
    Dimension: 3
    Index: [0, 0, 0]
    Size: [176, 256, 256]
  RequestedRegion: 
    Dimension: 3
    Index: [0, 0, 0]
    Size: [176, 256, 256]
  Spacing: [1, 1, 1]
  Origin: [-92.1464, 106.518, -129.634]
  Direction: 
1 0 0
0 -1 0
0 0 1

  IndexToPointMatrix: 
1 0 0
0 -1 0
0 0 1

  PointToIndexMatrix: 
1 0 0
0 -1 0
0 0 1

  Inverse Direction: 
1 0 0
0 -1 0
0 0 1

  PixelContainer: 
    ImportImageContainer (0x40acf90)
      RTTI typeinfo:   itk::ImportImageContainer<unsigned long, double>
      Reference Count: 1
      Modified Time: 1601
      Debug: Off
      Object Name: 
      Observers: 
        none
      Pointer: 0x15450586c010
      Container manages memory: true
      Size: 11534336
      Capacity: 11534336

     Weighting = 1
     Sampling strategy = none
     Number of bins = 32
     Radius = 4
     Sampling percentage  = 1
   Transform = SyN
     Gradient step = 0.1
     Update field sigma (voxel space) = 3
     Total field sigma (voxel space) = 0
     Update field time sigma = 0
     Total field time sigma  = 0
     Number of time indices = 0
     Number of time point samples = 0
Registration using 1 total stages.

Stage 0
  iterations = 100x70x50x20
  convergence threshold = 1e-06
  convergence window size = 10
  number of levels = 4
  using the CC metric (radius = 4, weight = 1, use gradient filter = 0)
  preprocessing:  winsorizing the image intensities
  Shrink factors (level 1 out of 4): [8, 8, 8]
  Shrink factors (level 2 out of 4): [4, 4, 4]
  Shrink factors (level 3 out of 4): [2, 2, 2]
  Shrink factors (level 4 out of 4): [1, 1, 1]
  smoothing sigmas per level: [3, 2, 1, 0]
  Using default NONE metricSamplingStrategy 

*** Running SyN registration (varianceForUpdateField = 3, varianceForTotalField = 0) ***

XXDIAGNOSTIC,Iteration,metricValue,convergenceValue,ITERATION_TIME_INDEX,SINCE_LAST
 1DIAGNOSTIC,     1, -9.277703255606e-01, 1.797693134862e+308, 1.4542e+00, 1.4542e+00, 
 1DIAGNOSTIC,     2, -9.342289373070e-01, 1.797693134862e+308, 1.7848e+00, 3.3069e-01, 
 1DIAGNOSTIC,     3, -9.383805141872e-01, 1.797693134862e+308, 2.1152e+00, 3.3033e-01, 
 1DIAGNOSTIC,     4, -9.415733228402e-01, 1.797693134862e+308, 2.4659e+00, 3.5075e-01, 
 1DIAGNOSTIC,     5, -9.458593010145e-01, 1.797693134862e+308, 2.7963e+00, 3.3034e-01, 
 1DIAGNOSTIC,     6, -9.515000800595e-01, 1.797693134862e+308, 3.1295e+00, 3.3324e-01, 
 1DIAGNOSTIC,     7, -9.568152123539e-01, 1.797693134862e+308, 3.4663e+00, 3.3680e-01, 
 1DIAGNOSTIC,     8, -9.607564097101e-01, 1.797693134862e+308, 3.7976e+00, 3.3134e-01, 
 1DIAGNOSTIC,     9, -9.644374246883e-01, 1.797693134862e+308, 4.1292e+00, 3.3154e-01, 
 1DIAGNOSTIC,    10, -9.653614535290e-01, 2.631752279464e-03, 4.4581e+00, 3.2894e-01, 
 1DIAGNOSTIC,    11, -9.659398613577e-01, 2.155503719242e-03, 4.7954e+00, 3.3722e-01, 
 1DIAGNOSTIC,    12, -9.662824818956e-01, 1.734284486585e-03, 5.1266e+00, 3.3125e-01, 
 1DIAGNOSTIC,    13, -9.673147784125e-01, 1.340649069364e-03, 5.4528e+00, 3.2622e-01, 
 1DIAGNOSTIC,    14, -9.673092093162e-01, 9.490934279168e-04, 5.7847e+00, 3.3188e-01, 
 1DIAGNOSTIC,    15, -9.686525852078e-01, 6.348080778468e-04, 6.1172e+00, 3.3246e-01, 
 1DIAGNOSTIC,    16, -9.684744638593e-01, 4.024109874927e-04, 6.4455e+00, 3.2838e-01, 
 1DIAGNOSTIC,    17, -9.694684579770e-01, 2.703605903019e-04, 6.7720e+00, 3.2650e-01, 
 1DIAGNOSTIC,    18, -9.690667795882e-01, 1.849255641652e-04, 7.0974e+00, 3.2533e-01, 
 1DIAGNOSTIC,    19, -9.698568556614e-01, 1.614144486994e-04, 7.4226e+00, 3.2525e-01, 
 1DIAGNOSTIC,    20, -9.694092987838e-01, 1.320905008358e-04, 7.7537e+00, 3.3113e-01, 
 1DIAGNOSTIC,    21, -9.701730360938e-01, 1.125548206439e-04, 8.0848e+00, 3.3101e-01, 
 1DIAGNOSTIC,    22, -9.697268243675e-01, 8.256745364370e-05, 8.4122e+00, 3.2742e-01, 
 1DIAGNOSTIC,    23, -9.704135132680e-01, 7.011796585141e-05, 8.7389e+00, 3.2668e-01, 
 1DIAGNOSTIC,    24, -9.699357026741e-01, 4.573729086159e-05, 9.0644e+00, 3.2558e-01, 
 1DIAGNOSTIC,    25, -9.706518634159e-01, 4.384522408563e-05, 9.3897e+00, 3.2527e-01, 
 1DIAGNOSTIC,    26, -9.702245771387e-01, 3.070222651607e-05, 9.7151e+00, 3.2540e-01, 
 1DIAGNOSTIC,    27, -9.707190591653e-01, 3.237822103917e-05, 1.0043e+01, 3.2818e-01, 
 1DIAGNOSTIC,    28, -9.702334635682e-01, 2.129907805409e-05, 1.0370e+01, 3.2713e-01, 
 1DIAGNOSTIC,    29, -9.710021278895e-01, 2.527469119835e-05, 1.0701e+01, 3.3077e-01, 
 1DIAGNOSTIC,    30, -9.706163661264e-01, 1.805764406569e-05, 1.1029e+01, 3.2795e-01, 
 1DIAGNOSTIC,    31, -9.707293349864e-01, 1.832126340649e-05, 1.1363e+01, 3.3386e-01, 
 1DIAGNOSTIC,    32, -9.702442890837e-01, 8.212121828215e-06, 1.1720e+01, 3.5718e-01, 
 1DIAGNOSTIC,    33, -9.708493768231e-01, 9.835345515359e-06, 1.2050e+01, 3.2962e-01, 
 1DIAGNOSTIC,    34, -9.704488766477e-01, 2.478368643415e-06, 1.2376e+01, 3.2662e-01, 
 1DIAGNOSTIC,    35, -9.709798189335e-01, 6.113300879653e-06, 1.2710e+01, 3.3383e-01, 
 1DIAGNOSTIC,    36, -9.705155709932e-01, 1.614630474645e-06, 1.3036e+01, 3.2592e-01, 
 1DIAGNOSTIC,    37, -9.711621191253e-01, 6.666913680901e-06, 1.3365e+01, 3.2888e-01, 
 1DIAGNOSTIC,    38, -9.707709558790e-01, 3.732171889329e-06, 1.3692e+01, 3.2667e-01, 
 1DIAGNOSTIC,    39, -9.709309808397e-01, 7.830723143840e-06, 1.4021e+01, 3.2925e-01, 
 1DIAGNOSTIC,    40, -9.704546073367e-01, 4.676583159269e-06, 1.4348e+01, 3.2734e-01, 
 1DIAGNOSTIC,    41, -9.710270237162e-01, 6.428193404302e-06, 1.4701e+01, 3.5221e-01, 
 1DIAGNOSTIC,    42, -9.706554192508e-01, 1.262899480742e-06, 1.5027e+01, 3.2686e-01, 
 1DIAGNOSTIC,    43, -9.709930644884e-01, 2.910772256472e-06, 1.5354e+01, 3.2635e-01, 
 1DIAGNOSTIC,    44, -9.705370819588e-01, -1.553377171632e-06, 1.5679e+01, 3.2575e-01, 
XXDIAGNOSTIC,Iteration,metricValue,convergenceValue,ITERATION_TIME_INDEX,SINCE_LAST
 1DIAGNOSTIC,     1, -9.130828867789e-01, 1.797693134862e+308, 1.9754e+01, 4.0741e+00, 
 1DIAGNOSTIC,     2, -9.160330825640e-01, 1.797693134862e+308, 2.2619e+01, 2.8655e+00, 
 1DIAGNOSTIC,     3, -9.191654599558e-01, 1.797693134862e+308, 2.5501e+01, 2.8817e+00, 
 1DIAGNOSTIC,     4, -9.222886425343e-01, 1.797693134862e+308, 2.8390e+01, 2.8893e+00, 
 1DIAGNOSTIC,     5, -9.250285843558e-01, 1.797693134862e+308, 3.1270e+01, 2.8801e+00, 
 1DIAGNOSTIC,     6, -9.274984524793e-01, 1.797693134862e+308, 3.4136e+01, 2.8658e+00, 
 1DIAGNOSTIC,     7, -9.297717846684e-01, 1.797693134862e+308, 3.6996e+01, 2.8604e+00, 
 1DIAGNOSTIC,     8, -9.316995419333e-01, 1.797693134862e+308, 3.9843e+01, 2.8466e+00, 
 1DIAGNOSTIC,     9, -9.333159372722e-01, 1.797693134862e+308, 4.2697e+01, 2.8542e+00, 
 1DIAGNOSTIC,    10, -9.346978731831e-01, 1.521063522749e-03, 4.5550e+01, 2.8525e+00, 
 1DIAGNOSTIC,    11, -9.359133160260e-01, 1.249302838774e-03, 4.8435e+01, 2.8849e+00, 
 1DIAGNOSTIC,    12, -9.369884356301e-01, 1.012968723206e-03, 5.1319e+01, 2.8847e+00, 
 1DIAGNOSTIC,    13, -9.377419961771e-01, 8.123693527096e-04, 5.4173e+01, 2.8534e+00, 
 1DIAGNOSTIC,    14, -9.386868753784e-01, 6.552043357503e-04, 5.7066e+01, 2.8928e+00, 
 1DIAGNOSTIC,    15, -9.395729910953e-01, 5.325858302299e-04, 5.9985e+01, 2.9200e+00, 
 1DIAGNOSTIC,    16, -9.401700539127e-01, 4.345006810619e-04, 6.2891e+01, 2.9057e+00, 
 1DIAGNOSTIC,    17, -9.405951148228e-01, 3.562084296836e-04, 6.5811e+01, 2.9194e+00, 
 1DIAGNOSTIC,    18, -9.409866827246e-01, 2.929548951542e-04, 6.8755e+01, 2.9440e+00, 
 1DIAGNOSTIC,    19, -9.413519556901e-01, 2.408494445563e-04, 7.1665e+01, 2.9103e+00, 
 1DIAGNOSTIC,    20, -9.416516099321e-01, 1.969766920793e-04, 7.4579e+01, 2.9139e+00, 
 1DIAGNOSTIC,    21, -9.419035990324e-01, 1.601425416818e-04, 7.7508e+01, 2.9294e+00, 
 1DIAGNOSTIC,    22, -9.421243315582e-01, 1.297635111372e-04, 8.0413e+01, 2.9049e+00, 
 1DIAGNOSTIC,    23, -9.423083984038e-01, 1.022665127336e-04, 8.3334e+01, 2.9210e+00, 
 1DIAGNOSTIC,    24, -9.424191441184e-01, 8.077879588348e-05, 8.6276e+01, 2.9415e+00, 
 1DIAGNOSTIC,    25, -9.424668597724e-01, 6.480474463579e-05, 8.9192e+01, 2.9161e+00, 
 1DIAGNOSTIC,    26, -9.424779718418e-01, 5.115500894779e-05, 9.2133e+01, 2.9417e+00, 
 1DIAGNOSTIC,    27, -9.424722966747e-01, 3.848678949636e-05, 9.5048e+01, 2.9142e+00, 
 1DIAGNOSTIC,    28, -9.424627777867e-01, 2.729471650464e-05, 9.7957e+01, 2.9092e+00, 
 1DIAGNOSTIC,    29, -9.424587364912e-01, 1.815077353373e-05, 1.0085e+02, 2.8973e+00, 
 1DIAGNOSTIC,    30, -9.424814331942e-01, 1.124380102134e-05, 1.0374e+02, 2.8892e+00, 
 1DIAGNOSTIC,    31, -9.425321135854e-01, 6.753235990420e-06, 1.0666e+02, 2.9161e+00, 
 1DIAGNOSTIC,    32, -9.426157775854e-01, 4.850466395936e-06, 1.0957e+02, 2.9064e+00, 
 1DIAGNOSTIC,    33, -9.427427972418e-01, 5.526751409614e-06, 1.1246e+02, 2.8903e+00, 
 1DIAGNOSTIC,    34, -9.429176991984e-01, 8.252376464249e-06, 1.1535e+02, 2.8947e+00, 
 1DIAGNOSTIC,    35, -9.431420702856e-01, 1.245751249709e-05, 1.1826e+02, 2.9079e+00, 
 1DIAGNOSTIC,    36, -9.433341754702e-01, 1.701270153138e-05, 1.2117e+02, 2.9075e+00, 
 1DIAGNOSTIC,    37, -9.435048129903e-01, 2.112624759555e-05, 1.2408e+02, 2.9117e+00, 
 1DIAGNOSTIC,    38, -9.436501616127e-01, 2.416988649947e-05, 1.2698e+02, 2.9033e+00, 
 1DIAGNOSTIC,    39, -9.437819560236e-01, 2.581167615271e-05, 1.2988e+02, 2.9007e+00, 
 1DIAGNOSTIC,    40, -9.438895817947e-01, 2.595440184861e-05, 1.3285e+02, 2.9729e+00, 
 1DIAGNOSTIC,    41, -9.439967449550e-01, 2.484307497888e-05, 1.3577e+02, 2.9199e+00, 
 1DIAGNOSTIC,    42, -9.440830377122e-01, 2.270214424509e-05, 1.3867e+02, 2.8970e+00, 
 1DIAGNOSTIC,    43, -9.441755405221e-01, 2.009696147891e-05, 1.4158e+02, 2.9089e+00, 
 1DIAGNOSTIC,    44, -9.442494012627e-01, 1.744394314079e-05, 1.4450e+02, 2.9178e+00, 
 1DIAGNOSTIC,    45, -9.443303345915e-01, 1.534325900157e-05, 1.4741e+02, 2.9141e+00, 
 1DIAGNOSTIC,    46, -9.443851753297e-01, 1.353773547950e-05, 1.5032e+02, 2.9050e+00, 
 1DIAGNOSTIC,    47, -9.441036339591e-01, 9.850275619953e-06, 1.5322e+02, 2.9062e+00, 
 1DIAGNOSTIC,    48, -9.441115241700e-01, 6.450873943648e-06, 1.5614e+02, 2.9117e+00, 
 1DIAGNOSTIC,    49, -9.437829174162e-01, 1.389975581002e-06, 1.5903e+02, 2.8990e+00, 
 1DIAGNOSTIC,    50, -9.438822163349e-01, -2.269984284667e-06, 1.6195e+02, 2.9118e+00, 
XXDIAGNOSTIC,Iteration,metricValue,convergenceValue,ITERATION_TIME_INDEX,SINCE_LAST
 1DIAGNOSTIC,     1, -8.949279208182e-01, 1.797693134862e+308, 1.8727e+02, 2.5324e+01, 
 1DIAGNOSTIC,     2, -8.973400746568e-01, 1.797693134862e+308, 2.1079e+02, 2.3520e+01, 
 1DIAGNOSTIC,     3, -9.001690300366e-01, 1.797693134862e+308, 2.3458e+02, 2.3786e+01, 
 1DIAGNOSTIC,     4, -9.027715312893e-01, 1.797693134862e+308, 2.5806e+02, 2.3481e+01, 
 1DIAGNOSTIC,     5, -9.051024139377e-01, 1.797693134862e+308, 2.8177e+02, 2.3714e+01, 
 1DIAGNOSTIC,     6, -9.071727620307e-01, 1.797693134862e+308, 3.0518e+02, 2.3414e+01, 
 1DIAGNOSTIC,     7, -9.090268573483e-01, 1.797693134862e+308, 3.2918e+02, 2.3999e+01, 
 1DIAGNOSTIC,     8, -9.108327195207e-01, 1.797693134862e+308, 3.5284e+02, 2.3661e+01, 
 1DIAGNOSTIC,     9, -9.124260712968e-01, 1.797693134862e+308, 3.7656e+02, 2.3712e+01, 
 1DIAGNOSTIC,    10, -9.138849347809e-01, 1.349437642319e-03, 4.0041e+02, 2.3851e+01, 
 1DIAGNOSTIC,    11, -9.150987328778e-01, 1.129073443372e-03, 4.2453e+02, 2.4126e+01, 
 1DIAGNOSTIC,    12, -9.162644026686e-01, 9.369241827014e-04, 4.4812e+02, 2.3584e+01, 
 1DIAGNOSTIC,    13, -9.168658553487e-01, 7.716666792709e-04, 4.7200e+02, 2.3880e+01, 
 1DIAGNOSTIC,    14, -9.176752412058e-01, 6.358560969052e-04, 4.9562e+02, 2.3625e+01, 
 1DIAGNOSTIC,    15, -9.180480127101e-01, 5.160272332990e-04, 5.1928e+02, 2.3654e+01, 
 1DIAGNOSTIC,    16, -9.186715587886e-01, 4.162756976567e-04, 5.4282e+02, 2.3546e+01, 
 1DIAGNOSTIC,    17, -9.191468564174e-01, 3.323715039910e-04, 5.6715e+02, 2.4331e+01, 
 1DIAGNOSTIC,    18, -9.195153162882e-01, 2.645995868350e-04, 5.9099e+02, 2.3837e+01, 
 1DIAGNOSTIC,    19, -9.199492126769e-01, 2.126238023813e-04, 6.1510e+02, 2.4107e+01, 
 1DIAGNOSTIC,    20, -9.203167482303e-01, 1.744072742202e-04, 6.3901e+02, 2.3912e+01, 
 1DIAGNOSTIC,    21, -9.207869681218e-01, 1.483688771602e-04, 6.6310e+02, 2.4096e+01, 
 1DIAGNOSTIC,    22, -9.212023366541e-01, 1.331789876451e-04, 6.8701e+02, 2.3908e+01, 
 1DIAGNOSTIC,    23, -9.214648557945e-01, 1.184458050341e-04, 7.1096e+02, 2.3946e+01, 
 1DIAGNOSTIC,    24, -9.217188888496e-01, 1.077653924502e-04, 7.3494e+02, 2.3980e+01, 
 1DIAGNOSTIC,    25, -9.219676289420e-01, 9.552590677093e-05, 7.5930e+02, 2.4365e+01, 
 1DIAGNOSTIC,    26, -9.222082089293e-01, 8.555633511366e-05, 7.8353e+02, 2.4230e+01, 
 1DIAGNOSTIC,    27, -9.224345530926e-01, 7.636683883580e-05, 8.0784e+02, 2.4304e+01, 
 1DIAGNOSTIC,    28, -9.226468091751e-01, 6.711908623414e-05, 8.3193e+02, 2.4090e+01, 
 1DIAGNOSTIC,    29, -9.228465535031e-01, 5.903273149158e-05, 8.5568e+02, 2.3753e+01, 
 1DIAGNOSTIC,    30, -9.230367038495e-01, 5.168630586053e-05, 8.7959e+02, 2.3914e+01, 
 1DIAGNOSTIC,    31, -9.232206044536e-01, 4.647794193029e-05, 9.0359e+02, 2.3999e+01, 
 1DIAGNOSTIC,    32, -9.234024712834e-01, 4.303050317071e-05, 9.2777e+02, 2.4172e+01, 
 1DIAGNOSTIC,    33, -9.235812789853e-01, 3.990669430286e-05, 9.5211e+02, 2.4349e+01, 
 1DIAGNOSTIC,    34, -9.237603379346e-01, 3.717511387070e-05, 9.7620e+02, 2.4087e+01, 
 1DIAGNOSTIC,    35, -9.239397624605e-01, 3.490523090516e-05, 1.0000e+03, 2.3813e+01, 
 1DIAGNOSTIC,    36, -9.241215523608e-01, 3.312348345264e-05, 1.0240e+03, 2.3977e+01, 
 1DIAGNOSTIC,    37, -9.243085461774e-01, 3.179175782799e-05, 1.0482e+03, 2.4221e+01, 
 1DIAGNOSTIC,    38, -9.245000780574e-01, 3.083794457158e-05, 1.0722e+03, 2.3994e+01, 
 1DIAGNOSTIC,    39, -9.246962544887e-01, 3.018192050953e-05, 1.0963e+03, 2.4117e+01, 
 1DIAGNOSTIC,    40, -9.248953542237e-01, 2.973681342139e-05, 1.1203e+03, 2.3968e+01, 
 1DIAGNOSTIC,    41, -9.251011359903e-01, 2.946031981594e-05, 1.1446e+03, 2.4283e+01, 
 1DIAGNOSTIC,    42, -9.253089855050e-01, 2.929643965371e-05, 1.1687e+03, 2.4107e+01, 
 1DIAGNOSTIC,    43, -9.255206789422e-01, 2.919095642161e-05, 1.1927e+03, 2.3976e+01, 
 1DIAGNOSTIC,    44, -9.257375629237e-01, 2.912272596391e-05, 1.2165e+03, 2.3838e+01, 
 1DIAGNOSTIC,    45, -9.259574957249e-01, 2.905467189554e-05, 1.2403e+03, 2.3844e+01, 
 1DIAGNOSTIC,    46, -9.261789521776e-01, 2.895628311043e-05, 1.2643e+03, 2.3986e+01, 
 1DIAGNOSTIC,    47, -9.264038308299e-01, 2.883460856062e-05, 1.2884e+03, 2.4103e+01, 
 1DIAGNOSTIC,    48, -9.266314166300e-01, 2.868926192659e-05, 1.3125e+03, 2.4055e+01, 
 1DIAGNOSTIC,    49, -9.268616435194e-01, 2.852299275027e-05, 1.3365e+03, 2.3980e+01, 
 1DIAGNOSTIC,    50, -9.270886871903e-01, 2.829378111265e-05, 1.3603e+03, 2.3878e+01, 
XXDIAGNOSTIC,Iteration,metricValue,convergenceValue,ITERATION_TIME_INDEX,SINCE_LAST
 1DIAGNOSTIC,     1, -8.846056557131e-01, 1.797693134862e+308, 1.5874e+03, 2.2707e+02, 
 1DIAGNOSTIC,     2, -8.856242347224e-01, 1.797693134862e+308, 1.8107e+03, 2.2329e+02, 
 1DIAGNOSTIC,     3, -8.870872526070e-01, 1.797693134862e+308, 2.0337e+03, 2.2299e+02, 
 1DIAGNOSTIC,     4, -8.885661960158e-01, 1.797693134862e+308, 2.2549e+03, 2.2125e+02, 
 1DIAGNOSTIC,     5, -8.898831595979e-01, 1.797693134862e+308, 2.4762e+03, 2.2129e+02, 
 1DIAGNOSTIC,     6, -8.911450910672e-01, 1.797693134862e+308, 2.6956e+03, 2.1942e+02, 
 1DIAGNOSTIC,     7, -8.922251597348e-01, 1.797693134862e+308, 2.9150e+03, 2.1934e+02, 
 1DIAGNOSTIC,     8, -8.932062376989e-01, 1.797693134862e+308, 3.1350e+03, 2.1997e+02, 
 1DIAGNOSTIC,     9, -8.942066444580e-01, 1.797693134862e+308, 3.3547e+03, 2.1974e+02, 
 1DIAGNOSTIC,    10, -8.950439233961e-01, 7.742036144713e-04, 3.5755e+03, 2.2085e+02, 
 1DIAGNOSTIC,    11, -8.958483817580e-01, 6.661808053324e-04, 3.7969e+03, 2.2134e+02, 
 1DIAGNOSTIC,    12, -8.966162392050e-01, 5.635648737078e-04, 4.0198e+03, 2.2288e+02, 
 1DIAGNOSTIC,    13, -8.972953474076e-01, 4.779921408311e-04, 4.2409e+03, 2.2112e+02, 
 1DIAGNOSTIC,    14, -8.979662210859e-01, 4.098603788494e-04, 4.4624e+03, 2.2157e+02, 
 1DIAGNOSTIC,    15, -8.986317603121e-01, 3.551816392068e-04, 4.6858e+03, 2.2334e+02, 
 1DIAGNOSTIC,    16, -8.992856465216e-01, 3.126736498346e-04, 4.9080e+03, 2.2222e+02, 
 1DIAGNOSTIC,    17, -8.998944169059e-01, 2.778179180271e-04, 5.1343e+03, 2.2632e+02, 
 1DIAGNOSTIC,    18, -9.004779031589e-01, 2.486412959559e-04, 5.3600e+03, 2.2564e+02, 
 1DIAGNOSTIC,    19, -9.010124831673e-01, 2.250816072384e-04, 5.5862e+03, 2.2627e+02, 
 1DIAGNOSTIC,    20, -9.015409534226e-01, 2.045606356966e-04, 5.8123e+03, 2.2610e+02, 
  Elapsed time (stage 0): 5814.15


Total elapsed time: 5814.15
