
##########################
# Experiment information #
##########################
SIF_IMG: /project/rrg-glatard/mdugre/containers/ants-p2-vprec.sif
EXPERIMENT_NAME: vprec-space_search
CONFIG: 0110
VFC_BACKENDS: libinterflop_vprec.so --range-binary32=8 --precision-binary32=13 --range-binary64=8 --precision-binary64=13

FIXED_IMG: /templateflow/tpl-MNI152NLin2009cAsym/tpl-MNI152NLin2009cAsym_res-01_desc-brain_T1w.nii.gz
SUBJECT_ID: 0003060
INPUT_IMG: /project/rrg-glatard/mdugre/datasets/corr/RawDataBIDS/BMB_1/derivatives/antsBrainExtraction/sub-0003060/BrainExtractionBrain.nii.gz
OUTPUT_DIR: /project/rrg-glatard/mdugre/datasets/corr/RawDataBIDS/BMB_1/derivatives/vprec-space_search/0110/r8-p13/sub-0003060

ITK_GLOBAL_DEFAULT_NUMBER_OF_THREADS: 8
##########################

VFC_BACKENDS=libinterflop_ieee.so
Info [verificarlo]: loaded backend libinterflop_ieee.so
Info [interflop-ieee]: load backend with:
Info [interflop-ieee]: debug = false
Info [interflop-ieee]: debug-binary = false
Info [interflop-ieee]: no-backend-name = false
Info [interflop-ieee]: print-new-line = false
Info [interflop-ieee]: print-subnormal-normalized = false
Info [interflop-ieee]: count-op = false
All_Command_lines_OK
Using double precision for computations.
=============================================================================
The composite transform comprises the following transforms (in order): 
  1. Center of mass alignment using fixed image: /templateflow/tpl-MNI152NLin2009cAsym/tpl-MNI152NLin2009cAsym_res-01_desc-brain_T1w.nii.gz and moving image: /project/rrg-glatard/mdugre/datasets/corr/RawDataBIDS/BMB_1/derivatives/antsBrainExtraction/sub-0003060/BrainExtractionBrain.nii.gz (type = Euler3DTransform)
=============================================================================
  number of levels = 1
  fixed image: /templateflow/tpl-MNI152NLin2009cAsym/tpl-MNI152NLin2009cAsym_res-01_desc-brain_T1w.nii.gz
  moving image: /project/rrg-glatard/mdugre/datasets/corr/RawDataBIDS/BMB_1/derivatives/antsBrainExtraction/sub-0003060/BrainExtractionBrain.nii.gz
Dimension = 3
Number of stages = 1
Use histogram matching = false
Winsorize image intensities = true
  Lower quantile = 0.005
  Upper quantile = 0.995


Stage 1 State
   Image metric = MattesMI
     Fixed image = Image (0x3c83390)
  RTTI typeinfo:   itk::Image<double, 3u>
  Reference Count: 2
  Modified Time: 2330
  Debug: Off
  Object Name: 
  Observers: 
    none
  Source: (none)
  Source output name: (none)
  Release Data: Off
  Data Released: False
  Global Release Data: Off
  PipelineMTime: 0
  UpdateMTime: 1941
  RealTimeStamp: 0 seconds 
  LargestPossibleRegion: 
    Dimension: 3
    Index: [0, 0, 0]
    Size: [193, 229, 193]
  BufferedRegion: 
    Dimension: 3
    Index: [0, 0, 0]
    Size: [193, 229, 193]
  RequestedRegion: 
    Dimension: 3
    Index: [0, 0, 0]
    Size: [193, 229, 193]
  Spacing: [1, 1, 1]
  Origin: [96, 132, -78]
  Direction: 
-1 0 0
0 -1 0
0 0 1

  IndexToPointMatrix: 
-1 0 0
0 -1 0
0 0 1

  PointToIndexMatrix: 
-1 0 0
0 -1 0
0 0 1

  Inverse Direction: 
-1 0 0
0 -1 0
0 0 1

  PixelContainer: 
    ImportImageContainer (0x3d4ea90)
      RTTI typeinfo:   itk::ImportImageContainer<unsigned long, double>
      Reference Count: 1
      Modified Time: 1938
      Debug: Off
      Object Name: 
      Observers: 
        none
      Pointer: 0x146ed4c0a010
      Container manages memory: true
      Size: 8530021
      Capacity: 8530021

     Moving image = Image (0x3c88390)
  RTTI typeinfo:   itk::Image<double, 3u>
  Reference Count: 2
  Modified Time: 2331
  Debug: Off
  Object Name: 
  Observers: 
    none
  Source: (none)
  Source output name: (none)
  Release Data: Off
  Data Released: False
  Global Release Data: Off
  PipelineMTime: 0
  UpdateMTime: 2328
  RealTimeStamp: 0 seconds 
  LargestPossibleRegion: 
    Dimension: 3
    Index: [0, 0, 0]
    Size: [176, 256, 256]
  BufferedRegion: 
    Dimension: 3
    Index: [0, 0, 0]
    Size: [176, 256, 256]
  RequestedRegion: 
    Dimension: 3
    Index: [0, 0, 0]
    Size: [176, 256, 256]
  Spacing: [1, 1, 1]
  Origin: [-84.6529, 101.382, -128.883]
  Direction: 
1 0 0
0 -1 0
0 0 1

  IndexToPointMatrix: 
1 0 0
0 -1 0
0 0 1

  PointToIndexMatrix: 
1 0 0
0 -1 0
0 0 1

  Inverse Direction: 
1 0 0
0 -1 0
0 0 1

  PixelContainer: 
    ImportImageContainer (0x3e2eb90)
      RTTI typeinfo:   itk::ImportImageContainer<unsigned long, double>
      Reference Count: 1
      Modified Time: 2325
      Debug: Off
      Object Name: 
      Observers: 
        none
      Pointer: 0x146ecf409010
      Container manages memory: true
      Size: 11534336
      Capacity: 11534336

     Weighting = 1
     Sampling strategy = regular
     Number of bins = 32
     Radius = 4
     Sampling percentage  = 0.25
   Transform = Rigid
     Gradient step = 0.1
     Update field sigma (voxel space) = 0
     Total field sigma (voxel space) = 0
     Update field time sigma = 0
     Total field time sigma  = 0
     Number of time indices = 0
     Number of time point samples = 0
Registration using 1 total stages.

Stage 0
  iterations = 0
  convergence threshold = 1e-06
  convergence window size = 10
  number of levels = 1
  using the Mattes MI metric (number of bins = 32, weight = 1, use gradient filter = 0)
  preprocessing:  winsorizing the image intensities
  Shrink factors (level 1 out of 1): [1, 1, 1]
  smoothing sigmas per level: [0]
  regular sampling (percentage = 0.25)

*** Running Euler3DTransform registration ***

  Elapsed time (stage 0): 0.916615


Total elapsed time: 0.918042
VFC_BACKENDS=libinterflop_vprec.so --range-binary32=8 --precision-binary32=13 --range-binary64=8 --precision-binary64=13
Info [verificarlo]: loaded backend libinterflop_vprec.so
Info [interflop-vprec]: load backend with: 
Info [interflop-vprec]: precision-binary32 = 13
Info [interflop-vprec]: range-binary32 = 8
Info [interflop-vprec]: precision-binary64 = 13
Info [interflop-vprec]: range-binary64 = 8
Info [interflop-vprec]: mode = ob
Info [interflop-vprec]: error-mode = rel
Info [interflop-vprec]: max-abs-error-exponent = -1022
Info [interflop-vprec]: daz = false
Info [interflop-vprec]: ftz = false
Info [interflop-vprec]: 	instrument = none
Info [interflop-vprec]: 	prec-input-file = (null)
Info [interflop-vprec]: 	prec-output-file = (null)
Info [interflop-vprec]: 	prec-log-file = (null)
All_Command_lines_OK
Using double precision for computations.
=============================================================================
The composite transform comprises the following transforms (in order): 
  1. /project/rrg-glatard/mdugre/datasets/corr/RawDataBIDS/BMB_1/derivatives/vprec-space_search/0110/r8-p13/sub-0003060/align_Composite.h5[0] (type = Euler3DTransform)
  2. /project/rrg-glatard/mdugre/datasets/corr/RawDataBIDS/BMB_1/derivatives/vprec-space_search/0110/r8-p13/sub-0003060/align_Composite.h5[1] (type = Euler3DTransform)
=============================================================================
  number of levels = 4
  fixed image: /templateflow/tpl-MNI152NLin2009cAsym/tpl-MNI152NLin2009cAsym_res-01_desc-brain_T1w.nii.gz
  moving image: /project/rrg-glatard/mdugre/datasets/corr/RawDataBIDS/BMB_1/derivatives/antsBrainExtraction/sub-0003060/BrainExtractionBrain.nii.gz
Dimension = 3
Number of stages = 1
Use histogram matching = false
Winsorize image intensities = true
  Lower quantile = 0.005
  Upper quantile = 0.995


Stage 1 State
   Image metric = MattesMI
     Fixed image = Image (0x4f8d300)
  RTTI typeinfo:   itk::Image<double, 3u>
  Reference Count: 2
  Modified Time: 1578
  Debug: Off
  Object Name: 
  Observers: 
    none
  Source: (none)
  Source output name: (none)
  Release Data: Off
  Data Released: False
  Global Release Data: Off
  PipelineMTime: 0
  UpdateMTime: 1189
  RealTimeStamp: 0 seconds 
  LargestPossibleRegion: 
    Dimension: 3
    Index: [0, 0, 0]
    Size: [193, 229, 193]
  BufferedRegion: 
    Dimension: 3
    Index: [0, 0, 0]
    Size: [193, 229, 193]
  RequestedRegion: 
    Dimension: 3
    Index: [0, 0, 0]
    Size: [193, 229, 193]
  Spacing: [1, 1, 1]
  Origin: [96, 132, -78]
  Direction: 
-1 0 0
0 -1 0
0 0 1

  IndexToPointMatrix: 
-1 0 0
0 -1 0
0 0 1

  PointToIndexMatrix: 
-1 0 0
0 -1 0
0 0 1

  Inverse Direction: 
-1 0 0
0 -1 0
0 0 1

  PixelContainer: 
    ImportImageContainer (0x504bd00)
      RTTI typeinfo:   itk::ImportImageContainer<unsigned long, double>
      Reference Count: 1
      Modified Time: 1186
      Debug: Off
      Object Name: 
      Observers: 
        none
      Pointer: 0x15094435a010
      Container manages memory: true
      Size: 8530021
      Capacity: 8530021

     Moving image = Image (0x5048030)
  RTTI typeinfo:   itk::Image<double, 3u>
  Reference Count: 2
  Modified Time: 1579
  Debug: Off
  Object Name: 
  Observers: 
    none
  Source: (none)
  Source output name: (none)
  Release Data: Off
  Data Released: False
  Global Release Data: Off
  PipelineMTime: 0
  UpdateMTime: 1576
  RealTimeStamp: 0 seconds 
  LargestPossibleRegion: 
    Dimension: 3
    Index: [0, 0, 0]
    Size: [176, 256, 256]
  BufferedRegion: 
    Dimension: 3
    Index: [0, 0, 0]
    Size: [176, 256, 256]
  RequestedRegion: 
    Dimension: 3
    Index: [0, 0, 0]
    Size: [176, 256, 256]
  Spacing: [1, 1, 1]
  Origin: [-84.6562, 101.383, -128.891]
  Direction: 
1 0 0
0 -1 0
0 0 1

  IndexToPointMatrix: 
1 0 0
0 -1 0
0 0 1

  PointToIndexMatrix: 
1 0 0
0 -1 0
0 0 1

  Inverse Direction: 
1 0 0
0 -1 0
0 0 1

  PixelContainer: 
    ImportImageContainer (0x5015d70)
      RTTI typeinfo:   itk::ImportImageContainer<unsigned long, double>
      Reference Count: 1
      Modified Time: 1573
      Debug: Off
      Object Name: 
      Observers: 
        none
      Pointer: 0x15093eb59010
      Container manages memory: true
      Size: 11534336
      Capacity: 11534336

     Weighting = 1
     Sampling strategy = regular
     Number of bins = 32
     Radius = 4
     Sampling percentage  = 0.25
   Transform = Rigid
     Gradient step = 0.1
     Update field sigma (voxel space) = 0
     Total field sigma (voxel space) = 0
     Update field time sigma = 0
     Total field time sigma  = 0
     Number of time indices = 0
     Number of time point samples = 0
Registration using 1 total stages.

Stage 0
  iterations = 1000x500x250x100
  convergence threshold = 1e-06
  convergence window size = 10
  number of levels = 4
  using the Mattes MI metric (number of bins = 32, weight = 1, use gradient filter = 0)
  preprocessing:  winsorizing the image intensities
  Shrink factors (level 1 out of 4): [8, 8, 8]
  Shrink factors (level 2 out of 4): [4, 4, 4]
  Shrink factors (level 3 out of 4): [2, 2, 2]
  Shrink factors (level 4 out of 4): [1, 1, 1]
  smoothing sigmas per level: [3, 2, 1, 0]
  regular sampling (percentage = 0.25)

*** Running Euler3DTransform registration ***

DIAGNOSTIC,Iteration,metricValue,convergenceValue,ITERATION_TIME_INDEX,SINCE_LAST
 2DIAGNOSTIC,     1, -5.366672126762e-01, 1.797693134862e+308, 0.0000e+00, 0.0000e+00, 
 2DIAGNOSTIC,     2, -5.377305785444e-01, 1.797693134862e+308, 0.0000e+00, 0.0000e+00, 
 2DIAGNOSTIC,     3, -5.391451337774e-01, 1.797693134862e+308, 0.0000e+00, 0.0000e+00, 
 2DIAGNOSTIC,     4, -5.404050039115e-01, 1.797693134862e+308, 0.0000e+00, 0.0000e+00, 
 2DIAGNOSTIC,     5, -5.449561190101e-01, 1.797693134862e+308, 0.0000e+00, 0.0000e+00, 
 2DIAGNOSTIC,     6, -5.482410138860e-01, 1.797693134862e+308, 0.0000e+00, 0.0000e+00, 
 2DIAGNOSTIC,     7, -5.559429160795e-01, 1.797693134862e+308, 0.0000e+00, 0.0000e+00, 
 2DIAGNOSTIC,     8, -5.573497736451e-01, 1.797693134862e+308, 0.0000e+00, 0.0000e+00, 
 2DIAGNOSTIC,     9, -5.657047384882e-01, 1.797693134862e+308, 0.0000e+00, 0.0000e+00, 
 2DIAGNOSTIC,    10, -5.672094984464e-01, 3.912974775810e-03, 0.0000e+00, 0.0000e+00, 
 2DIAGNOSTIC,    11, -5.675227001305e-01, 3.714208477544e-03, 0.0000e+00, 0.0000e+00, 
 2DIAGNOSTIC,    12, -5.676154687170e-01, 3.269155214915e-03, 0.0000e+00, 0.0000e+00, 
 2DIAGNOSTIC,    13, -5.682380018963e-01, 2.680795552304e-03, 0.0000e+00, 0.0000e+00, 
 2DIAGNOSTIC,    14, -5.684982465531e-01, 1.986677599389e-03, 0.0000e+00, 0.0000e+00, 
 2DIAGNOSTIC,    15, -5.685684046974e-01, 1.362831433869e-03, 0.0000e+00, 0.0000e+00, 
 2DIAGNOSTIC,    16, -5.685286622221e-01, 7.955765579222e-04, 0.0000e+00, 0.0000e+00, 
 2DIAGNOSTIC,    17, -5.684902741748e-01, 4.560516739984e-04, 0.0000e+00, 0.0000e+00, 
 2DIAGNOSTIC,    18, -5.685658382738e-01, 1.486717663400e-04, 0.0000e+00, 0.0000e+00, 
 2DIAGNOSTIC,    19, -5.686074526677e-01, 8.435142289706e-05, 0.0000e+00, 0.0000e+00, 
 2DIAGNOSTIC,    20, -5.685351285029e-01, 5.534734781236e-05, 0.0000e+00, 0.0000e+00, 
 2DIAGNOSTIC,    21, -5.684149940842e-01, 2.918034086474e-05, 0.0000e+00, 0.0000e+00, 
 2DIAGNOSTIC,    22, -5.684777600784e-01, 6.245247626206e-06, 0.0000e+00, 0.0000e+00, 
DIAGNOSTIC,Iteration,metricValue,convergenceValue,ITERATION_TIME_INDEX,SINCE_LAST
 2DIAGNOSTIC,     1, -4.487888852176e-01, 1.797693134862e+308, 0.0000e+00, 0.0000e+00, 
 2DIAGNOSTIC,     2, -4.489206151804e-01, 1.797693134862e+308, 0.0000e+00, 0.0000e+00, 
 2DIAGNOSTIC,     3, -4.491332618441e-01, 1.797693134862e+308, 0.0000e+00, 0.0000e+00, 
 2DIAGNOSTIC,     4, -4.495500120146e-01, 1.797693134862e+308, 0.0000e+00, 0.0000e+00, 
 2DIAGNOSTIC,     5, -4.502405416993e-01, 1.797693134862e+308, 0.0000e+00, 0.0000e+00, 
 2DIAGNOSTIC,     6, -4.511800764568e-01, 1.797693134862e+308, 0.0000e+00, 0.0000e+00, 
 2DIAGNOSTIC,     7, -4.530488111266e-01, 1.797693134862e+308, 0.0000e+00, 0.0000e+00, 
 2DIAGNOSTIC,     8, -4.553870871476e-01, 1.797693134862e+308, 0.0000e+00, 0.0000e+00, 
 2DIAGNOSTIC,     9, -4.599438013146e-01, 1.797693134862e+308, 0.0000e+00, 0.0000e+00, 
 2DIAGNOSTIC,    10, -4.626836091481e-01, 1.867917264526e-03, 0.0000e+00, 0.0000e+00, 
 2DIAGNOSTIC,    11, -4.644811952425e-01, 2.132641518710e-03, 0.0000e+00, 0.0000e+00, 
 2DIAGNOSTIC,    12, -4.651570182789e-01, 2.204712671528e-03, 0.0000e+00, 0.0000e+00, 
 2DIAGNOSTIC,    13, -4.652337014313e-01, 2.080652386445e-03, 0.0000e+00, 0.0000e+00, 
 2DIAGNOSTIC,    14, -4.652723058931e-01, 1.804764915549e-03, 0.0000e+00, 0.0000e+00, 
 2DIAGNOSTIC,    15, -4.653061591829e-01, 1.431004576295e-03, 0.0000e+00, 0.0000e+00, 
 2DIAGNOSTIC,    16, -4.652541942232e-01, 1.008653224337e-03, 0.0000e+00, 0.0000e+00, 
 2DIAGNOSTIC,    17, -4.652926694185e-01, 6.144757480422e-04, 0.0000e+00, 0.0000e+00, 
 2DIAGNOSTIC,    18, -4.652808595011e-01, 2.858721371471e-04, 0.0000e+00, 0.0000e+00, 
 2DIAGNOSTIC,    19, -4.653113954173e-01, 1.141419728327e-04, 0.0000e+00, 0.0000e+00, 
 2DIAGNOSTIC,    20, -4.652764751658e-01, 3.181484208889e-05, 0.0000e+00, 0.0000e+00, 
 2DIAGNOSTIC,    21, -4.652878332138e-01, 7.476012199158e-06, 0.0000e+00, 0.0000e+00, 
 2DIAGNOSTIC,    22, -4.652386989895e-01, 2.417697422936e-06, 0.0000e+00, 0.0000e+00, 
DIAGNOSTIC,Iteration,metricValue,convergenceValue,ITERATION_TIME_INDEX,SINCE_LAST
 2DIAGNOSTIC,     1, -4.031159759662e-01, 1.797693134862e+308, 0.0000e+00, 0.0000e+00, 
 2DIAGNOSTIC,     2, -4.031155791549e-01, 1.797693134862e+308, 0.0000e+00, 0.0000e+00, 
 2DIAGNOSTIC,     3, -4.031306498751e-01, 1.797693134862e+308, 0.0000e+00, 0.0000e+00, 
 2DIAGNOSTIC,     4, -4.031484035913e-01, 1.797693134862e+308, 0.0000e+00, 0.0000e+00, 
 2DIAGNOSTIC,     5, -4.033498638015e-01, 1.797693134862e+308, 0.0000e+00, 0.0000e+00, 
 2DIAGNOSTIC,     6, -4.034029058809e-01, 1.797693134862e+308, 0.0000e+00, 0.0000e+00, 
 2DIAGNOSTIC,     7, -4.034500531612e-01, 1.797693134862e+308, 0.0000e+00, 0.0000e+00, 
 2DIAGNOSTIC,     8, -4.035933754573e-01, 1.797693134862e+308, 0.0000e+00, 0.0000e+00, 
 2DIAGNOSTIC,     9, -4.037263560697e-01, 1.797693134862e+308, 0.0000e+00, 0.0000e+00, 
 2DIAGNOSTIC,    10, -4.037731383387e-01, 1.212061150856e-04, 0.0000e+00, 0.0000e+00, 
 2DIAGNOSTIC,    11, -4.038560200775e-01, 1.206665685121e-04, 0.0000e+00, 0.0000e+00, 
 2DIAGNOSTIC,    12, -4.039328062288e-01, 1.143087396327e-04, 0.0000e+00, 0.0000e+00, 
 2DIAGNOSTIC,    13, -4.039650437481e-01, 1.014242264198e-04, 0.0000e+00, 0.0000e+00, 
 2DIAGNOSTIC,    14, -4.039322166261e-01, 8.038436908232e-05, 0.0000e+00, 0.0000e+00, 
 2DIAGNOSTIC,    15, -4.039264659717e-01, 6.436681183619e-05, 0.0000e+00, 0.0000e+00, 
 2DIAGNOSTIC,    16, -4.039265467381e-01, 4.706957276336e-05, 0.0000e+00, 0.0000e+00, 
 2DIAGNOSTIC,    17, -4.039309542692e-01, 2.966588515343e-05, 0.0000e+00, 0.0000e+00, 
 2DIAGNOSTIC,    18, -4.039156930115e-01, 1.656736983081e-05, 0.0000e+00, 0.0000e+00, 
 2DIAGNOSTIC,    19, -4.038918408579e-01, 7.626174808026e-06, 0.0000e+00, 0.0000e+00, 
DIAGNOSTIC,Iteration,metricValue,convergenceValue,ITERATION_TIME_INDEX,SINCE_LAST
 2DIAGNOSTIC,     1, -3.733765031662e-01, 1.797693134862e+308, 0.0000e+00, 0.0000e+00, 
 2DIAGNOSTIC,     2, -3.733912447484e-01, 1.797693134862e+308, 0.0000e+00, 0.0000e+00, 
 2DIAGNOSTIC,     3, -3.734543355901e-01, 1.797693134862e+308, 0.0000e+00, 0.0000e+00, 
 2DIAGNOSTIC,     4, -3.734930188252e-01, 1.797693134862e+308, 0.0000e+00, 0.0000e+00, 
 2DIAGNOSTIC,     5, -3.735296867654e-01, 1.797693134862e+308, 0.0000e+00, 0.0000e+00, 
 2DIAGNOSTIC,     6, -3.735009542642e-01, 1.797693134862e+308, 0.0000e+00, 0.0000e+00, 
 2DIAGNOSTIC,     7, -3.735291857442e-01, 1.797693134862e+308, 0.0000e+00, 0.0000e+00, 
 2DIAGNOSTIC,     8, -3.735787236191e-01, 1.797693134862e+308, 0.0000e+00, 0.0000e+00, 
 2DIAGNOSTIC,     9, -3.735908815219e-01, 1.797693134862e+308, 0.0000e+00, 0.0000e+00, 
 2DIAGNOSTIC,    10, -3.735630768442e-01, 3.891920060348e-05, 0.0000e+00, 0.0000e+00, 
 2DIAGNOSTIC,    11, -3.735516783239e-01, 2.785826918733e-05, 0.0000e+00, 0.0000e+00, 
 2DIAGNOSTIC,    12, -3.735688850380e-01, 1.841512404520e-05, 0.0000e+00, 0.0000e+00, 
 2DIAGNOSTIC,    13, -3.735785288901e-01, 1.312395688145e-05, 0.0000e+00, 0.0000e+00, 
 2DIAGNOSTIC,    14, -3.735845597406e-01, 1.001792336651e-05, 0.0000e+00, 0.0000e+00, 
 2DIAGNOSTIC,    15, -3.735917878422e-01, 9.026249690361e-06, 0.0000e+00, 0.0000e+00, 
 2DIAGNOSTIC,    16, -3.735792904179e-01, 5.619030584075e-06, 0.0000e+00, 0.0000e+00, 
 2DIAGNOSTIC,    17, -3.735767280072e-01, 3.401986026115e-06, 0.0000e+00, 0.0000e+00, 
 2DIAGNOSTIC,    18, -3.735725260594e-01, 3.198780395244e-06, 0.0000e+00, 0.0000e+00, 
 2DIAGNOSTIC,    19, -3.735784777733e-01, 3.672048093997e-06, 0.0000e+00, 0.0000e+00, 
 2DIAGNOSTIC,    20, -3.736106457814e-01, 4.125194332044e-06, 0.0000e+00, 0.0000e+00, 
 2DIAGNOSTIC,    21, -3.736338880729e-01, 4.724469076386e-06, 0.0000e+00, 0.0000e+00, 
 2DIAGNOSTIC,    22, -3.736571145192e-01, 6.393494558520e-06, 0.0000e+00, 0.0000e+00, 
 2DIAGNOSTIC,    23, -3.736155794299e-01, 6.426446360633e-06, 0.0000e+00, 0.0000e+00, 
 2DIAGNOSTIC,    24, -3.736380877932e-01, 6.956388761456e-06, 0.0000e+00, 0.0000e+00, 
 2DIAGNOSTIC,    25, -3.736175558103e-01, 6.502663553912e-06, 0.0000e+00, 0.0000e+00, 
 2DIAGNOSTIC,    26, -3.736198010227e-01, 5.309459332088e-06, 0.0000e+00, 0.0000e+00, 
 2DIAGNOSTIC,    27, -3.736143760062e-01, 3.632961186335e-06, 0.0000e+00, 0.0000e+00, 
 2DIAGNOSTIC,    28, -3.736148711914e-01, 1.794708700639e-06, 0.0000e+00, 0.0000e+00, 
  Elapsed time (stage 0): 0.0000e+00


Total elapsed time: 0.0000e+00
VFC_BACKENDS=libinterflop_vprec.so --range-binary32=8 --precision-binary32=13 --range-binary64=8 --precision-binary64=13
Info [verificarlo]: loaded backend libinterflop_vprec.so
Info [interflop-vprec]: load backend with: 
Info [interflop-vprec]: precision-binary32 = 13
Info [interflop-vprec]: range-binary32 = 8
Info [interflop-vprec]: precision-binary64 = 13
Info [interflop-vprec]: range-binary64 = 8
Info [interflop-vprec]: mode = ob
Info [interflop-vprec]: error-mode = rel
Info [interflop-vprec]: max-abs-error-exponent = -1022
Info [interflop-vprec]: daz = false
Info [interflop-vprec]: ftz = false
Info [interflop-vprec]: 	instrument = none
Info [interflop-vprec]: 	prec-input-file = (null)
Info [interflop-vprec]: 	prec-output-file = (null)
Info [interflop-vprec]: 	prec-log-file = (null)
All_Command_lines_OK
Using double precision for computations.
=============================================================================
The composite transform comprises the following transforms (in order): 
  1. /project/rrg-glatard/mdugre/datasets/corr/RawDataBIDS/BMB_1/derivatives/vprec-space_search/0110/r8-p13/sub-0003060/rigid_Composite.h5[0] (type = Euler3DTransform)
  2. /project/rrg-glatard/mdugre/datasets/corr/RawDataBIDS/BMB_1/derivatives/vprec-space_search/0110/r8-p13/sub-0003060/rigid_Composite.h5[1] (type = Euler3DTransform)
  3. /project/rrg-glatard/mdugre/datasets/corr/RawDataBIDS/BMB_1/derivatives/vprec-space_search/0110/r8-p13/sub-0003060/rigid_Composite.h5[2] (type = Euler3DTransform)
=============================================================================
  number of levels = 4
  fixed image: /templateflow/tpl-MNI152NLin2009cAsym/tpl-MNI152NLin2009cAsym_res-01_desc-brain_T1w.nii.gz
  moving image: /project/rrg-glatard/mdugre/datasets/corr/RawDataBIDS/BMB_1/derivatives/antsBrainExtraction/sub-0003060/BrainExtractionBrain.nii.gz
Dimension = 3
Number of stages = 1
Use histogram matching = false
Winsorize image intensities = true
  Lower quantile = 0.005
  Upper quantile = 0.995


Stage 1 State
   Image metric = MattesMI
     Fixed image = Image (0x4b76300)
  RTTI typeinfo:   itk::Image<double, 3u>
  Reference Count: 2
  Modified Time: 1592
  Debug: Off
  Object Name: 
  Observers: 
    none
  Source: (none)
  Source output name: (none)
  Release Data: Off
  Data Released: False
  Global Release Data: Off
  PipelineMTime: 0
  UpdateMTime: 1203
  RealTimeStamp: 0 seconds 
  LargestPossibleRegion: 
    Dimension: 3
    Index: [0, 0, 0]
    Size: [193, 229, 193]
  BufferedRegion: 
    Dimension: 3
    Index: [0, 0, 0]
    Size: [193, 229, 193]
  RequestedRegion: 
    Dimension: 3
    Index: [0, 0, 0]
    Size: [193, 229, 193]
  Spacing: [1, 1, 1]
  Origin: [96, 132, -78]
  Direction: 
-1 0 0
0 -1 0
0 0 1

  IndexToPointMatrix: 
-1 0 0
0 -1 0
0 0 1

  PointToIndexMatrix: 
-1 0 0
0 -1 0
0 0 1

  Inverse Direction: 
-1 0 0
0 -1 0
0 0 1

  PixelContainer: 
    ImportImageContainer (0x4beec30)
      RTTI typeinfo:   itk::ImportImageContainer<unsigned long, double>
      Reference Count: 1
      Modified Time: 1200
      Debug: Off
      Object Name: 
      Observers: 
        none
      Pointer: 0x154f4de0f010
      Container manages memory: true
      Size: 8530021
      Capacity: 8530021

     Moving image = Image (0x4c311a0)
  RTTI typeinfo:   itk::Image<double, 3u>
  Reference Count: 2
  Modified Time: 1593
  Debug: Off
  Object Name: 
  Observers: 
    none
  Source: (none)
  Source output name: (none)
  Release Data: Off
  Data Released: False
  Global Release Data: Off
  PipelineMTime: 0
  UpdateMTime: 1590
  RealTimeStamp: 0 seconds 
  LargestPossibleRegion: 
    Dimension: 3
    Index: [0, 0, 0]
    Size: [176, 256, 256]
  BufferedRegion: 
    Dimension: 3
    Index: [0, 0, 0]
    Size: [176, 256, 256]
  RequestedRegion: 
    Dimension: 3
    Index: [0, 0, 0]
    Size: [176, 256, 256]
  Spacing: [1, 1, 1]
  Origin: [-84.6562, 101.383, -128.891]
  Direction: 
1 0 0
0 -1 0
0 0 1

  IndexToPointMatrix: 
1 0 0
0 -1 0
0 0 1

  PointToIndexMatrix: 
1 0 0
0 -1 0
0 0 1

  Inverse Direction: 
1 0 0
0 -1 0
0 0 1

  PixelContainer: 
    ImportImageContainer (0x4bfed70)
      RTTI typeinfo:   itk::ImportImageContainer<unsigned long, double>
      Reference Count: 1
      Modified Time: 1587
      Debug: Off
      Object Name: 
      Observers: 
        none
      Pointer: 0x154f4860e010
      Container manages memory: true
      Size: 11534336
      Capacity: 11534336

     Weighting = 1
     Sampling strategy = regular
     Number of bins = 32
     Radius = 4
     Sampling percentage  = 0.25
   Transform = Affine
     Gradient step = 0.1
     Update field sigma (voxel space) = 0
     Total field sigma (voxel space) = 0
     Update field time sigma = 0
     Total field time sigma  = 0
     Number of time indices = 0
     Number of time point samples = 0
Registration using 1 total stages.

Stage 0
  iterations = 1000x500x250x100
  convergence threshold = 1e-06
  convergence window size = 10
  number of levels = 4
  using the Mattes MI metric (number of bins = 32, weight = 1, use gradient filter = 0)
  preprocessing:  winsorizing the image intensities
  Shrink factors (level 1 out of 4): [8, 8, 8]
  Shrink factors (level 2 out of 4): [4, 4, 4]
  Shrink factors (level 3 out of 4): [2, 2, 2]
  Shrink factors (level 4 out of 4): [1, 1, 1]
  smoothing sigmas per level: [3, 2, 1, 0]
  regular sampling (percentage = 0.25)

*** Running AffineTransform registration ***

DIAGNOSTIC,Iteration,metricValue,convergenceValue,ITERATION_TIME_INDEX,SINCE_LAST
 2DIAGNOSTIC,     1, -5.706380779407e-01, 1.797693134862e+308, 0.0000e+00, 0.0000e+00, 
 2DIAGNOSTIC,     2, -5.725097201238e-01, 1.797693134862e+308, 0.0000e+00, 0.0000e+00, 
 2DIAGNOSTIC,     3, -5.756390812337e-01, 1.797693134862e+308, 0.0000e+00, 0.0000e+00, 
 2DIAGNOSTIC,     4, -5.811012073464e-01, 1.797693134862e+308, 0.0000e+00, 0.0000e+00, 
 2DIAGNOSTIC,     5, -5.886100268286e-01, 1.797693134862e+308, 0.0000e+00, 0.0000e+00, 
 2DIAGNOSTIC,     6, -6.048186192671e-01, 1.797693134862e+308, 0.0000e+00, 0.0000e+00, 
 2DIAGNOSTIC,     7, -6.509817332191e-01, 1.797693134862e+308, 0.0000e+00, 0.0000e+00, 
 2DIAGNOSTIC,     8, -6.945466399006e-01, 1.797693134862e+308, 0.0000e+00, 0.0000e+00, 
 2DIAGNOSTIC,     9, -7.191408983381e-01, 1.797693134862e+308, 0.0000e+00, 0.0000e+00, 
 2DIAGNOSTIC,    10, -7.623277125710e-01, 1.972527171242e-02, 0.0000e+00, 0.0000e+00, 
 2DIAGNOSTIC,    11, -7.853329128289e-01, 2.119868632388e-02, 0.0000e+00, 0.0000e+00, 
 2DIAGNOSTIC,    12, -8.016912087016e-01, 2.110169092242e-02, 0.0000e+00, 0.0000e+00, 
 2DIAGNOSTIC,    13, -8.304469383610e-01, 2.011346084920e-02, 0.0000e+00, 0.0000e+00, 
 2DIAGNOSTIC,    14, -8.347482159454e-01, 1.777474561803e-02, 0.0000e+00, 0.0000e+00, 
 2DIAGNOSTIC,    15, -8.394739943620e-01, 1.455031352378e-02, 0.0000e+00, 0.0000e+00, 
 2DIAGNOSTIC,    16, -8.401948814804e-01, 1.090141023288e-02, 0.0000e+00, 0.0000e+00, 
 2DIAGNOSTIC,    17, -8.407926141131e-01, 7.851809820693e-03, 0.0000e+00, 0.0000e+00, 
 2DIAGNOSTIC,    18, -8.411436155806e-01, 5.439054994810e-03, 0.0000e+00, 0.0000e+00, 
 2DIAGNOSTIC,    19, -8.420750486598e-01, 3.329805260751e-03, 0.0000e+00, 0.0000e+00, 
 2DIAGNOSTIC,    20, -8.421870668430e-01, 1.996603549338e-03, 0.0000e+00, 0.0000e+00, 
 2DIAGNOSTIC,    21, -8.422218945992e-01, 1.046414256032e-03, 0.0000e+00, 0.0000e+00, 
 2DIAGNOSTIC,    22, -8.422248020403e-01, 3.706594343466e-04, 0.0000e+00, 0.0000e+00, 
 2DIAGNOSTIC,    23, -8.423316332409e-01, 2.043800062357e-04, 0.0000e+00, 0.0000e+00, 
 2DIAGNOSTIC,    24, -8.423571346709e-01, 1.009978776939e-04, 0.0000e+00, 0.0000e+00, 
 2DIAGNOSTIC,    25, -8.424394257467e-01, 6.997548722554e-05, 0.0000e+00, 0.0000e+00, 
 2DIAGNOSTIC,    26, -8.425395907633e-01, 4.709668839228e-05, 0.0000e+00, 0.0000e+00, 
 2DIAGNOSTIC,    27, -8.427929898845e-01, 3.363881241115e-05, 0.0000e+00, 0.0000e+00, 
 2DIAGNOSTIC,    28, -8.428606705295e-01, 2.338606470594e-05, 0.0000e+00, 0.0000e+00, 
 2DIAGNOSTIC,    29, -8.428963236321e-01, 2.422057805099e-05, 0.0000e+00, 0.0000e+00, 
 2DIAGNOSTIC,    30, -8.429059588630e-01, 2.438596340132e-05, 0.0000e+00, 0.0000e+00, 
 2DIAGNOSTIC,    31, -8.429101686296e-01, 2.283592321257e-05, 0.0000e+00, 0.0000e+00, 
 2DIAGNOSTIC,    32, -8.429132052138e-01, 1.936589625726e-05, 0.0000e+00, 0.0000e+00, 
 2DIAGNOSTIC,    33, -8.429076939877e-01, 1.554150564527e-05, 0.0000e+00, 0.0000e+00, 
 2DIAGNOSTIC,    34, -8.429076939877e-01, 1.091037529267e-05, 0.0000e+00, 0.0000e+00, 
 2DIAGNOSTIC,    35, -8.429076939877e-01, 6.516791212323e-06, 0.0000e+00, 0.0000e+00, 
 2DIAGNOSTIC,    36, -8.429076939877e-01, 2.833953709147e-06, 0.0000e+00, 0.0000e+00, 
 2DIAGNOSTIC,    37, -8.429076939877e-01, 1.681457680251e-06, 0.0000e+00, 0.0000e+00, 
 2DIAGNOSTIC,    38, -8.429076939877e-01, 1.180360739306e-06, 0.0000e+00, 0.0000e+00, 
 2DIAGNOSTIC,    39, -8.429076939877e-01, 1.028433300847e-06, 0.0000e+00, 0.0000e+00, 
DIAGNOSTIC,Iteration,metricValue,convergenceValue,ITERATION_TIME_INDEX,SINCE_LAST
 2DIAGNOSTIC,     1, -7.132276364490e-01, 1.797693134862e+308, 0.0000e+00, 0.0000e+00, 
 2DIAGNOSTIC,     2, -7.136965757268e-01, 1.797693134862e+308, 0.0000e+00, 0.0000e+00, 
 2DIAGNOSTIC,     3, -7.143103377858e-01, 1.797693134862e+308, 0.0000e+00, 0.0000e+00, 
 2DIAGNOSTIC,     4, -7.149829073318e-01, 1.797693134862e+308, 0.0000e+00, 0.0000e+00, 
 2DIAGNOSTIC,     5, -7.157690571893e-01, 1.797693134862e+308, 0.0000e+00, 0.0000e+00, 
 2DIAGNOSTIC,     6, -7.164958976876e-01, 1.797693134862e+308, 0.0000e+00, 0.0000e+00, 
 2DIAGNOSTIC,     7, -7.171751488110e-01, 1.797693134862e+308, 0.0000e+00, 0.0000e+00, 
 2DIAGNOSTIC,     8, -7.173663271908e-01, 1.797693134862e+308, 0.0000e+00, 0.0000e+00, 
 2DIAGNOSTIC,     9, -7.174819180206e-01, 1.797693134862e+308, 0.0000e+00, 0.0000e+00, 
 2DIAGNOSTIC,    10, -7.175657201998e-01, 4.380165048730e-04, 0.0000e+00, 0.0000e+00, 
 2DIAGNOSTIC,    11, -7.176857901114e-01, 3.443894478718e-04, 0.0000e+00, 0.0000e+00, 
 2DIAGNOSTIC,    12, -7.177667234429e-01, 2.536278064181e-04, 0.0000e+00, 0.0000e+00, 
 2DIAGNOSTIC,    13, -7.178271439380e-01, 1.747193784740e-04, 0.0000e+00, 0.0000e+00, 
 2DIAGNOSTIC,    14, -7.179107254427e-01, 1.128110572931e-04, 0.0000e+00, 0.0000e+00, 
 2DIAGNOSTIC,    15, -7.179333471063e-01, 7.019503824664e-05, 0.0000e+00, 0.0000e+00, 
 2DIAGNOSTIC,    16, -7.179531264785e-01, 4.481436283776e-05, 0.0000e+00, 0.0000e+00, 
 2DIAGNOSTIC,    17, -7.179353702995e-01, 3.386869166270e-05, 0.0000e+00, 0.0000e+00, 
 2DIAGNOSTIC,    18, -7.179498002750e-01, 2.573428964558e-05, 0.0000e+00, 0.0000e+00, 
 2DIAGNOSTIC,    19, -7.179456105077e-01, 1.856336202349e-05, 0.0000e+00, 0.0000e+00, 
 2DIAGNOSTIC,    20, -7.179327148872e-01, 1.193692192199e-05, 0.0000e+00, 0.0000e+00, 
 2DIAGNOSTIC,    21, -7.179449536080e-01, 7.508878644008e-06, 0.0000e+00, 0.0000e+00, 
 2DIAGNOSTIC,    22, -7.179439264756e-01, 4.381810985679e-06, 0.0000e+00, 0.0000e+00, 
 2DIAGNOSTIC,    23, -7.179442924246e-01, 2.295658398120e-06, 0.0000e+00, 0.0000e+00, 
 2DIAGNOSTIC,    24, -7.179430982022e-01, 1.679875720528e-06, 0.0000e+00, 0.0000e+00, 
 2DIAGNOSTIC,    25, -7.179434238390e-01, 1.466213071406e-06, 0.0000e+00, 0.0000e+00, 
 2DIAGNOSTIC,    26, -7.179464210326e-01, 1.631282415218e-06, 0.0000e+00, 0.0000e+00, 
 2DIAGNOSTIC,    27, -7.179474501459e-01, 1.513901349406e-06, 0.0000e+00, 0.0000e+00, 
 2DIAGNOSTIC,    28, -7.179477831427e-01, 1.609371892447e-06, 0.0000e+00, 0.0000e+00, 
 2DIAGNOSTIC,    29, -7.179480608516e-01, 1.631661311917e-06, 0.0000e+00, 0.0000e+00, 
 2DIAGNOSTIC,    30, -7.179480608516e-01, 1.449847572936e-06, 0.0000e+00, 0.0000e+00, 
 2DIAGNOSTIC,    31, -7.179480608516e-01, 1.421175584063e-06, 0.0000e+00, 0.0000e+00, 
 2DIAGNOSTIC,    32, -7.179480608516e-01, 1.365136302250e-06, 0.0000e+00, 0.0000e+00, 
 2DIAGNOSTIC,    33, -7.179480608516e-01, 1.303504084026e-06, 0.0000e+00, 0.0000e+00, 
 2DIAGNOSTIC,    34, -7.179480608516e-01, 1.220057918128e-06, 0.0000e+00, 0.0000e+00, 
 2DIAGNOSTIC,    35, -7.179480608516e-01, 1.136949011712e-06, 0.0000e+00, 0.0000e+00, 
 2DIAGNOSTIC,    36, -7.179480608516e-01, 1.088666563741e-06, 0.0000e+00, 0.0000e+00, 
 2DIAGNOSTIC,    37, -7.179480608516e-01, 1.053055475042e-06, 0.0000e+00, 0.0000e+00, 
 2DIAGNOSTIC,    38, -7.179480608516e-01, 1.022425734555e-06, 0.0000e+00, 0.0000e+00, 
DIAGNOSTIC,Iteration,metricValue,convergenceValue,ITERATION_TIME_INDEX,SINCE_LAST
 2DIAGNOSTIC,     1, -6.110245456980e-01, 1.797693134862e+308, 0.0000e+00, 0.0000e+00, 
 2DIAGNOSTIC,     2, -6.114068011568e-01, 1.797693134862e+308, 0.0000e+00, 0.0000e+00, 
 2DIAGNOSTIC,     3, -6.117809822686e-01, 1.797693134862e+308, 0.0000e+00, 0.0000e+00, 
 2DIAGNOSTIC,     4, -6.123943340144e-01, 1.797693134862e+308, 0.0000e+00, 0.0000e+00, 
 2DIAGNOSTIC,     5, -6.128855345824e-01, 1.797693134862e+308, 0.0000e+00, 0.0000e+00, 
 2DIAGNOSTIC,     6, -6.131966459328e-01, 1.797693134862e+308, 0.0000e+00, 0.0000e+00, 
 2DIAGNOSTIC,     7, -6.133894334200e-01, 1.797693134862e+308, 0.0000e+00, 0.0000e+00, 
 2DIAGNOSTIC,     8, -6.134263312282e-01, 1.797693134862e+308, 0.0000e+00, 0.0000e+00, 
 2DIAGNOSTIC,     9, -6.135267106986e-01, 1.797693134862e+308, 0.0000e+00, 0.0000e+00, 
 2DIAGNOSTIC,    10, -6.135767432613e-01, 2.857120682526e-04, 0.0000e+00, 0.0000e+00, 
 2DIAGNOSTIC,    11, -6.136045918174e-01, 2.078648837798e-04, 0.0000e+00, 0.0000e+00, 
 2DIAGNOSTIC,    12, -6.136180232773e-01, 1.400419907803e-04, 0.0000e+00, 0.0000e+00, 
 2DIAGNOSTIC,    13, -6.137672334796e-01, 8.871333456163e-05, 0.0000e+00, 0.0000e+00, 
 2DIAGNOSTIC,    14, -6.137976997835e-01, 5.783852244005e-05, 0.0000e+00, 0.0000e+00, 
 2DIAGNOSTIC,    15, -6.138073072159e-01, 4.134702624112e-05, 0.0000e+00, 0.0000e+00, 
 2DIAGNOSTIC,    16, -6.138081181798e-01, 3.235633650464e-05, 0.0000e+00, 0.0000e+00, 
 2DIAGNOSTIC,    17, -6.138069123781e-01, 2.691145555355e-05, 0.0000e+00, 0.0000e+00, 
 2DIAGNOSTIC,    18, -6.138070152043e-01, 2.063974594244e-05, 0.0000e+00, 0.0000e+00, 
 2DIAGNOSTIC,    19, -6.138069663959e-01, 1.571512799148e-05, 0.0000e+00, 0.0000e+00, 
 2DIAGNOSTIC,    20, -6.138069434631e-01, 1.120699369445e-05, 0.0000e+00, 0.0000e+00, 
 2DIAGNOSTIC,    21, -6.138068565342e-01, 6.919404378213e-06, 0.0000e+00, 0.0000e+00, 
 2DIAGNOSTIC,    22, -6.138068565342e-01, 2.752937971598e-06, 0.0000e+00, 0.0000e+00, 
 2DIAGNOSTIC,    23, -6.138068565342e-01, 1.848120491837e-06, 0.0000e+00, 0.0000e+00, 
 2DIAGNOSTIC,    24, -6.138067714270e-01, 1.584954325839e-06, 0.0000e+00, 0.0000e+00, 
 2DIAGNOSTIC,    25, -6.138067714270e-01, 1.523508328785e-06, 0.0000e+00, 0.0000e+00, 
 2DIAGNOSTIC,    26, -6.138067714270e-01, 1.484749203022e-06, 0.0000e+00, 0.0000e+00, 
 2DIAGNOSTIC,    27, -6.138067714270e-01, 1.428976966623e-06, 0.0000e+00, 0.0000e+00, 
 2DIAGNOSTIC,    28, -6.138067714270e-01, 1.379823342959e-06, 0.0000e+00, 0.0000e+00, 
 2DIAGNOSTIC,    29, -6.138067714270e-01, 1.334015719973e-06, 0.0000e+00, 0.0000e+00, 
 2DIAGNOSTIC,    30, -6.138067714270e-01, 1.291475706759e-06, 0.0000e+00, 0.0000e+00, 
 2DIAGNOSTIC,    31, -6.138067714270e-01, 1.250682430849e-06, 0.0000e+00, 0.0000e+00, 
 2DIAGNOSTIC,    32, -6.138067656163e-01, 1.212567155580e-06, 0.0000e+00, 0.0000e+00, 
 2DIAGNOSTIC,    33, -6.138067656163e-01, 1.176924671713e-06, 0.0000e+00, 0.0000e+00, 
 2DIAGNOSTIC,    34, -6.138067656163e-01, 1.142233888363e-06, 0.0000e+00, 0.0000e+00, 
 2DIAGNOSTIC,    35, -6.138067656163e-01, 1.109544656416e-06, 0.0000e+00, 0.0000e+00, 
 2DIAGNOSTIC,    36, -6.138067656163e-01, 1.078695010023e-06, 0.0000e+00, 0.0000e+00, 
 2DIAGNOSTIC,    37, -6.138067656163e-01, 1.049537834950e-06, 0.0000e+00, 0.0000e+00, 
 2DIAGNOSTIC,    38, -6.138067656163e-01, 1.021937382731e-06, 0.0000e+00, 0.0000e+00, 
DIAGNOSTIC,Iteration,metricValue,convergenceValue,ITERATION_TIME_INDEX,SINCE_LAST
 2DIAGNOSTIC,     1, -5.418497994421e-01, 1.797693134862e+308, 0.0000e+00, 0.0000e+00, 
 2DIAGNOSTIC,     2, -5.420927034839e-01, 1.797693134862e+308, 0.0000e+00, 0.0000e+00, 
 2DIAGNOSTIC,     3, -5.424860814897e-01, 1.797693134862e+308, 0.0000e+00, 0.0000e+00, 
 2DIAGNOSTIC,     4, -5.425827567848e-01, 1.797693134862e+308, 0.0000e+00, 0.0000e+00, 
 2DIAGNOSTIC,     5, -5.426447497481e-01, 1.797693134862e+308, 0.0000e+00, 0.0000e+00, 
 2DIAGNOSTIC,     6, -5.426569756422e-01, 1.797693134862e+308, 0.0000e+00, 0.0000e+00, 
 2DIAGNOSTIC,     7, -5.426680384607e-01, 1.797693134862e+308, 0.0000e+00, 0.0000e+00, 
 2DIAGNOSTIC,     8, -5.426644664347e-01, 1.797693134862e+308, 0.0000e+00, 0.0000e+00, 
 2DIAGNOSTIC,     9, -5.426664781211e-01, 1.797693134862e+308, 0.0000e+00, 0.0000e+00, 
 2DIAGNOSTIC,    10, -5.426685987846e-01, 8.179003204709e-05, 0.0000e+00, 0.0000e+00, 
 2DIAGNOSTIC,    11, -5.426691075755e-01, 4.189932025936e-05, 0.0000e+00, 0.0000e+00, 
 2DIAGNOSTIC,    12, -5.426694267104e-01, 1.543159097490e-05, 0.0000e+00, 0.0000e+00, 
 2DIAGNOSTIC,    13, -5.426694431339e-01, 7.715887336723e-06, 0.0000e+00, 0.0000e+00, 
 2DIAGNOSTIC,    14, -5.426694431339e-01, 4.235610026743e-06, 0.0000e+00, 0.0000e+00, 
 2DIAGNOSTIC,    15, -5.426694341917e-01, 3.239563548058e-06, 0.0000e+00, 0.0000e+00, 
 2DIAGNOSTIC,    16, -5.426694341917e-01, 2.697338315677e-06, 0.0000e+00, 0.0000e+00, 
 2DIAGNOSTIC,    17, -5.426694170118e-01, 2.539088779820e-06, 0.0000e+00, 0.0000e+00, 
 2DIAGNOSTIC,    18, -5.426694170118e-01, 2.270185673996e-06, 0.0000e+00, 0.0000e+00, 
 2DIAGNOSTIC,    19, -5.426693997629e-01, 2.072726924707e-06, 0.0000e+00, 0.0000e+00, 
 2DIAGNOSTIC,    20, -5.426693997629e-01, 1.947579924111e-06, 0.0000e+00, 0.0000e+00, 
 2DIAGNOSTIC,    21, -5.426691100334e-01, 1.839011085594e-06, 0.0000e+00, 0.0000e+00, 
 2DIAGNOSTIC,    22, -5.426691100334e-01, 1.749016034509e-06, 0.0000e+00, 0.0000e+00, 
 2DIAGNOSTIC,    23, -5.426691100334e-01, 1.668622846590e-06, 0.0000e+00, 0.0000e+00, 
 2DIAGNOSTIC,    24, -5.426691035033e-01, 1.596514823746e-06, 0.0000e+00, 0.0000e+00, 
 2DIAGNOSTIC,    25, -5.426691035033e-01, 1.532006366281e-06, 0.0000e+00, 0.0000e+00, 
 2DIAGNOSTIC,    26, -5.426691035033e-01, 1.474538225264e-06, 0.0000e+00, 0.0000e+00, 
 2DIAGNOSTIC,    27, -5.426691035033e-01, 1.422775464256e-06, 0.0000e+00, 0.0000e+00, 
 2DIAGNOSTIC,    28, -5.426690869563e-01, 1.375755553215e-06, 0.0000e+00, 0.0000e+00, 
 2DIAGNOSTIC,    29, -5.426690869563e-01, 1.332640023478e-06, 0.0000e+00, 0.0000e+00, 
 2DIAGNOSTIC,    30, -5.426690869563e-01, 1.293122732240e-06, 0.0000e+00, 0.0000e+00, 
 2DIAGNOSTIC,    31, -5.426690894550e-01, 1.251394079207e-06, 0.0000e+00, 0.0000e+00, 
 2DIAGNOSTIC,    32, -5.426690894550e-01, 1.212368494541e-06, 0.0000e+00, 0.0000e+00, 
 2DIAGNOSTIC,    33, -5.426690894550e-01, 1.175801452119e-06, 0.0000e+00, 0.0000e+00, 
 2DIAGNOSTIC,    34, -5.426691113597e-01, 1.141690199009e-06, 0.0000e+00, 0.0000e+00, 
 2DIAGNOSTIC,    35, -5.426691113597e-01, 1.109533989331e-06, 0.0000e+00, 0.0000e+00, 
 2DIAGNOSTIC,    36, -5.426691199792e-01, 1.079264421434e-06, 0.0000e+00, 0.0000e+00, 
 2DIAGNOSTIC,    37, -5.426691199792e-01, 1.050561668436e-06, 0.0000e+00, 0.0000e+00, 
 2DIAGNOSTIC,    38, -5.426690918742e-01, 1.022634823985e-06, 0.0000e+00, 0.0000e+00, 
  Elapsed time (stage 0): 0.0000e+00


Total elapsed time: 0.0000e+00
VFC_BACKENDS=libinterflop_ieee.so
Info [verificarlo]: loaded backend libinterflop_ieee.so
Info [interflop-ieee]: load backend with:
Info [interflop-ieee]: debug = false
Info [interflop-ieee]: debug-binary = false
Info [interflop-ieee]: no-backend-name = false
Info [interflop-ieee]: print-new-line = false
Info [interflop-ieee]: print-subnormal-normalized = false
Info [interflop-ieee]: count-op = false
All_Command_lines_OK
Using double precision for computations.
=============================================================================
The composite transform comprises the following transforms (in order): 
  1. /project/rrg-glatard/mdugre/datasets/corr/RawDataBIDS/BMB_1/derivatives/vprec-space_search/0110/r8-p13/sub-0003060/affine_Composite.h5[0] (type = Euler3DTransform)
  2. /project/rrg-glatard/mdugre/datasets/corr/RawDataBIDS/BMB_1/derivatives/vprec-space_search/0110/r8-p13/sub-0003060/affine_Composite.h5[1] (type = Euler3DTransform)
  3. /project/rrg-glatard/mdugre/datasets/corr/RawDataBIDS/BMB_1/derivatives/vprec-space_search/0110/r8-p13/sub-0003060/affine_Composite.h5[2] (type = Euler3DTransform)
  4. /project/rrg-glatard/mdugre/datasets/corr/RawDataBIDS/BMB_1/derivatives/vprec-space_search/0110/r8-p13/sub-0003060/affine_Composite.h5[3] (type = AffineTransform)
=============================================================================
  number of levels = 4
  fixed image: /templateflow/tpl-MNI152NLin2009cAsym/tpl-MNI152NLin2009cAsym_res-01_desc-brain_T1w.nii.gz
  moving image: /project/rrg-glatard/mdugre/datasets/corr/RawDataBIDS/BMB_1/derivatives/antsBrainExtraction/sub-0003060/BrainExtractionBrain.nii.gz
Dimension = 3
Number of stages = 1
Use histogram matching = false
Winsorize image intensities = true
  Lower quantile = 0.005
  Upper quantile = 0.995


Stage 1 State
   Image metric = CC
     Fixed image = Image (0x434a810)
  RTTI typeinfo:   itk::Image<double, 3u>
  Reference Count: 2
  Modified Time: 1606
  Debug: Off
  Object Name: 
  Observers: 
    none
  Source: (none)
  Source output name: (none)
  Release Data: Off
  Data Released: False
  Global Release Data: Off
  PipelineMTime: 0
  UpdateMTime: 1217
  RealTimeStamp: 0 seconds 
  LargestPossibleRegion: 
    Dimension: 3
    Index: [0, 0, 0]
    Size: [193, 229, 193]
  BufferedRegion: 
    Dimension: 3
    Index: [0, 0, 0]
    Size: [193, 229, 193]
  RequestedRegion: 
    Dimension: 3
    Index: [0, 0, 0]
    Size: [193, 229, 193]
  Spacing: [1, 1, 1]
  Origin: [96, 132, -78]
  Direction: 
-1 0 0
0 -1 0
0 0 1

  IndexToPointMatrix: 
-1 0 0
0 -1 0
0 0 1

  PointToIndexMatrix: 
-1 0 0
0 -1 0
0 0 1

  Inverse Direction: 
-1 0 0
0 -1 0
0 0 1

  PixelContainer: 
    ImportImageContainer (0x43c2fb0)
      RTTI typeinfo:   itk::ImportImageContainer<unsigned long, double>
      Reference Count: 1
      Modified Time: 1214
      Debug: Off
      Object Name: 
      Observers: 
        none
      Pointer: 0x14818af2c010
      Container manages memory: true
      Size: 8530021
      Capacity: 8530021

     Moving image = Image (0x44055b0)
  RTTI typeinfo:   itk::Image<double, 3u>
  Reference Count: 2
  Modified Time: 1607
  Debug: Off
  Object Name: 
  Observers: 
    none
  Source: (none)
  Source output name: (none)
  Release Data: Off
  Data Released: False
  Global Release Data: Off
  PipelineMTime: 0
  UpdateMTime: 1604
  RealTimeStamp: 0 seconds 
  LargestPossibleRegion: 
    Dimension: 3
    Index: [0, 0, 0]
    Size: [176, 256, 256]
  BufferedRegion: 
    Dimension: 3
    Index: [0, 0, 0]
    Size: [176, 256, 256]
  RequestedRegion: 
    Dimension: 3
    Index: [0, 0, 0]
    Size: [176, 256, 256]
  Spacing: [1, 1, 1]
  Origin: [-84.6529, 101.382, -128.883]
  Direction: 
1 0 0
0 -1 0
0 0 1

  IndexToPointMatrix: 
1 0 0
0 -1 0
0 0 1

  PointToIndexMatrix: 
1 0 0
0 -1 0
0 0 1

  Inverse Direction: 
1 0 0
0 -1 0
0 0 1

  PixelContainer: 
    ImportImageContainer (0x4429990)
      RTTI typeinfo:   itk::ImportImageContainer<unsigned long, double>
      Reference Count: 1
      Modified Time: 1601
      Debug: Off
      Object Name: 
      Observers: 
        none
      Pointer: 0x14818572b010
      Container manages memory: true
      Size: 11534336
      Capacity: 11534336

     Weighting = 1
     Sampling strategy = none
     Number of bins = 32
     Radius = 4
     Sampling percentage  = 1
   Transform = SyN
     Gradient step = 0.1
     Update field sigma (voxel space) = 3
     Total field sigma (voxel space) = 0
     Update field time sigma = 0
     Total field time sigma  = 0
     Number of time indices = 0
     Number of time point samples = 0
Registration using 1 total stages.

Stage 0
  iterations = 100x70x50x20
  convergence threshold = 1e-06
  convergence window size = 10
  number of levels = 4
  using the CC metric (radius = 4, weight = 1, use gradient filter = 0)
  preprocessing:  winsorizing the image intensities
  Shrink factors (level 1 out of 4): [8, 8, 8]
  Shrink factors (level 2 out of 4): [4, 4, 4]
  Shrink factors (level 3 out of 4): [2, 2, 2]
  Shrink factors (level 4 out of 4): [1, 1, 1]
  smoothing sigmas per level: [3, 2, 1, 0]
  Using default NONE metricSamplingStrategy 

*** Running SyN registration (varianceForUpdateField = 3, varianceForTotalField = 0) ***

XXDIAGNOSTIC,Iteration,metricValue,convergenceValue,ITERATION_TIME_INDEX,SINCE_LAST
 1DIAGNOSTIC,     1, -9.325797023544e-01, 1.797693134862e+308, 1.4573e+00, 1.4573e+00, 
 1DIAGNOSTIC,     2, -9.411345370185e-01, 1.797693134862e+308, 1.7844e+00, 3.2710e-01, 
 1DIAGNOSTIC,     3, -9.468268430795e-01, 1.797693134862e+308, 2.1074e+00, 3.2299e-01, 
 1DIAGNOSTIC,     4, -9.496339457663e-01, 1.797693134862e+308, 2.4330e+00, 3.2568e-01, 
 1DIAGNOSTIC,     5, -9.522193623691e-01, 1.797693134862e+308, 2.7565e+00, 3.2343e-01, 
 1DIAGNOSTIC,     6, -9.545206247062e-01, 1.797693134862e+308, 3.0842e+00, 3.2769e-01, 
 1DIAGNOSTIC,     7, -9.567199701958e-01, 1.797693134862e+308, 3.4164e+00, 3.3224e-01, 
 1DIAGNOSTIC,     8, -9.588899106266e-01, 1.797693134862e+308, 3.7427e+00, 3.2633e-01, 
 1DIAGNOSTIC,     9, -9.610804468470e-01, 1.797693134862e+308, 4.0704e+00, 3.2767e-01, 
 1DIAGNOSTIC,    10, -9.631858790283e-01, 1.800662657005e-03, 4.3964e+00, 3.2595e-01, 
 1DIAGNOSTIC,    11, -9.650216929605e-01, 1.350296150589e-03, 4.7294e+00, 3.3306e-01, 
 1DIAGNOSTIC,    12, -9.666584706013e-01, 1.104775745920e-03, 5.0561e+00, 3.2664e-01, 
 1DIAGNOSTIC,    13, -9.680571365764e-01, 9.590334654978e-04, 5.3853e+00, 3.2924e-01, 
 1DIAGNOSTIC,    14, -9.692289913763e-01, 8.308454803818e-04, 5.7173e+00, 3.3199e-01, 
 1DIAGNOSTIC,    15, -9.702237230643e-01, 7.143415732321e-04, 6.0472e+00, 3.2992e-01, 
 1DIAGNOSTIC,    16, -9.710329525329e-01, 6.042831665848e-04, 6.3742e+00, 3.2695e-01, 
 1DIAGNOSTIC,    17, -9.717492332288e-01, 5.021779954748e-04, 6.7016e+00, 3.2745e-01, 
 1DIAGNOSTIC,    18, -9.723110163143e-01, 4.097263856637e-04, 7.0303e+00, 3.2873e-01, 
 1DIAGNOSTIC,    19, -9.728459366631e-01, 3.312644962067e-04, 7.3562e+00, 3.2586e-01, 
 1DIAGNOSTIC,    20, -9.732374014329e-01, 2.666033658178e-04, 7.6840e+00, 3.2781e-01, 
 1DIAGNOSTIC,    21, -9.736782691302e-01, 2.151727193380e-04, 8.0111e+00, 3.2714e-01, 
 1DIAGNOSTIC,    22, -9.737575569581e-01, 1.712306819382e-04, 8.3415e+00, 3.3038e-01, 
 1DIAGNOSTIC,    23, -9.740747678751e-01, 1.371358000967e-04, 8.6712e+00, 3.2965e-01, 
 1DIAGNOSTIC,    24, -9.738847276365e-01, 1.050175841875e-04, 8.9971e+00, 3.2591e-01, 
 1DIAGNOSTIC,    25, -9.741327657931e-01, 8.036809474836e-05, 9.3226e+00, 3.2556e-01, 
 1DIAGNOSTIC,    26, -9.740111023113e-01, 5.778871383177e-05, 9.6484e+00, 3.2576e-01, 
 1DIAGNOSTIC,    27, -9.742408056519e-01, 4.185579362650e-05, 9.9790e+00, 3.3060e-01, 
 1DIAGNOSTIC,    28, -9.740702743361e-01, 2.722536289351e-05, 1.0305e+01, 3.2600e-01, 
 1DIAGNOSTIC,    29, -9.744101247891e-01, 2.005718942719e-05, 1.0634e+01, 3.2901e-01, 
 1DIAGNOSTIC,    30, -9.742707112113e-01, 1.388186959881e-05, 1.0969e+01, 3.3454e-01, 
 1DIAGNOSTIC,    31, -9.744922552869e-01, 1.322375568602e-05, 1.1293e+01, 3.2458e-01, 
 1DIAGNOSTIC,    32, -9.743103352045e-01, 1.039309003247e-05, 1.1619e+01, 3.2618e-01, 
 1DIAGNOSTIC,    33, -9.745875961679e-01, 1.225836472113e-05, 1.1948e+01, 3.2850e-01, 
 1DIAGNOSTIC,    34, -9.744323021607e-01, 9.817041748648e-06, 1.2276e+01, 3.2797e-01, 
 1DIAGNOSTIC,    35, -9.746397675476e-01, 1.057166793680e-05, 1.2602e+01, 3.2615e-01, 
 1DIAGNOSTIC,    36, -9.744511814985e-01, 7.759930175353e-06, 1.2932e+01, 3.3023e-01, 
 1DIAGNOSTIC,    37, -9.747141255037e-01, 8.466288050013e-06, 1.3266e+01, 3.3381e-01, 
 1DIAGNOSTIC,    38, -9.745467035030e-01, 5.661955258782e-06, 1.3593e+01, 3.2661e-01, 
 1DIAGNOSTIC,    39, -9.747436154744e-01, 6.657361307259e-06, 1.3917e+01, 3.2445e-01, 
 1DIAGNOSTIC,    40, -9.745482656539e-01, 4.517579474190e-06, 1.4243e+01, 3.2631e-01, 
 1DIAGNOSTIC,    41, -9.747973901072e-01, 5.590307433745e-06, 1.4576e+01, 3.3241e-01, 
 1DIAGNOSTIC,    42, -9.746265163534e-01, 3.575634516962e-06, 1.4903e+01, 3.2720e-01, 
 1DIAGNOSTIC,    43, -9.748500223626e-01, 4.871550384925e-06, 1.5230e+01, 3.2729e-01, 
 1DIAGNOSTIC,    44, -9.746611470340e-01, 3.349195626015e-06, 1.5564e+01, 3.3349e-01, 
 1DIAGNOSTIC,    45, -9.748887952248e-01, 4.565311514545e-06, 1.5890e+01, 3.2626e-01, 
 1DIAGNOSTIC,    46, -9.747067766994e-01, 2.904051100382e-06, 1.6219e+01, 3.2906e-01, 
 1DIAGNOSTIC,    47, -9.749253572615e-01, 4.170712605358e-06, 1.6547e+01, 3.2777e-01, 
 1DIAGNOSTIC,    48, -9.747352415198e-01, 2.797166004459e-06, 1.6876e+01, 3.2893e-01, 
 1DIAGNOSTIC,    49, -9.749330813292e-01, 3.713275230140e-06, 1.7205e+01, 3.2883e-01, 
 1DIAGNOSTIC,    50, -9.747642292705e-01, 2.090226439912e-06, 1.7539e+01, 3.3462e-01, 
 1DIAGNOSTIC,    51, -9.749554674505e-01, 2.981876897335e-06, 1.7869e+01, 3.2998e-01, 
 1DIAGNOSTIC,    52, -9.747806677963e-01, 1.598923264030e-06, 1.8201e+01, 3.3182e-01, 
 1DIAGNOSTIC,    53, -9.750227295708e-01, 2.812477699395e-06, 1.8529e+01, 3.2820e-01, 
 1DIAGNOSTIC,    54, -9.747970408655e-01, 1.447330816903e-06, 1.8857e+01, 3.2805e-01, 
 1DIAGNOSTIC,    55, -9.750299670991e-01, 2.572135354612e-06, 1.9184e+01, 3.2659e-01, 
 1DIAGNOSTIC,    56, -9.748384717642e-01, 1.443936341015e-06, 1.9517e+01, 3.3367e-01, 
 1DIAGNOSTIC,    57, -9.750333864605e-01, 2.454265105600e-06, 1.9845e+01, 3.2727e-01, 
 1DIAGNOSTIC,    58, -9.748428645619e-01, 1.267601199235e-06, 2.0173e+01, 3.2827e-01, 
 1DIAGNOSTIC,    59, -9.750334323472e-01, 2.036069628626e-06, 2.0501e+01, 3.2770e-01, 
 1DIAGNOSTIC,    60, -9.748433702499e-01, 8.308326779755e-07, 2.0834e+01, 3.3300e-01, 
XXDIAGNOSTIC,Iteration,metricValue,convergenceValue,ITERATION_TIME_INDEX,SINCE_LAST
 1DIAGNOSTIC,     1, -9.147141683995e-01, 1.797693134862e+308, 2.4840e+01, 4.0062e+00, 
 1DIAGNOSTIC,     2, -9.174744141533e-01, 1.797693134862e+308, 2.7663e+01, 2.8228e+00, 
 1DIAGNOSTIC,     3, -9.202884456015e-01, 1.797693134862e+308, 3.0536e+01, 2.8729e+00, 
 1DIAGNOSTIC,     4, -9.233781834237e-01, 1.797693134862e+308, 3.3406e+01, 2.8703e+00, 
 1DIAGNOSTIC,     5, -9.261307573670e-01, 1.797693134862e+308, 3.6272e+01, 2.8658e+00, 
 1DIAGNOSTIC,     6, -9.288171526407e-01, 1.797693134862e+308, 3.9105e+01, 2.8331e+00, 
 1DIAGNOSTIC,     7, -9.311931645114e-01, 1.797693134862e+308, 4.1943e+01, 2.8387e+00, 
 1DIAGNOSTIC,     8, -9.332184295491e-01, 1.797693134862e+308, 4.4770e+01, 2.8260e+00, 
 1DIAGNOSTIC,     9, -9.349685577889e-01, 1.797693134862e+308, 4.7600e+01, 2.8301e+00, 
 1DIAGNOSTIC,    10, -9.364959210007e-01, 1.543904551435e-03, 5.0442e+01, 2.8425e+00, 
 1DIAGNOSTIC,    11, -9.378784423616e-01, 1.295255306859e-03, 5.3281e+01, 2.8388e+00, 
 1DIAGNOSTIC,    12, -9.391221790461e-01, 1.073453889669e-03, 5.6131e+01, 2.8504e+00, 
 1DIAGNOSTIC,    13, -9.400391624982e-01, 8.759254593534e-04, 5.9012e+01, 2.8809e+00, 
 1DIAGNOSTIC,    14, -9.408472016139e-01, 7.117959313990e-04, 6.1864e+01, 2.8520e+00, 
 1DIAGNOSTIC,    15, -9.414670849006e-01, 5.727539021301e-04, 6.4735e+01, 2.8703e+00, 
 1DIAGNOSTIC,    16, -9.420147064916e-01, 4.598231696027e-04, 6.7597e+01, 2.8626e+00, 
 1DIAGNOSTIC,    17, -9.425092384093e-01, 3.689981653234e-04, 7.0461e+01, 2.8635e+00, 
 1DIAGNOSTIC,    18, -9.429532220814e-01, 2.957516955815e-04, 7.3336e+01, 2.8751e+00, 
 1DIAGNOSTIC,    19, -9.433577526624e-01, 2.372027560794e-04, 7.6186e+01, 2.8499e+00, 
 1DIAGNOSTIC,    20, -9.437086753156e-01, 1.909111738928e-04, 7.9055e+01, 2.8697e+00, 
 1DIAGNOSTIC,    21, -9.440372993183e-01, 1.558942990838e-04, 8.1933e+01, 2.8775e+00, 
 1DIAGNOSTIC,    22, -9.443395319914e-01, 1.308088979610e-04, 8.4806e+01, 2.8727e+00, 
 1DIAGNOSTIC,    23, -9.446146151551e-01, 1.113562101856e-04, 8.7680e+01, 2.8748e+00, 
 1DIAGNOSTIC,    24, -9.448604448929e-01, 9.642294154007e-05, 9.0554e+01, 2.8736e+00, 
 1DIAGNOSTIC,    25, -9.450867668654e-01, 8.392455819763e-05, 9.3448e+01, 2.8936e+00, 
 1DIAGNOSTIC,    26, -9.453043709720e-01, 7.344998473359e-05, 9.6314e+01, 2.8666e+00, 
 1DIAGNOSTIC,    27, -9.455043168268e-01, 6.466023610848e-05, 9.9189e+01, 2.8742e+00, 
 1DIAGNOSTIC,    28, -9.456884698329e-01, 5.723423757698e-05, 1.0209e+02, 2.9026e+00, 
 1DIAGNOSTIC,    29, -9.458580374363e-01, 5.096280021620e-05, 1.0495e+02, 2.8539e+00, 
 1DIAGNOSTIC,    30, -9.460140255383e-01, 4.545835537073e-05, 1.0781e+02, 2.8653e+00, 
 1DIAGNOSTIC,    31, -9.461656693424e-01, 4.074637186979e-05, 1.1066e+02, 2.8478e+00, 
 1DIAGNOSTIC,    32, -9.463076775544e-01, 3.671934610659e-05, 1.1352e+02, 2.8657e+00, 
 1DIAGNOSTIC,    33, -9.464373945454e-01, 3.322054190483e-05, 1.1639e+02, 2.8644e+00, 
 1DIAGNOSTIC,    34, -9.465596891998e-01, 3.010815841210e-05, 1.1926e+02, 2.8751e+00, 
 1DIAGNOSTIC,    35, -9.466721404416e-01, 2.729699753935e-05, 1.2213e+02, 2.8650e+00, 
 1DIAGNOSTIC,    36, -9.467818352510e-01, 2.485210164198e-05, 1.2503e+02, 2.8979e+00, 
 1DIAGNOSTIC,    37, -9.468830473571e-01, 2.269071334829e-05, 1.2790e+02, 2.8769e+00, 
 1DIAGNOSTIC,    38, -9.469788993898e-01, 2.076728650085e-05, 1.3080e+02, 2.9005e+00, 
 1DIAGNOSTIC,    39, -9.470720674030e-01, 1.905848235795e-05, 1.3366e+02, 2.8558e+00, 
 1DIAGNOSTIC,    40, -9.471570672185e-01, 1.749462729216e-05, 1.3652e+02, 2.8654e+00, 
 1DIAGNOSTIC,    41, -9.472448872889e-01, 1.615896039414e-05, 1.3944e+02, 2.9179e+00, 
 1DIAGNOSTIC,    42, -9.473198708495e-01, 1.496022372769e-05, 1.4233e+02, 2.8872e+00, 
 1DIAGNOSTIC,    43, -9.473068396060e-01, 1.326457389156e-05, 1.4521e+02, 2.8835e+00, 
 1DIAGNOSTIC,    44, -9.470077050143e-01, 9.237179336135e-06, 1.4809e+02, 2.8753e+00, 
 1DIAGNOSTIC,    45, -9.471178169956e-01, 6.118314568874e-06, 1.5099e+02, 2.9005e+00, 
 1DIAGNOSTIC,    46, -9.469116432755e-01, 1.924308474420e-06, 1.5390e+02, 2.9058e+00, 
 1DIAGNOSTIC,    47, -9.470009605906e-01, -9.797737957166e-07, 1.5678e+02, 2.8837e+00, 
XXDIAGNOSTIC,Iteration,metricValue,convergenceValue,ITERATION_TIME_INDEX,SINCE_LAST
 1DIAGNOSTIC,     1, -9.000348144858e-01, 1.797693134862e+308, 1.8157e+02, 2.4791e+01, 
 1DIAGNOSTIC,     2, -9.022011566128e-01, 1.797693134862e+308, 2.0492e+02, 2.3353e+01, 
 1DIAGNOSTIC,     3, -9.047824154550e-01, 1.797693134862e+308, 2.2838e+02, 2.3456e+01, 
 1DIAGNOSTIC,     4, -9.071052911711e-01, 1.797693134862e+308, 2.5195e+02, 2.3568e+01, 
 1DIAGNOSTIC,     5, -9.091706272101e-01, 1.797693134862e+308, 2.7613e+02, 2.4180e+01, 
 1DIAGNOSTIC,     6, -9.110339928103e-01, 1.797693134862e+308, 3.0011e+02, 2.3985e+01, 
 1DIAGNOSTIC,     7, -9.127538237958e-01, 1.797693134862e+308, 3.2350e+02, 2.3388e+01, 
 1DIAGNOSTIC,     8, -9.143597862278e-01, 1.797693134862e+308, 3.4683e+02, 2.3326e+01, 
 1DIAGNOSTIC,     9, -9.158613032384e-01, 1.797693134862e+308, 3.7021e+02, 2.3381e+01, 
 1DIAGNOSTIC,    10, -9.172805857579e-01, 1.217217913845e-03, 3.9364e+02, 2.3437e+01, 
 1DIAGNOSTIC,    11, -9.185950514708e-01, 1.029437624795e-03, 4.1718e+02, 2.3535e+01, 
 1DIAGNOSTIC,    12, -9.196987179955e-01, 8.648594984072e-04, 4.4071e+02, 2.3532e+01, 
 1DIAGNOSTIC,    13, -9.205232440835e-01, 7.286119835404e-04, 4.6427e+02, 2.3564e+01, 
 1DIAGNOSTIC,    14, -9.213752709246e-01, 6.159262104705e-04, 4.8772e+02, 2.3446e+01, 
 1DIAGNOSTIC,    15, -9.219372786666e-01, 5.161375470161e-04, 5.1156e+02, 2.3836e+01, 
 1DIAGNOSTIC,    16, -9.225652747588e-01, 4.296728562787e-04, 5.3557e+02, 2.4012e+01, 
 1DIAGNOSTIC,    17, -9.229349679256e-01, 3.518000326863e-04, 5.5934e+02, 2.3774e+01, 
 1DIAGNOSTIC,    18, -9.234176045657e-01, 2.860536799059e-04, 5.8293e+02, 2.3586e+01, 
 1DIAGNOSTIC,    19, -9.236894831385e-01, 2.295239511289e-04, 6.0653e+02, 2.3599e+01, 
 1DIAGNOSTIC,    20, -9.239495817947e-01, 1.832554003015e-04, 6.3034e+02, 2.3816e+01, 
 1DIAGNOSTIC,    21, -9.242101852183e-01, 1.475153781159e-04, 6.5392e+02, 2.3582e+01, 
 1DIAGNOSTIC,    22, -9.244752281020e-01, 1.205145696703e-04, 6.7765e+02, 2.3722e+01, 
 1DIAGNOSTIC,    23, -9.249128194209e-01, 1.015103267220e-04, 7.0139e+02, 2.3744e+01, 
 1DIAGNOSTIC,    24, -9.251907603429e-01, 8.911709554551e-05, 7.2523e+02, 2.3842e+01, 
 1DIAGNOSTIC,    25, -9.254829549552e-01, 7.993752573444e-05, 7.4884e+02, 2.3603e+01, 
 1DIAGNOSTIC,    26, -9.257911555573e-01, 7.516905659746e-05, 7.7249e+02, 2.3651e+01, 
 1DIAGNOSTIC,    27, -9.261196977402e-01, 7.163646289395e-05, 7.9611e+02, 2.3627e+01, 
 1DIAGNOSTIC,    28, -9.264608699106e-01, 7.070038117484e-05, 8.1970e+02, 2.3584e+01, 
 1DIAGNOSTIC,    29, -9.268088517917e-01, 6.978630532282e-05, 8.4332e+02, 2.3618e+01, 
 1DIAGNOSTIC,    30, -9.271554278503e-01, 6.864557325340e-05, 8.6691e+02, 2.3599e+01, 
 1DIAGNOSTIC,    31, -9.274924070817e-01, 6.708838885858e-05, 8.9047e+02, 2.3555e+01, 
 1DIAGNOSTIC,    32, -9.278280918227e-01, 6.505552651148e-05, 9.1401e+02, 2.3537e+01, 
 1DIAGNOSTIC,    33, -9.281586775021e-01, 6.419381555591e-05, 9.3808e+02, 2.4069e+01, 
 1DIAGNOSTIC,    34, -9.284888392083e-01, 6.283708607138e-05, 9.6247e+02, 2.4396e+01, 
 1DIAGNOSTIC,    35, -9.288219342015e-01, 6.112735741022e-05, 9.8627e+02, 2.3803e+01, 
 1DIAGNOSTIC,    36, -9.291288874433e-01, 5.899505915096e-05, 1.0099e+03, 2.3609e+01, 
 1DIAGNOSTIC,    37, -9.293975197968e-01, 5.636934898791e-05, 1.0335e+03, 2.3589e+01, 
 1DIAGNOSTIC,    38, -9.296346936906e-01, 5.323804223773e-05, 1.0571e+03, 2.3588e+01, 
 1DIAGNOSTIC,    39, -9.298498597906e-01, 4.967543420376e-05, 1.0808e+03, 2.3704e+01, 
 1DIAGNOSTIC,    40, -9.300378262980e-01, 4.570090096135e-05, 1.1044e+03, 2.3631e+01, 
 1DIAGNOSTIC,    41, -9.301962457017e-01, 4.131427078841e-05, 1.1280e+03, 2.3630e+01, 
 1DIAGNOSTIC,    42, -9.303326947268e-01, 3.669483313863e-05, 1.1519e+03, 2.3871e+01, 
 1DIAGNOSTIC,    43, -9.304519793496e-01, 3.204738614342e-05, 1.1757e+03, 2.3772e+01, 
 1DIAGNOSTIC,    44, -9.305547392299e-01, 2.761227266084e-05, 1.1994e+03, 2.3780e+01, 
 1DIAGNOSTIC,    45, -9.306445183599e-01, 2.366259327786e-05, 1.2233e+03, 2.3811e+01, 
 1DIAGNOSTIC,    46, -9.307246123520e-01, 2.025145382753e-05, 1.2470e+03, 2.3787e+01, 
 1DIAGNOSTIC,    47, -9.307993907635e-01, 1.733897764500e-05, 1.2706e+03, 2.3595e+01, 
 1DIAGNOSTIC,    48, -9.308712272835e-01, 1.491086483766e-05, 1.2942e+03, 2.3534e+01, 
 1DIAGNOSTIC,    49, -9.309361568985e-01, 1.295528548897e-05, 1.3177e+03, 2.3513e+01, 
 1DIAGNOSTIC,    50, -9.309991864123e-01, 1.142681706429e-05, 1.3415e+03, 2.3829e+01, 
XXDIAGNOSTIC,Iteration,metricValue,convergenceValue,ITERATION_TIME_INDEX,SINCE_LAST
 1DIAGNOSTIC,     1, -8.851402061184e-01, 1.797693134862e+308, 1.5662e+03, 2.2470e+02, 
 1DIAGNOSTIC,     2, -8.861125003454e-01, 1.797693134862e+308, 1.7865e+03, 2.2024e+02, 
 1DIAGNOSTIC,     3, -8.875320177391e-01, 1.797693134862e+308, 2.0032e+03, 2.1672e+02, 
 1DIAGNOSTIC,     4, -8.887799511429e-01, 1.797693134862e+308, 2.2219e+03, 2.1870e+02, 
 1DIAGNOSTIC,     5, -8.901184096117e-01, 1.797693134862e+308, 2.4395e+03, 2.1762e+02, 
 1DIAGNOSTIC,     6, -8.913928548292e-01, 1.797693134862e+308, 2.6562e+03, 2.1669e+02, 
 1DIAGNOSTIC,     7, -8.926237762402e-01, 1.797693134862e+308, 2.8738e+03, 2.1765e+02, 
 1DIAGNOSTIC,     8, -8.938612403069e-01, 1.797693134862e+308, 3.0926e+03, 2.1877e+02, 
 1DIAGNOSTIC,     9, -8.951069627271e-01, 1.797693134862e+308, 3.3117e+03, 2.1913e+02, 
 1DIAGNOSTIC,    10, -8.963099437968e-01, 8.160920957344e-04, 3.5287e+03, 2.1692e+02, 
 1DIAGNOSTIC,    11, -8.974805220123e-01, 7.400378428267e-04, 3.7486e+03, 2.1996e+02, 
 1DIAGNOSTIC,    12, -8.985412410573e-01, 6.637380701568e-04, 3.9677e+03, 2.1909e+02, 
 1DIAGNOSTIC,    13, -8.995156301856e-01, 5.975671491209e-04, 4.1855e+03, 2.1781e+02, 
 1DIAGNOSTIC,    14, -9.003741827074e-01, 5.340830477520e-04, 4.4041e+03, 2.1862e+02, 
 1DIAGNOSTIC,    15, -9.012635883830e-01, 4.772526901265e-04, 4.6269e+03, 2.2282e+02, 
 1DIAGNOSTIC,    16, -9.020010929127e-01, 4.234399789437e-04, 4.8455e+03, 2.1853e+02, 
 1DIAGNOSTIC,    17, -9.027185167578e-01, 3.731917141108e-04, 5.0659e+03, 2.2046e+02, 
 1DIAGNOSTIC,    18, -9.034031009548e-01, 3.277761757485e-04, 5.2856e+03, 2.1965e+02, 
 1DIAGNOSTIC,    19, -9.039397096318e-01, 2.863570126208e-04, 5.5051e+03, 2.1956e+02, 
 1DIAGNOSTIC,    20, -9.044423011907e-01, 2.493809764492e-04, 5.7239e+03, 2.1872e+02, 
  Elapsed time (stage 0): 5725.68


Total elapsed time: 5725.69
