
##########################
# Experiment information #
##########################
SIF_IMG: /project/rrg-glatard/mdugre/containers/ants-p2-vprec.sif
EXPERIMENT_NAME: vprec-space_search
CONFIG: 0110
VFC_BACKENDS: libinterflop_vprec.so --range-binary32=7 --precision-binary32=12 --range-binary64=7 --precision-binary64=12

FIXED_IMG: /templateflow/tpl-MNI152NLin2009cAsym/tpl-MNI152NLin2009cAsym_res-01_desc-brain_T1w.nii.gz
SUBJECT_ID: 0003037
INPUT_IMG: /project/rrg-glatard/mdugre/datasets/corr/RawDataBIDS/BMB_1/derivatives/antsBrainExtraction/sub-0003037/BrainExtractionBrain.nii.gz
OUTPUT_DIR: /project/rrg-glatard/mdugre/datasets/corr/RawDataBIDS/BMB_1/derivatives/vprec-space_search/0110/r7-p12/sub-0003037

ITK_GLOBAL_DEFAULT_NUMBER_OF_THREADS: 8
##########################

VFC_BACKENDS=libinterflop_ieee.so
Info [verificarlo]: loaded backend libinterflop_ieee.so
Info [interflop-ieee]: load backend with:
Info [interflop-ieee]: debug = false
Info [interflop-ieee]: debug-binary = false
Info [interflop-ieee]: no-backend-name = false
Info [interflop-ieee]: print-new-line = false
Info [interflop-ieee]: print-subnormal-normalized = false
Info [interflop-ieee]: count-op = false
All_Command_lines_OK
Using double precision for computations.
=============================================================================
The composite transform comprises the following transforms (in order): 
  1. Center of mass alignment using fixed image: /templateflow/tpl-MNI152NLin2009cAsym/tpl-MNI152NLin2009cAsym_res-01_desc-brain_T1w.nii.gz and moving image: /project/rrg-glatard/mdugre/datasets/corr/RawDataBIDS/BMB_1/derivatives/antsBrainExtraction/sub-0003037/BrainExtractionBrain.nii.gz (type = Euler3DTransform)
=============================================================================
  number of levels = 1
  fixed image: /templateflow/tpl-MNI152NLin2009cAsym/tpl-MNI152NLin2009cAsym_res-01_desc-brain_T1w.nii.gz
  moving image: /project/rrg-glatard/mdugre/datasets/corr/RawDataBIDS/BMB_1/derivatives/antsBrainExtraction/sub-0003037/BrainExtractionBrain.nii.gz
Dimension = 3
Number of stages = 1
Use histogram matching = false
Winsorize image intensities = true
  Lower quantile = 0.005
  Upper quantile = 0.995


Stage 1 State
   Image metric = MattesMI
     Fixed image = Image (0x32e7390)
  RTTI typeinfo:   itk::Image<double, 3u>
  Reference Count: 2
  Modified Time: 2330
  Debug: Off
  Object Name: 
  Observers: 
    none
  Source: (none)
  Source output name: (none)
  Release Data: Off
  Data Released: False
  Global Release Data: Off
  PipelineMTime: 0
  UpdateMTime: 1941
  RealTimeStamp: 0 seconds 
  LargestPossibleRegion: 
    Dimension: 3
    Index: [0, 0, 0]
    Size: [193, 229, 193]
  BufferedRegion: 
    Dimension: 3
    Index: [0, 0, 0]
    Size: [193, 229, 193]
  RequestedRegion: 
    Dimension: 3
    Index: [0, 0, 0]
    Size: [193, 229, 193]
  Spacing: [1, 1, 1]
  Origin: [96, 132, -78]
  Direction: 
-1 0 0
0 -1 0
0 0 1

  IndexToPointMatrix: 
-1 0 0
0 -1 0
0 0 1

  PointToIndexMatrix: 
-1 0 0
0 -1 0
0 0 1

  Inverse Direction: 
-1 0 0
0 -1 0
0 0 1

  PixelContainer: 
    ImportImageContainer (0x33b2a90)
      RTTI typeinfo:   itk::ImportImageContainer<unsigned long, double>
      Reference Count: 1
      Modified Time: 1938
      Debug: Off
      Object Name: 
      Observers: 
        none
      Pointer: 0x15133b26a010
      Container manages memory: true
      Size: 8530021
      Capacity: 8530021

     Moving image = Image (0x32ec390)
  RTTI typeinfo:   itk::Image<double, 3u>
  Reference Count: 2
  Modified Time: 2331
  Debug: Off
  Object Name: 
  Observers: 
    none
  Source: (none)
  Source output name: (none)
  Release Data: Off
  Data Released: False
  Global Release Data: Off
  PipelineMTime: 0
  UpdateMTime: 2328
  RealTimeStamp: 0 seconds 
  LargestPossibleRegion: 
    Dimension: 3
    Index: [0, 0, 0]
    Size: [176, 256, 256]
  BufferedRegion: 
    Dimension: 3
    Index: [0, 0, 0]
    Size: [176, 256, 256]
  RequestedRegion: 
    Dimension: 3
    Index: [0, 0, 0]
    Size: [176, 256, 256]
  Spacing: [1, 1, 1]
  Origin: [-96.1092, 110.735, -124.086]
  Direction: 
1 0 0
0 -1 0
0 0 1

  IndexToPointMatrix: 
1 0 0
0 -1 0
0 0 1

  PointToIndexMatrix: 
1 0 0
0 -1 0
0 0 1

  Inverse Direction: 
1 0 0
0 -1 0
0 0 1

  PixelContainer: 
    ImportImageContainer (0x3492b90)
      RTTI typeinfo:   itk::ImportImageContainer<unsigned long, double>
      Reference Count: 1
      Modified Time: 2325
      Debug: Off
      Object Name: 
      Observers: 
        none
      Pointer: 0x151335a69010
      Container manages memory: true
      Size: 11534336
      Capacity: 11534336

     Weighting = 1
     Sampling strategy = regular
     Number of bins = 32
     Radius = 4
     Sampling percentage  = 0.25
   Transform = Rigid
     Gradient step = 0.1
     Update field sigma (voxel space) = 0
     Total field sigma (voxel space) = 0
     Update field time sigma = 0
     Total field time sigma  = 0
     Number of time indices = 0
     Number of time point samples = 0
Registration using 1 total stages.

Stage 0
  iterations = 0
  convergence threshold = 1e-06
  convergence window size = 10
  number of levels = 1
  using the Mattes MI metric (number of bins = 32, weight = 1, use gradient filter = 0)
  preprocessing:  winsorizing the image intensities
  Shrink factors (level 1 out of 1): [1, 1, 1]
  smoothing sigmas per level: [0]
  regular sampling (percentage = 0.25)

*** Running Euler3DTransform registration ***

  Elapsed time (stage 0): 0.948502


Total elapsed time: 0.949963
VFC_BACKENDS=libinterflop_vprec.so --range-binary32=7 --precision-binary32=12 --range-binary64=7 --precision-binary64=12
Info [verificarlo]: loaded backend libinterflop_vprec.so
Info [interflop-vprec]: load backend with: 
Info [interflop-vprec]: precision-binary32 = 12
Info [interflop-vprec]: range-binary32 = 7
Info [interflop-vprec]: precision-binary64 = 12
Info [interflop-vprec]: range-binary64 = 7
Info [interflop-vprec]: mode = ob
Info [interflop-vprec]: error-mode = rel
Info [interflop-vprec]: max-abs-error-exponent = -1022
Info [interflop-vprec]: daz = false
Info [interflop-vprec]: ftz = false
Info [interflop-vprec]: 	instrument = none
Info [interflop-vprec]: 	prec-input-file = (null)
Info [interflop-vprec]: 	prec-output-file = (null)
Info [interflop-vprec]: 	prec-log-file = (null)
All_Command_lines_OK
Using double precision for computations.
=============================================================================
The composite transform comprises the following transforms (in order): 
  1. /project/rrg-glatard/mdugre/datasets/corr/RawDataBIDS/BMB_1/derivatives/vprec-space_search/0110/r7-p12/sub-0003037/align_Composite.h5[0] (type = Euler3DTransform)
  2. /project/rrg-glatard/mdugre/datasets/corr/RawDataBIDS/BMB_1/derivatives/vprec-space_search/0110/r7-p12/sub-0003037/align_Composite.h5[1] (type = Euler3DTransform)
=============================================================================
  number of levels = 4
  fixed image: /templateflow/tpl-MNI152NLin2009cAsym/tpl-MNI152NLin2009cAsym_res-01_desc-brain_T1w.nii.gz
  moving image: /project/rrg-glatard/mdugre/datasets/corr/RawDataBIDS/BMB_1/derivatives/antsBrainExtraction/sub-0003037/BrainExtractionBrain.nii.gz
Dimension = 3
Number of stages = 1
Use histogram matching = false
Winsorize image intensities = true
  Lower quantile = 0.005
  Upper quantile = 0.995


Stage 1 State
   Image metric = MattesMI
     Fixed image = Image (0x43f7300)
  RTTI typeinfo:   itk::Image<double, 3u>
  Reference Count: 2
  Modified Time: 1578
  Debug: Off
  Object Name: 
  Observers: 
    none
  Source: (none)
  Source output name: (none)
  Release Data: Off
  Data Released: False
  Global Release Data: Off
  PipelineMTime: 0
  UpdateMTime: 1189
  RealTimeStamp: 0 seconds 
  LargestPossibleRegion: 
    Dimension: 3
    Index: [0, 0, 0]
    Size: [193, 229, 193]
  BufferedRegion: 
    Dimension: 3
    Index: [0, 0, 0]
    Size: [193, 229, 193]
  RequestedRegion: 
    Dimension: 3
    Index: [0, 0, 0]
    Size: [193, 229, 193]
  Spacing: [1, 1, 1]
  Origin: [96, 132, -78]
  Direction: 
-1 0 0
0 -1 0
0 0 1

  IndexToPointMatrix: 
-1 0 0
0 -1 0
0 0 1

  PointToIndexMatrix: 
-1 0 0
0 -1 0
0 0 1

  Inverse Direction: 
-1 0 0
0 -1 0
0 0 1

  PixelContainer: 
    ImportImageContainer (0x44b5d00)
      RTTI typeinfo:   itk::ImportImageContainer<unsigned long, double>
      Reference Count: 1
      Modified Time: 1186
      Debug: Off
      Object Name: 
      Observers: 
        none
      Pointer: 0x1461c590e010
      Container manages memory: true
      Size: 8530021
      Capacity: 8530021

     Moving image = Image (0x44b2030)
  RTTI typeinfo:   itk::Image<double, 3u>
  Reference Count: 2
  Modified Time: 1579
  Debug: Off
  Object Name: 
  Observers: 
    none
  Source: (none)
  Source output name: (none)
  Release Data: Off
  Data Released: False
  Global Release Data: Off
  PipelineMTime: 0
  UpdateMTime: 1576
  RealTimeStamp: 0 seconds 
  LargestPossibleRegion: 
    Dimension: 3
    Index: [0, 0, 0]
    Size: [176, 256, 256]
  BufferedRegion: 
    Dimension: 3
    Index: [0, 0, 0]
    Size: [176, 256, 256]
  RequestedRegion: 
    Dimension: 3
    Index: [0, 0, 0]
    Size: [176, 256, 256]
  Spacing: [1, 1, 1]
  Origin: [-96.1094, 110.734, -124.094]
  Direction: 
1 0 0
0 -1 0
0 0 1

  IndexToPointMatrix: 
1 0 0
0 -1 0
0 0 1

  PointToIndexMatrix: 
1 0 0
0 -1 0
0 0 1

  Inverse Direction: 
1 0 0
0 -1 0
0 0 1

  PixelContainer: 
    ImportImageContainer (0x447fd70)
      RTTI typeinfo:   itk::ImportImageContainer<unsigned long, double>
      Reference Count: 1
      Modified Time: 1573
      Debug: Off
      Object Name: 
      Observers: 
        none
      Pointer: 0x1461c010d010
      Container manages memory: true
      Size: 11534336
      Capacity: 11534336

     Weighting = 1
     Sampling strategy = regular
     Number of bins = 32
     Radius = 4
     Sampling percentage  = 0.25
   Transform = Rigid
     Gradient step = 0.1
     Update field sigma (voxel space) = 0
     Total field sigma (voxel space) = 0
     Update field time sigma = 0
     Total field time sigma  = 0
     Number of time indices = 0
     Number of time point samples = 0
Registration using 1 total stages.

Stage 0
  iterations = 1000x500x250x100
  convergence threshold = 1e-06
  convergence window size = 10
  number of levels = 4
  using the Mattes MI metric (number of bins = 32, weight = 1, use gradient filter = 0)
  preprocessing:  winsorizing the image intensities
  Shrink factors (level 1 out of 4): [8, 8, 8]
  Shrink factors (level 2 out of 4): [4, 4, 4]
  Shrink factors (level 3 out of 4): [2, 2, 2]
  Shrink factors (level 4 out of 4): [1, 1, 1]
  smoothing sigmas per level: [3, 2, 1, 0]
  regular sampling (percentage = 0.25)

*** Running Euler3DTransform registration ***

DIAGNOSTIC,Iteration,metricValue,convergenceValue,ITERATION_TIME_INDEX,SINCE_LAST
 2DIAGNOSTIC,     1, -5.500919524039e-01, 1.797693134862e+308, 0.0000e+00, 0.0000e+00, 
 2DIAGNOSTIC,     2, -5.504142300615e-01, 1.797693134862e+308, 0.0000e+00, 0.0000e+00, 
 2DIAGNOSTIC,     3, -5.510838580683e-01, 1.797693134862e+308, 0.0000e+00, 0.0000e+00, 
 2DIAGNOSTIC,     4, -5.522466804481e-01, 1.797693134862e+308, 0.0000e+00, 0.0000e+00, 
 2DIAGNOSTIC,     5, -5.541340037488e-01, 1.797693134862e+308, 0.0000e+00, 0.0000e+00, 
 2DIAGNOSTIC,     6, -5.561585505378e-01, 1.797693134862e+308, 0.0000e+00, 0.0000e+00, 
 2DIAGNOSTIC,     7, -5.578912325773e-01, 1.797693134862e+308, 0.0000e+00, 0.0000e+00, 
 2DIAGNOSTIC,     8, -5.625190533767e-01, 1.797693134862e+308, 0.0000e+00, 0.0000e+00, 
 2DIAGNOSTIC,     9, -5.667438844199e-01, 1.797693134862e+308, 0.0000e+00, 0.0000e+00, 
 2DIAGNOSTIC,    10, -5.672535829429e-01, 2.169229614608e-03, 0.0000e+00, 0.0000e+00, 
 2DIAGNOSTIC,    11, -5.673996331641e-01, 2.110638338081e-03, 0.0000e+00, 0.0000e+00, 
 2DIAGNOSTIC,    12, -5.674751375601e-01, 1.891925409256e-03, 0.0000e+00, 0.0000e+00, 
 2DIAGNOSTIC,    13, -5.674640061306e-01, 1.560040893790e-03, 0.0000e+00, 0.0000e+00, 
 2DIAGNOSTIC,    14, -5.674785061646e-01, 1.174425665446e-03, 0.0000e+00, 0.0000e+00, 
 2DIAGNOSTIC,    15, -5.674364855377e-01, 7.968691238852e-04, 0.0000e+00, 0.0000e+00, 
 2DIAGNOSTIC,    16, -5.673866672183e-01, 4.590957255074e-04, 0.0000e+00, 0.0000e+00, 
 2DIAGNOSTIC,    17, -5.674575378840e-01, 1.710113013963e-04, 0.0000e+00, 0.0000e+00, 
 2DIAGNOSTIC,    18, -5.674573284611e-01, 2.654835115701e-05, 0.0000e+00, 0.0000e+00, 
 2DIAGNOSTIC,    19, -5.674573284611e-01, 7.350744742569e-06, 0.0000e+00, 0.0000e+00, 
 2DIAGNOSTIC,    20, -5.674573284611e-01, 2.446877980795e-06, 0.0000e+00, 0.0000e+00, 
 2DIAGNOSTIC,    21, -5.674573284611e-01, 1.450815734556e-06, 0.0000e+00, 0.0000e+00, 
 2DIAGNOSTIC,    22, -5.674573284611e-01, 2.290768235463e-06, 0.0000e+00, 0.0000e+00, 
 2DIAGNOSTIC,    23, -5.674573284611e-01, 2.720780432258e-06, 0.0000e+00, 0.0000e+00, 
 2DIAGNOSTIC,    24, -5.674573284611e-01, 3.360729093980e-06, 0.0000e+00, 0.0000e+00, 
 2DIAGNOSTIC,    25, -5.674653247307e-01, 3.145627185668e-06, 0.0000e+00, 0.0000e+00, 
 2DIAGNOSTIC,    26, -5.674653247307e-01, 1.787771855638e-06, 0.0000e+00, 0.0000e+00, 
 2DIAGNOSTIC,    27, -5.674653247307e-01, 1.829920873241e-06, 0.0000e+00, 0.0000e+00, 
 2DIAGNOSTIC,    28, -5.674653247307e-01, 1.831323726297e-06, 0.0000e+00, 0.0000e+00, 
 2DIAGNOSTIC,    29, -5.674653247307e-01, 1.790739096161e-06, 0.0000e+00, 0.0000e+00, 
 2DIAGNOSTIC,    30, -5.674653247307e-01, 1.708472897273e-06, 0.0000e+00, 0.0000e+00, 
 2DIAGNOSTIC,    31, -5.674653247307e-01, 1.592376180110e-06, 0.0000e+00, 0.0000e+00, 
 2DIAGNOSTIC,    32, -5.674653247307e-01, 1.453903359733e-06, 0.0000e+00, 0.0000e+00, 
 2DIAGNOSTIC,    33, -5.674653247307e-01, 1.302979287500e-06, 0.0000e+00, 0.0000e+00, 
 2DIAGNOSTIC,    34, -5.674653247307e-01, 1.146003188290e-06, 0.0000e+00, 0.0000e+00, 
 2DIAGNOSTIC,    35, -5.674653247307e-01, 1.113084000394e-06, 0.0000e+00, 0.0000e+00, 
 2DIAGNOSTIC,    36, -5.674653247307e-01, 1.082003225201e-06, 0.0000e+00, 0.0000e+00, 
 2DIAGNOSTIC,    37, -5.674653247307e-01, 1.052611043464e-06, 0.0000e+00, 0.0000e+00, 
 2DIAGNOSTIC,    38, -5.674653247307e-01, 1.024773484591e-06, 0.0000e+00, 0.0000e+00, 
DIAGNOSTIC,Iteration,metricValue,convergenceValue,ITERATION_TIME_INDEX,SINCE_LAST
 2DIAGNOSTIC,     1, -4.490519665534e-01, 1.797693134862e+308, 0.0000e+00, 0.0000e+00, 
 2DIAGNOSTIC,     2, -4.492832490631e-01, 1.797693134862e+308, 0.0000e+00, 0.0000e+00, 
 2DIAGNOSTIC,     3, -4.496539647807e-01, 1.797693134862e+308, 0.0000e+00, 0.0000e+00, 
 2DIAGNOSTIC,     4, -4.500944704062e-01, 1.797693134862e+308, 0.0000e+00, 0.0000e+00, 
 2DIAGNOSTIC,     5, -4.510563534883e-01, 1.797693134862e+308, 0.0000e+00, 0.0000e+00, 
 2DIAGNOSTIC,     6, -4.521685179999e-01, 1.797693134862e+308, 0.0000e+00, 0.0000e+00, 
 2DIAGNOSTIC,     7, -4.535152333862e-01, 1.797693134862e+308, 0.0000e+00, 0.0000e+00, 
 2DIAGNOSTIC,     8, -4.554088576459e-01, 1.797693134862e+308, 0.0000e+00, 0.0000e+00, 
 2DIAGNOSTIC,     9, -4.565571288049e-01, 1.797693134862e+308, 0.0000e+00, 0.0000e+00, 
 2DIAGNOSTIC,    10, -4.571961636620e-01, 1.280439922530e-03, 0.0000e+00, 0.0000e+00, 
 2DIAGNOSTIC,    11, -4.571982968803e-01, 1.218607337551e-03, 0.0000e+00, 0.0000e+00, 
 2DIAGNOSTIC,    12, -4.572019307519e-01, 1.070726132563e-03, 0.0000e+00, 0.0000e+00, 
 2DIAGNOSTIC,    13, -4.572535171829e-01, 8.691461880872e-04, 0.0000e+00, 0.0000e+00, 
 2DIAGNOSTIC,    14, -4.572661546462e-01, 6.372254227774e-04, 0.0000e+00, 0.0000e+00, 
 2DIAGNOSTIC,    15, -4.572204118752e-01, 4.168113747166e-04, 0.0000e+00, 0.0000e+00, 
 2DIAGNOSTIC,    16, -4.571470736689e-01, 2.269015769683e-04, 0.0000e+00, 0.0000e+00, 
 2DIAGNOSTIC,    17, -4.571441267363e-01, 8.720576002050e-05, 0.0000e+00, 0.0000e+00, 
 2DIAGNOSTIC,    18, -4.572139612699e-01, 2.252499856177e-05, 0.0000e+00, 0.0000e+00, 
DIAGNOSTIC,Iteration,metricValue,convergenceValue,ITERATION_TIME_INDEX,SINCE_LAST
 2DIAGNOSTIC,     1, -3.958105996993e-01, 1.797693134862e+308, 0.0000e+00, 0.0000e+00, 
 2DIAGNOSTIC,     2, -3.958780100541e-01, 1.797693134862e+308, 0.0000e+00, 0.0000e+00, 
 2DIAGNOSTIC,     3, -3.959526870128e-01, 1.797693134862e+308, 0.0000e+00, 0.0000e+00, 
 2DIAGNOSTIC,     4, -3.960397500422e-01, 1.797693134862e+308, 0.0000e+00, 0.0000e+00, 
 2DIAGNOSTIC,     5, -3.962270681164e-01, 1.797693134862e+308, 0.0000e+00, 0.0000e+00, 
 2DIAGNOSTIC,     6, -3.963290902197e-01, 1.797693134862e+308, 0.0000e+00, 0.0000e+00, 
 2DIAGNOSTIC,     7, -3.964591653741e-01, 1.797693134862e+308, 0.0000e+00, 0.0000e+00, 
 2DIAGNOSTIC,     8, -3.964589286029e-01, 1.797693134862e+308, 0.0000e+00, 0.0000e+00, 
 2DIAGNOSTIC,     9, -3.964624426452e-01, 1.797693134862e+308, 0.0000e+00, 0.0000e+00, 
 2DIAGNOSTIC,    10, -3.964558885668e-01, 1.275382189362e-04, 0.0000e+00, 0.0000e+00, 
 2DIAGNOSTIC,    11, -3.964477994256e-01, 9.715675336024e-05, 0.0000e+00, 0.0000e+00, 
 2DIAGNOSTIC,    12, -3.964516026625e-01, 6.767860659372e-05, 0.0000e+00, 0.0000e+00, 
 2DIAGNOSTIC,    13, -3.964518638288e-01, 4.108711607728e-05, 0.0000e+00, 0.0000e+00, 
 2DIAGNOSTIC,    14, -3.964465505006e-01, 1.891301802510e-05, 0.0000e+00, 0.0000e+00, 
 2DIAGNOSTIC,    15, -3.964438846820e-01, 7.002973474071e-06, 0.0000e+00, 0.0000e+00, 
DIAGNOSTIC,Iteration,metricValue,convergenceValue,ITERATION_TIME_INDEX,SINCE_LAST
 2DIAGNOSTIC,     1, -3.636893868626e-01, 1.797693134862e+308, 0.0000e+00, 0.0000e+00, 
 2DIAGNOSTIC,     2, -3.637572622287e-01, 1.797693134862e+308, 0.0000e+00, 0.0000e+00, 
 2DIAGNOSTIC,     3, -3.638595013596e-01, 1.797693134862e+308, 0.0000e+00, 0.0000e+00, 
 2DIAGNOSTIC,     4, -3.639219668232e-01, 1.797693134862e+308, 0.0000e+00, 0.0000e+00, 
 2DIAGNOSTIC,     5, -3.641014705629e-01, 1.797693134862e+308, 0.0000e+00, 0.0000e+00, 
 2DIAGNOSTIC,     6, -3.641373611460e-01, 1.797693134862e+308, 0.0000e+00, 0.0000e+00, 
 2DIAGNOSTIC,     7, -3.644008497876e-01, 1.797693134862e+308, 0.0000e+00, 0.0000e+00, 
 2DIAGNOSTIC,     8, -3.644043567344e-01, 1.797693134862e+308, 0.0000e+00, 0.0000e+00, 
 2DIAGNOSTIC,     9, -3.644080258674e-01, 1.797693134862e+308, 0.0000e+00, 0.0000e+00, 
 2DIAGNOSTIC,    10, -3.644081695281e-01, 1.521290719292e-04, 0.0000e+00, 0.0000e+00, 
 2DIAGNOSTIC,    11, -3.644079801661e-01, 1.210436514508e-04, 0.0000e+00, 0.0000e+00, 
 2DIAGNOSTIC,    12, -3.644079801661e-01, 8.877573508688e-05, 0.0000e+00, 0.0000e+00, 
 2DIAGNOSTIC,    13, -3.644079801661e-01, 5.988310901971e-05, 0.0000e+00, 0.0000e+00, 
 2DIAGNOSTIC,    14, -3.644079801661e-01, 3.340588351455e-05, 0.0000e+00, 0.0000e+00, 
 2DIAGNOSTIC,    15, -3.644079570725e-01, 1.711544962077e-05, 0.0000e+00, 0.0000e+00, 
 2DIAGNOSTIC,    16, -3.644142220049e-01, 3.222718963719e-06, 0.0000e+00, 0.0000e+00, 
 2DIAGNOSTIC,    17, -3.644142220049e-01, 2.974861244544e-06, 0.0000e+00, 0.0000e+00, 
 2DIAGNOSTIC,    18, -3.644142220049e-01, 2.841077469208e-06, 0.0000e+00, 0.0000e+00, 
 2DIAGNOSTIC,    19, -3.644139940632e-01, 2.802919622166e-06, 0.0000e+00, 0.0000e+00, 
 2DIAGNOSTIC,    20, -3.644139940632e-01, 2.702881021603e-06, 0.0000e+00, 0.0000e+00, 
 2DIAGNOSTIC,    21, -3.644139940632e-01, 2.530106475836e-06, 0.0000e+00, 0.0000e+00, 
 2DIAGNOSTIC,    22, -3.644139940632e-01, 2.308185326538e-06, 0.0000e+00, 0.0000e+00, 
 2DIAGNOSTIC,    23, -3.644140645851e-01, 2.060330246946e-06, 0.0000e+00, 0.0000e+00, 
 2DIAGNOSTIC,    24, -3.644140645851e-01, 1.800531840943e-06, 0.0000e+00, 0.0000e+00, 
 2DIAGNOSTIC,    25, -3.644140645851e-01, 1.537845197241e-06, 0.0000e+00, 0.0000e+00, 
 2DIAGNOSTIC,    26, -3.644140645851e-01, 1.484469408501e-06, 0.0000e+00, 0.0000e+00, 
 2DIAGNOSTIC,    27, -3.644163346869e-01, 1.501150626255e-06, 0.0000e+00, 0.0000e+00, 
 2DIAGNOSTIC,    28, -3.644163346869e-01, 1.508801758920e-06, 0.0000e+00, 0.0000e+00, 
 2DIAGNOSTIC,    29, -3.644163346869e-01, 1.498767935454e-06, 0.0000e+00, 0.0000e+00, 
 2DIAGNOSTIC,    30, -3.644163346869e-01, 1.475055119181e-06, 0.0000e+00, 0.0000e+00, 
 2DIAGNOSTIC,    31, -3.644168687922e-01, 1.448791876316e-06, 0.0000e+00, 0.0000e+00, 
 2DIAGNOSTIC,    32, -3.644168687922e-01, 1.404014645559e-06, 0.0000e+00, 0.0000e+00, 
 2DIAGNOSTIC,    33, -3.644168687922e-01, 1.345284917333e-06, 0.0000e+00, 0.0000e+00, 
 2DIAGNOSTIC,    34, -3.644168687922e-01, 1.274844198686e-06, 0.0000e+00, 0.0000e+00, 
 2DIAGNOSTIC,    35, -3.644168687922e-01, 1.196181374920e-06, 0.0000e+00, 0.0000e+00, 
 2DIAGNOSTIC,    36, -3.644168687922e-01, 1.111843018198e-06, 0.0000e+00, 0.0000e+00, 
 2DIAGNOSTIC,    37, -3.644168687922e-01, 1.076531607146e-06, 0.0000e+00, 0.0000e+00, 
 2DIAGNOSTIC,    38, -3.644168687922e-01, 1.040494569247e-06, 0.0000e+00, 0.0000e+00, 
 2DIAGNOSTIC,    39, -3.644168687922e-01, 1.004477381002e-06, 0.0000e+00, 0.0000e+00, 
  Elapsed time (stage 0): 0.0000e+00


Total elapsed time: 0.0000e+00
VFC_BACKENDS=libinterflop_vprec.so --range-binary32=7 --precision-binary32=12 --range-binary64=7 --precision-binary64=12
Info [verificarlo]: loaded backend libinterflop_vprec.so
Info [interflop-vprec]: load backend with: 
Info [interflop-vprec]: precision-binary32 = 12
Info [interflop-vprec]: range-binary32 = 7
Info [interflop-vprec]: precision-binary64 = 12
Info [interflop-vprec]: range-binary64 = 7
Info [interflop-vprec]: mode = ob
Info [interflop-vprec]: error-mode = rel
Info [interflop-vprec]: max-abs-error-exponent = -1022
Info [interflop-vprec]: daz = false
Info [interflop-vprec]: ftz = false
Info [interflop-vprec]: 	instrument = none
Info [interflop-vprec]: 	prec-input-file = (null)
Info [interflop-vprec]: 	prec-output-file = (null)
Info [interflop-vprec]: 	prec-log-file = (null)
All_Command_lines_OK
Using double precision for computations.
=============================================================================
The composite transform comprises the following transforms (in order): 
  1. /project/rrg-glatard/mdugre/datasets/corr/RawDataBIDS/BMB_1/derivatives/vprec-space_search/0110/r7-p12/sub-0003037/rigid_Composite.h5[0] (type = Euler3DTransform)
  2. /project/rrg-glatard/mdugre/datasets/corr/RawDataBIDS/BMB_1/derivatives/vprec-space_search/0110/r7-p12/sub-0003037/rigid_Composite.h5[1] (type = Euler3DTransform)
  3. /project/rrg-glatard/mdugre/datasets/corr/RawDataBIDS/BMB_1/derivatives/vprec-space_search/0110/r7-p12/sub-0003037/rigid_Composite.h5[2] (type = Euler3DTransform)
=============================================================================
  number of levels = 4
  fixed image: /templateflow/tpl-MNI152NLin2009cAsym/tpl-MNI152NLin2009cAsym_res-01_desc-brain_T1w.nii.gz
  moving image: /project/rrg-glatard/mdugre/datasets/corr/RawDataBIDS/BMB_1/derivatives/antsBrainExtraction/sub-0003037/BrainExtractionBrain.nii.gz
Dimension = 3
Number of stages = 1
Use histogram matching = false
Winsorize image intensities = true
  Lower quantile = 0.005
  Upper quantile = 0.995


Stage 1 State
   Image metric = MattesMI
     Fixed image = Image (0x39ec300)
  RTTI typeinfo:   itk::Image<double, 3u>
  Reference Count: 2
  Modified Time: 1592
  Debug: Off
  Object Name: 
  Observers: 
    none
  Source: (none)
  Source output name: (none)
  Release Data: Off
  Data Released: False
  Global Release Data: Off
  PipelineMTime: 0
  UpdateMTime: 1203
  RealTimeStamp: 0 seconds 
  LargestPossibleRegion: 
    Dimension: 3
    Index: [0, 0, 0]
    Size: [193, 229, 193]
  BufferedRegion: 
    Dimension: 3
    Index: [0, 0, 0]
    Size: [193, 229, 193]
  RequestedRegion: 
    Dimension: 3
    Index: [0, 0, 0]
    Size: [193, 229, 193]
  Spacing: [1, 1, 1]
  Origin: [96, 132, -78]
  Direction: 
-1 0 0
0 -1 0
0 0 1

  IndexToPointMatrix: 
-1 0 0
0 -1 0
0 0 1

  PointToIndexMatrix: 
-1 0 0
0 -1 0
0 0 1

  Inverse Direction: 
-1 0 0
0 -1 0
0 0 1

  PixelContainer: 
    ImportImageContainer (0x3a64c30)
      RTTI typeinfo:   itk::ImportImageContainer<unsigned long, double>
      Reference Count: 1
      Modified Time: 1200
      Debug: Off
      Object Name: 
      Observers: 
        none
      Pointer: 0x149d18730010
      Container manages memory: true
      Size: 8530021
      Capacity: 8530021

     Moving image = Image (0x3aa71a0)
  RTTI typeinfo:   itk::Image<double, 3u>
  Reference Count: 2
  Modified Time: 1593
  Debug: Off
  Object Name: 
  Observers: 
    none
  Source: (none)
  Source output name: (none)
  Release Data: Off
  Data Released: False
  Global Release Data: Off
  PipelineMTime: 0
  UpdateMTime: 1590
  RealTimeStamp: 0 seconds 
  LargestPossibleRegion: 
    Dimension: 3
    Index: [0, 0, 0]
    Size: [176, 256, 256]
  BufferedRegion: 
    Dimension: 3
    Index: [0, 0, 0]
    Size: [176, 256, 256]
  RequestedRegion: 
    Dimension: 3
    Index: [0, 0, 0]
    Size: [176, 256, 256]
  Spacing: [1, 1, 1]
  Origin: [-96.1094, 110.734, -124.094]
  Direction: 
1 0 0
0 -1 0
0 0 1

  IndexToPointMatrix: 
1 0 0
0 -1 0
0 0 1

  PointToIndexMatrix: 
1 0 0
0 -1 0
0 0 1

  Inverse Direction: 
1 0 0
0 -1 0
0 0 1

  PixelContainer: 
    ImportImageContainer (0x3a74d70)
      RTTI typeinfo:   itk::ImportImageContainer<unsigned long, double>
      Reference Count: 1
      Modified Time: 1587
      Debug: Off
      Object Name: 
      Observers: 
        none
      Pointer: 0x149d12f2f010
      Container manages memory: true
      Size: 11534336
      Capacity: 11534336

     Weighting = 1
     Sampling strategy = regular
     Number of bins = 32
     Radius = 4
     Sampling percentage  = 0.25
   Transform = Affine
     Gradient step = 0.1
     Update field sigma (voxel space) = 0
     Total field sigma (voxel space) = 0
     Update field time sigma = 0
     Total field time sigma  = 0
     Number of time indices = 0
     Number of time point samples = 0
Registration using 1 total stages.

Stage 0
  iterations = 1000x500x250x100
  convergence threshold = 1e-06
  convergence window size = 10
  number of levels = 4
  using the Mattes MI metric (number of bins = 32, weight = 1, use gradient filter = 0)
  preprocessing:  winsorizing the image intensities
  Shrink factors (level 1 out of 4): [8, 8, 8]
  Shrink factors (level 2 out of 4): [4, 4, 4]
  Shrink factors (level 3 out of 4): [2, 2, 2]
  Shrink factors (level 4 out of 4): [1, 1, 1]
  smoothing sigmas per level: [3, 2, 1, 0]
  regular sampling (percentage = 0.25)

*** Running AffineTransform registration ***

DIAGNOSTIC,Iteration,metricValue,convergenceValue,ITERATION_TIME_INDEX,SINCE_LAST
 2DIAGNOSTIC,     1, -5.538683207006e-01, 1.797693134862e+308, 0.0000e+00, 0.0000e+00, 
 2DIAGNOSTIC,     2, -5.560216444950e-01, 1.797693134862e+308, 0.0000e+00, 0.0000e+00, 
 2DIAGNOSTIC,     3, -5.583998728636e-01, 1.797693134862e+308, 0.0000e+00, 0.0000e+00, 
 2DIAGNOSTIC,     4, -5.647872813966e-01, 1.797693134862e+308, 0.0000e+00, 0.0000e+00, 
 2DIAGNOSTIC,     5, -5.752941682592e-01, 1.797693134862e+308, 0.0000e+00, 0.0000e+00, 
 2DIAGNOSTIC,     6, -5.944514702685e-01, 1.797693134862e+308, 0.0000e+00, 0.0000e+00, 
 2DIAGNOSTIC,     7, -6.266726628731e-01, 1.797693134862e+308, 0.0000e+00, 0.0000e+00, 
 2DIAGNOSTIC,     8, -6.891656893914e-01, 1.797693134862e+308, 0.0000e+00, 0.0000e+00, 
 2DIAGNOSTIC,     9, -7.691698287783e-01, 1.797693134862e+308, 0.0000e+00, 0.0000e+00, 
 2DIAGNOSTIC,    10, -8.029111972234e-01, 2.526415933567e-02, 0.0000e+00, 0.0000e+00, 
 2DIAGNOSTIC,    11, -8.292436339314e-01, 2.749917852545e-02, 0.0000e+00, 0.0000e+00, 
 2DIAGNOSTIC,    12, -8.347036239677e-01, 2.712272740518e-02, 0.0000e+00, 0.0000e+00, 
 2DIAGNOSTIC,    13, -8.357228602138e-01, 2.450763872324e-02, 0.0000e+00, 0.0000e+00, 
 2DIAGNOSTIC,    14, -8.360997696779e-01, 2.033349362981e-02, 0.0000e+00, 0.0000e+00, 
 2DIAGNOSTIC,    15, -8.373087683423e-01, 1.531268296315e-02, 0.0000e+00, 0.0000e+00, 
 2DIAGNOSTIC,    16, -8.377926167887e-01, 1.015608696532e-02, 0.0000e+00, 0.0000e+00, 
 2DIAGNOSTIC,    17, -8.379257970133e-01, 5.533210697352e-03, 0.0000e+00, 0.0000e+00, 
 2DIAGNOSTIC,    18, -8.380128734415e-01, 2.339461661779e-03, 0.0000e+00, 0.0000e+00, 
 2DIAGNOSTIC,    19, -8.379455049452e-01, 9.511732629967e-04, 0.0000e+00, 0.0000e+00, 
 2DIAGNOSTIC,    20, -8.379293381867e-01, 2.748735808124e-04, 0.0000e+00, 0.0000e+00, 
 2DIAGNOSTIC,    21, -8.379589562618e-01, 1.273937576079e-04, 0.0000e+00, 0.0000e+00, 
 2DIAGNOSTIC,    22, -8.379326256386e-01, 7.779280603593e-05, 0.0000e+00, 0.0000e+00, 
 2DIAGNOSTIC,    23, -8.379387839762e-01, 4.313540240999e-05, 0.0000e+00, 0.0000e+00, 
 2DIAGNOSTIC,    24, -8.379577479186e-01, 1.369902120880e-05, 0.0000e+00, 0.0000e+00, 
 2DIAGNOSTIC,    25, -8.379391228854e-01, 3.552153256307e-06, 0.0000e+00, 0.0000e+00, 
 2DIAGNOSTIC,    26, -8.379414024255e-01, 1.069825553993e-06, 0.0000e+00, 0.0000e+00, 
 2DIAGNOSTIC,    27, -8.379822564066e-01, 1.210159725873e-06, 0.0000e+00, 0.0000e+00, 
DIAGNOSTIC,Iteration,metricValue,convergenceValue,ITERATION_TIME_INDEX,SINCE_LAST
 2DIAGNOSTIC,     1, -6.951623783171e-01, 1.797693134862e+308, 0.0000e+00, 0.0000e+00, 
 2DIAGNOSTIC,     2, -6.956727798362e-01, 1.797693134862e+308, 0.0000e+00, 0.0000e+00, 
 2DIAGNOSTIC,     3, -6.964699284767e-01, 1.797693134862e+308, 0.0000e+00, 0.0000e+00, 
 2DIAGNOSTIC,     4, -6.972745917541e-01, 1.797693134862e+308, 0.0000e+00, 0.0000e+00, 
 2DIAGNOSTIC,     5, -6.980102443511e-01, 1.797693134862e+308, 0.0000e+00, 0.0000e+00, 
 2DIAGNOSTIC,     6, -6.985145390393e-01, 1.797693134862e+308, 0.0000e+00, 0.0000e+00, 
 2DIAGNOSTIC,     7, -6.985821617593e-01, 1.797693134862e+308, 0.0000e+00, 0.0000e+00, 
 2DIAGNOSTIC,     8, -6.986379349939e-01, 1.797693134862e+308, 0.0000e+00, 0.0000e+00, 
 2DIAGNOSTIC,     9, -6.985650628325e-01, 1.797693134862e+308, 0.0000e+00, 0.0000e+00, 
 2DIAGNOSTIC,    10, -6.985784508399e-01, 3.362985304394e-04, 0.0000e+00, 0.0000e+00, 
 2DIAGNOSTIC,    11, -6.986182891274e-01, 2.256531102552e-04, 0.0000e+00, 0.0000e+00, 
 2DIAGNOSTIC,    12, -6.985684110256e-01, 1.289676616448e-04, 0.0000e+00, 0.0000e+00, 
 2DIAGNOSTIC,    13, -6.985331003576e-01, 5.954148326927e-05, 0.0000e+00, 0.0000e+00, 
 2DIAGNOSTIC,    14, -6.985281286696e-01, 1.782465404386e-05, 0.0000e+00, 0.0000e+00, 
DIAGNOSTIC,Iteration,metricValue,convergenceValue,ITERATION_TIME_INDEX,SINCE_LAST
 2DIAGNOSTIC,     1, -5.902713574494e-01, 1.797693134862e+308, 0.0000e+00, 0.0000e+00, 
 2DIAGNOSTIC,     2, -5.905447799998e-01, 1.797693134862e+308, 0.0000e+00, 0.0000e+00, 
 2DIAGNOSTIC,     3, -5.908814623874e-01, 1.797693134862e+308, 0.0000e+00, 0.0000e+00, 
 2DIAGNOSTIC,     4, -5.913182404379e-01, 1.797693134862e+308, 0.0000e+00, 0.0000e+00, 
 2DIAGNOSTIC,     5, -5.918103849283e-01, 1.797693134862e+308, 0.0000e+00, 0.0000e+00, 
 2DIAGNOSTIC,     6, -5.922095263226e-01, 1.797693134862e+308, 0.0000e+00, 0.0000e+00, 
 2DIAGNOSTIC,     7, -5.925175495332e-01, 1.797693134862e+308, 0.0000e+00, 0.0000e+00, 
 2DIAGNOSTIC,     8, -5.925596898616e-01, 1.797693134862e+308, 0.0000e+00, 0.0000e+00, 
 2DIAGNOSTIC,     9, -5.925778323281e-01, 1.797693134862e+308, 0.0000e+00, 0.0000e+00, 
 2DIAGNOSTIC,    10, -5.926341452337e-01, 2.893199155595e-04, 0.0000e+00, 0.0000e+00, 
 2DIAGNOSTIC,    11, -5.926364750055e-01, 2.177937589142e-04, 0.0000e+00, 0.0000e+00, 
 2DIAGNOSTIC,    12, -5.926395199491e-01, 1.499644676734e-04, 0.0000e+00, 0.0000e+00, 
 2DIAGNOSTIC,    13, -5.926204781725e-01, 9.102396759945e-05, 0.0000e+00, 0.0000e+00, 
 2DIAGNOSTIC,    14, -5.926075046127e-01, 4.690118026134e-05, 0.0000e+00, 0.0000e+00, 
 2DIAGNOSTIC,    15, -5.926198042438e-01, 2.053094968248e-05, 0.0000e+00, 0.0000e+00, 
 2DIAGNOSTIC,    16, -5.926184998030e-01, 7.477188980448e-06, 0.0000e+00, 0.0000e+00, 
 2DIAGNOSTIC,    17, -5.926190163882e-01, 4.204535257124e-06, 0.0000e+00, 0.0000e+00, 
 2DIAGNOSTIC,    18, -5.926187561187e-01, 2.254223580675e-06, 0.0000e+00, 0.0000e+00, 
DIAGNOSTIC,Iteration,metricValue,convergenceValue,ITERATION_TIME_INDEX,SINCE_LAST
 2DIAGNOSTIC,     1, -5.280635776169e-01, 1.797693134862e+308, 0.0000e+00, 0.0000e+00, 
 2DIAGNOSTIC,     2, -5.283089619437e-01, 1.797693134862e+308, 0.0000e+00, 0.0000e+00, 
 2DIAGNOSTIC,     3, -5.285746112476e-01, 1.797693134862e+308, 0.0000e+00, 0.0000e+00, 
 2DIAGNOSTIC,     4, -5.288137385431e-01, 1.797693134862e+308, 0.0000e+00, 0.0000e+00, 
 2DIAGNOSTIC,     5, -5.290307709037e-01, 1.797693134862e+308, 0.0000e+00, 0.0000e+00, 
 2DIAGNOSTIC,     6, -5.291689166795e-01, 1.797693134862e+308, 0.0000e+00, 0.0000e+00, 
 2DIAGNOSTIC,     7, -5.291904856207e-01, 1.797693134862e+308, 0.0000e+00, 0.0000e+00, 
 2DIAGNOSTIC,     8, -5.291770289971e-01, 1.797693134862e+308, 0.0000e+00, 0.0000e+00, 
 2DIAGNOSTIC,     9, -5.291787831151e-01, 1.797693134862e+308, 0.0000e+00, 0.0000e+00, 
 2DIAGNOSTIC,    10, -5.291788224686e-01, 1.380515166072e-04, 0.0000e+00, 0.0000e+00, 
 2DIAGNOSTIC,    11, -5.291785279255e-01, 8.781938424610e-05, 0.0000e+00, 0.0000e+00, 
 2DIAGNOSTIC,    12, -5.291784357104e-01, 4.929987892231e-05, 0.0000e+00, 0.0000e+00, 
 2DIAGNOSTIC,    13, -5.291784946981e-01, 2.345542361422e-05, 0.0000e+00, 0.0000e+00, 
 2DIAGNOSTIC,    14, -5.291784946981e-01, 8.461713600735e-06, 0.0000e+00, 0.0000e+00, 
 2DIAGNOSTIC,    15, -5.291778895557e-01, 2.559841164637e-06, 0.0000e+00, 0.0000e+00, 
 2DIAGNOSTIC,    16, -5.291778895557e-01, 2.012550577413e-06, 0.0000e+00, 0.0000e+00, 
 2DIAGNOSTIC,    17, -5.291757814033e-01, 2.195178203455e-06, 0.0000e+00, 0.0000e+00, 
 2DIAGNOSTIC,    18, -5.291757814033e-01, 1.963574821164e-06, 0.0000e+00, 0.0000e+00, 
 2DIAGNOSTIC,    19, -5.291756869102e-01, 1.820042635860e-06, 0.0000e+00, 0.0000e+00, 
 2DIAGNOSTIC,    20, -5.291756869102e-01, 1.712019064994e-06, 0.0000e+00, 0.0000e+00, 
 2DIAGNOSTIC,    21, -5.291755789460e-01, 1.625362417663e-06, 0.0000e+00, 0.0000e+00, 
 2DIAGNOSTIC,    22, -5.291755789460e-01, 1.565528592824e-06, 0.0000e+00, 0.0000e+00, 
 2DIAGNOSTIC,    23, -5.291753758512e-01, 1.525889145954e-06, 0.0000e+00, 0.0000e+00, 
 2DIAGNOSTIC,    24, -5.291753758512e-01, 1.504233410513e-06, 0.0000e+00, 0.0000e+00, 
 2DIAGNOSTIC,    25, -5.291748633751e-01, 1.470108092337e-06, 0.0000e+00, 0.0000e+00, 
 2DIAGNOSTIC,    26, -5.291748633751e-01, 1.447641656604e-06, 0.0000e+00, 0.0000e+00, 
 2DIAGNOSTIC,    27, -5.291744413282e-01, 1.380432237352e-06, 0.0000e+00, 0.0000e+00, 
 2DIAGNOSTIC,    28, -5.291744413282e-01, 1.323370810567e-06, 0.0000e+00, 0.0000e+00, 
 2DIAGNOSTIC,    29, -5.291745679844e-01, 1.276516339528e-06, 0.0000e+00, 0.0000e+00, 
 2DIAGNOSTIC,    30, -5.291745679844e-01, 1.238416024861e-06, 0.0000e+00, 0.0000e+00, 
 2DIAGNOSTIC,    31, -5.291738788835e-01, 1.194070333735e-06, 0.0000e+00, 0.0000e+00, 
 2DIAGNOSTIC,    32, -5.291738788835e-01, 1.158258105288e-06, 0.0000e+00, 0.0000e+00, 
 2DIAGNOSTIC,    33, -5.291728349838e-01, 1.109116496430e-06, 0.0000e+00, 0.0000e+00, 
 2DIAGNOSTIC,    34, -5.291728349838e-01, 1.069450747258e-06, 0.0000e+00, 0.0000e+00, 
 2DIAGNOSTIC,    35, -5.291727493417e-01, 1.029325260426e-06, 0.0000e+00, 0.0000e+00, 
  Elapsed time (stage 0): 0.0000e+00


Total elapsed time: 0.0000e+00
VFC_BACKENDS=libinterflop_ieee.so
Info [verificarlo]: loaded backend libinterflop_ieee.so
Info [interflop-ieee]: load backend with:
Info [interflop-ieee]: debug = false
Info [interflop-ieee]: debug-binary = false
Info [interflop-ieee]: no-backend-name = false
Info [interflop-ieee]: print-new-line = false
Info [interflop-ieee]: print-subnormal-normalized = false
Info [interflop-ieee]: count-op = false
All_Command_lines_OK
Using double precision for computations.
=============================================================================
The composite transform comprises the following transforms (in order): 
  1. /project/rrg-glatard/mdugre/datasets/corr/RawDataBIDS/BMB_1/derivatives/vprec-space_search/0110/r7-p12/sub-0003037/affine_Composite.h5[0] (type = Euler3DTransform)
  2. /project/rrg-glatard/mdugre/datasets/corr/RawDataBIDS/BMB_1/derivatives/vprec-space_search/0110/r7-p12/sub-0003037/affine_Composite.h5[1] (type = Euler3DTransform)
  3. /project/rrg-glatard/mdugre/datasets/corr/RawDataBIDS/BMB_1/derivatives/vprec-space_search/0110/r7-p12/sub-0003037/affine_Composite.h5[2] (type = Euler3DTransform)
  4. /project/rrg-glatard/mdugre/datasets/corr/RawDataBIDS/BMB_1/derivatives/vprec-space_search/0110/r7-p12/sub-0003037/affine_Composite.h5[3] (type = AffineTransform)
=============================================================================
  number of levels = 4
  fixed image: /templateflow/tpl-MNI152NLin2009cAsym/tpl-MNI152NLin2009cAsym_res-01_desc-brain_T1w.nii.gz
  moving image: /project/rrg-glatard/mdugre/datasets/corr/RawDataBIDS/BMB_1/derivatives/antsBrainExtraction/sub-0003037/BrainExtractionBrain.nii.gz
Dimension = 3
Number of stages = 1
Use histogram matching = false
Winsorize image intensities = true
  Lower quantile = 0.005
  Upper quantile = 0.995


Stage 1 State
   Image metric = CC
     Fixed image = Image (0x3c91810)
  RTTI typeinfo:   itk::Image<double, 3u>
  Reference Count: 2
  Modified Time: 1606
  Debug: Off
  Object Name: 
  Observers: 
    none
  Source: (none)
  Source output name: (none)
  Release Data: Off
  Data Released: False
  Global Release Data: Off
  PipelineMTime: 0
  UpdateMTime: 1217
  RealTimeStamp: 0 seconds 
  LargestPossibleRegion: 
    Dimension: 3
    Index: [0, 0, 0]
    Size: [193, 229, 193]
  BufferedRegion: 
    Dimension: 3
    Index: [0, 0, 0]
    Size: [193, 229, 193]
  RequestedRegion: 
    Dimension: 3
    Index: [0, 0, 0]
    Size: [193, 229, 193]
  Spacing: [1, 1, 1]
  Origin: [96, 132, -78]
  Direction: 
-1 0 0
0 -1 0
0 0 1

  IndexToPointMatrix: 
-1 0 0
0 -1 0
0 0 1

  PointToIndexMatrix: 
-1 0 0
0 -1 0
0 0 1

  Inverse Direction: 
-1 0 0
0 -1 0
0 0 1

  PixelContainer: 
    ImportImageContainer (0x3d09fb0)
      RTTI typeinfo:   itk::ImportImageContainer<unsigned long, double>
      Reference Count: 1
      Modified Time: 1214
      Debug: Off
      Object Name: 
      Observers: 
        none
      Pointer: 0x14f1bdfdf010
      Container manages memory: true
      Size: 8530021
      Capacity: 8530021

     Moving image = Image (0x3d4c5b0)
  RTTI typeinfo:   itk::Image<double, 3u>
  Reference Count: 2
  Modified Time: 1607
  Debug: Off
  Object Name: 
  Observers: 
    none
  Source: (none)
  Source output name: (none)
  Release Data: Off
  Data Released: False
  Global Release Data: Off
  PipelineMTime: 0
  UpdateMTime: 1604
  RealTimeStamp: 0 seconds 
  LargestPossibleRegion: 
    Dimension: 3
    Index: [0, 0, 0]
    Size: [176, 256, 256]
  BufferedRegion: 
    Dimension: 3
    Index: [0, 0, 0]
    Size: [176, 256, 256]
  RequestedRegion: 
    Dimension: 3
    Index: [0, 0, 0]
    Size: [176, 256, 256]
  Spacing: [1, 1, 1]
  Origin: [-96.1092, 110.735, -124.086]
  Direction: 
1 0 0
0 -1 0
0 0 1

  IndexToPointMatrix: 
1 0 0
0 -1 0
0 0 1

  PointToIndexMatrix: 
1 0 0
0 -1 0
0 0 1

  Inverse Direction: 
1 0 0
0 -1 0
0 0 1

  PixelContainer: 
    ImportImageContainer (0x3d70990)
      RTTI typeinfo:   itk::ImportImageContainer<unsigned long, double>
      Reference Count: 1
      Modified Time: 1601
      Debug: Off
      Object Name: 
      Observers: 
        none
      Pointer: 0x14f1b87de010
      Container manages memory: true
      Size: 11534336
      Capacity: 11534336

     Weighting = 1
     Sampling strategy = none
     Number of bins = 32
     Radius = 4
     Sampling percentage  = 1
   Transform = SyN
     Gradient step = 0.1
     Update field sigma (voxel space) = 3
     Total field sigma (voxel space) = 0
     Update field time sigma = 0
     Total field time sigma  = 0
     Number of time indices = 0
     Number of time point samples = 0
Registration using 1 total stages.

Stage 0
  iterations = 100x70x50x20
  convergence threshold = 1e-06
  convergence window size = 10
  number of levels = 4
  using the CC metric (radius = 4, weight = 1, use gradient filter = 0)
  preprocessing:  winsorizing the image intensities
  Shrink factors (level 1 out of 4): [8, 8, 8]
  Shrink factors (level 2 out of 4): [4, 4, 4]
  Shrink factors (level 3 out of 4): [2, 2, 2]
  Shrink factors (level 4 out of 4): [1, 1, 1]
  smoothing sigmas per level: [3, 2, 1, 0]
  Using default NONE metricSamplingStrategy 

*** Running SyN registration (varianceForUpdateField = 3, varianceForTotalField = 0) ***

XXDIAGNOSTIC,Iteration,metricValue,convergenceValue,ITERATION_TIME_INDEX,SINCE_LAST
 1DIAGNOSTIC,     1, -9.173670487510e-01, 1.797693134862e+308, 1.6148e+00, 1.6148e+00, 
 1DIAGNOSTIC,     2, -9.259097670228e-01, 1.797693134862e+308, 1.9540e+00, 3.3919e-01, 
 1DIAGNOSTIC,     3, -9.325660656993e-01, 1.797693134862e+308, 2.2966e+00, 3.4262e-01, 
 1DIAGNOSTIC,     4, -9.375083317411e-01, 1.797693134862e+308, 2.6369e+00, 3.4028e-01, 
 1DIAGNOSTIC,     5, -9.411949130389e-01, 1.797693134862e+308, 3.0116e+00, 3.7471e-01, 
 1DIAGNOSTIC,     6, -9.438505819418e-01, 1.797693134862e+308, 3.4067e+00, 3.9508e-01, 
 1DIAGNOSTIC,     7, -9.464066101228e-01, 1.797693134862e+308, 3.7455e+00, 3.3881e-01, 
 1DIAGNOSTIC,     8, -9.490988857316e-01, 1.797693134862e+308, 4.0840e+00, 3.3849e-01, 
 1DIAGNOSTIC,     9, -9.519200318001e-01, 1.797693134862e+308, 4.4219e+00, 3.3794e-01, 
 1DIAGNOSTIC,    10, -9.548339361848e-01, 2.312689599733e-03, 4.7661e+00, 3.4412e-01, 
 1DIAGNOSTIC,    11, -9.578963057114e-01, 1.804720387620e-03, 5.1570e+00, 3.9094e-01, 
 1DIAGNOSTIC,    12, -9.607051947505e-01, 1.502601050639e-03, 5.5560e+00, 3.9905e-01, 
 1DIAGNOSTIC,    13, -9.630468654954e-01, 1.317840162405e-03, 5.9521e+00, 3.9601e-01, 
 1DIAGNOSTIC,    14, -9.650442809132e-01, 1.187565455592e-03, 6.3477e+00, 3.9569e-01, 
 1DIAGNOSTIC,    15, -9.656413960111e-01, 1.051419825609e-03, 6.7403e+00, 3.9260e-01, 
 1DIAGNOSTIC,    16, -9.654109758139e-01, 8.814892303215e-04, 7.1327e+00, 3.9231e-01, 
 1DIAGNOSTIC,    17, -9.659307093799e-01, 7.048270943496e-04, 7.5217e+00, 3.8903e-01, 
 1DIAGNOSTIC,    18, -9.659341293262e-01, 5.269945104297e-04, 7.8606e+00, 3.3887e-01, 
 1DIAGNOSTIC,    19, -9.659834174052e-01, 3.639921392799e-04, 8.1990e+00, 3.3840e-01, 
 1DIAGNOSTIC,    20, -9.659211263223e-01, 2.260706255741e-04, 8.5399e+00, 3.4096e-01, 
 1DIAGNOSTIC,    21, -9.661984750495e-01, 1.277580219994e-04, 8.9047e+00, 3.6476e-01, 
 1DIAGNOSTIC,    22, -9.661455915088e-01, 6.340438822983e-05, 9.2422e+00, 3.3750e-01, 
 1DIAGNOSTIC,    23, -9.664193020745e-01, 3.212829457423e-05, 9.5770e+00, 3.3478e-01, 
 1DIAGNOSTIC,    24, -9.663575972938e-01, 2.443047030268e-05, 9.9131e+00, 3.3617e-01, 
 1DIAGNOSTIC,    25, -9.666049607693e-01, 2.544355968603e-05, 1.0254e+01, 3.4093e-01, 
 1DIAGNOSTIC,    26, -9.665333821982e-01, 2.040391273476e-05, 1.0589e+01, 3.3468e-01, 
 1DIAGNOSTIC,    27, -9.667059298674e-01, 2.158657399314e-05, 1.0923e+01, 3.3436e-01, 
 1DIAGNOSTIC,    28, -9.666156085684e-01, 1.980042979551e-05, 1.1260e+01, 3.3691e-01, 
 1DIAGNOSTIC,    29, -9.668554487953e-01, 1.940993622841e-05, 1.1594e+01, 3.3413e-01, 
 1DIAGNOSTIC,    30, -9.667708700811e-01, 1.573389506285e-05, 1.1935e+01, 3.4092e-01, 
 1DIAGNOSTIC,    31, -9.669857115763e-01, 1.569338388707e-05, 1.2271e+01, 3.3557e-01, 
 1DIAGNOSTIC,    32, -9.668867765892e-01, 1.276510412027e-05, 1.2607e+01, 3.3586e-01, 
 1DIAGNOSTIC,    33, -9.670355446926e-01, 1.276768542723e-05, 1.2944e+01, 3.3795e-01, 
 1DIAGNOSTIC,    34, -9.669233923464e-01, 1.004251775044e-05, 1.3280e+01, 3.3579e-01, 
 1DIAGNOSTIC,    35, -9.671415603114e-01, 1.060339934260e-05, 1.3616e+01, 3.3554e-01, 
 1DIAGNOSTIC,    36, -9.670395153863e-01, 8.697882995266e-06, 1.3950e+01, 3.3468e-01, 
 1DIAGNOSTIC,    37, -9.672538975991e-01, 9.318187628921e-06, 1.4283e+01, 3.3217e-01, 
 1DIAGNOSTIC,    38, -9.671420247573e-01, 7.446801160271e-06, 1.4619e+01, 3.3669e-01, 
 1DIAGNOSTIC,    39, -9.673330716224e-01, 8.377376487144e-06, 1.4953e+01, 3.3412e-01, 
 1DIAGNOSTIC,    40, -9.672186779895e-01, 6.984921082361e-06, 1.5292e+01, 3.3864e-01, 
 1DIAGNOSTIC,    41, -9.673410777605e-01, 7.554950325277e-06, 1.5624e+01, 3.3214e-01, 
 1DIAGNOSTIC,    42, -9.672226615757e-01, 5.871957543181e-06, 1.5987e+01, 3.6312e-01, 
 1DIAGNOSTIC,    43, -9.674017617502e-01, 6.089006049502e-06, 1.6322e+01, 3.3508e-01, 
 1DIAGNOSTIC,    44, -9.673025533627e-01, 4.290142742874e-06, 1.6666e+01, 3.4350e-01, 
 1DIAGNOSTIC,    45, -9.673955994428e-01, 4.327254389938e-06, 1.7003e+01, 3.3658e-01, 
 1DIAGNOSTIC,    46, -9.672940157087e-01, 2.665173106320e-06, 1.7339e+01, 3.3599e-01, 
 1DIAGNOSTIC,    47, -9.674462129337e-01, 3.236918722730e-06, 1.7676e+01, 3.3719e-01, 
 1DIAGNOSTIC,    48, -9.673652525622e-01, 2.283055918012e-06, 1.8014e+01, 3.3877e-01, 
 1DIAGNOSTIC,    49, -9.674355878324e-01, 2.827329390262e-06, 1.8355e+01, 3.4056e-01, 
 1DIAGNOSTIC,    50, -9.673432734781e-01, 1.899031739042e-06, 1.8693e+01, 3.3802e-01, 
 1DIAGNOSTIC,    51, -9.674246380277e-01, 2.108052356800e-06, 1.9030e+01, 3.3713e-01, 
 1DIAGNOSTIC,    52, -9.673384893067e-01, 9.528176541096e-07, 1.9369e+01, 3.3896e-01, 
XXDIAGNOSTIC,Iteration,metricValue,convergenceValue,ITERATION_TIME_INDEX,SINCE_LAST
 1DIAGNOSTIC,     1, -9.042891333864e-01, 1.797693134862e+308, 2.3488e+01, 4.1189e+00, 
 1DIAGNOSTIC,     2, -9.082282345467e-01, 1.797693134862e+308, 2.6369e+01, 2.8807e+00, 
 1DIAGNOSTIC,     3, -9.124643746749e-01, 1.797693134862e+308, 2.9259e+01, 2.8907e+00, 
 1DIAGNOSTIC,     4, -9.162994058308e-01, 1.797693134862e+308, 3.2156e+01, 2.8968e+00, 
 1DIAGNOSTIC,     5, -9.196266375344e-01, 1.797693134862e+308, 3.5061e+01, 2.9047e+00, 
 1DIAGNOSTIC,     6, -9.224942387699e-01, 1.797693134862e+308, 3.7967e+01, 2.9059e+00, 
 1DIAGNOSTIC,     7, -9.248371315441e-01, 1.797693134862e+308, 4.0884e+01, 2.9176e+00, 
 1DIAGNOSTIC,     8, -9.267794417450e-01, 1.797693134862e+308, 4.3810e+01, 2.9259e+00, 
 1DIAGNOSTIC,     9, -9.284774396798e-01, 1.797693134862e+308, 4.6699e+01, 2.8885e+00, 
 1DIAGNOSTIC,    10, -9.299272168451e-01, 1.791224187733e-03, 4.9575e+01, 2.8765e+00, 
 1DIAGNOSTIC,    11, -9.311694765470e-01, 1.419755291613e-03, 5.2463e+01, 2.8881e+00, 
 1DIAGNOSTIC,    12, -9.322415263122e-01, 1.110884176615e-03, 5.5345e+01, 2.8819e+00, 
 1DIAGNOSTIC,    13, -9.331827726003e-01, 8.712448596135e-04, 5.8221e+01, 2.8760e+00, 
 1DIAGNOSTIC,    14, -9.337951984639e-01, 6.838770653933e-04, 6.1109e+01, 2.8879e+00, 
 1DIAGNOSTIC,    15, -9.343779196683e-01, 5.387974231365e-04, 6.4013e+01, 2.9039e+00, 
 1DIAGNOSTIC,    16, -9.349593993994e-01, 4.283411671439e-04, 6.6903e+01, 2.8903e+00, 
 1DIAGNOSTIC,    17, -9.353902383377e-01, 3.412287387516e-04, 6.9818e+01, 2.9142e+00, 
 1DIAGNOSTIC,    18, -9.359170571426e-01, 2.741753676350e-04, 7.2746e+01, 2.9288e+00, 
 1DIAGNOSTIC,    19, -9.362953251941e-01, 2.221356361304e-04, 7.5726e+01, 2.9798e+00, 
 1DIAGNOSTIC,    20, -9.366667725013e-01, 1.825052147375e-04, 7.8660e+01, 2.9336e+00, 
 1DIAGNOSTIC,    21, -9.370285517269e-01, 1.529509611628e-04, 8.1599e+01, 2.9393e+00, 
 1DIAGNOSTIC,    22, -9.373898451128e-01, 1.316383656644e-04, 8.4510e+01, 2.9112e+00, 
 1DIAGNOSTIC,    23, -9.377461264408e-01, 1.171223483743e-04, 8.7454e+01, 2.9438e+00, 
 1DIAGNOSTIC,    24, -9.380908590899e-01, 1.050305850462e-04, 9.0364e+01, 2.9097e+00, 
 1DIAGNOSTIC,    25, -9.384195122436e-01, 9.519126051188e-05, 9.3270e+01, 2.9055e+00, 
 1DIAGNOSTIC,    26, -9.387486660178e-01, 8.790075340537e-05, 9.6166e+01, 2.8967e+00, 
 1DIAGNOSTIC,    27, -9.390676022715e-01, 8.133414902232e-05, 9.9064e+01, 2.8979e+00, 
 1DIAGNOSTIC,    28, -9.393883682266e-01, 7.683561654518e-05, 1.0196e+02, 2.9007e+00, 
 1DIAGNOSTIC,    29, -9.397079288298e-01, 7.276159631641e-05, 1.0486e+02, 2.8947e+00, 
 1DIAGNOSTIC,    30, -9.400254616730e-01, 6.911549751143e-05, 1.0777e+02, 2.9123e+00, 
 1DIAGNOSTIC,    31, -9.403332777213e-01, 6.577734506795e-05, 1.1067e+02, 2.8957e+00, 
 1DIAGNOSTIC,    32, -9.406231169141e-01, 6.264636118174e-05, 1.1357e+02, 2.9073e+00, 
 1DIAGNOSTIC,    33, -9.408996473057e-01, 5.963918247298e-05, 1.1649e+02, 2.9135e+00, 
 1DIAGNOSTIC,    34, -9.411548083759e-01, 5.655605956354e-05, 1.1941e+02, 2.9178e+00, 
 1DIAGNOSTIC,    35, -9.414012478789e-01, 5.331333772151e-05, 1.2232e+02, 2.9134e+00, 
 1DIAGNOSTIC,    36, -9.416306856908e-01, 4.994064020335e-05, 1.2524e+02, 2.9237e+00, 
 1DIAGNOSTIC,    37, -9.418560663274e-01, 4.651241221495e-05, 1.2816e+02, 2.9144e+00, 
 1DIAGNOSTIC,    38, -9.420655196941e-01, 4.311676994939e-05, 1.3107e+02, 2.9092e+00, 
 1DIAGNOSTIC,    39, -9.422620393783e-01, 3.984837236406e-05, 1.3397e+02, 2.9065e+00, 
 1DIAGNOSTIC,    40, -9.424507772366e-01, 3.683008185111e-05, 1.3687e+02, 2.8984e+00, 
 1DIAGNOSTIC,    41, -9.426236655619e-01, 3.404679517804e-05, 1.3978e+02, 2.9061e+00, 
 1DIAGNOSTIC,    42, -9.427785617056e-01, 3.140247534617e-05, 1.4267e+02, 2.8913e+00, 
 1DIAGNOSTIC,    43, -9.429395221554e-01, 2.901590328252e-05, 1.4561e+02, 2.9405e+00, 
 1DIAGNOSTIC,    44, -9.430865841725e-01, 2.678069907932e-05, 1.4852e+02, 2.9086e+00, 
 1DIAGNOSTIC,    45, -9.432366705200e-01, 2.480231492026e-05, 1.5141e+02, 2.8959e+00, 
 1DIAGNOSTIC,    46, -9.433779131121e-01, 2.302433525125e-05, 1.5432e+02, 2.9015e+00, 
 1DIAGNOSTIC,    47, -9.435091122835e-01, 2.146450413551e-05, 1.5719e+02, 2.8740e+00, 
 1DIAGNOSTIC,    48, -9.436340448425e-01, 2.007226509890e-05, 1.6006e+02, 2.8701e+00, 
 1DIAGNOSTIC,    49, -9.437546790242e-01, 1.881965023754e-05, 1.6295e+02, 2.8905e+00, 
 1DIAGNOSTIC,    50, -9.438711637627e-01, 1.770770862322e-05, 1.6583e+02, 2.8841e+00, 
 1DIAGNOSTIC,    51, -9.438507105083e-01, 1.589130606325e-05, 1.6873e+02, 2.8923e+00, 
 1DIAGNOSTIC,    52, -9.435625106803e-01, 1.190499731046e-05, 1.7164e+02, 2.9086e+00, 
 1DIAGNOSTIC,    53, -9.431429328044e-01, 5.544104484844e-06, 1.7452e+02, 2.8865e+00, 
 1DIAGNOSTIC,    54, -9.432326873409e-01, 3.050292908015e-07, 1.7744e+02, 2.9152e+00, 
XXDIAGNOSTIC,Iteration,metricValue,convergenceValue,ITERATION_TIME_INDEX,SINCE_LAST
 1DIAGNOSTIC,     1, -8.949374715621e-01, 1.797693134862e+308, 2.0306e+02, 2.5626e+01, 
 1DIAGNOSTIC,     2, -8.975270557527e-01, 1.797693134862e+308, 2.2809e+02, 2.5024e+01, 
 1DIAGNOSTIC,     3, -9.006006362097e-01, 1.797693134862e+308, 2.5551e+02, 2.7426e+01, 
 1DIAGNOSTIC,     4, -9.033392769872e-01, 1.797693134862e+308, 2.7892e+02, 2.3405e+01, 
 1DIAGNOSTIC,     5, -9.059078467822e-01, 1.797693134862e+308, 3.0241e+02, 2.3488e+01, 
 1DIAGNOSTIC,     6, -9.079849031621e-01, 1.797693134862e+308, 3.2630e+02, 2.3896e+01, 
 1DIAGNOSTIC,     7, -9.098229718373e-01, 1.797693134862e+308, 3.5129e+02, 2.4985e+01, 
 1DIAGNOSTIC,     8, -9.114313308303e-01, 1.797693134862e+308, 3.7645e+02, 2.5167e+01, 
 1DIAGNOSTIC,     9, -9.128668180020e-01, 1.797693134862e+308, 4.0097e+02, 2.4519e+01, 
 1DIAGNOSTIC,    10, -9.140452331129e-01, 1.367466997749e-03, 4.2437e+02, 2.3401e+01, 
 1DIAGNOSTIC,    11, -9.150822915750e-01, 1.110615233831e-03, 4.4806e+02, 2.3685e+01, 
 1DIAGNOSTIC,    12, -9.160663238802e-01, 8.895770529726e-04, 4.7160e+02, 2.3545e+01, 
 1DIAGNOSTIC,    13, -9.168751092145e-01, 7.150416158807e-04, 4.9544e+02, 2.3835e+01, 
 1DIAGNOSTIC,    14, -9.177972103179e-01, 5.816469151990e-04, 5.1926e+02, 2.3822e+01, 
 1DIAGNOSTIC,    15, -9.185655275807e-01, 4.819816174985e-04, 5.4303e+02, 2.3766e+01, 
 1DIAGNOSTIC,    16, -9.192798799991e-01, 4.047294969988e-04, 5.6672e+02, 2.3689e+01, 
 1DIAGNOSTIC,    17, -9.199472992725e-01, 3.450415817197e-04, 5.9042e+02, 2.3703e+01, 
 1DIAGNOSTIC,    18, -9.205699432541e-01, 2.985132909663e-04, 6.1410e+02, 2.3680e+01, 
 1DIAGNOSTIC,    19, -9.211156297379e-01, 2.615352695697e-04, 6.3777e+02, 2.3674e+01, 
 1DIAGNOSTIC,    20, -9.215982631473e-01, 2.296984783735e-04, 6.6146e+02, 2.3689e+01, 
 1DIAGNOSTIC,    21, -9.220246179154e-01, 2.011137272741e-04, 6.8545e+02, 2.3989e+01, 
 1DIAGNOSTIC,    22, -9.224125212572e-01, 1.757435376151e-04, 7.0923e+02, 2.3778e+01, 
 1DIAGNOSTIC,    23, -9.227630297162e-01, 1.517266262303e-04, 7.3310e+02, 2.3872e+01, 
 1DIAGNOSTIC,    24, -9.230880418313e-01, 1.316154757214e-04, 7.5694e+02, 2.3838e+01, 
 1DIAGNOSTIC,    25, -9.233911454254e-01, 1.140601922967e-04, 7.8052e+02, 2.3576e+01, 
 1DIAGNOSTIC,    26, -9.236775253593e-01, 9.907682529939e-05, 8.0429e+02, 2.3775e+01, 
 1DIAGNOSTIC,    27, -9.239497841010e-01, 8.667035384428e-05, 8.2824e+02, 2.3953e+01, 
 1DIAGNOSTIC,    28, -9.242121861923e-01, 7.679101542811e-05, 8.5206e+02, 2.3819e+01, 
 1DIAGNOSTIC,    29, -9.244679586522e-01, 6.892900744892e-05, 8.7630e+02, 2.4235e+01, 
 1DIAGNOSTIC,    30, -9.247147368563e-01, 6.263572415762e-05, 9.0039e+02, 2.4093e+01, 
 1DIAGNOSTIC,    31, -9.249555307710e-01, 5.751793180025e-05, 9.2437e+02, 2.3982e+01, 
 1DIAGNOSTIC,    32, -9.251973893076e-01, 5.340067500936e-05, 9.4827e+02, 2.3903e+01, 
 1DIAGNOSTIC,    33, -9.254406256909e-01, 5.007410567411e-05, 9.7233e+02, 2.4055e+01, 
 1DIAGNOSTIC,    34, -9.256842915541e-01, 4.740247212517e-05, 9.9814e+02, 2.5814e+01, 
 1DIAGNOSTIC,    35, -9.259329552923e-01, 4.529535675650e-05, 1.0241e+03, 2.5918e+01, 
 1DIAGNOSTIC,    36, -9.261684741091e-01, 4.352042764051e-05, 1.0486e+03, 2.4550e+01, 
 1DIAGNOSTIC,    37, -9.263965823007e-01, 4.192259511581e-05, 1.0726e+03, 2.3985e+01, 
 1DIAGNOSTIC,    38, -9.266215119738e-01, 4.042144882269e-05, 1.0966e+03, 2.4050e+01, 
 1DIAGNOSTIC,    39, -9.268408610838e-01, 3.894925403956e-05, 1.1221e+03, 2.5476e+01, 
 1DIAGNOSTIC,    40, -9.270565075391e-01, 3.744760190302e-05, 1.1473e+03, 2.5175e+01, 
 1DIAGNOSTIC,    41, -9.272696766890e-01, 3.590596310331e-05, 1.1712e+03, 2.3864e+01, 
 1DIAGNOSTIC,    42, -9.274793018617e-01, 3.436942036572e-05, 1.1975e+03, 2.6304e+01, 
 1DIAGNOSTIC,    43, -9.276908218929e-01, 3.292515855977e-05, 1.2220e+03, 2.4557e+01, 
 1DIAGNOSTIC,    44, -9.278886742681e-01, 3.153170843998e-05, 1.2478e+03, 2.5730e+01, 
 1DIAGNOSTIC,    45, -9.280765639154e-01, 3.021732193526e-05, 1.2730e+03, 2.5223e+01, 
 1DIAGNOSTIC,    46, -9.282564246939e-01, 2.889471974399e-05, 1.2968e+03, 2.3836e+01, 
 1DIAGNOSTIC,    47, -9.284254328566e-01, 2.750697399855e-05, 1.3207e+03, 2.3882e+01, 
 1DIAGNOSTIC,    48, -9.285883688928e-01, 2.607319266184e-05, 1.3447e+03, 2.4000e+01, 
 1DIAGNOSTIC,    49, -9.287447319034e-01, 2.460280787814e-05, 1.3686e+03, 2.3914e+01, 
 1DIAGNOSTIC,    50, -9.288961258619e-01, 2.313549250910e-05, 1.3926e+03, 2.4003e+01, 
XXDIAGNOSTIC,Iteration,metricValue,convergenceValue,ITERATION_TIME_INDEX,SINCE_LAST
 1DIAGNOSTIC,     1, -8.847626584508e-01, 1.797693134862e+308, 1.6178e+03, 2.2522e+02, 
 1DIAGNOSTIC,     2, -8.860941789827e-01, 1.797693134862e+308, 1.8496e+03, 2.3178e+02, 
 1DIAGNOSTIC,     3, -8.880374047327e-01, 1.797693134862e+308, 2.1238e+03, 2.7416e+02, 
 1DIAGNOSTIC,     4, -8.898935053087e-01, 1.797693134862e+308, 2.3957e+03, 2.7191e+02, 
 1DIAGNOSTIC,     5, -8.915522135755e-01, 1.797693134862e+308, 2.6742e+03, 2.7851e+02, 
 1DIAGNOSTIC,     6, -8.929530816147e-01, 1.797693134862e+308, 2.9590e+03, 2.8477e+02, 
 1DIAGNOSTIC,     7, -8.941375417147e-01, 1.797693134862e+308, 3.2212e+03, 2.6223e+02, 
 1DIAGNOSTIC,     8, -8.952495744019e-01, 1.797693134862e+308, 3.4948e+03, 2.7359e+02, 
 1DIAGNOSTIC,     9, -8.963213049062e-01, 1.797693134862e+308, 3.7724e+03, 2.7762e+02, 
 1DIAGNOSTIC,    10, -8.972334090158e-01, 9.174280390694e-04, 4.0374e+03, 2.6495e+02, 
 1DIAGNOSTIC,    11, -8.981540369639e-01, 7.711166308834e-04, 4.3152e+03, 2.7788e+02, 
 1DIAGNOSTIC,    12, -8.990465676641e-01, 6.385563715553e-04, 4.5916e+03, 2.7639e+02, 
 1DIAGNOSTIC,    13, -8.998896340795e-01, 5.363808080558e-04, 4.8562e+03, 2.6460e+02, 
 1DIAGNOSTIC,    14, -9.006886252028e-01, 4.599019012302e-04, 5.1367e+03, 2.8050e+02, 
 1DIAGNOSTIC,    15, -9.013637276698e-01, 4.007511868529e-04, 5.4071e+03, 2.7037e+02, 
 1DIAGNOSTIC,    16, -9.020150115801e-01, 3.528109563811e-04, 5.6778e+03, 2.7075e+02, 
 1DIAGNOSTIC,    17, -9.026497651972e-01, 3.117972291481e-04, 5.9605e+03, 2.8266e+02, 
 1DIAGNOSTIC,    18, -9.032629844688e-01, 2.767268122613e-04, 6.2254e+03, 2.6490e+02, 
 1DIAGNOSTIC,    19, -9.038550525428e-01, 2.473570205533e-04, 6.4956e+03, 2.7017e+02, 
 1DIAGNOSTIC,    20, -9.043952624194e-01, 2.208574082570e-04, 6.7689e+03, 2.7328e+02, 
  Elapsed time (stage 0): 6771.04


Total elapsed time: 6771.05
