
##########################
# Experiment information #
##########################
SIF_IMG: /project/rrg-glatard/mdugre/containers/ants-p2-vprec.sif
EXPERIMENT_NAME: vprec-space_search
CONFIG: 0110
VFC_BACKENDS: libinterflop_vprec.so --range-binary32=7 --precision-binary32=17 --range-binary64=7 --precision-binary64=17

FIXED_IMG: /templateflow/tpl-MNI152NLin2009cAsym/tpl-MNI152NLin2009cAsym_res-01_desc-brain_T1w.nii.gz
SUBJECT_ID: 0003016
INPUT_IMG: /project/rrg-glatard/mdugre/datasets/corr/RawDataBIDS/BMB_1/derivatives/antsBrainExtraction/sub-0003016/BrainExtractionBrain.nii.gz
OUTPUT_DIR: /project/rrg-glatard/mdugre/datasets/corr/RawDataBIDS/BMB_1/derivatives/vprec-space_search/0110/r7-p17/sub-0003016

ITK_GLOBAL_DEFAULT_NUMBER_OF_THREADS: 8
##########################

VFC_BACKENDS=libinterflop_ieee.so
Info [verificarlo]: loaded backend libinterflop_ieee.so
Info [interflop-ieee]: load backend with:
Info [interflop-ieee]: debug = false
Info [interflop-ieee]: debug-binary = false
Info [interflop-ieee]: no-backend-name = false
Info [interflop-ieee]: print-new-line = false
Info [interflop-ieee]: print-subnormal-normalized = false
Info [interflop-ieee]: count-op = false
All_Command_lines_OK
Using double precision for computations.
=============================================================================
The composite transform comprises the following transforms (in order): 
  1. Center of mass alignment using fixed image: /templateflow/tpl-MNI152NLin2009cAsym/tpl-MNI152NLin2009cAsym_res-01_desc-brain_T1w.nii.gz and moving image: /project/rrg-glatard/mdugre/datasets/corr/RawDataBIDS/BMB_1/derivatives/antsBrainExtraction/sub-0003016/BrainExtractionBrain.nii.gz (type = Euler3DTransform)
=============================================================================
  number of levels = 1
  fixed image: /templateflow/tpl-MNI152NLin2009cAsym/tpl-MNI152NLin2009cAsym_res-01_desc-brain_T1w.nii.gz
  moving image: /project/rrg-glatard/mdugre/datasets/corr/RawDataBIDS/BMB_1/derivatives/antsBrainExtraction/sub-0003016/BrainExtractionBrain.nii.gz
Dimension = 3
Number of stages = 1
Use histogram matching = false
Winsorize image intensities = true
  Lower quantile = 0.005
  Upper quantile = 0.995


Stage 1 State
   Image metric = MattesMI
     Fixed image = Image (0x3308390)
  RTTI typeinfo:   itk::Image<double, 3u>
  Reference Count: 2
  Modified Time: 2330
  Debug: Off
  Object Name: 
  Observers: 
    none
  Source: (none)
  Source output name: (none)
  Release Data: Off
  Data Released: False
  Global Release Data: Off
  PipelineMTime: 0
  UpdateMTime: 1941
  RealTimeStamp: 0 seconds 
  LargestPossibleRegion: 
    Dimension: 3
    Index: [0, 0, 0]
    Size: [193, 229, 193]
  BufferedRegion: 
    Dimension: 3
    Index: [0, 0, 0]
    Size: [193, 229, 193]
  RequestedRegion: 
    Dimension: 3
    Index: [0, 0, 0]
    Size: [193, 229, 193]
  Spacing: [1, 1, 1]
  Origin: [96, 132, -78]
  Direction: 
-1 0 0
0 -1 0
0 0 1

  IndexToPointMatrix: 
-1 0 0
0 -1 0
0 0 1

  PointToIndexMatrix: 
-1 0 0
0 -1 0
0 0 1

  Inverse Direction: 
-1 0 0
0 -1 0
0 0 1

  PixelContainer: 
    ImportImageContainer (0x33d3a90)
      RTTI typeinfo:   itk::ImportImageContainer<unsigned long, double>
      Reference Count: 1
      Modified Time: 1938
      Debug: Off
      Object Name: 
      Observers: 
        none
      Pointer: 0x1551ee2f5010
      Container manages memory: true
      Size: 8530021
      Capacity: 8530021

     Moving image = Image (0x330d390)
  RTTI typeinfo:   itk::Image<double, 3u>
  Reference Count: 2
  Modified Time: 2331
  Debug: Off
  Object Name: 
  Observers: 
    none
  Source: (none)
  Source output name: (none)
  Release Data: Off
  Data Released: False
  Global Release Data: Off
  PipelineMTime: 0
  UpdateMTime: 2328
  RealTimeStamp: 0 seconds 
  LargestPossibleRegion: 
    Dimension: 3
    Index: [0, 0, 0]
    Size: [176, 256, 256]
  BufferedRegion: 
    Dimension: 3
    Index: [0, 0, 0]
    Size: [176, 256, 256]
  RequestedRegion: 
    Dimension: 3
    Index: [0, 0, 0]
    Size: [176, 256, 256]
  Spacing: [1, 1, 1]
  Origin: [-87.5, 93.2651, -125.795]
  Direction: 
1 0 0
0 -1 0
0 0 1

  IndexToPointMatrix: 
1 0 0
0 -1 0
0 0 1

  PointToIndexMatrix: 
1 0 0
0 -1 0
0 0 1

  Inverse Direction: 
1 0 0
0 -1 0
0 0 1

  PixelContainer: 
    ImportImageContainer (0x34b3b90)
      RTTI typeinfo:   itk::ImportImageContainer<unsigned long, double>
      Reference Count: 1
      Modified Time: 2325
      Debug: Off
      Object Name: 
      Observers: 
        none
      Pointer: 0x1551e8af4010
      Container manages memory: true
      Size: 11534336
      Capacity: 11534336

     Weighting = 1
     Sampling strategy = regular
     Number of bins = 32
     Radius = 4
     Sampling percentage  = 0.25
   Transform = Rigid
     Gradient step = 0.1
     Update field sigma (voxel space) = 0
     Total field sigma (voxel space) = 0
     Update field time sigma = 0
     Total field time sigma  = 0
     Number of time indices = 0
     Number of time point samples = 0
Registration using 1 total stages.

Stage 0
  iterations = 0
  convergence threshold = 1e-06
  convergence window size = 10
  number of levels = 1
  using the Mattes MI metric (number of bins = 32, weight = 1, use gradient filter = 0)
  preprocessing:  winsorizing the image intensities
  Shrink factors (level 1 out of 1): [1, 1, 1]
  smoothing sigmas per level: [0]
  regular sampling (percentage = 0.25)

*** Running Euler3DTransform registration ***

  Elapsed time (stage 0): 1.00457


Total elapsed time: 1.00622
VFC_BACKENDS=libinterflop_vprec.so --range-binary32=7 --precision-binary32=17 --range-binary64=7 --precision-binary64=17
Info [verificarlo]: loaded backend libinterflop_vprec.so
Info [interflop-vprec]: load backend with: 
Info [interflop-vprec]: precision-binary32 = 17
Info [interflop-vprec]: range-binary32 = 7
Info [interflop-vprec]: precision-binary64 = 17
Info [interflop-vprec]: range-binary64 = 7
Info [interflop-vprec]: mode = ob
Info [interflop-vprec]: error-mode = rel
Info [interflop-vprec]: max-abs-error-exponent = -1022
Info [interflop-vprec]: daz = false
Info [interflop-vprec]: ftz = false
Info [interflop-vprec]: 	instrument = none
Info [interflop-vprec]: 	prec-input-file = (null)
Info [interflop-vprec]: 	prec-output-file = (null)
Info [interflop-vprec]: 	prec-log-file = (null)
All_Command_lines_OK
Using double precision for computations.
=============================================================================
The composite transform comprises the following transforms (in order): 
  1. /project/rrg-glatard/mdugre/datasets/corr/RawDataBIDS/BMB_1/derivatives/vprec-space_search/0110/r7-p17/sub-0003016/align_Composite.h5[0] (type = Euler3DTransform)
  2. /project/rrg-glatard/mdugre/datasets/corr/RawDataBIDS/BMB_1/derivatives/vprec-space_search/0110/r7-p17/sub-0003016/align_Composite.h5[1] (type = Euler3DTransform)
=============================================================================
  number of levels = 4
  fixed image: /templateflow/tpl-MNI152NLin2009cAsym/tpl-MNI152NLin2009cAsym_res-01_desc-brain_T1w.nii.gz
  moving image: /project/rrg-glatard/mdugre/datasets/corr/RawDataBIDS/BMB_1/derivatives/antsBrainExtraction/sub-0003016/BrainExtractionBrain.nii.gz
Dimension = 3
Number of stages = 1
Use histogram matching = false
Winsorize image intensities = true
  Lower quantile = 0.005
  Upper quantile = 0.995


Stage 1 State
   Image metric = MattesMI
     Fixed image = Image (0x3b95300)
  RTTI typeinfo:   itk::Image<double, 3u>
  Reference Count: 2
  Modified Time: 1578
  Debug: Off
  Object Name: 
  Observers: 
    none
  Source: (none)
  Source output name: (none)
  Release Data: Off
  Data Released: False
  Global Release Data: Off
  PipelineMTime: 0
  UpdateMTime: 1189
  RealTimeStamp: 0 seconds 
  LargestPossibleRegion: 
    Dimension: 3
    Index: [0, 0, 0]
    Size: [193, 229, 193]
  BufferedRegion: 
    Dimension: 3
    Index: [0, 0, 0]
    Size: [193, 229, 193]
  RequestedRegion: 
    Dimension: 3
    Index: [0, 0, 0]
    Size: [193, 229, 193]
  Spacing: [1, 1, 1]
  Origin: [96, 132, -78]
  Direction: 
-1 0 0
0 -1 0
0 0 1

  IndexToPointMatrix: 
-1 0 0
0 -1 0
0 0 1

  PointToIndexMatrix: 
-1 0 0
0 -1 0
0 0 1

  Inverse Direction: 
-1 0 0
0 -1 0
0 0 1

  PixelContainer: 
    ImportImageContainer (0x3c584b0)
      RTTI typeinfo:   itk::ImportImageContainer<unsigned long, double>
      Reference Count: 1
      Modified Time: 1186
      Debug: Off
      Object Name: 
      Observers: 
        none
      Pointer: 0x14a21f6b6010
      Container manages memory: true
      Size: 8530021
      Capacity: 8530021

     Moving image = Image (0x3c581c0)
  RTTI typeinfo:   itk::Image<double, 3u>
  Reference Count: 2
  Modified Time: 1579
  Debug: Off
  Object Name: 
  Observers: 
    none
  Source: (none)
  Source output name: (none)
  Release Data: Off
  Data Released: False
  Global Release Data: Off
  PipelineMTime: 0
  UpdateMTime: 1576
  RealTimeStamp: 0 seconds 
  LargestPossibleRegion: 
    Dimension: 3
    Index: [0, 0, 0]
    Size: [176, 256, 256]
  BufferedRegion: 
    Dimension: 3
    Index: [0, 0, 0]
    Size: [176, 256, 256]
  RequestedRegion: 
    Dimension: 3
    Index: [0, 0, 0]
    Size: [176, 256, 256]
  Spacing: [1, 1, 1]
  Origin: [-87.5, 93.2651, -125.795]
  Direction: 
1 0 0
0 -1 0
0 0 1

  IndexToPointMatrix: 
1 0 0
0 -1 0
0 0 1

  PointToIndexMatrix: 
1 0 0
0 -1 0
0 0 1

  Inverse Direction: 
1 0 0
0 -1 0
0 0 1

  PixelContainer: 
    ImportImageContainer (0x3d1b010)
      RTTI typeinfo:   itk::ImportImageContainer<unsigned long, double>
      Reference Count: 1
      Modified Time: 1573
      Debug: Off
      Object Name: 
      Observers: 
        none
      Pointer: 0x14a219eb5010
      Container manages memory: true
      Size: 11534336
      Capacity: 11534336

     Weighting = 1
     Sampling strategy = regular
     Number of bins = 32
     Radius = 4
     Sampling percentage  = 0.25
   Transform = Rigid
     Gradient step = 0.1
     Update field sigma (voxel space) = 0
     Total field sigma (voxel space) = 0
     Update field time sigma = 0
     Total field time sigma  = 0
     Number of time indices = 0
     Number of time point samples = 0
Registration using 1 total stages.

Stage 0
  iterations = 1000x500x250x100
  convergence threshold = 1e-06
  convergence window size = 10
  number of levels = 4
  using the Mattes MI metric (number of bins = 32, weight = 1, use gradient filter = 0)
  preprocessing:  winsorizing the image intensities
  Shrink factors (level 1 out of 4): [8, 8, 8]
  Shrink factors (level 2 out of 4): [4, 4, 4]
  Shrink factors (level 3 out of 4): [2, 2, 2]
  Shrink factors (level 4 out of 4): [1, 1, 1]
  smoothing sigmas per level: [3, 2, 1, 0]
  regular sampling (percentage = 0.25)

*** Running Euler3DTransform registration ***

DIAGNOSTIC,Iteration,metricValue,convergenceValue,ITERATION_TIME_INDEX,SINCE_LAST
 2DIAGNOSTIC,     1, -6.954487996177e-01, 1.797693134862e+308, 0.0000e+00, 0.0000e+00, 
 2DIAGNOSTIC,     2, -6.973928153518e-01, 1.797693134862e+308, 0.0000e+00, 0.0000e+00, 
 2DIAGNOSTIC,     3, -7.006772641729e-01, 1.797693134862e+308, 0.0000e+00, 0.0000e+00, 
 2DIAGNOSTIC,     4, -7.068732444282e-01, 1.797693134862e+308, 0.0000e+00, 0.0000e+00, 
 2DIAGNOSTIC,     5, -7.153077147153e-01, 1.797693134862e+308, 0.0000e+00, 0.0000e+00, 
 2DIAGNOSTIC,     6, -7.232088673975e-01, 1.797693134862e+308, 0.0000e+00, 0.0000e+00, 
 2DIAGNOSTIC,     7, -7.386038375977e-01, 1.797693134862e+308, 0.0000e+00, 0.0000e+00, 
 2DIAGNOSTIC,     8, -7.496540131412e-01, 1.797693134862e+308, 0.0000e+00, 0.0000e+00, 
 2DIAGNOSTIC,     9, -7.510595957872e-01, 1.797693134862e+308, 0.0000e+00, 0.0000e+00, 
 2DIAGNOSTIC,    10, -7.558689659284e-01, 6.203128857506e-03, 0.0000e+00, 0.0000e+00, 
 2DIAGNOSTIC,    11, -7.609273837625e-01, 5.738672250389e-03, 0.0000e+00, 0.0000e+00, 
 2DIAGNOSTIC,    12, -7.640463177728e-01, 4.996232508038e-03, 0.0000e+00, 0.0000e+00, 
 2DIAGNOSTIC,    13, -7.657552648945e-01, 4.067591449788e-03, 0.0000e+00, 0.0000e+00, 
 2DIAGNOSTIC,    14, -7.717815004988e-01, 3.247317962731e-03, 0.0000e+00, 0.0000e+00, 
 2DIAGNOSTIC,    15, -7.749217630706e-01, 2.540926663368e-03, 0.0000e+00, 0.0000e+00, 
 2DIAGNOSTIC,    16, -7.835438943564e-01, 2.080404303554e-03, 0.0000e+00, 0.0000e+00, 
 2DIAGNOSTIC,    17, -7.962699961630e-01, 2.107307364869e-03, 0.0000e+00, 0.0000e+00, 
 2DIAGNOSTIC,    18, -7.984380612241e-01, 2.212652424051e-03, 0.0000e+00, 0.0000e+00, 
 2DIAGNOSTIC,    19, -7.990566503995e-01, 2.144054304341e-03, 0.0000e+00, 0.0000e+00, 
 2DIAGNOSTIC,    20, -8.000789105862e-01, 1.994857186341e-03, 0.0000e+00, 0.0000e+00, 
 2DIAGNOSTIC,    21, -8.015997079827e-01, 1.790501403862e-03, 0.0000e+00, 0.0000e+00, 
 2DIAGNOSTIC,    22, -8.119999189485e-01, 1.665512655977e-03, 0.0000e+00, 0.0000e+00, 
 2DIAGNOSTIC,    23, -8.143121014945e-01, 1.456558955365e-03, 0.0000e+00, 0.0000e+00, 
 2DIAGNOSTIC,    24, -8.156429288696e-01, 1.248836011371e-03, 0.0000e+00, 0.0000e+00, 
 2DIAGNOSTIC,    25, -8.191539187585e-01, 1.041896098465e-03, 0.0000e+00, 0.0000e+00, 
 2DIAGNOSTIC,    26, -8.238244507013e-01, 9.373640798210e-04, 0.0000e+00, 0.0000e+00, 
 2DIAGNOSTIC,    27, -8.380751370104e-01, 1.117684600078e-03, 0.0000e+00, 0.0000e+00, 
 2DIAGNOSTIC,    28, -8.438370852365e-01, 1.278287989455e-03, 0.0000e+00, 0.0000e+00, 
 2DIAGNOSTIC,    29, -8.443327458173e-01, 1.323165898346e-03, 0.0000e+00, 0.0000e+00, 
 2DIAGNOSTIC,    30, -8.443917219809e-01, 1.257313970012e-03, 0.0000e+00, 0.0000e+00, 
 2DIAGNOSTIC,    31, -8.445556565428e-01, 1.093823700610e-03, 0.0000e+00, 0.0000e+00, 
 2DIAGNOSTIC,    32, -8.446781925318e-01, 9.546999735877e-04, 0.0000e+00, 0.0000e+00, 
 2DIAGNOSTIC,    33, -8.450119619435e-01, 7.627320977975e-04, 0.0000e+00, 0.0000e+00, 
 2DIAGNOSTIC,    34, -8.455340639213e-01, 5.321223179635e-04, 0.0000e+00, 0.0000e+00, 
 2DIAGNOSTIC,    35, -8.456976109738e-01, 3.044850933240e-04, 0.0000e+00, 0.0000e+00, 
 2DIAGNOSTIC,    36, -8.459673657492e-01, 1.078094418139e-04, 0.0000e+00, 0.0000e+00, 
 2DIAGNOSTIC,    37, -8.460877352987e-01, 5.058244094064e-05, 0.0000e+00, 0.0000e+00, 
 2DIAGNOSTIC,    38, -8.459688555101e-01, 4.503574926872e-05, 0.0000e+00, 0.0000e+00, 
 2DIAGNOSTIC,    39, -8.456926340850e-01, 3.761789541686e-05, 0.0000e+00, 0.0000e+00, 
 2DIAGNOSTIC,    40, -8.453983406649e-01, 2.503407882255e-05, 0.0000e+00, 0.0000e+00, 
 2DIAGNOSTIC,    41, -8.452280403713e-01, 1.079929399652e-05, 0.0000e+00, 0.0000e+00, 
DIAGNOSTIC,Iteration,metricValue,convergenceValue,ITERATION_TIME_INDEX,SINCE_LAST
 2DIAGNOSTIC,     1, -6.978812966011e-01, 1.797693134862e+308, 0.0000e+00, 0.0000e+00, 
 2DIAGNOSTIC,     2, -6.988312715858e-01, 1.797693134862e+308, 0.0000e+00, 0.0000e+00, 
 2DIAGNOSTIC,     3, -6.999190760623e-01, 1.797693134862e+308, 0.0000e+00, 0.0000e+00, 
 2DIAGNOSTIC,     4, -7.005772928862e-01, 1.797693134862e+308, 0.0000e+00, 0.0000e+00, 
 2DIAGNOSTIC,     5, -7.009289665558e-01, 1.797693134862e+308, 0.0000e+00, 0.0000e+00, 
 2DIAGNOSTIC,     6, -7.010868447909e-01, 1.797693134862e+308, 0.0000e+00, 0.0000e+00, 
 2DIAGNOSTIC,     7, -7.012645772705e-01, 1.797693134862e+308, 0.0000e+00, 0.0000e+00, 
 2DIAGNOSTIC,     8, -7.012751841002e-01, 1.797693134862e+308, 0.0000e+00, 0.0000e+00, 
 2DIAGNOSTIC,     9, -7.012904837633e-01, 1.797693134862e+308, 0.0000e+00, 0.0000e+00, 
 2DIAGNOSTIC,    10, -7.012912123144e-01, 2.813960003989e-04, 0.0000e+00, 0.0000e+00, 
 2DIAGNOSTIC,    11, -7.012910336640e-01, 1.633150542199e-04, 0.0000e+00, 0.0000e+00, 
 2DIAGNOSTIC,    12, -7.012903608216e-01, 8.193560766008e-05, 0.0000e+00, 0.0000e+00, 
 2DIAGNOSTIC,    13, -7.012906614982e-01, 3.947678712661e-05, 0.0000e+00, 0.0000e+00, 
 2DIAGNOSTIC,    14, -7.012909745537e-01, 1.864087113422e-05, 0.0000e+00, 0.0000e+00, 
 2DIAGNOSTIC,    15, -7.012909640161e-01, 8.535992026243e-06, 0.0000e+00, 0.0000e+00, 
 2DIAGNOSTIC,    16, -7.012909669306e-01, 2.987881671745e-06, 0.0000e+00, 0.0000e+00, 
 2DIAGNOSTIC,    17, -7.012909669306e-01, 2.237124283634e-06, 0.0000e+00, 0.0000e+00, 
 2DIAGNOSTIC,    18, -7.012903397564e-01, 1.749467142882e-06, 0.0000e+00, 0.0000e+00, 
 2DIAGNOSTIC,    19, -7.012903397564e-01, 1.639396328044e-06, 0.0000e+00, 0.0000e+00, 
 2DIAGNOSTIC,    20, -7.012901177513e-01, 1.552284399131e-06, 0.0000e+00, 0.0000e+00, 
 2DIAGNOSTIC,    21, -7.012901177513e-01, 1.472687455734e-06, 0.0000e+00, 0.0000e+00, 
 2DIAGNOSTIC,    22, -7.012906819794e-01, 1.400853172941e-06, 0.0000e+00, 0.0000e+00, 
 2DIAGNOSTIC,    23, -7.012906819794e-01, 1.343211817051e-06, 0.0000e+00, 0.0000e+00, 
 2DIAGNOSTIC,    24, -7.012907067979e-01, 1.298790208520e-06, 0.0000e+00, 0.0000e+00, 
 2DIAGNOSTIC,    25, -7.012907067979e-01, 1.259127293186e-06, 0.0000e+00, 0.0000e+00, 
 2DIAGNOSTIC,    26, -7.012907265288e-01, 1.222869735133e-06, 0.0000e+00, 0.0000e+00, 
DIAGNOSTIC,Iteration,metricValue,convergenceValue,ITERATION_TIME_INDEX,SINCE_LAST
 2DIAGNOSTIC,     1, -6.003334074329e-01, 1.797693134862e+308, 0.0000e+00, 0.0000e+00, 
 2DIAGNOSTIC,     2, -6.007139399072e-01, 1.797693134862e+308, 0.0000e+00, 0.0000e+00, 
 2DIAGNOSTIC,     3, -6.008529740766e-01, 1.797693134862e+308, 0.0000e+00, 0.0000e+00, 
 2DIAGNOSTIC,     4, -6.009330517267e-01, 1.797693134862e+308, 0.0000e+00, 0.0000e+00, 
 2DIAGNOSTIC,     5, -6.010234574979e-01, 1.797693134862e+308, 0.0000e+00, 0.0000e+00, 
 2DIAGNOSTIC,     6, -6.010607704293e-01, 1.797693134862e+308, 0.0000e+00, 0.0000e+00, 
 2DIAGNOSTIC,     7, -6.012245919148e-01, 1.797693134862e+308, 0.0000e+00, 0.0000e+00, 
 2DIAGNOSTIC,     8, -6.013746494528e-01, 1.797693134862e+308, 0.0000e+00, 0.0000e+00, 
 2DIAGNOSTIC,     9, -6.013699872778e-01, 1.797693134862e+308, 0.0000e+00, 0.0000e+00, 
 2DIAGNOSTIC,    10, -6.013713966983e-01, 1.033836453974e-04, 0.0000e+00, 0.0000e+00, 
 2DIAGNOSTIC,    11, -6.013714485724e-01, 7.199482055580e-05, 0.0000e+00, 0.0000e+00, 
 2DIAGNOSTIC,    12, -6.013714545459e-01, 5.443591010885e-05, 0.0000e+00, 0.0000e+00, 
 2DIAGNOSTIC,    13, -6.013714211090e-01, 3.982255132938e-05, 0.0000e+00, 0.0000e+00, 
 2DIAGNOSTIC,    14, -6.013713663924e-01, 2.660476341369e-05, 0.0000e+00, 0.0000e+00, 
 2DIAGNOSTIC,    15, -6.013713755200e-01, 1.588200839592e-05, 0.0000e+00, 0.0000e+00, 
 2DIAGNOSTIC,    16, -6.013713715886e-01, 6.250919034806e-06, 0.0000e+00, 0.0000e+00, 
 2DIAGNOSTIC,    17, -6.013713715886e-01, 1.794299400788e-06, 0.0000e+00, 0.0000e+00, 
 2DIAGNOSTIC,    18, -6.013711893636e-01, 1.778828626960e-06, 0.0000e+00, 0.0000e+00, 
 2DIAGNOSTIC,    19, -6.013711893636e-01, 1.645522127454e-06, 0.0000e+00, 0.0000e+00, 
 2DIAGNOSTIC,    20, -6.013712111905e-01, 1.560471222517e-06, 0.0000e+00, 0.0000e+00, 
 2DIAGNOSTIC,    21, -6.013712111905e-01, 1.485964345814e-06, 0.0000e+00, 0.0000e+00, 
 2DIAGNOSTIC,    22, -6.013712048923e-01, 1.419596747702e-06, 0.0000e+00, 0.0000e+00, 
 2DIAGNOSTIC,    23, -6.013712048923e-01, 1.359592611931e-06, 0.0000e+00, 0.0000e+00, 
 2DIAGNOSTIC,    24, -6.013711907253e-01, 1.304197095202e-06, 0.0000e+00, 0.0000e+00, 
 2DIAGNOSTIC,    25, -6.013711907253e-01, 1.254153623856e-06, 0.0000e+00, 0.0000e+00, 
 2DIAGNOSTIC,    26, -6.013711981768e-01, 1.208550697199e-06, 0.0000e+00, 0.0000e+00, 
 2DIAGNOSTIC,    27, -6.013711981768e-01, 1.166718411813e-06, 0.0000e+00, 0.0000e+00, 
 2DIAGNOSTIC,    28, -6.013711901002e-01, 1.124681564435e-06, 0.0000e+00, 0.0000e+00, 
 2DIAGNOSTIC,    29, -6.013711901002e-01, 1.085587940763e-06, 0.0000e+00, 0.0000e+00, 
 2DIAGNOSTIC,    30, -6.013711893366e-01, 1.049503604272e-06, 0.0000e+00, 0.0000e+00, 
 2DIAGNOSTIC,    31, -6.013711893366e-01, 1.015803697407e-06, 0.0000e+00, 0.0000e+00, 
DIAGNOSTIC,Iteration,metricValue,convergenceValue,ITERATION_TIME_INDEX,SINCE_LAST
 2DIAGNOSTIC,     1, -5.411897613689e-01, 1.797693134862e+308, 0.0000e+00, 0.0000e+00, 
 2DIAGNOSTIC,     2, -5.413587076927e-01, 1.797693134862e+308, 0.0000e+00, 0.0000e+00, 
 2DIAGNOSTIC,     3, -5.413848571535e-01, 1.797693134862e+308, 0.0000e+00, 0.0000e+00, 
 2DIAGNOSTIC,     4, -5.414336422995e-01, 1.797693134862e+308, 0.0000e+00, 0.0000e+00, 
 2DIAGNOSTIC,     5, -5.414758292467e-01, 1.797693134862e+308, 0.0000e+00, 0.0000e+00, 
 2DIAGNOSTIC,     6, -5.415020418447e-01, 1.797693134862e+308, 0.0000e+00, 0.0000e+00, 
 2DIAGNOSTIC,     7, -5.415029781848e-01, 1.797693134862e+308, 0.0000e+00, 0.0000e+00, 
 2DIAGNOSTIC,     8, -5.415040451032e-01, 1.797693134862e+308, 0.0000e+00, 0.0000e+00, 
 2DIAGNOSTIC,     9, -5.415043694453e-01, 1.797693134862e+308, 0.0000e+00, 0.0000e+00, 
 2DIAGNOSTIC,    10, -5.415046368810e-01, 3.267730177095e-05, 0.0000e+00, 0.0000e+00, 
 2DIAGNOSTIC,    11, -5.415037387514e-01, 1.778341932497e-05, 0.0000e+00, 0.0000e+00, 
 2DIAGNOSTIC,    12, -5.415015843068e-01, 1.134958836446e-05, 0.0000e+00, 0.0000e+00, 
 2DIAGNOSTIC,    13, -5.415022225800e-01, 6.182166430946e-06, 0.0000e+00, 0.0000e+00, 
 2DIAGNOSTIC,    14, -5.415012348172e-01, 3.168115081775e-06, 0.0000e+00, 0.0000e+00, 
 2DIAGNOSTIC,    15, -5.415018492863e-01, 1.944556828962e-06, 0.0000e+00, 0.0000e+00, 
 2DIAGNOSTIC,    16, -5.415022157365e-01, 1.759983042637e-06, 0.0000e+00, 0.0000e+00, 
 2DIAGNOSTIC,    17, -5.415008146151e-01, 1.601870128667e-06, 0.0000e+00, 0.0000e+00, 
 2DIAGNOSTIC,    18, -5.415011799684e-01, 1.527303750151e-06, 0.0000e+00, 0.0000e+00, 
 2DIAGNOSTIC,    19, -5.415008541117e-01, 1.479441935910e-06, 0.0000e+00, 0.0000e+00, 
 2DIAGNOSTIC,    20, -5.415001302624e-01, 1.440789998829e-06, 0.0000e+00, 0.0000e+00, 
 2DIAGNOSTIC,    21, -5.415001271945e-01, 1.397619125251e-06, 0.0000e+00, 0.0000e+00, 
 2DIAGNOSTIC,    22, -5.415002591643e-01, 1.319362660297e-06, 0.0000e+00, 0.0000e+00, 
 2DIAGNOSTIC,    23, -5.415001471827e-01, 1.271046465648e-06, 0.0000e+00, 0.0000e+00, 
 2DIAGNOSTIC,    24, -5.415004765407e-01, 1.221056235477e-06, 0.0000e+00, 0.0000e+00, 
 2DIAGNOSTIC,    25, -5.415016568192e-01, 1.220982264905e-06, 0.0000e+00, 0.0000e+00, 
 2DIAGNOSTIC,    26, -5.415018116038e-01, 1.235305634131e-06, 0.0000e+00, 0.0000e+00, 
 2DIAGNOSTIC,    27, -5.415016688567e-01, 1.216065629479e-06, 0.0000e+00, 0.0000e+00, 
 2DIAGNOSTIC,    28, -5.415016129479e-01, 1.199825603884e-06, 0.0000e+00, 0.0000e+00, 
 2DIAGNOSTIC,    29, -5.415017948068e-01, 1.175315221168e-06, 0.0000e+00, 0.0000e+00, 
 2DIAGNOSTIC,    30, -5.415018390615e-01, 1.131595433426e-06, 0.0000e+00, 0.0000e+00, 
 2DIAGNOSTIC,    31, -5.415019151254e-01, 1.084100861172e-06, 0.0000e+00, 0.0000e+00, 
 2DIAGNOSTIC,    32, -5.415019704065e-01, 1.036692242752e-06, 0.0000e+00, 0.0000e+00, 
  Elapsed time (stage 0): 0.0000e+00


Total elapsed time: 0.0000e+00
VFC_BACKENDS=libinterflop_vprec.so --range-binary32=7 --precision-binary32=17 --range-binary64=7 --precision-binary64=17
Info [verificarlo]: loaded backend libinterflop_vprec.so
Info [interflop-vprec]: load backend with: 
Info [interflop-vprec]: precision-binary32 = 17
Info [interflop-vprec]: range-binary32 = 7
Info [interflop-vprec]: precision-binary64 = 17
Info [interflop-vprec]: range-binary64 = 7
Info [interflop-vprec]: mode = ob
Info [interflop-vprec]: error-mode = rel
Info [interflop-vprec]: max-abs-error-exponent = -1022
Info [interflop-vprec]: daz = false
Info [interflop-vprec]: ftz = false
Info [interflop-vprec]: 	instrument = none
Info [interflop-vprec]: 	prec-input-file = (null)
Info [interflop-vprec]: 	prec-output-file = (null)
Info [interflop-vprec]: 	prec-log-file = (null)
All_Command_lines_OK
Using double precision for computations.
=============================================================================
The composite transform comprises the following transforms (in order): 
  1. /project/rrg-glatard/mdugre/datasets/corr/RawDataBIDS/BMB_1/derivatives/vprec-space_search/0110/r7-p17/sub-0003016/rigid_Composite.h5[0] (type = Euler3DTransform)
  2. /project/rrg-glatard/mdugre/datasets/corr/RawDataBIDS/BMB_1/derivatives/vprec-space_search/0110/r7-p17/sub-0003016/rigid_Composite.h5[1] (type = Euler3DTransform)
  3. /project/rrg-glatard/mdugre/datasets/corr/RawDataBIDS/BMB_1/derivatives/vprec-space_search/0110/r7-p17/sub-0003016/rigid_Composite.h5[2] (type = Euler3DTransform)
=============================================================================
  number of levels = 4
  fixed image: /templateflow/tpl-MNI152NLin2009cAsym/tpl-MNI152NLin2009cAsym_res-01_desc-brain_T1w.nii.gz
  moving image: /project/rrg-glatard/mdugre/datasets/corr/RawDataBIDS/BMB_1/derivatives/antsBrainExtraction/sub-0003016/BrainExtractionBrain.nii.gz
Dimension = 3
Number of stages = 1
Use histogram matching = false
Winsorize image intensities = true
  Lower quantile = 0.005
  Upper quantile = 0.995


Stage 1 State
   Image metric = MattesMI
     Fixed image = Image (0x434f300)
  RTTI typeinfo:   itk::Image<double, 3u>
  Reference Count: 2
  Modified Time: 1592
  Debug: Off
  Object Name: 
  Observers: 
    none
  Source: (none)
  Source output name: (none)
  Release Data: Off
  Data Released: False
  Global Release Data: Off
  PipelineMTime: 0
  UpdateMTime: 1203
  RealTimeStamp: 0 seconds 
  LargestPossibleRegion: 
    Dimension: 3
    Index: [0, 0, 0]
    Size: [193, 229, 193]
  BufferedRegion: 
    Dimension: 3
    Index: [0, 0, 0]
    Size: [193, 229, 193]
  RequestedRegion: 
    Dimension: 3
    Index: [0, 0, 0]
    Size: [193, 229, 193]
  Spacing: [1, 1, 1]
  Origin: [96, 132, -78]
  Direction: 
-1 0 0
0 -1 0
0 0 1

  IndexToPointMatrix: 
-1 0 0
0 -1 0
0 0 1

  PointToIndexMatrix: 
-1 0 0
0 -1 0
0 0 1

  Inverse Direction: 
-1 0 0
0 -1 0
0 0 1

  PixelContainer: 
    ImportImageContainer (0x43c7c30)
      RTTI typeinfo:   itk::ImportImageContainer<unsigned long, double>
      Reference Count: 1
      Modified Time: 1200
      Debug: Off
      Object Name: 
      Observers: 
        none
      Pointer: 0x1458bb5b4010
      Container manages memory: true
      Size: 8530021
      Capacity: 8530021

     Moving image = Image (0x4409e80)
  RTTI typeinfo:   itk::Image<double, 3u>
  Reference Count: 2
  Modified Time: 1593
  Debug: Off
  Object Name: 
  Observers: 
    none
  Source: (none)
  Source output name: (none)
  Release Data: Off
  Data Released: False
  Global Release Data: Off
  PipelineMTime: 0
  UpdateMTime: 1590
  RealTimeStamp: 0 seconds 
  LargestPossibleRegion: 
    Dimension: 3
    Index: [0, 0, 0]
    Size: [176, 256, 256]
  BufferedRegion: 
    Dimension: 3
    Index: [0, 0, 0]
    Size: [176, 256, 256]
  RequestedRegion: 
    Dimension: 3
    Index: [0, 0, 0]
    Size: [176, 256, 256]
  Spacing: [1, 1, 1]
  Origin: [-87.5, 93.2651, -125.795]
  Direction: 
1 0 0
0 -1 0
0 0 1

  IndexToPointMatrix: 
1 0 0
0 -1 0
0 0 1

  PointToIndexMatrix: 
1 0 0
0 -1 0
0 0 1

  Inverse Direction: 
1 0 0
0 -1 0
0 0 1

  PixelContainer: 
    ImportImageContainer (0x43bfc10)
      RTTI typeinfo:   itk::ImportImageContainer<unsigned long, double>
      Reference Count: 1
      Modified Time: 1587
      Debug: Off
      Object Name: 
      Observers: 
        none
      Pointer: 0x1458b5db3010
      Container manages memory: true
      Size: 11534336
      Capacity: 11534336

     Weighting = 1
     Sampling strategy = regular
     Number of bins = 32
     Radius = 4
     Sampling percentage  = 0.25
   Transform = Affine
     Gradient step = 0.1
     Update field sigma (voxel space) = 0
     Total field sigma (voxel space) = 0
     Update field time sigma = 0
     Total field time sigma  = 0
     Number of time indices = 0
     Number of time point samples = 0
Registration using 1 total stages.

Stage 0
  iterations = 1000x500x250x100
  convergence threshold = 1e-06
  convergence window size = 10
  number of levels = 4
  using the Mattes MI metric (number of bins = 32, weight = 1, use gradient filter = 0)
  preprocessing:  winsorizing the image intensities
  Shrink factors (level 1 out of 4): [8, 8, 8]
  Shrink factors (level 2 out of 4): [4, 4, 4]
  Shrink factors (level 3 out of 4): [2, 2, 2]
  Shrink factors (level 4 out of 4): [1, 1, 1]
  smoothing sigmas per level: [3, 2, 1, 0]
  regular sampling (percentage = 0.25)

*** Running AffineTransform registration ***

DIAGNOSTIC,Iteration,metricValue,convergenceValue,ITERATION_TIME_INDEX,SINCE_LAST
 2DIAGNOSTIC,     1, -8.402907429228e-01, 1.797693134862e+308, 0.0000e+00, 0.0000e+00, 
 2DIAGNOSTIC,     2, -8.423587120773e-01, 1.797693134862e+308, 0.0000e+00, 0.0000e+00, 
 2DIAGNOSTIC,     3, -8.456340070439e-01, 1.797693134862e+308, 0.0000e+00, 0.0000e+00, 
 2DIAGNOSTIC,     4, -8.512920269062e-01, 1.797693134862e+308, 0.0000e+00, 0.0000e+00, 
 2DIAGNOSTIC,     5, -8.584830776364e-01, 1.797693134862e+308, 0.0000e+00, 0.0000e+00, 
 2DIAGNOSTIC,     6, -8.758613003461e-01, 1.797693134862e+308, 0.0000e+00, 0.0000e+00, 
 2DIAGNOSTIC,     7, -8.799747257418e-01, 1.797693134862e+308, 0.0000e+00, 0.0000e+00, 
 2DIAGNOSTIC,     8, -8.841357339901e-01, 1.797693134862e+308, 0.0000e+00, 0.0000e+00, 
 2DIAGNOSTIC,     9, -8.930328324144e-01, 1.797693134862e+308, 0.0000e+00, 0.0000e+00, 
 2DIAGNOSTIC,    10, -8.928594207277e-01, 4.600027720390e-03, 0.0000e+00, 0.0000e+00, 
 2DIAGNOSTIC,    11, -8.927149388916e-01, 3.975346665093e-03, 0.0000e+00, 0.0000e+00, 
 2DIAGNOSTIC,    12, -8.925431189232e-01, 3.156061194549e-03, 0.0000e+00, 0.0000e+00, 
 2DIAGNOSTIC,    13, -8.924758276657e-01, 2.264184344991e-03, 0.0000e+00, 0.0000e+00, 
 2DIAGNOSTIC,    14, -8.923169316614e-01, 1.422852552189e-03, 0.0000e+00, 0.0000e+00, 
 2DIAGNOSTIC,    15, -8.923862754560e-01, 7.147222019292e-04, 0.0000e+00, 0.0000e+00, 
 2DIAGNOSTIC,    16, -8.921355500687e-01, 3.802666465804e-04, 0.0000e+00, 0.0000e+00, 
 2DIAGNOSTIC,    17, -8.919566797161e-01, 1.259353489392e-04, 0.0000e+00, 0.0000e+00, 
DIAGNOSTIC,Iteration,metricValue,convergenceValue,ITERATION_TIME_INDEX,SINCE_LAST
 2DIAGNOSTIC,     1, -7.584629073269e-01, 1.797693134862e+308, 0.0000e+00, 0.0000e+00, 
 2DIAGNOSTIC,     2, -7.594019882585e-01, 1.797693134862e+308, 0.0000e+00, 0.0000e+00, 
 2DIAGNOSTIC,     3, -7.602629676998e-01, 1.797693134862e+308, 0.0000e+00, 0.0000e+00, 
 2DIAGNOSTIC,     4, -7.607896024034e-01, 1.797693134862e+308, 0.0000e+00, 0.0000e+00, 
 2DIAGNOSTIC,     5, -7.609941920252e-01, 1.797693134862e+308, 0.0000e+00, 0.0000e+00, 
 2DIAGNOSTIC,     6, -7.609236307311e-01, 1.797693134862e+308, 0.0000e+00, 0.0000e+00, 
 2DIAGNOSTIC,     7, -7.608979505891e-01, 1.797693134862e+308, 0.0000e+00, 0.0000e+00, 
 2DIAGNOSTIC,     8, -7.608934776990e-01, 1.797693134862e+308, 0.0000e+00, 0.0000e+00, 
 2DIAGNOSTIC,     9, -7.608775351079e-01, 1.797693134862e+308, 0.0000e+00, 0.0000e+00, 
 2DIAGNOSTIC,    10, -7.608867256673e-01, 1.599160706805e-04, 0.0000e+00, 0.0000e+00, 
 2DIAGNOSTIC,    11, -7.608900424461e-01, 7.229011772922e-05, 0.0000e+00, 0.0000e+00, 
 2DIAGNOSTIC,    12, -7.609613632771e-01, 2.406438761093e-05, 0.0000e+00, 0.0000e+00, 
 2DIAGNOSTIC,    13, -7.610289609565e-01, 7.575583503922e-06, 0.0000e+00, 0.0000e+00, 
 2DIAGNOSTIC,    14, -7.610027962862e-01, 6.122693345947e-06, 0.0000e+00, 0.0000e+00, 
 2DIAGNOSTIC,    15, -7.610821289702e-01, 1.168871125654e-05, 0.0000e+00, 0.0000e+00, 
 2DIAGNOSTIC,    16, -7.610814296907e-01, 1.398216912228e-05, 0.0000e+00, 0.0000e+00, 
 2DIAGNOSTIC,    17, -7.610770239926e-01, 1.422024140715e-05, 0.0000e+00, 0.0000e+00, 
 2DIAGNOSTIC,    18, -7.610781432146e-01, 1.323485052680e-05, 0.0000e+00, 0.0000e+00, 
 2DIAGNOSTIC,    19, -7.610768694531e-01, 1.096492022962e-05, 0.0000e+00, 0.0000e+00, 
 2DIAGNOSTIC,    20, -7.610765308046e-01, 8.234037589018e-06, 0.0000e+00, 0.0000e+00, 
 2DIAGNOSTIC,    21, -7.610778268088e-01, 5.191084162463e-06, 0.0000e+00, 0.0000e+00, 
 2DIAGNOSTIC,    22, -7.610781831413e-01, 3.281331640057e-06, 0.0000e+00, 0.0000e+00, 
 2DIAGNOSTIC,    23, -7.610642592336e-01, 2.264099263953e-06, 0.0000e+00, 0.0000e+00, 
DIAGNOSTIC,Iteration,metricValue,convergenceValue,ITERATION_TIME_INDEX,SINCE_LAST
 2DIAGNOSTIC,     1, -6.348658641503e-01, 1.797693134862e+308, 0.0000e+00, 0.0000e+00, 
 2DIAGNOSTIC,     2, -6.355765070408e-01, 1.797693134862e+308, 0.0000e+00, 0.0000e+00, 
 2DIAGNOSTIC,     3, -6.360547044069e-01, 1.797693134862e+308, 0.0000e+00, 0.0000e+00, 
 2DIAGNOSTIC,     4, -6.377324182359e-01, 1.797693134862e+308, 0.0000e+00, 0.0000e+00, 
 2DIAGNOSTIC,     5, -6.377306686242e-01, 1.797693134862e+308, 0.0000e+00, 0.0000e+00, 
 2DIAGNOSTIC,     6, -6.377288501835e-01, 1.797693134862e+308, 0.0000e+00, 0.0000e+00, 
 2DIAGNOSTIC,     7, -6.377287421277e-01, 1.797693134862e+308, 0.0000e+00, 0.0000e+00, 
 2DIAGNOSTIC,     8, -6.377203816946e-01, 1.797693134862e+308, 0.0000e+00, 0.0000e+00, 
 2DIAGNOSTIC,     9, -6.377195884455e-01, 1.797693134862e+308, 0.0000e+00, 0.0000e+00, 
 2DIAGNOSTIC,    10, -6.377194668062e-01, 2.660745625041e-04, 0.0000e+00, 0.0000e+00, 
 2DIAGNOSTIC,    11, -6.377206981522e-01, 1.482313151033e-04, 0.0000e+00, 0.0000e+00, 
 2DIAGNOSTIC,    12, -6.377186951872e-01, 6.359431633646e-05, 0.0000e+00, 0.0000e+00, 
 2DIAGNOSTIC,    13, -6.377193751655e-01, 1.269103374155e-06, 0.0000e+00, 0.0000e+00, 
 2DIAGNOSTIC,    14, -6.377198886210e-01, 1.423740251694e-06, 0.0000e+00, 0.0000e+00, 
 2DIAGNOSTIC,    15, -6.377189241495e-01, 1.548926908151e-06, 0.0000e+00, 0.0000e+00, 
 2DIAGNOSTIC,    16, -6.377147224103e-01, 1.539129369885e-06, 0.0000e+00, 0.0000e+00, 
 2DIAGNOSTIC,    17, -6.377145489297e-01, 1.572508107582e-06, 0.0000e+00, 0.0000e+00, 
 2DIAGNOSTIC,    18, -6.377160198943e-01, 1.456856638334e-06, 0.0000e+00, 0.0000e+00, 
 2DIAGNOSTIC,    19, -6.377142714153e-01, 1.317825384206e-06, 0.0000e+00, 0.0000e+00, 
 2DIAGNOSTIC,    20, -6.377136051967e-01, 1.207854968294e-06, 0.0000e+00, 0.0000e+00, 
 2DIAGNOSTIC,    21, -6.377109841296e-01, 1.116760131710e-06, 0.0000e+00, 0.0000e+00, 
 2DIAGNOSTIC,    22, -6.377097320738e-01, 1.004281120945e-06, 0.0000e+00, 0.0000e+00, 
DIAGNOSTIC,Iteration,metricValue,convergenceValue,ITERATION_TIME_INDEX,SINCE_LAST
 2DIAGNOSTIC,     1, -5.671593914135e-01, 1.797693134862e+308, 0.0000e+00, 0.0000e+00, 
 2DIAGNOSTIC,     2, -5.676488624438e-01, 1.797693134862e+308, 0.0000e+00, 0.0000e+00, 
 2DIAGNOSTIC,     3, -5.682797590717e-01, 1.797693134862e+308, 0.0000e+00, 0.0000e+00, 
 2DIAGNOSTIC,     4, -5.694618529892e-01, 1.797693134862e+308, 0.0000e+00, 0.0000e+00, 
 2DIAGNOSTIC,     5, -5.705689888872e-01, 1.797693134862e+308, 0.0000e+00, 0.0000e+00, 
 2DIAGNOSTIC,     6, -5.705654743119e-01, 1.797693134862e+308, 0.0000e+00, 0.0000e+00, 
 2DIAGNOSTIC,     7, -5.705667489769e-01, 1.797693134862e+308, 0.0000e+00, 0.0000e+00, 
 2DIAGNOSTIC,     8, -5.705650295913e-01, 1.797693134862e+308, 0.0000e+00, 0.0000e+00, 
 2DIAGNOSTIC,     9, -5.705672751209e-01, 1.797693134862e+308, 0.0000e+00, 0.0000e+00, 
 2DIAGNOSTIC,    10, -5.705682037763e-01, 4.062245155062e-04, 0.0000e+00, 0.0000e+00, 
 2DIAGNOSTIC,    11, -5.705658221803e-01, 2.609594771869e-04, 0.0000e+00, 0.0000e+00, 
 2DIAGNOSTIC,    12, -5.705610182300e-01, 1.375441225511e-04, 0.0000e+00, 0.0000e+00, 
 2DIAGNOSTIC,    13, -5.705601654992e-01, 4.434778228798e-05, 0.0000e+00, 0.0000e+00, 
 2DIAGNOSTIC,    14, -5.705601445554e-01, 1.647617913020e-06, 0.0000e+00, 0.0000e+00, 
 2DIAGNOSTIC,    15, -5.705600106662e-01, 1.505086139025e-06, 0.0000e+00, 0.0000e+00, 
 2DIAGNOSTIC,    16, -5.705590554077e-01, 1.296584096339e-06, 0.0000e+00, 0.0000e+00, 
 2DIAGNOSTIC,    17, -5.705598515853e-01, 1.241594185984e-06, 0.0000e+00, 0.0000e+00, 
 2DIAGNOSTIC,    18, -5.705599455071e-01, 1.201670689045e-06, 0.0000e+00, 0.0000e+00, 
 2DIAGNOSTIC,    19, -5.705599511918e-01, 1.272349403385e-06, 0.0000e+00, 0.0000e+00, 
 2DIAGNOSTIC,    20, -5.705590010128e-01, 1.371779666380e-06, 0.0000e+00, 0.0000e+00, 
 2DIAGNOSTIC,    21, -5.705591191881e-01, 1.431071647615e-06, 0.0000e+00, 0.0000e+00, 
 2DIAGNOSTIC,    22, -5.705594348475e-01, 1.389741230227e-06, 0.0000e+00, 0.0000e+00, 
 2DIAGNOSTIC,    23, -5.705594969486e-01, 1.337943693322e-06, 0.0000e+00, 0.0000e+00, 
 2DIAGNOSTIC,    24, -5.705591999846e-01, 1.287171448719e-06, 0.0000e+00, 0.0000e+00, 
 2DIAGNOSTIC,    25, -5.705591868605e-01, 1.241355853478e-06, 0.0000e+00, 0.0000e+00, 
 2DIAGNOSTIC,    26, -5.705594185997e-01, 1.186573954481e-06, 0.0000e+00, 0.0000e+00, 
 2DIAGNOSTIC,    27, -5.705592908948e-01, 1.149952070449e-06, 0.0000e+00, 0.0000e+00, 
 2DIAGNOSTIC,    28, -5.705595466064e-01, 1.123728729707e-06, 0.0000e+00, 0.0000e+00, 
 2DIAGNOSTIC,    29, -5.705595922087e-01, 1.100951530206e-06, 0.0000e+00, 0.0000e+00, 
 2DIAGNOSTIC,    30, -5.705586255568e-01, 1.046535327877e-06, 0.0000e+00, 0.0000e+00, 
  Elapsed time (stage 0): 0.0000e+00


Total elapsed time: 0.0000e+00
VFC_BACKENDS=libinterflop_ieee.so
Info [verificarlo]: loaded backend libinterflop_ieee.so
Info [interflop-ieee]: load backend with:
Info [interflop-ieee]: debug = false
Info [interflop-ieee]: debug-binary = false
Info [interflop-ieee]: no-backend-name = false
Info [interflop-ieee]: print-new-line = false
Info [interflop-ieee]: print-subnormal-normalized = false
Info [interflop-ieee]: count-op = false
All_Command_lines_OK
Using double precision for computations.
=============================================================================
The composite transform comprises the following transforms (in order): 
  1. /project/rrg-glatard/mdugre/datasets/corr/RawDataBIDS/BMB_1/derivatives/vprec-space_search/0110/r7-p17/sub-0003016/affine_Composite.h5[0] (type = Euler3DTransform)
  2. /project/rrg-glatard/mdugre/datasets/corr/RawDataBIDS/BMB_1/derivatives/vprec-space_search/0110/r7-p17/sub-0003016/affine_Composite.h5[1] (type = Euler3DTransform)
  3. /project/rrg-glatard/mdugre/datasets/corr/RawDataBIDS/BMB_1/derivatives/vprec-space_search/0110/r7-p17/sub-0003016/affine_Composite.h5[2] (type = Euler3DTransform)
  4. /project/rrg-glatard/mdugre/datasets/corr/RawDataBIDS/BMB_1/derivatives/vprec-space_search/0110/r7-p17/sub-0003016/affine_Composite.h5[3] (type = AffineTransform)
=============================================================================
  number of levels = 4
  fixed image: /templateflow/tpl-MNI152NLin2009cAsym/tpl-MNI152NLin2009cAsym_res-01_desc-brain_T1w.nii.gz
  moving image: /project/rrg-glatard/mdugre/datasets/corr/RawDataBIDS/BMB_1/derivatives/antsBrainExtraction/sub-0003016/BrainExtractionBrain.nii.gz
Dimension = 3
Number of stages = 1
Use histogram matching = false
Winsorize image intensities = true
  Lower quantile = 0.005
  Upper quantile = 0.995


Stage 1 State
   Image metric = CC
     Fixed image = Image (0x39bb810)
  RTTI typeinfo:   itk::Image<double, 3u>
  Reference Count: 2
  Modified Time: 1606
  Debug: Off
  Object Name: 
  Observers: 
    none
  Source: (none)
  Source output name: (none)
  Release Data: Off
  Data Released: False
  Global Release Data: Off
  PipelineMTime: 0
  UpdateMTime: 1217
  RealTimeStamp: 0 seconds 
  LargestPossibleRegion: 
    Dimension: 3
    Index: [0, 0, 0]
    Size: [193, 229, 193]
  BufferedRegion: 
    Dimension: 3
    Index: [0, 0, 0]
    Size: [193, 229, 193]
  RequestedRegion: 
    Dimension: 3
    Index: [0, 0, 0]
    Size: [193, 229, 193]
  Spacing: [1, 1, 1]
  Origin: [96, 132, -78]
  Direction: 
-1 0 0
0 -1 0
0 0 1

  IndexToPointMatrix: 
-1 0 0
0 -1 0
0 0 1

  PointToIndexMatrix: 
-1 0 0
0 -1 0
0 0 1

  Inverse Direction: 
-1 0 0
0 -1 0
0 0 1

  PixelContainer: 
    ImportImageContainer (0x39c7a40)
      RTTI typeinfo:   itk::ImportImageContainer<unsigned long, double>
      Reference Count: 1
      Modified Time: 1214
      Debug: Off
      Object Name: 
      Observers: 
        none
      Pointer: 0x1521bf553010
      Container manages memory: true
      Size: 8530021
      Capacity: 8530021

     Moving image = Image (0x3a76380)
  RTTI typeinfo:   itk::Image<double, 3u>
  Reference Count: 2
  Modified Time: 1607
  Debug: Off
  Object Name: 
  Observers: 
    none
  Source: (none)
  Source output name: (none)
  Release Data: Off
  Data Released: False
  Global Release Data: Off
  PipelineMTime: 0
  UpdateMTime: 1604
  RealTimeStamp: 0 seconds 
  LargestPossibleRegion: 
    Dimension: 3
    Index: [0, 0, 0]
    Size: [176, 256, 256]
  BufferedRegion: 
    Dimension: 3
    Index: [0, 0, 0]
    Size: [176, 256, 256]
  RequestedRegion: 
    Dimension: 3
    Index: [0, 0, 0]
    Size: [176, 256, 256]
  Spacing: [1, 1, 1]
  Origin: [-87.5, 93.2651, -125.795]
  Direction: 
1 0 0
0 -1 0
0 0 1

  IndexToPointMatrix: 
1 0 0
0 -1 0
0 0 1

  PointToIndexMatrix: 
1 0 0
0 -1 0
0 0 1

  Inverse Direction: 
1 0 0
0 -1 0
0 0 1

  PixelContainer: 
    ImportImageContainer (0x3b32850)
      RTTI typeinfo:   itk::ImportImageContainer<unsigned long, double>
      Reference Count: 1
      Modified Time: 1601
      Debug: Off
      Object Name: 
      Observers: 
        none
      Pointer: 0x1521b9d52010
      Container manages memory: true
      Size: 11534336
      Capacity: 11534336

     Weighting = 1
     Sampling strategy = none
     Number of bins = 32
     Radius = 4
     Sampling percentage  = 1
   Transform = SyN
     Gradient step = 0.1
     Update field sigma (voxel space) = 3
     Total field sigma (voxel space) = 0
     Update field time sigma = 0
     Total field time sigma  = 0
     Number of time indices = 0
     Number of time point samples = 0
Registration using 1 total stages.

Stage 0
  iterations = 100x70x50x20
  convergence threshold = 1e-06
  convergence window size = 10
  number of levels = 4
  using the CC metric (radius = 4, weight = 1, use gradient filter = 0)
  preprocessing:  winsorizing the image intensities
  Shrink factors (level 1 out of 4): [8, 8, 8]
  Shrink factors (level 2 out of 4): [4, 4, 4]
  Shrink factors (level 3 out of 4): [2, 2, 2]
  Shrink factors (level 4 out of 4): [1, 1, 1]
  smoothing sigmas per level: [3, 2, 1, 0]
  Using default NONE metricSamplingStrategy 

*** Running SyN registration (varianceForUpdateField = 3, varianceForTotalField = 0) ***

XXDIAGNOSTIC,Iteration,metricValue,convergenceValue,ITERATION_TIME_INDEX,SINCE_LAST
 1DIAGNOSTIC,     1, -9.376736102992e-01, 1.797693134862e+308, 1.4699e+00, 1.4699e+00, 
 1DIAGNOSTIC,     2, -9.469561874011e-01, 1.797693134862e+308, 1.8070e+00, 3.3710e-01, 
 1DIAGNOSTIC,     3, -9.539286734135e-01, 1.797693134862e+308, 2.1416e+00, 3.3462e-01, 
 1DIAGNOSTIC,     4, -9.576360573651e-01, 1.797693134862e+308, 2.4855e+00, 3.4389e-01, 
 1DIAGNOSTIC,     5, -9.601185611313e-01, 1.797693134862e+308, 2.8293e+00, 3.4381e-01, 
 1DIAGNOSTIC,     6, -9.626772507372e-01, 1.797693134862e+308, 3.1635e+00, 3.3422e-01, 
 1DIAGNOSTIC,     7, -9.659357897616e-01, 1.797693134862e+308, 3.5005e+00, 3.3699e-01, 
 1DIAGNOSTIC,     8, -9.695234920117e-01, 1.797693134862e+308, 3.8321e+00, 3.3162e-01, 
 1DIAGNOSTIC,     9, -9.720646698602e-01, 1.797693134862e+308, 4.1621e+00, 3.2999e-01, 
 1DIAGNOSTIC,    10, -9.725234099237e-01, 2.135902485951e-03, 4.4946e+00, 3.3249e-01, 
 1DIAGNOSTIC,    11, -9.730026983579e-01, 1.544668884457e-03, 4.8267e+00, 3.3209e-01, 
 1DIAGNOSTIC,    12, -9.733984608573e-01, 1.149283194171e-03, 5.1578e+00, 3.3114e-01, 
 1DIAGNOSTIC,    13, -9.736035106384e-01, 8.722713288831e-04, 5.4940e+00, 3.3615e-01, 
 1DIAGNOSTIC,    14, -9.741037723344e-01, 6.440902028808e-04, 5.8272e+00, 3.3323e-01, 
 1DIAGNOSTIC,    15, -9.741729396929e-01, 4.382108222119e-04, 6.1645e+00, 3.3726e-01, 
 1DIAGNOSTIC,    16, -9.747585488994e-01, 2.759741688733e-04, 6.5081e+00, 3.4366e-01, 
 1DIAGNOSTIC,    17, -9.747406992083e-01, 1.624839284020e-04, 6.8453e+00, 3.3718e-01, 
 1DIAGNOSTIC,    18, -9.752710169572e-01, 1.132367363590e-04, 7.1993e+00, 3.5400e-01, 
 1DIAGNOSTIC,    19, -9.751933276600e-01, 9.676500930998e-05, 7.5385e+00, 3.3922e-01, 
 1DIAGNOSTIC,    20, -9.754792093177e-01, 8.402519612538e-05, 7.8776e+00, 3.3904e-01, 
 1DIAGNOSTIC,    21, -9.753294774732e-01, 6.928665784190e-05, 8.2122e+00, 3.3463e-01, 
 1DIAGNOSTIC,    22, -9.757395852624e-01, 6.038000842371e-05, 8.5504e+00, 3.3815e-01, 
 1DIAGNOSTIC,    23, -9.755857539823e-01, 4.712358718341e-05, 8.8851e+00, 3.3476e-01, 
 1DIAGNOSTIC,    24, -9.756332952675e-01, 3.751359958511e-05, 9.2159e+00, 3.3074e-01, 
 1DIAGNOSTIC,    25, -9.754319922601e-01, 2.362745117926e-05, 9.5474e+00, 3.3158e-01, 
 1DIAGNOSTIC,    26, -9.758027964693e-01, 1.960883992567e-05, 9.8868e+00, 3.3935e-01, 
 1DIAGNOSTIC,    27, -9.756658514997e-01, 1.215805898136e-05, 1.0226e+01, 3.3883e-01, 
 1DIAGNOSTIC,    28, -9.755421598456e-01, 8.561631704644e-06, 1.0561e+01, 3.3572e-01, 
 1DIAGNOSTIC,    29, -9.753639551858e-01, 1.980338581141e-06, 1.0894e+01, 3.3238e-01, 
 1DIAGNOSTIC,    30, -9.755736364585e-01, 6.944832594072e-07, 1.1227e+01, 3.3301e-01, 
XXDIAGNOSTIC,Iteration,metricValue,convergenceValue,ITERATION_TIME_INDEX,SINCE_LAST
 1DIAGNOSTIC,     1, -9.214767500568e-01, 1.797693134862e+308, 1.5318e+01, 4.0908e+00, 
 1DIAGNOSTIC,     2, -9.244701057307e-01, 1.797693134862e+308, 1.8191e+01, 2.8733e+00, 
 1DIAGNOSTIC,     3, -9.274211580649e-01, 1.797693134862e+308, 2.1079e+01, 2.8879e+00, 
 1DIAGNOSTIC,     4, -9.299557384857e-01, 1.797693134862e+308, 2.3974e+01, 2.8954e+00, 
 1DIAGNOSTIC,     5, -9.318168900485e-01, 1.797693134862e+308, 2.6860e+01, 2.8863e+00, 
 1DIAGNOSTIC,     6, -9.335331333509e-01, 1.797693134862e+308, 2.9743e+01, 2.8821e+00, 
 1DIAGNOSTIC,     7, -9.348937573789e-01, 1.797693134862e+308, 3.2639e+01, 2.8967e+00, 
 1DIAGNOSTIC,     8, -9.360332232005e-01, 1.797693134862e+308, 3.5523e+01, 2.8839e+00, 
 1DIAGNOSTIC,     9, -9.370705941931e-01, 1.797693134862e+308, 3.8495e+01, 2.9714e+00, 
 1DIAGNOSTIC,    10, -9.380170120997e-01, 1.107217720105e-03, 4.1374e+01, 2.8798e+00, 
 1DIAGNOSTIC,    11, -9.389055411165e-01, 8.588472665101e-04, 4.4285e+01, 2.9105e+00, 
 1DIAGNOSTIC,    12, -9.397594486562e-01, 6.717034173474e-04, 4.7193e+01, 2.9081e+00, 
 1DIAGNOSTIC,    13, -9.404460022531e-01, 5.372111975530e-04, 5.0098e+01, 2.9048e+00, 
 1DIAGNOSTIC,    14, -9.410596402100e-01, 4.412711911851e-04, 5.3022e+01, 2.9245e+00, 
 1DIAGNOSTIC,    15, -9.416143528947e-01, 3.664662259329e-04, 5.5948e+01, 2.9257e+00, 
 1DIAGNOSTIC,    16, -9.421205302152e-01, 3.093808912981e-04, 5.8867e+01, 2.9186e+00, 
 1DIAGNOSTIC,    17, -9.425840853562e-01, 2.629642660780e-04, 6.1767e+01, 2.9000e+00, 
 1DIAGNOSTIC,    18, -9.430157943030e-01, 2.238173271784e-04, 6.4642e+01, 2.8756e+00, 
 1DIAGNOSTIC,    19, -9.434137268161e-01, 1.909271147126e-04, 6.7642e+01, 3.0002e+00, 
 1DIAGNOSTIC,    20, -9.437824026917e-01, 1.634769472115e-04, 7.0501e+01, 2.8585e+00, 
 1DIAGNOSTIC,    21, -9.441281012212e-01, 1.411621283563e-04, 7.3410e+01, 2.9089e+00, 
 1DIAGNOSTIC,    22, -9.444463361038e-01, 1.238249590228e-04, 7.6288e+01, 2.8779e+00, 
 1DIAGNOSTIC,    23, -9.447448657566e-01, 1.093829045616e-04, 7.9160e+01, 2.8727e+00, 
 1DIAGNOSTIC,    24, -9.450177685183e-01, 9.708644892146e-05, 8.2029e+01, 2.8681e+00, 
 1DIAGNOSTIC,    25, -9.452801451446e-01, 8.657191824889e-05, 8.4886e+01, 2.8570e+00, 
 1DIAGNOSTIC,    26, -9.455321899982e-01, 7.757421135726e-05, 8.7768e+01, 2.8821e+00, 
 1DIAGNOSTIC,    27, -9.457526596133e-01, 6.962789792427e-05, 9.0660e+01, 2.8924e+00, 
 1DIAGNOSTIC,    28, -9.459696460019e-01, 6.272914057237e-05, 9.3534e+01, 2.8737e+00, 
 1DIAGNOSTIC,    29, -9.461747676150e-01, 5.670982493616e-05, 9.6408e+01, 2.8743e+00, 
 1DIAGNOSTIC,    30, -9.463704419845e-01, 5.145533111085e-05, 9.9313e+01, 2.9049e+00, 
 1DIAGNOSTIC,    31, -9.465580798576e-01, 4.691097640947e-05, 1.0217e+02, 2.8581e+00, 
 1DIAGNOSTIC,    32, -9.467397941693e-01, 4.297206775860e-05, 1.0503e+02, 2.8590e+00, 
 1DIAGNOSTIC,    33, -9.469138773053e-01, 3.957167915479e-05, 1.0791e+02, 2.8825e+00, 
 1DIAGNOSTIC,    34, -9.470816779607e-01, 3.657601142400e-05, 1.1078e+02, 2.8684e+00, 
 1DIAGNOSTIC,    35, -9.472424900874e-01, 3.397294965952e-05, 1.1364e+02, 2.8618e+00, 
 1DIAGNOSTIC,    36, -9.474050193799e-01, 3.181198072932e-05, 1.1654e+02, 2.8973e+00, 
 1DIAGNOSTIC,    37, -9.475488219959e-01, 2.975938902106e-05, 1.1946e+02, 2.9213e+00, 
 1DIAGNOSTIC,    38, -9.476905200462e-01, 2.788085974354e-05, 1.2234e+02, 2.8777e+00, 
 1DIAGNOSTIC,    39, -9.478315816556e-01, 2.617080102972e-05, 1.2522e+02, 2.8811e+00, 
 1DIAGNOSTIC,    40, -9.479602003923e-01, 2.454466603178e-05, 1.2809e+02, 2.8703e+00, 
 1DIAGNOSTIC,    41, -9.480903146314e-01, 2.304307051511e-05, 1.3097e+02, 2.8776e+00, 
 1DIAGNOSTIC,    42, -9.482151143312e-01, 2.166318038013e-05, 1.3386e+02, 2.8898e+00, 
 1DIAGNOSTIC,    43, -9.483303518666e-01, 2.035627543102e-05, 1.3675e+02, 2.8957e+00, 
 1DIAGNOSTIC,    44, -9.484451843269e-01, 1.914941856733e-05, 1.3970e+02, 2.9472e+00, 
 1DIAGNOSTIC,    45, -9.485508575633e-01, 1.799658298425e-05, 1.4279e+02, 3.0849e+00, 
 1DIAGNOSTIC,    46, -9.486516969517e-01, 1.694734031448e-05, 1.4585e+02, 3.0610e+00, 
 1DIAGNOSTIC,    47, -9.487446784910e-01, 1.588716447880e-05, 1.4889e+02, 3.0435e+00, 
 1DIAGNOSTIC,    48, -9.488318206190e-01, 1.483420820137e-05, 1.5195e+02, 3.0589e+00, 
 1DIAGNOSTIC,    49, -9.489123214890e-01, 1.381443644425e-05, 1.5498e+02, 3.0273e+00, 
 1DIAGNOSTIC,    50, -9.489898579769e-01, 1.280092239661e-05, 1.5799e+02, 3.0124e+00, 
 1DIAGNOSTIC,    51, -9.490538507172e-01, 1.179313503104e-05, 1.6095e+02, 2.9579e+00, 
 1DIAGNOSTIC,    52, -9.491165713591e-01, 1.082812416839e-05, 1.6399e+02, 3.0473e+00, 
 1DIAGNOSTIC,    53, -9.491725182638e-01, 9.880154958970e-06, 1.6705e+02, 3.0521e+00, 
 1DIAGNOSTIC,    54, -9.492261336782e-01, 9.005275850977e-06, 1.7015e+02, 3.1062e+00, 
 1DIAGNOSTIC,    55, -9.492757702460e-01, 8.194068507654e-06, 1.7325e+02, 3.0969e+00, 
 1DIAGNOSTIC,    56, -9.493204226789e-01, 7.453829297205e-06, 1.7635e+02, 3.0991e+00, 
 1DIAGNOSTIC,    57, -9.493634106403e-01, 6.788496448942e-06, 1.7938e+02, 3.0360e+00, 
 1DIAGNOSTIC,    58, -9.494030803619e-01, 6.197853125958e-06, 1.8244e+02, 3.0528e+00, 
 1DIAGNOSTIC,    59, -9.494388238669e-01, 5.669487844674e-06, 1.8551e+02, 3.0736e+00, 
 1DIAGNOSTIC,    60, -9.494733972041e-01, 5.222196627953e-06, 1.8855e+02, 3.0358e+00, 
 1DIAGNOSTIC,    61, -9.495044318241e-01, 4.801324606712e-06, 1.9160e+02, 3.0551e+00, 
 1DIAGNOSTIC,    62, -9.495348163358e-01, 4.429361709204e-06, 1.9467e+02, 3.0646e+00, 
 1DIAGNOSTIC,    63, -9.495626499648e-01, 4.087587071142e-06, 1.9773e+02, 3.0674e+00, 
 1DIAGNOSTIC,    64, -9.495864904938e-01, 3.771487779324e-06, 2.0080e+02, 3.0703e+00, 
 1DIAGNOSTIC,    65, -9.496101922047e-01, 3.485942186746e-06, 2.0394e+02, 3.1318e+00, 
 1DIAGNOSTIC,    66, -9.496311382302e-01, 3.215807497028e-06, 2.0697e+02, 3.0318e+00, 
 1DIAGNOSTIC,    67, -9.496514951015e-01, 2.971515713369e-06, 2.1004e+02, 3.0702e+00, 
 1DIAGNOSTIC,    68, -9.496728788997e-01, 2.761040847843e-06, 2.1315e+02, 3.1130e+00, 
 1DIAGNOSTIC,    69, -9.496873132799e-01, 2.551437548286e-06, 2.1620e+02, 3.0473e+00, 
 1DIAGNOSTIC,    70, -9.497069720203e-01, 2.377629841923e-06, 2.1929e+02, 3.0963e+00, 
XXDIAGNOSTIC,Iteration,metricValue,convergenceValue,ITERATION_TIME_INDEX,SINCE_LAST
 1DIAGNOSTIC,     1, -8.957967153933e-01, 1.797693134862e+308, 2.4542e+02, 2.6125e+01, 
 1DIAGNOSTIC,     2, -8.980225661174e-01, 1.797693134862e+308, 2.7000e+02, 2.4580e+01, 
 1DIAGNOSTIC,     3, -9.007946858823e-01, 1.797693134862e+308, 2.9421e+02, 2.4215e+01, 
 1DIAGNOSTIC,     4, -9.032880677639e-01, 1.797693134862e+308, 3.1887e+02, 2.4655e+01, 
 1DIAGNOSTIC,     5, -9.055318174363e-01, 1.797693134862e+308, 3.4264e+02, 2.3771e+01, 
 1DIAGNOSTIC,     6, -9.075867283575e-01, 1.797693134862e+308, 3.6642e+02, 2.3783e+01, 
 1DIAGNOSTIC,     7, -9.094757310032e-01, 1.797693134862e+308, 3.9049e+02, 2.4065e+01, 
 1DIAGNOSTIC,     8, -9.110749824548e-01, 1.797693134862e+308, 4.1427e+02, 2.3783e+01, 
 1DIAGNOSTIC,     9, -9.126278495372e-01, 1.797693134862e+308, 4.3784e+02, 2.3565e+01, 
 1DIAGNOSTIC,    10, -9.138894109459e-01, 1.298965000141e-03, 4.6195e+02, 2.4119e+01, 
 1DIAGNOSTIC,    11, -9.151571672838e-01, 1.086695168856e-03, 4.8575e+02, 2.3798e+01, 
 1DIAGNOSTIC,    12, -9.161861873286e-01, 8.964655369363e-04, 5.0951e+02, 2.3761e+01, 
 1DIAGNOSTIC,    13, -9.171241836952e-01, 7.433077002242e-04, 5.3393e+02, 2.4414e+01, 
 1DIAGNOSTIC,    14, -9.179805063258e-01, 6.188853703162e-04, 5.5914e+02, 2.5208e+01, 
 1DIAGNOSTIC,    15, -9.187567246940e-01, 5.170378102925e-04, 5.8416e+02, 2.5028e+01, 
 1DIAGNOSTIC,    16, -9.194561584440e-01, 4.338845994829e-04, 6.0902e+02, 2.4856e+01, 
 1DIAGNOSTIC,    17, -9.200902037646e-01, 3.666423789185e-04, 6.3396e+02, 2.4936e+01, 
 1DIAGNOSTIC,    18, -9.206763407981e-01, 3.106250867577e-04, 6.5864e+02, 2.4684e+01, 
 1DIAGNOSTIC,    19, -9.212229609485e-01, 2.660191288271e-04, 6.8325e+02, 2.4609e+01, 
 1DIAGNOSTIC,    20, -9.217350569290e-01, 2.285858313223e-04, 7.0772e+02, 2.4468e+01, 
 1DIAGNOSTIC,    21, -9.222136327621e-01, 1.992117926805e-04, 7.3186e+02, 2.4146e+01, 
 1DIAGNOSTIC,    22, -9.225050214363e-01, 1.725063500278e-04, 7.5592e+02, 2.4059e+01, 
 1DIAGNOSTIC,    23, -9.227935381851e-01, 1.485686611121e-04, 7.8039e+02, 2.4468e+01, 
 1DIAGNOSTIC,    24, -9.230874518562e-01, 1.275767105502e-04, 8.0524e+02, 2.4855e+01, 
 1DIAGNOSTIC,    25, -9.233866130902e-01, 1.096056651826e-04, 8.2975e+02, 2.4508e+01, 
 1DIAGNOSTIC,    26, -9.236905246933e-01, 9.467165536824e-05, 8.5388e+02, 2.4126e+01, 
 1DIAGNOSTIC,    27, -9.240032425520e-01, 8.283103306940e-05, 8.7779e+02, 2.3917e+01, 
 1DIAGNOSTIC,    28, -9.243264498118e-01, 7.412620989394e-05, 9.0180e+02, 2.4007e+01, 
 1DIAGNOSTIC,    29, -9.247794757305e-01, 6.970721126532e-05, 9.2653e+02, 2.4723e+01, 
 1DIAGNOSTIC,    30, -9.249822514890e-01, 6.632027981358e-05, 9.5168e+02, 2.5157e+01, 
 1DIAGNOSTIC,    31, -9.251431586184e-01, 6.335091912980e-05, 9.7707e+02, 2.5386e+01, 
 1DIAGNOSTIC,    32, -9.252781954825e-01, 5.877524636891e-05, 1.0023e+03, 2.5242e+01, 
 1DIAGNOSTIC,    33, -9.253989256278e-01, 5.278096941658e-05, 1.0273e+03, 2.4998e+01, 
 1DIAGNOSTIC,    34, -9.255124901040e-01, 4.586009207123e-05, 1.0522e+03, 2.4848e+01, 
 1DIAGNOSTIC,    35, -9.256208955592e-01, 3.863449115858e-05, 1.0767e+03, 2.4553e+01, 
 1DIAGNOSTIC,    36, -9.257302131354e-01, 3.177051965244e-05, 1.1011e+03, 2.4430e+01, 
 1DIAGNOSTIC,    37, -9.258483112496e-01, 2.591606381307e-05, 1.1256e+03, 2.4446e+01, 
 1DIAGNOSTIC,    38, -9.259837233702e-01, 2.163214855393e-05, 1.1497e+03, 2.4068e+01, 
 1DIAGNOSTIC,    39, -9.261317738455e-01, 2.031835716990e-05, 1.1737e+03, 2.4029e+01, 
 1DIAGNOSTIC,    40, -9.263044457128e-01, 2.008241786052e-05, 1.1979e+03, 2.4187e+01, 
 1DIAGNOSTIC,    41, -9.264982802807e-01, 2.066336151848e-05, 1.2221e+03, 2.4257e+01, 
 1DIAGNOSTIC,    42, -9.267196238989e-01, 2.191119789254e-05, 1.2467e+03, 2.4545e+01, 
 1DIAGNOSTIC,    43, -9.269637971113e-01, 2.367120732691e-05, 1.2713e+03, 2.4642e+01, 
 1DIAGNOSTIC,    44, -9.272167197677e-01, 2.570163304443e-05, 1.2959e+03, 2.4540e+01, 
 1DIAGNOSTIC,    45, -9.274608303659e-01, 2.764427900619e-05, 1.3204e+03, 2.4556e+01, 
 1DIAGNOSTIC,    46, -9.276677854638e-01, 2.902274079817e-05, 1.3448e+03, 2.4434e+01, 
 1DIAGNOSTIC,    47, -9.278491073191e-01, 2.957606085987e-05, 1.3698e+03, 2.4942e+01, 
 1DIAGNOSTIC,    48, -9.280080895821e-01, 2.921065663993e-05, 1.3957e+03, 2.5939e+01, 
 1DIAGNOSTIC,    49, -9.281498303797e-01, 2.792672055683e-05, 1.4214e+03, 2.5656e+01, 
 1DIAGNOSTIC,    50, -9.282763963588e-01, 2.590462275473e-05, 1.4467e+03, 2.5337e+01, 
XXDIAGNOSTIC,Iteration,metricValue,convergenceValue,ITERATION_TIME_INDEX,SINCE_LAST
 1DIAGNOSTIC,     1, -8.778014218043e-01, 1.797693134862e+308, 1.6812e+03, 2.3447e+02, 
 1DIAGNOSTIC,     2, -8.790392552533e-01, 1.797693134862e+308, 1.9091e+03, 2.2790e+02, 
 1DIAGNOSTIC,     3, -8.805836606010e-01, 1.797693134862e+308, 2.1359e+03, 2.2680e+02, 
 1DIAGNOSTIC,     4, -8.821733739225e-01, 1.797693134862e+308, 2.3616e+03, 2.2571e+02, 
 1DIAGNOSTIC,     5, -8.837378894852e-01, 1.797693134862e+308, 2.5926e+03, 2.3102e+02, 
 1DIAGNOSTIC,     6, -8.852598487052e-01, 1.797693134862e+308, 2.8236e+03, 2.3096e+02, 
 1DIAGNOSTIC,     7, -8.865975368100e-01, 1.797693134862e+308, 3.0503e+03, 2.2675e+02, 
 1DIAGNOSTIC,     8, -8.877110371139e-01, 1.797693134862e+308, 3.2821e+03, 2.3175e+02, 
 1DIAGNOSTIC,     9, -8.888376831583e-01, 1.797693134862e+308, 3.5055e+03, 2.2338e+02, 
 1DIAGNOSTIC,    10, -8.898521637541e-01, 9.010385404107e-04, 3.7331e+03, 2.2767e+02, 
 1DIAGNOSTIC,    11, -8.907993169179e-01, 7.800318792141e-04, 3.9602e+03, 2.2704e+02, 
 1DIAGNOSTIC,    12, -8.916069168065e-01, 6.635854635784e-04, 4.1898e+03, 2.2961e+02, 
 1DIAGNOSTIC,    13, -8.923586085832e-01, 5.615400513774e-04, 4.4155e+03, 2.2575e+02, 
 1DIAGNOSTIC,    14, -8.929728697249e-01, 4.732317379748e-04, 4.6494e+03, 2.3385e+02, 
 1DIAGNOSTIC,    15, -8.935234360122e-01, 3.983462570410e-04, 4.8774e+03, 2.2801e+02, 
 1DIAGNOSTIC,    16, -8.940306442850e-01, 3.366722454896e-04, 5.1059e+03, 2.2847e+02, 
 1DIAGNOSTIC,    17, -8.944935852916e-01, 2.850411490971e-04, 5.3361e+03, 2.3025e+02, 
 1DIAGNOSTIC,    18, -8.949200485445e-01, 2.400428397859e-04, 5.5619e+03, 2.2574e+02, 
 1DIAGNOSTIC,    19, -8.953182444762e-01, 2.031072597132e-04, 5.7949e+03, 2.3304e+02, 
 1DIAGNOSTIC,    20, -8.956944308356e-01, 1.731340359357e-04, 6.0260e+03, 2.3113e+02, 
  Elapsed time (stage 0): 6027.91


Total elapsed time: 6027.92
