
##########################
# Experiment information #
##########################
SIF_IMG: /project/rrg-glatard/mdugre/containers/ants-p2-vprec.sif
EXPERIMENT_NAME: vprec-space_search
CONFIG: 0110
VFC_BACKENDS: libinterflop_vprec.so --range-binary32=7 --precision-binary32=21 --range-binary64=7 --precision-binary64=21

FIXED_IMG: /templateflow/tpl-MNI152NLin2009cAsym/tpl-MNI152NLin2009cAsym_res-01_desc-brain_T1w.nii.gz
SUBJECT_ID: 0003057
INPUT_IMG: /project/rrg-glatard/mdugre/datasets/corr/RawDataBIDS/BMB_1/derivatives/antsBrainExtraction/sub-0003057/BrainExtractionBrain.nii.gz
OUTPUT_DIR: /project/rrg-glatard/mdugre/datasets/corr/RawDataBIDS/BMB_1/derivatives/vprec-space_search/0110/r7-p21/sub-0003057

ITK_GLOBAL_DEFAULT_NUMBER_OF_THREADS: 8
##########################

VFC_BACKENDS=libinterflop_ieee.so
Info [verificarlo]: loaded backend libinterflop_ieee.so
Info [interflop-ieee]: load backend with:
Info [interflop-ieee]: debug = false
Info [interflop-ieee]: debug-binary = false
Info [interflop-ieee]: no-backend-name = false
Info [interflop-ieee]: print-new-line = false
Info [interflop-ieee]: print-subnormal-normalized = false
Info [interflop-ieee]: count-op = false
All_Command_lines_OK
Using double precision for computations.
=============================================================================
The composite transform comprises the following transforms (in order): 
  1. Center of mass alignment using fixed image: /templateflow/tpl-MNI152NLin2009cAsym/tpl-MNI152NLin2009cAsym_res-01_desc-brain_T1w.nii.gz and moving image: /project/rrg-glatard/mdugre/datasets/corr/RawDataBIDS/BMB_1/derivatives/antsBrainExtraction/sub-0003057/BrainExtractionBrain.nii.gz (type = Euler3DTransform)
=============================================================================
  number of levels = 1
  fixed image: /templateflow/tpl-MNI152NLin2009cAsym/tpl-MNI152NLin2009cAsym_res-01_desc-brain_T1w.nii.gz
  moving image: /project/rrg-glatard/mdugre/datasets/corr/RawDataBIDS/BMB_1/derivatives/antsBrainExtraction/sub-0003057/BrainExtractionBrain.nii.gz
Dimension = 3
Number of stages = 1
Use histogram matching = false
Winsorize image intensities = true
  Lower quantile = 0.005
  Upper quantile = 0.995


Stage 1 State
   Image metric = MattesMI
     Fixed image = Image (0x39b0390)
  RTTI typeinfo:   itk::Image<double, 3u>
  Reference Count: 2
  Modified Time: 2334
  Debug: Off
  Object Name: 
  Observers: 
    none
  Source: (none)
  Source output name: (none)
  Release Data: Off
  Data Released: False
  Global Release Data: Off
  PipelineMTime: 0
  UpdateMTime: 1943
  RealTimeStamp: 0 seconds 
  LargestPossibleRegion: 
    Dimension: 3
    Index: [0, 0, 0]
    Size: [193, 229, 193]
  BufferedRegion: 
    Dimension: 3
    Index: [0, 0, 0]
    Size: [193, 229, 193]
  RequestedRegion: 
    Dimension: 3
    Index: [0, 0, 0]
    Size: [193, 229, 193]
  Spacing: [1, 1, 1]
  Origin: [96, 132, -78]
  Direction: 
-1 0 0
0 -1 0
0 0 1

  IndexToPointMatrix: 
-1 0 0
0 -1 0
0 0 1

  PointToIndexMatrix: 
-1 0 0
0 -1 0
0 0 1

  Inverse Direction: 
-1 0 0
0 -1 0
0 0 1

  PixelContainer: 
    ImportImageContainer (0x3a7ba90)
      RTTI typeinfo:   itk::ImportImageContainer<unsigned long, double>
      Reference Count: 1
      Modified Time: 1940
      Debug: Off
      Object Name: 
      Observers: 
        none
      Pointer: 0x153790368010
      Container manages memory: true
      Size: 8530021
      Capacity: 8530021

     Moving image = Image (0x39ae290)
  RTTI typeinfo:   itk::Image<double, 3u>
  Reference Count: 2
  Modified Time: 2335
  Debug: Off
  Object Name: 
  Observers: 
    none
  Source: (none)
  Source output name: (none)
  Release Data: Off
  Data Released: False
  Global Release Data: Off
  PipelineMTime: 0
  UpdateMTime: 2332
  RealTimeStamp: 0 seconds 
  LargestPossibleRegion: 
    Dimension: 3
    Index: [0, 0, 0]
    Size: [176, 256, 256]
  BufferedRegion: 
    Dimension: 3
    Index: [0, 0, 0]
    Size: [176, 256, 256]
  RequestedRegion: 
    Dimension: 3
    Index: [0, 0, 0]
    Size: [176, 256, 256]
  Spacing: [1, 1, 1]
  Origin: [-104.451, 92.6908, -133.506]
  Direction: 
1 0 0
0 -1 0
0 0 1

  IndexToPointMatrix: 
1 0 0
0 -1 0
0 0 1

  PointToIndexMatrix: 
1 0 0
0 -1 0
0 0 1

  Inverse Direction: 
1 0 0
0 -1 0
0 0 1

  PixelContainer: 
    ImportImageContainer (0x39db850)
      RTTI typeinfo:   itk::ImportImageContainer<unsigned long, double>
      Reference Count: 1
      Modified Time: 2329
      Debug: Off
      Object Name: 
      Observers: 
        none
      Pointer: 0x15378ab67010
      Container manages memory: true
      Size: 11534336
      Capacity: 11534336

     Weighting = 1
     Sampling strategy = regular
     Number of bins = 32
     Radius = 4
     Sampling percentage  = 0.25
   Transform = Rigid
     Gradient step = 0.1
     Update field sigma (voxel space) = 0
     Total field sigma (voxel space) = 0
     Update field time sigma = 0
     Total field time sigma  = 0
     Number of time indices = 0
     Number of time point samples = 0
Registration using 1 total stages.

Stage 0
  iterations = 0
  convergence threshold = 1e-06
  convergence window size = 10
  number of levels = 1
  using the Mattes MI metric (number of bins = 32, weight = 1, use gradient filter = 0)
  preprocessing:  winsorizing the image intensities
  Shrink factors (level 1 out of 1): [1, 1, 1]
  smoothing sigmas per level: [0]
  regular sampling (percentage = 0.25)

*** Running Euler3DTransform registration ***

  Elapsed time (stage 0): 0.986255


Total elapsed time: 0.987648
VFC_BACKENDS=libinterflop_vprec.so --range-binary32=7 --precision-binary32=21 --range-binary64=7 --precision-binary64=21
Info [verificarlo]: loaded backend libinterflop_vprec.so
Info [interflop-vprec]: load backend with: 
Info [interflop-vprec]: precision-binary32 = 21
Info [interflop-vprec]: range-binary32 = 7
Info [interflop-vprec]: precision-binary64 = 21
Info [interflop-vprec]: range-binary64 = 7
Info [interflop-vprec]: mode = ob
Info [interflop-vprec]: error-mode = rel
Info [interflop-vprec]: max-abs-error-exponent = -1022
Info [interflop-vprec]: daz = false
Info [interflop-vprec]: ftz = false
Info [interflop-vprec]: 	instrument = none
Info [interflop-vprec]: 	prec-input-file = (null)
Info [interflop-vprec]: 	prec-output-file = (null)
Info [interflop-vprec]: 	prec-log-file = (null)
All_Command_lines_OK
Using double precision for computations.
=============================================================================
The composite transform comprises the following transforms (in order): 
  1. /project/rrg-glatard/mdugre/datasets/corr/RawDataBIDS/BMB_1/derivatives/vprec-space_search/0110/r7-p21/sub-0003057/align_Composite.h5[0] (type = Euler3DTransform)
  2. /project/rrg-glatard/mdugre/datasets/corr/RawDataBIDS/BMB_1/derivatives/vprec-space_search/0110/r7-p21/sub-0003057/align_Composite.h5[1] (type = Euler3DTransform)
=============================================================================
  number of levels = 4
  fixed image: /templateflow/tpl-MNI152NLin2009cAsym/tpl-MNI152NLin2009cAsym_res-01_desc-brain_T1w.nii.gz
  moving image: /project/rrg-glatard/mdugre/datasets/corr/RawDataBIDS/BMB_1/derivatives/antsBrainExtraction/sub-0003057/BrainExtractionBrain.nii.gz
Dimension = 3
Number of stages = 1
Use histogram matching = false
Winsorize image intensities = true
  Lower quantile = 0.005
  Upper quantile = 0.995


Stage 1 State
   Image metric = MattesMI
     Fixed image = Image (0x3c50300)
  RTTI typeinfo:   itk::Image<double, 3u>
  Reference Count: 2
  Modified Time: 1578
  Debug: Off
  Object Name: 
  Observers: 
    none
  Source: (none)
  Source output name: (none)
  Release Data: Off
  Data Released: False
  Global Release Data: Off
  PipelineMTime: 0
  UpdateMTime: 1189
  RealTimeStamp: 0 seconds 
  LargestPossibleRegion: 
    Dimension: 3
    Index: [0, 0, 0]
    Size: [193, 229, 193]
  BufferedRegion: 
    Dimension: 3
    Index: [0, 0, 0]
    Size: [193, 229, 193]
  RequestedRegion: 
    Dimension: 3
    Index: [0, 0, 0]
    Size: [193, 229, 193]
  Spacing: [1, 1, 1]
  Origin: [96, 132, -78]
  Direction: 
-1 0 0
0 -1 0
0 0 1

  IndexToPointMatrix: 
-1 0 0
0 -1 0
0 0 1

  PointToIndexMatrix: 
-1 0 0
0 -1 0
0 0 1

  Inverse Direction: 
-1 0 0
0 -1 0
0 0 1

  PixelContainer: 
    ImportImageContainer (0x3d0ed00)
      RTTI typeinfo:   itk::ImportImageContainer<unsigned long, double>
      Reference Count: 1
      Modified Time: 1186
      Debug: Off
      Object Name: 
      Observers: 
        none
      Pointer: 0x1467d9260010
      Container manages memory: true
      Size: 8530021
      Capacity: 8530021

     Moving image = Image (0x3d0b030)
  RTTI typeinfo:   itk::Image<double, 3u>
  Reference Count: 2
  Modified Time: 1579
  Debug: Off
  Object Name: 
  Observers: 
    none
  Source: (none)
  Source output name: (none)
  Release Data: Off
  Data Released: False
  Global Release Data: Off
  PipelineMTime: 0
  UpdateMTime: 1576
  RealTimeStamp: 0 seconds 
  LargestPossibleRegion: 
    Dimension: 3
    Index: [0, 0, 0]
    Size: [176, 256, 256]
  BufferedRegion: 
    Dimension: 3
    Index: [0, 0, 0]
    Size: [176, 256, 256]
  RequestedRegion: 
    Dimension: 3
    Index: [0, 0, 0]
    Size: [176, 256, 256]
  Spacing: [1, 1, 1]
  Origin: [-104.451, 92.6908, -133.506]
  Direction: 
1 0 0
0 -1 0
0 0 1

  IndexToPointMatrix: 
1 0 0
0 -1 0
0 0 1

  PointToIndexMatrix: 
1 0 0
0 -1 0
0 0 1

  Inverse Direction: 
1 0 0
0 -1 0
0 0 1

  PixelContainer: 
    ImportImageContainer (0x3d0e680)
      RTTI typeinfo:   itk::ImportImageContainer<unsigned long, double>
      Reference Count: 1
      Modified Time: 1573
      Debug: Off
      Object Name: 
      Observers: 
        none
      Pointer: 0x1467d3a5f010
      Container manages memory: true
      Size: 11534336
      Capacity: 11534336

     Weighting = 1
     Sampling strategy = regular
     Number of bins = 32
     Radius = 4
     Sampling percentage  = 0.25
   Transform = Rigid
     Gradient step = 0.1
     Update field sigma (voxel space) = 0
     Total field sigma (voxel space) = 0
     Update field time sigma = 0
     Total field time sigma  = 0
     Number of time indices = 0
     Number of time point samples = 0
Registration using 1 total stages.

Stage 0
  iterations = 1000x500x250x100
  convergence threshold = 1e-06
  convergence window size = 10
  number of levels = 4
  using the Mattes MI metric (number of bins = 32, weight = 1, use gradient filter = 0)
  preprocessing:  winsorizing the image intensities
  Shrink factors (level 1 out of 4): [8, 8, 8]
  Shrink factors (level 2 out of 4): [4, 4, 4]
  Shrink factors (level 3 out of 4): [2, 2, 2]
  Shrink factors (level 4 out of 4): [1, 1, 1]
  smoothing sigmas per level: [3, 2, 1, 0]
  regular sampling (percentage = 0.25)

*** Running Euler3DTransform registration ***

DIAGNOSTIC,Iteration,metricValue,convergenceValue,ITERATION_TIME_INDEX,SINCE_LAST
 2DIAGNOSTIC,     1, -5.436243993335e-01, 1.797693134862e+308, 0.0000e+00, 0.0000e+00, 
 2DIAGNOSTIC,     2, -5.459671000029e-01, 1.797693134862e+308, 0.0000e+00, 0.0000e+00, 
 2DIAGNOSTIC,     3, -5.499300437231e-01, 1.797693134862e+308, 0.0000e+00, 0.0000e+00, 
 2DIAGNOSTIC,     4, -5.547991455688e-01, 1.797693134862e+308, 0.0000e+00, 0.0000e+00, 
 2DIAGNOSTIC,     5, -5.624557862720e-01, 1.797693134862e+308, 0.0000e+00, 0.0000e+00, 
 2DIAGNOSTIC,     6, -5.675733267898e-01, 1.797693134862e+308, 0.0000e+00, 0.0000e+00, 
 2DIAGNOSTIC,     7, -5.693266363492e-01, 1.797693134862e+308, 0.0000e+00, 0.0000e+00, 
 2DIAGNOSTIC,     8, -5.733675583432e-01, 1.797693134862e+308, 0.0000e+00, 0.0000e+00, 
 2DIAGNOSTIC,     9, -5.831620959493e-01, 1.797693134862e+308, 0.0000e+00, 0.0000e+00, 
 2DIAGNOSTIC,    10, -5.855563269506e-01, 4.970943142395e-03, 0.0000e+00, 0.0000e+00, 
 2DIAGNOSTIC,    11, -5.878121799045e-01, 4.490445486127e-03, 0.0000e+00, 0.0000e+00, 
 2DIAGNOSTIC,    12, -5.884465752195e-01, 3.821102115927e-03, 0.0000e+00, 0.0000e+00, 
 2DIAGNOSTIC,    13, -5.925361720597e-01, 3.220820828319e-03, 0.0000e+00, 0.0000e+00, 
 2DIAGNOSTIC,    14, -5.949249113711e-01, 2.661257003136e-03, 0.0000e+00, 0.0000e+00, 
 2DIAGNOSTIC,    15, -5.950719723415e-01, 2.190011500651e-03, 0.0000e+00, 0.0000e+00, 
 2DIAGNOSTIC,    16, -5.950072663573e-01, 1.742120989242e-03, 0.0000e+00, 0.0000e+00, 
 2DIAGNOSTIC,    17, -5.949271124513e-01, 1.238889294109e-03, 0.0000e+00, 0.0000e+00, 
 2DIAGNOSTIC,    18, -5.948429965211e-01, 7.796533510236e-04, 0.0000e+00, 0.0000e+00, 
 2DIAGNOSTIC,    19, -5.947644474089e-01, 5.476207794318e-04, 0.0000e+00, 0.0000e+00, 
 2DIAGNOSTIC,    20, -5.947882422399e-01, 3.481569050695e-04, 0.0000e+00, 0.0000e+00, 
 2DIAGNOSTIC,    21, -5.947246924931e-01, 1.887750758462e-04, 0.0000e+00, 0.0000e+00, 
 2DIAGNOSTIC,    22, -5.946798078187e-01, 3.806874574590e-05, 0.0000e+00, 0.0000e+00, 
DIAGNOSTIC,Iteration,metricValue,convergenceValue,ITERATION_TIME_INDEX,SINCE_LAST
 2DIAGNOSTIC,     1, -4.905912817841e-01, 1.797693134862e+308, 0.0000e+00, 0.0000e+00, 
 2DIAGNOSTIC,     2, -4.915077392295e-01, 1.797693134862e+308, 0.0000e+00, 0.0000e+00, 
 2DIAGNOSTIC,     3, -4.926716719570e-01, 1.797693134862e+308, 0.0000e+00, 0.0000e+00, 
 2DIAGNOSTIC,     4, -4.935718410518e-01, 1.797693134862e+308, 0.0000e+00, 0.0000e+00, 
 2DIAGNOSTIC,     5, -4.943038270602e-01, 1.797693134862e+308, 0.0000e+00, 0.0000e+00, 
 2DIAGNOSTIC,     6, -4.947830243915e-01, 1.797693134862e+308, 0.0000e+00, 0.0000e+00, 
 2DIAGNOSTIC,     7, -4.950106077301e-01, 1.797693134862e+308, 0.0000e+00, 0.0000e+00, 
 2DIAGNOSTIC,     8, -4.954550973795e-01, 1.797693134862e+308, 0.0000e+00, 0.0000e+00, 
 2DIAGNOSTIC,     9, -4.961224408831e-01, 1.797693134862e+308, 0.0000e+00, 0.0000e+00, 
 2DIAGNOSTIC,    10, -4.963474356011e-01, 7.218668992466e-04, 0.0000e+00, 0.0000e+00, 
 2DIAGNOSTIC,    11, -4.963818296783e-01, 5.492414998797e-04, 0.0000e+00, 0.0000e+00, 
 2DIAGNOSTIC,    12, -4.965078738534e-01, 4.062072339849e-04, 0.0000e+00, 0.0000e+00, 
 2DIAGNOSTIC,    13, -4.969672752602e-01, 3.197053691269e-04, 0.0000e+00, 0.0000e+00, 
 2DIAGNOSTIC,    14, -4.969891090123e-01, 2.531464268708e-04, 0.0000e+00, 0.0000e+00, 
 2DIAGNOSTIC,    15, -4.969864066591e-01, 2.003980888029e-04, 0.0000e+00, 0.0000e+00, 
 2DIAGNOSTIC,    16, -4.969829390832e-01, 1.537225535115e-04, 0.0000e+00, 0.0000e+00, 
 2DIAGNOSTIC,    17, -4.969713739303e-01, 1.057315392088e-04, 0.0000e+00, 0.0000e+00, 
 2DIAGNOSTIC,    18, -4.969632769884e-01, 6.664845107419e-05, 0.0000e+00, 0.0000e+00, 
 2DIAGNOSTIC,    19, -4.969680227585e-01, 4.579453370358e-05, 0.0000e+00, 0.0000e+00, 
 2DIAGNOSTIC,    20, -4.969612138459e-01, 2.940935584598e-05, 0.0000e+00, 0.0000e+00, 
 2DIAGNOSTIC,    21, -4.969540022203e-01, 1.280973809504e-05, 0.0000e+00, 0.0000e+00, 
DIAGNOSTIC,Iteration,metricValue,convergenceValue,ITERATION_TIME_INDEX,SINCE_LAST
 2DIAGNOSTIC,     1, -4.319198903976e-01, 1.797693134862e+308, 5.1200e+02, 5.1200e+02, 
 2DIAGNOSTIC,     2, -4.321709141161e-01, 1.797693134862e+308, 5.1200e+02, 0.0000e+00, 
 2DIAGNOSTIC,     3, -4.324060168638e-01, 1.797693134862e+308, 5.1200e+02, 0.0000e+00, 
 2DIAGNOSTIC,     4, -4.326058856930e-01, 1.797693134862e+308, 5.1200e+02, 0.0000e+00, 
 2DIAGNOSTIC,     5, -4.327240788517e-01, 1.797693134862e+308, 5.1200e+02, 0.0000e+00, 
 2DIAGNOSTIC,     6, -4.329564247884e-01, 1.797693134862e+308, 5.1200e+02, 0.0000e+00, 
 2DIAGNOSTIC,     7, -4.333285252513e-01, 1.797693134862e+308, 5.1200e+02, 0.0000e+00, 
 2DIAGNOSTIC,     8, -4.336741632990e-01, 1.797693134862e+308, 5.1200e+02, 0.0000e+00, 
 2DIAGNOSTIC,     9, -4.337470827989e-01, 1.797693134862e+308, 5.1200e+02, 0.0000e+00, 
 2DIAGNOSTIC,    10, -4.338828145710e-01, 3.055535909902e-04, 5.1200e+02, 0.0000e+00, 
 2DIAGNOSTIC,    11, -4.338762738690e-01, 2.595679741991e-04, 5.1200e+02, 0.0000e+00, 
 2DIAGNOSTIC,    12, -4.338769432250e-01, 2.115852693562e-04, 5.1200e+02, 0.0000e+00, 
 2DIAGNOSTIC,    13, -4.338768375026e-01, 1.636979228754e-04, 5.1200e+02, 0.0000e+00, 
 2DIAGNOSTIC,    14, -4.338732361244e-01, 1.173256909622e-04, 5.1200e+02, 0.0000e+00, 
 2DIAGNOSTIC,    15, -4.338726458799e-01, 7.183158129097e-05, 5.1200e+02, 0.0000e+00, 
 2DIAGNOSTIC,    16, -4.338719671715e-01, 3.490218901878e-05, 5.1200e+02, 0.0000e+00, 
 2DIAGNOSTIC,    17, -4.338713916494e-01, 1.336304518534e-05, 5.1200e+02, 0.0000e+00, 
 2DIAGNOSTIC,    18, -4.338716855679e-01, 5.742980681983e-06, 5.1200e+02, 0.0000e+00, 
DIAGNOSTIC,Iteration,metricValue,convergenceValue,ITERATION_TIME_INDEX,SINCE_LAST
 2DIAGNOSTIC,     1, -3.970640898927e-01, 1.797693134862e+308, 5.1200e+02, 0.0000e+00, 
 2DIAGNOSTIC,     2, -3.971641381284e-01, 1.797693134862e+308, 5.1200e+02, 0.0000e+00, 
 2DIAGNOSTIC,     3, -3.972875266207e-01, 1.797693134862e+308, 5.1200e+02, 0.0000e+00, 
 2DIAGNOSTIC,     4, -3.974293218079e-01, 1.797693134862e+308, 5.1200e+02, 0.0000e+00, 
 2DIAGNOSTIC,     5, -3.974290129240e-01, 1.797693134862e+308, 5.1200e+02, 0.0000e+00, 
 2DIAGNOSTIC,     6, -3.974289207176e-01, 1.797693134862e+308, 5.1200e+02, 0.0000e+00, 
 2DIAGNOSTIC,     7, -3.974289733089e-01, 1.797693134862e+308, 5.1200e+02, 0.0000e+00, 
 2DIAGNOSTIC,     8, -3.974290263551e-01, 1.797693134862e+308, 5.1200e+02, 0.0000e+00, 
 2DIAGNOSTIC,     9, -3.974290816426e-01, 1.797693134862e+308, 5.1200e+02, 0.0000e+00, 
 2DIAGNOSTIC,    10, -3.974290836917e-01, 5.294071301620e-05, 5.1200e+02, 0.0000e+00, 
 2DIAGNOSTIC,    11, -3.974290675832e-01, 2.815246351152e-05, 5.1200e+02, 0.0000e+00, 
 2DIAGNOSTIC,    12, -3.974290664566e-01, 1.108553970823e-05, 5.1200e+02, 0.0000e+00, 
 2DIAGNOSTIC,    13, -3.974290658849e-01, 2.447862354593e-06, 5.1200e+02, 0.0000e+00, 
 2DIAGNOSTIC,    14, -3.974290314297e-01, 2.287074257687e-06, 5.1200e+02, 0.0000e+00, 
 2DIAGNOSTIC,    15, -3.974290328439e-01, 2.132227416421e-06, 5.1200e+02, 0.0000e+00, 
 2DIAGNOSTIC,    16, -3.974289175209e-01, 1.986664037820e-06, 5.1200e+02, 0.0000e+00, 
 2DIAGNOSTIC,    17, -3.974289184955e-01, 1.860952273815e-06, 5.1200e+02, 0.0000e+00, 
 2DIAGNOSTIC,    18, -3.974289905040e-01, 1.755237629485e-06, 5.1200e+02, 0.0000e+00, 
 2DIAGNOSTIC,    19, -3.974289908872e-01, 1.663944877849e-06, 5.1200e+02, 0.0000e+00, 
 2DIAGNOSTIC,    20, -3.974289926798e-01, 1.583150831201e-06, 5.1200e+02, 0.0000e+00, 
 2DIAGNOSTIC,    21, -3.974289926798e-01, 1.510474459843e-06, 5.1200e+02, 0.0000e+00, 
 2DIAGNOSTIC,    22, -3.974288858163e-01, 1.441479407706e-06, 5.1200e+02, 0.0000e+00, 
 2DIAGNOSTIC,    23, -3.974288858163e-01, 1.379093500391e-06, 5.1200e+02, 0.0000e+00, 
 2DIAGNOSTIC,    24, -3.974288856915e-01, 1.321331207609e-06, 5.1200e+02, 0.0000e+00, 
 2DIAGNOSTIC,    25, -3.974288856955e-01, 1.268858541688e-06, 5.1200e+02, 0.0000e+00, 
 2DIAGNOSTIC,    26, -3.974288856955e-01, 1.217776971797e-06, 5.1200e+02, 0.0000e+00, 
 2DIAGNOSTIC,    27, -3.974288856283e-01, 1.171185975542e-06, 5.1200e+02, 0.0000e+00, 
 2DIAGNOSTIC,    28, -3.974288857707e-01, 1.130580648726e-06, 5.1200e+02, 0.0000e+00, 
 2DIAGNOSTIC,    29, -3.974288860787e-01, 1.093409159506e-06, 5.1200e+02, 0.0000e+00, 
 2DIAGNOSTIC,    30, -3.974288860787e-01, 1.059194527482e-06, 5.1200e+02, 0.0000e+00, 
 2DIAGNOSTIC,    31, -3.974288859424e-01, 1.027495263317e-06, 5.1200e+02, 0.0000e+00, 
  Elapsed time (stage 0): 5.1200e+02


Total elapsed time: 5.1200e+02
VFC_BACKENDS=libinterflop_vprec.so --range-binary32=7 --precision-binary32=21 --range-binary64=7 --precision-binary64=21
Info [verificarlo]: loaded backend libinterflop_vprec.so
Info [interflop-vprec]: load backend with: 
Info [interflop-vprec]: precision-binary32 = 21
Info [interflop-vprec]: range-binary32 = 7
Info [interflop-vprec]: precision-binary64 = 21
Info [interflop-vprec]: range-binary64 = 7
Info [interflop-vprec]: mode = ob
Info [interflop-vprec]: error-mode = rel
Info [interflop-vprec]: max-abs-error-exponent = -1022
Info [interflop-vprec]: daz = false
Info [interflop-vprec]: ftz = false
Info [interflop-vprec]: 	instrument = none
Info [interflop-vprec]: 	prec-input-file = (null)
Info [interflop-vprec]: 	prec-output-file = (null)
Info [interflop-vprec]: 	prec-log-file = (null)
All_Command_lines_OK
Using double precision for computations.
=============================================================================
The composite transform comprises the following transforms (in order): 
  1. /project/rrg-glatard/mdugre/datasets/corr/RawDataBIDS/BMB_1/derivatives/vprec-space_search/0110/r7-p21/sub-0003057/rigid_Composite.h5[0] (type = Euler3DTransform)
  2. /project/rrg-glatard/mdugre/datasets/corr/RawDataBIDS/BMB_1/derivatives/vprec-space_search/0110/r7-p21/sub-0003057/rigid_Composite.h5[1] (type = Euler3DTransform)
  3. /project/rrg-glatard/mdugre/datasets/corr/RawDataBIDS/BMB_1/derivatives/vprec-space_search/0110/r7-p21/sub-0003057/rigid_Composite.h5[2] (type = Euler3DTransform)
=============================================================================
  number of levels = 4
  fixed image: /templateflow/tpl-MNI152NLin2009cAsym/tpl-MNI152NLin2009cAsym_res-01_desc-brain_T1w.nii.gz
  moving image: /project/rrg-glatard/mdugre/datasets/corr/RawDataBIDS/BMB_1/derivatives/antsBrainExtraction/sub-0003057/BrainExtractionBrain.nii.gz
Dimension = 3
Number of stages = 1
Use histogram matching = false
Winsorize image intensities = true
  Lower quantile = 0.005
  Upper quantile = 0.995


Stage 1 State
   Image metric = MattesMI
     Fixed image = Image (0x44f6300)
  RTTI typeinfo:   itk::Image<double, 3u>
  Reference Count: 2
  Modified Time: 1592
  Debug: Off
  Object Name: 
  Observers: 
    none
  Source: (none)
  Source output name: (none)
  Release Data: Off
  Data Released: False
  Global Release Data: Off
  PipelineMTime: 0
  UpdateMTime: 1203
  RealTimeStamp: 0 seconds 
  LargestPossibleRegion: 
    Dimension: 3
    Index: [0, 0, 0]
    Size: [193, 229, 193]
  BufferedRegion: 
    Dimension: 3
    Index: [0, 0, 0]
    Size: [193, 229, 193]
  RequestedRegion: 
    Dimension: 3
    Index: [0, 0, 0]
    Size: [193, 229, 193]
  Spacing: [1, 1, 1]
  Origin: [96, 132, -78]
  Direction: 
-1 0 0
0 -1 0
0 0 1

  IndexToPointMatrix: 
-1 0 0
0 -1 0
0 0 1

  PointToIndexMatrix: 
-1 0 0
0 -1 0
0 0 1

  Inverse Direction: 
-1 0 0
0 -1 0
0 0 1

  PixelContainer: 
    ImportImageContainer (0x456ec30)
      RTTI typeinfo:   itk::ImportImageContainer<unsigned long, double>
      Reference Count: 1
      Modified Time: 1200
      Debug: Off
      Object Name: 
      Observers: 
        none
      Pointer: 0x153d3f456010
      Container manages memory: true
      Size: 8530021
      Capacity: 8530021

     Moving image = Image (0x45b11a0)
  RTTI typeinfo:   itk::Image<double, 3u>
  Reference Count: 2
  Modified Time: 1593
  Debug: Off
  Object Name: 
  Observers: 
    none
  Source: (none)
  Source output name: (none)
  Release Data: Off
  Data Released: False
  Global Release Data: Off
  PipelineMTime: 0
  UpdateMTime: 1590
  RealTimeStamp: 0 seconds 
  LargestPossibleRegion: 
    Dimension: 3
    Index: [0, 0, 0]
    Size: [176, 256, 256]
  BufferedRegion: 
    Dimension: 3
    Index: [0, 0, 0]
    Size: [176, 256, 256]
  RequestedRegion: 
    Dimension: 3
    Index: [0, 0, 0]
    Size: [176, 256, 256]
  Spacing: [1, 1, 1]
  Origin: [-104.451, 92.6908, -133.506]
  Direction: 
1 0 0
0 -1 0
0 0 1

  IndexToPointMatrix: 
1 0 0
0 -1 0
0 0 1

  PointToIndexMatrix: 
1 0 0
0 -1 0
0 0 1

  Inverse Direction: 
1 0 0
0 -1 0
0 0 1

  PixelContainer: 
    ImportImageContainer (0x4569050)
      RTTI typeinfo:   itk::ImportImageContainer<unsigned long, double>
      Reference Count: 1
      Modified Time: 1587
      Debug: Off
      Object Name: 
      Observers: 
        none
      Pointer: 0x153d39c55010
      Container manages memory: true
      Size: 11534336
      Capacity: 11534336

     Weighting = 1
     Sampling strategy = regular
     Number of bins = 32
     Radius = 4
     Sampling percentage  = 0.25
   Transform = Affine
     Gradient step = 0.1
     Update field sigma (voxel space) = 0
     Total field sigma (voxel space) = 0
     Update field time sigma = 0
     Total field time sigma  = 0
     Number of time indices = 0
     Number of time point samples = 0
Registration using 1 total stages.

Stage 0
  iterations = 1000x500x250x100
  convergence threshold = 1e-06
  convergence window size = 10
  number of levels = 4
  using the Mattes MI metric (number of bins = 32, weight = 1, use gradient filter = 0)
  preprocessing:  winsorizing the image intensities
  Shrink factors (level 1 out of 4): [8, 8, 8]
  Shrink factors (level 2 out of 4): [4, 4, 4]
  Shrink factors (level 3 out of 4): [2, 2, 2]
  Shrink factors (level 4 out of 4): [1, 1, 1]
  smoothing sigmas per level: [3, 2, 1, 0]
  regular sampling (percentage = 0.25)

*** Running AffineTransform registration ***

DIAGNOSTIC,Iteration,metricValue,convergenceValue,ITERATION_TIME_INDEX,SINCE_LAST
 2DIAGNOSTIC,     1, -5.855073345426e-01, 1.797693134862e+308, 0.0000e+00, 0.0000e+00, 
 2DIAGNOSTIC,     2, -5.874419001808e-01, 1.797693134862e+308, 0.0000e+00, 0.0000e+00, 
 2DIAGNOSTIC,     3, -5.912150461734e-01, 1.797693134862e+308, 0.0000e+00, 0.0000e+00, 
 2DIAGNOSTIC,     4, -5.977020772632e-01, 1.797693134862e+308, 0.0000e+00, 0.0000e+00, 
 2DIAGNOSTIC,     5, -6.080020398957e-01, 1.797693134862e+308, 0.0000e+00, 0.0000e+00, 
 2DIAGNOSTIC,     6, -6.256531260704e-01, 1.797693134862e+308, 0.0000e+00, 0.0000e+00, 
 2DIAGNOSTIC,     7, -6.548453819400e-01, 1.797693134862e+308, 0.0000e+00, 0.0000e+00, 
 2DIAGNOSTIC,     8, -7.345498923291e-01, 1.797693134862e+308, 0.0000e+00, 0.0000e+00, 
 2DIAGNOSTIC,     9, -7.758591226711e-01, 1.797693134862e+308, 0.0000e+00, 0.0000e+00, 
 2DIAGNOSTIC,    10, -7.822191804060e-01, 2.135471245563e-02, 0.0000e+00, 0.0000e+00, 
 2DIAGNOSTIC,    11, -8.067246566595e-01, 2.224304715444e-02, 0.0000e+00, 0.0000e+00, 
 2DIAGNOSTIC,    12, -8.235945795010e-01, 2.158260276709e-02, 0.0000e+00, 0.0000e+00, 
 2DIAGNOSTIC,    13, -8.269439588224e-01, 1.929696467164e-02, 0.0000e+00, 0.0000e+00, 
 2DIAGNOSTIC,    14, -8.303641977842e-01, 1.594505036184e-02, 0.0000e+00, 0.0000e+00, 
 2DIAGNOSTIC,    15, -8.341391515096e-01, 1.207516048442e-02, 0.0000e+00, 0.0000e+00, 
 2DIAGNOSTIC,    16, -8.360256333858e-01, 8.160084263479e-03, 0.0000e+00, 0.0000e+00, 
 2DIAGNOSTIC,    17, -8.369118788915e-01, 4.677674226305e-03, 0.0000e+00, 0.0000e+00, 
 2DIAGNOSTIC,    18, -8.380398260668e-01, 2.936054288846e-03, 0.0000e+00, 0.0000e+00, 
 2DIAGNOSTIC,    19, -8.383810984745e-01, 1.983908263365e-03, 0.0000e+00, 0.0000e+00, 
 2DIAGNOSTIC,    20, -8.385850451478e-01, 1.072156252729e-03, 0.0000e+00, 0.0000e+00, 
 2DIAGNOSTIC,    21, -8.386641670430e-01, 5.964301286137e-04, 0.0000e+00, 0.0000e+00, 
 2DIAGNOSTIC,    22, -8.387878401055e-01, 4.056954270103e-04, 0.0000e+00, 0.0000e+00, 
 2DIAGNOSTIC,    23, -8.389102815152e-01, 2.518429485124e-04, 0.0000e+00, 0.0000e+00, 
 2DIAGNOSTIC,    24, -8.390293245123e-01, 1.427675144330e-04, 0.0000e+00, 0.0000e+00, 
 2DIAGNOSTIC,    25, -8.391084660905e-01, 8.715044952697e-05, 0.0000e+00, 0.0000e+00, 
 2DIAGNOSTIC,    26, -8.391779112852e-01, 5.603749205321e-05, 0.0000e+00, 0.0000e+00, 
 2DIAGNOSTIC,    27, -8.392242417880e-01, 3.473102692803e-05, 0.0000e+00, 0.0000e+00, 
 2DIAGNOSTIC,    28, -8.392663553427e-01, 2.725141034155e-05, 0.0000e+00, 0.0000e+00, 
 2DIAGNOSTIC,    29, -8.392719276887e-01, 2.221761281641e-05, 0.0000e+00, 0.0000e+00, 
 2DIAGNOSTIC,    30, -8.392892746036e-01, 1.827433321271e-05, 0.0000e+00, 0.0000e+00, 
 2DIAGNOSTIC,    31, -8.393003306592e-01, 1.403559968793e-05, 0.0000e+00, 0.0000e+00, 
 2DIAGNOSTIC,    32, -8.393032565474e-01, 1.028150566900e-05, 0.0000e+00, 0.0000e+00, 
 2DIAGNOSTIC,    33, -8.393037707580e-01, 7.236138617986e-06, 0.0000e+00, 0.0000e+00, 
 2DIAGNOSTIC,    34, -8.393040677741e-01, 5.062360804539e-06, 0.0000e+00, 0.0000e+00, 
 2DIAGNOSTIC,    35, -8.393040086803e-01, 3.444985690597e-06, 0.0000e+00, 0.0000e+00, 
 2DIAGNOSTIC,    36, -8.393045070824e-01, 2.382208963037e-06, 0.0000e+00, 0.0000e+00, 
 2DIAGNOSTIC,    37, -8.393042911063e-01, 1.684918458034e-06, 0.0000e+00, 0.0000e+00, 
 2DIAGNOSTIC,    38, -8.393044010521e-01, 1.356450017923e-06, 0.0000e+00, 0.0000e+00, 
 2DIAGNOSTIC,    39, -8.393045319047e-01, 1.051393357338e-06, 0.0000e+00, 0.0000e+00, 
DIAGNOSTIC,Iteration,metricValue,convergenceValue,ITERATION_TIME_INDEX,SINCE_LAST
 2DIAGNOSTIC,     1, -7.118078611588e-01, 1.797693134862e+308, 0.0000e+00, 0.0000e+00, 
 2DIAGNOSTIC,     2, -7.126635905629e-01, 1.797693134862e+308, 0.0000e+00, 0.0000e+00, 
 2DIAGNOSTIC,     3, -7.133269909692e-01, 1.797693134862e+308, 0.0000e+00, 0.0000e+00, 
 2DIAGNOSTIC,     4, -7.137588791257e-01, 1.797693134862e+308, 0.0000e+00, 0.0000e+00, 
 2DIAGNOSTIC,     5, -7.142776468106e-01, 1.797693134862e+308, 0.0000e+00, 0.0000e+00, 
 2DIAGNOSTIC,     6, -7.152735190367e-01, 1.797693134862e+308, 0.0000e+00, 0.0000e+00, 
 2DIAGNOSTIC,     7, -7.153649911072e-01, 1.797693134862e+308, 0.0000e+00, 0.0000e+00, 
 2DIAGNOSTIC,     8, -7.153809059545e-01, 1.797693134862e+308, 0.0000e+00, 0.0000e+00, 
 2DIAGNOSTIC,     9, -7.154522628817e-01, 1.797693134862e+308, 0.0000e+00, 0.0000e+00, 
 2DIAGNOSTIC,    10, -7.155363558601e-01, 3.422371455908e-04, 0.0000e+00, 0.0000e+00, 
 2DIAGNOSTIC,    11, -7.155374596955e-01, 2.388140241936e-04, 0.0000e+00, 0.0000e+00, 
 2DIAGNOSTIC,    12, -7.155504830795e-01, 1.600167088707e-04, 0.0000e+00, 0.0000e+00, 
 2DIAGNOSTIC,    13, -7.156090199090e-01, 1.015523755130e-04, 0.0000e+00, 0.0000e+00, 
 2DIAGNOSTIC,    14, -7.156379505578e-01, 5.541457809222e-05, 0.0000e+00, 0.0000e+00, 
 2DIAGNOSTIC,    15, -7.156323176363e-01, 2.342556261754e-05, 0.0000e+00, 0.0000e+00, 
 2DIAGNOSTIC,    16, -7.156345258565e-01, 1.828582629275e-05, 0.0000e+00, 0.0000e+00, 
 2DIAGNOSTIC,    17, -7.156252460141e-01, 1.421302812496e-05, 0.0000e+00, 0.0000e+00, 
 2DIAGNOSTIC,    18, -7.156262866164e-01, 9.784783048347e-06, 0.0000e+00, 0.0000e+00, 
 2DIAGNOSTIC,    19, -7.156146709616e-01, 6.268284086224e-06, 0.0000e+00, 0.0000e+00, 
 2DIAGNOSTIC,    20, -7.156305243079e-01, 4.688658037044e-06, 0.0000e+00, 0.0000e+00, 
 2DIAGNOSTIC,    21, -7.156665403257e-01, 3.678608485505e-06, 0.0000e+00, 0.0000e+00, 
 2DIAGNOSTIC,    22, -7.156922001522e-01, 3.215975882320e-06, 0.0000e+00, 0.0000e+00, 
 2DIAGNOSTIC,    23, -7.156938846408e-01, 3.654452910618e-06, 0.0000e+00, 0.0000e+00, 
 2DIAGNOSTIC,    24, -7.156817235224e-01, 4.138292227736e-06, 0.0000e+00, 0.0000e+00, 
 2DIAGNOSTIC,    25, -7.156821700094e-01, 4.241345660273e-06, 0.0000e+00, 0.0000e+00, 
 2DIAGNOSTIC,    26, -7.156825573644e-01, 4.084836320327e-06, 0.0000e+00, 0.0000e+00, 
 2DIAGNOSTIC,    27, -7.156823668723e-01, 3.521104040671e-06, 0.0000e+00, 0.0000e+00, 
 2DIAGNOSTIC,    28, -7.156824141083e-01, 2.807250041204e-06, 0.0000e+00, 0.0000e+00, 
 2DIAGNOSTIC,    29, -7.156823945081e-01, 1.833799740530e-06, 0.0000e+00, 0.0000e+00, 
 2DIAGNOSTIC,    30, -7.156824321143e-01, 1.057555447104e-06, 0.0000e+00, 0.0000e+00, 
DIAGNOSTIC,Iteration,metricValue,convergenceValue,ITERATION_TIME_INDEX,SINCE_LAST
 2DIAGNOSTIC,     1, -6.066731333644e-01, 1.797693134862e+308, 0.0000e+00, 0.0000e+00, 
 2DIAGNOSTIC,     2, -6.071198956377e-01, 1.797693134862e+308, 0.0000e+00, 0.0000e+00, 
 2DIAGNOSTIC,     3, -6.074537294207e-01, 1.797693134862e+308, 0.0000e+00, 0.0000e+00, 
 2DIAGNOSTIC,     4, -6.077549825521e-01, 1.797693134862e+308, 0.0000e+00, 0.0000e+00, 
 2DIAGNOSTIC,     5, -6.080089845301e-01, 1.797693134862e+308, 0.0000e+00, 0.0000e+00, 
 2DIAGNOSTIC,     6, -6.082026650440e-01, 1.797693134862e+308, 0.0000e+00, 0.0000e+00, 
 2DIAGNOSTIC,     7, -6.082060277058e-01, 1.797693134862e+308, 0.0000e+00, 0.0000e+00, 
 2DIAGNOSTIC,     8, -6.082084379943e-01, 1.797693134862e+308, 0.0000e+00, 0.0000e+00, 
 2DIAGNOSTIC,     9, -6.082107031145e-01, 1.797693134862e+308, 0.0000e+00, 0.0000e+00, 
 2DIAGNOSTIC,    10, -6.082171902710e-01, 1.560654682981e-04, 0.0000e+00, 0.0000e+00, 
 2DIAGNOSTIC,    11, -6.082281478471e-01, 9.593652926242e-05, 0.0000e+00, 0.0000e+00, 
 2DIAGNOSTIC,    12, -6.082386046749e-01, 5.519847650139e-05, 0.0000e+00, 0.0000e+00, 
 2DIAGNOSTIC,    13, -6.082401078703e-01, 2.795580789648e-05, 0.0000e+00, 0.0000e+00, 
 2DIAGNOSTIC,    14, -6.082384699594e-01, 1.213853952865e-05, 0.0000e+00, 0.0000e+00, 
 2DIAGNOSTIC,    15, -6.082375869016e-01, 5.251348740590e-06, 0.0000e+00, 0.0000e+00, 
 2DIAGNOSTIC,    16, -6.082370325966e-01, 4.574046558278e-06, 0.0000e+00, 0.0000e+00, 
 2DIAGNOSTIC,    17, -6.082365309458e-01, 3.812417852980e-06, 0.0000e+00, 0.0000e+00, 
 2DIAGNOSTIC,    18, -6.082359529850e-01, 3.007284947169e-06, 0.0000e+00, 0.0000e+00, 
 2DIAGNOSTIC,    19, -6.082356421091e-01, 2.223900692322e-06, 0.0000e+00, 0.0000e+00, 
 2DIAGNOSTIC,    20, -6.082374364897e-01, 1.658178868061e-06, 0.0000e+00, 0.0000e+00, 
 2DIAGNOSTIC,    21, -6.082365482900e-01, 1.356439193426e-06, 0.0000e+00, 0.0000e+00, 
 2DIAGNOSTIC,    22, -6.082370463755e-01, 1.329418160306e-06, 0.0000e+00, 0.0000e+00, 
 2DIAGNOSTIC,    23, -6.082351789362e-01, 1.309361704151e-06, 0.0000e+00, 0.0000e+00, 
 2DIAGNOSTIC,    24, -6.082357655660e-01, 1.278703238267e-06, 0.0000e+00, 0.0000e+00, 
 2DIAGNOSTIC,    25, -6.082353392115e-01, 1.229541149526e-06, 0.0000e+00, 0.0000e+00, 
 2DIAGNOSTIC,    26, -6.082345446979e-01, 1.164085307259e-06, 0.0000e+00, 0.0000e+00, 
 2DIAGNOSTIC,    27, -6.082326730988e-01, 1.069399296914e-06, 0.0000e+00, 0.0000e+00, 
DIAGNOSTIC,Iteration,metricValue,convergenceValue,ITERATION_TIME_INDEX,SINCE_LAST
 2DIAGNOSTIC,     1, -5.416903832912e-01, 1.797693134862e+308, 0.0000e+00, 0.0000e+00, 
 2DIAGNOSTIC,     2, -5.420725064515e-01, 1.797693134862e+308, 0.0000e+00, 0.0000e+00, 
 2DIAGNOSTIC,     3, -5.424138359003e-01, 1.797693134862e+308, 0.0000e+00, 0.0000e+00, 
 2DIAGNOSTIC,     4, -5.427015131958e-01, 1.797693134862e+308, 0.0000e+00, 0.0000e+00, 
 2DIAGNOSTIC,     5, -5.434970193818e-01, 1.797693134862e+308, 0.0000e+00, 0.0000e+00, 
 2DIAGNOSTIC,     6, -5.436621371914e-01, 1.797693134862e+308, 0.0000e+00, 0.0000e+00, 
 2DIAGNOSTIC,     7, -5.436618780687e-01, 1.797693134862e+308, 0.0000e+00, 0.0000e+00, 
 2DIAGNOSTIC,     8, -5.436617960810e-01, 1.797693134862e+308, 0.0000e+00, 0.0000e+00, 
 2DIAGNOSTIC,     9, -5.436616247558e-01, 1.797693134862e+308, 5.1200e+02, 5.1200e+02, 
 2DIAGNOSTIC,    10, -5.436615520516e-01, 2.497443192751e-04, 5.1200e+02, 0.0000e+00, 
 2DIAGNOSTIC,    11, -5.436614686350e-01, 1.660692560302e-04, 5.1200e+02, 0.0000e+00, 
 2DIAGNOSTIC,    12, -5.436613989978e-01, 9.864566100155e-05, 5.1200e+02, 0.0000e+00, 
 2DIAGNOSTIC,    13, -5.436613580626e-01, 4.683561502984e-05, 5.1200e+02, 0.0000e+00, 
 2DIAGNOSTIC,    14, -5.436613323420e-01, 8.372962748568e-06, 5.1200e+02, 0.0000e+00, 
 2DIAGNOSTIC,    15, -5.436613571148e-01, 2.066155487701e-06, 5.1200e+02, 0.0000e+00, 
 2DIAGNOSTIC,    16, -5.436613961452e-01, 1.953632421267e-06, 5.1200e+02, 0.0000e+00, 
 2DIAGNOSTIC,    17, -5.436613979944e-01, 1.849953947163e-06, 5.1200e+02, 0.0000e+00, 
 2DIAGNOSTIC,    18, -5.436613980721e-01, 1.757842487848e-06, 5.1200e+02, 0.0000e+00, 
 2DIAGNOSTIC,    19, -5.436613986903e-01, 1.671937067113e-06, 5.1200e+02, 0.0000e+00, 
 2DIAGNOSTIC,    20, -5.436613958538e-01, 1.593158399073e-06, 5.1200e+02, 0.0000e+00, 
 2DIAGNOSTIC,    21, -5.436613958609e-01, 1.519838399563e-06, 5.1200e+02, 0.0000e+00, 
 2DIAGNOSTIC,    22, -5.436612557607e-01, 1.448003339281e-06, 5.1200e+02, 0.0000e+00, 
 2DIAGNOSTIC,    23, -5.436612557350e-01, 1.381655100829e-06, 5.1200e+02, 0.0000e+00, 
 2DIAGNOSTIC,    24, -5.436612557341e-01, 1.320590878040e-06, 5.1200e+02, 0.0000e+00, 
 2DIAGNOSTIC,    25, -5.436612557325e-01, 1.265528280468e-06, 5.1200e+02, 0.0000e+00, 
 2DIAGNOSTIC,    26, -5.436612557193e-01, 1.216346535153e-06, 5.1200e+02, 0.0000e+00, 
 2DIAGNOSTIC,    27, -5.436612557173e-01, 1.171753228980e-06, 5.1200e+02, 0.0000e+00, 
 2DIAGNOSTIC,    28, -5.436612557128e-01, 1.131144147515e-06, 5.1200e+02, 0.0000e+00, 
 2DIAGNOSTIC,    29, -5.436612557147e-01, 1.093949949321e-06, 5.1200e+02, 0.0000e+00, 
 2DIAGNOSTIC,    30, -5.436612557213e-01, 1.059605233639e-06, 5.1200e+02, 0.0000e+00, 
 2DIAGNOSTIC,    31, -5.436612557151e-01, 1.027776232600e-06, 5.1200e+02, 0.0000e+00, 
  Elapsed time (stage 0): 5.1200e+02


Total elapsed time: 5.1200e+02
VFC_BACKENDS=libinterflop_ieee.so
Info [verificarlo]: loaded backend libinterflop_ieee.so
Info [interflop-ieee]: load backend with:
Info [interflop-ieee]: debug = false
Info [interflop-ieee]: debug-binary = false
Info [interflop-ieee]: no-backend-name = false
Info [interflop-ieee]: print-new-line = false
Info [interflop-ieee]: print-subnormal-normalized = false
Info [interflop-ieee]: count-op = false
All_Command_lines_OK
Using double precision for computations.
=============================================================================
The composite transform comprises the following transforms (in order): 
  1. /project/rrg-glatard/mdugre/datasets/corr/RawDataBIDS/BMB_1/derivatives/vprec-space_search/0110/r7-p21/sub-0003057/affine_Composite.h5[0] (type = Euler3DTransform)
  2. /project/rrg-glatard/mdugre/datasets/corr/RawDataBIDS/BMB_1/derivatives/vprec-space_search/0110/r7-p21/sub-0003057/affine_Composite.h5[1] (type = Euler3DTransform)
  3. /project/rrg-glatard/mdugre/datasets/corr/RawDataBIDS/BMB_1/derivatives/vprec-space_search/0110/r7-p21/sub-0003057/affine_Composite.h5[2] (type = Euler3DTransform)
  4. /project/rrg-glatard/mdugre/datasets/corr/RawDataBIDS/BMB_1/derivatives/vprec-space_search/0110/r7-p21/sub-0003057/affine_Composite.h5[3] (type = AffineTransform)
=============================================================================
  number of levels = 4
  fixed image: /templateflow/tpl-MNI152NLin2009cAsym/tpl-MNI152NLin2009cAsym_res-01_desc-brain_T1w.nii.gz
  moving image: /project/rrg-glatard/mdugre/datasets/corr/RawDataBIDS/BMB_1/derivatives/antsBrainExtraction/sub-0003057/BrainExtractionBrain.nii.gz
Dimension = 3
Number of stages = 1
Use histogram matching = false
Winsorize image intensities = true
  Lower quantile = 0.005
  Upper quantile = 0.995


Stage 1 State
   Image metric = CC
     Fixed image = Image (0x45b6810)
  RTTI typeinfo:   itk::Image<double, 3u>
  Reference Count: 2
  Modified Time: 1608
  Debug: Off
  Object Name: 
  Observers: 
    none
  Source: (none)
  Source output name: (none)
  Release Data: Off
  Data Released: False
  Global Release Data: Off
  PipelineMTime: 0
  UpdateMTime: 1217
  RealTimeStamp: 0 seconds 
  LargestPossibleRegion: 
    Dimension: 3
    Index: [0, 0, 0]
    Size: [193, 229, 193]
  BufferedRegion: 
    Dimension: 3
    Index: [0, 0, 0]
    Size: [193, 229, 193]
  RequestedRegion: 
    Dimension: 3
    Index: [0, 0, 0]
    Size: [193, 229, 193]
  Spacing: [1, 1, 1]
  Origin: [96, 132, -78]
  Direction: 
-1 0 0
0 -1 0
0 0 1

  IndexToPointMatrix: 
-1 0 0
0 -1 0
0 0 1

  PointToIndexMatrix: 
-1 0 0
0 -1 0
0 0 1

  Inverse Direction: 
-1 0 0
0 -1 0
0 0 1

  PixelContainer: 
    ImportImageContainer (0x462efb0)
      RTTI typeinfo:   itk::ImportImageContainer<unsigned long, double>
      Reference Count: 1
      Modified Time: 1214
      Debug: Off
      Object Name: 
      Observers: 
        none
      Pointer: 0x154fc6ed1010
      Container manages memory: true
      Size: 8530021
      Capacity: 8530021

     Moving image = Image (0x468e2f0)
  RTTI typeinfo:   itk::Image<double, 3u>
  Reference Count: 2
  Modified Time: 1609
  Debug: Off
  Object Name: 
  Observers: 
    none
  Source: (none)
  Source output name: (none)
  Release Data: Off
  Data Released: False
  Global Release Data: Off
  PipelineMTime: 0
  UpdateMTime: 1606
  RealTimeStamp: 0 seconds 
  LargestPossibleRegion: 
    Dimension: 3
    Index: [0, 0, 0]
    Size: [176, 256, 256]
  BufferedRegion: 
    Dimension: 3
    Index: [0, 0, 0]
    Size: [176, 256, 256]
  RequestedRegion: 
    Dimension: 3
    Index: [0, 0, 0]
    Size: [176, 256, 256]
  Spacing: [1, 1, 1]
  Origin: [-104.451, 92.6908, -133.506]
  Direction: 
1 0 0
0 -1 0
0 0 1

  IndexToPointMatrix: 
1 0 0
0 -1 0
0 0 1

  PointToIndexMatrix: 
1 0 0
0 -1 0
0 0 1

  Inverse Direction: 
1 0 0
0 -1 0
0 0 1

  PixelContainer: 
    ImportImageContainer (0x463f0f0)
      RTTI typeinfo:   itk::ImportImageContainer<unsigned long, double>
      Reference Count: 1
      Modified Time: 1603
      Debug: Off
      Object Name: 
      Observers: 
        none
      Pointer: 0x154fc16d0010
      Container manages memory: true
      Size: 11534336
      Capacity: 11534336

     Weighting = 1
     Sampling strategy = none
     Number of bins = 32
     Radius = 4
     Sampling percentage  = 1
   Transform = SyN
     Gradient step = 0.1
     Update field sigma (voxel space) = 3
     Total field sigma (voxel space) = 0
     Update field time sigma = 0
     Total field time sigma  = 0
     Number of time indices = 0
     Number of time point samples = 0
Registration using 1 total stages.

Stage 0
  iterations = 100x70x50x20
  convergence threshold = 1e-06
  convergence window size = 10
  number of levels = 4
  using the CC metric (radius = 4, weight = 1, use gradient filter = 0)
  preprocessing:  winsorizing the image intensities
  Shrink factors (level 1 out of 4): [8, 8, 8]
  Shrink factors (level 2 out of 4): [4, 4, 4]
  Shrink factors (level 3 out of 4): [2, 2, 2]
  Shrink factors (level 4 out of 4): [1, 1, 1]
  smoothing sigmas per level: [3, 2, 1, 0]
  Using default NONE metricSamplingStrategy 

*** Running SyN registration (varianceForUpdateField = 3, varianceForTotalField = 0) ***

XXDIAGNOSTIC,Iteration,metricValue,convergenceValue,ITERATION_TIME_INDEX,SINCE_LAST
 1DIAGNOSTIC,     1, -9.348786039689e-01, 1.797693134862e+308, 1.4977e+00, 1.4977e+00, 
 1DIAGNOSTIC,     2, -9.447218996267e-01, 1.797693134862e+308, 1.8301e+00, 3.3241e-01, 
 1DIAGNOSTIC,     3, -9.507075975285e-01, 1.797693134862e+308, 2.1813e+00, 3.5122e-01, 
 1DIAGNOSTIC,     4, -9.541783324901e-01, 1.797693134862e+308, 2.5409e+00, 3.5955e-01, 
 1DIAGNOSTIC,     5, -9.573823140027e-01, 1.797693134862e+308, 2.8891e+00, 3.4819e-01, 
 1DIAGNOSTIC,     6, -9.613007018198e-01, 1.797693134862e+308, 3.2182e+00, 3.2911e-01, 
 1DIAGNOSTIC,     7, -9.649855553493e-01, 1.797693134862e+308, 3.5469e+00, 3.2871e-01, 
 1DIAGNOSTIC,     8, -9.683293578456e-01, 1.797693134862e+308, 3.8772e+00, 3.3031e-01, 
 1DIAGNOSTIC,     9, -9.707379280361e-01, 1.797693134862e+308, 4.2049e+00, 3.2771e-01, 
 1DIAGNOSTIC,    10, -9.714676315217e-01, 2.299188416380e-03, 4.5393e+00, 3.3435e-01, 
 1DIAGNOSTIC,    11, -9.719557386074e-01, 1.692330518825e-03, 4.8677e+00, 3.2844e-01, 
 1DIAGNOSTIC,    12, -9.725821551365e-01, 1.291432182719e-03, 5.2302e+00, 3.6253e-01, 
 1DIAGNOSTIC,    13, -9.729179630119e-01, 9.787056307745e-04, 5.5570e+00, 3.2681e-01, 
 1DIAGNOSTIC,    14, -9.733238862472e-01, 7.036151215013e-04, 5.8930e+00, 3.3600e-01, 
 1DIAGNOSTIC,    15, -9.736053100829e-01, 4.695350334038e-04, 6.2234e+00, 3.3032e-01, 
 1DIAGNOSTIC,    16, -9.738575836593e-01, 2.983879585872e-04, 6.5565e+00, 3.3314e-01, 
 1DIAGNOSTIC,    17, -9.740366861767e-01, 1.861663188706e-04, 6.8853e+00, 3.2885e-01, 
 1DIAGNOSTIC,    18, -9.741894523547e-01, 1.257751687189e-04, 7.2156e+00, 3.3026e-01, 
 1DIAGNOSTIC,    19, -9.743728604313e-01, 1.002961826162e-04, 7.6017e+00, 3.8614e-01, 
 1DIAGNOSTIC,    20, -9.744520858437e-01, 8.000496105359e-05, 7.9313e+00, 3.2958e-01, 
 1DIAGNOSTIC,    21, -9.745473352835e-01, 6.238210520842e-05, 8.2605e+00, 3.2914e-01, 
 1DIAGNOSTIC,    22, -9.745788345363e-01, 4.944246883945e-05, 8.5905e+00, 3.3001e-01, 
 1DIAGNOSTIC,    23, -9.747024168322e-01, 3.893652303637e-05, 8.9211e+00, 3.3063e-01, 
 1DIAGNOSTIC,    24, -9.747024831264e-01, 3.067174039176e-05, 9.2550e+00, 3.3394e-01, 
 1DIAGNOSTIC,    25, -9.747448493936e-01, 2.408891893098e-05, 9.6110e+00, 3.5600e-01, 
 1DIAGNOSTIC,    26, -9.747302115724e-01, 1.853863427457e-05, 9.9377e+00, 3.2670e-01, 
 1DIAGNOSTIC,    27, -9.747994479450e-01, 1.445883021455e-05, 1.0269e+01, 3.3173e-01, 
 1DIAGNOSTIC,    28, -9.747734022323e-01, 1.068196520804e-05, 1.0596e+01, 3.2694e-01, 
 1DIAGNOSTIC,    29, -9.748474683012e-01, 8.873083401452e-06, 1.0923e+01, 3.2660e-01, 
 1DIAGNOSTIC,    30, -9.748139918936e-01, 6.876068524279e-06, 1.1250e+01, 3.2704e-01, 
 1DIAGNOSTIC,    31, -9.749311453778e-01, 6.486060642616e-06, 1.1577e+01, 3.2681e-01, 
 1DIAGNOSTIC,    32, -9.748865819072e-01, 5.425417402991e-06, 1.1922e+01, 3.4556e-01, 
 1DIAGNOSTIC,    33, -9.749573357508e-01, 5.757000523764e-06, 1.2249e+01, 3.2702e-01, 
 1DIAGNOSTIC,    34, -9.749049190796e-01, 5.146454055097e-06, 1.2578e+01, 3.2840e-01, 
 1DIAGNOSTIC,    35, -9.749788363178e-01, 5.164519522247e-06, 1.2910e+01, 3.3227e-01, 
 1DIAGNOSTIC,    36, -9.749187117180e-01, 4.133255293158e-06, 1.3245e+01, 3.3476e-01, 
 1DIAGNOSTIC,    37, -9.749947995849e-01, 4.023077856907e-06, 1.3578e+01, 3.3351e-01, 
 1DIAGNOSTIC,    38, -9.749294819503e-01, 2.889286429362e-06, 1.3906e+01, 3.2729e-01, 
 1DIAGNOSTIC,    39, -9.750072681741e-01, 2.787873066398e-06, 1.4232e+01, 3.2673e-01, 
 1DIAGNOSTIC,    40, -9.749383864960e-01, 1.715248740670e-06, 1.4559e+01, 3.2671e-01, 
 1DIAGNOSTIC,    41, -9.750171391229e-01, 2.032697078297e-06, 1.4886e+01, 3.2662e-01, 
 1DIAGNOSTIC,    42, -9.749460147585e-01, 1.380233056208e-06, 1.5233e+01, 3.4776e-01, 
 1DIAGNOSTIC,    43, -9.750245140848e-01, 1.741289991763e-06, 1.5561e+01, 3.2781e-01, 
 1DIAGNOSTIC,    44, -9.749536558314e-01, 1.142029618168e-06, 1.5920e+01, 3.5895e-01, 
 1DIAGNOSTIC,    45, -9.750305020021e-01, 1.536331789117e-06, 1.6250e+01, 3.2925e-01, 
 1DIAGNOSTIC,    46, -9.749602351791e-01, 9.773924424146e-07, 1.6583e+01, 3.3315e-01, 
XXDIAGNOSTIC,Iteration,metricValue,convergenceValue,ITERATION_TIME_INDEX,SINCE_LAST
 1DIAGNOSTIC,     1, -9.192638770777e-01, 1.797693134862e+308, 2.0582e+01, 3.9992e+00, 
 1DIAGNOSTIC,     2, -9.217531841236e-01, 1.797693134862e+308, 2.3465e+01, 2.8834e+00, 
 1DIAGNOSTIC,     3, -9.250238770415e-01, 1.797693134862e+308, 2.6294e+01, 2.8292e+00, 
 1DIAGNOSTIC,     4, -9.280490821248e-01, 1.797693134862e+308, 2.9174e+01, 2.8796e+00, 
 1DIAGNOSTIC,     5, -9.311593396656e-01, 1.797693134862e+308, 3.2026e+01, 2.8523e+00, 
 1DIAGNOSTIC,     6, -9.335668033383e-01, 1.797693134862e+308, 3.4921e+01, 2.8945e+00, 
 1DIAGNOSTIC,     7, -9.356034987197e-01, 1.797693134862e+308, 3.7771e+01, 2.8499e+00, 
 1DIAGNOSTIC,     8, -9.372183621014e-01, 1.797693134862e+308, 4.0605e+01, 2.8340e+00, 
 1DIAGNOSTIC,     9, -9.386530408195e-01, 1.797693134862e+308, 4.3541e+01, 2.9367e+00, 
 1DIAGNOSTIC,    10, -9.397948913265e-01, 1.461804873013e-03, 4.6406e+01, 2.8644e+00, 
 1DIAGNOSTIC,    11, -9.408914952734e-01, 1.185450779114e-03, 4.9287e+01, 2.8815e+00, 
 1DIAGNOSTIC,    12, -9.418068686764e-01, 9.347215944045e-04, 5.2225e+01, 2.9373e+00, 
 1DIAGNOSTIC,    13, -9.426009995031e-01, 7.329295035658e-04, 5.5241e+01, 3.0164e+00, 
 1DIAGNOSTIC,    14, -9.431062660034e-01, 5.694245853776e-04, 5.8124e+01, 2.8831e+00, 
 1DIAGNOSTIC,    15, -9.435988535407e-01, 4.484354460701e-04, 6.1373e+01, 3.2488e+00, 
 1DIAGNOSTIC,    16, -9.440889120832e-01, 3.561158340967e-04, 6.4461e+01, 3.0881e+00, 
 1DIAGNOSTIC,    17, -9.445738280420e-01, 2.866198913117e-04, 6.7337e+01, 2.8756e+00, 
 1DIAGNOSTIC,    18, -9.450500462773e-01, 2.334001118346e-04, 7.0215e+01, 2.8781e+00, 
 1DIAGNOSTIC,    19, -9.455426341491e-01, 1.948601371872e-04, 7.3091e+01, 2.8766e+00, 
 1DIAGNOSTIC,    20, -9.459977225115e-01, 1.661690687109e-04, 7.6145e+01, 3.0537e+00, 
 1DIAGNOSTIC,    21, -9.464114159187e-01, 1.464194126087e-04, 7.9027e+01, 2.8816e+00, 
 1DIAGNOSTIC,    22, -9.467735730068e-01, 1.322882877204e-04, 8.1887e+01, 2.8604e+00, 
 1DIAGNOSTIC,    23, -9.470970115643e-01, 1.217376656636e-04, 8.4757e+01, 2.8698e+00, 
 1DIAGNOSTIC,    24, -9.473961377175e-01, 1.108112553834e-04, 8.7630e+01, 2.8735e+00, 
 1DIAGNOSTIC,    25, -9.476643465405e-01, 9.957253982609e-05, 9.0755e+01, 3.1248e+00, 
 1DIAGNOSTIC,    26, -9.479125772627e-01, 8.844789650519e-05, 9.3625e+01, 2.8699e+00, 
 1DIAGNOSTIC,    27, -9.481368908890e-01, 7.779233212132e-05, 9.6500e+01, 2.8746e+00, 
 1DIAGNOSTIC,    28, -9.483210395780e-01, 6.771349482063e-05, 9.9366e+01, 2.8665e+00, 
 1DIAGNOSTIC,    29, -9.485102348099e-01, 5.907144497373e-05, 1.0224e+02, 2.8712e+00, 
 1DIAGNOSTIC,    30, -9.486840182631e-01, 5.177909695003e-05, 1.0511e+02, 2.8720e+00, 
 1DIAGNOSTIC,    31, -9.488445903636e-01, 4.568496120288e-05, 1.0798e+02, 2.8687e+00, 
 1DIAGNOSTIC,    32, -9.489921288604e-01, 4.049597353520e-05, 1.1106e+02, 3.0818e+00, 
 1DIAGNOSTIC,    33, -9.491259165911e-01, 3.601142961009e-05, 1.1394e+02, 2.8782e+00, 
 1DIAGNOSTIC,    34, -9.492425316587e-01, 3.211236110370e-05, 1.1682e+02, 2.8808e+00, 
 1DIAGNOSTIC,    35, -9.493545676089e-01, 2.871154325594e-05, 1.1970e+02, 2.8827e+00, 
 1DIAGNOSTIC,    36, -9.494570867698e-01, 2.575811238795e-05, 1.2259e+02, 2.8873e+00, 
 1DIAGNOSTIC,    37, -9.495492842068e-01, 2.315098764757e-05, 1.2545e+02, 2.8564e+00, 
 1DIAGNOSTIC,    38, -9.496382008808e-01, 2.069864073780e-05, 1.2832e+02, 2.8704e+00, 
 1DIAGNOSTIC,    39, -9.497085646315e-01, 1.846179126860e-05, 1.3120e+02, 2.8860e+00, 
 1DIAGNOSTIC,    40, -9.497886112695e-01, 1.654706645316e-05, 1.3405e+02, 2.8522e+00, 
 1DIAGNOSTIC,    41, -9.498476536099e-01, 1.481459934544e-05, 1.3691e+02, 2.8583e+00, 
 1DIAGNOSTIC,    42, -9.499161505670e-01, 1.335758443508e-05, 1.3976e+02, 2.8495e+00, 
 1DIAGNOSTIC,    43, -9.499578057100e-01, 1.197813032078e-05, 1.4267e+02, 2.9101e+00, 
 1DIAGNOSTIC,    44, -9.500289675078e-01, 1.086191424631e-05, 1.4552e+02, 2.8468e+00, 
 1DIAGNOSTIC,    45, -9.500508850601e-01, 9.705389610398e-06, 1.4858e+02, 3.0638e+00, 
 1DIAGNOSTIC,    46, -9.501179606435e-01, 8.842118329858e-06, 1.5143e+02, 2.8514e+00, 
 1DIAGNOSTIC,    47, -9.501146320771e-01, 7.789817505068e-06, 1.5429e+02, 2.8548e+00, 
 1DIAGNOSTIC,    48, -9.499219818541e-01, 5.450037175350e-06, 1.5720e+02, 2.9078e+00, 
 1DIAGNOSTIC,    49, -9.498259846982e-01, 2.619244509686e-06, 1.6015e+02, 2.9515e+00, 
 1DIAGNOSTIC,    50, -9.497058060153e-01, -5.318986968372e-07, 1.6301e+02, 2.8574e+00, 
XXDIAGNOSTIC,Iteration,metricValue,convergenceValue,ITERATION_TIME_INDEX,SINCE_LAST
 1DIAGNOSTIC,     1, -9.024152105058e-01, 1.797693134862e+308, 1.8797e+02, 2.4961e+01, 
 1DIAGNOSTIC,     2, -9.047253914234e-01, 1.797693134862e+308, 2.1124e+02, 2.3276e+01, 
 1DIAGNOSTIC,     3, -9.072640432553e-01, 1.797693134862e+308, 2.3517e+02, 2.3932e+01, 
 1DIAGNOSTIC,     4, -9.096286969681e-01, 1.797693134862e+308, 2.6034e+02, 2.5164e+01, 
 1DIAGNOSTIC,     5, -9.117666553675e-01, 1.797693134862e+308, 2.8509e+02, 2.4747e+01, 
 1DIAGNOSTIC,     6, -9.137431231108e-01, 1.797693134862e+308, 3.0860e+02, 2.3510e+01, 
 1DIAGNOSTIC,     7, -9.157143713946e-01, 1.797693134862e+308, 3.3400e+02, 2.5407e+01, 
 1DIAGNOSTIC,     8, -9.174755727508e-01, 1.797693134862e+308, 3.5778e+02, 2.3777e+01, 
 1DIAGNOSTIC,     9, -9.190231754170e-01, 1.797693134862e+308, 3.8191e+02, 2.4131e+01, 
 1DIAGNOSTIC,    10, -9.201282211637e-01, 1.266312216622e-03, 4.0577e+02, 2.3856e+01, 
 1DIAGNOSTIC,    11, -9.211324219460e-01, 1.056538078077e-03, 4.2991e+02, 2.4144e+01, 
 1DIAGNOSTIC,    12, -9.220442760961e-01, 8.698407545092e-04, 4.5371e+02, 2.3798e+01, 
 1DIAGNOSTIC,    13, -9.227775145181e-01, 7.108821905862e-04, 4.7743e+02, 2.3723e+01, 
 1DIAGNOSTIC,    14, -9.236398320621e-01, 5.812785911568e-04, 5.0120e+02, 2.3763e+01, 
 1DIAGNOSTIC,    15, -9.242723882377e-01, 4.728952393513e-04, 5.2513e+02, 2.3932e+01, 
 1DIAGNOSTIC,    16, -9.248642269114e-01, 3.842214340483e-04, 5.4921e+02, 2.4086e+01, 
 1DIAGNOSTIC,    17, -9.254177873344e-01, 3.163681990693e-04, 5.7421e+02, 2.4992e+01, 
 1DIAGNOSTIC,    18, -9.259397160642e-01, 2.658216992183e-04, 5.9802e+02, 2.3813e+01, 
 1DIAGNOSTIC,    19, -9.264341799848e-01, 2.290881735116e-04, 6.2184e+02, 2.3823e+01, 
 1DIAGNOSTIC,    20, -9.268588656742e-01, 1.982865060915e-04, 6.4553e+02, 2.3683e+01, 
 1DIAGNOSTIC,    21, -9.272233824959e-01, 1.720641630277e-04, 6.6910e+02, 2.3577e+01, 
 1DIAGNOSTIC,    22, -9.275385414423e-01, 1.494193269065e-04, 6.9299e+02, 2.3892e+01, 
 1DIAGNOSTIC,    23, -9.278105805377e-01, 1.281908551493e-04, 7.1679e+02, 2.3795e+01, 
 1DIAGNOSTIC,    24, -9.280463957122e-01, 1.108485021784e-04, 7.4045e+02, 2.3665e+01, 
 1DIAGNOSTIC,    25, -9.282540557292e-01, 9.487559826534e-05, 7.6477e+02, 2.4318e+01, 
 1DIAGNOSTIC,    26, -9.284366689926e-01, 8.043019219924e-05, 7.8865e+02, 2.3878e+01, 
 1DIAGNOSTIC,    27, -9.286025895121e-01, 6.773185636760e-05, 8.1412e+02, 2.5473e+01, 
 1DIAGNOSTIC,    28, -9.287509740930e-01, 5.696147327226e-05, 8.3782e+02, 2.3692e+01, 
 1DIAGNOSTIC,    29, -9.288862542703e-01, 4.828648503240e-05, 8.6418e+02, 2.6364e+01, 
 1DIAGNOSTIC,    30, -9.290087375133e-01, 4.129038587198e-05, 8.8840e+02, 2.4219e+01, 
 1DIAGNOSTIC,    31, -9.291245606167e-01, 3.566157916748e-05, 9.1213e+02, 2.3733e+01, 
 1DIAGNOSTIC,    32, -9.292357828993e-01, 3.116313751517e-05, 9.3583e+02, 2.3702e+01, 
 1DIAGNOSTIC,    33, -9.293462945014e-01, 2.760743084250e-05, 9.6184e+02, 2.6007e+01, 
 1DIAGNOSTIC,    34, -9.294551841152e-01, 2.481879846922e-05, 9.8571e+02, 2.3865e+01, 
 1DIAGNOSTIC,    35, -9.295589396311e-01, 2.262954938208e-05, 1.0093e+03, 2.3605e+01, 
 1DIAGNOSTIC,    36, -9.296598830738e-01, 2.089429104038e-05, 1.0327e+03, 2.3414e+01, 
 1DIAGNOSTIC,    37, -9.297601402610e-01, 1.953816531446e-05, 1.0564e+03, 2.3665e+01, 
 1DIAGNOSTIC,    38, -9.298625470009e-01, 1.848178484401e-05, 1.0799e+03, 2.3560e+01, 
 1DIAGNOSTIC,    39, -9.299641658360e-01, 1.764478130821e-05, 1.1051e+03, 2.5148e+01, 
 1DIAGNOSTIC,    40, -9.300639844614e-01, 1.693464693865e-05, 1.1293e+03, 2.4233e+01, 
 1DIAGNOSTIC,    41, -9.301621031946e-01, 1.630651417650e-05, 1.1541e+03, 2.4789e+01, 
 1DIAGNOSTIC,    42, -9.302656932913e-01, 1.578073125801e-05, 1.1791e+03, 2.4965e+01, 
 1DIAGNOSTIC,    43, -9.303658450661e-01, 1.533119692761e-05, 1.2034e+03, 2.4312e+01, 
 1DIAGNOSTIC,    44, -9.304666135084e-01, 1.495506361142e-05, 1.2271e+03, 2.3678e+01, 
 1DIAGNOSTIC,    45, -9.305690184627e-01, 1.462715113885e-05, 1.2518e+03, 2.4745e+01, 
 1DIAGNOSTIC,    46, -9.306731737143e-01, 1.433624984902e-05, 1.2766e+03, 2.4828e+01, 
 1DIAGNOSTIC,    47, -9.307783394343e-01, 1.407804826137e-05, 1.3003e+03, 2.3607e+01, 
 1DIAGNOSTIC,    48, -9.308844307548e-01, 1.386568251134e-05, 1.3241e+03, 2.3837e+01, 
 1DIAGNOSTIC,    49, -9.309860739528e-01, 1.365638417345e-05, 1.3479e+03, 2.3846e+01, 
 1DIAGNOSTIC,    50, -9.310762620499e-01, 1.336237458898e-05, 1.3719e+03, 2.3949e+01, 
XXDIAGNOSTIC,Iteration,metricValue,convergenceValue,ITERATION_TIME_INDEX,SINCE_LAST
 1DIAGNOSTIC,     1, -8.857929752977e-01, 1.797693134862e+308, 1.5980e+03, 2.2614e+02, 
 1DIAGNOSTIC,     2, -8.872355496879e-01, 1.797693134862e+308, 1.8172e+03, 2.1921e+02, 
 1DIAGNOSTIC,     3, -8.889607945470e-01, 1.797693134862e+308, 2.0396e+03, 2.2236e+02, 
 1DIAGNOSTIC,     4, -8.907669912439e-01, 1.797693134862e+308, 2.2603e+03, 2.2069e+02, 
 1DIAGNOSTIC,     5, -8.925102881621e-01, 1.797693134862e+308, 2.4824e+03, 2.2208e+02, 
 1DIAGNOSTIC,     6, -8.941030844638e-01, 1.797693134862e+308, 2.7055e+03, 2.2309e+02, 
 1DIAGNOSTIC,     7, -8.954559585710e-01, 1.797693134862e+308, 2.9283e+03, 2.2280e+02, 
 1DIAGNOSTIC,     8, -8.968326252083e-01, 1.797693134862e+308, 3.1527e+03, 2.2443e+02, 
 1DIAGNOSTIC,     9, -8.979911911447e-01, 1.797693134862e+308, 3.3743e+03, 2.2155e+02, 
 1DIAGNOSTIC,    10, -8.990619099467e-01, 9.786188995184e-04, 3.5995e+03, 2.2524e+02, 
 1DIAGNOSTIC,    11, -9.000629864242e-01, 8.404618428288e-04, 3.8213e+03, 2.2179e+02, 
 1DIAGNOSTIC,    12, -9.008876791120e-01, 7.096404106522e-04, 4.0422e+03, 2.2096e+02, 
 1DIAGNOSTIC,    13, -9.017481722166e-01, 5.976598085937e-04, 4.2692e+03, 2.2698e+02, 
 1DIAGNOSTIC,    14, -9.025560593053e-01, 5.061952903684e-04, 4.4907e+03, 2.2146e+02, 
 1DIAGNOSTIC,    15, -9.031930593852e-01, 4.306815344998e-04, 4.7107e+03, 2.2007e+02, 
 1DIAGNOSTIC,    16, -9.038940225411e-01, 3.704112439087e-04, 4.9324e+03, 2.2166e+02, 
 1DIAGNOSTIC,    17, -9.044554340575e-01, 3.185392311241e-04, 5.1513e+03, 2.1893e+02, 
 1DIAGNOSTIC,    18, -9.049990587126e-01, 2.766373449479e-04, 5.3725e+03, 2.2113e+02, 
 1DIAGNOSTIC,    19, -9.055248959997e-01, 2.414211779517e-04, 5.5971e+03, 2.2462e+02, 
 1DIAGNOSTIC,    20, -9.060150527975e-01, 2.118562153571e-04, 5.8195e+03, 2.2240e+02, 
  Elapsed time (stage 0): 5821.26


Total elapsed time: 5821.26
