
##########################
# Experiment information #
##########################
SIF_IMG: /project/rrg-glatard/mdugre/containers/ants-p2-vprec.sif
EXPERIMENT_NAME: vprec-space_search
CONFIG: 0110
VFC_BACKENDS: libinterflop_vprec.so --range-binary32=8 --precision-binary32=21 --range-binary64=8 --precision-binary64=21

FIXED_IMG: /templateflow/tpl-MNI152NLin2009cAsym/tpl-MNI152NLin2009cAsym_res-01_desc-brain_T1w.nii.gz
SUBJECT_ID: 0003036
INPUT_IMG: /project/rrg-glatard/mdugre/datasets/corr/RawDataBIDS/BMB_1/derivatives/antsBrainExtraction/sub-0003036/BrainExtractionBrain.nii.gz
OUTPUT_DIR: /project/rrg-glatard/mdugre/datasets/corr/RawDataBIDS/BMB_1/derivatives/vprec-space_search/0110/r8-p21/sub-0003036

ITK_GLOBAL_DEFAULT_NUMBER_OF_THREADS: 8
##########################

VFC_BACKENDS=libinterflop_ieee.so
Info [verificarlo]: loaded backend libinterflop_ieee.so
Info [interflop-ieee]: load backend with:
Info [interflop-ieee]: debug = false
Info [interflop-ieee]: debug-binary = false
Info [interflop-ieee]: no-backend-name = false
Info [interflop-ieee]: print-new-line = false
Info [interflop-ieee]: print-subnormal-normalized = false
Info [interflop-ieee]: count-op = false
All_Command_lines_OK
Using double precision for computations.
=============================================================================
The composite transform comprises the following transforms (in order): 
  1. Center of mass alignment using fixed image: /templateflow/tpl-MNI152NLin2009cAsym/tpl-MNI152NLin2009cAsym_res-01_desc-brain_T1w.nii.gz and moving image: /project/rrg-glatard/mdugre/datasets/corr/RawDataBIDS/BMB_1/derivatives/antsBrainExtraction/sub-0003036/BrainExtractionBrain.nii.gz (type = Euler3DTransform)
=============================================================================
  number of levels = 1
  fixed image: /templateflow/tpl-MNI152NLin2009cAsym/tpl-MNI152NLin2009cAsym_res-01_desc-brain_T1w.nii.gz
  moving image: /project/rrg-glatard/mdugre/datasets/corr/RawDataBIDS/BMB_1/derivatives/antsBrainExtraction/sub-0003036/BrainExtractionBrain.nii.gz
Dimension = 3
Number of stages = 1
Use histogram matching = false
Winsorize image intensities = true
  Lower quantile = 0.005
  Upper quantile = 0.995


Stage 1 State
   Image metric = MattesMI
     Fixed image = Image (0x4dbe390)
  RTTI typeinfo:   itk::Image<double, 3u>
  Reference Count: 2
  Modified Time: 2330
  Debug: Off
  Object Name: 
  Observers: 
    none
  Source: (none)
  Source output name: (none)
  Release Data: Off
  Data Released: False
  Global Release Data: Off
  PipelineMTime: 0
  UpdateMTime: 1941
  RealTimeStamp: 0 seconds 
  LargestPossibleRegion: 
    Dimension: 3
    Index: [0, 0, 0]
    Size: [193, 229, 193]
  BufferedRegion: 
    Dimension: 3
    Index: [0, 0, 0]
    Size: [193, 229, 193]
  RequestedRegion: 
    Dimension: 3
    Index: [0, 0, 0]
    Size: [193, 229, 193]
  Spacing: [1, 1, 1]
  Origin: [96, 132, -78]
  Direction: 
-1 0 0
0 -1 0
0 0 1

  IndexToPointMatrix: 
-1 0 0
0 -1 0
0 0 1

  PointToIndexMatrix: 
-1 0 0
0 -1 0
0 0 1

  Inverse Direction: 
-1 0 0
0 -1 0
0 0 1

  PixelContainer: 
    ImportImageContainer (0x4e89a90)
      RTTI typeinfo:   itk::ImportImageContainer<unsigned long, double>
      Reference Count: 1
      Modified Time: 1938
      Debug: Off
      Object Name: 
      Observers: 
        none
      Pointer: 0x14c80add8010
      Container manages memory: true
      Size: 8530021
      Capacity: 8530021

     Moving image = Image (0x4dc3390)
  RTTI typeinfo:   itk::Image<double, 3u>
  Reference Count: 2
  Modified Time: 2331
  Debug: Off
  Object Name: 
  Observers: 
    none
  Source: (none)
  Source output name: (none)
  Release Data: Off
  Data Released: False
  Global Release Data: Off
  PipelineMTime: 0
  UpdateMTime: 2328
  RealTimeStamp: 0 seconds 
  LargestPossibleRegion: 
    Dimension: 3
    Index: [0, 0, 0]
    Size: [176, 256, 256]
  BufferedRegion: 
    Dimension: 3
    Index: [0, 0, 0]
    Size: [176, 256, 256]
  RequestedRegion: 
    Dimension: 3
    Index: [0, 0, 0]
    Size: [176, 256, 256]
  Spacing: [1, 1, 1]
  Origin: [-105.324, 105.944, -112.07]
  Direction: 
1 0 0
0 -1 0
0 0 1

  IndexToPointMatrix: 
1 0 0
0 -1 0
0 0 1

  PointToIndexMatrix: 
1 0 0
0 -1 0
0 0 1

  Inverse Direction: 
1 0 0
0 -1 0
0 0 1

  PixelContainer: 
    ImportImageContainer (0x4f69b90)
      RTTI typeinfo:   itk::ImportImageContainer<unsigned long, double>
      Reference Count: 1
      Modified Time: 2325
      Debug: Off
      Object Name: 
      Observers: 
        none
      Pointer: 0x14c8055d7010
      Container manages memory: true
      Size: 11534336
      Capacity: 11534336

     Weighting = 1
     Sampling strategy = regular
     Number of bins = 32
     Radius = 4
     Sampling percentage  = 0.25
   Transform = Rigid
     Gradient step = 0.1
     Update field sigma (voxel space) = 0
     Total field sigma (voxel space) = 0
     Update field time sigma = 0
     Total field time sigma  = 0
     Number of time indices = 0
     Number of time point samples = 0
Registration using 1 total stages.

Stage 0
  iterations = 0
  convergence threshold = 1e-06
  convergence window size = 10
  number of levels = 1
  using the Mattes MI metric (number of bins = 32, weight = 1, use gradient filter = 0)
  preprocessing:  winsorizing the image intensities
  Shrink factors (level 1 out of 1): [1, 1, 1]
  smoothing sigmas per level: [0]
  regular sampling (percentage = 0.25)

*** Running Euler3DTransform registration ***

  Elapsed time (stage 0): 0.989169


Total elapsed time: 0.990871
VFC_BACKENDS=libinterflop_vprec.so --range-binary32=8 --precision-binary32=21 --range-binary64=8 --precision-binary64=21
Info [verificarlo]: loaded backend libinterflop_vprec.so
Info [interflop-vprec]: load backend with: 
Info [interflop-vprec]: precision-binary32 = 21
Info [interflop-vprec]: range-binary32 = 8
Info [interflop-vprec]: precision-binary64 = 21
Info [interflop-vprec]: range-binary64 = 8
Info [interflop-vprec]: mode = ob
Info [interflop-vprec]: error-mode = rel
Info [interflop-vprec]: max-abs-error-exponent = -1022
Info [interflop-vprec]: daz = false
Info [interflop-vprec]: ftz = false
Info [interflop-vprec]: 	instrument = none
Info [interflop-vprec]: 	prec-input-file = (null)
Info [interflop-vprec]: 	prec-output-file = (null)
Info [interflop-vprec]: 	prec-log-file = (null)
All_Command_lines_OK
Using double precision for computations.
=============================================================================
The composite transform comprises the following transforms (in order): 
  1. /project/rrg-glatard/mdugre/datasets/corr/RawDataBIDS/BMB_1/derivatives/vprec-space_search/0110/r8-p21/sub-0003036/align_Composite.h5[0] (type = Euler3DTransform)
  2. /project/rrg-glatard/mdugre/datasets/corr/RawDataBIDS/BMB_1/derivatives/vprec-space_search/0110/r8-p21/sub-0003036/align_Composite.h5[1] (type = Euler3DTransform)
=============================================================================
  number of levels = 4
  fixed image: /templateflow/tpl-MNI152NLin2009cAsym/tpl-MNI152NLin2009cAsym_res-01_desc-brain_T1w.nii.gz
  moving image: /project/rrg-glatard/mdugre/datasets/corr/RawDataBIDS/BMB_1/derivatives/antsBrainExtraction/sub-0003036/BrainExtractionBrain.nii.gz
Dimension = 3
Number of stages = 1
Use histogram matching = false
Winsorize image intensities = true
  Lower quantile = 0.005
  Upper quantile = 0.995


Stage 1 State
   Image metric = MattesMI
     Fixed image = Image (0x4a5a300)
  RTTI typeinfo:   itk::Image<double, 3u>
  Reference Count: 2
  Modified Time: 1578
  Debug: Off
  Object Name: 
  Observers: 
    none
  Source: (none)
  Source output name: (none)
  Release Data: Off
  Data Released: False
  Global Release Data: Off
  PipelineMTime: 0
  UpdateMTime: 1189
  RealTimeStamp: 0 seconds 
  LargestPossibleRegion: 
    Dimension: 3
    Index: [0, 0, 0]
    Size: [193, 229, 193]
  BufferedRegion: 
    Dimension: 3
    Index: [0, 0, 0]
    Size: [193, 229, 193]
  RequestedRegion: 
    Dimension: 3
    Index: [0, 0, 0]
    Size: [193, 229, 193]
  Spacing: [1, 1, 1]
  Origin: [96, 132, -78]
  Direction: 
-1 0 0
0 -1 0
0 0 1

  IndexToPointMatrix: 
-1 0 0
0 -1 0
0 0 1

  PointToIndexMatrix: 
-1 0 0
0 -1 0
0 0 1

  Inverse Direction: 
-1 0 0
0 -1 0
0 0 1

  PixelContainer: 
    ImportImageContainer (0x4b1d4b0)
      RTTI typeinfo:   itk::ImportImageContainer<unsigned long, double>
      Reference Count: 1
      Modified Time: 1186
      Debug: Off
      Object Name: 
      Observers: 
        none
      Pointer: 0x1537f689d010
      Container manages memory: true
      Size: 8530021
      Capacity: 8530021

     Moving image = Image (0x4b1d1c0)
  RTTI typeinfo:   itk::Image<double, 3u>
  Reference Count: 2
  Modified Time: 1579
  Debug: Off
  Object Name: 
  Observers: 
    none
  Source: (none)
  Source output name: (none)
  Release Data: Off
  Data Released: False
  Global Release Data: Off
  PipelineMTime: 0
  UpdateMTime: 1576
  RealTimeStamp: 0 seconds 
  LargestPossibleRegion: 
    Dimension: 3
    Index: [0, 0, 0]
    Size: [176, 256, 256]
  BufferedRegion: 
    Dimension: 3
    Index: [0, 0, 0]
    Size: [176, 256, 256]
  RequestedRegion: 
    Dimension: 3
    Index: [0, 0, 0]
    Size: [176, 256, 256]
  Spacing: [1, 1, 1]
  Origin: [-105.324, 105.944, -112.07]
  Direction: 
1 0 0
0 -1 0
0 0 1

  IndexToPointMatrix: 
1 0 0
0 -1 0
0 0 1

  PointToIndexMatrix: 
1 0 0
0 -1 0
0 0 1

  Inverse Direction: 
1 0 0
0 -1 0
0 0 1

  PixelContainer: 
    ImportImageContainer (0x4be0010)
      RTTI typeinfo:   itk::ImportImageContainer<unsigned long, double>
      Reference Count: 1
      Modified Time: 1573
      Debug: Off
      Object Name: 
      Observers: 
        none
      Pointer: 0x1537f109c010
      Container manages memory: true
      Size: 11534336
      Capacity: 11534336

     Weighting = 1
     Sampling strategy = regular
     Number of bins = 32
     Radius = 4
     Sampling percentage  = 0.25
   Transform = Rigid
     Gradient step = 0.1
     Update field sigma (voxel space) = 0
     Total field sigma (voxel space) = 0
     Update field time sigma = 0
     Total field time sigma  = 0
     Number of time indices = 0
     Number of time point samples = 0
Registration using 1 total stages.

Stage 0
  iterations = 1000x500x250x100
  convergence threshold = 1e-06
  convergence window size = 10
  number of levels = 4
  using the Mattes MI metric (number of bins = 32, weight = 1, use gradient filter = 0)
  preprocessing:  winsorizing the image intensities
  Shrink factors (level 1 out of 4): [8, 8, 8]
  Shrink factors (level 2 out of 4): [4, 4, 4]
  Shrink factors (level 3 out of 4): [2, 2, 2]
  Shrink factors (level 4 out of 4): [1, 1, 1]
  smoothing sigmas per level: [3, 2, 1, 0]
  regular sampling (percentage = 0.25)

*** Running Euler3DTransform registration ***

DIAGNOSTIC,Iteration,metricValue,convergenceValue,ITERATION_TIME_INDEX,SINCE_LAST
 2DIAGNOSTIC,     1, -5.548784449666e-01, 1.797693134862e+308, 0.0000e+00, 0.0000e+00, 
 2DIAGNOSTIC,     2, -5.552886746435e-01, 1.797693134862e+308, 0.0000e+00, 0.0000e+00, 
 2DIAGNOSTIC,     3, -5.565970202336e-01, 1.797693134862e+308, 0.0000e+00, 0.0000e+00, 
 2DIAGNOSTIC,     4, -5.586119325320e-01, 1.797693134862e+308, 0.0000e+00, 0.0000e+00, 
 2DIAGNOSTIC,     5, -5.614942598750e-01, 1.797693134862e+308, 0.0000e+00, 0.0000e+00, 
 2DIAGNOSTIC,     6, -5.670852588629e-01, 1.797693134862e+308, 0.0000e+00, 0.0000e+00, 
 2DIAGNOSTIC,     7, -5.691546472521e-01, 1.797693134862e+308, 0.0000e+00, 0.0000e+00, 
 2DIAGNOSTIC,     8, -5.700416260412e-01, 1.797693134862e+308, 0.0000e+00, 0.0000e+00, 
 2DIAGNOSTIC,     9, -5.706689011970e-01, 1.797693134862e+308, 0.0000e+00, 0.0000e+00, 
 2DIAGNOSTIC,    10, -5.720908459572e-01, 2.319565062484e-03, 0.0000e+00, 0.0000e+00, 
 2DIAGNOSTIC,    11, -5.726109909748e-01, 2.001327139851e-03, 0.0000e+00, 0.0000e+00, 
 2DIAGNOSTIC,    12, -5.727189840523e-01, 1.579016355803e-03, 0.0000e+00, 0.0000e+00, 
 2DIAGNOSTIC,    13, -5.727307097202e-01, 1.134000827184e-03, 0.0000e+00, 0.0000e+00, 
 2DIAGNOSTIC,    14, -5.727321575878e-01, 7.232171491026e-04, 0.0000e+00, 0.0000e+00, 
 2DIAGNOSTIC,    15, -5.727332919962e-01, 3.935211251907e-04, 0.0000e+00, 0.0000e+00, 
 2DIAGNOSTIC,    16, -5.727356139809e-01, 2.431600881000e-04, 0.0000e+00, 0.0000e+00, 
 2DIAGNOSTIC,    17, -5.726491268554e-01, 1.469448571669e-04, 0.0000e+00, 0.0000e+00, 
 2DIAGNOSTIC,    18, -5.726494034521e-01, 7.306699964723e-05, 0.0000e+00, 0.0000e+00, 
 2DIAGNOSTIC,    19, -5.726493971660e-01, 1.605939510750e-05, 0.0000e+00, 0.0000e+00, 
DIAGNOSTIC,Iteration,metricValue,convergenceValue,ITERATION_TIME_INDEX,SINCE_LAST
 2DIAGNOSTIC,     1, -4.512088923193e-01, 1.797693134862e+308, 0.0000e+00, 0.0000e+00, 
 2DIAGNOSTIC,     2, -4.525044744572e-01, 1.797693134862e+308, 0.0000e+00, 0.0000e+00, 
 2DIAGNOSTIC,     3, -4.544480938652e-01, 1.797693134862e+308, 0.0000e+00, 0.0000e+00, 
 2DIAGNOSTIC,     4, -4.568076515294e-01, 1.797693134862e+308, 0.0000e+00, 0.0000e+00, 
 2DIAGNOSTIC,     5, -4.590242260107e-01, 1.797693134862e+308, 0.0000e+00, 0.0000e+00, 
 2DIAGNOSTIC,     6, -4.609143567655e-01, 1.797693134862e+308, 0.0000e+00, 0.0000e+00, 
 2DIAGNOSTIC,     7, -4.615851235968e-01, 1.797693134862e+308, 0.0000e+00, 0.0000e+00, 
 2DIAGNOSTIC,     8, -4.617267025715e-01, 1.797693134862e+308, 0.0000e+00, 0.0000e+00, 
 2DIAGNOSTIC,     9, -4.617852654547e-01, 1.797693134862e+308, 0.0000e+00, 0.0000e+00, 
 2DIAGNOSTIC,    10, -4.622264626141e-01, 1.664103957555e-03, 0.0000e+00, 0.0000e+00, 
 2DIAGNOSTIC,    11, -4.623999784511e-01, 1.217462529975e-03, 0.0000e+00, 0.0000e+00, 
 2DIAGNOSTIC,    12, -4.624411284578e-01, 8.055276037731e-04, 0.0000e+00, 0.0000e+00, 
 2DIAGNOSTIC,    13, -4.624927228041e-01, 4.796162656660e-04, 0.0000e+00, 0.0000e+00, 
 2DIAGNOSTIC,    14, -4.625743901533e-01, 2.637456309239e-04, 0.0000e+00, 0.0000e+00, 
 2DIAGNOSTIC,    15, -4.626129343750e-01, 1.437492782383e-04, 0.0000e+00, 0.0000e+00, 
 2DIAGNOSTIC,    16, -4.626195206960e-01, 9.833557884119e-05, 0.0000e+00, 0.0000e+00, 
 2DIAGNOSTIC,    17, -4.626202603924e-01, 7.397702657530e-05, 0.0000e+00, 0.0000e+00, 
 2DIAGNOSTIC,    18, -4.626220883304e-01, 5.080235873896e-05, 0.0000e+00, 0.0000e+00, 
 2DIAGNOSTIC,    19, -4.626315790720e-01, 2.737449258702e-05, 0.0000e+00, 0.0000e+00, 
 2DIAGNOSTIC,    20, -4.626376459574e-01, 1.756950781303e-05, 0.0000e+00, 0.0000e+00, 
 2DIAGNOSTIC,    21, -4.626374932737e-01, 1.232466504920e-05, 0.0000e+00, 0.0000e+00, 
 2DIAGNOSTIC,    22, -4.626370621788e-01, 7.701562831544e-06, 0.0000e+00, 0.0000e+00, 
 2DIAGNOSTIC,    23, -4.626372489130e-01, 4.240274787161e-06, 0.0000e+00, 0.0000e+00, 
 2DIAGNOSTIC,    24, -4.626374443489e-01, 2.874187109730e-06, 0.0000e+00, 0.0000e+00, 
 2DIAGNOSTIC,    25, -4.626373926814e-01, 2.415277013751e-06, 0.0000e+00, 0.0000e+00, 
 2DIAGNOSTIC,    26, -4.626375854041e-01, 2.049128320150e-06, 0.0000e+00, 0.0000e+00, 
 2DIAGNOSTIC,    27, -4.626375838915e-01, 1.653643049312e-06, 0.0000e+00, 0.0000e+00, 
 2DIAGNOSTIC,    28, -4.626375340710e-01, 1.276896085756e-06, 0.0000e+00, 0.0000e+00, 
 2DIAGNOSTIC,    29, -4.626375533843e-01, 1.111691304123e-06, 0.0000e+00, 0.0000e+00, 
 2DIAGNOSTIC,    30, -4.626376668677e-01, 1.083594265178e-06, 0.0000e+00, 0.0000e+00, 
 2DIAGNOSTIC,    31, -4.626376098845e-01, 1.051615090224e-06, 0.0000e+00, 0.0000e+00, 
 2DIAGNOSTIC,    32, -4.626376321877e-01, 1.011761568769e-06, 0.0000e+00, 0.0000e+00, 
DIAGNOSTIC,Iteration,metricValue,convergenceValue,ITERATION_TIME_INDEX,SINCE_LAST
 2DIAGNOSTIC,     1, -4.049749445260e-01, 1.797693134862e+308, 0.0000e+00, 0.0000e+00, 
 2DIAGNOSTIC,     2, -4.050857900228e-01, 1.797693134862e+308, 0.0000e+00, 0.0000e+00, 
 2DIAGNOSTIC,     3, -4.052063317062e-01, 1.797693134862e+308, 0.0000e+00, 0.0000e+00, 
 2DIAGNOSTIC,     4, -4.053317624584e-01, 1.797693134862e+308, 0.0000e+00, 0.0000e+00, 
 2DIAGNOSTIC,     5, -4.054172506049e-01, 1.797693134862e+308, 0.0000e+00, 0.0000e+00, 
 2DIAGNOSTIC,     6, -4.054539924161e-01, 1.797693134862e+308, 0.0000e+00, 0.0000e+00, 
 2DIAGNOSTIC,     7, -4.055158366528e-01, 1.797693134862e+308, 0.0000e+00, 0.0000e+00, 
 2DIAGNOSTIC,     8, -4.056014867016e-01, 1.797693134862e+308, 0.0000e+00, 0.0000e+00, 
 2DIAGNOSTIC,     9, -4.056437385930e-01, 1.797693134862e+308, 0.0000e+00, 0.0000e+00, 
 2DIAGNOSTIC,    10, -4.056474199287e-01, 1.104055445937e-04, 0.0000e+00, 0.0000e+00, 
 2DIAGNOSTIC,    11, -4.056488062359e-01, 8.342802217066e-05, 0.0000e+00, 0.0000e+00, 
 2DIAGNOSTIC,    12, -4.056490243383e-01, 6.013732854690e-05, 0.0000e+00, 0.0000e+00, 
 2DIAGNOSTIC,    13, -4.056482596398e-01, 4.149898930129e-05, 0.0000e+00, 0.0000e+00, 
 2DIAGNOSTIC,    14, -4.056482141913e-01, 2.815556715942e-05, 0.0000e+00, 0.0000e+00, 
 2DIAGNOSTIC,    15, -4.056482285647e-01, 1.826499821293e-05, 0.0000e+00, 0.0000e+00, 
 2DIAGNOSTIC,    16, -4.056482374060e-01, 9.736567173957e-06, 0.0000e+00, 0.0000e+00, 
 2DIAGNOSTIC,    17, -4.056482039758e-01, 3.969181546423e-06, 0.0000e+00, 0.0000e+00, 
 2DIAGNOSTIC,    18, -4.056481902754e-01, 1.939768657394e-06, 0.0000e+00, 0.0000e+00, 
 2DIAGNOSTIC,    19, -4.056481744556e-01, 1.663314517390e-06, 0.0000e+00, 0.0000e+00, 
 2DIAGNOSTIC,    20, -4.056481717976e-01, 1.542935456601e-06, 0.0000e+00, 0.0000e+00, 
 2DIAGNOSTIC,    21, -4.056481733727e-01, 1.484452568201e-06, 0.0000e+00, 0.0000e+00, 
 2DIAGNOSTIC,    22, -4.056481747002e-01, 1.442025202775e-06, 0.0000e+00, 0.0000e+00, 
 2DIAGNOSTIC,    23, -4.056481741484e-01, 1.380603157651e-06, 0.0000e+00, 0.0000e+00, 
 2DIAGNOSTIC,    24, -4.056481741396e-01, 1.323387585142e-06, 0.0000e+00, 0.0000e+00, 
 2DIAGNOSTIC,    25, -4.056481741944e-01, 1.271513361233e-06, 0.0000e+00, 0.0000e+00, 
 2DIAGNOSTIC,    26, -4.056481741942e-01, 1.224146562152e-06, 0.0000e+00, 0.0000e+00, 
 2DIAGNOSTIC,    27, -4.056481740123e-01, 1.179528779413e-06, 0.0000e+00, 0.0000e+00, 
 2DIAGNOSTIC,    28, -4.056481740317e-01, 1.137803355138e-06, 0.0000e+00, 0.0000e+00, 
 2DIAGNOSTIC,    29, -4.056481731091e-01, 1.098550034072e-06, 0.0000e+00, 0.0000e+00, 
 2DIAGNOSTIC,    30, -4.056481739771e-01, 1.061868708963e-06, 0.0000e+00, 0.0000e+00, 
 2DIAGNOSTIC,    31, -4.056481739562e-01, 1.027589784645e-06, 0.0000e+00, 0.0000e+00, 
DIAGNOSTIC,Iteration,metricValue,convergenceValue,ITERATION_TIME_INDEX,SINCE_LAST
 2DIAGNOSTIC,     1, -3.739658372936e-01, 1.797693134862e+308, 0.0000e+00, 0.0000e+00, 
 2DIAGNOSTIC,     2, -3.741012446656e-01, 1.797693134862e+308, 0.0000e+00, 0.0000e+00, 
 2DIAGNOSTIC,     3, -3.741200077001e-01, 1.797693134862e+308, 0.0000e+00, 0.0000e+00, 
 2DIAGNOSTIC,     4, -3.741201029920e-01, 1.797693134862e+308, 0.0000e+00, 0.0000e+00, 
 2DIAGNOSTIC,     5, -3.741201515589e-01, 1.797693134862e+308, 0.0000e+00, 0.0000e+00, 
 2DIAGNOSTIC,     6, -3.741201526654e-01, 1.797693134862e+308, 0.0000e+00, 0.0000e+00, 
 2DIAGNOSTIC,     7, -3.741201841600e-01, 1.797693134862e+308, 0.0000e+00, 0.0000e+00, 
 2DIAGNOSTIC,     8, -3.741201954961e-01, 1.797693134862e+308, 0.0000e+00, 0.0000e+00, 
 2DIAGNOSTIC,     9, -3.741201995784e-01, 1.797693134862e+308, 0.0000e+00, 0.0000e+00, 
 2DIAGNOSTIC,    10, -3.741201414312e-01, 1.617859588526e-05, 0.0000e+00, 0.0000e+00, 
 2DIAGNOSTIC,    11, -3.741201896773e-01, 4.218522992386e-06, 0.0000e+00, 0.0000e+00, 
 2DIAGNOSTIC,    12, -3.741201583136e-01, 2.669644344824e-06, 0.0000e+00, 0.0000e+00, 
 2DIAGNOSTIC,    13, -3.741202047185e-01, 2.456762446520e-06, 0.0000e+00, 0.0000e+00, 
 2DIAGNOSTIC,    14, -3.741201672506e-01, 2.276733208878e-06, 0.0000e+00, 0.0000e+00, 
 2DIAGNOSTIC,    15, -3.741201078244e-01, 2.120130121533e-06, 0.0000e+00, 0.0000e+00, 
 2DIAGNOSTIC,    16, -3.741200764818e-01, 1.982005864057e-06, 0.0000e+00, 0.0000e+00, 
 2DIAGNOSTIC,    17, -3.741200636388e-01, 1.861697476374e-06, 0.0000e+00, 0.0000e+00, 
 2DIAGNOSTIC,    18, -3.741200496749e-01, 1.755678627903e-06, 0.0000e+00, 0.0000e+00, 
 2DIAGNOSTIC,    19, -3.741199541752e-01, 1.658530277615e-06, 5.1200e+02, 5.1200e+02, 
 2DIAGNOSTIC,    20, -3.741199550916e-01, 1.570678183092e-06, 5.1200e+02, 0.0000e+00, 
 2DIAGNOSTIC,    21, -3.741199255036e-01, 1.493912786553e-06, 5.1200e+02, 0.0000e+00, 
 2DIAGNOSTIC,    22, -3.741199253915e-01, 1.425060613403e-06, 5.1200e+02, 0.0000e+00, 
 2DIAGNOSTIC,    23, -3.741199255642e-01, 1.365862310802e-06, 5.1200e+02, 0.0000e+00, 
 2DIAGNOSTIC,    24, -3.741199255603e-01, 1.312259324655e-06, 5.1200e+02, 0.0000e+00, 
 2DIAGNOSTIC,    25, -3.741199255758e-01, 1.262562810835e-06, 5.1200e+02, 0.0000e+00, 
 2DIAGNOSTIC,    26, -3.741199255703e-01, 1.216825602515e-06, 5.1200e+02, 0.0000e+00, 
 2DIAGNOSTIC,    27, -3.741199255599e-01, 1.174868817143e-06, 5.1200e+02, 0.0000e+00, 
 2DIAGNOSTIC,    28, -3.741199255640e-01, 1.136042274738e-06, 5.1200e+02, 0.0000e+00, 
 2DIAGNOSTIC,    29, -3.741199255609e-01, 1.097520620184e-06, 5.1200e+02, 0.0000e+00, 
 2DIAGNOSTIC,    30, -3.741199255632e-01, 1.061684607770e-06, 5.1200e+02, 0.0000e+00, 
 2DIAGNOSTIC,    31, -3.741199255822e-01, 1.027435645472e-06, 5.1200e+02, 0.0000e+00, 
  Elapsed time (stage 0): 5.1200e+02


Total elapsed time: 5.1200e+02
VFC_BACKENDS=libinterflop_vprec.so --range-binary32=8 --precision-binary32=21 --range-binary64=8 --precision-binary64=21
Info [verificarlo]: loaded backend libinterflop_vprec.so
Info [interflop-vprec]: load backend with: 
Info [interflop-vprec]: precision-binary32 = 21
Info [interflop-vprec]: range-binary32 = 8
Info [interflop-vprec]: precision-binary64 = 21
Info [interflop-vprec]: range-binary64 = 8
Info [interflop-vprec]: mode = ob
Info [interflop-vprec]: error-mode = rel
Info [interflop-vprec]: max-abs-error-exponent = -1022
Info [interflop-vprec]: daz = false
Info [interflop-vprec]: ftz = false
Info [interflop-vprec]: 	instrument = none
Info [interflop-vprec]: 	prec-input-file = (null)
Info [interflop-vprec]: 	prec-output-file = (null)
Info [interflop-vprec]: 	prec-log-file = (null)
All_Command_lines_OK
Using double precision for computations.
=============================================================================
The composite transform comprises the following transforms (in order): 
  1. /project/rrg-glatard/mdugre/datasets/corr/RawDataBIDS/BMB_1/derivatives/vprec-space_search/0110/r8-p21/sub-0003036/rigid_Composite.h5[0] (type = Euler3DTransform)
  2. /project/rrg-glatard/mdugre/datasets/corr/RawDataBIDS/BMB_1/derivatives/vprec-space_search/0110/r8-p21/sub-0003036/rigid_Composite.h5[1] (type = Euler3DTransform)
  3. /project/rrg-glatard/mdugre/datasets/corr/RawDataBIDS/BMB_1/derivatives/vprec-space_search/0110/r8-p21/sub-0003036/rigid_Composite.h5[2] (type = Euler3DTransform)
=============================================================================
  number of levels = 4
  fixed image: /templateflow/tpl-MNI152NLin2009cAsym/tpl-MNI152NLin2009cAsym_res-01_desc-brain_T1w.nii.gz
  moving image: /project/rrg-glatard/mdugre/datasets/corr/RawDataBIDS/BMB_1/derivatives/antsBrainExtraction/sub-0003036/BrainExtractionBrain.nii.gz
Dimension = 3
Number of stages = 1
Use histogram matching = false
Winsorize image intensities = true
  Lower quantile = 0.005
  Upper quantile = 0.995


Stage 1 State
   Image metric = MattesMI
     Fixed image = Image (0x376f300)
  RTTI typeinfo:   itk::Image<double, 3u>
  Reference Count: 2
  Modified Time: 1592
  Debug: Off
  Object Name: 
  Observers: 
    none
  Source: (none)
  Source output name: (none)
  Release Data: Off
  Data Released: False
  Global Release Data: Off
  PipelineMTime: 0
  UpdateMTime: 1203
  RealTimeStamp: 0 seconds 
  LargestPossibleRegion: 
    Dimension: 3
    Index: [0, 0, 0]
    Size: [193, 229, 193]
  BufferedRegion: 
    Dimension: 3
    Index: [0, 0, 0]
    Size: [193, 229, 193]
  RequestedRegion: 
    Dimension: 3
    Index: [0, 0, 0]
    Size: [193, 229, 193]
  Spacing: [1, 1, 1]
  Origin: [96, 132, -78]
  Direction: 
-1 0 0
0 -1 0
0 0 1

  IndexToPointMatrix: 
-1 0 0
0 -1 0
0 0 1

  PointToIndexMatrix: 
-1 0 0
0 -1 0
0 0 1

  Inverse Direction: 
-1 0 0
0 -1 0
0 0 1

  PixelContainer: 
    ImportImageContainer (0x37e7c30)
      RTTI typeinfo:   itk::ImportImageContainer<unsigned long, double>
      Reference Count: 1
      Modified Time: 1200
      Debug: Off
      Object Name: 
      Observers: 
        none
      Pointer: 0x14ea3a260010
      Container manages memory: true
      Size: 8530021
      Capacity: 8530021

     Moving image = Image (0x381f3c0)
  RTTI typeinfo:   itk::Image<double, 3u>
  Reference Count: 2
  Modified Time: 1593
  Debug: Off
  Object Name: 
  Observers: 
    none
  Source: (none)
  Source output name: (none)
  Release Data: Off
  Data Released: False
  Global Release Data: Off
  PipelineMTime: 0
  UpdateMTime: 1590
  RealTimeStamp: 0 seconds 
  LargestPossibleRegion: 
    Dimension: 3
    Index: [0, 0, 0]
    Size: [176, 256, 256]
  BufferedRegion: 
    Dimension: 3
    Index: [0, 0, 0]
    Size: [176, 256, 256]
  RequestedRegion: 
    Dimension: 3
    Index: [0, 0, 0]
    Size: [176, 256, 256]
  Spacing: [1, 1, 1]
  Origin: [-105.324, 105.944, -112.07]
  Direction: 
1 0 0
0 -1 0
0 0 1

  IndexToPointMatrix: 
1 0 0
0 -1 0
0 0 1

  PointToIndexMatrix: 
1 0 0
0 -1 0
0 0 1

  Inverse Direction: 
1 0 0
0 -1 0
0 0 1

  PixelContainer: 
    ImportImageContainer (0x38fffd0)
      RTTI typeinfo:   itk::ImportImageContainer<unsigned long, double>
      Reference Count: 1
      Modified Time: 1587
      Debug: Off
      Object Name: 
      Observers: 
        none
      Pointer: 0x14ea34a5f010
      Container manages memory: true
      Size: 11534336
      Capacity: 11534336

     Weighting = 1
     Sampling strategy = regular
     Number of bins = 32
     Radius = 4
     Sampling percentage  = 0.25
   Transform = Affine
     Gradient step = 0.1
     Update field sigma (voxel space) = 0
     Total field sigma (voxel space) = 0
     Update field time sigma = 0
     Total field time sigma  = 0
     Number of time indices = 0
     Number of time point samples = 0
Registration using 1 total stages.

Stage 0
  iterations = 1000x500x250x100
  convergence threshold = 1e-06
  convergence window size = 10
  number of levels = 4
  using the Mattes MI metric (number of bins = 32, weight = 1, use gradient filter = 0)
  preprocessing:  winsorizing the image intensities
  Shrink factors (level 1 out of 4): [8, 8, 8]
  Shrink factors (level 2 out of 4): [4, 4, 4]
  Shrink factors (level 3 out of 4): [2, 2, 2]
  Shrink factors (level 4 out of 4): [1, 1, 1]
  smoothing sigmas per level: [3, 2, 1, 0]
  regular sampling (percentage = 0.25)

*** Running AffineTransform registration ***

DIAGNOSTIC,Iteration,metricValue,convergenceValue,ITERATION_TIME_INDEX,SINCE_LAST
 2DIAGNOSTIC,     1, -5.576911206244e-01, 1.797693134862e+308, 0.0000e+00, 0.0000e+00, 
 2DIAGNOSTIC,     2, -5.598481828064e-01, 1.797693134862e+308, 0.0000e+00, 0.0000e+00, 
 2DIAGNOSTIC,     3, -5.633738219270e-01, 1.797693134862e+308, 0.0000e+00, 0.0000e+00, 
 2DIAGNOSTIC,     4, -5.698696898410e-01, 1.797693134862e+308, 0.0000e+00, 0.0000e+00, 
 2DIAGNOSTIC,     5, -5.800587576343e-01, 1.797693134862e+308, 0.0000e+00, 0.0000e+00, 
 2DIAGNOSTIC,     6, -5.985763551409e-01, 1.797693134862e+308, 0.0000e+00, 0.0000e+00, 
 2DIAGNOSTIC,     7, -6.268896219092e-01, 1.797693134862e+308, 0.0000e+00, 0.0000e+00, 
 2DIAGNOSTIC,     8, -6.671642930672e-01, 1.797693134862e+308, 0.0000e+00, 0.0000e+00, 
 2DIAGNOSTIC,     9, -7.001529791946e-01, 1.797693134862e+308, 0.0000e+00, 0.0000e+00, 
 2DIAGNOSTIC,    10, -7.118668674921e-01, 1.757314832154e-02, 0.0000e+00, 0.0000e+00, 
 2DIAGNOSTIC,    11, -7.318626021368e-01, 1.815285687164e-02, 0.0000e+00, 0.0000e+00, 
 2DIAGNOSTIC,    12, -7.886887781526e-01, 1.906312913437e-02, 0.0000e+00, 0.0000e+00, 
 2DIAGNOSTIC,    13, -8.030735021174e-01, 1.862141630333e-02, 0.0000e+00, 0.0000e+00, 
 2DIAGNOSTIC,    14, -8.052824342752e-01, 1.686347444373e-02, 0.0000e+00, 0.0000e+00, 
 2DIAGNOSTIC,    15, -8.098924786363e-01, 1.431172370276e-02, 0.0000e+00, 0.0000e+00, 
 2DIAGNOSTIC,    16, -8.116744881837e-01, 1.136577673091e-02, 0.0000e+00, 0.0000e+00, 
 2DIAGNOSTIC,    17, -8.126920361489e-01, 8.466962504099e-03, 0.0000e+00, 0.0000e+00, 
 2DIAGNOSTIC,    18, -8.131545065256e-01, 6.075814572046e-03, 0.0000e+00, 0.0000e+00, 
 2DIAGNOSTIC,    19, -8.135351996222e-01, 4.146305154388e-03, 0.0000e+00, 0.0000e+00, 
 2DIAGNOSTIC,    20, -8.139836562802e-01, 2.306512778307e-03, 0.0000e+00, 0.0000e+00, 
 2DIAGNOSTIC,    21, -8.143621786408e-01, 8.130977262735e-04, 0.0000e+00, 0.0000e+00, 
 2DIAGNOSTIC,    22, -8.147892846594e-01, 4.245754615182e-04, 0.0000e+00, 0.0000e+00, 
 2DIAGNOSTIC,    23, -8.152076983878e-01, 2.887250460874e-04, 0.0000e+00, 0.0000e+00, 
 2DIAGNOSTIC,    24, -8.152891744164e-01, 1.745359919350e-04, 0.0000e+00, 0.0000e+00, 
 2DIAGNOSTIC,    25, -8.154601765562e-01, 1.285014691778e-04, 0.0000e+00, 0.0000e+00, 
 2DIAGNOSTIC,    26, -8.156513937145e-01, 1.036228764891e-04, 0.0000e+00, 0.0000e+00, 
 2DIAGNOSTIC,    27, -8.157299742440e-01, 8.669985330005e-05, 0.0000e+00, 0.0000e+00, 
 2DIAGNOSTIC,    28, -8.158086526552e-01, 7.045864316518e-05, 0.0000e+00, 0.0000e+00, 
 2DIAGNOSTIC,    29, -8.159377661829e-01, 5.564413700009e-05, 0.0000e+00, 0.0000e+00, 
 2DIAGNOSTIC,    30, -8.160833423987e-01, 4.430286534815e-05, 0.0000e+00, 0.0000e+00, 
 2DIAGNOSTIC,    31, -8.161586321419e-01, 3.513331944864e-05, 0.0000e+00, 0.0000e+00, 
 2DIAGNOSTIC,    32, -8.161742185349e-01, 2.852956690087e-05, 0.0000e+00, 0.0000e+00, 
 2DIAGNOSTIC,    33, -8.162463375958e-01, 2.544126749153e-05, 0.0000e+00, 0.0000e+00, 
 2DIAGNOSTIC,    34, -8.163473762478e-01, 2.221462662192e-05, 0.0000e+00, 0.0000e+00, 
 2DIAGNOSTIC,    35, -8.163834085035e-01, 1.932054469082e-05, 0.0000e+00, 0.0000e+00, 
 2DIAGNOSTIC,    36, -8.164057745107e-01, 1.709606815152e-05, 0.0000e+00, 0.0000e+00, 
 2DIAGNOSTIC,    37, -8.164255629648e-01, 1.449007939952e-05, 0.0000e+00, 0.0000e+00, 
 2DIAGNOSTIC,    38, -8.164526947681e-01, 1.176547709576e-05, 0.0000e+00, 0.0000e+00, 
 2DIAGNOSTIC,    39, -8.164592225148e-01, 9.407445178983e-06, 0.0000e+00, 0.0000e+00, 
 2DIAGNOSTIC,    40, -8.164913694299e-01, 8.009118540830e-06, 0.0000e+00, 0.0000e+00, 
 2DIAGNOSTIC,    41, -8.165054030975e-01, 6.823789459348e-06, 0.0000e+00, 0.0000e+00, 
 2DIAGNOSTIC,    42, -8.165100580852e-01, 5.300713664474e-06, 0.0000e+00, 0.0000e+00, 
 2DIAGNOSTIC,    43, -8.165150863932e-01, 4.073108929872e-06, 0.0000e+00, 0.0000e+00, 
 2DIAGNOSTIC,    44, -8.165175614507e-01, 3.458663173157e-06, 0.0000e+00, 0.0000e+00, 
 2DIAGNOSTIC,    45, -8.165193642619e-01, 2.923697613604e-06, 0.0000e+00, 0.0000e+00, 
 2DIAGNOSTIC,    46, -8.165333948752e-01, 2.494970164607e-06, 0.0000e+00, 0.0000e+00, 
 2DIAGNOSTIC,    47, -8.165344018055e-01, 2.075552926379e-06, 0.0000e+00, 0.0000e+00, 
 2DIAGNOSTIC,    48, -8.165353304748e-01, 1.764233624600e-06, 0.0000e+00, 0.0000e+00, 
 2DIAGNOSTIC,    49, -8.165355360048e-01, 1.411440517705e-06, 0.0000e+00, 0.0000e+00, 
 2DIAGNOSTIC,    50, -8.165359308350e-01, 1.241284913023e-06, 0.0000e+00, 0.0000e+00, 
 2DIAGNOSTIC,    51, -8.165359782595e-01, 1.123275993959e-06, 0.0000e+00, 0.0000e+00, 
DIAGNOSTIC,Iteration,metricValue,convergenceValue,ITERATION_TIME_INDEX,SINCE_LAST
 2DIAGNOSTIC,     1, -6.853931919671e-01, 1.797693134862e+308, 0.0000e+00, 0.0000e+00, 
 2DIAGNOSTIC,     2, -6.862685635264e-01, 1.797693134862e+308, 0.0000e+00, 0.0000e+00, 
 2DIAGNOSTIC,     3, -6.874709441799e-01, 1.797693134862e+308, 0.0000e+00, 0.0000e+00, 
 2DIAGNOSTIC,     4, -6.888636847801e-01, 1.797693134862e+308, 0.0000e+00, 0.0000e+00, 
 2DIAGNOSTIC,     5, -6.903825569863e-01, 1.797693134862e+308, 0.0000e+00, 0.0000e+00, 
 2DIAGNOSTIC,     6, -6.921230104263e-01, 1.797693134862e+308, 0.0000e+00, 0.0000e+00, 
 2DIAGNOSTIC,     7, -6.942295207378e-01, 1.797693134862e+308, 0.0000e+00, 0.0000e+00, 
 2DIAGNOSTIC,     8, -6.945738986292e-01, 1.797693134862e+308, 0.0000e+00, 0.0000e+00, 
 2DIAGNOSTIC,     9, -6.946134627155e-01, 1.797693134862e+308, 0.0000e+00, 0.0000e+00, 
 2DIAGNOSTIC,    10, -6.947454215863e-01, 1.007865531315e-03, 0.0000e+00, 0.0000e+00, 
 2DIAGNOSTIC,    11, -6.949108080734e-01, 8.005214419732e-04, 0.0000e+00, 0.0000e+00, 
 2DIAGNOSTIC,    12, -6.950996270347e-01, 5.915228721054e-04, 0.0000e+00, 0.0000e+00, 
 2DIAGNOSTIC,    13, -6.952894363850e-01, 4.054033182570e-04, 0.0000e+00, 0.0000e+00, 
 2DIAGNOSTIC,    14, -6.954282393561e-01, 2.545899779503e-04, 0.0000e+00, 0.0000e+00, 
 2DIAGNOSTIC,    15, -6.954565673376e-01, 1.427308093553e-04, 0.0000e+00, 0.0000e+00, 
 2DIAGNOSTIC,    16, -6.954644623673e-01, 7.544140195472e-05, 0.0000e+00, 0.0000e+00, 
 2DIAGNOSTIC,    17, -6.955030871805e-01, 6.088687458132e-05, 0.0000e+00, 0.0000e+00, 
 2DIAGNOSTIC,    18, -6.955437797340e-01, 5.123947306379e-05, 0.0000e+00, 0.0000e+00, 
 2DIAGNOSTIC,    19, -6.955634784756e-01, 3.925506382690e-05, 0.0000e+00, 0.0000e+00, 
 2DIAGNOSTIC,    20, -6.955783197887e-01, 2.799542115568e-05, 0.0000e+00, 0.0000e+00, 
 2DIAGNOSTIC,    21, -6.955895264791e-01, 1.878550094613e-05, 0.0000e+00, 0.0000e+00, 
 2DIAGNOSTIC,    22, -6.955943664530e-01, 1.233835358267e-05, 0.0000e+00, 0.0000e+00, 
 2DIAGNOSTIC,    23, -6.955943802608e-01, 8.743323968725e-06, 0.0000e+00, 0.0000e+00, 
 2DIAGNOSTIC,    24, -6.955943705060e-01, 7.122737857426e-06, 0.0000e+00, 0.0000e+00, 
 2DIAGNOSTIC,    25, -6.955943532283e-01, 5.562480093653e-06, 0.0000e+00, 0.0000e+00, 
 2DIAGNOSTIC,    26, -6.955943822657e-01, 3.835680978038e-06, 0.0000e+00, 0.0000e+00, 
 2DIAGNOSTIC,    27, -6.955942963595e-01, 2.563977321637e-06, 0.0000e+00, 0.0000e+00, 
 2DIAGNOSTIC,    28, -6.955943259211e-01, 1.845609652482e-06, 0.0000e+00, 0.0000e+00, 
 2DIAGNOSTIC,    29, -6.955943858567e-01, 1.386370676641e-06, 0.0000e+00, 0.0000e+00, 
 2DIAGNOSTIC,    30, -6.955943471229e-01, 1.129296376988e-06, 0.0000e+00, 0.0000e+00, 
 2DIAGNOSTIC,    31, -6.955943428550e-01, 1.028867134933e-06, 0.0000e+00, 0.0000e+00, 
DIAGNOSTIC,Iteration,metricValue,convergenceValue,ITERATION_TIME_INDEX,SINCE_LAST
 2DIAGNOSTIC,     1, -5.936061816255e-01, 1.797693134862e+308, 0.0000e+00, 0.0000e+00, 
 2DIAGNOSTIC,     2, -5.940605804967e-01, 1.797693134862e+308, 0.0000e+00, 0.0000e+00, 
 2DIAGNOSTIC,     3, -5.943674608312e-01, 1.797693134862e+308, 0.0000e+00, 0.0000e+00, 
 2DIAGNOSTIC,     4, -5.946231869212e-01, 1.797693134862e+308, 0.0000e+00, 0.0000e+00, 
 2DIAGNOSTIC,     5, -5.948254720952e-01, 1.797693134862e+308, 0.0000e+00, 0.0000e+00, 
 2DIAGNOSTIC,     6, -5.949062763836e-01, 1.797693134862e+308, 0.0000e+00, 0.0000e+00, 
 2DIAGNOSTIC,     7, -5.949076667691e-01, 1.797693134862e+308, 0.0000e+00, 0.0000e+00, 
 2DIAGNOSTIC,     8, -5.949111835819e-01, 1.797693134862e+308, 0.0000e+00, 0.0000e+00, 
 2DIAGNOSTIC,     9, -5.949123347116e-01, 1.797693134862e+308, 0.0000e+00, 0.0000e+00, 
 2DIAGNOSTIC,    10, -5.949125848744e-01, 1.264292410148e-04, 0.0000e+00, 0.0000e+00, 
 2DIAGNOSTIC,    11, -5.949130799073e-01, 7.120025961982e-05, 0.0000e+00, 0.0000e+00, 
 2DIAGNOSTIC,    12, -5.949136064418e-01, 3.706539563900e-05, 0.0000e+00, 0.0000e+00, 
 2DIAGNOSTIC,    13, -5.949143241474e-01, 1.625150278506e-05, 0.0000e+00, 0.0000e+00, 
 2DIAGNOSTIC,    14, -5.949151391722e-01, 5.750756700201e-06, 0.0000e+00, 0.0000e+00, 
 2DIAGNOSTIC,    15, -5.949164178234e-01, 2.746912040594e-06, 0.0000e+00, 0.0000e+00, 
 2DIAGNOSTIC,    16, -5.949164639563e-01, 2.476255709538e-06, 0.0000e+00, 0.0000e+00, 
 2DIAGNOSTIC,    17, -5.949164057341e-01, 2.228312762170e-06, 0.0000e+00, 0.0000e+00, 
 2DIAGNOSTIC,    18, -5.949163888297e-01, 2.067697495868e-06, 0.0000e+00, 0.0000e+00, 
 2DIAGNOSTIC,    19, -5.949163945826e-01, 1.925164405968e-06, 0.0000e+00, 0.0000e+00, 
 2DIAGNOSTIC,    20, -5.949163835039e-01, 1.778987932508e-06, 0.0000e+00, 0.0000e+00, 
 2DIAGNOSTIC,    21, -5.949163806937e-01, 1.640639366057e-06, 0.0000e+00, 0.0000e+00, 
 2DIAGNOSTIC,    22, -5.949163975194e-01, 1.515372159026e-06, 0.0000e+00, 0.0000e+00, 
 2DIAGNOSTIC,    23, -5.949164050112e-01, 1.409615764898e-06, 0.0000e+00, 0.0000e+00, 
 2DIAGNOSTIC,    24, -5.949163888574e-01, 1.325542391656e-06, 0.0000e+00, 0.0000e+00, 
 2DIAGNOSTIC,    25, -5.949163775838e-01, 1.272567002275e-06, 0.0000e+00, 0.0000e+00, 
 2DIAGNOSTIC,    26, -5.949164099683e-01, 1.225303876883e-06, 0.0000e+00, 0.0000e+00, 
 2DIAGNOSTIC,    27, -5.949164216045e-01, 1.180690229662e-06, 0.0000e+00, 0.0000e+00, 
 2DIAGNOSTIC,    28, -5.949163917088e-01, 1.138376393657e-06, 0.0000e+00, 0.0000e+00, 
 2DIAGNOSTIC,    29, -5.949164089670e-01, 1.099336582530e-06, 0.0000e+00, 0.0000e+00, 
 2DIAGNOSTIC,    30, -5.949164066284e-01, 1.062602414448e-06, 0.0000e+00, 0.0000e+00, 
 2DIAGNOSTIC,    31, -5.949163947446e-01, 1.027919096154e-06, 0.0000e+00, 0.0000e+00, 
DIAGNOSTIC,Iteration,metricValue,convergenceValue,ITERATION_TIME_INDEX,SINCE_LAST
 2DIAGNOSTIC,     1, -5.299089821773e-01, 1.797693134862e+308, 0.0000e+00, 0.0000e+00, 
 2DIAGNOSTIC,     2, -5.300980335187e-01, 1.797693134862e+308, 0.0000e+00, 0.0000e+00, 
 2DIAGNOSTIC,     3, -5.302227628419e-01, 1.797693134862e+308, 0.0000e+00, 0.0000e+00, 
 2DIAGNOSTIC,     4, -5.303090434730e-01, 1.797693134862e+308, 0.0000e+00, 0.0000e+00, 
 2DIAGNOSTIC,     5, -5.303201239742e-01, 1.797693134862e+308, 0.0000e+00, 0.0000e+00, 
 2DIAGNOSTIC,     6, -5.303223565755e-01, 1.797693134862e+308, 0.0000e+00, 0.0000e+00, 
 2DIAGNOSTIC,     7, -5.303260578916e-01, 1.797693134862e+308, 0.0000e+00, 0.0000e+00, 
 2DIAGNOSTIC,     8, -5.303278964103e-01, 1.797693134862e+308, 0.0000e+00, 0.0000e+00, 
 2DIAGNOSTIC,     9, -5.303281319025e-01, 1.797693134862e+308, 0.0000e+00, 0.0000e+00, 
 2DIAGNOSTIC,    10, -5.303285735766e-01, 4.085127833420e-05, 0.0000e+00, 0.0000e+00, 
 2DIAGNOSTIC,    11, -5.303291627190e-01, 1.952118021839e-05, 0.0000e+00, 0.0000e+00, 
 2DIAGNOSTIC,    12, -5.303299181471e-01, 8.624542619351e-06, 0.0000e+00, 0.0000e+00, 
 2DIAGNOSTIC,    13, -5.303308560205e-01, 3.949382750085e-06, 0.0000e+00, 0.0000e+00, 
 2DIAGNOSTIC,    14, -5.303317556997e-01, 3.133978026579e-06, 0.0000e+00, 0.0000e+00, 
 2DIAGNOSTIC,    15, -5.303334961804e-01, 2.806938570521e-06, 0.0000e+00, 0.0000e+00, 
 2DIAGNOSTIC,    16, -5.303380197463e-01, 2.680462890037e-06, 0.0000e+00, 0.0000e+00, 
 2DIAGNOSTIC,    17, -5.303382824814e-01, 2.625469928623e-06, 0.0000e+00, 0.0000e+00, 
 2DIAGNOSTIC,    18, -5.303382955752e-01, 2.564102483261e-06, 0.0000e+00, 0.0000e+00, 
 2DIAGNOSTIC,    19, -5.303382892254e-01, 2.443672585888e-06, 0.0000e+00, 0.0000e+00, 
 2DIAGNOSTIC,    20, -5.303382859479e-01, 2.274733656077e-06, 0.0000e+00, 0.0000e+00, 
 2DIAGNOSTIC,    21, -5.303382753827e-01, 2.071086151446e-06, 0.0000e+00, 0.0000e+00, 
 2DIAGNOSTIC,    22, -5.303382897998e-01, 1.852734666505e-06, 0.0000e+00, 0.0000e+00, 
 2DIAGNOSTIC,    23, -5.303382917254e-01, 1.638953546351e-06, 0.0000e+00, 0.0000e+00, 
 2DIAGNOSTIC,    24, -5.303382873144e-01, 1.439364105349e-06, 5.1200e+02, 5.1200e+02, 
 2DIAGNOSTIC,    25, -5.303382744659e-01, 1.279546613636e-06, 5.1200e+02, 0.0000e+00, 
 2DIAGNOSTIC,    26, -5.303382763544e-01, 1.224649244819e-06, 5.1200e+02, 0.0000e+00, 
 2DIAGNOSTIC,    27, -5.303382960544e-01, 1.179445465162e-06, 5.1200e+02, 0.0000e+00, 
 2DIAGNOSTIC,    28, -5.303383105801e-01, 1.138007335547e-06, 5.1200e+02, 0.0000e+00, 
 2DIAGNOSTIC,    29, -5.303383110467e-01, 1.099280060979e-06, 5.1200e+02, 0.0000e+00, 
 2DIAGNOSTIC,    30, -5.303383066749e-01, 1.062930840838e-06, 5.1200e+02, 0.0000e+00, 
 2DIAGNOSTIC,    31, -5.303383009883e-01, 1.028529148468e-06, 5.1200e+02, 0.0000e+00, 
  Elapsed time (stage 0): 5.1200e+02


Total elapsed time: 5.1200e+02
VFC_BACKENDS=libinterflop_ieee.so
Info [verificarlo]: loaded backend libinterflop_ieee.so
Info [interflop-ieee]: load backend with:
Info [interflop-ieee]: debug = false
Info [interflop-ieee]: debug-binary = false
Info [interflop-ieee]: no-backend-name = false
Info [interflop-ieee]: print-new-line = false
Info [interflop-ieee]: print-subnormal-normalized = false
Info [interflop-ieee]: count-op = false
All_Command_lines_OK
Using double precision for computations.
=============================================================================
The composite transform comprises the following transforms (in order): 
  1. /project/rrg-glatard/mdugre/datasets/corr/RawDataBIDS/BMB_1/derivatives/vprec-space_search/0110/r8-p21/sub-0003036/affine_Composite.h5[0] (type = Euler3DTransform)
  2. /project/rrg-glatard/mdugre/datasets/corr/RawDataBIDS/BMB_1/derivatives/vprec-space_search/0110/r8-p21/sub-0003036/affine_Composite.h5[1] (type = Euler3DTransform)
  3. /project/rrg-glatard/mdugre/datasets/corr/RawDataBIDS/BMB_1/derivatives/vprec-space_search/0110/r8-p21/sub-0003036/affine_Composite.h5[2] (type = Euler3DTransform)
  4. /project/rrg-glatard/mdugre/datasets/corr/RawDataBIDS/BMB_1/derivatives/vprec-space_search/0110/r8-p21/sub-0003036/affine_Composite.h5[3] (type = AffineTransform)
=============================================================================
  number of levels = 4
  fixed image: /templateflow/tpl-MNI152NLin2009cAsym/tpl-MNI152NLin2009cAsym_res-01_desc-brain_T1w.nii.gz
  moving image: /project/rrg-glatard/mdugre/datasets/corr/RawDataBIDS/BMB_1/derivatives/antsBrainExtraction/sub-0003036/BrainExtractionBrain.nii.gz
Dimension = 3
Number of stages = 1
Use histogram matching = false
Winsorize image intensities = true
  Lower quantile = 0.005
  Upper quantile = 0.995


Stage 1 State
   Image metric = CC
     Fixed image = Image (0x46fd810)
  RTTI typeinfo:   itk::Image<double, 3u>
  Reference Count: 2
  Modified Time: 1606
  Debug: Off
  Object Name: 
  Observers: 
    none
  Source: (none)
  Source output name: (none)
  Release Data: Off
  Data Released: False
  Global Release Data: Off
  PipelineMTime: 0
  UpdateMTime: 1217
  RealTimeStamp: 0 seconds 
  LargestPossibleRegion: 
    Dimension: 3
    Index: [0, 0, 0]
    Size: [193, 229, 193]
  BufferedRegion: 
    Dimension: 3
    Index: [0, 0, 0]
    Size: [193, 229, 193]
  RequestedRegion: 
    Dimension: 3
    Index: [0, 0, 0]
    Size: [193, 229, 193]
  Spacing: [1, 1, 1]
  Origin: [96, 132, -78]
  Direction: 
-1 0 0
0 -1 0
0 0 1

  IndexToPointMatrix: 
-1 0 0
0 -1 0
0 0 1

  PointToIndexMatrix: 
-1 0 0
0 -1 0
0 0 1

  Inverse Direction: 
-1 0 0
0 -1 0
0 0 1

  PixelContainer: 
    ImportImageContainer (0x47cd130)
      RTTI typeinfo:   itk::ImportImageContainer<unsigned long, double>
      Reference Count: 1
      Modified Time: 1214
      Debug: Off
      Object Name: 
      Observers: 
        none
      Pointer: 0x149760409010
      Container manages memory: true
      Size: 8530021
      Capacity: 8530021

     Moving image = Image (0x47d3b30)
  RTTI typeinfo:   itk::Image<double, 3u>
  Reference Count: 2
  Modified Time: 1607
  Debug: Off
  Object Name: 
  Observers: 
    none
  Source: (none)
  Source output name: (none)
  Release Data: Off
  Data Released: False
  Global Release Data: Off
  PipelineMTime: 0
  UpdateMTime: 1604
  RealTimeStamp: 0 seconds 
  LargestPossibleRegion: 
    Dimension: 3
    Index: [0, 0, 0]
    Size: [176, 256, 256]
  BufferedRegion: 
    Dimension: 3
    Index: [0, 0, 0]
    Size: [176, 256, 256]
  RequestedRegion: 
    Dimension: 3
    Index: [0, 0, 0]
    Size: [176, 256, 256]
  Spacing: [1, 1, 1]
  Origin: [-105.324, 105.944, -112.07]
  Direction: 
1 0 0
0 -1 0
0 0 1

  IndexToPointMatrix: 
1 0 0
0 -1 0
0 0 1

  PointToIndexMatrix: 
1 0 0
0 -1 0
0 0 1

  Inverse Direction: 
1 0 0
0 -1 0
0 0 1

  PixelContainer: 
    ImportImageContainer (0x4777190)
      RTTI typeinfo:   itk::ImportImageContainer<unsigned long, double>
      Reference Count: 1
      Modified Time: 1601
      Debug: Off
      Object Name: 
      Observers: 
        none
      Pointer: 0x14975ac08010
      Container manages memory: true
      Size: 11534336
      Capacity: 11534336

     Weighting = 1
     Sampling strategy = none
     Number of bins = 32
     Radius = 4
     Sampling percentage  = 1
   Transform = SyN
     Gradient step = 0.1
     Update field sigma (voxel space) = 3
     Total field sigma (voxel space) = 0
     Update field time sigma = 0
     Total field time sigma  = 0
     Number of time indices = 0
     Number of time point samples = 0
Registration using 1 total stages.

Stage 0
  iterations = 100x70x50x20
  convergence threshold = 1e-06
  convergence window size = 10
  number of levels = 4
  using the CC metric (radius = 4, weight = 1, use gradient filter = 0)
  preprocessing:  winsorizing the image intensities
  Shrink factors (level 1 out of 4): [8, 8, 8]
  Shrink factors (level 2 out of 4): [4, 4, 4]
  Shrink factors (level 3 out of 4): [2, 2, 2]
  Shrink factors (level 4 out of 4): [1, 1, 1]
  smoothing sigmas per level: [3, 2, 1, 0]
  Using default NONE metricSamplingStrategy 

*** Running SyN registration (varianceForUpdateField = 3, varianceForTotalField = 0) ***

XXDIAGNOSTIC,Iteration,metricValue,convergenceValue,ITERATION_TIME_INDEX,SINCE_LAST
 1DIAGNOSTIC,     1, -9.214470411779e-01, 1.797693134862e+308, 1.5540e+00, 1.5540e+00, 
 1DIAGNOSTIC,     2, -9.298366727277e-01, 1.797693134862e+308, 1.9008e+00, 3.4676e-01, 
 1DIAGNOSTIC,     3, -9.372453680862e-01, 1.797693134862e+308, 2.2679e+00, 3.6714e-01, 
 1DIAGNOSTIC,     4, -9.419039916754e-01, 1.797693134862e+308, 2.6198e+00, 3.5185e-01, 
 1DIAGNOSTIC,     5, -9.453211406070e-01, 1.797693134862e+308, 2.9649e+00, 3.4517e-01, 
 1DIAGNOSTIC,     6, -9.477213613561e-01, 1.797693134862e+308, 3.3150e+00, 3.5005e-01, 
 1DIAGNOSTIC,     7, -9.505925761040e-01, 1.797693134862e+308, 3.6662e+00, 3.5123e-01, 
 1DIAGNOSTIC,     8, -9.539387621661e-01, 1.797693134862e+308, 4.0262e+00, 3.5997e-01, 
 1DIAGNOSTIC,     9, -9.574494923500e-01, 1.797693134862e+308, 4.3770e+00, 3.5081e-01, 
 1DIAGNOSTIC,    10, -9.605012324396e-01, 2.390668598095e-03, 4.7238e+00, 3.4680e-01, 
 1DIAGNOSTIC,    11, -9.617940342508e-01, 1.851238016739e-03, 5.0618e+00, 3.3797e-01, 
 1DIAGNOSTIC,    12, -9.629855014452e-01, 1.474081660793e-03, 5.3971e+00, 3.3535e-01, 
 1DIAGNOSTIC,    13, -9.639470569227e-01, 1.213554606546e-03, 5.7415e+00, 3.4444e-01, 
 1DIAGNOSTIC,    14, -9.650809985731e-01, 1.002544352781e-03, 6.0875e+00, 3.4599e-01, 
 1DIAGNOSTIC,    15, -9.656412633270e-01, 8.070712633490e-04, 6.4270e+00, 3.3941e-01, 
 1DIAGNOSTIC,    16, -9.665214836234e-01, 6.236467034512e-04, 6.7548e+00, 3.2783e-01, 
 1DIAGNOSTIC,    17, -9.669013386814e-01, 4.613968474774e-04, 7.0839e+00, 3.2915e-01, 
 1DIAGNOSTIC,    18, -9.675324474563e-01, 3.398741755584e-04, 7.4142e+00, 3.3022e-01, 
 1DIAGNOSTIC,    19, -9.677630501030e-01, 2.574494026340e-04, 7.7510e+00, 3.3687e-01, 
 1DIAGNOSTIC,    20, -9.682214757671e-01, 2.115977088683e-04, 8.0944e+00, 3.4338e-01, 
 1DIAGNOSTIC,    21, -9.683310878170e-01, 1.701601071796e-04, 8.4475e+00, 3.5306e-01, 
 1DIAGNOSTIC,    22, -9.686549392081e-01, 1.371248534536e-04, 8.7843e+00, 3.3682e-01, 
 1DIAGNOSTIC,    23, -9.686992307059e-01, 1.069807069662e-04, 9.1340e+00, 3.4976e-01, 
 1DIAGNOSTIC,    24, -9.689488370592e-01, 8.656403597153e-05, 9.4763e+00, 3.4230e-01, 
 1DIAGNOSTIC,    25, -9.689624225083e-01, 6.636597739233e-05, 9.8243e+00, 3.4794e-01, 
 1DIAGNOSTIC,    26, -9.691952048480e-01, 5.430535352603e-05, 1.0158e+01, 3.3401e-01, 
 1DIAGNOSTIC,    27, -9.691891134835e-01, 4.207628216805e-05, 1.0524e+01, 3.6543e-01, 
 1DIAGNOSTIC,    28, -9.693736314052e-01, 3.551766376667e-05, 1.0873e+01, 3.4921e-01, 
 1DIAGNOSTIC,    29, -9.693530329880e-01, 2.818856983697e-05, 1.1222e+01, 3.4935e-01, 
 1DIAGNOSTIC,    30, -9.695164677056e-01, 2.495269624865e-05, 1.1564e+01, 3.4190e-01, 
 1DIAGNOSTIC,    31, -9.694857463154e-01, 2.032038400095e-05, 1.1915e+01, 3.5084e-01, 
 1DIAGNOSTIC,    32, -9.696302938871e-01, 1.851302900951e-05, 1.2262e+01, 3.4682e-01, 
 1DIAGNOSTIC,    33, -9.695924364530e-01, 1.514148092200e-05, 1.2609e+01, 3.4748e-01, 
 1DIAGNOSTIC,    34, -9.697175273834e-01, 1.391674284162e-05, 1.2949e+01, 3.4019e-01, 
 1DIAGNOSTIC,    35, -9.696783051256e-01, 1.124628413797e-05, 1.3298e+01, 3.4806e-01, 
 1DIAGNOSTIC,    36, -9.697872256070e-01, 1.057748878951e-05, 1.3644e+01, 3.4631e-01, 
 1DIAGNOSTIC,    37, -9.697479751057e-01, 8.608613324402e-06, 1.3993e+01, 3.4873e-01, 
 1DIAGNOSTIC,    38, -9.698448786717e-01, 8.222371232429e-06, 1.4334e+01, 3.4160e-01, 
 1DIAGNOSTIC,    39, -9.698060003526e-01, 6.657165957831e-06, 1.4678e+01, 3.4418e-01, 
 1DIAGNOSTIC,    40, -9.698948921380e-01, 6.502923324603e-06, 1.5040e+01, 3.6175e-01, 
 1DIAGNOSTIC,    41, -9.699084284234e-01, 5.648645175063e-06, 1.5382e+01, 3.4182e-01, 
 1DIAGNOSTIC,    42, -9.700077840973e-01, 6.098563073282e-06, 1.5724e+01, 3.4207e-01, 
 1DIAGNOSTIC,    43, -9.699525449284e-01, 5.345332347893e-06, 1.6073e+01, 3.4902e-01, 
 1DIAGNOSTIC,    44, -9.700269876611e-01, 5.557222413816e-06, 1.6421e+01, 3.4789e-01, 
 1DIAGNOSTIC,    45, -9.699756064740e-01, 4.673583445705e-06, 1.6770e+01, 3.4950e-01, 
 1DIAGNOSTIC,    46, -9.700470335497e-01, 4.620401333422e-06, 1.7118e+01, 3.4743e-01, 
 1DIAGNOSTIC,    47, -9.699978166062e-01, 3.608713010788e-06, 1.7467e+01, 3.4937e-01, 
 1DIAGNOSTIC,    48, -9.700669580969e-01, 3.404770638135e-06, 1.7816e+01, 3.4917e-01, 
 1DIAGNOSTIC,    49, -9.700695443858e-01, 2.710282292498e-06, 1.8167e+01, 3.5054e-01, 
 1DIAGNOSTIC,    50, -9.702446394881e-01, 3.404559902720e-06, 1.8515e+01, 3.4796e-01, 
 1DIAGNOSTIC,    51, -9.701806360770e-01, 3.474312625342e-06, 1.8858e+01, 3.4263e-01, 
 1DIAGNOSTIC,    52, -9.702468473321e-01, 4.240560882666e-06, 1.9205e+01, 3.4764e-01, 
 1DIAGNOSTIC,    53, -9.701882525274e-01, 3.983475186809e-06, 1.9552e+01, 3.4687e-01, 
 1DIAGNOSTIC,    54, -9.702516047827e-01, 4.174553374914e-06, 1.9898e+01, 3.4596e-01, 
 1DIAGNOSTIC,    55, -9.702490420827e-01, 3.695242490210e-06, 2.0247e+01, 3.4921e-01, 
 1DIAGNOSTIC,    56, -9.703231218147e-01, 3.712042533546e-06, 2.0597e+01, 3.4947e-01, 
 1DIAGNOSTIC,    57, -9.702584397819e-01, 2.833241595730e-06, 2.0934e+01, 3.3711e-01, 
 1DIAGNOSTIC,    58, -9.703133661930e-01, 2.418042965687e-06, 2.1275e+01, 3.4167e-01, 
 1DIAGNOSTIC,    59, -9.702551901423e-01, 1.526581222409e-06, 2.1621e+01, 3.4565e-01, 
 1DIAGNOSTIC,    60, -9.703077585967e-01, 1.700129447897e-06, 2.1953e+01, 3.3205e-01, 
 1DIAGNOSTIC,    61, -9.703042208061e-01, 1.410858736912e-06, 2.2284e+01, 3.3131e-01, 
 1DIAGNOSTIC,    62, -9.703696692556e-01, 1.684308171695e-06, 2.2613e+01, 3.2886e-01, 
 1DIAGNOSTIC,    63, -9.703038773847e-01, 1.245064755791e-06, 2.2941e+01, 3.2798e-01, 
 1DIAGNOSTIC,    64, -9.703539742056e-01, 1.284831471677e-06, 2.3279e+01, 3.3784e-01, 
 1DIAGNOSTIC,    65, -9.703446049757e-01, 1.176399964352e-06, 2.3625e+01, 3.4635e-01, 
 1DIAGNOSTIC,    66, -9.704074547695e-01, 1.620509027203e-06, 2.3997e+01, 3.7148e-01, 
 1DIAGNOSTIC,    67, -9.703372736091e-01, 1.334553375108e-06, 2.4340e+01, 3.4309e-01, 
 1DIAGNOSTIC,    68, -9.703859494622e-01, 1.446832191550e-06, 2.4685e+01, 3.4535e-01, 
 1DIAGNOSTIC,    69, -9.703720296581e-01, 1.144524215149e-06, 2.5059e+01, 3.7388e-01, 
 1DIAGNOSTIC,    70, -9.704346333041e-01, 1.266888672882e-06, 2.5402e+01, 3.4246e-01, 
 1DIAGNOSTIC,    71, -9.703609818175e-01, 9.720609881921e-07, 2.5769e+01, 3.6694e-01, 
XXDIAGNOSTIC,Iteration,metricValue,convergenceValue,ITERATION_TIME_INDEX,SINCE_LAST
 1DIAGNOSTIC,     1, -9.123771876493e-01, 1.797693134862e+308, 2.9994e+01, 4.2251e+00, 
 1DIAGNOSTIC,     2, -9.151787861297e-01, 1.797693134862e+308, 3.3073e+01, 3.0794e+00, 
 1DIAGNOSTIC,     3, -9.188193887218e-01, 1.797693134862e+308, 3.6349e+01, 3.2756e+00, 
 1DIAGNOSTIC,     4, -9.222504161305e-01, 1.797693134862e+308, 3.9323e+01, 2.9740e+00, 
 1DIAGNOSTIC,     5, -9.253841200296e-01, 1.797693134862e+308, 4.2328e+01, 3.0049e+00, 
 1DIAGNOSTIC,     6, -9.280274669344e-01, 1.797693134862e+308, 4.5334e+01, 3.0066e+00, 
 1DIAGNOSTIC,     7, -9.304754906395e-01, 1.797693134862e+308, 4.8356e+01, 3.0214e+00, 
 1DIAGNOSTIC,     8, -9.325181334502e-01, 1.797693134862e+308, 5.1385e+01, 3.0291e+00, 
 1DIAGNOSTIC,     9, -9.343343925629e-01, 1.797693134862e+308, 5.4420e+01, 3.0356e+00, 
 1DIAGNOSTIC,    10, -9.358081798259e-01, 1.663271382981e-03, 5.7440e+01, 3.0200e+00, 
 1DIAGNOSTIC,    11, -9.369961010731e-01, 1.365870271969e-03, 6.0465e+01, 3.0249e+00, 
 1DIAGNOSTIC,    12, -9.379731741950e-01, 1.091387455881e-03, 6.3469e+01, 3.0032e+00, 
 1DIAGNOSTIC,    13, -9.386194626982e-01, 8.609115343981e-04, 6.6713e+01, 3.2445e+00, 
 1DIAGNOSTIC,    14, -9.393641270673e-01, 6.759110878668e-04, 6.9706e+01, 2.9931e+00, 
 1DIAGNOSTIC,    15, -9.398279422271e-01, 5.267152903264e-04, 7.2747e+01, 3.0410e+00, 
 1DIAGNOSTIC,    16, -9.401355224654e-01, 4.038652162791e-04, 7.5804e+01, 3.0572e+00, 
 1DIAGNOSTIC,    17, -9.405188214482e-01, 3.089804336500e-04, 7.9010e+01, 3.2055e+00, 
 1DIAGNOSTIC,    18, -9.407601347458e-01, 2.345489100550e-04, 8.2082e+01, 3.0718e+00, 
 1DIAGNOSTIC,    19, -9.410836642373e-01, 1.803845678183e-04, 8.5105e+01, 3.0236e+00, 
 1DIAGNOSTIC,    20, -9.412709715639e-01, 1.400389867360e-04, 8.8176e+01, 3.0711e+00, 
 1DIAGNOSTIC,    21, -9.415489585654e-01, 1.117388828694e-04, 9.1237e+01, 3.0610e+00, 
 1DIAGNOSTIC,    22, -9.416980484927e-01, 9.118235747102e-05, 9.4329e+01, 3.0916e+00, 
 1DIAGNOSTIC,    23, -9.419428793260e-01, 7.562556888650e-05, 9.7389e+01, 3.0603e+00, 
 1DIAGNOSTIC,    24, -9.420596166756e-01, 6.519951296671e-05, 1.0042e+02, 3.0270e+00, 
 1DIAGNOSTIC,    25, -9.421716591828e-01, 5.658066587618e-05, 1.0350e+02, 3.0804e+00, 
 1DIAGNOSTIC,    26, -9.422783865598e-01, 4.819875259577e-05, 1.0661e+02, 3.1130e+00, 
 1DIAGNOSTIC,    27, -9.423798022231e-01, 4.142883712578e-05, 1.0971e+02, 3.0959e+00, 
 1DIAGNOSTIC,    28, -9.424755069900e-01, 3.492856182006e-05, 1.1281e+02, 3.1069e+00, 
 1DIAGNOSTIC,    29, -9.425650739713e-01, 2.998937640985e-05, 1.1593e+02, 3.1150e+00, 
 1DIAGNOSTIC,    30, -9.426476411959e-01, 2.533618270567e-05, 1.1903e+02, 3.0978e+00, 
 1DIAGNOSTIC,    31, -9.427257658984e-01, 2.215953812980e-05, 1.2212e+02, 3.0997e+00, 
 1DIAGNOSTIC,    32, -9.427971573412e-01, 1.921565127224e-05, 1.2519e+02, 3.0683e+00, 
 1DIAGNOSTIC,    33, -9.428680440222e-01, 1.760617498757e-05, 1.2829e+02, 3.0982e+00, 
 1DIAGNOSTIC,    34, -9.429357900328e-01, 1.613844009094e-05, 1.3138e+02, 3.0837e+00, 
 1DIAGNOSTIC,    35, -9.430022065797e-01, 1.483902739800e-05, 1.3456e+02, 3.1890e+00, 
 1DIAGNOSTIC,    36, -9.430635043700e-01, 1.368619939223e-05, 1.3796e+02, 3.3967e+00, 
 1DIAGNOSTIC,    37, -9.431206914198e-01, 1.266252990910e-05, 1.4174e+02, 3.7772e+00, 
 1DIAGNOSTIC,    38, -9.431775849829e-01, 1.177267787616e-05, 1.4562e+02, 3.8808e+00, 
 1DIAGNOSTIC,    39, -9.432329201389e-01, 1.099909917541e-05, 1.4947e+02, 3.8488e+00, 
 1DIAGNOSTIC,    40, -9.432874400935e-01, 1.031910559438e-05, 1.5323e+02, 3.7599e+00, 
 1DIAGNOSTIC,    41, -9.433434945719e-01, 9.744595733698e-06, 1.5705e+02, 3.8258e+00, 
 1DIAGNOSTIC,    42, -9.433972622835e-01, 9.233345890119e-06, 1.6142e+02, 4.3655e+00, 
 1DIAGNOSTIC,    43, -9.434579120916e-01, 8.853017318504e-06, 1.6524e+02, 3.8214e+00, 
 1DIAGNOSTIC,    44, -9.435096539504e-01, 8.525605552728e-06, 1.6896e+02, 3.7155e+00, 
 1DIAGNOSTIC,    45, -9.435581946164e-01, 8.231767486280e-06, 1.7288e+02, 3.9243e+00, 
 1DIAGNOSTIC,    46, -9.436119270946e-01, 7.980795930680e-06, 1.7670e+02, 3.8158e+00, 
 1DIAGNOSTIC,    47, -9.436620277019e-01, 7.724605844642e-06, 1.8052e+02, 3.8287e+00, 
 1DIAGNOSTIC,    48, -9.437136213248e-01, 7.479911301171e-06, 1.8435e+02, 3.8279e+00, 
 1DIAGNOSTIC,    49, -9.437655994989e-01, 7.247556578740e-06, 1.8804e+02, 3.6829e+00, 
 1DIAGNOSTIC,    50, -9.438182110415e-01, 7.033601999509e-06, 1.9188e+02, 3.8469e+00, 
 1DIAGNOSTIC,    51, -9.438709696919e-01, 6.853203813908e-06, 1.9561e+02, 3.7311e+00, 
 1DIAGNOSTIC,    52, -9.439211186234e-01, 6.678113380499e-06, 1.9955e+02, 3.9374e+00, 
 1DIAGNOSTIC,    53, -9.439733374343e-01, 6.565382056071e-06, 2.0328e+02, 3.7316e+00, 
 1DIAGNOSTIC,    54, -9.440246758437e-01, 6.455298169009e-06, 2.0699e+02, 3.7041e+00, 
 1DIAGNOSTIC,    55, -9.440758663377e-01, 6.327175872418e-06, 2.1076e+02, 3.7723e+00, 
 1DIAGNOSTIC,    56, -9.441254258959e-01, 6.203073155561e-06, 2.1451e+02, 3.7523e+00, 
 1DIAGNOSTIC,    57, -9.441745965297e-01, 6.062656410066e-06, 2.1844e+02, 3.9337e+00, 
 1DIAGNOSTIC,    58, -9.442234470076e-01, 5.915702193115e-06, 2.2214e+02, 3.6968e+00, 
 1DIAGNOSTIC,    59, -9.442722005291e-01, 5.767674459461e-06, 2.2615e+02, 4.0081e+00, 
 1DIAGNOSTIC,    60, -9.443208594701e-01, 5.625904961996e-06, 2.2994e+02, 3.7931e+00, 
 1DIAGNOSTIC,    61, -9.443688635542e-01, 5.492467219193e-06, 2.3401e+02, 4.0630e+00, 
 1DIAGNOSTIC,    62, -9.444170865905e-01, 5.359012712973e-06, 2.3785e+02, 3.8446e+00, 
 1DIAGNOSTIC,    63, -9.444652302218e-01, 5.239320192831e-06, 2.4178e+02, 3.9334e+00, 
 1DIAGNOSTIC,    64, -9.445135879541e-01, 5.132775640161e-06, 2.4575e+02, 3.9669e+00, 
 1DIAGNOSTIC,    65, -9.445623447446e-01, 5.042454522906e-06, 2.4959e+02, 3.8360e+00, 
 1DIAGNOSTIC,    66, -9.446112841766e-01, 4.962070018218e-06, 2.5350e+02, 3.9136e+00, 
 1DIAGNOSTIC,    67, -9.446600909230e-01, 4.889211771733e-06, 2.5778e+02, 4.2793e+00, 
 1DIAGNOSTIC,    68, -9.447083995330e-01, 4.819775588159e-06, 2.6157e+02, 3.7927e+00, 
 1DIAGNOSTIC,    69, -9.447606032692e-01, 4.770021034604e-06, 2.6522e+02, 3.6524e+00, 
 1DIAGNOSTIC,    70, -9.448074623223e-01, 4.713185887985e-06, 2.6883e+02, 3.6048e+00, 
XXDIAGNOSTIC,Iteration,metricValue,convergenceValue,ITERATION_TIME_INDEX,SINCE_LAST
 1DIAGNOSTIC,     1, -8.960594444077e-01, 1.797693134862e+308, 3.0012e+02, 3.1293e+01, 
 1DIAGNOSTIC,     2, -8.990841811587e-01, 1.797693134862e+308, 3.3028e+02, 3.0154e+01, 
 1DIAGNOSTIC,     3, -9.021563678943e-01, 1.797693134862e+308, 3.6031e+02, 3.0029e+01, 
 1DIAGNOSTIC,     4, -9.049242947332e-01, 1.797693134862e+308, 3.9031e+02, 3.0001e+01, 
 1DIAGNOSTIC,     5, -9.073519673557e-01, 1.797693134862e+308, 4.2063e+02, 3.0326e+01, 
 1DIAGNOSTIC,     6, -9.095032686621e-01, 1.797693134862e+308, 4.5079e+02, 3.0160e+01, 
 1DIAGNOSTIC,     7, -9.114393405205e-01, 1.797693134862e+308, 4.8167e+02, 3.0875e+01, 
 1DIAGNOSTIC,     8, -9.132148326379e-01, 1.797693134862e+308, 5.1203e+02, 3.0368e+01, 
 1DIAGNOSTIC,     9, -9.148690113205e-01, 1.797693134862e+308, 5.4231e+02, 3.0280e+01, 
 1DIAGNOSTIC,    10, -9.162302528779e-01, 1.416327112536e-03, 5.7288e+02, 3.0567e+01, 
 1DIAGNOSTIC,    11, -9.175074472247e-01, 1.162154499612e-03, 6.0295e+02, 3.0073e+01, 
 1DIAGNOSTIC,    12, -9.186121666306e-01, 9.529041514705e-04, 6.3359e+02, 3.0632e+01, 
 1DIAGNOSTIC,    13, -9.196549302985e-01, 7.879543757401e-04, 6.6421e+02, 3.0624e+01, 
 1DIAGNOSTIC,    14, -9.205671834631e-01, 6.564355834838e-04, 6.9485e+02, 3.0641e+01, 
 1DIAGNOSTIC,    15, -9.212788143347e-01, 5.473738011871e-04, 7.2547e+02, 3.0623e+01, 
 1DIAGNOSTIC,    16, -9.220735481936e-01, 4.588738469152e-04, 7.5607e+02, 3.0597e+01, 
 1DIAGNOSTIC,    17, -9.228612410280e-01, 3.880800886867e-04, 7.8624e+02, 3.0169e+01, 
 1DIAGNOSTIC,    18, -9.234291423410e-01, 3.294440871339e-04, 8.1671e+02, 3.0466e+01, 
 1DIAGNOSTIC,    19, -9.241429925624e-01, 2.850952388272e-04, 8.4687e+02, 3.0164e+01, 
 1DIAGNOSTIC,    20, -9.246416444648e-01, 2.474075559574e-04, 8.7734e+02, 3.0473e+01, 
 1DIAGNOSTIC,    21, -9.252782484465e-01, 2.184705815231e-04, 9.0765e+02, 3.0302e+01, 
 1DIAGNOSTIC,    22, -9.256960861730e-01, 1.930580251494e-04, 9.3804e+02, 3.0392e+01, 
 1DIAGNOSTIC,    23, -9.260926581456e-01, 1.711603499912e-04, 9.6851e+02, 3.0475e+01, 
 1DIAGNOSTIC,    24, -9.264693430034e-01, 1.517259660685e-04, 9.9908e+02, 3.0565e+01, 
 1DIAGNOSTIC,    25, -9.268321354744e-01, 1.328609635083e-04, 1.0298e+03, 3.0711e+01, 
 1DIAGNOSTIC,    26, -9.271804686146e-01, 1.165034566949e-04, 1.0605e+03, 3.0739e+01, 
 1DIAGNOSTIC,    27, -9.275181072289e-01, 1.033116281369e-04, 1.0907e+03, 3.0156e+01, 
 1DIAGNOSTIC,    28, -9.278479680867e-01, 9.122225330311e-05, 1.1216e+03, 3.0876e+01, 
 1DIAGNOSTIC,    29, -9.281666437764e-01, 8.239710481599e-05, 1.1523e+03, 3.0700e+01, 
 1DIAGNOSTIC,    30, -9.284820168864e-01, 7.471972076388e-05, 1.1827e+03, 3.0414e+01, 
 1DIAGNOSTIC,    31, -9.287868946659e-01, 6.987206172144e-05, 1.2144e+03, 3.1768e+01, 
 1DIAGNOSTIC,    32, -9.290760266697e-01, 6.555373502568e-05, 1.2446e+03, 3.0109e+01, 
 1DIAGNOSTIC,    33, -9.293383916488e-01, 6.147279996424e-05, 1.2753e+03, 3.0785e+01, 
 1DIAGNOSTIC,    34, -9.295775730696e-01, 5.741988987987e-05, 1.3067e+03, 3.1335e+01, 
 1DIAGNOSTIC,    35, -9.297920968550e-01, 5.326733523019e-05, 1.3373e+03, 3.0667e+01, 
 1DIAGNOSTIC,    36, -9.299887717458e-01, 4.898603614456e-05, 1.3680e+03, 3.0639e+01, 
 1DIAGNOSTIC,    37, -9.301725902914e-01, 4.465756949975e-05, 1.3983e+03, 3.0282e+01, 
 1DIAGNOSTIC,    38, -9.303437958178e-01, 4.040870641038e-05, 1.4289e+03, 3.0642e+01, 
 1DIAGNOSTIC,    39, -9.305020557861e-01, 3.633585321717e-05, 1.4604e+03, 3.1468e+01, 
 1DIAGNOSTIC,    40, -9.306526310127e-01, 3.263152745345e-05, 1.4909e+03, 3.0521e+01, 
 1DIAGNOSTIC,    41, -9.307973312266e-01, 2.941170663409e-05, 1.5214e+03, 3.0529e+01, 
 1DIAGNOSTIC,    42, -9.309365146916e-01, 2.671814170193e-05, 1.5520e+03, 3.0588e+01, 
 1DIAGNOSTIC,    43, -9.310700017043e-01, 2.447334711350e-05, 1.5824e+03, 3.0433e+01, 
 1DIAGNOSTIC,    44, -9.311996767409e-01, 2.261602935006e-05, 1.6120e+03, 2.9548e+01, 
 1DIAGNOSTIC,    45, -9.313233403903e-01, 2.103614252567e-05, 1.6420e+03, 2.9980e+01, 
 1DIAGNOSTIC,    46, -9.314469152490e-01, 1.969919483629e-05, 1.6724e+03, 3.0460e+01, 
 1DIAGNOSTIC,    47, -9.315693481253e-01, 1.858217155777e-05, 1.7028e+03, 3.0355e+01, 
 1DIAGNOSTIC,    48, -9.316893830607e-01, 1.764297201312e-05, 1.7321e+03, 2.9348e+01, 
 1DIAGNOSTIC,    49, -9.318119932741e-01, 1.685940635256e-05, 1.7629e+03, 3.0799e+01, 
 1DIAGNOSTIC,    50, -9.319330855622e-01, 1.620571284228e-05, 1.7934e+03, 3.0452e+01, 
XXDIAGNOSTIC,Iteration,metricValue,convergenceValue,ITERATION_TIME_INDEX,SINCE_LAST
 1DIAGNOSTIC,     1, -8.879757786798e-01, 1.797693134862e+308, 2.0377e+03, 2.4429e+02, 
 1DIAGNOSTIC,     2, -8.887975267308e-01, 1.797693134862e+308, 2.2724e+03, 2.3473e+02, 
 1DIAGNOSTIC,     3, -8.903069193692e-01, 1.797693134862e+308, 2.5182e+03, 2.4583e+02, 
 1DIAGNOSTIC,     4, -8.918389769323e-01, 1.797693134862e+308, 2.7650e+03, 2.4676e+02, 
 1DIAGNOSTIC,     5, -8.934380122366e-01, 1.797693134862e+308, 3.0089e+03, 2.4394e+02, 
 1DIAGNOSTIC,     6, -8.949293148705e-01, 1.797693134862e+308, 3.2523e+03, 2.4337e+02, 
 1DIAGNOSTIC,     7, -8.963161642976e-01, 1.797693134862e+308, 3.4933e+03, 2.4104e+02, 
 1DIAGNOSTIC,     8, -8.975342679874e-01, 1.797693134862e+308, 3.7307e+03, 2.3737e+02, 
 1DIAGNOSTIC,     9, -8.985215767939e-01, 1.797693134862e+308, 3.9756e+03, 2.4490e+02, 
 1DIAGNOSTIC,    10, -8.993471432535e-01, 8.704463622518e-04, 4.2143e+03, 2.3870e+02, 
 1DIAGNOSTIC,    11, -9.001734168774e-01, 7.570060529938e-04, 4.4533e+03, 2.3901e+02, 
 1DIAGNOSTIC,    12, -9.009149481155e-01, 6.355381628801e-04, 4.6987e+03, 2.4533e+02, 
 1DIAGNOSTIC,    13, -9.015437766112e-01, 5.272583294736e-04, 4.9358e+03, 2.3710e+02, 
 1DIAGNOSTIC,    14, -9.021193945667e-01, 4.340660008217e-04, 5.1765e+03, 2.4078e+02, 
 1DIAGNOSTIC,    15, -9.026482682759e-01, 3.584399210054e-04, 5.4118e+03, 2.3523e+02, 
 1DIAGNOSTIC,    16, -9.032334058569e-01, 3.002539777403e-04, 5.6536e+03, 2.4185e+02, 
 1DIAGNOSTIC,    17, -9.037924262203e-01, 2.572295691150e-04, 5.8958e+03, 2.4224e+02, 
 1DIAGNOSTIC,    18, -9.042135063416e-01, 2.239012240610e-04, 6.1311e+03, 2.3527e+02, 
 1DIAGNOSTIC,    19, -9.047408384522e-01, 1.985629665250e-04, 6.3670e+03, 2.3587e+02, 
 1DIAGNOSTIC,    20, -9.050651342412e-01, 1.753786515260e-04, 6.6135e+03, 2.4650e+02, 
  Elapsed time (stage 0): 6615.6


Total elapsed time: 6615.6
