
##########################
# Experiment information #
##########################
SIF_IMG: /project/rrg-glatard/mdugre/containers/ants-p2-vprec.sif
EXPERIMENT_NAME: vprec-space_search
CONFIG: 0110
VFC_BACKENDS: libinterflop_vprec.so --range-binary32=7 --precision-binary32=13 --range-binary64=7 --precision-binary64=13

FIXED_IMG: /templateflow/tpl-MNI152NLin2009cAsym/tpl-MNI152NLin2009cAsym_res-01_desc-brain_T1w.nii.gz
SUBJECT_ID: 0003056
INPUT_IMG: /project/rrg-glatard/mdugre/datasets/corr/RawDataBIDS/BMB_1/derivatives/antsBrainExtraction/sub-0003056/BrainExtractionBrain.nii.gz
OUTPUT_DIR: /project/rrg-glatard/mdugre/datasets/corr/RawDataBIDS/BMB_1/derivatives/vprec-space_search/0110/r7-p13/sub-0003056

ITK_GLOBAL_DEFAULT_NUMBER_OF_THREADS: 8
##########################

VFC_BACKENDS=libinterflop_ieee.so
Info [verificarlo]: loaded backend libinterflop_ieee.so
Info [interflop-ieee]: load backend with:
Info [interflop-ieee]: debug = false
Info [interflop-ieee]: debug-binary = false
Info [interflop-ieee]: no-backend-name = false
Info [interflop-ieee]: print-new-line = false
Info [interflop-ieee]: print-subnormal-normalized = false
Info [interflop-ieee]: count-op = false
All_Command_lines_OK
Using double precision for computations.
=============================================================================
The composite transform comprises the following transforms (in order): 
  1. Center of mass alignment using fixed image: /templateflow/tpl-MNI152NLin2009cAsym/tpl-MNI152NLin2009cAsym_res-01_desc-brain_T1w.nii.gz and moving image: /project/rrg-glatard/mdugre/datasets/corr/RawDataBIDS/BMB_1/derivatives/antsBrainExtraction/sub-0003056/BrainExtractionBrain.nii.gz (type = Euler3DTransform)
=============================================================================
  number of levels = 1
  fixed image: /templateflow/tpl-MNI152NLin2009cAsym/tpl-MNI152NLin2009cAsym_res-01_desc-brain_T1w.nii.gz
  moving image: /project/rrg-glatard/mdugre/datasets/corr/RawDataBIDS/BMB_1/derivatives/antsBrainExtraction/sub-0003056/BrainExtractionBrain.nii.gz
Dimension = 3
Number of stages = 1
Use histogram matching = false
Winsorize image intensities = true
  Lower quantile = 0.005
  Upper quantile = 0.995


Stage 1 State
   Image metric = MattesMI
     Fixed image = Image (0x3449390)
  RTTI typeinfo:   itk::Image<double, 3u>
  Reference Count: 2
  Modified Time: 2334
  Debug: Off
  Object Name: 
  Observers: 
    none
  Source: (none)
  Source output name: (none)
  Release Data: Off
  Data Released: False
  Global Release Data: Off
  PipelineMTime: 0
  UpdateMTime: 1943
  RealTimeStamp: 0 seconds 
  LargestPossibleRegion: 
    Dimension: 3
    Index: [0, 0, 0]
    Size: [193, 229, 193]
  BufferedRegion: 
    Dimension: 3
    Index: [0, 0, 0]
    Size: [193, 229, 193]
  RequestedRegion: 
    Dimension: 3
    Index: [0, 0, 0]
    Size: [193, 229, 193]
  Spacing: [1, 1, 1]
  Origin: [96, 132, -78]
  Direction: 
-1 0 0
0 -1 0
0 0 1

  IndexToPointMatrix: 
-1 0 0
0 -1 0
0 0 1

  PointToIndexMatrix: 
-1 0 0
0 -1 0
0 0 1

  Inverse Direction: 
-1 0 0
0 -1 0
0 0 1

  PixelContainer: 
    ImportImageContainer (0x3514a90)
      RTTI typeinfo:   itk::ImportImageContainer<unsigned long, double>
      Reference Count: 1
      Modified Time: 1940
      Debug: Off
      Object Name: 
      Observers: 
        none
      Pointer: 0x1521f366c010
      Container manages memory: true
      Size: 8530021
      Capacity: 8530021

     Moving image = Image (0x3447290)
  RTTI typeinfo:   itk::Image<double, 3u>
  Reference Count: 2
  Modified Time: 2335
  Debug: Off
  Object Name: 
  Observers: 
    none
  Source: (none)
  Source output name: (none)
  Release Data: Off
  Data Released: False
  Global Release Data: Off
  PipelineMTime: 0
  UpdateMTime: 2332
  RealTimeStamp: 0 seconds 
  LargestPossibleRegion: 
    Dimension: 3
    Index: [0, 0, 0]
    Size: [175, 256, 256]
  BufferedRegion: 
    Dimension: 3
    Index: [0, 0, 0]
    Size: [175, 256, 256]
  RequestedRegion: 
    Dimension: 3
    Index: [0, 0, 0]
    Size: [175, 256, 256]
  Spacing: [1, 1, 1]
  Origin: [-72.7989, 101.252, -148.073]
  Direction: 
1 0 0
0 -1 0
0 0 1

  IndexToPointMatrix: 
1 0 0
0 -1 0
0 0 1

  PointToIndexMatrix: 
1 0 0
0 -1 0
0 0 1

  Inverse Direction: 
1 0 0
0 -1 0
0 0 1

  PixelContainer: 
    ImportImageContainer (0x3474850)
      RTTI typeinfo:   itk::ImportImageContainer<unsigned long, double>
      Reference Count: 1
      Modified Time: 2329
      Debug: Off
      Object Name: 
      Observers: 
        none
      Pointer: 0x1521edeeb010
      Container manages memory: true
      Size: 11468800
      Capacity: 11468800

     Weighting = 1
     Sampling strategy = regular
     Number of bins = 32
     Radius = 4
     Sampling percentage  = 0.25
   Transform = Rigid
     Gradient step = 0.1
     Update field sigma (voxel space) = 0
     Total field sigma (voxel space) = 0
     Update field time sigma = 0
     Total field time sigma  = 0
     Number of time indices = 0
     Number of time point samples = 0
Registration using 1 total stages.

Stage 0
  iterations = 0
  convergence threshold = 1e-06
  convergence window size = 10
  number of levels = 1
  using the Mattes MI metric (number of bins = 32, weight = 1, use gradient filter = 0)
  preprocessing:  winsorizing the image intensities
  Shrink factors (level 1 out of 1): [1, 1, 1]
  smoothing sigmas per level: [0]
  regular sampling (percentage = 0.25)

*** Running Euler3DTransform registration ***

  Elapsed time (stage 0): 0.957363


Total elapsed time: 0.958869
VFC_BACKENDS=libinterflop_vprec.so --range-binary32=7 --precision-binary32=13 --range-binary64=7 --precision-binary64=13
Info [verificarlo]: loaded backend libinterflop_vprec.so
Info [interflop-vprec]: load backend with: 
Info [interflop-vprec]: precision-binary32 = 13
Info [interflop-vprec]: range-binary32 = 7
Info [interflop-vprec]: precision-binary64 = 13
Info [interflop-vprec]: range-binary64 = 7
Info [interflop-vprec]: mode = ob
Info [interflop-vprec]: error-mode = rel
Info [interflop-vprec]: max-abs-error-exponent = -1022
Info [interflop-vprec]: daz = false
Info [interflop-vprec]: ftz = false
Info [interflop-vprec]: 	instrument = none
Info [interflop-vprec]: 	prec-input-file = (null)
Info [interflop-vprec]: 	prec-output-file = (null)
Info [interflop-vprec]: 	prec-log-file = (null)
All_Command_lines_OK
Using double precision for computations.
=============================================================================
The composite transform comprises the following transforms (in order): 
  1. /project/rrg-glatard/mdugre/datasets/corr/RawDataBIDS/BMB_1/derivatives/vprec-space_search/0110/r7-p13/sub-0003056/align_Composite.h5[0] (type = Euler3DTransform)
  2. /project/rrg-glatard/mdugre/datasets/corr/RawDataBIDS/BMB_1/derivatives/vprec-space_search/0110/r7-p13/sub-0003056/align_Composite.h5[1] (type = Euler3DTransform)
=============================================================================
  number of levels = 4
  fixed image: /templateflow/tpl-MNI152NLin2009cAsym/tpl-MNI152NLin2009cAsym_res-01_desc-brain_T1w.nii.gz
  moving image: /project/rrg-glatard/mdugre/datasets/corr/RawDataBIDS/BMB_1/derivatives/antsBrainExtraction/sub-0003056/BrainExtractionBrain.nii.gz
Dimension = 3
Number of stages = 1
Use histogram matching = false
Winsorize image intensities = true
  Lower quantile = 0.005
  Upper quantile = 0.995


Stage 1 State
   Image metric = MattesMI
     Fixed image = Image (0x3d77300)
  RTTI typeinfo:   itk::Image<double, 3u>
  Reference Count: 2
  Modified Time: 1578
  Debug: Off
  Object Name: 
  Observers: 
    none
  Source: (none)
  Source output name: (none)
  Release Data: Off
  Data Released: False
  Global Release Data: Off
  PipelineMTime: 0
  UpdateMTime: 1189
  RealTimeStamp: 0 seconds 
  LargestPossibleRegion: 
    Dimension: 3
    Index: [0, 0, 0]
    Size: [193, 229, 193]
  BufferedRegion: 
    Dimension: 3
    Index: [0, 0, 0]
    Size: [193, 229, 193]
  RequestedRegion: 
    Dimension: 3
    Index: [0, 0, 0]
    Size: [193, 229, 193]
  Spacing: [1, 1, 1]
  Origin: [96, 132, -78]
  Direction: 
-1 0 0
0 -1 0
0 0 1

  IndexToPointMatrix: 
-1 0 0
0 -1 0
0 0 1

  PointToIndexMatrix: 
-1 0 0
0 -1 0
0 0 1

  Inverse Direction: 
-1 0 0
0 -1 0
0 0 1

  PixelContainer: 
    ImportImageContainer (0x3e35d00)
      RTTI typeinfo:   itk::ImportImageContainer<unsigned long, double>
      Reference Count: 1
      Modified Time: 1186
      Debug: Off
      Object Name: 
      Observers: 
        none
      Pointer: 0x14eaf6abc010
      Container manages memory: true
      Size: 8530021
      Capacity: 8530021

     Moving image = Image (0x3e32030)
  RTTI typeinfo:   itk::Image<double, 3u>
  Reference Count: 2
  Modified Time: 1579
  Debug: Off
  Object Name: 
  Observers: 
    none
  Source: (none)
  Source output name: (none)
  Release Data: Off
  Data Released: False
  Global Release Data: Off
  PipelineMTime: 0
  UpdateMTime: 1576
  RealTimeStamp: 0 seconds 
  LargestPossibleRegion: 
    Dimension: 3
    Index: [0, 0, 0]
    Size: [175, 256, 256]
  BufferedRegion: 
    Dimension: 3
    Index: [0, 0, 0]
    Size: [175, 256, 256]
  RequestedRegion: 
    Dimension: 3
    Index: [0, 0, 0]
    Size: [175, 256, 256]
  Spacing: [1, 1, 1]
  Origin: [-72.7969, 101.25, -148.078]
  Direction: 
1 0 0
0 -1 0
0 0 1

  IndexToPointMatrix: 
1 0 0
0 -1 0
0 0 1

  PointToIndexMatrix: 
1 0 0
0 -1 0
0 0 1

  Inverse Direction: 
1 0 0
0 -1 0
0 0 1

  PixelContainer: 
    ImportImageContainer (0x3dffd70)
      RTTI typeinfo:   itk::ImportImageContainer<unsigned long, double>
      Reference Count: 1
      Modified Time: 1573
      Debug: Off
      Object Name: 
      Observers: 
        none
      Pointer: 0x14eaf133b010
      Container manages memory: true
      Size: 11468800
      Capacity: 11468800

     Weighting = 1
     Sampling strategy = regular
     Number of bins = 32
     Radius = 4
     Sampling percentage  = 0.25
   Transform = Rigid
     Gradient step = 0.1
     Update field sigma (voxel space) = 0
     Total field sigma (voxel space) = 0
     Update field time sigma = 0
     Total field time sigma  = 0
     Number of time indices = 0
     Number of time point samples = 0
Registration using 1 total stages.

Stage 0
  iterations = 1000x500x250x100
  convergence threshold = 1e-06
  convergence window size = 10
  number of levels = 4
  using the Mattes MI metric (number of bins = 32, weight = 1, use gradient filter = 0)
  preprocessing:  winsorizing the image intensities
  Shrink factors (level 1 out of 4): [8, 8, 8]
  Shrink factors (level 2 out of 4): [4, 4, 4]
  Shrink factors (level 3 out of 4): [2, 2, 2]
  Shrink factors (level 4 out of 4): [1, 1, 1]
  smoothing sigmas per level: [3, 2, 1, 0]
  regular sampling (percentage = 0.25)

*** Running Euler3DTransform registration ***

DIAGNOSTIC,Iteration,metricValue,convergenceValue,ITERATION_TIME_INDEX,SINCE_LAST
 2DIAGNOSTIC,     1, -5.847787176322e-01, 1.797693134862e+308, 0.0000e+00, 0.0000e+00, 
 2DIAGNOSTIC,     2, -5.865047098555e-01, 1.797693134862e+308, 0.0000e+00, 0.0000e+00, 
 2DIAGNOSTIC,     3, -5.890781695149e-01, 1.797693134862e+308, 0.0000e+00, 0.0000e+00, 
 2DIAGNOSTIC,     4, -5.929962981305e-01, 1.797693134862e+308, 0.0000e+00, 0.0000e+00, 
 2DIAGNOSTIC,     5, -6.028802289697e-01, 1.797693134862e+308, 0.0000e+00, 0.0000e+00, 
 2DIAGNOSTIC,     6, -6.184510049035e-01, 1.797693134862e+308, 0.0000e+00, 0.0000e+00, 
 2DIAGNOSTIC,     7, -6.441349437771e-01, 1.797693134862e+308, 0.0000e+00, 0.0000e+00, 
 2DIAGNOSTIC,     8, -6.659539049837e-01, 1.797693134862e+308, 0.0000e+00, 0.0000e+00, 
 2DIAGNOSTIC,     9, -6.740365105580e-01, 1.797693134862e+308, 0.0000e+00, 0.0000e+00, 
 2DIAGNOSTIC,    10, -6.767527649315e-01, 1.134672235912e-02, 0.0000e+00, 0.0000e+00, 
 2DIAGNOSTIC,    11, -6.803764897516e-01, 1.073141105257e-02, 0.0000e+00, 0.0000e+00, 
 2DIAGNOSTIC,    12, -6.842941156886e-01, 9.463098051063e-03, 0.0000e+00, 0.0000e+00, 
 2DIAGNOSTIC,    13, -6.928055809666e-01, 7.918705918471e-03, 0.0000e+00, 0.0000e+00, 
 2DIAGNOSTIC,    14, -6.973832461945e-01, 6.162110801211e-03, 0.0000e+00, 0.0000e+00, 
 2DIAGNOSTIC,    15, -7.314451299478e-01, 5.374404408396e-03, 0.0000e+00, 0.0000e+00, 
 2DIAGNOSTIC,    16, -7.380270938154e-01, 4.774750616149e-03, 0.0000e+00, 0.0000e+00, 
 2DIAGNOSTIC,    17, -7.415356910182e-01, 4.549986241818e-03, 0.0000e+00, 0.0000e+00, 
 2DIAGNOSTIC,    18, -7.421180360460e-01, 4.474032158045e-03, 0.0000e+00, 0.0000e+00, 
 2DIAGNOSTIC,    19, -7.424353734415e-01, 4.181521157663e-03, 0.0000e+00, 0.0000e+00, 
 2DIAGNOSTIC,    20, -7.423202942265e-01, 3.580151762672e-03, 0.0000e+00, 0.0000e+00, 
 2DIAGNOSTIC,    21, -7.424530806876e-01, 2.781994743326e-03, 0.0000e+00, 0.0000e+00, 
 2DIAGNOSTIC,    22, -7.423919340786e-01, 1.883790294148e-03, 0.0000e+00, 0.0000e+00, 
 2DIAGNOSTIC,    23, -7.424026582678e-01, 1.056723280942e-03, 0.0000e+00, 0.0000e+00, 
 2DIAGNOSTIC,    24, -7.423690399833e-01, 2.701357433418e-04, 0.0000e+00, 0.0000e+00, 
 2DIAGNOSTIC,    25, -7.423497454807e-01, 8.876823311576e-05, 0.0000e+00, 0.0000e+00, 
 2DIAGNOSTIC,    26, -7.423489741147e-01, 1.746363769030e-05, 0.0000e+00, 0.0000e+00, 
 2DIAGNOSTIC,    27, -7.423491875132e-01, 3.667097042616e-06, 0.0000e+00, 0.0000e+00, 
DIAGNOSTIC,Iteration,metricValue,convergenceValue,ITERATION_TIME_INDEX,SINCE_LAST
 2DIAGNOSTIC,     1, -6.117549048337e-01, 1.797693134862e+308, 0.0000e+00, 0.0000e+00, 
 2DIAGNOSTIC,     2, -6.120130031424e-01, 1.797693134862e+308, 0.0000e+00, 0.0000e+00, 
 2DIAGNOSTIC,     3, -6.123221638037e-01, 1.797693134862e+308, 0.0000e+00, 0.0000e+00, 
 2DIAGNOSTIC,     4, -6.127444305114e-01, 1.797693134862e+308, 0.0000e+00, 0.0000e+00, 
 2DIAGNOSTIC,     5, -6.132571459362e-01, 1.797693134862e+308, 0.0000e+00, 0.0000e+00, 
 2DIAGNOSTIC,     6, -6.136216236909e-01, 1.797693134862e+308, 0.0000e+00, 0.0000e+00, 
 2DIAGNOSTIC,     7, -6.142672133312e-01, 1.797693134862e+308, 0.0000e+00, 0.0000e+00, 
 2DIAGNOSTIC,     8, -6.146291783315e-01, 1.797693134862e+308, 0.0000e+00, 0.0000e+00, 
 2DIAGNOSTIC,     9, -6.146525891194e-01, 1.797693134862e+308, 0.0000e+00, 0.0000e+00, 
 2DIAGNOSTIC,    10, -6.146307536171e-01, 3.547566979217e-04, 0.0000e+00, 0.0000e+00, 
 2DIAGNOSTIC,    11, -6.146243926995e-01, 2.863318741507e-04, 0.0000e+00, 0.0000e+00, 
 2DIAGNOSTIC,    12, -6.147340489657e-01, 2.178323840703e-04, 0.0000e+00, 0.0000e+00, 
 2DIAGNOSTIC,    13, -6.147119950601e-01, 1.503108427309e-04, 0.0000e+00, 0.0000e+00, 
 2DIAGNOSTIC,    14, -6.147250972379e-01, 9.348359919624e-05, 0.0000e+00, 0.0000e+00, 
 2DIAGNOSTIC,    15, -6.146993424002e-01, 5.114004353883e-05, 0.0000e+00, 0.0000e+00, 
 2DIAGNOSTIC,    16, -6.147226581027e-01, 2.047624184268e-05, 0.0000e+00, 0.0000e+00, 
 2DIAGNOSTIC,    17, -6.147167605138e-01, 8.830376372011e-06, 0.0000e+00, 0.0000e+00, 
 2DIAGNOSTIC,    18, -6.147103919577e-01, 6.991726039962e-06, 0.0000e+00, 0.0000e+00, 
 2DIAGNOSTIC,    19, -6.147054882846e-01, 5.418015953898e-06, 0.0000e+00, 0.0000e+00, 
 2DIAGNOSTIC,    20, -6.147072143530e-01, 3.255518343376e-06, 0.0000e+00, 0.0000e+00, 
DIAGNOSTIC,Iteration,metricValue,convergenceValue,ITERATION_TIME_INDEX,SINCE_LAST
 2DIAGNOSTIC,     1, -5.306899939091e-01, 1.797693134862e+308, 0.0000e+00, 0.0000e+00, 
 2DIAGNOSTIC,     2, -5.308533270697e-01, 1.797693134862e+308, 0.0000e+00, 0.0000e+00, 
 2DIAGNOSTIC,     3, -5.310812435098e-01, 1.797693134862e+308, 0.0000e+00, 0.0000e+00, 
 2DIAGNOSTIC,     4, -5.314072680547e-01, 1.797693134862e+308, 0.0000e+00, 0.0000e+00, 
 2DIAGNOSTIC,     5, -5.317319752872e-01, 1.797693134862e+308, 0.0000e+00, 0.0000e+00, 
 2DIAGNOSTIC,     6, -5.321065088708e-01, 1.797693134862e+308, 0.0000e+00, 0.0000e+00, 
 2DIAGNOSTIC,     7, -5.324621175175e-01, 1.797693134862e+308, 0.0000e+00, 0.0000e+00, 
 2DIAGNOSTIC,     8, -5.327100352480e-01, 1.797693134862e+308, 0.0000e+00, 0.0000e+00, 
 2DIAGNOSTIC,     9, -5.328539000774e-01, 1.797693134862e+308, 0.0000e+00, 0.0000e+00, 
 2DIAGNOSTIC,    10, -5.328735393041e-01, 3.046768627981e-04, 0.0000e+00, 0.0000e+00, 
 2DIAGNOSTIC,    11, -5.328886993318e-01, 2.527940415385e-04, 0.0000e+00, 0.0000e+00, 
 2DIAGNOSTIC,    12, -5.329403596530e-01, 1.966384963045e-04, 0.0000e+00, 0.0000e+00, 
 2DIAGNOSTIC,    13, -5.329670106327e-01, 1.418726676087e-04, 0.0000e+00, 0.0000e+00, 
 2DIAGNOSTIC,    14, -5.330470205238e-01, 9.772777099848e-05, 0.0000e+00, 0.0000e+00, 
 2DIAGNOSTIC,    15, -5.331169739315e-01, 6.469987043518e-05, 0.0000e+00, 0.0000e+00, 
 2DIAGNOSTIC,    16, -5.332423384836e-01, 4.659269322339e-05, 0.0000e+00, 0.0000e+00, 
 2DIAGNOSTIC,    17, -5.332366090611e-01, 3.730538356633e-05, 0.0000e+00, 0.0000e+00, 
 2DIAGNOSTIC,    18, -5.332798578584e-01, 3.439866909121e-05, 0.0000e+00, 0.0000e+00, 
 2DIAGNOSTIC,    19, -5.332800729800e-01, 3.284453456502e-05, 0.0000e+00, 0.0000e+00, 
 2DIAGNOSTIC,    20, -5.332795589700e-01, 2.907024647190e-05, 0.0000e+00, 0.0000e+00, 
 2DIAGNOSTIC,    21, -5.332794976813e-01, 2.347519127362e-05, 0.0000e+00, 0.0000e+00, 
 2DIAGNOSTIC,    22, -5.332794976813e-01, 1.764290186070e-05, 0.0000e+00, 0.0000e+00, 
 2DIAGNOSTIC,    23, -5.332794654031e-01, 1.144794540957e-05, 0.0000e+00, 0.0000e+00, 
 2DIAGNOSTIC,    24, -5.332794654031e-01, 6.617199797894e-06, 0.0000e+00, 0.0000e+00, 
 2DIAGNOSTIC,    25, -5.332798392632e-01, 3.142149614901e-06, 0.0000e+00, 0.0000e+00, 
 2DIAGNOSTIC,    26, -5.332802071712e-01, 2.379454436402e-06, 0.0000e+00, 0.0000e+00, 
 2DIAGNOSTIC,    27, -5.332802071712e-01, 1.452064408040e-06, 0.0000e+00, 0.0000e+00, 
 2DIAGNOSTIC,    28, -5.332801176239e-01, 1.412070657139e-06, 0.0000e+00, 0.0000e+00, 
 2DIAGNOSTIC,    29, -5.332802121050e-01, 1.378641432570e-06, 0.0000e+00, 0.0000e+00, 
 2DIAGNOSTIC,    30, -5.332802121050e-01, 1.334466963772e-06, 0.0000e+00, 0.0000e+00, 
 2DIAGNOSTIC,    31, -5.332798918990e-01, 1.282728793163e-06, 0.0000e+00, 0.0000e+00, 
 2DIAGNOSTIC,    32, -5.332798657751e-01, 1.231296178780e-06, 0.0000e+00, 0.0000e+00, 
 2DIAGNOSTIC,    33, -5.332798657751e-01, 1.180983567627e-06, 0.0000e+00, 0.0000e+00, 
 2DIAGNOSTIC,    34, -5.332796437669e-01, 1.129607579493e-06, 0.0000e+00, 0.0000e+00, 
 2DIAGNOSTIC,    35, -5.332796523684e-01, 1.088168955055e-06, 0.0000e+00, 0.0000e+00, 
 2DIAGNOSTIC,    36, -5.332796523684e-01, 1.056614589948e-06, 0.0000e+00, 0.0000e+00, 
 2DIAGNOSTIC,    37, -5.332794202372e-01, 1.025599831454e-06, 0.0000e+00, 0.0000e+00, 
DIAGNOSTIC,Iteration,metricValue,convergenceValue,ITERATION_TIME_INDEX,SINCE_LAST
 2DIAGNOSTIC,     1, -4.828458879554e-01, 1.797693134862e+308, 0.0000e+00, 0.0000e+00, 
 2DIAGNOSTIC,     2, -4.829390629200e-01, 1.797693134862e+308, 0.0000e+00, 0.0000e+00, 
 2DIAGNOSTIC,     3, -4.829280858304e-01, 1.797693134862e+308, 0.0000e+00, 0.0000e+00, 
 2DIAGNOSTIC,     4, -4.829575127209e-01, 1.797693134862e+308, 0.0000e+00, 0.0000e+00, 
 2DIAGNOSTIC,     5, -4.829409835344e-01, 1.797693134862e+308, 0.0000e+00, 0.0000e+00, 
 2DIAGNOSTIC,     6, -4.829368918763e-01, 1.797693134862e+308, 0.0000e+00, 0.0000e+00, 
 2DIAGNOSTIC,     7, -4.829565812107e-01, 1.797693134862e+308, 0.0000e+00, 0.0000e+00, 
 2DIAGNOSTIC,     8, -4.829567420610e-01, 1.797693134862e+308, 0.0000e+00, 0.0000e+00, 
 2DIAGNOSTIC,     9, -4.829586443888e-01, 1.797693134862e+308, 0.0000e+00, 0.0000e+00, 
 2DIAGNOSTIC,    10, -4.829564935730e-01, 1.251682119909e-05, 0.0000e+00, 0.0000e+00, 
 2DIAGNOSTIC,    11, -4.829566509029e-01, 6.407846022627e-06, 0.0000e+00, 0.0000e+00, 
 2DIAGNOSTIC,    12, -4.829566509029e-01, 5.632414921519e-06, 0.0000e+00, 0.0000e+00, 
 2DIAGNOSTIC,    13, -4.829567485498e-01, 4.211797080170e-06, 0.0000e+00, 0.0000e+00, 
 2DIAGNOSTIC,    14, -4.829567485498e-01, 4.150100680139e-06, 0.0000e+00, 0.0000e+00, 
 2DIAGNOSTIC,    15, -4.829567485498e-01, 3.337574782936e-06, 0.0000e+00, 0.0000e+00, 
 2DIAGNOSTIC,    16, -4.829564322999e-01, 2.376494718528e-06, 0.0000e+00, 0.0000e+00, 
 2DIAGNOSTIC,    17, -4.829564322999e-01, 2.214347722095e-06, 0.0000e+00, 0.0000e+00, 
 2DIAGNOSTIC,    18, -4.829565119522e-01, 2.081758984557e-06, 0.0000e+00, 0.0000e+00, 
 2DIAGNOSTIC,    19, -4.829565119522e-01, 2.030722543449e-06, 0.0000e+00, 0.0000e+00, 
 2DIAGNOSTIC,    20, -4.829565119522e-01, 1.922645315226e-06, 0.0000e+00, 0.0000e+00, 
 2DIAGNOSTIC,    21, -4.829563579849e-01, 1.826890781535e-06, 0.0000e+00, 0.0000e+00, 
 2DIAGNOSTIC,    22, -4.829563579849e-01, 1.741938995617e-06, 0.0000e+00, 0.0000e+00, 
 2DIAGNOSTIC,    23, -4.829563579849e-01, 1.668780298669e-06, 0.0000e+00, 0.0000e+00, 
 2DIAGNOSTIC,    24, -4.829565059946e-01, 1.606975947525e-06, 0.0000e+00, 0.0000e+00, 
 2DIAGNOSTIC,    25, -4.829565059946e-01, 1.551267927453e-06, 0.0000e+00, 0.0000e+00, 
 2DIAGNOSTIC,    26, -4.829565059946e-01, 1.492956825278e-06, 0.0000e+00, 0.0000e+00, 
 2DIAGNOSTIC,    27, -4.829563629811e-01, 1.435880082175e-06, 0.0000e+00, 0.0000e+00, 
 2DIAGNOSTIC,    28, -4.829563629811e-01, 1.384758945316e-06, 0.0000e+00, 0.0000e+00, 
 2DIAGNOSTIC,    29, -4.829563629811e-01, 1.337202623360e-06, 0.0000e+00, 0.0000e+00, 
 2DIAGNOSTIC,    30, -4.829563629811e-01, 1.292984620364e-06, 0.0000e+00, 0.0000e+00, 
 2DIAGNOSTIC,    31, -4.829534005273e-01, 1.192619619964e-06, 0.0000e+00, 0.0000e+00, 
 2DIAGNOSTIC,    32, -4.829534005273e-01, 1.105814485806e-06, 0.0000e+00, 0.0000e+00, 
 2DIAGNOSTIC,    33, -4.829534005273e-01, 1.033751930585e-06, 0.0000e+00, 0.0000e+00, 
  Elapsed time (stage 0): 0.0000e+00


Total elapsed time: 0.0000e+00
VFC_BACKENDS=libinterflop_vprec.so --range-binary32=7 --precision-binary32=13 --range-binary64=7 --precision-binary64=13
Info [verificarlo]: loaded backend libinterflop_vprec.so
Info [interflop-vprec]: load backend with: 
Info [interflop-vprec]: precision-binary32 = 13
Info [interflop-vprec]: range-binary32 = 7
Info [interflop-vprec]: precision-binary64 = 13
Info [interflop-vprec]: range-binary64 = 7
Info [interflop-vprec]: mode = ob
Info [interflop-vprec]: error-mode = rel
Info [interflop-vprec]: max-abs-error-exponent = -1022
Info [interflop-vprec]: daz = false
Info [interflop-vprec]: ftz = false
Info [interflop-vprec]: 	instrument = none
Info [interflop-vprec]: 	prec-input-file = (null)
Info [interflop-vprec]: 	prec-output-file = (null)
Info [interflop-vprec]: 	prec-log-file = (null)
All_Command_lines_OK
Using double precision for computations.
=============================================================================
The composite transform comprises the following transforms (in order): 
  1. /project/rrg-glatard/mdugre/datasets/corr/RawDataBIDS/BMB_1/derivatives/vprec-space_search/0110/r7-p13/sub-0003056/rigid_Composite.h5[0] (type = Euler3DTransform)
  2. /project/rrg-glatard/mdugre/datasets/corr/RawDataBIDS/BMB_1/derivatives/vprec-space_search/0110/r7-p13/sub-0003056/rigid_Composite.h5[1] (type = Euler3DTransform)
  3. /project/rrg-glatard/mdugre/datasets/corr/RawDataBIDS/BMB_1/derivatives/vprec-space_search/0110/r7-p13/sub-0003056/rigid_Composite.h5[2] (type = Euler3DTransform)
=============================================================================
  number of levels = 4
  fixed image: /templateflow/tpl-MNI152NLin2009cAsym/tpl-MNI152NLin2009cAsym_res-01_desc-brain_T1w.nii.gz
  moving image: /project/rrg-glatard/mdugre/datasets/corr/RawDataBIDS/BMB_1/derivatives/antsBrainExtraction/sub-0003056/BrainExtractionBrain.nii.gz
Dimension = 3
Number of stages = 1
Use histogram matching = false
Winsorize image intensities = true
  Lower quantile = 0.005
  Upper quantile = 0.995


Stage 1 State
   Image metric = MattesMI
     Fixed image = Image (0x51a2300)
  RTTI typeinfo:   itk::Image<double, 3u>
  Reference Count: 2
  Modified Time: 1592
  Debug: Off
  Object Name: 
  Observers: 
    none
  Source: (none)
  Source output name: (none)
  Release Data: Off
  Data Released: False
  Global Release Data: Off
  PipelineMTime: 0
  UpdateMTime: 1203
  RealTimeStamp: 0 seconds 
  LargestPossibleRegion: 
    Dimension: 3
    Index: [0, 0, 0]
    Size: [193, 229, 193]
  BufferedRegion: 
    Dimension: 3
    Index: [0, 0, 0]
    Size: [193, 229, 193]
  RequestedRegion: 
    Dimension: 3
    Index: [0, 0, 0]
    Size: [193, 229, 193]
  Spacing: [1, 1, 1]
  Origin: [96, 132, -78]
  Direction: 
-1 0 0
0 -1 0
0 0 1

  IndexToPointMatrix: 
-1 0 0
0 -1 0
0 0 1

  PointToIndexMatrix: 
-1 0 0
0 -1 0
0 0 1

  Inverse Direction: 
-1 0 0
0 -1 0
0 0 1

  PixelContainer: 
    ImportImageContainer (0x521ac30)
      RTTI typeinfo:   itk::ImportImageContainer<unsigned long, double>
      Reference Count: 1
      Modified Time: 1200
      Debug: Off
      Object Name: 
      Observers: 
        none
      Pointer: 0x14cae6c4e010
      Container manages memory: true
      Size: 8530021
      Capacity: 8530021

     Moving image = Image (0x525d1a0)
  RTTI typeinfo:   itk::Image<double, 3u>
  Reference Count: 2
  Modified Time: 1593
  Debug: Off
  Object Name: 
  Observers: 
    none
  Source: (none)
  Source output name: (none)
  Release Data: Off
  Data Released: False
  Global Release Data: Off
  PipelineMTime: 0
  UpdateMTime: 1590
  RealTimeStamp: 0 seconds 
  LargestPossibleRegion: 
    Dimension: 3
    Index: [0, 0, 0]
    Size: [175, 256, 256]
  BufferedRegion: 
    Dimension: 3
    Index: [0, 0, 0]
    Size: [175, 256, 256]
  RequestedRegion: 
    Dimension: 3
    Index: [0, 0, 0]
    Size: [175, 256, 256]
  Spacing: [1, 1, 1]
  Origin: [-72.7969, 101.25, -148.078]
  Direction: 
1 0 0
0 -1 0
0 0 1

  IndexToPointMatrix: 
1 0 0
0 -1 0
0 0 1

  PointToIndexMatrix: 
1 0 0
0 -1 0
0 0 1

  Inverse Direction: 
1 0 0
0 -1 0
0 0 1

  PixelContainer: 
    ImportImageContainer (0x522ad70)
      RTTI typeinfo:   itk::ImportImageContainer<unsigned long, double>
      Reference Count: 1
      Modified Time: 1587
      Debug: Off
      Object Name: 
      Observers: 
        none
      Pointer: 0x14cae14cd010
      Container manages memory: true
      Size: 11468800
      Capacity: 11468800

     Weighting = 1
     Sampling strategy = regular
     Number of bins = 32
     Radius = 4
     Sampling percentage  = 0.25
   Transform = Affine
     Gradient step = 0.1
     Update field sigma (voxel space) = 0
     Total field sigma (voxel space) = 0
     Update field time sigma = 0
     Total field time sigma  = 0
     Number of time indices = 0
     Number of time point samples = 0
Registration using 1 total stages.

Stage 0
  iterations = 1000x500x250x100
  convergence threshold = 1e-06
  convergence window size = 10
  number of levels = 4
  using the Mattes MI metric (number of bins = 32, weight = 1, use gradient filter = 0)
  preprocessing:  winsorizing the image intensities
  Shrink factors (level 1 out of 4): [8, 8, 8]
  Shrink factors (level 2 out of 4): [4, 4, 4]
  Shrink factors (level 3 out of 4): [2, 2, 2]
  Shrink factors (level 4 out of 4): [1, 1, 1]
  smoothing sigmas per level: [3, 2, 1, 0]
  regular sampling (percentage = 0.25)

*** Running AffineTransform registration ***

DIAGNOSTIC,Iteration,metricValue,convergenceValue,ITERATION_TIME_INDEX,SINCE_LAST
 2DIAGNOSTIC,     1, -7.435623302713e-01, 1.797693134862e+308, 0.0000e+00, 0.0000e+00, 
 2DIAGNOSTIC,     2, -7.460859740383e-01, 1.797693134862e+308, 0.0000e+00, 0.0000e+00, 
 2DIAGNOSTIC,     3, -7.499507592155e-01, 1.797693134862e+308, 0.0000e+00, 0.0000e+00, 
 2DIAGNOSTIC,     4, -7.560254929048e-01, 1.797693134862e+308, 0.0000e+00, 0.0000e+00, 
 2DIAGNOSTIC,     5, -7.666812148718e-01, 1.797693134862e+308, 0.0000e+00, 0.0000e+00, 
 2DIAGNOSTIC,     6, -7.833158390019e-01, 1.797693134862e+308, 0.0000e+00, 0.0000e+00, 
 2DIAGNOSTIC,     7, -8.104293834650e-01, 1.797693134862e+308, 0.0000e+00, 0.0000e+00, 
 2DIAGNOSTIC,     8, -8.904511916369e-01, 1.797693134862e+308, 0.0000e+00, 0.0000e+00, 
 2DIAGNOSTIC,     9, -8.907750413811e-01, 1.797693134862e+308, 0.0000e+00, 0.0000e+00, 
 2DIAGNOSTIC,    10, -8.908650609280e-01, 1.418229964898e-02, 0.0000e+00, 0.0000e+00, 
 2DIAGNOSTIC,    11, -8.906399009937e-01, 1.353153983474e-02, 0.0000e+00, 0.0000e+00, 
 2DIAGNOSTIC,    12, -8.907186215997e-01, 1.185161421407e-02, 0.0000e+00, 0.0000e+00, 
 2DIAGNOSTIC,    13, -8.908075178761e-01, 9.461300353267e-03, 0.0000e+00, 0.0000e+00, 
 2DIAGNOSTIC,    14, -8.908358579019e-01, 6.734497789320e-03, 0.0000e+00, 0.0000e+00, 
 2DIAGNOSTIC,    15, -8.907475268530e-01, 4.052435948720e-03, 0.0000e+00, 0.0000e+00, 
 2DIAGNOSTIC,    16, -8.909295054069e-01, 1.719522147411e-03, 0.0000e+00, 0.0000e+00, 
 2DIAGNOSTIC,    17, -8.909469080647e-01, 1.546013856654e-05, 0.0000e+00, 0.0000e+00, 
 2DIAGNOSTIC,    18, -8.910173624253e-01, 1.232211873036e-05, 0.0000e+00, 0.0000e+00, 
 2DIAGNOSTIC,    19, -8.907829769494e-01, 1.013143818005e-05, 0.0000e+00, 0.0000e+00, 
 2DIAGNOSTIC,    20, -8.908550681960e-01, 1.044345901069e-05, 0.0000e+00, 0.0000e+00, 
 2DIAGNOSTIC,    21, -8.909242254573e-01, 7.341206142278e-06, 0.0000e+00, 0.0000e+00, 
 2DIAGNOSTIC,    22, -8.911106654244e-01, 7.907462240886e-06, 0.0000e+00, 0.0000e+00, 
 2DIAGNOSTIC,    23, -8.910230299647e-01, 7.837591804574e-06, 0.0000e+00, 0.0000e+00, 
 2DIAGNOSTIC,    24, -8.914778135534e-01, 1.410028646328e-05, 0.0000e+00, 0.0000e+00, 
 2DIAGNOSTIC,    25, -8.920109285855e-01, 2.438059991965e-05, 0.0000e+00, 0.0000e+00, 
 2DIAGNOSTIC,    26, -8.921743506211e-01, 3.589055521788e-05, 0.0000e+00, 0.0000e+00, 
 2DIAGNOSTIC,    27, -8.923872685252e-01, 4.613859454637e-05, 0.0000e+00, 0.0000e+00, 
 2DIAGNOSTIC,    28, -8.931715642518e-01, 6.165714076174e-05, 0.0000e+00, 0.0000e+00, 
 2DIAGNOSTIC,    29, -8.944917754519e-01, 8.246119960562e-05, 0.0000e+00, 0.0000e+00, 
 2DIAGNOSTIC,    30, -8.956043255562e-01, 1.067747722026e-04, 0.0000e+00, 0.0000e+00, 
 2DIAGNOSTIC,    31, -8.973480831575e-01, 1.386581679968e-04, 0.0000e+00, 0.0000e+00, 
 2DIAGNOSTIC,    32, -8.985919010291e-01, 1.701071909821e-04, 0.0000e+00, 0.0000e+00, 
 2DIAGNOSTIC,    33, -8.985405760001e-01, 1.820049860333e-04, 0.0000e+00, 0.0000e+00, 
 2DIAGNOSTIC,    34, -8.992202890545e-01, 1.870293682545e-04, 0.0000e+00, 0.0000e+00, 
 2DIAGNOSTIC,    35, -8.998816573653e-01, 1.851141152395e-04, 0.0000e+00, 0.0000e+00, 
 2DIAGNOSTIC,    36, -8.999834526287e-01, 1.680171331518e-04, 0.0000e+00, 0.0000e+00, 
 2DIAGNOSTIC,    37, -9.002150475476e-01, 1.399399087186e-04, 0.0000e+00, 0.0000e+00, 
 2DIAGNOSTIC,    38, -9.002638688652e-01, 1.073683154802e-04, 0.0000e+00, 0.0000e+00, 
 2DIAGNOSTIC,    39, -9.001001444163e-01, 7.607019642145e-05, 0.0000e+00, 0.0000e+00, 
 2DIAGNOSTIC,    40, -8.999819776425e-01, 4.701282972044e-05, 0.0000e+00, 0.0000e+00, 
 2DIAGNOSTIC,    41, -8.999806313799e-01, 2.865785793590e-05, 0.0000e+00, 0.0000e+00, 
 2DIAGNOSTIC,    42, -9.000379213258e-01, 1.874374967512e-05, 0.0000e+00, 0.0000e+00, 
 2DIAGNOSTIC,    43, -9.000514673676e-01, 7.210568696639e-06, 0.0000e+00, 0.0000e+00, 
DIAGNOSTIC,Iteration,metricValue,convergenceValue,ITERATION_TIME_INDEX,SINCE_LAST
 2DIAGNOSTIC,     1, -7.378436064069e-01, 1.797693134862e+308, 0.0000e+00, 0.0000e+00, 
 2DIAGNOSTIC,     2, -7.383567188385e-01, 1.797693134862e+308, 0.0000e+00, 0.0000e+00, 
 2DIAGNOSTIC,     3, -7.389543135890e-01, 1.797693134862e+308, 0.0000e+00, 0.0000e+00, 
 2DIAGNOSTIC,     4, -7.397667360507e-01, 1.797693134862e+308, 0.0000e+00, 0.0000e+00, 
 2DIAGNOSTIC,     5, -7.407090542782e-01, 1.797693134862e+308, 0.0000e+00, 0.0000e+00, 
 2DIAGNOSTIC,     6, -7.417857263163e-01, 1.797693134862e+308, 0.0000e+00, 0.0000e+00, 
 2DIAGNOSTIC,     7, -7.429618119919e-01, 1.797693134862e+308, 0.0000e+00, 0.0000e+00, 
 2DIAGNOSTIC,     8, -7.440458889035e-01, 1.797693134862e+308, 0.0000e+00, 0.0000e+00, 
 2DIAGNOSTIC,     9, -7.442131567181e-01, 1.797693134862e+308, 0.0000e+00, 0.0000e+00, 
 2DIAGNOSTIC,    10, -7.442616379965e-01, 6.471692782740e-04, 0.0000e+00, 0.0000e+00, 
 2DIAGNOSTIC,    11, -7.442031036848e-01, 5.385910579105e-04, 0.0000e+00, 0.0000e+00, 
 2DIAGNOSTIC,    12, -7.442072741408e-01, 4.162458770873e-04, 0.0000e+00, 0.0000e+00, 
 2DIAGNOSTIC,    13, -7.441936580957e-01, 2.921845840578e-04, 0.0000e+00, 0.0000e+00, 
 2DIAGNOSTIC,    14, -7.441910938869e-01, 1.817201322069e-04, 0.0000e+00, 0.0000e+00, 
 2DIAGNOSTIC,    15, -7.441915416022e-01, 9.374825415610e-05, 0.0000e+00, 0.0000e+00, 
 2DIAGNOSTIC,    16, -7.441916381842e-01, 3.378901603271e-05, 0.0000e+00, 0.0000e+00, 
 2DIAGNOSTIC,    17, -7.441916381842e-01, 3.862001256912e-06, 0.0000e+00, 0.0000e+00, 
DIAGNOSTIC,Iteration,metricValue,convergenceValue,ITERATION_TIME_INDEX,SINCE_LAST
 2DIAGNOSTIC,     1, -6.259439369001e-01, 1.797693134862e+308, 0.0000e+00, 0.0000e+00, 
 2DIAGNOSTIC,     2, -6.265973552132e-01, 1.797693134862e+308, 0.0000e+00, 0.0000e+00, 
 2DIAGNOSTIC,     3, -6.275661683763e-01, 1.797693134862e+308, 0.0000e+00, 0.0000e+00, 
 2DIAGNOSTIC,     4, -6.285846489541e-01, 1.797693134862e+308, 0.0000e+00, 0.0000e+00, 
 2DIAGNOSTIC,     5, -6.294139030639e-01, 1.797693134862e+308, 0.0000e+00, 0.0000e+00, 
 2DIAGNOSTIC,     6, -6.298963370334e-01, 1.797693134862e+308, 0.0000e+00, 0.0000e+00, 
 2DIAGNOSTIC,     7, -6.300740479692e-01, 1.797693134862e+308, 0.0000e+00, 0.0000e+00, 
 2DIAGNOSTIC,     8, -6.301408841368e-01, 1.797693134862e+308, 0.0000e+00, 0.0000e+00, 
 2DIAGNOSTIC,     9, -6.301154738156e-01, 1.797693134862e+308, 0.0000e+00, 0.0000e+00, 
 2DIAGNOSTIC,    10, -6.301359590869e-01, 4.489749515377e-04, 0.0000e+00, 0.0000e+00, 
 2DIAGNOSTIC,    11, -6.301483277580e-01, 3.009209186665e-04, 0.0000e+00, 0.0000e+00, 
 2DIAGNOSTIC,    12, -6.301433627011e-01, 1.750534453563e-04, 0.0000e+00, 0.0000e+00, 
 2DIAGNOSTIC,    13, -6.301424586778e-01, 8.627194961676e-05, 0.0000e+00, 0.0000e+00, 
 2DIAGNOSTIC,    14, -6.301425291265e-01, 3.501268798493e-05, 0.0000e+00, 0.0000e+00, 
 2DIAGNOSTIC,    15, -6.301425395110e-01, 1.229236545963e-05, 0.0000e+00, 0.0000e+00, 
 2DIAGNOSTIC,    16, -6.301425395110e-01, 5.002134674623e-06, 0.0000e+00, 0.0000e+00, 
 2DIAGNOSTIC,    17, -6.301425211623e-01, 3.004736850401e-06, 0.0000e+00, 0.0000e+00, 
 2DIAGNOSTIC,    18, -6.301425218372e-01, 2.870151335078e-06, 0.0000e+00, 0.0000e+00, 
 2DIAGNOSTIC,    19, -6.301425334410e-01, 2.068011684279e-06, 0.0000e+00, 0.0000e+00, 
 2DIAGNOSTIC,    20, -6.301425032186e-01, 1.796115681400e-06, 0.0000e+00, 0.0000e+00, 
 2DIAGNOSTIC,    21, -6.301425032186e-01, 1.832599637153e-06, 0.0000e+00, 0.0000e+00, 
 2DIAGNOSTIC,    22, -6.301425032186e-01, 1.766099902316e-06, 0.0000e+00, 0.0000e+00, 
 2DIAGNOSTIC,    23, -6.301425032172e-01, 1.687610196983e-06, 0.0000e+00, 0.0000e+00, 
 2DIAGNOSTIC,    24, -6.301425032172e-01, 1.617143921766e-06, 0.0000e+00, 0.0000e+00, 
 2DIAGNOSTIC,    25, -6.301425032172e-01, 1.552678174567e-06, 0.0000e+00, 0.0000e+00, 
 2DIAGNOSTIC,    26, -6.301425032172e-01, 1.493324220371e-06, 0.0000e+00, 0.0000e+00, 
 2DIAGNOSTIC,    27, -6.301425032172e-01, 1.438147871430e-06, 0.0000e+00, 0.0000e+00, 
 2DIAGNOSTIC,    28, -6.301425032172e-01, 1.386986238874e-06, 0.0000e+00, 0.0000e+00, 
 2DIAGNOSTIC,    29, -6.301425032172e-01, 1.339595583544e-06, 0.0000e+00, 0.0000e+00, 
 2DIAGNOSTIC,    30, -6.301425225833e-01, 1.295203133245e-06, 0.0000e+00, 0.0000e+00, 
 2DIAGNOSTIC,    31, -6.301425267729e-01, 1.253701981993e-06, 0.0000e+00, 0.0000e+00, 
 2DIAGNOSTIC,    32, -6.301425267729e-01, 1.214742083679e-06, 0.0000e+00, 0.0000e+00, 
 2DIAGNOSTIC,    33, -6.301425267729e-01, 1.178072628207e-06, 0.0000e+00, 0.0000e+00, 
 2DIAGNOSTIC,    34, -6.301425267751e-01, 1.143470948869e-06, 0.0000e+00, 0.0000e+00, 
 2DIAGNOSTIC,    35, -6.301425267751e-01, 1.110748843496e-06, 0.0000e+00, 0.0000e+00, 
 2DIAGNOSTIC,    36, -6.301425267751e-01, 1.079755134036e-06, 0.0000e+00, 0.0000e+00, 
 2DIAGNOSTIC,    37, -6.301425267751e-01, 1.050366631408e-06, 0.0000e+00, 0.0000e+00, 
 2DIAGNOSTIC,    38, -6.301425267750e-01, 1.022474617297e-06, 0.0000e+00, 0.0000e+00, 
DIAGNOSTIC,Iteration,metricValue,convergenceValue,ITERATION_TIME_INDEX,SINCE_LAST
 2DIAGNOSTIC,     1, -5.562100546680e-01, 1.797693134862e+308, 0.0000e+00, 0.0000e+00, 
 2DIAGNOSTIC,     2, -5.564936314540e-01, 1.797693134862e+308, 0.0000e+00, 0.0000e+00, 
 2DIAGNOSTIC,     3, -5.568416022881e-01, 1.797693134862e+308, 0.0000e+00, 0.0000e+00, 
 2DIAGNOSTIC,     4, -5.571650308284e-01, 1.797693134862e+308, 0.0000e+00, 0.0000e+00, 
 2DIAGNOSTIC,     5, -5.574741677393e-01, 1.797693134862e+308, 0.0000e+00, 0.0000e+00, 
 2DIAGNOSTIC,     6, -5.576970690646e-01, 1.797693134862e+308, 0.0000e+00, 0.0000e+00, 
 2DIAGNOSTIC,     7, -5.577058593020e-01, 1.797693134862e+308, 0.0000e+00, 0.0000e+00, 
 2DIAGNOSTIC,     8, -5.577055488329e-01, 1.797693134862e+308, 0.0000e+00, 0.0000e+00, 
 2DIAGNOSTIC,     9, -5.577025439923e-01, 1.797693134862e+308, 0.0000e+00, 0.0000e+00, 
 2DIAGNOSTIC,    10, -5.577033226043e-01, 1.795916256467e-04, 0.0000e+00, 0.0000e+00, 
 2DIAGNOSTIC,    11, -5.577029150940e-01, 1.170645544425e-04, 0.0000e+00, 0.0000e+00, 
 2DIAGNOSTIC,    12, -5.577033633927e-01, 6.676819071418e-05, 0.0000e+00, 0.0000e+00, 
 2DIAGNOSTIC,    13, -5.577039078260e-01, 3.207254382977e-05, 0.0000e+00, 0.0000e+00, 
 2DIAGNOSTIC,    14, -5.577040590844e-01, 1.126076567168e-05, 0.0000e+00, 0.0000e+00, 
 2DIAGNOSTIC,    15, -5.577041374297e-01, 2.747734303574e-06, 0.0000e+00, 0.0000e+00, 
 2DIAGNOSTIC,    16, -5.577039708121e-01, 2.372982616350e-06, 0.0000e+00, 0.0000e+00, 
 2DIAGNOSTIC,    17, -5.577039199827e-01, 2.309020287951e-06, 0.0000e+00, 0.0000e+00, 
 2DIAGNOSTIC,    18, -5.577037157922e-01, 2.237549580571e-06, 0.0000e+00, 0.0000e+00, 
 2DIAGNOSTIC,    19, -5.577035684743e-01, 2.081023856813e-06, 0.0000e+00, 0.0000e+00, 
 2DIAGNOSTIC,    20, -5.577035910225e-01, 1.957794330522e-06, 0.0000e+00, 0.0000e+00, 
 2DIAGNOSTIC,    21, -5.577036481995e-01, 1.836142934912e-06, 0.0000e+00, 0.0000e+00, 
 2DIAGNOSTIC,    22, -5.577035187726e-01, 1.733846941757e-06, 0.0000e+00, 0.0000e+00, 
 2DIAGNOSTIC,    23, -5.577032745449e-01, 1.650099519648e-06, 0.0000e+00, 0.0000e+00, 
 2DIAGNOSTIC,    24, -5.577033682942e-01, 1.582224412641e-06, 0.0000e+00, 0.0000e+00, 
 2DIAGNOSTIC,    25, -5.577037526954e-01, 1.532439295925e-06, 0.0000e+00, 0.0000e+00, 
 2DIAGNOSTIC,    26, -5.577035562455e-01, 1.480981299380e-06, 0.0000e+00, 0.0000e+00, 
 2DIAGNOSTIC,    27, -5.577038640645e-01, 1.439732054201e-06, 0.0000e+00, 0.0000e+00, 
 2DIAGNOSTIC,    28, -5.577041042581e-01, 1.402029743726e-06, 0.0000e+00, 0.0000e+00, 
 2DIAGNOSTIC,    29, -5.577039448223e-01, 1.359916646938e-06, 0.0000e+00, 0.0000e+00, 
 2DIAGNOSTIC,    30, -5.577038426617e-01, 1.317268722531e-06, 0.0000e+00, 0.0000e+00, 
 2DIAGNOSTIC,    31, -5.577037481196e-01, 1.274719862089e-06, 0.0000e+00, 0.0000e+00, 
 2DIAGNOSTIC,    32, -5.577041605444e-01, 1.237368524622e-06, 0.0000e+00, 0.0000e+00, 
 2DIAGNOSTIC,    33, -5.577039093177e-01, 1.192043741091e-06, 0.0000e+00, 0.0000e+00, 
 2DIAGNOSTIC,    34, -5.577039534606e-01, 1.150058530710e-06, 0.0000e+00, 0.0000e+00, 
 2DIAGNOSTIC,    35, -5.577040329612e-01, 1.116735586348e-06, 0.0000e+00, 0.0000e+00, 
 2DIAGNOSTIC,    36, -5.577044111542e-01, 1.086942792227e-06, 0.0000e+00, 0.0000e+00, 
 2DIAGNOSTIC,    37, -5.577047016123e-01, 1.065860072404e-06, 0.0000e+00, 0.0000e+00, 
 2DIAGNOSTIC,    38, -5.577047964011e-01, 1.048839972081e-06, 0.0000e+00, 0.0000e+00, 
 2DIAGNOSTIC,    39, -5.577044682789e-01, 1.023946105575e-06, 0.0000e+00, 0.0000e+00, 
  Elapsed time (stage 0): 0.0000e+00


Total elapsed time: 0.0000e+00
VFC_BACKENDS=libinterflop_ieee.so
Info [verificarlo]: loaded backend libinterflop_ieee.so
Info [interflop-ieee]: load backend with:
Info [interflop-ieee]: debug = false
Info [interflop-ieee]: debug-binary = false
Info [interflop-ieee]: no-backend-name = false
Info [interflop-ieee]: print-new-line = false
Info [interflop-ieee]: print-subnormal-normalized = false
Info [interflop-ieee]: count-op = false
All_Command_lines_OK
Using double precision for computations.
=============================================================================
The composite transform comprises the following transforms (in order): 
  1. /project/rrg-glatard/mdugre/datasets/corr/RawDataBIDS/BMB_1/derivatives/vprec-space_search/0110/r7-p13/sub-0003056/affine_Composite.h5[0] (type = Euler3DTransform)
  2. /project/rrg-glatard/mdugre/datasets/corr/RawDataBIDS/BMB_1/derivatives/vprec-space_search/0110/r7-p13/sub-0003056/affine_Composite.h5[1] (type = Euler3DTransform)
  3. /project/rrg-glatard/mdugre/datasets/corr/RawDataBIDS/BMB_1/derivatives/vprec-space_search/0110/r7-p13/sub-0003056/affine_Composite.h5[2] (type = Euler3DTransform)
  4. /project/rrg-glatard/mdugre/datasets/corr/RawDataBIDS/BMB_1/derivatives/vprec-space_search/0110/r7-p13/sub-0003056/affine_Composite.h5[3] (type = AffineTransform)
=============================================================================
  number of levels = 4
  fixed image: /templateflow/tpl-MNI152NLin2009cAsym/tpl-MNI152NLin2009cAsym_res-01_desc-brain_T1w.nii.gz
  moving image: /project/rrg-glatard/mdugre/datasets/corr/RawDataBIDS/BMB_1/derivatives/antsBrainExtraction/sub-0003056/BrainExtractionBrain.nii.gz
Dimension = 3
Number of stages = 1
Use histogram matching = false
Winsorize image intensities = true
  Lower quantile = 0.005
  Upper quantile = 0.995


Stage 1 State
   Image metric = CC
     Fixed image = Image (0x4601810)
  RTTI typeinfo:   itk::Image<double, 3u>
  Reference Count: 2
  Modified Time: 1608
  Debug: Off
  Object Name: 
  Observers: 
    none
  Source: (none)
  Source output name: (none)
  Release Data: Off
  Data Released: False
  Global Release Data: Off
  PipelineMTime: 0
  UpdateMTime: 1217
  RealTimeStamp: 0 seconds 
  LargestPossibleRegion: 
    Dimension: 3
    Index: [0, 0, 0]
    Size: [193, 229, 193]
  BufferedRegion: 
    Dimension: 3
    Index: [0, 0, 0]
    Size: [193, 229, 193]
  RequestedRegion: 
    Dimension: 3
    Index: [0, 0, 0]
    Size: [193, 229, 193]
  Spacing: [1, 1, 1]
  Origin: [96, 132, -78]
  Direction: 
-1 0 0
0 -1 0
0 0 1

  IndexToPointMatrix: 
-1 0 0
0 -1 0
0 0 1

  PointToIndexMatrix: 
-1 0 0
0 -1 0
0 0 1

  Inverse Direction: 
-1 0 0
0 -1 0
0 0 1

  PixelContainer: 
    ImportImageContainer (0x4679fb0)
      RTTI typeinfo:   itk::ImportImageContainer<unsigned long, double>
      Reference Count: 1
      Modified Time: 1214
      Debug: Off
      Object Name: 
      Observers: 
        none
      Pointer: 0x151a9f948010
      Container manages memory: true
      Size: 8530021
      Capacity: 8530021

     Moving image = Image (0x46bc5b0)
  RTTI typeinfo:   itk::Image<double, 3u>
  Reference Count: 2
  Modified Time: 1609
  Debug: Off
  Object Name: 
  Observers: 
    none
  Source: (none)
  Source output name: (none)
  Release Data: Off
  Data Released: False
  Global Release Data: Off
  PipelineMTime: 0
  UpdateMTime: 1606
  RealTimeStamp: 0 seconds 
  LargestPossibleRegion: 
    Dimension: 3
    Index: [0, 0, 0]
    Size: [175, 256, 256]
  BufferedRegion: 
    Dimension: 3
    Index: [0, 0, 0]
    Size: [175, 256, 256]
  RequestedRegion: 
    Dimension: 3
    Index: [0, 0, 0]
    Size: [175, 256, 256]
  Spacing: [1, 1, 1]
  Origin: [-72.7989, 101.252, -148.073]
  Direction: 
1 0 0
0 -1 0
0 0 1

  IndexToPointMatrix: 
1 0 0
0 -1 0
0 0 1

  PointToIndexMatrix: 
1 0 0
0 -1 0
0 0 1

  Inverse Direction: 
1 0 0
0 -1 0
0 0 1

  PixelContainer: 
    ImportImageContainer (0x46e0990)
      RTTI typeinfo:   itk::ImportImageContainer<unsigned long, double>
      Reference Count: 1
      Modified Time: 1603
      Debug: Off
      Object Name: 
      Observers: 
        none
      Pointer: 0x151a9a1c7010
      Container manages memory: true
      Size: 11468800
      Capacity: 11468800

     Weighting = 1
     Sampling strategy = none
     Number of bins = 32
     Radius = 4
     Sampling percentage  = 1
   Transform = SyN
     Gradient step = 0.1
     Update field sigma (voxel space) = 3
     Total field sigma (voxel space) = 0
     Update field time sigma = 0
     Total field time sigma  = 0
     Number of time indices = 0
     Number of time point samples = 0
Registration using 1 total stages.

Stage 0
  iterations = 100x70x50x20
  convergence threshold = 1e-06
  convergence window size = 10
  number of levels = 4
  using the CC metric (radius = 4, weight = 1, use gradient filter = 0)
  preprocessing:  winsorizing the image intensities
  Shrink factors (level 1 out of 4): [8, 8, 8]
  Shrink factors (level 2 out of 4): [4, 4, 4]
  Shrink factors (level 3 out of 4): [2, 2, 2]
  Shrink factors (level 4 out of 4): [1, 1, 1]
  smoothing sigmas per level: [3, 2, 1, 0]
  Using default NONE metricSamplingStrategy 

*** Running SyN registration (varianceForUpdateField = 3, varianceForTotalField = 0) ***

XXDIAGNOSTIC,Iteration,metricValue,convergenceValue,ITERATION_TIME_INDEX,SINCE_LAST
 1DIAGNOSTIC,     1, -9.300469681839e-01, 1.797693134862e+308, 1.9493e+00, 1.9493e+00, 
 1DIAGNOSTIC,     2, -9.387805258936e-01, 1.797693134862e+308, 2.4064e+00, 4.5706e-01, 
 1DIAGNOSTIC,     3, -9.446416861390e-01, 1.797693134862e+308, 2.8477e+00, 4.4131e-01, 
 1DIAGNOSTIC,     4, -9.489217697681e-01, 1.797693134862e+308, 3.2916e+00, 4.4392e-01, 
 1DIAGNOSTIC,     5, -9.529195795780e-01, 1.797693134862e+308, 3.6805e+00, 3.8887e-01, 
 1DIAGNOSTIC,     6, -9.573741572622e-01, 1.797693134862e+308, 4.0664e+00, 3.8591e-01, 
 1DIAGNOSTIC,     7, -9.615989086016e-01, 1.797693134862e+308, 4.4630e+00, 3.9665e-01, 
 1DIAGNOSTIC,     8, -9.648717561595e-01, 1.797693134862e+308, 4.8533e+00, 3.9032e-01, 
 1DIAGNOSTIC,     9, -9.668778527222e-01, 1.797693134862e+308, 5.2376e+00, 3.8429e-01, 
 1DIAGNOSTIC,    10, -9.668629269017e-01, 2.454461772763e-03, 5.6625e+00, 4.2485e-01, 
 1DIAGNOSTIC,    11, -9.682230210195e-01, 1.836275909684e-03, 6.0532e+00, 3.9076e-01, 
 1DIAGNOSTIC,    12, -9.693399323042e-01, 1.398314418979e-03, 6.4314e+00, 3.7818e-01, 
 1DIAGNOSTIC,    13, -9.691548552877e-01, 1.030226051389e-03, 6.8131e+00, 3.8171e-01, 
 1DIAGNOSTIC,    14, -9.699552552453e-01, 7.297835834000e-04, 7.1855e+00, 3.7241e-01, 
 1DIAGNOSTIC,    15, -9.707780801947e-01, 4.979192339333e-04, 7.5727e+00, 3.8717e-01, 
 1DIAGNOSTIC,    16, -9.706959840443e-01, 3.291852578955e-04, 7.9548e+00, 3.8207e-01, 
 1DIAGNOSTIC,    17, -9.705131022545e-01, 2.196238682983e-04, 8.3466e+00, 3.9180e-01, 
 1DIAGNOSTIC,    18, -9.706860410093e-01, 1.585301354306e-04, 8.7297e+00, 3.8312e-01, 
 1DIAGNOSTIC,    19, -9.704809744031e-01, 1.176088642018e-04, 9.1706e+00, 4.4092e-01, 
 1DIAGNOSTIC,    20, -9.705643594655e-01, 7.046848742147e-05, 9.6151e+00, 4.4449e-01, 
 1DIAGNOSTIC,    21, -9.703137219008e-01, 3.671106358814e-05, 1.0057e+01, 4.4238e-01, 
 1DIAGNOSTIC,    22, -9.706545299447e-01, 2.281231401404e-05, 1.0497e+01, 4.3958e-01, 
 1DIAGNOSTIC,    23, -9.704873470335e-01, 3.264403789338e-06, 1.0938e+01, 4.4133e-01, 
 1DIAGNOSTIC,    24, -9.705725058622e-01, -4.178418633601e-06, 1.1379e+01, 4.4097e-01, 
XXDIAGNOSTIC,Iteration,metricValue,convergenceValue,ITERATION_TIME_INDEX,SINCE_LAST
 1DIAGNOSTIC,     1, -9.101503025108e-01, 1.797693134862e+308, 1.6668e+01, 5.2890e+00, 
 1DIAGNOSTIC,     2, -9.136637302987e-01, 1.797693134862e+308, 1.9757e+01, 3.0889e+00, 
 1DIAGNOSTIC,     3, -9.173321746647e-01, 1.797693134862e+308, 2.2634e+01, 2.8765e+00, 
 1DIAGNOSTIC,     4, -9.205118463410e-01, 1.797693134862e+308, 2.5566e+01, 2.9319e+00, 
 1DIAGNOSTIC,     5, -9.232205437354e-01, 1.797693134862e+308, 2.8479e+01, 2.9132e+00, 
 1DIAGNOSTIC,     6, -9.256750498818e-01, 1.797693134862e+308, 3.1837e+01, 3.3578e+00, 
 1DIAGNOSTIC,     7, -9.278265272152e-01, 1.797693134862e+308, 3.4713e+01, 2.8767e+00, 
 1DIAGNOSTIC,     8, -9.296539148692e-01, 1.797693134862e+308, 3.7606e+01, 2.8925e+00, 
 1DIAGNOSTIC,     9, -9.311413764946e-01, 1.797693134862e+308, 4.0476e+01, 2.8702e+00, 
 1DIAGNOSTIC,    10, -9.323578740003e-01, 1.540917772228e-03, 4.3331e+01, 2.8554e+00, 
 1DIAGNOSTIC,    11, -9.334067533717e-01, 1.224505823894e-03, 4.6487e+01, 3.1551e+00, 
 1DIAGNOSTIC,    12, -9.340952610022e-01, 9.577254400935e-04, 4.9398e+01, 2.9116e+00, 
 1DIAGNOSTIC,    13, -9.347129036452e-01, 7.462045610450e-04, 5.2283e+01, 2.8853e+00, 
 1DIAGNOSTIC,    14, -9.351899614534e-01, 5.768706062298e-04, 5.5271e+01, 2.9873e+00, 
 1DIAGNOSTIC,    15, -9.357478570325e-01, 4.438350276996e-04, 5.8169e+01, 2.8986e+00, 
 1DIAGNOSTIC,    16, -9.361761380538e-01, 3.415204039960e-04, 6.1094e+01, 2.9246e+00, 
 1DIAGNOSTIC,    17, -9.365968809387e-01, 2.658927023909e-04, 6.4031e+01, 2.9370e+00, 
 1DIAGNOSTIC,    18, -9.370185059064e-01, 2.122022818547e-04, 6.6946e+01, 2.9151e+00, 
 1DIAGNOSTIC,    19, -9.374448304777e-01, 1.751539480388e-04, 6.9878e+01, 2.9319e+00, 
 1DIAGNOSTIC,    20, -9.379704393106e-01, 1.519817132332e-04, 7.2790e+01, 2.9123e+00, 
 1DIAGNOSTIC,    21, -9.383928662237e-01, 1.381746094766e-04, 7.5724e+01, 2.9336e+00, 
 1DIAGNOSTIC,    22, -9.388267935968e-01, 1.282979616476e-04, 7.8643e+01, 2.9189e+00, 
 1DIAGNOSTIC,    23, -9.392521177875e-01, 1.211501675135e-04, 8.1558e+01, 2.9147e+00, 
 1DIAGNOSTIC,    24, -9.396405679799e-01, 1.141998199540e-04, 8.4487e+01, 2.9293e+00, 
 1DIAGNOSTIC,    25, -9.399989368350e-01, 1.082597130847e-04, 8.7440e+01, 2.9535e+00, 
 1DIAGNOSTIC,    26, -9.403326807987e-01, 1.015506076796e-04, 9.0383e+01, 2.9422e+00, 
 1DIAGNOSTIC,    27, -9.406458361985e-01, 9.409580345143e-05, 9.3316e+01, 2.9339e+00, 
 1DIAGNOSTIC,    28, -9.409175277787e-01, 8.587333077400e-05, 9.6238e+01, 2.9221e+00, 
 1DIAGNOSTIC,    29, -9.411827369394e-01, 7.737368352316e-05, 9.9176e+01, 2.9373e+00, 
 1DIAGNOSTIC,    30, -9.414300005935e-01, 7.000297383586e-05, 1.0210e+02, 2.9252e+00, 
 1DIAGNOSTIC,    31, -9.416614657532e-01, 6.292712754399e-05, 1.0506e+02, 2.9569e+00, 
 1DIAGNOSTIC,    32, -9.418772606744e-01, 5.653364299903e-05, 1.0800e+02, 2.9408e+00, 
 1DIAGNOSTIC,    33, -9.420787206622e-01, 5.097648939968e-05, 1.1094e+02, 2.9378e+00, 
 1DIAGNOSTIC,    34, -9.422599691622e-01, 4.603865999351e-05, 1.1387e+02, 2.9289e+00, 
 1DIAGNOSTIC,    35, -9.424236624187e-01, 4.158089030815e-05, 1.1680e+02, 2.9305e+00, 
 1DIAGNOSTIC,    36, -9.425712832287e-01, 3.752021989994e-05, 1.1971e+02, 2.9152e+00, 
 1DIAGNOSTIC,    37, -9.426986578675e-01, 3.377340342145e-05, 1.2266e+02, 2.9467e+00, 
 1DIAGNOSTIC,    38, -9.428102075852e-01, 3.011814885843e-05, 1.2557e+02, 2.9118e+00, 
 1DIAGNOSTIC,    39, -9.429166867373e-01, 2.672398662956e-05, 1.2855e+02, 2.9803e+00, 
 1DIAGNOSTIC,    40, -9.430122684639e-01, 2.360218157849e-05, 1.3147e+02, 2.9222e+00, 
 1DIAGNOSTIC,    41, -9.431014796952e-01, 2.080462684564e-05, 1.3441e+02, 2.9417e+00, 
 1DIAGNOSTIC,    42, -9.431764160861e-01, 1.830539015453e-05, 1.3732e+02, 2.9074e+00, 
 1DIAGNOSTIC,    43, -9.432540558480e-01, 1.619680446846e-05, 1.4071e+02, 3.3931e+00, 
 1DIAGNOSTIC,    44, -9.433270828909e-01, 1.443998332014e-05, 1.4364e+02, 2.9279e+00, 
 1DIAGNOSTIC,    45, -9.433971596944e-01, 1.300630264179e-05, 1.4659e+02, 2.9527e+00, 
 1DIAGNOSTIC,    46, -9.434621642806e-01, 1.184510201668e-05, 1.4956e+02, 2.9684e+00, 
 1DIAGNOSTIC,    47, -9.435227477772e-01, 1.086673798115e-05, 1.5253e+02, 2.9642e+00, 
 1DIAGNOSTIC,    48, -9.435814657076e-01, 1.001696324762e-05, 1.5550e+02, 2.9763e+00, 
 1DIAGNOSTIC,    49, -9.436378711611e-01, 9.301704666689e-06, 1.5853e+02, 3.0288e+00, 
 1DIAGNOSTIC,    50, -9.436897149968e-01, 8.668560611869e-06, 1.6146e+02, 2.9296e+00, 
 1DIAGNOSTIC,    51, -9.437376823681e-01, 8.097765227238e-06, 1.6454e+02, 3.0758e+00, 
 1DIAGNOSTIC,    52, -9.437799697089e-01, 7.507303832362e-06, 1.6752e+02, 2.9787e+00, 
 1DIAGNOSTIC,    53, -9.438224140974e-01, 6.956918855293e-06, 1.7045e+02, 2.9307e+00, 
 1DIAGNOSTIC,    54, -9.436476881321e-01, 5.237789184494e-06, 1.7364e+02, 3.1894e+00, 
 1DIAGNOSTIC,    55, -9.437140379395e-01, 3.913642061929e-06, 1.7673e+02, 3.0911e+00, 
 1DIAGNOSTIC,    56, -9.434843102556e-01, 1.400790497142e-06, 1.7972e+02, 2.9938e+00, 
 1DIAGNOSTIC,    57, -9.435887290625e-01, -2.081678868067e-07, 1.8289e+02, 3.1691e+00, 
XXDIAGNOSTIC,Iteration,metricValue,convergenceValue,ITERATION_TIME_INDEX,SINCE_LAST
 1DIAGNOSTIC,     1, -8.918662194932e-01, 1.797693134862e+308, 2.0814e+02, 2.5249e+01, 
 1DIAGNOSTIC,     2, -8.939291516360e-01, 1.797693134862e+308, 2.3238e+02, 2.4239e+01, 
 1DIAGNOSTIC,     3, -8.969793558741e-01, 1.797693134862e+308, 2.5634e+02, 2.3963e+01, 
 1DIAGNOSTIC,     4, -8.997357618713e-01, 1.797693134862e+308, 2.8261e+02, 2.6264e+01, 
 1DIAGNOSTIC,     5, -9.021331685951e-01, 1.797693134862e+308, 3.0651e+02, 2.3899e+01, 
 1DIAGNOSTIC,     6, -9.042305543149e-01, 1.797693134862e+308, 3.3035e+02, 2.3840e+01, 
 1DIAGNOSTIC,     7, -9.061035195693e-01, 1.797693134862e+308, 3.5457e+02, 2.4225e+01, 
 1DIAGNOSTIC,     8, -9.078087607799e-01, 1.797693134862e+308, 3.7906e+02, 2.4488e+01, 
 1DIAGNOSTIC,     9, -9.093728102922e-01, 1.797693134862e+308, 4.0464e+02, 2.5587e+01, 
 1DIAGNOSTIC,    10, -9.108330891279e-01, 1.369623296088e-03, 4.2868e+02, 2.4034e+01, 
 1DIAGNOSTIC,    11, -9.120841275578e-01, 1.146679789224e-03, 4.5365e+02, 2.4970e+01, 
 1DIAGNOSTIC,    12, -9.132839686317e-01, 9.427339550375e-04, 4.7827e+02, 2.4616e+01, 
 1DIAGNOSTIC,    13, -9.144177278940e-01, 7.853911539403e-04, 5.0281e+02, 2.4546e+01, 
 1DIAGNOSTIC,    14, -9.152939865853e-01, 6.599896841959e-04, 5.2711e+02, 2.4297e+01, 
 1DIAGNOSTIC,    15, -9.161093258423e-01, 5.578428985475e-04, 5.5170e+02, 2.4596e+01, 
 1DIAGNOSTIC,    16, -9.168829051803e-01, 4.732300166398e-04, 5.8050e+02, 2.8796e+01, 
 1DIAGNOSTIC,    17, -9.176121276924e-01, 4.026217881798e-04, 6.0478e+02, 2.4282e+01, 
 1DIAGNOSTIC,    18, -9.183015816683e-01, 3.440079694831e-04, 6.3021e+02, 2.5431e+01, 
 1DIAGNOSTIC,    19, -9.189634936950e-01, 2.961102991023e-04, 6.5442e+02, 2.4203e+01, 
 1DIAGNOSTIC,    20, -9.196025660062e-01, 2.581734975121e-04, 6.7901e+02, 2.4598e+01, 
 1DIAGNOSTIC,    21, -9.202104983968e-01, 2.272847294148e-04, 7.0346e+02, 2.4442e+01, 
 1DIAGNOSTIC,    22, -9.207781191534e-01, 2.028852719694e-04, 7.2802e+02, 2.4568e+01, 
 1DIAGNOSTIC,    23, -9.212784519969e-01, 1.837163196111e-04, 7.5218e+02, 2.4158e+01, 
 1DIAGNOSTIC,    24, -9.217179732251e-01, 1.659699965233e-04, 7.7645e+02, 2.4265e+01, 
 1DIAGNOSTIC,    25, -9.221072988528e-01, 1.490395740786e-04, 8.0075e+02, 2.4307e+01, 
 1DIAGNOSTIC,    26, -9.224570179472e-01, 1.328247546197e-04, 8.2525e+02, 2.4499e+01, 
 1DIAGNOSTIC,    27, -9.227737883800e-01, 1.173468879870e-04, 8.4968e+02, 2.4432e+01, 
 1DIAGNOSTIC,    28, -9.230581414408e-01, 1.027275036385e-04, 8.7391e+02, 2.4221e+01, 
 1DIAGNOSTIC,    29, -9.233135850524e-01, 8.926216492237e-05, 8.9853e+02, 2.4623e+01, 
 1DIAGNOSTIC,    30, -9.235479315742e-01, 7.731778858578e-05, 9.2403e+02, 2.5500e+01, 
 1DIAGNOSTIC,    31, -9.237655922414e-01, 6.711244002569e-05, 9.4844e+02, 2.4409e+01, 
 1DIAGNOSTIC,    32, -9.239617383263e-01, 5.861822923178e-05, 9.7278e+02, 2.4338e+01, 
 1DIAGNOSTIC,    33, -9.241456467780e-01, 5.154634485556e-05, 9.9720e+02, 2.4421e+01, 
 1DIAGNOSTIC,    34, -9.243121708539e-01, 4.556498634348e-05, 1.0220e+03, 2.4809e+01, 
 1DIAGNOSTIC,    35, -9.244682438099e-01, 4.047088888627e-05, 1.0462e+03, 2.4204e+01, 
 1DIAGNOSTIC,    36, -9.246154327167e-01, 3.613408142181e-05, 1.0706e+03, 2.4384e+01, 
 1DIAGNOSTIC,    37, -9.247562755930e-01, 3.247219660338e-05, 1.0946e+03, 2.4029e+01, 
 1DIAGNOSTIC,    38, -9.248882772960e-01, 2.935387952712e-05, 1.1212e+03, 2.6615e+01, 
 1DIAGNOSTIC,    39, -9.250115438699e-01, 2.665608250939e-05, 1.1466e+03, 2.5398e+01, 
 1DIAGNOSTIC,    40, -9.251311578876e-01, 2.434244632087e-05, 1.1711e+03, 2.4482e+01, 
 1DIAGNOSTIC,    41, -9.252454983325e-01, 2.237701304941e-05, 1.1951e+03, 2.3984e+01, 
 1DIAGNOSTIC,    42, -9.253582902564e-01, 2.069568044476e-05, 1.2199e+03, 2.4797e+01, 
 1DIAGNOSTIC,    43, -9.254652265851e-01, 1.925983756003e-05, 1.2455e+03, 2.5598e+01, 
 1DIAGNOSTIC,    44, -9.255694716360e-01, 1.800446130785e-05, 1.2694e+03, 2.3887e+01, 
 1DIAGNOSTIC,    45, -9.256708203918e-01, 1.690422612237e-05, 1.2935e+03, 2.4147e+01, 
 1DIAGNOSTIC,    46, -9.257686014588e-01, 1.593170006447e-05, 1.3176e+03, 2.4056e+01, 
 1DIAGNOSTIC,    47, -9.258726057057e-01, 1.513664076654e-05, 1.3415e+03, 2.3950e+01, 
 1DIAGNOSTIC,    48, -9.259724542946e-01, 1.446720441700e-05, 1.3660e+03, 2.4504e+01, 
 1DIAGNOSTIC,    49, -9.260675523868e-01, 1.386554978053e-05, 1.3903e+03, 2.4281e+01, 
 1DIAGNOSTIC,    50, -9.261619338494e-01, 1.333149250026e-05, 1.4144e+03, 2.4054e+01, 
XXDIAGNOSTIC,Iteration,metricValue,convergenceValue,ITERATION_TIME_INDEX,SINCE_LAST
 1DIAGNOSTIC,     1, -8.805893834818e-01, 1.797693134862e+308, 1.6398e+03, 2.2545e+02, 
 1DIAGNOSTIC,     2, -8.817730797371e-01, 1.797693134862e+308, 1.8616e+03, 2.2178e+02, 
 1DIAGNOSTIC,     3, -8.833813072655e-01, 1.797693134862e+308, 2.0808e+03, 2.1920e+02, 
 1DIAGNOSTIC,     4, -8.849645400648e-01, 1.797693134862e+308, 2.3037e+03, 2.2293e+02, 
 1DIAGNOSTIC,     5, -8.865835326891e-01, 1.797693134862e+308, 2.5276e+03, 2.2386e+02, 
 1DIAGNOSTIC,     6, -8.881562758463e-01, 1.797693134862e+308, 2.7479e+03, 2.2034e+02, 
 1DIAGNOSTIC,     7, -8.895799162920e-01, 1.797693134862e+308, 2.9707e+03, 2.2273e+02, 
 1DIAGNOSTIC,     8, -8.910175127153e-01, 1.797693134862e+308, 3.1912e+03, 2.2055e+02, 
 1DIAGNOSTIC,     9, -8.923882624217e-01, 1.797693134862e+308, 3.4136e+03, 2.2236e+02, 
 1DIAGNOSTIC,    10, -8.936347827859e-01, 9.672470407852e-04, 3.6378e+03, 2.2419e+02, 
 1DIAGNOSTIC,    11, -8.948016965088e-01, 8.614310070520e-04, 3.8586e+03, 2.2086e+02, 
 1DIAGNOSTIC,    12, -8.958831397598e-01, 7.558999121386e-04, 4.0786e+03, 2.1995e+02, 
 1DIAGNOSTIC,    13, -8.967787735627e-01, 6.594994462496e-04, 4.3014e+03, 2.2282e+02, 
 1DIAGNOSTIC,    14, -8.977168940928e-01, 5.741147681973e-04, 4.5275e+03, 2.2611e+02, 
 1DIAGNOSTIC,    15, -8.985935810702e-01, 5.004008404550e-04, 4.7484e+03, 2.2091e+02, 
 1DIAGNOSTIC,    16, -8.991845270574e-01, 4.328641280682e-04, 4.9784e+03, 2.3000e+02, 
 1DIAGNOSTIC,    17, -8.998442231949e-01, 3.723517109274e-04, 5.1983e+03, 2.1989e+02, 
 1DIAGNOSTIC,    18, -9.003344548755e-01, 3.180841510027e-04, 5.4189e+03, 2.2059e+02, 
 1DIAGNOSTIC,    19, -9.008003528654e-01, 2.706767221811e-04, 5.6402e+03, 2.2134e+02, 
 1DIAGNOSTIC,    20, -9.013292518603e-01, 2.309525475965e-04, 5.8612e+03, 2.2098e+02, 
  Elapsed time (stage 0): 5863.02


Total elapsed time: 5863.03
