
##########################
# Experiment information #
##########################
SIF_IMG: /project/rrg-glatard/mdugre/containers/ants-p2-vprec.sif
EXPERIMENT_NAME: vprec-space_search
CONFIG: 0110
VFC_BACKENDS: libinterflop_vprec.so --range-binary32=8 --precision-binary32=9 --range-binary64=8 --precision-binary64=9

FIXED_IMG: /templateflow/tpl-MNI152NLin2009cAsym/tpl-MNI152NLin2009cAsym_res-01_desc-brain_T1w.nii.gz
SUBJECT_ID: 0003062
INPUT_IMG: /project/rrg-glatard/mdugre/datasets/corr/RawDataBIDS/BMB_1/derivatives/antsBrainExtraction/sub-0003062/BrainExtractionBrain.nii.gz
OUTPUT_DIR: /project/rrg-glatard/mdugre/datasets/corr/RawDataBIDS/BMB_1/derivatives/vprec-space_search/0110/r8-p9/sub-0003062

ITK_GLOBAL_DEFAULT_NUMBER_OF_THREADS: 8
##########################

VFC_BACKENDS=libinterflop_ieee.so
Info [verificarlo]: loaded backend libinterflop_ieee.so
Info [interflop-ieee]: load backend with:
Info [interflop-ieee]: debug = false
Info [interflop-ieee]: debug-binary = false
Info [interflop-ieee]: no-backend-name = false
Info [interflop-ieee]: print-new-line = false
Info [interflop-ieee]: print-subnormal-normalized = false
Info [interflop-ieee]: count-op = false
All_Command_lines_OK
Using double precision for computations.
=============================================================================
The composite transform comprises the following transforms (in order): 
  1. Center of mass alignment using fixed image: /templateflow/tpl-MNI152NLin2009cAsym/tpl-MNI152NLin2009cAsym_res-01_desc-brain_T1w.nii.gz and moving image: /project/rrg-glatard/mdugre/datasets/corr/RawDataBIDS/BMB_1/derivatives/antsBrainExtraction/sub-0003062/BrainExtractionBrain.nii.gz (type = Euler3DTransform)
=============================================================================
  number of levels = 1
  fixed image: /templateflow/tpl-MNI152NLin2009cAsym/tpl-MNI152NLin2009cAsym_res-01_desc-brain_T1w.nii.gz
  moving image: /project/rrg-glatard/mdugre/datasets/corr/RawDataBIDS/BMB_1/derivatives/antsBrainExtraction/sub-0003062/BrainExtractionBrain.nii.gz
Dimension = 3
Number of stages = 1
Use histogram matching = false
Winsorize image intensities = true
  Lower quantile = 0.005
  Upper quantile = 0.995


Stage 1 State
   Image metric = MattesMI
     Fixed image = Image (0x5097390)
  RTTI typeinfo:   itk::Image<double, 3u>
  Reference Count: 2
  Modified Time: 2330
  Debug: Off
  Object Name: 
  Observers: 
    none
  Source: (none)
  Source output name: (none)
  Release Data: Off
  Data Released: False
  Global Release Data: Off
  PipelineMTime: 0
  UpdateMTime: 1941
  RealTimeStamp: 0 seconds 
  LargestPossibleRegion: 
    Dimension: 3
    Index: [0, 0, 0]
    Size: [193, 229, 193]
  BufferedRegion: 
    Dimension: 3
    Index: [0, 0, 0]
    Size: [193, 229, 193]
  RequestedRegion: 
    Dimension: 3
    Index: [0, 0, 0]
    Size: [193, 229, 193]
  Spacing: [1, 1, 1]
  Origin: [96, 132, -78]
  Direction: 
-1 0 0
0 -1 0
0 0 1

  IndexToPointMatrix: 
-1 0 0
0 -1 0
0 0 1

  PointToIndexMatrix: 
-1 0 0
0 -1 0
0 0 1

  Inverse Direction: 
-1 0 0
0 -1 0
0 0 1

  PixelContainer: 
    ImportImageContainer (0x5162a90)
      RTTI typeinfo:   itk::ImportImageContainer<unsigned long, double>
      Reference Count: 1
      Modified Time: 1938
      Debug: Off
      Object Name: 
      Observers: 
        none
      Pointer: 0x1457fdd4c010
      Container manages memory: true
      Size: 8530021
      Capacity: 8530021

     Moving image = Image (0x509c390)
  RTTI typeinfo:   itk::Image<double, 3u>
  Reference Count: 2
  Modified Time: 2331
  Debug: Off
  Object Name: 
  Observers: 
    none
  Source: (none)
  Source output name: (none)
  Release Data: Off
  Data Released: False
  Global Release Data: Off
  PipelineMTime: 0
  UpdateMTime: 2328
  RealTimeStamp: 0 seconds 
  LargestPossibleRegion: 
    Dimension: 3
    Index: [0, 0, 0]
    Size: [176, 256, 256]
  BufferedRegion: 
    Dimension: 3
    Index: [0, 0, 0]
    Size: [176, 256, 256]
  RequestedRegion: 
    Dimension: 3
    Index: [0, 0, 0]
    Size: [176, 256, 256]
  Spacing: [1, 1, 1]
  Origin: [-88.262, 86.3324, -129.41]
  Direction: 
1 0 0
0 -1 0
0 0 1

  IndexToPointMatrix: 
1 0 0
0 -1 0
0 0 1

  PointToIndexMatrix: 
1 0 0
0 -1 0
0 0 1

  Inverse Direction: 
1 0 0
0 -1 0
0 0 1

  PixelContainer: 
    ImportImageContainer (0x5242b90)
      RTTI typeinfo:   itk::ImportImageContainer<unsigned long, double>
      Reference Count: 1
      Modified Time: 2325
      Debug: Off
      Object Name: 
      Observers: 
        none
      Pointer: 0x1457f854b010
      Container manages memory: true
      Size: 11534336
      Capacity: 11534336

     Weighting = 1
     Sampling strategy = regular
     Number of bins = 32
     Radius = 4
     Sampling percentage  = 0.25
   Transform = Rigid
     Gradient step = 0.1
     Update field sigma (voxel space) = 0
     Total field sigma (voxel space) = 0
     Update field time sigma = 0
     Total field time sigma  = 0
     Number of time indices = 0
     Number of time point samples = 0
Registration using 1 total stages.

Stage 0
  iterations = 0
  convergence threshold = 1e-06
  convergence window size = 10
  number of levels = 1
  using the Mattes MI metric (number of bins = 32, weight = 1, use gradient filter = 0)
  preprocessing:  winsorizing the image intensities
  Shrink factors (level 1 out of 1): [1, 1, 1]
  smoothing sigmas per level: [0]
  regular sampling (percentage = 0.25)

*** Running Euler3DTransform registration ***

  Elapsed time (stage 0): 0.944839


Total elapsed time: 0.946307
VFC_BACKENDS=libinterflop_vprec.so --range-binary32=8 --precision-binary32=9 --range-binary64=8 --precision-binary64=9
Info [verificarlo]: loaded backend libinterflop_vprec.so
Info [interflop-vprec]: load backend with: 
Info [interflop-vprec]: precision-binary32 = 9
Info [interflop-vprec]: range-binary32 = 8
Info [interflop-vprec]: precision-binary64 = 9
Info [interflop-vprec]: range-binary64 = 8
Info [interflop-vprec]: mode = ob
Info [interflop-vprec]: error-mode = rel
Info [interflop-vprec]: max-abs-error-exponent = -1022
Info [interflop-vprec]: daz = false
Info [interflop-vprec]: ftz = false
Info [interflop-vprec]: 	instrument = none
Info [interflop-vprec]: 	prec-input-file = (null)
Info [interflop-vprec]: 	prec-output-file = (null)
Info [interflop-vprec]: 	prec-log-file = (null)
All_Command_lines_OK
Using double precision for computations.
=============================================================================
The composite transform comprises the following transforms (in order): 
  1. /project/rrg-glatard/mdugre/datasets/corr/RawDataBIDS/BMB_1/derivatives/vprec-space_search/0110/r8-p9/sub-0003062/align_Composite.h5[0] (type = Euler3DTransform)
  2. /project/rrg-glatard/mdugre/datasets/corr/RawDataBIDS/BMB_1/derivatives/vprec-space_search/0110/r8-p9/sub-0003062/align_Composite.h5[1] (type = Euler3DTransform)
=============================================================================
  number of levels = 4
  fixed image: /templateflow/tpl-MNI152NLin2009cAsym/tpl-MNI152NLin2009cAsym_res-01_desc-brain_T1w.nii.gz
  moving image: /project/rrg-glatard/mdugre/datasets/corr/RawDataBIDS/BMB_1/derivatives/antsBrainExtraction/sub-0003062/BrainExtractionBrain.nii.gz
Dimension = 3
Number of stages = 1
Use histogram matching = false
Winsorize image intensities = true
  Lower quantile = 0.005
  Upper quantile = 0.995


Stage 1 State
   Image metric = MattesMI
     Fixed image = Image (0x4eec300)
  RTTI typeinfo:   itk::Image<double, 3u>
  Reference Count: 2
  Modified Time: 1578
  Debug: Off
  Object Name: 
  Observers: 
    none
  Source: (none)
  Source output name: (none)
  Release Data: Off
  Data Released: False
  Global Release Data: Off
  PipelineMTime: 0
  UpdateMTime: 1189
  RealTimeStamp: 0 seconds 
  LargestPossibleRegion: 
    Dimension: 3
    Index: [0, 0, 0]
    Size: [193, 229, 193]
  BufferedRegion: 
    Dimension: 3
    Index: [0, 0, 0]
    Size: [193, 229, 193]
  RequestedRegion: 
    Dimension: 3
    Index: [0, 0, 0]
    Size: [193, 229, 193]
  Spacing: [1, 1, 1]
  Origin: [96, 132, -78]
  Direction: 
-1 0 0
0 -1 0
0 0 1

  IndexToPointMatrix: 
-1 0 0
0 -1 0
0 0 1

  PointToIndexMatrix: 
-1 0 0
0 -1 0
0 0 1

  Inverse Direction: 
-1 0 0
0 -1 0
0 0 1

  PixelContainer: 
    ImportImageContainer (0x4faad00)
      RTTI typeinfo:   itk::ImportImageContainer<unsigned long, double>
      Reference Count: 1
      Modified Time: 1186
      Debug: Off
      Object Name: 
      Observers: 
        none
      Pointer: 0x154004ebf010
      Container manages memory: true
      Size: 8530021
      Capacity: 8530021

     Moving image = Image (0x4fa7030)
  RTTI typeinfo:   itk::Image<double, 3u>
  Reference Count: 2
  Modified Time: 1579
  Debug: Off
  Object Name: 
  Observers: 
    none
  Source: (none)
  Source output name: (none)
  Release Data: Off
  Data Released: False
  Global Release Data: Off
  PipelineMTime: 0
  UpdateMTime: 1576
  RealTimeStamp: 0 seconds 
  LargestPossibleRegion: 
    Dimension: 3
    Index: [0, 0, 0]
    Size: [176, 256, 256]
  BufferedRegion: 
    Dimension: 3
    Index: [0, 0, 0]
    Size: [176, 256, 256]
  RequestedRegion: 
    Dimension: 3
    Index: [0, 0, 0]
    Size: [176, 256, 256]
  Spacing: [1, 1, 1]
  Origin: [-88.25, 86.375, -129.5]
  Direction: 
1 0 0
0 -1 0
0 0 1

  IndexToPointMatrix: 
1 0 0
0 -1 0
0 0 1

  PointToIndexMatrix: 
1 0 0
0 -1 0
0 0 1

  Inverse Direction: 
1 0 0
0 -1 0
0 0 1

  PixelContainer: 
    ImportImageContainer (0x4f74d70)
      RTTI typeinfo:   itk::ImportImageContainer<unsigned long, double>
      Reference Count: 1
      Modified Time: 1573
      Debug: Off
      Object Name: 
      Observers: 
        none
      Pointer: 0x153fff6be010
      Container manages memory: true
      Size: 11534336
      Capacity: 11534336

     Weighting = 1
     Sampling strategy = regular
     Number of bins = 32
     Radius = 4
     Sampling percentage  = 0.25
   Transform = Rigid
     Gradient step = 0.1
     Update field sigma (voxel space) = 0
     Total field sigma (voxel space) = 0
     Update field time sigma = 0
     Total field time sigma  = 0
     Number of time indices = 0
     Number of time point samples = 0
Registration using 1 total stages.

Stage 0
  iterations = 1000x500x250x100
  convergence threshold = 1e-06
  convergence window size = 10
  number of levels = 4
  using the Mattes MI metric (number of bins = 32, weight = 1, use gradient filter = 0)
  preprocessing:  winsorizing the image intensities
  Shrink factors (level 1 out of 4): [8, 8, 8]
  Shrink factors (level 2 out of 4): [4, 4, 4]
  Shrink factors (level 3 out of 4): [2, 2, 2]
  Shrink factors (level 4 out of 4): [1, 1, 1]
  smoothing sigmas per level: [3, 2, 1, 0]
  regular sampling (percentage = 0.25)

*** Running Euler3DTransform registration ***

DIAGNOSTIC,Iteration,metricValue,convergenceValue,ITERATION_TIME_INDEX,SINCE_LAST
 2DIAGNOSTIC,     1, -6.059348422768e-01, 1.797693134862e+308, 0.0000e+00, 0.0000e+00, 
 2DIAGNOSTIC,     2, -6.064522491851e-01, 1.797693134862e+308, 0.0000e+00, 0.0000e+00, 
 2DIAGNOSTIC,     3, -6.074750653359e-01, 1.797693134862e+308, 0.0000e+00, 0.0000e+00, 
 2DIAGNOSTIC,     4, -6.079308470804e-01, 1.797693134862e+308, 0.0000e+00, 0.0000e+00, 
 2DIAGNOSTIC,     5, -6.088076028481e-01, 1.797693134862e+308, 0.0000e+00, 0.0000e+00, 
 2DIAGNOSTIC,     6, -6.102530591207e-01, 1.797693134862e+308, 0.0000e+00, 0.0000e+00, 
 2DIAGNOSTIC,     7, -6.120237571341e-01, 1.797693134862e+308, 0.0000e+00, 0.0000e+00, 
 2DIAGNOSTIC,     8, -6.148920978625e-01, 1.797693134862e+308, 0.0000e+00, 0.0000e+00, 
 2DIAGNOSTIC,     9, -6.182291736812e-01, 1.797693134862e+308, 0.0000e+00, 0.0000e+00, 
 2DIAGNOSTIC,    10, -6.220701323726e-01, 1.570304891513e-03, 0.0000e+00, 0.0000e+00, 
 2DIAGNOSTIC,    11, -6.290257128183e-01, 1.925681329174e-03, 0.0000e+00, 0.0000e+00, 
 2DIAGNOSTIC,    12, -6.599226224052e-01, 3.239818835367e-03, 0.0000e+00, 0.0000e+00, 
 2DIAGNOSTIC,    13, -6.646780087095e-01, 4.221132601334e-03, 0.0000e+00, 0.0000e+00, 
 2DIAGNOSTIC,    14, -6.671846734552e-01, 4.775888609941e-03, 0.0000e+00, 0.0000e+00, 
 2DIAGNOSTIC,    15, -6.673545260411e-01, 4.862425448847e-03, 0.0000e+00, 0.0000e+00, 
 2DIAGNOSTIC,    16, -6.673751517358e-01, 4.531774399193e-03, 0.0000e+00, 0.0000e+00, 
 2DIAGNOSTIC,    17, -6.670786576527e-01, 3.851905776636e-03, 0.0000e+00, 0.0000e+00, 
 2DIAGNOSTIC,    18, -6.671617026540e-01, 2.967178752206e-03, 0.0000e+00, 0.0000e+00, 
 2DIAGNOSTIC,    19, -6.672002919544e-01, 1.995577351755e-03, 0.0000e+00, 0.0000e+00, 
 2DIAGNOSTIC,    20, -6.672118733241e-01, 1.031814008921e-03, 0.0000e+00, 0.0000e+00, 
 2DIAGNOSTIC,    21, -6.672682827407e-01, 1.999612215297e-04, 0.0000e+00, 0.0000e+00, 
 2DIAGNOSTIC,    22, -6.672682907849e-01, 5.040168465563e-05, 0.0000e+00, 0.0000e+00, 
DIAGNOSTIC,Iteration,metricValue,convergenceValue,ITERATION_TIME_INDEX,SINCE_LAST
 2DIAGNOSTIC,     1, -5.337857254019e-01, 1.797693134862e+308, 0.0000e+00, 0.0000e+00, 
 2DIAGNOSTIC,     2, -5.341543864388e-01, 1.797693134862e+308, 0.0000e+00, 0.0000e+00, 
 2DIAGNOSTIC,     3, -5.345375383465e-01, 1.797693134862e+308, 0.0000e+00, 0.0000e+00, 
 2DIAGNOSTIC,     4, -5.347865731481e-01, 1.797693134862e+308, 0.0000e+00, 0.0000e+00, 
 2DIAGNOSTIC,     5, -5.349903552893e-01, 1.797693134862e+308, 0.0000e+00, 0.0000e+00, 
 2DIAGNOSTIC,     6, -5.349329079065e-01, 1.797693134862e+308, 0.0000e+00, 0.0000e+00, 
 2DIAGNOSTIC,     7, -5.349662244456e-01, 1.797693134862e+308, 0.0000e+00, 0.0000e+00, 
 2DIAGNOSTIC,     8, -5.354034811945e-01, 1.797693134862e+308, 0.0000e+00, 0.0000e+00, 
 2DIAGNOSTIC,     9, -5.353832536790e-01, 1.797693134862e+308, 0.0000e+00, 0.0000e+00, 
 2DIAGNOSTIC,    10, -5.355403757999e-01, 1.865413108647e-04, 0.0000e+00, 0.0000e+00, 
 2DIAGNOSTIC,    11, -5.356722754523e-01, 1.454488344857e-04, 0.0000e+00, 0.0000e+00, 
 2DIAGNOSTIC,    12, -5.359073079877e-01, 1.245021261131e-04, 0.0000e+00, 0.0000e+00, 
 2DIAGNOSTIC,    13, -5.363330265531e-01, 1.279341017576e-04, 0.0000e+00, 0.0000e+00, 
 2DIAGNOSTIC,    14, -5.373229485431e-01, 1.656626733155e-04, 0.0000e+00, 0.0000e+00, 
 2DIAGNOSTIC,    15, -5.373463282207e-01, 1.907911269768e-04, 0.0000e+00, 0.0000e+00, 
 2DIAGNOSTIC,    16, -5.373703635040e-01, 1.947745869614e-04, 0.0000e+00, 0.0000e+00, 
 2DIAGNOSTIC,    17, -5.373987604214e-01, 1.822842205962e-04, 0.0000e+00, 0.0000e+00, 
 2DIAGNOSTIC,    18, -5.373936080418e-01, 1.668667847908e-04, 0.0000e+00, 0.0000e+00, 
 2DIAGNOSTIC,    19, -5.373910053775e-01, 1.365015664926e-04, 0.0000e+00, 0.0000e+00, 
 2DIAGNOSTIC,    20, -5.373661132255e-01, 1.000721200100e-04, 0.0000e+00, 0.0000e+00, 
 2DIAGNOSTIC,    21, -5.373515708909e-01, 6.114204973919e-05, 0.0000e+00, 0.0000e+00, 
 2DIAGNOSTIC,    22, -5.373377876673e-01, 2.536791451544e-05, 0.0000e+00, 0.0000e+00, 
DIAGNOSTIC,Iteration,metricValue,convergenceValue,ITERATION_TIME_INDEX,SINCE_LAST
 2DIAGNOSTIC,     1, -4.601260759038e-01, 1.797693134862e+308, 0.0000e+00, 0.0000e+00, 
 2DIAGNOSTIC,     2, -4.601349407126e-01, 1.797693134862e+308, 0.0000e+00, 0.0000e+00, 
 2DIAGNOSTIC,     3, -4.597448382172e-01, 1.797693134862e+308, 0.0000e+00, 0.0000e+00, 
 2DIAGNOSTIC,     4, -4.597551765673e-01, 1.797693134862e+308, 0.0000e+00, 0.0000e+00, 
 2DIAGNOSTIC,     5, -4.597504303626e-01, 1.797693134862e+308, 0.0000e+00, 0.0000e+00, 
 2DIAGNOSTIC,     6, -4.597538846771e-01, 1.797693134862e+308, 0.0000e+00, 0.0000e+00, 
 2DIAGNOSTIC,     7, -4.597496563851e-01, 1.797693134862e+308, 0.0000e+00, 0.0000e+00, 
 2DIAGNOSTIC,     8, -4.597453117113e-01, 1.797693134862e+308, 0.0000e+00, 0.0000e+00, 
 2DIAGNOSTIC,     9, -4.597328426961e-01, 1.797693134862e+308, 0.0000e+00, 0.0000e+00, 
DIAGNOSTIC,Iteration,metricValue,convergenceValue,ITERATION_TIME_INDEX,SINCE_LAST
 2DIAGNOSTIC,     1, -4.195179020778e-01, 1.797693134862e+308, 0.0000e+00, 0.0000e+00, 
 2DIAGNOSTIC,     2, -4.198110783167e-01, 1.797693134862e+308, 0.0000e+00, 0.0000e+00, 
 2DIAGNOSTIC,     3, -4.198141801221e-01, 1.797693134862e+308, 0.0000e+00, 0.0000e+00, 
 2DIAGNOSTIC,     4, -4.199355359312e-01, 1.797693134862e+308, 0.0000e+00, 0.0000e+00, 
 2DIAGNOSTIC,     5, -4.198189785007e-01, 1.797693134862e+308, 0.0000e+00, 0.0000e+00, 
 2DIAGNOSTIC,     6, -4.197999421081e-01, 1.797693134862e+308, 0.0000e+00, 0.0000e+00, 
 2DIAGNOSTIC,     7, -4.197999421081e-01, 1.797693134862e+308, 0.0000e+00, 0.0000e+00, 
 2DIAGNOSTIC,     8, -4.197999421081e-01, 1.797693134862e+308, 0.0000e+00, 0.0000e+00, 
 2DIAGNOSTIC,     9, -4.197999421081e-01, 1.797693134862e+308, 0.0000e+00, 0.0000e+00, 
 2DIAGNOSTIC,    10, -4.197999421081e-01, 1.326234638500e-05, 0.0000e+00, 0.0000e+00, 
  Elapsed time (stage 0): 0.0000e+00


Total elapsed time: 0.0000e+00
VFC_BACKENDS=libinterflop_vprec.so --range-binary32=8 --precision-binary32=9 --range-binary64=8 --precision-binary64=9
Info [verificarlo]: loaded backend libinterflop_vprec.so
Info [interflop-vprec]: load backend with: 
Info [interflop-vprec]: precision-binary32 = 9
Info [interflop-vprec]: range-binary32 = 8
Info [interflop-vprec]: precision-binary64 = 9
Info [interflop-vprec]: range-binary64 = 8
Info [interflop-vprec]: mode = ob
Info [interflop-vprec]: error-mode = rel
Info [interflop-vprec]: max-abs-error-exponent = -1022
Info [interflop-vprec]: daz = false
Info [interflop-vprec]: ftz = false
Info [interflop-vprec]: 	instrument = none
Info [interflop-vprec]: 	prec-input-file = (null)
Info [interflop-vprec]: 	prec-output-file = (null)
Info [interflop-vprec]: 	prec-log-file = (null)
All_Command_lines_OK
Using double precision for computations.
=============================================================================
The composite transform comprises the following transforms (in order): 
  1. /project/rrg-glatard/mdugre/datasets/corr/RawDataBIDS/BMB_1/derivatives/vprec-space_search/0110/r8-p9/sub-0003062/rigid_Composite.h5[0] (type = Euler3DTransform)
  2. /project/rrg-glatard/mdugre/datasets/corr/RawDataBIDS/BMB_1/derivatives/vprec-space_search/0110/r8-p9/sub-0003062/rigid_Composite.h5[1] (type = Euler3DTransform)
  3. /project/rrg-glatard/mdugre/datasets/corr/RawDataBIDS/BMB_1/derivatives/vprec-space_search/0110/r8-p9/sub-0003062/rigid_Composite.h5[2] (type = Euler3DTransform)
=============================================================================
  number of levels = 4
  fixed image: /templateflow/tpl-MNI152NLin2009cAsym/tpl-MNI152NLin2009cAsym_res-01_desc-brain_T1w.nii.gz
  moving image: /project/rrg-glatard/mdugre/datasets/corr/RawDataBIDS/BMB_1/derivatives/antsBrainExtraction/sub-0003062/BrainExtractionBrain.nii.gz
Dimension = 3
Number of stages = 1
Use histogram matching = false
Winsorize image intensities = true
  Lower quantile = 0.005
  Upper quantile = 0.995


Stage 1 State
   Image metric = MattesMI
     Fixed image = Image (0x33ce300)
  RTTI typeinfo:   itk::Image<double, 3u>
  Reference Count: 2
  Modified Time: 1592
  Debug: Off
  Object Name: 
  Observers: 
    none
  Source: (none)
  Source output name: (none)
  Release Data: Off
  Data Released: False
  Global Release Data: Off
  PipelineMTime: 0
  UpdateMTime: 1203
  RealTimeStamp: 0 seconds 
  LargestPossibleRegion: 
    Dimension: 3
    Index: [0, 0, 0]
    Size: [193, 229, 193]
  BufferedRegion: 
    Dimension: 3
    Index: [0, 0, 0]
    Size: [193, 229, 193]
  RequestedRegion: 
    Dimension: 3
    Index: [0, 0, 0]
    Size: [193, 229, 193]
  Spacing: [1, 1, 1]
  Origin: [96, 132, -78]
  Direction: 
-1 0 0
0 -1 0
0 0 1

  IndexToPointMatrix: 
-1 0 0
0 -1 0
0 0 1

  PointToIndexMatrix: 
-1 0 0
0 -1 0
0 0 1

  Inverse Direction: 
-1 0 0
0 -1 0
0 0 1

  PixelContainer: 
    ImportImageContainer (0x3446c30)
      RTTI typeinfo:   itk::ImportImageContainer<unsigned long, double>
      Reference Count: 1
      Modified Time: 1200
      Debug: Off
      Object Name: 
      Observers: 
        none
      Pointer: 0x15384f631010
      Container manages memory: true
      Size: 8530021
      Capacity: 8530021

     Moving image = Image (0x34891a0)
  RTTI typeinfo:   itk::Image<double, 3u>
  Reference Count: 2
  Modified Time: 1593
  Debug: Off
  Object Name: 
  Observers: 
    none
  Source: (none)
  Source output name: (none)
  Release Data: Off
  Data Released: False
  Global Release Data: Off
  PipelineMTime: 0
  UpdateMTime: 1590
  RealTimeStamp: 0 seconds 
  LargestPossibleRegion: 
    Dimension: 3
    Index: [0, 0, 0]
    Size: [176, 256, 256]
  BufferedRegion: 
    Dimension: 3
    Index: [0, 0, 0]
    Size: [176, 256, 256]
  RequestedRegion: 
    Dimension: 3
    Index: [0, 0, 0]
    Size: [176, 256, 256]
  Spacing: [1, 1, 1]
  Origin: [-88.25, 86.375, -129.5]
  Direction: 
1 0 0
0 -1 0
0 0 1

  IndexToPointMatrix: 
1 0 0
0 -1 0
0 0 1

  PointToIndexMatrix: 
1 0 0
0 -1 0
0 0 1

  Inverse Direction: 
1 0 0
0 -1 0
0 0 1

  PixelContainer: 
    ImportImageContainer (0x3456d70)
      RTTI typeinfo:   itk::ImportImageContainer<unsigned long, double>
      Reference Count: 1
      Modified Time: 1587
      Debug: Off
      Object Name: 
      Observers: 
        none
      Pointer: 0x153849e30010
      Container manages memory: true
      Size: 11534336
      Capacity: 11534336

     Weighting = 1
     Sampling strategy = regular
     Number of bins = 32
     Radius = 4
     Sampling percentage  = 0.25
   Transform = Affine
     Gradient step = 0.1
     Update field sigma (voxel space) = 0
     Total field sigma (voxel space) = 0
     Update field time sigma = 0
     Total field time sigma  = 0
     Number of time indices = 0
     Number of time point samples = 0
Registration using 1 total stages.

Stage 0
  iterations = 1000x500x250x100
  convergence threshold = 1e-06
  convergence window size = 10
  number of levels = 4
  using the Mattes MI metric (number of bins = 32, weight = 1, use gradient filter = 0)
  preprocessing:  winsorizing the image intensities
  Shrink factors (level 1 out of 4): [8, 8, 8]
  Shrink factors (level 2 out of 4): [4, 4, 4]
  Shrink factors (level 3 out of 4): [2, 2, 2]
  Shrink factors (level 4 out of 4): [1, 1, 1]
  smoothing sigmas per level: [3, 2, 1, 0]
  regular sampling (percentage = 0.25)

*** Running AffineTransform registration ***

DIAGNOSTIC,Iteration,metricValue,convergenceValue,ITERATION_TIME_INDEX,SINCE_LAST
 2DIAGNOSTIC,     1, -6.683482299133e-01, 1.797693134862e+308, 0.0000e+00, 0.0000e+00, 
 2DIAGNOSTIC,     2, -6.700950377455e-01, 1.797693134862e+308, 0.0000e+00, 0.0000e+00, 
 2DIAGNOSTIC,     3, -6.736397018128e-01, 1.797693134862e+308, 0.0000e+00, 0.0000e+00, 
 2DIAGNOSTIC,     4, -6.789570435056e-01, 1.797693134862e+308, 0.0000e+00, 0.0000e+00, 
 2DIAGNOSTIC,     5, -6.884096484084e-01, 1.797693134862e+308, 0.0000e+00, 0.0000e+00, 
 2DIAGNOSTIC,     6, -7.054352228621e-01, 1.797693134862e+308, 0.0000e+00, 0.0000e+00, 
 2DIAGNOSTIC,     7, -7.325826332634e-01, 1.797693134862e+308, 0.0000e+00, 0.0000e+00, 
 2DIAGNOSTIC,     8, -7.691161903435e-01, 1.797693134862e+308, 0.0000e+00, 0.0000e+00, 
 2DIAGNOSTIC,     9, -8.147245177337e-01, 1.797693134862e+308, 0.0000e+00, 0.0000e+00, 
 2DIAGNOSTIC,    10, -8.584831785105e-01, 1.610450824308e-02, 0.0000e+00, 0.0000e+00, 
 2DIAGNOSTIC,    11, -8.652214256916e-01, 1.728313621440e-02, 0.0000e+00, 0.0000e+00, 
 2DIAGNOSTIC,    12, -8.651623797829e-01, 1.677761063426e-02, 0.0000e+00, 0.0000e+00, 
 2DIAGNOSTIC,    13, -8.650178185940e-01, 1.496666770459e-02, 0.0000e+00, 0.0000e+00, 
 2DIAGNOSTIC,    14, -8.648872608243e-01, 1.222414694007e-02, 0.0000e+00, 0.0000e+00, 
 2DIAGNOSTIC,    15, -8.649105982666e-01, 9.004604000740e-03, 0.0000e+00, 0.0000e+00, 
 2DIAGNOSTIC,    16, -8.649178195262e-01, 5.804743425205e-03, 0.0000e+00, 0.0000e+00, 
 2DIAGNOSTIC,    17, -8.649110462373e-01, 3.073333526743e-03, 0.0000e+00, 0.0000e+00, 
 2DIAGNOSTIC,    18, -8.649102812823e-01, 1.111511869000e-03, 0.0000e+00, 0.0000e+00, 
 2DIAGNOSTIC,    19, -8.649102814386e-01, 1.121575348396e-04, 0.0000e+00, 0.0000e+00, 
DIAGNOSTIC,Iteration,metricValue,convergenceValue,ITERATION_TIME_INDEX,SINCE_LAST
 2DIAGNOSTIC,     1, -7.251508090859e-01, 1.797693134862e+308, 0.0000e+00, 0.0000e+00, 
 2DIAGNOSTIC,     2, -7.252770751796e-01, 1.797693134862e+308, 0.0000e+00, 0.0000e+00, 
 2DIAGNOSTIC,     3, -7.252707020895e-01, 1.797693134862e+308, 0.0000e+00, 0.0000e+00, 
 2DIAGNOSTIC,     4, -7.253521955495e-01, 1.797693134862e+308, 0.0000e+00, 0.0000e+00, 
 2DIAGNOSTIC,     5, -7.255242286766e-01, 1.797693134862e+308, 0.0000e+00, 0.0000e+00, 
 2DIAGNOSTIC,     6, -7.255839475305e-01, 1.797693134862e+308, 0.0000e+00, 0.0000e+00, 
 2DIAGNOSTIC,     7, -7.255898073060e-01, 1.797693134862e+308, 0.0000e+00, 0.0000e+00, 
 2DIAGNOSTIC,     8, -7.255937463037e-01, 1.797693134862e+308, 0.0000e+00, 0.0000e+00, 
 2DIAGNOSTIC,     9, -7.256116746686e-01, 1.797693134862e+308, 0.0000e+00, 0.0000e+00, 
 2DIAGNOSTIC,    10, -7.257971344126e-01, 5.039117408406e-05, 0.0000e+00, 0.0000e+00, 
 2DIAGNOSTIC,    11, -7.256638106488e-01, 3.782757853453e-05, 0.0000e+00, 0.0000e+00, 
 2DIAGNOSTIC,    12, -7.256642117711e-01, 2.843095122808e-05, 0.0000e+00, 0.0000e+00, 
 2DIAGNOSTIC,    13, -7.258173366795e-01, 2.239840708096e-05, 0.0000e+00, 0.0000e+00, 
 2DIAGNOSTIC,    14, -7.259579286166e-01, 2.107633697850e-05, 0.0000e+00, 0.0000e+00, 
 2DIAGNOSTIC,    15, -7.259653698725e-01, 2.252008979146e-05, 0.0000e+00, 0.0000e+00, 
 2DIAGNOSTIC,    16, -7.260465305498e-01, 2.531082002397e-05, 0.0000e+00, 0.0000e+00, 
 2DIAGNOSTIC,    17, -7.260504079153e-01, 2.574284660918e-05, 0.0000e+00, 0.0000e+00, 
 2DIAGNOSTIC,    18, -7.259973109832e-01, 2.261787531005e-05, 0.0000e+00, 0.0000e+00, 
 2DIAGNOSTIC,    19, -7.260321560935e-01, 1.866914420340e-05, 0.0000e+00, 0.0000e+00, 
 2DIAGNOSTIC,    20, -7.260620511356e-01, 1.767524018798e-05, 0.0000e+00, 0.0000e+00, 
 2DIAGNOSTIC,    21, -7.260461489134e-01, 1.237161580158e-05, 0.0000e+00, 0.0000e+00, 
 2DIAGNOSTIC,    22, -7.260488036940e-01, 6.424586822144e-06, 0.0000e+00, 0.0000e+00, 
 2DIAGNOSTIC,    23, -7.260777629001e-01, 3.467737681541e-06, 0.0000e+00, 0.0000e+00, 
 2DIAGNOSTIC,    24, -7.260781372098e-01, 2.719928482248e-06, 0.0000e+00, 0.0000e+00, 
 2DIAGNOSTIC,    25, -7.260903258749e-01, 2.030593257679e-06, 0.0000e+00, 0.0000e+00, 
 2DIAGNOSTIC,    26, -7.260056213543e-01, 1.152211622744e-06, 0.0000e+00, 0.0000e+00, 
DIAGNOSTIC,Iteration,metricValue,convergenceValue,ITERATION_TIME_INDEX,SINCE_LAST
 2DIAGNOSTIC,     1, -6.088351030363e-01, 1.797693134862e+308, 0.0000e+00, 0.0000e+00, 
 2DIAGNOSTIC,     2, -6.090725396545e-01, 1.797693134862e+308, 0.0000e+00, 0.0000e+00, 
 2DIAGNOSTIC,     3, -6.098663240686e-01, 1.797693134862e+308, 0.0000e+00, 0.0000e+00, 
 2DIAGNOSTIC,     4, -6.107240157048e-01, 1.797693134862e+308, 0.0000e+00, 0.0000e+00, 
 2DIAGNOSTIC,     5, -6.108670051352e-01, 1.797693134862e+308, 0.0000e+00, 0.0000e+00, 
 2DIAGNOSTIC,     6, -6.107406202851e-01, 1.797693134862e+308, 0.0000e+00, 0.0000e+00, 
 2DIAGNOSTIC,     7, -6.107794125957e-01, 1.797693134862e+308, 0.0000e+00, 0.0000e+00, 
 2DIAGNOSTIC,     8, -6.107747770103e-01, 1.797693134862e+308, 0.0000e+00, 0.0000e+00, 
 2DIAGNOSTIC,     9, -6.107744365785e-01, 1.797693134862e+308, 0.0000e+00, 0.0000e+00, 
 2DIAGNOSTIC,    10, -6.107710252349e-01, 1.893115569960e-04, 0.0000e+00, 0.0000e+00, 
 2DIAGNOSTIC,    11, -6.107727939383e-01, 1.053811330032e-04, 0.0000e+00, 0.0000e+00, 
 2DIAGNOSTIC,    12, -6.107713212003e-01, 3.474215268209e-05, 0.0000e+00, 0.0000e+00, 
DIAGNOSTIC,Iteration,metricValue,convergenceValue,ITERATION_TIME_INDEX,SINCE_LAST
 2DIAGNOSTIC,     1, -5.420499650707e-01, 1.797693134862e+308, 0.0000e+00, 0.0000e+00, 
 2DIAGNOSTIC,     2, -5.423939874674e-01, 1.797693134862e+308, 0.0000e+00, 0.0000e+00, 
 2DIAGNOSTIC,     3, -5.427352281937e-01, 1.797693134862e+308, 0.0000e+00, 0.0000e+00, 
 2DIAGNOSTIC,     4, -5.432687855965e-01, 1.797693134862e+308, 0.0000e+00, 0.0000e+00, 
 2DIAGNOSTIC,     5, -5.439492927944e-01, 1.797693134862e+308, 0.0000e+00, 0.0000e+00, 
 2DIAGNOSTIC,     6, -5.441091608521e-01, 1.797693134862e+308, 0.0000e+00, 0.0000e+00, 
 2DIAGNOSTIC,     7, -5.441321526683e-01, 1.797693134862e+308, 0.0000e+00, 0.0000e+00, 
 2DIAGNOSTIC,     8, -5.442483299702e-01, 1.797693134862e+308, 0.0000e+00, 0.0000e+00, 
 2DIAGNOSTIC,     9, -5.444976242684e-01, 1.797693134862e+308, 0.0000e+00, 0.0000e+00, 
 2DIAGNOSTIC,    10, -5.445788609939e-01, 3.062984688698e-04, 0.0000e+00, 0.0000e+00, 
 2DIAGNOSTIC,    11, -5.447010921511e-01, 2.339853438414e-04, 0.0000e+00, 0.0000e+00, 
 2DIAGNOSTIC,    12, -5.447014248783e-01, 1.681246361695e-04, 0.0000e+00, 0.0000e+00, 
 2DIAGNOSTIC,    13, -5.447081384490e-01, 1.110261215015e-04, 0.0000e+00, 0.0000e+00, 
 2DIAGNOSTIC,    14, -5.447071329042e-01, 7.112392332354e-05, 0.0000e+00, 0.0000e+00, 
 2DIAGNOSTIC,    15, -5.447055787793e-01, 5.353295393556e-05, 0.0000e+00, 0.0000e+00, 
 2DIAGNOSTIC,    16, -5.447057617891e-01, 3.854771758766e-05, 0.0000e+00, 0.0000e+00, 
 2DIAGNOSTIC,    17, -5.447071576711e-01, 2.254204333622e-05, 0.0000e+00, 0.0000e+00, 
 2DIAGNOSTIC,    18, -5.447072766037e-01, 9.483496626231e-06, 0.0000e+00, 0.0000e+00, 
 2DIAGNOSTIC,    19, -5.447073784757e-01, 3.755138898290e-06, 0.0000e+00, 0.0000e+00, 
  Elapsed time (stage 0): 0.0000e+00


Total elapsed time: 0.0000e+00
VFC_BACKENDS=libinterflop_ieee.so
Info [verificarlo]: loaded backend libinterflop_ieee.so
Info [interflop-ieee]: load backend with:
Info [interflop-ieee]: debug = false
Info [interflop-ieee]: debug-binary = false
Info [interflop-ieee]: no-backend-name = false
Info [interflop-ieee]: print-new-line = false
Info [interflop-ieee]: print-subnormal-normalized = false
Info [interflop-ieee]: count-op = false
All_Command_lines_OK
Using double precision for computations.
=============================================================================
The composite transform comprises the following transforms (in order): 
  1. /project/rrg-glatard/mdugre/datasets/corr/RawDataBIDS/BMB_1/derivatives/vprec-space_search/0110/r8-p9/sub-0003062/affine_Composite.h5[0] (type = Euler3DTransform)
  2. /project/rrg-glatard/mdugre/datasets/corr/RawDataBIDS/BMB_1/derivatives/vprec-space_search/0110/r8-p9/sub-0003062/affine_Composite.h5[1] (type = Euler3DTransform)
  3. /project/rrg-glatard/mdugre/datasets/corr/RawDataBIDS/BMB_1/derivatives/vprec-space_search/0110/r8-p9/sub-0003062/affine_Composite.h5[2] (type = Euler3DTransform)
  4. /project/rrg-glatard/mdugre/datasets/corr/RawDataBIDS/BMB_1/derivatives/vprec-space_search/0110/r8-p9/sub-0003062/affine_Composite.h5[3] (type = AffineTransform)
=============================================================================
  number of levels = 4
  fixed image: /templateflow/tpl-MNI152NLin2009cAsym/tpl-MNI152NLin2009cAsym_res-01_desc-brain_T1w.nii.gz
  moving image: /project/rrg-glatard/mdugre/datasets/corr/RawDataBIDS/BMB_1/derivatives/antsBrainExtraction/sub-0003062/BrainExtractionBrain.nii.gz
Dimension = 3
Number of stages = 1
Use histogram matching = false
Winsorize image intensities = true
  Lower quantile = 0.005
  Upper quantile = 0.995


Stage 1 State
   Image metric = CC
     Fixed image = Image (0x3fe4810)
  RTTI typeinfo:   itk::Image<double, 3u>
  Reference Count: 2
  Modified Time: 1606
  Debug: Off
  Object Name: 
  Observers: 
    none
  Source: (none)
  Source output name: (none)
  Release Data: Off
  Data Released: False
  Global Release Data: Off
  PipelineMTime: 0
  UpdateMTime: 1217
  RealTimeStamp: 0 seconds 
  LargestPossibleRegion: 
    Dimension: 3
    Index: [0, 0, 0]
    Size: [193, 229, 193]
  BufferedRegion: 
    Dimension: 3
    Index: [0, 0, 0]
    Size: [193, 229, 193]
  RequestedRegion: 
    Dimension: 3
    Index: [0, 0, 0]
    Size: [193, 229, 193]
  Spacing: [1, 1, 1]
  Origin: [96, 132, -78]
  Direction: 
-1 0 0
0 -1 0
0 0 1

  IndexToPointMatrix: 
-1 0 0
0 -1 0
0 0 1

  PointToIndexMatrix: 
-1 0 0
0 -1 0
0 0 1

  Inverse Direction: 
-1 0 0
0 -1 0
0 0 1

  PixelContainer: 
    ImportImageContainer (0x405cfb0)
      RTTI typeinfo:   itk::ImportImageContainer<unsigned long, double>
      Reference Count: 1
      Modified Time: 1214
      Debug: Off
      Object Name: 
      Observers: 
        none
      Pointer: 0x1491ee89c010
      Container manages memory: true
      Size: 8530021
      Capacity: 8530021

     Moving image = Image (0x409f5b0)
  RTTI typeinfo:   itk::Image<double, 3u>
  Reference Count: 2
  Modified Time: 1607
  Debug: Off
  Object Name: 
  Observers: 
    none
  Source: (none)
  Source output name: (none)
  Release Data: Off
  Data Released: False
  Global Release Data: Off
  PipelineMTime: 0
  UpdateMTime: 1604
  RealTimeStamp: 0 seconds 
  LargestPossibleRegion: 
    Dimension: 3
    Index: [0, 0, 0]
    Size: [176, 256, 256]
  BufferedRegion: 
    Dimension: 3
    Index: [0, 0, 0]
    Size: [176, 256, 256]
  RequestedRegion: 
    Dimension: 3
    Index: [0, 0, 0]
    Size: [176, 256, 256]
  Spacing: [1, 1, 1]
  Origin: [-88.262, 86.3324, -129.41]
  Direction: 
1 0 0
0 -1 0
0 0 1

  IndexToPointMatrix: 
1 0 0
0 -1 0
0 0 1

  PointToIndexMatrix: 
1 0 0
0 -1 0
0 0 1

  Inverse Direction: 
1 0 0
0 -1 0
0 0 1

  PixelContainer: 
    ImportImageContainer (0x40c3990)
      RTTI typeinfo:   itk::ImportImageContainer<unsigned long, double>
      Reference Count: 1
      Modified Time: 1601
      Debug: Off
      Object Name: 
      Observers: 
        none
      Pointer: 0x1491e909b010
      Container manages memory: true
      Size: 11534336
      Capacity: 11534336

     Weighting = 1
     Sampling strategy = none
     Number of bins = 32
     Radius = 4
     Sampling percentage  = 1
   Transform = SyN
     Gradient step = 0.1
     Update field sigma (voxel space) = 3
     Total field sigma (voxel space) = 0
     Update field time sigma = 0
     Total field time sigma  = 0
     Number of time indices = 0
     Number of time point samples = 0
Registration using 1 total stages.

Stage 0
  iterations = 100x70x50x20
  convergence threshold = 1e-06
  convergence window size = 10
  number of levels = 4
  using the CC metric (radius = 4, weight = 1, use gradient filter = 0)
  preprocessing:  winsorizing the image intensities
  Shrink factors (level 1 out of 4): [8, 8, 8]
  Shrink factors (level 2 out of 4): [4, 4, 4]
  Shrink factors (level 3 out of 4): [2, 2, 2]
  Shrink factors (level 4 out of 4): [1, 1, 1]
  smoothing sigmas per level: [3, 2, 1, 0]
  Using default NONE metricSamplingStrategy 

*** Running SyN registration (varianceForUpdateField = 3, varianceForTotalField = 0) ***

XXDIAGNOSTIC,Iteration,metricValue,convergenceValue,ITERATION_TIME_INDEX,SINCE_LAST
 1DIAGNOSTIC,     1, -9.286292308324e-01, 1.797693134862e+308, 1.6258e+00, 1.6258e+00, 
 1DIAGNOSTIC,     2, -9.395169405093e-01, 1.797693134862e+308, 1.9739e+00, 3.4814e-01, 
 1DIAGNOSTIC,     3, -9.476327937340e-01, 1.797693134862e+308, 2.3154e+00, 3.4145e-01, 
 1DIAGNOSTIC,     4, -9.536243288206e-01, 1.797693134862e+308, 2.6501e+00, 3.3476e-01, 
 1DIAGNOSTIC,     5, -9.581657418566e-01, 1.797693134862e+308, 2.9929e+00, 3.4279e-01, 
 1DIAGNOSTIC,     6, -9.624763267000e-01, 1.797693134862e+308, 3.3421e+00, 3.4923e-01, 
 1DIAGNOSTIC,     7, -9.655567706879e-01, 1.797693134862e+308, 3.7675e+00, 4.2534e-01, 
 1DIAGNOSTIC,     8, -9.681774350362e-01, 1.797693134862e+308, 4.1087e+00, 3.4118e-01, 
 1DIAGNOSTIC,     9, -9.685756521505e-01, 1.797693134862e+308, 4.4579e+00, 3.4929e-01, 
 1DIAGNOSTIC,    10, -9.697829822347e-01, 2.596386987443e-03, 4.8040e+00, 3.4606e-01, 
 1DIAGNOSTIC,    11, -9.698812263841e-01, 1.767611298382e-03, 5.1454e+00, 3.4144e-01, 
 1DIAGNOSTIC,    12, -9.708907234720e-01, 1.210805761937e-03, 5.4830e+00, 3.3755e-01, 
 1DIAGNOSTIC,    13, -9.708791669408e-01, 8.138032949861e-04, 5.8216e+00, 3.3866e-01, 
 1DIAGNOSTIC,    14, -9.716755210086e-01, 5.432258680602e-04, 6.1918e+00, 3.7013e-01, 
 1DIAGNOSTIC,    15, -9.716002778668e-01, 3.463932041214e-04, 6.5445e+00, 3.5273e-01, 
 1DIAGNOSTIC,    16, -9.722322900888e-01, 2.332430994465e-04, 6.8845e+00, 3.3998e-01, 
 1DIAGNOSTIC,    17, -9.721211776874e-01, 1.625606406142e-04, 7.2195e+00, 3.3497e-01, 
 1DIAGNOSTIC,    18, -9.726144032141e-01, 1.361508552924e-04, 7.5826e+00, 3.6316e-01, 
 1DIAGNOSTIC,    19, -9.724866495217e-01, 1.037554544258e-04, 7.9216e+00, 3.3900e-01, 
 1DIAGNOSTIC,    20, -9.728939111314e-01, 8.913771915720e-05, 8.2544e+00, 3.3279e-01, 
 1DIAGNOSTIC,    21, -9.727285428005e-01, 6.639441003281e-05, 8.5860e+00, 3.3164e-01, 
 1DIAGNOSTIC,    22, -9.730896378419e-01, 5.821930715977e-05, 8.9260e+00, 3.3991e-01, 
 1DIAGNOSTIC,    23, -9.729205168882e-01, 4.279960944485e-05, 9.2685e+00, 3.4254e-01, 
 1DIAGNOSTIC,    24, -9.732457555532e-01, 3.871341559166e-05, 9.6146e+00, 3.4607e-01, 
 1DIAGNOSTIC,    25, -9.730816958243e-01, 2.836485011303e-05, 9.9443e+00, 3.2974e-01, 
 1DIAGNOSTIC,    26, -9.733753740858e-01, 2.689037811480e-05, 1.0276e+01, 3.3190e-01, 
 1DIAGNOSTIC,    27, -9.732692431019e-01, 2.053714494422e-05, 1.0606e+01, 3.3025e-01, 
 1DIAGNOSTIC,    28, -9.735440348121e-01, 2.098643098466e-05, 1.0937e+01, 3.3030e-01, 
 1DIAGNOSTIC,    29, -9.733749296932e-01, 1.635618847580e-05, 1.1297e+01, 3.6044e-01, 
 1DIAGNOSTIC,    30, -9.736162883517e-01, 1.707803094930e-05, 1.1631e+01, 3.3377e-01, 
 1DIAGNOSTIC,    31, -9.734495268332e-01, 1.294308194468e-05, 1.1969e+01, 3.3772e-01, 
 1DIAGNOSTIC,    32, -9.736778353308e-01, 1.344844315947e-05, 1.2301e+01, 3.3202e-01, 
 1DIAGNOSTIC,    33, -9.735132343953e-01, 9.641377900445e-06, 1.2636e+01, 3.3515e-01, 
 1DIAGNOSTIC,    34, -9.737331771411e-01, 1.005014370487e-05, 1.2969e+01, 3.3301e-01, 
 1DIAGNOSTIC,    35, -9.735709153712e-01, 6.727166306068e-06, 1.3313e+01, 3.4369e-01, 
 1DIAGNOSTIC,    36, -9.737867920089e-01, 7.267587576611e-06, 1.3655e+01, 3.4249e-01, 
 1DIAGNOSTIC,    37, -9.736258758218e-01, 4.949125878284e-06, 1.4001e+01, 3.4596e-01, 
 1DIAGNOSTIC,    38, -9.738375804906e-01, 6.203991958015e-06, 1.4340e+01, 3.3876e-01, 
 1DIAGNOSTIC,    39, -9.736773854000e-01, 4.314134150241e-06, 1.4757e+01, 4.1774e-01, 
 1DIAGNOSTIC,    40, -9.738839958256e-01, 5.548413093255e-06, 1.5344e+01, 5.8607e-01, 
 1DIAGNOSTIC,    41, -9.737214821436e-01, 3.829041735400e-06, 1.5684e+01, 3.4077e-01, 
 1DIAGNOSTIC,    42, -9.739234058335e-01, 4.977696646712e-06, 1.6025e+01, 3.4055e-01, 
 1DIAGNOSTIC,    43, -9.737590872491e-01, 3.348299153338e-06, 1.6395e+01, 3.7060e-01, 
 1DIAGNOSTIC,    44, -9.739601636220e-01, 4.418512705020e-06, 1.6737e+01, 3.4180e-01, 
 1DIAGNOSTIC,    45, -9.737943477672e-01, 2.875989716464e-06, 1.7081e+01, 3.4326e-01, 
 1DIAGNOSTIC,    46, -9.739921519546e-01, 3.895495791845e-06, 1.7416e+01, 3.3500e-01, 
 1DIAGNOSTIC,    47, -9.738246682068e-01, 2.446958281908e-06, 1.7758e+01, 3.4271e-01, 
 1DIAGNOSTIC,    48, -9.740203262263e-01, 3.439504215844e-06, 1.8123e+01, 3.6455e-01, 
 1DIAGNOSTIC,    49, -9.738518875415e-01, 2.093298396635e-06, 1.8459e+01, 3.3661e-01, 
 1DIAGNOSTIC,    50, -9.740449336877e-01, 3.065091577319e-06, 1.8793e+01, 3.3378e-01, 
 1DIAGNOSTIC,    51, -9.738769166049e-01, 1.803924004111e-06, 1.9133e+01, 3.3997e-01, 
 1DIAGNOSTIC,    52, -9.740663067883e-01, 2.740823738880e-06, 1.9477e+01, 3.4368e-01, 
 1DIAGNOSTIC,    53, -9.738981146379e-01, 1.539870529300e-06, 1.9848e+01, 3.7098e-01, 
 1DIAGNOSTIC,    54, -9.740820929090e-01, 2.437718154842e-06, 2.0207e+01, 3.5948e-01, 
 1DIAGNOSTIC,    55, -9.739147226333e-01, 1.293857321949e-06, 2.0545e+01, 3.3775e-01, 
 1DIAGNOSTIC,    56, -9.740920499338e-01, 2.137467516376e-06, 2.0888e+01, 3.4262e-01, 
 1DIAGNOSTIC,    57, -9.739276844045e-01, 1.041442144311e-06, 2.1241e+01, 3.5318e-01, 
 1DIAGNOSTIC,    58, -9.740984788283e-01, 1.837925448247e-06, 2.1585e+01, 3.4393e-01, 
 1DIAGNOSTIC,    59, -9.739375375582e-01, 7.974276805441e-07, 2.1927e+01, 3.4263e-01, 
XXDIAGNOSTIC,Iteration,metricValue,convergenceValue,ITERATION_TIME_INDEX,SINCE_LAST
 1DIAGNOSTIC,     1, -9.153987671296e-01, 1.797693134862e+308, 2.6181e+01, 4.2531e+00, 
 1DIAGNOSTIC,     2, -9.182664429156e-01, 1.797693134862e+308, 2.9350e+01, 3.1695e+00, 
 1DIAGNOSTIC,     3, -9.216441652580e-01, 1.797693134862e+308, 3.2309e+01, 2.9594e+00, 
 1DIAGNOSTIC,     4, -9.241527946203e-01, 1.797693134862e+308, 3.5269e+01, 2.9595e+00, 
 1DIAGNOSTIC,     5, -9.266382829289e-01, 1.797693134862e+308, 3.8202e+01, 2.9330e+00, 
 1DIAGNOSTIC,     6, -9.287624068396e-01, 1.797693134862e+308, 4.1156e+01, 2.9545e+00, 
 1DIAGNOSTIC,     7, -9.306525433683e-01, 1.797693134862e+308, 4.4163e+01, 3.0068e+00, 
 1DIAGNOSTIC,     8, -9.323464455361e-01, 1.797693134862e+308, 4.7380e+01, 3.2169e+00, 
 1DIAGNOSTIC,     9, -9.339135793188e-01, 1.797693134862e+308, 5.0313e+01, 2.9327e+00, 
 1DIAGNOSTIC,    10, -9.353931936445e-01, 1.369871097642e-03, 5.3477e+01, 3.1645e+00, 
 1DIAGNOSTIC,    11, -9.366994005008e-01, 1.124668357586e-03, 5.6690e+01, 3.2123e+00, 
 1DIAGNOSTIC,    12, -9.378455725161e-01, 9.208106321540e-04, 5.9648e+01, 2.9585e+00, 
 1DIAGNOSTIC,    13, -9.388231592282e-01, 7.671975247164e-04, 6.2603e+01, 2.9546e+00, 
 1DIAGNOSTIC,    14, -9.396599833105e-01, 6.383133146088e-04, 6.5614e+01, 3.0117e+00, 
 1DIAGNOSTIC,    15, -9.401528581557e-01, 5.285637175262e-04, 6.8614e+01, 2.9995e+00, 
 1DIAGNOSTIC,    16, -9.405185857003e-01, 4.313622718065e-04, 7.1956e+01, 3.3420e+00, 
 1DIAGNOSTIC,    17, -9.409735358372e-01, 3.478244847216e-04, 7.4936e+01, 2.9798e+00, 
 1DIAGNOSTIC,    18, -9.412963606703e-01, 2.753471249417e-04, 7.7934e+01, 2.9984e+00, 
 1DIAGNOSTIC,    19, -9.417039996766e-01, 2.164826911788e-04, 8.1177e+01, 3.2425e+00, 
 1DIAGNOSTIC,    20, -9.419794506345e-01, 1.700087124183e-04, 8.4376e+01, 3.1990e+00, 
 1DIAGNOSTIC,    21, -9.422398115872e-01, 1.348069537297e-04, 8.7497e+01, 3.1213e+00, 
 1DIAGNOSTIC,    22, -9.424870579903e-01, 1.094184631155e-04, 9.0495e+01, 2.9982e+00, 
 1DIAGNOSTIC,    23, -9.427197549814e-01, 9.189407928578e-05, 9.3522e+01, 3.0270e+00, 
 1DIAGNOSTIC,    24, -9.429385976907e-01, 8.059570144187e-05, 9.6754e+01, 3.2319e+00, 
 1DIAGNOSTIC,    25, -9.431423347637e-01, 7.115905328559e-05, 1.0002e+02, 3.2642e+00, 
 1DIAGNOSTIC,    26, -9.433275692544e-01, 6.222494997229e-05, 1.0302e+02, 2.9970e+00, 
 1DIAGNOSTIC,    27, -9.434990489990e-01, 5.520262230613e-05, 1.0604e+02, 3.0209e+00, 
 1DIAGNOSTIC,    28, -9.436614832350e-01, 4.875472804630e-05, 1.0898e+02, 2.9479e+00, 
 1DIAGNOSTIC,    29, -9.438100081114e-01, 4.402176360765e-05, 1.1198e+02, 2.9976e+00, 
 1DIAGNOSTIC,    30, -9.439468763421e-01, 3.966813824056e-05, 1.1495e+02, 2.9639e+00, 
 1DIAGNOSTIC,    31, -9.440712592517e-01, 3.566321430409e-05, 1.1795e+02, 3.0041e+00, 
 1DIAGNOSTIC,    32, -9.441844419982e-01, 3.200405910831e-05, 1.2112e+02, 3.1738e+00, 
 1DIAGNOSTIC,    33, -9.442900636459e-01, 2.869779690107e-05, 1.2413e+02, 3.0101e+00, 
 1DIAGNOSTIC,    34, -9.443823967206e-01, 2.569376545895e-05, 1.2745e+02, 3.3202e+00, 
 1DIAGNOSTIC,    35, -9.444708188616e-01, 2.301121410204e-05, 1.3043e+02, 2.9739e+00, 
 1DIAGNOSTIC,    36, -9.445462774930e-01, 2.054464357424e-05, 1.3336e+02, 2.9372e+00, 
 1DIAGNOSTIC,    37, -9.446194064289e-01, 1.832042632060e-05, 1.3636e+02, 2.9913e+00, 
 1DIAGNOSTIC,    38, -9.446856547011e-01, 1.635189359791e-05, 1.3932e+02, 2.9647e+00, 
 1DIAGNOSTIC,    39, -9.447454596651e-01, 1.460429634985e-05, 1.4229e+02, 2.9707e+00, 
 1DIAGNOSTIC,    40, -9.447997970822e-01, 1.306021282877e-05, 1.4522e+02, 2.9280e+00, 
 1DIAGNOSTIC,    41, -9.448491286402e-01, 1.168940873500e-05, 1.4821e+02, 2.9918e+00, 
 1DIAGNOSTIC,    42, -9.448942473554e-01, 1.046918541587e-05, 1.5118e+02, 2.9649e+00, 
 1DIAGNOSTIC,    43, -9.449360854251e-01, 9.404183434914e-06, 1.5414e+02, 2.9637e+00, 
 1DIAGNOSTIC,    44, -9.449755622079e-01, 8.454737526743e-06, 1.5709e+02, 2.9476e+00, 
 1DIAGNOSTIC,    45, -9.450097179095e-01, 7.623450994806e-06, 1.6004e+02, 2.9504e+00, 
 1DIAGNOSTIC,    46, -9.450439412382e-01, 6.879669339915e-06, 1.6301e+02, 2.9727e+00, 
 1DIAGNOSTIC,    47, -9.450792484012e-01, 6.265178443939e-06, 1.6597e+02, 2.9563e+00, 
 1DIAGNOSTIC,    48, -9.451143703103e-01, 5.772079244102e-06, 1.6892e+02, 2.9552e+00, 
 1DIAGNOSTIC,    49, -9.451490648300e-01, 5.385896685067e-06, 1.7188e+02, 2.9555e+00, 
 1DIAGNOSTIC,    50, -9.451849464328e-01, 5.100953858216e-06, 1.7486e+02, 2.9856e+00, 
 1DIAGNOSTIC,    51, -9.452204748109e-01, 4.896520223598e-06, 1.7783e+02, 2.9624e+00, 
 1DIAGNOSTIC,    52, -9.452544998979e-01, 4.744532349769e-06, 1.8104e+02, 3.2187e+00, 
 1DIAGNOSTIC,    53, -9.452863990789e-01, 4.617032245587e-06, 1.8402e+02, 2.9799e+00, 
 1DIAGNOSTIC,    54, -9.453205312113e-01, 4.516718334704e-06, 1.8702e+02, 2.9923e+00, 
 1DIAGNOSTIC,    55, -9.453547216907e-01, 4.413885382689e-06, 1.8999e+02, 2.9733e+00, 
 1DIAGNOSTIC,    56, -9.453903096331e-01, 4.318295135659e-06, 1.9292e+02, 2.9347e+00, 
 1DIAGNOSTIC,    57, -9.454243145702e-01, 4.228764807861e-06, 1.9587e+02, 2.9473e+00, 
 1DIAGNOSTIC,    58, -9.454604393471e-01, 4.156954138149e-06, 1.9888e+02, 3.0057e+00, 
 1DIAGNOSTIC,    59, -9.454954714077e-01, 4.093268110576e-06, 2.0190e+02, 3.0223e+00, 
 1DIAGNOSTIC,    60, -9.455307297286e-01, 4.043598277600e-06, 2.0483e+02, 2.9293e+00, 
 1DIAGNOSTIC,    61, -9.455668599906e-01, 4.008257129571e-06, 2.0803e+02, 3.1983e+00, 
 1DIAGNOSTIC,    62, -9.456008266933e-01, 3.965980045307e-06, 2.1104e+02, 3.0157e+00, 
 1DIAGNOSTIC,    63, -9.456390387663e-01, 3.925123377223e-06, 2.1403e+02, 2.9836e+00, 
 1DIAGNOSTIC,    64, -9.456739202792e-01, 3.877652945492e-06, 2.1698e+02, 2.9572e+00, 
 1DIAGNOSTIC,    65, -9.457120144732e-01, 3.838097672435e-06, 2.1998e+02, 2.9919e+00, 
 1DIAGNOSTIC,    66, -9.457468006924e-01, 3.795316044684e-06, 2.2299e+02, 3.0095e+00, 
 1DIAGNOSTIC,    67, -9.457795461244e-01, 3.731733988387e-06, 2.2596e+02, 2.9783e+00, 
 1DIAGNOSTIC,    68, -9.458107884571e-01, 3.651959388888e-06, 2.2894e+02, 2.9753e+00, 
 1DIAGNOSTIC,    69, -9.458434910725e-01, 3.560514627753e-06, 2.3190e+02, 2.9593e+00, 
 1DIAGNOSTIC,    70, -9.458774061375e-01, 3.467348377707e-06, 2.3492e+02, 3.0258e+00, 
XXDIAGNOSTIC,Iteration,metricValue,convergenceValue,ITERATION_TIME_INDEX,SINCE_LAST
 1DIAGNOSTIC,     1, -8.970952867069e-01, 1.797693134862e+308, 2.6203e+02, 2.7105e+01, 
 1DIAGNOSTIC,     2, -8.984079713810e-01, 1.797693134862e+308, 2.8777e+02, 2.5740e+01, 
 1DIAGNOSTIC,     3, -9.005858086009e-01, 1.797693134862e+308, 3.1237e+02, 2.4597e+01, 
 1DIAGNOSTIC,     4, -9.027566487577e-01, 1.797693134862e+308, 3.3658e+02, 2.4217e+01, 
 1DIAGNOSTIC,     5, -9.049414395756e-01, 1.797693134862e+308, 3.6142e+02, 2.4842e+01, 
 1DIAGNOSTIC,     6, -9.071744036796e-01, 1.797693134862e+308, 3.8620e+02, 2.4775e+01, 
 1DIAGNOSTIC,     7, -9.091908844997e-01, 1.797693134862e+308, 4.1075e+02, 2.4546e+01, 
 1DIAGNOSTIC,     8, -9.109773031911e-01, 1.797693134862e+308, 4.3532e+02, 2.4575e+01, 
 1DIAGNOSTIC,     9, -9.125801311900e-01, 1.797693134862e+308, 4.6010e+02, 2.4778e+01, 
 1DIAGNOSTIC,    10, -9.139995526268e-01, 1.256841267396e-03, 4.8480e+02, 2.4702e+01, 
 1DIAGNOSTIC,    11, -9.152575880300e-01, 1.103378949269e-03, 5.1158e+02, 2.6779e+01, 
 1DIAGNOSTIC,    12, -9.163661449559e-01, 9.391160195435e-04, 5.3605e+02, 2.4470e+01, 
 1DIAGNOSTIC,    13, -9.172402016722e-01, 7.883945587478e-04, 5.6101e+02, 2.4959e+01, 
 1DIAGNOSTIC,    14, -9.181532682339e-01, 6.561679551229e-04, 5.8624e+02, 2.5226e+01, 
 1DIAGNOSTIC,    15, -9.186913082307e-01, 5.378931258538e-04, 6.1254e+02, 2.6302e+01, 
 1DIAGNOSTIC,    16, -9.193646228482e-01, 4.415387359219e-04, 6.3805e+02, 2.5514e+01, 
 1DIAGNOSTIC,    17, -9.199582382609e-01, 3.634752894384e-04, 6.6299e+02, 2.4938e+01, 
 1DIAGNOSTIC,    18, -9.204099076950e-01, 2.990209160752e-04, 6.8786e+02, 2.4875e+01, 
 1DIAGNOSTIC,    19, -9.208585348100e-01, 2.471586864405e-04, 7.1295e+02, 2.5081e+01, 
 1DIAGNOSTIC,    20, -9.213207634286e-01, 2.067084169037e-04, 7.3760e+02, 2.4651e+01, 
 1DIAGNOSTIC,    21, -9.217829696991e-01, 1.762203890292e-04, 7.6335e+02, 2.5755e+01, 
 1DIAGNOSTIC,    22, -9.222444578212e-01, 1.541544000579e-04, 7.8961e+02, 2.6253e+01, 
 1DIAGNOSTIC,    23, -9.227054743216e-01, 1.375252291800e-04, 8.1524e+02, 2.5631e+01, 
 1DIAGNOSTIC,    24, -9.231749458138e-01, 1.273373060628e-04, 8.4028e+02, 2.5046e+01, 
 1DIAGNOSTIC,    25, -9.236511984771e-01, 1.185504760277e-04, 8.6483e+02, 2.4546e+01, 
 1DIAGNOSTIC,    26, -9.241328904143e-01, 1.130304712338e-04, 8.9013e+02, 2.5299e+01, 
 1DIAGNOSTIC,    27, -9.245906243260e-01, 1.093547314848e-04, 9.1503e+02, 2.4903e+01, 
 1DIAGNOSTIC,    28, -9.250336034234e-01, 1.055463951116e-04, 9.4077e+02, 2.5743e+01, 
 1DIAGNOSTIC,    29, -9.254663023800e-01, 1.014602944027e-04, 9.6542e+02, 2.4644e+01, 
 1DIAGNOSTIC,    30, -9.258838502925e-01, 9.714262513233e-05, 9.8996e+02, 2.4544e+01, 
 1DIAGNOSTIC,    31, -9.262527466663e-01, 9.221660190937e-05, 1.0162e+03, 2.6210e+01, 
 1DIAGNOSTIC,    32, -9.265801951420e-01, 8.651486386228e-05, 1.0412e+03, 2.5000e+01, 
 1DIAGNOSTIC,    33, -9.268735064705e-01, 8.005461803411e-05, 1.0665e+03, 2.5305e+01, 
 1DIAGNOSTIC,    34, -9.271431475057e-01, 7.312176878895e-05, 1.0911e+03, 2.4664e+01, 
 1DIAGNOSTIC,    35, -9.273890548869e-01, 6.603454322304e-05, 1.1159e+03, 2.4762e+01, 
 1DIAGNOSTIC,    36, -9.276156341735e-01, 5.917019591493e-05, 1.1407e+03, 2.4775e+01, 
 1DIAGNOSTIC,    37, -9.278230516579e-01, 5.263457802425e-05, 1.1651e+03, 2.4467e+01, 
 1DIAGNOSTIC,    38, -9.280170321953e-01, 4.664103713826e-05, 1.1899e+03, 2.4776e+01, 
 1DIAGNOSTIC,    39, -9.282014290907e-01, 4.142478601444e-05, 1.2149e+03, 2.4957e+01, 
 1DIAGNOSTIC,    40, -9.283763236769e-01, 3.712399071651e-05, 1.2396e+03, 2.4725e+01, 
 1DIAGNOSTIC,    41, -9.285455718700e-01, 3.357825200428e-05, 1.2653e+03, 2.5738e+01, 
 1DIAGNOSTIC,    42, -9.287081063750e-01, 3.063460736493e-05, 1.2916e+03, 2.6214e+01, 
 1DIAGNOSTIC,    43, -9.288686329494e-01, 2.819768256170e-05, 1.3163e+03, 2.4740e+01, 
 1DIAGNOSTIC,    44, -9.290247175577e-01, 2.620123226681e-05, 1.3415e+03, 2.5194e+01, 
 1DIAGNOSTIC,    45, -9.291753889132e-01, 2.454673783044e-05, 1.3667e+03, 2.5167e+01, 
 1DIAGNOSTIC,    46, -9.293237344804e-01, 2.317142091256e-05, 1.3927e+03, 2.6068e+01, 
 1DIAGNOSTIC,    47, -9.294698293157e-01, 2.199792352873e-05, 1.4172e+03, 2.4524e+01, 
 1DIAGNOSTIC,    48, -9.296132766771e-01, 2.097538189601e-05, 1.4437e+03, 2.6444e+01, 
 1DIAGNOSTIC,    49, -9.297548275154e-01, 2.007711534997e-05, 1.4690e+03, 2.5266e+01, 
 1DIAGNOSTIC,    50, -9.298931191796e-01, 1.926245288578e-05, 1.4934e+03, 2.4436e+01, 
XXDIAGNOSTIC,Iteration,metricValue,convergenceValue,ITERATION_TIME_INDEX,SINCE_LAST
 1DIAGNOSTIC,     1, -8.892374752692e-01, 1.797693134862e+308, 1.7245e+03, 2.3110e+02, 
 1DIAGNOSTIC,     2, -8.906495951770e-01, 1.797693134862e+308, 1.9526e+03, 2.2810e+02, 
 1DIAGNOSTIC,     3, -8.924710466656e-01, 1.797693134862e+308, 2.1801e+03, 2.2754e+02, 
 1DIAGNOSTIC,     4, -8.940428187800e-01, 1.797693134862e+308, 2.4074e+03, 2.2727e+02, 
 1DIAGNOSTIC,     5, -8.955189264950e-01, 1.797693134862e+308, 2.6327e+03, 2.2528e+02, 
 1DIAGNOSTIC,     6, -8.969360589719e-01, 1.797693134862e+308, 2.8570e+03, 2.2430e+02, 
 1DIAGNOSTIC,     7, -8.981086641746e-01, 1.797693134862e+308, 3.0842e+03, 2.2720e+02, 
 1DIAGNOSTIC,     8, -8.993628844219e-01, 1.797693134862e+308, 3.3104e+03, 2.2624e+02, 
 1DIAGNOSTIC,     9, -9.004430805405e-01, 1.797693134862e+308, 3.5373e+03, 2.2683e+02, 
 1DIAGNOSTIC,    10, -9.015476152054e-01, 8.863291985102e-04, 3.7728e+03, 2.3557e+02, 
 1DIAGNOSTIC,    11, -9.024852155849e-01, 7.593880685547e-04, 4.0015e+03, 2.2866e+02, 
 1DIAGNOSTIC,    12, -9.034995070816e-01, 6.490293411678e-04, 4.2291e+03, 2.2765e+02, 
 1DIAGNOSTIC,    13, -9.042793529808e-01, 5.599429553028e-04, 4.4595e+03, 2.3039e+02, 
 1DIAGNOSTIC,    14, -9.050535818820e-01, 4.854307091271e-04, 4.6918e+03, 2.3228e+02, 
 1DIAGNOSTIC,    15, -9.058225157809e-01, 4.235527804781e-04, 4.9213e+03, 2.2950e+02, 
 1DIAGNOSTIC,    16, -9.065839501016e-01, 3.733772217162e-04, 5.1478e+03, 2.2654e+02, 
 1DIAGNOSTIC,    17, -9.073005970903e-01, 3.295458031371e-04, 5.3771e+03, 2.2928e+02, 
 1DIAGNOSTIC,    18, -9.079636685088e-01, 2.936223119280e-04, 5.6062e+03, 2.2913e+02, 
 1DIAGNOSTIC,    19, -9.085687096688e-01, 2.621218665568e-04, 5.8339e+03, 2.2770e+02, 
 1DIAGNOSTIC,    20, -9.091349160877e-01, 2.356646158121e-04, 6.0714e+03, 2.3744e+02, 
  Elapsed time (stage 0): 6073.21


Total elapsed time: 6073.22
