
##########################
# Experiment information #
##########################
SIF_IMG: /project/rrg-glatard/mdugre/containers/ants-p2-vprec.sif
EXPERIMENT_NAME: vprec-space_search
CONFIG: 0110
VFC_BACKENDS: libinterflop_vprec.so --range-binary32=8 --precision-binary32=19 --range-binary64=8 --precision-binary64=19

FIXED_IMG: /templateflow/tpl-MNI152NLin2009cAsym/tpl-MNI152NLin2009cAsym_res-01_desc-brain_T1w.nii.gz
SUBJECT_ID: 0003055
INPUT_IMG: /project/rrg-glatard/mdugre/datasets/corr/RawDataBIDS/BMB_1/derivatives/antsBrainExtraction/sub-0003055/BrainExtractionBrain.nii.gz
OUTPUT_DIR: /project/rrg-glatard/mdugre/datasets/corr/RawDataBIDS/BMB_1/derivatives/vprec-space_search/0110/r8-p19/sub-0003055

ITK_GLOBAL_DEFAULT_NUMBER_OF_THREADS: 8
##########################

VFC_BACKENDS=libinterflop_ieee.so
Info [verificarlo]: loaded backend libinterflop_ieee.so
Info [interflop-ieee]: load backend with:
Info [interflop-ieee]: debug = false
Info [interflop-ieee]: debug-binary = false
Info [interflop-ieee]: no-backend-name = false
Info [interflop-ieee]: print-new-line = false
Info [interflop-ieee]: print-subnormal-normalized = false
Info [interflop-ieee]: count-op = false
All_Command_lines_OK
Using double precision for computations.
=============================================================================
The composite transform comprises the following transforms (in order): 
  1. Center of mass alignment using fixed image: /templateflow/tpl-MNI152NLin2009cAsym/tpl-MNI152NLin2009cAsym_res-01_desc-brain_T1w.nii.gz and moving image: /project/rrg-glatard/mdugre/datasets/corr/RawDataBIDS/BMB_1/derivatives/antsBrainExtraction/sub-0003055/BrainExtractionBrain.nii.gz (type = Euler3DTransform)
=============================================================================
  number of levels = 1
  fixed image: /templateflow/tpl-MNI152NLin2009cAsym/tpl-MNI152NLin2009cAsym_res-01_desc-brain_T1w.nii.gz
  moving image: /project/rrg-glatard/mdugre/datasets/corr/RawDataBIDS/BMB_1/derivatives/antsBrainExtraction/sub-0003055/BrainExtractionBrain.nii.gz
Dimension = 3
Number of stages = 1
Use histogram matching = false
Winsorize image intensities = true
  Lower quantile = 0.005
  Upper quantile = 0.995


Stage 1 State
   Image metric = MattesMI
     Fixed image = Image (0x4e44390)
  RTTI typeinfo:   itk::Image<double, 3u>
  Reference Count: 2
  Modified Time: 2330
  Debug: Off
  Object Name: 
  Observers: 
    none
  Source: (none)
  Source output name: (none)
  Release Data: Off
  Data Released: False
  Global Release Data: Off
  PipelineMTime: 0
  UpdateMTime: 1941
  RealTimeStamp: 0 seconds 
  LargestPossibleRegion: 
    Dimension: 3
    Index: [0, 0, 0]
    Size: [193, 229, 193]
  BufferedRegion: 
    Dimension: 3
    Index: [0, 0, 0]
    Size: [193, 229, 193]
  RequestedRegion: 
    Dimension: 3
    Index: [0, 0, 0]
    Size: [193, 229, 193]
  Spacing: [1, 1, 1]
  Origin: [96, 132, -78]
  Direction: 
-1 0 0
0 -1 0
0 0 1

  IndexToPointMatrix: 
-1 0 0
0 -1 0
0 0 1

  PointToIndexMatrix: 
-1 0 0
0 -1 0
0 0 1

  Inverse Direction: 
-1 0 0
0 -1 0
0 0 1

  PixelContainer: 
    ImportImageContainer (0x4f0fa90)
      RTTI typeinfo:   itk::ImportImageContainer<unsigned long, double>
      Reference Count: 1
      Modified Time: 1938
      Debug: Off
      Object Name: 
      Observers: 
        none
      Pointer: 0x14cfb069d010
      Container manages memory: true
      Size: 8530021
      Capacity: 8530021

     Moving image = Image (0x4e49390)
  RTTI typeinfo:   itk::Image<double, 3u>
  Reference Count: 2
  Modified Time: 2331
  Debug: Off
  Object Name: 
  Observers: 
    none
  Source: (none)
  Source output name: (none)
  Release Data: Off
  Data Released: False
  Global Release Data: Off
  PipelineMTime: 0
  UpdateMTime: 2328
  RealTimeStamp: 0 seconds 
  LargestPossibleRegion: 
    Dimension: 3
    Index: [0, 0, 0]
    Size: [176, 256, 256]
  BufferedRegion: 
    Dimension: 3
    Index: [0, 0, 0]
    Size: [176, 256, 256]
  RequestedRegion: 
    Dimension: 3
    Index: [0, 0, 0]
    Size: [176, 256, 256]
  Spacing: [1, 1, 1]
  Origin: [-99.0515, 91.5603, -136.343]
  Direction: 
1 0 0
0 -1 0
0 0 1

  IndexToPointMatrix: 
1 0 0
0 -1 0
0 0 1

  PointToIndexMatrix: 
1 0 0
0 -1 0
0 0 1

  Inverse Direction: 
1 0 0
0 -1 0
0 0 1

  PixelContainer: 
    ImportImageContainer (0x4fefb90)
      RTTI typeinfo:   itk::ImportImageContainer<unsigned long, double>
      Reference Count: 1
      Modified Time: 2325
      Debug: Off
      Object Name: 
      Observers: 
        none
      Pointer: 0x14cfaae9c010
      Container manages memory: true
      Size: 11534336
      Capacity: 11534336

     Weighting = 1
     Sampling strategy = regular
     Number of bins = 32
     Radius = 4
     Sampling percentage  = 0.25
   Transform = Rigid
     Gradient step = 0.1
     Update field sigma (voxel space) = 0
     Total field sigma (voxel space) = 0
     Update field time sigma = 0
     Total field time sigma  = 0
     Number of time indices = 0
     Number of time point samples = 0
Registration using 1 total stages.

Stage 0
  iterations = 0
  convergence threshold = 1e-06
  convergence window size = 10
  number of levels = 1
  using the Mattes MI metric (number of bins = 32, weight = 1, use gradient filter = 0)
  preprocessing:  winsorizing the image intensities
  Shrink factors (level 1 out of 1): [1, 1, 1]
  smoothing sigmas per level: [0]
  regular sampling (percentage = 0.25)

*** Running Euler3DTransform registration ***

  Elapsed time (stage 0): 0.916512


Total elapsed time: 0.917965
VFC_BACKENDS=libinterflop_vprec.so --range-binary32=8 --precision-binary32=19 --range-binary64=8 --precision-binary64=19
Info [verificarlo]: loaded backend libinterflop_vprec.so
Info [interflop-vprec]: load backend with: 
Info [interflop-vprec]: precision-binary32 = 19
Info [interflop-vprec]: range-binary32 = 8
Info [interflop-vprec]: precision-binary64 = 19
Info [interflop-vprec]: range-binary64 = 8
Info [interflop-vprec]: mode = ob
Info [interflop-vprec]: error-mode = rel
Info [interflop-vprec]: max-abs-error-exponent = -1022
Info [interflop-vprec]: daz = false
Info [interflop-vprec]: ftz = false
Info [interflop-vprec]: 	instrument = none
Info [interflop-vprec]: 	prec-input-file = (null)
Info [interflop-vprec]: 	prec-output-file = (null)
Info [interflop-vprec]: 	prec-log-file = (null)
All_Command_lines_OK
Using double precision for computations.
=============================================================================
The composite transform comprises the following transforms (in order): 
  1. /project/rrg-glatard/mdugre/datasets/corr/RawDataBIDS/BMB_1/derivatives/vprec-space_search/0110/r8-p19/sub-0003055/align_Composite.h5[0] (type = Euler3DTransform)
  2. /project/rrg-glatard/mdugre/datasets/corr/RawDataBIDS/BMB_1/derivatives/vprec-space_search/0110/r8-p19/sub-0003055/align_Composite.h5[1] (type = Euler3DTransform)
=============================================================================
  number of levels = 4
  fixed image: /templateflow/tpl-MNI152NLin2009cAsym/tpl-MNI152NLin2009cAsym_res-01_desc-brain_T1w.nii.gz
  moving image: /project/rrg-glatard/mdugre/datasets/corr/RawDataBIDS/BMB_1/derivatives/antsBrainExtraction/sub-0003055/BrainExtractionBrain.nii.gz
Dimension = 3
Number of stages = 1
Use histogram matching = false
Winsorize image intensities = true
  Lower quantile = 0.005
  Upper quantile = 0.995


Stage 1 State
   Image metric = MattesMI
     Fixed image = Image (0x4c97300)
  RTTI typeinfo:   itk::Image<double, 3u>
  Reference Count: 2
  Modified Time: 1578
  Debug: Off
  Object Name: 
  Observers: 
    none
  Source: (none)
  Source output name: (none)
  Release Data: Off
  Data Released: False
  Global Release Data: Off
  PipelineMTime: 0
  UpdateMTime: 1189
  RealTimeStamp: 0 seconds 
  LargestPossibleRegion: 
    Dimension: 3
    Index: [0, 0, 0]
    Size: [193, 229, 193]
  BufferedRegion: 
    Dimension: 3
    Index: [0, 0, 0]
    Size: [193, 229, 193]
  RequestedRegion: 
    Dimension: 3
    Index: [0, 0, 0]
    Size: [193, 229, 193]
  Spacing: [1, 1, 1]
  Origin: [96, 132, -78]
  Direction: 
-1 0 0
0 -1 0
0 0 1

  IndexToPointMatrix: 
-1 0 0
0 -1 0
0 0 1

  PointToIndexMatrix: 
-1 0 0
0 -1 0
0 0 1

  Inverse Direction: 
-1 0 0
0 -1 0
0 0 1

  PixelContainer: 
    ImportImageContainer (0x4d55d00)
      RTTI typeinfo:   itk::ImportImageContainer<unsigned long, double>
      Reference Count: 1
      Modified Time: 1186
      Debug: Off
      Object Name: 
      Observers: 
        none
      Pointer: 0x14d0367be010
      Container manages memory: true
      Size: 8530021
      Capacity: 8530021

     Moving image = Image (0x4d52030)
  RTTI typeinfo:   itk::Image<double, 3u>
  Reference Count: 2
  Modified Time: 1579
  Debug: Off
  Object Name: 
  Observers: 
    none
  Source: (none)
  Source output name: (none)
  Release Data: Off
  Data Released: False
  Global Release Data: Off
  PipelineMTime: 0
  UpdateMTime: 1576
  RealTimeStamp: 0 seconds 
  LargestPossibleRegion: 
    Dimension: 3
    Index: [0, 0, 0]
    Size: [176, 256, 256]
  BufferedRegion: 
    Dimension: 3
    Index: [0, 0, 0]
    Size: [176, 256, 256]
  RequestedRegion: 
    Dimension: 3
    Index: [0, 0, 0]
    Size: [176, 256, 256]
  Spacing: [1, 1, 1]
  Origin: [-99.0515, 91.5603, -136.343]
  Direction: 
1 0 0
0 -1 0
0 0 1

  IndexToPointMatrix: 
1 0 0
0 -1 0
0 0 1

  PointToIndexMatrix: 
1 0 0
0 -1 0
0 0 1

  Inverse Direction: 
1 0 0
0 -1 0
0 0 1

  PixelContainer: 
    ImportImageContainer (0x4d55680)
      RTTI typeinfo:   itk::ImportImageContainer<unsigned long, double>
      Reference Count: 1
      Modified Time: 1573
      Debug: Off
      Object Name: 
      Observers: 
        none
      Pointer: 0x14d030fbd010
      Container manages memory: true
      Size: 11534336
      Capacity: 11534336

     Weighting = 1
     Sampling strategy = regular
     Number of bins = 32
     Radius = 4
     Sampling percentage  = 0.25
   Transform = Rigid
     Gradient step = 0.1
     Update field sigma (voxel space) = 0
     Total field sigma (voxel space) = 0
     Update field time sigma = 0
     Total field time sigma  = 0
     Number of time indices = 0
     Number of time point samples = 0
Registration using 1 total stages.

Stage 0
  iterations = 1000x500x250x100
  convergence threshold = 1e-06
  convergence window size = 10
  number of levels = 4
  using the Mattes MI metric (number of bins = 32, weight = 1, use gradient filter = 0)
  preprocessing:  winsorizing the image intensities
  Shrink factors (level 1 out of 4): [8, 8, 8]
  Shrink factors (level 2 out of 4): [4, 4, 4]
  Shrink factors (level 3 out of 4): [2, 2, 2]
  Shrink factors (level 4 out of 4): [1, 1, 1]
  smoothing sigmas per level: [3, 2, 1, 0]
  regular sampling (percentage = 0.25)

*** Running Euler3DTransform registration ***

DIAGNOSTIC,Iteration,metricValue,convergenceValue,ITERATION_TIME_INDEX,SINCE_LAST
 2DIAGNOSTIC,     1, -4.470255973134e-01, 1.797693134862e+308, 0.0000e+00, 0.0000e+00, 
 2DIAGNOSTIC,     2, -4.483397006321e-01, 1.797693134862e+308, 0.0000e+00, 0.0000e+00, 
 2DIAGNOSTIC,     3, -4.529415006134e-01, 1.797693134862e+308, 0.0000e+00, 0.0000e+00, 
 2DIAGNOSTIC,     4, -4.579438997456e-01, 1.797693134862e+308, 0.0000e+00, 0.0000e+00, 
 2DIAGNOSTIC,     5, -4.630053897671e-01, 1.797693134862e+308, 0.0000e+00, 0.0000e+00, 
 2DIAGNOSTIC,     6, -4.682568701974e-01, 1.797693134862e+308, 0.0000e+00, 0.0000e+00, 
 2DIAGNOSTIC,     7, -4.689983618042e-01, 1.797693134862e+308, 0.0000e+00, 0.0000e+00, 
 2DIAGNOSTIC,     8, -4.695985687850e-01, 1.797693134862e+308, 0.0000e+00, 0.0000e+00, 
 2DIAGNOSTIC,     9, -4.709029228289e-01, 1.797693134862e+308, 0.0000e+00, 0.0000e+00, 
 2DIAGNOSTIC,    10, -4.720504458443e-01, 3.846318356824e-03, 0.0000e+00, 0.0000e+00, 
 2DIAGNOSTIC,    11, -4.727991246796e-01, 2.986421074652e-03, 0.0000e+00, 0.0000e+00, 
 2DIAGNOSTIC,    12, -4.730043169073e-01, 2.082621900351e-03, 0.0000e+00, 0.0000e+00, 
 2DIAGNOSTIC,    13, -4.730683303997e-01, 1.352871159461e-03, 0.0000e+00, 0.0000e+00, 
 2DIAGNOSTIC,    14, -4.732983202782e-01, 8.313085229233e-04, 0.0000e+00, 0.0000e+00, 
 2DIAGNOSTIC,    15, -4.745862910709e-01, 5.565329078635e-04, 0.0000e+00, 0.0000e+00, 
 2DIAGNOSTIC,    16, -4.747371976161e-01, 4.700812466778e-04, 0.0000e+00, 0.0000e+00, 
 2DIAGNOSTIC,    17, -4.748159147764e-01, 3.812205873932e-04, 0.0000e+00, 0.0000e+00, 
 2DIAGNOSTIC,    18, -4.748228490665e-01, 2.881209945919e-04, 0.0000e+00, 0.0000e+00, 
 2DIAGNOSTIC,    19, -4.746922330294e-01, 2.151684517288e-04, 0.0000e+00, 0.0000e+00, 
 2DIAGNOSTIC,    20, -4.746313237294e-01, 1.616975700394e-04, 0.0000e+00, 0.0000e+00, 
 2DIAGNOSTIC,    21, -4.747144845376e-01, 1.222707479611e-04, 0.0000e+00, 0.0000e+00, 
 2DIAGNOSTIC,    22, -4.745926596344e-01, 7.791579199948e-05, 0.0000e+00, 0.0000e+00, 
 2DIAGNOSTIC,    23, -4.745948025363e-01, 3.245386269506e-05, 0.0000e+00, 0.0000e+00, 
DIAGNOSTIC,Iteration,metricValue,convergenceValue,ITERATION_TIME_INDEX,SINCE_LAST
 2DIAGNOSTIC,     1, -3.805716066545e-01, 1.797693134862e+308, 0.0000e+00, 0.0000e+00, 
 2DIAGNOSTIC,     2, -3.807442257298e-01, 1.797693134862e+308, 0.0000e+00, 0.0000e+00, 
 2DIAGNOSTIC,     3, -3.809930312932e-01, 1.797693134862e+308, 0.0000e+00, 0.0000e+00, 
 2DIAGNOSTIC,     4, -3.813388747607e-01, 1.797693134862e+308, 0.0000e+00, 0.0000e+00, 
 2DIAGNOSTIC,     5, -3.815809263900e-01, 1.797693134862e+308, 0.0000e+00, 0.0000e+00, 
 2DIAGNOSTIC,     6, -3.821941812591e-01, 1.797693134862e+308, 0.0000e+00, 0.0000e+00, 
 2DIAGNOSTIC,     7, -3.826189915643e-01, 1.797693134862e+308, 0.0000e+00, 0.0000e+00, 
 2DIAGNOSTIC,     8, -3.827890722870e-01, 1.797693134862e+308, 0.0000e+00, 0.0000e+00, 
 2DIAGNOSTIC,     9, -3.828269333014e-01, 1.797693134862e+308, 0.0000e+00, 0.0000e+00, 
 2DIAGNOSTIC,    10, -3.828728793034e-01, 4.557572780640e-04, 0.0000e+00, 0.0000e+00, 
 2DIAGNOSTIC,    11, -3.833141837025e-01, 4.013600483104e-04, 0.0000e+00, 0.0000e+00, 
 2DIAGNOSTIC,    12, -3.833395427237e-01, 3.313343073333e-04, 0.0000e+00, 0.0000e+00, 
 2DIAGNOSTIC,    13, -3.832854074859e-01, 2.537963401009e-04, 0.0000e+00, 0.0000e+00, 
 2DIAGNOSTIC,    14, -3.832814129752e-01, 1.834894806201e-04, 0.0000e+00, 0.0000e+00, 
 2DIAGNOSTIC,    15, -3.832771324012e-01, 1.172078649139e-04, 0.0000e+00, 0.0000e+00, 
 2DIAGNOSTIC,    16, -3.832554268505e-01, 7.532005603435e-05, 0.0000e+00, 0.0000e+00, 
 2DIAGNOSTIC,    17, -3.832657576050e-01, 5.042147333017e-05, 0.0000e+00, 0.0000e+00, 
 2DIAGNOSTIC,    18, -3.832658987665e-01, 3.112094116332e-05, 0.0000e+00, 0.0000e+00, 
 2DIAGNOSTIC,    19, -3.832553152125e-01, 1.237754852123e-05, 0.0000e+00, 0.0000e+00, 
DIAGNOSTIC,Iteration,metricValue,convergenceValue,ITERATION_TIME_INDEX,SINCE_LAST
 2DIAGNOSTIC,     1, -3.399038126484e-01, 1.797693134862e+308, 0.0000e+00, 0.0000e+00, 
 2DIAGNOSTIC,     2, -3.399151310419e-01, 1.797693134862e+308, 0.0000e+00, 0.0000e+00, 
 2DIAGNOSTIC,     3, -3.399132372701e-01, 1.797693134862e+308, 0.0000e+00, 0.0000e+00, 
 2DIAGNOSTIC,     4, -3.399912340021e-01, 1.797693134862e+308, 0.0000e+00, 0.0000e+00, 
 2DIAGNOSTIC,     5, -3.400081412899e-01, 1.797693134862e+308, 0.0000e+00, 0.0000e+00, 
 2DIAGNOSTIC,     6, -3.400116273241e-01, 1.797693134862e+308, 0.0000e+00, 0.0000e+00, 
 2DIAGNOSTIC,     7, -3.400082590160e-01, 1.797693134862e+308, 0.0000e+00, 0.0000e+00, 
 2DIAGNOSTIC,     8, -3.400050098795e-01, 1.797693134862e+308, 0.0000e+00, 0.0000e+00, 
 2DIAGNOSTIC,     9, -3.400042386638e-01, 1.797693134862e+308, 0.0000e+00, 0.0000e+00, 
 2DIAGNOSTIC,    10, -3.400025338899e-01, 2.403329440613e-05, 0.0000e+00, 0.0000e+00, 
 2DIAGNOSTIC,    11, -3.400022336740e-01, 1.597280969204e-05, 0.0000e+00, 0.0000e+00, 
 2DIAGNOSTIC,    12, -3.400022329498e-01, 8.961426630441e-06, 0.0000e+00, 0.0000e+00, 
 2DIAGNOSTIC,    13, -3.400023819903e-01, 2.221635573826e-06, 0.0000e+00, 0.0000e+00, 
 2DIAGNOSTIC,    14, -3.400017867836e-01, 1.057974171603e-06, 0.0000e+00, 0.0000e+00, 
 2DIAGNOSTIC,    15, -3.400018100031e-01, 1.095430476744e-06, 0.0000e+00, 0.0000e+00, 
 2DIAGNOSTIC,    16, -3.400017091849e-01, 1.401264653131e-06, 0.0000e+00, 0.0000e+00, 
 2DIAGNOSTIC,    17, -3.400020979422e-01, 1.580638207314e-06, 0.0000e+00, 0.0000e+00, 
 2DIAGNOSTIC,    18, -3.400024298086e-01, 1.630285639577e-06, 0.0000e+00, 0.0000e+00, 
 2DIAGNOSTIC,    19, -3.400026082952e-01, 1.663030383875e-06, 0.0000e+00, 0.0000e+00, 
 2DIAGNOSTIC,    20, -3.400019687938e-01, 1.595942186433e-06, 0.0000e+00, 0.0000e+00, 
 2DIAGNOSTIC,    21, -3.400018625874e-01, 1.518909502125e-06, 0.0000e+00, 0.0000e+00, 
 2DIAGNOSTIC,    22, -3.400021191170e-01, 1.457089435650e-06, 0.0000e+00, 0.0000e+00, 
 2DIAGNOSTIC,    23, -3.400020281294e-01, 1.400969171041e-06, 0.0000e+00, 0.0000e+00, 
 2DIAGNOSTIC,    24, -3.400018772288e-01, 1.321763087779e-06, 0.0000e+00, 0.0000e+00, 
 2DIAGNOSTIC,    25, -3.400016689108e-01, 1.243769938063e-06, 0.0000e+00, 0.0000e+00, 
 2DIAGNOSTIC,    26, -3.400010463305e-01, 1.150965443231e-06, 0.0000e+00, 0.0000e+00, 
 2DIAGNOSTIC,    27, -3.400008370583e-01, 1.076868087993e-06, 0.0000e+00, 0.0000e+00, 
 2DIAGNOSTIC,    28, -3.400007483053e-01, 1.024048716318e-06, 0.0000e+00, 0.0000e+00, 
DIAGNOSTIC,Iteration,metricValue,convergenceValue,ITERATION_TIME_INDEX,SINCE_LAST
 2DIAGNOSTIC,     1, -3.141677266946e-01, 1.797693134862e+308, 0.0000e+00, 0.0000e+00, 
 2DIAGNOSTIC,     2, -3.142768970290e-01, 1.797693134862e+308, 0.0000e+00, 0.0000e+00, 
 2DIAGNOSTIC,     3, -3.144183105259e-01, 1.797693134862e+308, 0.0000e+00, 0.0000e+00, 
 2DIAGNOSTIC,     4, -3.144951226177e-01, 1.797693134862e+308, 0.0000e+00, 0.0000e+00, 
 2DIAGNOSTIC,     5, -3.146401417033e-01, 1.797693134862e+308, 0.0000e+00, 0.0000e+00, 
 2DIAGNOSTIC,     6, -3.147933122314e-01, 1.797693134862e+308, 0.0000e+00, 0.0000e+00, 
 2DIAGNOSTIC,     7, -3.150914327103e-01, 1.797693134862e+308, 0.0000e+00, 0.0000e+00, 
 2DIAGNOSTIC,     8, -3.161954715621e-01, 1.797693134862e+308, 0.0000e+00, 0.0000e+00, 
 2DIAGNOSTIC,     9, -3.165654298802e-01, 1.797693134862e+308, 0.0000e+00, 0.0000e+00, 
 2DIAGNOSTIC,    10, -3.165821178039e-01, 5.411753612731e-04, 0.0000e+00, 0.0000e+00, 
 2DIAGNOSTIC,    11, -3.166138338980e-01, 5.320094355022e-04, 0.0000e+00, 0.0000e+00, 
 2DIAGNOSTIC,    12, -3.166189340550e-01, 4.851418738804e-04, 0.0000e+00, 0.0000e+00, 
 2DIAGNOSTIC,    13, -3.166194682244e-01, 4.105094722288e-04, 0.0000e+00, 0.0000e+00, 
 2DIAGNOSTIC,    14, -3.166197071809e-01, 3.140059661738e-04, 0.0000e+00, 0.0000e+00, 
 2DIAGNOSTIC,    15, -3.166190866872e-01, 2.115564905937e-04, 0.0000e+00, 0.0000e+00, 
 2DIAGNOSTIC,    16, -3.166189750692e-01, 1.119363399649e-04, 0.0000e+00, 0.0000e+00, 
 2DIAGNOSTIC,    17, -3.166196840406e-01, 2.833468529689e-05, 0.0000e+00, 0.0000e+00, 
 2DIAGNOSTIC,    18, -3.166196913434e-01, 6.307273204657e-06, 0.0000e+00, 0.0000e+00, 
 2DIAGNOSTIC,    19, -3.166196940383e-01, 3.705344975451e-06, 0.0000e+00, 0.0000e+00, 
 2DIAGNOSTIC,    20, -3.166196940383e-01, 1.889470116312e-06, 0.0000e+00, 0.0000e+00, 
 2DIAGNOSTIC,    21, -3.166196932157e-01, 1.572024750540e-06, 0.0000e+00, 0.0000e+00, 
 2DIAGNOSTIC,    22, -3.166196932157e-01, 1.485266158847e-06, 0.0000e+00, 0.0000e+00, 
 2DIAGNOSTIC,    23, -3.166196927132e-01, 1.422462593895e-06, 0.0000e+00, 0.0000e+00, 
 2DIAGNOSTIC,    24, -3.166196939254e-01, 1.371193991052e-06, 0.0000e+00, 0.0000e+00, 
 2DIAGNOSTIC,    25, -3.166196939254e-01, 1.297770186398e-06, 0.0000e+00, 0.0000e+00, 
 2DIAGNOSTIC,    26, -3.166196909311e-01, 1.222879760364e-06, 0.0000e+00, 0.0000e+00, 
 2DIAGNOSTIC,    27, -3.166196909311e-01, 1.177128553055e-06, 0.0000e+00, 0.0000e+00, 
 2DIAGNOSTIC,    28, -3.166196781666e-01, 1.134480787590e-06, 0.0000e+00, 0.0000e+00, 
 2DIAGNOSTIC,    29, -3.166196781666e-01, 1.094931139804e-06, 0.0000e+00, 0.0000e+00, 
 2DIAGNOSTIC,    30, -3.166196425319e-01, 1.057042685153e-06, 0.0000e+00, 0.0000e+00, 
 2DIAGNOSTIC,    31, -3.166196425319e-01, 1.021819308285e-06, 0.0000e+00, 0.0000e+00, 
  Elapsed time (stage 0): 0.0000e+00


Total elapsed time: 0.0000e+00
VFC_BACKENDS=libinterflop_vprec.so --range-binary32=8 --precision-binary32=19 --range-binary64=8 --precision-binary64=19
Info [verificarlo]: loaded backend libinterflop_vprec.so
Info [interflop-vprec]: load backend with: 
Info [interflop-vprec]: precision-binary32 = 19
Info [interflop-vprec]: range-binary32 = 8
Info [interflop-vprec]: precision-binary64 = 19
Info [interflop-vprec]: range-binary64 = 8
Info [interflop-vprec]: mode = ob
Info [interflop-vprec]: error-mode = rel
Info [interflop-vprec]: max-abs-error-exponent = -1022
Info [interflop-vprec]: daz = false
Info [interflop-vprec]: ftz = false
Info [interflop-vprec]: 	instrument = none
Info [interflop-vprec]: 	prec-input-file = (null)
Info [interflop-vprec]: 	prec-output-file = (null)
Info [interflop-vprec]: 	prec-log-file = (null)
All_Command_lines_OK
Using double precision for computations.
=============================================================================
The composite transform comprises the following transforms (in order): 
  1. /project/rrg-glatard/mdugre/datasets/corr/RawDataBIDS/BMB_1/derivatives/vprec-space_search/0110/r8-p19/sub-0003055/rigid_Composite.h5[0] (type = Euler3DTransform)
  2. /project/rrg-glatard/mdugre/datasets/corr/RawDataBIDS/BMB_1/derivatives/vprec-space_search/0110/r8-p19/sub-0003055/rigid_Composite.h5[1] (type = Euler3DTransform)
  3. /project/rrg-glatard/mdugre/datasets/corr/RawDataBIDS/BMB_1/derivatives/vprec-space_search/0110/r8-p19/sub-0003055/rigid_Composite.h5[2] (type = Euler3DTransform)
=============================================================================
  number of levels = 4
  fixed image: /templateflow/tpl-MNI152NLin2009cAsym/tpl-MNI152NLin2009cAsym_res-01_desc-brain_T1w.nii.gz
  moving image: /project/rrg-glatard/mdugre/datasets/corr/RawDataBIDS/BMB_1/derivatives/antsBrainExtraction/sub-0003055/BrainExtractionBrain.nii.gz
Dimension = 3
Number of stages = 1
Use histogram matching = false
Winsorize image intensities = true
  Lower quantile = 0.005
  Upper quantile = 0.995


Stage 1 State
   Image metric = MattesMI
     Fixed image = Image (0x4be7300)
  RTTI typeinfo:   itk::Image<double, 3u>
  Reference Count: 2
  Modified Time: 1592
  Debug: Off
  Object Name: 
  Observers: 
    none
  Source: (none)
  Source output name: (none)
  Release Data: Off
  Data Released: False
  Global Release Data: Off
  PipelineMTime: 0
  UpdateMTime: 1203
  RealTimeStamp: 0 seconds 
  LargestPossibleRegion: 
    Dimension: 3
    Index: [0, 0, 0]
    Size: [193, 229, 193]
  BufferedRegion: 
    Dimension: 3
    Index: [0, 0, 0]
    Size: [193, 229, 193]
  RequestedRegion: 
    Dimension: 3
    Index: [0, 0, 0]
    Size: [193, 229, 193]
  Spacing: [1, 1, 1]
  Origin: [96, 132, -78]
  Direction: 
-1 0 0
0 -1 0
0 0 1

  IndexToPointMatrix: 
-1 0 0
0 -1 0
0 0 1

  PointToIndexMatrix: 
-1 0 0
0 -1 0
0 0 1

  Inverse Direction: 
-1 0 0
0 -1 0
0 0 1

  PixelContainer: 
    ImportImageContainer (0x4c5fc30)
      RTTI typeinfo:   itk::ImportImageContainer<unsigned long, double>
      Reference Count: 1
      Modified Time: 1200
      Debug: Off
      Object Name: 
      Observers: 
        none
      Pointer: 0x14a8c0fed010
      Container manages memory: true
      Size: 8530021
      Capacity: 8530021

     Moving image = Image (0x4ca21a0)
  RTTI typeinfo:   itk::Image<double, 3u>
  Reference Count: 2
  Modified Time: 1593
  Debug: Off
  Object Name: 
  Observers: 
    none
  Source: (none)
  Source output name: (none)
  Release Data: Off
  Data Released: False
  Global Release Data: Off
  PipelineMTime: 0
  UpdateMTime: 1590
  RealTimeStamp: 0 seconds 
  LargestPossibleRegion: 
    Dimension: 3
    Index: [0, 0, 0]
    Size: [176, 256, 256]
  BufferedRegion: 
    Dimension: 3
    Index: [0, 0, 0]
    Size: [176, 256, 256]
  RequestedRegion: 
    Dimension: 3
    Index: [0, 0, 0]
    Size: [176, 256, 256]
  Spacing: [1, 1, 1]
  Origin: [-99.0515, 91.5603, -136.343]
  Direction: 
1 0 0
0 -1 0
0 0 1

  IndexToPointMatrix: 
1 0 0
0 -1 0
0 0 1

  PointToIndexMatrix: 
1 0 0
0 -1 0
0 0 1

  Inverse Direction: 
1 0 0
0 -1 0
0 0 1

  PixelContainer: 
    ImportImageContainer (0x4c5a050)
      RTTI typeinfo:   itk::ImportImageContainer<unsigned long, double>
      Reference Count: 1
      Modified Time: 1587
      Debug: Off
      Object Name: 
      Observers: 
        none
      Pointer: 0x14a8bb7ec010
      Container manages memory: true
      Size: 11534336
      Capacity: 11534336

     Weighting = 1
     Sampling strategy = regular
     Number of bins = 32
     Radius = 4
     Sampling percentage  = 0.25
   Transform = Affine
     Gradient step = 0.1
     Update field sigma (voxel space) = 0
     Total field sigma (voxel space) = 0
     Update field time sigma = 0
     Total field time sigma  = 0
     Number of time indices = 0
     Number of time point samples = 0
Registration using 1 total stages.

Stage 0
  iterations = 1000x500x250x100
  convergence threshold = 1e-06
  convergence window size = 10
  number of levels = 4
  using the Mattes MI metric (number of bins = 32, weight = 1, use gradient filter = 0)
  preprocessing:  winsorizing the image intensities
  Shrink factors (level 1 out of 4): [8, 8, 8]
  Shrink factors (level 2 out of 4): [4, 4, 4]
  Shrink factors (level 3 out of 4): [2, 2, 2]
  Shrink factors (level 4 out of 4): [1, 1, 1]
  smoothing sigmas per level: [3, 2, 1, 0]
  regular sampling (percentage = 0.25)

*** Running AffineTransform registration ***

DIAGNOSTIC,Iteration,metricValue,convergenceValue,ITERATION_TIME_INDEX,SINCE_LAST
 2DIAGNOSTIC,     1, -4.789858485191e-01, 1.797693134862e+308, 0.0000e+00, 0.0000e+00, 
 2DIAGNOSTIC,     2, -4.806510531993e-01, 1.797693134862e+308, 0.0000e+00, 0.0000e+00, 
 2DIAGNOSTIC,     3, -4.830508128635e-01, 1.797693134862e+308, 0.0000e+00, 0.0000e+00, 
 2DIAGNOSTIC,     4, -4.871967258065e-01, 1.797693134862e+308, 0.0000e+00, 0.0000e+00, 
 2DIAGNOSTIC,     5, -4.932673194137e-01, 1.797693134862e+308, 0.0000e+00, 0.0000e+00, 
 2DIAGNOSTIC,     6, -5.014891862556e-01, 1.797693134862e+308, 0.0000e+00, 0.0000e+00, 
 2DIAGNOSTIC,     7, -5.162800801340e-01, 1.797693134862e+308, 0.0000e+00, 0.0000e+00, 
 2DIAGNOSTIC,     8, -5.434507398701e-01, 1.797693134862e+308, 0.0000e+00, 0.0000e+00, 
 2DIAGNOSTIC,     9, -6.202424715713e-01, 1.797693134862e+308, 0.0000e+00, 0.0000e+00, 
 2DIAGNOSTIC,    10, -7.151955302559e-01, 2.220066095321e-02, 0.0000e+00, 0.0000e+00, 
 2DIAGNOSTIC,    11, -7.354973649510e-01, 2.708153707164e-02, 0.0000e+00, 0.0000e+00, 
 2DIAGNOSTIC,    12, -7.443191386760e-01, 2.900785596080e-02, 0.0000e+00, 0.0000e+00, 
 2DIAGNOSTIC,    13, -7.582321834175e-01, 2.858979351366e-02, 0.0000e+00, 0.0000e+00, 
 2DIAGNOSTIC,    14, -7.775980495804e-01, 2.639579001658e-02, 0.0000e+00, 0.0000e+00, 
 2DIAGNOSTIC,    15, -7.876443263391e-01, 2.263567468567e-02, 0.0000e+00, 0.0000e+00, 
 2DIAGNOSTIC,    16, -7.932645780991e-01, 1.783922944527e-02, 0.0000e+00, 0.0000e+00, 
 2DIAGNOSTIC,    17, -7.947758788873e-01, 1.261365350208e-02, 0.0000e+00, 0.0000e+00, 
 2DIAGNOSTIC,    18, -8.022695414093e-01, 7.791086055501e-03, 0.0000e+00, 0.0000e+00, 
 2DIAGNOSTIC,    19, -8.141332628925e-01, 4.859896090889e-03, 0.0000e+00, 0.0000e+00, 
 2DIAGNOSTIC,    20, -8.152195772702e-01, 3.906903324746e-03, 0.0000e+00, 0.0000e+00, 
 2DIAGNOSTIC,    21, -8.204122160369e-01, 3.230128545288e-03, 0.0000e+00, 0.0000e+00, 
 2DIAGNOSTIC,    22, -8.215554001068e-01, 2.521238862616e-03, 0.0000e+00, 0.0000e+00, 
 2DIAGNOSTIC,    23, -8.224101491577e-01, 1.913756993366e-03, 0.0000e+00, 0.0000e+00, 
 2DIAGNOSTIC,    24, -8.226663041544e-01, 1.522710114131e-03, 0.0000e+00, 0.0000e+00, 
 2DIAGNOSTIC,    25, -8.230005685715e-01, 1.196898852265e-03, 0.0000e+00, 0.0000e+00, 
 2DIAGNOSTIC,    26, -8.230533623730e-01, 8.807395740335e-04, 0.0000e+00, 0.0000e+00, 
 2DIAGNOSTIC,    27, -8.231306058478e-01, 5.323963874854e-04, 0.0000e+00, 0.0000e+00, 
 2DIAGNOSTIC,    28, -8.231358211634e-01, 2.676995407000e-04, 0.0000e+00, 0.0000e+00, 
 2DIAGNOSTIC,    29, -8.231876204140e-01, 1.646265523549e-04, 0.0000e+00, 0.0000e+00, 
 2DIAGNOSTIC,    30, -8.231975452012e-01, 6.700779226471e-05, 0.0000e+00, 0.0000e+00, 
 2DIAGNOSTIC,    31, -8.232070151427e-01, 3.679869145238e-05, 0.0000e+00, 0.0000e+00, 
 2DIAGNOSTIC,    32, -8.232208332131e-01, 1.947121685322e-05, 0.0000e+00, 0.0000e+00, 
 2DIAGNOSTIC,    33, -8.232209568601e-01, 1.176356157065e-05, 0.0000e+00, 0.0000e+00, 
 2DIAGNOSTIC,    34, -8.232219986229e-01, 6.430213243036e-06, 0.0000e+00, 0.0000e+00, 
 2DIAGNOSTIC,    35, -8.232226258552e-01, 4.660028009938e-06, 0.0000e+00, 0.0000e+00, 
 2DIAGNOSTIC,    36, -8.232244461865e-01, 3.229344292269e-06, 0.0000e+00, 0.0000e+00, 
 2DIAGNOSTIC,    37, -8.232251102113e-01, 2.493040275157e-06, 0.0000e+00, 0.0000e+00, 
 2DIAGNOSTIC,    38, -8.232249606368e-01, 1.693555980786e-06, 0.0000e+00, 0.0000e+00, 
 2DIAGNOSTIC,    39, -8.232263000797e-01, 1.393239246465e-06, 0.0000e+00, 0.0000e+00, 
 2DIAGNOSTIC,    40, -8.232266268868e-01, 1.160406919859e-06, 0.0000e+00, 0.0000e+00, 
 2DIAGNOSTIC,    41, -8.232270798289e-01, 1.002594909233e-06, 0.0000e+00, 0.0000e+00, 
DIAGNOSTIC,Iteration,metricValue,convergenceValue,ITERATION_TIME_INDEX,SINCE_LAST
 2DIAGNOSTIC,     1, -6.877004533894e-01, 1.797693134862e+308, 0.0000e+00, 0.0000e+00, 
 2DIAGNOSTIC,     2, -6.882368693629e-01, 1.797693134862e+308, 0.0000e+00, 0.0000e+00, 
 2DIAGNOSTIC,     3, -6.888520673460e-01, 1.797693134862e+308, 0.0000e+00, 0.0000e+00, 
 2DIAGNOSTIC,     4, -6.896288509323e-01, 1.797693134862e+308, 0.0000e+00, 0.0000e+00, 
 2DIAGNOSTIC,     5, -6.909181401292e-01, 1.797693134862e+308, 0.0000e+00, 0.0000e+00, 
 2DIAGNOSTIC,     6, -6.915907643025e-01, 1.797693134862e+308, 0.0000e+00, 0.0000e+00, 
 2DIAGNOSTIC,     7, -6.918594645864e-01, 1.797693134862e+308, 0.0000e+00, 0.0000e+00, 
 2DIAGNOSTIC,     8, -6.921026329515e-01, 1.797693134862e+308, 0.0000e+00, 0.0000e+00, 
 2DIAGNOSTIC,     9, -6.924906114051e-01, 1.797693134862e+308, 0.0000e+00, 0.0000e+00, 
 2DIAGNOSTIC,    10, -6.926427432413e-01, 5.008528965117e-04, 0.0000e+00, 0.0000e+00, 
 2DIAGNOSTIC,    11, -6.926671846029e-01, 3.899505220150e-04, 0.0000e+00, 0.0000e+00, 
 2DIAGNOSTIC,    12, -6.926777259431e-01, 2.820480089830e-04, 0.0000e+00, 0.0000e+00, 
 2DIAGNOSTIC,    13, -6.926929495101e-01, 1.855094708575e-04, 0.0000e+00, 0.0000e+00, 
 2DIAGNOSTIC,    14, -6.927209193891e-01, 1.088507354855e-04, 0.0000e+00, 0.0000e+00, 
 2DIAGNOSTIC,    15, -6.927271276598e-01, 6.775660834693e-05, 0.0000e+00, 0.0000e+00, 
 2DIAGNOSTIC,    16, -6.927316287128e-01, 4.321166416198e-05, 0.0000e+00, 0.0000e+00, 
 2DIAGNOSTIC,    17, -6.927370539633e-01, 2.439891502471e-05, 0.0000e+00, 0.0000e+00, 
 2DIAGNOSTIC,    18, -6.927378901015e-01, 1.095799113141e-05, 0.0000e+00, 0.0000e+00, 
 2DIAGNOSTIC,    19, -6.927381096713e-01, 6.384952500382e-06, 0.0000e+00, 0.0000e+00, 
 2DIAGNOSTIC,    20, -6.927379757740e-01, 4.945509420616e-06, 0.0000e+00, 0.0000e+00, 
 2DIAGNOSTIC,    21, -6.927381283100e-01, 3.816545683585e-06, 0.0000e+00, 0.0000e+00, 
 2DIAGNOSTIC,    22, -6.927379569379e-01, 2.766878730597e-06, 0.0000e+00, 0.0000e+00, 
 2DIAGNOSTIC,    23, -6.927382428617e-01, 1.949675353496e-06, 0.0000e+00, 0.0000e+00, 
 2DIAGNOSTIC,    24, -6.927383313782e-01, 1.626820524937e-06, 0.0000e+00, 0.0000e+00, 
 2DIAGNOSTIC,    25, -6.927383939646e-01, 1.403570614476e-06, 0.0000e+00, 0.0000e+00, 
 2DIAGNOSTIC,    26, -6.927382744128e-01, 1.252042728550e-06, 0.0000e+00, 0.0000e+00, 
 2DIAGNOSTIC,    27, -6.927382935159e-01, 1.191476273435e-06, 0.0000e+00, 0.0000e+00, 
 2DIAGNOSTIC,    28, -6.927381939125e-01, 1.144474603698e-06, 0.0000e+00, 0.0000e+00, 
 2DIAGNOSTIC,    29, -6.927380962193e-01, 1.101515041187e-06, 0.0000e+00, 0.0000e+00, 
 2DIAGNOSTIC,    30, -6.927380226062e-01, 1.057982441474e-06, 0.0000e+00, 0.0000e+00, 
 2DIAGNOSTIC,    31, -6.927380784900e-01, 1.020237992512e-06, 0.0000e+00, 0.0000e+00, 
DIAGNOSTIC,Iteration,metricValue,convergenceValue,ITERATION_TIME_INDEX,SINCE_LAST
 2DIAGNOSTIC,     1, -5.907367168451e-01, 1.797693134862e+308, 0.0000e+00, 0.0000e+00, 
 2DIAGNOSTIC,     2, -5.911024730183e-01, 1.797693134862e+308, 0.0000e+00, 0.0000e+00, 
 2DIAGNOSTIC,     3, -5.913990836006e-01, 1.797693134862e+308, 0.0000e+00, 0.0000e+00, 
 2DIAGNOSTIC,     4, -5.916385414053e-01, 1.797693134862e+308, 0.0000e+00, 0.0000e+00, 
 2DIAGNOSTIC,     5, -5.919229980834e-01, 1.797693134862e+308, 0.0000e+00, 0.0000e+00, 
 2DIAGNOSTIC,     6, -5.920284918402e-01, 1.797693134862e+308, 0.0000e+00, 0.0000e+00, 
 2DIAGNOSTIC,     7, -5.920485841722e-01, 1.797693134862e+308, 0.0000e+00, 0.0000e+00, 
 2DIAGNOSTIC,     8, -5.920667883969e-01, 1.797693134862e+308, 0.0000e+00, 0.0000e+00, 
 2DIAGNOSTIC,     9, -5.920755276282e-01, 1.797693134862e+308, 0.0000e+00, 0.0000e+00, 
 2DIAGNOSTIC,    10, -5.920993634183e-01, 1.420030856132e-04, 0.0000e+00, 0.0000e+00, 
 2DIAGNOSTIC,    11, -5.921211451723e-01, 9.054702211410e-05, 0.0000e+00, 0.0000e+00, 
 2DIAGNOSTIC,    12, -5.921200854090e-01, 5.432905262326e-05, 0.0000e+00, 0.0000e+00, 
 2DIAGNOSTIC,    13, -5.921233649510e-01, 3.004451488969e-05, 0.0000e+00, 0.0000e+00, 
 2DIAGNOSTIC,    14, -5.921227344512e-01, 1.468918177817e-05, 0.0000e+00, 0.0000e+00, 
 2DIAGNOSTIC,    15, -5.921233242670e-01, 9.278767658535e-06, 0.0000e+00, 0.0000e+00, 
 2DIAGNOSTIC,    16, -5.921224274628e-01, 7.008181897042e-06, 0.0000e+00, 0.0000e+00, 
 2DIAGNOSTIC,    17, -5.921203588357e-01, 5.049095074615e-06, 0.0000e+00, 0.0000e+00, 
 2DIAGNOSTIC,    18, -5.921209406594e-01, 3.525665903031e-06, 0.0000e+00, 0.0000e+00, 
 2DIAGNOSTIC,    19, -5.921213627236e-01, 2.218283607774e-06, 0.0000e+00, 0.0000e+00, 
 2DIAGNOSTIC,    20, -5.921222039820e-01, 1.568175120002e-06, 0.0000e+00, 0.0000e+00, 
 2DIAGNOSTIC,    21, -5.921233904958e-01, 1.508523959165e-06, 0.0000e+00, 0.0000e+00, 
 2DIAGNOSTIC,    22, -5.921228010896e-01, 1.416985744129e-06, 0.0000e+00, 0.0000e+00, 
 2DIAGNOSTIC,    23, -5.921252086669e-01, 1.455614913277e-06, 0.0000e+00, 0.0000e+00, 
 2DIAGNOSTIC,    24, -5.921268113370e-01, 1.500767424827e-06, 0.0000e+00, 0.0000e+00, 
 2DIAGNOSTIC,    25, -5.921279835397e-01, 1.558700829379e-06, 0.0000e+00, 0.0000e+00, 
 2DIAGNOSTIC,    26, -5.921277544456e-01, 1.565617081742e-06, 0.0000e+00, 0.0000e+00, 
 2DIAGNOSTIC,    27, -5.921289647980e-01, 1.525075438588e-06, 0.0000e+00, 0.0000e+00, 
 2DIAGNOSTIC,    28, -5.921297934103e-01, 1.477862677943e-06, 0.0000e+00, 0.0000e+00, 
 2DIAGNOSTIC,    29, -5.921300603479e-01, 1.411584611283e-06, 0.0000e+00, 0.0000e+00, 
 2DIAGNOSTIC,    30, -5.921288427402e-01, 1.313636801323e-06, 0.0000e+00, 0.0000e+00, 
 2DIAGNOSTIC,    31, -5.921288299491e-01, 1.217814604770e-06, 0.0000e+00, 0.0000e+00, 
 2DIAGNOSTIC,    32, -5.921288366913e-01, 1.099905135797e-06, 0.0000e+00, 0.0000e+00, 
 2DIAGNOSTIC,    33, -5.921288280406e-01, 1.012690726984e-06, 0.0000e+00, 0.0000e+00, 
DIAGNOSTIC,Iteration,metricValue,convergenceValue,ITERATION_TIME_INDEX,SINCE_LAST
 2DIAGNOSTIC,     1, -5.255277835871e-01, 1.797693134862e+308, 0.0000e+00, 0.0000e+00, 
 2DIAGNOSTIC,     2, -5.258388691092e-01, 1.797693134862e+308, 0.0000e+00, 0.0000e+00, 
 2DIAGNOSTIC,     3, -5.260717759703e-01, 1.797693134862e+308, 0.0000e+00, 0.0000e+00, 
 2DIAGNOSTIC,     4, -5.262978690138e-01, 1.797693134862e+308, 0.0000e+00, 0.0000e+00, 
 2DIAGNOSTIC,     5, -5.265489629523e-01, 1.797693134862e+308, 0.0000e+00, 0.0000e+00, 
 2DIAGNOSTIC,     6, -5.265608007982e-01, 1.797693134862e+308, 0.0000e+00, 0.0000e+00, 
 2DIAGNOSTIC,     7, -5.265646754730e-01, 1.797693134862e+308, 0.0000e+00, 0.0000e+00, 
 2DIAGNOSTIC,     8, -5.265663451101e-01, 1.797693134862e+308, 0.0000e+00, 0.0000e+00, 
 2DIAGNOSTIC,     9, -5.265662986842e-01, 1.797693134862e+308, 0.0000e+00, 0.0000e+00, 
 2DIAGNOSTIC,    10, -5.265659890903e-01, 1.191363275240e-04, 0.0000e+00, 0.0000e+00, 
 2DIAGNOSTIC,    11, -5.265653982534e-01, 6.942607577552e-05, 0.0000e+00, 0.0000e+00, 
 2DIAGNOSTIC,    12, -5.265652334063e-01, 3.603030855759e-05, 0.0000e+00, 0.0000e+00, 
 2DIAGNOSTIC,    13, -5.265652758508e-01, 1.429771083496e-05, 0.0000e+00, 0.0000e+00, 
 2DIAGNOSTIC,    14, -5.265651671374e-01, 3.038961990928e-06, 0.0000e+00, 0.0000e+00, 
 2DIAGNOSTIC,    15, -5.265651085708e-01, 2.238052945663e-06, 0.0000e+00, 0.0000e+00, 
 2DIAGNOSTIC,    16, -5.265650604112e-01, 1.921262890281e-06, 0.0000e+00, 0.0000e+00, 
 2DIAGNOSTIC,    17, -5.265649837236e-01, 1.766538750690e-06, 0.0000e+00, 0.0000e+00, 
 2DIAGNOSTIC,    18, -5.265647823543e-01, 1.681995683560e-06, 0.0000e+00, 0.0000e+00, 
 2DIAGNOSTIC,    19, -5.265647785193e-01, 1.612594948415e-06, 0.0000e+00, 0.0000e+00, 
 2DIAGNOSTIC,    20, -5.265647778932e-01, 1.547501644238e-06, 0.0000e+00, 0.0000e+00, 
 2DIAGNOSTIC,    21, -5.265647780408e-01, 1.477127570287e-06, 0.0000e+00, 0.0000e+00, 
 2DIAGNOSTIC,    22, -5.265647783838e-01, 1.412271249612e-06, 0.0000e+00, 0.0000e+00, 
 2DIAGNOSTIC,    23, -5.265647776721e-01, 1.356994026334e-06, 0.0000e+00, 0.0000e+00, 
 2DIAGNOSTIC,    24, -5.265647776721e-01, 1.306035091173e-06, 0.0000e+00, 0.0000e+00, 
 2DIAGNOSTIC,    25, -5.265647776721e-01, 1.259358035265e-06, 0.0000e+00, 0.0000e+00, 
 2DIAGNOSTIC,    26, -5.265647776721e-01, 1.216212456842e-06, 0.0000e+00, 0.0000e+00, 
 2DIAGNOSTIC,    27, -5.265647776721e-01, 1.175256620564e-06, 0.0000e+00, 0.0000e+00, 
 2DIAGNOSTIC,    28, -5.265647776721e-01, 1.133357616798e-06, 0.0000e+00, 0.0000e+00, 
 2DIAGNOSTIC,    29, -5.265647776721e-01, 1.094280781731e-06, 0.0000e+00, 0.0000e+00, 
 2DIAGNOSTIC,    30, -5.265647776721e-01, 1.057799847271e-06, 0.0000e+00, 0.0000e+00, 
 2DIAGNOSTIC,    31, -5.265647776721e-01, 1.023676822309e-06, 0.0000e+00, 0.0000e+00, 
  Elapsed time (stage 0): 0.0000e+00


Total elapsed time: 0.0000e+00
VFC_BACKENDS=libinterflop_ieee.so
Info [verificarlo]: loaded backend libinterflop_ieee.so
Info [interflop-ieee]: load backend with:
Info [interflop-ieee]: debug = false
Info [interflop-ieee]: debug-binary = false
Info [interflop-ieee]: no-backend-name = false
Info [interflop-ieee]: print-new-line = false
Info [interflop-ieee]: print-subnormal-normalized = false
Info [interflop-ieee]: count-op = false
All_Command_lines_OK
Using double precision for computations.
=============================================================================
The composite transform comprises the following transforms (in order): 
  1. /project/rrg-glatard/mdugre/datasets/corr/RawDataBIDS/BMB_1/derivatives/vprec-space_search/0110/r8-p19/sub-0003055/affine_Composite.h5[0] (type = Euler3DTransform)
  2. /project/rrg-glatard/mdugre/datasets/corr/RawDataBIDS/BMB_1/derivatives/vprec-space_search/0110/r8-p19/sub-0003055/affine_Composite.h5[1] (type = Euler3DTransform)
  3. /project/rrg-glatard/mdugre/datasets/corr/RawDataBIDS/BMB_1/derivatives/vprec-space_search/0110/r8-p19/sub-0003055/affine_Composite.h5[2] (type = Euler3DTransform)
  4. /project/rrg-glatard/mdugre/datasets/corr/RawDataBIDS/BMB_1/derivatives/vprec-space_search/0110/r8-p19/sub-0003055/affine_Composite.h5[3] (type = AffineTransform)
=============================================================================
  number of levels = 4
  fixed image: /templateflow/tpl-MNI152NLin2009cAsym/tpl-MNI152NLin2009cAsym_res-01_desc-brain_T1w.nii.gz
  moving image: /project/rrg-glatard/mdugre/datasets/corr/RawDataBIDS/BMB_1/derivatives/antsBrainExtraction/sub-0003055/BrainExtractionBrain.nii.gz
Dimension = 3
Number of stages = 1
Use histogram matching = false
Winsorize image intensities = true
  Lower quantile = 0.005
  Upper quantile = 0.995


Stage 1 State
   Image metric = CC
     Fixed image = Image (0x3822810)
  RTTI typeinfo:   itk::Image<double, 3u>
  Reference Count: 2
  Modified Time: 1606
  Debug: Off
  Object Name: 
  Observers: 
    none
  Source: (none)
  Source output name: (none)
  Release Data: Off
  Data Released: False
  Global Release Data: Off
  PipelineMTime: 0
  UpdateMTime: 1217
  RealTimeStamp: 0 seconds 
  LargestPossibleRegion: 
    Dimension: 3
    Index: [0, 0, 0]
    Size: [193, 229, 193]
  BufferedRegion: 
    Dimension: 3
    Index: [0, 0, 0]
    Size: [193, 229, 193]
  RequestedRegion: 
    Dimension: 3
    Index: [0, 0, 0]
    Size: [193, 229, 193]
  Spacing: [1, 1, 1]
  Origin: [96, 132, -78]
  Direction: 
-1 0 0
0 -1 0
0 0 1

  IndexToPointMatrix: 
-1 0 0
0 -1 0
0 0 1

  PointToIndexMatrix: 
-1 0 0
0 -1 0
0 0 1

  Inverse Direction: 
-1 0 0
0 -1 0
0 0 1

  PixelContainer: 
    ImportImageContainer (0x389afb0)
      RTTI typeinfo:   itk::ImportImageContainer<unsigned long, double>
      Reference Count: 1
      Modified Time: 1214
      Debug: Off
      Object Name: 
      Observers: 
        none
      Pointer: 0x15177aafc010
      Container manages memory: true
      Size: 8530021
      Capacity: 8530021

     Moving image = Image (0x38fa180)
  RTTI typeinfo:   itk::Image<double, 3u>
  Reference Count: 2
  Modified Time: 1607
  Debug: Off
  Object Name: 
  Observers: 
    none
  Source: (none)
  Source output name: (none)
  Release Data: Off
  Data Released: False
  Global Release Data: Off
  PipelineMTime: 0
  UpdateMTime: 1604
  RealTimeStamp: 0 seconds 
  LargestPossibleRegion: 
    Dimension: 3
    Index: [0, 0, 0]
    Size: [176, 256, 256]
  BufferedRegion: 
    Dimension: 3
    Index: [0, 0, 0]
    Size: [176, 256, 256]
  RequestedRegion: 
    Dimension: 3
    Index: [0, 0, 0]
    Size: [176, 256, 256]
  Spacing: [1, 1, 1]
  Origin: [-99.0515, 91.5603, -136.343]
  Direction: 
1 0 0
0 -1 0
0 0 1

  IndexToPointMatrix: 
1 0 0
0 -1 0
0 0 1

  PointToIndexMatrix: 
1 0 0
0 -1 0
0 0 1

  Inverse Direction: 
1 0 0
0 -1 0
0 0 1

  PixelContainer: 
    ImportImageContainer (0x3892f90)
      RTTI typeinfo:   itk::ImportImageContainer<unsigned long, double>
      Reference Count: 1
      Modified Time: 1601
      Debug: Off
      Object Name: 
      Observers: 
        none
      Pointer: 0x1517752fb010
      Container manages memory: true
      Size: 11534336
      Capacity: 11534336

     Weighting = 1
     Sampling strategy = none
     Number of bins = 32
     Radius = 4
     Sampling percentage  = 1
   Transform = SyN
     Gradient step = 0.1
     Update field sigma (voxel space) = 3
     Total field sigma (voxel space) = 0
     Update field time sigma = 0
     Total field time sigma  = 0
     Number of time indices = 0
     Number of time point samples = 0
Registration using 1 total stages.

Stage 0
  iterations = 100x70x50x20
  convergence threshold = 1e-06
  convergence window size = 10
  number of levels = 4
  using the CC metric (radius = 4, weight = 1, use gradient filter = 0)
  preprocessing:  winsorizing the image intensities
  Shrink factors (level 1 out of 4): [8, 8, 8]
  Shrink factors (level 2 out of 4): [4, 4, 4]
  Shrink factors (level 3 out of 4): [2, 2, 2]
  Shrink factors (level 4 out of 4): [1, 1, 1]
  smoothing sigmas per level: [3, 2, 1, 0]
  Using default NONE metricSamplingStrategy 

*** Running SyN registration (varianceForUpdateField = 3, varianceForTotalField = 0) ***

XXDIAGNOSTIC,Iteration,metricValue,convergenceValue,ITERATION_TIME_INDEX,SINCE_LAST
 1DIAGNOSTIC,     1, -9.157744375757e-01, 1.797693134862e+308, 1.6828e+00, 1.6828e+00, 
 1DIAGNOSTIC,     2, -9.246924226844e-01, 1.797693134862e+308, 2.0646e+00, 3.8175e-01, 
 1DIAGNOSTIC,     3, -9.318958162834e-01, 1.797693134862e+308, 2.4558e+00, 3.9126e-01, 
 1DIAGNOSTIC,     4, -9.365737776624e-01, 1.797693134862e+308, 2.8454e+00, 3.8957e-01, 
 1DIAGNOSTIC,     5, -9.402854024115e-01, 1.797693134862e+308, 3.2286e+00, 3.8324e-01, 
 1DIAGNOSTIC,     6, -9.427718400392e-01, 1.797693134862e+308, 3.5920e+00, 3.6335e-01, 
 1DIAGNOSTIC,     7, -9.448700720251e-01, 1.797693134862e+308, 3.9781e+00, 3.8609e-01, 
 1DIAGNOSTIC,     8, -9.466862503654e-01, 1.797693134862e+308, 4.3645e+00, 3.8641e-01, 
 1DIAGNOSTIC,     9, -9.483575716423e-01, 1.797693134862e+308, 4.7500e+00, 3.8546e-01, 
 1DIAGNOSTIC,    10, -9.498558429953e-01, 2.106298596692e-03, 5.1283e+00, 3.7830e-01, 
 1DIAGNOSTIC,    11, -9.511251544129e-01, 1.480796826152e-03, 5.5211e+00, 3.9288e-01, 
 1DIAGNOSTIC,    12, -9.522766031347e-01, 1.078544740183e-03, 5.9005e+00, 3.7938e-01, 
 1DIAGNOSTIC,    13, -9.532948170618e-01, 8.307055917934e-04, 6.2720e+00, 3.7146e-01, 
 1DIAGNOSTIC,    14, -9.540885071034e-01, 6.597020364509e-04, 6.6445e+00, 3.7249e-01, 
 1DIAGNOSTIC,    15, -9.548301048430e-01, 5.403430356286e-04, 7.0240e+00, 3.7952e-01, 
 1DIAGNOSTIC,    16, -9.555471224234e-01, 4.463210126018e-04, 7.4140e+00, 3.9003e-01, 
 1DIAGNOSTIC,    17, -9.562162993415e-01, 3.709725133936e-04, 7.8029e+00, 3.8894e-01, 
 1DIAGNOSTIC,    18, -9.568155131296e-01, 3.098176531769e-04, 8.1928e+00, 3.8986e-01, 
 1DIAGNOSTIC,    19, -9.573502660193e-01, 2.611099391409e-04, 8.5826e+00, 3.8979e-01, 
 1DIAGNOSTIC,    20, -9.578307436410e-01, 2.226190900153e-04, 8.9651e+00, 3.8255e-01, 
 1DIAGNOSTIC,    21, -9.583065785086e-01, 1.918666145140e-04, 9.3405e+00, 3.7531e-01, 
 1DIAGNOSTIC,    22, -9.586799659707e-01, 1.666519471782e-04, 9.7342e+00, 3.9375e-01, 
 1DIAGNOSTIC,    23, -9.590422870875e-01, 1.460156971360e-04, 1.0129e+01, 3.9438e-01, 
 1DIAGNOSTIC,    24, -9.593178510030e-01, 1.267539179110e-04, 1.0526e+01, 3.9728e-01, 
 1DIAGNOSTIC,    25, -9.595811055559e-01, 1.091696792784e-04, 1.0919e+01, 3.9322e-01, 
 1DIAGNOSTIC,    26, -9.598206983023e-01, 9.367544679127e-05, 1.1316e+01, 3.9738e-01, 
 1DIAGNOSTIC,    27, -9.600371083400e-01, 8.032300901686e-05, 1.1709e+01, 3.9273e-01, 
 1DIAGNOSTIC,    28, -9.602350023989e-01, 6.888753495672e-05, 1.2088e+01, 3.7919e-01, 
 1DIAGNOSTIC,    29, -9.603753717489e-01, 5.873020733217e-05, 1.2471e+01, 3.8250e-01, 
 1DIAGNOSTIC,    30, -9.605337438601e-01, 5.009776444945e-05, 1.2865e+01, 3.9364e-01, 
 1DIAGNOSTIC,    31, -9.606788970648e-01, 4.330294577660e-05, 1.3260e+01, 3.9539e-01, 
 1DIAGNOSTIC,    32, -9.608156530126e-01, 3.761961483136e-05, 1.3650e+01, 3.9043e-01, 
 1DIAGNOSTIC,    33, -9.609457926903e-01, 3.322184853847e-05, 1.4039e+01, 3.8908e-01, 
 1DIAGNOSTIC,    34, -9.610690459978e-01, 2.948590104553e-05, 1.4433e+01, 3.9381e-01, 
 1DIAGNOSTIC,    35, -9.611805656127e-01, 2.641112240179e-05, 1.4815e+01, 3.8218e-01, 
 1DIAGNOSTIC,    36, -9.612830504632e-01, 2.388111205955e-05, 1.5183e+01, 3.6737e-01, 
 1DIAGNOSTIC,    37, -9.613754390316e-01, 2.175618563634e-05, 1.5559e+01, 3.7620e-01, 
 1DIAGNOSTIC,    38, -9.614604949777e-01, 1.995578378951e-05, 1.5943e+01, 3.8371e-01, 
 1DIAGNOSTIC,    39, -9.615406945895e-01, 1.808913547157e-05, 1.6336e+01, 3.9316e-01, 
 1DIAGNOSTIC,    40, -9.616159855212e-01, 1.638995929302e-05, 1.6729e+01, 3.9306e-01, 
 1DIAGNOSTIC,    41, -9.616870183656e-01, 1.483927148669e-05, 1.7124e+01, 3.9526e-01, 
 1DIAGNOSTIC,    42, -9.617552057079e-01, 1.345711936889e-05, 1.7522e+01, 3.9796e-01, 
 1DIAGNOSTIC,    43, -9.618193814726e-01, 1.225630145661e-05, 1.7903e+01, 3.8041e-01, 
 1DIAGNOSTIC,    44, -9.618806826758e-01, 1.124427488886e-05, 1.8286e+01, 3.8353e-01, 
 1DIAGNOSTIC,    45, -9.619398612375e-01, 1.038740470495e-05, 1.8678e+01, 3.9205e-01, 
 1DIAGNOSTIC,    46, -9.619959332555e-01, 9.655990552384e-06, 1.9078e+01, 4.0022e-01, 
 1DIAGNOSTIC,    47, -9.620489665580e-01, 9.008063766754e-06, 1.9468e+01, 3.9005e-01, 
 1DIAGNOSTIC,    48, -9.620996734296e-01, 8.421413362922e-06, 1.9864e+01, 3.9523e-01, 
 1DIAGNOSTIC,    49, -9.621478844003e-01, 7.886272287563e-06, 2.0257e+01, 3.9379e-01, 
 1DIAGNOSTIC,    50, -9.621937673472e-01, 7.391606478665e-06, 2.0638e+01, 3.8099e-01, 
 1DIAGNOSTIC,    51, -9.622388167844e-01, 6.937848097573e-06, 2.1012e+01, 3.7343e-01, 
 1DIAGNOSTIC,    52, -9.622816808406e-01, 6.523783400120e-06, 2.1407e+01, 3.9506e-01, 
 1DIAGNOSTIC,    53, -9.623227964586e-01, 6.142121639605e-06, 2.1800e+01, 3.9277e-01, 
 1DIAGNOSTIC,    54, -9.623622632850e-01, 5.791120647934e-06, 2.2194e+01, 3.9484e-01, 
 1DIAGNOSTIC,    55, -9.623996743040e-01, 5.469523903727e-06, 2.2588e+01, 3.9349e-01, 
 1DIAGNOSTIC,    56, -9.624355873015e-01, 5.172328519650e-06, 2.2985e+01, 3.9717e-01, 
 1DIAGNOSTIC,    57, -9.624699529675e-01, 4.893625263746e-06, 2.3374e+01, 3.8915e-01, 
 1DIAGNOSTIC,    58, -9.625027076981e-01, 4.630624834471e-06, 2.3755e+01, 3.8083e-01, 
 1DIAGNOSTIC,    59, -9.625343568303e-01, 4.381838302939e-06, 2.4138e+01, 3.8301e-01, 
 1DIAGNOSTIC,    60, -9.625646465038e-01, 4.144631106172e-06, 2.4532e+01, 3.9342e-01, 
 1DIAGNOSTIC,    61, -9.625941047185e-01, 3.926328001155e-06, 2.4925e+01, 3.9377e-01, 
 1DIAGNOSTIC,    62, -9.626219495067e-01, 3.722347992362e-06, 2.5319e+01, 3.9384e-01, 
 1DIAGNOSTIC,    63, -9.626408372651e-01, 3.495258075348e-06, 2.5712e+01, 3.9312e-01, 
 1DIAGNOSTIC,    64, -9.626670421349e-01, 3.289843477292e-06, 2.6105e+01, 3.9287e-01, 
 1DIAGNOSTIC,    65, -9.626923800549e-01, 3.104793357567e-06, 2.6489e+01, 3.8431e-01, 
 1DIAGNOSTIC,    66, -9.627164956449e-01, 2.939852423403e-06, 2.6871e+01, 3.8123e-01, 
 1DIAGNOSTIC,    67, -9.627399392512e-01, 2.796580141153e-06, 2.7263e+01, 3.9252e-01, 
 1DIAGNOSTIC,    68, -9.627623640446e-01, 2.672617333135e-06, 2.7656e+01, 3.9257e-01, 
 1DIAGNOSTIC,    69, -9.627836366238e-01, 2.565010776355e-06, 2.8051e+01, 3.9527e-01, 
 1DIAGNOSTIC,    70, -9.628037967770e-01, 2.468596083247e-06, 2.8450e+01, 3.9926e-01, 
 1DIAGNOSTIC,    71, -9.628237846736e-01, 2.384802239658e-06, 2.8843e+01, 3.9254e-01, 
 1DIAGNOSTIC,    72, -9.628429136347e-01, 2.308951429631e-06, 2.9222e+01, 3.7914e-01, 
 1DIAGNOSTIC,    73, -9.628610026214e-01, 2.203310672480e-06, 2.9598e+01, 3.7620e-01, 
 1DIAGNOSTIC,    74, -9.628783112506e-01, 2.102610372517e-06, 2.9989e+01, 3.9070e-01, 
 1DIAGNOSTIC,    75, -9.628952143022e-01, 2.008564258736e-06, 3.0384e+01, 3.9465e-01, 
 1DIAGNOSTIC,    76, -9.629116070079e-01, 1.920436903873e-06, 3.0781e+01, 3.9772e-01, 
 1DIAGNOSTIC,    77, -9.629272415473e-01, 1.838479443213e-06, 3.1177e+01, 3.9614e-01, 
 1DIAGNOSTIC,    78, -9.629426780480e-01, 1.763505572511e-06, 3.1575e+01, 3.9787e-01, 
 1DIAGNOSTIC,    79, -9.629580249292e-01, 1.695622528913e-06, 3.1968e+01, 3.9244e-01, 
 1DIAGNOSTIC,    80, -9.629729369166e-01, 1.633129995930e-06, 3.2349e+01, 3.8157e-01, 
 1DIAGNOSTIC,    81, -9.629871139051e-01, 1.576559053064e-06, 3.2728e+01, 3.7911e-01, 
 1DIAGNOSTIC,    82, -9.629996178322e-01, 1.520198547399e-06, 3.3123e+01, 3.9437e-01, 
 1DIAGNOSTIC,    83, -9.630100596801e-01, 1.456704779804e-06, 3.3519e+01, 3.9670e-01, 
 1DIAGNOSTIC,    84, -9.630187240496e-01, 1.381744426751e-06, 3.3912e+01, 3.9294e-01, 
 1DIAGNOSTIC,    85, -9.630257462272e-01, 1.294180613037e-06, 3.4305e+01, 3.9212e-01, 
 1DIAGNOSTIC,    86, -9.630314112379e-01, 1.195005474785e-06, 3.4704e+01, 3.9931e-01, 
 1DIAGNOSTIC,    87, -9.630360442201e-01, 1.086736084590e-06, 3.5091e+01, 3.8708e-01, 
 1DIAGNOSTIC,    88, -9.630396147523e-01, 9.746374276618e-07, 3.5464e+01, 3.7319e-01, 
XXDIAGNOSTIC,Iteration,metricValue,convergenceValue,ITERATION_TIME_INDEX,SINCE_LAST
 1DIAGNOSTIC,     1, -8.923770466993e-01, 1.797693134862e+308, 4.0221e+01, 4.7574e+00, 
 1DIAGNOSTIC,     2, -8.948280178968e-01, 1.797693134862e+308, 4.3609e+01, 3.3872e+00, 
 1DIAGNOSTIC,     3, -8.974877310493e-01, 1.797693134862e+308, 4.6968e+01, 3.3595e+00, 
 1DIAGNOSTIC,     4, -9.000407966511e-01, 1.797693134862e+308, 5.0345e+01, 3.3772e+00, 
 1DIAGNOSTIC,     5, -9.025250729462e-01, 1.797693134862e+308, 5.3723e+01, 3.3778e+00, 
 1DIAGNOSTIC,     6, -9.050006581817e-01, 1.797693134862e+308, 5.7082e+01, 3.3586e+00, 
 1DIAGNOSTIC,     7, -9.071849051552e-01, 1.797693134862e+308, 6.0405e+01, 3.3229e+00, 
 1DIAGNOSTIC,     8, -9.092113762977e-01, 1.797693134862e+308, 6.3765e+01, 3.3607e+00, 
 1DIAGNOSTIC,     9, -9.111292103953e-01, 1.797693134862e+308, 6.7038e+01, 3.2726e+00, 
 1DIAGNOSTIC,    10, -9.129562251068e-01, 1.475575030715e-03, 7.0402e+01, 3.3642e+00, 
 1DIAGNOSTIC,    11, -9.145581895074e-01, 1.274650748361e-03, 7.3816e+01, 3.4135e+00, 
 1DIAGNOSTIC,    12, -9.160608358168e-01, 1.095595231178e-03, 7.7221e+01, 3.4057e+00, 
 1DIAGNOSTIC,    13, -9.172660560229e-01, 9.378341632201e-04, 8.0629e+01, 3.4078e+00, 
 1DIAGNOSTIC,    14, -9.183952962921e-01, 7.993696094113e-04, 8.4025e+01, 3.3957e+00, 
 1DIAGNOSTIC,    15, -9.194374604302e-01, 6.794003371067e-04, 8.7417e+01, 3.3922e+00, 
 1DIAGNOSTIC,    16, -9.204054861927e-01, 5.789901849776e-04, 9.0828e+01, 3.4111e+00, 
 1DIAGNOSTIC,    17, -9.212701927377e-01, 4.927889148266e-04, 9.4223e+01, 3.3950e+00, 
 1DIAGNOSTIC,    18, -9.220804994960e-01, 4.195869874658e-04, 9.7594e+01, 3.3713e+00, 
 1DIAGNOSTIC,    19, -9.228581009604e-01, 3.592079325699e-04, 1.0099e+02, 3.3945e+00, 
 1DIAGNOSTIC,    20, -9.236136040711e-01, 3.114969959978e-04, 1.0441e+02, 3.4193e+00, 
 1DIAGNOSTIC,    21, -9.243754670734e-01, 2.741195451031e-04, 1.0780e+02, 3.3891e+00, 
 1DIAGNOSTIC,    22, -9.250956336194e-01, 2.458473429969e-04, 1.1121e+02, 3.4126e+00, 
 1DIAGNOSTIC,    23, -9.257485754993e-01, 2.220400358753e-04, 1.1459e+02, 3.3763e+00, 
 1DIAGNOSTIC,    24, -9.263638033794e-01, 2.019061303230e-04, 1.1801e+02, 3.4206e+00, 
 1DIAGNOSTIC,    25, -9.269338078979e-01, 1.843660479288e-04, 1.2140e+02, 3.3950e+00, 
 1DIAGNOSTIC,    26, -9.274577240643e-01, 1.685804248977e-04, 1.2478e+02, 3.3751e+00, 
 1DIAGNOSTIC,    27, -9.279449189572e-01, 1.535736013312e-04, 1.2811e+02, 3.3300e+00, 
 1DIAGNOSTIC,    28, -9.284008631521e-01, 1.391525341111e-04, 1.3147e+02, 3.3622e+00, 
 1DIAGNOSTIC,    29, -9.288244786380e-01, 1.254059821596e-04, 1.3485e+02, 3.3842e+00, 
 1DIAGNOSTIC,    30, -9.292154534632e-01, 1.125323414432e-04, 1.3821e+02, 3.3563e+00, 
 1DIAGNOSTIC,    31, -9.295832485801e-01, 1.011045524365e-04, 1.4156e+02, 3.3517e+00, 
 1DIAGNOSTIC,    32, -9.299320150946e-01, 9.114527625272e-05, 1.4495e+02, 3.3900e+00, 
 1DIAGNOSTIC,    33, -9.302534298615e-01, 8.227575377560e-05, 1.4835e+02, 3.3970e+00, 
 1DIAGNOSTIC,    34, -9.305465258164e-01, 7.438392002333e-05, 1.5171e+02, 3.3644e+00, 
 1DIAGNOSTIC,    35, -9.308091923077e-01, 6.724456654537e-05, 1.5505e+02, 3.3384e+00, 
 1DIAGNOSTIC,    36, -9.310521011309e-01, 6.070970080272e-05, 1.5836e+02, 3.3041e+00, 
 1DIAGNOSTIC,    37, -9.312796079999e-01, 5.473784297728e-05, 1.6147e+02, 3.1119e+00, 
 1DIAGNOSTIC,    38, -9.314898678618e-01, 4.930408821988e-05, 1.6465e+02, 3.1860e+00, 
 1DIAGNOSTIC,    39, -9.316841839343e-01, 4.437106219830e-05, 1.6774e+02, 3.0839e+00, 
 1DIAGNOSTIC,    40, -9.318625721026e-01, 3.987932618073e-05, 1.7081e+02, 3.0709e+00, 
 1DIAGNOSTIC,    41, -9.320113479879e-01, 3.572190636657e-05, 1.7388e+02, 3.0754e+00, 
 1DIAGNOSTIC,    42, -9.321433979060e-01, 3.192022996384e-05, 1.7698e+02, 3.0942e+00, 
 1DIAGNOSTIC,    43, -9.322543153184e-01, 2.838500637078e-05, 1.8006e+02, 3.0853e+00, 
 1DIAGNOSTIC,    44, -9.323499925872e-01, 2.506342961245e-05, 1.8316e+02, 3.0934e+00, 
 1DIAGNOSTIC,    45, -9.324342263255e-01, 2.191239384602e-05, 1.8620e+02, 3.0404e+00, 
 1DIAGNOSTIC,    46, -9.325059688369e-01, 1.895470098089e-05, 1.8925e+02, 3.0560e+00, 
 1DIAGNOSTIC,    47, -9.325616862499e-01, 1.621193191425e-05, 1.9235e+02, 3.0939e+00, 
 1DIAGNOSTIC,    48, -9.326106881792e-01, 1.374268645723e-05, 1.9542e+02, 3.0769e+00, 
 1DIAGNOSTIC,    49, -9.326503635245e-01, 1.157498966084e-05, 1.9851e+02, 3.0825e+00, 
 1DIAGNOSTIC,    50, -9.326904889667e-01, 9.779008742449e-06, 2.0162e+02, 3.1133e+00, 
 1DIAGNOSTIC,    51, -9.327200203935e-01, 8.239952921797e-06, 2.0469e+02, 3.0743e+00, 
 1DIAGNOSTIC,    52, -9.327474626566e-01, 6.964817087687e-06, 2.0774e+02, 3.0458e+00, 
 1DIAGNOSTIC,    53, -9.327728675695e-01, 5.912330402272e-06, 2.1086e+02, 3.1240e+00, 
 1DIAGNOSTIC,    54, -9.327971042996e-01, 5.064513118432e-06, 2.1393e+02, 3.0647e+00, 
 1DIAGNOSTIC,    55, -9.328191733002e-01, 4.405269027868e-06, 2.1701e+02, 3.0793e+00, 
 1DIAGNOSTIC,    56, -9.328405376712e-01, 3.908626109189e-06, 2.2007e+02, 3.0637e+00, 
 1DIAGNOSTIC,    57, -9.328619062860e-01, 3.520351137685e-06, 2.2310e+02, 3.0261e+00, 
 1DIAGNOSTIC,    58, -9.328822155650e-01, 3.224765987745e-06, 2.2618e+02, 3.0825e+00, 
 1DIAGNOSTIC,    59, -9.329069216439e-01, 3.013317736961e-06, 2.2924e+02, 3.0652e+00, 
 1DIAGNOSTIC,    60, -9.329290798459e-01, 2.886813251238e-06, 2.3231e+02, 3.0643e+00, 
 1DIAGNOSTIC,    61, -9.329518410027e-01, 2.798708141474e-06, 2.3537e+02, 3.0647e+00, 
 1DIAGNOSTIC,    62, -9.329768892599e-01, 2.752186749940e-06, 2.3843e+02, 3.0607e+00, 
 1DIAGNOSTIC,    63, -9.330028714313e-01, 2.739462847415e-06, 2.4149e+02, 3.0540e+00, 
 1DIAGNOSTIC,    64, -9.330312272743e-01, 2.761727272149e-06, 2.4455e+02, 3.0658e+00, 
 1DIAGNOSTIC,    65, -9.330628753618e-01, 2.816401769738e-06, 2.4758e+02, 3.0212e+00, 
 1DIAGNOSTIC,    66, -9.330939738344e-01, 2.886766062651e-06, 2.5062e+02, 3.0469e+00, 
 1DIAGNOSTIC,    67, -9.331314433003e-01, 2.990833905887e-06, 2.5369e+02, 3.0645e+00, 
 1DIAGNOSTIC,    68, -9.331665869024e-01, 3.096177461373e-06, 2.5676e+02, 3.0684e+00, 
 1DIAGNOSTIC,    69, -9.332035083397e-01, 3.216666811360e-06, 2.5984e+02, 3.0833e+00, 
 1DIAGNOSTIC,    70, -9.332415138016e-01, 3.329197361615e-06, 2.6294e+02, 3.0976e+00, 
XXDIAGNOSTIC,Iteration,metricValue,convergenceValue,ITERATION_TIME_INDEX,SINCE_LAST
 1DIAGNOSTIC,     1, -8.921953818412e-01, 1.797693134862e+308, 2.8972e+02, 2.6789e+01, 
 1DIAGNOSTIC,     2, -8.941317152345e-01, 1.797693134862e+308, 3.1470e+02, 2.4975e+01, 
 1DIAGNOSTIC,     3, -8.970005259365e-01, 1.797693134862e+308, 3.3980e+02, 2.5098e+01, 
 1DIAGNOSTIC,     4, -8.996123560229e-01, 1.797693134862e+308, 3.6527e+02, 2.5472e+01, 
 1DIAGNOSTIC,     5, -9.019802542421e-01, 1.797693134862e+308, 3.9027e+02, 2.4998e+01, 
 1DIAGNOSTIC,     6, -9.039937790302e-01, 1.797693134862e+308, 4.1529e+02, 2.5027e+01, 
 1DIAGNOSTIC,     7, -9.058914010457e-01, 1.797693134862e+308, 4.4057e+02, 2.5278e+01, 
 1DIAGNOSTIC,     8, -9.076844159404e-01, 1.797693134862e+308, 4.6574e+02, 2.5169e+01, 
 1DIAGNOSTIC,     9, -9.092929954402e-01, 1.797693134862e+308, 4.9076e+02, 2.5022e+01, 
 1DIAGNOSTIC,    10, -9.107744673630e-01, 1.344743839953e-03, 5.1585e+02, 2.5085e+01, 
 1DIAGNOSTIC,    11, -9.120987992415e-01, 1.140732498417e-03, 5.4114e+02, 2.5289e+01, 
 1DIAGNOSTIC,    12, -9.132843777107e-01, 9.494204415237e-04, 5.6626e+02, 2.5125e+01, 
 1DIAGNOSTIC,    13, -9.141682040390e-01, 7.918005127626e-04, 5.9170e+02, 2.5434e+01, 
 1DIAGNOSTIC,    14, -9.149691945407e-01, 6.608176748166e-04, 6.1697e+02, 2.5277e+01, 
 1DIAGNOSTIC,    15, -9.157056596782e-01, 5.515506226582e-04, 6.4221e+02, 2.5234e+01, 
 1DIAGNOSTIC,    16, -9.163875275218e-01, 4.578020654339e-04, 6.6750e+02, 2.5293e+01, 
 1DIAGNOSTIC,    17, -9.170127966498e-01, 3.791029219248e-04, 6.9279e+02, 2.5284e+01, 
 1DIAGNOSTIC,    18, -9.175897870655e-01, 3.151469994524e-04, 7.1800e+02, 2.5210e+01, 
 1DIAGNOSTIC,    19, -9.181224798987e-01, 2.638104894591e-04, 7.4313e+02, 2.5136e+01, 
 1DIAGNOSTIC,    20, -9.186130666803e-01, 2.237412149316e-04, 7.6844e+02, 2.5310e+01, 
 1DIAGNOSTIC,    21, -9.190703253626e-01, 1.929761383789e-04, 7.9382e+02, 2.5378e+01, 
 1DIAGNOSTIC,    22, -9.194910776239e-01, 1.697233579760e-04, 8.1924e+02, 2.5419e+01, 
 1DIAGNOSTIC,    23, -9.198801440400e-01, 1.498399474647e-04, 8.4473e+02, 2.5495e+01, 
 1DIAGNOSTIC,    24, -9.202405293661e-01, 1.326329536730e-04, 8.7039e+02, 2.5656e+01, 
 1DIAGNOSTIC,    25, -9.205760617924e-01, 1.176986564164e-04, 8.9622e+02, 2.5834e+01, 
 1DIAGNOSTIC,    26, -9.208893831447e-01, 1.047643836265e-04, 9.2189e+02, 2.5663e+01, 
 1DIAGNOSTIC,    27, -9.211819164957e-01, 9.351061961525e-05, 9.4748e+02, 2.5592e+01, 
 1DIAGNOSTIC,    28, -9.214542797255e-01, 8.369620703350e-05, 9.7312e+02, 2.5637e+01, 
 1DIAGNOSTIC,    29, -9.217095207223e-01, 7.512905088536e-05, 9.9866e+02, 2.5545e+01, 
 1DIAGNOSTIC,    30, -9.219499811328e-01, 6.763282117458e-05, 1.0242e+03, 2.5583e+01, 
 1DIAGNOSTIC,    31, -9.221694999544e-01, 6.103468566784e-05, 1.0498e+03, 2.5516e+01, 
 1DIAGNOSTIC,    32, -9.223731815208e-01, 5.516513621826e-05, 1.0754e+03, 2.5685e+01, 
 1DIAGNOSTIC,    33, -9.225599320733e-01, 4.987889584095e-05, 1.1011e+03, 2.5641e+01, 
 1DIAGNOSTIC,    34, -9.227354266272e-01, 4.510481850363e-05, 1.1267e+03, 2.5629e+01, 
 1DIAGNOSTIC,    35, -9.228963149851e-01, 4.076383069972e-05, 1.1525e+03, 2.5781e+01, 
 1DIAGNOSTIC,    36, -9.230442335923e-01, 3.680967379083e-05, 1.1779e+03, 2.5453e+01, 
 1DIAGNOSTIC,    37, -9.231817532395e-01, 3.322101778680e-05, 1.2036e+03, 2.5627e+01, 
 1DIAGNOSTIC,    38, -9.233127124570e-01, 2.999855547094e-05, 1.2291e+03, 2.5533e+01, 
 1DIAGNOSTIC,    39, -9.234360302419e-01, 2.714030731166e-05, 1.2547e+03, 2.5561e+01, 
 1DIAGNOSTIC,    40, -9.235489578174e-01, 2.462534577267e-05, 1.2804e+03, 2.5684e+01, 
 1DIAGNOSTIC,    41, -9.236542841337e-01, 2.239053162074e-05, 1.3059e+03, 2.5513e+01, 
 1DIAGNOSTIC,    42, -9.237548061779e-01, 2.042112383162e-05, 1.3315e+03, 2.5673e+01, 
 1DIAGNOSTIC,    43, -9.238505567229e-01, 1.867855943717e-05, 1.3569e+03, 2.5372e+01, 
 1DIAGNOSTIC,    44, -9.239395871650e-01, 1.714298751552e-05, 1.3824e+03, 2.5485e+01, 
 1DIAGNOSTIC,    45, -9.240261325044e-01, 1.579156599171e-05, 1.4078e+03, 2.5358e+01, 
 1DIAGNOSTIC,    46, -9.241056375229e-01, 1.457114797994e-05, 1.4332e+03, 2.5470e+01, 
 1DIAGNOSTIC,    47, -9.241823849934e-01, 1.347097730267e-05, 1.4589e+03, 2.5675e+01, 
 1DIAGNOSTIC,    48, -9.242524698741e-01, 1.247382464604e-05, 1.4842e+03, 2.5334e+01, 
 1DIAGNOSTIC,    49, -9.243178438571e-01, 1.156560724706e-05, 1.5098e+03, 2.5555e+01, 
 1DIAGNOSTIC,    50, -9.243834962827e-01, 1.074188761039e-05, 1.5352e+03, 2.5414e+01, 
XXDIAGNOSTIC,Iteration,metricValue,convergenceValue,ITERATION_TIME_INDEX,SINCE_LAST
 1DIAGNOSTIC,     1, -8.786246118862e-01, 1.797693134862e+308, 1.7716e+03, 2.3644e+02, 
 1DIAGNOSTIC,     2, -8.798591530949e-01, 1.797693134862e+308, 1.9990e+03, 2.2734e+02, 
 1DIAGNOSTIC,     3, -8.814927904892e-01, 1.797693134862e+308, 2.2448e+03, 2.4583e+02, 
 1DIAGNOSTIC,     4, -8.831181322040e-01, 1.797693134862e+308, 2.4970e+03, 2.5214e+02, 
 1DIAGNOSTIC,     5, -8.845335492453e-01, 1.797693134862e+308, 2.7272e+03, 2.3020e+02, 
 1DIAGNOSTIC,     6, -8.859906306309e-01, 1.797693134862e+308, 2.9555e+03, 2.2834e+02, 
 1DIAGNOSTIC,     7, -8.873653664238e-01, 1.797693134862e+308, 3.1824e+03, 2.2694e+02, 
 1DIAGNOSTIC,     8, -8.886559945376e-01, 1.797693134862e+308, 3.4117e+03, 2.2929e+02, 
 1DIAGNOSTIC,     9, -8.898498141491e-01, 1.797693134862e+308, 3.6397e+03, 2.2798e+02, 
 1DIAGNOSTIC,    10, -8.909777839898e-01, 9.130541900502e-04, 3.8869e+03, 2.4715e+02, 
 1DIAGNOSTIC,    11, -8.920420297343e-01, 8.006673053952e-04, 4.1370e+03, 2.5012e+02, 
 1DIAGNOSTIC,    12, -8.929670675309e-01, 6.923635707553e-04, 4.3694e+03, 2.3246e+02, 
 1DIAGNOSTIC,    13, -8.938144836088e-01, 5.989205421876e-04, 4.6045e+03, 2.3504e+02, 
 1DIAGNOSTIC,    14, -8.946479654862e-01, 5.204094270458e-04, 4.8354e+03, 2.3096e+02, 
 1DIAGNOSTIC,    15, -8.953410099093e-01, 4.494941880828e-04, 5.0704e+03, 2.3494e+02, 
 1DIAGNOSTIC,    16, -8.959737564018e-01, 3.877564075684e-04, 5.3283e+03, 2.5792e+02, 
 1DIAGNOSTIC,    17, -8.965902098962e-01, 3.348443950608e-04, 5.5726e+03, 2.4432e+02, 
 1DIAGNOSTIC,    18, -8.971864150643e-01, 2.901955632968e-04, 5.8064e+03, 2.3383e+02, 
 1DIAGNOSTIC,    19, -8.977640275749e-01, 2.529452746219e-04, 6.0384e+03, 2.3193e+02, 
 1DIAGNOSTIC,    20, -8.983028676360e-01, 2.223619762483e-04, 6.2650e+03, 2.2662e+02, 
  Elapsed time (stage 0): 6266.87


Total elapsed time: 6266.88
