
##########################
# Experiment information #
##########################
SIF_IMG: /project/rrg-glatard/mdugre/containers/ants-p2-vprec.sif
EXPERIMENT_NAME: vprec-space_search
CONFIG: 0110
VFC_BACKENDS: libinterflop_vprec.so --range-binary32=8 --precision-binary32=8 --range-binary64=8 --precision-binary64=8

FIXED_IMG: /templateflow/tpl-MNI152NLin2009cAsym/tpl-MNI152NLin2009cAsym_res-01_desc-brain_T1w.nii.gz
SUBJECT_ID: 0003041
INPUT_IMG: /project/rrg-glatard/mdugre/datasets/corr/RawDataBIDS/BMB_1/derivatives/antsBrainExtraction/sub-0003041/BrainExtractionBrain.nii.gz
OUTPUT_DIR: /project/rrg-glatard/mdugre/datasets/corr/RawDataBIDS/BMB_1/derivatives/vprec-space_search/0110/r8-p8/sub-0003041

ITK_GLOBAL_DEFAULT_NUMBER_OF_THREADS: 8
##########################

VFC_BACKENDS=libinterflop_ieee.so
Info [verificarlo]: loaded backend libinterflop_ieee.so
Info [interflop-ieee]: load backend with:
Info [interflop-ieee]: debug = false
Info [interflop-ieee]: debug-binary = false
Info [interflop-ieee]: no-backend-name = false
Info [interflop-ieee]: print-new-line = false
Info [interflop-ieee]: print-subnormal-normalized = false
Info [interflop-ieee]: count-op = false
All_Command_lines_OK
Using double precision for computations.
=============================================================================
The composite transform comprises the following transforms (in order): 
  1. Center of mass alignment using fixed image: /templateflow/tpl-MNI152NLin2009cAsym/tpl-MNI152NLin2009cAsym_res-01_desc-brain_T1w.nii.gz and moving image: /project/rrg-glatard/mdugre/datasets/corr/RawDataBIDS/BMB_1/derivatives/antsBrainExtraction/sub-0003041/BrainExtractionBrain.nii.gz (type = Euler3DTransform)
=============================================================================
  number of levels = 1
  fixed image: /templateflow/tpl-MNI152NLin2009cAsym/tpl-MNI152NLin2009cAsym_res-01_desc-brain_T1w.nii.gz
  moving image: /project/rrg-glatard/mdugre/datasets/corr/RawDataBIDS/BMB_1/derivatives/antsBrainExtraction/sub-0003041/BrainExtractionBrain.nii.gz
Dimension = 3
Number of stages = 1
Use histogram matching = false
Winsorize image intensities = true
  Lower quantile = 0.005
  Upper quantile = 0.995


Stage 1 State
   Image metric = MattesMI
     Fixed image = Image (0x4e3f390)
  RTTI typeinfo:   itk::Image<double, 3u>
  Reference Count: 2
  Modified Time: 2330
  Debug: Off
  Object Name: 
  Observers: 
    none
  Source: (none)
  Source output name: (none)
  Release Data: Off
  Data Released: False
  Global Release Data: Off
  PipelineMTime: 0
  UpdateMTime: 1941
  RealTimeStamp: 0 seconds 
  LargestPossibleRegion: 
    Dimension: 3
    Index: [0, 0, 0]
    Size: [193, 229, 193]
  BufferedRegion: 
    Dimension: 3
    Index: [0, 0, 0]
    Size: [193, 229, 193]
  RequestedRegion: 
    Dimension: 3
    Index: [0, 0, 0]
    Size: [193, 229, 193]
  Spacing: [1, 1, 1]
  Origin: [96, 132, -78]
  Direction: 
-1 0 0
0 -1 0
0 0 1

  IndexToPointMatrix: 
-1 0 0
0 -1 0
0 0 1

  PointToIndexMatrix: 
-1 0 0
0 -1 0
0 0 1

  Inverse Direction: 
-1 0 0
0 -1 0
0 0 1

  PixelContainer: 
    ImportImageContainer (0x4f0aa90)
      RTTI typeinfo:   itk::ImportImageContainer<unsigned long, double>
      Reference Count: 1
      Modified Time: 1938
      Debug: Off
      Object Name: 
      Observers: 
        none
      Pointer: 0x15280b436010
      Container manages memory: true
      Size: 8530021
      Capacity: 8530021

     Moving image = Image (0x4e44390)
  RTTI typeinfo:   itk::Image<double, 3u>
  Reference Count: 2
  Modified Time: 2331
  Debug: Off
  Object Name: 
  Observers: 
    none
  Source: (none)
  Source output name: (none)
  Release Data: Off
  Data Released: False
  Global Release Data: Off
  PipelineMTime: 0
  UpdateMTime: 2328
  RealTimeStamp: 0 seconds 
  LargestPossibleRegion: 
    Dimension: 3
    Index: [0, 0, 0]
    Size: [176, 256, 256]
  BufferedRegion: 
    Dimension: 3
    Index: [0, 0, 0]
    Size: [176, 256, 256]
  RequestedRegion: 
    Dimension: 3
    Index: [0, 0, 0]
    Size: [176, 256, 256]
  Spacing: [1, 1, 1]
  Origin: [-92.3193, 108.325, -119.169]
  Direction: 
1 0 0
0 -1 0
0 0 1

  IndexToPointMatrix: 
1 0 0
0 -1 0
0 0 1

  PointToIndexMatrix: 
1 0 0
0 -1 0
0 0 1

  Inverse Direction: 
1 0 0
0 -1 0
0 0 1

  PixelContainer: 
    ImportImageContainer (0x4feab90)
      RTTI typeinfo:   itk::ImportImageContainer<unsigned long, double>
      Reference Count: 1
      Modified Time: 2325
      Debug: Off
      Object Name: 
      Observers: 
        none
      Pointer: 0x152805c35010
      Container manages memory: true
      Size: 11534336
      Capacity: 11534336

     Weighting = 1
     Sampling strategy = regular
     Number of bins = 32
     Radius = 4
     Sampling percentage  = 0.25
   Transform = Rigid
     Gradient step = 0.1
     Update field sigma (voxel space) = 0
     Total field sigma (voxel space) = 0
     Update field time sigma = 0
     Total field time sigma  = 0
     Number of time indices = 0
     Number of time point samples = 0
Registration using 1 total stages.

Stage 0
  iterations = 0
  convergence threshold = 1e-06
  convergence window size = 10
  number of levels = 1
  using the Mattes MI metric (number of bins = 32, weight = 1, use gradient filter = 0)
  preprocessing:  winsorizing the image intensities
  Shrink factors (level 1 out of 1): [1, 1, 1]
  smoothing sigmas per level: [0]
  regular sampling (percentage = 0.25)

*** Running Euler3DTransform registration ***

  Elapsed time (stage 0): 0.939756


Total elapsed time: 0.941388
VFC_BACKENDS=libinterflop_vprec.so --range-binary32=8 --precision-binary32=8 --range-binary64=8 --precision-binary64=8
Info [verificarlo]: loaded backend libinterflop_vprec.so
Info [interflop-vprec]: load backend with: 
Info [interflop-vprec]: precision-binary32 = 8
Info [interflop-vprec]: range-binary32 = 8
Info [interflop-vprec]: precision-binary64 = 8
Info [interflop-vprec]: range-binary64 = 8
Info [interflop-vprec]: mode = ob
Info [interflop-vprec]: error-mode = rel
Info [interflop-vprec]: max-abs-error-exponent = -1022
Info [interflop-vprec]: daz = false
Info [interflop-vprec]: ftz = false
Info [interflop-vprec]: 	instrument = none
Info [interflop-vprec]: 	prec-input-file = (null)
Info [interflop-vprec]: 	prec-output-file = (null)
Info [interflop-vprec]: 	prec-log-file = (null)
All_Command_lines_OK
Using double precision for computations.
=============================================================================
The composite transform comprises the following transforms (in order): 
  1. /project/rrg-glatard/mdugre/datasets/corr/RawDataBIDS/BMB_1/derivatives/vprec-space_search/0110/r8-p8/sub-0003041/align_Composite.h5[0] (type = Euler3DTransform)
  2. /project/rrg-glatard/mdugre/datasets/corr/RawDataBIDS/BMB_1/derivatives/vprec-space_search/0110/r8-p8/sub-0003041/align_Composite.h5[1] (type = Euler3DTransform)
=============================================================================
  number of levels = 4
  fixed image: /templateflow/tpl-MNI152NLin2009cAsym/tpl-MNI152NLin2009cAsym_res-01_desc-brain_T1w.nii.gz
  moving image: /project/rrg-glatard/mdugre/datasets/corr/RawDataBIDS/BMB_1/derivatives/antsBrainExtraction/sub-0003041/BrainExtractionBrain.nii.gz
Dimension = 3
Number of stages = 1
Use histogram matching = false
Winsorize image intensities = true
  Lower quantile = 0.005
  Upper quantile = 0.995


Stage 1 State
   Image metric = MattesMI
     Fixed image = Image (0x3c0c300)
  RTTI typeinfo:   itk::Image<double, 3u>
  Reference Count: 2
  Modified Time: 1578
  Debug: Off
  Object Name: 
  Observers: 
    none
  Source: (none)
  Source output name: (none)
  Release Data: Off
  Data Released: False
  Global Release Data: Off
  PipelineMTime: 0
  UpdateMTime: 1189
  RealTimeStamp: 0 seconds 
  LargestPossibleRegion: 
    Dimension: 3
    Index: [0, 0, 0]
    Size: [193, 229, 193]
  BufferedRegion: 
    Dimension: 3
    Index: [0, 0, 0]
    Size: [193, 229, 193]
  RequestedRegion: 
    Dimension: 3
    Index: [0, 0, 0]
    Size: [193, 229, 193]
  Spacing: [1, 1, 1]
  Origin: [96, 132, -78]
  Direction: 
-1 0 0
0 -1 0
0 0 1

  IndexToPointMatrix: 
-1 0 0
0 -1 0
0 0 1

  PointToIndexMatrix: 
-1 0 0
0 -1 0
0 0 1

  Inverse Direction: 
-1 0 0
0 -1 0
0 0 1

  PixelContainer: 
    ImportImageContainer (0x3ccad00)
      RTTI typeinfo:   itk::ImportImageContainer<unsigned long, double>
      Reference Count: 1
      Modified Time: 1186
      Debug: Off
      Object Name: 
      Observers: 
        none
      Pointer: 0x14bad1a3d010
      Container manages memory: true
      Size: 8530021
      Capacity: 8530021

     Moving image = Image (0x3cc7030)
  RTTI typeinfo:   itk::Image<double, 3u>
  Reference Count: 2
  Modified Time: 1579
  Debug: Off
  Object Name: 
  Observers: 
    none
  Source: (none)
  Source output name: (none)
  Release Data: Off
  Data Released: False
  Global Release Data: Off
  PipelineMTime: 0
  UpdateMTime: 1576
  RealTimeStamp: 0 seconds 
  LargestPossibleRegion: 
    Dimension: 3
    Index: [0, 0, 0]
    Size: [176, 256, 256]
  BufferedRegion: 
    Dimension: 3
    Index: [0, 0, 0]
    Size: [176, 256, 256]
  RequestedRegion: 
    Dimension: 3
    Index: [0, 0, 0]
    Size: [176, 256, 256]
  Spacing: [1, 1, 1]
  Origin: [-92.25, 108.25, -119.25]
  Direction: 
1 0 0
0 -1 0
0 0 1

  IndexToPointMatrix: 
1 0 0
0 -1 0
0 0 1

  PointToIndexMatrix: 
1 0 0
0 -1 0
0 0 1

  Inverse Direction: 
1 0 0
0 -1 0
0 0 1

  PixelContainer: 
    ImportImageContainer (0x3c94d70)
      RTTI typeinfo:   itk::ImportImageContainer<unsigned long, double>
      Reference Count: 1
      Modified Time: 1573
      Debug: Off
      Object Name: 
      Observers: 
        none
      Pointer: 0x14bacc23c010
      Container manages memory: true
      Size: 11534336
      Capacity: 11534336

     Weighting = 1
     Sampling strategy = regular
     Number of bins = 32
     Radius = 4
     Sampling percentage  = 0.25
   Transform = Rigid
     Gradient step = 0.1
     Update field sigma (voxel space) = 0
     Total field sigma (voxel space) = 0
     Update field time sigma = 0
     Total field time sigma  = 0
     Number of time indices = 0
     Number of time point samples = 0
Registration using 1 total stages.

Stage 0
  iterations = 1000x500x250x100
  convergence threshold = 1e-06
  convergence window size = 10
  number of levels = 4
  using the Mattes MI metric (number of bins = 32, weight = 1, use gradient filter = 0)
  preprocessing:  winsorizing the image intensities
  Shrink factors (level 1 out of 4): [8, 8, 8]
  Shrink factors (level 2 out of 4): [4, 4, 4]
  Shrink factors (level 3 out of 4): [2, 2, 2]
  Shrink factors (level 4 out of 4): [1, 1, 1]
  smoothing sigmas per level: [3, 2, 1, 0]
  regular sampling (percentage = 0.25)

*** Running Euler3DTransform registration ***

DIAGNOSTIC,Iteration,metricValue,convergenceValue,ITERATION_TIME_INDEX,SINCE_LAST
 2DIAGNOSTIC,     1, -5.886347490699e-01, 1.797693134862e+308, 0.0000e+00, 0.0000e+00, 
 2DIAGNOSTIC,     2, -5.895437528664e-01, 1.797693134862e+308, 0.0000e+00, 0.0000e+00, 
 2DIAGNOSTIC,     3, -5.901066560235e-01, 1.797693134862e+308, 0.0000e+00, 0.0000e+00, 
 2DIAGNOSTIC,     4, -5.900450630659e-01, 1.797693134862e+308, 0.0000e+00, 0.0000e+00, 
 2DIAGNOSTIC,     5, -5.900018048334e-01, 1.797693134862e+308, 0.0000e+00, 0.0000e+00, 
 2DIAGNOSTIC,     6, -5.899182037468e-01, 1.797693134862e+308, 0.0000e+00, 0.0000e+00, 
 2DIAGNOSTIC,     7, -5.899182045410e-01, 1.797693134862e+308, 0.0000e+00, 0.0000e+00, 
 2DIAGNOSTIC,     8, -5.899182033792e-01, 1.797693134862e+308, 0.0000e+00, 0.0000e+00, 
 2DIAGNOSTIC,     9, -5.899182033792e-01, 1.797693134862e+308, 0.0000e+00, 0.0000e+00, 
 2DIAGNOSTIC,    10, -5.899182033792e-01, 6.778224619441e-05, 0.0000e+00, 0.0000e+00, 
 2DIAGNOSTIC,    11, -5.899182033792e-01, 3.589415074154e-06, 0.0000e+00, 0.0000e+00, 
DIAGNOSTIC,Iteration,metricValue,convergenceValue,ITERATION_TIME_INDEX,SINCE_LAST
 2DIAGNOSTIC,     1, -4.604614231039e-01, 1.797693134862e+308, 0.0000e+00, 0.0000e+00, 
 2DIAGNOSTIC,     2, -4.605195392575e-01, 1.797693134862e+308, 0.0000e+00, 0.0000e+00, 
 2DIAGNOSTIC,     3, -4.606871874290e-01, 1.797693134862e+308, 0.0000e+00, 0.0000e+00, 
 2DIAGNOSTIC,     4, -4.613963784711e-01, 1.797693134862e+308, 0.0000e+00, 0.0000e+00, 
 2DIAGNOSTIC,     5, -4.623547010666e-01, 1.797693134862e+308, 0.0000e+00, 0.0000e+00, 
 2DIAGNOSTIC,     6, -4.628922459448e-01, 1.797693134862e+308, 0.0000e+00, 0.0000e+00, 
 2DIAGNOSTIC,     7, -4.661248514068e-01, 1.797693134862e+308, 0.0000e+00, 0.0000e+00, 
 2DIAGNOSTIC,     8, -4.678029439334e-01, 1.797693134862e+308, 0.0000e+00, 0.0000e+00, 
 2DIAGNOSTIC,     9, -4.691625052050e-01, 1.797693134862e+308, 0.0000e+00, 0.0000e+00, 
 2DIAGNOSTIC,    10, -4.713289245800e-01, 1.574849899261e-03, 0.0000e+00, 0.0000e+00, 
 2DIAGNOSTIC,    11, -4.734981421165e-01, 1.712178980236e-03, 0.0000e+00, 0.0000e+00, 
 2DIAGNOSTIC,    12, -4.812725758460e-01, 2.065947907693e-03, 0.0000e+00, 0.0000e+00, 
 2DIAGNOSTIC,    13, -4.882354308185e-01, 2.498620415520e-03, 0.0000e+00, 0.0000e+00, 
 2DIAGNOSTIC,    14, -5.013646131319e-01, 3.229658174654e-03, 0.0000e+00, 0.0000e+00, 
 2DIAGNOSTIC,    15, -5.125460459478e-01, 4.037751175995e-03, 0.0000e+00, 0.0000e+00, 
 2DIAGNOSTIC,    16, -5.148250975884e-01, 4.465721095716e-03, 0.0000e+00, 0.0000e+00, 
 2DIAGNOSTIC,    17, -5.148662580828e-01, 4.549259097690e-03, 0.0000e+00, 0.0000e+00, 
 2DIAGNOSTIC,    18, -5.149248028274e-01, 4.262503010254e-03, 0.0000e+00, 0.0000e+00, 
 2DIAGNOSTIC,    19, -5.149227150949e-01, 3.651937400015e-03, 0.0000e+00, 0.0000e+00, 
 2DIAGNOSTIC,    20, -5.149614645188e-01, 2.830294267219e-03, 0.0000e+00, 0.0000e+00, 
 2DIAGNOSTIC,    21, -5.148894170195e-01, 1.887023168294e-03, 0.0000e+00, 0.0000e+00, 
 2DIAGNOSTIC,    22, -5.148756407400e-01, 1.068419484364e-03, 0.0000e+00, 0.0000e+00, 
 2DIAGNOSTIC,    23, -5.148615731126e-01, 3.960873185306e-04, 0.0000e+00, 0.0000e+00, 
 2DIAGNOSTIC,    24, -5.148619201963e-01, 5.683263633472e-05, 0.0000e+00, 0.0000e+00, 
DIAGNOSTIC,Iteration,metricValue,convergenceValue,ITERATION_TIME_INDEX,SINCE_LAST
 2DIAGNOSTIC,     1, -4.457498960355e-01, 1.797693134862e+308, 0.0000e+00, 0.0000e+00, 
 2DIAGNOSTIC,     2, -4.457095682695e-01, 1.797693134862e+308, 0.0000e+00, 0.0000e+00, 
 2DIAGNOSTIC,     3, -4.455907690310e-01, 1.797693134862e+308, 0.0000e+00, 0.0000e+00, 
 2DIAGNOSTIC,     4, -4.456128426546e-01, 1.797693134862e+308, 0.0000e+00, 0.0000e+00, 
 2DIAGNOSTIC,     5, -4.456102794939e-01, 1.797693134862e+308, 0.0000e+00, 0.0000e+00, 
 2DIAGNOSTIC,     6, -4.455986440726e-01, 1.797693134862e+308, 0.0000e+00, 0.0000e+00, 
 2DIAGNOSTIC,     7, -4.455918703874e-01, 1.797693134862e+308, 0.0000e+00, 0.0000e+00, 
 2DIAGNOSTIC,     8, -4.455831223911e-01, 1.797693134862e+308, 0.0000e+00, 0.0000e+00, 
 2DIAGNOSTIC,     9, -4.455740265772e-01, 1.797693134862e+308, 0.0000e+00, 0.0000e+00, 
DIAGNOSTIC,Iteration,metricValue,convergenceValue,ITERATION_TIME_INDEX,SINCE_LAST
 2DIAGNOSTIC,     1, -4.106706112887e-01, 1.797693134862e+308, 0.0000e+00, 0.0000e+00, 
 2DIAGNOSTIC,     2, -4.107784947834e-01, 1.797693134862e+308, 0.0000e+00, 0.0000e+00, 
 2DIAGNOSTIC,     3, -4.106773709409e-01, 1.797693134862e+308, 0.0000e+00, 0.0000e+00, 
 2DIAGNOSTIC,     4, -4.106897735455e-01, 1.797693134862e+308, 0.0000e+00, 0.0000e+00, 
 2DIAGNOSTIC,     5, -4.106902034040e-01, 1.797693134862e+308, 0.0000e+00, 0.0000e+00, 
 2DIAGNOSTIC,     6, -4.106924948586e-01, 1.797693134862e+308, 0.0000e+00, 0.0000e+00, 
 2DIAGNOSTIC,     7, -4.106920475232e-01, 1.797693134862e+308, 0.0000e+00, 0.0000e+00, 
 2DIAGNOSTIC,     8, -4.106921205959e-01, 1.797693134862e+308, 0.0000e+00, 0.0000e+00, 
 2DIAGNOSTIC,     9, -4.106921522587e-01, 1.797693134862e+308, 0.0000e+00, 0.0000e+00, 
  Elapsed time (stage 0): 0.0000e+00


Total elapsed time: 0.0000e+00
VFC_BACKENDS=libinterflop_vprec.so --range-binary32=8 --precision-binary32=8 --range-binary64=8 --precision-binary64=8
Info [verificarlo]: loaded backend libinterflop_vprec.so
Info [interflop-vprec]: load backend with: 
Info [interflop-vprec]: precision-binary32 = 8
Info [interflop-vprec]: range-binary32 = 8
Info [interflop-vprec]: precision-binary64 = 8
Info [interflop-vprec]: range-binary64 = 8
Info [interflop-vprec]: mode = ob
Info [interflop-vprec]: error-mode = rel
Info [interflop-vprec]: max-abs-error-exponent = -1022
Info [interflop-vprec]: daz = false
Info [interflop-vprec]: ftz = false
Info [interflop-vprec]: 	instrument = none
Info [interflop-vprec]: 	prec-input-file = (null)
Info [interflop-vprec]: 	prec-output-file = (null)
Info [interflop-vprec]: 	prec-log-file = (null)
All_Command_lines_OK
Using double precision for computations.
=============================================================================
The composite transform comprises the following transforms (in order): 
  1. /project/rrg-glatard/mdugre/datasets/corr/RawDataBIDS/BMB_1/derivatives/vprec-space_search/0110/r8-p8/sub-0003041/rigid_Composite.h5[0] (type = Euler3DTransform)
  2. /project/rrg-glatard/mdugre/datasets/corr/RawDataBIDS/BMB_1/derivatives/vprec-space_search/0110/r8-p8/sub-0003041/rigid_Composite.h5[1] (type = Euler3DTransform)
  3. /project/rrg-glatard/mdugre/datasets/corr/RawDataBIDS/BMB_1/derivatives/vprec-space_search/0110/r8-p8/sub-0003041/rigid_Composite.h5[2] (type = Euler3DTransform)
=============================================================================
  number of levels = 4
  fixed image: /templateflow/tpl-MNI152NLin2009cAsym/tpl-MNI152NLin2009cAsym_res-01_desc-brain_T1w.nii.gz
  moving image: /project/rrg-glatard/mdugre/datasets/corr/RawDataBIDS/BMB_1/derivatives/antsBrainExtraction/sub-0003041/BrainExtractionBrain.nii.gz
Dimension = 3
Number of stages = 1
Use histogram matching = false
Winsorize image intensities = true
  Lower quantile = 0.005
  Upper quantile = 0.995


Stage 1 State
   Image metric = MattesMI
     Fixed image = Image (0x47fc300)
  RTTI typeinfo:   itk::Image<double, 3u>
  Reference Count: 2
  Modified Time: 1592
  Debug: Off
  Object Name: 
  Observers: 
    none
  Source: (none)
  Source output name: (none)
  Release Data: Off
  Data Released: False
  Global Release Data: Off
  PipelineMTime: 0
  UpdateMTime: 1203
  RealTimeStamp: 0 seconds 
  LargestPossibleRegion: 
    Dimension: 3
    Index: [0, 0, 0]
    Size: [193, 229, 193]
  BufferedRegion: 
    Dimension: 3
    Index: [0, 0, 0]
    Size: [193, 229, 193]
  RequestedRegion: 
    Dimension: 3
    Index: [0, 0, 0]
    Size: [193, 229, 193]
  Spacing: [1, 1, 1]
  Origin: [96, 132, -78]
  Direction: 
-1 0 0
0 -1 0
0 0 1

  IndexToPointMatrix: 
-1 0 0
0 -1 0
0 0 1

  PointToIndexMatrix: 
-1 0 0
0 -1 0
0 0 1

  Inverse Direction: 
-1 0 0
0 -1 0
0 0 1

  PixelContainer: 
    ImportImageContainer (0x4874c30)
      RTTI typeinfo:   itk::ImportImageContainer<unsigned long, double>
      Reference Count: 1
      Modified Time: 1200
      Debug: Off
      Object Name: 
      Observers: 
        none
      Pointer: 0x150301993010
      Container manages memory: true
      Size: 8530021
      Capacity: 8530021

     Moving image = Image (0x48b71a0)
  RTTI typeinfo:   itk::Image<double, 3u>
  Reference Count: 2
  Modified Time: 1593
  Debug: Off
  Object Name: 
  Observers: 
    none
  Source: (none)
  Source output name: (none)
  Release Data: Off
  Data Released: False
  Global Release Data: Off
  PipelineMTime: 0
  UpdateMTime: 1590
  RealTimeStamp: 0 seconds 
  LargestPossibleRegion: 
    Dimension: 3
    Index: [0, 0, 0]
    Size: [176, 256, 256]
  BufferedRegion: 
    Dimension: 3
    Index: [0, 0, 0]
    Size: [176, 256, 256]
  RequestedRegion: 
    Dimension: 3
    Index: [0, 0, 0]
    Size: [176, 256, 256]
  Spacing: [1, 1, 1]
  Origin: [-92.25, 108.25, -119.25]
  Direction: 
1 0 0
0 -1 0
0 0 1

  IndexToPointMatrix: 
1 0 0
0 -1 0
0 0 1

  PointToIndexMatrix: 
1 0 0
0 -1 0
0 0 1

  Inverse Direction: 
1 0 0
0 -1 0
0 0 1

  PixelContainer: 
    ImportImageContainer (0x4884d70)
      RTTI typeinfo:   itk::ImportImageContainer<unsigned long, double>
      Reference Count: 1
      Modified Time: 1587
      Debug: Off
      Object Name: 
      Observers: 
        none
      Pointer: 0x1502fc192010
      Container manages memory: true
      Size: 11534336
      Capacity: 11534336

     Weighting = 1
     Sampling strategy = regular
     Number of bins = 32
     Radius = 4
     Sampling percentage  = 0.25
   Transform = Affine
     Gradient step = 0.1
     Update field sigma (voxel space) = 0
     Total field sigma (voxel space) = 0
     Update field time sigma = 0
     Total field time sigma  = 0
     Number of time indices = 0
     Number of time point samples = 0
Registration using 1 total stages.

Stage 0
  iterations = 1000x500x250x100
  convergence threshold = 1e-06
  convergence window size = 10
  number of levels = 4
  using the Mattes MI metric (number of bins = 32, weight = 1, use gradient filter = 0)
  preprocessing:  winsorizing the image intensities
  Shrink factors (level 1 out of 4): [8, 8, 8]
  Shrink factors (level 2 out of 4): [4, 4, 4]
  Shrink factors (level 3 out of 4): [2, 2, 2]
  Shrink factors (level 4 out of 4): [1, 1, 1]
  smoothing sigmas per level: [3, 2, 1, 0]
  regular sampling (percentage = 0.25)

*** Running AffineTransform registration ***

DIAGNOSTIC,Iteration,metricValue,convergenceValue,ITERATION_TIME_INDEX,SINCE_LAST
 2DIAGNOSTIC,     1, -6.593924002345e-01, 1.797693134862e+308, 0.0000e+00, 0.0000e+00, 
 2DIAGNOSTIC,     2, -6.615165742761e-01, 1.797693134862e+308, 0.0000e+00, 0.0000e+00, 
 2DIAGNOSTIC,     3, -6.639691841113e-01, 1.797693134862e+308, 0.0000e+00, 0.0000e+00, 
 2DIAGNOSTIC,     4, -6.658594303973e-01, 1.797693134862e+308, 0.0000e+00, 0.0000e+00, 
 2DIAGNOSTIC,     5, -6.700817743357e-01, 1.797693134862e+308, 0.0000e+00, 0.0000e+00, 
 2DIAGNOSTIC,     6, -6.789719901901e-01, 1.797693134862e+308, 0.0000e+00, 0.0000e+00, 
 2DIAGNOSTIC,     7, -6.906963820704e-01, 1.797693134862e+308, 0.0000e+00, 0.0000e+00, 
 2DIAGNOSTIC,     8, -7.178836680764e-01, 1.797693134862e+308, 0.0000e+00, 0.0000e+00, 
 2DIAGNOSTIC,     9, -7.603297171155e-01, 1.797693134862e+308, 0.0000e+00, 0.0000e+00, 
 2DIAGNOSTIC,    10, -8.328107759327e-01, 1.261933146716e-02, 0.0000e+00, 0.0000e+00, 
 2DIAGNOSTIC,    11, -8.992113962433e-01, 1.712649670506e-02, 0.0000e+00, 0.0000e+00, 
 2DIAGNOSTIC,    12, -9.044464592783e-01, 1.941252051084e-02, 0.0000e+00, 0.0000e+00, 
 2DIAGNOSTIC,    13, -9.089337931091e-01, 1.978299221457e-02, 0.0000e+00, 0.0000e+00, 
 2DIAGNOSTIC,    14, -9.106619356255e-01, 1.841721532689e-02, 0.0000e+00, 0.0000e+00, 
 2DIAGNOSTIC,    15, -9.117008905768e-01, 1.570761826450e-02, 0.0000e+00, 0.0000e+00, 
 2DIAGNOSTIC,    16, -9.120622247909e-01, 1.216831296518e-02, 0.0000e+00, 0.0000e+00, 
 2DIAGNOSTIC,    17, -9.127474061747e-01, 8.278195029857e-03, 0.0000e+00, 0.0000e+00, 
 2DIAGNOSTIC,    18, -9.121949684232e-01, 4.670797138768e-03, 0.0000e+00, 0.0000e+00, 
 2DIAGNOSTIC,    19, -9.133494101207e-01, 1.860644648982e-03, 0.0000e+00, 0.0000e+00, 
 2DIAGNOSTIC,    20, -9.138750242738e-01, 4.551180671176e-04, 0.0000e+00, 0.0000e+00, 
 2DIAGNOSTIC,    21, -9.133614271267e-01, 2.584750957445e-04, 0.0000e+00, 0.0000e+00, 
 2DIAGNOSTIC,    22, -9.143378793381e-01, 1.554481495844e-04, 0.0000e+00, 0.0000e+00, 
 2DIAGNOSTIC,    23, -9.144038247242e-01, 1.158232946074e-04, 0.0000e+00, 0.0000e+00, 
 2DIAGNOSTIC,    24, -9.144168855338e-01, 9.369481165770e-05, 0.0000e+00, 0.0000e+00, 
 2DIAGNOSTIC,    25, -9.144168855338e-01, 7.898294965503e-05, 0.0000e+00, 0.0000e+00, 
 2DIAGNOSTIC,    26, -9.144178354297e-01, 6.282062609307e-05, 0.0000e+00, 0.0000e+00, 
 2DIAGNOSTIC,    27, -9.145645063762e-01, 5.292038315626e-05, 0.0000e+00, 0.0000e+00, 
 2DIAGNOSTIC,    28, -9.145645063762e-01, 3.155896162593e-05, 0.0000e+00, 0.0000e+00, 
 2DIAGNOSTIC,    29, -9.145903384421e-01, 2.258430799374e-05, 0.0000e+00, 0.0000e+00, 
 2DIAGNOSTIC,    30, -9.145903384421e-01, 1.838085707321e-05, 0.0000e+00, 0.0000e+00, 
 2DIAGNOSTIC,    31, -9.145903384421e-01, 6.850940148601e-06, 0.0000e+00, 0.0000e+00, 
 2DIAGNOSTIC,    32, -9.145903384421e-01, 5.675584421029e-06, 0.0000e+00, 0.0000e+00, 
 2DIAGNOSTIC,    33, -9.145903384421e-01, 4.698691237565e-06, 0.0000e+00, 0.0000e+00, 
 2DIAGNOSTIC,    34, -9.145903384421e-01, 3.486887094312e-06, 0.0000e+00, 0.0000e+00, 
 2DIAGNOSTIC,    35, -9.145903384421e-01, 2.033963988825e-06, 0.0000e+00, 0.0000e+00, 
DIAGNOSTIC,Iteration,metricValue,convergenceValue,ITERATION_TIME_INDEX,SINCE_LAST
 2DIAGNOSTIC,     1, -7.096365773463e-01, 1.797693134862e+308, 0.0000e+00, 0.0000e+00, 
 2DIAGNOSTIC,     2, -7.098048667651e-01, 1.797693134862e+308, 0.0000e+00, 0.0000e+00, 
 2DIAGNOSTIC,     3, -7.098384895939e-01, 1.797693134862e+308, 0.0000e+00, 0.0000e+00, 
 2DIAGNOSTIC,     4, -7.098877812306e-01, 1.797693134862e+308, 0.0000e+00, 0.0000e+00, 
 2DIAGNOSTIC,     5, -7.098417416446e-01, 1.797693134862e+308, 0.0000e+00, 0.0000e+00, 
 2DIAGNOSTIC,     6, -7.099182960990e-01, 1.797693134862e+308, 0.0000e+00, 0.0000e+00, 
 2DIAGNOSTIC,     7, -7.099916310892e-01, 1.797693134862e+308, 0.0000e+00, 0.0000e+00, 
 2DIAGNOSTIC,     8, -7.101135682136e-01, 1.797693134862e+308, 0.0000e+00, 0.0000e+00, 
 2DIAGNOSTIC,     9, -7.101166534971e-01, 1.797693134862e+308, 0.0000e+00, 0.0000e+00, 
 2DIAGNOSTIC,    10, -7.101195359045e-01, 4.044300425014e-05, 0.0000e+00, 0.0000e+00, 
 2DIAGNOSTIC,    11, -7.101195359045e-01, 3.130938155228e-05, 0.0000e+00, 0.0000e+00, 
 2DIAGNOSTIC,    12, -7.101195359045e-01, 2.640894501883e-05, 0.0000e+00, 0.0000e+00, 
 2DIAGNOSTIC,    13, -7.101195359045e-01, 2.082710666923e-05, 0.0000e+00, 0.0000e+00, 
 2DIAGNOSTIC,    14, -7.101195359045e-01, 1.564243210231e-05, 0.0000e+00, 0.0000e+00, 
 2DIAGNOSTIC,    15, -7.101195359045e-01, 8.506764702987e-06, 0.0000e+00, 0.0000e+00, 
 2DIAGNOSTIC,    16, -7.101195359045e-01, 3.384105703191e-06, 0.0000e+00, 0.0000e+00, 
DIAGNOSTIC,Iteration,metricValue,convergenceValue,ITERATION_TIME_INDEX,SINCE_LAST
 2DIAGNOSTIC,     1, -5.922067003539e-01, 1.797693134862e+308, 0.0000e+00, 0.0000e+00, 
 2DIAGNOSTIC,     2, -5.922267325671e-01, 1.797693134862e+308, 0.0000e+00, 0.0000e+00, 
 2DIAGNOSTIC,     3, -5.921812096378e-01, 1.797693134862e+308, 0.0000e+00, 0.0000e+00, 
 2DIAGNOSTIC,     4, -5.922131651747e-01, 1.797693134862e+308, 0.0000e+00, 0.0000e+00, 
 2DIAGNOSTIC,     5, -5.922171223825e-01, 1.797693134862e+308, 0.0000e+00, 0.0000e+00, 
 2DIAGNOSTIC,     6, -5.922666764729e-01, 1.797693134862e+308, 0.0000e+00, 0.0000e+00, 
 2DIAGNOSTIC,     7, -5.923182092707e-01, 1.797693134862e+308, 0.0000e+00, 0.0000e+00, 
 2DIAGNOSTIC,     8, -5.923543151319e-01, 1.797693134862e+308, 0.0000e+00, 0.0000e+00, 
 2DIAGNOSTIC,     9, -5.923719239968e-01, 1.797693134862e+308, 0.0000e+00, 0.0000e+00, 
 2DIAGNOSTIC,    10, -5.923887332624e-01, 2.341164472999e-05, 0.0000e+00, 0.0000e+00, 
 2DIAGNOSTIC,    11, -5.924354691248e-01, 2.505445248224e-05, 0.0000e+00, 0.0000e+00, 
 2DIAGNOSTIC,    12, -5.924325217890e-01, 2.485031857671e-05, 0.0000e+00, 0.0000e+00, 
 2DIAGNOSTIC,    13, -5.924462592050e-01, 2.125915767931e-05, 0.0000e+00, 0.0000e+00, 
 2DIAGNOSTIC,    14, -5.924353092710e-01, 1.700973831557e-05, 0.0000e+00, 0.0000e+00, 
 2DIAGNOSTIC,    15, -5.924350069431e-01, 1.188006139775e-05, 0.0000e+00, 0.0000e+00, 
 2DIAGNOSTIC,    16, -5.924326154783e-01, 7.674986140044e-06, 0.0000e+00, 0.0000e+00, 
 2DIAGNOSTIC,    17, -5.924281276737e-01, 4.561617460340e-06, 0.0000e+00, 0.0000e+00, 
 2DIAGNOSTIC,    18, -5.924308079223e-01, 2.418429726155e-06, 0.0000e+00, 0.0000e+00, 
DIAGNOSTIC,Iteration,metricValue,convergenceValue,ITERATION_TIME_INDEX,SINCE_LAST
 2DIAGNOSTIC,     1, -5.267383656323e-01, 1.797693134862e+308, 0.0000e+00, 0.0000e+00, 
 2DIAGNOSTIC,     2, -5.277905127435e-01, 1.797693134862e+308, 0.0000e+00, 0.0000e+00, 
 2DIAGNOSTIC,     3, -5.278263548599e-01, 1.797693134862e+308, 0.0000e+00, 0.0000e+00, 
 2DIAGNOSTIC,     4, -5.278262774976e-01, 1.797693134862e+308, 0.0000e+00, 0.0000e+00, 
 2DIAGNOSTIC,     5, -5.278276521638e-01, 1.797693134862e+308, 0.0000e+00, 0.0000e+00, 
 2DIAGNOSTIC,     6, -5.278308731020e-01, 1.797693134862e+308, 0.0000e+00, 0.0000e+00, 
 2DIAGNOSTIC,     7, -5.278282269948e-01, 1.797693134862e+308, 0.0000e+00, 0.0000e+00, 
 2DIAGNOSTIC,     8, -5.278299424841e-01, 1.797693134862e+308, 0.0000e+00, 0.0000e+00, 
 2DIAGNOSTIC,     9, -5.278312453728e-01, 1.797693134862e+308, 0.0000e+00, 0.0000e+00, 
 2DIAGNOSTIC,    10, -5.278342434769e-01, 6.120543383871e-05, 0.0000e+00, 0.0000e+00, 
 2DIAGNOSTIC,    11, -5.278333020677e-01, 2.636376798329e-06, 0.0000e+00, 0.0000e+00, 
  Elapsed time (stage 0): 0.0000e+00


Total elapsed time: 0.0000e+00
VFC_BACKENDS=libinterflop_ieee.so
Info [verificarlo]: loaded backend libinterflop_ieee.so
Info [interflop-ieee]: load backend with:
Info [interflop-ieee]: debug = false
Info [interflop-ieee]: debug-binary = false
Info [interflop-ieee]: no-backend-name = false
Info [interflop-ieee]: print-new-line = false
Info [interflop-ieee]: print-subnormal-normalized = false
Info [interflop-ieee]: count-op = false
All_Command_lines_OK
Using double precision for computations.
=============================================================================
The composite transform comprises the following transforms (in order): 
  1. /project/rrg-glatard/mdugre/datasets/corr/RawDataBIDS/BMB_1/derivatives/vprec-space_search/0110/r8-p8/sub-0003041/affine_Composite.h5[0] (type = Euler3DTransform)
  2. /project/rrg-glatard/mdugre/datasets/corr/RawDataBIDS/BMB_1/derivatives/vprec-space_search/0110/r8-p8/sub-0003041/affine_Composite.h5[1] (type = Euler3DTransform)
  3. /project/rrg-glatard/mdugre/datasets/corr/RawDataBIDS/BMB_1/derivatives/vprec-space_search/0110/r8-p8/sub-0003041/affine_Composite.h5[2] (type = Euler3DTransform)
  4. /project/rrg-glatard/mdugre/datasets/corr/RawDataBIDS/BMB_1/derivatives/vprec-space_search/0110/r8-p8/sub-0003041/affine_Composite.h5[3] (type = AffineTransform)
=============================================================================
  number of levels = 4
  fixed image: /templateflow/tpl-MNI152NLin2009cAsym/tpl-MNI152NLin2009cAsym_res-01_desc-brain_T1w.nii.gz
  moving image: /project/rrg-glatard/mdugre/datasets/corr/RawDataBIDS/BMB_1/derivatives/antsBrainExtraction/sub-0003041/BrainExtractionBrain.nii.gz
Dimension = 3
Number of stages = 1
Use histogram matching = false
Winsorize image intensities = true
  Lower quantile = 0.005
  Upper quantile = 0.995


Stage 1 State
   Image metric = CC
     Fixed image = Image (0x38ff810)
  RTTI typeinfo:   itk::Image<double, 3u>
  Reference Count: 2
  Modified Time: 1606
  Debug: Off
  Object Name: 
  Observers: 
    none
  Source: (none)
  Source output name: (none)
  Release Data: Off
  Data Released: False
  Global Release Data: Off
  PipelineMTime: 0
  UpdateMTime: 1217
  RealTimeStamp: 0 seconds 
  LargestPossibleRegion: 
    Dimension: 3
    Index: [0, 0, 0]
    Size: [193, 229, 193]
  BufferedRegion: 
    Dimension: 3
    Index: [0, 0, 0]
    Size: [193, 229, 193]
  RequestedRegion: 
    Dimension: 3
    Index: [0, 0, 0]
    Size: [193, 229, 193]
  Spacing: [1, 1, 1]
  Origin: [96, 132, -78]
  Direction: 
-1 0 0
0 -1 0
0 0 1

  IndexToPointMatrix: 
-1 0 0
0 -1 0
0 0 1

  PointToIndexMatrix: 
-1 0 0
0 -1 0
0 0 1

  Inverse Direction: 
-1 0 0
0 -1 0
0 0 1

  PixelContainer: 
    ImportImageContainer (0x3977fb0)
      RTTI typeinfo:   itk::ImportImageContainer<unsigned long, double>
      Reference Count: 1
      Modified Time: 1214
      Debug: Off
      Object Name: 
      Observers: 
        none
      Pointer: 0x14deae609010
      Container manages memory: true
      Size: 8530021
      Capacity: 8530021

     Moving image = Image (0x39ba5b0)
  RTTI typeinfo:   itk::Image<double, 3u>
  Reference Count: 2
  Modified Time: 1607
  Debug: Off
  Object Name: 
  Observers: 
    none
  Source: (none)
  Source output name: (none)
  Release Data: Off
  Data Released: False
  Global Release Data: Off
  PipelineMTime: 0
  UpdateMTime: 1604
  RealTimeStamp: 0 seconds 
  LargestPossibleRegion: 
    Dimension: 3
    Index: [0, 0, 0]
    Size: [176, 256, 256]
  BufferedRegion: 
    Dimension: 3
    Index: [0, 0, 0]
    Size: [176, 256, 256]
  RequestedRegion: 
    Dimension: 3
    Index: [0, 0, 0]
    Size: [176, 256, 256]
  Spacing: [1, 1, 1]
  Origin: [-92.3193, 108.325, -119.169]
  Direction: 
1 0 0
0 -1 0
0 0 1

  IndexToPointMatrix: 
1 0 0
0 -1 0
0 0 1

  PointToIndexMatrix: 
1 0 0
0 -1 0
0 0 1

  Inverse Direction: 
1 0 0
0 -1 0
0 0 1

  PixelContainer: 
    ImportImageContainer (0x396ff90)
      RTTI typeinfo:   itk::ImportImageContainer<unsigned long, double>
      Reference Count: 1
      Modified Time: 1601
      Debug: Off
      Object Name: 
      Observers: 
        none
      Pointer: 0x14dea8e08010
      Container manages memory: true
      Size: 11534336
      Capacity: 11534336

     Weighting = 1
     Sampling strategy = none
     Number of bins = 32
     Radius = 4
     Sampling percentage  = 1
   Transform = SyN
     Gradient step = 0.1
     Update field sigma (voxel space) = 3
     Total field sigma (voxel space) = 0
     Update field time sigma = 0
     Total field time sigma  = 0
     Number of time indices = 0
     Number of time point samples = 0
Registration using 1 total stages.

Stage 0
  iterations = 100x70x50x20
  convergence threshold = 1e-06
  convergence window size = 10
  number of levels = 4
  using the CC metric (radius = 4, weight = 1, use gradient filter = 0)
  preprocessing:  winsorizing the image intensities
  Shrink factors (level 1 out of 4): [8, 8, 8]
  Shrink factors (level 2 out of 4): [4, 4, 4]
  Shrink factors (level 3 out of 4): [2, 2, 2]
  Shrink factors (level 4 out of 4): [1, 1, 1]
  smoothing sigmas per level: [3, 2, 1, 0]
  Using default NONE metricSamplingStrategy 

*** Running SyN registration (varianceForUpdateField = 3, varianceForTotalField = 0) ***

XXDIAGNOSTIC,Iteration,metricValue,convergenceValue,ITERATION_TIME_INDEX,SINCE_LAST
 1DIAGNOSTIC,     1, -9.057799111345e-01, 1.797693134862e+308, 1.4788e+00, 1.4788e+00, 
 1DIAGNOSTIC,     2, -9.150426392746e-01, 1.797693134862e+308, 1.8078e+00, 3.2900e-01, 
 1DIAGNOSTIC,     3, -9.232471259216e-01, 1.797693134862e+308, 2.1569e+00, 3.4910e-01, 
 1DIAGNOSTIC,     4, -9.295393392551e-01, 1.797693134862e+308, 2.4853e+00, 3.2845e-01, 
 1DIAGNOSTIC,     5, -9.345692553125e-01, 1.797693134862e+308, 2.8106e+00, 3.2523e-01, 
 1DIAGNOSTIC,     6, -9.388411858822e-01, 1.797693134862e+308, 3.1358e+00, 3.2526e-01, 
 1DIAGNOSTIC,     7, -9.432291604581e-01, 1.797693134862e+308, 3.4614e+00, 3.2555e-01, 
 1DIAGNOSTIC,     8, -9.470780215324e-01, 1.797693134862e+308, 3.7896e+00, 3.2819e-01, 
 1DIAGNOSTIC,     9, -9.510774891104e-01, 1.797693134862e+308, 4.1151e+00, 3.2549e-01, 
 1DIAGNOSTIC,    10, -9.546135637800e-01, 3.171148295995e-03, 4.4483e+00, 3.3326e-01, 
 1DIAGNOSTIC,    11, -9.574266510985e-01, 2.526820128798e-03, 4.7810e+00, 3.3267e-01, 
 1DIAGNOSTIC,    12, -9.593342874150e-01, 2.043957086154e-03, 5.1083e+00, 3.2731e-01, 
 1DIAGNOSTIC,    13, -9.593149169052e-01, 1.640758249162e-03, 5.4412e+00, 3.3286e-01, 
 1DIAGNOSTIC,    14, -9.605663334452e-01, 1.309227335793e-03, 5.7707e+00, 3.2954e-01, 
 1DIAGNOSTIC,    15, -9.603830050604e-01, 9.990638949877e-04, 6.0985e+00, 3.2784e-01, 
 1DIAGNOSTIC,    16, -9.612474622406e-01, 7.325041775771e-04, 6.4254e+00, 3.2686e-01, 
 1DIAGNOSTIC,    17, -9.610256379271e-01, 5.034452934897e-04, 6.7564e+00, 3.3100e-01, 
 1DIAGNOSTIC,    18, -9.615848082029e-01, 3.271418280216e-04, 7.1055e+00, 3.4911e-01, 
 1DIAGNOSTIC,    19, -9.613467510610e-01, 1.980408325178e-04, 7.4349e+00, 3.2936e-01, 
 1DIAGNOSTIC,    20, -9.618146293396e-01, 1.230745956238e-04, 7.8205e+00, 3.8563e-01, 
 1DIAGNOSTIC,    21, -9.615647452068e-01, 7.985621233558e-05, 8.1741e+00, 3.5359e-01, 
 1DIAGNOSTIC,    22, -9.620279342000e-01, 6.586809089967e-05, 8.5016e+00, 3.2746e-01, 
 1DIAGNOSTIC,    23, -9.617663173337e-01, 4.290863661734e-05, 8.8278e+00, 3.2627e-01, 
 1DIAGNOSTIC,    24, -9.622105750002e-01, 3.940383946613e-05, 9.1544e+00, 3.2662e-01, 
 1DIAGNOSTIC,    25, -9.619417064262e-01, 2.681014916890e-05, 9.4821e+00, 3.2762e-01, 
 1DIAGNOSTIC,    26, -9.623695580416e-01, 2.787054416039e-05, 9.8088e+00, 3.2677e-01, 
 1DIAGNOSTIC,    27, -9.620958260982e-01, 2.057911873452e-05, 1.0136e+01, 3.2705e-01, 
 1DIAGNOSTIC,    28, -9.625037170928e-01, 2.249367508275e-05, 1.0468e+01, 3.3162e-01, 
 1DIAGNOSTIC,    29, -9.622257125153e-01, 1.671680157842e-05, 1.0796e+01, 3.2812e-01, 
 1DIAGNOSTIC,    30, -9.626075487110e-01, 1.848726842954e-05, 1.1125e+01, 3.2977e-01, 
 1DIAGNOSTIC,    31, -9.623277577775e-01, 1.318531488482e-05, 1.1459e+01, 3.3364e-01, 
 1DIAGNOSTIC,    32, -9.626847624043e-01, 1.487938538994e-05, 1.1793e+01, 3.3390e-01, 
 1DIAGNOSTIC,    33, -9.624077217964e-01, 1.009622824017e-05, 1.2123e+01, 3.3004e-01, 
 1DIAGNOSTIC,    34, -9.627457205563e-01, 1.174489597993e-05, 1.2452e+01, 3.2875e-01, 
 1DIAGNOSTIC,    35, -9.624752604508e-01, 7.506734409406e-06, 1.2780e+01, 3.2850e-01, 
 1DIAGNOSTIC,    36, -9.627928458902e-01, 9.192819878344e-06, 1.3109e+01, 3.2860e-01, 
 1DIAGNOSTIC,    37, -9.625324585503e-01, 5.540103511014e-06, 1.3436e+01, 3.2674e-01, 
 1DIAGNOSTIC,    38, -9.628759768472e-01, 7.657019580845e-06, 1.3788e+01, 3.5216e-01, 
 1DIAGNOSTIC,    39, -9.626261041969e-01, 4.833778571193e-06, 1.4161e+01, 3.7375e-01, 
 1DIAGNOSTIC,    40, -9.629111855256e-01, 6.858927745407e-06, 1.4488e+01, 3.2669e-01, 
 1DIAGNOSTIC,    41, -9.627026548678e-01, 4.539079991379e-06, 1.4815e+01, 3.2689e-01, 
 1DIAGNOSTIC,    42, -9.629714923140e-01, 6.510319856677e-06, 1.5141e+01, 3.2633e-01, 
 1DIAGNOSTIC,    43, -9.627438145187e-01, 4.229706942707e-06, 1.5468e+01, 3.2690e-01, 
 1DIAGNOSTIC,    44, -9.629974395699e-01, 5.824536484695e-06, 1.5796e+01, 3.2741e-01, 
 1DIAGNOSTIC,    45, -9.627800980382e-01, 3.535884760559e-06, 1.6123e+01, 3.2702e-01, 
 1DIAGNOSTIC,    46, -9.630196840138e-01, 4.772353104199e-06, 1.6450e+01, 3.2715e-01, 
 1DIAGNOSTIC,    47, -9.628135317809e-01, 2.510941149201e-06, 1.6776e+01, 3.2635e-01, 
 1DIAGNOSTIC,    48, -9.630463215088e-01, 3.826436187949e-06, 1.7109e+01, 3.3256e-01, 
 1DIAGNOSTIC,    49, -9.628470185553e-01, 1.975251835845e-06, 1.7435e+01, 3.2605e-01, 
 1DIAGNOSTIC,    50, -9.630709759569e-01, 3.171082811230e-06, 1.7761e+01, 3.2622e-01, 
 1DIAGNOSTIC,    51, -9.628764548130e-01, 1.648863697964e-06, 1.8087e+01, 3.2627e-01, 
 1DIAGNOSTIC,    52, -9.630953481709e-01, 2.946742736921e-06, 1.8437e+01, 3.5008e-01, 
 1DIAGNOSTIC,    53, -9.629034869157e-01, 1.545719589192e-06, 1.8765e+01, 3.2730e-01, 
 1DIAGNOSTIC,    54, -9.631222906488e-01, 2.772708245231e-06, 1.9097e+01, 3.3230e-01, 
 1DIAGNOSTIC,    55, -9.629309002511e-01, 1.469270021544e-06, 1.9423e+01, 3.2575e-01, 
 1DIAGNOSTIC,    56, -9.631521002970e-01, 2.634543656416e-06, 1.9750e+01, 3.2674e-01, 
 1DIAGNOSTIC,    57, -9.629583109456e-01, 1.411039905443e-06, 2.0095e+01, 3.4584e-01, 
 1DIAGNOSTIC,    58, -9.631834874265e-01, 2.553278839471e-06, 2.0422e+01, 3.2645e-01, 
 1DIAGNOSTIC,    59, -9.629875861331e-01, 1.412413677421e-06, 2.0749e+01, 3.2712e-01, 
 1DIAGNOSTIC,    60, -9.632170673261e-01, 2.527546694584e-06, 2.1096e+01, 3.4720e-01, 
 1DIAGNOSTIC,    61, -9.630183613007e-01, 1.439899274650e-06, 2.1423e+01, 3.2718e-01, 
 1DIAGNOSTIC,    62, -9.632514450647e-01, 2.519433247999e-06, 2.1755e+01, 3.3192e-01, 
 1DIAGNOSTIC,    63, -9.630505286321e-01, 1.462321017848e-06, 2.2082e+01, 3.2697e-01, 
 1DIAGNOSTIC,    64, -9.632859955344e-01, 2.507578437384e-06, 2.2408e+01, 3.2591e-01, 
 1DIAGNOSTIC,    65, -9.630835874910e-01, 1.471647769691e-06, 2.2734e+01, 3.2623e-01, 
 1DIAGNOSTIC,    66, -9.633191996416e-01, 2.480170288182e-06, 2.3061e+01, 3.2640e-01, 
 1DIAGNOSTIC,    67, -9.631149828097e-01, 1.447294950205e-06, 2.3388e+01, 3.2702e-01, 
 1DIAGNOSTIC,    68, -9.633481778783e-01, 2.403715867235e-06, 2.3714e+01, 3.2654e-01, 
 1DIAGNOSTIC,    69, -9.631432026312e-01, 1.367375022069e-06, 2.4072e+01, 3.5768e-01, 
 1DIAGNOSTIC,    70, -9.633750592429e-01, 2.279794303119e-06, 2.4399e+01, 3.2693e-01, 
 1DIAGNOSTIC,    71, -9.631703685163e-01, 1.251500784777e-06, 2.4725e+01, 3.2642e-01, 
 1DIAGNOSTIC,    72, -9.634013514363e-01, 2.136313191958e-06, 2.5052e+01, 3.2629e-01, 
 1DIAGNOSTIC,    73, -9.631963839354e-01, 1.132095916030e-06, 2.5379e+01, 3.2754e-01, 
 1DIAGNOSTIC,    74, -9.634217359924e-01, 1.983737517423e-06, 2.5707e+01, 3.2832e-01, 
 1DIAGNOSTIC,    75, -9.632178092907e-01, 1.005602907028e-06, 2.6042e+01, 3.3413e-01, 
 1DIAGNOSTIC,    76, -9.634966165970e-01, 2.051561557671e-06, 2.6378e+01, 3.3591e-01, 
 1DIAGNOSTIC,    77, -9.632988310426e-01, 1.309506032077e-06, 2.6719e+01, 3.4100e-01, 
 1DIAGNOSTIC,    78, -9.635108414537e-01, 2.240437111001e-06, 2.7067e+01, 3.4862e-01, 
 1DIAGNOSTIC,    79, -9.633114383990e-01, 1.410662765362e-06, 2.7412e+01, 3.4464e-01, 
 1DIAGNOSTIC,    80, -9.635220933201e-01, 2.187838142122e-06, 2.7758e+01, 3.4670e-01, 
 1DIAGNOSTIC,    81, -9.633243110311e-01, 1.250844393053e-06, 2.8104e+01, 3.4555e-01, 
 1DIAGNOSTIC,    82, -9.635296471226e-01, 1.873072876036e-06, 2.8447e+01, 3.4293e-01, 
 1DIAGNOSTIC,    83, -9.633347749649e-01, 8.692373599899e-07, 2.8785e+01, 3.3809e-01, 
XXDIAGNOSTIC,Iteration,metricValue,convergenceValue,ITERATION_TIME_INDEX,SINCE_LAST
 1DIAGNOSTIC,     1, -8.998370633358e-01, 1.797693134862e+308, 3.3110e+01, 4.3245e+00, 
 1DIAGNOSTIC,     2, -9.030823461260e-01, 1.797693134862e+308, 3.6310e+01, 3.2000e+00, 
 1DIAGNOSTIC,     3, -9.071213966398e-01, 1.797693134862e+308, 3.9281e+01, 2.9711e+00, 
 1DIAGNOSTIC,     4, -9.104641060479e-01, 1.797693134862e+308, 4.2253e+01, 2.9718e+00, 
 1DIAGNOSTIC,     5, -9.135619342101e-01, 1.797693134862e+308, 4.5191e+01, 2.9381e+00, 
 1DIAGNOSTIC,     6, -9.162901082080e-01, 1.797693134862e+308, 4.8098e+01, 2.9076e+00, 
 1DIAGNOSTIC,     7, -9.185945873860e-01, 1.797693134862e+308, 5.0954e+01, 2.8555e+00, 
 1DIAGNOSTIC,     8, -9.205043584273e-01, 1.797693134862e+308, 5.3863e+01, 2.9093e+00, 
 1DIAGNOSTIC,     9, -9.221445576782e-01, 1.797693134862e+308, 5.6775e+01, 2.9117e+00, 
 1DIAGNOSTIC,    10, -9.235628164055e-01, 1.683876124681e-03, 5.9691e+01, 2.9160e+00, 
 1DIAGNOSTIC,    11, -9.248065396046e-01, 1.356439688875e-03, 6.2695e+01, 3.0045e+00, 
 1DIAGNOSTIC,    12, -9.259212801093e-01, 1.073694813766e-03, 6.5626e+01, 2.9309e+00, 
 1DIAGNOSTIC,    13, -9.266790185605e-01, 8.513731934600e-04, 6.8576e+01, 2.9501e+00, 
 1DIAGNOSTIC,    14, -9.276339985305e-01, 6.781543638680e-04, 7.1559e+01, 2.9832e+00, 
 1DIAGNOSTIC,    15, -9.282637097745e-01, 5.424282220724e-04, 7.4527e+01, 2.9672e+00, 
 1DIAGNOSTIC,    16, -9.288616827561e-01, 4.378486076954e-04, 7.7738e+01, 3.2114e+00, 
 1DIAGNOSTIC,    17, -9.294390101750e-01, 3.574205811255e-04, 8.0777e+01, 3.0390e+00, 
 1DIAGNOSTIC,    18, -9.298537924836e-01, 2.925929614727e-04, 8.3804e+01, 3.0265e+00, 
 1DIAGNOSTIC,    19, -9.303786043265e-01, 2.425178169940e-04, 8.6860e+01, 3.0566e+00, 
 1DIAGNOSTIC,    20, -9.307348790875e-01, 2.020995589759e-04, 8.9925e+01, 3.0645e+00, 
 1DIAGNOSTIC,    21, -9.310441755039e-01, 1.694324490587e-04, 9.3103e+01, 3.1778e+00, 
 1DIAGNOSTIC,    22, -9.313300063450e-01, 1.435883950633e-04, 9.6111e+01, 3.0089e+00, 
 1DIAGNOSTIC,    23, -9.315915014153e-01, 1.201112501523e-04, 9.9291e+01, 3.1796e+00, 
 1DIAGNOSTIC,    24, -9.318250375044e-01, 1.025830853402e-04, 1.0228e+02, 2.9937e+00, 
 1DIAGNOSTIC,    25, -9.320554963912e-01, 8.741966958326e-05, 1.0532e+02, 3.0310e+00, 
 1DIAGNOSTIC,    26, -9.322541303148e-01, 7.464509249259e-05, 1.0837e+02, 3.0545e+00, 
 1DIAGNOSTIC,    27, -9.324456637939e-01, 6.460808669240e-05, 1.1142e+02, 3.0539e+00, 
 1DIAGNOSTIC,    28, -9.326278267554e-01, 5.574641339338e-05, 1.1440e+02, 2.9765e+00, 
 1DIAGNOSTIC,    29, -9.328103315455e-01, 4.976830406029e-05, 1.1737e+02, 2.9697e+00, 
 1DIAGNOSTIC,    30, -9.329804822365e-01, 4.491855041592e-05, 1.2037e+02, 2.9959e+00, 
 1DIAGNOSTIC,    31, -9.331443602472e-01, 4.086677124610e-05, 1.2341e+02, 3.0430e+00, 
 1DIAGNOSTIC,    32, -9.333089858694e-01, 3.757081142324e-05, 1.2663e+02, 3.2188e+00, 
 1DIAGNOSTIC,    33, -9.334637490994e-01, 3.483478250602e-05, 1.2965e+02, 3.0179e+00, 
 1DIAGNOSTIC,    34, -9.336131036134e-01, 3.245696178154e-05, 1.3270e+02, 3.0558e+00, 
 1DIAGNOSTIC,    35, -9.337673440652e-01, 3.055837181489e-05, 1.3574e+02, 3.0383e+00, 
 1DIAGNOSTIC,    36, -9.339209757734e-01, 2.891287114032e-05, 1.3878e+02, 3.0413e+00, 
 1DIAGNOSTIC,    37, -9.340644006489e-01, 2.743231384101e-05, 1.4179e+02, 3.0092e+00, 
 1DIAGNOSTIC,    38, -9.341967693250e-01, 2.600699093044e-05, 1.4479e+02, 3.0025e+00, 
 1DIAGNOSTIC,    39, -9.343128207768e-01, 2.457809004980e-05, 1.4787e+02, 3.0754e+00, 
 1DIAGNOSTIC,    40, -9.344286279125e-01, 2.312251363683e-05, 1.5091e+02, 3.0417e+00, 
 1DIAGNOSTIC,    41, -9.345313547064e-01, 2.157309266646e-05, 1.5396e+02, 3.0542e+00, 
 1DIAGNOSTIC,    42, -9.346400014581e-01, 2.008341835052e-05, 1.5727e+02, 3.3074e+00, 
 1DIAGNOSTIC,    43, -9.347412723191e-01, 1.862044946473e-05, 1.6034e+02, 3.0642e+00, 
 1DIAGNOSTIC,    44, -9.348426492106e-01, 1.724078640913e-05, 1.6337e+02, 3.0365e+00, 
 1DIAGNOSTIC,    45, -9.349459056667e-01, 1.607491865843e-05, 1.6641e+02, 3.0328e+00, 
 1DIAGNOSTIC,    46, -9.350475456967e-01, 1.516806908394e-05, 1.6948e+02, 3.0750e+00, 
 1DIAGNOSTIC,    47, -9.351433384016e-01, 1.445316376130e-05, 1.7251e+02, 3.0309e+00, 
 1DIAGNOSTIC,    48, -9.352341254671e-01, 1.385639133188e-05, 1.7555e+02, 3.0420e+00, 
 1DIAGNOSTIC,    49, -9.353296782432e-01, 1.332648258346e-05, 1.7860e+02, 3.0517e+00, 
 1DIAGNOSTIC,    50, -9.354249633744e-01, 1.287980635456e-05, 1.8184e+02, 3.2320e+00, 
 1DIAGNOSTIC,    51, -9.355244200048e-01, 1.247367320761e-05, 1.8491e+02, 3.0700e+00, 
 1DIAGNOSTIC,    52, -9.356239118435e-01, 1.215722868876e-05, 1.8798e+02, 3.0722e+00, 
 1DIAGNOSTIC,    53, -9.357200333198e-01, 1.187124328296e-05, 1.9104e+02, 3.0594e+00, 
 1DIAGNOSTIC,    54, -9.358207804985e-01, 1.164573067368e-05, 1.9413e+02, 3.0901e+00, 
 1DIAGNOSTIC,    55, -9.359231468294e-01, 1.149551556332e-05, 1.9723e+02, 3.1025e+00, 
 1DIAGNOSTIC,    56, -9.360144011284e-01, 1.134135973872e-05, 2.0033e+02, 3.0971e+00, 
 1DIAGNOSTIC,    57, -9.361010811381e-01, 1.112576664172e-05, 2.0340e+02, 3.0754e+00, 
 1DIAGNOSTIC,    58, -9.361801853740e-01, 1.078703389207e-05, 2.0650e+02, 3.0962e+00, 
 1DIAGNOSTIC,    59, -9.362696226416e-01, 1.042352940299e-05, 2.0959e+02, 3.0944e+00, 
 1DIAGNOSTIC,    60, -9.363521157867e-01, 1.001376762037e-05, 2.1270e+02, 3.1055e+00, 
 1DIAGNOSTIC,    61, -9.364265987809e-01, 9.565567664554e-06, 2.1577e+02, 3.0696e+00, 
 1DIAGNOSTIC,    62, -9.364958722822e-01, 9.085682031590e-06, 2.1882e+02, 3.0529e+00, 
 1DIAGNOSTIC,    63, -9.365641365240e-01, 8.584421207759e-06, 2.2190e+02, 3.0788e+00, 
 1DIAGNOSTIC,    64, -9.366367188225e-01, 8.137200600743e-06, 2.2498e+02, 3.0749e+00, 
 1DIAGNOSTIC,    65, -9.367054212237e-01, 7.761081863587e-06, 2.2804e+02, 3.0687e+00, 
 1DIAGNOSTIC,    66, -9.367742176420e-01, 7.428387132608e-06, 2.3112e+02, 3.0772e+00, 
 1DIAGNOSTIC,    67, -9.368389078921e-01, 7.119931334117e-06, 2.3423e+02, 3.1090e+00, 
 1DIAGNOSTIC,    68, -9.368999521576e-01, 6.801256114897e-06, 2.3730e+02, 3.0648e+00, 
 1DIAGNOSTIC,    69, -9.369593144071e-01, 6.531743205978e-06, 2.4037e+02, 3.0743e+00, 
 1DIAGNOSTIC,    70, -9.370115662103e-01, 6.264981076002e-06, 2.4363e+02, 3.2616e+00, 
XXDIAGNOSTIC,Iteration,metricValue,convergenceValue,ITERATION_TIME_INDEX,SINCE_LAST
 1DIAGNOSTIC,     1, -8.921418612547e-01, 1.797693134862e+308, 2.7049e+02, 2.6856e+01, 
 1DIAGNOSTIC,     2, -8.941235819886e-01, 1.797693134862e+308, 2.9565e+02, 2.5160e+01, 
 1DIAGNOSTIC,     3, -8.966685903286e-01, 1.797693134862e+308, 3.2724e+02, 3.1592e+01, 
 1DIAGNOSTIC,     4, -8.991643096145e-01, 1.797693134862e+308, 3.5220e+02, 2.4965e+01, 
 1DIAGNOSTIC,     5, -9.015442527817e-01, 1.797693134862e+308, 3.7798e+02, 2.5777e+01, 
 1DIAGNOSTIC,     6, -9.037772859839e-01, 1.797693134862e+308, 4.0307e+02, 2.5085e+01, 
 1DIAGNOSTIC,     7, -9.057138757832e-01, 1.797693134862e+308, 4.2857e+02, 2.5502e+01, 
 1DIAGNOSTIC,     8, -9.074031970874e-01, 1.797693134862e+308, 4.5409e+02, 2.5518e+01, 
 1DIAGNOSTIC,     9, -9.088976868335e-01, 1.797693134862e+308, 4.7938e+02, 2.5290e+01, 
 1DIAGNOSTIC,    10, -9.100673528867e-01, 1.320190587843e-03, 5.0524e+02, 2.5864e+01, 
 1DIAGNOSTIC,    11, -9.113291795587e-01, 1.113310413827e-03, 5.3100e+02, 2.5757e+01, 
 1DIAGNOSTIC,    12, -9.123231778821e-01, 9.183548054992e-04, 5.5730e+02, 2.6299e+01, 
 1DIAGNOSTIC,    13, -9.134538478696e-01, 7.588192877184e-04, 5.8823e+02, 3.0933e+01, 
 1DIAGNOSTIC,    14, -9.142334396105e-01, 6.260491815881e-04, 6.1432e+02, 2.6089e+01, 
 1DIAGNOSTIC,    15, -9.149987651405e-01, 5.192665978696e-04, 6.4022e+02, 2.5904e+01, 
 1DIAGNOSTIC,    16, -9.157336245745e-01, 4.360435934940e-04, 6.6611e+02, 2.5886e+01, 
 1DIAGNOSTIC,    17, -9.164514052595e-01, 3.710198427349e-04, 6.9199e+02, 2.5880e+01, 
 1DIAGNOSTIC,    18, -9.171488641289e-01, 3.201497270149e-04, 7.1790e+02, 2.5916e+01, 
 1DIAGNOSTIC,    19, -9.178210120726e-01, 2.805260959602e-04, 7.4375e+02, 2.5848e+01, 
 1DIAGNOSTIC,    20, -9.184772936322e-01, 2.471915399853e-04, 7.6982e+02, 2.6062e+01, 
 1DIAGNOSTIC,    21, -9.191204448112e-01, 2.222624053289e-04, 7.9534e+02, 2.5527e+01, 
 1DIAGNOSTIC,    22, -9.197489079349e-01, 2.016707130239e-04, 8.2108e+02, 2.5734e+01, 
 1DIAGNOSTIC,    23, -9.203521020561e-01, 1.874643359254e-04, 8.4668e+02, 2.5599e+01, 
 1DIAGNOSTIC,    24, -9.209323814274e-01, 1.744823807559e-04, 8.7296e+02, 2.6280e+01, 
 1DIAGNOSTIC,    25, -9.214890980057e-01, 1.625931018707e-04, 8.9860e+02, 2.5645e+01, 
 1DIAGNOSTIC,    26, -9.220245138652e-01, 1.515049905686e-04, 9.2451e+02, 2.5909e+01, 
 1DIAGNOSTIC,    27, -9.225246131938e-01, 1.409766035587e-04, 9.5009e+02, 2.5585e+01, 
 1DIAGNOSTIC,    28, -9.229803284084e-01, 1.306995243424e-04, 9.7549e+02, 2.5400e+01, 
 1DIAGNOSTIC,    29, -9.233954320753e-01, 1.204415902510e-04, 1.0028e+03, 2.7292e+01, 
 1DIAGNOSTIC,    30, -9.237603549099e-01, 1.100588986441e-04, 1.0285e+03, 2.5670e+01, 
 1DIAGNOSTIC,    31, -9.240896541596e-01, 9.967835839765e-05, 1.0540e+03, 2.5526e+01, 
 1DIAGNOSTIC,    32, -9.243852911953e-01, 8.947966392745e-05, 1.0787e+03, 2.4687e+01, 
 1DIAGNOSTIC,    33, -9.246524907209e-01, 7.961592213276e-05, 1.1029e+03, 2.4185e+01, 
 1DIAGNOSTIC,    34, -9.248950041114e-01, 7.030466363935e-05, 1.1269e+03, 2.4075e+01, 
 1DIAGNOSTIC,    35, -9.251183129817e-01, 6.178165483599e-05, 1.1512e+03, 2.4249e+01, 
 1DIAGNOSTIC,    36, -9.253093807093e-01, 5.414030460918e-05, 1.1757e+03, 2.4477e+01, 
 1DIAGNOSTIC,    37, -9.254561805523e-01, 4.721137841209e-05, 1.1997e+03, 2.4093e+01, 
 1DIAGNOSTIC,    38, -9.255657713031e-01, 4.080055399805e-05, 1.2238e+03, 2.4078e+01, 
 1DIAGNOSTIC,    39, -9.256507105940e-01, 3.484786532706e-05, 1.2482e+03, 2.4349e+01, 
 1DIAGNOSTIC,    40, -9.257152729995e-01, 2.923981161153e-05, 1.2744e+03, 2.6202e+01, 
 1DIAGNOSTIC,    41, -9.257665273883e-01, 2.403694220195e-05, 1.3008e+03, 2.6462e+01, 
 1DIAGNOSTIC,    42, -9.258062430659e-01, 1.931116757503e-05, 1.3273e+03, 2.6476e+01, 
 1DIAGNOSTIC,    43, -9.258350258754e-01, 1.514605196968e-05, 1.3512e+03, 2.3912e+01, 
 1DIAGNOSTIC,    44, -9.258637122203e-01, 1.168332892699e-05, 1.3752e+03, 2.3975e+01, 
 1DIAGNOSTIC,    45, -9.258828685986e-01, 8.975392715656e-06, 1.3991e+03, 2.3919e+01, 
 1DIAGNOSTIC,    46, -9.259110626434e-01, 7.056018649431e-06, 1.4232e+03, 2.4062e+01, 
 1DIAGNOSTIC,    47, -9.259346327957e-01, 5.719318220510e-06, 1.4497e+03, 2.6523e+01, 
 1DIAGNOSTIC,    48, -9.259608442679e-01, 4.822586607282e-06, 1.4735e+03, 2.3794e+01, 
 1DIAGNOSTIC,    49, -9.259913346224e-01, 4.286376341235e-06, 1.4974e+03, 2.3901e+01, 
 1DIAGNOSTIC,    50, -9.260281305572e-01, 4.043765082885e-06, 1.5213e+03, 2.3878e+01, 
XXDIAGNOSTIC,Iteration,metricValue,convergenceValue,ITERATION_TIME_INDEX,SINCE_LAST
 1DIAGNOSTIC,     1, -8.839035937080e-01, 1.797693134862e+308, 1.7477e+03, 2.2643e+02, 
 1DIAGNOSTIC,     2, -8.852936578743e-01, 1.797693134862e+308, 1.9698e+03, 2.2212e+02, 
 1DIAGNOSTIC,     3, -8.869234398063e-01, 1.797693134862e+308, 2.1922e+03, 2.2235e+02, 
 1DIAGNOSTIC,     4, -8.882907253572e-01, 1.797693134862e+308, 2.4170e+03, 2.2484e+02, 
 1DIAGNOSTIC,     5, -8.894637239633e-01, 1.797693134862e+308, 2.6424e+03, 2.2542e+02, 
 1DIAGNOSTIC,     6, -8.906687640454e-01, 1.797693134862e+308, 2.8679e+03, 2.2548e+02, 
 1DIAGNOSTIC,     7, -8.915580255386e-01, 1.797693134862e+308, 3.0938e+03, 2.2586e+02, 
 1DIAGNOSTIC,     8, -8.924807662732e-01, 1.797693134862e+308, 3.3159e+03, 2.2209e+02, 
 1DIAGNOSTIC,     9, -8.933109239965e-01, 1.797693134862e+308, 3.5360e+03, 2.2009e+02, 
 1DIAGNOSTIC,    10, -8.942160500944e-01, 7.361462276152e-04, 3.7556e+03, 2.1964e+02, 
 1DIAGNOSTIC,    11, -8.953442928820e-01, 6.270068437875e-04, 3.9766e+03, 2.2098e+02, 
 1DIAGNOSTIC,    12, -8.964693390399e-01, 5.459363251885e-04, 4.1982e+03, 2.2162e+02, 
 1DIAGNOSTIC,    13, -8.975240576606e-01, 4.934331537652e-04, 4.4195e+03, 2.2129e+02, 
 1DIAGNOSTIC,    14, -8.986251937290e-01, 4.595275656663e-04, 4.6410e+03, 2.2151e+02, 
 1DIAGNOSTIC,    15, -8.996716808280e-01, 4.348771752999e-04, 4.8636e+03, 2.2261e+02, 
 1DIAGNOSTIC,    16, -9.006539921022e-01, 4.166269694625e-04, 5.0827e+03, 2.1905e+02, 
 1DIAGNOSTIC,    17, -9.014943025439e-01, 3.942451060134e-04, 5.3028e+03, 2.2010e+02, 
 1DIAGNOSTIC,    18, -9.023540433650e-01, 3.693345930581e-04, 5.5272e+03, 2.2442e+02, 
 1DIAGNOSTIC,    19, -9.030829627558e-01, 3.387748301892e-04, 5.7501e+03, 2.2290e+02, 
 1DIAGNOSTIC,    20, -9.036349662286e-01, 3.027456699831e-04, 5.9710e+03, 2.2094e+02, 
  Elapsed time (stage 0): 5972.8


Total elapsed time: 5972.8
