
##########################
# Experiment information #
##########################
SIF_IMG: /project/rrg-glatard/mdugre/containers/ants-p2-vprec.sif
EXPERIMENT_NAME: vprec-space_search
CONFIG: 0110
VFC_BACKENDS: libinterflop_vprec.so --range-binary32=8 --precision-binary32=8 --range-binary64=8 --precision-binary64=8

FIXED_IMG: /templateflow/tpl-MNI152NLin2009cAsym/tpl-MNI152NLin2009cAsym_res-01_desc-brain_T1w.nii.gz
SUBJECT_ID: 0003056
INPUT_IMG: /project/rrg-glatard/mdugre/datasets/corr/RawDataBIDS/BMB_1/derivatives/antsBrainExtraction/sub-0003056/BrainExtractionBrain.nii.gz
OUTPUT_DIR: /project/rrg-glatard/mdugre/datasets/corr/RawDataBIDS/BMB_1/derivatives/vprec-space_search/0110/r8-p8/sub-0003056

ITK_GLOBAL_DEFAULT_NUMBER_OF_THREADS: 8
##########################

VFC_BACKENDS=libinterflop_ieee.so
Info [verificarlo]: loaded backend libinterflop_ieee.so
Info [interflop-ieee]: load backend with:
Info [interflop-ieee]: debug = false
Info [interflop-ieee]: debug-binary = false
Info [interflop-ieee]: no-backend-name = false
Info [interflop-ieee]: print-new-line = false
Info [interflop-ieee]: print-subnormal-normalized = false
Info [interflop-ieee]: count-op = false
All_Command_lines_OK
Using double precision for computations.
=============================================================================
The composite transform comprises the following transforms (in order): 
  1. Center of mass alignment using fixed image: /templateflow/tpl-MNI152NLin2009cAsym/tpl-MNI152NLin2009cAsym_res-01_desc-brain_T1w.nii.gz and moving image: /project/rrg-glatard/mdugre/datasets/corr/RawDataBIDS/BMB_1/derivatives/antsBrainExtraction/sub-0003056/BrainExtractionBrain.nii.gz (type = Euler3DTransform)
=============================================================================
  number of levels = 1
  fixed image: /templateflow/tpl-MNI152NLin2009cAsym/tpl-MNI152NLin2009cAsym_res-01_desc-brain_T1w.nii.gz
  moving image: /project/rrg-glatard/mdugre/datasets/corr/RawDataBIDS/BMB_1/derivatives/antsBrainExtraction/sub-0003056/BrainExtractionBrain.nii.gz
Dimension = 3
Number of stages = 1
Use histogram matching = false
Winsorize image intensities = true
  Lower quantile = 0.005
  Upper quantile = 0.995


Stage 1 State
   Image metric = MattesMI
     Fixed image = Image (0x32e3390)
  RTTI typeinfo:   itk::Image<double, 3u>
  Reference Count: 2
  Modified Time: 2334
  Debug: Off
  Object Name: 
  Observers: 
    none
  Source: (none)
  Source output name: (none)
  Release Data: Off
  Data Released: False
  Global Release Data: Off
  PipelineMTime: 0
  UpdateMTime: 1943
  RealTimeStamp: 0 seconds 
  LargestPossibleRegion: 
    Dimension: 3
    Index: [0, 0, 0]
    Size: [193, 229, 193]
  BufferedRegion: 
    Dimension: 3
    Index: [0, 0, 0]
    Size: [193, 229, 193]
  RequestedRegion: 
    Dimension: 3
    Index: [0, 0, 0]
    Size: [193, 229, 193]
  Spacing: [1, 1, 1]
  Origin: [96, 132, -78]
  Direction: 
-1 0 0
0 -1 0
0 0 1

  IndexToPointMatrix: 
-1 0 0
0 -1 0
0 0 1

  PointToIndexMatrix: 
-1 0 0
0 -1 0
0 0 1

  Inverse Direction: 
-1 0 0
0 -1 0
0 0 1

  PixelContainer: 
    ImportImageContainer (0x33aea90)
      RTTI typeinfo:   itk::ImportImageContainer<unsigned long, double>
      Reference Count: 1
      Modified Time: 1940
      Debug: Off
      Object Name: 
      Observers: 
        none
      Pointer: 0x14d6d6f23010
      Container manages memory: true
      Size: 8530021
      Capacity: 8530021

     Moving image = Image (0x32e1290)
  RTTI typeinfo:   itk::Image<double, 3u>
  Reference Count: 2
  Modified Time: 2335
  Debug: Off
  Object Name: 
  Observers: 
    none
  Source: (none)
  Source output name: (none)
  Release Data: Off
  Data Released: False
  Global Release Data: Off
  PipelineMTime: 0
  UpdateMTime: 2332
  RealTimeStamp: 0 seconds 
  LargestPossibleRegion: 
    Dimension: 3
    Index: [0, 0, 0]
    Size: [175, 256, 256]
  BufferedRegion: 
    Dimension: 3
    Index: [0, 0, 0]
    Size: [175, 256, 256]
  RequestedRegion: 
    Dimension: 3
    Index: [0, 0, 0]
    Size: [175, 256, 256]
  Spacing: [1, 1, 1]
  Origin: [-72.7989, 101.252, -148.073]
  Direction: 
1 0 0
0 -1 0
0 0 1

  IndexToPointMatrix: 
1 0 0
0 -1 0
0 0 1

  PointToIndexMatrix: 
1 0 0
0 -1 0
0 0 1

  Inverse Direction: 
1 0 0
0 -1 0
0 0 1

  PixelContainer: 
    ImportImageContainer (0x330e850)
      RTTI typeinfo:   itk::ImportImageContainer<unsigned long, double>
      Reference Count: 1
      Modified Time: 2329
      Debug: Off
      Object Name: 
      Observers: 
        none
      Pointer: 0x14d6d17a2010
      Container manages memory: true
      Size: 11468800
      Capacity: 11468800

     Weighting = 1
     Sampling strategy = regular
     Number of bins = 32
     Radius = 4
     Sampling percentage  = 0.25
   Transform = Rigid
     Gradient step = 0.1
     Update field sigma (voxel space) = 0
     Total field sigma (voxel space) = 0
     Update field time sigma = 0
     Total field time sigma  = 0
     Number of time indices = 0
     Number of time point samples = 0
Registration using 1 total stages.

Stage 0
  iterations = 0
  convergence threshold = 1e-06
  convergence window size = 10
  number of levels = 1
  using the Mattes MI metric (number of bins = 32, weight = 1, use gradient filter = 0)
  preprocessing:  winsorizing the image intensities
  Shrink factors (level 1 out of 1): [1, 1, 1]
  smoothing sigmas per level: [0]
  regular sampling (percentage = 0.25)

*** Running Euler3DTransform registration ***

  Elapsed time (stage 0): 1.005


Total elapsed time: 1.00652
VFC_BACKENDS=libinterflop_vprec.so --range-binary32=8 --precision-binary32=8 --range-binary64=8 --precision-binary64=8
Info [verificarlo]: loaded backend libinterflop_vprec.so
Info [interflop-vprec]: load backend with: 
Info [interflop-vprec]: precision-binary32 = 8
Info [interflop-vprec]: range-binary32 = 8
Info [interflop-vprec]: precision-binary64 = 8
Info [interflop-vprec]: range-binary64 = 8
Info [interflop-vprec]: mode = ob
Info [interflop-vprec]: error-mode = rel
Info [interflop-vprec]: max-abs-error-exponent = -1022
Info [interflop-vprec]: daz = false
Info [interflop-vprec]: ftz = false
Info [interflop-vprec]: 	instrument = none
Info [interflop-vprec]: 	prec-input-file = (null)
Info [interflop-vprec]: 	prec-output-file = (null)
Info [interflop-vprec]: 	prec-log-file = (null)
All_Command_lines_OK
Using double precision for computations.
=============================================================================
The composite transform comprises the following transforms (in order): 
  1. /project/rrg-glatard/mdugre/datasets/corr/RawDataBIDS/BMB_1/derivatives/vprec-space_search/0110/r8-p8/sub-0003056/align_Composite.h5[0] (type = Euler3DTransform)
  2. /project/rrg-glatard/mdugre/datasets/corr/RawDataBIDS/BMB_1/derivatives/vprec-space_search/0110/r8-p8/sub-0003056/align_Composite.h5[1] (type = Euler3DTransform)
=============================================================================
  number of levels = 4
  fixed image: /templateflow/tpl-MNI152NLin2009cAsym/tpl-MNI152NLin2009cAsym_res-01_desc-brain_T1w.nii.gz
  moving image: /project/rrg-glatard/mdugre/datasets/corr/RawDataBIDS/BMB_1/derivatives/antsBrainExtraction/sub-0003056/BrainExtractionBrain.nii.gz
Dimension = 3
Number of stages = 1
Use histogram matching = false
Winsorize image intensities = true
  Lower quantile = 0.005
  Upper quantile = 0.995


Stage 1 State
   Image metric = MattesMI
     Fixed image = Image (0x4386300)
  RTTI typeinfo:   itk::Image<double, 3u>
  Reference Count: 2
  Modified Time: 1578
  Debug: Off
  Object Name: 
  Observers: 
    none
  Source: (none)
  Source output name: (none)
  Release Data: Off
  Data Released: False
  Global Release Data: Off
  PipelineMTime: 0
  UpdateMTime: 1189
  RealTimeStamp: 0 seconds 
  LargestPossibleRegion: 
    Dimension: 3
    Index: [0, 0, 0]
    Size: [193, 229, 193]
  BufferedRegion: 
    Dimension: 3
    Index: [0, 0, 0]
    Size: [193, 229, 193]
  RequestedRegion: 
    Dimension: 3
    Index: [0, 0, 0]
    Size: [193, 229, 193]
  Spacing: [1, 1, 1]
  Origin: [96, 132, -78]
  Direction: 
-1 0 0
0 -1 0
0 0 1

  IndexToPointMatrix: 
-1 0 0
0 -1 0
0 0 1

  PointToIndexMatrix: 
-1 0 0
0 -1 0
0 0 1

  Inverse Direction: 
-1 0 0
0 -1 0
0 0 1

  PixelContainer: 
    ImportImageContainer (0x4444d00)
      RTTI typeinfo:   itk::ImportImageContainer<unsigned long, double>
      Reference Count: 1
      Modified Time: 1186
      Debug: Off
      Object Name: 
      Observers: 
        none
      Pointer: 0x147bbdffc010
      Container manages memory: true
      Size: 8530021
      Capacity: 8530021

     Moving image = Image (0x4441030)
  RTTI typeinfo:   itk::Image<double, 3u>
  Reference Count: 2
  Modified Time: 1579
  Debug: Off
  Object Name: 
  Observers: 
    none
  Source: (none)
  Source output name: (none)
  Release Data: Off
  Data Released: False
  Global Release Data: Off
  PipelineMTime: 0
  UpdateMTime: 1576
  RealTimeStamp: 0 seconds 
  LargestPossibleRegion: 
    Dimension: 3
    Index: [0, 0, 0]
    Size: [175, 256, 256]
  BufferedRegion: 
    Dimension: 3
    Index: [0, 0, 0]
    Size: [175, 256, 256]
  RequestedRegion: 
    Dimension: 3
    Index: [0, 0, 0]
    Size: [175, 256, 256]
  Spacing: [1, 1, 1]
  Origin: [-72.75, 101.25, -148]
  Direction: 
1 0 0
0 -1 0
0 0 1

  IndexToPointMatrix: 
1 0 0
0 -1 0
0 0 1

  PointToIndexMatrix: 
1 0 0
0 -1 0
0 0 1

  Inverse Direction: 
1 0 0
0 -1 0
0 0 1

  PixelContainer: 
    ImportImageContainer (0x440ed70)
      RTTI typeinfo:   itk::ImportImageContainer<unsigned long, double>
      Reference Count: 1
      Modified Time: 1573
      Debug: Off
      Object Name: 
      Observers: 
        none
      Pointer: 0x147bb887b010
      Container manages memory: true
      Size: 11468800
      Capacity: 11468800

     Weighting = 1
     Sampling strategy = regular
     Number of bins = 32
     Radius = 4
     Sampling percentage  = 0.25
   Transform = Rigid
     Gradient step = 0.1
     Update field sigma (voxel space) = 0
     Total field sigma (voxel space) = 0
     Update field time sigma = 0
     Total field time sigma  = 0
     Number of time indices = 0
     Number of time point samples = 0
Registration using 1 total stages.

Stage 0
  iterations = 1000x500x250x100
  convergence threshold = 1e-06
  convergence window size = 10
  number of levels = 4
  using the Mattes MI metric (number of bins = 32, weight = 1, use gradient filter = 0)
  preprocessing:  winsorizing the image intensities
  Shrink factors (level 1 out of 4): [8, 8, 8]
  Shrink factors (level 2 out of 4): [4, 4, 4]
  Shrink factors (level 3 out of 4): [2, 2, 2]
  Shrink factors (level 4 out of 4): [1, 1, 1]
  smoothing sigmas per level: [3, 2, 1, 0]
  regular sampling (percentage = 0.25)

*** Running Euler3DTransform registration ***

DIAGNOSTIC,Iteration,metricValue,convergenceValue,ITERATION_TIME_INDEX,SINCE_LAST
 2DIAGNOSTIC,     1, -6.292106700376e-01, 1.797693134862e+308, 0.0000e+00, 0.0000e+00, 
 2DIAGNOSTIC,     2, -6.297480315967e-01, 1.797693134862e+308, 0.0000e+00, 0.0000e+00, 
 2DIAGNOSTIC,     3, -6.308252570295e-01, 1.797693134862e+308, 0.0000e+00, 0.0000e+00, 
 2DIAGNOSTIC,     4, -6.321058687768e-01, 1.797693134862e+308, 0.0000e+00, 0.0000e+00, 
 2DIAGNOSTIC,     5, -6.321785117750e-01, 1.797693134862e+308, 0.0000e+00, 0.0000e+00, 
 2DIAGNOSTIC,     6, -6.322033635411e-01, 1.797693134862e+308, 0.0000e+00, 0.0000e+00, 
 2DIAGNOSTIC,     7, -6.320803921257e-01, 1.797693134862e+308, 0.0000e+00, 0.0000e+00, 
 2DIAGNOSTIC,     8, -6.319625670091e-01, 1.797693134862e+308, 0.0000e+00, 0.0000e+00, 
 2DIAGNOSTIC,     9, -6.319625935647e-01, 1.797693134862e+308, 0.0000e+00, 0.0000e+00, 
 2DIAGNOSTIC,    10, -6.319545901563e-01, 2.463615895973e-04, 0.0000e+00, 0.0000e+00, 
 2DIAGNOSTIC,    11, -6.319545901563e-01, 1.216885451073e-04, 0.0000e+00, 0.0000e+00, 
 2DIAGNOSTIC,    12, -6.319545901563e-01, 2.659468179643e-05, 0.0000e+00, 0.0000e+00, 
DIAGNOSTIC,Iteration,metricValue,convergenceValue,ITERATION_TIME_INDEX,SINCE_LAST
 2DIAGNOSTIC,     1, -4.820364403322e-01, 1.797693134862e+308, 0.0000e+00, 0.0000e+00, 
 2DIAGNOSTIC,     2, -4.821090261375e-01, 1.797693134862e+308, 0.0000e+00, 0.0000e+00, 
 2DIAGNOSTIC,     3, -4.823716166463e-01, 1.797693134862e+308, 0.0000e+00, 0.0000e+00, 
 2DIAGNOSTIC,     4, -4.822908445871e-01, 1.797693134862e+308, 0.0000e+00, 0.0000e+00, 
 2DIAGNOSTIC,     5, -4.823159360886e-01, 1.797693134862e+308, 0.0000e+00, 0.0000e+00, 
 2DIAGNOSTIC,     6, -4.823159360886e-01, 1.797693134862e+308, 0.0000e+00, 0.0000e+00, 
 2DIAGNOSTIC,     7, -4.823159360886e-01, 1.797693134862e+308, 0.0000e+00, 0.0000e+00, 
 2DIAGNOSTIC,     8, -4.823159360886e-01, 1.797693134862e+308, 0.0000e+00, 0.0000e+00, 
 2DIAGNOSTIC,     9, -4.823159360886e-01, 1.797693134862e+308, 0.0000e+00, 0.0000e+00, 
 2DIAGNOSTIC,    10, -4.823159360886e-01, 2.552950990192e-05, 0.0000e+00, 0.0000e+00, 
 2DIAGNOSTIC,    11, -4.823159360886e-01, 9.432078175192e-06, 0.0000e+00, 0.0000e+00, 
DIAGNOSTIC,Iteration,metricValue,convergenceValue,ITERATION_TIME_INDEX,SINCE_LAST
 2DIAGNOSTIC,     1, -4.256419879900e-01, 1.797693134862e+308, 0.0000e+00, 0.0000e+00, 
 2DIAGNOSTIC,     2, -4.259399052169e-01, 1.797693134862e+308, 0.0000e+00, 0.0000e+00, 
 2DIAGNOSTIC,     3, -4.267430872208e-01, 1.797693134862e+308, 0.0000e+00, 0.0000e+00, 
 2DIAGNOSTIC,     4, -4.278845587360e-01, 1.797693134862e+308, 0.0000e+00, 0.0000e+00, 
 2DIAGNOSTIC,     5, -4.307324352241e-01, 1.797693134862e+308, 0.0000e+00, 0.0000e+00, 
 2DIAGNOSTIC,     6, -4.342209094019e-01, 1.797693134862e+308, 0.0000e+00, 0.0000e+00, 
 2DIAGNOSTIC,     7, -4.392967436943e-01, 1.797693134862e+308, 0.0000e+00, 0.0000e+00, 
 2DIAGNOSTIC,     8, -4.495402502202e-01, 1.797693134862e+308, 0.0000e+00, 0.0000e+00, 
 2DIAGNOSTIC,     9, -4.672336452816e-01, 1.797693134862e+308, 0.0000e+00, 0.0000e+00, 
 2DIAGNOSTIC,    10, -4.911338787999e-01, 7.948020810091e-03, 0.0000e+00, 0.0000e+00, 
 2DIAGNOSTIC,    11, -5.201801377357e-01, 1.081149169524e-02, 0.0000e+00, 0.0000e+00, 
 2DIAGNOSTIC,    12, -5.282609807373e-01, 1.257118984311e-02, 0.0000e+00, 0.0000e+00, 
 2DIAGNOSTIC,    13, -5.293347118444e-01, 1.300043491676e-02, 0.0000e+00, 0.0000e+00, 
 2DIAGNOSTIC,    14, -5.293017213401e-01, 1.224692796907e-02, 0.0000e+00, 0.0000e+00, 
 2DIAGNOSTIC,    15, -5.293207327062e-01, 1.060207928181e-02, 0.0000e+00, 0.0000e+00, 
 2DIAGNOSTIC,    16, -5.293458938428e-01, 8.342766695185e-03, 0.0000e+00, 0.0000e+00, 
 2DIAGNOSTIC,    17, -5.293559200120e-01, 5.795304212128e-03, 0.0000e+00, 0.0000e+00, 
 2DIAGNOSTIC,    18, -5.293559200120e-01, 3.371177651105e-03, 0.0000e+00, 0.0000e+00, 
 2DIAGNOSTIC,    19, -5.293559200120e-01, 1.458061853400e-03, 0.0000e+00, 0.0000e+00, 
 2DIAGNOSTIC,    20, -5.293559200120e-01, 2.983924111552e-04, 0.0000e+00, 0.0000e+00, 
 2DIAGNOSTIC,    21, -5.293559200120e-01, 3.251962550489e-05, 0.0000e+00, 0.0000e+00, 
 2DIAGNOSTIC,    22, -5.293559200120e-01, 2.588489713906e-06, 0.0000e+00, 0.0000e+00, 
 2DIAGNOSTIC,    23, -5.293559200120e-01, 2.317293363953e-06, 0.0000e+00, 0.0000e+00, 
 2DIAGNOSTIC,    24, -5.293559200120e-01, 1.057671690799e-06, 0.0000e+00, 0.0000e+00, 
DIAGNOSTIC,Iteration,metricValue,convergenceValue,ITERATION_TIME_INDEX,SINCE_LAST
 2DIAGNOSTIC,     1, -4.766720693344e-01, 1.797693134862e+308, 0.0000e+00, 0.0000e+00, 
 2DIAGNOSTIC,     2, -4.767039729479e-01, 1.797693134862e+308, 0.0000e+00, 0.0000e+00, 
 2DIAGNOSTIC,     3, -4.766979339553e-01, 1.797693134862e+308, 0.0000e+00, 0.0000e+00, 
 2DIAGNOSTIC,     4, -4.767285774803e-01, 1.797693134862e+308, 0.0000e+00, 0.0000e+00, 
 2DIAGNOSTIC,     5, -4.767188393855e-01, 1.797693134862e+308, 0.0000e+00, 0.0000e+00, 
 2DIAGNOSTIC,     6, -4.767194230070e-01, 1.797693134862e+308, 0.0000e+00, 0.0000e+00, 
 2DIAGNOSTIC,     7, -4.767350990926e-01, 1.797693134862e+308, 0.0000e+00, 0.0000e+00, 
 2DIAGNOSTIC,     8, -4.767279836758e-01, 1.797693134862e+308, 0.0000e+00, 0.0000e+00, 
 2DIAGNOSTIC,     9, -4.767363066165e-01, 1.797693134862e+308, 0.0000e+00, 0.0000e+00, 
 2DIAGNOSTIC,    10, -4.767398268125e-01, 7.173970893129e-06, 0.0000e+00, 0.0000e+00, 
 2DIAGNOSTIC,    11, -4.767370119493e-01, 4.442132092969e-06, 0.0000e+00, 0.0000e+00, 
 2DIAGNOSTIC,    12, -4.767187825655e-01, 2.468848661105e-06, 0.0000e+00, 0.0000e+00, 
  Elapsed time (stage 0): 0.0000e+00


Total elapsed time: 0.0000e+00
VFC_BACKENDS=libinterflop_vprec.so --range-binary32=8 --precision-binary32=8 --range-binary64=8 --precision-binary64=8
Info [verificarlo]: loaded backend libinterflop_vprec.so
Info [interflop-vprec]: load backend with: 
Info [interflop-vprec]: precision-binary32 = 8
Info [interflop-vprec]: range-binary32 = 8
Info [interflop-vprec]: precision-binary64 = 8
Info [interflop-vprec]: range-binary64 = 8
Info [interflop-vprec]: mode = ob
Info [interflop-vprec]: error-mode = rel
Info [interflop-vprec]: max-abs-error-exponent = -1022
Info [interflop-vprec]: daz = false
Info [interflop-vprec]: ftz = false
Info [interflop-vprec]: 	instrument = none
Info [interflop-vprec]: 	prec-input-file = (null)
Info [interflop-vprec]: 	prec-output-file = (null)
Info [interflop-vprec]: 	prec-log-file = (null)
All_Command_lines_OK
Using double precision for computations.
=============================================================================
The composite transform comprises the following transforms (in order): 
  1. /project/rrg-glatard/mdugre/datasets/corr/RawDataBIDS/BMB_1/derivatives/vprec-space_search/0110/r8-p8/sub-0003056/rigid_Composite.h5[0] (type = Euler3DTransform)
  2. /project/rrg-glatard/mdugre/datasets/corr/RawDataBIDS/BMB_1/derivatives/vprec-space_search/0110/r8-p8/sub-0003056/rigid_Composite.h5[1] (type = Euler3DTransform)
  3. /project/rrg-glatard/mdugre/datasets/corr/RawDataBIDS/BMB_1/derivatives/vprec-space_search/0110/r8-p8/sub-0003056/rigid_Composite.h5[2] (type = Euler3DTransform)
=============================================================================
  number of levels = 4
  fixed image: /templateflow/tpl-MNI152NLin2009cAsym/tpl-MNI152NLin2009cAsym_res-01_desc-brain_T1w.nii.gz
  moving image: /project/rrg-glatard/mdugre/datasets/corr/RawDataBIDS/BMB_1/derivatives/antsBrainExtraction/sub-0003056/BrainExtractionBrain.nii.gz
Dimension = 3
Number of stages = 1
Use histogram matching = false
Winsorize image intensities = true
  Lower quantile = 0.005
  Upper quantile = 0.995


Stage 1 State
   Image metric = MattesMI
     Fixed image = Image (0x3a34300)
  RTTI typeinfo:   itk::Image<double, 3u>
  Reference Count: 2
  Modified Time: 1592
  Debug: Off
  Object Name: 
  Observers: 
    none
  Source: (none)
  Source output name: (none)
  Release Data: Off
  Data Released: False
  Global Release Data: Off
  PipelineMTime: 0
  UpdateMTime: 1203
  RealTimeStamp: 0 seconds 
  LargestPossibleRegion: 
    Dimension: 3
    Index: [0, 0, 0]
    Size: [193, 229, 193]
  BufferedRegion: 
    Dimension: 3
    Index: [0, 0, 0]
    Size: [193, 229, 193]
  RequestedRegion: 
    Dimension: 3
    Index: [0, 0, 0]
    Size: [193, 229, 193]
  Spacing: [1, 1, 1]
  Origin: [96, 132, -78]
  Direction: 
-1 0 0
0 -1 0
0 0 1

  IndexToPointMatrix: 
-1 0 0
0 -1 0
0 0 1

  PointToIndexMatrix: 
-1 0 0
0 -1 0
0 0 1

  Inverse Direction: 
-1 0 0
0 -1 0
0 0 1

  PixelContainer: 
    ImportImageContainer (0x3aacc30)
      RTTI typeinfo:   itk::ImportImageContainer<unsigned long, double>
      Reference Count: 1
      Modified Time: 1200
      Debug: Off
      Object Name: 
      Observers: 
        none
      Pointer: 0x150851e78010
      Container manages memory: true
      Size: 8530021
      Capacity: 8530021

     Moving image = Image (0x3aef1a0)
  RTTI typeinfo:   itk::Image<double, 3u>
  Reference Count: 2
  Modified Time: 1593
  Debug: Off
  Object Name: 
  Observers: 
    none
  Source: (none)
  Source output name: (none)
  Release Data: Off
  Data Released: False
  Global Release Data: Off
  PipelineMTime: 0
  UpdateMTime: 1590
  RealTimeStamp: 0 seconds 
  LargestPossibleRegion: 
    Dimension: 3
    Index: [0, 0, 0]
    Size: [175, 256, 256]
  BufferedRegion: 
    Dimension: 3
    Index: [0, 0, 0]
    Size: [175, 256, 256]
  RequestedRegion: 
    Dimension: 3
    Index: [0, 0, 0]
    Size: [175, 256, 256]
  Spacing: [1, 1, 1]
  Origin: [-72.75, 101.25, -148]
  Direction: 
1 0 0
0 -1 0
0 0 1

  IndexToPointMatrix: 
1 0 0
0 -1 0
0 0 1

  PointToIndexMatrix: 
1 0 0
0 -1 0
0 0 1

  Inverse Direction: 
1 0 0
0 -1 0
0 0 1

  PixelContainer: 
    ImportImageContainer (0x3abcd70)
      RTTI typeinfo:   itk::ImportImageContainer<unsigned long, double>
      Reference Count: 1
      Modified Time: 1587
      Debug: Off
      Object Name: 
      Observers: 
        none
      Pointer: 0x15084c6f7010
      Container manages memory: true
      Size: 11468800
      Capacity: 11468800

     Weighting = 1
     Sampling strategy = regular
     Number of bins = 32
     Radius = 4
     Sampling percentage  = 0.25
   Transform = Affine
     Gradient step = 0.1
     Update field sigma (voxel space) = 0
     Total field sigma (voxel space) = 0
     Update field time sigma = 0
     Total field time sigma  = 0
     Number of time indices = 0
     Number of time point samples = 0
Registration using 1 total stages.

Stage 0
  iterations = 1000x500x250x100
  convergence threshold = 1e-06
  convergence window size = 10
  number of levels = 4
  using the Mattes MI metric (number of bins = 32, weight = 1, use gradient filter = 0)
  preprocessing:  winsorizing the image intensities
  Shrink factors (level 1 out of 4): [8, 8, 8]
  Shrink factors (level 2 out of 4): [4, 4, 4]
  Shrink factors (level 3 out of 4): [2, 2, 2]
  Shrink factors (level 4 out of 4): [1, 1, 1]
  smoothing sigmas per level: [3, 2, 1, 0]
  regular sampling (percentage = 0.25)

*** Running AffineTransform registration ***

DIAGNOSTIC,Iteration,metricValue,convergenceValue,ITERATION_TIME_INDEX,SINCE_LAST
 2DIAGNOSTIC,     1, -7.781186235287e-01, 1.797693134862e+308, 0.0000e+00, 0.0000e+00, 
 2DIAGNOSTIC,     2, -7.780792251850e-01, 1.797693134862e+308, 0.0000e+00, 0.0000e+00, 
 2DIAGNOSTIC,     3, -7.780667965608e-01, 1.797693134862e+308, 0.0000e+00, 0.0000e+00, 
 2DIAGNOSTIC,     4, -7.780712194754e-01, 1.797693134862e+308, 0.0000e+00, 0.0000e+00, 
 2DIAGNOSTIC,     5, -7.780716448900e-01, 1.797693134862e+308, 0.0000e+00, 0.0000e+00, 
 2DIAGNOSTIC,     6, -7.780710017981e-01, 1.797693134862e+308, 0.0000e+00, 0.0000e+00, 
 2DIAGNOSTIC,     7, -7.780710017979e-01, 1.797693134862e+308, 0.0000e+00, 0.0000e+00, 
 2DIAGNOSTIC,     8, -7.780710017983e-01, 1.797693134862e+308, 0.0000e+00, 0.0000e+00, 
 2DIAGNOSTIC,     9, -7.780710238793e-01, 1.797693134862e+308, 0.0000e+00, 0.0000e+00, 
DIAGNOSTIC,Iteration,metricValue,convergenceValue,ITERATION_TIME_INDEX,SINCE_LAST
 2DIAGNOSTIC,     1, -6.149580840701e-01, 1.797693134862e+308, 0.0000e+00, 0.0000e+00, 
 2DIAGNOSTIC,     2, -6.150077004327e-01, 1.797693134862e+308, 0.0000e+00, 0.0000e+00, 
 2DIAGNOSTIC,     3, -6.150183926299e-01, 1.797693134862e+308, 0.0000e+00, 0.0000e+00, 
 2DIAGNOSTIC,     4, -6.150162967910e-01, 1.797693134862e+308, 0.0000e+00, 0.0000e+00, 
 2DIAGNOSTIC,     5, -6.150069741607e-01, 1.797693134862e+308, 0.0000e+00, 0.0000e+00, 
 2DIAGNOSTIC,     6, -6.150067675046e-01, 1.797693134862e+308, 0.0000e+00, 0.0000e+00, 
 2DIAGNOSTIC,     7, -6.150067675103e-01, 1.797693134862e+308, 0.0000e+00, 0.0000e+00, 
 2DIAGNOSTIC,     8, -6.150008227977e-01, 1.797693134862e+308, 0.0000e+00, 0.0000e+00, 
 2DIAGNOSTIC,     9, -6.150008227972e-01, 1.797693134862e+308, 0.0000e+00, 0.0000e+00, 
DIAGNOSTIC,Iteration,metricValue,convergenceValue,ITERATION_TIME_INDEX,SINCE_LAST
 2DIAGNOSTIC,     1, -5.295724470050e-01, 1.797693134862e+308, 0.0000e+00, 0.0000e+00, 
 2DIAGNOSTIC,     2, -5.295728660212e-01, 1.797693134862e+308, 0.0000e+00, 0.0000e+00, 
 2DIAGNOSTIC,     3, -5.295636626961e-01, 1.797693134862e+308, 0.0000e+00, 0.0000e+00, 
 2DIAGNOSTIC,     4, -5.295896697014e-01, 1.797693134862e+308, 0.0000e+00, 0.0000e+00, 
 2DIAGNOSTIC,     5, -5.314466461463e-01, 1.797693134862e+308, 0.0000e+00, 0.0000e+00, 
 2DIAGNOSTIC,     6, -5.336938506341e-01, 1.797693134862e+308, 0.0000e+00, 0.0000e+00, 
 2DIAGNOSTIC,     7, -5.364576444720e-01, 1.797693134862e+308, 0.0000e+00, 0.0000e+00, 
 2DIAGNOSTIC,     8, -5.400552490438e-01, 1.797693134862e+308, 0.0000e+00, 0.0000e+00, 
 2DIAGNOSTIC,     9, -5.459192185887e-01, 1.797693134862e+308, 0.0000e+00, 0.0000e+00, 
 2DIAGNOSTIC,    10, -5.562341899498e-01, 2.751900898704e-03, 0.0000e+00, 0.0000e+00, 
 2DIAGNOSTIC,    11, -5.722213253637e-01, 3.924481195082e-03, 0.0000e+00, 0.0000e+00, 
 2DIAGNOSTIC,    12, -5.935186989456e-01, 5.441734917837e-03, 0.0000e+00, 0.0000e+00, 
 2DIAGNOSTIC,    13, -6.132433256598e-01, 6.974663166780e-03, 0.0000e+00, 0.0000e+00, 
 2DIAGNOSTIC,    14, -6.192211535122e-01, 7.844056117638e-03, 0.0000e+00, 0.0000e+00, 
 2DIAGNOSTIC,    15, -6.192965992049e-01, 7.946038577029e-03, 0.0000e+00, 0.0000e+00, 
 2DIAGNOSTIC,    16, -6.195258827050e-01, 7.390423312237e-03, 0.0000e+00, 0.0000e+00, 
 2DIAGNOSTIC,    17, -6.187491771918e-01, 6.281825048488e-03, 0.0000e+00, 0.0000e+00, 
 2DIAGNOSTIC,    18, -6.186461405636e-01, 4.822148624256e-03, 0.0000e+00, 0.0000e+00, 
 2DIAGNOSTIC,    19, -6.188177624272e-01, 3.243631761284e-03, 0.0000e+00, 0.0000e+00, 
 2DIAGNOSTIC,    20, -6.189488153433e-01, 1.795708154713e-03, 0.0000e+00, 0.0000e+00, 
 2DIAGNOSTIC,    21, -6.190061461736e-01, 6.999560078996e-04, 0.0000e+00, 0.0000e+00, 
 2DIAGNOSTIC,    22, -6.190401355068e-01, 1.122886668734e-04, 0.0000e+00, 0.0000e+00, 
DIAGNOSTIC,Iteration,metricValue,convergenceValue,ITERATION_TIME_INDEX,SINCE_LAST
 2DIAGNOSTIC,     1, -5.429638291202e-01, 1.797693134862e+308, 0.0000e+00, 0.0000e+00, 
 2DIAGNOSTIC,     2, -5.429936747485e-01, 1.797693134862e+308, 0.0000e+00, 0.0000e+00, 
 2DIAGNOSTIC,     3, -5.429948976607e-01, 1.797693134862e+308, 0.0000e+00, 0.0000e+00, 
 2DIAGNOSTIC,     4, -5.429824539164e-01, 1.797693134862e+308, 0.0000e+00, 0.0000e+00, 
 2DIAGNOSTIC,     5, -5.429832204700e-01, 1.797693134862e+308, 0.0000e+00, 0.0000e+00, 
 2DIAGNOSTIC,     6, -5.429818305904e-01, 1.797693134862e+308, 0.0000e+00, 0.0000e+00, 
 2DIAGNOSTIC,     7, -5.429815427460e-01, 1.797693134862e+308, 0.0000e+00, 0.0000e+00, 
 2DIAGNOSTIC,     8, -5.429814166812e-01, 1.797693134862e+308, 0.0000e+00, 0.0000e+00, 
 2DIAGNOSTIC,     9, -5.429811414472e-01, 1.797693134862e+308, 0.0000e+00, 0.0000e+00, 
  Elapsed time (stage 0): 0.0000e+00


Total elapsed time: 0.0000e+00
VFC_BACKENDS=libinterflop_ieee.so
Info [verificarlo]: loaded backend libinterflop_ieee.so
Info [interflop-ieee]: load backend with:
Info [interflop-ieee]: debug = false
Info [interflop-ieee]: debug-binary = false
Info [interflop-ieee]: no-backend-name = false
Info [interflop-ieee]: print-new-line = false
Info [interflop-ieee]: print-subnormal-normalized = false
Info [interflop-ieee]: count-op = false
All_Command_lines_OK
Using double precision for computations.
=============================================================================
The composite transform comprises the following transforms (in order): 
  1. /project/rrg-glatard/mdugre/datasets/corr/RawDataBIDS/BMB_1/derivatives/vprec-space_search/0110/r8-p8/sub-0003056/affine_Composite.h5[0] (type = Euler3DTransform)
  2. /project/rrg-glatard/mdugre/datasets/corr/RawDataBIDS/BMB_1/derivatives/vprec-space_search/0110/r8-p8/sub-0003056/affine_Composite.h5[1] (type = Euler3DTransform)
  3. /project/rrg-glatard/mdugre/datasets/corr/RawDataBIDS/BMB_1/derivatives/vprec-space_search/0110/r8-p8/sub-0003056/affine_Composite.h5[2] (type = Euler3DTransform)
  4. /project/rrg-glatard/mdugre/datasets/corr/RawDataBIDS/BMB_1/derivatives/vprec-space_search/0110/r8-p8/sub-0003056/affine_Composite.h5[3] (type = AffineTransform)
=============================================================================
  number of levels = 4
  fixed image: /templateflow/tpl-MNI152NLin2009cAsym/tpl-MNI152NLin2009cAsym_res-01_desc-brain_T1w.nii.gz
  moving image: /project/rrg-glatard/mdugre/datasets/corr/RawDataBIDS/BMB_1/derivatives/antsBrainExtraction/sub-0003056/BrainExtractionBrain.nii.gz
Dimension = 3
Number of stages = 1
Use histogram matching = false
Winsorize image intensities = true
  Lower quantile = 0.005
  Upper quantile = 0.995


Stage 1 State
   Image metric = CC
     Fixed image = Image (0x5066810)
  RTTI typeinfo:   itk::Image<double, 3u>
  Reference Count: 2
  Modified Time: 1608
  Debug: Off
  Object Name: 
  Observers: 
    none
  Source: (none)
  Source output name: (none)
  Release Data: Off
  Data Released: False
  Global Release Data: Off
  PipelineMTime: 0
  UpdateMTime: 1217
  RealTimeStamp: 0 seconds 
  LargestPossibleRegion: 
    Dimension: 3
    Index: [0, 0, 0]
    Size: [193, 229, 193]
  BufferedRegion: 
    Dimension: 3
    Index: [0, 0, 0]
    Size: [193, 229, 193]
  RequestedRegion: 
    Dimension: 3
    Index: [0, 0, 0]
    Size: [193, 229, 193]
  Spacing: [1, 1, 1]
  Origin: [96, 132, -78]
  Direction: 
-1 0 0
0 -1 0
0 0 1

  IndexToPointMatrix: 
-1 0 0
0 -1 0
0 0 1

  PointToIndexMatrix: 
-1 0 0
0 -1 0
0 0 1

  Inverse Direction: 
-1 0 0
0 -1 0
0 0 1

  PixelContainer: 
    ImportImageContainer (0x50defb0)
      RTTI typeinfo:   itk::ImportImageContainer<unsigned long, double>
      Reference Count: 1
      Modified Time: 1214
      Debug: Off
      Object Name: 
      Observers: 
        none
      Pointer: 0x15419cff4010
      Container manages memory: true
      Size: 8530021
      Capacity: 8530021

     Moving image = Image (0x51215b0)
  RTTI typeinfo:   itk::Image<double, 3u>
  Reference Count: 2
  Modified Time: 1609
  Debug: Off
  Object Name: 
  Observers: 
    none
  Source: (none)
  Source output name: (none)
  Release Data: Off
  Data Released: False
  Global Release Data: Off
  PipelineMTime: 0
  UpdateMTime: 1606
  RealTimeStamp: 0 seconds 
  LargestPossibleRegion: 
    Dimension: 3
    Index: [0, 0, 0]
    Size: [175, 256, 256]
  BufferedRegion: 
    Dimension: 3
    Index: [0, 0, 0]
    Size: [175, 256, 256]
  RequestedRegion: 
    Dimension: 3
    Index: [0, 0, 0]
    Size: [175, 256, 256]
  Spacing: [1, 1, 1]
  Origin: [-72.7989, 101.252, -148.073]
  Direction: 
1 0 0
0 -1 0
0 0 1

  IndexToPointMatrix: 
1 0 0
0 -1 0
0 0 1

  PointToIndexMatrix: 
1 0 0
0 -1 0
0 0 1

  Inverse Direction: 
1 0 0
0 -1 0
0 0 1

  PixelContainer: 
    ImportImageContainer (0x50d6f90)
      RTTI typeinfo:   itk::ImportImageContainer<unsigned long, double>
      Reference Count: 1
      Modified Time: 1603
      Debug: Off
      Object Name: 
      Observers: 
        none
      Pointer: 0x154197873010
      Container manages memory: true
      Size: 11468800
      Capacity: 11468800

     Weighting = 1
     Sampling strategy = none
     Number of bins = 32
     Radius = 4
     Sampling percentage  = 1
   Transform = SyN
     Gradient step = 0.1
     Update field sigma (voxel space) = 3
     Total field sigma (voxel space) = 0
     Update field time sigma = 0
     Total field time sigma  = 0
     Number of time indices = 0
     Number of time point samples = 0
Registration using 1 total stages.

Stage 0
  iterations = 100x70x50x20
  convergence threshold = 1e-06
  convergence window size = 10
  number of levels = 4
  using the CC metric (radius = 4, weight = 1, use gradient filter = 0)
  preprocessing:  winsorizing the image intensities
  Shrink factors (level 1 out of 4): [8, 8, 8]
  Shrink factors (level 2 out of 4): [4, 4, 4]
  Shrink factors (level 3 out of 4): [2, 2, 2]
  Shrink factors (level 4 out of 4): [1, 1, 1]
  smoothing sigmas per level: [3, 2, 1, 0]
  Using default NONE metricSamplingStrategy 

*** Running SyN registration (varianceForUpdateField = 3, varianceForTotalField = 0) ***

XXDIAGNOSTIC,Iteration,metricValue,convergenceValue,ITERATION_TIME_INDEX,SINCE_LAST
 1DIAGNOSTIC,     1, -9.252067028851e-01, 1.797693134862e+308, 1.6645e+00, 1.6645e+00, 
 1DIAGNOSTIC,     2, -9.323038496749e-01, 1.797693134862e+308, 2.0448e+00, 3.8037e-01, 
 1DIAGNOSTIC,     3, -9.390169681606e-01, 1.797693134862e+308, 2.4439e+00, 3.9904e-01, 
 1DIAGNOSTIC,     4, -9.439584211816e-01, 1.797693134862e+308, 2.8259e+00, 3.8203e-01, 
 1DIAGNOSTIC,     5, -9.487030691491e-01, 1.797693134862e+308, 3.2034e+00, 3.7755e-01, 
 1DIAGNOSTIC,     6, -9.526109835343e-01, 1.797693134862e+308, 3.5804e+00, 3.7693e-01, 
 1DIAGNOSTIC,     7, -9.563184351110e-01, 1.797693134862e+308, 3.9618e+00, 3.8139e-01, 
 1DIAGNOSTIC,     8, -9.597535937441e-01, 1.797693134862e+308, 4.3379e+00, 3.7617e-01, 
 1DIAGNOSTIC,     9, -9.628218303205e-01, 1.797693134862e+308, 4.7127e+00, 3.7475e-01, 
 1DIAGNOSTIC,    10, -9.653839534087e-01, 2.634130697466e-03, 5.0945e+00, 3.8185e-01, 
 1DIAGNOSTIC,    11, -9.669778505173e-01, 2.088966920489e-03, 5.4714e+00, 3.7685e-01, 
 1DIAGNOSTIC,    12, -9.674442393689e-01, 1.634775092040e-03, 5.8474e+00, 3.7598e-01, 
 1DIAGNOSTIC,    13, -9.680375518970e-01, 1.270616977171e-03, 6.2211e+00, 3.7372e-01, 
 1DIAGNOSTIC,    14, -9.680929238615e-01, 9.486378516260e-04, 6.6000e+00, 3.7895e-01, 
 1DIAGNOSTIC,    15, -9.688799357692e-01, 6.924119131579e-04, 6.9750e+00, 3.7501e-01, 
 1DIAGNOSTIC,    16, -9.689861741719e-01, 4.787849225804e-04, 7.3528e+00, 3.7772e-01, 
 1DIAGNOSTIC,    17, -9.693941605462e-01, 3.181698317035e-04, 7.7170e+00, 3.6429e-01, 
 1DIAGNOSTIC,    18, -9.691890201070e-01, 1.990297766770e-04, 8.0896e+00, 3.7259e-01, 
 1DIAGNOSTIC,    19, -9.698236203659e-01, 1.314934565530e-04, 8.4612e+00, 3.7155e-01, 
 1DIAGNOSTIC,    20, -9.698133535182e-01, 9.569979237404e-05, 8.8396e+00, 3.7845e-01, 
 1DIAGNOSTIC,    21, -9.700893462365e-01, 8.087631019728e-05, 9.2118e+00, 3.7216e-01, 
 1DIAGNOSTIC,    22, -9.698076038908e-01, 6.239359434659e-05, 9.5832e+00, 3.7139e-01, 
 1DIAGNOSTIC,    23, -9.703374557790e-01, 5.455229938872e-05, 9.9590e+00, 3.7577e-01, 
 1DIAGNOSTIC,    24, -9.702739569430e-01, 4.181498254266e-05, 1.0332e+01, 3.7350e-01, 
 1DIAGNOSTIC,    25, -9.703928043036e-01, 3.701052887817e-05, 1.0704e+01, 3.7193e-01, 
 1DIAGNOSTIC,    26, -9.700987050444e-01, 2.705152373224e-05, 1.1073e+01, 3.6855e-01, 
 1DIAGNOSTIC,    27, -9.705624008526e-01, 2.520845569858e-05, 1.1443e+01, 3.7014e-01, 
 1DIAGNOSTIC,    28, -9.704806673876e-01, 1.782316619948e-05, 1.1811e+01, 3.6835e-01, 
 1DIAGNOSTIC,    29, -9.705687213178e-01, 1.674505126796e-05, 1.2180e+01, 3.6810e-01, 
 1DIAGNOSTIC,    30, -9.702554146921e-01, 1.108376545590e-05, 1.2550e+01, 3.7023e-01, 
 1DIAGNOSTIC,    31, -9.707788638541e-01, 1.269214521429e-05, 1.2916e+01, 3.6583e-01, 
 1DIAGNOSTIC,    32, -9.706752544573e-01, 9.192962977002e-06, 1.3273e+01, 3.5763e-01, 
 1DIAGNOSTIC,    33, -9.707456665336e-01, 1.051475255914e-05, 1.3638e+01, 3.6486e-01, 
 1DIAGNOSTIC,    34, -9.704232395608e-01, 7.555337623220e-06, 1.4012e+01, 3.7419e-01, 
 1DIAGNOSTIC,    35, -9.708591679440e-01, 9.015145704418e-06, 1.4381e+01, 3.6824e-01, 
 1DIAGNOSTIC,    36, -9.707564802492e-01, 6.084129017828e-06, 1.4726e+01, 3.4540e-01, 
 1DIAGNOSTIC,    37, -9.708164369545e-01, 6.996538743392e-06, 1.5086e+01, 3.6034e-01, 
 1DIAGNOSTIC,    38, -9.705237358766e-01, 4.425407989669e-06, 1.5448e+01, 3.6130e-01, 
 1DIAGNOSTIC,    39, -9.709130747611e-01, 5.438329771706e-06, 1.5798e+01, 3.5027e-01, 
 1DIAGNOSTIC,    40, -9.708006843932e-01, 2.569781769008e-06, 1.6150e+01, 3.5241e-01, 
 1DIAGNOSTIC,    41, -9.708581990332e-01, 3.858883416800e-06, 1.6508e+01, 3.5788e-01, 
 1DIAGNOSTIC,    42, -9.705731998771e-01, 2.102288661224e-06, 1.6864e+01, 3.5563e-01, 
 1DIAGNOSTIC,    43, -9.709554381598e-01, 3.558123407528e-06, 1.7216e+01, 3.5206e-01, 
 1DIAGNOSTIC,    44, -9.708330432248e-01, 1.492438684466e-06, 1.7593e+01, 3.7725e-01, 
 1DIAGNOSTIC,    45, -9.708834194121e-01, 2.644611045259e-06, 1.7965e+01, 3.7161e-01, 
 1DIAGNOSTIC,    46, -9.705690724193e-01, 9.241080879338e-07, 1.8331e+01, 3.6618e-01, 
XXDIAGNOSTIC,Iteration,metricValue,convergenceValue,ITERATION_TIME_INDEX,SINCE_LAST
 1DIAGNOSTIC,     1, -9.100007055138e-01, 1.797693134862e+308, 2.2881e+01, 4.5503e+00, 
 1DIAGNOSTIC,     2, -9.137003206807e-01, 1.797693134862e+308, 2.6064e+01, 3.1830e+00, 
 1DIAGNOSTIC,     3, -9.173082335457e-01, 1.797693134862e+308, 2.9186e+01, 3.1219e+00, 
 1DIAGNOSTIC,     4, -9.202861025383e-01, 1.797693134862e+308, 3.2335e+01, 3.1487e+00, 
 1DIAGNOSTIC,     5, -9.229828545235e-01, 1.797693134862e+308, 3.6397e+01, 4.0622e+00, 
 1DIAGNOSTIC,     6, -9.251426428948e-01, 1.797693134862e+308, 4.0353e+01, 3.9560e+00, 
 1DIAGNOSTIC,     7, -9.271139064917e-01, 1.797693134862e+308, 4.4138e+01, 3.7853e+00, 
 1DIAGNOSTIC,     8, -9.288302548739e-01, 1.797693134862e+308, 4.7684e+01, 3.5460e+00, 
 1DIAGNOSTIC,     9, -9.302442119086e-01, 1.797693134862e+308, 5.0926e+01, 3.2420e+00, 
 1DIAGNOSTIC,    10, -9.314050759406e-01, 1.466007657759e-03, 5.4523e+01, 3.5968e+00, 
 1DIAGNOSTIC,    11, -9.323759126857e-01, 1.150938088442e-03, 5.7760e+01, 3.2365e+00, 
 1DIAGNOSTIC,    12, -9.331875872961e-01, 8.999195147262e-04, 6.0980e+01, 3.2206e+00, 
 1DIAGNOSTIC,    13, -9.336928767722e-01, 7.028561590873e-04, 6.4224e+01, 3.2441e+00, 
 1DIAGNOSTIC,    14, -9.341547585486e-01, 5.450921126830e-04, 6.7486e+01, 3.2620e+00, 
 1DIAGNOSTIC,    15, -9.344731977976e-01, 4.200147724842e-04, 7.0763e+01, 3.2767e+00, 
 1DIAGNOSTIC,    16, -9.347727281154e-01, 3.189180239223e-04, 7.4041e+01, 3.2781e+00, 
 1DIAGNOSTIC,    17, -9.350791536352e-01, 2.411731001227e-04, 7.7286e+01, 3.2453e+00, 
 1DIAGNOSTIC,    18, -9.353884025879e-01, 1.841003350579e-04, 8.0541e+01, 3.2548e+00, 
 1DIAGNOSTIC,    19, -9.357059501259e-01, 1.437815041264e-04, 8.4230e+01, 3.6888e+00, 
 1DIAGNOSTIC,    20, -9.360264335935e-01, 1.167126572217e-04, 8.7608e+01, 3.3785e+00, 
 1DIAGNOSTIC,    21, -9.363447153327e-01, 1.000486530192e-04, 9.0797e+01, 3.1884e+00, 
 1DIAGNOSTIC,    22, -9.366752499680e-01, 9.143574102455e-05, 9.4059e+01, 3.2618e+00, 
 1DIAGNOSTIC,    23, -9.370138485980e-01, 8.621147058133e-05, 9.7506e+01, 3.4475e+00, 
 1DIAGNOSTIC,    24, -9.373773555483e-01, 8.387507446052e-05, 1.0144e+02, 3.9313e+00, 
 1DIAGNOSTIC,    25, -9.377579121775e-01, 8.241455668292e-05, 1.0471e+02, 3.2740e+00, 
 1DIAGNOSTIC,    26, -9.381430465758e-01, 8.137794280002e-05, 1.0813e+02, 3.4224e+00, 
 1DIAGNOSTIC,    27, -9.385310097206e-01, 8.062811910203e-05, 1.1134e+02, 3.2015e+00, 
 1DIAGNOSTIC,    28, -9.389302269367e-01, 8.006891804466e-05, 1.1455e+02, 3.2187e+00, 
 1DIAGNOSTIC,    29, -9.392979472296e-01, 7.920849124675e-05, 1.1779e+02, 3.2346e+00, 
 1DIAGNOSTIC,    30, -9.396413778147e-01, 7.768881728686e-05, 1.2104e+02, 3.2534e+00, 
 1DIAGNOSTIC,    31, -9.399611526515e-01, 7.521675588405e-05, 1.2456e+02, 3.5216e+00, 
 1DIAGNOSTIC,    32, -9.402624925394e-01, 7.181939946358e-05, 1.2782e+02, 3.2548e+00, 
 1DIAGNOSTIC,    33, -9.405457309671e-01, 6.758020696552e-05, 1.3106e+02, 3.2426e+00, 
 1DIAGNOSTIC,    34, -9.408089986045e-01, 6.281344943395e-05, 1.3429e+02, 3.2338e+00, 
 1DIAGNOSTIC,    35, -9.410569579670e-01, 5.784901096607e-05, 1.3751e+02, 3.2192e+00, 
 1DIAGNOSTIC,    36, -9.412924687492e-01, 5.293698734866e-05, 1.4074e+02, 3.2210e+00, 
 1DIAGNOSTIC,    37, -9.415195659228e-01, 4.833396771379e-05, 1.4401e+02, 3.2732e+00, 
 1DIAGNOSTIC,    38, -9.417330965494e-01, 4.430196993525e-05, 1.4724e+02, 3.2290e+00, 
 1DIAGNOSTIC,    39, -9.419293192786e-01, 4.068303453045e-05, 1.5047e+02, 3.2357e+00, 
 1DIAGNOSTIC,    40, -9.421094658089e-01, 3.738037209111e-05, 1.5370e+02, 3.2296e+00, 
 1DIAGNOSTIC,    41, -9.422747321921e-01, 3.430436491305e-05, 1.5694e+02, 3.2349e+00, 
 1DIAGNOSTIC,    42, -9.424242647668e-01, 3.139877819239e-05, 1.6019e+02, 3.2512e+00, 
 1DIAGNOSTIC,    43, -9.425677606370e-01, 2.868351304651e-05, 1.6360e+02, 3.4063e+00, 
 1DIAGNOSTIC,    44, -9.426996054496e-01, 2.611821469007e-05, 1.6682e+02, 3.2295e+00, 
 1DIAGNOSTIC,    45, -9.428220869997e-01, 2.371154561555e-05, 1.7007e+02, 3.2455e+00, 
 1DIAGNOSTIC,    46, -9.429391587622e-01, 2.151067184371e-05, 1.7333e+02, 3.2622e+00, 
 1DIAGNOSTIC,    47, -9.430483386870e-01, 1.955862018829e-05, 1.7656e+02, 3.2291e+00, 
 1DIAGNOSTIC,    48, -9.431497757359e-01, 1.784933798148e-05, 1.8000e+02, 3.4351e+00, 
 1DIAGNOSTIC,    49, -9.432452399146e-01, 1.634991650249e-05, 1.8345e+02, 3.4513e+00, 
 1DIAGNOSTIC,    50, -9.433380081247e-01, 1.504405407938e-05, 1.8664e+02, 3.1967e+00, 
 1DIAGNOSTIC,    51, -9.434218168025e-01, 1.387328870688e-05, 1.8988e+02, 3.2370e+00, 
 1DIAGNOSTIC,    52, -9.434995546090e-01, 1.278735523671e-05, 1.9309e+02, 3.2115e+00, 
 1DIAGNOSTIC,    53, -9.435739756810e-01, 1.180818679924e-05, 1.9633e+02, 3.2393e+00, 
 1DIAGNOSTIC,    54, -9.432441979943e-01, 8.663795708554e-06, 1.9958e+02, 3.2506e+00, 
 1DIAGNOSTIC,    55, -9.432025781286e-01, 5.355296322729e-06, 2.0276e+02, 3.1772e+00, 
 1DIAGNOSTIC,    56, -9.429277244381e-01, 8.309185456634e-07, 2.0621e+02, 3.4472e+00, 
XXDIAGNOSTIC,Iteration,metricValue,convergenceValue,ITERATION_TIME_INDEX,SINCE_LAST
 1DIAGNOSTIC,     1, -8.919013062006e-01, 1.797693134862e+308, 2.3413e+02, 2.7920e+01, 
 1DIAGNOSTIC,     2, -8.940031558565e-01, 1.797693134862e+308, 2.6073e+02, 2.6602e+01, 
 1DIAGNOSTIC,     3, -8.973261830358e-01, 1.797693134862e+308, 2.8737e+02, 2.6644e+01, 
 1DIAGNOSTIC,     4, -9.000444387813e-01, 1.797693134862e+308, 3.1416e+02, 2.6791e+01, 
 1DIAGNOSTIC,     5, -9.024743137656e-01, 1.797693134862e+308, 3.4652e+02, 3.2357e+01, 
 1DIAGNOSTIC,     6, -9.046393285635e-01, 1.797693134862e+308, 3.7619e+02, 2.9668e+01, 
 1DIAGNOSTIC,     7, -9.066015401143e-01, 1.797693134862e+308, 4.0285e+02, 2.6659e+01, 
 1DIAGNOSTIC,     8, -9.083937095334e-01, 1.797693134862e+308, 4.3179e+02, 2.8941e+01, 
 1DIAGNOSTIC,     9, -9.100380706964e-01, 1.797693134862e+308, 4.6005e+02, 2.8262e+01, 
 1DIAGNOSTIC,    10, -9.114241999436e-01, 1.411207179671e-03, 4.8706e+02, 2.7010e+01, 
 1DIAGNOSTIC,    11, -9.128304072082e-01, 1.182310632051e-03, 5.1485e+02, 2.7793e+01, 
 1DIAGNOSTIC,    12, -9.138253387644e-01, 9.655008759220e-04, 5.4381e+02, 2.8956e+01, 
 1DIAGNOSTIC,    13, -9.147582370101e-01, 7.971141651057e-04, 5.7121e+02, 2.7405e+01, 
 1DIAGNOSTIC,    14, -9.156058144416e-01, 6.597912027147e-04, 5.9836e+02, 2.7144e+01, 
 1DIAGNOSTIC,    15, -9.163818940038e-01, 5.470905030856e-04, 6.2504e+02, 2.6683e+01, 
 1DIAGNOSTIC,    16, -9.170943606967e-01, 4.542620521252e-04, 6.5432e+02, 2.9277e+01, 
 1DIAGNOSTIC,    17, -9.177531910923e-01, 3.785187857893e-04, 6.8148e+02, 2.7160e+01, 
 1DIAGNOSTIC,    18, -9.185566824227e-01, 3.211176452800e-04, 7.0845e+02, 2.6968e+01, 
 1DIAGNOSTIC,    19, -9.190997577983e-01, 2.757265388902e-04, 7.3717e+02, 2.8724e+01, 
 1DIAGNOSTIC,    20, -9.196050740828e-01, 2.385896032432e-04, 7.6411e+02, 2.6942e+01, 
 1DIAGNOSTIC,    21, -9.200845959473e-01, 2.107647342652e-04, 7.9197e+02, 2.7854e+01, 
 1DIAGNOSTIC,    22, -9.205455561222e-01, 1.863441325366e-04, 8.2138e+02, 2.9417e+01, 
 1DIAGNOSTIC,    23, -9.209873163848e-01, 1.651422061587e-04, 8.4880e+02, 2.7419e+01, 
 1DIAGNOSTIC,    24, -9.214171806835e-01, 1.467658282249e-04, 8.7720e+02, 2.8401e+01, 
 1DIAGNOSTIC,    25, -9.218315321521e-01, 1.309237978673e-04, 9.0465e+02, 2.7449e+01, 
 1DIAGNOSTIC,    26, -9.222136018059e-01, 1.171001205664e-04, 9.3228e+02, 2.7629e+01, 
 1DIAGNOSTIC,    27, -9.225463033653e-01, 1.046240279987e-04, 9.5965e+02, 2.7369e+01, 
 1DIAGNOSTIC,    28, -9.228378988124e-01, 9.535126662752e-05, 9.8696e+02, 2.7310e+01, 
 1DIAGNOSTIC,    29, -9.230976863503e-01, 8.634002188095e-05, 1.0185e+03, 3.1567e+01, 
 1DIAGNOSTIC,    30, -9.233296874059e-01, 7.742480620176e-05, 1.0476e+03, 2.9109e+01, 
 1DIAGNOSTIC,    31, -9.235385581669e-01, 6.868061611515e-05, 1.0768e+03, 2.9117e+01, 
 1DIAGNOSTIC,    32, -9.237295489016e-01, 6.033719523903e-05, 1.1038e+03, 2.7079e+01, 
 1DIAGNOSTIC,    33, -9.239059169561e-01, 5.262882335440e-05, 1.1311e+03, 2.7306e+01, 
 1DIAGNOSTIC,    34, -9.240713735465e-01, 4.584583421927e-05, 1.1586e+03, 2.7427e+01, 
 1DIAGNOSTIC,    35, -9.242288951686e-01, 4.019763660361e-05, 1.1860e+03, 2.7415e+01, 
 1DIAGNOSTIC,    36, -9.243788142184e-01, 3.566318583210e-05, 1.2141e+03, 2.8103e+01, 
 1DIAGNOSTIC,    37, -9.245242735177e-01, 3.203012365774e-05, 1.2416e+03, 2.7485e+01, 
 1DIAGNOSTIC,    38, -9.246663974027e-01, 2.912080536991e-05, 1.2738e+03, 3.2267e+01, 
 1DIAGNOSTIC,    39, -9.248051871243e-01, 2.679896245760e-05, 1.3012e+03, 2.7372e+01, 
 1DIAGNOSTIC,    40, -9.249438881671e-01, 2.495660301784e-05, 1.3300e+03, 2.8780e+01, 
 1DIAGNOSTIC,    41, -9.250815238587e-01, 2.348844407076e-05, 1.3577e+03, 2.7718e+01, 
 1DIAGNOSTIC,    42, -9.252180366289e-01, 2.231062921494e-05, 1.3883e+03, 3.0594e+01, 
 1DIAGNOSTIC,    43, -9.253578594729e-01, 2.138120895297e-05, 1.4201e+03, 3.1851e+01, 
 1DIAGNOSTIC,    44, -9.255004669034e-01, 2.066471124434e-05, 1.4473e+03, 2.7107e+01, 
 1DIAGNOSTIC,    45, -9.256448361120e-01, 2.012643578222e-05, 1.4757e+03, 2.8478e+01, 
 1DIAGNOSTIC,    46, -9.257940128711e-01, 1.974364022630e-05, 1.5047e+03, 2.8929e+01, 
 1DIAGNOSTIC,    47, -9.259341350491e-01, 1.941162689375e-05, 1.5317e+03, 2.6997e+01, 
 1DIAGNOSTIC,    48, -9.260660455620e-01, 1.904625917875e-05, 1.5597e+03, 2.8088e+01, 
 1DIAGNOSTIC,    49, -9.261908631536e-01, 1.858034344708e-05, 1.5869e+03, 2.7151e+01, 
 1DIAGNOSTIC,    50, -9.263089072785e-01, 1.798438145162e-05, 1.6140e+03, 2.7108e+01, 
XXDIAGNOSTIC,Iteration,metricValue,convergenceValue,ITERATION_TIME_INDEX,SINCE_LAST
 1DIAGNOSTIC,     1, -8.808702431564e-01, 1.797693134862e+308, 1.8721e+03, 2.5813e+02, 
 1DIAGNOSTIC,     2, -8.820433608637e-01, 1.797693134862e+308, 2.1192e+03, 2.4710e+02, 
 1DIAGNOSTIC,     3, -8.836005913942e-01, 1.797693134862e+308, 2.3651e+03, 2.4591e+02, 
 1DIAGNOSTIC,     4, -8.851687551302e-01, 1.797693134862e+308, 2.6128e+03, 2.4764e+02, 
 1DIAGNOSTIC,     5, -8.867270562131e-01, 1.797693134862e+308, 2.8588e+03, 2.4597e+02, 
 1DIAGNOSTIC,     6, -8.883934139044e-01, 1.797693134862e+308, 3.1055e+03, 2.4673e+02, 
 1DIAGNOSTIC,     7, -8.899844636012e-01, 1.797693134862e+308, 3.3504e+03, 2.4493e+02, 
 1DIAGNOSTIC,     8, -8.914365375366e-01, 1.797693134862e+308, 3.5970e+03, 2.4662e+02, 
 1DIAGNOSTIC,     9, -8.927342491389e-01, 1.797693134862e+308, 3.8419e+03, 2.4482e+02, 
 1DIAGNOSTIC,    10, -8.939279059524e-01, 9.774334796823e-04, 4.0863e+03, 2.4443e+02, 
 1DIAGNOSTIC,    11, -8.950086129183e-01, 8.686401460391e-04, 4.3461e+03, 2.5976e+02, 
 1DIAGNOSTIC,    12, -8.959949645767e-01, 7.570950938853e-04, 4.5958e+03, 2.4971e+02, 
 1DIAGNOSTIC,    13, -8.967966186803e-01, 6.519622179983e-04, 4.8395e+03, 2.4374e+02, 
 1DIAGNOSTIC,    14, -8.976342748197e-01, 5.573002742489e-04, 5.0918e+03, 2.5234e+02, 
 1DIAGNOSTIC,    15, -8.983440990265e-01, 4.722665114606e-04, 5.3387e+03, 2.4683e+02, 
 1DIAGNOSTIC,    16, -8.988906572462e-01, 3.983502661244e-04, 5.5898e+03, 2.5110e+02, 
 1DIAGNOSTIC,    17, -8.994261880698e-01, 3.361530911015e-04, 5.8413e+03, 2.5149e+02, 
 1DIAGNOSTIC,    18, -8.999525627597e-01, 2.846669120418e-04, 6.0875e+03, 2.4620e+02, 
 1DIAGNOSTIC,    19, -9.004398766936e-01, 2.419422209095e-04, 6.3320e+03, 2.4449e+02, 
 1DIAGNOSTIC,    20, -9.008974583350e-01, 2.071334168624e-04, 6.5822e+03, 2.5024e+02, 
  Elapsed time (stage 0): 6584.19


Total elapsed time: 6584.19
