
##########################
# Experiment information #
##########################
SIF_IMG: /project/rrg-glatard/mdugre/containers/ants-p2-vprec.sif
EXPERIMENT_NAME: vprec-space_search
CONFIG: 0110
VFC_BACKENDS: libinterflop_vprec.so --range-binary32=7 --precision-binary32=19 --range-binary64=7 --precision-binary64=19

FIXED_IMG: /templateflow/tpl-MNI152NLin2009cAsym/tpl-MNI152NLin2009cAsym_res-01_desc-brain_T1w.nii.gz
SUBJECT_ID: 0003023
INPUT_IMG: /project/rrg-glatard/mdugre/datasets/corr/RawDataBIDS/BMB_1/derivatives/antsBrainExtraction/sub-0003023/BrainExtractionBrain.nii.gz
OUTPUT_DIR: /project/rrg-glatard/mdugre/datasets/corr/RawDataBIDS/BMB_1/derivatives/vprec-space_search/0110/r7-p19/sub-0003023

ITK_GLOBAL_DEFAULT_NUMBER_OF_THREADS: 8
##########################

VFC_BACKENDS=libinterflop_ieee.so
Info [verificarlo]: loaded backend libinterflop_ieee.so
Info [interflop-ieee]: load backend with:
Info [interflop-ieee]: debug = false
Info [interflop-ieee]: debug-binary = false
Info [interflop-ieee]: no-backend-name = false
Info [interflop-ieee]: print-new-line = false
Info [interflop-ieee]: print-subnormal-normalized = false
Info [interflop-ieee]: count-op = false
All_Command_lines_OK
Using double precision for computations.
=============================================================================
The composite transform comprises the following transforms (in order): 
  1. Center of mass alignment using fixed image: /templateflow/tpl-MNI152NLin2009cAsym/tpl-MNI152NLin2009cAsym_res-01_desc-brain_T1w.nii.gz and moving image: /project/rrg-glatard/mdugre/datasets/corr/RawDataBIDS/BMB_1/derivatives/antsBrainExtraction/sub-0003023/BrainExtractionBrain.nii.gz (type = Euler3DTransform)
=============================================================================
  number of levels = 1
  fixed image: /templateflow/tpl-MNI152NLin2009cAsym/tpl-MNI152NLin2009cAsym_res-01_desc-brain_T1w.nii.gz
  moving image: /project/rrg-glatard/mdugre/datasets/corr/RawDataBIDS/BMB_1/derivatives/antsBrainExtraction/sub-0003023/BrainExtractionBrain.nii.gz
Dimension = 3
Number of stages = 1
Use histogram matching = false
Winsorize image intensities = true
  Lower quantile = 0.005
  Upper quantile = 0.995


Stage 1 State
   Image metric = MattesMI
     Fixed image = Image (0x3e8a390)
  RTTI typeinfo:   itk::Image<double, 3u>
  Reference Count: 2
  Modified Time: 2330
  Debug: Off
  Object Name: 
  Observers: 
    none
  Source: (none)
  Source output name: (none)
  Release Data: Off
  Data Released: False
  Global Release Data: Off
  PipelineMTime: 0
  UpdateMTime: 1941
  RealTimeStamp: 0 seconds 
  LargestPossibleRegion: 
    Dimension: 3
    Index: [0, 0, 0]
    Size: [193, 229, 193]
  BufferedRegion: 
    Dimension: 3
    Index: [0, 0, 0]
    Size: [193, 229, 193]
  RequestedRegion: 
    Dimension: 3
    Index: [0, 0, 0]
    Size: [193, 229, 193]
  Spacing: [1, 1, 1]
  Origin: [96, 132, -78]
  Direction: 
-1 0 0
0 -1 0
0 0 1

  IndexToPointMatrix: 
-1 0 0
0 -1 0
0 0 1

  PointToIndexMatrix: 
-1 0 0
0 -1 0
0 0 1

  Inverse Direction: 
-1 0 0
0 -1 0
0 0 1

  PixelContainer: 
    ImportImageContainer (0x3f55a90)
      RTTI typeinfo:   itk::ImportImageContainer<unsigned long, double>
      Reference Count: 1
      Modified Time: 1938
      Debug: Off
      Object Name: 
      Observers: 
        none
      Pointer: 0x14d04ecd5010
      Container manages memory: true
      Size: 8530021
      Capacity: 8530021

     Moving image = Image (0x3e8f390)
  RTTI typeinfo:   itk::Image<double, 3u>
  Reference Count: 2
  Modified Time: 2331
  Debug: Off
  Object Name: 
  Observers: 
    none
  Source: (none)
  Source output name: (none)
  Release Data: Off
  Data Released: False
  Global Release Data: Off
  PipelineMTime: 0
  UpdateMTime: 2328
  RealTimeStamp: 0 seconds 
  LargestPossibleRegion: 
    Dimension: 3
    Index: [0, 0, 0]
    Size: [176, 256, 256]
  BufferedRegion: 
    Dimension: 3
    Index: [0, 0, 0]
    Size: [176, 256, 256]
  RequestedRegion: 
    Dimension: 3
    Index: [0, 0, 0]
    Size: [176, 256, 256]
  Spacing: [1, 1, 1]
  Origin: [-91.7169, 102.904, -133.024]
  Direction: 
1 0 0
0 -1 0
0 0 1

  IndexToPointMatrix: 
1 0 0
0 -1 0
0 0 1

  PointToIndexMatrix: 
1 0 0
0 -1 0
0 0 1

  Inverse Direction: 
1 0 0
0 -1 0
0 0 1

  PixelContainer: 
    ImportImageContainer (0x4035b90)
      RTTI typeinfo:   itk::ImportImageContainer<unsigned long, double>
      Reference Count: 1
      Modified Time: 2325
      Debug: Off
      Object Name: 
      Observers: 
        none
      Pointer: 0x14d0494d4010
      Container manages memory: true
      Size: 11534336
      Capacity: 11534336

     Weighting = 1
     Sampling strategy = regular
     Number of bins = 32
     Radius = 4
     Sampling percentage  = 0.25
   Transform = Rigid
     Gradient step = 0.1
     Update field sigma (voxel space) = 0
     Total field sigma (voxel space) = 0
     Update field time sigma = 0
     Total field time sigma  = 0
     Number of time indices = 0
     Number of time point samples = 0
Registration using 1 total stages.

Stage 0
  iterations = 0
  convergence threshold = 1e-06
  convergence window size = 10
  number of levels = 1
  using the Mattes MI metric (number of bins = 32, weight = 1, use gradient filter = 0)
  preprocessing:  winsorizing the image intensities
  Shrink factors (level 1 out of 1): [1, 1, 1]
  smoothing sigmas per level: [0]
  regular sampling (percentage = 0.25)

*** Running Euler3DTransform registration ***

  Elapsed time (stage 0): 0.92034


Total elapsed time: 0.921798
VFC_BACKENDS=libinterflop_vprec.so --range-binary32=7 --precision-binary32=19 --range-binary64=7 --precision-binary64=19
Info [verificarlo]: loaded backend libinterflop_vprec.so
Info [interflop-vprec]: load backend with: 
Info [interflop-vprec]: precision-binary32 = 19
Info [interflop-vprec]: range-binary32 = 7
Info [interflop-vprec]: precision-binary64 = 19
Info [interflop-vprec]: range-binary64 = 7
Info [interflop-vprec]: mode = ob
Info [interflop-vprec]: error-mode = rel
Info [interflop-vprec]: max-abs-error-exponent = -1022
Info [interflop-vprec]: daz = false
Info [interflop-vprec]: ftz = false
Info [interflop-vprec]: 	instrument = none
Info [interflop-vprec]: 	prec-input-file = (null)
Info [interflop-vprec]: 	prec-output-file = (null)
Info [interflop-vprec]: 	prec-log-file = (null)
All_Command_lines_OK
Using double precision for computations.
=============================================================================
The composite transform comprises the following transforms (in order): 
  1. /project/rrg-glatard/mdugre/datasets/corr/RawDataBIDS/BMB_1/derivatives/vprec-space_search/0110/r7-p19/sub-0003023/align_Composite.h5[0] (type = Euler3DTransform)
  2. /project/rrg-glatard/mdugre/datasets/corr/RawDataBIDS/BMB_1/derivatives/vprec-space_search/0110/r7-p19/sub-0003023/align_Composite.h5[1] (type = Euler3DTransform)
=============================================================================
  number of levels = 4
  fixed image: /templateflow/tpl-MNI152NLin2009cAsym/tpl-MNI152NLin2009cAsym_res-01_desc-brain_T1w.nii.gz
  moving image: /project/rrg-glatard/mdugre/datasets/corr/RawDataBIDS/BMB_1/derivatives/antsBrainExtraction/sub-0003023/BrainExtractionBrain.nii.gz
Dimension = 3
Number of stages = 1
Use histogram matching = false
Winsorize image intensities = true
  Lower quantile = 0.005
  Upper quantile = 0.995


Stage 1 State
   Image metric = MattesMI
     Fixed image = Image (0x3e37300)
  RTTI typeinfo:   itk::Image<double, 3u>
  Reference Count: 2
  Modified Time: 1578
  Debug: Off
  Object Name: 
  Observers: 
    none
  Source: (none)
  Source output name: (none)
  Release Data: Off
  Data Released: False
  Global Release Data: Off
  PipelineMTime: 0
  UpdateMTime: 1189
  RealTimeStamp: 0 seconds 
  LargestPossibleRegion: 
    Dimension: 3
    Index: [0, 0, 0]
    Size: [193, 229, 193]
  BufferedRegion: 
    Dimension: 3
    Index: [0, 0, 0]
    Size: [193, 229, 193]
  RequestedRegion: 
    Dimension: 3
    Index: [0, 0, 0]
    Size: [193, 229, 193]
  Spacing: [1, 1, 1]
  Origin: [96, 132, -78]
  Direction: 
-1 0 0
0 -1 0
0 0 1

  IndexToPointMatrix: 
-1 0 0
0 -1 0
0 0 1

  PointToIndexMatrix: 
-1 0 0
0 -1 0
0 0 1

  Inverse Direction: 
-1 0 0
0 -1 0
0 0 1

  PixelContainer: 
    ImportImageContainer (0x3ef5d00)
      RTTI typeinfo:   itk::ImportImageContainer<unsigned long, double>
      Reference Count: 1
      Modified Time: 1186
      Debug: Off
      Object Name: 
      Observers: 
        none
      Pointer: 0x14927df74010
      Container manages memory: true
      Size: 8530021
      Capacity: 8530021

     Moving image = Image (0x3ef2030)
  RTTI typeinfo:   itk::Image<double, 3u>
  Reference Count: 2
  Modified Time: 1579
  Debug: Off
  Object Name: 
  Observers: 
    none
  Source: (none)
  Source output name: (none)
  Release Data: Off
  Data Released: False
  Global Release Data: Off
  PipelineMTime: 0
  UpdateMTime: 1576
  RealTimeStamp: 0 seconds 
  LargestPossibleRegion: 
    Dimension: 3
    Index: [0, 0, 0]
    Size: [176, 256, 256]
  BufferedRegion: 
    Dimension: 3
    Index: [0, 0, 0]
    Size: [176, 256, 256]
  RequestedRegion: 
    Dimension: 3
    Index: [0, 0, 0]
    Size: [176, 256, 256]
  Spacing: [1, 1, 1]
  Origin: [-91.7169, 102.904, -133.024]
  Direction: 
1 0 0
0 -1 0
0 0 1

  IndexToPointMatrix: 
1 0 0
0 -1 0
0 0 1

  PointToIndexMatrix: 
1 0 0
0 -1 0
0 0 1

  Inverse Direction: 
1 0 0
0 -1 0
0 0 1

  PixelContainer: 
    ImportImageContainer (0x3ef5680)
      RTTI typeinfo:   itk::ImportImageContainer<unsigned long, double>
      Reference Count: 1
      Modified Time: 1573
      Debug: Off
      Object Name: 
      Observers: 
        none
      Pointer: 0x149278773010
      Container manages memory: true
      Size: 11534336
      Capacity: 11534336

     Weighting = 1
     Sampling strategy = regular
     Number of bins = 32
     Radius = 4
     Sampling percentage  = 0.25
   Transform = Rigid
     Gradient step = 0.1
     Update field sigma (voxel space) = 0
     Total field sigma (voxel space) = 0
     Update field time sigma = 0
     Total field time sigma  = 0
     Number of time indices = 0
     Number of time point samples = 0
Registration using 1 total stages.

Stage 0
  iterations = 1000x500x250x100
  convergence threshold = 1e-06
  convergence window size = 10
  number of levels = 4
  using the Mattes MI metric (number of bins = 32, weight = 1, use gradient filter = 0)
  preprocessing:  winsorizing the image intensities
  Shrink factors (level 1 out of 4): [8, 8, 8]
  Shrink factors (level 2 out of 4): [4, 4, 4]
  Shrink factors (level 3 out of 4): [2, 2, 2]
  Shrink factors (level 4 out of 4): [1, 1, 1]
  smoothing sigmas per level: [3, 2, 1, 0]
  regular sampling (percentage = 0.25)

*** Running Euler3DTransform registration ***

DIAGNOSTIC,Iteration,metricValue,convergenceValue,ITERATION_TIME_INDEX,SINCE_LAST
 2DIAGNOSTIC,     1, -4.922016617835e-01, 1.797693134862e+308, 0.0000e+00, 0.0000e+00, 
 2DIAGNOSTIC,     2, -4.932825448293e-01, 1.797693134862e+308, 0.0000e+00, 0.0000e+00, 
 2DIAGNOSTIC,     3, -4.949000391196e-01, 1.797693134862e+308, 0.0000e+00, 0.0000e+00, 
 2DIAGNOSTIC,     4, -4.961760308939e-01, 1.797693134862e+308, 0.0000e+00, 0.0000e+00, 
 2DIAGNOSTIC,     5, -4.977896092926e-01, 1.797693134862e+308, 0.0000e+00, 0.0000e+00, 
 2DIAGNOSTIC,     6, -5.005898069997e-01, 1.797693134862e+308, 0.0000e+00, 0.0000e+00, 
 2DIAGNOSTIC,     7, -5.027727777343e-01, 1.797693134862e+308, 0.0000e+00, 0.0000e+00, 
 2DIAGNOSTIC,     8, -5.049967207914e-01, 1.797693134862e+308, 0.0000e+00, 0.0000e+00, 
 2DIAGNOSTIC,     9, -5.061958799001e-01, 1.797693134862e+308, 0.0000e+00, 0.0000e+00, 
 2DIAGNOSTIC,    10, -5.064738478068e-01, 2.061891301864e-03, 0.0000e+00, 0.0000e+00, 
 2DIAGNOSTIC,    11, -5.064772817478e-01, 1.762647603286e-03, 0.0000e+00, 0.0000e+00, 
 2DIAGNOSTIC,    12, -5.065517640478e-01, 1.409090246405e-03, 0.0000e+00, 0.0000e+00, 
 2DIAGNOSTIC,    13, -5.066221990405e-01, 1.056423098685e-03, 0.0000e+00, 0.0000e+00, 
 2DIAGNOSTIC,    14, -5.067169893181e-01, 7.141588446745e-04, 0.0000e+00, 0.0000e+00, 
 2DIAGNOSTIC,    15, -5.068866129293e-01, 4.192908867456e-04, 0.0000e+00, 0.0000e+00, 
 2DIAGNOSTIC,    16, -5.070148994246e-01, 2.262545952701e-04, 0.0000e+00, 0.0000e+00, 
 2DIAGNOSTIC,    17, -5.069898141192e-01, 1.057468963448e-04, 0.0000e+00, 0.0000e+00, 
 2DIAGNOSTIC,    18, -5.070688467804e-01, 6.060488698127e-05, 0.0000e+00, 0.0000e+00, 
 2DIAGNOSTIC,    19, -5.071055736964e-01, 5.127012611326e-05, 0.0000e+00, 0.0000e+00, 
 2DIAGNOSTIC,    20, -5.071378967983e-01, 4.696895858620e-05, 0.0000e+00, 0.0000e+00, 
 2DIAGNOSTIC,    21, -5.071195534716e-01, 3.841060041183e-05, 0.0000e+00, 0.0000e+00, 
 2DIAGNOSTIC,    22, -5.070888465854e-01, 2.839397951514e-05, 0.0000e+00, 0.0000e+00, 
 2DIAGNOSTIC,    23, -5.071940031666e-01, 2.107168673841e-05, 0.0000e+00, 0.0000e+00, 
 2DIAGNOSTIC,    24, -5.072117604203e-01, 1.496586604809e-05, 0.0000e+00, 0.0000e+00, 
 2DIAGNOSTIC,    25, -5.071796992083e-01, 1.110586061941e-05, 0.0000e+00, 0.0000e+00, 
 2DIAGNOSTIC,    26, -5.071137407076e-01, 8.089535146132e-06, 0.0000e+00, 0.0000e+00, 
 2DIAGNOSTIC,    27, -5.071321250902e-01, 4.526087082922e-06, 0.0000e+00, 0.0000e+00, 
 2DIAGNOSTIC,    28, -5.070798824860e-01, 1.351300004379e-06, 0.0000e+00, 0.0000e+00, 
DIAGNOSTIC,Iteration,metricValue,convergenceValue,ITERATION_TIME_INDEX,SINCE_LAST
 2DIAGNOSTIC,     1, -3.974167853040e-01, 1.797693134862e+308, 0.0000e+00, 0.0000e+00, 
 2DIAGNOSTIC,     2, -3.976838242604e-01, 1.797693134862e+308, 0.0000e+00, 0.0000e+00, 
 2DIAGNOSTIC,     3, -3.982587746516e-01, 1.797693134862e+308, 0.0000e+00, 0.0000e+00, 
 2DIAGNOSTIC,     4, -3.994843397949e-01, 1.797693134862e+308, 0.0000e+00, 0.0000e+00, 
 2DIAGNOSTIC,     5, -4.005716565629e-01, 1.797693134862e+308, 0.0000e+00, 0.0000e+00, 
 2DIAGNOSTIC,     6, -4.020507702029e-01, 1.797693134862e+308, 0.0000e+00, 0.0000e+00, 
 2DIAGNOSTIC,     7, -4.022308693794e-01, 1.797693134862e+308, 0.0000e+00, 0.0000e+00, 
 2DIAGNOSTIC,     8, -4.024459906806e-01, 1.797693134862e+308, 0.0000e+00, 0.0000e+00, 
 2DIAGNOSTIC,     9, -4.025272977260e-01, 1.797693134862e+308, 0.0000e+00, 0.0000e+00, 
 2DIAGNOSTIC,    10, -4.026417856995e-01, 9.911188817575e-04, 0.0000e+00, 0.0000e+00, 
 2DIAGNOSTIC,    11, -4.027828819827e-01, 7.746049292352e-04, 0.0000e+00, 0.0000e+00, 
 2DIAGNOSTIC,    12, -4.032361746336e-01, 5.679927624579e-04, 0.0000e+00, 0.0000e+00, 
 2DIAGNOSTIC,    13, -4.035763068411e-01, 3.915113003258e-04, 0.0000e+00, 0.0000e+00, 
 2DIAGNOSTIC,    14, -4.036737291053e-01, 2.712208847380e-04, 0.0000e+00, 0.0000e+00, 
 2DIAGNOSTIC,    15, -4.038345894029e-01, 1.999593067773e-04, 0.0000e+00, 0.0000e+00, 
 2DIAGNOSTIC,    16, -4.038328972222e-01, 1.846990200871e-04, 0.0000e+00, 0.0000e+00, 
 2DIAGNOSTIC,    17, -4.038402928874e-01, 1.618473036272e-04, 0.0000e+00, 0.0000e+00, 
 2DIAGNOSTIC,    18, -4.038197144088e-01, 1.342568287264e-04, 0.0000e+00, 0.0000e+00, 
 2DIAGNOSTIC,    19, -4.038206833281e-01, 1.004806573786e-04, 0.0000e+00, 0.0000e+00, 
 2DIAGNOSTIC,    20, -4.038153091110e-01, 6.490621688791e-05, 0.0000e+00, 0.0000e+00, 
 2DIAGNOSTIC,    21, -4.038149356270e-01, 3.130056939746e-05, 0.0000e+00, 0.0000e+00, 
 2DIAGNOSTIC,    22, -4.038088578529e-01, 1.215109893580e-05, 0.0000e+00, 0.0000e+00, 
 2DIAGNOSTIC,    23, -4.038088075970e-01, 4.102703083313e-06, 0.0000e+00, 0.0000e+00, 
DIAGNOSTIC,Iteration,metricValue,convergenceValue,ITERATION_TIME_INDEX,SINCE_LAST
 2DIAGNOSTIC,     1, -3.518480839620e-01, 1.797693134862e+308, 0.0000e+00, 0.0000e+00, 
 2DIAGNOSTIC,     2, -3.520112944782e-01, 1.797693134862e+308, 0.0000e+00, 0.0000e+00, 
 2DIAGNOSTIC,     3, -3.522037090619e-01, 1.797693134862e+308, 0.0000e+00, 0.0000e+00, 
 2DIAGNOSTIC,     4, -3.523325485781e-01, 1.797693134862e+308, 0.0000e+00, 0.0000e+00, 
 2DIAGNOSTIC,     5, -3.524366328365e-01, 1.797693134862e+308, 0.0000e+00, 0.0000e+00, 
 2DIAGNOSTIC,     6, -3.526089866117e-01, 1.797693134862e+308, 0.0000e+00, 0.0000e+00, 
 2DIAGNOSTIC,     7, -3.528480734099e-01, 1.797693134862e+308, 0.0000e+00, 0.0000e+00, 
 2DIAGNOSTIC,     8, -3.534819835751e-01, 1.797693134862e+308, 0.0000e+00, 0.0000e+00, 
 2DIAGNOSTIC,     9, -3.534856219084e-01, 1.797693134862e+308, 0.0000e+00, 0.0000e+00, 
 2DIAGNOSTIC,    10, -3.534817994292e-01, 3.326458493459e-04, 0.0000e+00, 0.0000e+00, 
 2DIAGNOSTIC,    11, -3.534775262838e-01, 2.899994774856e-04, 0.0000e+00, 0.0000e+00, 
 2DIAGNOSTIC,    12, -3.534739687656e-01, 2.388355685138e-04, 0.0000e+00, 0.0000e+00, 
 2DIAGNOSTIC,    13, -3.534730638171e-01, 1.854032995327e-04, 0.0000e+00, 0.0000e+00, 
 2DIAGNOSTIC,    14, -3.534730907656e-01, 1.304411609757e-04, 0.0000e+00, 0.0000e+00, 
 2DIAGNOSTIC,    15, -3.534719713466e-01, 7.709029865702e-05, 0.0000e+00, 0.0000e+00, 
 2DIAGNOSTIC,    16, -3.534722475601e-01, 3.227925717127e-05, 0.0000e+00, 0.0000e+00, 
DIAGNOSTIC,Iteration,metricValue,convergenceValue,ITERATION_TIME_INDEX,SINCE_LAST
 2DIAGNOSTIC,     1, -3.279376651755e-01, 1.797693134862e+308, 0.0000e+00, 0.0000e+00, 
 2DIAGNOSTIC,     2, -3.279447417840e-01, 1.797693134862e+308, 0.0000e+00, 0.0000e+00, 
 2DIAGNOSTIC,     3, -3.279434353606e-01, 1.797693134862e+308, 0.0000e+00, 0.0000e+00, 
 2DIAGNOSTIC,     4, -3.279431139166e-01, 1.797693134862e+308, 0.0000e+00, 0.0000e+00, 
 2DIAGNOSTIC,     5, -3.279429939846e-01, 1.797693134862e+308, 0.0000e+00, 0.0000e+00, 
 2DIAGNOSTIC,     6, -3.279427812906e-01, 1.797693134862e+308, 0.0000e+00, 0.0000e+00, 
 2DIAGNOSTIC,     7, -3.279428832404e-01, 1.797693134862e+308, 0.0000e+00, 0.0000e+00, 
 2DIAGNOSTIC,     8, -3.279430042816e-01, 1.797693134862e+308, 0.0000e+00, 0.0000e+00, 
 2DIAGNOSTIC,     9, -3.279429407694e-01, 1.797693134862e+308, 0.0000e+00, 0.0000e+00, 
 2DIAGNOSTIC,    10, -3.279429407037e-01, 3.455193727187e-06, 0.0000e+00, 0.0000e+00, 
 2DIAGNOSTIC,    11, -3.279428708299e-01, 2.695175214160e-06, 0.0000e+00, 0.0000e+00, 
 2DIAGNOSTIC,    12, -3.279428718401e-01, 2.592206353416e-06, 0.0000e+00, 0.0000e+00, 
 2DIAGNOSTIC,    13, -3.279426016558e-01, 2.404745625934e-06, 0.0000e+00, 0.0000e+00, 
 2DIAGNOSTIC,    14, -3.279426046729e-01, 2.228225149697e-06, 0.0000e+00, 0.0000e+00, 
 2DIAGNOSTIC,    15, -3.279424880526e-01, 2.065432603754e-06, 0.0000e+00, 0.0000e+00, 
 2DIAGNOSTIC,    16, -3.279424832264e-01, 1.915651807335e-06, 0.0000e+00, 0.0000e+00, 
 2DIAGNOSTIC,    17, -3.279424798410e-01, 1.794511714927e-06, 0.0000e+00, 0.0000e+00, 
 2DIAGNOSTIC,    18, -3.279424862158e-01, 1.699772567428e-06, 0.0000e+00, 0.0000e+00, 
 2DIAGNOSTIC,    19, -3.279428166037e-01, 1.633026485662e-06, 0.0000e+00, 0.0000e+00, 
 2DIAGNOSTIC,    20, -3.279428229452e-01, 1.576233373081e-06, 0.0000e+00, 0.0000e+00, 
 2DIAGNOSTIC,    21, -3.279428311767e-01, 1.523308404368e-06, 0.0000e+00, 0.0000e+00, 
 2DIAGNOSTIC,    22, -3.279427073522e-01, 1.469640515832e-06, 0.0000e+00, 0.0000e+00, 
 2DIAGNOSTIC,    23, -3.279427044144e-01, 1.407816478192e-06, 0.0000e+00, 0.0000e+00, 
 2DIAGNOSTIC,    24, -3.279426973481e-01, 1.348215523833e-06, 0.0000e+00, 0.0000e+00, 
 2DIAGNOSTIC,    25, -3.279426864215e-01, 1.286400010604e-06, 0.0000e+00, 0.0000e+00, 
 2DIAGNOSTIC,    26, -3.279426413885e-01, 1.226259396726e-06, 0.0000e+00, 0.0000e+00, 
 2DIAGNOSTIC,    27, -3.279426517968e-01, 1.170468765591e-06, 0.0000e+00, 0.0000e+00, 
 2DIAGNOSTIC,    28, -3.279426448265e-01, 1.118786148661e-06, 0.0000e+00, 0.0000e+00, 
 2DIAGNOSTIC,    29, -3.279425304885e-01, 1.078415310427e-06, 0.0000e+00, 0.0000e+00, 
 2DIAGNOSTIC,    30, -3.279425358341e-01, 1.042614848651e-06, 0.0000e+00, 0.0000e+00, 
 2DIAGNOSTIC,    31, -3.279427750646e-01, 1.017535318185e-06, 0.0000e+00, 0.0000e+00, 
  Elapsed time (stage 0): 0.0000e+00


Total elapsed time: 0.0000e+00
VFC_BACKENDS=libinterflop_vprec.so --range-binary32=7 --precision-binary32=19 --range-binary64=7 --precision-binary64=19
Info [verificarlo]: loaded backend libinterflop_vprec.so
Info [interflop-vprec]: load backend with: 
Info [interflop-vprec]: precision-binary32 = 19
Info [interflop-vprec]: range-binary32 = 7
Info [interflop-vprec]: precision-binary64 = 19
Info [interflop-vprec]: range-binary64 = 7
Info [interflop-vprec]: mode = ob
Info [interflop-vprec]: error-mode = rel
Info [interflop-vprec]: max-abs-error-exponent = -1022
Info [interflop-vprec]: daz = false
Info [interflop-vprec]: ftz = false
Info [interflop-vprec]: 	instrument = none
Info [interflop-vprec]: 	prec-input-file = (null)
Info [interflop-vprec]: 	prec-output-file = (null)
Info [interflop-vprec]: 	prec-log-file = (null)
All_Command_lines_OK
Using double precision for computations.
=============================================================================
The composite transform comprises the following transforms (in order): 
  1. /project/rrg-glatard/mdugre/datasets/corr/RawDataBIDS/BMB_1/derivatives/vprec-space_search/0110/r7-p19/sub-0003023/rigid_Composite.h5[0] (type = Euler3DTransform)
  2. /project/rrg-glatard/mdugre/datasets/corr/RawDataBIDS/BMB_1/derivatives/vprec-space_search/0110/r7-p19/sub-0003023/rigid_Composite.h5[1] (type = Euler3DTransform)
  3. /project/rrg-glatard/mdugre/datasets/corr/RawDataBIDS/BMB_1/derivatives/vprec-space_search/0110/r7-p19/sub-0003023/rigid_Composite.h5[2] (type = Euler3DTransform)
=============================================================================
  number of levels = 4
  fixed image: /templateflow/tpl-MNI152NLin2009cAsym/tpl-MNI152NLin2009cAsym_res-01_desc-brain_T1w.nii.gz
  moving image: /project/rrg-glatard/mdugre/datasets/corr/RawDataBIDS/BMB_1/derivatives/antsBrainExtraction/sub-0003023/BrainExtractionBrain.nii.gz
Dimension = 3
Number of stages = 1
Use histogram matching = false
Winsorize image intensities = true
  Lower quantile = 0.005
  Upper quantile = 0.995


Stage 1 State
   Image metric = MattesMI
     Fixed image = Image (0x4ac7300)
  RTTI typeinfo:   itk::Image<double, 3u>
  Reference Count: 2
  Modified Time: 1592
  Debug: Off
  Object Name: 
  Observers: 
    none
  Source: (none)
  Source output name: (none)
  Release Data: Off
  Data Released: False
  Global Release Data: Off
  PipelineMTime: 0
  UpdateMTime: 1203
  RealTimeStamp: 0 seconds 
  LargestPossibleRegion: 
    Dimension: 3
    Index: [0, 0, 0]
    Size: [193, 229, 193]
  BufferedRegion: 
    Dimension: 3
    Index: [0, 0, 0]
    Size: [193, 229, 193]
  RequestedRegion: 
    Dimension: 3
    Index: [0, 0, 0]
    Size: [193, 229, 193]
  Spacing: [1, 1, 1]
  Origin: [96, 132, -78]
  Direction: 
-1 0 0
0 -1 0
0 0 1

  IndexToPointMatrix: 
-1 0 0
0 -1 0
0 0 1

  PointToIndexMatrix: 
-1 0 0
0 -1 0
0 0 1

  Inverse Direction: 
-1 0 0
0 -1 0
0 0 1

  PixelContainer: 
    ImportImageContainer (0x4ad3170)
      RTTI typeinfo:   itk::ImportImageContainer<unsigned long, double>
      Reference Count: 1
      Modified Time: 1200
      Debug: Off
      Object Name: 
      Observers: 
        none
      Pointer: 0x147c6fe46010
      Container manages memory: true
      Size: 8530021
      Capacity: 8530021

     Moving image = Image (0x4b82030)
  RTTI typeinfo:   itk::Image<double, 3u>
  Reference Count: 2
  Modified Time: 1593
  Debug: Off
  Object Name: 
  Observers: 
    none
  Source: (none)
  Source output name: (none)
  Release Data: Off
  Data Released: False
  Global Release Data: Off
  PipelineMTime: 0
  UpdateMTime: 1590
  RealTimeStamp: 0 seconds 
  LargestPossibleRegion: 
    Dimension: 3
    Index: [0, 0, 0]
    Size: [176, 256, 256]
  BufferedRegion: 
    Dimension: 3
    Index: [0, 0, 0]
    Size: [176, 256, 256]
  RequestedRegion: 
    Dimension: 3
    Index: [0, 0, 0]
    Size: [176, 256, 256]
  Spacing: [1, 1, 1]
  Origin: [-91.7169, 102.904, -133.024]
  Direction: 
1 0 0
0 -1 0
0 0 1

  IndexToPointMatrix: 
1 0 0
0 -1 0
0 0 1

  PointToIndexMatrix: 
1 0 0
0 -1 0
0 0 1

  Inverse Direction: 
1 0 0
0 -1 0
0 0 1

  PixelContainer: 
    ImportImageContainer (0x4bb7650)
      RTTI typeinfo:   itk::ImportImageContainer<unsigned long, double>
      Reference Count: 1
      Modified Time: 1587
      Debug: Off
      Object Name: 
      Observers: 
        none
      Pointer: 0x147c6a645010
      Container manages memory: true
      Size: 11534336
      Capacity: 11534336

     Weighting = 1
     Sampling strategy = regular
     Number of bins = 32
     Radius = 4
     Sampling percentage  = 0.25
   Transform = Affine
     Gradient step = 0.1
     Update field sigma (voxel space) = 0
     Total field sigma (voxel space) = 0
     Update field time sigma = 0
     Total field time sigma  = 0
     Number of time indices = 0
     Number of time point samples = 0
Registration using 1 total stages.

Stage 0
  iterations = 1000x500x250x100
  convergence threshold = 1e-06
  convergence window size = 10
  number of levels = 4
  using the Mattes MI metric (number of bins = 32, weight = 1, use gradient filter = 0)
  preprocessing:  winsorizing the image intensities
  Shrink factors (level 1 out of 4): [8, 8, 8]
  Shrink factors (level 2 out of 4): [4, 4, 4]
  Shrink factors (level 3 out of 4): [2, 2, 2]
  Shrink factors (level 4 out of 4): [1, 1, 1]
  smoothing sigmas per level: [3, 2, 1, 0]
  regular sampling (percentage = 0.25)

*** Running AffineTransform registration ***

DIAGNOSTIC,Iteration,metricValue,convergenceValue,ITERATION_TIME_INDEX,SINCE_LAST
 2DIAGNOSTIC,     1, -5.088346002068e-01, 1.797693134862e+308, 0.0000e+00, 0.0000e+00, 
 2DIAGNOSTIC,     2, -5.111945923165e-01, 1.797693134862e+308, 0.0000e+00, 0.0000e+00, 
 2DIAGNOSTIC,     3, -5.151174798530e-01, 1.797693134862e+308, 0.0000e+00, 0.0000e+00, 
 2DIAGNOSTIC,     4, -5.210778191360e-01, 1.797693134862e+308, 0.0000e+00, 0.0000e+00, 
 2DIAGNOSTIC,     5, -5.299355794401e-01, 1.797693134862e+308, 0.0000e+00, 0.0000e+00, 
 2DIAGNOSTIC,     6, -5.480768876357e-01, 1.797693134862e+308, 0.0000e+00, 0.0000e+00, 
 2DIAGNOSTIC,     7, -7.049571107576e-01, 1.797693134862e+308, 0.0000e+00, 0.0000e+00, 
 2DIAGNOSTIC,     8, -7.479312507654e-01, 1.797693134862e+308, 0.0000e+00, 0.0000e+00, 
 2DIAGNOSTIC,     9, -7.647537610340e-01, 1.797693134862e+308, 0.0000e+00, 0.0000e+00, 
 2DIAGNOSTIC,    10, -8.187590068627e-01, 3.610058607283e-02, 0.0000e+00, 0.0000e+00, 
 2DIAGNOSTIC,    11, -8.356770315298e-01, 3.604577509346e-02, 0.0000e+00, 0.0000e+00, 
 2DIAGNOSTIC,    12, -8.435496653838e-01, 3.310599172430e-02, 0.0000e+00, 0.0000e+00, 
 2DIAGNOSTIC,    13, -8.492335174393e-01, 2.809925386950e-02, 0.0000e+00, 0.0000e+00, 
 2DIAGNOSTIC,    14, -8.509667112532e-01, 2.176635716476e-02, 0.0000e+00, 0.0000e+00, 
 2DIAGNOSTIC,    15, -8.517743638423e-01, 1.481033466913e-02, 0.0000e+00, 0.0000e+00, 
 2DIAGNOSTIC,    16, -8.519921653658e-01, 7.927597450737e-03, 0.0000e+00, 0.0000e+00, 
 2DIAGNOSTIC,    17, -8.534316579935e-01, 5.001450940819e-03, 0.0000e+00, 0.0000e+00, 
 2DIAGNOSTIC,    18, -8.539121303670e-01, 2.962954676583e-03, 0.0000e+00, 0.0000e+00, 
 2DIAGNOSTIC,    19, -8.541114824467e-01, 1.228922527777e-03, 0.0000e+00, 0.0000e+00, 
 2DIAGNOSTIC,    20, -8.546007619133e-01, 6.338480519266e-04, 0.0000e+00, 0.0000e+00, 
 2DIAGNOSTIC,    21, -8.548835248113e-01, 3.581131110089e-04, 0.0000e+00, 0.0000e+00, 
 2DIAGNOSTIC,    22, -8.549333690942e-01, 2.129014281140e-04, 0.0000e+00, 0.0000e+00, 
 2DIAGNOSTIC,    23, -8.551196701141e-01, 1.585874463789e-04, 0.0000e+00, 0.0000e+00, 
 2DIAGNOSTIC,    24, -8.551936306404e-01, 1.231018143495e-04, 0.0000e+00, 0.0000e+00, 
 2DIAGNOSTIC,    25, -8.552543891775e-01, 9.263690818027e-05, 0.0000e+00, 0.0000e+00, 
 2DIAGNOSTIC,    26, -8.553059620942e-01, 5.960535219227e-05, 0.0000e+00, 0.0000e+00, 
 2DIAGNOSTIC,    27, -8.553319058223e-01, 4.393599205504e-05, 0.0000e+00, 0.0000e+00, 
 2DIAGNOSTIC,    28, -8.553540998573e-01, 3.217783922588e-05, 0.0000e+00, 0.0000e+00, 
 2DIAGNOSTIC,    29, -8.553827141523e-01, 2.116154975536e-05, 0.0000e+00, 0.0000e+00, 
 2DIAGNOSTIC,    30, -8.553904140843e-01, 1.508531146885e-05, 0.0000e+00, 0.0000e+00, 
 2DIAGNOSTIC,    31, -8.554030660330e-01, 1.163049172132e-05, 0.0000e+00, 0.0000e+00, 
 2DIAGNOSTIC,    32, -8.554083008897e-01, 8.003097734528e-06, 0.0000e+00, 0.0000e+00, 
 2DIAGNOSTIC,    33, -8.554172727336e-01, 6.103510349319e-06, 0.0000e+00, 0.0000e+00, 
 2DIAGNOSTIC,    34, -8.554274771940e-01, 4.731829673421e-06, 0.0000e+00, 0.0000e+00, 
 2DIAGNOSTIC,    35, -8.554280003878e-01, 3.714670528003e-06, 0.0000e+00, 0.0000e+00, 
 2DIAGNOSTIC,    36, -8.554294335683e-01, 3.031254802430e-06, 0.0000e+00, 0.0000e+00, 
 2DIAGNOSTIC,    37, -8.554296867226e-01, 2.443847435283e-06, 0.0000e+00, 0.0000e+00, 
 2DIAGNOSTIC,    38, -8.554300711954e-01, 1.952629417799e-06, 0.0000e+00, 0.0000e+00, 
 2DIAGNOSTIC,    39, -8.554300915122e-01, 1.650325306090e-06, 0.0000e+00, 0.0000e+00, 
 2DIAGNOSTIC,    40, -8.554302726400e-01, 1.359486527328e-06, 0.0000e+00, 0.0000e+00, 
 2DIAGNOSTIC,    41, -8.554302722209e-01, 1.146814520167e-06, 0.0000e+00, 0.0000e+00, 
DIAGNOSTIC,Iteration,metricValue,convergenceValue,ITERATION_TIME_INDEX,SINCE_LAST
 2DIAGNOSTIC,     1, -7.143711982034e-01, 1.797693134862e+308, 0.0000e+00, 0.0000e+00, 
 2DIAGNOSTIC,     2, -7.150569266156e-01, 1.797693134862e+308, 0.0000e+00, 0.0000e+00, 
 2DIAGNOSTIC,     3, -7.158803193779e-01, 1.797693134862e+308, 0.0000e+00, 0.0000e+00, 
 2DIAGNOSTIC,     4, -7.169126879595e-01, 1.797693134862e+308, 0.0000e+00, 0.0000e+00, 
 2DIAGNOSTIC,     5, -7.183008200813e-01, 1.797693134862e+308, 0.0000e+00, 0.0000e+00, 
 2DIAGNOSTIC,     6, -7.200453717818e-01, 1.797693134862e+308, 0.0000e+00, 0.0000e+00, 
 2DIAGNOSTIC,     7, -7.202698793334e-01, 1.797693134862e+308, 0.0000e+00, 0.0000e+00, 
 2DIAGNOSTIC,     8, -7.204840033450e-01, 1.797693134862e+308, 0.0000e+00, 0.0000e+00, 
 2DIAGNOSTIC,     9, -7.205284826193e-01, 1.797693134862e+308, 0.0000e+00, 0.0000e+00, 
 2DIAGNOSTIC,    10, -7.209081059114e-01, 6.522847966895e-04, 0.0000e+00, 0.0000e+00, 
 2DIAGNOSTIC,    11, -7.210617947206e-01, 5.060242069772e-04, 0.0000e+00, 0.0000e+00, 
 2DIAGNOSTIC,    12, -7.210435258394e-01, 3.611551455362e-04, 0.0000e+00, 0.0000e+00, 
 2DIAGNOSTIC,    13, -7.210276316461e-01, 2.314282773025e-04, 0.0000e+00, 0.0000e+00, 
 2DIAGNOSTIC,    14, -7.210198953247e-01, 1.279847801510e-04, 0.0000e+00, 0.0000e+00, 
 2DIAGNOSTIC,    15, -7.210186438651e-01, 6.208151529002e-05, 0.0000e+00, 0.0000e+00, 
 2DIAGNOSTIC,    16, -7.210165577743e-01, 4.178512275065e-05, 0.0000e+00, 0.0000e+00, 
 2DIAGNOSTIC,    17, -7.210090596953e-01, 2.526853980066e-05, 0.0000e+00, 0.0000e+00, 
 2DIAGNOSTIC,    18, -7.210002406336e-01, 1.307439338182e-05, 0.0000e+00, 0.0000e+00, 
 2DIAGNOSTIC,    19, -7.209926979571e-01, 1.699170106041e-06, 0.0000e+00, 0.0000e+00, 
DIAGNOSTIC,Iteration,metricValue,convergenceValue,ITERATION_TIME_INDEX,SINCE_LAST
 2DIAGNOSTIC,     1, -6.123140079925e-01, 1.797693134862e+308, 0.0000e+00, 0.0000e+00, 
 2DIAGNOSTIC,     2, -6.128976143575e-01, 1.797693134862e+308, 0.0000e+00, 0.0000e+00, 
 2DIAGNOSTIC,     3, -6.131413958147e-01, 1.797693134862e+308, 0.0000e+00, 0.0000e+00, 
 2DIAGNOSTIC,     4, -6.132523817587e-01, 1.797693134862e+308, 0.0000e+00, 0.0000e+00, 
 2DIAGNOSTIC,     5, -6.133575272909e-01, 1.797693134862e+308, 0.0000e+00, 0.0000e+00, 
 2DIAGNOSTIC,     6, -6.133780690905e-01, 1.797693134862e+308, 0.0000e+00, 0.0000e+00, 
 2DIAGNOSTIC,     7, -6.133779975306e-01, 1.797693134862e+308, 0.0000e+00, 0.0000e+00, 
 2DIAGNOSTIC,     8, -6.133778386004e-01, 1.797693134862e+308, 0.0000e+00, 0.0000e+00, 
 2DIAGNOSTIC,     9, -6.133783559841e-01, 1.797693134862e+308, 0.0000e+00, 0.0000e+00, 
 2DIAGNOSTIC,    10, -6.133778667808e-01, 8.251837283549e-05, 0.0000e+00, 0.0000e+00, 
 2DIAGNOSTIC,    11, -6.133770819690e-01, 3.591771229711e-05, 0.0000e+00, 0.0000e+00, 
 2DIAGNOSTIC,    12, -6.133766096796e-01, 1.649235367412e-05, 0.0000e+00, 0.0000e+00, 
 2DIAGNOSTIC,    13, -6.133764118295e-01, 7.433543371571e-06, 0.0000e+00, 0.0000e+00, 
 2DIAGNOSTIC,    14, -6.133750665409e-01, 2.752963688735e-06, 0.0000e+00, 0.0000e+00, 
 2DIAGNOSTIC,    15, -6.133770979949e-01, 1.946480211013e-06, 0.0000e+00, 0.0000e+00, 
 2DIAGNOSTIC,    16, -6.133779278443e-01, 1.873873264058e-06, 0.0000e+00, 0.0000e+00, 
 2DIAGNOSTIC,    17, -6.133772222529e-01, 1.798532018857e-06, 0.0000e+00, 0.0000e+00, 
 2DIAGNOSTIC,    18, -6.133742106824e-01, 1.657271331987e-06, 0.0000e+00, 0.0000e+00, 
 2DIAGNOSTIC,    19, -6.133753136548e-01, 1.582736975807e-06, 0.0000e+00, 0.0000e+00, 
 2DIAGNOSTIC,    20, -6.133740060823e-01, 1.479884522863e-06, 0.0000e+00, 0.0000e+00, 
 2DIAGNOSTIC,    21, -6.133748834483e-01, 1.398200822338e-06, 0.0000e+00, 0.0000e+00, 
 2DIAGNOSTIC,    22, -6.133768903561e-01, 1.367231792788e-06, 0.0000e+00, 0.0000e+00, 
 2DIAGNOSTIC,    23, -6.133801294427e-01, 1.408430753552e-06, 0.0000e+00, 0.0000e+00, 
 2DIAGNOSTIC,    24, -6.133847403564e-01, 1.504312120322e-06, 0.0000e+00, 0.0000e+00, 
 2DIAGNOSTIC,    25, -6.133867762229e-01, 1.648463193837e-06, 0.0000e+00, 0.0000e+00, 
 2DIAGNOSTIC,    26, -6.133923048436e-01, 1.859808633410e-06, 0.0000e+00, 0.0000e+00, 
 2DIAGNOSTIC,    27, -6.133910662680e-01, 1.961409523674e-06, 0.0000e+00, 0.0000e+00, 
 2DIAGNOSTIC,    28, -6.133923275715e-01, 1.953012288232e-06, 0.0000e+00, 0.0000e+00, 
 2DIAGNOSTIC,    29, -6.133922547991e-01, 1.884602081954e-06, 0.0000e+00, 0.0000e+00, 
 2DIAGNOSTIC,    30, -6.133895724969e-01, 1.684030619432e-06, 0.0000e+00, 0.0000e+00, 
 2DIAGNOSTIC,    31, -6.133898024999e-01, 1.454523303822e-06, 0.0000e+00, 0.0000e+00, 
 2DIAGNOSTIC,    32, -6.133887614305e-01, 1.211813247221e-06, 0.0000e+00, 0.0000e+00, 
DIAGNOSTIC,Iteration,metricValue,convergenceValue,ITERATION_TIME_INDEX,SINCE_LAST
 2DIAGNOSTIC,     1, -5.449333175925e-01, 1.797693134862e+308, 0.0000e+00, 0.0000e+00, 
 2DIAGNOSTIC,     2, -5.452032326243e-01, 1.797693134862e+308, 0.0000e+00, 0.0000e+00, 
 2DIAGNOSTIC,     3, -5.454418451695e-01, 1.797693134862e+308, 0.0000e+00, 0.0000e+00, 
 2DIAGNOSTIC,     4, -5.457113960110e-01, 1.797693134862e+308, 0.0000e+00, 0.0000e+00, 
 2DIAGNOSTIC,     5, -5.459814583372e-01, 1.797693134862e+308, 0.0000e+00, 0.0000e+00, 
 2DIAGNOSTIC,     6, -5.459992380306e-01, 1.797693134862e+308, 0.0000e+00, 0.0000e+00, 
 2DIAGNOSTIC,     7, -5.460098734903e-01, 1.797693134862e+308, 0.0000e+00, 0.0000e+00, 
 2DIAGNOSTIC,     8, -5.460122482138e-01, 1.797693134862e+308, 0.0000e+00, 0.0000e+00, 
 2DIAGNOSTIC,     9, -5.460123613892e-01, 1.797693134862e+308, 0.0000e+00, 0.0000e+00, 
 2DIAGNOSTIC,    10, -5.460123187220e-01, 1.244453750856e-04, 0.0000e+00, 0.0000e+00, 
 2DIAGNOSTIC,    11, -5.460121994388e-01, 7.554532840401e-05, 0.0000e+00, 0.0000e+00, 
 2DIAGNOSTIC,    12, -5.460121928518e-01, 4.002120837328e-05, 0.0000e+00, 0.0000e+00, 
 2DIAGNOSTIC,    13, -5.460122119221e-01, 1.597757803290e-05, 2.0480e+03, 2.0480e+03, 
 2DIAGNOSTIC,    14, -5.460122173196e-01, 3.892242278841e-06, 2.0480e+03, 0.0000e+00, 
 2DIAGNOSTIC,    15, -5.460122079064e-01, 2.633017420733e-06, 2.0480e+03, 0.0000e+00, 
 2DIAGNOSTIC,    16, -5.460122081041e-01, 2.053606032226e-06, 2.0480e+03, 0.0000e+00, 
 2DIAGNOSTIC,    17, -5.460122080767e-01, 1.859639753896e-06, 2.0480e+03, 0.0000e+00, 
 2DIAGNOSTIC,    18, -5.460122084129e-01, 1.756434044702e-06, 2.0480e+03, 0.0000e+00, 
 2DIAGNOSTIC,    19, -5.460122090655e-01, 1.667833360620e-06, 2.0480e+03, 0.0000e+00, 
 2DIAGNOSTIC,    20, -5.460122093317e-01, 1.587330031666e-06, 2.0480e+03, 0.0000e+00, 
 2DIAGNOSTIC,    21, -5.460122087357e-01, 1.511494952131e-06, 2.0480e+03, 0.0000e+00, 
 2DIAGNOSTIC,    22, -5.460122086462e-01, 1.442364587871e-06, 2.0480e+03, 0.0000e+00, 
 2DIAGNOSTIC,    23, -5.460122083147e-01, 1.379685417455e-06, 2.0480e+03, 0.0000e+00, 
 2DIAGNOSTIC,    24, -5.460122080821e-01, 1.322363575501e-06, 2.0480e+03, 0.0000e+00, 
 2DIAGNOSTIC,    25, -5.460122081525e-01, 1.269431831735e-06, 2.0480e+03, 0.0000e+00, 
 2DIAGNOSTIC,    26, -5.460122084406e-01, 1.220583192525e-06, 2.0480e+03, 0.0000e+00, 
 2DIAGNOSTIC,    27, -5.460122092735e-01, 1.175371089811e-06, 2.0480e+03, 0.0000e+00, 
 2DIAGNOSTIC,    28, -5.460122088434e-01, 1.133388159394e-06, 2.0480e+03, 0.0000e+00, 
 2DIAGNOSTIC,    29, -5.460122086751e-01, 1.094311406533e-06, 2.0480e+03, 0.0000e+00, 
 2DIAGNOSTIC,    30, -5.460122090375e-01, 1.057851601746e-06, 2.0480e+03, 0.0000e+00, 
 2DIAGNOSTIC,    31, -5.460122089405e-01, 1.023730100851e-06, 2.0480e+03, 0.0000e+00, 
  Elapsed time (stage 0): 2.0480e+03


Total elapsed time: 2.0480e+03
VFC_BACKENDS=libinterflop_ieee.so
Info [verificarlo]: loaded backend libinterflop_ieee.so
Info [interflop-ieee]: load backend with:
Info [interflop-ieee]: debug = false
Info [interflop-ieee]: debug-binary = false
Info [interflop-ieee]: no-backend-name = false
Info [interflop-ieee]: print-new-line = false
Info [interflop-ieee]: print-subnormal-normalized = false
Info [interflop-ieee]: count-op = false
All_Command_lines_OK
Using double precision for computations.
=============================================================================
The composite transform comprises the following transforms (in order): 
  1. /project/rrg-glatard/mdugre/datasets/corr/RawDataBIDS/BMB_1/derivatives/vprec-space_search/0110/r7-p19/sub-0003023/affine_Composite.h5[0] (type = Euler3DTransform)
  2. /project/rrg-glatard/mdugre/datasets/corr/RawDataBIDS/BMB_1/derivatives/vprec-space_search/0110/r7-p19/sub-0003023/affine_Composite.h5[1] (type = Euler3DTransform)
  3. /project/rrg-glatard/mdugre/datasets/corr/RawDataBIDS/BMB_1/derivatives/vprec-space_search/0110/r7-p19/sub-0003023/affine_Composite.h5[2] (type = Euler3DTransform)
  4. /project/rrg-glatard/mdugre/datasets/corr/RawDataBIDS/BMB_1/derivatives/vprec-space_search/0110/r7-p19/sub-0003023/affine_Composite.h5[3] (type = AffineTransform)
=============================================================================
  number of levels = 4
  fixed image: /templateflow/tpl-MNI152NLin2009cAsym/tpl-MNI152NLin2009cAsym_res-01_desc-brain_T1w.nii.gz
  moving image: /project/rrg-glatard/mdugre/datasets/corr/RawDataBIDS/BMB_1/derivatives/antsBrainExtraction/sub-0003023/BrainExtractionBrain.nii.gz
Dimension = 3
Number of stages = 1
Use histogram matching = false
Winsorize image intensities = true
  Lower quantile = 0.005
  Upper quantile = 0.995


Stage 1 State
   Image metric = CC
     Fixed image = Image (0x3c15810)
  RTTI typeinfo:   itk::Image<double, 3u>
  Reference Count: 2
  Modified Time: 1606
  Debug: Off
  Object Name: 
  Observers: 
    none
  Source: (none)
  Source output name: (none)
  Release Data: Off
  Data Released: False
  Global Release Data: Off
  PipelineMTime: 0
  UpdateMTime: 1217
  RealTimeStamp: 0 seconds 
  LargestPossibleRegion: 
    Dimension: 3
    Index: [0, 0, 0]
    Size: [193, 229, 193]
  BufferedRegion: 
    Dimension: 3
    Index: [0, 0, 0]
    Size: [193, 229, 193]
  RequestedRegion: 
    Dimension: 3
    Index: [0, 0, 0]
    Size: [193, 229, 193]
  Spacing: [1, 1, 1]
  Origin: [96, 132, -78]
  Direction: 
-1 0 0
0 -1 0
0 0 1

  IndexToPointMatrix: 
-1 0 0
0 -1 0
0 0 1

  PointToIndexMatrix: 
-1 0 0
0 -1 0
0 0 1

  Inverse Direction: 
-1 0 0
0 -1 0
0 0 1

  PixelContainer: 
    ImportImageContainer (0x3c8dfb0)
      RTTI typeinfo:   itk::ImportImageContainer<unsigned long, double>
      Reference Count: 1
      Modified Time: 1214
      Debug: Off
      Object Name: 
      Observers: 
        none
      Pointer: 0x14de00282010
      Container manages memory: true
      Size: 8530021
      Capacity: 8530021

     Moving image = Image (0x3ced180)
  RTTI typeinfo:   itk::Image<double, 3u>
  Reference Count: 2
  Modified Time: 1607
  Debug: Off
  Object Name: 
  Observers: 
    none
  Source: (none)
  Source output name: (none)
  Release Data: Off
  Data Released: False
  Global Release Data: Off
  PipelineMTime: 0
  UpdateMTime: 1604
  RealTimeStamp: 0 seconds 
  LargestPossibleRegion: 
    Dimension: 3
    Index: [0, 0, 0]
    Size: [176, 256, 256]
  BufferedRegion: 
    Dimension: 3
    Index: [0, 0, 0]
    Size: [176, 256, 256]
  RequestedRegion: 
    Dimension: 3
    Index: [0, 0, 0]
    Size: [176, 256, 256]
  Spacing: [1, 1, 1]
  Origin: [-91.7169, 102.904, -133.024]
  Direction: 
1 0 0
0 -1 0
0 0 1

  IndexToPointMatrix: 
1 0 0
0 -1 0
0 0 1

  PointToIndexMatrix: 
1 0 0
0 -1 0
0 0 1

  Inverse Direction: 
1 0 0
0 -1 0
0 0 1

  PixelContainer: 
    ImportImageContainer (0x3c85f90)
      RTTI typeinfo:   itk::ImportImageContainer<unsigned long, double>
      Reference Count: 1
      Modified Time: 1601
      Debug: Off
      Object Name: 
      Observers: 
        none
      Pointer: 0x14ddfaa81010
      Container manages memory: true
      Size: 11534336
      Capacity: 11534336

     Weighting = 1
     Sampling strategy = none
     Number of bins = 32
     Radius = 4
     Sampling percentage  = 1
   Transform = SyN
     Gradient step = 0.1
     Update field sigma (voxel space) = 3
     Total field sigma (voxel space) = 0
     Update field time sigma = 0
     Total field time sigma  = 0
     Number of time indices = 0
     Number of time point samples = 0
Registration using 1 total stages.

Stage 0
  iterations = 100x70x50x20
  convergence threshold = 1e-06
  convergence window size = 10
  number of levels = 4
  using the CC metric (radius = 4, weight = 1, use gradient filter = 0)
  preprocessing:  winsorizing the image intensities
  Shrink factors (level 1 out of 4): [8, 8, 8]
  Shrink factors (level 2 out of 4): [4, 4, 4]
  Shrink factors (level 3 out of 4): [2, 2, 2]
  Shrink factors (level 4 out of 4): [1, 1, 1]
  smoothing sigmas per level: [3, 2, 1, 0]
  Using default NONE metricSamplingStrategy 

*** Running SyN registration (varianceForUpdateField = 3, varianceForTotalField = 0) ***

XXDIAGNOSTIC,Iteration,metricValue,convergenceValue,ITERATION_TIME_INDEX,SINCE_LAST
 1DIAGNOSTIC,     1, -9.281213982761e-01, 1.797693134862e+308, 1.4571e+00, 1.4571e+00, 
 1DIAGNOSTIC,     2, -9.341084546871e-01, 1.797693134862e+308, 1.7846e+00, 3.2746e-01, 
 1DIAGNOSTIC,     3, -9.387818812315e-01, 1.797693134862e+308, 2.1095e+00, 3.2492e-01, 
 1DIAGNOSTIC,     4, -9.411395940627e-01, 1.797693134862e+308, 2.4368e+00, 3.2736e-01, 
 1DIAGNOSTIC,     5, -9.435330500984e-01, 1.797693134862e+308, 2.7626e+00, 3.2572e-01, 
 1DIAGNOSTIC,     6, -9.469586173803e-01, 1.797693134862e+308, 3.0928e+00, 3.3022e-01, 
 1DIAGNOSTIC,     7, -9.508564214289e-01, 1.797693134862e+308, 3.4187e+00, 3.2590e-01, 
 1DIAGNOSTIC,     8, -9.546966081398e-01, 1.797693134862e+308, 3.7421e+00, 3.2346e-01, 
 1DIAGNOSTIC,     9, -9.581211251571e-01, 1.797693134862e+308, 4.0684e+00, 3.2629e-01, 
 1DIAGNOSTIC,    10, -9.605402629982e-01, 2.097070098196e-03, 4.3931e+00, 3.2465e-01, 
 1DIAGNOSTIC,    11, -9.616355165379e-01, 1.757344179113e-03, 4.7239e+00, 3.3085e-01, 
 1DIAGNOSTIC,    12, -9.631891880981e-01, 1.503395002680e-03, 5.0496e+00, 3.2569e-01, 
 1DIAGNOSTIC,    13, -9.641166925651e-01, 1.281042588551e-03, 5.3762e+00, 3.2658e-01, 
 1DIAGNOSTIC,    14, -9.651021584284e-01, 1.045460563831e-03, 5.7130e+00, 3.3680e-01, 
 1DIAGNOSTIC,    15, -9.658407185651e-01, 8.081441547776e-04, 6.0448e+00, 3.3181e-01, 
 1DIAGNOSTIC,    16, -9.664212980790e-01, 6.010409425862e-04, 6.3717e+00, 3.2690e-01, 
 1DIAGNOSTIC,    17, -9.670923414214e-01, 4.426597406496e-04, 6.7008e+00, 3.2916e-01, 
 1DIAGNOSTIC,    18, -9.674154924640e-01, 3.290386839714e-04, 7.0288e+00, 3.2797e-01, 
 1DIAGNOSTIC,    19, -9.680136480958e-01, 2.595175728149e-04, 7.3527e+00, 3.2387e-01, 
 1DIAGNOSTIC,    20, -9.681819062125e-01, 2.112975802057e-04, 7.6804e+00, 3.2766e-01, 
 1DIAGNOSTIC,    21, -9.687475611059e-01, 1.713560029285e-04, 8.0052e+00, 3.2487e-01, 
 1DIAGNOSTIC,    22, -9.688209864371e-01, 1.409161484662e-04, 8.3310e+00, 3.2576e-01, 
 1DIAGNOSTIC,    23, -9.693721777970e-01, 1.190328669707e-04, 8.6570e+00, 3.2602e-01, 
 1DIAGNOSTIC,    24, -9.693781950273e-01, 9.997325012993e-05, 8.9837e+00, 3.2666e-01, 
 1DIAGNOSTIC,    25, -9.699194653526e-01, 8.834394547343e-05, 9.3106e+00, 3.2689e-01, 
 1DIAGNOSTIC,    26, -9.698828868703e-01, 7.538118290166e-05, 9.6355e+00, 3.2493e-01, 
 1DIAGNOSTIC,    27, -9.704727808078e-01, 7.027530531111e-05, 9.9621e+00, 3.2666e-01, 
 1DIAGNOSTIC,    28, -9.704001399871e-01, 6.142099650008e-05, 1.0287e+01, 3.2487e-01, 
 1DIAGNOSTIC,    29, -9.708521421472e-01, 5.829018756125e-05, 1.0615e+01, 3.2827e-01, 
 1DIAGNOSTIC,    30, -9.707597328070e-01, 5.052120548838e-05, 1.0939e+01, 3.2410e-01, 
 1DIAGNOSTIC,    31, -9.711341552167e-01, 4.762484704342e-05, 1.1265e+01, 3.2592e-01, 
 1DIAGNOSTIC,    32, -9.709984013863e-01, 3.972942058728e-05, 1.1590e+01, 3.2459e-01, 
 1DIAGNOSTIC,    33, -9.713528368983e-01, 3.684683153976e-05, 1.1915e+01, 3.2463e-01, 
 1DIAGNOSTIC,    34, -9.711510898355e-01, 2.886449482433e-05, 1.2240e+01, 3.2559e-01, 
 1DIAGNOSTIC,    35, -9.713364185898e-01, 2.493568829863e-05, 1.2564e+01, 3.2402e-01, 
 1DIAGNOSTIC,    36, -9.711991398822e-01, 1.737114122645e-05, 1.2890e+01, 3.2625e-01, 
 1DIAGNOSTIC,    37, -9.715071132627e-01, 1.588426004989e-05, 1.3214e+01, 3.2343e-01, 
 1DIAGNOSTIC,    38, -9.713752966928e-01, 1.130187745353e-05, 1.3539e+01, 3.2547e-01, 
 1DIAGNOSTIC,    39, -9.716529317152e-01, 1.156941025171e-05, 1.3864e+01, 3.2495e-01, 
 1DIAGNOSTIC,    40, -9.714893192584e-01, 8.814625853979e-06, 1.4192e+01, 3.2728e-01, 
 1DIAGNOSTIC,    41, -9.717739307316e-01, 1.025360476772e-05, 1.4515e+01, 3.2360e-01, 
 1DIAGNOSTIC,    42, -9.715607407222e-01, 8.132998577361e-06, 1.4841e+01, 3.2624e-01, 
 1DIAGNOSTIC,    43, -9.716861967368e-01, 8.785869284302e-06, 1.5166e+01, 3.2509e-01, 
 1DIAGNOSTIC,    44, -9.715370187585e-01, 6.241747113400e-06, 1.5493e+01, 3.2643e-01, 
 1DIAGNOSTIC,    45, -9.718081513732e-01, 6.329914847669e-06, 1.5820e+01, 3.2752e-01, 
 1DIAGNOSTIC,    46, -9.717271278243e-01, 4.370523325709e-06, 1.6146e+01, 3.2563e-01, 
 1DIAGNOSTIC,    47, -9.719163165357e-01, 5.321303938464e-06, 1.6477e+01, 3.3052e-01, 
 1DIAGNOSTIC,    48, -9.718278141070e-01, 4.386317832013e-06, 1.6803e+01, 3.2674e-01, 
 1DIAGNOSTIC,    49, -9.720714313149e-01, 6.322416427295e-06, 1.7133e+01, 3.3014e-01, 
 1DIAGNOSTIC,    50, -9.719212261947e-01, 5.686355901209e-06, 1.7461e+01, 3.2742e-01, 
 1DIAGNOSTIC,    51, -9.721443154624e-01, 7.584728426418e-06, 1.7790e+01, 3.2893e-01, 
 1DIAGNOSTIC,    52, -9.719176625879e-01, 6.207710656767e-06, 1.8119e+01, 3.2888e-01, 
 1DIAGNOSTIC,    53, -9.721270461061e-01, 6.277703379808e-06, 1.8447e+01, 3.2804e-01, 
 1DIAGNOSTIC,    54, -9.719806673582e-01, 4.113141850674e-06, 1.8774e+01, 3.2769e-01, 
 1DIAGNOSTIC,    55, -9.722058121959e-01, 4.383014737631e-06, 1.9102e+01, 3.2805e-01, 
 1DIAGNOSTIC,    56, -9.720411396274e-01, 2.936103491617e-06, 1.9440e+01, 3.3785e-01, 
 1DIAGNOSTIC,    57, -9.722710603753e-01, 3.529838245156e-06, 1.9766e+01, 3.2562e-01, 
 1DIAGNOSTIC,    58, -9.720491976701e-01, 2.181383243149e-06, 2.0091e+01, 3.2533e-01, 
 1DIAGNOSTIC,    59, -9.721677395758e-01, 2.580936167514e-06, 2.0415e+01, 3.2362e-01, 
 1DIAGNOSTIC,    60, -9.720211914999e-01, 1.263801014232e-06, 2.0738e+01, 3.2325e-01, 
 1DIAGNOSTIC,    61, -9.722725839289e-01, 2.254689666036e-06, 2.1062e+01, 3.2353e-01, 
 1DIAGNOSTIC,    62, -9.721239846711e-01, 1.202523295812e-06, 2.1387e+01, 3.2532e-01, 
 1DIAGNOSTIC,    63, -9.723427676321e-01, 2.170551818698e-06, 2.1710e+01, 3.2319e-01, 
 1DIAGNOSTIC,    64, -9.721100440127e-01, 1.163670961132e-06, 2.2039e+01, 3.2916e-01, 
 1DIAGNOSTIC,    65, -9.723249404274e-01, 2.168135042689e-06, 2.2363e+01, 3.2336e-01, 
 1DIAGNOSTIC,    66, -9.721838784670e-01, 1.547988548199e-06, 2.2687e+01, 3.2455e-01, 
 1DIAGNOSTIC,    67, -9.723910727312e-01, 2.801378832958e-06, 2.3011e+01, 3.2405e-01, 
 1DIAGNOSTIC,    68, -9.722141631431e-01, 2.037686972798e-06, 2.3337e+01, 3.2581e-01, 
 1DIAGNOSTIC,    69, -9.724455063718e-01, 2.688323656384e-06, 2.3661e+01, 3.2368e-01, 
 1DIAGNOSTIC,    70, -9.722308861465e-01, 1.534656032538e-06, 2.3984e+01, 3.2345e-01, 
 1DIAGNOSTIC,    71, -9.723237498511e-01, 1.775863882824e-06, 2.4307e+01, 3.2291e-01, 
 1DIAGNOSTIC,    72, -9.721662592883e-01, 5.950547880794e-07, 2.4633e+01, 3.2571e-01, 
XXDIAGNOSTIC,Iteration,metricValue,convergenceValue,ITERATION_TIME_INDEX,SINCE_LAST
 1DIAGNOSTIC,     1, -9.126359060450e-01, 1.797693134862e+308, 2.8593e+01, 3.9603e+00, 
 1DIAGNOSTIC,     2, -9.155216920944e-01, 1.797693134862e+308, 3.1413e+01, 2.8197e+00, 
 1DIAGNOSTIC,     3, -9.186524775914e-01, 1.797693134862e+308, 3.4252e+01, 2.8394e+00, 
 1DIAGNOSTIC,     4, -9.217398071897e-01, 1.797693134862e+308, 3.7074e+01, 2.8217e+00, 
 1DIAGNOSTIC,     5, -9.240001704223e-01, 1.797693134862e+308, 3.9899e+01, 2.8254e+00, 
 1DIAGNOSTIC,     6, -9.258749460536e-01, 1.797693134862e+308, 4.2725e+01, 2.8260e+00, 
 1DIAGNOSTIC,     7, -9.274670002472e-01, 1.797693134862e+308, 4.5549e+01, 2.8240e+00, 
 1DIAGNOSTIC,     8, -9.288755914857e-01, 1.797693134862e+308, 4.8376e+01, 2.8263e+00, 
 1DIAGNOSTIC,     9, -9.301519197740e-01, 1.797693134862e+308, 5.1204e+01, 2.8286e+00, 
 1DIAGNOSTIC,    10, -9.313454790879e-01, 1.284856934501e-03, 5.4062e+01, 2.8574e+00, 
 1DIAGNOSTIC,    11, -9.324856818284e-01, 1.022991270855e-03, 5.6909e+01, 2.8470e+00, 
 1DIAGNOSTIC,    12, -9.334318303946e-01, 8.104144325822e-04, 5.9755e+01, 2.8463e+00, 
 1DIAGNOSTIC,    13, -9.344490439052e-01, 6.544274524270e-04, 6.2603e+01, 2.8482e+00, 
 1DIAGNOSTIC,    14, -9.352747883348e-01, 5.464191357966e-04, 6.5458e+01, 2.8548e+00, 
 1DIAGNOSTIC,    15, -9.361172829859e-01, 4.659240630353e-04, 6.8303e+01, 2.8450e+00, 
 1DIAGNOSTIC,    16, -9.369073876009e-01, 4.034514042755e-04, 7.1149e+01, 2.8464e+00, 
 1DIAGNOSTIC,    17, -9.376619767578e-01, 3.531873043592e-04, 7.3995e+01, 2.8457e+00, 
 1DIAGNOSTIC,    18, -9.383749381002e-01, 3.117356164191e-04, 7.6843e+01, 2.8483e+00, 
 1DIAGNOSTIC,    19, -9.390432391951e-01, 2.768755860753e-04, 7.9678e+01, 2.8349e+00, 
 1DIAGNOSTIC,    20, -9.396405832330e-01, 2.469808584584e-04, 8.2520e+01, 2.8415e+00, 
 1DIAGNOSTIC,    21, -9.401751817293e-01, 2.212047757147e-04, 8.5366e+01, 2.8458e+00, 
 1DIAGNOSTIC,    22, -9.406548379771e-01, 1.967835514987e-04, 8.8220e+01, 2.8544e+00, 
 1DIAGNOSTIC,    23, -9.410899431260e-01, 1.752992777461e-04, 9.1081e+01, 2.8607e+00, 
 1DIAGNOSTIC,    24, -9.414943444572e-01, 1.547503935949e-04, 9.3924e+01, 2.8429e+00, 
 1DIAGNOSTIC,    25, -9.418584431409e-01, 1.359913202310e-04, 9.6775e+01, 2.8515e+00, 
 1DIAGNOSTIC,    26, -9.422032774121e-01, 1.191663748532e-04, 9.9629e+01, 2.8540e+00, 
 1DIAGNOSTIC,    27, -9.425158722091e-01, 1.043859848801e-04, 1.0248e+02, 2.8512e+00, 
 1DIAGNOSTIC,    28, -9.428095522423e-01, 9.174983949138e-05, 1.0533e+02, 2.8474e+00, 
 1DIAGNOSTIC,    29, -9.430790546373e-01, 8.116040218496e-05, 1.0818e+02, 2.8511e+00, 
 1DIAGNOSTIC,    30, -9.433306635226e-01, 7.222133803923e-05, 1.1103e+02, 2.8510e+00, 
 1DIAGNOSTIC,    31, -9.435650283721e-01, 6.458435204468e-05, 1.1388e+02, 2.8534e+00, 
 1DIAGNOSTIC,    32, -9.437900547143e-01, 5.802389864173e-05, 1.1674e+02, 2.8545e+00, 
 1DIAGNOSTIC,    33, -9.439977202655e-01, 5.230331894747e-05, 1.1959e+02, 2.8535e+00, 
 1DIAGNOSTIC,    34, -9.441948015076e-01, 4.736267108522e-05, 1.2245e+02, 2.8574e+00, 
 1DIAGNOSTIC,    35, -9.443793311396e-01, 4.299975853510e-05, 1.2531e+02, 2.8570e+00, 
 1DIAGNOSTIC,    36, -9.445544278655e-01, 3.921428836611e-05, 1.2816e+02, 2.8509e+00, 
 1DIAGNOSTIC,    37, -9.447116433914e-01, 3.579476991789e-05, 1.3101e+02, 2.8485e+00, 
 1DIAGNOSTIC,    38, -9.448448246009e-01, 3.259877678140e-05, 1.3384e+02, 2.8366e+00, 
 1DIAGNOSTIC,    39, -9.449587237798e-01, 2.949066129747e-05, 1.3669e+02, 2.8471e+00, 
 1DIAGNOSTIC,    40, -9.450547442546e-01, 2.641107223152e-05, 1.3955e+02, 2.8573e+00, 
 1DIAGNOSTIC,    41, -9.451401825913e-01, 2.337522537703e-05, 1.4241e+02, 2.8635e+00, 
 1DIAGNOSTIC,    42, -9.452163511296e-01, 2.047603372083e-05, 1.4526e+02, 2.8535e+00, 
 1DIAGNOSTIC,    43, -9.452850929890e-01, 1.775514612971e-05, 1.4812e+02, 2.8606e+00, 
 1DIAGNOSTIC,    44, -9.453475089310e-01, 1.530045857571e-05, 1.5100e+02, 2.8722e+00, 
 1DIAGNOSTIC,    45, -9.454155047628e-01, 1.324304969461e-05, 1.5387e+02, 2.8725e+00, 
 1DIAGNOSTIC,    46, -9.454735331798e-01, 1.159191846060e-05, 1.5672e+02, 2.8545e+00, 
 1DIAGNOSTIC,    47, -9.455264309871e-01, 1.030693933262e-05, 1.5960e+02, 2.8771e+00, 
 1DIAGNOSTIC,    48, -9.455772431408e-01, 9.302365485426e-06, 1.6245e+02, 2.8472e+00, 
 1DIAGNOSTIC,    49, -9.456264667723e-01, 8.508509030176e-06, 1.6532e+02, 2.8749e+00, 
 1DIAGNOSTIC,    50, -9.456775248262e-01, 7.873034721689e-06, 1.6818e+02, 2.8560e+00, 
 1DIAGNOSTIC,    51, -9.457202221710e-01, 7.319363150012e-06, 1.7103e+02, 2.8483e+00, 
 1DIAGNOSTIC,    52, -9.457579881765e-01, 6.801703698722e-06, 1.7388e+02, 2.8505e+00, 
 1DIAGNOSTIC,    53, -9.457913589615e-01, 6.287780404995e-06, 1.7674e+02, 2.8585e+00, 
 1DIAGNOSTIC,    54, -9.458222738179e-01, 5.762803912217e-06, 1.7959e+02, 2.8543e+00, 
 1DIAGNOSTIC,    55, -9.458488052406e-01, 5.273851254796e-06, 1.8245e+02, 2.8600e+00, 
 1DIAGNOSTIC,    56, -9.458745973253e-01, 4.799425494348e-06, 1.8530e+02, 2.8502e+00, 
 1DIAGNOSTIC,    57, -9.458974382216e-01, 4.333019728534e-06, 1.8814e+02, 2.8384e+00, 
 1DIAGNOSTIC,    58, -9.459196895483e-01, 3.897137072970e-06, 1.9099e+02, 2.8477e+00, 
 1DIAGNOSTIC,    59, -9.459387599549e-01, 3.499463455837e-06, 1.9385e+02, 2.8593e+00, 
 1DIAGNOSTIC,    60, -9.459574423034e-01, 3.178379732179e-06, 1.9670e+02, 2.8510e+00, 
 1DIAGNOSTIC,    61, -9.459789043252e-01, 2.927918775427e-06, 1.9955e+02, 2.8574e+00, 
 1DIAGNOSTIC,    62, -9.459862366669e-01, 2.670451758700e-06, 2.0241e+02, 2.8546e+00, 
 1DIAGNOSTIC,    63, -9.459933269399e-01, 2.406518785726e-06, 2.0526e+02, 2.8560e+00, 
 1DIAGNOSTIC,    64, -9.459993504367e-01, 2.141124867357e-06, 2.0812e+02, 2.8524e+00, 
 1DIAGNOSTIC,    65, -9.460018671509e-01, 1.858537144392e-06, 2.1098e+02, 2.8605e+00, 
 1DIAGNOSTIC,    66, -9.459996126725e-01, 1.558866714331e-06, 2.1384e+02, 2.8667e+00, 
 1DIAGNOSTIC,    67, -9.459944205355e-01, 1.243712087550e-06, 2.1670e+02, 2.8551e+00, 
 1DIAGNOSTIC,    68, -9.459893985676e-01, 9.407335884934e-07, 2.1955e+02, 2.8480e+00, 
XXDIAGNOSTIC,Iteration,metricValue,convergenceValue,ITERATION_TIME_INDEX,SINCE_LAST
 1DIAGNOSTIC,     1, -8.986582841001e-01, 1.797693134862e+308, 2.4436e+02, 2.4812e+01, 
 1DIAGNOSTIC,     2, -9.004802503718e-01, 1.797693134862e+308, 2.6762e+02, 2.3260e+01, 
 1DIAGNOSTIC,     3, -9.027566097875e-01, 1.797693134862e+308, 2.9092e+02, 2.3299e+01, 
 1DIAGNOSTIC,     4, -9.049407014165e-01, 1.797693134862e+308, 3.1424e+02, 2.3323e+01, 
 1DIAGNOSTIC,     5, -9.071614261525e-01, 1.797693134862e+308, 3.3745e+02, 2.3207e+01, 
 1DIAGNOSTIC,     6, -9.090747268873e-01, 1.797693134862e+308, 3.6078e+02, 2.3335e+01, 
 1DIAGNOSTIC,     7, -9.111011480599e-01, 1.797693134862e+308, 3.8409e+02, 2.3310e+01, 
 1DIAGNOSTIC,     8, -9.128803072357e-01, 1.797693134862e+308, 4.0734e+02, 2.3243e+01, 
 1DIAGNOSTIC,     9, -9.145440360901e-01, 1.797693134862e+308, 4.3051e+02, 2.3169e+01, 
 1DIAGNOSTIC,    10, -9.160203682199e-01, 1.253918303090e-03, 4.5388e+02, 2.3376e+01, 
 1DIAGNOSTIC,    11, -9.172193664674e-01, 1.085547127391e-03, 4.7736e+02, 2.3478e+01, 
 1DIAGNOSTIC,    12, -9.183031856484e-01, 9.230274486405e-04, 5.0099e+02, 2.3626e+01, 
 1DIAGNOSTIC,    13, -9.192910737119e-01, 7.800590169649e-04, 5.2545e+02, 2.4465e+01, 
 1DIAGNOSTIC,    14, -9.202074303040e-01, 6.552118691658e-04, 5.5080e+02, 2.5343e+01, 
 1DIAGNOSTIC,    15, -9.208949806884e-01, 5.473259310408e-04, 5.7619e+02, 2.5396e+01, 
 1DIAGNOSTIC,    16, -9.215540438714e-01, 4.525440585699e-04, 5.9946e+02, 2.3272e+01, 
 1DIAGNOSTIC,    17, -9.221791131370e-01, 3.755873209260e-04, 6.2297e+02, 2.3506e+01, 
 1DIAGNOSTIC,    18, -9.227730867024e-01, 3.132019526930e-04, 6.4783e+02, 2.4866e+01, 
 1DIAGNOSTIC,    19, -9.233263116505e-01, 2.643833450906e-04, 6.7335e+02, 2.5512e+01, 
 1DIAGNOSTIC,    20, -9.238449902070e-01, 2.267665513473e-04, 6.9792e+02, 2.4569e+01, 
 1DIAGNOSTIC,    21, -9.243288001741e-01, 1.964153902741e-04, 7.2132e+02, 2.3400e+01, 
 1DIAGNOSTIC,    22, -9.247875503290e-01, 1.721507615462e-04, 7.4476e+02, 2.3448e+01, 
 1DIAGNOSTIC,    23, -9.251991674435e-01, 1.526594422687e-04, 7.6900e+02, 2.4240e+01, 
 1DIAGNOSTIC,    24, -9.255441951904e-01, 1.367642805811e-04, 7.9340e+02, 2.4400e+01, 
 1DIAGNOSTIC,    25, -9.258245021938e-01, 1.212995637423e-04, 8.1773e+02, 2.4323e+01, 
 1DIAGNOSTIC,    26, -9.260454286561e-01, 1.061150984256e-04, 8.4241e+02, 2.4683e+01, 
 1DIAGNOSTIC,    27, -9.262165678296e-01, 9.120927001862e-05, 8.6784e+02, 2.5430e+01, 
 1DIAGNOSTIC,    28, -9.263499178612e-01, 7.683241813522e-05, 8.9224e+02, 2.4405e+01, 
 1DIAGNOSTIC,    29, -9.264563434886e-01, 6.326691149845e-05, 9.1605e+02, 2.3805e+01, 
 1DIAGNOSTIC,    30, -9.265480780397e-01, 5.096284277598e-05, 9.3940e+02, 2.3354e+01, 
 1DIAGNOSTIC,    31, -9.266289210739e-01, 4.030314046698e-05, 9.6271e+02, 2.3309e+01, 
 1DIAGNOSTIC,    32, -9.267034662579e-01, 3.168575897806e-05, 9.8599e+02, 2.3275e+01, 
 1DIAGNOSTIC,    33, -9.267770588721e-01, 2.517794110266e-05, 1.0093e+03, 2.3327e+01, 
 1DIAGNOSTIC,    34, -9.268558831441e-01, 2.056667356794e-05, 1.0328e+03, 2.3484e+01, 
 1DIAGNOSTIC,    35, -9.269381754648e-01, 1.751964058950e-05, 1.0567e+03, 2.3859e+01, 
 1DIAGNOSTIC,    36, -9.270261318064e-01, 1.568407725662e-05, 1.0812e+03, 2.4558e+01, 
 1DIAGNOSTIC,    37, -9.271270304111e-01, 1.478657908362e-05, 1.1058e+03, 2.4562e+01, 
 1DIAGNOSTIC,    38, -9.272372574492e-01, 1.456748454522e-05, 1.1295e+03, 2.3732e+01, 
 1DIAGNOSTIC,    39, -9.273654979135e-01, 1.488770379329e-05, 1.1530e+03, 2.3502e+01, 
 1DIAGNOSTIC,    40, -9.275069500896e-01, 1.562808522090e-05, 1.1767e+03, 2.3664e+01, 
 1DIAGNOSTIC,    41, -9.276735443510e-01, 1.675918404077e-05, 1.2004e+03, 2.3740e+01, 
 1DIAGNOSTIC,    42, -9.278560438710e-01, 1.817592470906e-05, 1.2240e+03, 2.3586e+01, 
 1DIAGNOSTIC,    43, -9.280606221297e-01, 1.983446539908e-05, 1.2478e+03, 2.3788e+01, 
 1DIAGNOSTIC,    44, -9.282838014454e-01, 2.168440278674e-05, 1.2715e+03, 2.3706e+01, 
 1DIAGNOSTIC,    45, -9.285334850151e-01, 2.369629608230e-05, 1.2949e+03, 2.3438e+01, 
 1DIAGNOSTIC,    46, -9.287975803749e-01, 2.575063109460e-05, 1.3184e+03, 2.3478e+01, 
 1DIAGNOSTIC,    47, -9.290598443664e-01, 2.767076459509e-05, 1.3419e+03, 2.3447e+01, 
 1DIAGNOSTIC,    48, -9.293215450210e-01, 2.928601455935e-05, 1.3654e+03, 2.3541e+01, 
 1DIAGNOSTIC,    49, -9.295830889654e-01, 3.051658190687e-05, 1.3887e+03, 2.3326e+01, 
 1DIAGNOSTIC,    50, -9.298447208373e-01, 3.128725903837e-05, 1.4121e+03, 2.3412e+01, 
XXDIAGNOSTIC,Iteration,metricValue,convergenceValue,ITERATION_TIME_INDEX,SINCE_LAST
 1DIAGNOSTIC,     1, -8.905759833797e-01, 1.797693134862e+308, 1.6392e+03, 2.2708e+02, 
 1DIAGNOSTIC,     2, -8.920275859334e-01, 1.797693134862e+308, 1.8611e+03, 2.2193e+02, 
 1DIAGNOSTIC,     3, -8.938078621057e-01, 1.797693134862e+308, 2.0800e+03, 2.1883e+02, 
 1DIAGNOSTIC,     4, -8.954801302048e-01, 1.797693134862e+308, 2.2986e+03, 2.1865e+02, 
 1DIAGNOSTIC,     5, -8.969606358719e-01, 1.797693134862e+308, 2.5214e+03, 2.2275e+02, 
 1DIAGNOSTIC,     6, -8.983225334256e-01, 1.797693134862e+308, 2.7396e+03, 2.1828e+02, 
 1DIAGNOSTIC,     7, -8.994874453008e-01, 1.797693134862e+308, 2.9572e+03, 2.1758e+02, 
 1DIAGNOSTIC,     8, -9.005723604488e-01, 1.797693134862e+308, 3.1779e+03, 2.2067e+02, 
 1DIAGNOSTIC,     9, -9.015773965873e-01, 1.797693134862e+308, 3.3953e+03, 2.1740e+02, 
 1DIAGNOSTIC,    10, -9.025103116451e-01, 8.624128155902e-04, 3.6124e+03, 2.1707e+02, 
 1DIAGNOSTIC,    11, -9.034977955032e-01, 7.291111080702e-04, 3.8300e+03, 2.1761e+02, 
 1DIAGNOSTIC,    12, -9.044648565372e-01, 6.158437555217e-04, 4.0543e+03, 2.2431e+02, 
 1DIAGNOSTIC,    13, -9.054155298334e-01, 5.303155053790e-04, 4.2772e+03, 2.2296e+02, 
 1DIAGNOSTIC,    14, -9.063327369443e-01, 4.668894980573e-04, 4.4997e+03, 2.2246e+02, 
 1DIAGNOSTIC,    15, -9.069776441787e-01, 4.136991781568e-04, 4.7259e+03, 2.2615e+02, 
 1DIAGNOSTIC,    16, -9.077718938268e-01, 3.716164885326e-04, 4.9474e+03, 2.2150e+02, 
 1DIAGNOSTIC,    17, -9.083248373066e-01, 3.318741143599e-04, 5.1666e+03, 2.1927e+02, 
 1DIAGNOSTIC,    18, -9.089435349841e-01, 2.955903209615e-04, 5.3846e+03, 2.1798e+02, 
 1DIAGNOSTIC,    19, -9.094413689778e-01, 2.605570559410e-04, 5.6071e+03, 2.2251e+02, 
 1DIAGNOSTIC,    20, -9.100175777039e-01, 2.285199254750e-04, 5.8261e+03, 2.1896e+02, 
  Elapsed time (stage 0): 5827.86


Total elapsed time: 5827.86
