
##########################
# Experiment information #
##########################
SIF_IMG: /project/rrg-glatard/mdugre/containers/ants-p2-vprec.sif
EXPERIMENT_NAME: vprec-space_search
CONFIG: 0110
VFC_BACKENDS: libinterflop_vprec.so --range-binary32=7 --precision-binary32=18 --range-binary64=7 --precision-binary64=18

FIXED_IMG: /templateflow/tpl-MNI152NLin2009cAsym/tpl-MNI152NLin2009cAsym_res-01_desc-brain_T1w.nii.gz
SUBJECT_ID: 0003052
INPUT_IMG: /project/rrg-glatard/mdugre/datasets/corr/RawDataBIDS/BMB_1/derivatives/antsBrainExtraction/sub-0003052/BrainExtractionBrain.nii.gz
OUTPUT_DIR: /project/rrg-glatard/mdugre/datasets/corr/RawDataBIDS/BMB_1/derivatives/vprec-space_search/0110/r7-p18/sub-0003052

ITK_GLOBAL_DEFAULT_NUMBER_OF_THREADS: 8
##########################

VFC_BACKENDS=libinterflop_ieee.so
Info [verificarlo]: loaded backend libinterflop_ieee.so
Info [interflop-ieee]: load backend with:
Info [interflop-ieee]: debug = false
Info [interflop-ieee]: debug-binary = false
Info [interflop-ieee]: no-backend-name = false
Info [interflop-ieee]: print-new-line = false
Info [interflop-ieee]: print-subnormal-normalized = false
Info [interflop-ieee]: count-op = false
All_Command_lines_OK
Using double precision for computations.
=============================================================================
The composite transform comprises the following transforms (in order): 
  1. Center of mass alignment using fixed image: /templateflow/tpl-MNI152NLin2009cAsym/tpl-MNI152NLin2009cAsym_res-01_desc-brain_T1w.nii.gz and moving image: /project/rrg-glatard/mdugre/datasets/corr/RawDataBIDS/BMB_1/derivatives/antsBrainExtraction/sub-0003052/BrainExtractionBrain.nii.gz (type = Euler3DTransform)
=============================================================================
  number of levels = 1
  fixed image: /templateflow/tpl-MNI152NLin2009cAsym/tpl-MNI152NLin2009cAsym_res-01_desc-brain_T1w.nii.gz
  moving image: /project/rrg-glatard/mdugre/datasets/corr/RawDataBIDS/BMB_1/derivatives/antsBrainExtraction/sub-0003052/BrainExtractionBrain.nii.gz
Dimension = 3
Number of stages = 1
Use histogram matching = false
Winsorize image intensities = true
  Lower quantile = 0.005
  Upper quantile = 0.995


Stage 1 State
   Image metric = MattesMI
     Fixed image = Image (0x3df5390)
  RTTI typeinfo:   itk::Image<double, 3u>
  Reference Count: 2
  Modified Time: 2334
  Debug: Off
  Object Name: 
  Observers: 
    none
  Source: (none)
  Source output name: (none)
  Release Data: Off
  Data Released: False
  Global Release Data: Off
  PipelineMTime: 0
  UpdateMTime: 1943
  RealTimeStamp: 0 seconds 
  LargestPossibleRegion: 
    Dimension: 3
    Index: [0, 0, 0]
    Size: [193, 229, 193]
  BufferedRegion: 
    Dimension: 3
    Index: [0, 0, 0]
    Size: [193, 229, 193]
  RequestedRegion: 
    Dimension: 3
    Index: [0, 0, 0]
    Size: [193, 229, 193]
  Spacing: [1, 1, 1]
  Origin: [96, 132, -78]
  Direction: 
-1 0 0
0 -1 0
0 0 1

  IndexToPointMatrix: 
-1 0 0
0 -1 0
0 0 1

  PointToIndexMatrix: 
-1 0 0
0 -1 0
0 0 1

  Inverse Direction: 
-1 0 0
0 -1 0
0 0 1

  PixelContainer: 
    ImportImageContainer (0x3ec0a90)
      RTTI typeinfo:   itk::ImportImageContainer<unsigned long, double>
      Reference Count: 1
      Modified Time: 1940
      Debug: Off
      Object Name: 
      Observers: 
        none
      Pointer: 0x149792688010
      Container manages memory: true
      Size: 8530021
      Capacity: 8530021

     Moving image = Image (0x3df3290)
  RTTI typeinfo:   itk::Image<double, 3u>
  Reference Count: 2
  Modified Time: 2335
  Debug: Off
  Object Name: 
  Observers: 
    none
  Source: (none)
  Source output name: (none)
  Release Data: Off
  Data Released: False
  Global Release Data: Off
  PipelineMTime: 0
  UpdateMTime: 2332
  RealTimeStamp: 0 seconds 
  LargestPossibleRegion: 
    Dimension: 3
    Index: [0, 0, 0]
    Size: [176, 256, 256]
  BufferedRegion: 
    Dimension: 3
    Index: [0, 0, 0]
    Size: [176, 256, 256]
  RequestedRegion: 
    Dimension: 3
    Index: [0, 0, 0]
    Size: [176, 256, 256]
  Spacing: [1, 1, 1]
  Origin: [-93.3639, 109.067, -144.182]
  Direction: 
1 0 0
0 -1 0
0 0 1

  IndexToPointMatrix: 
1 0 0
0 -1 0
0 0 1

  PointToIndexMatrix: 
1 0 0
0 -1 0
0 0 1

  Inverse Direction: 
1 0 0
0 -1 0
0 0 1

  PixelContainer: 
    ImportImageContainer (0x3e20850)
      RTTI typeinfo:   itk::ImportImageContainer<unsigned long, double>
      Reference Count: 1
      Modified Time: 2329
      Debug: Off
      Object Name: 
      Observers: 
        none
      Pointer: 0x14978ce87010
      Container manages memory: true
      Size: 11534336
      Capacity: 11534336

     Weighting = 1
     Sampling strategy = regular
     Number of bins = 32
     Radius = 4
     Sampling percentage  = 0.25
   Transform = Rigid
     Gradient step = 0.1
     Update field sigma (voxel space) = 0
     Total field sigma (voxel space) = 0
     Update field time sigma = 0
     Total field time sigma  = 0
     Number of time indices = 0
     Number of time point samples = 0
Registration using 1 total stages.

Stage 0
  iterations = 0
  convergence threshold = 1e-06
  convergence window size = 10
  number of levels = 1
  using the Mattes MI metric (number of bins = 32, weight = 1, use gradient filter = 0)
  preprocessing:  winsorizing the image intensities
  Shrink factors (level 1 out of 1): [1, 1, 1]
  smoothing sigmas per level: [0]
  regular sampling (percentage = 0.25)

*** Running Euler3DTransform registration ***

  Elapsed time (stage 0): 0.934934


Total elapsed time: 0.936419
VFC_BACKENDS=libinterflop_vprec.so --range-binary32=7 --precision-binary32=18 --range-binary64=7 --precision-binary64=18
Info [verificarlo]: loaded backend libinterflop_vprec.so
Info [interflop-vprec]: load backend with: 
Info [interflop-vprec]: precision-binary32 = 18
Info [interflop-vprec]: range-binary32 = 7
Info [interflop-vprec]: precision-binary64 = 18
Info [interflop-vprec]: range-binary64 = 7
Info [interflop-vprec]: mode = ob
Info [interflop-vprec]: error-mode = rel
Info [interflop-vprec]: max-abs-error-exponent = -1022
Info [interflop-vprec]: daz = false
Info [interflop-vprec]: ftz = false
Info [interflop-vprec]: 	instrument = none
Info [interflop-vprec]: 	prec-input-file = (null)
Info [interflop-vprec]: 	prec-output-file = (null)
Info [interflop-vprec]: 	prec-log-file = (null)
All_Command_lines_OK
Using double precision for computations.
=============================================================================
The composite transform comprises the following transforms (in order): 
  1. /project/rrg-glatard/mdugre/datasets/corr/RawDataBIDS/BMB_1/derivatives/vprec-space_search/0110/r7-p18/sub-0003052/align_Composite.h5[0] (type = Euler3DTransform)
  2. /project/rrg-glatard/mdugre/datasets/corr/RawDataBIDS/BMB_1/derivatives/vprec-space_search/0110/r7-p18/sub-0003052/align_Composite.h5[1] (type = Euler3DTransform)
=============================================================================
  number of levels = 4
  fixed image: /templateflow/tpl-MNI152NLin2009cAsym/tpl-MNI152NLin2009cAsym_res-01_desc-brain_T1w.nii.gz
  moving image: /project/rrg-glatard/mdugre/datasets/corr/RawDataBIDS/BMB_1/derivatives/antsBrainExtraction/sub-0003052/BrainExtractionBrain.nii.gz
Dimension = 3
Number of stages = 1
Use histogram matching = false
Winsorize image intensities = true
  Lower quantile = 0.005
  Upper quantile = 0.995


Stage 1 State
   Image metric = MattesMI
     Fixed image = Image (0x49d3300)
  RTTI typeinfo:   itk::Image<double, 3u>
  Reference Count: 2
  Modified Time: 1578
  Debug: Off
  Object Name: 
  Observers: 
    none
  Source: (none)
  Source output name: (none)
  Release Data: Off
  Data Released: False
  Global Release Data: Off
  PipelineMTime: 0
  UpdateMTime: 1189
  RealTimeStamp: 0 seconds 
  LargestPossibleRegion: 
    Dimension: 3
    Index: [0, 0, 0]
    Size: [193, 229, 193]
  BufferedRegion: 
    Dimension: 3
    Index: [0, 0, 0]
    Size: [193, 229, 193]
  RequestedRegion: 
    Dimension: 3
    Index: [0, 0, 0]
    Size: [193, 229, 193]
  Spacing: [1, 1, 1]
  Origin: [96, 132, -78]
  Direction: 
-1 0 0
0 -1 0
0 0 1

  IndexToPointMatrix: 
-1 0 0
0 -1 0
0 0 1

  PointToIndexMatrix: 
-1 0 0
0 -1 0
0 0 1

  Inverse Direction: 
-1 0 0
0 -1 0
0 0 1

  PixelContainer: 
    ImportImageContainer (0x4a91d00)
      RTTI typeinfo:   itk::ImportImageContainer<unsigned long, double>
      Reference Count: 1
      Modified Time: 1186
      Debug: Off
      Object Name: 
      Observers: 
        none
      Pointer: 0x14a758312010
      Container manages memory: true
      Size: 8530021
      Capacity: 8530021

     Moving image = Image (0x4a8e030)
  RTTI typeinfo:   itk::Image<double, 3u>
  Reference Count: 2
  Modified Time: 1579
  Debug: Off
  Object Name: 
  Observers: 
    none
  Source: (none)
  Source output name: (none)
  Release Data: Off
  Data Released: False
  Global Release Data: Off
  PipelineMTime: 0
  UpdateMTime: 1576
  RealTimeStamp: 0 seconds 
  LargestPossibleRegion: 
    Dimension: 3
    Index: [0, 0, 0]
    Size: [176, 256, 256]
  BufferedRegion: 
    Dimension: 3
    Index: [0, 0, 0]
    Size: [176, 256, 256]
  RequestedRegion: 
    Dimension: 3
    Index: [0, 0, 0]
    Size: [176, 256, 256]
  Spacing: [1, 1, 1]
  Origin: [-93.3638, 109.067, -144.182]
  Direction: 
1 0 0
0 -1 0
0 0 1

  IndexToPointMatrix: 
1 0 0
0 -1 0
0 0 1

  PointToIndexMatrix: 
1 0 0
0 -1 0
0 0 1

  Inverse Direction: 
1 0 0
0 -1 0
0 0 1

  PixelContainer: 
    ImportImageContainer (0x4a91680)
      RTTI typeinfo:   itk::ImportImageContainer<unsigned long, double>
      Reference Count: 1
      Modified Time: 1573
      Debug: Off
      Object Name: 
      Observers: 
        none
      Pointer: 0x14a752b11010
      Container manages memory: true
      Size: 11534336
      Capacity: 11534336

     Weighting = 1
     Sampling strategy = regular
     Number of bins = 32
     Radius = 4
     Sampling percentage  = 0.25
   Transform = Rigid
     Gradient step = 0.1
     Update field sigma (voxel space) = 0
     Total field sigma (voxel space) = 0
     Update field time sigma = 0
     Total field time sigma  = 0
     Number of time indices = 0
     Number of time point samples = 0
Registration using 1 total stages.

Stage 0
  iterations = 1000x500x250x100
  convergence threshold = 1e-06
  convergence window size = 10
  number of levels = 4
  using the Mattes MI metric (number of bins = 32, weight = 1, use gradient filter = 0)
  preprocessing:  winsorizing the image intensities
  Shrink factors (level 1 out of 4): [8, 8, 8]
  Shrink factors (level 2 out of 4): [4, 4, 4]
  Shrink factors (level 3 out of 4): [2, 2, 2]
  Shrink factors (level 4 out of 4): [1, 1, 1]
  smoothing sigmas per level: [3, 2, 1, 0]
  regular sampling (percentage = 0.25)

*** Running Euler3DTransform registration ***

DIAGNOSTIC,Iteration,metricValue,convergenceValue,ITERATION_TIME_INDEX,SINCE_LAST
 2DIAGNOSTIC,     1, -5.055925433045e-01, 1.797693134862e+308, 0.0000e+00, 0.0000e+00, 
 2DIAGNOSTIC,     2, -5.071474673269e-01, 1.797693134862e+308, 0.0000e+00, 0.0000e+00, 
 2DIAGNOSTIC,     3, -5.087589028149e-01, 1.797693134862e+308, 0.0000e+00, 0.0000e+00, 
 2DIAGNOSTIC,     4, -5.102825993315e-01, 1.797693134862e+308, 0.0000e+00, 0.0000e+00, 
 2DIAGNOSTIC,     5, -5.118092071300e-01, 1.797693134862e+308, 0.0000e+00, 0.0000e+00, 
 2DIAGNOSTIC,     6, -5.144915213425e-01, 1.797693134862e+308, 0.0000e+00, 0.0000e+00, 
 2DIAGNOSTIC,     7, -5.165065613354e-01, 1.797693134862e+308, 0.0000e+00, 0.0000e+00, 
 2DIAGNOSTIC,     8, -5.177442396670e-01, 1.797693134862e+308, 0.0000e+00, 0.0000e+00, 
 2DIAGNOSTIC,     9, -5.181296302617e-01, 1.797693134862e+308, 0.0000e+00, 0.0000e+00, 
 2DIAGNOSTIC,    10, -5.185201329133e-01, 1.786288505045e-03, 0.0000e+00, 0.0000e+00, 
 2DIAGNOSTIC,    11, -5.190185561280e-01, 1.462751180425e-03, 0.0000e+00, 0.0000e+00, 
 2DIAGNOSTIC,    12, -5.193478052441e-01, 1.147132365208e-03, 0.0000e+00, 0.0000e+00, 
 2DIAGNOSTIC,    13, -5.195011561401e-01, 8.519175944831e-04, 0.0000e+00, 0.0000e+00, 
 2DIAGNOSTIC,    14, -5.198861822251e-01, 5.980614463874e-04, 0.0000e+00, 0.0000e+00, 
 2DIAGNOSTIC,    15, -5.200715403322e-01, 3.852750137365e-04, 0.0000e+00, 0.0000e+00, 
 2DIAGNOSTIC,    16, -5.205293554187e-01, 2.708328670485e-04, 0.0000e+00, 0.0000e+00, 
 2DIAGNOSTIC,    17, -5.232578666207e-01, 2.977072340695e-04, 0.0000e+00, 0.0000e+00, 
 2DIAGNOSTIC,    18, -5.238490761471e-01, 3.479211066436e-04, 0.0000e+00, 0.0000e+00, 
 2DIAGNOSTIC,    19, -5.243518771767e-01, 3.868727767390e-04, 0.0000e+00, 0.0000e+00, 
 2DIAGNOSTIC,    20, -5.244315869410e-01, 3.996592055370e-04, 0.0000e+00, 0.0000e+00, 
 2DIAGNOSTIC,    21, -5.244181255213e-01, 3.866644162852e-04, 0.0000e+00, 0.0000e+00, 
 2DIAGNOSTIC,    22, -5.244864126236e-01, 3.479159949512e-04, 0.0000e+00, 0.0000e+00, 
 2DIAGNOSTIC,    23, -5.243418638951e-01, 2.798147252353e-04, 0.0000e+00, 0.0000e+00, 
 2DIAGNOSTIC,    24, -5.243727633944e-01, 2.017467342816e-04, 0.0000e+00, 0.0000e+00, 
 2DIAGNOSTIC,    25, -5.243604429497e-01, 1.155175708853e-04, 0.0000e+00, 0.0000e+00, 
 2DIAGNOSTIC,    26, -5.243707287902e-01, 3.374701135241e-05, 0.0000e+00, 0.0000e+00, 
 2DIAGNOSTIC,    27, -5.242963633700e-01, 8.656653369153e-06, 0.0000e+00, 0.0000e+00, 
DIAGNOSTIC,Iteration,metricValue,convergenceValue,ITERATION_TIME_INDEX,SINCE_LAST
 2DIAGNOSTIC,     1, -4.084054984990e-01, 1.797693134862e+308, 0.0000e+00, 0.0000e+00, 
 2DIAGNOSTIC,     2, -4.090295540328e-01, 1.797693134862e+308, 0.0000e+00, 0.0000e+00, 
 2DIAGNOSTIC,     3, -4.097253680698e-01, 1.797693134862e+308, 0.0000e+00, 0.0000e+00, 
 2DIAGNOSTIC,     4, -4.103535437031e-01, 1.797693134862e+308, 0.0000e+00, 0.0000e+00, 
 2DIAGNOSTIC,     5, -4.107581869627e-01, 1.797693134862e+308, 0.0000e+00, 0.0000e+00, 
 2DIAGNOSTIC,     6, -4.108292239586e-01, 1.797693134862e+308, 0.0000e+00, 0.0000e+00, 
 2DIAGNOSTIC,     7, -4.108843082669e-01, 1.797693134862e+308, 0.0000e+00, 0.0000e+00, 
 2DIAGNOSTIC,     8, -4.109611816766e-01, 1.797693134862e+308, 0.0000e+00, 0.0000e+00, 
 2DIAGNOSTIC,     9, -4.109618947167e-01, 1.797693134862e+308, 0.0000e+00, 0.0000e+00, 
 2DIAGNOSTIC,    10, -4.109533916071e-01, 3.746668442640e-04, 0.0000e+00, 0.0000e+00, 
 2DIAGNOSTIC,    11, -4.109521132129e-01, 2.249013709253e-04, 0.0000e+00, 0.0000e+00, 
 2DIAGNOSTIC,    12, -4.109500689196e-01, 1.156986687717e-04, 0.0000e+00, 0.0000e+00, 
 2DIAGNOSTIC,    13, -4.109460853662e-01, 4.923664254237e-05, 0.0000e+00, 0.0000e+00, 
 2DIAGNOSTIC,    14, -4.109444267908e-01, 1.851707997996e-05, 0.0000e+00, 0.0000e+00, 
 2DIAGNOSTIC,    15, -4.109422449973e-01, 8.988759088294e-06, 0.0000e+00, 0.0000e+00, 
 2DIAGNOSTIC,    16, -4.109437159386e-01, 3.132422798049e-06, 0.0000e+00, 0.0000e+00, 
DIAGNOSTIC,Iteration,metricValue,convergenceValue,ITERATION_TIME_INDEX,SINCE_LAST
 2DIAGNOSTIC,     1, -3.573044374845e-01, 1.797693134862e+308, 0.0000e+00, 0.0000e+00, 
 2DIAGNOSTIC,     2, -3.574108738606e-01, 1.797693134862e+308, 0.0000e+00, 0.0000e+00, 
 2DIAGNOSTIC,     3, -3.574638902293e-01, 1.797693134862e+308, 0.0000e+00, 0.0000e+00, 
 2DIAGNOSTIC,     4, -3.574613036147e-01, 1.797693134862e+308, 0.0000e+00, 0.0000e+00, 
 2DIAGNOSTIC,     5, -3.574582771029e-01, 1.797693134862e+308, 0.0000e+00, 0.0000e+00, 
 2DIAGNOSTIC,     6, -3.574579812341e-01, 1.797693134862e+308, 0.0000e+00, 0.0000e+00, 
 2DIAGNOSTIC,     7, -3.574521308357e-01, 1.797693134862e+308, 0.0000e+00, 0.0000e+00, 
 2DIAGNOSTIC,     8, -3.574561530472e-01, 1.797693134862e+308, 0.0000e+00, 0.0000e+00, 
 2DIAGNOSTIC,     9, -3.574510552478e-01, 1.797693134862e+308, 0.0000e+00, 0.0000e+00, 
 2DIAGNOSTIC,    10, -3.574527074483e-01, 1.695393574691e-05, 0.0000e+00, 0.0000e+00, 
 2DIAGNOSTIC,    11, -3.574497278776e-01, 4.304245806622e-06, 0.0000e+00, 0.0000e+00, 
DIAGNOSTIC,Iteration,metricValue,convergenceValue,ITERATION_TIME_INDEX,SINCE_LAST
 2DIAGNOSTIC,     1, -3.304150080863e-01, 1.797693134862e+308, 0.0000e+00, 0.0000e+00, 
 2DIAGNOSTIC,     2, -3.304852087332e-01, 1.797693134862e+308, 0.0000e+00, 0.0000e+00, 
 2DIAGNOSTIC,     3, -3.305104522601e-01, 1.797693134862e+308, 0.0000e+00, 0.0000e+00, 
 2DIAGNOSTIC,     4, -3.305136689267e-01, 1.797693134862e+308, 0.0000e+00, 0.0000e+00, 
 2DIAGNOSTIC,     5, -3.305172594963e-01, 1.797693134862e+308, 0.0000e+00, 0.0000e+00, 
 2DIAGNOSTIC,     6, -3.305521629341e-01, 1.797693134862e+308, 0.0000e+00, 0.0000e+00, 
 2DIAGNOSTIC,     7, -3.305786605040e-01, 1.797693134862e+308, 0.0000e+00, 0.0000e+00, 
 2DIAGNOSTIC,     8, -3.305961903653e-01, 1.797693134862e+308, 0.0000e+00, 0.0000e+00, 
 2DIAGNOSTIC,     9, -3.305972015312e-01, 1.797693134862e+308, 0.0000e+00, 0.0000e+00, 
 2DIAGNOSTIC,    10, -3.305976326032e-01, 3.554613462678e-05, 0.0000e+00, 0.0000e+00, 
 2DIAGNOSTIC,    11, -3.305969135390e-01, 2.535531079026e-05, 0.0000e+00, 0.0000e+00, 
 2DIAGNOSTIC,    12, -3.305969777456e-01, 1.979314708005e-05, 0.0000e+00, 0.0000e+00, 
 2DIAGNOSTIC,    13, -3.305968990601e-01, 1.520890813761e-05, 0.0000e+00, 0.0000e+00, 
 2DIAGNOSTIC,    14, -3.305968070881e-01, 1.035059761603e-05, 0.0000e+00, 0.0000e+00, 
 2DIAGNOSTIC,    15, -3.305968876135e-01, 5.588052040206e-06, 0.0000e+00, 0.0000e+00, 
 2DIAGNOSTIC,    16, -3.305968850530e-01, 2.948212914786e-06, 0.0000e+00, 0.0000e+00, 
 2DIAGNOSTIC,    17, -3.305968844056e-01, 1.844528128944e-06, 0.0000e+00, 0.0000e+00, 
 2DIAGNOSTIC,    18, -3.305968821236e-01, 1.699918093824e-06, 0.0000e+00, 0.0000e+00, 
 2DIAGNOSTIC,    19, -3.305968852965e-01, 1.620246322873e-06, 0.0000e+00, 0.0000e+00, 
 2DIAGNOSTIC,    20, -3.305968832421e-01, 1.571306184785e-06, 0.0000e+00, 0.0000e+00, 
 2DIAGNOSTIC,    21, -3.305968793138e-01, 1.497593118474e-06, 0.0000e+00, 0.0000e+00, 
 2DIAGNOSTIC,    22, -3.305968777231e-01, 1.433360914377e-06, 0.0000e+00, 0.0000e+00, 
 2DIAGNOSTIC,    23, -3.305968773795e-01, 1.371753024802e-06, 0.0000e+00, 0.0000e+00, 
 2DIAGNOSTIC,    24, -3.305968770150e-01, 1.311681715875e-06, 0.0000e+00, 0.0000e+00, 
 2DIAGNOSTIC,    25, -3.305968767049e-01, 1.259256203083e-06, 0.0000e+00, 0.0000e+00, 
 2DIAGNOSTIC,    26, -3.305968769953e-01, 1.210864854231e-06, 0.0000e+00, 0.0000e+00, 
 2DIAGNOSTIC,    27, -3.305968770742e-01, 1.166108497486e-06, 0.0000e+00, 0.0000e+00, 
 2DIAGNOSTIC,    28, -3.305968784677e-01, 1.124570838597e-06, 0.0000e+00, 0.0000e+00, 
 2DIAGNOSTIC,    29, -3.305968789401e-01, 1.086046611282e-06, 0.0000e+00, 0.0000e+00, 
 2DIAGNOSTIC,    30, -3.305968792826e-01, 1.050060624896e-06, 0.0000e+00, 0.0000e+00, 
 2DIAGNOSTIC,    31, -3.305968790256e-01, 1.016276691912e-06, 0.0000e+00, 0.0000e+00, 
  Elapsed time (stage 0): 0.0000e+00


Total elapsed time: 0.0000e+00
VFC_BACKENDS=libinterflop_vprec.so --range-binary32=7 --precision-binary32=18 --range-binary64=7 --precision-binary64=18
Info [verificarlo]: loaded backend libinterflop_vprec.so
Info [interflop-vprec]: load backend with: 
Info [interflop-vprec]: precision-binary32 = 18
Info [interflop-vprec]: range-binary32 = 7
Info [interflop-vprec]: precision-binary64 = 18
Info [interflop-vprec]: range-binary64 = 7
Info [interflop-vprec]: mode = ob
Info [interflop-vprec]: error-mode = rel
Info [interflop-vprec]: max-abs-error-exponent = -1022
Info [interflop-vprec]: daz = false
Info [interflop-vprec]: ftz = false
Info [interflop-vprec]: 	instrument = none
Info [interflop-vprec]: 	prec-input-file = (null)
Info [interflop-vprec]: 	prec-output-file = (null)
Info [interflop-vprec]: 	prec-log-file = (null)
All_Command_lines_OK
Using double precision for computations.
=============================================================================
The composite transform comprises the following transforms (in order): 
  1. /project/rrg-glatard/mdugre/datasets/corr/RawDataBIDS/BMB_1/derivatives/vprec-space_search/0110/r7-p18/sub-0003052/rigid_Composite.h5[0] (type = Euler3DTransform)
  2. /project/rrg-glatard/mdugre/datasets/corr/RawDataBIDS/BMB_1/derivatives/vprec-space_search/0110/r7-p18/sub-0003052/rigid_Composite.h5[1] (type = Euler3DTransform)
  3. /project/rrg-glatard/mdugre/datasets/corr/RawDataBIDS/BMB_1/derivatives/vprec-space_search/0110/r7-p18/sub-0003052/rigid_Composite.h5[2] (type = Euler3DTransform)
=============================================================================
  number of levels = 4
  fixed image: /templateflow/tpl-MNI152NLin2009cAsym/tpl-MNI152NLin2009cAsym_res-01_desc-brain_T1w.nii.gz
  moving image: /project/rrg-glatard/mdugre/datasets/corr/RawDataBIDS/BMB_1/derivatives/antsBrainExtraction/sub-0003052/BrainExtractionBrain.nii.gz
Dimension = 3
Number of stages = 1
Use histogram matching = false
Winsorize image intensities = true
  Lower quantile = 0.005
  Upper quantile = 0.995


Stage 1 State
   Image metric = MattesMI
     Fixed image = Image (0x4212300)
  RTTI typeinfo:   itk::Image<double, 3u>
  Reference Count: 2
  Modified Time: 1592
  Debug: Off
  Object Name: 
  Observers: 
    none
  Source: (none)
  Source output name: (none)
  Release Data: Off
  Data Released: False
  Global Release Data: Off
  PipelineMTime: 0
  UpdateMTime: 1203
  RealTimeStamp: 0 seconds 
  LargestPossibleRegion: 
    Dimension: 3
    Index: [0, 0, 0]
    Size: [193, 229, 193]
  BufferedRegion: 
    Dimension: 3
    Index: [0, 0, 0]
    Size: [193, 229, 193]
  RequestedRegion: 
    Dimension: 3
    Index: [0, 0, 0]
    Size: [193, 229, 193]
  Spacing: [1, 1, 1]
  Origin: [96, 132, -78]
  Direction: 
-1 0 0
0 -1 0
0 0 1

  IndexToPointMatrix: 
-1 0 0
0 -1 0
0 0 1

  PointToIndexMatrix: 
-1 0 0
0 -1 0
0 0 1

  Inverse Direction: 
-1 0 0
0 -1 0
0 0 1

  PixelContainer: 
    ImportImageContainer (0x428ac30)
      RTTI typeinfo:   itk::ImportImageContainer<unsigned long, double>
      Reference Count: 1
      Modified Time: 1200
      Debug: Off
      Object Name: 
      Observers: 
        none
      Pointer: 0x14ac87fa0010
      Container manages memory: true
      Size: 8530021
      Capacity: 8530021

     Moving image = Image (0x42cd1a0)
  RTTI typeinfo:   itk::Image<double, 3u>
  Reference Count: 2
  Modified Time: 1593
  Debug: Off
  Object Name: 
  Observers: 
    none
  Source: (none)
  Source output name: (none)
  Release Data: Off
  Data Released: False
  Global Release Data: Off
  PipelineMTime: 0
  UpdateMTime: 1590
  RealTimeStamp: 0 seconds 
  LargestPossibleRegion: 
    Dimension: 3
    Index: [0, 0, 0]
    Size: [176, 256, 256]
  BufferedRegion: 
    Dimension: 3
    Index: [0, 0, 0]
    Size: [176, 256, 256]
  RequestedRegion: 
    Dimension: 3
    Index: [0, 0, 0]
    Size: [176, 256, 256]
  Spacing: [1, 1, 1]
  Origin: [-93.3638, 109.067, -144.182]
  Direction: 
1 0 0
0 -1 0
0 0 1

  IndexToPointMatrix: 
1 0 0
0 -1 0
0 0 1

  PointToIndexMatrix: 
1 0 0
0 -1 0
0 0 1

  Inverse Direction: 
1 0 0
0 -1 0
0 0 1

  PixelContainer: 
    ImportImageContainer (0x4285050)
      RTTI typeinfo:   itk::ImportImageContainer<unsigned long, double>
      Reference Count: 1
      Modified Time: 1587
      Debug: Off
      Object Name: 
      Observers: 
        none
      Pointer: 0x14ac8279f010
      Container manages memory: true
      Size: 11534336
      Capacity: 11534336

     Weighting = 1
     Sampling strategy = regular
     Number of bins = 32
     Radius = 4
     Sampling percentage  = 0.25
   Transform = Affine
     Gradient step = 0.1
     Update field sigma (voxel space) = 0
     Total field sigma (voxel space) = 0
     Update field time sigma = 0
     Total field time sigma  = 0
     Number of time indices = 0
     Number of time point samples = 0
Registration using 1 total stages.

Stage 0
  iterations = 1000x500x250x100
  convergence threshold = 1e-06
  convergence window size = 10
  number of levels = 4
  using the Mattes MI metric (number of bins = 32, weight = 1, use gradient filter = 0)
  preprocessing:  winsorizing the image intensities
  Shrink factors (level 1 out of 4): [8, 8, 8]
  Shrink factors (level 2 out of 4): [4, 4, 4]
  Shrink factors (level 3 out of 4): [2, 2, 2]
  Shrink factors (level 4 out of 4): [1, 1, 1]
  smoothing sigmas per level: [3, 2, 1, 0]
  regular sampling (percentage = 0.25)

*** Running AffineTransform registration ***

DIAGNOSTIC,Iteration,metricValue,convergenceValue,ITERATION_TIME_INDEX,SINCE_LAST
 2DIAGNOSTIC,     1, -5.113389451156e-01, 1.797693134862e+308, 0.0000e+00, 0.0000e+00, 
 2DIAGNOSTIC,     2, -5.130968036002e-01, 1.797693134862e+308, 0.0000e+00, 0.0000e+00, 
 2DIAGNOSTIC,     3, -5.171234989076e-01, 1.797693134862e+308, 0.0000e+00, 0.0000e+00, 
 2DIAGNOSTIC,     4, -5.242264444337e-01, 1.797693134862e+308, 0.0000e+00, 0.0000e+00, 
 2DIAGNOSTIC,     5, -5.333756585414e-01, 1.797693134862e+308, 0.0000e+00, 0.0000e+00, 
 2DIAGNOSTIC,     6, -5.455852882385e-01, 1.797693134862e+308, 0.0000e+00, 0.0000e+00, 
 2DIAGNOSTIC,     7, -5.638202397636e-01, 1.797693134862e+308, 0.0000e+00, 0.0000e+00, 
 2DIAGNOSTIC,     8, -5.921265542389e-01, 1.797693134862e+308, 0.0000e+00, 0.0000e+00, 
 2DIAGNOSTIC,     9, -6.570647428126e-01, 1.797693134862e+308, 0.0000e+00, 0.0000e+00, 
 2DIAGNOSTIC,    10, -7.413642892880e-01, 2.139448914515e-02, 0.0000e+00, 0.0000e+00, 
 2DIAGNOSTIC,    11, -7.487904319603e-01, 2.447916179010e-02, 0.0000e+00, 0.0000e+00, 
 2DIAGNOSTIC,    12, -7.827531337123e-01, 2.612431231917e-02, 0.0000e+00, 0.0000e+00, 
 2DIAGNOSTIC,    13, -8.131263837867e-01, 2.625625988697e-02, 0.0000e+00, 0.0000e+00, 
 2DIAGNOSTIC,    14, -8.242962102243e-01, 2.453341321894e-02, 0.0000e+00, 0.0000e+00, 
 2DIAGNOSTIC,    15, -8.378416928910e-01, 2.152123845459e-02, 0.0000e+00, 0.0000e+00, 
 2DIAGNOSTIC,    16, -8.482274825976e-01, 1.765666290805e-02, 0.0000e+00, 0.0000e+00, 
 2DIAGNOSTIC,    17, -8.582212040137e-01, 1.347739828145e-02, 0.0000e+00, 0.0000e+00, 
 2DIAGNOSTIC,    18, -8.580828651957e-01, 9.278197144224e-03, 0.0000e+00, 0.0000e+00, 
 2DIAGNOSTIC,    19, -8.582985539807e-01, 6.150544093427e-03, 0.0000e+00, 0.0000e+00, 
 2DIAGNOSTIC,    20, -8.581814112817e-01, 4.563734842879e-03, 0.0000e+00, 0.0000e+00, 
 2DIAGNOSTIC,    21, -8.583016961692e-01, 2.871296992365e-03, 0.0000e+00, 0.0000e+00, 
 2DIAGNOSTIC,    22, -8.581909505160e-01, 1.698107398438e-03, 0.0000e+00, 0.0000e+00, 
 2DIAGNOSTIC,    23, -8.581591780516e-01, 1.009493871393e-03, 0.0000e+00, 0.0000e+00, 
 2DIAGNOSTIC,    24, -8.581924564242e-01, 4.761279460927e-04, 0.0000e+00, 0.0000e+00, 
 2DIAGNOSTIC,    25, -8.584703081540e-01, 1.607167275718e-04, 0.0000e+00, 0.0000e+00, 
 2DIAGNOSTIC,    26, -8.585173475709e-01, 9.304364785523e-06, 0.0000e+00, 0.0000e+00, 
 2DIAGNOSTIC,    27, -8.585444890458e-01, 1.271468175382e-05, 0.0000e+00, 0.0000e+00, 
 2DIAGNOSTIC,    28, -8.585237493533e-01, 1.260384430556e-05, 0.0000e+00, 0.0000e+00, 
 2DIAGNOSTIC,    29, -8.582334887802e-01, 1.050558024533e-05, 0.0000e+00, 0.0000e+00, 
 2DIAGNOSTIC,    30, -8.580746758966e-01, 4.198114920133e-06, 0.0000e+00, 0.0000e+00, 
DIAGNOSTIC,Iteration,metricValue,convergenceValue,ITERATION_TIME_INDEX,SINCE_LAST
 2DIAGNOSTIC,     1, -7.332355836883e-01, 1.797693134862e+308, 0.0000e+00, 0.0000e+00, 
 2DIAGNOSTIC,     2, -7.343708618705e-01, 1.797693134862e+308, 0.0000e+00, 0.0000e+00, 
 2DIAGNOSTIC,     3, -7.353515999170e-01, 1.797693134862e+308, 0.0000e+00, 0.0000e+00, 
 2DIAGNOSTIC,     4, -7.358359498457e-01, 1.797693134862e+308, 0.0000e+00, 0.0000e+00, 
 2DIAGNOSTIC,     5, -7.358312989047e-01, 1.797693134862e+308, 0.0000e+00, 0.0000e+00, 
 2DIAGNOSTIC,     6, -7.358175845860e-01, 1.797693134862e+308, 0.0000e+00, 0.0000e+00, 
 2DIAGNOSTIC,     7, -7.358151543134e-01, 1.797693134862e+308, 0.0000e+00, 0.0000e+00, 
 2DIAGNOSTIC,     8, -7.358055420078e-01, 1.797693134862e+308, 0.0000e+00, 0.0000e+00, 
 2DIAGNOSTIC,     9, -7.357970615378e-01, 1.797693134862e+308, 0.0000e+00, 0.0000e+00, 
 2DIAGNOSTIC,    10, -7.357868170805e-01, 1.617614656304e-04, 0.0000e+00, 0.0000e+00, 
 2DIAGNOSTIC,    11, -7.357805653309e-01, 6.435352009197e-05, 0.0000e+00, 0.0000e+00, 
 2DIAGNOSTIC,    12, -7.357938169938e-01, 1.394376744461e-05, 0.0000e+00, 0.0000e+00, 
DIAGNOSTIC,Iteration,metricValue,convergenceValue,ITERATION_TIME_INDEX,SINCE_LAST
 2DIAGNOSTIC,     1, -6.177147647864e-01, 1.797693134862e+308, 0.0000e+00, 0.0000e+00, 
 2DIAGNOSTIC,     2, -6.186139436013e-01, 1.797693134862e+308, 0.0000e+00, 0.0000e+00, 
 2DIAGNOSTIC,     3, -6.194288815137e-01, 1.797693134862e+308, 0.0000e+00, 0.0000e+00, 
 2DIAGNOSTIC,     4, -6.197545669740e-01, 1.797693134862e+308, 0.0000e+00, 0.0000e+00, 
 2DIAGNOSTIC,     5, -6.197825383447e-01, 1.797693134862e+308, 0.0000e+00, 0.0000e+00, 
 2DIAGNOSTIC,     6, -6.198025525243e-01, 1.797693134862e+308, 0.0000e+00, 0.0000e+00, 
 2DIAGNOSTIC,     7, -6.197944367510e-01, 1.797693134862e+308, 0.0000e+00, 0.0000e+00, 
 2DIAGNOSTIC,     8, -6.197786469158e-01, 1.797693134862e+308, 0.0000e+00, 0.0000e+00, 
 2DIAGNOSTIC,     9, -6.197897577561e-01, 1.797693134862e+308, 0.0000e+00, 0.0000e+00, 
 2DIAGNOSTIC,    10, -6.198000030763e-01, 1.582299742965e-04, 0.0000e+00, 0.0000e+00, 
 2DIAGNOSTIC,    11, -6.197803610106e-01, 6.593614968872e-05, 0.0000e+00, 0.0000e+00, 
 2DIAGNOSTIC,    12, -6.197978124657e-01, 1.773336514928e-05, 0.0000e+00, 0.0000e+00, 
 2DIAGNOSTIC,    13, -6.197907418305e-01, 3.777972019198e-06, 0.0000e+00, 0.0000e+00, 
 2DIAGNOSTIC,    14, -6.197800105719e-01, 1.989353476770e-06, 0.0000e+00, 0.0000e+00, 
 2DIAGNOSTIC,    15, -6.197755507669e-01, 1.164986803026e-06, 0.0000e+00, 0.0000e+00, 
DIAGNOSTIC,Iteration,metricValue,convergenceValue,ITERATION_TIME_INDEX,SINCE_LAST
 2DIAGNOSTIC,     1, -5.422391505757e-01, 1.797693134862e+308, 0.0000e+00, 0.0000e+00, 
 2DIAGNOSTIC,     2, -5.426154683063e-01, 1.797693134862e+308, 0.0000e+00, 0.0000e+00, 
 2DIAGNOSTIC,     3, -5.430506801298e-01, 1.797693134862e+308, 0.0000e+00, 0.0000e+00, 
 2DIAGNOSTIC,     4, -5.435316257278e-01, 1.797693134862e+308, 0.0000e+00, 0.0000e+00, 
 2DIAGNOSTIC,     5, -5.441101890011e-01, 1.797693134862e+308, 0.0000e+00, 0.0000e+00, 
 2DIAGNOSTIC,     6, -5.445999252157e-01, 1.797693134862e+308, 0.0000e+00, 0.0000e+00, 
 2DIAGNOSTIC,     7, -5.448420644550e-01, 1.797693134862e+308, 0.0000e+00, 0.0000e+00, 
 2DIAGNOSTIC,     8, -5.448645405377e-01, 1.797693134862e+308, 0.0000e+00, 0.0000e+00, 
 2DIAGNOSTIC,     9, -5.448646349562e-01, 1.797693134862e+308, 0.0000e+00, 0.0000e+00, 
 2DIAGNOSTIC,    10, -5.448642699576e-01, 3.457040453035e-04, 0.0000e+00, 0.0000e+00, 
 2DIAGNOSTIC,    11, -5.448653470896e-01, 2.480327817491e-04, 0.0000e+00, 0.0000e+00, 
 2DIAGNOSTIC,    12, -5.448643054342e-01, 1.608750013421e-04, 0.0000e+00, 0.0000e+00, 
 2DIAGNOSTIC,    13, -5.448632274559e-01, 9.029493237285e-05, 0.0000e+00, 0.0000e+00, 
 2DIAGNOSTIC,    14, -5.448632092430e-01, 3.951612452677e-05, 0.0000e+00, 0.0000e+00, 
 2DIAGNOSTIC,    15, -5.448632649278e-01, 1.188161890563e-05, 0.0000e+00, 0.0000e+00, 
 2DIAGNOSTIC,    16, -5.448636256988e-01, 2.583802563641e-06, 0.0000e+00, 0.0000e+00, 
 2DIAGNOSTIC,    17, -5.448636218802e-01, 1.741567142957e-06, 0.0000e+00, 0.0000e+00, 
 2DIAGNOSTIC,    18, -5.448633534863e-01, 1.648694084554e-06, 0.0000e+00, 0.0000e+00, 
 2DIAGNOSTIC,    19, -5.448630906713e-01, 1.571170098497e-06, 0.0000e+00, 0.0000e+00, 
 2DIAGNOSTIC,    20, -5.448631282163e-01, 1.499501176019e-06, 0.0000e+00, 0.0000e+00, 
 2DIAGNOSTIC,    21, -5.448630348255e-01, 1.466306651127e-06, 0.0000e+00, 0.0000e+00, 
 2DIAGNOSTIC,    22, -5.448636226811e-01, 1.429328426943e-06, 0.0000e+00, 0.0000e+00, 
 2DIAGNOSTIC,    23, -5.448638099998e-01, 1.375573752987e-06, 0.0000e+00, 0.0000e+00, 
 2DIAGNOSTIC,    24, -5.448637423860e-01, 1.324135915567e-06, 0.0000e+00, 0.0000e+00, 
 2DIAGNOSTIC,    25, -5.448639093607e-01, 1.280444453487e-06, 0.0000e+00, 0.0000e+00, 
 2DIAGNOSTIC,    26, -5.448640287809e-01, 1.247689923066e-06, 0.0000e+00, 0.0000e+00, 
 2DIAGNOSTIC,    27, -5.448640358526e-01, 1.213940200265e-06, 0.0000e+00, 0.0000e+00, 
 2DIAGNOSTIC,    28, -5.448640460034e-01, 1.173490867382e-06, 0.0000e+00, 0.0000e+00, 
 2DIAGNOSTIC,    29, -5.448640611887e-01, 1.127014748907e-06, 0.0000e+00, 0.0000e+00, 
 2DIAGNOSTIC,    30, -5.448637491944e-01, 1.075226567955e-06, 0.0000e+00, 0.0000e+00, 
 2DIAGNOSTIC,    31, -5.448639190097e-01, 1.025576442104e-06, 0.0000e+00, 0.0000e+00, 
  Elapsed time (stage 0): 0.0000e+00


Total elapsed time: 0.0000e+00
VFC_BACKENDS=libinterflop_ieee.so
Info [verificarlo]: loaded backend libinterflop_ieee.so
Info [interflop-ieee]: load backend with:
Info [interflop-ieee]: debug = false
Info [interflop-ieee]: debug-binary = false
Info [interflop-ieee]: no-backend-name = false
Info [interflop-ieee]: print-new-line = false
Info [interflop-ieee]: print-subnormal-normalized = false
Info [interflop-ieee]: count-op = false
All_Command_lines_OK
Using double precision for computations.
=============================================================================
The composite transform comprises the following transforms (in order): 
  1. /project/rrg-glatard/mdugre/datasets/corr/RawDataBIDS/BMB_1/derivatives/vprec-space_search/0110/r7-p18/sub-0003052/affine_Composite.h5[0] (type = Euler3DTransform)
  2. /project/rrg-glatard/mdugre/datasets/corr/RawDataBIDS/BMB_1/derivatives/vprec-space_search/0110/r7-p18/sub-0003052/affine_Composite.h5[1] (type = Euler3DTransform)
  3. /project/rrg-glatard/mdugre/datasets/corr/RawDataBIDS/BMB_1/derivatives/vprec-space_search/0110/r7-p18/sub-0003052/affine_Composite.h5[2] (type = Euler3DTransform)
  4. /project/rrg-glatard/mdugre/datasets/corr/RawDataBIDS/BMB_1/derivatives/vprec-space_search/0110/r7-p18/sub-0003052/affine_Composite.h5[3] (type = AffineTransform)
=============================================================================
  number of levels = 4
  fixed image: /templateflow/tpl-MNI152NLin2009cAsym/tpl-MNI152NLin2009cAsym_res-01_desc-brain_T1w.nii.gz
  moving image: /project/rrg-glatard/mdugre/datasets/corr/RawDataBIDS/BMB_1/derivatives/antsBrainExtraction/sub-0003052/BrainExtractionBrain.nii.gz
Dimension = 3
Number of stages = 1
Use histogram matching = false
Winsorize image intensities = true
  Lower quantile = 0.005
  Upper quantile = 0.995


Stage 1 State
   Image metric = CC
     Fixed image = Image (0x4fbc810)
  RTTI typeinfo:   itk::Image<double, 3u>
  Reference Count: 2
  Modified Time: 1608
  Debug: Off
  Object Name: 
  Observers: 
    none
  Source: (none)
  Source output name: (none)
  Release Data: Off
  Data Released: False
  Global Release Data: Off
  PipelineMTime: 0
  UpdateMTime: 1217
  RealTimeStamp: 0 seconds 
  LargestPossibleRegion: 
    Dimension: 3
    Index: [0, 0, 0]
    Size: [193, 229, 193]
  BufferedRegion: 
    Dimension: 3
    Index: [0, 0, 0]
    Size: [193, 229, 193]
  RequestedRegion: 
    Dimension: 3
    Index: [0, 0, 0]
    Size: [193, 229, 193]
  Spacing: [1, 1, 1]
  Origin: [96, 132, -78]
  Direction: 
-1 0 0
0 -1 0
0 0 1

  IndexToPointMatrix: 
-1 0 0
0 -1 0
0 0 1

  PointToIndexMatrix: 
-1 0 0
0 -1 0
0 0 1

  Inverse Direction: 
-1 0 0
0 -1 0
0 0 1

  PixelContainer: 
    ImportImageContainer (0x5034fb0)
      RTTI typeinfo:   itk::ImportImageContainer<unsigned long, double>
      Reference Count: 1
      Modified Time: 1214
      Debug: Off
      Object Name: 
      Observers: 
        none
      Pointer: 0x153973f6e010
      Container manages memory: true
      Size: 8530021
      Capacity: 8530021

     Moving image = Image (0x5094180)
  RTTI typeinfo:   itk::Image<double, 3u>
  Reference Count: 2
  Modified Time: 1609
  Debug: Off
  Object Name: 
  Observers: 
    none
  Source: (none)
  Source output name: (none)
  Release Data: Off
  Data Released: False
  Global Release Data: Off
  PipelineMTime: 0
  UpdateMTime: 1606
  RealTimeStamp: 0 seconds 
  LargestPossibleRegion: 
    Dimension: 3
    Index: [0, 0, 0]
    Size: [176, 256, 256]
  BufferedRegion: 
    Dimension: 3
    Index: [0, 0, 0]
    Size: [176, 256, 256]
  RequestedRegion: 
    Dimension: 3
    Index: [0, 0, 0]
    Size: [176, 256, 256]
  Spacing: [1, 1, 1]
  Origin: [-93.3639, 109.067, -144.182]
  Direction: 
1 0 0
0 -1 0
0 0 1

  IndexToPointMatrix: 
1 0 0
0 -1 0
0 0 1

  PointToIndexMatrix: 
1 0 0
0 -1 0
0 0 1

  Inverse Direction: 
1 0 0
0 -1 0
0 0 1

  PixelContainer: 
    ImportImageContainer (0x502cf90)
      RTTI typeinfo:   itk::ImportImageContainer<unsigned long, double>
      Reference Count: 1
      Modified Time: 1603
      Debug: Off
      Object Name: 
      Observers: 
        none
      Pointer: 0x15396e76d010
      Container manages memory: true
      Size: 11534336
      Capacity: 11534336

     Weighting = 1
     Sampling strategy = none
     Number of bins = 32
     Radius = 4
     Sampling percentage  = 1
   Transform = SyN
     Gradient step = 0.1
     Update field sigma (voxel space) = 3
     Total field sigma (voxel space) = 0
     Update field time sigma = 0
     Total field time sigma  = 0
     Number of time indices = 0
     Number of time point samples = 0
Registration using 1 total stages.

Stage 0
  iterations = 100x70x50x20
  convergence threshold = 1e-06
  convergence window size = 10
  number of levels = 4
  using the CC metric (radius = 4, weight = 1, use gradient filter = 0)
  preprocessing:  winsorizing the image intensities
  Shrink factors (level 1 out of 4): [8, 8, 8]
  Shrink factors (level 2 out of 4): [4, 4, 4]
  Shrink factors (level 3 out of 4): [2, 2, 2]
  Shrink factors (level 4 out of 4): [1, 1, 1]
  smoothing sigmas per level: [3, 2, 1, 0]
  Using default NONE metricSamplingStrategy 

*** Running SyN registration (varianceForUpdateField = 3, varianceForTotalField = 0) ***

XXDIAGNOSTIC,Iteration,metricValue,convergenceValue,ITERATION_TIME_INDEX,SINCE_LAST
 1DIAGNOSTIC,     1, -9.324477167630e-01, 1.797693134862e+308, 1.5471e+00, 1.5471e+00, 
 1DIAGNOSTIC,     2, -9.391935845122e-01, 1.797693134862e+308, 1.8828e+00, 3.3570e-01, 
 1DIAGNOSTIC,     3, -9.441393615680e-01, 1.797693134862e+308, 2.2115e+00, 3.2875e-01, 
 1DIAGNOSTIC,     4, -9.472817162671e-01, 1.797693134862e+308, 2.5397e+00, 3.2818e-01, 
 1DIAGNOSTIC,     5, -9.495116219680e-01, 1.797693134862e+308, 2.8672e+00, 3.2748e-01, 
 1DIAGNOSTIC,     6, -9.517295502636e-01, 1.797693134862e+308, 3.1970e+00, 3.2980e-01, 
 1DIAGNOSTIC,     7, -9.540825419654e-01, 1.797693134862e+308, 3.5276e+00, 3.3057e-01, 
 1DIAGNOSTIC,     8, -9.563891052608e-01, 1.797693134862e+308, 3.8605e+00, 3.3295e-01, 
 1DIAGNOSTIC,     9, -9.584893326165e-01, 1.797693134862e+308, 4.2170e+00, 3.5649e-01, 
 1DIAGNOSTIC,    10, -9.605467611278e-01, 1.712484601687e-03, 4.6034e+00, 3.8638e-01, 
 1DIAGNOSTIC,    11, -9.622571823917e-01, 1.331130939772e-03, 4.9993e+00, 3.9594e-01, 
 1DIAGNOSTIC,    12, -9.637202073021e-01, 1.096423298870e-03, 5.3840e+00, 3.8474e-01, 
 1DIAGNOSTIC,    13, -9.649181790886e-01, 9.388831669373e-04, 5.7521e+00, 3.6809e-01, 
 1DIAGNOSTIC,    14, -9.660753770880e-01, 8.097683889231e-04, 6.1190e+00, 3.6689e-01, 
 1DIAGNOSTIC,    15, -9.670681061193e-01, 6.875273973523e-04, 6.4511e+00, 3.3210e-01, 
 1DIAGNOSTIC,    16, -9.679391933115e-01, 5.745707213567e-04, 6.7829e+00, 3.3175e-01, 
 1DIAGNOSTIC,    17, -9.686037487338e-01, 4.744957073253e-04, 7.1175e+00, 3.3468e-01, 
 1DIAGNOSTIC,    18, -9.691439916158e-01, 3.885201022964e-04, 7.4525e+00, 3.3491e-01, 
 1DIAGNOSTIC,    19, -9.695788817097e-01, 3.149328119786e-04, 7.8044e+00, 3.5193e-01, 
 1DIAGNOSTIC,    20, -9.699347123417e-01, 2.550251448789e-04, 8.1432e+00, 3.3879e-01, 
 1DIAGNOSTIC,    21, -9.702270719794e-01, 2.052026359926e-04, 8.4786e+00, 3.3543e-01, 
 1DIAGNOSTIC,    22, -9.704678026059e-01, 1.636597616419e-04, 8.8144e+00, 3.3581e-01, 
 1DIAGNOSTIC,    23, -9.706641074252e-01, 1.283226971553e-04, 9.1455e+00, 3.3106e-01, 
 1DIAGNOSTIC,    24, -9.708276417799e-01, 1.001631201803e-04, 9.4764e+00, 3.3089e-01, 
 1DIAGNOSTIC,    25, -9.709628239694e-01, 7.817104151411e-05, 9.8139e+00, 3.3755e-01, 
 1DIAGNOSTIC,    26, -9.711021338692e-01, 6.202311381802e-05, 1.0146e+01, 3.3187e-01, 
 1DIAGNOSTIC,    27, -9.711697539144e-01, 4.926623227756e-05, 1.0479e+01, 3.3290e-01, 
 1DIAGNOSTIC,    28, -9.712639584448e-01, 3.952564898824e-05, 1.0808e+01, 3.2973e-01, 
 1DIAGNOSTIC,    29, -9.710746932663e-01, 2.927735288493e-05, 1.1142e+01, 3.3325e-01, 
 1DIAGNOSTIC,    30, -9.711383870381e-01, 2.120449228344e-05, 1.1470e+01, 3.2819e-01, 
 1DIAGNOSTIC,    31, -9.709987625272e-01, 1.313447445747e-05, 1.1804e+01, 3.3410e-01, 
 1DIAGNOSTIC,    32, -9.710932002016e-01, 7.501611035264e-06, 1.2138e+01, 3.3386e-01, 
 1DIAGNOSTIC,    33, -9.709695645583e-01, 2.199431365715e-06, 1.2473e+01, 3.3567e-01, 
 1DIAGNOSTIC,    34, -9.710818073617e-01, -4.783222823310e-07, 1.2809e+01, 3.3575e-01, 
XXDIAGNOSTIC,Iteration,metricValue,convergenceValue,ITERATION_TIME_INDEX,SINCE_LAST
 1DIAGNOSTIC,     1, -9.117040883776e-01, 1.797693134862e+308, 1.6889e+01, 4.0794e+00, 
 1DIAGNOSTIC,     2, -9.135531915839e-01, 1.797693134862e+308, 1.9795e+01, 2.9068e+00, 
 1DIAGNOSTIC,     3, -9.165719376229e-01, 1.797693134862e+308, 2.2646e+01, 2.8501e+00, 
 1DIAGNOSTIC,     4, -9.192307162346e-01, 1.797693134862e+308, 2.5570e+01, 2.9240e+00, 
 1DIAGNOSTIC,     5, -9.216571476845e-01, 1.797693134862e+308, 2.8443e+01, 2.8734e+00, 
 1DIAGNOSTIC,     6, -9.237460439466e-01, 1.797693134862e+308, 3.1358e+01, 2.9148e+00, 
 1DIAGNOSTIC,     7, -9.256286580066e-01, 1.797693134862e+308, 3.4269e+01, 2.9111e+00, 
 1DIAGNOSTIC,     8, -9.273404164428e-01, 1.797693134862e+308, 3.7182e+01, 2.9128e+00, 
 1DIAGNOSTIC,     9, -9.288839444282e-01, 1.797693134862e+308, 4.0090e+01, 2.9085e+00, 
 1DIAGNOSTIC,    10, -9.302836403710e-01, 1.324719210409e-03, 4.3193e+01, 3.1030e+00, 
 1DIAGNOSTIC,    11, -9.314002494199e-01, 1.110827680675e-03, 4.6129e+01, 2.9357e+00, 
 1DIAGNOSTIC,    12, -9.323924830309e-01, 9.051148784309e-04, 4.9058e+01, 2.9292e+00, 
 1DIAGNOSTIC,    13, -9.332348521661e-01, 7.400830547956e-04, 5.1968e+01, 2.9100e+00, 
 1DIAGNOSTIC,    14, -9.339685800232e-01, 6.053192015725e-04, 5.4882e+01, 2.9136e+00, 
 1DIAGNOSTIC,    15, -9.346142407856e-01, 4.957657583595e-04, 5.7817e+01, 2.9359e+00, 
 1DIAGNOSTIC,    16, -9.351848171098e-01, 4.051703866295e-04, 6.0725e+01, 2.9079e+00, 
 1DIAGNOSTIC,    17, -9.357124959748e-01, 3.311942919890e-04, 6.3624e+01, 2.8990e+00, 
 1DIAGNOSTIC,    18, -9.361704705667e-01, 2.715760382491e-04, 6.6569e+01, 2.9445e+00, 
 1DIAGNOSTIC,    19, -9.365648362828e-01, 2.241238950117e-04, 6.9497e+01, 2.9277e+00, 
 1DIAGNOSTIC,    20, -9.369084546150e-01, 1.871900772210e-04, 7.2418e+01, 2.9211e+00, 
 1DIAGNOSTIC,    21, -9.372084063972e-01, 1.569038691431e-04, 7.5310e+01, 2.8925e+00, 
 1DIAGNOSTIC,    22, -9.374728206331e-01, 1.321495523997e-04, 7.8205e+01, 2.8950e+00, 
 1DIAGNOSTIC,    23, -9.377032726850e-01, 1.114261059139e-04, 8.1094e+01, 2.8886e+00, 
 1DIAGNOSTIC,    24, -9.379113431599e-01, 9.398514059389e-05, 8.3975e+01, 2.8817e+00, 
 1DIAGNOSTIC,    25, -9.381020398750e-01, 7.935607697894e-05, 8.6869e+01, 2.8938e+00, 
 1DIAGNOSTIC,    26, -9.382714568576e-01, 6.710008546108e-05, 8.9766e+01, 2.8963e+00, 
 1DIAGNOSTIC,    27, -9.384219445547e-01, 5.713172283376e-05, 9.2650e+01, 2.8840e+00, 
 1DIAGNOSTIC,    28, -9.385602146614e-01, 4.902877906768e-05, 9.5521e+01, 2.8716e+00, 
 1DIAGNOSTIC,    29, -9.386867916852e-01, 4.238263608831e-05, 9.8402e+01, 2.8810e+00, 
 1DIAGNOSTIC,    30, -9.388041505711e-01, 3.691009656975e-05, 1.0148e+02, 3.0823e+00, 
 1DIAGNOSTIC,    31, -9.389132292769e-01, 3.237538289885e-05, 1.0459e+02, 3.1046e+00, 
 1DIAGNOSTIC,    32, -9.390110693244e-01, 2.856781040869e-05, 1.0747e+02, 2.8846e+00, 
 1DIAGNOSTIC,    33, -9.391079064197e-01, 2.536662952726e-05, 1.1037e+02, 2.8931e+00, 
 1DIAGNOSTIC,    34, -9.391967554310e-01, 2.266652862036e-05, 1.1328e+02, 2.9123e+00, 
 1DIAGNOSTIC,    35, -9.392866392943e-01, 2.047102727133e-05, 1.1618e+02, 2.9049e+00, 
 1DIAGNOSTIC,    36, -9.393690018519e-01, 1.864315413889e-05, 1.1909e+02, 2.9014e+00, 
 1DIAGNOSTIC,    37, -9.394508900604e-01, 1.711574019860e-05, 1.2202e+02, 2.9297e+00, 
 1DIAGNOSTIC,    38, -9.395305386251e-01, 1.584713049312e-05, 1.2494e+02, 2.9216e+00, 
 1DIAGNOSTIC,    39, -9.396099541961e-01, 1.480225494324e-05, 1.2787e+02, 2.9328e+00, 
 1DIAGNOSTIC,    40, -9.396833506471e-01, 1.390963612547e-05, 1.3099e+02, 3.1226e+00, 
 1DIAGNOSTIC,    41, -9.397575499209e-01, 1.315542763263e-05, 1.3413e+02, 3.1347e+00, 
 1DIAGNOSTIC,    42, -9.398274574729e-01, 1.245578752118e-05, 1.3705e+02, 2.9281e+00, 
 1DIAGNOSTIC,    43, -9.398996635348e-01, 1.185415063236e-05, 1.3999e+02, 2.9321e+00, 
 1DIAGNOSTIC,    44, -9.399754192569e-01, 1.134138130970e-05, 1.4291e+02, 2.9194e+00, 
 1DIAGNOSTIC,    45, -9.400391047165e-01, 1.086090691330e-05, 1.4583e+02, 2.9264e+00, 
 1DIAGNOSTIC,    46, -9.400956035665e-01, 1.033793019517e-05, 1.4874e+02, 2.9025e+00, 
 1DIAGNOSTIC,    47, -9.401419041193e-01, 9.734364899688e-06, 1.5167e+02, 2.9329e+00, 
 1DIAGNOSTIC,    48, -9.401870292870e-01, 9.069746031765e-06, 1.5461e+02, 2.9424e+00, 
 1DIAGNOSTIC,    49, -9.402282031059e-01, 8.365276807941e-06, 1.5753e+02, 2.9170e+00, 
 1DIAGNOSTIC,    50, -9.402650746845e-01, 7.610967341330e-06, 1.6069e+02, 3.1584e+00, 
 1DIAGNOSTIC,    51, -9.402981485070e-01, 6.850913160168e-06, 1.6379e+02, 3.1060e+00, 
 1DIAGNOSTIC,    52, -9.403300011633e-01, 6.111594092962e-06, 1.6668e+02, 2.8904e+00, 
 1DIAGNOSTIC,    53, -9.403596919063e-01, 5.448711758192e-06, 1.6978e+02, 3.1008e+00, 
 1DIAGNOSTIC,    54, -9.403920683012e-01, 4.946523145335e-06, 1.7265e+02, 2.8705e+00, 
 1DIAGNOSTIC,    55, -9.404183125715e-01, 4.534370842919e-06, 1.7553e+02, 2.8753e+00, 
 1DIAGNOSTIC,    56, -9.404433012247e-01, 4.195063620697e-06, 1.7840e+02, 2.8744e+00, 
 1DIAGNOSTIC,    57, -9.404668058696e-01, 3.887075835440e-06, 1.8127e+02, 2.8697e+00, 
 1DIAGNOSTIC,    58, -9.404926272178e-01, 3.637028880635e-06, 1.8438e+02, 3.1033e+00, 
 1DIAGNOSTIC,    59, -9.405147096908e-01, 3.419621655561e-06, 1.8746e+02, 3.0877e+00, 
 1DIAGNOSTIC,    60, -9.405372682232e-01, 3.230150953479e-06, 1.9035e+02, 2.8890e+00, 
 1DIAGNOSTIC,    61, -9.405590070218e-01, 3.057371487987e-06, 1.9343e+02, 3.0758e+00, 
 1DIAGNOSTIC,    62, -9.405806802581e-01, 2.905595241035e-06, 1.9632e+02, 2.8869e+00, 
 1DIAGNOSTIC,    63, -9.406004529479e-01, 2.763155894599e-06, 1.9941e+02, 3.0893e+00, 
 1DIAGNOSTIC,    64, -9.406208849923e-01, 2.655823535154e-06, 2.0228e+02, 2.8740e+00, 
 1DIAGNOSTIC,    65, -9.406411255161e-01, 2.558695954412e-06, 2.0516e+02, 2.8779e+00, 
 1DIAGNOSTIC,    66, -9.406536014102e-01, 2.435239140956e-06, 2.0806e+02, 2.8992e+00, 
 1DIAGNOSTIC,    67, -9.406736422645e-01, 2.322955832249e-06, 2.1094e+02, 2.8800e+00, 
 1DIAGNOSTIC,    68, -9.406908657662e-01, 2.225599629802e-06, 2.1384e+02, 2.9010e+00, 
 1DIAGNOSTIC,    69, -9.407138968010e-01, 2.157769934587e-06, 2.1673e+02, 2.8964e+00, 
 1DIAGNOSTIC,    70, -9.407352683039e-01, 2.116242658985e-06, 2.1963e+02, 2.8997e+00, 
XXDIAGNOSTIC,Iteration,metricValue,convergenceValue,ITERATION_TIME_INDEX,SINCE_LAST
 1DIAGNOSTIC,     1, -8.954029085560e-01, 1.797693134862e+308, 2.4469e+02, 2.5052e+01, 
 1DIAGNOSTIC,     2, -8.973995187391e-01, 1.797693134862e+308, 2.6836e+02, 2.3678e+01, 
 1DIAGNOSTIC,     3, -8.997301630671e-01, 1.797693134862e+308, 2.9371e+02, 2.5347e+01, 
 1DIAGNOSTIC,     4, -9.020033143837e-01, 1.797693134862e+308, 3.1710e+02, 2.3395e+01, 
 1DIAGNOSTIC,     5, -9.041029759703e-01, 1.797693134862e+308, 3.4064e+02, 2.3537e+01, 
 1DIAGNOSTIC,     6, -9.061531286911e-01, 1.797693134862e+308, 3.6409e+02, 2.3447e+01, 
 1DIAGNOSTIC,     7, -9.081141519887e-01, 1.797693134862e+308, 3.8780e+02, 2.3707e+01, 
 1DIAGNOSTIC,     8, -9.098286931568e-01, 1.797693134862e+308, 4.1102e+02, 2.3220e+01, 
 1DIAGNOSTIC,     9, -9.113186096703e-01, 1.797693134862e+308, 4.3466e+02, 2.3646e+01, 
 1DIAGNOSTIC,    10, -9.126282186806e-01, 1.249356367376e-03, 4.5796e+02, 2.3298e+01, 
 1DIAGNOSTIC,    11, -9.136264433288e-01, 1.059580838673e-03, 4.8189e+02, 2.3934e+01, 
 1DIAGNOSTIC,    12, -9.146966431805e-01, 8.860200665434e-04, 5.0600e+02, 2.4110e+01, 
 1DIAGNOSTIC,    13, -9.156846584054e-01, 7.385295133764e-04, 5.3101e+02, 2.5010e+01, 
 1DIAGNOSTIC,    14, -9.164346885999e-01, 6.121966260020e-04, 5.5476e+02, 2.3744e+01, 
 1DIAGNOSTIC,    15, -9.173021040896e-01, 5.084390164396e-04, 5.7955e+02, 2.4795e+01, 
 1DIAGNOSTIC,    16, -9.179228975234e-01, 4.228376662556e-04, 6.0323e+02, 2.3677e+01, 
 1DIAGNOSTIC,    17, -9.187877003824e-01, 3.600487182115e-04, 6.2932e+02, 2.6089e+01, 
 1DIAGNOSTIC,    18, -9.192926503577e-01, 3.090891659296e-04, 6.5298e+02, 2.3659e+01, 
 1DIAGNOSTIC,    19, -9.198982607449e-01, 2.691454814635e-04, 6.8155e+02, 2.8575e+01, 
 1DIAGNOSTIC,    20, -9.203532164490e-01, 2.356553616788e-04, 7.0754e+02, 2.5992e+01, 
 1DIAGNOSTIC,    21, -9.207861556326e-01, 2.045262072241e-04, 7.3121e+02, 2.3662e+01, 
 1DIAGNOSTIC,    22, -9.211994929309e-01, 1.780246969758e-04, 7.5495e+02, 2.3747e+01, 
 1DIAGNOSTIC,    23, -9.215973070536e-01, 1.559124419672e-04, 7.7863e+02, 2.3674e+01, 
 1DIAGNOSTIC,    24, -9.219703851507e-01, 1.355379879223e-04, 8.0241e+02, 2.3784e+01, 
 1DIAGNOSTIC,    25, -9.223286395423e-01, 1.193473478753e-04, 8.2666e+02, 2.4244e+01, 
 1DIAGNOSTIC,    26, -9.226744176854e-01, 1.046554548866e-04, 8.5275e+02, 2.6097e+01, 
 1DIAGNOSTIC,    27, -9.230086654357e-01, 9.502689274962e-05, 8.7652e+02, 2.3767e+01, 
 1DIAGNOSTIC,    28, -9.233325377202e-01, 8.629032024410e-05, 9.0275e+02, 2.6233e+01, 
 1DIAGNOSTIC,    29, -9.236476869604e-01, 7.988463607973e-05, 9.2904e+02, 2.6285e+01, 
 1DIAGNOSTIC,    30, -9.239536195311e-01, 7.424550674823e-05, 9.5291e+02, 2.3874e+01, 
 1DIAGNOSTIC,    31, -9.242544204901e-01, 6.930813534469e-05, 9.7674e+02, 2.3829e+01, 
 1DIAGNOSTIC,    32, -9.245425687196e-01, 6.493272384217e-05, 1.0004e+03, 2.3689e+01, 
 1DIAGNOSTIC,    33, -9.248137020534e-01, 6.097618405632e-05, 1.0289e+03, 2.8497e+01, 
 1DIAGNOSTIC,    34, -9.250725835473e-01, 5.725582143454e-05, 1.0527e+03, 2.3805e+01, 
 1DIAGNOSTIC,    35, -9.253192066927e-01, 5.369442499243e-05, 1.0789e+03, 2.6162e+01, 
 1DIAGNOSTIC,    36, -9.255575063029e-01, 5.028245896129e-05, 1.1026e+03, 2.3682e+01, 
 1DIAGNOSTIC,    37, -9.257820902902e-01, 4.697952753084e-05, 1.1264e+03, 2.3874e+01, 
 1DIAGNOSTIC,    38, -9.259968862972e-01, 4.380071764137e-05, 1.1527e+03, 2.6238e+01, 
 1DIAGNOSTIC,    39, -9.262025699939e-01, 4.078103346302e-05, 1.1789e+03, 2.6256e+01, 
 1DIAGNOSTIC,    40, -9.263960219906e-01, 3.792157997578e-05, 1.2028e+03, 2.3903e+01, 
 1DIAGNOSTIC,    41, -9.265705589224e-01, 3.520565145762e-05, 1.2285e+03, 2.5685e+01, 
 1DIAGNOSTIC,    42, -9.267310949829e-01, 3.260164870746e-05, 1.2525e+03, 2.4008e+01, 
 1DIAGNOSTIC,    43, -9.268838511488e-01, 3.009324423262e-05, 1.2764e+03, 2.3895e+01, 
 1DIAGNOSTIC,    44, -9.270252769037e-01, 2.767468587484e-05, 1.3020e+03, 2.5536e+01, 
 1DIAGNOSTIC,    45, -9.271635355058e-01, 2.540071336533e-05, 1.3333e+03, 3.1294e+01, 
 1DIAGNOSTIC,    46, -9.273010377498e-01, 2.336143983477e-05, 1.3717e+03, 3.8444e+01, 
 1DIAGNOSTIC,    47, -9.274401693811e-01, 2.160478347062e-05, 1.4101e+03, 3.8435e+01, 
 1DIAGNOSTIC,    48, -9.275784081552e-01, 2.016382661658e-05, 1.4486e+03, 3.8500e+01, 
 1DIAGNOSTIC,    49, -9.277144673643e-01, 1.904337400952e-05, 1.4868e+03, 3.8139e+01, 
 1DIAGNOSTIC,    50, -9.278530286706e-01, 1.823409106902e-05, 1.5248e+03, 3.7973e+01, 
XXDIAGNOSTIC,Iteration,metricValue,convergenceValue,ITERATION_TIME_INDEX,SINCE_LAST
 1DIAGNOSTIC,     1, -8.831248490180e-01, 1.797693134862e+308, 1.8190e+03, 2.9423e+02, 
 1DIAGNOSTIC,     2, -8.843616017890e-01, 1.797693134862e+308, 2.1009e+03, 2.8194e+02, 
 1DIAGNOSTIC,     3, -8.860044462005e-01, 1.797693134862e+308, 2.3226e+03, 2.2173e+02, 
 1DIAGNOSTIC,     4, -8.875732121498e-01, 1.797693134862e+308, 2.5427e+03, 2.2009e+02, 
 1DIAGNOSTIC,     5, -8.892379460040e-01, 1.797693134862e+308, 2.7641e+03, 2.2140e+02, 
 1DIAGNOSTIC,     6, -8.907423000029e-01, 1.797693134862e+308, 2.9875e+03, 2.2338e+02, 
 1DIAGNOSTIC,     7, -8.920926831227e-01, 1.797693134862e+308, 3.2101e+03, 2.2260e+02, 
 1DIAGNOSTIC,     8, -8.933082038290e-01, 1.797693134862e+308, 3.4299e+03, 2.1981e+02, 
 1DIAGNOSTIC,     9, -8.944296067529e-01, 1.797693134862e+308, 3.6520e+03, 2.2211e+02, 
 1DIAGNOSTIC,    10, -8.954340166203e-01, 9.165807071276e-04, 3.8722e+03, 2.2014e+02, 
 1DIAGNOSTIC,    11, -8.964951543574e-01, 7.954520503268e-04, 4.0919e+03, 2.1972e+02, 
 1DIAGNOSTIC,    12, -8.975251490737e-01, 6.829172760261e-04, 4.3142e+03, 2.2236e+02, 
 1DIAGNOSTIC,    13, -8.984105263274e-01, 5.876449602936e-04, 4.5363e+03, 2.2204e+02, 
 1DIAGNOSTIC,    14, -8.992425657673e-01, 5.068751569117e-04, 4.7619e+03, 2.2558e+02, 
 1DIAGNOSTIC,    15, -8.999960335616e-01, 4.416223683372e-04, 4.9828e+03, 2.2093e+02, 
 1DIAGNOSTIC,    16, -9.005839938641e-01, 3.853470695427e-04, 5.2055e+03, 2.2268e+02, 
 1DIAGNOSTIC,    17, -9.011286049225e-01, 3.354710653481e-04, 5.4277e+03, 2.2222e+02, 
 1DIAGNOSTIC,    18, -9.016531329966e-01, 2.907344330669e-04, 5.6511e+03, 2.2340e+02, 
 1DIAGNOSTIC,    19, -9.021467708920e-01, 2.506795662040e-04, 5.8744e+03, 2.2330e+02, 
 1DIAGNOSTIC,    20, -9.026060899290e-01, 2.144499005640e-04, 6.1007e+03, 2.2630e+02, 
  Elapsed time (stage 0): 6102.62


Total elapsed time: 6102.63
